1594132263:[MAIN  ,0007]buoy 452.210-P-0014
1594132263:[MAIN  ,0055]soft pilotage 452.012.300_V2.21-20200701
1594132263:[MAIN  ,0010]cycle 3
1594132263:[SURF  ,0225]surface2
1594132269:[SURF  ,0022]GPS fix...
1594132313:[SURF  ,0015]10 PPS detected...
1594132314:[MRMAID,0052]Mermaid $GPSACK:+0,+0,+0,+0,+0,+0,+0;
1594132324:[MRMAID,0052]Mermaid $GPSOFF:3686339;
1594132325:[GPSFIX,0179]-1s diff
1594132326:[SURF  ,0222]2020-07-07T14:32:06
1594132326:[SURF  ,0082]Latitude : N43deg40.940mn, Longitude :E007deg19.182mn
1594132326:[SURF  ,0223]fix3D,8satellites
1594132326:[SURF  ,0084]GPS fix GPGSA : hdop1.380,vdop1.890
1594132336:[SURF  ,0025]Iridium...
1594132378:[SURF  ,0009]connected in 42s, signal quality 5
1594132469:[SURF  ,0218]prompt received, remote cmd end
1594132469:[SURF  ,0012]16 cmd(s) received
1594132490:[UPLOAD,0248]Upload data files...
1594132568:[UPLOAD,0231]"0014/5F04691C.MER" uploaded at 139bytes/s
1594132668:[UPLOAD,0231]"0014/5F046969.BIN" uploaded at 132bytes/s
1594132896:[UPLOAD,0231]"0014/5F0486DA.MER" uploaded at 116bytes/s
1594132992:[UPLOAD,0231]"0014/5F044D62.BIN" uploaded at 130bytes/s
1594133013:[MAIN  ,0013]4 file(s) uploaded
1594133046:[SURF  ,0014]disconnected after 710s
1594133051:[SURFIN,0020]filling external bladder
1594133059:[PUMP  ,0207]battery 14908mV,   47702uA (warmup), P   +140mbar
1594133060:[PUMP  ,0016]pump during 300000ms
1594133069:[PUMP  ,0212]battery 13967mV,  865346uA (steady state), P   +140mbar
1594133071:[SURFIN,0019]external bladder full
1594133071:[SURF  ,0227]1st complete transfer
1594133077:[SURF  ,0022]GPS fix...
1594133082:<WARN>[GPSFIX,0123]GPRMC ms=380 #1
1594133103:<WARN>[GPSFIX,0123]GPRMC ms=10 #1
1594133123:[SURF  ,0015]10 PPS detected...
1594133124:[MRMAID,0052]Mermaid $GPSACK:+0,+0,+0,+0,+0,+1,-999908;
1594133134:[MRMAID,0052]Mermaid $GPSOFF:3686338;
1594133135:[GPSFIX,0179]-1s diff
1594133136:[SURF  ,0222]2020-07-07T14:45:36
1594133136:[SURF  ,0082]Latitude : N43deg40.940mn, Longitude :E007deg19.182mn
1594133136:[SURF  ,0223]fix3D,7satellites
1594133136:[SURF  ,0084]GPS fix GPGSA : hdop1.590,vdop2.680
1594133153:[MAIN  ,0024]internal pressure 82512Pa
1594133154:[BYCMD ,0107]    FreeRTOS V8.2.3
1594133154:[BYCMD ,0108]    FatFS v11a
1594133154:[BYCMD ,0120]    bypass 10000ms 60000ms (20000ms 60000ms stored)
1594133154:[BYCMD ,0121]    valve 60000ms 12750 (60000ms 12750 stored)
1594133154:[BYCMD ,0122]    pump 60000ms 30% 10750 80% (60000ms 30% 10750 80% stored)
1594133154:[BYCMD ,0123]    rate 2mbar/s (2mbar/s stored)
1594133154:[BYCMD ,0124]    surface 500mbar (500mbar stored)
1594133154:[BYCMD ,0125]    near 1500mbar 3mbar/s (15000mbar 3mbar/s stored)
1594133154:[BYCMD ,0126]    far 2500mbar 4mbar/s (25000mbar 4mbar/s stored)
1594133154:[BYCMD ,0127]    ascent 8mbar/s (8mbar/s stored)
1594133154:[BYCMD ,0128]    dead 60s (300s stored)
1594133154:[BYCMD ,0129]    coeff 16/10 (16/10 stored)
1594133154:[BYCMD ,0130]    stab 10 (10 stored)
1594133154:[BYCMD ,0131]    delay 900s 3600s (900s 3600s stored)
1594133154:[BYCMD ,0132]    mmtime 2880min (2880min stored)
1594133154:[BYCMD ,0133]    dv_landing 100ml (100ml stored)
1594133154:[MKDCMD,0150]    p2t37: 15x2000ms, offset 145mbar
1594133155:[P2TCMD,0151]    p2t37: dp 50mbar, dt 5000mdegC
1594133155:[STAGE ,0080]Stage [0] 5000mbar (+/-500mbar) 1800s (<1800s) 
1594133155:[STAGE ,0080]Stage [1] 5000mbar (+/-500mbar) 1800s (<3600s) MERMAID
1594133155:[MAIN  ,0070]turn off bluetooth
1594133157:[PRESS ,0038]P    -15mbar,T-12269mdegC
1594133159:[PRESS ,0038]P    -15mbar,T+14426mdegC
1594133161:[PRESS ,0038]P    -15mbar,T-12269mdegC
1594133165:[PRESS ,0038]P    -15mbar,T+26571mdegC
1594133166:[PRESS ,0038]P    -15mbar,T-12269mdegC
1594133168:[PRESS ,0038]P    -15mbar,T+26571mdegC
1594133179:[PRESS ,0038]P     -5mbar,T-12269mdegC
1594133182:[PRESS ,0038]P    -15mbar,T+26571mdegC
1594133182:[DIVING,0141]diving from -15mbar, +0mbar/s
1594133183:[BYPASS,0035]bypass opening 60000ms
1594133188:[BYPASS,0104]battery 14496mV,  243390uA (bypass opening), P    -15mbar
1594133253:[BYPASS,0106]battery 14375mV,  312930uA (bypass closing), P    -15mbar
1594133254:[PRESS ,0038]P    -75mbar,T+26571mdegC
1594133258:[PRESS ,0038]P    -75mbar,T-12269mdegC
1594133260:[PRESS ,0038]P    -75mbar,T+26571mdegC
1594133265:[PRESS ,0038]P    -85mbar,T-12269mdegC
1594133267:[PRESS ,0038]P    -65mbar,T+14426mdegC
1594133269:[PRESS ,0038]P    -75mbar,T+26571mdegC
1594133270:[PRESS ,0038]P    -75mbar,T-12269mdegC
1594133272:[PRESS ,0038]P    -75mbar,T+26571mdegC
1594133274:[PRESS ,0038]P    -75mbar,T-12269mdegC
1594133276:[PRESS ,0038]P    -75mbar,T+26571mdegC
1594133279:[PRESS ,0038]P    -75mbar,T  -126mdegC
1594133280:[BYPASS,0035]bypass opening 10000ms
1594133285:[BYPASS,0104]battery 14512mV,  247660uA (bypass opening), P    -75mbar
1594133300:[BYPASS,0106]battery 14436mV,  292922uA (bypass closing), P    -75mbar
1594133301:[PRESS ,0038]P    -85mbar,T+26571mdegC
1594133303:[PRESS ,0038]P    -85mbar,T-12269mdegC
1594133305:[PRESS ,0038]P    -85mbar,T+26571mdegC
1594133307:[PRESS ,0038]P    -85mbar,T-12269mdegC
1594133312:[PRESS ,0038]P    -95mbar,T  -126mdegC
1594133314:[PRESS ,0038]P    -95mbar,T+26571mdegC
1594133316:[PRESS ,0038]P    -95mbar,T-12269mdegC
1594133318:[PRESS ,0038]P    -85mbar,T+26571mdegC
1594133325:[PRESS ,0038]P    -85mbar,T-12269mdegC
1594133327:[PRESS ,0038]P    -75mbar,T+26571mdegC
1594133327:[BYPASS,0035]bypass opening 10000ms
1594133332:[BYPASS,0104]battery 14516mV,  246684uA (bypass opening), P    -75mbar
1594133347:[BYPASS,0106]battery 14438mV,  292312uA (bypass closing), P    -75mbar
1594133349:[PRESS ,0038]P    -85mbar,T-12269mdegC
1594133350:[PRESS ,0038]P    -95mbar,T+26571mdegC
1594133356:[PRESS ,0038]P    -95mbar,T-12269mdegC
1594133359:[PRESS ,0038]P   -105mbar,T+26571mdegC
1594133361:[PRESS ,0038]P    -95mbar,T-12269mdegC
1594133363:[PRESS ,0038]P    -95mbar,T+26571mdegC
1594133365:[PRESS ,0038]P    -95mbar,T-12269mdegC
1594133368:[PRESS ,0038]P    -95mbar,T+26571mdegC
1594133370:[PRESS ,0038]P   -105mbar,T-12269mdegC
1594133372:[PRESS ,0038]P    -95mbar,T+26571mdegC
1594133374:[BYPASS,0035]bypass opening 10000ms
1594133379:[BYPASS,0104]battery 14485mV,  268034uA (bypass opening), P    -85mbar
1594133394:[BYPASS,0106]battery 14391mV,  319030uA (bypass closing), P    -85mbar
1594133397:[PRESS ,0038]P    -95mbar,T-12269mdegC
1594133399:[PRESS ,0038]P    -85mbar,T  -126mdegC
1594133401:[PRESS ,0038]P    -95mbar,T+26571mdegC
1594133406:[PRESS ,0038]P    -95mbar,T  -126mdegC
1594133408:[PRESS ,0038]P   -105mbar,T-12269mdegC
1594133410:[PRESS ,0038]P   -115mbar,T  -126mdegC
1594133412:[PRESS ,0038]P   -105mbar,T-12269mdegC
1594133414:[PRESS ,0038]P   -105mbar,T+26571mdegC
1594133415:[PRESS ,0038]P   -105mbar,T-12269mdegC
1594133417:[PRESS ,0038]P    -85mbar,T+26571mdegC
1594133421:[BYPASS,0035]bypass opening 10000ms
1594133426:[BYPASS,0104]battery 14482mV,  249124uA (bypass opening), P    -95mbar
1594133441:[BYPASS,0106]battery 14437mV,  291702uA (bypass closing), P    -95mbar
1594133444:[PRESS ,0038]P   -115mbar,T  -126mdegC
1594133446:[PRESS ,0038]P   -115mbar,T+26571mdegC
1594133452:[PRESS ,0038]P   -105mbar,T-12269mdegC
1594133453:[PRESS ,0038]P    -95mbar,T+26571mdegC
1594133457:[PRESS ,0038]P    -95mbar,T  -126mdegC
1594133461:[PRESS ,0038]P   -105mbar,T+26571mdegC
1594133462:[PRESS ,0038]P   -115mbar,T  -126mdegC
1594133466:[PRESS ,0038]P   -105mbar,T+26571mdegC
1594133468:[PRESS ,0038]P   -105mbar,T-12269mdegC
1594133468:[BYPASS,0035]bypass opening 10000ms
1594133473:[BYPASS,0104]battery 14503mV,  240584uA (bypass opening), P   -105mbar
1594133488:[BYPASS,0106]battery 14441mV,  290360uA (bypass closing), P   -105mbar
1594133491:[PRESS ,0038]P   -125mbar,T+26571mdegC
1594133495:[PRESS ,0038]P   -125mbar,T-12269mdegC
1594133497:[PRESS ,0038]P   -125mbar,T+26571mdegC
1594133499:[PRESS ,0038]P   -115mbar,T-12269mdegC
1594133500:[PRESS ,0038]P   -115mbar,T+26571mdegC
1594133502:[PRESS ,0038]P   -115mbar,T-12269mdegC
1594133506:[PRESS ,0038]P   -115mbar,T+26571mdegC
1594133509:[PRESS ,0038]P   -115mbar,T-12269mdegC
1594133511:[PRESS ,0038]P   -115mbar,T+26571mdegC
1594133515:[PRESS ,0038]P   -125mbar,T  -126mdegC
1594133515:[BYPASS,0035]bypass opening 10000ms
1594133520:[BYPASS,0104]battery 14496mV,  249490uA (bypass opening), P   -125mbar
1594133535:[BYPASS,0106]battery 14417mV,  303292uA (bypass closing), P   -125mbar
1594133537:[PRESS ,0038]P   -125mbar,T+26571mdegC
1594133540:[PRESS ,0038]P   -125mbar,T-12269mdegC
1594133544:[PRESS ,0038]P   -115mbar,T+26571mdegC
1594133546:[PRESS ,0038]P   -115mbar,T-12269mdegC
1594133548:[PRESS ,0038]P   -125mbar,T+26571mdegC
1594133551:[PRESS ,0038]P   -125mbar,T  -126mdegC
1594133553:[PRESS ,0038]P   -125mbar,T+26571mdegC
1594133555:[PRESS ,0038]P   -125mbar,T-12269mdegC
1594133557:[PRESS ,0038]P   -125mbar,T+26571mdegC
1594133560:[PRESS ,0038]P   -125mbar,T  -126mdegC
1594133562:[PRESS ,0038]P   -125mbar,T-12269mdegC
1594133562:[BYPASS,0035]bypass opening 10000ms
1594133567:[BYPASS,0104]battery 14441mV,  267424uA (bypass opening), P   -125mbar
1594133582:[BYPASS,0106]battery 14402mV,  310002uA (bypass closing), P   -125mbar
1594133584:[PRESS ,0038]P   -105mbar,T+26571mdegC
1594133589:[PRESS ,0038]P   -115mbar,T-12269mdegC
1594133593:[PRESS ,0038]P   -105mbar,T+26571mdegC
1594133595:[PRESS ,0038]P   -125mbar,T-12269mdegC
1594133600:[PRESS ,0038]P   -115mbar,T+26571mdegC
1594133607:[PRESS ,0038]P   -115mbar,T-12269mdegC
1594133609:[PRESS ,0038]P   -115mbar,T+26571mdegC
1594133609:[BYPASS,0035]bypass opening 10000ms
1594133614:[BYPASS,0104]battery 14505mV,  240096uA (bypass opening), P   -115mbar
1594133629:[BYPASS,0106]battery 14441mV,  288774uA (bypass closing), P   -115mbar
1594133631:[PRESS ,0038]P    -65mbar,T-12269mdegC
1594133633:[PRESS ,0038]P    -55mbar,T+26571mdegC
1594133634:[PRESS ,0038]P    -35mbar,T-12269mdegC
1594133638:[PRESS ,0038]P    -35mbar,T+26571mdegC
1594133640:[PRESS ,0038]P    -25mbar,T-12269mdegC
1594133642:[PRESS ,0038]P     -5mbar,T+26571mdegC
1594133643:[PRESS ,0038]P     +5mbar,T-12269mdegC
1594133647:[PRESS ,0038]P    +15mbar,T+26571mdegC
1594133649:[PRESS ,0038]P    +35mbar,T  -126mdegC
1594133651:[PRESS ,0038]P    +45mbar,T+26571mdegC
1594133652:[PRESS ,0038]P    +45mbar,T-12269mdegC
1594133656:[PRESS ,0038]P    +65mbar,T+26571mdegC
1594133667:[PRESS ,0038]P   +125mbar,T-12269mdegC
1594133670:[PRESS ,0038]P   +135mbar,T+26571mdegC
1594133681:[PRESS ,0038]P   +205mbar,T+26571mdegC
1594133684:[PRESS ,0038]P   +215mbar,T-12269mdegC
1594133692:[PRESS ,0038]P   +255mbar,T+26571mdegC
1594133695:[PRESS ,0038]P   +285mbar,T  -126mdegC
1594133698:[PRESS ,0038]P   +295mbar,T+26571mdegC
1594133706:[PRESS ,0038]P   +355mbar,T+26571mdegC
1594133712:[PRESS ,0038]P   +375mbar,T-12269mdegC
1594133714:[PRESS ,0038]P   +385mbar,T  -126mdegC
1594133717:[PRESS ,0038]P   +405mbar,T+26571mdegC
1594133726:[PRESS ,0038]P   +445mbar,T-12269mdegC
1594133728:[PRESS ,0038]P   +455mbar,T+26571mdegC
1594133734:[PRESS ,0038]P   +495mbar,T-12269mdegC
1594133737:[PRESS ,0038]P   +495mbar,T  -126mdegC
1594133740:[PRESS ,0038]P   +515mbar,T-12269mdegC
1594133741:[PRESS ,0038]P   +515mbar,T+26571mdegC
1594133741:[DIVING,0028]515mbar reached (+5mbar/s), 9 bypass done
1594133742:[MAIN  ,0056]stage[0]
1594133744:[MAIN  ,0024]internal pressure 85731Pa
1594133745:[PRESS ,0038]P   +535mbar,T-12269mdegC
1594133745:[BUOY  ,0037]P   +535mbar
1594133745:[STAGE ,0080]Stage [0] 5000mbar (+/-500mbar) 1800s (<1594135541s) 
1594133747:[PRESS ,0038]P   +545mbar,T+26571mdegC
1594133808:[PRESS ,0038]P   +725mbar,T  -126mdegC
1594133809:[PRESS ,0038]P   +735mbar,T-12269mdegC
1594133811:[PRESS ,0038]P   +735mbar,T+26571mdegC
1594133825:[PRESS ,0038]P   +725mbar,T-12269mdegC
1594133829:[PRESS ,0038]P   +725mbar,T+26571mdegC
1594133831:[PRESS ,0038]P   +725mbar,T+14426mdegC
1594133833:[PRESS ,0038]P   +725mbar,T+26571mdegC
1594133833:<WARN>[BUOY  ,0094]stage[0] should DESCENT, stuck at 725mbar for the #1 time
1594133833:[BUOY  ,0087]from +0mbar/s to +4mbar/s
1594133833:[BUOY  ,0090]need to transfer -26mL (valve during 12750ms)
1594133833:[VALVE ,0034]valve opening 12750ms
1594133846:[VALVE ,0234]battery 13950mV,  485194uA, P   +725mbar
1594133893:[PRESS ,0038]P   +865mbar,T-12269mdegC
1594133902:[PRESS ,0038]P   +885mbar,T+26571mdegC
1594133906:[PRESS ,0038]P   +895mbar,T-12269mdegC
1594133911:[PRESS ,0038]P   +905mbar,T+26571mdegC
1594133979:[PRESS ,0038]P  +1065mbar,T+26571mdegC
1594133984:[PRESS ,0038]P  +1085mbar,T-12269mdegC
1594133986:[PRESS ,0038]P  +1085mbar,T+26571mdegC
1594133995:[PRESS ,0038]P  +1125mbar,T-12269mdegC
1594133999:[PRESS ,0038]P  +1125mbar,T  -126mdegC
1594134000:[PRESS ,0038]P  +1125mbar,T+26571mdegC
1594134065:[PRESS ,0038]P  +1295mbar,T+26571mdegC
1594134066:[PRESS ,0038]P  +1315mbar,T-12269mdegC
1594134068:[PRESS ,0038]P  +1315mbar,T+26571mdegC
1594134074:[PRESS ,0038]P  +1335mbar,T-12269mdegC
1594134075:[PRESS ,0038]P  +1345mbar,T+26571mdegC
1594134088:[PRESS ,0038]P  +1395mbar,T  -126mdegC
1594134090:[PRESS ,0038]P  +1395mbar,T-12269mdegC
1594134150:[PRESS ,0038]P  +1585mbar,T-12269mdegC
1594134152:[PRESS ,0038]P  +1575mbar,T+26571mdegC
1594134157:[PRESS ,0038]P  +1575mbar,T  -126mdegC
1594134159:[PRESS ,0038]P  +1585mbar,T-12269mdegC
1594134165:[PRESS ,0038]P  +1615mbar,T+26571mdegC
1594134166:[PRESS ,0038]P  +1615mbar,T-12269mdegC
1594134170:[PRESS ,0038]P  +1615mbar,T+26571mdegC
1594134172:[PRESS ,0038]P  +1605mbar,T-12269mdegC
1594134175:[PRESS ,0038]P  +1615mbar,T+26571mdegC
1594134175:[BUOY  ,0087]from +2mbar/s to +4mbar/s
1594134175:[BUOY  ,0090]need to transfer -20mL (valve during 6375ms)
1594134175:[VALVE ,0034]valve opening 6375ms
1594134182:[VALVE ,0234]battery 13951mV,  495686uA, P  +1615mbar
1594134236:[PRESS ,0038]P  +1805mbar,T+26571mdegC
1594134240:[PRESS ,0038]P  +1815mbar,T-12269mdegC
1594134242:[PRESS ,0038]P  +1835mbar,T+26571mdegC
1594134247:[PRESS ,0038]P  +1845mbar,T  -126mdegC
1594134249:[PRESS ,0038]P  +1845mbar,T+26571mdegC
1594134252:[PRESS ,0038]P  +1865mbar,T-12269mdegC
1594134254:[PRESS ,0038]P  +1875mbar,T+26571mdegC
1594134261:[PRESS ,0038]P  +1885mbar,T  -126mdegC
1594134322:[PRESS ,0038]P  +2085mbar,T+26571mdegC
1594134327:[PRESS ,0038]P  +2105mbar,T  -126mdegC
1594134329:[PRESS ,0038]P  +2115mbar,T-12269mdegC
1594134331:[PRESS ,0038]P  +2115mbar,T+26571mdegC
1594134336:[PRESS ,0038]P  +2155mbar,T  -126mdegC
1594134338:[PRESS ,0038]P  +2145mbar,T-12269mdegC
1594134340:[PRESS ,0038]P  +2155mbar,T+26571mdegC
1594134345:[PRESS ,0038]P  +2175mbar,T  -126mdegC
1594134347:[PRESS ,0038]P  +2195mbar,T+26571mdegC
1594134408:[PRESS ,0038]P  +2375mbar,T+26571mdegC
1594134409:[PRESS ,0038]P  +2375mbar,T  -126mdegC
1594134411:[PRESS ,0038]P  +2395mbar,T+26571mdegC
1594134413:[PRESS ,0038]P  +2395mbar,T  -126mdegC
1594134415:[PRESS ,0038]P  +2395mbar,T-26824mdegC
1594134417:[PRESS ,0038]P  +2395mbar,T+26571mdegC
1594134420:[PRESS ,0038]P  +2415mbar,T  -126mdegC
1594134424:[PRESS ,0038]P  +2425mbar,T+26571mdegC
1594134426:[PRESS ,0038]P  +2435mbar,T-26824mdegC
1594134427:[PRESS ,0038]P  +2445mbar,T+26571mdegC
1594134429:[PRESS ,0038]P  +2455mbar,T  -126mdegC
1594134431:[PRESS ,0038]P  +2445mbar,T+26571mdegC
1594134494:[PRESS ,0038]P  +2655mbar,T+26571mdegC
1594134497:[PRESS ,0038]P  +2655mbar,T  -126mdegC
1594134501:[PRESS ,0038]P  +2685mbar,T+26571mdegC
1594134506:[PRESS ,0038]P  +2705mbar,T  -126mdegC
1594134508:[PRESS ,0038]P  +2695mbar,T+26571mdegC
1594134510:[PRESS ,0038]P  +2705mbar,T  -126mdegC
1594134511:[PRESS ,0038]P  +2715mbar,T+26571mdegC
1594134517:[PRESS ,0038]P  +2735mbar,T  -126mdegC
1594134519:[PRESS ,0038]P  +2735mbar,T+26571mdegC
1594134579:[PRESS ,0038]P  +2925mbar,T  -126mdegC
1594134583:[PRESS ,0038]P  +2925mbar,T+26571mdegC
1594134585:[PRESS ,0038]P  +2925mbar,T  -126mdegC
1594134586:[PRESS ,0038]P  +2935mbar,T-26824mdegC
1594134588:[PRESS ,0038]P  +2955mbar,T  -126mdegC
1594134595:[PRESS ,0038]P  +2975mbar,T-26824mdegC
1594134601:[PRESS ,0038]P  +2995mbar,T  -126mdegC
1594134604:[PRESS ,0038]P  +3005mbar,T+26571mdegC
1594134665:[PRESS ,0038]P  +3195mbar,T  -126mdegC
1594134676:[PRESS ,0038]P  +3225mbar,T-26824mdegC
1594134681:[PRESS ,0038]P  +3245mbar,T+26571mdegC
1594134683:[PRESS ,0038]P  +3255mbar,T  -126mdegC
1594134750:[PRESS ,0038]P  +3495mbar,T+26571mdegC
1594134752:[PRESS ,0038]P  +3495mbar,T  -126mdegC
1594134758:[PRESS ,0038]P  +3515mbar,T-26824mdegC
1594134761:[PRESS ,0038]P  +3515mbar,T+26571mdegC
1594134763:[PRESS ,0038]P  +3525mbar,T  -126mdegC
1594134767:[PRESS ,0038]P  +3535mbar,T-26824mdegC
1594134768:[PRESS ,0038]P  +3545mbar,T  -126mdegC
1594134770:[PRESS ,0038]P  +3545mbar,T+26571mdegC
1594134772:[PRESS ,0038]P  +3555mbar,T  -126mdegC
1594134776:[PRESS ,0038]P  +3555mbar,T-26824mdegC
1594134836:[PRESS ,0038]P  +3735mbar,T  -126mdegC
1594134838:[PRESS ,0038]P  +3715mbar,T-26824mdegC
1594134842:[PRESS ,0038]P  +3735mbar,T  -126mdegC
1594134843:[PRESS ,0038]P  +3735mbar,T-26824mdegC
1594134851:[PRESS ,0038]P  +3755mbar,T  -126mdegC
1594134854:[PRESS ,0038]P  +3765mbar,T+26571mdegC
1594134856:[PRESS ,0038]P  +3775mbar,T-26824mdegC
1594134861:[PRESS ,0038]P  +3775mbar,T  -126mdegC
1594134922:[PRESS ,0038]P  +3915mbar,T  -126mdegC
1594134924:[PRESS ,0038]P  +3915mbar,T-26824mdegC
1594134926:[PRESS ,0038]P  +3915mbar,T+12012mdegC
1594134929:[PRESS ,0038]P  +3925mbar,T  -126mdegC
1594134933:[PRESS ,0038]P  +3935mbar,T-26824mdegC
1594134938:[PRESS ,0038]P  +3945mbar,T+12012mdegC
1594134940:[PRESS ,0038]P  +3935mbar,T  -126mdegC
1594134942:[PRESS ,0038]P  +3945mbar,T-26824mdegC
1594134945:[PRESS ,0038]P  +3955mbar,T  -126mdegC
1594134947:[PRESS ,0038]P  +3955mbar,T-26824mdegC
1594135008:[PRESS ,0038]P  +4125mbar,T  -126mdegC
1594135010:[PRESS ,0038]P  +4135mbar,T-26824mdegC
1594135029:[PRESS ,0038]P  +4185mbar,T+12012mdegC
1594135031:[PRESS ,0038]P  +4195mbar,T-26824mdegC
1594135093:[PRESS ,0038]P  +4375mbar,T-26824mdegC
1594135104:[PRESS ,0038]P  +4425mbar,T  -126mdegC
1594135109:[PRESS ,0038]P  +4435mbar,T-26824mdegC
1594135118:[BUOY  ,0087]from +4mbar/s to +2mbar/s
1594135118:[BUOY  ,0089]need to transfer +20mL (pump during 24658ms)
1594135126:[PUMP  ,0207]battery 14986mV,   52460uA (warmup), P  +4475mbar
1594135126:[PUMP  ,0016]pump during 24658ms
1594135150:[PUMP  ,0212]battery 14276mV,  301218uA (steady state), P  +4475mbar
1594135182:[PRESS ,0038]P  +4585mbar,T-26824mdegC
1594135193:[PRESS ,0038]P  +4585mbar,T  -126mdegC
1594135195:[PRESS ,0038]P  +4595mbar,T-26824mdegC
1594135202:[PRESS ,0038]P  +4595mbar,T+12012mdegC
1594135203:[PRESS ,0038]P  +4585mbar,T-26824mdegC
1594135207:[PRESS ,0038]P  +4585mbar,T+12012mdegC
1594135207:[STAGE ,0213]4585mbar reached at 1594135207s, ref 5000mbar +/-500mbar
1594135268:[PRESS ,0038]P  +4565mbar,T-26824mdegC
1594135328:[PRESS ,0038]P  +4575mbar,T+12012mdegC
1594135450:[PRESS ,0038]P  +4665mbar,T+12012mdegC
1594135510:[PRESS ,0038]P  +4745mbar,T-26824mdegC
1594135571:[MAIN  ,0140]stage[0] complete 1830s after mission start
1594135571:[MAIN  ,0056]stage[1]
1594135573:[MAIN  ,0024]internal pressure 84555Pa
1594135575:[MRMAID,0002]acq started
1594135585:[PRESS ,0038]P  +4775mbar,T-14688mdegC
1594135585:[BUOY  ,0037]P  +4775mbar
1594135585:[STAGE ,0080]Stage [1] 5000mbar (+/-500mbar) 1800s (<1594137341s) MERMAID
1594135587:[PRESS ,0038]P  +4785mbar,T+12012mdegC
1594135587:[STAGE ,0213]4785mbar reached at 1594135587s, ref 5000mbar +/-500mbar
1594135647:[PRESS ,0038]P  +4795mbar,T-26824mdegC
1594135708:[PRESS ,0038]P  +4825mbar,T-14688mdegC
1594135731:[MRMAID,0027]48dbar, -15degC
1594135769:[PRESS ,0038]P  +4885mbar,T-14688mdegC
1594135829:[PRESS ,0038]P  +5005mbar,T-14688mdegC
1594135829:[BUOY  ,0087]from +1mbar/s to +0mbar/s
1594135830:[BUOY  ,0089]need to transfer +2mL (pump during 2467ms)
1594135838:[PUMP  ,0207]battery 14827mV,   79178uA (warmup), P  +5005mbar
1594135838:[PUMP  ,0016]pump during 2467ms
1594135853:[MRMAID,0184]acq already started
1594135904:[PRESS ,0038]P  +5105mbar,T+12012mdegC
1594135906:[PRESS ,0038]P  +5095mbar,T-14688mdegC
1594135908:[PRESS ,0038]P  +5105mbar,T+12012mdegC
1594135909:[PRESS ,0038]P  +5115mbar,T-26824mdegC
1594135915:[PRESS ,0038]P  +5105mbar,T+12012mdegC
1594135916:[PRESS ,0038]P  +5105mbar,T-14688mdegC
1594135918:[PRESS ,0038]P  +5105mbar,T+12012mdegC
1594135929:[BUOY  ,0087]from +1mbar/s to +0mbar/s
1594135929:[BUOY  ,0089]need to transfer +2mL (pump during 2467ms)
1594135938:[PUMP  ,0207]battery 14882mV,   68686uA (warmup), P  +5125mbar
1594135938:[PUMP  ,0016]pump during 2467ms
1594135953:[MRMAID,0184]acq already started
1594136003:[PRESS ,0038]P  +5245mbar,T-14688mdegC
1594136005:[PRESS ,0038]P  +5235mbar,T+12012mdegC
1594136007:[PRESS ,0038]P  +5245mbar,T-26824mdegC
1594136009:[PRESS ,0038]P  +5245mbar,T-14688mdegC
1594136011:[PRESS ,0038]P  +5245mbar,T+12012mdegC
1594136012:[PRESS ,0038]P  +5255mbar,T-14688mdegC
1594136014:[PRESS ,0038]P  +5245mbar,T+12012mdegC
1594136018:[PRESS ,0038]P  +5265mbar,T-14688mdegC
1594136020:[PRESS ,0038]P  +5255mbar,T-26824mdegC
1594136021:[PRESS ,0038]P  +5265mbar,T+12012mdegC
1594136025:[PRESS ,0038]P  +5265mbar,T-14688mdegC
1594136027:[PRESS ,0038]P  +5265mbar,T+12012mdegC
1594136029:[BUOY  ,0087]from +1mbar/s to +0mbar/s
1594136029:[BUOY  ,0089]need to transfer +2mL (pump during 2467ms)
1594136037:[PUMP  ,0207]battery 14843mV,   78324uA (warmup), P  +5275mbar
1594136037:[PUMP  ,0016]pump during 2467ms
1594136052:[MRMAID,0184]acq already started
1594136103:[PRESS ,0038]P  +5325mbar,T-14688mdegC
1594136112:[PRESS ,0038]P  +5325mbar,T+12012mdegC
1594136114:[PRESS ,0038]P  +5325mbar,T-14688mdegC
1594136116:[PRESS ,0038]P  +5325mbar,T+12012mdegC
1594136117:[PRESS ,0038]P  +5335mbar,T-14688mdegC
1594136121:[PRESS ,0038]P  +5325mbar,T+12012mdegC
1594136128:[PRESS ,0038]P  +5325mbar,T-14688mdegC
1594136249:[PRESS ,0038]P  +5365mbar,T+12012mdegC
1594136310:[PRESS ,0038]P  +5415mbar,T-14688mdegC
1594136492:[PRESS ,0038]P  +5495mbar,T+12012mdegC
1594136553:<WARN>[BUOY  ,0094]stage[1] should ASCENT, stuck at 5545mbar for the #1 time
1594136553:[BUOY  ,0087]from +0mbar/s to -2mbar/s
1594136553:[BUOY  ,0089]need to transfer +6mL (pump during 7409ms)
1594136562:[PUMP  ,0207]battery 14911mV,   58194uA (warmup), P  +5545mbar
1594136562:[PUMP  ,0016]pump during 7409ms
1594136569:[PUMP  ,0212]battery 14316mV,  308538uA (steady state), P  +5545mbar
1594136582:[MRMAID,0184]acq already started
1594136627:[PRESS ,0038]P  +5585mbar,T-14688mdegC
1594136629:[PRESS ,0038]P  +5585mbar,T+12012mdegC
1594136631:[PRESS ,0038]P  +5585mbar,T-26824mdegC
1594136633:[PRESS ,0038]P  +5585mbar,T-14688mdegC
1594136635:[PRESS ,0038]P  +5585mbar,T+12012mdegC
1594136636:[PRESS ,0038]P  +5585mbar,T-14688mdegC
1594136642:[PRESS ,0038]P  +5575mbar,T+12012mdegC
1594136644:[PRESS ,0038]P  +5585mbar,T-14688mdegC
1594136647:[PRESS ,0038]P  +5585mbar,T+24145mdegC
1594136649:[PRESS ,0038]P  +5575mbar,T-26824mdegC
1594136651:[PRESS ,0038]P  +5585mbar,T-14688mdegC
1594136653:[PRESS ,0038]P  +5575mbar,T+12012mdegC
1594136653:<WARN>[BUOY  ,0094]stage[1] should ASCENT, stuck at 5575mbar for the #2 time
1594136653:[BUOY  ,0087]from +0mbar/s to -2mbar/s
1594136653:[BUOY  ,0089]need to transfer +6mL (pump during 7409ms)
1594136661:[PUMP  ,0207]battery 14963mV,   52338uA (warmup), P  +5575mbar
1594136661:[PUMP  ,0016]pump during 7409ms
1594136669:[PUMP  ,0212]battery 14376mV,  311832uA (steady state), P  +5575mbar
1594136682:[MRMAID,0184]acq already started
1594136727:[PRESS ,0038]P  +5515mbar,T-14688mdegC
1594136729:[PRESS ,0038]P  +5525mbar,T-26824mdegC
1594136731:[PRESS ,0038]P  +5515mbar,T-14688mdegC
1594136734:[PRESS ,0038]P  +5515mbar,T+12012mdegC
1594136738:[PRESS ,0038]P  +5505mbar,T-14688mdegC
1594136747:[PRESS ,0038]P  +5495mbar,T+12012mdegC
1594136752:[PRESS ,0038]P  +5475mbar,T-14688mdegC
1594136813:[PRESS ,0038]P  +5395mbar,T-14688mdegC
1594136833:[MRMAID,0059]stop canceled
1594136847:[MRMAID,0005]ascent request rejected
1594136874:[PRESS ,0038]P  +5325mbar,T+12012mdegC
1594136932:[MRMAID,0027]53dbar, 12degC
1594136934:[PRESS ,0038]P  +5235mbar,T+12012mdegC
1594136995:[PRESS ,0038]P  +5155mbar,T-14688mdegC
1594137056:[PRESS ,0038]P  +5085mbar,T-14688mdegC
1594137116:[PRESS ,0038]P  +5035mbar,T+12012mdegC
1594137177:[BUOY  ,0087]from -1mbar/s to +0mbar/s
1594137177:[BUOY  ,0090]need to transfer -2mL (valve during 364ms)
1594137178:[VALVE ,0034]valve opening 364ms
1594137189:[MRMAID,0184]acq already started
1594137248:[PRESS ,0038]P  +4945mbar,T+12012mdegC
1594137252:[PRESS ,0038]P  +4935mbar,T-14688mdegC
1594137257:[PRESS ,0038]P  +4935mbar,T+12012mdegC
1594137259:[PRESS ,0038]P  +4915mbar,T+24145mdegC
1594137261:[PRESS ,0038]P  +4915mbar,T-14688mdegC
1594137263:[PRESS ,0038]P  +4915mbar,T+12012mdegC
1594137265:[PRESS ,0038]P  +4905mbar,T-14688mdegC
1594137272:[PRESS ,0038]P  +4905mbar,T+12012mdegC
1594137273:[PRESS ,0038]P  +4905mbar,T-14688mdegC
1594137273:[BUOY  ,0087]from -2mbar/s to +0mbar/s
1594137274:[BUOY  ,0090]need to transfer -6mL (valve during 1093ms)
1594137274:[VALVE ,0034]valve opening 1093ms
1594137275:[VALVE ,0234]battery 14007mV,  473604uA, P  +4905mbar
1594137286:[MRMAID,0184]acq already started
1594137350:[PRESS ,0038]P  +4945mbar,T+12012mdegC
1594137352:[PRESS ,0038]P  +4965mbar,T-14688mdegC
1594137359:[PRESS ,0038]P  +4955mbar,T+24145mdegC
1594137361:[PRESS ,0038]P  +4965mbar,T-14688mdegC
1594137368:[PRESS ,0038]P  +4965mbar,T+24145mdegC
1594137370:[PRESS ,0038]P  +4975mbar,T+12012mdegC
1594137370:[MAIN  ,0140]stage[1] complete 3629s after mission start
1594137974:<ERR>[MRMAID,0008]acq not stopped
1594138033:[MRMAID,0003]acq stopped
1594138033:[MRMAID,0052]Mermaid $MEASFS,96274,2405.988922,40.014316;
1594138034:[MSSION,0192]mission stopped, 2 stage(s) done
1594138034:[MAIN  ,0065]surfacing
1594138036:[PRESS ,0038]P  +6025mbar,T-14688mdegC
1594138036:[SURFIN,0036]P  +6025mbar
1594138044:[PUMP  ,0207]battery 14725mV,   83570uA (warmup), P  +6025mbar
1594138044:[PUMP  ,0016]pump during 60000ms
1594138049:<WARN>[MERCMD,0006]ascent request while not in mission
1594138049:[MRMAID,0003]acq stopped
1594138103:[PUMP  ,0212]battery 14258mV,  335378uA (steady state), P  +6025mbar
1594138161:[PRESS ,0038]P  +5645mbar,T-14688mdegC
1594138164:[PRESS ,0038]P  +5625mbar,T+12012mdegC
1594138166:[PRESS ,0038]P  +5615mbar,T-14688mdegC
1594138170:[PRESS ,0038]P  +5605mbar,T+24145mdegC
1594138172:[PRESS ,0038]P  +5585mbar,T-14688mdegC
1594138175:[PRESS ,0038]P  +5575mbar,T+24145mdegC
1594138194:[PUMP  ,0207]battery 14813mV,   74786uA (warmup), P  +5535mbar
1594138194:[PUMP  ,0016]pump during 60000ms
1594138253:[PUMP  ,0212]battery 14322mV,  322202uA (steady state), P  +5535mbar
1594138311:[PRESS ,0038]P  +4815mbar,T-14688mdegC
1594138314:[PRESS ,0038]P  +4795mbar,T+24145mdegC
1594138316:[PRESS ,0038]P  +4775mbar,T-14688mdegC
1594138320:[PRESS ,0038]P  +4765mbar,T+24145mdegC
1594138323:[PRESS ,0038]P  +4735mbar,T-14688mdegC
1594138325:[PRESS ,0038]P  +4715mbar,T+24145mdegC
1594138327:[PRESS ,0038]P  +4715mbar,T-14688mdegC
1594138330:[PRESS ,0038]P  +4695mbar,T+24145mdegC
1594138332:[PRESS ,0038]P  +4675mbar,T-14688mdegC
1594138334:[PRESS ,0038]P  +4665mbar,T+12012mdegC
1594138336:[PRESS ,0038]P  +4665mbar,T-14688mdegC
1594138344:[PUMP  ,0207]battery 14897mV,   51728uA (warmup), P  +4665mbar
1594138344:[PUMP  ,0016]pump during 60000ms
1594138403:[PUMP  ,0212]battery 14271mV,  306098uA (steady state), P  +4665mbar
1594138461:[PRESS ,0038]P  +3775mbar,T-14688mdegC
1594138466:[PRESS ,0038]P  +3745mbar,T+12012mdegC
1594138468:[PRESS ,0038]P  +3735mbar,T-14688mdegC
1594138470:[PRESS ,0038]P  +3725mbar,T+24145mdegC
1594138471:[PRESS ,0038]P  +3705mbar,T -2558mdegC
1594138473:[PRESS ,0038]P  +3695mbar,T-14688mdegC
1594138479:[PRESS ,0038]P  +3665mbar,T -2558mdegC
1594138480:[PRESS ,0038]P  +3645mbar,T-14688mdegC
1594138482:[PRESS ,0038]P  +3645mbar,T+24145mdegC
1594138486:[PRESS ,0038]P  +3605mbar,T-14688mdegC
1594138494:[PUMP  ,0207]battery 14902mV,   50264uA (warmup), P  +3605mbar
1594138494:[PUMP  ,0016]pump during 60000ms
1594138553:[PUMP  ,0212]battery 14257mV,  308416uA (steady state), P  +3605mbar
1594138611:[PRESS ,0038]P  +2545mbar,T+12012mdegC
1594138612:[PRESS ,0038]P  +2525mbar,T+24145mdegC
1594138616:[PRESS ,0038]P  +2495mbar,T-14688mdegC
1594138621:[PRESS ,0038]P  +2455mbar,T+12012mdegC
1594138625:[PRESS ,0038]P  +2425mbar,T-14688mdegC
1594138630:[PRESS ,0038]P  +2375mbar,T+24145mdegC
1594138632:[PRESS ,0038]P  +2365mbar,T-14688mdegC
1594138634:[PRESS ,0038]P  +2355mbar,T+24145mdegC
1594138636:[PRESS ,0038]P  +2345mbar,T-14688mdegC
1594138757:[PRESS ,0038]P  +1525mbar,T-14688mdegC
1594138766:[PUMP  ,0207]battery 14873mV,   62708uA (warmup), P  +1525mbar
1594138766:[PUMP  ,0016]pump during 60000ms
1594138825:[PUMP  ,0212]battery 14207mV,  319518uA (steady state), P  +1525mbar
1594138882:[PRESS ,0038]P   +665mbar,T-14688mdegC
1594138886:[PRESS ,0038]P   +645mbar,T+24145mdegC
1594138888:[PRESS ,0038]P   +635mbar,T+12012mdegC
1594138889:[PRESS ,0038]P   +625mbar,T-14688mdegC
1594138893:[PRESS ,0038]P   +605mbar,T+12012mdegC
1594138895:[PRESS ,0038]P   +605mbar,T+24145mdegC
1594138897:[PRESS ,0038]P   +585mbar,T-14688mdegC
1594138898:[PRESS ,0038]P   +575mbar,T+24145mdegC
1594138902:[PRESS ,0038]P   +555mbar,T-14688mdegC
1594138904:[PRESS ,0038]P   +555mbar,T+24145mdegC
1594138906:[PRESS ,0038]P   +525mbar,T-14688mdegC
1594138907:[PRESS ,0038]P   +525mbar,T+24145mdegC
1594138916:[PUMP  ,0207]battery 14888mV,   57096uA (warmup), P   +525mbar
1594138916:[PUMP  ,0016]pump during 60000ms
1594138975:[PUMP  ,0212]battery 14295mV,  291946uA (steady state), P   +525mbar
1594139032:[PRESS ,0038]P     +5mbar,T+12012mdegC
1594139034:[PRESS ,0038]P     +5mbar,T-14688mdegC
1594139038:[PRESS ,0038]P    -15mbar,T+12012mdegC
1594139043:[PRESS ,0038]P    -55mbar,T-14688mdegC
1594139050:[PRESS ,0038]P    -85mbar,T+12012mdegC
1594139052:[PRESS ,0038]P    -95mbar,T-14688mdegC
1594139054:[PRESS ,0038]P   -105mbar,T+12012mdegC
1594139056:[PRESS ,0038]P   -115mbar,T-14688mdegC
1594139061:[SURFIN,0020]filling external bladder
1594139069:[PUMP  ,0207]battery 14806mV,   75640uA (warmup), P    -95mbar
1594139069:[PUMP  ,0016]pump during 300000ms
1594139368:[PUMP  ,0212]battery 13895mV,  912072uA (steady state), P    -95mbar
1594139379:[PUMP  ,0207]battery 14580mV,   68808uA (warmup), P    -95mbar
1594139379:[PUMP  ,0016]pump during 300000ms
1594139507:[PUMP  ,0212]battery 13861mV,  895846uA (steady state), P    -95mbar
1594139509:[SURFIN,0019]external bladder full
1594139511:[PRESS ,0038]P   +140mbar,T+12012mdegC
1594139512:[PRESS ,0038]P   +140mbar,T-26824mdegC
1594139516:[PRESS ,0038]P   +140mbar,T+12012mdegC
1594139519:[PRESS ,0038]P   +140mbar,T-26824mdegC
1594139521:[PRESS ,0038]P   +150mbar,T+12012mdegC
1594139525:[PRESS ,0038]P   +140mbar,T-26824mdegC
1594139527:[PRESS ,0038]P   +140mbar,T  -126mdegC
1594139528:[PRESS ,0038]P   +140mbar,T-26824mdegC
1594139536:[PRESS ,0038]P   +150mbar,T+12012mdegC
1594139572:[MAIN  ,0272]Vbat 14846mV (min 14382mV)
1594139574:[MAIN  ,0024]internal pressure 81830Pa
1594139574:[MAIN  ,0043]Pext 143mbar (rng 10mbar)
1594139574:[MAIN  ,0064]surface
1594139581:[SURF  ,0022]GPS fix...
1594139584:<WARN>[GPSFIX,0123]GPRMC ms=660 #1
1594139607:<WARN>[GPSFIX,0123]GPRMC ms=20 #1
1594139613:<WARN>[GPSFIX,0123]GPRMC ms=990 #1
1594139633:[SURF  ,0015]10 PPS detected...
1594139634:[MRMAID,0052]Mermaid $GPSACK:+0,+0,+0,+0,+0,+0,-1770;
1594139644:[MRMAID,0052]Mermaid $GPSOFF:3686340;
1594139644:[GPSFIX,0179]-1s diff
1594139645:[SURF  ,0222]2020-07-07T16:34:05
1594139645:[SURF  ,0082]Latitude : N43deg40.940mn, Longitude :E007deg19.182mn
1594139645:[SURF  ,0223]fix3D,10satellites
1594139645:[SURF  ,0084]GPS fix GPGSA : hdop0.800,vdop1.130
1594139655:[SURF  ,0274]last almanac : 4266240
1594139731:[MRMAID,0026]26025 bytes in 0014/5F04A40C.MER
1594139737:[MAIN  ,0320]New pressure offset: 143mbar
1594139737:[LOGBIN,0078]*** switching to 0014/5F04A459 ***
