1594166915:[MAIN  ,0007]buoy 452.210-P-0014
1594166915:[MAIN  ,0055]soft pilotage 452.012.300_V2.21-20200701
1594166915:[MAIN  ,0010]cycle 8
1594166915:[SURF  ,0225]surface2
1594166922:[SURF  ,0022]GPS fix...
1594166924:<WARN>[GPSFIX,0123]GPRMC ms=640 #1
1594166981:[SURF  ,0015]10 PPS detected...
1594166982:[MRMAID,0052]Mermaid $GPSACK:+0,+0,+0,+0,+0,+0,+0;
1594166992:[MRMAID,0052]Mermaid $GPSOFF:3686339;
1594166993:[GPSFIX,0179]-1s diff
1594166994:[SURF  ,0222]2020-07-08T00:09:54
1594166994:[SURF  ,0082]Latitude : N43deg40.940mn, Longitude :E007deg19.177mn
1594166994:[SURF  ,0223]fix3D,7satellites
1594166994:[SURF  ,0084]GPS fix GPGSA : hdop1.310,vdop1.770
1594167004:[SURF  ,0025]Iridium...
1594167046:[SURF  ,0009]connected in 42s, signal quality 4
1594167108:[SURF  ,0218]prompt received, remote cmd end
1594167108:[SURF  ,0012]10 cmd(s) received
1594167130:[UPLOAD,0248]Upload data files...
1594167159:[UPLOAD,0231]"0014/5F050E76.MER" uploaded at 92bytes/s
1594167267:[UPLOAD,0231]"0014/5F04F3DD.BIN" uploaded at 133bytes/s
1594167283:[MAIN  ,0013]2 file(s) uploaded
1594167316:[SURF  ,0014]disconnected after 312s
1594167321:[SURFIN,0020]filling external bladder
1594167329:[PUMP  ,0207]battery 14910mV,   45384uA (warmup), P   +140mbar
1594167329:[PUMP  ,0016]pump during 300000ms
1594167338:[PUMP  ,0212]battery 13952mV,  877180uA (steady state), P   +140mbar
1594167340:[SURFIN,0019]external bladder full
1594167340:[SURF  ,0227]1st complete transfer
1594167552:[SURF  ,0022]GPS fix...
1594167587:<WARN>[GPSFIX,0121]GPRMC #1
1594167624:[SURF  ,0015]10 PPS detected...
1594167625:[MRMAID,0052]Mermaid $GPSACK:+0,+0,+0,+0,+0,+0,+0;
1594167635:[MRMAID,0052]Mermaid $GPSOFF:3686338;
1594167636:[GPSFIX,0179]-1s diff
1594167637:[SURF  ,0222]2020-07-08T00:20:37
1594167637:[SURF  ,0082]Latitude : N43deg40.941mn, Longitude :E007deg19.177mn
1594167637:[SURF  ,0223]fix3D,7satellites
1594167637:[SURF  ,0084]GPS fix GPGSA : hdop1.460,vdop1.290
1594167647:[SURF  ,0025]Iridium...
1594167853:<WARN>[SURF  ,0023]failed to connect #1, code -8, net 1, qual 5, dial 1
1594167927:[SURF  ,0009]connected in 280s, signal quality 5
1594167987:[SURF  ,0218]prompt received, remote cmd end
1594167987:[SURF  ,0012]10 cmd(s) received
1594168027:[SURF  ,0014]disconnected after 380s
1594168032:[SURFIN,0020]filling external bladder
1594168040:[PUMP  ,0207]battery 14865mV,   71858uA (warmup), P   +140mbar
1594168040:[PUMP  ,0016]pump during 300000ms
1594168044:[PUMP  ,0212]battery 13926mV,  907314uA (steady state), P   +140mbar
1594168046:[SURFIN,0019]external bladder full
1594168046:[SURF  ,0226]Go dive (Minimum surface delay expired and no more file to upload)
1594168053:[SURF  ,0022]GPS fix...
1594168103:[SURF  ,0015]10 PPS detected...
1594168104:[MRMAID,0052]Mermaid $GPSACK:+0,+0,+0,+0,+0,+0,-30;
1594168114:[MRMAID,0052]Mermaid $GPSOFF:3686338;
1594168115:[GPSFIX,0179]-1s diff
1594168116:[SURF  ,0222]2020-07-08T00:28:36
1594168116:[SURF  ,0082]Latitude : N43deg40.941mn, Longitude :E007deg19.177mn
1594168116:[SURF  ,0223]fix3D,8satellites
1594168116:[SURF  ,0084]GPS fix GPGSA : hdop1.630,vdop1.240
1594168133:[MAIN  ,0024]internal pressure 82248Pa
1594168134:[BYCMD ,0107]    FreeRTOS V8.2.3
1594168134:[BYCMD ,0108]    FatFS v11a
1594168134:[BYCMD ,0120]    bypass 10000ms 60000ms (20000ms 60000ms stored)
1594168134:[BYCMD ,0121]    valve 60000ms 12750 (60000ms 12750 stored)
1594168134:[BYCMD ,0122]    pump 60000ms 30% 10750 80% (60000ms 30% 10750 80% stored)
1594168134:[BYCMD ,0123]    rate 2mbar/s (2mbar/s stored)
1594168134:[BYCMD ,0124]    surface 500mbar (500mbar stored)
1594168134:[BYCMD ,0125]    near 1500mbar 3mbar/s (15000mbar 3mbar/s stored)
1594168134:[BYCMD ,0126]    far 2500mbar 4mbar/s (25000mbar 4mbar/s stored)
1594168134:[BYCMD ,0127]    ascent 8mbar/s (8mbar/s stored)
1594168134:[BYCMD ,0128]    dead 60s (300s stored)
1594168134:[BYCMD ,0129]    coeff 16/10 (16/10 stored)
1594168134:[BYCMD ,0130]    stab 10 (10 stored)
1594168134:[BYCMD ,0131]    delay 900s 3600s (900s 3600s stored)
1594168134:[BYCMD ,0132]    mmtime 2880min (2880min stored)
1594168134:[BYCMD ,0133]    dv_landing 100ml (100ml stored)
1594168134:[MKDCMD,0150]    p2t37: 15x2000ms, offset 149mbar
1594168134:[P2TCMD,0151]    p2t37: dp 50mbar, dt 5000mdegC
1594168135:[STAGE ,0080]Stage [0] 5000mbar (+/-500mbar) 1800s (<1800s) 
1594168135:[STAGE ,0080]Stage [1] 5000mbar (+/-500mbar) 1800s (<3600s) 
1594168135:[MAIN  ,0070]turn off bluetooth
1594168137:[PRESS ,0038]P     -9mbar,T+26571mdegC
1594168141:[PRESS ,0038]P    -19mbar,T-12269mdegC
1594168145:[PRESS ,0038]P    -29mbar,T  -126mdegC
1594168146:[PRESS ,0038]P    -19mbar,T-12269mdegC
1594168148:[PRESS ,0038]P    -19mbar,T+26571mdegC
1594168150:[PRESS ,0038]P    -19mbar,T-12269mdegC
1594168154:[PRESS ,0038]P    -19mbar,T+26571mdegC
1594168161:[PRESS ,0038]P    -19mbar,T-12269mdegC
1594168162:[PRESS ,0038]P     -9mbar,T+26571mdegC
1594168162:[DIVING,0141]diving from -9mbar, +0mbar/s
1594168163:[BYPASS,0035]bypass opening 60000ms
1594168168:[BYPASS,0104]battery 14513mV,  249612uA (bypass opening), P     -9mbar
1594168233:[BYPASS,0106]battery 14398mV,  295606uA (bypass closing), P     -9mbar
1594168234:[PRESS ,0038]P    -79mbar,T+26571mdegC
1594168240:[PRESS ,0038]P    -79mbar,T  -126mdegC
1594168242:[PRESS ,0038]P    -79mbar,T+26571mdegC
1594168250:[PRESS ,0038]P    -69mbar,T  -126mdegC
1594168254:[PRESS ,0038]P    -69mbar,T+26571mdegC
1594168259:[BYPASS,0035]bypass opening 10000ms
1594168264:[BYPASS,0104]battery 14488mV,  251442uA (bypass opening), P    -79mbar
1594168279:[BYPASS,0106]battery 14435mV,  294020uA (bypass closing), P    -79mbar
1594168281:[PRESS ,0038]P    -79mbar,T-12269mdegC
1594168283:[PRESS ,0038]P    -89mbar,T+26571mdegC
1594168285:[PRESS ,0038]P    -69mbar,T-12269mdegC
1594168287:[PRESS ,0038]P    -79mbar,T  -126mdegC
1594168288:[PRESS ,0038]P    -69mbar,T+26571mdegC
1594168294:[PRESS ,0038]P    -79mbar,T-12269mdegC
1594168296:[PRESS ,0038]P    -89mbar,T  -126mdegC
1594168299:[PRESS ,0038]P    -79mbar,T-12269mdegC
1594168301:[PRESS ,0038]P    -79mbar,T+26571mdegC
1594168305:[PRESS ,0038]P    -89mbar,T  -126mdegC
1594168306:[PRESS ,0038]P    -89mbar,T+26571mdegC
1594168306:[BYPASS,0035]bypass opening 10000ms
1594168311:[BYPASS,0104]battery 14513mV,  240706uA (bypass opening), P    -89mbar
1594168327:[BYPASS,0106]battery 14443mV,  292068uA (bypass closing), P    -89mbar
1594168341:[PRESS ,0038]P    -89mbar,T  -126mdegC
1594168343:[PRESS ,0038]P    -89mbar,T+26571mdegC
1594168344:[PRESS ,0038]P    -89mbar,T  -126mdegC
1594168346:[PRESS ,0038]P    -79mbar,T-12269mdegC
1594168348:[PRESS ,0038]P    -79mbar,T+26571mdegC
1594168350:[PRESS ,0038]P    -79mbar,T  -126mdegC
1594168353:[PRESS ,0038]P    -79mbar,T-12269mdegC
1594168353:[BYPASS,0035]bypass opening 10000ms
1594168358:[BYPASS,0104]battery 14502mV,  246806uA (bypass opening), P    -79mbar
1594168373:[BYPASS,0106]battery 14422mV,  304756uA (bypass closing), P    -79mbar
1594168375:[PRESS ,0038]P    -89mbar,T  -126mdegC
1594168377:[PRESS ,0038]P    -89mbar,T+26571mdegC
1594168379:[PRESS ,0038]P   -109mbar,T-12269mdegC
1594168381:[PRESS ,0038]P   -109mbar,T+26571mdegC
1594168386:[PRESS ,0038]P    -99mbar,T  -126mdegC
1594168388:[PRESS ,0038]P    -89mbar,T-12269mdegC
1594168391:[PRESS ,0038]P    -89mbar,T+26571mdegC
1594168395:[PRESS ,0038]P    -99mbar,T  -126mdegC
1594168399:[PRESS ,0038]P    -99mbar,T+26571mdegC
1594168400:[BYPASS,0035]bypass opening 10000ms
1594168405:[BYPASS,0104]battery 14470mV,  258030uA (bypass opening), P    -89mbar
1594168421:[BYPASS,0106]battery 14418mV,  305122uA (bypass closing), P    -89mbar
1594168422:[PRESS ,0038]P    -99mbar,T  -126mdegC
1594168426:[PRESS ,0038]P    -99mbar,T+26571mdegC
1594168435:[PRESS ,0038]P    -99mbar,T  -126mdegC
1594168437:[PRESS ,0038]P    -99mbar,T+26571mdegC
1594168438:[PRESS ,0038]P    -89mbar,T-12269mdegC
1594168440:[PRESS ,0038]P   -109mbar,T+26571mdegC
1594168444:[PRESS ,0038]P   -109mbar,T  -126mdegC
1594168446:[PRESS ,0038]P    -99mbar,T-12269mdegC
1594168447:[PRESS ,0038]P   -109mbar,T  -126mdegC
1594168447:[BYPASS,0035]bypass opening 10000ms
1594168453:[BYPASS,0104]battery 14530mV,  246684uA (bypass opening), P   -109mbar
1594168468:[BYPASS,0106]battery 14446mV,  290238uA (bypass closing), P   -109mbar
1594168469:[PRESS ,0038]P   -129mbar,T-12269mdegC
1594168471:[PRESS ,0038]P   -119mbar,T+26571mdegC
1594168480:[PRESS ,0038]P   -129mbar,T-12269mdegC
1594168482:[PRESS ,0038]P   -119mbar,T+26571mdegC
1594168484:[PRESS ,0038]P   -119mbar,T-26824mdegC
1594168485:[PRESS ,0038]P   -119mbar,T+26571mdegC
1594168489:[PRESS ,0038]P   -129mbar,T  -126mdegC
1594168493:[PRESS ,0038]P   -119mbar,T-12269mdegC
1594168494:[PRESS ,0038]P   -119mbar,T+26571mdegC
1594168494:[BYPASS,0035]bypass opening 10000ms
1594168500:[BYPASS,0104]battery 14528mV,  250344uA (bypass opening), P   -119mbar
1594168515:[BYPASS,0106]battery 14438mV,  293654uA (bypass closing), P   -119mbar
1594168516:[PRESS ,0038]P   -119mbar,T-12269mdegC
1594168518:[PRESS ,0038]P   -119mbar,T+26571mdegC
1594168525:[PRESS ,0038]P   -119mbar,T  -126mdegC
1594168527:[PRESS ,0038]P   -129mbar,T+26571mdegC
1594168529:[PRESS ,0038]P   -129mbar,T-12269mdegC
1594168531:[PRESS ,0038]P   -129mbar,T+26571mdegC
1594168536:[PRESS ,0038]P   -129mbar,T-12269mdegC
1594168538:[PRESS ,0038]P   -119mbar,T+26571mdegC
1594168540:[PRESS ,0038]P   -129mbar,T-12269mdegC
1594168541:[PRESS ,0038]P   -129mbar,T+26571mdegC
1594168542:[BYPASS,0035]bypass opening 10000ms
1594168547:[BYPASS,0104]battery 14468mV,  280478uA (bypass opening), P   -129mbar
1594168562:[BYPASS,0106]battery 14392mV,  316224uA (bypass closing), P   -129mbar
1594168563:[PRESS ,0038]P   -119mbar,T-12269mdegC
1594168569:[PRESS ,0038]P   -119mbar,T+26571mdegC
1594168571:[PRESS ,0038]P   -109mbar,T-12269mdegC
1594168574:[PRESS ,0038]P   -109mbar,T+26571mdegC
1594168576:[PRESS ,0038]P    -99mbar,T-12269mdegC
1594168578:[PRESS ,0038]P    -99mbar,T  -126mdegC
1594168580:[PRESS ,0038]P    -99mbar,T-12269mdegC
1594168583:[PRESS ,0038]P    -89mbar,T  -126mdegC
1594168585:[PRESS ,0038]P    -89mbar,T+26571mdegC
1594168589:[BYPASS,0035]bypass opening 10000ms
1594168594:[BYPASS,0104]battery 14518mV,  244244uA (bypass opening), P    -79mbar
1594168609:[BYPASS,0106]battery 14443mV,  288530uA (bypass closing), P    -79mbar
1594168611:[PRESS ,0038]P     -9mbar,T+26571mdegC
1594168616:[PRESS ,0038]P    +31mbar,T-12269mdegC
1594168618:[PRESS ,0038]P    +31mbar,T+26571mdegC
1594168619:[PRESS ,0038]P    +41mbar,T  -126mdegC
1594168621:[PRESS ,0038]P    +41mbar,T+26571mdegC
1594168623:[PRESS ,0038]P    +61mbar,T-12269mdegC
1594168625:[PRESS ,0038]P    +71mbar,T+26571mdegC
1594168627:[PRESS ,0038]P   +101mbar,T  -126mdegC
1594168631:[PRESS ,0038]P   +121mbar,T+26571mdegC
1594168637:[PRESS ,0038]P   +161mbar,T-12269mdegC
1594168639:[PRESS ,0038]P   +181mbar,T+26571mdegC
1594168645:[PRESS ,0038]P   +211mbar,T  -126mdegC
1594168648:[PRESS ,0038]P   +221mbar,T+26571mdegC
1594168659:[PRESS ,0038]P   +291mbar,T+26571mdegC
1594168670:[PRESS ,0038]P   +351mbar,T-12269mdegC
1594168673:[PRESS ,0038]P   +371mbar,T+26571mdegC
1594168681:[PRESS ,0038]P   +431mbar,T-12269mdegC
1594168684:[PRESS ,0038]P   +441mbar,T+26571mdegC
1594168687:[PRESS ,0038]P   +461mbar,T  -126mdegC
1594168689:[PRESS ,0038]P   +481mbar,T+26571mdegC
1594168692:[PRESS ,0038]P   +481mbar,T-12269mdegC
1594168695:[PRESS ,0038]P   +491mbar,T+26571mdegC
1594168700:[PRESS ,0038]P   +531mbar,T-12269mdegC
1594168700:[DIVING,0028]531mbar reached (+6mbar/s), 9 bypass done
1594168700:[MAIN  ,0056]stage[0]
1594168702:[MAIN  ,0024]internal pressure 85621Pa
1594168703:[PRESS ,0038]P   +561mbar,T+26571mdegC
1594168703:[BUOY  ,0037]P   +561mbar
1594168703:[STAGE ,0080]Stage [0] 5000mbar (+/-500mbar) 1800s (<1594170500s) 
1594168766:[PRESS ,0038]P   +841mbar,T-12269mdegC
1594168768:[PRESS ,0038]P   +861mbar,T+26571mdegC
1594168771:[PRESS ,0038]P   +871mbar,T-12269mdegC
1594168773:[PRESS ,0038]P   +871mbar,T+26571mdegC
1594168775:[PRESS ,0038]P   +881mbar,T-12269mdegC
1594168777:[PRESS ,0038]P   +901mbar,T+26571mdegC
1594168780:[PRESS ,0038]P   +901mbar,T-12269mdegC
1594168787:[PRESS ,0038]P   +931mbar,T+26571mdegC
1594168851:[PRESS ,0038]P  +1171mbar,T+26571mdegC
1594168855:[PRESS ,0038]P  +1181mbar,T-12269mdegC
1594168857:[PRESS ,0038]P  +1181mbar,T+26571mdegC
1594168864:[PRESS ,0038]P  +1211mbar,T-12269mdegC
1594168871:[PRESS ,0038]P  +1241mbar,T+26571mdegC
1594168873:[PRESS ,0038]P  +1261mbar,T-12269mdegC
1594168876:[PRESS ,0038]P  +1261mbar,T+26571mdegC
1594168937:[PRESS ,0038]P  +1431mbar,T+26571mdegC
1594168939:[PRESS ,0038]P  +1431mbar,T+14426mdegC
1594168941:[PRESS ,0038]P  +1441mbar,T-12269mdegC
1594168946:[PRESS ,0038]P  +1451mbar,T  -126mdegC
1594168948:[PRESS ,0038]P  +1461mbar,T+26571mdegC
1594168953:[PRESS ,0038]P  +1471mbar,T+14426mdegC
1594168955:[PRESS ,0038]P  +1461mbar,T  -126mdegC
1594168959:[PRESS ,0038]P  +1471mbar,T+26571mdegC
1594168960:[PRESS ,0038]P  +1491mbar,T-12269mdegC
1594168962:[BUOY  ,0087]from +2mbar/s to +4mbar/s
1594168962:[BUOY  ,0090]need to transfer -20mL (valve during 6711ms)
1594168962:[VALVE ,0034]valve opening 6711ms
1594168969:[VALVE ,0234]battery 13921mV,  484218uA, P  +1491mbar
1594169023:[PRESS ,0038]P  +1691mbar,T+26571mdegC
1594169025:[PRESS ,0038]P  +1701mbar,T-12269mdegC
1594169028:[PRESS ,0038]P  +1701mbar,T+26571mdegC
1594169037:[PRESS ,0038]P  +1741mbar,T-12269mdegC
1594169048:[PRESS ,0038]P  +1781mbar,T+26571mdegC
1594169109:[PRESS ,0038]P  +1961mbar,T+26571mdegC
1594169110:[PRESS ,0038]P  +1951mbar,T-12269mdegC
1594169114:[PRESS ,0038]P  +1961mbar,T+26571mdegC
1594169116:[PRESS ,0038]P  +1971mbar,T-12269mdegC
1594169118:[PRESS ,0038]P  +1981mbar,T+26571mdegC
1594169119:[PRESS ,0038]P  +1971mbar,T-12269mdegC
1594169121:[PRESS ,0038]P  +1981mbar,T+26571mdegC
1594169125:[PRESS ,0038]P  +1991mbar,T-12269mdegC
1594169127:[PRESS ,0038]P  +1991mbar,T+26571mdegC
1594169128:[PRESS ,0038]P  +1991mbar,T+14426mdegC
1594169130:[PRESS ,0038]P  +2001mbar,T-12269mdegC
1594169132:[PRESS ,0038]P  +2001mbar,T+26571mdegC
1594169134:[PRESS ,0038]P  +2001mbar,T-12269mdegC
1594169134:[BUOY  ,0087]from +2mbar/s to +4mbar/s
1594169134:[BUOY  ,0090]need to transfer -20mL (valve during 5795ms)
1594169134:[VALVE ,0034]valve opening 5795ms
1594169140:[VALVE ,0234]battery 14038mV,  474458uA, P  +2001mbar
1594169195:[PRESS ,0038]P  +2181mbar,T-12269mdegC
1594169198:[PRESS ,0038]P  +2201mbar,T+26571mdegC
1594169204:[PRESS ,0038]P  +2221mbar,T-12269mdegC
1594169205:[PRESS ,0038]P  +2231mbar,T+26571mdegC
1594169207:[PRESS ,0038]P  +2241mbar,T  -126mdegC
1594169209:[PRESS ,0038]P  +2251mbar,T+26571mdegC
1594169216:[PRESS ,0038]P  +2271mbar,T-12269mdegC
1594169220:[PRESS ,0038]P  +2291mbar,T  -126mdegC
1594169280:[PRESS ,0038]P  +2531mbar,T-12269mdegC
1594169284:[PRESS ,0038]P  +2551mbar,T+26571mdegC
1594169286:[PRESS ,0038]P  +2561mbar,T  -126mdegC
1594169288:[PRESS ,0038]P  +2571mbar,T-12269mdegC
1594169289:[PRESS ,0038]P  +2571mbar,T+26571mdegC
1594169291:[PRESS ,0038]P  +2571mbar,T-12269mdegC
1594169293:[PRESS ,0038]P  +2591mbar,T+26571mdegC
1594169304:[PRESS ,0038]P  +2631mbar,T  -126mdegC
1594169305:[PRESS ,0038]P  +2631mbar,T+26571mdegC
1594169366:[PRESS ,0038]P  +2891mbar,T  -126mdegC
1594169370:[PRESS ,0038]P  +2901mbar,T+26571mdegC
1594169372:[PRESS ,0038]P  +2921mbar,T  -126mdegC
1594169373:[PRESS ,0038]P  +2931mbar,T+26571mdegC
1594169382:[PRESS ,0038]P  +2961mbar,T  -126mdegC
1594169384:[PRESS ,0038]P  +2971mbar,T+26571mdegC
1594169388:[PRESS ,0038]P  +2981mbar,T-12269mdegC
1594169389:[PRESS ,0038]P  +2991mbar,T+26571mdegC
1594169452:[PRESS ,0038]P  +3201mbar,T+26571mdegC
1594169454:[PRESS ,0038]P  +3201mbar,T  -126mdegC
1594169459:[PRESS ,0038]P  +3211mbar,T+26571mdegC
1594169461:[PRESS ,0038]P  +3211mbar,T  -126mdegC
1594169463:[PRESS ,0038]P  +3231mbar,T-12269mdegC
1594169464:[PRESS ,0038]P  +3231mbar,T+26571mdegC
1594169468:[PRESS ,0038]P  +3251mbar,T-12269mdegC
1594169470:[PRESS ,0038]P  +3251mbar,T  -126mdegC
1594169472:[PRESS ,0038]P  +3261mbar,T+26571mdegC
1594169473:[PRESS ,0038]P  +3261mbar,T  -126mdegC
1594169475:[PRESS ,0038]P  +3271mbar,T+26571mdegC
1594169538:[PRESS ,0038]P  +3481mbar,T  -126mdegC
1594169543:[PRESS ,0038]P  +3491mbar,T+26571mdegC
1594169547:[PRESS ,0038]P  +3501mbar,T  -126mdegC
1594169548:[PRESS ,0038]P  +3521mbar,T+26571mdegC
1594169552:[PRESS ,0038]P  +3531mbar,T  -126mdegC
1594169556:[PRESS ,0038]P  +3541mbar,T+26571mdegC
1594169559:[PRESS ,0038]P  +3541mbar,T  -126mdegC
1594169561:[PRESS ,0038]P  +3561mbar,T-26824mdegC
1594169623:[PRESS ,0038]P  +3731mbar,T+26571mdegC
1594169627:[PRESS ,0038]P  +3741mbar,T  -126mdegC
1594169629:[PRESS ,0038]P  +3751mbar,T+26571mdegC
1594169632:[PRESS ,0038]P  +3751mbar,T  -126mdegC
1594169634:[PRESS ,0038]P  +3761mbar,T+26571mdegC
1594169636:[PRESS ,0038]P  +3761mbar,T  -126mdegC
1594169638:[PRESS ,0038]P  +3781mbar,T-26824mdegC
1594169640:[PRESS ,0038]P  +3771mbar,T  -126mdegC
1594169709:[PRESS ,0038]P  +3951mbar,T+26571mdegC
1594169711:[PRESS ,0038]P  +3951mbar,T  -126mdegC
1594169714:[PRESS ,0038]P  +3961mbar,T-26824mdegC
1594169716:[PRESS ,0038]P  +3981mbar,T  -126mdegC
1594169729:[PRESS ,0038]P  +4001mbar,T-26824mdegC
1594169730:[PRESS ,0038]P  +4011mbar,T  -126mdegC
1594169795:[PRESS ,0038]P  +4221mbar,T-26824mdegC
1594169796:[PRESS ,0038]P  +4221mbar,T  -126mdegC
1594169798:[PRESS ,0038]P  +4231mbar,T-26824mdegC
1594169800:[PRESS ,0038]P  +4241mbar,T  -126mdegC
1594169802:[PRESS ,0038]P  +4251mbar,T-26824mdegC
1594169804:[PRESS ,0038]P  +4251mbar,T  -126mdegC
1594169805:[PRESS ,0038]P  +4261mbar,T-26824mdegC
1594169807:[PRESS ,0038]P  +4271mbar,T  -126mdegC
1594169809:[PRESS ,0038]P  +4271mbar,T+26571mdegC
1594169811:[PRESS ,0038]P  +4271mbar,T  -126mdegC
1594169816:[PRESS ,0038]P  +4281mbar,T+26571mdegC
1594169818:[PRESS ,0038]P  +4291mbar,T  -126mdegC
1594169881:[PRESS ,0038]P  +4491mbar,T-26824mdegC
1594169882:[PRESS ,0038]P  +4491mbar,T  -126mdegC
1594169884:[PRESS ,0038]P  +4491mbar,T+12012mdegC
1594169886:[PRESS ,0038]P  +4501mbar,T  -126mdegC
1594169888:[PRESS ,0038]P  +4501mbar,T+12012mdegC
1594169890:[PRESS ,0038]P  +4501mbar,T-26824mdegC
1594169897:[PRESS ,0038]P  +4521mbar,T  -126mdegC
1594169898:[PRESS ,0038]P  +4521mbar,T-26824mdegC
1594169900:[PRESS ,0038]P  +4531mbar,T  -126mdegC
1594169904:[PRESS ,0038]P  +4531mbar,T-26824mdegC
1594169906:[PRESS ,0038]P  +4541mbar,T  -126mdegC
1594169906:[STAGE ,0213]4541mbar reached at 1594169906s, ref 5000mbar +/-500mbar
1594169966:[PRESS ,0038]P  +4701mbar,T+12012mdegC
1594169966:[BUOY  ,0087]from +3mbar/s to +0mbar/s
1594169966:[BUOY  ,0089]need to transfer +14mL (pump during 17227ms)
1594169975:[PUMP  ,0207]battery 15032mV,   51362uA (warmup), P  +4701mbar
1594169975:[PUMP  ,0016]pump during 17227ms
1594169992:[PUMP  ,0212]battery 14281mV,  300608uA (steady state), P  +4701mbar
1594170030:[PRESS ,0038]P  +4831mbar,T  -126mdegC
1594170034:[PRESS ,0038]P  +4841mbar,T+12012mdegC
1594170036:[PRESS ,0038]P  +4831mbar,T  -126mdegC
1594170038:[PRESS ,0038]P  +4851mbar,T-26824mdegC
1594170039:[PRESS ,0038]P  +4851mbar,T  -126mdegC
1594170041:[PRESS ,0038]P  +4841mbar,T-26824mdegC
1594170047:[PRESS ,0038]P  +4861mbar,T  -126mdegC
1594170050:[PRESS ,0038]P  +4861mbar,T-26824mdegC
1594170054:[PRESS ,0038]P  +4861mbar,T+12012mdegC
1594170056:[PRESS ,0038]P  +4881mbar,T-26824mdegC
1594170116:[PRESS ,0038]P  +4961mbar,T  -126mdegC
1594170177:[PRESS ,0038]P  +5061mbar,T-26824mdegC
1594170177:[BUOY  ,0087]from +2mbar/s to +0mbar/s
1594170177:[BUOY  ,0089]need to transfer +6mL (pump during 7383ms)
1594170185:[PUMP  ,0207]battery 15028mV,   50630uA (warmup), P  +5061mbar
1594170185:[PUMP  ,0016]pump during 7383ms
1594170192:[PUMP  ,0212]battery 14338mV,  318054uA (steady state), P  +5061mbar
1594170241:[PRESS ,0038]P  +5191mbar,T  -126mdegC
1594170243:[PRESS ,0038]P  +5181mbar,T-26824mdegC
1594170246:[PRESS ,0038]P  +5191mbar,T+12012mdegC
1594170248:[PRESS ,0038]P  +5201mbar,T-26824mdegC
1594170250:[PRESS ,0038]P  +5201mbar,T+12012mdegC
1594170252:[PRESS ,0038]P  +5211mbar,T-26824mdegC
1594170254:[PRESS ,0038]P  +5211mbar,T+12012mdegC
1594170261:[PRESS ,0038]P  +5211mbar,T  -126mdegC
1594170263:[PRESS ,0038]P  +5221mbar,T-14688mdegC
1594170264:[PRESS ,0038]P  +5221mbar,T-26824mdegC
1594170266:[PRESS ,0038]P  +5231mbar,T  -126mdegC
1594170266:[BUOY  ,0087]from +2mbar/s to +0mbar/s
1594170266:[BUOY  ,0089]need to transfer +6mL (pump during 7383ms)
1594170274:[PUMP  ,0207]battery 15027mV,   50996uA (warmup), P  +5231mbar
1594170274:[PUMP  ,0016]pump during 7383ms
1594170282:[PUMP  ,0212]battery 14386mV,  312930uA (steady state), P  +5231mbar
1594170330:[PRESS ,0038]P  +5291mbar,T-14688mdegC
1594170332:[PRESS ,0038]P  +5291mbar,T-26824mdegC
1594170337:[PRESS ,0038]P  +5291mbar,T+12012mdegC
1594170341:[PRESS ,0038]P  +5301mbar,T-26824mdegC
1594170345:[PRESS ,0038]P  +5291mbar,T+12012mdegC
1594170346:[PRESS ,0038]P  +5311mbar,T-26824mdegC
1594170352:[PRESS ,0038]P  +5311mbar,T+12012mdegC
1594170354:[PRESS ,0038]P  +5311mbar,T-26824mdegC
1594170355:[PRESS ,0038]P  +5321mbar,T+12012mdegC
1594170355:[BUOY  ,0087]from +1mbar/s to +0mbar/s
1594170355:[BUOY  ,0089]need to transfer +2mL (pump during 2461ms)
1594170364:[PUMP  ,0207]battery 14925mV,   76860uA (warmup), P  +5321mbar
1594170364:[PUMP  ,0016]pump during 2461ms
1594170419:[PRESS ,0038]P  +5331mbar,T-26824mdegC
1594170421:[PRESS ,0038]P  +5311mbar,T+12012mdegC
1594170423:[PRESS ,0038]P  +5321mbar,T-26824mdegC
1594170437:[PRESS ,0038]P  +5311mbar,T+12012mdegC
1594170439:[PRESS ,0038]P  +5311mbar,T  -126mdegC
1594170441:[PRESS ,0038]P  +5311mbar,T+12012mdegC
1594170443:[PRESS ,0038]P  +5311mbar,T-26824mdegC
1594170444:[PRESS ,0038]P  +5311mbar,T+12012mdegC
1594170505:[PRESS ,0038]P  +5301mbar,T-26824mdegC
1594170505:[MAIN  ,0140]stage[0] complete 1805s after mission start
1594170505:[MAIN  ,0056]stage[1]
1594170507:[MAIN  ,0024]internal pressure 84417Pa
1594170508:[PRESS ,0038]P  +5321mbar,T+12012mdegC
1594170508:[BUOY  ,0037]P  +5321mbar
1594170508:[STAGE ,0080]Stage [1] 5000mbar (+/-500mbar) 1800s (<1594172300s) 
1594170510:[PRESS ,0038]P  +5311mbar,T-14688mdegC
1594170510:[STAGE ,0213]5311mbar reached at 1594170510s, ref 5000mbar +/-500mbar
1594170571:[PRESS ,0038]P  +5311mbar,T-26824mdegC
1594170692:[PRESS ,0038]P  +5371mbar,T-26824mdegC
1594170753:[PRESS ,0038]P  +5431mbar,T+12012mdegC
1594170874:[PRESS ,0038]P  +5551mbar,T+12012mdegC
1594170874:<WARN>[BUOY  ,0094]stage[1] should ASCENT, stuck at 5551mbar for the #1 time
1594170874:[BUOY  ,0087]from +0mbar/s to -2mbar/s
1594170874:[BUOY  ,0089]need to transfer +6mL (pump during 7391ms)
1594170883:[PUMP  ,0207]battery 14986mV,   57218uA (warmup), P  +5551mbar
1594170883:[PUMP  ,0016]pump during 7391ms
1594170890:[PUMP  ,0212]battery 14256mV,  325496uA (steady state), P  +5551mbar
1594170938:[PRESS ,0038]P  +5611mbar,T+12012mdegC
1594170940:[PRESS ,0038]P  +5601mbar,T-26824mdegC
1594170942:[PRESS ,0038]P  +5601mbar,T-14688mdegC
1594170944:[PRESS ,0038]P  +5611mbar,T+12012mdegC
1594170947:[PRESS ,0038]P  +5611mbar,T-26824mdegC
1594170951:[PRESS ,0038]P  +5601mbar,T+12012mdegC
1594170960:[PRESS ,0038]P  +5611mbar,T-26824mdegC
1594170962:[PRESS ,0038]P  +5611mbar,T-14688mdegC
1594170963:[PRESS ,0038]P  +5601mbar,T+12012mdegC
1594170963:<WARN>[BUOY  ,0094]stage[1] should ASCENT, stuck at 5601mbar for the #2 time
1594170964:[BUOY  ,0087]from +0mbar/s to -2mbar/s
1594170964:[BUOY  ,0089]need to transfer +6mL (pump during 7391ms)
1594170972:[PUMP  ,0207]battery 15021mV,   50874uA (warmup), P  +5601mbar
1594170972:[PUMP  ,0016]pump during 7391ms
1594170979:[PUMP  ,0212]battery 14381mV,  310734uA (steady state), P  +5601mbar
1594171028:[PRESS ,0038]P  +5551mbar,T-26824mdegC
1594171029:[PRESS ,0038]P  +5561mbar,T+12012mdegC
1594171033:[PRESS ,0038]P  +5551mbar,T-26824mdegC
1594171038:[PRESS ,0038]P  +5541mbar,T+12012mdegC
1594171051:[PRESS ,0038]P  +5531mbar,T-14688mdegC
1594171053:[PRESS ,0038]P  +5541mbar,T+12012mdegC
1594171113:[PRESS ,0038]P  +5431mbar,T+12012mdegC
1594171124:[PRESS ,0038]P  +5421mbar,T-26824mdegC
1594171126:[PRESS ,0038]P  +5411mbar,T+12012mdegC
1594171129:[PRESS ,0038]P  +5411mbar,T-14688mdegC
1594171131:[PRESS ,0038]P  +5401mbar,T+12012mdegC
1594171199:[PRESS ,0038]P  +5321mbar,T+12012mdegC
1594171260:[PRESS ,0038]P  +5241mbar,T+12012mdegC
1594171381:[PRESS ,0038]P  +5181mbar,T+12012mdegC
1594171442:[PRESS ,0038]P  +5191mbar,T-14688mdegC
1594171563:[PRESS ,0038]P  +5231mbar,T+12012mdegC
1594171624:[PRESS ,0038]P  +5261mbar,T-14688mdegC
1594171684:[PRESS ,0038]P  +5261mbar,T+12012mdegC
1594171806:[PRESS ,0038]P  +5291mbar,T-14688mdegC
1594171927:[PRESS ,0038]P  +5281mbar,T+12012mdegC
1594171988:[PRESS ,0038]P  +5281mbar,T-14688mdegC
1594172048:[PRESS ,0038]P  +5261mbar,T+12012mdegC
1594172109:[PRESS ,0038]P  +5271mbar,T-14688mdegC
1594172170:[PRESS ,0038]P  +5291mbar,T+12012mdegC
1594172230:[PRESS ,0038]P  +5311mbar,T-14688mdegC
1594172352:[PRESS ,0038]P  +5401mbar,T+12012mdegC
1594172352:[MAIN  ,0140]stage[1] complete 3652s after mission start
1594172352:[MRMAID,0188]acq already stopped
1594172412:[MSSION,0192]mission stopped, 2 stage(s) done
1594172412:[MAIN  ,0065]surfacing
1594172414:[PRESS ,0038]P  +5441mbar,T-14688mdegC
1594172414:[SURFIN,0036]P  +5441mbar
1594172422:[PUMP  ,0207]battery 14850mV,   75152uA (warmup), P  +5441mbar
1594172422:[PUMP  ,0016]pump during 60000ms
1594172481:[PUMP  ,0212]battery 14205mV,  316224uA (steady state), P  +5441mbar
1594172539:[PRESS ,0038]P  +5121mbar,T+12012mdegC
1594172541:[PRESS ,0038]P  +5111mbar,T+24145mdegC
1594172543:[PRESS ,0038]P  +5101mbar,T+12012mdegC
1594172546:[PRESS ,0038]P  +5081mbar,T-14688mdegC
1594172548:[PRESS ,0038]P  +5081mbar,T+12012mdegC
1594172550:[PRESS ,0038]P  +5081mbar,T-14688mdegC
1594172553:[PRESS ,0038]P  +5061mbar,T+12012mdegC
1594172555:[PRESS ,0038]P  +5061mbar,T-14688mdegC
1594172557:[PRESS ,0038]P  +5051mbar,T+12012mdegC
1594172559:[PRESS ,0038]P  +5051mbar,T+24145mdegC
1594172561:[PRESS ,0038]P  +5031mbar,T-14688mdegC
1594172572:[PUMP  ,0207]battery 14947mV,   51850uA (warmup), P  +5011mbar
1594172572:[PUMP  ,0016]pump during 60000ms
1594172631:[PUMP  ,0212]battery 14335mV,  318176uA (steady state), P  +5011mbar
1594172689:[PRESS ,0038]P  +4311mbar,T+12012mdegC
1594172691:[PRESS ,0038]P  +4311mbar,T-14688mdegC
1594172696:[PRESS ,0038]P  +4261mbar,T -2558mdegC
1594172698:[PRESS ,0038]P  +4261mbar,T+24145mdegC
1594172700:[PRESS ,0038]P  +4241mbar,T+12012mdegC
1594172702:[PRESS ,0038]P  +4241mbar,T+24145mdegC
1594172703:[PRESS ,0038]P  +4231mbar,T-14688mdegC
1594172705:[PRESS ,0038]P  +4211mbar,T+24145mdegC
1594172707:[PRESS ,0038]P  +4201mbar,T+12012mdegC
1594172709:[PRESS ,0038]P  +4191mbar,T-14688mdegC
1594172711:[PRESS ,0038]P  +4181mbar,T+12012mdegC
1594172712:[PRESS ,0038]P  +4181mbar,T+24145mdegC
1594172714:[PRESS ,0038]P  +4161mbar,T-14688mdegC
1594172722:[PUMP  ,0207]battery 14942mV,   49410uA (warmup), P  +4161mbar
1594172723:[PUMP  ,0016]pump during 60000ms
1594172781:[PUMP  ,0212]battery 14283mV,  309514uA (steady state), P  +4161mbar
1594172839:[PRESS ,0038]P  +3321mbar,T+12012mdegC
1594172845:[PRESS ,0038]P  +3271mbar,T-14688mdegC
1594172846:[PRESS ,0038]P  +3271mbar,T+12012mdegC
1594172852:[PRESS ,0038]P  +3231mbar,T+24145mdegC
1594172853:[PRESS ,0038]P  +3221mbar,T-14688mdegC
1594172862:[PRESS ,0038]P  +3161mbar,T-14688mdegC
1594172872:[PUMP  ,0207]battery 14937mV,   50142uA (warmup), P  +3141mbar
1594172872:[PUMP  ,0016]pump during 60000ms
1594172931:[PUMP  ,0212]battery 14263mV,  316590uA (steady state), P  +3141mbar
1594172989:[PRESS ,0038]P  +2241mbar,T+12012mdegC
1594172991:[PRESS ,0038]P  +2241mbar,T-14688mdegC
1594172993:[PRESS ,0038]P  +2211mbar,T+12012mdegC
1594172996:[PRESS ,0038]P  +2181mbar,T-14688mdegC
1594172998:[PRESS ,0038]P  +2171mbar,T+12012mdegC
1594173002:[PRESS ,0038]P  +2151mbar,T-14688mdegC
1594173005:[PRESS ,0038]P  +2121mbar,T+12012mdegC
1594173007:[PRESS ,0038]P  +2121mbar,T-14688mdegC
1594173011:[PRESS ,0038]P  +2091mbar,T+12012mdegC
1594173012:[PRESS ,0038]P  +2071mbar,T+24145mdegC
1594173014:[PRESS ,0038]P  +2071mbar,T+12012mdegC
1594173022:[PUMP  ,0207]battery 14855mV,   76006uA (warmup), P  +2071mbar
1594173022:[PUMP  ,0016]pump during 60000ms
1594173081:[PUMP  ,0212]battery 14271mV,  318054uA (steady state), P  +2071mbar
1594173139:[PRESS ,0038]P  +1181mbar,T-14688mdegC
1594173146:[PRESS ,0038]P  +1121mbar,T+12012mdegC
1594173148:[PRESS ,0038]P  +1111mbar,T-14688mdegC
1594173155:[PRESS ,0038]P  +1081mbar,T+24145mdegC
1594173157:[PRESS ,0038]P  +1051mbar,T-14688mdegC
1594173160:[PRESS ,0038]P  +1031mbar,T+24145mdegC
1594173162:[PRESS ,0038]P  +1021mbar,T-14688mdegC
1594173172:[PUMP  ,0207]battery 14910mV,   61122uA (warmup), P  +1001mbar
1594173172:[PUMP  ,0016]pump during 60000ms
1594173231:[PUMP  ,0212]battery 14318mV,  294752uA (steady state), P  +1001mbar
1594173289:[PRESS ,0038]P   +231mbar,T-14688mdegC
1594173291:[PRESS ,0038]P   +211mbar,T+12012mdegC
1594173293:[PRESS ,0038]P   +201mbar,T-14688mdegC
1594173298:[PRESS ,0038]P   +171mbar,T+12012mdegC
1594173301:[PRESS ,0038]P   +151mbar,T-14688mdegC
1594173305:[PRESS ,0038]P   +131mbar,T+12012mdegC
1594173307:[PRESS ,0038]P   +121mbar,T-14688mdegC
1594173316:[PRESS ,0038]P    +61mbar,T-14688mdegC
1594173318:[SURFIN,0020]filling external bladder
1594173326:[PUMP  ,0207]battery 14890mV,   66124uA (warmup), P    +51mbar
1594173326:[PUMP  ,0016]pump during 300000ms
1594173624:[PUMP  ,0212]battery 13903mV,  915000uA (steady state), P    +51mbar
1594173635:[PUMP  ,0207]battery 14558mV,   74298uA (warmup), P    +51mbar
1594173635:[PUMP  ,0016]pump during 300000ms
1594173762:[PUMP  ,0212]battery 13848mV,  907314uA (steady state), P    +51mbar
1594173764:[SURFIN,0019]external bladder full
1594173766:[PRESS ,0038]P   +150mbar,T-26824mdegC
1594173777:[PRESS ,0038]P   +150mbar,T+12012mdegC
1594173779:[PRESS ,0038]P   +150mbar,T-26824mdegC
1594173780:[PRESS ,0038]P   +160mbar,T+12012mdegC
1594173782:[PRESS ,0038]P   +160mbar,T-26824mdegC
1594173788:[PRESS ,0038]P   +150mbar,T+12012mdegC
1594173827:[MAIN  ,0272]Vbat 14827mV (min 14382mV)
1594173829:[MAIN  ,0024]internal pressure 81812Pa
1594173829:[MAIN  ,0043]Pext 153mbar (rng 10mbar)
1594173829:[MAIN  ,0064]surface
1594173836:[SURF  ,0022]GPS fix...
1594173839:<WARN>[GPSFIX,0123]GPRMC ms=100 #1
1594173887:[SURF  ,0015]10 PPS detected...
1594173888:[MRMAID,0052]Mermaid $GPSACK:+0,+0,+0,+0,+0,+0,-1617;
1594173898:[MRMAID,0052]Mermaid $GPSOFF:3686340;
1594173899:[GPSFIX,0179]-1s diff
1594173900:[SURF  ,0222]2020-07-08T02:05:00
1594173900:[SURF  ,0082]Latitude : N43deg40.939mn, Longitude :E007deg19.176mn
1594173900:[SURF  ,0223]fix3D,6satellites
1594173900:[SURF  ,0084]GPS fix GPGSA : hdop1.250,vdop1.670
1594173910:[SURF  ,0274]last almanac : 4300495
1594173923:[MRMAID,0026]1555 bytes in 0014/5F0529DB.MER
1594173928:[MAIN  ,0320]New pressure offset: 153mbar
1594173928:[LOGBIN,0078]*** switching to 0014/5F0529E8 ***
