1591878785:[MAIN  ,0007]buoy 452.210-P-0014
1591878785:[MAIN  ,0055]soft pilotage 452.012.300_V2.18-20200518
1591878785:[MAIN  ,0010]cycle 3
1591878785:[SURF  ,0225]surface2
1591878792:[SURF  ,0022]GPS fix...
1591878794:<WARN>[GPSFIX,0123]GPRMC ms=650 #1
1591878833:[SURF  ,0015]10 PPS detected...
1591878834:[MRMAID,0052]Mermaid $GPSACK:+0,+0,+0,+0,+0,+0,+0;
1591878844:[MRMAID,0052]Mermaid $GPSOFF:3686342;
1591878846:[GPSFIX,0179]+0s diff
1591878846:[SURF  ,0222]2020-06-11T12:34:06
1591878846:[SURF  ,0082]Latitude : N43deg10.894mn, Longitude :E005deg27.953mn
1591878846:[SURF  ,0223]fix3D,10satellites
1591878846:[SURF  ,0084]GPS fix GPGSA : hdop0.940,vdop1.050
1591878856:[SURF  ,0025]Iridium...
1591878889:[SURF  ,0009]connected in 33s, signal quality 5
1591878941:[SURF  ,0218]prompt received, remote cmd end
1591878941:[SURF  ,0012]15 cmd(s) received
1591878961:[UPLOAD,0248]Upload data files...
1591878977:[UPLOAD,0231]"0014/5EE22473.MER" uploaded at 142bytes/s
1591879550:<ERR>[ZIO   ,0085]grabber not running (-1)
1591879555:[SURF  ,0014]disconnected after 699s
1591879560:[SURFIN,0020]filling external bladder
1591879569:[PUMP  ,0207]battery 14856mV,   48434uA (warmup), P   +160mbar
1591879569:[PUMP  ,0016]pump during 300000ms
1591879577:[PUMP  ,0212]battery 13832mV,  911340uA (steady state), P   +160mbar
1591879579:[SURFIN,0019]external bladder full
1591879579:[SURF  ,0319]transfer interrupted
1591879585:[SURF  ,0022]GPS fix...
1591879597:<WARN>[GPSFIX,0123]GPRMC ms=530 #1
1591879643:[SURF  ,0015]10 PPS detected...
1591879644:[MRMAID,0052]Mermaid $GPSACK:+0,+0,+0,+0,+0,+1,-999969;
1591879654:[MRMAID,0052]Mermaid $GPSOFF:3686342;
1591879655:[GPSFIX,0179]-1s diff
1591879656:[SURF  ,0222]2020-06-11T12:47:36
1591879656:[SURF  ,0082]Latitude : N43deg10.853mn, Longitude :E005deg27.818mn
1591879656:[SURF  ,0223]fix3D,7satellites
1591879656:[SURF  ,0084]GPS fix GPGSA : hdop1.880,vdop2.070
1591879673:[MAIN  ,0024]internal pressure 76391Pa
1591879674:[BYCMD ,0107]    FreeRTOS V8.2.3
1591879674:[BYCMD ,0108]    FatFS v11a
1591879674:[BYCMD ,0120]    bypass 10000ms 60000ms (20000ms 60000ms stored)
1591879674:[BYCMD ,0121]    valve 60000ms 12750 (60000ms 12750 stored)
1591879674:[BYCMD ,0122]    pump 60000ms 30% 10750 80% (60000ms 30% 10750 80% stored)
1591879674:[BYCMD ,0123]    rate 2mbar/s (2mbar/s stored)
1591879674:[BYCMD ,0124]    surface 500mbar (500mbar stored)
1591879674:[BYCMD ,0125]    near 1500mbar 3mbar/s (15000mbar 3mbar/s stored)
1591879674:[BYCMD ,0126]    far 2500mbar 4mbar/s (25000mbar 4mbar/s stored)
1591879674:[BYCMD ,0127]    ascent 8mbar/s (8mbar/s stored)
1591879674:[BYCMD ,0128]    dead 60s (300s stored)
1591879674:[BYCMD ,0129]    coeff 16/10 (16/10 stored)
1591879674:[BYCMD ,0130]    stab 10 (10 stored)
1591879674:[BYCMD ,0131]    delay 900s 3600s (900s 3600s stored)
1591879674:[BYCMD ,0132]    mmtime 2880min (2880min stored)
1591879674:[BYCMD ,0133]    dv_landing 100ml (100ml stored)
1591879674:[MKDCMD,0150]    p2t37: 15x2000ms, offset 157mbar
1591879674:[P2TCMD,0151]    p2t37: dp -1mbar, dt 1000000mdegC
1591879675:[STAGE ,0080]Stage [0] 8000mbar (+/-500mbar) 3960s (<3960s) 
1591879675:[STAGE ,0080]Stage [1] 8000mbar (+/-500mbar) 300s (<4260s) 
1591879675:[MAIN  ,0070]turn off bluetooth
1591879677:[PRESS ,0038]P    +13mbar,T -2558mdegC
1591879679:[PRESS ,0038]P    +23mbar,T -2558mdegC
1591879681:[PRESS ,0038]P    +23mbar,T-29262mdegC
1591879683:[PRESS ,0038]P    +23mbar,T -2558mdegC
1591879685:[PRESS ,0038]P    +13mbar,T+24145mdegC
1591879686:[PRESS ,0038]P    +23mbar,T-29262mdegC
1591879688:[PRESS ,0038]P    +23mbar,T -2558mdegC
1591879690:[PRESS ,0038]P    +13mbar,T -2558mdegC
1591879692:[PRESS ,0038]P    +13mbar,T+24145mdegC
1591879694:[PRESS ,0038]P    +13mbar,T-29262mdegC
1591879695:[PRESS ,0038]P    +13mbar,T -2558mdegC
1591879697:[PRESS ,0038]P    +13mbar,T -2558mdegC
1591879699:[PRESS ,0038]P    +13mbar,T -2558mdegC
1591879701:[PRESS ,0038]P    +23mbar,T-29262mdegC
1591879703:[PRESS ,0038]P    +23mbar,T-29262mdegC
1591879703:[DIVING,0141]diving from 23mbar, +0mbar/s
1591879703:[BYPASS,0035]bypass opening 60000ms
1591879708:[BYPASS,0104]battery 14366mV,  271450uA (bypass opening), P    +23mbar
1591879773:[BYPASS,0106]battery 14311mV,  296094uA (bypass closing), P    +23mbar
1591879775:[PRESS ,0038]P    +43mbar,T -2558mdegC
1591879776:[PRESS ,0038]P    +53mbar,T-29262mdegC
1591879778:[PRESS ,0038]P    +53mbar,T-29262mdegC
1591879780:[PRESS ,0038]P    +63mbar,T+24145mdegC
1591879782:[PRESS ,0038]P    +73mbar,T -2558mdegC
1591879784:[PRESS ,0038]P    +73mbar,T -2558mdegC
1591879785:[PRESS ,0038]P    +83mbar,T -2558mdegC
1591879787:[PRESS ,0038]P    +83mbar,T -2558mdegC
1591879789:[PRESS ,0038]P    +83mbar,T -2558mdegC
1591879791:[PRESS ,0038]P    +93mbar,T -2558mdegC
1591879793:[PRESS ,0038]P   +103mbar,T -2558mdegC
1591879794:[PRESS ,0038]P   +103mbar,T -2558mdegC
1591879796:[PRESS ,0038]P   +113mbar,T -2558mdegC
1591879798:[PRESS ,0038]P   +123mbar,T-29262mdegC
1591879800:[PRESS ,0038]P   +133mbar,T-29262mdegC
1591879803:[PRESS ,0038]P   +153mbar,T -2558mdegC
1591879805:[PRESS ,0038]P   +173mbar,T-29262mdegC
1591879808:[PRESS ,0038]P   +173mbar,T+24145mdegC
1591879811:[PRESS ,0038]P   +183mbar,T-29262mdegC
1591879814:[PRESS ,0038]P   +193mbar,T-29262mdegC
1591879817:[PRESS ,0038]P   +223mbar,T -2558mdegC
1591879820:[PRESS ,0038]P   +223mbar,T -2558mdegC
1591879822:[PRESS ,0038]P   +233mbar,T-29262mdegC
1591879825:[PRESS ,0038]P   +233mbar,T-29262mdegC
1591879828:[PRESS ,0038]P   +243mbar,T -2558mdegC
1591879831:[PRESS ,0038]P   +253mbar,T -2558mdegC
1591879834:[PRESS ,0038]P   +273mbar,T -2558mdegC
1591879836:[PRESS ,0038]P   +263mbar,T -2558mdegC
1591879839:[PRESS ,0038]P   +283mbar,T-29262mdegC
1591879842:[PRESS ,0038]P   +283mbar,T -2558mdegC
1591879845:[PRESS ,0038]P   +293mbar,T -2558mdegC
1591879848:[PRESS ,0038]P   +313mbar,T -2558mdegC
1591879850:[PRESS ,0038]P   +323mbar,T -2558mdegC
1591879853:[PRESS ,0038]P   +323mbar,T-29262mdegC
1591879856:[PRESS ,0038]P   +333mbar,T -2558mdegC
1591879859:[PRESS ,0038]P   +353mbar,T -2558mdegC
1591879862:[PRESS ,0038]P   +363mbar,T -2558mdegC
1591879864:[PRESS ,0038]P   +373mbar,T-29262mdegC
1591879867:[PRESS ,0038]P   +393mbar,T +9568mdegC
1591879870:[PRESS ,0038]P   +403mbar,T -2558mdegC
1591879873:[PRESS ,0038]P   +413mbar,T +9568mdegC
1591879876:[PRESS ,0038]P   +423mbar,T -2558mdegC
1591879878:[PRESS ,0038]P   +443mbar,T -2558mdegC
1591879881:[PRESS ,0038]P   +463mbar,T -2558mdegC
1591879884:[PRESS ,0038]P   +463mbar,T -2558mdegC
1591879887:[PRESS ,0038]P   +473mbar,T -2558mdegC
1591879890:[PRESS ,0038]P   +493mbar,T -2558mdegC
1591879892:[PRESS ,0038]P   +493mbar,T-29262mdegC
1591879895:[PRESS ,0038]P   +503mbar,T-29262mdegC
1591879897:[PRESS ,0038]P   +513mbar,T-29262mdegC
1591879897:[DIVING,0028]513mbar reached (+4mbar/s), 1 bypass done
1591879898:[MAIN  ,0056]stage[0]
1591879900:[MAIN  ,0024]internal pressure 77479Pa
1591879901:[PRESS ,0038]P   +513mbar,T -2558mdegC
1591879901:[BUOY  ,0037]P   +513mbar
1591879901:[STAGE ,0080]Stage [0] 8000mbar (+/-500mbar) 3960s (<1591883857s) 
1591879903:[PRESS ,0038]P   +523mbar,T -2558mdegC
1591879963:[PRESS ,0038]P   +793mbar,T+24145mdegC
1591879965:[PRESS ,0038]P   +793mbar,T -2558mdegC
1591879967:[PRESS ,0038]P   +803mbar,T -2558mdegC
1591879969:[PRESS ,0038]P   +803mbar,T -2558mdegC
1591879970:[PRESS ,0038]P   +813mbar,T-29262mdegC
1591879972:[PRESS ,0038]P   +823mbar,T+24145mdegC
1591879974:[PRESS ,0038]P   +833mbar,T -2558mdegC
1591879976:[PRESS ,0038]P   +843mbar,T -2558mdegC
1591879978:[PRESS ,0038]P   +863mbar,T +9568mdegC
1591879979:[PRESS ,0038]P   +863mbar,T -2558mdegC
1591879981:[PRESS ,0038]P   +873mbar,T +9568mdegC
1591879983:[PRESS ,0038]P   +873mbar,T -2558mdegC
1591879985:[PRESS ,0038]P   +873mbar,T-29262mdegC
1591879987:[PRESS ,0038]P   +873mbar,T -2558mdegC
1591879988:[PRESS ,0038]P   +893mbar,T -2558mdegC
1591880049:[PRESS ,0038]P   +983mbar,T-29262mdegC
1591880051:[PRESS ,0038]P   +983mbar,T -2558mdegC
1591880053:[PRESS ,0038]P  +1003mbar,T -2558mdegC
1591880055:[PRESS ,0038]P  +1003mbar,T -2558mdegC
1591880056:[PRESS ,0038]P  +1013mbar,T+24145mdegC
1591880058:[PRESS ,0038]P  +1013mbar,T+24145mdegC
1591880060:[PRESS ,0038]P  +1023mbar,T-29262mdegC
1591880062:[PRESS ,0038]P  +1023mbar,T -2558mdegC
1591880064:[PRESS ,0038]P  +1033mbar,T-29262mdegC
1591880065:[PRESS ,0038]P  +1033mbar,T-29262mdegC
1591880067:[PRESS ,0038]P  +1043mbar,T-29262mdegC
1591880069:[PRESS ,0038]P  +1063mbar,T -2558mdegC
1591880071:[PRESS ,0038]P  +1073mbar,T -2558mdegC
1591880073:[PRESS ,0038]P  +1063mbar,T-29262mdegC
1591880074:[PRESS ,0038]P  +1083mbar,T-29262mdegC
1591880135:[PRESS ,0038]P  +1333mbar,T-29262mdegC
1591880137:[PRESS ,0038]P  +1333mbar,T -2558mdegC
1591880139:[PRESS ,0038]P  +1353mbar,T -2558mdegC
1591880141:[PRESS ,0038]P  +1353mbar,T-29262mdegC
1591880142:[PRESS ,0038]P  +1353mbar,T+24145mdegC
1591880144:[PRESS ,0038]P  +1363mbar,T-29262mdegC
1591880146:[PRESS ,0038]P  +1363mbar,T -2558mdegC
1591880148:[PRESS ,0038]P  +1373mbar,T -2558mdegC
1591880150:[PRESS ,0038]P  +1373mbar,T -2558mdegC
1591880151:[PRESS ,0038]P  +1383mbar,T +9568mdegC
1591880153:[PRESS ,0038]P  +1393mbar,T-29262mdegC
1591880155:[PRESS ,0038]P  +1393mbar,T-29262mdegC
1591880157:[PRESS ,0038]P  +1403mbar,T +9568mdegC
1591880159:[PRESS ,0038]P  +1393mbar,T-29262mdegC
1591880160:[PRESS ,0038]P  +1413mbar,T-29262mdegC
1591880221:[PRESS ,0038]P  +1413mbar,T+24145mdegC
1591880223:[PRESS ,0038]P  +1413mbar,T -2558mdegC
1591880225:[PRESS ,0038]P  +1393mbar,T -2558mdegC
1591880227:[PRESS ,0038]P  +1403mbar,T -2558mdegC
1591880228:[PRESS ,0038]P  +1393mbar,T -2558mdegC
1591880230:[PRESS ,0038]P  +1383mbar,T -2558mdegC
1591880232:[PRESS ,0038]P  +1403mbar,T -2558mdegC
1591880234:[PRESS ,0038]P  +1393mbar,T -2558mdegC
1591880236:[PRESS ,0038]P  +1393mbar,T +9568mdegC
1591880237:[PRESS ,0038]P  +1393mbar,T -2558mdegC
1591880239:[PRESS ,0038]P  +1393mbar,T-29262mdegC
1591880241:[PRESS ,0038]P  +1393mbar,T -2558mdegC
1591880243:[PRESS ,0038]P  +1393mbar,T-29262mdegC
1591880245:[PRESS ,0038]P  +1393mbar,T-29262mdegC
1591880246:[PRESS ,0038]P  +1403mbar,T-29262mdegC
1591880246:<WARN>[BUOY  ,0094]stage[0] should DESCENT, stuck at 1403mbar for the #1 time
1591880246:[BUOY  ,0087]from +0mbar/s to +4mbar/s
1591880247:[BUOY  ,0090]need to transfer -26mL (valve during 8959ms)
1591880247:[VALVE ,0034]valve opening 8959ms
1591880256:[VALVE ,0234]battery 13853mV,  472994uA, P  +1403mbar
1591880307:[PRESS ,0038]P  +1383mbar,T-29262mdegC
1591880309:[PRESS ,0038]P  +1373mbar,T -2558mdegC
1591880311:[PRESS ,0038]P  +1373mbar,T -2558mdegC
1591880313:[PRESS ,0038]P  +1363mbar,T-29262mdegC
1591880315:[PRESS ,0038]P  +1373mbar,T -2558mdegC
1591880316:[PRESS ,0038]P  +1363mbar,T+24145mdegC
1591880318:[PRESS ,0038]P  +1363mbar,T+24145mdegC
1591880320:[PRESS ,0038]P  +1363mbar,T -2558mdegC
1591880322:[PRESS ,0038]P  +1363mbar,T -2558mdegC
1591880324:[PRESS ,0038]P  +1353mbar,T-29262mdegC
1591880325:[PRESS ,0038]P  +1363mbar,T-29262mdegC
1591880327:[PRESS ,0038]P  +1353mbar,T -2558mdegC
1591880329:[PRESS ,0038]P  +1363mbar,T-29262mdegC
1591880331:[PRESS ,0038]P  +1343mbar,T-29262mdegC
1591880333:[PRESS ,0038]P  +1353mbar,T +9568mdegC
1591880333:<WARN>[BUOY  ,0094]stage[0] should DESCENT, stuck at 1353mbar for the #2 time
1591880333:[BUOY  ,0087]from -1mbar/s to +4mbar/s
1591880333:[BUOY  ,0090]need to transfer -28mL (valve during 9917ms)
1591880333:[VALVE ,0034]valve opening 9917ms
1591880343:[VALVE ,0234]battery 13982mV,  476044uA, P  +1353mbar
1591880394:[PRESS ,0038]P  +1493mbar,T-29262mdegC
1591880395:[PRESS ,0038]P  +1493mbar,T-29262mdegC
1591880397:[PRESS ,0038]P  +1493mbar,T +9568mdegC
1591880399:[PRESS ,0038]P  +1493mbar,T+24145mdegC
1591880401:[PRESS ,0038]P  +1503mbar,T -2558mdegC
1591880403:[PRESS ,0038]P  +1493mbar,T -2558mdegC
1591880404:[PRESS ,0038]P  +1493mbar,T -2558mdegC
1591880406:[PRESS ,0038]P  +1493mbar,T-29262mdegC
1591880408:[PRESS ,0038]P  +1503mbar,T -2558mdegC
1591880410:[PRESS ,0038]P  +1513mbar,T-29262mdegC
1591880412:[PRESS ,0038]P  +1513mbar,T-29262mdegC
1591880413:[PRESS ,0038]P  +1513mbar,T +9568mdegC
1591880415:[PRESS ,0038]P  +1503mbar,T-29262mdegC
1591880417:[PRESS ,0038]P  +1523mbar,T -2558mdegC
1591880419:[PRESS ,0038]P  +1533mbar,T -2558mdegC
1591880419:[BUOY  ,0087]from +1mbar/s to +4mbar/s
1591880419:[BUOY  ,0090]need to transfer -24mL (valve during 7846ms)
1591880419:[VALVE ,0034]valve opening 7846ms
1591880427:[VALVE ,0234]battery 13981mV,  473726uA, P  +1533mbar
1591880480:[PRESS ,0038]P  +1673mbar,T -2558mdegC
1591880481:[PRESS ,0038]P  +1683mbar,T+24145mdegC
1591880483:[PRESS ,0038]P  +1683mbar,T -2558mdegC
1591880485:[PRESS ,0038]P  +1703mbar,T+24145mdegC
1591880487:[PRESS ,0038]P  +1713mbar,T-29262mdegC
1591880489:[PRESS ,0038]P  +1713mbar,T -2558mdegC
1591880491:[PRESS ,0038]P  +1733mbar,T-29262mdegC
1591880492:[PRESS ,0038]P  +1713mbar,T-29262mdegC
1591880494:[PRESS ,0038]P  +1733mbar,T-29262mdegC
1591880496:[PRESS ,0038]P  +1733mbar,T-29262mdegC
1591880498:[PRESS ,0038]P  +1743mbar,T-29262mdegC
1591880500:[PRESS ,0038]P  +1753mbar,T +9568mdegC
1591880501:[PRESS ,0038]P  +1763mbar,T-29262mdegC
1591880503:[PRESS ,0038]P  +1773mbar,T-29262mdegC
1591880505:[PRESS ,0038]P  +1773mbar,T-29262mdegC
1591880566:[PRESS ,0038]P  +1853mbar,T -2558mdegC
1591880567:[PRESS ,0038]P  +1843mbar,T -2558mdegC
1591880569:[PRESS ,0038]P  +1843mbar,T -2558mdegC
1591880571:[PRESS ,0038]P  +1843mbar,T-29262mdegC
1591880573:[PRESS ,0038]P  +1863mbar,T-29262mdegC
1591880575:[PRESS ,0038]P  +1873mbar,T -2558mdegC
1591880577:[PRESS ,0038]P  +1873mbar,T-29262mdegC
1591880578:[PRESS ,0038]P  +1863mbar,T +9568mdegC
1591880580:[PRESS ,0038]P  +1863mbar,T-29262mdegC
1591880582:[PRESS ,0038]P  +1873mbar,T-29262mdegC
1591880584:[PRESS ,0038]P  +1873mbar,T +9568mdegC
1591880586:[PRESS ,0038]P  +1883mbar,T-29262mdegC
1591880587:[PRESS ,0038]P  +1883mbar,T-29262mdegC
1591880589:[PRESS ,0038]P  +1873mbar,T +9568mdegC
1591880591:[PRESS ,0038]P  +1883mbar,T +9568mdegC
1591880591:[BUOY  ,0087]from +2mbar/s to +4mbar/s
1591880591:[BUOY  ,0090]need to transfer -20mL (valve during 5930ms)
1591880591:[VALVE ,0034]valve opening 5930ms
1591880597:[VALVE ,0234]battery 13918mV,  487390uA, P  +1883mbar
1591880652:[PRESS ,0038]P  +2033mbar,T-29262mdegC
1591880654:[PRESS ,0038]P  +2043mbar,T -2558mdegC
1591880655:[PRESS ,0038]P  +2043mbar,T-29262mdegC
1591880657:[PRESS ,0038]P  +2053mbar,T -2558mdegC
1591880659:[PRESS ,0038]P  +2043mbar,T -2558mdegC
1591880661:[PRESS ,0038]P  +2063mbar,T -2558mdegC
1591880663:[PRESS ,0038]P  +2063mbar,T-29262mdegC
1591880664:[PRESS ,0038]P  +2063mbar,T-29262mdegC
1591880666:[PRESS ,0038]P  +2073mbar,T-29262mdegC
1591880668:[PRESS ,0038]P  +2073mbar,T +9568mdegC
1591880670:[PRESS ,0038]P  +2083mbar,T-29262mdegC
1591880672:[PRESS ,0038]P  +2103mbar,T-29262mdegC
1591880674:[PRESS ,0038]P  +2103mbar,T-29262mdegC
1591880675:[PRESS ,0038]P  +2113mbar,T-29262mdegC
1591880677:[PRESS ,0038]P  +2123mbar,T-29262mdegC
1591880738:[PRESS ,0038]P  +2253mbar,T+24145mdegC
1591880740:[PRESS ,0038]P  +2253mbar,T-29262mdegC
1591880741:[PRESS ,0038]P  +2253mbar,T -2558mdegC
1591880743:[PRESS ,0038]P  +2263mbar,T -2558mdegC
1591880745:[PRESS ,0038]P  +2263mbar,T -2558mdegC
1591880747:[PRESS ,0038]P  +2253mbar,T -2558mdegC
1591880749:[PRESS ,0038]P  +2273mbar,T -2558mdegC
1591880750:[PRESS ,0038]P  +2273mbar,T-29262mdegC
1591880752:[PRESS ,0038]P  +2263mbar,T-29262mdegC
1591880754:[PRESS ,0038]P  +2263mbar,T-29262mdegC
1591880756:[PRESS ,0038]P  +2273mbar,T-29262mdegC
1591880758:[PRESS ,0038]P  +2263mbar,T-29262mdegC
1591880759:[PRESS ,0038]P  +2283mbar,T -2558mdegC
1591880761:[PRESS ,0038]P  +2273mbar,T-29262mdegC
1591880763:[PRESS ,0038]P  +2283mbar,T -2558mdegC
1591880763:[BUOY  ,0087]from +1mbar/s to +4mbar/s
1591880763:[BUOY  ,0090]need to transfer -24mL (valve during 6511ms)
1591880763:[VALVE ,0034]valve opening 6511ms
1591880770:[VALVE ,0234]battery 13952mV,  478118uA, P  +2283mbar
1591880824:[PRESS ,0038]P  +2443mbar,T-29262mdegC
1591880826:[PRESS ,0038]P  +2443mbar,T -2558mdegC
1591880828:[PRESS ,0038]P  +2463mbar,T -2558mdegC
1591880829:[PRESS ,0038]P  +2463mbar,T -2558mdegC
1591880831:[PRESS ,0038]P  +2463mbar,T-29262mdegC
1591880833:[PRESS ,0038]P  +2473mbar,T-29262mdegC
1591880835:[PRESS ,0038]P  +2473mbar,T +9568mdegC
1591880837:[PRESS ,0038]P  +2473mbar,T -2558mdegC
1591880838:[PRESS ,0038]P  +2483mbar,T +9568mdegC
1591880840:[PRESS ,0038]P  +2493mbar,T-29262mdegC
1591880842:[PRESS ,0038]P  +2493mbar,T-29262mdegC
1591880844:[PRESS ,0038]P  +2483mbar,T -2558mdegC
1591880846:[PRESS ,0038]P  +2503mbar,T-29262mdegC
1591880847:[PRESS ,0038]P  +2513mbar,T-29262mdegC
1591880849:[PRESS ,0038]P  +2513mbar,T-29262mdegC
1591880910:[PRESS ,0038]P  +2453mbar,T-29262mdegC
1591880912:[PRESS ,0038]P  +2453mbar,T -2558mdegC
1591880914:[PRESS ,0038]P  +2433mbar,T-29262mdegC
1591880915:[PRESS ,0038]P  +2423mbar,T -2558mdegC
1591880917:[PRESS ,0038]P  +2413mbar,T -2558mdegC
1591880919:[PRESS ,0038]P  +2403mbar,T -2558mdegC
1591880921:[PRESS ,0038]P  +2393mbar,T -2558mdegC
1591880923:[PRESS ,0038]P  +2383mbar,T-29262mdegC
1591880924:[PRESS ,0038]P  +2373mbar,T -2558mdegC
1591880926:[PRESS ,0038]P  +2363mbar,T-29262mdegC
1591880928:[PRESS ,0038]P  +2363mbar,T-29262mdegC
1591880930:[PRESS ,0038]P  +2363mbar,T +9568mdegC
1591880932:[PRESS ,0038]P  +2363mbar,T-29262mdegC
1591880933:[PRESS ,0038]P  +2353mbar,T-29262mdegC
1591880935:[PRESS ,0038]P  +2343mbar,T-29262mdegC
1591880935:<WARN>[BUOY  ,0094]stage[0] should DESCENT, stuck at 2343mbar for the #1 time
1591880935:[BUOY  ,0087]from -4mbar/s to +4mbar/s
1591880935:[BUOY  ,0090]need to transfer -52mL (valve during 13813ms)
1591880935:[VALVE ,0034]valve opening 13813ms
1591880949:[VALVE ,0234]battery 13945mV,  478118uA, P  +2343mbar
1591880996:[PRESS ,0038]P  +2283mbar,T-29262mdegC
1591880998:[PRESS ,0038]P  +2303mbar,T -2558mdegC
1591881000:[PRESS ,0038]P  +2293mbar,T-29262mdegC
1591881002:[PRESS ,0038]P  +2293mbar,T-29262mdegC
1591881003:[PRESS ,0038]P  +2293mbar,T -2558mdegC
1591881005:[PRESS ,0038]P  +2293mbar,T -2558mdegC
1591881007:[PRESS ,0038]P  +2313mbar,T-29262mdegC
1591881009:[PRESS ,0038]P  +2303mbar,T +9568mdegC
1591881011:[PRESS ,0038]P  +2313mbar,T +9568mdegC
1591881012:[PRESS ,0038]P  +2323mbar,T-29262mdegC
1591881014:[PRESS ,0038]P  +2333mbar,T-29262mdegC
1591881016:[PRESS ,0038]P  +2333mbar,T-29262mdegC
1591881018:[PRESS ,0038]P  +2343mbar,T-29262mdegC
1591881020:[PRESS ,0038]P  +2353mbar,T-29262mdegC
1591881021:[PRESS ,0038]P  +2343mbar,T-29262mdegC
1591881082:[PRESS ,0038]P  +2473mbar,T -2558mdegC
1591881084:[PRESS ,0038]P  +2483mbar,T -2558mdegC
1591881086:[PRESS ,0038]P  +2493mbar,T+24145mdegC
1591881088:[PRESS ,0038]P  +2493mbar,T-29262mdegC
1591881089:[PRESS ,0038]P  +2503mbar,T -2558mdegC
1591881091:[PRESS ,0038]P  +2503mbar,T-29262mdegC
1591881093:[PRESS ,0038]P  +2523mbar,T-29262mdegC
1591881095:[PRESS ,0038]P  +2533mbar,T -2558mdegC
1591881097:[PRESS ,0038]P  +2523mbar,T-29262mdegC
1591881098:[PRESS ,0038]P  +2523mbar,T-29262mdegC
1591881100:[PRESS ,0038]P  +2523mbar,T-29262mdegC
1591881102:[PRESS ,0038]P  +2523mbar,T-29262mdegC
1591881104:[PRESS ,0038]P  +2513mbar,T -2558mdegC
1591881106:[PRESS ,0038]P  +2523mbar,T-29262mdegC
1591881107:[PRESS ,0038]P  +2513mbar,T -2558mdegC
1591881107:[BUOY  ,0087]from +2mbar/s to +4mbar/s
1591881108:[BUOY  ,0090]need to transfer -20mL (valve during 5100ms)
1591881108:[VALVE ,0034]valve opening 5100ms
1591881113:[VALVE ,0234]battery 13946mV,  477142uA, P  +2513mbar
1591881168:[PRESS ,0038]P  +2733mbar,T-29262mdegC
1591881170:[PRESS ,0038]P  +2733mbar,T-29262mdegC
1591881172:[PRESS ,0038]P  +2733mbar,T-29262mdegC
1591881174:[PRESS ,0038]P  +2753mbar,T-29262mdegC
1591881176:[PRESS ,0038]P  +2753mbar,T -2558mdegC
1591881177:[PRESS ,0038]P  +2783mbar,T-29262mdegC
1591881179:[PRESS ,0038]P  +2783mbar,T -2558mdegC
1591881181:[PRESS ,0038]P  +2803mbar,T -2558mdegC
1591881183:[PRESS ,0038]P  +2803mbar,T-29262mdegC
1591881185:[PRESS ,0038]P  +2813mbar,T-29262mdegC
1591881186:[PRESS ,0038]P  +2833mbar,T +9568mdegC
1591881188:[PRESS ,0038]P  +2843mbar,T-29262mdegC
1591881190:[PRESS ,0038]P  +2843mbar,T-29262mdegC
1591881192:[PRESS ,0038]P  +2843mbar,T-29262mdegC
1591881194:[PRESS ,0038]P  +2863mbar,T-29262mdegC
1591881255:[PRESS ,0038]P  +3183mbar,T -2558mdegC
1591881257:[PRESS ,0038]P  +3183mbar,T -2558mdegC
1591881258:[PRESS ,0038]P  +3193mbar,T -2558mdegC
1591881260:[PRESS ,0038]P  +3203mbar,T -2558mdegC
1591881262:[PRESS ,0038]P  +3203mbar,T -2558mdegC
1591881264:[PRESS ,0038]P  +3213mbar,T -2558mdegC
1591881266:[PRESS ,0038]P  +3213mbar,T -2558mdegC
1591881268:[PRESS ,0038]P  +3233mbar,T -2558mdegC
1591881269:[PRESS ,0038]P  +3243mbar,T +9568mdegC
1591881271:[PRESS ,0038]P  +3233mbar,T -2558mdegC
1591881273:[PRESS ,0038]P  +3243mbar,T -2558mdegC
1591881275:[PRESS ,0038]P  +3253mbar,T-29262mdegC
1591881277:[PRESS ,0038]P  +3263mbar,T-29262mdegC
1591881278:[PRESS ,0038]P  +3263mbar,T -2558mdegC
1591881280:[PRESS ,0038]P  +3263mbar,T-29262mdegC
1591881341:[PRESS ,0038]P  +3433mbar,T-29262mdegC
1591881343:[PRESS ,0038]P  +3443mbar,T-29262mdegC
1591881344:[PRESS ,0038]P  +3443mbar,T-29262mdegC
1591881346:[PRESS ,0038]P  +3473mbar,T-29262mdegC
1591881348:[PRESS ,0038]P  +3473mbar,T-29262mdegC
1591881350:[PRESS ,0038]P  +3483mbar,T -2558mdegC
1591881352:[PRESS ,0038]P  +3503mbar,T+24145mdegC
1591881354:[PRESS ,0038]P  +3513mbar,T-29262mdegC
1591881355:[PRESS ,0038]P  +3513mbar,T +9568mdegC
1591881357:[PRESS ,0038]P  +3533mbar,T-29262mdegC
1591881359:[PRESS ,0038]P  +3543mbar,T-29262mdegC
1591881361:[PRESS ,0038]P  +3563mbar,T-29262mdegC
1591881363:[PRESS ,0038]P  +3563mbar,T-29262mdegC
1591881364:[PRESS ,0038]P  +3573mbar,T-29262mdegC
1591881366:[PRESS ,0038]P  +3573mbar,T-29262mdegC
1591881427:[PRESS ,0038]P  +3843mbar,T-29262mdegC
1591881429:[PRESS ,0038]P  +3853mbar,T-29262mdegC
1591881431:[PRESS ,0038]P  +3853mbar,T -2558mdegC
1591881432:[PRESS ,0038]P  +3853mbar,T -2558mdegC
1591881434:[PRESS ,0038]P  +3873mbar,T-29262mdegC
1591881436:[PRESS ,0038]P  +3873mbar,T-29262mdegC
1591881438:[PRESS ,0038]P  +3873mbar,T -2558mdegC
1591881440:[PRESS ,0038]P  +3873mbar,T -2558mdegC
1591881441:[PRESS ,0038]P  +3893mbar,T-29262mdegC
1591881443:[PRESS ,0038]P  +3893mbar,T-29262mdegC
1591881445:[PRESS ,0038]P  +3893mbar,T-29262mdegC
1591881447:[PRESS ,0038]P  +3903mbar,T-29262mdegC
1591881449:[PRESS ,0038]P  +3913mbar,T-29262mdegC
1591881450:[PRESS ,0038]P  +3903mbar,T +9568mdegC
1591881452:[PRESS ,0038]P  +3913mbar,T-29262mdegC
1591881513:[PRESS ,0038]P  +4063mbar,T-29262mdegC
1591881515:[PRESS ,0038]P  +4063mbar,T -2558mdegC
1591881517:[PRESS ,0038]P  +4063mbar,T-29262mdegC
1591881518:[PRESS ,0038]P  +4063mbar,T -2558mdegC
1591881520:[PRESS ,0038]P  +4073mbar,T -2558mdegC
1591881522:[PRESS ,0038]P  +4083mbar,T-29262mdegC
1591881524:[PRESS ,0038]P  +4083mbar,T-29262mdegC
1591881526:[PRESS ,0038]P  +4083mbar,T -2558mdegC
1591881527:[PRESS ,0038]P  +4083mbar,T -2558mdegC
1591881529:[PRESS ,0038]P  +4083mbar,T-29262mdegC
1591881531:[PRESS ,0038]P  +4083mbar,T-29262mdegC
1591881533:[PRESS ,0038]P  +4093mbar,T +9568mdegC
1591881535:[PRESS ,0038]P  +4083mbar,T-29262mdegC
1591881536:[PRESS ,0038]P  +4093mbar,T -2558mdegC
1591881538:[PRESS ,0038]P  +4093mbar,T-29262mdegC
1591881538:[BUOY  ,0087]from +1mbar/s to +4mbar/s
1591881538:[BUOY  ,0090]need to transfer -24mL (valve during 4857ms)
1591881538:[VALVE ,0034]valve opening 4857ms
1591881543:[VALVE ,0234]battery 13918mV,  479338uA, P  +4093mbar
1591881599:[PRESS ,0038]P  +4263mbar,T -2558mdegC
1591881601:[PRESS ,0038]P  +4263mbar,T-29262mdegC
1591881603:[PRESS ,0038]P  +4273mbar,T -2558mdegC
1591881605:[PRESS ,0038]P  +4293mbar,T -2558mdegC
1591881606:[PRESS ,0038]P  +4293mbar,T -2558mdegC
1591881608:[PRESS ,0038]P  +4283mbar,T-29262mdegC
1591881610:[PRESS ,0038]P  +4303mbar,T -2558mdegC
1591881612:[PRESS ,0038]P  +4293mbar,T -2558mdegC
1591881614:[PRESS ,0038]P  +4303mbar,T-29262mdegC
1591881615:[PRESS ,0038]P  +4313mbar,T-29262mdegC
1591881617:[PRESS ,0038]P  +4303mbar,T +9568mdegC
1591881619:[PRESS ,0038]P  +4313mbar,T +9568mdegC
1591881621:[PRESS ,0038]P  +4313mbar,T-29262mdegC
1591881623:[PRESS ,0038]P  +4333mbar,T-29262mdegC
1591881624:[PRESS ,0038]P  +4333mbar,T-29262mdegC
1591881685:[PRESS ,0038]P  +4303mbar,T-29262mdegC
1591881687:[PRESS ,0038]P  +4303mbar,T-29262mdegC
1591881689:[PRESS ,0038]P  +4303mbar,T-29262mdegC
1591881691:[PRESS ,0038]P  +4303mbar,T-29262mdegC
1591881692:[PRESS ,0038]P  +4293mbar,T-29262mdegC
1591881694:[PRESS ,0038]P  +4293mbar,T-29262mdegC
1591881696:[PRESS ,0038]P  +4293mbar,T+24145mdegC
1591881698:[PRESS ,0038]P  +4283mbar,T-29262mdegC
1591881700:[PRESS ,0038]P  +4283mbar,T-29262mdegC
1591881701:[PRESS ,0038]P  +4293mbar,T-29262mdegC
1591881703:[PRESS ,0038]P  +4283mbar,T-29262mdegC
1591881705:[PRESS ,0038]P  +4273mbar,T +9568mdegC
1591881707:[PRESS ,0038]P  +4293mbar,T +9568mdegC
1591881709:[PRESS ,0038]P  +4293mbar,T +9568mdegC
1591881710:[PRESS ,0038]P  +4283mbar,T-29262mdegC
1591881710:<WARN>[BUOY  ,0094]stage[0] should DESCENT, stuck at 4283mbar for the #1 time
1591881710:[BUOY  ,0087]from -1mbar/s to +4mbar/s
1591881711:[BUOY  ,0090]need to transfer -28mL (valve during 5492ms)
1591881711:[VALVE ,0034]valve opening 5492ms
1591881716:[VALVE ,0234]battery 13945mV,  499346uA, P  +4283mbar
1591881771:[PRESS ,0038]P  +4333mbar,T -2558mdegC
1591881773:[PRESS ,0038]P  +4313mbar,T-29262mdegC
1591881775:[PRESS ,0038]P  +4333mbar,T -2558mdegC
1591881777:[PRESS ,0038]P  +4333mbar,T-29262mdegC
1591881779:[PRESS ,0038]P  +4343mbar,T -2558mdegC
1591881780:[PRESS ,0038]P  +4353mbar,T-29262mdegC
1591881782:[PRESS ,0038]P  +4363mbar,T-29262mdegC
1591881784:[PRESS ,0038]P  +4363mbar,T -2558mdegC
1591881786:[PRESS ,0038]P  +4363mbar,T-29262mdegC
1591881788:[PRESS ,0038]P  +4383mbar,T-29262mdegC
1591881789:[PRESS ,0038]P  +4373mbar,T +9568mdegC
1591881791:[PRESS ,0038]P  +4373mbar,T-29262mdegC
1591881793:[PRESS ,0038]P  +4383mbar,T -2558mdegC
1591881795:[PRESS ,0038]P  +4393mbar,T +9568mdegC
1591881797:[PRESS ,0038]P  +4403mbar,T-29262mdegC
1591881857:[PRESS ,0038]P  +4593mbar,T -2558mdegC
1591881859:[PRESS ,0038]P  +4603mbar,T -2558mdegC
1591881861:[PRESS ,0038]P  +4603mbar,T-29262mdegC
1591881863:[PRESS ,0038]P  +4613mbar,T +9568mdegC
1591881865:[PRESS ,0038]P  +4603mbar,T -2558mdegC
1591881866:[PRESS ,0038]P  +4613mbar,T -2558mdegC
1591881868:[PRESS ,0038]P  +4603mbar,T-29262mdegC
1591881870:[PRESS ,0038]P  +4623mbar,T -2558mdegC
1591881872:[PRESS ,0038]P  +4613mbar,T-29262mdegC
1591881874:[PRESS ,0038]P  +4633mbar,T-29262mdegC
1591881875:[PRESS ,0038]P  +4633mbar,T-29262mdegC
1591881877:[PRESS ,0038]P  +4633mbar,T +9568mdegC
1591881879:[PRESS ,0038]P  +4633mbar,T-29262mdegC
1591881881:[PRESS ,0038]P  +4643mbar,T-29262mdegC
1591881883:[PRESS ,0038]P  +4653mbar,T-29262mdegC
1591881883:[BUOY  ,0087]from +2mbar/s to +4mbar/s
1591881883:[BUOY  ,0090]need to transfer -20mL (valve during 3750ms)
1591881883:[VALVE ,0034]valve opening 3750ms
1591881887:[VALVE ,0234]battery 13968mV,  479704uA, P  +4653mbar
1591881944:[PRESS ,0038]P  +4873mbar,T -2558mdegC
1591881945:[PRESS ,0038]P  +4873mbar,T-29262mdegC
1591881947:[PRESS ,0038]P  +4883mbar,T -2558mdegC
1591881949:[PRESS ,0038]P  +4893mbar,T -2558mdegC
1591881951:[PRESS ,0038]P  +4913mbar,T-29262mdegC
1591881953:[PRESS ,0038]P  +4903mbar,T-29262mdegC
1591881954:[PRESS ,0038]P  +4923mbar,T-29262mdegC
1591881956:[PRESS ,0038]P  +4933mbar,T-29262mdegC
1591881958:[PRESS ,0038]P  +4933mbar,T +9568mdegC
1591881960:[PRESS ,0038]P  +4943mbar,T-29262mdegC
1591881962:[PRESS ,0038]P  +4953mbar,T-29262mdegC
1591881963:[PRESS ,0038]P  +4953mbar,T-29262mdegC
1591881965:[PRESS ,0038]P  +4973mbar,T-29262mdegC
1591881967:[PRESS ,0038]P  +4963mbar,T-29262mdegC
1591881969:[PRESS ,0038]P  +4973mbar,T-17139mdegC
1591882030:[PRESS ,0038]P  +5143mbar,T -2558mdegC
1591882031:[PRESS ,0038]P  +5143mbar,T-29262mdegC
1591882033:[PRESS ,0038]P  +5153mbar,T-29262mdegC
1591882035:[PRESS ,0038]P  +5163mbar,T-29262mdegC
1591882037:[PRESS ,0038]P  +5153mbar,T +9568mdegC
1591882039:[PRESS ,0038]P  +5183mbar,T-29262mdegC
1591882040:[PRESS ,0038]P  +5173mbar,T-29262mdegC
1591882042:[PRESS ,0038]P  +5173mbar,T -2558mdegC
1591882044:[PRESS ,0038]P  +5193mbar,T-29262mdegC
1591882046:[PRESS ,0038]P  +5203mbar,T +9568mdegC
1591882048:[PRESS ,0038]P  +5193mbar,T -2558mdegC
1591882049:[PRESS ,0038]P  +5203mbar,T +9568mdegC
1591882051:[PRESS ,0038]P  +5203mbar,T -2558mdegC
1591882053:[PRESS ,0038]P  +5203mbar,T-29262mdegC
1591882055:[PRESS ,0038]P  +5213mbar,T-29262mdegC
1591882116:[PRESS ,0038]P  +5413mbar,T -2558mdegC
1591882117:[PRESS ,0038]P  +5413mbar,T-29262mdegC
1591882119:[PRESS ,0038]P  +5413mbar,T-29262mdegC
1591882121:[PRESS ,0038]P  +5423mbar,T-29262mdegC
1591882123:[PRESS ,0038]P  +5433mbar,T-29262mdegC
1591882125:[PRESS ,0038]P  +5443mbar,T-29262mdegC
1591882126:[PRESS ,0038]P  +5453mbar,T-29262mdegC
1591882128:[PRESS ,0038]P  +5463mbar,T -2558mdegC
1591882130:[PRESS ,0038]P  +5463mbar,T-29262mdegC
1591882132:[PRESS ,0038]P  +5473mbar,T-29262mdegC
1591882134:[PRESS ,0038]P  +5483mbar,T-29262mdegC
1591882135:[PRESS ,0038]P  +5493mbar,T -2558mdegC
1591882137:[PRESS ,0038]P  +5503mbar,T-29262mdegC
1591882139:[PRESS ,0038]P  +5503mbar,T-29262mdegC
1591882141:[PRESS ,0038]P  +5523mbar,T +9568mdegC
1591882202:[PRESS ,0038]P  +5703mbar,T-29262mdegC
1591882203:[PRESS ,0038]P  +5703mbar,T -2558mdegC
1591882205:[PRESS ,0038]P  +5713mbar,T-29262mdegC
1591882207:[PRESS ,0038]P  +5703mbar,T-29262mdegC
1591882209:[PRESS ,0038]P  +5713mbar,T-29262mdegC
1591882211:[PRESS ,0038]P  +5723mbar,T-29262mdegC
1591882213:[PRESS ,0038]P  +5723mbar,T +9568mdegC
1591882214:[PRESS ,0038]P  +5733mbar,T-29262mdegC
1591882216:[PRESS ,0038]P  +5733mbar,T-29262mdegC
1591882218:[PRESS ,0038]P  +5753mbar,T +9568mdegC
1591882220:[PRESS ,0038]P  +5743mbar,T +9568mdegC
1591882222:[PRESS ,0038]P  +5753mbar,T +9568mdegC
1591882223:[PRESS ,0038]P  +5763mbar,T +9568mdegC
1591882225:[PRESS ,0038]P  +5763mbar,T-29262mdegC
1591882227:[PRESS ,0038]P  +5773mbar,T-29262mdegC
1591882288:[PRESS ,0038]P  +5953mbar,T -2558mdegC
1591882289:[PRESS ,0038]P  +5953mbar,T +9568mdegC
1591882291:[PRESS ,0038]P  +5953mbar,T -2558mdegC
1591882293:[PRESS ,0038]P  +5953mbar,T-29262mdegC
1591882295:[PRESS ,0038]P  +5963mbar,T+24145mdegC
1591882297:[PRESS ,0038]P  +5973mbar,T -2558mdegC
1591882299:[PRESS ,0038]P  +5973mbar,T -2558mdegC
1591882300:[PRESS ,0038]P  +5983mbar,T -2558mdegC
1591882302:[PRESS ,0038]P  +5973mbar,T-29262mdegC
1591882304:[PRESS ,0038]P  +5983mbar,T-29262mdegC
1591882306:[PRESS ,0038]P  +5983mbar,T-29262mdegC
1591882308:[PRESS ,0038]P  +5993mbar,T-29262mdegC
1591882309:[PRESS ,0038]P  +5983mbar,T-29262mdegC
1591882311:[PRESS ,0038]P  +6003mbar,T +9568mdegC
1591882313:[PRESS ,0038]P  +6003mbar,T-29262mdegC
1591882374:[PRESS ,0038]P  +6143mbar,T-29262mdegC
1591882375:[PRESS ,0038]P  +6153mbar,T-29262mdegC
1591882377:[PRESS ,0038]P  +6153mbar,T+24145mdegC
1591882379:[PRESS ,0038]P  +6163mbar,T -2558mdegC
1591882381:[PRESS ,0038]P  +6163mbar,T -2558mdegC
1591882383:[PRESS ,0038]P  +6173mbar,T-29262mdegC
1591882385:[PRESS ,0038]P  +6183mbar,T -2558mdegC
1591882386:[PRESS ,0038]P  +6183mbar,T -2558mdegC
1591882388:[PRESS ,0038]P  +6203mbar,T-29262mdegC
1591882390:[PRESS ,0038]P  +6203mbar,T +9568mdegC
1591882392:[PRESS ,0038]P  +6213mbar,T-29262mdegC
1591882394:[PRESS ,0038]P  +6213mbar,T +9568mdegC
1591882395:[PRESS ,0038]P  +6223mbar,T-29262mdegC
1591882397:[PRESS ,0038]P  +6233mbar,T-29262mdegC
1591882399:[PRESS ,0038]P  +6243mbar,T-29262mdegC
1591882460:[PRESS ,0038]P  +6253mbar,T -2558mdegC
1591882461:[PRESS ,0038]P  +6263mbar,T-29262mdegC
1591882463:[PRESS ,0038]P  +6263mbar,T-29262mdegC
1591882465:[PRESS ,0038]P  +6263mbar,T-29262mdegC
1591882467:[PRESS ,0038]P  +6253mbar,T-29262mdegC
1591882469:[PRESS ,0038]P  +6263mbar,T-29262mdegC
1591882471:[PRESS ,0038]P  +6253mbar,T-29262mdegC
1591882472:[PRESS ,0038]P  +6263mbar,T -2558mdegC
1591882474:[PRESS ,0038]P  +6253mbar,T-29262mdegC
1591882476:[PRESS ,0038]P  +6253mbar,T +9568mdegC
1591882478:[PRESS ,0038]P  +6253mbar,T +9568mdegC
1591882480:[PRESS ,0038]P  +6253mbar,T-29262mdegC
1591882481:[PRESS ,0038]P  +6253mbar,T +9568mdegC
1591882483:[PRESS ,0038]P  +6253mbar,T-29262mdegC
1591882485:[PRESS ,0038]P  +6263mbar,T +9568mdegC
1591882485:<WARN>[BUOY  ,0094]stage[0] should DESCENT, stuck at 6263mbar for the #1 time
1591882485:[BUOY  ,0087]from +0mbar/s to +3mbar/s
1591882485:[BUOY  ,0090]need to transfer -14mL (valve during 2259ms)
1591882485:[VALVE ,0034]valve opening 2259ms
1591882487:[VALVE ,0234]battery 13900mV,  481046uA, P  +6263mbar
1591882546:[PRESS ,0038]P  +6383mbar,T +9568mdegC
1591882548:[PRESS ,0038]P  +6393mbar,T -2558mdegC
1591882550:[PRESS ,0038]P  +6403mbar,T +9568mdegC
1591882551:[PRESS ,0038]P  +6413mbar,T-29262mdegC
1591882553:[PRESS ,0038]P  +6423mbar,T -2558mdegC
1591882555:[PRESS ,0038]P  +6423mbar,T -2558mdegC
1591882557:[PRESS ,0038]P  +6433mbar,T-29262mdegC
1591882559:[PRESS ,0038]P  +6433mbar,T-29262mdegC
1591882560:[PRESS ,0038]P  +6433mbar,T-29262mdegC
1591882562:[PRESS ,0038]P  +6443mbar,T +9568mdegC
1591882564:[PRESS ,0038]P  +6443mbar,T-29262mdegC
1591882566:[PRESS ,0038]P  +6453mbar,T-29262mdegC
1591882568:[PRESS ,0038]P  +6453mbar,T-29262mdegC
1591882569:[PRESS ,0038]P  +6463mbar,T +9568mdegC
1591882571:[PRESS ,0038]P  +6473mbar,T-29262mdegC
1591882632:[PRESS ,0038]P  +6653mbar,T-29262mdegC
1591882634:[PRESS ,0038]P  +6663mbar,T-29262mdegC
1591882636:[PRESS ,0038]P  +6673mbar,T-29262mdegC
1591882637:[PRESS ,0038]P  +6683mbar,T +9568mdegC
1591882639:[PRESS ,0038]P  +6693mbar,T-29262mdegC
1591882641:[PRESS ,0038]P  +6693mbar,T -2558mdegC
1591882643:[PRESS ,0038]P  +6693mbar,T +9568mdegC
1591882645:[PRESS ,0038]P  +6703mbar,T-29262mdegC
1591882646:[PRESS ,0038]P  +6713mbar,T +9568mdegC
1591882648:[PRESS ,0038]P  +6723mbar,T +9568mdegC
1591882650:[PRESS ,0038]P  +6723mbar,T-29262mdegC
1591882652:[PRESS ,0038]P  +6733mbar,T-29262mdegC
1591882654:[PRESS ,0038]P  +6753mbar,T-29262mdegC
1591882656:[PRESS ,0038]P  +6753mbar,T +9568mdegC
1591882657:[PRESS ,0038]P  +6773mbar,T-29262mdegC
1591882657:[BUOY  ,0087]from +4mbar/s to +2mbar/s
1591882657:[BUOY  ,0089]need to transfer +20mL (pump during 24729ms)
1591882666:[PUMP  ,0207]battery 14891mV,   61976uA (warmup), P  +6773mbar
1591882666:[PUMP  ,0016]pump during 24729ms
1591882690:[PUMP  ,0212]battery 14227mV,  349408uA (steady state), P  +6773mbar
1591882721:[PRESS ,0038]P  +6893mbar,T-29262mdegC
1591882723:[PRESS ,0038]P  +6893mbar,T -2558mdegC
1591882725:[PRESS ,0038]P  +6903mbar,T -2558mdegC
1591882727:[PRESS ,0038]P  +6893mbar,T-29262mdegC
1591882729:[PRESS ,0038]P  +6903mbar,T-29262mdegC
1591882730:[PRESS ,0038]P  +6893mbar,T -2558mdegC
1591882732:[PRESS ,0038]P  +6903mbar,T +9568mdegC
1591882734:[PRESS ,0038]P  +6893mbar,T +9568mdegC
1591882736:[PRESS ,0038]P  +6883mbar,T +9568mdegC
1591882738:[PRESS ,0038]P  +6893mbar,T +9568mdegC
1591882740:[PRESS ,0038]P  +6893mbar,T +9568mdegC
1591882741:[PRESS ,0038]P  +6893mbar,T +9568mdegC
1591882743:[PRESS ,0038]P  +6883mbar,T +9568mdegC
1591882745:[PRESS ,0038]P  +6883mbar,T-29262mdegC
1591882747:[PRESS ,0038]P  +6883mbar,T +9568mdegC
1591882747:<WARN>[BUOY  ,0094]stage[0] should DESCENT, stuck at 6883mbar for the #1 time
1591882747:[BUOY  ,0087]from -1mbar/s to +2mbar/s
1591882747:[BUOY  ,0090]need to transfer -8mL (valve during 1244ms)
1591882747:[VALVE ,0034]valve opening 1244ms
1591882748:[VALVE ,0234]battery 13998mV,  490562uA, P  +6883mbar
1591882808:[PRESS ,0038]P  +6873mbar,T-29262mdegC
1591882809:[PRESS ,0038]P  +6863mbar,T -2558mdegC
1591882811:[PRESS ,0038]P  +6873mbar,T -2558mdegC
1591882813:[PRESS ,0038]P  +6873mbar,T-29262mdegC
1591882815:[PRESS ,0038]P  +6873mbar,T-29262mdegC
1591882817:[PRESS ,0038]P  +6863mbar,T-29262mdegC
1591882819:[PRESS ,0038]P  +6863mbar,T-29262mdegC
1591882820:[PRESS ,0038]P  +6863mbar,T-29262mdegC
1591882822:[PRESS ,0038]P  +6863mbar,T +9568mdegC
1591882824:[PRESS ,0038]P  +6863mbar,T-29262mdegC
1591882826:[PRESS ,0038]P  +6863mbar,T-17139mdegC
1591882828:[PRESS ,0038]P  +6863mbar,T-29262mdegC
1591882829:[PRESS ,0038]P  +6863mbar,T +9568mdegC
1591882831:[PRESS ,0038]P  +6863mbar,T-29262mdegC
1591882833:[PRESS ,0038]P  +6863mbar,T +9568mdegC
1591882833:<WARN>[BUOY  ,0094]stage[0] should DESCENT, stuck at 6863mbar for the #2 time
1591882833:[BUOY  ,0087]from +0mbar/s to +2mbar/s
1591882833:[BUOY  ,0090]need to transfer -6mL (valve during 933ms)
1591882833:[VALVE ,0034]valve opening 933ms
1591882834:[VALVE ,0234]battery 13947mV,  503128uA, P  +6863mbar
1591882894:[PRESS ,0038]P  +6883mbar,T -2558mdegC
1591882896:[PRESS ,0038]P  +6893mbar,T-29262mdegC
1591882898:[PRESS ,0038]P  +6893mbar,T-29262mdegC
1591882899:[PRESS ,0038]P  +6903mbar,T -2558mdegC
1591882901:[PRESS ,0038]P  +6893mbar,T -2558mdegC
1591882903:[PRESS ,0038]P  +6893mbar,T -2558mdegC
1591882905:[PRESS ,0038]P  +6893mbar,T-29262mdegC
1591882907:[PRESS ,0038]P  +6893mbar,T -2558mdegC
1591882908:[PRESS ,0038]P  +6893mbar,T -2558mdegC
1591882910:[PRESS ,0038]P  +6893mbar,T +9568mdegC
1591882912:[PRESS ,0038]P  +6893mbar,T-29262mdegC
1591882914:[PRESS ,0038]P  +6893mbar,T +9568mdegC
1591882916:[PRESS ,0038]P  +6893mbar,T-29262mdegC
1591882917:[PRESS ,0038]P  +6893mbar,T-29262mdegC
1591882919:[PRESS ,0038]P  +6903mbar,T-29262mdegC
1591882919:<WARN>[BUOY  ,0094]stage[0] should DESCENT, stuck at 6903mbar for the #3 time
1591882919:[BUOY  ,0087]from +0mbar/s to +2mbar/s
1591882919:[BUOY  ,0090]need to transfer -6mL (valve during 922ms)
1591882919:[VALVE ,0034]valve opening 922ms
1591882920:[VALVE ,0234]battery 13925mV,  512034uA, P  +6903mbar
1591882980:[PRESS ,0038]P  +7083mbar,T -2558mdegC
1591882982:[PRESS ,0038]P  +7093mbar,T -2558mdegC
1591882984:[PRESS ,0038]P  +7103mbar,T -2558mdegC
1591882986:[PRESS ,0038]P  +7103mbar,T-29262mdegC
1591882987:[PRESS ,0038]P  +7113mbar,T-29262mdegC
1591882989:[PRESS ,0038]P  +7113mbar,T -2558mdegC
1591882991:[PRESS ,0038]P  +7123mbar,T-29262mdegC
1591882993:[PRESS ,0038]P  +7123mbar,T-29262mdegC
1591882995:[PRESS ,0038]P  +7123mbar,T +9568mdegC
1591882996:[PRESS ,0038]P  +7133mbar,T-29262mdegC
1591882998:[PRESS ,0038]P  +7133mbar,T-29262mdegC
1591883000:[PRESS ,0038]P  +7133mbar,T-29262mdegC
1591883002:[PRESS ,0038]P  +7143mbar,T-29262mdegC
1591883004:[PRESS ,0038]P  +7143mbar,T-29262mdegC
1591883005:[PRESS ,0038]P  +7153mbar,T -2558mdegC
1591883066:[PRESS ,0038]P  +7273mbar,T-29262mdegC
1591883068:[PRESS ,0038]P  +7283mbar,T -2558mdegC
1591883070:[PRESS ,0038]P  +7283mbar,T-29262mdegC
1591883072:[PRESS ,0038]P  +7283mbar,T-29262mdegC
1591883073:[PRESS ,0038]P  +7273mbar,T -2558mdegC
1591883075:[PRESS ,0038]P  +7283mbar,T-29262mdegC
1591883077:[PRESS ,0038]P  +7293mbar,T -2558mdegC
1591883079:[PRESS ,0038]P  +7293mbar,T-29262mdegC
1591883081:[PRESS ,0038]P  +7283mbar,T -2558mdegC
1591883082:[PRESS ,0038]P  +7283mbar,T-29262mdegC
1591883084:[PRESS ,0038]P  +7293mbar,T +9568mdegC
1591883086:[PRESS ,0038]P  +7293mbar,T +9568mdegC
1591883088:[PRESS ,0038]P  +7293mbar,T-29262mdegC
1591883090:[PRESS ,0038]P  +7293mbar,T-29262mdegC
1591883091:[PRESS ,0038]P  +7293mbar,T-29262mdegC
1591883152:[PRESS ,0038]P  +7263mbar,T-29262mdegC
1591883154:[PRESS ,0038]P  +7283mbar,T +9568mdegC
1591883156:[PRESS ,0038]P  +7283mbar,T +9568mdegC
1591883158:[PRESS ,0038]P  +7283mbar,T -2558mdegC
1591883159:[PRESS ,0038]P  +7273mbar,T -2558mdegC
1591883161:[PRESS ,0038]P  +7273mbar,T-29262mdegC
1591883163:[PRESS ,0038]P  +7273mbar,T +9568mdegC
1591883165:[PRESS ,0038]P  +7273mbar,T-29262mdegC
1591883167:[PRESS ,0038]P  +7263mbar,T +9568mdegC
1591883168:[PRESS ,0038]P  +7263mbar,T-29262mdegC
1591883170:[PRESS ,0038]P  +7263mbar,T +9568mdegC
1591883172:[PRESS ,0038]P  +7273mbar,T +9568mdegC
1591883174:[PRESS ,0038]P  +7263mbar,T-29262mdegC
1591883176:[PRESS ,0038]P  +7253mbar,T -2558mdegC
1591883178:[PRESS ,0038]P  +7263mbar,T-29262mdegC
1591883178:<WARN>[BUOY  ,0094]stage[0] should DESCENT, stuck at 7263mbar for the #1 time
1591883178:[BUOY  ,0087]from -1mbar/s to +2mbar/s
1591883178:[BUOY  ,0090]need to transfer -8mL (valve during 1200ms)
1591883178:[VALVE ,0034]valve opening 1200ms
1591883179:[VALVE ,0234]battery 13937mV,  479094uA, P  +7263mbar
1591883238:[PRESS ,0038]P  +7323mbar,T +9568mdegC
1591883240:[PRESS ,0038]P  +7333mbar,T-29262mdegC
1591883242:[PRESS ,0038]P  +7333mbar,T -2558mdegC
1591883244:[PRESS ,0038]P  +7343mbar,T +9568mdegC
1591883246:[PRESS ,0038]P  +7333mbar,T -2558mdegC
1591883247:[PRESS ,0038]P  +7343mbar,T -2558mdegC
1591883249:[PRESS ,0038]P  +7343mbar,T-29262mdegC
1591883251:[PRESS ,0038]P  +7333mbar,T +9568mdegC
1591883253:[PRESS ,0038]P  +7353mbar,T-29262mdegC
1591883255:[PRESS ,0038]P  +7363mbar,T +9568mdegC
1591883257:[PRESS ,0038]P  +7353mbar,T +9568mdegC
1591883258:[PRESS ,0038]P  +7363mbar,T-29262mdegC
1591883260:[PRESS ,0038]P  +7373mbar,T-29262mdegC
1591883262:[PRESS ,0038]P  +7363mbar,T +9568mdegC
1591883264:[PRESS ,0038]P  +7383mbar,T +9568mdegC
1591883324:[PRESS ,0038]P  +7453mbar,T-29262mdegC
1591883326:[PRESS ,0038]P  +7463mbar,T -2558mdegC
1591883328:[PRESS ,0038]P  +7453mbar,T-29262mdegC
1591883330:[PRESS ,0038]P  +7463mbar,T-29262mdegC
1591883332:[PRESS ,0038]P  +7463mbar,T +9568mdegC
1591883334:[PRESS ,0038]P  +7473mbar,T-29262mdegC
1591883335:[PRESS ,0038]P  +7473mbar,T-29262mdegC
1591883337:[PRESS ,0038]P  +7473mbar,T-29262mdegC
1591883339:[PRESS ,0038]P  +7473mbar,T-17139mdegC
1591883341:[PRESS ,0038]P  +7483mbar,T-29262mdegC
1591883343:[PRESS ,0038]P  +7493mbar,T +9568mdegC
1591883344:[PRESS ,0038]P  +7483mbar,T +9568mdegC
1591883346:[PRESS ,0038]P  +7493mbar,T-29262mdegC
1591883348:[PRESS ,0038]P  +7503mbar,T-29262mdegC
1591883350:[PRESS ,0038]P  +7503mbar,T-29262mdegC
1591883350:[STAGE ,0213]7503mbar reached at 1591883350s, ref 8000mbar +/-500mbar
1591883411:[PRESS ,0038]P  +7503mbar,T-29262mdegC
1591883471:[PRESS ,0038]P  +7483mbar,T-29262mdegC
1591883471:<WARN>[BUOY  ,0094]stage[0] should DESCENT, stuck at 7483mbar for the #1 time
1591883471:[BUOY  ,0087]from +0mbar/s to +2mbar/s
1591883471:[BUOY  ,0090]need to transfer -6mL (valve during 890ms)
1591883471:[VALVE ,0034]valve opening 890ms
1591883472:[VALVE ,0234]battery 13896mV,  503982uA, P  +7483mbar
1591883532:[PRESS ,0038]P  +7503mbar,T -2558mdegC
1591883534:[PRESS ,0038]P  +7493mbar,T -2558mdegC
1591883536:[PRESS ,0038]P  +7493mbar,T-29262mdegC
1591883538:[PRESS ,0038]P  +7503mbar,T-29262mdegC
1591883539:[PRESS ,0038]P  +7503mbar,T-29262mdegC
1591883541:[PRESS ,0038]P  +7513mbar,T-29262mdegC
1591883543:[PRESS ,0038]P  +7513mbar,T-29262mdegC
1591883545:[PRESS ,0038]P  +7503mbar,T-29262mdegC
1591883547:[PRESS ,0038]P  +7503mbar,T-29262mdegC
1591883549:[PRESS ,0038]P  +7513mbar,T-29262mdegC
1591883550:[PRESS ,0038]P  +7513mbar,T +9568mdegC
1591883552:[PRESS ,0038]P  +7513mbar,T-29262mdegC
1591883554:[PRESS ,0038]P  +7513mbar,T +9568mdegC
1591883556:[PRESS ,0038]P  +7523mbar,T +9568mdegC
1591883558:[PRESS ,0038]P  +7523mbar,T-29262mdegC
1591883618:[PRESS ,0038]P  +7663mbar,T -2558mdegC
1591883679:[PRESS ,0038]P  +7793mbar,T-29262mdegC
1591883740:[PRESS ,0038]P  +7793mbar,T-29262mdegC
1591883800:[PRESS ,0038]P  +7863mbar,T -2558mdegC
1591883861:[PRESS ,0038]P  +8023mbar,T -2558mdegC
1591883861:[MAIN  ,0140]stage[0] complete 3964s after mission start
1591883861:[MAIN  ,0056]stage[1]
1591883863:[MAIN  ,0024]internal pressure 78024Pa
1591883864:[PRESS ,0038]P  +8023mbar,T-29262mdegC
1591883864:[BUOY  ,0037]P  +8023mbar
1591883864:[STAGE ,0080]Stage [1] 8000mbar (+/-500mbar) 300s (<1591884157s) 
1591883866:[PRESS ,0038]P  +8023mbar,T +9568mdegC
1591883866:[STAGE ,0213]8023mbar reached at 1591883866s, ref 8000mbar +/-500mbar
1591883866:[BUOY  ,0087]from +2mbar/s to +0mbar/s
1591883866:[BUOY  ,0089]need to transfer +6mL (pump during 7429ms)
1591883874:[PUMP  ,0207]battery 14792mV,   77592uA (warmup), P  +8023mbar
1591883874:[PUMP  ,0016]pump during 7429ms
1591883881:[PUMP  ,0212]battery 14196mV,  345016uA (steady state), P  +8023mbar
1591883930:[PRESS ,0038]P  +8063mbar,T -2558mdegC
1591883932:[PRESS ,0038]P  +8063mbar,T -2558mdegC
1591883934:[PRESS ,0038]P  +8063mbar,T-29262mdegC
1591883936:[PRESS ,0038]P  +8063mbar,T-29262mdegC
1591883937:[PRESS ,0038]P  +8053mbar,T +9568mdegC
1591883939:[PRESS ,0038]P  +8073mbar,T -2558mdegC
1591883941:[PRESS ,0038]P  +8053mbar,T-29262mdegC
1591883943:[PRESS ,0038]P  +8053mbar,T-29262mdegC
1591883945:[PRESS ,0038]P  +8053mbar,T-29262mdegC
1591883946:[PRESS ,0038]P  +8053mbar,T +9568mdegC
1591883948:[PRESS ,0038]P  +8053mbar,T +9568mdegC
1591883950:[PRESS ,0038]P  +8063mbar,T +9568mdegC
1591883952:[PRESS ,0038]P  +8053mbar,T-29262mdegC
1591883954:[PRESS ,0038]P  +8053mbar,T-29262mdegC
1591883956:[PRESS ,0038]P  +8053mbar,T +9568mdegC
1591884016:[PRESS ,0038]P  +8083mbar,T-29262mdegC
1591884077:[PRESS ,0038]P  +8063mbar,T-29262mdegC
1591884138:[PRESS ,0038]P  +8063mbar,T-29262mdegC
1591884198:[PRESS ,0038]P  +8113mbar,T-29262mdegC
1591884198:[MAIN  ,0140]stage[1] complete 4301s after mission start
1591884198:[MRMAID,0188]acq already stopped
1591884259:[MSSION,0192]mission stopped, 2 stage(s) done
1591884259:[MAIN  ,0065]surfacing
1591884261:[PRESS ,0038]P  +8113mbar,T-29262mdegC
1591884261:[SURFIN,0036]P  +8113mbar
1591884269:[PUMP  ,0207]battery 14820mV,   70882uA (warmup), P  +8113mbar
1591884269:[PUMP  ,0016]pump during 60000ms
1591884328:[PUMP  ,0212]battery 14198mV,  360022uA (steady state), P  +8113mbar
1591884386:[PRESS ,0038]P  +7983mbar,T-29262mdegC
1591884387:[PRESS ,0038]P  +7983mbar,T-29262mdegC
1591884389:[PRESS ,0038]P  +7983mbar,T-29262mdegC
1591884391:[PRESS ,0038]P  +7973mbar,T-29262mdegC
1591884393:[PRESS ,0038]P  +7973mbar,T -2558mdegC
1591884395:[PRESS ,0038]P  +7973mbar,T-29262mdegC
1591884396:[PRESS ,0038]P  +7973mbar,T -2558mdegC
1591884398:[PRESS ,0038]P  +7983mbar,T-29262mdegC
1591884400:[PRESS ,0038]P  +7973mbar,T-29262mdegC
1591884402:[PRESS ,0038]P  +7963mbar,T-29262mdegC
1591884404:[PRESS ,0038]P  +7963mbar,T +9568mdegC
1591884405:[PRESS ,0038]P  +7953mbar,T +9568mdegC
1591884407:[PRESS ,0038]P  +7953mbar,T -2558mdegC
1591884409:[PRESS ,0038]P  +7963mbar,T +9568mdegC
1591884411:[PRESS ,0038]P  +7953mbar,T +9568mdegC
1591884419:[PUMP  ,0207]battery 14893mV,   49654uA (warmup), P  +7953mbar
1591884419:[PUMP  ,0016]pump during 60000ms
1591884478:[PUMP  ,0212]battery 14256mV,  329522uA (steady state), P  +7953mbar
1591884536:[PRESS ,0038]P  +7623mbar,T -2558mdegC
1591884538:[PRESS ,0038]P  +7613mbar,T-29262mdegC
1591884539:[PRESS ,0038]P  +7613mbar,T +9568mdegC
1591884541:[PRESS ,0038]P  +7613mbar,T -2558mdegC
1591884543:[PRESS ,0038]P  +7603mbar,T-29262mdegC
1591884545:[PRESS ,0038]P  +7593mbar,T-29262mdegC
1591884547:[PRESS ,0038]P  +7583mbar,T-29262mdegC
1591884548:[PRESS ,0038]P  +7583mbar,T-29262mdegC
1591884550:[PRESS ,0038]P  +7573mbar,T-29262mdegC
1591884552:[PRESS ,0038]P  +7573mbar,T +9568mdegC
1591884554:[PRESS ,0038]P  +7553mbar,T +9568mdegC
1591884556:[PRESS ,0038]P  +7563mbar,T-17139mdegC
1591884557:[PRESS ,0038]P  +7553mbar,T +9568mdegC
1591884559:[PRESS ,0038]P  +7543mbar,T +9568mdegC
1591884561:[PRESS ,0038]P  +7533mbar,T-29262mdegC
1591884569:[PUMP  ,0207]battery 14852mV,   55998uA (warmup), P  +7533mbar
1591884569:[PUMP  ,0016]pump during 60000ms
1591884628:[PUMP  ,0212]battery 14213mV,  330742uA (steady state), P  +7533mbar
1591884686:[PRESS ,0038]P  +7013mbar,T-29262mdegC
1591884688:[PRESS ,0038]P  +6993mbar,T -2558mdegC
1591884690:[PRESS ,0038]P  +6993mbar,T-29262mdegC
1591884691:[PRESS ,0038]P  +6983mbar,T-29262mdegC
1591884693:[PRESS ,0038]P  +6983mbar,T-29262mdegC
1591884695:[PRESS ,0038]P  +6963mbar,T-29262mdegC
1591884697:[PRESS ,0038]P  +6973mbar,T-29262mdegC
1591884699:[PRESS ,0038]P  +6953mbar,T-29262mdegC
1591884700:[PRESS ,0038]P  +6943mbar,T +9568mdegC
1591884702:[PRESS ,0038]P  +6933mbar,T-29262mdegC
1591884704:[PRESS ,0038]P  +6923mbar,T -2558mdegC
1591884706:[PRESS ,0038]P  +6923mbar,T-17139mdegC
1591884708:[PRESS ,0038]P  +6903mbar,T +9568mdegC
1591884709:[PRESS ,0038]P  +6893mbar,T +9568mdegC
1591884711:[PRESS ,0038]P  +6903mbar,T-29262mdegC
1591884719:[PUMP  ,0207]battery 14830mV,   60024uA (warmup), P  +6903mbar
1591884719:[PUMP  ,0016]pump during 60000ms
1591884778:[PUMP  ,0212]battery 14171mV,  351726uA (steady state), P  +6903mbar
1591884836:[PRESS ,0038]P  +6433mbar,T-29262mdegC
1591884838:[PRESS ,0038]P  +6433mbar,T +9568mdegC
1591884840:[PRESS ,0038]P  +6423mbar,T-29262mdegC
1591884842:[PRESS ,0038]P  +6423mbar,T +9568mdegC
1591884843:[PRESS ,0038]P  +6393mbar,T-29262mdegC
1591884845:[PRESS ,0038]P  +6393mbar,T-29262mdegC
1591884847:[PRESS ,0038]P  +6393mbar,T-17139mdegC
1591884849:[PRESS ,0038]P  +6383mbar,T -2558mdegC
1591884851:[PRESS ,0038]P  +6373mbar,T +9568mdegC
1591884852:[PRESS ,0038]P  +6363mbar,T-29262mdegC
1591884854:[PRESS ,0038]P  +6353mbar,T-17139mdegC
1591884856:[PRESS ,0038]P  +6353mbar,T +9568mdegC
1591884858:[PRESS ,0038]P  +6343mbar,T-29262mdegC
1591884860:[PRESS ,0038]P  +6333mbar,T +9568mdegC
1591884861:[PRESS ,0038]P  +6333mbar,T-29262mdegC
1591884870:[PUMP  ,0207]battery 14876mV,   48556uA (warmup), P  +6333mbar
1591884870:[PUMP  ,0016]pump during 60000ms
1591884929:[PUMP  ,0212]battery 14231mV,  321104uA (steady state), P  +6333mbar
1591884986:[PRESS ,0038]P  +5733mbar,T-29262mdegC
1591884988:[PRESS ,0038]P  +5723mbar,T-29262mdegC
1591884990:[PRESS ,0038]P  +5713mbar,T-29262mdegC
1591884992:[PRESS ,0038]P  +5713mbar,T-29262mdegC
1591884994:[PRESS ,0038]P  +5703mbar,T-29262mdegC
1591884995:[PRESS ,0038]P  +5703mbar,T +9568mdegC
1591884997:[PRESS ,0038]P  +5693mbar,T-29262mdegC
1591884999:[PRESS ,0038]P  +5683mbar,T-29262mdegC
1591885001:[PRESS ,0038]P  +5683mbar,T-29262mdegC
1591885003:[PRESS ,0038]P  +5683mbar,T +9568mdegC
1591885004:[PRESS ,0038]P  +5663mbar,T-29262mdegC
1591885006:[PRESS ,0038]P  +5653mbar,T +9568mdegC
1591885008:[PRESS ,0038]P  +5643mbar,T +9568mdegC
1591885010:[PRESS ,0038]P  +5643mbar,T -2558mdegC
1591885012:[PRESS ,0038]P  +5633mbar,T +9568mdegC
1591885020:[PUMP  ,0207]battery 14846mV,   59414uA (warmup), P  +5633mbar
1591885020:[PUMP  ,0016]pump during 60000ms
1591885079:[PUMP  ,0212]battery 14233mV,  323178uA (steady state), P  +5633mbar
1591885137:[PRESS ,0038]P  +5043mbar,T-29262mdegC
1591885138:[PRESS ,0038]P  +5033mbar,T +9568mdegC
1591885140:[PRESS ,0038]P  +5023mbar,T-29262mdegC
1591885142:[PRESS ,0038]P  +5023mbar,T-29262mdegC
1591885144:[PRESS ,0038]P  +5013mbar,T-29262mdegC
1591885146:[PRESS ,0038]P  +5013mbar,T-29262mdegC
1591885147:[PRESS ,0038]P  +5003mbar,T-29262mdegC
1591885149:[PRESS ,0038]P  +5003mbar,T-29262mdegC
1591885151:[PRESS ,0038]P  +4993mbar,T-29262mdegC
1591885153:[PRESS ,0038]P  +4993mbar,T-29262mdegC
1591885155:[PRESS ,0038]P  +4983mbar,T +9568mdegC
1591885156:[PRESS ,0038]P  +4983mbar,T +9568mdegC
1591885158:[PRESS ,0038]P  +4963mbar,T-29262mdegC
1591885160:[PRESS ,0038]P  +4963mbar,T-29262mdegC
1591885162:[PRESS ,0038]P  +4953mbar,T +9568mdegC
1591885170:[PUMP  ,0207]battery 14863mV,   52460uA (warmup), P  +4953mbar
1591885170:[PUMP  ,0016]pump during 60000ms
1591885229:[PUMP  ,0212]battery 14207mV,  336964uA (steady state), P  +4953mbar
1591885287:[PRESS ,0038]P  +4303mbar,T-29262mdegC
1591885289:[PRESS ,0038]P  +4293mbar,T+24145mdegC
1591885290:[PRESS ,0038]P  +4283mbar,T-29262mdegC
1591885292:[PRESS ,0038]P  +4283mbar,T-29262mdegC
1591885294:[PRESS ,0038]P  +4273mbar,T-29262mdegC
1591885296:[PRESS ,0038]P  +4273mbar,T +9568mdegC
1591885298:[PRESS ,0038]P  +4263mbar,T-29262mdegC
1591885299:[PRESS ,0038]P  +4243mbar,T-29262mdegC
1591885301:[PRESS ,0038]P  +4233mbar,T-29262mdegC
1591885303:[PRESS ,0038]P  +4233mbar,T +9568mdegC
1591885305:[PRESS ,0038]P  +4223mbar,T +9568mdegC
1591885307:[PRESS ,0038]P  +4213mbar,T +9568mdegC
1591885308:[PRESS ,0038]P  +4203mbar,T-29262mdegC
1591885310:[PRESS ,0038]P  +4193mbar,T-29262mdegC
1591885312:[PRESS ,0038]P  +4173mbar,T-29262mdegC
1591885320:[PUMP  ,0207]battery 14883mV,   48190uA (warmup), P  +4173mbar
1591885320:[PUMP  ,0016]pump during 60000ms
1591885379:[PUMP  ,0212]battery 14255mV,  313052uA (steady state), P  +4173mbar
1591885437:[PRESS ,0038]P  +3993mbar,T-29262mdegC
1591885439:[PRESS ,0038]P  +3983mbar,T-29262mdegC
1591885441:[PRESS ,0038]P  +3993mbar,T -2558mdegC
1591885442:[PRESS ,0038]P  +3973mbar,T-29262mdegC
1591885444:[PRESS ,0038]P  +3983mbar,T-29262mdegC
1591885446:[PRESS ,0038]P  +3993mbar,T-29262mdegC
1591885448:[PRESS ,0038]P  +3983mbar,T-29262mdegC
1591885450:[PRESS ,0038]P  +3973mbar,T-29262mdegC
1591885451:[PRESS ,0038]P  +3983mbar,T +9568mdegC
1591885453:[PRESS ,0038]P  +3973mbar,T-29262mdegC
1591885455:[PRESS ,0038]P  +3973mbar,T-29262mdegC
1591885457:[PRESS ,0038]P  +3983mbar,T-29262mdegC
1591885459:[PRESS ,0038]P  +3983mbar,T +9568mdegC
1591885460:[PRESS ,0038]P  +4003mbar,T +9568mdegC
1591885462:[PRESS ,0038]P  +4013mbar,T +9568mdegC
1591885470:[PUMP  ,0207]battery 14810mV,   72224uA (warmup), P  +4013mbar
1591885470:[PUMP  ,0016]pump during 60000ms
1591885529:[PUMP  ,0212]battery 14245mV,  320860uA (steady state), P  +4013mbar
1591885587:[PRESS ,0038]P  +3733mbar,T +9568mdegC
1591885589:[PRESS ,0038]P  +3723mbar,T-29262mdegC
1591885591:[PRESS ,0038]P  +3703mbar,T-29262mdegC
1591885593:[PRESS ,0038]P  +3683mbar,T-29262mdegC
1591885594:[PRESS ,0038]P  +3683mbar,T-29262mdegC
1591885596:[PRESS ,0038]P  +3673mbar,T +9568mdegC
1591885598:[PRESS ,0038]P  +3653mbar,T +9568mdegC
1591885600:[PRESS ,0038]P  +3643mbar,T-29262mdegC
1591885602:[PRESS ,0038]P  +3633mbar,T-29262mdegC
1591885603:[PRESS ,0038]P  +3613mbar,T +9568mdegC
1591885605:[PRESS ,0038]P  +3603mbar,T-29262mdegC
1591885607:[PRESS ,0038]P  +3603mbar,T-29262mdegC
1591885609:[PRESS ,0038]P  +3583mbar,T +9568mdegC
1591885611:[PRESS ,0038]P  +3573mbar,T +9568mdegC
1591885612:[PRESS ,0038]P  +3563mbar,T +9568mdegC
1591885621:[PUMP  ,0207]battery 14887mV,   47702uA (warmup), P  +3563mbar
1591885621:[PUMP  ,0016]pump during 60000ms
1591885680:[PUMP  ,0212]battery 14230mV,  327936uA (steady state), P  +3563mbar
1591885737:[PRESS ,0038]P  +3263mbar,T +9568mdegC
1591885739:[PRESS ,0038]P  +3233mbar,T -2558mdegC
1591885741:[PRESS ,0038]P  +3243mbar,T -2558mdegC
1591885743:[PRESS ,0038]P  +3243mbar,T-29262mdegC
1591885745:[PRESS ,0038]P  +3243mbar,T-29262mdegC
1591885746:[PRESS ,0038]P  +3233mbar,T-29262mdegC
1591885748:[PRESS ,0038]P  +3223mbar,T-29262mdegC
1591885750:[PRESS ,0038]P  +3223mbar,T-29262mdegC
1591885752:[PRESS ,0038]P  +3223mbar,T +9568mdegC
1591885754:[PRESS ,0038]P  +3223mbar,T-29262mdegC
1591885755:[PRESS ,0038]P  +3223mbar,T-29262mdegC
1591885757:[PRESS ,0038]P  +3223mbar,T-29262mdegC
1591885759:[PRESS ,0038]P  +3213mbar,T +9568mdegC
1591885761:[PRESS ,0038]P  +3223mbar,T-29262mdegC
1591885763:[PRESS ,0038]P  +3223mbar,T-29262mdegC
1591885771:[PUMP  ,0207]battery 14886mV,   48556uA (warmup), P  +3223mbar
1591885771:[PUMP  ,0016]pump during 60000ms
1591885830:[PUMP  ,0212]battery 14266mV,  310002uA (steady state), P  +3223mbar
1591885888:[PRESS ,0038]P  +3133mbar,T-29262mdegC
1591885889:[PRESS ,0038]P  +3133mbar,T-29262mdegC
1591885891:[PRESS ,0038]P  +3123mbar,T-29262mdegC
1591885893:[PRESS ,0038]P  +3113mbar,T-29262mdegC
1591885895:[PRESS ,0038]P  +3103mbar,T-29262mdegC
1591885897:[PRESS ,0038]P  +3113mbar,T-29262mdegC
1591885898:[PRESS ,0038]P  +3103mbar,T-29262mdegC
1591885900:[PRESS ,0038]P  +3093mbar,T-29262mdegC
1591885902:[PRESS ,0038]P  +3093mbar,T +9568mdegC
1591885904:[PRESS ,0038]P  +3093mbar,T +9568mdegC
1591885906:[PRESS ,0038]P  +3073mbar,T +9568mdegC
1591885907:[PRESS ,0038]P  +3073mbar,T-29262mdegC
1591885909:[PRESS ,0038]P  +3063mbar,T +9568mdegC
1591885911:[PRESS ,0038]P  +3063mbar,T +9568mdegC
1591885913:[PRESS ,0038]P  +3063mbar,T -2558mdegC
1591885921:[PUMP  ,0207]battery 14793mV,   77348uA (warmup), P  +3063mbar
1591885921:[PUMP  ,0016]pump during 60000ms
1591885980:[PUMP  ,0212]battery 14227mV,  333182uA (steady state), P  +3063mbar
1591886038:[PRESS ,0038]P  +2573mbar,T -2558mdegC
1591886040:[PRESS ,0038]P  +2573mbar,T-29262mdegC
1591886041:[PRESS ,0038]P  +2563mbar,T-29262mdegC
1591886043:[PRESS ,0038]P  +2553mbar,T-29262mdegC
1591886045:[PRESS ,0038]P  +2543mbar,T -2558mdegC
1591886047:[PRESS ,0038]P  +2543mbar,T-29262mdegC
1591886049:[PRESS ,0038]P  +2543mbar,T-29262mdegC
1591886050:[PRESS ,0038]P  +2523mbar,T -2558mdegC
1591886052:[PRESS ,0038]P  +2513mbar,T-29262mdegC
1591886054:[PRESS ,0038]P  +2513mbar,T +9568mdegC
1591886056:[PRESS ,0038]P  +2503mbar,T-29262mdegC
1591886058:[PRESS ,0038]P  +2503mbar,T +9568mdegC
1591886059:[PRESS ,0038]P  +2493mbar,T-29262mdegC
1591886061:[PRESS ,0038]P  +2493mbar,T -2558mdegC
1591886063:[PRESS ,0038]P  +2483mbar,T-29262mdegC
1591886071:[PUMP  ,0207]battery 14891mV,   47702uA (warmup), P  +2483mbar
1591886071:[PUMP  ,0016]pump during 60000ms
1591886130:[PUMP  ,0212]battery 14275mV,  305366uA (steady state), P  +2483mbar
1591886188:[PRESS ,0038]P  +1943mbar,T -2558mdegC
1591886190:[PRESS ,0038]P  +1933mbar,T -2558mdegC
1591886192:[PRESS ,0038]P  +1933mbar,T-29262mdegC
1591886193:[PRESS ,0038]P  +1923mbar,T-29262mdegC
1591886195:[PRESS ,0038]P  +1913mbar,T -2558mdegC
1591886197:[PRESS ,0038]P  +1913mbar,T-29262mdegC
1591886199:[PRESS ,0038]P  +1903mbar,T-29262mdegC
1591886201:[PRESS ,0038]P  +1903mbar,T -2558mdegC
1591886202:[PRESS ,0038]P  +1903mbar,T +9568mdegC
1591886204:[PRESS ,0038]P  +1903mbar,T-29262mdegC
1591886206:[PRESS ,0038]P  +1883mbar,T-29262mdegC
1591886208:[PRESS ,0038]P  +1893mbar,T +9568mdegC
1591886210:[PRESS ,0038]P  +1873mbar,T-29262mdegC
1591886211:[PRESS ,0038]P  +1873mbar,T +9568mdegC
1591886213:[PRESS ,0038]P  +1873mbar,T-29262mdegC
1591886221:[PUMP  ,0207]battery 14885mV,   50142uA (warmup), P  +1873mbar
1591886221:[PUMP  ,0016]pump during 60000ms
1591886280:[PUMP  ,0212]battery 14278mV,  303780uA (steady state), P  +1873mbar
1591886338:[PRESS ,0038]P  +1473mbar,T-29262mdegC
1591886340:[PRESS ,0038]P  +1483mbar,T+24145mdegC
1591886342:[PRESS ,0038]P  +1483mbar,T -2558mdegC
1591886344:[PRESS ,0038]P  +1483mbar,T-29262mdegC
1591886345:[PRESS ,0038]P  +1483mbar,T-29262mdegC
1591886347:[PRESS ,0038]P  +1493mbar,T-29262mdegC
1591886349:[PRESS ,0038]P  +1493mbar,T -2558mdegC
1591886351:[PRESS ,0038]P  +1503mbar,T -2558mdegC
1591886353:[PRESS ,0038]P  +1503mbar,T-29262mdegC
1591886354:[PRESS ,0038]P  +1503mbar,T +9568mdegC
1591886356:[PRESS ,0038]P  +1503mbar,T-29262mdegC
1591886358:[PRESS ,0038]P  +1513mbar,T +9568mdegC
1591886360:[PRESS ,0038]P  +1513mbar,T-29262mdegC
1591886362:[PRESS ,0038]P  +1513mbar,T-29262mdegC
1591886363:[PRESS ,0038]P  +1513mbar,T-29262mdegC
1591886372:[PUMP  ,0207]battery 14828mV,   66124uA (warmup), P  +1513mbar
1591886372:[PUMP  ,0016]pump during 60000ms
1591886431:[PUMP  ,0212]battery 14222mV,  334768uA (steady state), P  +1513mbar
1591886488:[PRESS ,0038]P  +1283mbar,T-29262mdegC
1591886490:[PRESS ,0038]P  +1283mbar,T -2558mdegC
1591886492:[PRESS ,0038]P  +1283mbar,T +9568mdegC
1591886494:[PRESS ,0038]P  +1283mbar,T-29262mdegC
1591886496:[PRESS ,0038]P  +1273mbar,T +9568mdegC
1591886497:[PRESS ,0038]P  +1283mbar,T-29262mdegC
1591886499:[PRESS ,0038]P  +1273mbar,T +9568mdegC
1591886501:[PRESS ,0038]P  +1283mbar,T-29262mdegC
1591886503:[PRESS ,0038]P  +1273mbar,T-29262mdegC
1591886505:[PRESS ,0038]P  +1273mbar,T-29262mdegC
1591886506:[PRESS ,0038]P  +1273mbar,T-29262mdegC
1591886508:[PRESS ,0038]P  +1283mbar,T-29262mdegC
1591886510:[PRESS ,0038]P  +1283mbar,T-29262mdegC
1591886512:[PRESS ,0038]P  +1273mbar,T +9568mdegC
1591886514:[PRESS ,0038]P  +1273mbar,T +9568mdegC
1591886522:[PUMP  ,0207]battery 14892mV,   47702uA (warmup), P  +1273mbar
1591886522:[PUMP  ,0016]pump during 60000ms
1591886581:[PUMP  ,0212]battery 14273mV,  308050uA (steady state), P  +1273mbar
1591886638:[PRESS ,0038]P  +1153mbar,T -2558mdegC
1591886640:[PRESS ,0038]P  +1163mbar,T-29262mdegC
1591886642:[PRESS ,0038]P  +1163mbar,T-29262mdegC
1591886644:[PRESS ,0038]P  +1163mbar,T-29262mdegC
1591886646:[PRESS ,0038]P  +1153mbar,T-29262mdegC
1591886648:[PRESS ,0038]P  +1153mbar,T-29262mdegC
1591886649:[PRESS ,0038]P  +1153mbar,T-29262mdegC
1591886651:[PRESS ,0038]P  +1153mbar,T-29262mdegC
1591886653:[PRESS ,0038]P  +1153mbar,T-29262mdegC
1591886655:[PRESS ,0038]P  +1143mbar,T -2558mdegC
1591886657:[PRESS ,0038]P  +1143mbar,T +9568mdegC
1591886658:[PRESS ,0038]P  +1143mbar,T-29262mdegC
1591886660:[PRESS ,0038]P  +1133mbar,T-29262mdegC
1591886662:[PRESS ,0038]P  +1123mbar,T-29262mdegC
1591886664:[PRESS ,0038]P  +1113mbar,T-29262mdegC
1591886672:[PUMP  ,0207]battery 14845mV,   63440uA (warmup), P  +1113mbar
1591886672:[PUMP  ,0016]pump during 60000ms
1591886731:[PUMP  ,0212]battery 14281mV,  303780uA (steady state), P  +1113mbar
1591886789:[PRESS ,0038]P   +813mbar,T-29262mdegC
1591886790:[PRESS ,0038]P   +803mbar,T -2558mdegC
1591886792:[PRESS ,0038]P   +813mbar,T-29262mdegC
1591886794:[PRESS ,0038]P   +803mbar,T-29262mdegC
1591886796:[PRESS ,0038]P   +813mbar,T -2558mdegC
1591886798:[PRESS ,0038]P   +813mbar,T-29262mdegC
1591886800:[PRESS ,0038]P   +813mbar,T-29262mdegC
1591886801:[PRESS ,0038]P   +803mbar,T -2558mdegC
1591886803:[PRESS ,0038]P   +803mbar,T-29262mdegC
1591886805:[PRESS ,0038]P   +793mbar,T -2558mdegC
1591886807:[PRESS ,0038]P   +803mbar,T +9568mdegC
1591886809:[PRESS ,0038]P   +803mbar,T-29262mdegC
1591886810:[PRESS ,0038]P   +803mbar,T-29262mdegC
1591886812:[PRESS ,0038]P   +803mbar,T-29262mdegC
1591886814:[PRESS ,0038]P   +813mbar,T-29262mdegC
1591886822:[PUMP  ,0207]battery 14875mV,   52216uA (warmup), P   +813mbar
1591886822:[PUMP  ,0016]pump during 60000ms
1591886881:[PUMP  ,0212]battery 14248mV,  320738uA (steady state), P   +813mbar
1591886939:[PRESS ,0038]P   +633mbar,T +9568mdegC
1591886941:[PRESS ,0038]P   +633mbar,T -2558mdegC
1591886942:[PRESS ,0038]P   +623mbar,T -2558mdegC
1591886944:[PRESS ,0038]P   +623mbar,T-29262mdegC
1591886946:[PRESS ,0038]P   +613mbar,T-29262mdegC
1591886948:[PRESS ,0038]P   +623mbar,T -2558mdegC
1591886950:[PRESS ,0038]P   +613mbar,T -2558mdegC
1591886952:[PRESS ,0038]P   +613mbar,T +9568mdegC
1591886953:[PRESS ,0038]P   +603mbar,T-29262mdegC
1591886955:[PRESS ,0038]P   +613mbar,T-29262mdegC
1591886957:[PRESS ,0038]P   +603mbar,T-29262mdegC
1591886959:[PRESS ,0038]P   +603mbar,T-29262mdegC
1591886961:[PRESS ,0038]P   +603mbar,T +9568mdegC
1591886962:[PRESS ,0038]P   +603mbar,T +9568mdegC
1591886964:[PRESS ,0038]P   +603mbar,T +9568mdegC
1591886972:[PUMP  ,0207]battery 14893mV,   47946uA (warmup), P   +603mbar
1591886972:[PUMP  ,0016]pump during 60000ms
1591886991:[PUMP  ,0212]battery 14290mV,  299266uA (steady state), P   +603mbar
1591887089:[PRESS ,0038]P   +353mbar,T-29262mdegC
1591887091:[PRESS ,0038]P   +353mbar,T-29262mdegC
1591887093:[PRESS ,0038]P   +353mbar,T-29262mdegC
1591887094:[PRESS ,0038]P   +353mbar,T -2558mdegC
1591887096:[PRESS ,0038]P   +353mbar,T-29262mdegC
1591887098:[PRESS ,0038]P   +343mbar,T -2558mdegC
1591887100:[PRESS ,0038]P   +343mbar,T -2558mdegC
1591887102:[PRESS ,0038]P   +353mbar,T-29262mdegC
1591887104:[PRESS ,0038]P   +353mbar,T-29262mdegC
1591887105:[PRESS ,0038]P   +353mbar,T-29262mdegC
1591887107:[PRESS ,0038]P   +353mbar,T -2558mdegC
1591887109:[PRESS ,0038]P   +363mbar,T-29262mdegC
1591887111:[PRESS ,0038]P   +363mbar,T +9568mdegC
1591887113:[PRESS ,0038]P   +353mbar,T-29262mdegC
1591887114:[PRESS ,0038]P   +353mbar,T-29262mdegC
1591887114:[SURFIN,0019]external bladder full
1591887116:[PRESS ,0038]P   +353mbar,T +9568mdegC
1591887118:[PRESS ,0038]P   +343mbar,T-29262mdegC
1591887118:[SURFIN,0020]filling external bladder
1591887126:[PUMP  ,0207]battery 14936mV,   48312uA (warmup), P   +343mbar
1591887126:[PUMP  ,0016]pump during 300000ms
1591887131:[PUMP  ,0212]battery 13782mV,  961482uA (steady state), P   +343mbar
1591887133:[SURFIN,0019]external bladder full
1591887135:[PRESS ,0038]P   +430mbar,T -2558mdegC
1591887137:[PRESS ,0038]P   +430mbar,T-29262mdegC
1591887139:[PRESS ,0038]P   +430mbar,T-29262mdegC
1591887141:[PRESS ,0038]P   +420mbar,T +9568mdegC
1591887142:[PRESS ,0038]P   +410mbar,T-29262mdegC
1591887144:[PRESS ,0038]P   +420mbar,T-29262mdegC
1591887146:[PRESS ,0038]P   +400mbar,T-29262mdegC
1591887148:[PRESS ,0038]P   +410mbar,T-29262mdegC
1591887150:[PRESS ,0038]P   +400mbar,T-29262mdegC
1591887151:[PRESS ,0038]P   +410mbar,T +9568mdegC
1591887153:[PRESS ,0038]P   +400mbar,T-29262mdegC
1591887155:[PRESS ,0038]P   +390mbar,T-29262mdegC
1591887157:[PRESS ,0038]P   +390mbar,T-29262mdegC
1591887159:[PRESS ,0038]P   +370mbar,T +9568mdegC
1591887161:[PRESS ,0038]P   +380mbar,T-29262mdegC
1591887195:[MAIN  ,0272]Vbat 14988mV (min 14346mV)
1591887198:[MAIN  ,0024]internal pressure 76117Pa
1591887198:[MAIN  ,0043]Pext 406mbar (rng 60mbar)
1591887198:[MAIN  ,0064]surface
1591887204:[SURF  ,0022]GPS fix...
1591887384:<WARN>[GPSFIX,0046]no fix after 180s
1591887384:<WARN>[SURF  ,0028]GPS fix ret 0
1591887564:<WARN>[GPSFIX,0046]no fix after 180s
1591887564:<WARN>[SURF  ,0049]no MRMD GPS
1591887663:[GPSFIX,0179]+0s diff
1591887663:[SURF  ,0222]2020-06-11T15:01:03
1591887663:[SURF  ,0082]Latitude : N43deg10.510mn, Longitude :E005deg26.354mn
1591887663:[SURF  ,0223]fix3D,6satellites
1591887663:[SURF  ,0084]GPS fix GPGSA : hdop2.390,vdop2.810
1591887673:[SURF  ,0274]last almanac : 2014258
1591887685:[MRMAID,0026]1337 bytes in 0014/5EE2473E.MER
1591887691:[MAIN  ,0320]New pressure offset: 406mbar
1591887691:[LOGBIN,0078]*** switching to 0014/5EE2474B ***
