1593676098:[MONITR,0197]reboot code 0x0000, src/monitor.c@520
1593676098:[MAIN  ,0007]buoy 452.210-P-0014
1593676098:[MAIN  ,0055]soft pilotage 452.012.300_V2.20-20200612
1593676098:[MAIN  ,0011]date 2020-07-02T07:48:18
1593676104:[MAIN  ,0006]battery 14698mV,   38064uA
1593676107:[MAIN  ,0024]internal pressure 81858Pa
1593676108:[PRESS ,0038]P    +50mbar,T+14426mdegC
1593676109:[MRMAID,0182]thread started
1593676110:[MRMAID,0186]no wake-up
1593676111:[MRMAID,0188]acq already stopped
1593676111:[MRMAID,0052]Mermaid $BOARD:452116600-02;
1593676112:[MRMAID,0052]Mermaid $SOFT:2.1344;
1593676112:[TESTMD,0053]Enter in test mode? yes/no
1593676112:[TESTMD,0252]0014>
1593676142:[BYCMD ,0107]    FreeRTOS V8.2.3
1593676142:[BYCMD ,0108]    FatFS v11a
1593676142:[BYCMD ,0117]    valve is running
1593676142:[BYCMD ,0120]    bypass 20000ms 60000ms (20000ms 60000ms stored)
1593676142:[BYCMD ,0121]    valve 60000ms 12750 (60000ms 12750 stored)
1593676142:[BYCMD ,0122]    pump 60000ms 30% 10750 80% (60000ms 30% 10750 80% stored)
1593676142:[BYCMD ,0123]    rate 2mbar/s (2mbar/s stored)
1593676142:[BYCMD ,0124]    surface 500mbar (500mbar stored)
1593676142:[BYCMD ,0125]    near 15000mbar 3mbar/s (15000mbar 3mbar/s stored)
1593676142:[BYCMD ,0126]    far 25000mbar 4mbar/s (25000mbar 4mbar/s stored)
1593676142:[BYCMD ,0127]    ascent 8mbar/s (8mbar/s stored)
1593676142:[BYCMD ,0128]    dead 300s (300s stored)
1593676143:[BYCMD ,0129]    coeff 16/10 (16/10 stored)
1593676143:[BYCMD ,0130]    stab 10 (10 stored)
1593676143:[BYCMD ,0131]    delay 900s 3600s (900s 3600s stored)
1593676143:[BYCMD ,0132]    mmtime 2880min (2880min stored)
1593676143:[BYCMD ,0133]    dv_landing 100ml (100ml stored)
1593676143:[MKDCMD,0150]    p2t37: 15x2000ms, offset 0mbar
1593676143:[P2TCMD,0151]    p2t37: dp 5000mbar, dt 5000mdegC
1593676143:[STACMD,0077]    mission empty
1593676143:[MAIN  ,0065]surfacing
1593676145:[PRESS ,0038]P    +60mbar,T-24417mdegC
1593676146:[PRESS ,0038]P    +40mbar,T-12269mdegC
1593676148:[PRESS ,0038]P    +60mbar,T+14426mdegC
1593676152:[PRESS ,0038]P    +50mbar,T-12269mdegC
1593676154:[PRESS ,0038]P    +50mbar,T+14426mdegC
1593676155:[PRESS ,0038]P    +60mbar,T-12269mdegC
1593676157:[PRESS ,0038]P    +50mbar,T+14426mdegC
1593676161:[PRESS ,0038]P    +50mbar,T-12269mdegC
1593676163:[PRESS ,0038]P    +60mbar,T+14426mdegC
1593676166:[PRESS ,0038]P    +60mbar,T-24417mdegC
1593676168:[PRESS ,0038]P    +50mbar,T-12269mdegC
1593676168:[SURFIN,0036]P    +50mbar
1593676172:[SURFIN,0020]filling external bladder
1593676175:[SURFIN,0019]external bladder full
1593676176:[PRESS ,0038]P    +50mbar,T+14426mdegC
