1594117474:[MAIN  ,0007]buoy 452.210-P-0014
1594117474:[MAIN  ,0055]soft pilotage 452.012.300_V2.21-20200701
1594117474:[MAIN  ,0010]cycle 1
1594117474:[SURF  ,0225]surface2
1594117481:[SURF  ,0022]GPS fix...
1594117483:<WARN>[GPSFIX,0123]GPRMC ms=640 #1
1594117542:[SURF  ,0015]10 PPS detected...
1594117543:[MRMAID,0052]Mermaid $GPSACK:+0,+0,+0,+0,+0,+0,+0;
1594117553:[MRMAID,0052]Mermaid $GPSOFF:3686334;
1594117554:[GPSFIX,0179]-1s diff
1594117555:[SURF  ,0222]2020-07-07T10:25:55
1594117555:[SURF  ,0082]Latitude : N43deg41.533mn, Longitude :E007deg18.882mn
1594117555:[SURF  ,0223]fix3D,8satellites
1594117555:[SURF  ,0084]GPS fix GPGSA : hdop1.500,vdop1.970
1594117565:[SURF  ,0025]Iridium...
1594117658:[SURF  ,0009]connected in 93s, signal quality 2
1594117741:[SURF  ,0218]prompt received, remote cmd end
1594117741:[SURF  ,0012]16 cmd(s) received
1594117763:[UPLOAD,0248]Upload data files...
1594117783:[UPLOAD,0231]"0014/5EFDDD7E.BIN" uploaded at 104bytes/s
1594117798:[UPLOAD,0231]"0014/5F0447D2.BIN" uploaded at 107bytes/s
1594117818:[UPLOAD,0231]"0014/5F044C6D.BIN" uploaded at 105bytes/s
1594117832:[UPLOAD,0231]"0014/5F044D56.MER" uploaded at 105bytes/s
1594117848:[MAIN  ,0013]4 file(s) uploaded
1594117880:[SURF  ,0014]disconnected after 315s
1594117885:[SURFIN,0020]filling external bladder
1594117893:[PUMP  ,0207]battery 14871mV,   49654uA (warmup), P    +80mbar
1594117893:[PUMP  ,0016]pump during 300000ms
1594117898:[PUMP  ,0212]battery 13828mV,  817522uA (steady state), P    +80mbar
1594117900:[SURFIN,0019]external bladder full
1594117900:[SURF  ,0227]1st complete transfer
1594117907:[SURF  ,0022]GPS fix...
1594117923:<WARN>[GPSFIX,0123]GPRMC ms=990 #1
1594117983:<WARN>[GPSFIX,0123]GPRMC ms=10 #1
1594118022:[SURF  ,0015]10 PPS detected...
1594118023:[MRMAID,0052]Mermaid $GPSACK:+0,+0,+0,+0,+0,+0,-30;
1594118033:[MRMAID,0052]Mermaid $GPSOFF:3686334;
1594118035:[GPSFIX,0179]-1s diff
1594118036:[SURF  ,0222]2020-07-07T10:33:56
1594118036:[SURF  ,0082]Latitude : N43deg40.942mn, Longitude :E007deg19.183mn
1594118036:[SURF  ,0223]fix3D,5satellites
1594118036:[SURF  ,0084]GPS fix GPGSA : hdop3.270,vdop3.120
1594118053:[MAIN  ,0024]internal pressure 84430Pa
1594118054:[BYCMD ,0107]    FreeRTOS V8.2.3
1594118054:[BYCMD ,0108]    FatFS v11a
1594118054:[BYCMD ,0117]    valve is running
1594118054:[BYCMD ,0120]    bypass 10000ms 60000ms (20000ms 60000ms stored)
1594118054:[BYCMD ,0121]    valve 60000ms 12750 (60000ms 12750 stored)
1594118054:[BYCMD ,0122]    pump 60000ms 30% 10750 80% (60000ms 30% 10750 80% stored)
1594118054:[BYCMD ,0123]    rate 2mbar/s (2mbar/s stored)
1594118054:[BYCMD ,0124]    surface 500mbar (500mbar stored)
1594118054:[BYCMD ,0125]    near 1500mbar 3mbar/s (15000mbar 3mbar/s stored)
1594118054:[BYCMD ,0126]    far 2500mbar 4mbar/s (25000mbar 4mbar/s stored)
1594118054:[BYCMD ,0127]    ascent 8mbar/s (8mbar/s stored)
1594118054:[BYCMD ,0128]    dead 60s (300s stored)
1594118054:[BYCMD ,0129]    coeff 16/10 (16/10 stored)
1594118054:[BYCMD ,0130]    stab 10 (10 stored)
1594118054:[BYCMD ,0131]    delay 900s 3600s (900s 3600s stored)
1594118054:[BYCMD ,0132]    mmtime 2880min (2880min stored)
1594118055:[BYCMD ,0133]    dv_landing 100ml (100ml stored)
1594118055:[MKDCMD,0150]    p2t37: 15x2000ms, offset 79mbar
1594118055:[P2TCMD,0151]    p2t37: dp 50mbar, dt 5000mdegC
1594118055:[STAGE ,0080]Stage [0] 5000mbar (+/-500mbar) 1800s (<1800s) 
1594118055:[STAGE ,0080]Stage [1] 5000mbar (+/-500mbar) 1800s (<3600s) MERMAID
1594118055:[MAIN  ,0070]turn off bluetooth
1594118058:[PRESS ,0038]P    +51mbar,T +2275mdegC
1594118065:[PRESS ,0038]P    +51mbar,T+28966mdegC
1594118066:[PRESS ,0038]P    +61mbar,T +2275mdegC
1594118074:[PRESS ,0038]P    +71mbar,T-24417mdegC
1594118075:[PRESS ,0038]P    +61mbar,T +2275mdegC
1594118077:[PRESS ,0038]P    +51mbar,T-24417mdegC
1594118079:[PRESS ,0038]P    +61mbar,T +2275mdegC
1594118081:[PRESS ,0038]P    +61mbar,T-24417mdegC
1594118083:[PRESS ,0038]P    +61mbar,T +2275mdegC
1594118083:[DIVING,0141]diving from 61mbar, +0mbar/s
1594118083:[BYPASS,0035]bypass opening 60000ms
1594118088:[BYPASS,0104]battery 14455mV,  256444uA (bypass opening), P    +61mbar
1594118153:[BYPASS,0106]battery 14318mV,  320860uA (bypass closing), P    +61mbar
1594118154:[PRESS ,0038]P    -19mbar,T +2275mdegC
1594118156:[PRESS ,0038]P     -9mbar,T-24417mdegC
1594118169:[PRESS ,0038]P     -9mbar,T +2275mdegC
1594118170:[PRESS ,0038]P     -9mbar,T-24417mdegC
1594118174:[PRESS ,0038]P     -9mbar,T+28966mdegC
1594118176:[PRESS ,0038]P     +1mbar,T +2275mdegC
1594118179:[BYPASS,0035]bypass opening 10000ms
1594118185:[BYPASS,0104]battery 14483mV,  249612uA (bypass opening), P     -9mbar
1594118200:[BYPASS,0106]battery 14441mV,  289384uA (bypass closing), P     -9mbar
1594118201:[PRESS ,0038]P    -29mbar,T-24417mdegC
1594118203:[PRESS ,0038]P    -29mbar,T +2275mdegC
1594118205:[PRESS ,0038]P    -29mbar,T-24417mdegC
1594118207:[PRESS ,0038]P    -19mbar,T +2275mdegC
1594118209:[PRESS ,0038]P    -29mbar,T-24417mdegC
1594118210:[PRESS ,0038]P    -19mbar,T +2275mdegC
1594118219:[PRESS ,0038]P    -19mbar,T-24417mdegC
1594118221:[PRESS ,0038]P    -19mbar,T +2275mdegC
1594118225:[PRESS ,0038]P    -19mbar,T-24417mdegC
1594118226:[PRESS ,0038]P    -19mbar,T +2275mdegC
1594118227:[BYPASS,0035]bypass opening 10000ms
1594118232:[BYPASS,0104]battery 14436mV,  275232uA (bypass opening), P    -19mbar
1594118247:[BYPASS,0106]battery 14400mV,  315370uA (bypass closing), P    -19mbar
1594118248:[PRESS ,0038]P    -39mbar,T-24417mdegC
1594118252:[PRESS ,0038]P    -39mbar,T +2275mdegC
1594118257:[PRESS ,0038]P    -19mbar,T+14426mdegC
1594118259:[PRESS ,0038]P    -39mbar,T +2275mdegC
1594118261:[PRESS ,0038]P    -29mbar,T-24417mdegC
1594118268:[PRESS ,0038]P    -29mbar,T +2275mdegC
1594118272:[PRESS ,0038]P    -29mbar,T-24417mdegC
1594118273:[PRESS ,0038]P    -39mbar,T+14426mdegC
1594118273:[BYPASS,0035]bypass opening 10000ms
1594118279:[BYPASS,0104]battery 14503mV,  250344uA (bypass opening), P    -39mbar
1594118294:[BYPASS,0106]battery 14447mV,  287920uA (bypass closing), P    -39mbar
1594118295:[PRESS ,0038]P    -49mbar,T +2275mdegC
1594118299:[PRESS ,0038]P    -39mbar,T-24417mdegC
1594118301:[PRESS ,0038]P    -49mbar,T +2275mdegC
1594118303:[PRESS ,0038]P    -39mbar,T+14426mdegC
1594118304:[PRESS ,0038]P    -29mbar,T +2275mdegC
1594118308:[PRESS ,0038]P    -29mbar,T-24417mdegC
1594118313:[PRESS ,0038]P    -39mbar,T +2275mdegC
1594118317:[PRESS ,0038]P    -39mbar,T-24417mdegC
1594118320:[BYPASS,0035]bypass opening 10000ms
1594118326:[BYPASS,0104]battery 14452mV,  285358uA (bypass opening), P    -39mbar
1594118341:[BYPASS,0106]battery 14416mV,  306708uA (bypass closing), P    -39mbar
1594118343:[PRESS ,0038]P    -49mbar,T +2275mdegC
1594118345:[PRESS ,0038]P    -49mbar,T-24417mdegC
1594118348:[PRESS ,0038]P    -49mbar,T +2275mdegC
1594118350:[PRESS ,0038]P    -49mbar,T-24417mdegC
1594118355:[PRESS ,0038]P    -39mbar,T+14426mdegC
1594118357:[PRESS ,0038]P    -29mbar,T-24417mdegC
1594118361:[PRESS ,0038]P    -39mbar,T +2275mdegC
1594118362:[PRESS ,0038]P    -49mbar,T-24417mdegC
1594118366:[PRESS ,0038]P    -39mbar,T+14426mdegC
1594118368:[PRESS ,0038]P    -49mbar,T-24417mdegC
1594118368:[BYPASS,0035]bypass opening 10000ms
1594118373:[BYPASS,0104]battery 14463mV,  258396uA (bypass opening), P    -49mbar
1594118388:[BYPASS,0106]battery 14448mV,  287066uA (bypass closing), P    -49mbar
1594118390:[PRESS ,0038]P    -59mbar,T +2275mdegC
1594118392:[PRESS ,0038]P    -49mbar,T-24417mdegC
1594118395:[PRESS ,0038]P    -49mbar,T +2275mdegC
1594118397:[PRESS ,0038]P    -39mbar,T-24417mdegC
1594118408:[PRESS ,0038]P    -59mbar,T +2275mdegC
1594118409:[PRESS ,0038]P    -49mbar,T-24417mdegC
1594118411:[PRESS ,0038]P    -59mbar,T +2275mdegC
1594118415:[PRESS ,0038]P    -49mbar,T+14426mdegC
1594118415:[BYPASS,0035]bypass opening 10000ms
1594118420:[BYPASS,0104]battery 14501mV,  241682uA (bypass opening), P    -49mbar
1594118435:[BYPASS,0106]battery 14448mV,  288286uA (bypass closing), P    -49mbar
1594118437:[PRESS ,0038]P    -49mbar,T-24417mdegC
1594118440:[PRESS ,0038]P    -59mbar,T +2275mdegC
1594118444:[PRESS ,0038]P    -59mbar,T-24417mdegC
1594118449:[PRESS ,0038]P    -49mbar,T +2275mdegC
1594118451:[PRESS ,0038]P    -49mbar,T+14426mdegC
1594118453:[PRESS ,0038]P    -49mbar,T-24417mdegC
1594118462:[PRESS ,0038]P    -49mbar,T+14426mdegC
1594118462:[BYPASS,0035]bypass opening 10000ms
1594118467:[BYPASS,0104]battery 14490mV,  242780uA (bypass opening), P    -49mbar
1594118482:[BYPASS,0106]battery 14453mV,  285968uA (bypass closing), P    -49mbar
1594118484:[PRESS ,0038]P    -49mbar,T-24417mdegC
1594118487:[PRESS ,0038]P    -49mbar,T +2275mdegC
1594118489:[PRESS ,0038]P    -59mbar,T-24417mdegC
1594118491:[PRESS ,0038]P    -49mbar,T+14426mdegC
1594118494:[PRESS ,0038]P    -49mbar,T-24417mdegC
1594118502:[PRESS ,0038]P    -39mbar,T+14426mdegC
1594118505:[PRESS ,0038]P    -49mbar,T-24417mdegC
1594118509:[BYPASS,0035]bypass opening 10000ms
1594118514:[BYPASS,0104]battery 14493mV,  242170uA (bypass opening), P    -49mbar
1594118529:[BYPASS,0106]battery 14428mV,  301218uA (bypass closing), P    -49mbar
1594118531:[PRESS ,0038]P     +1mbar,T +2275mdegC
1594118532:[PRESS ,0038]P     +1mbar,T+14426mdegC
1594118534:[PRESS ,0038]P    +11mbar,T-24417mdegC
1594118545:[PRESS ,0038]P    +21mbar,T+14426mdegC
1594118548:[PRESS ,0038]P    +41mbar,T-24417mdegC
1594118558:[PRESS ,0038]P    +71mbar,T+14426mdegC
1594118564:[PRESS ,0038]P    +81mbar,T-24417mdegC
1594118572:[PRESS ,0038]P   +121mbar,T+14426mdegC
1594118575:[PRESS ,0038]P   +121mbar,T-24417mdegC
1594118578:[PRESS ,0038]P   +141mbar,T+14426mdegC
1594118581:[PRESS ,0038]P   +141mbar,T-24417mdegC
1594118589:[PRESS ,0038]P   +151mbar,T +2275mdegC
1594118592:[PRESS ,0038]P   +171mbar,T-24417mdegC
1594118595:[PRESS ,0038]P   +181mbar,T +2275mdegC
1594118597:[PRESS ,0038]P   +181mbar,T-24417mdegC
1594118603:[PRESS ,0038]P   +201mbar,T+14426mdegC
1594118606:[PRESS ,0038]P   +201mbar,T-24417mdegC
1594118611:[PRESS ,0038]P   +211mbar,T+14426mdegC
1594118614:[PRESS ,0038]P   +221mbar,T-24417mdegC
1594118617:[PRESS ,0038]P   +231mbar,T+14426mdegC
1594118620:[PRESS ,0038]P   +251mbar,T-24417mdegC
1594118623:[PRESS ,0038]P   +251mbar,T+14426mdegC
1594118625:[PRESS ,0038]P   +271mbar,T-24417mdegC
1594118628:[PRESS ,0038]P   +281mbar,T+14426mdegC
1594118634:[PRESS ,0038]P   +301mbar,T-24417mdegC
1594118636:[PRESS ,0038]P   +301mbar,T+14426mdegC
1594118642:[PRESS ,0038]P   +341mbar,T +2275mdegC
1594118645:[PRESS ,0038]P   +341mbar,T-24417mdegC
1594118648:[PRESS ,0038]P   +341mbar,T+14426mdegC
1594118650:[PRESS ,0038]P   +351mbar,T-24417mdegC
1594118653:[PRESS ,0038]P   +371mbar,T+14426mdegC
1594118659:[PRESS ,0038]P   +381mbar,T-24417mdegC
1594118662:[PRESS ,0038]P   +401mbar,T+14426mdegC
1594118664:[PRESS ,0038]P   +411mbar,T-24417mdegC
1594118667:[PRESS ,0038]P   +421mbar,T+14426mdegC
1594118676:[PRESS ,0038]P   +471mbar,T +2275mdegC
1594118678:[PRESS ,0038]P   +471mbar,T+14426mdegC
1594118684:[PRESS ,0038]P   +491mbar,T-24417mdegC
1594118687:[PRESS ,0038]P   +501mbar,T-12269mdegC
1594118689:[PRESS ,0038]P   +501mbar,T+14426mdegC
1594118689:[DIVING,0028]501mbar reached (+4mbar/s), 9 bypass done
1594118689:[MAIN  ,0056]stage[0]
1594118691:[MAIN  ,0024]internal pressure 87084Pa
1594118692:[BUOY  ,0037]P   +521mbar
1594118692:[STAGE ,0080]Stage [0] 5000mbar (+/-500mbar) 1800s (<1594120489s) 
1594118755:[PRESS ,0038]P   +661mbar,T+14426mdegC
1594118756:[PRESS ,0038]P   +671mbar,T-24417mdegC
1594118762:[PRESS ,0038]P   +681mbar,T +2275mdegC
1594118764:[PRESS ,0038]P   +681mbar,T-24417mdegC
1594118767:[PRESS ,0038]P   +681mbar,T+14426mdegC
1594118771:[PRESS ,0038]P   +691mbar,T-24417mdegC
1594118774:[PRESS ,0038]P   +701mbar,T+14426mdegC
1594118776:[PRESS ,0038]P   +701mbar,T-24417mdegC
1594118778:[PRESS ,0038]P   +711mbar,T+14426mdegC
1594118780:[BUOY  ,0087]from +2mbar/s to +4mbar/s
1594118780:[BUOY  ,0090]need to transfer -20mL (valve during 9808ms)
1594118780:[VALVE ,0034]valve opening 9808ms
1594118790:[VALVE ,0234]battery 13945mV,  498858uA, P   +711mbar
1594118841:[PRESS ,0038]P   +921mbar,T +2275mdegC
1594118842:[PRESS ,0038]P   +931mbar,T-24417mdegC
1594118848:[PRESS ,0038]P   +951mbar,T+14426mdegC
1594118850:[PRESS ,0038]P   +961mbar,T-24417mdegC
1594118853:[PRESS ,0038]P   +971mbar,T+14426mdegC
1594118860:[PRESS ,0038]P  +1001mbar,T-24417mdegC
1594118862:[PRESS ,0038]P  +1011mbar,T-12269mdegC
1594118864:[PRESS ,0038]P  +1001mbar,T+14426mdegC
1594118926:[PRESS ,0038]P  +1081mbar,T-12269mdegC
1594118928:[PRESS ,0038]P  +1071mbar,T+14426mdegC
1594118932:[PRESS ,0038]P  +1071mbar,T-24417mdegC
1594118933:[PRESS ,0038]P  +1081mbar,T+14426mdegC
1594118935:[PRESS ,0038]P  +1071mbar,T-24417mdegC
1594118939:[PRESS ,0038]P  +1081mbar,T+14426mdegC
1594118942:[PRESS ,0038]P  +1081mbar,T-12269mdegC
1594118944:[PRESS ,0038]P  +1081mbar,T+14426mdegC
1594118950:[PRESS ,0038]P  +1091mbar,T-24417mdegC
1594118951:[PRESS ,0038]P  +1091mbar,T+14426mdegC
1594118951:[BUOY  ,0087]from +1mbar/s to +4mbar/s
1594118951:[BUOY  ,0090]need to transfer -24mL (valve during 9273ms)
1594118952:[VALVE ,0034]valve opening 9273ms
1594118961:[VALVE ,0234]battery 14012mV,  495198uA, P  +1091mbar
1594119012:[PRESS ,0038]P  +1251mbar,T+14426mdegC
1594119014:[PRESS ,0038]P  +1251mbar,T-12269mdegC
1594119016:[PRESS ,0038]P  +1261mbar,T+14426mdegC
1594119019:[PRESS ,0038]P  +1271mbar,T-12269mdegC
1594119021:[PRESS ,0038]P  +1291mbar,T-24417mdegC
1594119025:[PRESS ,0038]P  +1301mbar,T+14426mdegC
1594119027:[PRESS ,0038]P  +1311mbar,T-24417mdegC
1594119028:[PRESS ,0038]P  +1311mbar,T+14426mdegC
1594119034:[PRESS ,0038]P  +1341mbar,T-12269mdegC
1594119036:[PRESS ,0038]P  +1331mbar,T-24417mdegC
1594119098:[PRESS ,0038]P  +1461mbar,T-24417mdegC
1594119100:[PRESS ,0038]P  +1471mbar,T+14426mdegC
1594119105:[PRESS ,0038]P  +1461mbar,T-12269mdegC
1594119107:[PRESS ,0038]P  +1471mbar,T-24417mdegC
1594119111:[PRESS ,0038]P  +1471mbar,T+14426mdegC
1594119116:[PRESS ,0038]P  +1481mbar,T-12269mdegC
1594119119:[PRESS ,0038]P  +1481mbar,T-24417mdegC
1594119123:[PRESS ,0038]P  +1491mbar,T+14426mdegC
1594119123:[BUOY  ,0087]from +1mbar/s to +4mbar/s
1594119123:[BUOY  ,0090]need to transfer -24mL (valve during 8053ms)
1594119123:[VALVE ,0034]valve opening 8053ms
1594119131:[VALVE ,0234]battery 14018mV,  497394uA, P  +1491mbar
1594119184:[PRESS ,0038]P  +1731mbar,T+14426mdegC
1594119186:[PRESS ,0038]P  +1741mbar,T-12269mdegC
1594119188:[PRESS ,0038]P  +1741mbar,T+14426mdegC
1594119205:[PRESS ,0038]P  +1801mbar,T+14426mdegC
1594119207:[PRESS ,0038]P  +1811mbar,T-12269mdegC
1594119209:[PRESS ,0038]P  +1821mbar,T+14426mdegC
1594119270:[PRESS ,0038]P  +2041mbar,T+14426mdegC
1594119273:[PRESS ,0038]P  +2051mbar,T-12269mdegC
1594119275:[PRESS ,0038]P  +2051mbar,T+14426mdegC
1594119277:[PRESS ,0038]P  +2061mbar,T-12269mdegC
1594119282:[PRESS ,0038]P  +2081mbar,T+14426mdegC
1594119286:[PRESS ,0038]P  +2101mbar,T-12269mdegC
1594119291:[PRESS ,0038]P  +2131mbar,T+14426mdegC
1594119293:[PRESS ,0038]P  +2131mbar,T-12269mdegC
1594119355:[PRESS ,0038]P  +2341mbar,T-12269mdegC
1594119357:[PRESS ,0038]P  +2351mbar,T+14426mdegC
1594119368:[PRESS ,0038]P  +2381mbar,T-12269mdegC
1594119369:[PRESS ,0038]P  +2391mbar,T+14426mdegC
1594119373:[PRESS ,0038]P  +2391mbar,T-12269mdegC
1594119377:[PRESS ,0038]P  +2401mbar,T+14426mdegC
1594119441:[PRESS ,0038]P  +2621mbar,T-12269mdegC
1594119444:[PRESS ,0038]P  +2641mbar,T-24417mdegC
1594119446:[PRESS ,0038]P  +2651mbar,T-12269mdegC
1594119448:[PRESS ,0038]P  +2641mbar,T+26571mdegC
1594119450:[PRESS ,0038]P  +2651mbar,T-12269mdegC
1594119452:[PRESS ,0038]P  +2661mbar,T+14426mdegC
1594119453:[PRESS ,0038]P  +2661mbar,T-12269mdegC
1594119464:[PRESS ,0038]P  +2721mbar,T+14426mdegC
1594119466:[PRESS ,0038]P  +2721mbar,T-12269mdegC
1594119527:[PRESS ,0038]P  +2951mbar,T-12269mdegC
1594119528:[PRESS ,0038]P  +2961mbar,T+26571mdegC
1594119530:[PRESS ,0038]P  +2971mbar,T-12269mdegC
1594119532:[PRESS ,0038]P  +2971mbar,T+14426mdegC
1594119536:[PRESS ,0038]P  +3001mbar,T-12269mdegC
1594119537:[PRESS ,0038]P  +2991mbar,T+26571mdegC
1594119539:[PRESS ,0038]P  +3001mbar,T-12269mdegC
1594119546:[PRESS ,0038]P  +3031mbar,T+14426mdegC
1594119550:[PRESS ,0038]P  +3041mbar,T-12269mdegC
1594119612:[PRESS ,0038]P  +3291mbar,T+26571mdegC
1594119616:[PRESS ,0038]P  +3301mbar,T-12269mdegC
1594119623:[PRESS ,0038]P  +3321mbar,T+26571mdegC
1594119627:[PRESS ,0038]P  +3331mbar,T-12269mdegC
1594119632:[PRESS ,0038]P  +3351mbar,T+26571mdegC
1594119635:[PRESS ,0038]P  +3381mbar,T-12269mdegC
1594119698:[PRESS ,0038]P  +3621mbar,T+26571mdegC
1594119707:[PRESS ,0038]P  +3661mbar,T-12269mdegC
1594119709:[PRESS ,0038]P  +3661mbar,T+26571mdegC
1594119717:[PRESS ,0038]P  +3711mbar,T  -126mdegC
1594119719:[PRESS ,0038]P  +3711mbar,T+26571mdegC
1594119721:[PRESS ,0038]P  +3711mbar,T  -126mdegC
1594119723:[PRESS ,0038]P  +3741mbar,T+26571mdegC
1594119723:[BUOY  ,0087]from +4mbar/s to +2mbar/s
1594119723:[BUOY  ,0089]need to transfer +20mL (pump during 24718ms)
1594119731:[PUMP  ,0207]battery 14818mV,   72224uA (warmup), P  +3741mbar
1594119731:[PUMP  ,0016]pump during 24718ms
1594119755:[PUMP  ,0212]battery 14372mV,  300364uA (steady state), P  +3741mbar
1594119787:[PRESS ,0038]P  +3941mbar,T  -126mdegC
1594119789:[PRESS ,0038]P  +3951mbar,T-12269mdegC
1594119791:[PRESS ,0038]P  +3951mbar,T+26571mdegC
1594119792:[PRESS ,0038]P  +3971mbar,T  -126mdegC
1594119796:[PRESS ,0038]P  +3971mbar,T+26571mdegC
1594119799:[PRESS ,0038]P  +3981mbar,T  -126mdegC
1594119803:[PRESS ,0038]P  +3991mbar,T+26571mdegC
1594119812:[PRESS ,0038]P  +4011mbar,T  -126mdegC
1594119873:[PRESS ,0038]P  +4151mbar,T-12269mdegC
1594119874:[PRESS ,0038]P  +4151mbar,T+26571mdegC
1594119887:[PRESS ,0038]P  +4201mbar,T  -126mdegC
1594119889:[PRESS ,0038]P  +4211mbar,T+26571mdegC
1594119894:[PRESS ,0038]P  +4221mbar,T  -126mdegC
1594119896:[PRESS ,0038]P  +4221mbar,T+26571mdegC
1594119958:[PRESS ,0038]P  +4371mbar,T  -126mdegC
1594119965:[PRESS ,0038]P  +4381mbar,T+26571mdegC
1594119967:[PRESS ,0038]P  +4381mbar,T  -126mdegC
1594119972:[PRESS ,0038]P  +4401mbar,T+26571mdegC
1594119976:[PRESS ,0038]P  +4401mbar,T  -126mdegC
1594119978:[PRESS ,0038]P  +4421mbar,T-26824mdegC
1594119980:[PRESS ,0038]P  +4421mbar,T  -126mdegC
1594119981:[PRESS ,0038]P  +4421mbar,T-26824mdegC
1594119983:[PRESS ,0038]P  +4421mbar,T  -126mdegC
1594120044:[PRESS ,0038]P  +4511mbar,T  -126mdegC
1594120048:[PRESS ,0038]P  +4511mbar,T+26571mdegC
1594120049:[PRESS ,0038]P  +4521mbar,T  -126mdegC
1594120067:[PRESS ,0038]P  +4561mbar,T+26571mdegC
1594120069:[STAGE ,0213]4561mbar reached at 1594120069s, ref 5000mbar +/-500mbar
1594120130:[PRESS ,0038]P  +4671mbar,T  -126mdegC
1594120190:[PRESS ,0038]P  +4821mbar,T  -126mdegC
1594120251:[PRESS ,0038]P  +4991mbar,T+12012mdegC
1594120312:[PRESS ,0038]P  +5151mbar,T  -126mdegC
1594120312:[BUOY  ,0087]from +2mbar/s to +0mbar/s
1594120312:[BUOY  ,0089]need to transfer +6mL (pump during 7424ms)
1594120320:[PUMP  ,0207]battery 14790mV,   73444uA (warmup), P  +5151mbar
1594120320:[PUMP  ,0016]pump during 7424ms
1594120327:[PUMP  ,0212]battery 14352mV,  317810uA (steady state), P  +5151mbar
1594120376:[PRESS ,0038]P  +5311mbar,T-26824mdegC
1594120377:[PRESS ,0038]P  +5311mbar,T  -126mdegC
1594120379:[PRESS ,0038]P  +5311mbar,T-26824mdegC
1594120381:[PRESS ,0038]P  +5311mbar,T  -126mdegC
1594120383:[PRESS ,0038]P  +5321mbar,T+12012mdegC
1594120385:[PRESS ,0038]P  +5311mbar,T-26824mdegC
1594120387:[PRESS ,0038]P  +5321mbar,T  -126mdegC
1594120390:[PRESS ,0038]P  +5331mbar,T-26824mdegC
1594120397:[PRESS ,0038]P  +5341mbar,T  -126mdegC
1594120401:[BUOY  ,0087]from +2mbar/s to +0mbar/s
1594120401:[BUOY  ,0089]need to transfer +6mL (pump during 7424ms)
1594120409:[PUMP  ,0207]battery 14936mV,   51972uA (warmup), P  +5361mbar
1594120409:[PUMP  ,0016]pump during 7424ms
1594120416:[PUMP  ,0212]battery 14423mV,  309514uA (steady state), P  +5361mbar
1594120465:[PRESS ,0038]P  +5521mbar,T-26824mdegC
1594120472:[PRESS ,0038]P  +5531mbar,T  -126mdegC
1594120474:[PRESS ,0038]P  +5531mbar,T-26824mdegC
1594120476:[PRESS ,0038]P  +5541mbar,T  -126mdegC
1594120479:[PRESS ,0038]P  +5541mbar,T-26824mdegC
1594120481:[PRESS ,0038]P  +5561mbar,T  -126mdegC
1594120483:[PRESS ,0038]P  +5561mbar,T-26824mdegC
1594120490:[MAIN  ,0140]stage[0] complete 1801s after mission start
1594120490:[MAIN  ,0056]stage[1]
1594120492:[MAIN  ,0024]internal pressure 85460Pa
1594120493:[MRMAID,0002]acq started
1594120503:[PRESS ,0038]P  +5621mbar,T-26824mdegC
1594120503:[BUOY  ,0037]P  +5621mbar
1594120503:[STAGE ,0080]Stage [1] 5000mbar (+/-500mbar) 1800s (<1594122289s) MERMAID
1594120505:<WARN>[BUOY  ,0094]stage[1] should ASCENT, stuck at 5621mbar for the #1 time
1594120505:[BUOY  ,0087]from +3mbar/s to -2mbar/s
1594120505:[BUOY  ,0089]need to transfer +20mL (pump during 24713ms)
1594120514:[PUMP  ,0207]battery 14863mV,   65880uA (warmup), P  +5621mbar
1594120514:[PUMP  ,0016]pump during 24713ms
1594120538:[PUMP  ,0212]battery 14375mV,  334524uA (steady state), P  +5621mbar
1594120547:[MRMAID,0059]stop canceled
1594120551:[MRMAID,0184]acq already started
1594120585:[PRESS ,0038]P  +5651mbar,T  -126mdegC
1594120589:[PRESS ,0038]P  +5651mbar,T-26824mdegC
1594120591:[PRESS ,0038]P  +5641mbar,T+12012mdegC
1594120592:[PRESS ,0038]P  +5651mbar,T-26824mdegC
1594120598:[PRESS ,0038]P  +5641mbar,T+12012mdegC
1594120600:[PRESS ,0038]P  +5641mbar,T-26824mdegC
1594120651:[MRMAID,0027]56dbar, -27degC
1594120665:[PRESS ,0038]P  +5551mbar,T+12012mdegC
1594120669:[PRESS ,0038]P  +5551mbar,T-26824mdegC
1594120678:[PRESS ,0038]P  +5541mbar,T  -126mdegC
1594120680:[PRESS ,0038]P  +5541mbar,T-26824mdegC
1594120683:[PRESS ,0038]P  +5541mbar,T+12012mdegC
1594120685:[PRESS ,0038]P  +5541mbar,T-26824mdegC
1594120751:[PRESS ,0038]P  +5431mbar,T-26824mdegC
1594120767:[PRESS ,0038]P  +5421mbar,T  -126mdegC
1594120769:[PRESS ,0038]P  +5421mbar,T-26824mdegC
1594120774:[PRESS ,0038]P  +5411mbar,T+12012mdegC
1594120776:[PRESS ,0038]P  +5401mbar,T-26824mdegC
1594120776:[STAGE ,0213]5401mbar reached at 1594120776s, ref 5000mbar +/-500mbar
1594120837:[PRESS ,0038]P  +5291mbar,T-26824mdegC
1594120897:[PRESS ,0038]P  +5231mbar,T+12012mdegC
1594120958:[PRESS ,0038]P  +5181mbar,T-26824mdegC
1594121019:[PRESS ,0038]P  +5141mbar,T+12012mdegC
1594121080:[PRESS ,0038]P  +5081mbar,T+12012mdegC
1594121140:[PRESS ,0038]P  +5061mbar,T-26824mdegC
1594121201:[PRESS ,0038]P  +5041mbar,T+12012mdegC
1594121262:[PRESS ,0038]P  +5061mbar,T-26824mdegC
1594121322:[PRESS ,0038]P  +5041mbar,T+12012mdegC
1594121504:[PRESS ,0038]P  +5101mbar,T-26824mdegC
1594121565:[PRESS ,0038]P  +5181mbar,T+12012mdegC
1594121747:[PRESS ,0038]P  +5131mbar,T-26824mdegC
1594121766:[MRMAID,0005]ascent request rejected
1594121808:[PRESS ,0038]P  +5181mbar,T+12012mdegC
1594121852:[MRMAID,0027]52dbar, 12degC
1594121868:[PRESS ,0038]P  +5171mbar,T-26824mdegC
1594121990:[PRESS ,0038]P  +5181mbar,T+12012mdegC
1594122050:[PRESS ,0038]P  +5311mbar,T+12012mdegC
1594122172:[PRESS ,0038]P  +5361mbar,T-14688mdegC
1594122293:[PRESS ,0038]P  +5311mbar,T+12012mdegC
1594122293:[MAIN  ,0140]stage[1] complete 3604s after mission start
1594122897:<ERR>[MRMAID,0008]acq not stopped
1594122953:[MRMAID,0052]Mermaid $STOPACK:$MEASFS,96287,2406.316132,40.014277;
1594122960:[MRMAID,0183]dropping spurious '0x2B'
1594122960:[MRMAID,0183]dropping spurious '0x31'
1594122960:[MRMAID,0183]dropping spurious '0x3B'
1594122960:[MRMAID,0185]3 spurious byte(s) received
1594122974:[MRMAID,0005]ascent request rejected
1594123018:[MRMAID,0188]acq already stopped
1594123078:[MSSION,0192]mission stopped, 2 stage(s) done
1594123078:[MAIN  ,0065]surfacing
1594123080:[PRESS ,0038]P  +5311mbar,T-14688mdegC
1594123080:[SURFIN,0036]P  +5311mbar
1594123088:[PUMP  ,0207]battery 14810mV,   53680uA (warmup), P  +5311mbar
1594123088:[PUMP  ,0016]pump during 60000ms
1594123147:[PUMP  ,0212]battery 14301mV,  302560uA (steady state), P  +5311mbar
1594123205:[PRESS ,0038]P  +4991mbar,T-14688mdegC
1594123207:[PRESS ,0038]P  +4991mbar,T+12012mdegC
1594123208:[PRESS ,0038]P  +4981mbar,T-14688mdegC
1594123214:[PRESS ,0038]P  +4961mbar,T+12012mdegC
1594123216:[PRESS ,0038]P  +4961mbar,T+24145mdegC
1594123217:[PRESS ,0038]P  +4951mbar,T-14688mdegC
1594123223:[PRESS ,0038]P  +4921mbar,T+12012mdegC
1594123225:[PRESS ,0038]P  +4911mbar,T-14688mdegC
1594123226:[PRESS ,0038]P  +4911mbar,T+12012mdegC
1594123230:[PRESS ,0038]P  +4901mbar,T-14688mdegC
1594123238:[PUMP  ,0207]battery 14877mV,   50996uA (warmup), P  +4901mbar
1594123238:[PUMP  ,0016]pump during 60000ms
1594123297:[PUMP  ,0212]battery 14352mV,  311832uA (steady state), P  +4901mbar
1594123355:[PRESS ,0038]P  +4271mbar,T-14688mdegC
1594123357:[PRESS ,0038]P  +4261mbar,T+24145mdegC
1594123358:[PRESS ,0038]P  +4251mbar,T-14688mdegC
1594123366:[PRESS ,0038]P  +4211mbar,T+24145mdegC
1594123367:[PRESS ,0038]P  +4191mbar,T-14688mdegC
1594123369:[PRESS ,0038]P  +4171mbar,T+12012mdegC
1594123371:[PRESS ,0038]P  +4161mbar,T-14688mdegC
1594123373:[PRESS ,0038]P  +4161mbar,T+12012mdegC
1594123375:[PRESS ,0038]P  +4161mbar,T-14688mdegC
1594123376:[PRESS ,0038]P  +4141mbar,T+12012mdegC
1594123378:[PRESS ,0038]P  +4131mbar,T-14688mdegC
1594123388:[PUMP  ,0207]battery 14783mV,   70760uA (warmup), P  +4121mbar
1594123388:[PUMP  ,0016]pump during 60000ms
1594123447:[PUMP  ,0212]battery 14252mV,  341478uA (steady state), P  +4121mbar
1594123505:[PRESS ,0038]P  +3171mbar,T-14688mdegC
1594123507:[PRESS ,0038]P  +3171mbar,T+12012mdegC
1594123508:[PRESS ,0038]P  +3171mbar,T-14688mdegC
1594123514:[PRESS ,0038]P  +3101mbar,T-14688mdegC
1594123516:[PRESS ,0038]P  +3081mbar,T+12012mdegC
1594123517:[PRESS ,0038]P  +3071mbar,T-14688mdegC
1594123521:[PRESS ,0038]P  +3031mbar,T+12012mdegC
1594123523:[PRESS ,0038]P  +3031mbar,T-14688mdegC
1594123530:[PRESS ,0038]P  +2971mbar,T-14688mdegC
1594123651:[PRESS ,0038]P  +2111mbar,T+24145mdegC
1594123660:[PUMP  ,0207]battery 14791mV,   71248uA (warmup), P  +2111mbar
1594123660:[PUMP  ,0016]pump during 60000ms
1594123719:[PUMP  ,0212]battery 14268mV,  326106uA (steady state), P  +2111mbar
1594123776:[PRESS ,0038]P  +1231mbar,T-14688mdegC
1594123782:[PRESS ,0038]P  +1191mbar,T+24145mdegC
1594123784:[PRESS ,0038]P  +1181mbar,T+12012mdegC
1594123785:[PRESS ,0038]P  +1181mbar,T-14688mdegC
1594123796:[PRESS ,0038]P  +1111mbar,T-14688mdegC
1594123798:[PRESS ,0038]P  +1111mbar,T+24145mdegC
1594123800:[PRESS ,0038]P  +1101mbar,T-14688mdegC
1594123810:[PUMP  ,0207]battery 14786mV,   75884uA (warmup), P  +1091mbar
1594123810:[PUMP  ,0016]pump during 60000ms
1594123869:[PUMP  ,0212]battery 14287mV,  325252uA (steady state), P  +1091mbar
1594123926:[PRESS ,0038]P   +611mbar,T+24145mdegC
1594123928:[PRESS ,0038]P   +611mbar,T-14688mdegC
1594123933:[PRESS ,0038]P   +591mbar,T+12012mdegC
1594123937:[PRESS ,0038]P   +581mbar,T-14688mdegC
1594123946:[PRESS ,0038]P   +521mbar,T-14688mdegC
1594123949:[PRESS ,0038]P   +501mbar,T+24145mdegC
1594123951:[PRESS ,0038]P   +491mbar,T-14688mdegC
1594123955:[PRESS ,0038]P   +461mbar,T+12012mdegC
1594123955:[SURFIN,0020]filling external bladder
1594123963:[PUMP  ,0207]battery 14896mV,   50142uA (warmup), P   +461mbar
1594123963:[PUMP  ,0016]pump during 300000ms
1594124262:[PUMP  ,0212]battery 13896mV,  877424uA (steady state), P   +461mbar
1594124273:[PUMP  ,0207]battery 14626mV,   42334uA (warmup), P   +461mbar
1594124273:[PUMP  ,0016]pump during 300000ms
1594124414:[PUMP  ,0212]battery 13865mV,  880230uA (steady state), P   +461mbar
1594124416:[SURFIN,0019]external bladder full
1594124417:[PRESS ,0038]P   +150mbar,T-26824mdegC
1594124421:[PRESS ,0038]P   +160mbar,T+12012mdegC
1594124423:[PRESS ,0038]P   +140mbar,T-26824mdegC
1594124428:[PRESS ,0038]P   +150mbar,T  -126mdegC
1594124430:[PRESS ,0038]P   +140mbar,T-26824mdegC
1594124432:[PRESS ,0038]P   +140mbar,T  -126mdegC
1594124434:[PRESS ,0038]P   +150mbar,T+12012mdegC
1594124435:[PRESS ,0038]P   +140mbar,T-26824mdegC
1594124441:[PRESS ,0038]P   +140mbar,T  -126mdegC
1594124442:[PRESS ,0038]P   +150mbar,T-26824mdegC
1594124477:[MAIN  ,0272]Vbat 14846mV (min 14382mV)
1594124480:[MAIN  ,0024]internal pressure 82397Pa
1594124480:[MAIN  ,0043]Pext 147mbar (rng 20mbar)
1594124480:[MAIN  ,0064]surface
1594124486:[SURF  ,0022]GPS fix...
1594124490:<WARN>[GPSFIX,0123]GPRMC ms=550 #1
1594124544:[SURF  ,0015]10 PPS detected...
1594124545:[MRMAID,0052]Mermaid $GPSACK:+0,+0,+0,+0,+0,+0,-5462;
1594124555:[MRMAID,0052]Mermaid $GPSOFF:3686339;
1594124556:[GPSFIX,0179]-1s diff
1594124557:[SURF  ,0222]2020-07-07T12:22:37
1594124557:[SURF  ,0082]Latitude : N43deg40.939mn, Longitude :E007deg19.182mn
1594124557:[SURF  ,0223]fix3D,9satellites
1594124557:[SURF  ,0084]GPS fix GPGSA : hdop0.940,vdop1.200
1594124567:[SURF  ,0274]last almanac : 4251152
1594124643:[MRMAID,0026]26000 bytes in 0014/5F04691C.MER
1594124649:[MAIN  ,0320]New pressure offset: 147mbar
1594124649:[LOGBIN,0078]*** switching to 0014/5F046969 ***
