1594153229:[MAIN  ,0007]buoy 452.210-P-0014
1594153229:[MAIN  ,0055]soft pilotage 452.012.300_V2.21-20200701
1594153229:[MAIN  ,0010]cycle 6
1594153229:[SURF  ,0225]surface2
1594153236:[SURF  ,0022]GPS fix...
1594153238:<WARN>[GPSFIX,0123]GPRMC ms=620 #1
1594153263:<WARN>[GPSFIX,0123]GPRMC ms=10 #1
1594153283:[SURF  ,0015]10 PPS detected...
1594153284:[MRMAID,0052]Mermaid $GPSACK:+0,+0,+0,+0,+0,+0,+0;
1594153294:[MRMAID,0052]Mermaid $GPSOFF:3686339;
1594153296:[GPSFIX,0179]-1s diff
1594153297:[SURF  ,0222]2020-07-07T20:21:37
1594153297:[SURF  ,0082]Latitude : N43deg40.940mn, Longitude :E007deg19.180mn
1594153297:[SURF  ,0223]fix3D,5satellites
1594153297:[SURF  ,0084]GPS fix GPGSA : hdop2.350,vdop1.680
1594153307:[SURF  ,0025]Iridium...
1594153350:[SURF  ,0009]connected in 43s, signal quality 5
1594153406:[SURF  ,0218]prompt received, remote cmd end
1594153406:[SURF  ,0012]10 cmd(s) received
1594153427:[UPLOAD,0248]Upload data files...
1594153446:[UPLOAD,0231]"0014/5F04D900.MER" uploaded at 142bytes/s
1594153554:[UPLOAD,0231]"0014/5F04BEB6.BIN" uploaded at 135bytes/s
1594153571:[MAIN  ,0013]2 file(s) uploaded
1594153604:[SURF  ,0014]disconnected after 297s
1594153609:[SURFIN,0020]filling external bladder
1594153617:[PUMP  ,0207]battery 14826mV,   74664uA (warmup), P   +140mbar
1594153617:[PUMP  ,0016]pump during 300000ms
1594153625:[PUMP  ,0212]battery 13933mV,  909754uA (steady state), P   +140mbar
1594153627:[SURFIN,0019]external bladder full
1594153627:[SURF  ,0227]1st complete transfer
1594153865:[SURF  ,0022]GPS fix...
1594153893:<WARN>[GPSFIX,0123]GPRMC ms=10 #1
1594153917:<WARN>[GPSFIX,0123]GPRMC ms=990 #1
1594153943:[SURF  ,0015]10 PPS detected...
1594153944:[MRMAID,0052]Mermaid $GPSACK:+0,+0,+0,+0,+0,+0,+0;
1594153954:[MRMAID,0052]Mermaid $GPSOFF:3686338;
1594153955:[GPSFIX,0179]-1s diff
1594153956:[SURF  ,0222]2020-07-07T20:32:36
1594153956:[SURF  ,0082]Latitude : N43deg40.940mn, Longitude :E007deg19.181mn
1594153956:[SURF  ,0223]fix3D,5satellites
1594153956:[SURF  ,0084]GPS fix GPGSA : hdop1.390,vdop1.440
1594153966:[SURF  ,0025]Iridium...
1594154011:[SURF  ,0009]connected in 45s, signal quality 5
1594154070:[SURF  ,0218]prompt received, remote cmd end
1594154070:[SURF  ,0012]10 cmd(s) received
1594154110:[SURF  ,0014]disconnected after 144s
1594154115:[SURFIN,0020]filling external bladder
1594154123:[PUMP  ,0207]battery 14923mV,   49532uA (warmup), P   +140mbar
1594154123:[PUMP  ,0016]pump during 300000ms
1594154129:[PUMP  ,0212]battery 13935mV,  902068uA (steady state), P   +140mbar
1594154131:[SURFIN,0019]external bladder full
1594154131:[SURF  ,0226]Go dive (Minimum surface delay expired and no more file to upload)
1594154138:[SURF  ,0022]GPS fix...
1594154142:<WARN>[GPSFIX,0123]GPRMC ms=930 #1
1594154163:<WARN>[GPSFIX,0123]GPRMC ms=990 #1
1594154232:[SURF  ,0015]10 PPS detected...
1594154233:[MRMAID,0052]Mermaid $GPSACK:+0,+0,+0,+0,+0,+0,-30;
1594154243:[MRMAID,0052]Mermaid $GPSOFF:3686338;
1594154245:[GPSFIX,0179]-1s diff
1594154246:[SURF  ,0222]2020-07-07T20:37:26
1594154246:[SURF  ,0082]Latitude : N43deg40.940mn, Longitude :E007deg19.181mn
1594154246:[SURF  ,0223]fix3D,5satellites
1594154246:[SURF  ,0084]GPS fix GPGSA : hdop4.120,vdop2.380
1594154263:[MAIN  ,0024]internal pressure 82251Pa
1594154264:[BYCMD ,0107]    FreeRTOS V8.2.3
1594154264:[BYCMD ,0108]    FatFS v11a
1594154264:[BYCMD ,0120]    bypass 10000ms 60000ms (20000ms 60000ms stored)
1594154264:[BYCMD ,0121]    valve 60000ms 12750 (60000ms 12750 stored)
1594154264:[BYCMD ,0122]    pump 60000ms 30% 10750 80% (60000ms 30% 10750 80% stored)
1594154264:[BYCMD ,0123]    rate 2mbar/s (2mbar/s stored)
1594154264:[BYCMD ,0124]    surface 500mbar (500mbar stored)
1594154264:[BYCMD ,0125]    near 1500mbar 3mbar/s (15000mbar 3mbar/s stored)
1594154264:[BYCMD ,0126]    far 2500mbar 4mbar/s (25000mbar 4mbar/s stored)
1594154264:[BYCMD ,0127]    ascent 8mbar/s (8mbar/s stored)
1594154264:[BYCMD ,0128]    dead 60s (300s stored)
1594154264:[BYCMD ,0129]    coeff 16/10 (16/10 stored)
1594154264:[BYCMD ,0130]    stab 10 (10 stored)
1594154264:[BYCMD ,0131]    delay 900s 3600s (900s 3600s stored)
1594154264:[BYCMD ,0132]    mmtime 2880min (2880min stored)
1594154264:[BYCMD ,0133]    dv_landing 100ml (100ml stored)
1594154264:[MKDCMD,0150]    p2t37: 15x2000ms, offset 147mbar
1594154264:[P2TCMD,0151]    p2t37: dp 50mbar, dt 5000mdegC
1594154265:[STAGE ,0080]Stage [0] 5000mbar (+/-500mbar) 1800s (<1800s) 
1594154265:[STAGE ,0080]Stage [1] 5000mbar (+/-500mbar) 1800s (<3600s) 
1594154265:[MAIN  ,0070]turn off bluetooth
1594154267:[PRESS ,0038]P     -7mbar,T+26571mdegC
1594154275:[PRESS ,0038]P    -17mbar,T-12269mdegC
1594154276:[PRESS ,0038]P     -7mbar,T  -126mdegC
1594154278:[PRESS ,0038]P     -7mbar,T+26571mdegC
1594154280:[PRESS ,0038]P     -7mbar,T  -126mdegC
1594154284:[PRESS ,0038]P     -7mbar,T+26571mdegC
1594154289:[PRESS ,0038]P     -7mbar,T  -126mdegC
1594154291:[PRESS ,0038]P     -7mbar,T-12269mdegC
1594154292:[DIVING,0141]diving from -7mbar, +0mbar/s
1594154292:[BYPASS,0035]bypass opening 60000ms
1594154298:[BYPASS,0104]battery 14451mV,  272426uA (bypass opening), P     -7mbar
1594154363:[BYPASS,0106]battery 14370mV,  292800uA (bypass closing), P     -7mbar
1594154364:[PRESS ,0038]P    -87mbar,T+26571mdegC
1594154366:[PRESS ,0038]P    -97mbar,T-12269mdegC
1594154368:[PRESS ,0038]P    -77mbar,T+26571mdegC
1594154370:[PRESS ,0038]P    -87mbar,T-12269mdegC
1594154372:[PRESS ,0038]P    -67mbar,T  -126mdegC
1594154373:[PRESS ,0038]P    -67mbar,T+26571mdegC
1594154384:[PRESS ,0038]P    -67mbar,T  -126mdegC
1594154386:[PRESS ,0038]P    -57mbar,T-12269mdegC
1594154388:[PRESS ,0038]P    -57mbar,T  -126mdegC
1594154389:[PRESS ,0038]P    -57mbar,T+26571mdegC
1594154389:[BYPASS,0035]bypass opening 10000ms
1594154395:[BYPASS,0104]battery 14482mV,  245952uA (bypass opening), P    -57mbar
1594154410:[BYPASS,0106]battery 14415mV,  292678uA (bypass closing), P    -57mbar
1594154413:[PRESS ,0038]P    -87mbar,T+14426mdegC
1594154417:[PRESS ,0038]P    -87mbar,T  -126mdegC
1594154420:[PRESS ,0038]P    -87mbar,T-12269mdegC
1594154422:[PRESS ,0038]P    -87mbar,T+26571mdegC
1594154424:[PRESS ,0038]P    -87mbar,T-26824mdegC
1594154426:[PRESS ,0038]P    -87mbar,T+26571mdegC
1594154429:[PRESS ,0038]P    -87mbar,T  -126mdegC
1594154431:[PRESS ,0038]P    -87mbar,T-12269mdegC
1594154433:[PRESS ,0038]P    -87mbar,T+26571mdegC
1594154436:[PRESS ,0038]P    -77mbar,T  -126mdegC
1594154437:[BYPASS,0035]bypass opening 10000ms
1594154442:[BYPASS,0104]battery 14451mV,  258762uA (bypass opening), P    -77mbar
1594154457:[BYPASS,0106]battery 14381mV,  318664uA (bypass closing), P    -77mbar
1594154458:[PRESS ,0038]P   -107mbar,T+26571mdegC
1594154464:[PRESS ,0038]P    -97mbar,T  -126mdegC
1594154466:[PRESS ,0038]P   -107mbar,T+26571mdegC
1594154469:[PRESS ,0038]P    -97mbar,T-26824mdegC
1594154471:[PRESS ,0038]P   -107mbar,T+26571mdegC
1594154473:[PRESS ,0038]P   -107mbar,T-12269mdegC
1594154476:[PRESS ,0038]P   -107mbar,T+26571mdegC
1594154483:[BYPASS,0035]bypass opening 10000ms
1594154489:[BYPASS,0104]battery 14487mV,  238754uA (bypass opening), P    -77mbar
1594154504:[BYPASS,0106]battery 14425mV,  291214uA (bypass closing), P    -77mbar
1594154507:[PRESS ,0038]P    -97mbar,T  -126mdegC
1594154509:[PRESS ,0038]P    -97mbar,T-12269mdegC
1594154511:[PRESS ,0038]P    -97mbar,T  -126mdegC
1594154513:[PRESS ,0038]P    -87mbar,T+26571mdegC
1594154520:[PRESS ,0038]P    -97mbar,T  -126mdegC
1594154523:[PRESS ,0038]P   -107mbar,T+26571mdegC
1594154527:[PRESS ,0038]P   -107mbar,T  -126mdegC
1594154529:[PRESS ,0038]P    -97mbar,T+26571mdegC
1594154530:[BYPASS,0035]bypass opening 10000ms
1594154536:[BYPASS,0104]battery 14497mV,  238754uA (bypass opening), P    -97mbar
1594154551:[BYPASS,0106]battery 14431mV,  291092uA (bypass closing), P    -97mbar
1594154552:[PRESS ,0038]P   -117mbar,T-12269mdegC
1594154556:[PRESS ,0038]P    -97mbar,T  -126mdegC
1594154558:[PRESS ,0038]P   -107mbar,T-12269mdegC
1594154560:[PRESS ,0038]P    -97mbar,T+26571mdegC
1594154574:[PRESS ,0038]P   -117mbar,T-12269mdegC
1594154576:[PRESS ,0038]P   -117mbar,T+26571mdegC
1594154577:[BYPASS,0035]bypass opening 10000ms
1594154582:[BYPASS,0104]battery 14433mV,  264984uA (bypass opening), P   -117mbar
1594154598:[BYPASS,0106]battery 14388mV,  311222uA (bypass closing), P   -117mbar
1594154601:[PRESS ,0038]P   -117mbar,T  -126mdegC
1594154603:[PRESS ,0038]P   -107mbar,T+26571mdegC
1594154605:[PRESS ,0038]P   -107mbar,T  -126mdegC
1594154607:[PRESS ,0038]P   -117mbar,T+14426mdegC
1594154608:[PRESS ,0038]P   -117mbar,T  -126mdegC
1594154610:[PRESS ,0038]P   -117mbar,T+26571mdegC
1594154612:[PRESS ,0038]P   -117mbar,T-12269mdegC
1594154614:[PRESS ,0038]P   -107mbar,T  -126mdegC
1594154616:[PRESS ,0038]P   -117mbar,T+26571mdegC
1594154617:[PRESS ,0038]P   -107mbar,T  -126mdegC
1594154619:[PRESS ,0038]P   -107mbar,T+26571mdegC
1594154621:[PRESS ,0038]P   -117mbar,T  -126mdegC
1594154623:[PRESS ,0038]P   -117mbar,T-12269mdegC
1594154625:[PRESS ,0038]P   -127mbar,T+26571mdegC
1594154625:[BYPASS,0035]bypass opening 10000ms
1594154630:[BYPASS,0104]battery 14477mV,  254736uA (bypass opening), P   -127mbar
1594154645:[BYPASS,0106]battery 14421mV,  292556uA (bypass closing), P   -127mbar
1594154662:[PRESS ,0038]P   -127mbar,T  -126mdegC
1594154666:[PRESS ,0038]P   -127mbar,T+26571mdegC
1594154670:[PRESS ,0038]P   -117mbar,T  -126mdegC
1594154671:[BYPASS,0035]bypass opening 10000ms
1594154676:[BYPASS,0104]battery 14487mV,  239486uA (bypass opening), P   -117mbar
1594154692:[BYPASS,0106]battery 14426mV,  291214uA (bypass closing), P   -117mbar
1594154693:[PRESS ,0038]P   -117mbar,T+26571mdegC
1594154702:[PRESS ,0038]P    -97mbar,T  -126mdegC
1594154704:[PRESS ,0038]P   -117mbar,T+26571mdegC
1594154711:[PRESS ,0038]P   -117mbar,T  -126mdegC
1594154713:[PRESS ,0038]P   -117mbar,T-12269mdegC
1594154715:[PRESS ,0038]P   -117mbar,T+26571mdegC
1594154718:[PRESS ,0038]P   -117mbar,T-12269mdegC
1594154718:[BYPASS,0035]bypass opening 10000ms
1594154723:[BYPASS,0104]battery 14456mV,  262056uA (bypass opening), P   -117mbar
1594154739:[BYPASS,0106]battery 14402mV,  302072uA (bypass closing), P   -117mbar
1594154740:[PRESS ,0038]P    -77mbar,T+26571mdegC
1594154746:[PRESS ,0038]P    -57mbar,T  -126mdegC
1594154747:[PRESS ,0038]P    -47mbar,T+26571mdegC
1594154758:[PRESS ,0038]P    +13mbar,T+26571mdegC
1594154763:[PRESS ,0038]P    +43mbar,T-12269mdegC
1594154768:[PRESS ,0038]P    +83mbar,T  -126mdegC
1594154771:[PRESS ,0038]P   +103mbar,T+26571mdegC
1594154779:[PRESS ,0038]P   +153mbar,T  -126mdegC
1594154782:[PRESS ,0038]P   +173mbar,T-12269mdegC
1594154785:[PRESS ,0038]P   +193mbar,T+26571mdegC
1594154788:[PRESS ,0038]P   +193mbar,T-12269mdegC
1594154793:[PRESS ,0038]P   +223mbar,T+26571mdegC
1594154796:[PRESS ,0038]P   +253mbar,T-12269mdegC
1594154799:[PRESS ,0038]P   +263mbar,T+26571mdegC
1594154807:[PRESS ,0038]P   +323mbar,T+26571mdegC
1594154813:[PRESS ,0038]P   +343mbar,T+12012mdegC
1594154815:[PRESS ,0038]P   +373mbar,T+26571mdegC
1594154829:[PRESS ,0038]P   +403mbar,T-12269mdegC
1594154838:[PRESS ,0038]P   +423mbar,T  -126mdegC
1594154840:[PRESS ,0038]P   +433mbar,T+26571mdegC
1594154854:[PRESS ,0038]P   +463mbar,T  -126mdegC
1594154857:[PRESS ,0038]P   +483mbar,T+26571mdegC
1594154870:[DIVING,0028]503mbar reached (+2mbar/s), 9 bypass done
1594154871:[MAIN  ,0056]stage[0]
1594154873:[MAIN  ,0024]internal pressure 85590Pa
1594154874:[PRESS ,0038]P   +513mbar,T  -126mdegC
1594154874:[BUOY  ,0037]P   +513mbar
1594154874:[STAGE ,0080]Stage [0] 5000mbar (+/-500mbar) 1800s (<1594156670s) 
1594154875:[PRESS ,0038]P   +523mbar,T+26571mdegC
1594154936:[PRESS ,0038]P   +733mbar,T+26571mdegC
1594154941:[PRESS ,0038]P   +753mbar,T-12269mdegC
1594154943:[PRESS ,0038]P   +763mbar,T+26571mdegC
1594154950:[PRESS ,0038]P   +773mbar,T-12269mdegC
1594154952:[PRESS ,0038]P   +783mbar,T+26571mdegC
1594154954:[PRESS ,0038]P   +783mbar,T-12269mdegC
1594154956:[PRESS ,0038]P   +793mbar,T+26571mdegC
1594154958:[PRESS ,0038]P   +793mbar,T+14426mdegC
1594154959:[PRESS ,0038]P   +793mbar,T+26571mdegC
1594154961:[PRESS ,0038]P   +793mbar,T-12269mdegC
1594154961:[BUOY  ,0087]from +2mbar/s to +4mbar/s
1594154961:[BUOY  ,0090]need to transfer -20mL (valve during 9107ms)
1594154961:[VALVE ,0034]valve opening 9107ms
1594154970:[VALVE ,0234]battery 13972mV,  469334uA, P   +793mbar
1594155022:[PRESS ,0038]P   +943mbar,T-12269mdegC
1594155027:[PRESS ,0038]P   +953mbar,T+14426mdegC
1594155029:[PRESS ,0038]P   +963mbar,T-12269mdegC
1594155031:[PRESS ,0038]P   +973mbar,T+26571mdegC
1594155033:[PRESS ,0038]P   +973mbar,T-12269mdegC
1594155035:[PRESS ,0038]P   +983mbar,T+26571mdegC
1594155036:[PRESS ,0038]P   +983mbar,T-12269mdegC
1594155040:[PRESS ,0038]P   +983mbar,T+26571mdegC
1594155042:[PRESS ,0038]P  +1003mbar,T-12269mdegC
1594155044:[PRESS ,0038]P  +1003mbar,T+26571mdegC
1594155108:[PRESS ,0038]P  +1183mbar,T+26571mdegC
1594155110:[PRESS ,0038]P  +1183mbar,T-12269mdegC
1594155111:[PRESS ,0038]P  +1193mbar,T+26571mdegC
1594155119:[PRESS ,0038]P  +1213mbar,T-12269mdegC
1594155124:[PRESS ,0038]P  +1223mbar,T  -126mdegC
1594155126:[PRESS ,0038]P  +1233mbar,T-12269mdegC
1594155128:[PRESS ,0038]P  +1233mbar,T+26571mdegC
1594155194:[PRESS ,0038]P  +1353mbar,T+26571mdegC
1594155195:[PRESS ,0038]P  +1363mbar,T-12269mdegC
1594155197:[PRESS ,0038]P  +1363mbar,T+26571mdegC
1594155208:[PRESS ,0038]P  +1383mbar,T  -126mdegC
1594155210:[PRESS ,0038]P  +1393mbar,T+26571mdegC
1594155279:[PRESS ,0038]P  +1563mbar,T+26571mdegC
1594155281:[PRESS ,0038]P  +1553mbar,T-12269mdegC
1594155283:[PRESS ,0038]P  +1563mbar,T+26571mdegC
1594155292:[PRESS ,0038]P  +1583mbar,T-12269mdegC
1594155293:[PRESS ,0038]P  +1583mbar,T+26571mdegC
1594155295:[PRESS ,0038]P  +1593mbar,T-12269mdegC
1594155297:[PRESS ,0038]P  +1603mbar,T+26571mdegC
1594155299:[PRESS ,0038]P  +1593mbar,T-12269mdegC
1594155302:[PRESS ,0038]P  +1603mbar,T+26571mdegC
1594155304:[BUOY  ,0087]from +2mbar/s to +4mbar/s
1594155304:[BUOY  ,0090]need to transfer -20mL (valve during 6375ms)
1594155304:[VALVE ,0034]valve opening 6375ms
1594155311:[VALVE ,0234]battery 13975mV,  472262uA, P  +1623mbar
1594155365:[PRESS ,0038]P  +1803mbar,T+26571mdegC
1594155370:[PRESS ,0038]P  +1823mbar,T-12269mdegC
1594155372:[PRESS ,0038]P  +1833mbar,T+26571mdegC
1594155374:[PRESS ,0038]P  +1843mbar,T  -126mdegC
1594155376:[PRESS ,0038]P  +1833mbar,T+26571mdegC
1594155383:[PRESS ,0038]P  +1863mbar,T-12269mdegC
1594155386:[PRESS ,0038]P  +1863mbar,T+26571mdegC
1594155388:[PRESS ,0038]P  +1883mbar,T-12269mdegC
1594155451:[PRESS ,0038]P  +2063mbar,T+26571mdegC
1594155463:[PRESS ,0038]P  +2093mbar,T  -126mdegC
1594155465:[PRESS ,0038]P  +2093mbar,T+26571mdegC
1594155467:[PRESS ,0038]P  +2103mbar,T  -126mdegC
1594155469:[PRESS ,0038]P  +2103mbar,T+26571mdegC
1594155470:[PRESS ,0038]P  +2123mbar,T-12269mdegC
1594155536:[PRESS ,0038]P  +2283mbar,T  -126mdegC
1594155540:[PRESS ,0038]P  +2293mbar,T+26571mdegC
1594155542:[PRESS ,0038]P  +2293mbar,T-12269mdegC
1594155544:[PRESS ,0038]P  +2313mbar,T+26571mdegC
1594155547:[PRESS ,0038]P  +2313mbar,T  -126mdegC
1594155551:[PRESS ,0038]P  +2313mbar,T+26571mdegC
1594155552:[PRESS ,0038]P  +2323mbar,T  -126mdegC
1594155554:[PRESS ,0038]P  +2323mbar,T+26571mdegC
1594155558:[PRESS ,0038]P  +2343mbar,T  -126mdegC
1594155561:[PRESS ,0038]P  +2343mbar,T+26571mdegC
1594155561:[BUOY  ,0087]from +2mbar/s to +4mbar/s
1594155562:[BUOY  ,0090]need to transfer -20mL (valve during 5313ms)
1594155562:[VALVE ,0034]valve opening 5313ms
1594155567:[VALVE ,0234]battery 13995mV,  502762uA, P  +2343mbar
1594155622:[PRESS ,0038]P  +2533mbar,T-12269mdegC
1594155624:[PRESS ,0038]P  +2543mbar,T+26571mdegC
1594155626:[PRESS ,0038]P  +2553mbar,T  -126mdegC
1594155628:[PRESS ,0038]P  +2573mbar,T+26571mdegC
1594155630:[PRESS ,0038]P  +2563mbar,T  -126mdegC
1594155631:[PRESS ,0038]P  +2573mbar,T-26824mdegC
1594155633:[PRESS ,0038]P  +2583mbar,T  -126mdegC
1594155638:[PRESS ,0038]P  +2603mbar,T+26571mdegC
1594155640:[PRESS ,0038]P  +2593mbar,T  -126mdegC
1594155642:[PRESS ,0038]P  +2613mbar,T+26571mdegC
1594155646:[PRESS ,0038]P  +2633mbar,T  -126mdegC
1594155708:[PRESS ,0038]P  +2893mbar,T  -126mdegC
1594155715:[PRESS ,0038]P  +2903mbar,T+26571mdegC
1594155717:[PRESS ,0038]P  +2913mbar,T-12269mdegC
1594155719:[PRESS ,0038]P  +2923mbar,T+26571mdegC
1594155721:[PRESS ,0038]P  +2923mbar,T  -126mdegC
1594155722:[PRESS ,0038]P  +2933mbar,T+26571mdegC
1594155724:[PRESS ,0038]P  +2943mbar,T-26824mdegC
1594155726:[PRESS ,0038]P  +2963mbar,T  -126mdegC
1594155728:[PRESS ,0038]P  +2963mbar,T+26571mdegC
1594155730:[PRESS ,0038]P  +2983mbar,T-26824mdegC
1594155731:[PRESS ,0038]P  +2983mbar,T+26571mdegC
1594155733:[PRESS ,0038]P  +2993mbar,T  -126mdegC
1594155794:[PRESS ,0038]P  +3233mbar,T  -126mdegC
1594155801:[PRESS ,0038]P  +3263mbar,T+26571mdegC
1594155803:[PRESS ,0038]P  +3263mbar,T  -126mdegC
1594155806:[PRESS ,0038]P  +3283mbar,T+26571mdegC
1594155808:[PRESS ,0038]P  +3293mbar,T  -126mdegC
1594155810:[PRESS ,0038]P  +3303mbar,T-26824mdegC
1594155814:[PRESS ,0038]P  +3313mbar,T  -126mdegC
1594155817:[PRESS ,0038]P  +3323mbar,T-26824mdegC
1594155819:[PRESS ,0038]P  +3333mbar,T  -126mdegC
1594155880:[PRESS ,0038]P  +3553mbar,T-26824mdegC
1594155882:[PRESS ,0038]P  +3563mbar,T  -126mdegC
1594155889:[PRESS ,0038]P  +3583mbar,T-26824mdegC
1594155890:[PRESS ,0038]P  +3583mbar,T  -126mdegC
1594155892:[PRESS ,0038]P  +3603mbar,T-26824mdegC
1594155894:[PRESS ,0038]P  +3603mbar,T  -126mdegC
1594155896:[PRESS ,0038]P  +3613mbar,T-26824mdegC
1594155898:[PRESS ,0038]P  +3613mbar,T  -126mdegC
1594155901:[PRESS ,0038]P  +3623mbar,T+26571mdegC
1594155903:[PRESS ,0038]P  +3643mbar,T  -126mdegC
1594155905:[PRESS ,0038]P  +3653mbar,T-26824mdegC
1594155905:[BUOY  ,0087]from +4mbar/s to +2mbar/s
1594155905:[BUOY  ,0089]need to transfer +20mL (pump during 24637ms)
1594155913:[PUMP  ,0207]battery 15006mV,   54900uA (warmup), P  +3653mbar
1594155913:[PUMP  ,0016]pump during 24637ms
1594155937:[PUMP  ,0212]battery 14310mV,  316956uA (steady state), P  +3653mbar
1594155969:[PRESS ,0038]P  +3873mbar,T-26824mdegC
1594155971:[PRESS ,0038]P  +3883mbar,T  -126mdegC
1594155973:[PRESS ,0038]P  +3883mbar,T-26824mdegC
1594155974:[PRESS ,0038]P  +3893mbar,T  -126mdegC
1594155985:[PRESS ,0038]P  +3923mbar,T-26824mdegC
1594155987:[PRESS ,0038]P  +3943mbar,T  -126mdegC
1594155994:[PRESS ,0038]P  +3963mbar,T-26824mdegC
1594156055:[PRESS ,0038]P  +4143mbar,T-26824mdegC
1594156056:[PRESS ,0038]P  +4153mbar,T  -126mdegC
1594156060:[PRESS ,0038]P  +4153mbar,T-26824mdegC
1594156062:[PRESS ,0038]P  +4153mbar,T  -126mdegC
1594156064:[PRESS ,0038]P  +4163mbar,T-26824mdegC
1594156067:[PRESS ,0038]P  +4173mbar,T  -126mdegC
1594156071:[PRESS ,0038]P  +4183mbar,T-26824mdegC
1594156073:[PRESS ,0038]P  +4173mbar,T  -126mdegC
1594156074:[PRESS ,0038]P  +4183mbar,T+26571mdegC
1594156076:[PRESS ,0038]P  +4193mbar,T-26824mdegC
1594156080:[PRESS ,0038]P  +4203mbar,T+12012mdegC
1594156140:[PRESS ,0038]P  +4303mbar,T-26824mdegC
1594156144:[PRESS ,0038]P  +4313mbar,T  -126mdegC
1594156146:[PRESS ,0038]P  +4323mbar,T-26824mdegC
1594156148:[PRESS ,0038]P  +4323mbar,T  -126mdegC
1594156151:[PRESS ,0038]P  +4333mbar,T-26824mdegC
1594156153:[PRESS ,0038]P  +4343mbar,T  -126mdegC
1594156155:[PRESS ,0038]P  +4333mbar,T-26824mdegC
1594156157:[PRESS ,0038]P  +4343mbar,T  -126mdegC
1594156158:[PRESS ,0038]P  +4353mbar,T-26824mdegC
1594156160:[PRESS ,0038]P  +4373mbar,T  -126mdegC
1594156162:[PRESS ,0038]P  +4353mbar,T-26824mdegC
1594156226:[PRESS ,0038]P  +4523mbar,T  -126mdegC
1594156228:[PRESS ,0038]P  +4523mbar,T-26824mdegC
1594156232:[PRESS ,0038]P  +4543mbar,T+12012mdegC
1594156233:[PRESS ,0038]P  +4543mbar,T-26824mdegC
1594156241:[PRESS ,0038]P  +4553mbar,T  -126mdegC
1594156242:[PRESS ,0038]P  +4553mbar,T-26824mdegC
1594156248:[PRESS ,0038]P  +4573mbar,T+12012mdegC
1594156249:[PRESS ,0038]P  +4573mbar,T  -126mdegC
1594156251:[PRESS ,0038]P  +4573mbar,T-26824mdegC
1594156251:[STAGE ,0213]4573mbar reached at 1594156251s, ref 5000mbar +/-500mbar
1594156312:[PRESS ,0038]P  +4713mbar,T-26824mdegC
1594156373:[PRESS ,0038]P  +4853mbar,T+12012mdegC
1594156433:[PRESS ,0038]P  +4973mbar,T-26824mdegC
1594156494:[PRESS ,0038]P  +5083mbar,T+12012mdegC
1594156494:[BUOY  ,0087]from +2mbar/s to +0mbar/s
1594156494:[BUOY  ,0089]need to transfer +6mL (pump during 7399ms)
1594156502:[PUMP  ,0207]battery 14957mV,   65392uA (warmup), P  +5083mbar
1594156502:[PUMP  ,0016]pump during 7399ms
1594156509:[PUMP  ,0212]battery 14282mV,  305732uA (steady state), P  +5083mbar
1594156558:[PRESS ,0038]P  +5213mbar,T+12012mdegC
1594156560:[PRESS ,0038]P  +5213mbar,T-14688mdegC
1594156562:[PRESS ,0038]P  +5213mbar,T-26824mdegC
1594156564:[PRESS ,0038]P  +5233mbar,T+12012mdegC
1594156567:[PRESS ,0038]P  +5233mbar,T-14688mdegC
1594156569:[PRESS ,0038]P  +5223mbar,T+12012mdegC
1594156574:[PRESS ,0038]P  +5233mbar,T-26824mdegC
1594156576:[PRESS ,0038]P  +5233mbar,T+12012mdegC
1594156580:[PRESS ,0038]P  +5243mbar,T  -126mdegC
1594156582:[PRESS ,0038]P  +5253mbar,T+12012mdegC
1594156583:[BUOY  ,0087]from +2mbar/s to +0mbar/s
1594156583:[BUOY  ,0089]need to transfer +6mL (pump during 7399ms)
1594156592:[PUMP  ,0207]battery 14970mV,   60024uA (warmup), P  +5253mbar
1594156592:[PUMP  ,0016]pump during 7399ms
1594156599:[PUMP  ,0212]battery 14325mV,  333304uA (steady state), P  +5253mbar
1594156647:[PRESS ,0038]P  +5343mbar,T+12012mdegC
1594156651:[PRESS ,0038]P  +5353mbar,T-14688mdegC
1594156653:[PRESS ,0038]P  +5353mbar,T-26824mdegC
1594156655:[PRESS ,0038]P  +5353mbar,T+12012mdegC
1594156656:[PRESS ,0038]P  +5353mbar,T-26824mdegC
1594156658:[PRESS ,0038]P  +5353mbar,T  -126mdegC
1594156660:[PRESS ,0038]P  +5353mbar,T-26824mdegC
1594156662:[PRESS ,0038]P  +5353mbar,T+12012mdegC
1594156665:[PRESS ,0038]P  +5363mbar,T-26824mdegC
1594156669:[PRESS ,0038]P  +5353mbar,T+12012mdegC
1594156671:[PRESS ,0038]P  +5363mbar,T-26824mdegC
1594156673:[PRESS ,0038]P  +5363mbar,T+12012mdegC
1594156673:[MAIN  ,0140]stage[0] complete 1803s after mission start
1594156673:[MAIN  ,0056]stage[1]
1594156675:[MAIN  ,0024]internal pressure 84496Pa
1594156676:[PRESS ,0038]P  +5363mbar,T-26824mdegC
1594156676:[BUOY  ,0037]P  +5363mbar
1594156676:[STAGE ,0080]Stage [1] 5000mbar (+/-500mbar) 1800s (<1594158470s) 
1594156678:[PRESS ,0038]P  +5373mbar,T-14688mdegC
1594156678:[STAGE ,0213]5373mbar reached at 1594156678s, ref 5000mbar +/-500mbar
1594156678:[BUOY  ,0087]from +1mbar/s to +0mbar/s
1594156678:[BUOY  ,0089]need to transfer +2mL (pump during 2466ms)
1594156686:[PUMP  ,0207]battery 15008mV,   50752uA (warmup), P  +5373mbar
1594156686:[PUMP  ,0016]pump during 2466ms
1594156742:[PRESS ,0038]P  +5413mbar,T-26824mdegC
1594156744:[PRESS ,0038]P  +5403mbar,T+12012mdegC
1594156747:[PRESS ,0038]P  +5413mbar,T-26824mdegC
1594156749:[PRESS ,0038]P  +5423mbar,T+12012mdegC
1594156756:[PRESS ,0038]P  +5423mbar,T-26824mdegC
1594156760:[PRESS ,0038]P  +5413mbar,T+12012mdegC
1594156763:[PRESS ,0038]P  +5413mbar,T-26824mdegC
1594156765:[PRESS ,0038]P  +5423mbar,T+12012mdegC
1594156827:[PRESS ,0038]P  +5463mbar,T-26824mdegC
1594156827:[BUOY  ,0087]from +1mbar/s to +0mbar/s
1594156828:[BUOY  ,0089]need to transfer +2mL (pump during 2466ms)
1594156836:[PUMP  ,0207]battery 15001mV,   51850uA (warmup), P  +5463mbar
1594156836:[PUMP  ,0016]pump during 2466ms
1594156891:[PRESS ,0038]P  +5533mbar,T-26824mdegC
1594156893:[PRESS ,0038]P  +5543mbar,T+12012mdegC
1594156899:[PRESS ,0038]P  +5543mbar,T-14688mdegC
1594156900:[PRESS ,0038]P  +5543mbar,T+12012mdegC
1594156902:[PRESS ,0038]P  +5553mbar,T-26824mdegC
1594156904:[PRESS ,0038]P  +5543mbar,T+12012mdegC
1594156906:[PRESS ,0038]P  +5543mbar,T-26824mdegC
1594156908:[PRESS ,0038]P  +5563mbar,T+12012mdegC
1594156909:[PRESS ,0038]P  +5553mbar,T-26824mdegC
1594156911:[PRESS ,0038]P  +5553mbar,T-14688mdegC
1594156913:[PRESS ,0038]P  +5563mbar,T+12012mdegC
1594156915:[PRESS ,0038]P  +5563mbar,T-26824mdegC
1594156917:[PRESS ,0038]P  +5563mbar,T+12012mdegC
1594156917:<WARN>[BUOY  ,0094]stage[1] should ASCENT, stuck at 5563mbar for the #1 time
1594156917:[BUOY  ,0087]from +1mbar/s to -2mbar/s
1594156917:[BUOY  ,0089]need to transfer +8mL (pump during 9865ms)
1594156925:[PUMP  ,0207]battery 14980mV,   55876uA (warmup), P  +5563mbar
1594156925:[PUMP  ,0016]pump during 9865ms
1594156934:[PUMP  ,0212]battery 14347mV,  311710uA (steady state), P  +5563mbar
1594156986:[PRESS ,0038]P  +5583mbar,T-14688mdegC
1594156988:[PRESS ,0038]P  +5573mbar,T+12012mdegC
1594156990:[PRESS ,0038]P  +5583mbar,T-14688mdegC
1594156992:[PRESS ,0038]P  +5593mbar,T+12012mdegC
1594156995:[PRESS ,0038]P  +5583mbar,T-14688mdegC
1594156997:[PRESS ,0038]P  +5583mbar,T-26824mdegC
1594156999:[PRESS ,0038]P  +5573mbar,T+12012mdegC
1594157004:[PRESS ,0038]P  +5583mbar,T-26824mdegC
1594157006:[PRESS ,0038]P  +5573mbar,T+12012mdegC
1594157006:<WARN>[BUOY  ,0094]stage[1] should ASCENT, stuck at 5573mbar for the #2 time
1594157006:[BUOY  ,0087]from +0mbar/s to -2mbar/s
1594157006:[BUOY  ,0089]need to transfer +6mL (pump during 7399ms)
1594157014:[PUMP  ,0207]battery 14881mV,   78690uA (warmup), P  +5573mbar
1594157014:[PUMP  ,0016]pump during 7399ms
1594157021:[PUMP  ,0212]battery 14331mV,  334158uA (steady state), P  +5573mbar
1594157070:[PRESS ,0038]P  +5513mbar,T+12012mdegC
1594157072:[PRESS ,0038]P  +5503mbar,T-14688mdegC
1594157074:[PRESS ,0038]P  +5503mbar,T+12012mdegC
1594157077:[PRESS ,0038]P  +5503mbar,T-26824mdegC
1594157079:[PRESS ,0038]P  +5513mbar,T+12012mdegC
1594157092:[PRESS ,0038]P  +5483mbar,T-14688mdegC
1594157093:[PRESS ,0038]P  +5473mbar,T+12012mdegC
1594157156:[PRESS ,0038]P  +5363mbar,T+24145mdegC
1594157216:[PRESS ,0038]P  +5273mbar,T-14688mdegC
1594157277:[PRESS ,0038]P  +5173mbar,T+12012mdegC
1594157338:[PRESS ,0038]P  +5123mbar,T-14688mdegC
1594157399:[PRESS ,0038]P  +5053mbar,T+12012mdegC
1594157520:[PRESS ,0038]P  +4983mbar,T-26824mdegC
1594157520:[BUOY  ,0087]from -1mbar/s to +0mbar/s
1594157520:[BUOY  ,0090]need to transfer -2mL (valve during 364ms)
1594157520:[VALVE ,0034]valve opening 364ms
1594157581:[PRESS ,0038]P  +4963mbar,T+12012mdegC
1594157584:[PRESS ,0038]P  +4983mbar,T-14688mdegC
1594157588:[PRESS ,0038]P  +4983mbar,T-26824mdegC
1594157590:[PRESS ,0038]P  +4973mbar,T+12012mdegC
1594157606:[PRESS ,0038]P  +4973mbar,T-14688mdegC
1594157666:[PRESS ,0038]P  +5003mbar,T+12012mdegC
1594157727:[PRESS ,0038]P  +5033mbar,T-14688mdegC
1594157788:[PRESS ,0038]P  +5053mbar,T+12012mdegC
1594157848:[PRESS ,0038]P  +5083mbar,T-14688mdegC
1594157909:[PRESS ,0038]P  +5103mbar,T+12012mdegC
1594157970:[PRESS ,0038]P  +5153mbar,T-14688mdegC
1594158030:[PRESS ,0038]P  +5193mbar,T+12012mdegC
1594158152:[PRESS ,0038]P  +5243mbar,T-14688mdegC
1594158212:[PRESS ,0038]P  +5253mbar,T+12012mdegC
1594158273:[PRESS ,0038]P  +5283mbar,T-14688mdegC
1594158395:[PRESS ,0038]P  +5353mbar,T-14688mdegC
1594158455:[PRESS ,0038]P  +5373mbar,T+12012mdegC
1594158516:[MAIN  ,0140]stage[1] complete 3646s after mission start
1594158516:[MRMAID,0188]acq already stopped
1594158576:[MSSION,0192]mission stopped, 2 stage(s) done
1594158576:[MAIN  ,0065]surfacing
1594158578:[PRESS ,0038]P  +5463mbar,T+24145mdegC
1594158578:[SURFIN,0036]P  +5463mbar
1594158586:[PUMP  ,0207]battery 14952mV,   52826uA (warmup), P  +5463mbar
1594158586:[PUMP  ,0016]pump during 60000ms
1594158645:[PUMP  ,0212]battery 14220mV,  299388uA (steady state), P  +5463mbar
1594158703:[PRESS ,0038]P  +5223mbar,T-14688mdegC
1594158707:[PRESS ,0038]P  +5203mbar,T+12012mdegC
1594158708:[PRESS ,0038]P  +5193mbar,T-14688mdegC
1594158710:[PRESS ,0038]P  +5203mbar,T+12012mdegC
1594158712:[PRESS ,0038]P  +5183mbar,T-14688mdegC
1594158717:[PRESS ,0038]P  +5173mbar,T+24145mdegC
1594158721:[PRESS ,0038]P  +5153mbar,T-14688mdegC
1594158725:[PRESS ,0038]P  +5143mbar,T+24145mdegC
1594158728:[PRESS ,0038]P  +5113mbar,T-14688mdegC
1594158736:[PUMP  ,0207]battery 14921mV,   54290uA (warmup), P  +5113mbar
1594158736:[PUMP  ,0016]pump during 60000ms
1594158795:[PUMP  ,0212]battery 14292mV,  328302uA (steady state), P  +5113mbar
1594158853:[PRESS ,0038]P  +4423mbar,T-14688mdegC
1594158857:[PRESS ,0038]P  +4393mbar,T+24145mdegC
1594158858:[PRESS ,0038]P  +4373mbar,T-14688mdegC
1594158864:[PRESS ,0038]P  +4343mbar,T+12012mdegC
1594158866:[PRESS ,0038]P  +4333mbar,T+24145mdegC
1594158871:[PRESS ,0038]P  +4303mbar,T-14688mdegC
1594158873:[PRESS ,0038]P  +4293mbar,T+12012mdegC
1594158875:[PRESS ,0038]P  +4283mbar,T-14688mdegC
1594158878:[PRESS ,0038]P  +4263mbar,T+24145mdegC
1594158886:[PUMP  ,0207]battery 14817mV,   78568uA (warmup), P  +4263mbar
1594158886:[PUMP  ,0016]pump during 60000ms
1594158945:[PUMP  ,0212]battery 14236mV,  326594uA (steady state), P  +4263mbar
1594159003:[PRESS ,0038]P  +3423mbar,T-14688mdegC
1594159010:[PRESS ,0038]P  +3373mbar,T+12012mdegC
1594159012:[PRESS ,0038]P  +3373mbar,T-14688mdegC
1594159014:[PRESS ,0038]P  +3363mbar,T+12012mdegC
1594159017:[PRESS ,0038]P  +3333mbar,T-14688mdegC
1594159024:[PRESS ,0038]P  +3273mbar,T-14688mdegC
1594159028:[PRESS ,0038]P  +3263mbar,T+24145mdegC
1594159036:[PUMP  ,0207]battery 14868mV,   66856uA (warmup), P  +3263mbar
1594159036:[PUMP  ,0016]pump during 60000ms
1594159095:[PUMP  ,0212]battery 14265mV,  305732uA (steady state), P  +3263mbar
1594159153:[PRESS ,0038]P  +2433mbar,T+12012mdegC
1594159155:[PRESS ,0038]P  +2423mbar,T-14688mdegC
1594159157:[PRESS ,0038]P  +2413mbar,T+12012mdegC
1594159158:[PRESS ,0038]P  +2403mbar,T-14688mdegC
1594159164:[PRESS ,0038]P  +2363mbar,T+12012mdegC
1594159167:[PRESS ,0038]P  +2343mbar,T-26824mdegC
1594159169:[PRESS ,0038]P  +2333mbar,T-14688mdegC
1594159178:[PRESS ,0038]P  +2273mbar,T-14688mdegC
1594159186:[PUMP  ,0207]battery 14923mV,   51606uA (warmup), P  +2273mbar
1594159186:[PUMP  ,0016]pump during 60000ms
1594159245:[PUMP  ,0212]battery 14278mV,  299754uA (steady state), P  +2273mbar
1594159303:[PRESS ,0038]P  +1423mbar,T+12012mdegC
1594159308:[PRESS ,0038]P  +1373mbar,T-26824mdegC
1594159310:[PRESS ,0038]P  +1373mbar,T-14688mdegC
1594159314:[PRESS ,0038]P  +1343mbar,T+12012mdegC
1594159315:[PRESS ,0038]P  +1323mbar,T-14688mdegC
1594159317:[PRESS ,0038]P  +1313mbar,T+24145mdegC
1594159321:[PRESS ,0038]P  +1293mbar,T-14688mdegC
1594159323:[PRESS ,0038]P  +1283mbar,T -2558mdegC
1594159324:[PRESS ,0038]P  +1253mbar,T-14688mdegC
1594159328:[PRESS ,0038]P  +1243mbar,T+24145mdegC
1594159336:[PUMP  ,0207]battery 14936mV,   49166uA (warmup), P  +1243mbar
1594159336:[PUMP  ,0016]pump during 60000ms
1594159395:[PUMP  ,0212]battery 14285mV,  296948uA (steady state), P  +1243mbar
1594159453:[PRESS ,0038]P   +463mbar,T-26824mdegC
1594159455:[PRESS ,0038]P   +453mbar,T-14688mdegC
1594159458:[PRESS ,0038]P   +433mbar,T+24145mdegC
1594159460:[PRESS ,0038]P   +423mbar,T-14688mdegC
1594159464:[PRESS ,0038]P   +403mbar,T+12012mdegC
1594159465:[PRESS ,0038]P   +403mbar,T+24145mdegC
1594159467:[PRESS ,0038]P   +403mbar,T-14688mdegC
1594159469:[PRESS ,0038]P   +393mbar,T+12012mdegC
1594159471:[PRESS ,0038]P   +393mbar,T-14688mdegC
1594159473:[PRESS ,0038]P   +383mbar,T+24145mdegC
1594159475:[PRESS ,0038]P   +383mbar,T+12012mdegC
1594159476:[PRESS ,0038]P   +363mbar,T-14688mdegC
1594159478:[PRESS ,0038]P   +363mbar,T+24145mdegC
1594159482:[SURFIN,0020]filling external bladder
1594159490:[PUMP  ,0207]battery 14940mV,   49288uA (warmup), P   +333mbar
1594159490:[PUMP  ,0016]pump during 300000ms
1594159788:[PUMP  ,0212]battery 13918mV,  893406uA (steady state), P   +333mbar
1594159800:[PUMP  ,0207]battery 14608mV,   42456uA (warmup), P   +333mbar
1594159800:[PUMP  ,0016]pump during 300000ms
1594159919:[PUMP  ,0212]battery 13866mV,  881328uA (steady state), P   +333mbar
1594159921:[SURFIN,0019]external bladder full
1594159923:[PRESS ,0038]P   +140mbar,T+12012mdegC
1594159927:[PRESS ,0038]P   +150mbar,T-26824mdegC
1594159929:[PRESS ,0038]P   +150mbar,T+12012mdegC
1594159932:[PRESS ,0038]P   +150mbar,T-14688mdegC
1594159934:[PRESS ,0038]P   +150mbar,T  -126mdegC
1594159936:[PRESS ,0038]P   +150mbar,T-26824mdegC
1594159938:[PRESS ,0038]P   +160mbar,T+12012mdegC
1594159941:[PRESS ,0038]P   +150mbar,T-26824mdegC
1594159943:[PRESS ,0038]P   +150mbar,T  -126mdegC
1594159945:[PRESS ,0038]P   +150mbar,T+12012mdegC
1594159947:[PRESS ,0038]P   +150mbar,T-26824mdegC
1594159948:[PRESS ,0038]P   +150mbar,T+12012mdegC
1594159983:[MAIN  ,0272]Vbat 14822mV (min 14382mV)
1594159986:[MAIN  ,0024]internal pressure 81795Pa
1594159986:[MAIN  ,0043]Pext 151mbar (rng 20mbar)
1594159986:[MAIN  ,0064]surface
1594159992:[SURF  ,0022]GPS fix...
1594159995:<WARN>[GPSFIX,0123]GPRMC ms=510 #1
1594160051:[SURF  ,0015]10 PPS detected...
1594160052:[MRMAID,0052]Mermaid $GPSACK:+0,+0,+0,+0,+0,+0,-1678;
1594160062:[MRMAID,0052]Mermaid $GPSOFF:3686340;
1594160064:[GPSFIX,0179]-1s diff
1594160065:[SURF  ,0222]2020-07-07T22:14:25
1594160065:[SURF  ,0082]Latitude : N43deg40.941mn, Longitude :E007deg19.177mn
1594160065:[SURF  ,0223]fix3D,6satellites
1594160065:[SURF  ,0084]GPS fix GPGSA : hdop1.720,vdop2.950
1594160075:[SURF  ,0274]last almanac : 4286660
1594160088:[MRMAID,0026]1555 bytes in 0014/5F04F3D0.MER
1594160093:[MAIN  ,0320]New pressure offset: 151mbar
1594160093:[LOGBIN,0078]*** switching to 0014/5F04F3DD ***
