1591867882:[MAIN  ,0007]buoy 452.210-P-0014
1591867882:[MAIN  ,0055]soft pilotage 452.012.300_V2.18-20200518
1591867882:[MAIN  ,0010]cycle 2
1591867882:[SURF  ,0225]surface2
1591867889:[SURF  ,0022]GPS fix...
1591867919:<WARN>[GPSFIX,0123]GPRMC ms=990 #1
1591867923:<WARN>[GPSFIX,0123]GPRMC ms=10 #1
1591867943:[SURF  ,0015]10 PPS detected...
1591867944:[MRMAID,0052]Mermaid $GPSACK:+0,+0,+0,+0,+0,+0,+0;
1591867954:[MRMAID,0052]Mermaid $GPSOFF:3686342;
1591867955:[GPSFIX,0179]-1s diff
1591867956:[SURF  ,0222]2020-06-11T09:32:36
1591867956:[SURF  ,0082]Latitude : N43deg10.586mn, Longitude :E005deg28.696mn
1591867956:[SURF  ,0223]fix3D,8satellites
1591867956:[SURF  ,0084]GPS fix GPGSA : hdop0.980,vdop1.330
1591867966:[SURF  ,0025]Iridium...
1591867999:[SURF  ,0009]connected in 33s, signal quality 5
1591868049:[SURF  ,0218]prompt received, remote cmd end
1591868049:[SURF  ,0012]11 cmd(s) received
1591868080:[SURF  ,0014]disconnected after 114s
1591868085:[SURFIN,0020]filling external bladder
1591868093:[PUMP  ,0207]battery 14886mV,   45750uA (warmup), P   +150mbar
1591868093:[PUMP  ,0016]pump during 300000ms
1591868102:[PUMP  ,0212]battery 13893mV,  900482uA (steady state), P   +150mbar
1591868104:[SURFIN,0019]external bladder full
1591868104:[SURF  ,0227]1st complete transfer
1591868519:[SURF  ,0022]GPS fix...
1591868571:<WARN>[GPSFIX,0123]GPRMC ms=10 #1
1591868577:<WARN>[GPSFIX,0123]GPRMC ms=990 #1
1591868597:[SURF  ,0015]10 PPS detected...
1591868598:[MRMAID,0052]Mermaid $GPSACK:+0,+0,+0,+0,+0,+1,-999908;
1591868608:[MRMAID,0052]Mermaid $GPSOFF:3686341;
1591868609:[GPSFIX,0179]-1s diff
1591868610:[SURF  ,0222]2020-06-11T09:43:30
1591868610:[SURF  ,0082]Latitude : N43deg10.621mn, Longitude :E005deg28.686mn
1591868610:[SURF  ,0223]fix3D,8satellites
1591868610:[SURF  ,0084]GPS fix GPGSA : hdop0.930,vdop1.290
1591868620:[SURF  ,0025]Iridium...
1591868652:[SURF  ,0009]connected in 32s, signal quality 5
1591868691:<WARN>[SURF  ,0071]timeout
1591868691:<WARN>[SURF  ,0056]peer mute
1591868701:[SURF  ,0014]disconnected after 81s
1591868706:[SURFIN,0020]filling external bladder
1591868714:[PUMP  ,0207]battery 14838mV,   64416uA (warmup), P   +150mbar
1591868714:[PUMP  ,0016]pump during 300000ms
1591868722:[PUMP  ,0212]battery 13842mV,  926468uA (steady state), P   +150mbar
1591868724:[SURFIN,0019]external bladder full
1591868724:[SURF  ,0227]1st complete transfer
1591868724:[SURF  ,0226]Go dive (Minimum surface delay expired and no more file to upload)
1591868731:[SURF  ,0022]GPS fix...
1591868735:<WARN>[GPSFIX,0123]GPRMC ms=910 #1
1591868763:<WARN>[GPSFIX,0123]GPRMC ms=10 #1
1591868783:[SURF  ,0015]10 PPS detected...
1591868784:[MRMAID,0052]Mermaid $GPSACK:+0,+0,+0,+0,+0,-3,-30;
1591868794:[MRMAID,0052]Mermaid $GPSOFF:3686341;
1591868795:[GPSFIX,0179]+2s diff
1591868793:[SURF  ,0222]2020-06-11T09:46:33
1591868793:[SURF  ,0082]Latitude : N43deg10.632mn, Longitude :E005deg28.683mn
1591868793:[SURF  ,0223]fix3D,7satellites
1591868793:[SURF  ,0084]GPS fix GPGSA : hdop1.030,vdop1.360
1591868810:[MAIN  ,0024]internal pressure 76531Pa
1591868811:<WARN>[MAIN  ,0041]mission empty
1591868811:[MAIN  ,0065]surfacing
1591868816:[PRESS ,0038]P    -13mbar,T+24145mdegC
1591868818:[PRESS ,0038]P     -3mbar,T -2558mdegC
1591868820:[PRESS ,0038]P    -13mbar,T+24145mdegC
1591868822:[PRESS ,0038]P     -3mbar,T -2558mdegC
1591868823:[PRESS ,0038]P    -13mbar,T-29262mdegC
1591868825:[PRESS ,0038]P     -3mbar,T -2558mdegC
1591868829:[PRESS ,0038]P    -13mbar,T+24145mdegC
1591868831:[PRESS ,0038]P    -23mbar,T-29262mdegC
1591868832:[PRESS ,0038]P    -33mbar,T -2558mdegC
1591868834:[PRESS ,0038]P    -23mbar,T-29262mdegC
1591868838:[PRESS ,0038]P    -33mbar,T -2558mdegC
1591868838:[SURFIN,0036]P    -33mbar
1591868840:[PRESS ,0038]P    -23mbar,T+24145mdegC
1591868842:[PRESS ,0038]P    -13mbar,T-29262mdegC
1591868842:[SURFIN,0020]filling external bladder
1591868845:[SURFIN,0019]external bladder full
1591868848:[PRESS ,0038]P   +140mbar,T+24145mdegC
1591868852:[PRESS ,0038]P   +140mbar,T -2558mdegC
1591868857:[PRESS ,0038]P   +160mbar,T-29262mdegC
1591868859:[PRESS ,0038]P   +150mbar,T -2558mdegC
1591868861:[PRESS ,0038]P   +140mbar,T-29262mdegC
1591868862:[PRESS ,0038]P   +160mbar,T -2558mdegC
1591868870:[PRESS ,0038]P   +160mbar,T-29262mdegC
1591868907:[MAIN  ,0272]Vbat 14990mV (min 14346mV)
1591868910:[MAIN  ,0024]internal pressure 76550Pa
1591868910:[MAIN  ,0043]Pext 152mbar (rng 30mbar)
1591868910:[MAIN  ,0064]surface
1591868916:[SURF  ,0022]GPS fix...
1591868919:<WARN>[GPSFIX,0123]GPRMC ms=330 #1
1591868960:[SURF  ,0015]10 PPS detected...
1591868961:[MRMAID,0052]Mermaid $GPSACK:+0,+0,+0,+0,+0,+3,-30;
1591868971:[MRMAID,0052]Mermaid $GPSOFF:3686341;
1591868972:[GPSFIX,0179]-3s diff
1591868975:[SURF  ,0222]2020-06-11T09:49:35
1591868975:[SURF  ,0082]Latitude : N43deg10.644mn, Longitude :E005deg28.679mn
1591868975:[SURF  ,0223]fix3D,8satellites
1591868975:[SURF  ,0084]GPS fix GPGSA : hdop0.940,vdop1.260
1591868985:[SURF  ,0274]last almanac : 1995570
1591868998:[MRMAID,0026]1578 bytes in 0014/5EE1FE3E.MER
1591869004:[MAIN  ,0320]New pressure offset: 152mbar
1591869004:[SURF  ,0225]surface2
1591869010:[SURF  ,0022]GPS fix...
1591869012:<WARN>[GPSFIX,0123]GPRMC ms=420 #1
1591869033:<WARN>[GPSFIX,0123]GPRMC ms=10 #1
1591869053:[SURF  ,0015]10 PPS detected...
1591869054:[MRMAID,0052]Mermaid $GPSACK:+0,+0,+0,+0,+0,+0,-30;
1591869064:[MRMAID,0052]Mermaid $GPSOFF:3686341;
1591869065:[GPSFIX,0179]-1s diff
1591869066:[SURF  ,0222]2020-06-11T09:51:06
1591869066:[SURF  ,0082]Latitude : N43deg10.650mn, Longitude :E005deg28.678mn
1591869066:[SURF  ,0223]fix3D,7satellites
1591869066:[SURF  ,0084]GPS fix GPGSA : hdop1.040,vdop1.330
1591869076:[SURF  ,0025]Iridium...
1591869108:[SURF  ,0009]connected in 32s, signal quality 5
1591869169:[SURF  ,0218]prompt received, remote cmd end
1591869169:[SURF  ,0012]12 cmd(s) received
1591869190:[UPLOAD,0248]Upload data files...
1591869208:[UPLOAD,0231]"0014/5EE1F9DD.MER" uploaded at 141bytes/s
1591869224:[UPLOAD,0231]"0014/5EE1FE3E.MER" uploaded at 113bytes/s
1591869422:[UPLOAD,0231]"0014/5EE1DFB6.BIN" uploaded at 113bytes/s
1591869438:[MAIN  ,0013]3 file(s) uploaded
1591869470:[SURF  ,0014]disconnected after 394s
1591869475:[SURFIN,0020]filling external bladder
1591869483:[PUMP  ,0207]battery 14832mV,   46238uA (warmup), P   +160mbar
1591869483:[PUMP  ,0016]pump during 300000ms
1591869488:[PUMP  ,0212]battery 13802mV,  899506uA (steady state), P   +160mbar
1591869490:[SURFIN,0019]external bladder full
1591869490:[SURF  ,0227]1st complete transfer
1591869637:[SURF  ,0022]GPS fix...
1591869641:<WARN>[GPSFIX,0123]GPRMC ms=890 #1
1591869683:[SURF  ,0015]10 PPS detected...
1591869684:[MRMAID,0052]Mermaid $GPSACK:+0,+0,+0,+0,+0,+0,-30;
1591869694:[MRMAID,0052]Mermaid $GPSOFF:3686341;
1591869695:[GPSFIX,0179]-1s diff
1591869696:[SURF  ,0222]2020-06-11T10:01:36
1591869696:[SURF  ,0082]Latitude : N43deg10.691mn, Longitude :E005deg28.665mn
1591869696:[SURF  ,0223]fix3D,6satellites
1591869696:[SURF  ,0084]GPS fix GPGSA : hdop1.850,vdop2.800
1591869706:[SURF  ,0025]Iridium...
1591869744:[SURF  ,0009]connected in 38s, signal quality 4
1591869797:[SURF  ,0218]prompt received, remote cmd end
1591869797:[SURF  ,0012]12 cmd(s) received
1591869837:[SURF  ,0014]disconnected after 131s
1591869842:[SURFIN,0020]filling external bladder
1591869845:[SURFIN,0019]external bladder full
1591869845:[SURF  ,0226]Go dive (Minimum surface delay expired and no more file to upload)
1591869851:[SURF  ,0022]GPS fix...
1591869857:<WARN>[GPSFIX,0123]GPRMC ms=370 #1
1591869893:[SURF  ,0015]10 PPS detected...
1591869894:[MRMAID,0052]Mermaid $GPSACK:+0,+0,+0,+0,+0,+0,+0;
1591869904:[MRMAID,0052]Mermaid $GPSOFF:3686341;
1591869907:[GPSFIX,0179]+0s diff
1591869907:[SURF  ,0222]2020-06-11T10:05:07
1591869907:[SURF  ,0082]Latitude : N43deg10.704mn, Longitude :E005deg28.659mn
1591869907:[SURF  ,0223]fix3D,7satellites
1591869907:[SURF  ,0084]GPS fix GPGSA : hdop1.770,vdop2.650
1591869924:[MAIN  ,0024]internal pressure 76567Pa
1591869925:<WARN>[MAIN  ,0041]mission empty
1591869925:[MAIN  ,0065]surfacing
1591869927:[PRESS ,0038]P     -2mbar,T+24145mdegC
1591869929:[PRESS ,0038]P    -12mbar,T-14688mdegC
1591869930:[PRESS ,0038]P    -12mbar,T-14688mdegC
1591869932:[PRESS ,0038]P     -2mbar,T -2558mdegC
1591869934:[PRESS ,0038]P    -12mbar,T-29262mdegC
1591869936:[PRESS ,0038]P    -12mbar,T -2558mdegC
1591869938:[PRESS ,0038]P    -22mbar,T -2558mdegC
1591869939:[PRESS ,0038]P    -22mbar,T-29262mdegC
1591869941:[PRESS ,0038]P    -12mbar,T -2558mdegC
1591869943:[PRESS ,0038]P    -12mbar,T -2558mdegC
1591869945:[PRESS ,0038]P    -12mbar,T-29262mdegC
1591869947:[PRESS ,0038]P    -12mbar,T-29262mdegC
1591869948:[PRESS ,0038]P    -12mbar,T -2558mdegC
1591869950:[PRESS ,0038]P     -2mbar,T -2558mdegC
1591869952:[PRESS ,0038]P    -12mbar,T -2558mdegC
1591869952:[SURFIN,0036]P    -12mbar
1591869954:[PRESS ,0038]P     -2mbar,T -2558mdegC
1591869956:[PRESS ,0038]P    +18mbar,T -2558mdegC
1591869956:[SURFIN,0020]filling external bladder
1591869959:[SURFIN,0019]external bladder full
1591869961:[PRESS ,0038]P   +160mbar,T+24145mdegC
1591869962:[PRESS ,0038]P   +160mbar,T-29262mdegC
1591869964:[PRESS ,0038]P   +150mbar,T -2558mdegC
1591869966:[PRESS ,0038]P   +150mbar,T -2558mdegC
1591869968:[PRESS ,0038]P   +140mbar,T+24145mdegC
1591869970:[PRESS ,0038]P   +150mbar,T -2558mdegC
1591869971:[PRESS ,0038]P   +150mbar,T -2558mdegC
1591869973:[PRESS ,0038]P   +150mbar,T-29262mdegC
1591869975:[PRESS ,0038]P   +150mbar,T -2558mdegC
1591869977:[PRESS ,0038]P   +150mbar,T -2558mdegC
1591869979:[PRESS ,0038]P   +150mbar,T-29262mdegC
1591869980:[PRESS ,0038]P   +160mbar,T+24145mdegC
1591869982:[PRESS ,0038]P   +150mbar,T -2558mdegC
1591869984:[PRESS ,0038]P   +150mbar,T -2558mdegC
1591869986:[PRESS ,0038]P   +150mbar,T+24145mdegC
1591870022:[MAIN  ,0272]Vbat 14987mV (min 14346mV)
1591870024:[MAIN  ,0024]internal pressure 76554Pa
1591870024:[MAIN  ,0043]Pext 151mbar (rng 20mbar)
1591870024:[MAIN  ,0064]surface
1591870031:[SURF  ,0022]GPS fix...
1591870098:[SURF  ,0015]10 PPS detected...
1591870099:[MRMAID,0052]Mermaid $GPSACK:+0,+0,+0,+0,+0,+0,+0;
1591870109:[MRMAID,0052]Mermaid $GPSOFF:3686341;
1591870110:[GPSFIX,0179]-1s diff
1591870111:[SURF  ,0222]2020-06-11T10:08:31
1591870111:[SURF  ,0082]Latitude : N43deg10.718mn, Longitude :E005deg28.653mn
1591870111:[SURF  ,0223]fix3D,7satellites
1591870111:[SURF  ,0084]GPS fix GPGSA : hdop1.240,vdop1.640
1591870121:[SURF  ,0274]last almanac : 1996706
1591870134:[MRMAID,0026]1553 bytes in 0014/5EE202AE.MER
1591870139:[MAIN  ,0320]New pressure offset: 151mbar
1591870139:[SURF  ,0225]surface2
1591870145:[SURF  ,0022]GPS fix...
1591870149:<WARN>[GPSFIX,0123]GPRMC ms=420 #1
1591870193:[SURF  ,0015]10 PPS detected...
1591870194:[MRMAID,0052]Mermaid $GPSACK:+0,+0,+0,+0,+0,+0,+0;
1591870204:[MRMAID,0052]Mermaid $GPSOFF:3686341;
1591870205:[GPSFIX,0179]-1s diff
1591870206:[SURF  ,0222]2020-06-11T10:10:06
1591870206:[SURF  ,0082]Latitude : N43deg10.725mn, Longitude :E005deg28.651mn
1591870206:[SURF  ,0223]fix3D,7satellites
1591870206:[SURF  ,0084]GPS fix GPGSA : hdop1.180,vdop1.820
1591870216:[SURF  ,0025]Iridium...
1591870278:[SURF  ,0009]connected in 62s, signal quality 5
1591870347:[SURF  ,0218]prompt received, remote cmd end
1591870347:[SURF  ,0012]12 cmd(s) received
1591870368:[UPLOAD,0248]Upload data files...
1591870389:[UPLOAD,0231]"0014/5EE202AE.MER" uploaded at 129bytes/s
1591870405:[MAIN  ,0013]1 file(s) uploaded
1591870433:[SURF  ,0014]disconnected after 217s
1591870438:[SURFIN,0020]filling external bladder
1591870441:[SURFIN,0019]external bladder full
1591870441:[SURF  ,0227]1st complete transfer
1591870759:[SURF  ,0022]GPS fix...
1591870763:<WARN>[GPSFIX,0123]GPRMC ms=940 #1
1591870824:[SURF  ,0015]10 PPS detected...
1591870825:[MRMAID,0052]Mermaid $GPSACK:+0,+0,+0,+0,+0,+0,+0;
1591870835:[MRMAID,0052]Mermaid $GPSOFF:3686341;
1591870837:[GPSFIX,0179]+0s diff
1591870837:[SURF  ,0222]2020-06-11T10:20:37
1591870837:[SURF  ,0082]Latitude : N43deg10.776mn, Longitude :E005deg28.633mn
1591870837:[SURF  ,0223]fix3D,8satellites
1591870837:[SURF  ,0084]GPS fix GPGSA : hdop1.000,vdop1.610
1591870847:[SURF  ,0025]Iridium...
1591870884:[SURF  ,0009]connected in 37s, signal quality 5
1591870949:[SURF  ,0218]prompt received, remote cmd end
1591870949:[SURF  ,0012]15 cmd(s) received
1591870981:[SURF  ,0014]disconnected after 134s
1591870986:[SURFIN,0020]filling external bladder
1591870989:[SURFIN,0019]external bladder full
1591870989:[SURF  ,0226]Go dive (Minimum surface delay expired and no more file to upload)
1591870995:[SURF  ,0022]GPS fix...
1591871058:[SURF  ,0015]10 PPS detected...
1591871059:[MRMAID,0052]Mermaid $GPSACK:+0,+0,+0,+0,+0,-3,+0;
1591871069:[MRMAID,0052]Mermaid $GPSOFF:3686341;
1591871070:[GPSFIX,0179]+2s diff
1591871068:[SURF  ,0222]2020-06-11T10:24:28
1591871068:[SURF  ,0082]Latitude : N43deg10.793mn, Longitude :E005deg28.623mn
1591871068:[SURF  ,0223]fix3D,6satellites
1591871068:[SURF  ,0084]GPS fix GPGSA : hdop1.590,vdop2.200
1591871085:[MAIN  ,0024]internal pressure 76601Pa
1591871086:[BYCMD ,0107]    FreeRTOS V8.2.3
1591871086:[BYCMD ,0108]    FatFS v11a
1591871086:[BYCMD ,0120]    bypass 10000ms 60000ms (20000ms 60000ms stored)
1591871086:[BYCMD ,0121]    valve 60000ms 12750 (60000ms 12750 stored)
1591871086:[BYCMD ,0122]    pump 60000ms 30% 10750 80% (60000ms 30% 10750 80% stored)
1591871086:[BYCMD ,0123]    rate 2mbar/s (2mbar/s stored)
1591871086:[BYCMD ,0124]    surface 500mbar (500mbar stored)
1591871086:[BYCMD ,0125]    near 1500mbar 3mbar/s (15000mbar 3mbar/s stored)
1591871086:[BYCMD ,0126]    far 2500mbar 4mbar/s (25000mbar 4mbar/s stored)
1591871086:[BYCMD ,0127]    ascent 8mbar/s (8mbar/s stored)
1591871086:[BYCMD ,0128]    dead 60s (300s stored)
1591871086:[BYCMD ,0129]    coeff 16/10 (16/10 stored)
1591871086:[BYCMD ,0130]    stab 10 (10 stored)
1591871086:[BYCMD ,0131]    delay 900s 3600s (900s 3600s stored)
1591871086:[BYCMD ,0132]    mmtime 2880min (2880min stored)
1591871086:[BYCMD ,0133]    dv_landing 100ml (100ml stored)
1591871086:[MKDCMD,0150]    p2t37: 15x2000ms, offset 151mbar
1591871086:[P2TCMD,0151]    p2t37: dp -1mbar, dt 1000000mdegC
1591871087:[STAGE ,0080]Stage [0] 8000mbar (+/-500mbar) 3960s (<3960s) 
1591871087:[STAGE ,0080]Stage [1] 8000mbar (+/-500mbar) 300s (<4260s) 
1591871087:[MAIN  ,0070]turn off bluetooth
1591871089:[PRESS ,0038]P     -1mbar,T -2558mdegC
1591871091:[PRESS ,0038]P    -11mbar,T -2558mdegC
1591871093:[PRESS ,0038]P    -11mbar,T+24145mdegC
1591871095:[PRESS ,0038]P    -11mbar,T -2558mdegC
1591871097:[PRESS ,0038]P     -1mbar,T+24145mdegC
1591871098:[PRESS ,0038]P    -11mbar,T+24145mdegC
1591871100:[PRESS ,0038]P     -1mbar,T-29262mdegC
1591871102:[PRESS ,0038]P     -1mbar,T -2558mdegC
1591871104:[PRESS ,0038]P     +9mbar,T -2558mdegC
1591871106:[PRESS ,0038]P    -11mbar,T-29262mdegC
1591871107:[PRESS ,0038]P     -1mbar,T+24145mdegC
1591871109:[PRESS ,0038]P     -1mbar,T-29262mdegC
1591871111:[PRESS ,0038]P     -1mbar,T -2558mdegC
1591871113:[PRESS ,0038]P     -1mbar,T-29262mdegC
1591871115:[PRESS ,0038]P     -1mbar,T+24145mdegC
1591871115:[DIVING,0141]diving from -1mbar, +0mbar/s
1591871115:[BYPASS,0035]bypass opening 60000ms
1591871120:[BYPASS,0104]battery 14356mV,  251198uA (bypass opening), P     -1mbar
1591871185:[BYPASS,0106]battery 14268mV,  295484uA (bypass closing), P     -1mbar
1591871187:[PRESS ,0038]P    -51mbar,T+24145mdegC
1591871188:[PRESS ,0038]P    -41mbar,T -2558mdegC
1591871190:[PRESS ,0038]P    -51mbar,T -2558mdegC
1591871192:[PRESS ,0038]P    -51mbar,T -2558mdegC
1591871194:[PRESS ,0038]P    -51mbar,T-29262mdegC
1591871196:[PRESS ,0038]P    -51mbar,T -2558mdegC
1591871197:[PRESS ,0038]P    -41mbar,T -2558mdegC
1591871199:[PRESS ,0038]P    -51mbar,T+24145mdegC
1591871201:[PRESS ,0038]P    -51mbar,T+24145mdegC
1591871203:[PRESS ,0038]P    -61mbar,T -2558mdegC
1591871205:[PRESS ,0038]P    -51mbar,T-29262mdegC
1591871206:[PRESS ,0038]P    -41mbar,T -2558mdegC
1591871208:[PRESS ,0038]P    -41mbar,T -2558mdegC
1591871210:[PRESS ,0038]P    -51mbar,T -2558mdegC
1591871212:[PRESS ,0038]P    -41mbar,T -2558mdegC
1591871212:[BYPASS,0035]bypass opening 10000ms
1591871217:[BYPASS,0104]battery 14398mV,  253882uA (bypass opening), P    -41mbar
1591871232:[BYPASS,0106]battery 14336mV,  295240uA (bypass closing), P    -41mbar
1591871234:[PRESS ,0038]P    -11mbar,T -2558mdegC
1591871236:[PRESS ,0038]P    -11mbar,T -2558mdegC
1591871237:[PRESS ,0038]P    -11mbar,T -2558mdegC
1591871239:[PRESS ,0038]P    -11mbar,T -2558mdegC
1591871241:[PRESS ,0038]P    -21mbar,T -2558mdegC
1591871243:[PRESS ,0038]P    -21mbar,T -2558mdegC
1591871245:[PRESS ,0038]P    -21mbar,T -2558mdegC
1591871246:[PRESS ,0038]P    -21mbar,T -2558mdegC
1591871248:[PRESS ,0038]P    -21mbar,T+24145mdegC
1591871250:[PRESS ,0038]P    -11mbar,T+24145mdegC
1591871252:[PRESS ,0038]P    -21mbar,T -2558mdegC
1591871254:[PRESS ,0038]P    -11mbar,T -2558mdegC
1591871256:[PRESS ,0038]P    -21mbar,T-29262mdegC
1591871257:[PRESS ,0038]P    -21mbar,T-29262mdegC
1591871259:[PRESS ,0038]P    -21mbar,T -2558mdegC
1591871259:[BYPASS,0035]bypass opening 10000ms
1591871264:[BYPASS,0104]battery 14405mV,  244854uA (bypass opening), P    -21mbar
1591871279:[BYPASS,0106]battery 14346mV,  294630uA (bypass closing), P    -21mbar
1591871281:[PRESS ,0038]P    +19mbar,T -2558mdegC
1591871283:[PRESS ,0038]P    +19mbar,T -2558mdegC
1591871285:[PRESS ,0038]P    +29mbar,T -2558mdegC
1591871287:[PRESS ,0038]P    +39mbar,T -2558mdegC
1591871288:[PRESS ,0038]P    +39mbar,T -2558mdegC
1591871290:[PRESS ,0038]P    +39mbar,T -2558mdegC
1591871292:[PRESS ,0038]P    +39mbar,T -2558mdegC
1591871294:[PRESS ,0038]P    +39mbar,T+24145mdegC
1591871296:[PRESS ,0038]P    +59mbar,T +9568mdegC
1591871297:[PRESS ,0038]P    +49mbar,T -2558mdegC
1591871299:[PRESS ,0038]P    +59mbar,T+24145mdegC
1591871301:[PRESS ,0038]P    +69mbar,T-29262mdegC
1591871303:[PRESS ,0038]P    +79mbar,T -2558mdegC
1591871305:[PRESS ,0038]P    +89mbar,T+24145mdegC
1591871306:[PRESS ,0038]P    +89mbar,T -2558mdegC
1591871309:[PRESS ,0038]P    +99mbar,T-29262mdegC
1591871312:[PRESS ,0038]P   +109mbar,T -2558mdegC
1591871315:[PRESS ,0038]P   +109mbar,T-29262mdegC
1591871318:[PRESS ,0038]P   +109mbar,T -2558mdegC
1591871320:[PRESS ,0038]P   +119mbar,T -2558mdegC
1591871323:[PRESS ,0038]P    +99mbar,T+24145mdegC
1591871326:[PRESS ,0038]P   +109mbar,T -2558mdegC
1591871329:[PRESS ,0038]P   +109mbar,T -2558mdegC
1591871332:[PRESS ,0038]P   +109mbar,T-29262mdegC
1591871334:[PRESS ,0038]P   +119mbar,T+24145mdegC
1591871334:[BYPASS,0035]bypass opening 10000ms
1591871340:[BYPASS,0104]battery 14387mV,  245708uA (bypass opening), P   +119mbar
1591871355:[BYPASS,0106]battery 14342mV,  294142uA (bypass closing), P   +119mbar
1591871356:[PRESS ,0038]P   +139mbar,T -2558mdegC
1591871358:[PRESS ,0038]P   +139mbar,T -2558mdegC
1591871360:[PRESS ,0038]P   +149mbar,T -2558mdegC
1591871362:[PRESS ,0038]P   +149mbar,T+24145mdegC
1591871364:[PRESS ,0038]P   +169mbar,T-29262mdegC
1591871365:[PRESS ,0038]P   +169mbar,T-29262mdegC
1591871367:[PRESS ,0038]P   +169mbar,T-29262mdegC
1591871369:[PRESS ,0038]P   +159mbar,T+24145mdegC
1591871371:[PRESS ,0038]P   +169mbar,T -2558mdegC
1591871373:[PRESS ,0038]P   +169mbar,T -2558mdegC
1591871374:[PRESS ,0038]P   +169mbar,T -2558mdegC
1591871376:[PRESS ,0038]P   +169mbar,T -2558mdegC
1591871378:[PRESS ,0038]P   +179mbar,T-14688mdegC
1591871380:[PRESS ,0038]P   +159mbar,T -2558mdegC
1591871382:[PRESS ,0038]P   +169mbar,T -2558mdegC
1591871382:[BYPASS,0035]bypass opening 10000ms
1591871387:[BYPASS,0104]battery 14408mV,  241194uA (bypass opening), P   +169mbar
1591871402:[BYPASS,0106]battery 14355mV,  293532uA (bypass closing), P   +169mbar
1591871404:[PRESS ,0038]P   +199mbar,T+24145mdegC
1591871405:[PRESS ,0038]P   +199mbar,T+24145mdegC
1591871407:[PRESS ,0038]P   +199mbar,T+24145mdegC
1591871409:[PRESS ,0038]P   +199mbar,T -2558mdegC
1591871411:[PRESS ,0038]P   +189mbar,T -2558mdegC
1591871413:[PRESS ,0038]P   +189mbar,T+24145mdegC
1591871415:[PRESS ,0038]P   +179mbar,T-29262mdegC
1591871416:[PRESS ,0038]P   +189mbar,T -2558mdegC
1591871418:[PRESS ,0038]P   +159mbar,T -2558mdegC
1591871420:[PRESS ,0038]P   +149mbar,T -2558mdegC
1591871422:[PRESS ,0038]P   +149mbar,T -2558mdegC
1591871424:[PRESS ,0038]P   +139mbar,T -2558mdegC
1591871425:[PRESS ,0038]P   +139mbar,T -2558mdegC
1591871427:[PRESS ,0038]P   +119mbar,T -2558mdegC
1591871429:[PRESS ,0038]P   +119mbar,T -2558mdegC
1591871429:[BYPASS,0035]bypass opening 10000ms
1591871434:[BYPASS,0104]battery 14435mV,  250710uA (bypass opening), P   +119mbar
1591871449:[BYPASS,0106]battery 14356mV,  292922uA (bypass closing), P   +119mbar
1591871451:[PRESS ,0038]P    +69mbar,T-29262mdegC
1591871453:[PRESS ,0038]P    +69mbar,T -2558mdegC
1591871455:[PRESS ,0038]P    +69mbar,T -2558mdegC
1591871456:[PRESS ,0038]P    +49mbar,T-29262mdegC
1591871458:[PRESS ,0038]P    +59mbar,T -2558mdegC
1591871460:[PRESS ,0038]P    +49mbar,T+24145mdegC
1591871462:[PRESS ,0038]P    +29mbar,T -2558mdegC
1591871464:[PRESS ,0038]P    +29mbar,T+24145mdegC
1591871465:[PRESS ,0038]P    +39mbar,T -2558mdegC
1591871467:[PRESS ,0038]P    +29mbar,T -2558mdegC
1591871469:[PRESS ,0038]P    +29mbar,T-29262mdegC
1591871471:[PRESS ,0038]P    +19mbar,T+24145mdegC
1591871473:[PRESS ,0038]P    +19mbar,T-29262mdegC
1591871474:[PRESS ,0038]P     -1mbar,T -2558mdegC
1591871476:[PRESS ,0038]P     -1mbar,T -2558mdegC
1591871476:[BYPASS,0035]bypass opening 10000ms
1591871481:[BYPASS,0104]battery 14413mV,  240950uA (bypass opening), P     -1mbar
1591871496:[BYPASS,0106]battery 14358mV,  292312uA (bypass closing), P     -1mbar
1591871498:[PRESS ,0038]P    -31mbar,T-29262mdegC
1591871500:[PRESS ,0038]P    -31mbar,T -2558mdegC
1591871502:[PRESS ,0038]P    -11mbar,T -2558mdegC
1591871504:[PRESS ,0038]P    -21mbar,T -2558mdegC
1591871505:[PRESS ,0038]P    -11mbar,T -2558mdegC
1591871507:[PRESS ,0038]P     -1mbar,T -2558mdegC
1591871509:[PRESS ,0038]P     +9mbar,T -2558mdegC
1591871511:[PRESS ,0038]P     +9mbar,T -2558mdegC
1591871513:[PRESS ,0038]P    +19mbar,T-29262mdegC
1591871515:[PRESS ,0038]P     +9mbar,T -2558mdegC
1591871516:[PRESS ,0038]P    +19mbar,T-29262mdegC
1591871518:[PRESS ,0038]P    +29mbar,T -2558mdegC
1591871520:[PRESS ,0038]P    +49mbar,T -2558mdegC
1591871522:[PRESS ,0038]P    +59mbar,T -2558mdegC
1591871524:[PRESS ,0038]P    +59mbar,T+24145mdegC
1591871526:[PRESS ,0038]P    +69mbar,T-29262mdegC
1591871529:[PRESS ,0038]P    +79mbar,T-29262mdegC
1591871532:[PRESS ,0038]P    +89mbar,T-29262mdegC
1591871535:[PRESS ,0038]P   +109mbar,T -2558mdegC
1591871538:[PRESS ,0038]P    +99mbar,T -2558mdegC
1591871540:[PRESS ,0038]P    +99mbar,T -2558mdegC
1591871543:[PRESS ,0038]P   +119mbar,T -2558mdegC
1591871546:[PRESS ,0038]P   +119mbar,T -2558mdegC
1591871549:[PRESS ,0038]P   +139mbar,T-29262mdegC
1591871552:[PRESS ,0038]P   +149mbar,T -2558mdegC
1591871554:[PRESS ,0038]P   +159mbar,T+24145mdegC
1591871557:[PRESS ,0038]P   +169mbar,T -2558mdegC
1591871560:[PRESS ,0038]P   +179mbar,T -2558mdegC
1591871563:[PRESS ,0038]P   +179mbar,T-29262mdegC
1591871566:[PRESS ,0038]P   +179mbar,T -2558mdegC
1591871569:[PRESS ,0038]P   +179mbar,T-29262mdegC
1591871571:[PRESS ,0038]P   +179mbar,T -2558mdegC
1591871574:[PRESS ,0038]P   +179mbar,T -2558mdegC
1591871577:[PRESS ,0038]P   +189mbar,T -2558mdegC
1591871580:[PRESS ,0038]P   +199mbar,T+24145mdegC
1591871583:[PRESS ,0038]P   +199mbar,T -2558mdegC
1591871585:[PRESS ,0038]P   +199mbar,T -2558mdegC
1591871588:[PRESS ,0038]P   +209mbar,T -2558mdegC
1591871588:[BYPASS,0035]bypass opening 10000ms
1591871593:[BYPASS,0104]battery 14332mV,  263520uA (bypass opening), P   +209mbar
1591871608:[BYPASS,0106]battery 14305mV,  311588uA (bypass closing), P   +209mbar
1591871610:[PRESS ,0038]P   +239mbar,T -2558mdegC
1591871612:[PRESS ,0038]P   +249mbar,T -2558mdegC
1591871614:[PRESS ,0038]P   +239mbar,T -2558mdegC
1591871616:[PRESS ,0038]P   +249mbar,T -2558mdegC
1591871617:[PRESS ,0038]P   +259mbar,T -2558mdegC
1591871619:[PRESS ,0038]P   +249mbar,T -2558mdegC
1591871621:[PRESS ,0038]P   +259mbar,T -2558mdegC
1591871623:[PRESS ,0038]P   +259mbar,T-29262mdegC
1591871625:[PRESS ,0038]P   +269mbar,T -2558mdegC
1591871626:[PRESS ,0038]P   +269mbar,T -2558mdegC
1591871628:[PRESS ,0038]P   +269mbar,T+24145mdegC
1591871630:[PRESS ,0038]P   +289mbar,T -2558mdegC
1591871632:[PRESS ,0038]P   +279mbar,T+24145mdegC
1591871634:[PRESS ,0038]P   +289mbar,T-29262mdegC
1591871635:[PRESS ,0038]P   +279mbar,T-29262mdegC
1591871638:[PRESS ,0038]P   +289mbar,T +9568mdegC
1591871641:[PRESS ,0038]P   +279mbar,T -2558mdegC
1591871644:[PRESS ,0038]P   +289mbar,T+24145mdegC
1591871644:[BYPASS,0035]bypass opening 10000ms
1591871649:[BYPASS,0104]battery 14426mV,  250344uA (bypass opening), P   +289mbar
1591871664:[BYPASS,0106]battery 14356mV,  292068uA (bypass closing), P   +289mbar
1591871666:[PRESS ,0038]P   +329mbar,T -2558mdegC
1591871668:[PRESS ,0038]P   +329mbar,T-29262mdegC
1591871670:[PRESS ,0038]P   +339mbar,T+24145mdegC
1591871671:[PRESS ,0038]P   +339mbar,T -2558mdegC
1591871673:[PRESS ,0038]P   +339mbar,T -2558mdegC
1591871675:[PRESS ,0038]P   +339mbar,T-29262mdegC
1591871677:[PRESS ,0038]P   +349mbar,T-29262mdegC
1591871679:[PRESS ,0038]P   +359mbar,T -2558mdegC
1591871680:[PRESS ,0038]P   +359mbar,T -2558mdegC
1591871682:[PRESS ,0038]P   +379mbar,T -2558mdegC
1591871684:[PRESS ,0038]P   +369mbar,T -2558mdegC
1591871686:[PRESS ,0038]P   +389mbar,T-29262mdegC
1591871688:[PRESS ,0038]P   +389mbar,T -2558mdegC
1591871689:[PRESS ,0038]P   +409mbar,T -2558mdegC
1591871691:[PRESS ,0038]P   +399mbar,T-29262mdegC
1591871694:[PRESS ,0038]P   +409mbar,T-29262mdegC
1591871697:[PRESS ,0038]P   +409mbar,T+24145mdegC
1591871700:[PRESS ,0038]P   +409mbar,T-29262mdegC
1591871702:[PRESS ,0038]P   +419mbar,T-29262mdegC
1591871705:[PRESS ,0038]P   +419mbar,T -2558mdegC
1591871708:[PRESS ,0038]P   +429mbar,T-29262mdegC
1591871711:[PRESS ,0038]P   +419mbar,T-29262mdegC
1591871714:[PRESS ,0038]P   +419mbar,T-29262mdegC
1591871717:[PRESS ,0038]P   +419mbar,T -2558mdegC
1591871717:[BYPASS,0035]bypass opening 10000ms
1591871722:[BYPASS,0104]battery 14366mV,  261568uA (bypass opening), P   +419mbar
1591871737:[BYPASS,0106]battery 14323mV,  308294uA (bypass closing), P   +419mbar
1591871739:[PRESS ,0038]P   +389mbar,T-29262mdegC
1591871740:[PRESS ,0038]P   +399mbar,T -2558mdegC
1591871742:[PRESS ,0038]P   +399mbar,T -2558mdegC
1591871744:[PRESS ,0038]P   +399mbar,T -2558mdegC
1591871746:[PRESS ,0038]P   +399mbar,T -2558mdegC
1591871748:[PRESS ,0038]P   +399mbar,T -2558mdegC
1591871749:[PRESS ,0038]P   +389mbar,T -2558mdegC
1591871751:[PRESS ,0038]P   +389mbar,T -2558mdegC
1591871753:[PRESS ,0038]P   +389mbar,T-29262mdegC
1591871755:[PRESS ,0038]P   +399mbar,T -2558mdegC
1591871757:[PRESS ,0038]P   +379mbar,T-29262mdegC
1591871758:[PRESS ,0038]P   +369mbar,T+24145mdegC
1591871760:[PRESS ,0038]P   +379mbar,T -2558mdegC
1591871762:[PRESS ,0038]P   +379mbar,T-29262mdegC
1591871764:[PRESS ,0038]P   +369mbar,T -2558mdegC
1591871764:[BYPASS,0035]bypass opening 10000ms
1591871769:[BYPASS,0104]battery 14385mV,  275964uA (bypass opening), P   +369mbar
1591871784:[BYPASS,0106]battery 14317mV,  316346uA (bypass closing), P   +369mbar
1591871786:[PRESS ,0038]P   +339mbar,T -2558mdegC
1591871788:[PRESS ,0038]P   +349mbar,T -2558mdegC
1591871789:[PRESS ,0038]P   +339mbar,T -2558mdegC
1591871791:[PRESS ,0038]P   +339mbar,T+24145mdegC
1591871793:[PRESS ,0038]P   +349mbar,T -2558mdegC
1591871795:[PRESS ,0038]P   +339mbar,T-29262mdegC
1591871797:[PRESS ,0038]P   +339mbar,T -2558mdegC
1591871798:[PRESS ,0038]P   +339mbar,T-29262mdegC
1591871800:[PRESS ,0038]P   +329mbar,T-29262mdegC
1591871802:[PRESS ,0038]P   +329mbar,T-29262mdegC
1591871804:[PRESS ,0038]P   +329mbar,T -2558mdegC
1591871806:[PRESS ,0038]P   +329mbar,T-29262mdegC
1591871807:[PRESS ,0038]P   +329mbar,T -2558mdegC
1591871809:[PRESS ,0038]P   +319mbar,T -2558mdegC
1591871811:[PRESS ,0038]P   +309mbar,T-29262mdegC
1591871811:[BYPASS,0035]bypass opening 10000ms
1591871816:[BYPASS,0104]battery 14355mV,  272670uA (bypass opening), P   +309mbar
1591871831:[BYPASS,0106]battery 14306mV,  322690uA (bypass closing), P   +309mbar
1591871833:[PRESS ,0038]P   +329mbar,T -2558mdegC
1591871835:[PRESS ,0038]P   +329mbar,T -2558mdegC
1591871837:[PRESS ,0038]P   +319mbar,T-29262mdegC
1591871839:[PRESS ,0038]P   +339mbar,T-29262mdegC
1591871841:[PRESS ,0038]P   +329mbar,T-29262mdegC
1591871843:[PRESS ,0038]P   +339mbar,T -2558mdegC
1591871844:[PRESS ,0038]P   +349mbar,T-29262mdegC
1591871846:[PRESS ,0038]P   +349mbar,T -2558mdegC
1591871848:[PRESS ,0038]P   +349mbar,T -2558mdegC
1591871850:[PRESS ,0038]P   +349mbar,T-29262mdegC
1591871852:[PRESS ,0038]P   +349mbar,T-29262mdegC
1591871853:[PRESS ,0038]P   +359mbar,T+24145mdegC
1591871855:[PRESS ,0038]P   +349mbar,T-29262mdegC
1591871857:[PRESS ,0038]P   +359mbar,T -2558mdegC
1591871859:[PRESS ,0038]P   +359mbar,T+24145mdegC
1591871859:[BYPASS,0035]bypass opening 10000ms
1591871864:[BYPASS,0104]battery 14421mV,  241072uA (bypass opening), P   +359mbar
1591871879:[BYPASS,0106]battery 14361mV,  290238uA (bypass closing), P   +359mbar
1591871881:[PRESS ,0038]P   +349mbar,T-29262mdegC
1591871883:[PRESS ,0038]P   +349mbar,T-29262mdegC
1591871884:[PRESS ,0038]P   +339mbar,T-29262mdegC
1591871886:[PRESS ,0038]P   +349mbar,T +9568mdegC
1591871888:[PRESS ,0038]P   +339mbar,T-29262mdegC
1591871890:[PRESS ,0038]P   +349mbar,T+24145mdegC
1591871892:[PRESS ,0038]P   +339mbar,T -2558mdegC
1591871894:[PRESS ,0038]P   +339mbar,T-29262mdegC
1591871895:[PRESS ,0038]P   +339mbar,T-29262mdegC
1591871897:[PRESS ,0038]P   +349mbar,T+24145mdegC
1591871899:[PRESS ,0038]P   +359mbar,T -2558mdegC
1591871901:[PRESS ,0038]P   +349mbar,T-29262mdegC
1591871903:[PRESS ,0038]P   +359mbar,T -2558mdegC
1591871904:[PRESS ,0038]P   +359mbar,T-29262mdegC
1591871906:[PRESS ,0038]P   +369mbar,T -2558mdegC
1591871906:[BYPASS,0035]bypass opening 10000ms
1591871911:[BYPASS,0104]battery 14415mV,  239120uA (bypass opening), P   +369mbar
1591871926:[BYPASS,0106]battery 14360mV,  289872uA (bypass closing), P   +369mbar
1591871928:[PRESS ,0038]P   +459mbar,T-29262mdegC
1591871930:[PRESS ,0038]P   +469mbar,T -2558mdegC
1591871932:[PRESS ,0038]P   +479mbar,T-29262mdegC
1591871934:[PRESS ,0038]P   +489mbar,T -2558mdegC
1591871935:[PRESS ,0038]P   +479mbar,T +9568mdegC
1591871937:[PRESS ,0038]P   +489mbar,T-29262mdegC
1591871939:[PRESS ,0038]P   +489mbar,T-29262mdegC
1591871941:[PRESS ,0038]P   +499mbar,T-29262mdegC
1591871943:[PRESS ,0038]P   +489mbar,T-29262mdegC
1591871945:[PRESS ,0038]P   +509mbar,T-29262mdegC
1591871946:[PRESS ,0038]P   +509mbar,T-29262mdegC
1591871948:[PRESS ,0038]P   +509mbar,T-29262mdegC
1591871950:[PRESS ,0038]P   +519mbar,T +9568mdegC
1591871952:[PRESS ,0038]P   +529mbar,T-29262mdegC
1591871954:[PRESS ,0038]P   +539mbar,T-29262mdegC
1591871955:[PRESS ,0038]P   +539mbar,T-29262mdegC
1591871955:[DIVING,0028]539mbar reached (+3mbar/s), 14 bypass done
1591871956:[MAIN  ,0056]stage[0]
1591871958:[MAIN  ,0024]internal pressure 78133Pa
1591871959:[PRESS ,0038]P   +559mbar,T+24145mdegC
1591871959:[BUOY  ,0037]P   +559mbar
1591871959:[STAGE ,0080]Stage [0] 8000mbar (+/-500mbar) 3960s (<1591875916s) 
1591871961:[PRESS ,0038]P   +569mbar,T-29262mdegC
1591872022:[PRESS ,0038]P   +579mbar,T -2558mdegC
1591872023:[PRESS ,0038]P   +579mbar,T -2558mdegC
1591872025:[PRESS ,0038]P   +579mbar,T-29262mdegC
1591872027:[PRESS ,0038]P   +569mbar,T -2558mdegC
1591872029:[PRESS ,0038]P   +569mbar,T -2558mdegC
1591872031:[PRESS ,0038]P   +579mbar,T -2558mdegC
1591872032:[PRESS ,0038]P   +569mbar,T-29262mdegC
1591872034:[PRESS ,0038]P   +569mbar,T +9568mdegC
1591872036:[PRESS ,0038]P   +569mbar,T-29262mdegC
1591872038:[PRESS ,0038]P   +559mbar,T -2558mdegC
1591872040:[PRESS ,0038]P   +569mbar,T-29262mdegC
1591872042:[PRESS ,0038]P   +559mbar,T -2558mdegC
1591872043:[PRESS ,0038]P   +559mbar,T -2558mdegC
1591872045:[PRESS ,0038]P   +569mbar,T-29262mdegC
1591872047:[PRESS ,0038]P   +549mbar,T-29262mdegC
1591872047:<WARN>[BUOY  ,0094]stage[0] should DESCENT, stuck at 549mbar for the #1 time
1591872047:[BUOY  ,0087]from -1mbar/s to +4mbar/s
1591872047:[BUOY  ,0090]need to transfer -28mL (valve during 15522ms)
1591872047:[VALVE ,0034]valve opening 15522ms
1591872063:[VALVE ,0234]battery 13912mV,  476654uA, P   +549mbar
1591872108:[PRESS ,0038]P   +559mbar,T -2558mdegC
1591872110:[PRESS ,0038]P   +559mbar,T+24145mdegC
1591872112:[PRESS ,0038]P   +569mbar,T-29262mdegC
1591872113:[PRESS ,0038]P   +559mbar,T -2558mdegC
1591872115:[PRESS ,0038]P   +569mbar,T -2558mdegC
1591872117:[PRESS ,0038]P   +569mbar,T -2558mdegC
1591872119:[PRESS ,0038]P   +569mbar,T-29262mdegC
1591872121:[PRESS ,0038]P   +569mbar,T-29262mdegC
1591872122:[PRESS ,0038]P   +569mbar,T -2558mdegC
1591872124:[PRESS ,0038]P   +579mbar,T-29262mdegC
1591872126:[PRESS ,0038]P   +569mbar,T -2558mdegC
1591872128:[PRESS ,0038]P   +559mbar,T-29262mdegC
1591872130:[PRESS ,0038]P   +559mbar,T -2558mdegC
1591872131:[PRESS ,0038]P   +569mbar,T +9568mdegC
1591872133:[PRESS ,0038]P   +559mbar,T-29262mdegC
1591872133:<WARN>[BUOY  ,0094]stage[0] should DESCENT, stuck at 559mbar for the #2 time
1591872133:[BUOY  ,0087]from +0mbar/s to +4mbar/s
1591872133:[BUOY  ,0090]need to transfer -26mL (valve during 14413ms)
1591872133:[VALVE ,0034]valve opening 14413ms
1591872148:[VALVE ,0234]battery 13955mV,  481046uA, P   +559mbar
1591872194:[PRESS ,0038]P   +639mbar,T -2558mdegC
1591872196:[PRESS ,0038]P   +649mbar,T -2558mdegC
1591872198:[PRESS ,0038]P   +649mbar,T -2558mdegC
1591872200:[PRESS ,0038]P   +649mbar,T+24145mdegC
1591872201:[PRESS ,0038]P   +669mbar,T -2558mdegC
1591872203:[PRESS ,0038]P   +669mbar,T -2558mdegC
1591872205:[PRESS ,0038]P   +679mbar,T -2558mdegC
1591872207:[PRESS ,0038]P   +679mbar,T-29262mdegC
1591872209:[PRESS ,0038]P   +699mbar,T-29262mdegC
1591872211:[PRESS ,0038]P   +689mbar,T-29262mdegC
1591872212:[PRESS ,0038]P   +699mbar,T -2558mdegC
1591872214:[PRESS ,0038]P   +699mbar,T-29262mdegC
1591872216:[PRESS ,0038]P   +719mbar,T-29262mdegC
1591872218:[PRESS ,0038]P   +719mbar,T-29262mdegC
1591872220:[PRESS ,0038]P   +719mbar,T+24145mdegC
1591872280:[PRESS ,0038]P   +969mbar,T +9568mdegC
1591872282:[PRESS ,0038]P   +989mbar,T -2558mdegC
1591872284:[PRESS ,0038]P   +989mbar,T-29262mdegC
1591872286:[PRESS ,0038]P   +989mbar,T-29262mdegC
1591872288:[PRESS ,0038]P   +999mbar,T +9568mdegC
1591872289:[PRESS ,0038]P  +1009mbar,T -2558mdegC
1591872291:[PRESS ,0038]P  +1019mbar,T-29262mdegC
1591872293:[PRESS ,0038]P  +1019mbar,T -2558mdegC
1591872295:[PRESS ,0038]P  +1029mbar,T-29262mdegC
1591872297:[PRESS ,0038]P  +1029mbar,T-29262mdegC
1591872298:[PRESS ,0038]P  +1029mbar,T-29262mdegC
1591872300:[PRESS ,0038]P  +1029mbar,T-29262mdegC
1591872302:[PRESS ,0038]P  +1049mbar,T -2558mdegC
1591872304:[PRESS ,0038]P  +1049mbar,T-29262mdegC
1591872306:[PRESS ,0038]P  +1049mbar,T -2558mdegC
1591872366:[PRESS ,0038]P  +1239mbar,T -2558mdegC
1591872368:[PRESS ,0038]P  +1259mbar,T-29262mdegC
1591872370:[PRESS ,0038]P  +1259mbar,T-29262mdegC
1591872372:[PRESS ,0038]P  +1269mbar,T -2558mdegC
1591872374:[PRESS ,0038]P  +1279mbar,T -2558mdegC
1591872375:[PRESS ,0038]P  +1279mbar,T -2558mdegC
1591872377:[PRESS ,0038]P  +1279mbar,T -2558mdegC
1591872379:[PRESS ,0038]P  +1299mbar,T -2558mdegC
1591872381:[PRESS ,0038]P  +1299mbar,T -2558mdegC
1591872383:[PRESS ,0038]P  +1299mbar,T-29262mdegC
1591872384:[PRESS ,0038]P  +1319mbar,T-29262mdegC
1591872386:[PRESS ,0038]P  +1319mbar,T-29262mdegC
1591872388:[PRESS ,0038]P  +1339mbar,T-29262mdegC
1591872390:[PRESS ,0038]P  +1339mbar,T-29262mdegC
1591872392:[PRESS ,0038]P  +1349mbar,T-29262mdegC
1591872452:[PRESS ,0038]P  +1659mbar,T -2558mdegC
1591872454:[PRESS ,0038]P  +1669mbar,T -2558mdegC
1591872456:[PRESS ,0038]P  +1679mbar,T -2558mdegC
1591872458:[PRESS ,0038]P  +1679mbar,T-29262mdegC
1591872460:[PRESS ,0038]P  +1699mbar,T-29262mdegC
1591872461:[PRESS ,0038]P  +1709mbar,T -2558mdegC
1591872463:[PRESS ,0038]P  +1709mbar,T -2558mdegC
1591872465:[PRESS ,0038]P  +1729mbar,T -2558mdegC
1591872467:[PRESS ,0038]P  +1739mbar,T-29262mdegC
1591872469:[PRESS ,0038]P  +1759mbar,T-29262mdegC
1591872471:[PRESS ,0038]P  +1769mbar,T-29262mdegC
1591872472:[PRESS ,0038]P  +1769mbar,T -2558mdegC
1591872474:[PRESS ,0038]P  +1789mbar,T-29262mdegC
1591872476:[PRESS ,0038]P  +1799mbar,T-29262mdegC
1591872478:[PRESS ,0038]P  +1809mbar,T-29262mdegC
1591872538:[PRESS ,0038]P  +2129mbar,T-29262mdegC
1591872540:[PRESS ,0038]P  +2129mbar,T-29262mdegC
1591872542:[PRESS ,0038]P  +2129mbar,T -2558mdegC
1591872544:[PRESS ,0038]P  +2139mbar,T -2558mdegC
1591872546:[PRESS ,0038]P  +2129mbar,T -2558mdegC
1591872547:[PRESS ,0038]P  +2139mbar,T -2558mdegC
1591872549:[PRESS ,0038]P  +2159mbar,T -2558mdegC
1591872551:[PRESS ,0038]P  +2159mbar,T-29262mdegC
1591872553:[PRESS ,0038]P  +2169mbar,T-29262mdegC
1591872555:[PRESS ,0038]P  +2169mbar,T-29262mdegC
1591872557:[PRESS ,0038]P  +2179mbar,T-29262mdegC
1591872558:[PRESS ,0038]P  +2179mbar,T-29262mdegC
1591872560:[PRESS ,0038]P  +2189mbar,T-29262mdegC
1591872562:[PRESS ,0038]P  +2209mbar,T-29262mdegC
1591872564:[PRESS ,0038]P  +2199mbar,T-29262mdegC
1591872625:[PRESS ,0038]P  +2429mbar,T +9568mdegC
1591872626:[PRESS ,0038]P  +2439mbar,T -2558mdegC
1591872628:[PRESS ,0038]P  +2449mbar,T -2558mdegC
1591872630:[PRESS ,0038]P  +2459mbar,T-29262mdegC
1591872632:[PRESS ,0038]P  +2459mbar,T -2558mdegC
1591872634:[PRESS ,0038]P  +2469mbar,T -2558mdegC
1591872635:[PRESS ,0038]P  +2489mbar,T-29262mdegC
1591872637:[PRESS ,0038]P  +2479mbar,T-29262mdegC
1591872639:[PRESS ,0038]P  +2489mbar,T-29262mdegC
1591872641:[PRESS ,0038]P  +2499mbar,T-29262mdegC
1591872643:[PRESS ,0038]P  +2489mbar,T-29262mdegC
1591872644:[PRESS ,0038]P  +2509mbar,T -2558mdegC
1591872646:[PRESS ,0038]P  +2519mbar,T-29262mdegC
1591872648:[PRESS ,0038]P  +2529mbar,T-29262mdegC
1591872650:[PRESS ,0038]P  +2529mbar,T -2558mdegC
1591872711:[PRESS ,0038]P  +2709mbar,T -2558mdegC
1591872712:[PRESS ,0038]P  +2709mbar,T -2558mdegC
1591872714:[PRESS ,0038]P  +2709mbar,T-29262mdegC
1591872716:[PRESS ,0038]P  +2719mbar,T +9568mdegC
1591872718:[PRESS ,0038]P  +2719mbar,T -2558mdegC
1591872720:[PRESS ,0038]P  +2729mbar,T -2558mdegC
1591872721:[PRESS ,0038]P  +2739mbar,T-29262mdegC
1591872723:[PRESS ,0038]P  +2729mbar,T-29262mdegC
1591872725:[PRESS ,0038]P  +2729mbar,T-29262mdegC
1591872727:[PRESS ,0038]P  +2739mbar,T +9568mdegC
1591872729:[PRESS ,0038]P  +2739mbar,T-29262mdegC
1591872731:[PRESS ,0038]P  +2739mbar,T-29262mdegC
1591872732:[PRESS ,0038]P  +2749mbar,T-29262mdegC
1591872734:[PRESS ,0038]P  +2759mbar,T-29262mdegC
1591872736:[PRESS ,0038]P  +2759mbar,T-29262mdegC
1591872736:[BUOY  ,0087]from +2mbar/s to +4mbar/s
1591872736:[BUOY  ,0090]need to transfer -20mL (valve during 4904ms)
1591872736:[VALVE ,0034]valve opening 4904ms
1591872741:[VALVE ,0234]battery 13881mV,  478484uA, P  +2759mbar
1591872797:[PRESS ,0038]P  +3009mbar,T -2558mdegC
1591872799:[PRESS ,0038]P  +3019mbar,T-29262mdegC
1591872801:[PRESS ,0038]P  +3029mbar,T -2558mdegC
1591872802:[PRESS ,0038]P  +3039mbar,T+24145mdegC
1591872804:[PRESS ,0038]P  +3039mbar,T-29262mdegC
1591872806:[PRESS ,0038]P  +3049mbar,T-29262mdegC
1591872808:[PRESS ,0038]P  +3069mbar,T -2558mdegC
1591872810:[PRESS ,0038]P  +3059mbar,T +9568mdegC
1591872811:[PRESS ,0038]P  +3069mbar,T-29262mdegC
1591872813:[PRESS ,0038]P  +3089mbar,T-29262mdegC
1591872815:[PRESS ,0038]P  +3099mbar,T -2558mdegC
1591872817:[PRESS ,0038]P  +3109mbar,T-29262mdegC
1591872819:[PRESS ,0038]P  +3119mbar,T-29262mdegC
1591872820:[PRESS ,0038]P  +3129mbar,T-29262mdegC
1591872822:[PRESS ,0038]P  +3129mbar,T -2558mdegC
1591872883:[PRESS ,0038]P  +3379mbar,T -2558mdegC
1591872885:[PRESS ,0038]P  +3389mbar,T -2558mdegC
1591872887:[PRESS ,0038]P  +3389mbar,T-29262mdegC
1591872888:[PRESS ,0038]P  +3389mbar,T -2558mdegC
1591872890:[PRESS ,0038]P  +3409mbar,T-29262mdegC
1591872892:[PRESS ,0038]P  +3399mbar,T-29262mdegC
1591872894:[PRESS ,0038]P  +3419mbar,T-29262mdegC
1591872896:[PRESS ,0038]P  +3419mbar,T -2558mdegC
1591872897:[PRESS ,0038]P  +3419mbar,T +9568mdegC
1591872899:[PRESS ,0038]P  +3429mbar,T-29262mdegC
1591872901:[PRESS ,0038]P  +3429mbar,T-29262mdegC
1591872903:[PRESS ,0038]P  +3439mbar,T-29262mdegC
1591872905:[PRESS ,0038]P  +3439mbar,T-29262mdegC
1591872907:[PRESS ,0038]P  +3469mbar,T +9568mdegC
1591872908:[PRESS ,0038]P  +3459mbar,T +9568mdegC
1591872969:[PRESS ,0038]P  +3679mbar,T +9568mdegC
1591872971:[PRESS ,0038]P  +3689mbar,T -2558mdegC
1591872973:[PRESS ,0038]P  +3689mbar,T -2558mdegC
1591872974:[PRESS ,0038]P  +3699mbar,T -2558mdegC
1591872976:[PRESS ,0038]P  +3699mbar,T-29262mdegC
1591872978:[PRESS ,0038]P  +3699mbar,T-29262mdegC
1591872980:[PRESS ,0038]P  +3709mbar,T-29262mdegC
1591872982:[PRESS ,0038]P  +3699mbar,T-29262mdegC
1591872984:[PRESS ,0038]P  +3719mbar,T-29262mdegC
1591872985:[PRESS ,0038]P  +3729mbar,T-29262mdegC
1591872987:[PRESS ,0038]P  +3729mbar,T-29262mdegC
1591872989:[PRESS ,0038]P  +3729mbar,T-29262mdegC
1591872991:[PRESS ,0038]P  +3729mbar,T -2558mdegC
1591872993:[PRESS ,0038]P  +3749mbar,T -2558mdegC
1591872994:[PRESS ,0038]P  +3739mbar,T +9568mdegC
1591872994:[BUOY  ,0087]from +2mbar/s to +4mbar/s
1591872995:[BUOY  ,0090]need to transfer -20mL (valve during 4180ms)
1591872995:[VALVE ,0034]valve opening 4180ms
1591872999:[VALVE ,0234]battery 13950mV,  478972uA, P  +3739mbar
1591873055:[PRESS ,0038]P  +3999mbar,T -2558mdegC
1591873057:[PRESS ,0038]P  +4009mbar,T -2558mdegC
1591873059:[PRESS ,0038]P  +4019mbar,T -2558mdegC
1591873061:[PRESS ,0038]P  +4019mbar,T -2558mdegC
1591873063:[PRESS ,0038]P  +4019mbar,T-29262mdegC
1591873064:[PRESS ,0038]P  +4019mbar,T -2558mdegC
1591873066:[PRESS ,0038]P  +4029mbar,T-29262mdegC
1591873068:[PRESS ,0038]P  +4039mbar,T-29262mdegC
1591873070:[PRESS ,0038]P  +4039mbar,T-29262mdegC
1591873072:[PRESS ,0038]P  +4039mbar,T -2558mdegC
1591873073:[PRESS ,0038]P  +4059mbar,T-29262mdegC
1591873075:[PRESS ,0038]P  +4059mbar,T-29262mdegC
1591873077:[PRESS ,0038]P  +4059mbar,T-29262mdegC
1591873079:[PRESS ,0038]P  +4079mbar,T-29262mdegC
1591873081:[PRESS ,0038]P  +4069mbar,T +9568mdegC
1591873141:[PRESS ,0038]P  +4229mbar,T+24145mdegC
1591873143:[PRESS ,0038]P  +4249mbar,T +9568mdegC
1591873145:[PRESS ,0038]P  +4239mbar,T +9568mdegC
1591873147:[PRESS ,0038]P  +4249mbar,T-29262mdegC
1591873149:[PRESS ,0038]P  +4249mbar,T -2558mdegC
1591873150:[PRESS ,0038]P  +4259mbar,T-29262mdegC
1591873152:[PRESS ,0038]P  +4259mbar,T-29262mdegC
1591873154:[PRESS ,0038]P  +4279mbar,T -2558mdegC
1591873156:[PRESS ,0038]P  +4289mbar,T-29262mdegC
1591873158:[PRESS ,0038]P  +4289mbar,T-29262mdegC
1591873160:[PRESS ,0038]P  +4289mbar,T +9568mdegC
1591873161:[PRESS ,0038]P  +4309mbar,T +9568mdegC
1591873163:[PRESS ,0038]P  +4309mbar,T-29262mdegC
1591873165:[PRESS ,0038]P  +4309mbar,T-17139mdegC
1591873167:[PRESS ,0038]P  +4309mbar,T +9568mdegC
1591873227:[PRESS ,0038]P  +4579mbar,T -2558mdegC
1591873229:[PRESS ,0038]P  +4609mbar,T -2558mdegC
1591873231:[PRESS ,0038]P  +4599mbar,T -2558mdegC
1591873233:[PRESS ,0038]P  +4609mbar,T -2558mdegC
1591873235:[PRESS ,0038]P  +4619mbar,T-29262mdegC
1591873237:[PRESS ,0038]P  +4619mbar,T -2558mdegC
1591873238:[PRESS ,0038]P  +4629mbar,T +9568mdegC
1591873240:[PRESS ,0038]P  +4629mbar,T-29262mdegC
1591873242:[PRESS ,0038]P  +4639mbar,T-29262mdegC
1591873244:[PRESS ,0038]P  +4649mbar,T-29262mdegC
1591873246:[PRESS ,0038]P  +4649mbar,T-29262mdegC
1591873247:[PRESS ,0038]P  +4649mbar,T +9568mdegC
1591873249:[PRESS ,0038]P  +4659mbar,T +9568mdegC
1591873251:[PRESS ,0038]P  +4669mbar,T +9568mdegC
1591873253:[PRESS ,0038]P  +4679mbar,T-29262mdegC
1591873314:[PRESS ,0038]P  +4909mbar,T-29262mdegC
1591873315:[PRESS ,0038]P  +4919mbar,T-29262mdegC
1591873317:[PRESS ,0038]P  +4919mbar,T-29262mdegC
1591873319:[PRESS ,0038]P  +4929mbar,T-29262mdegC
1591873321:[PRESS ,0038]P  +4919mbar,T-29262mdegC
1591873323:[PRESS ,0038]P  +4929mbar,T-29262mdegC
1591873324:[PRESS ,0038]P  +4939mbar,T -2558mdegC
1591873326:[PRESS ,0038]P  +4949mbar,T-29262mdegC
1591873328:[PRESS ,0038]P  +4949mbar,T +9568mdegC
1591873330:[PRESS ,0038]P  +4959mbar,T-29262mdegC
1591873332:[PRESS ,0038]P  +4949mbar,T +9568mdegC
1591873334:[PRESS ,0038]P  +4969mbar,T-29262mdegC
1591873335:[PRESS ,0038]P  +4959mbar,T +9568mdegC
1591873337:[PRESS ,0038]P  +4979mbar,T-29262mdegC
1591873339:[PRESS ,0038]P  +4989mbar,T-29262mdegC
1591873400:[PRESS ,0038]P  +5139mbar,T-29262mdegC
1591873401:[PRESS ,0038]P  +5139mbar,T-29262mdegC
1591873403:[PRESS ,0038]P  +5149mbar,T -2558mdegC
1591873405:[PRESS ,0038]P  +5159mbar,T-29262mdegC
1591873407:[PRESS ,0038]P  +5159mbar,T-29262mdegC
1591873409:[PRESS ,0038]P  +5159mbar,T -2558mdegC
1591873411:[PRESS ,0038]P  +5179mbar,T +9568mdegC
1591873412:[PRESS ,0038]P  +5169mbar,T-29262mdegC
1591873414:[PRESS ,0038]P  +5169mbar,T-29262mdegC
1591873416:[PRESS ,0038]P  +5189mbar,T +9568mdegC
1591873418:[PRESS ,0038]P  +5189mbar,T -2558mdegC
1591873420:[PRESS ,0038]P  +5199mbar,T-29262mdegC
1591873421:[PRESS ,0038]P  +5199mbar,T +9568mdegC
1591873423:[PRESS ,0038]P  +5209mbar,T-29262mdegC
1591873425:[PRESS ,0038]P  +5209mbar,T-29262mdegC
1591873486:[PRESS ,0038]P  +5359mbar,T-29262mdegC
1591873488:[PRESS ,0038]P  +5369mbar,T -2558mdegC
1591873489:[PRESS ,0038]P  +5369mbar,T -2558mdegC
1591873491:[PRESS ,0038]P  +5389mbar,T-29262mdegC
1591873493:[PRESS ,0038]P  +5379mbar,T-29262mdegC
1591873495:[PRESS ,0038]P  +5389mbar,T -2558mdegC
1591873497:[PRESS ,0038]P  +5399mbar,T-29262mdegC
1591873498:[PRESS ,0038]P  +5409mbar,T -2558mdegC
1591873500:[PRESS ,0038]P  +5409mbar,T +9568mdegC
1591873502:[PRESS ,0038]P  +5419mbar,T +9568mdegC
1591873504:[PRESS ,0038]P  +5429mbar,T-29262mdegC
1591873506:[PRESS ,0038]P  +5429mbar,T +9568mdegC
1591873507:[PRESS ,0038]P  +5429mbar,T +9568mdegC
1591873509:[PRESS ,0038]P  +5439mbar,T +9568mdegC
1591873511:[PRESS ,0038]P  +5449mbar,T-17139mdegC
1591873572:[PRESS ,0038]P  +5549mbar,T-29262mdegC
1591873574:[PRESS ,0038]P  +5559mbar,T-29262mdegC
1591873575:[PRESS ,0038]P  +5559mbar,T-29262mdegC
1591873577:[PRESS ,0038]P  +5559mbar,T-29262mdegC
1591873579:[PRESS ,0038]P  +5559mbar,T-29262mdegC
1591873581:[PRESS ,0038]P  +5559mbar,T -2558mdegC
1591873583:[PRESS ,0038]P  +5559mbar,T-29262mdegC
1591873585:[PRESS ,0038]P  +5569mbar,T-29262mdegC
1591873586:[PRESS ,0038]P  +5559mbar,T-29262mdegC
1591873588:[PRESS ,0038]P  +5569mbar,T-29262mdegC
1591873590:[PRESS ,0038]P  +5569mbar,T-29262mdegC
1591873592:[PRESS ,0038]P  +5569mbar,T-29262mdegC
1591873594:[PRESS ,0038]P  +5569mbar,T-29262mdegC
1591873595:[PRESS ,0038]P  +5569mbar,T-29262mdegC
1591873597:[PRESS ,0038]P  +5579mbar,T-29262mdegC
1591873597:[BUOY  ,0087]from +1mbar/s to +3mbar/s
1591873597:[BUOY  ,0090]need to transfer -12mL (valve during 2068ms)
1591873597:[VALVE ,0034]valve opening 2068ms
1591873599:[VALVE ,0234]battery 13887mV,  497394uA, P  +5579mbar
1591873658:[PRESS ,0038]P  +5709mbar,T -2558mdegC
1591873660:[PRESS ,0038]P  +5709mbar,T-29262mdegC
1591873662:[PRESS ,0038]P  +5709mbar,T -2558mdegC
1591873664:[PRESS ,0038]P  +5719mbar,T-29262mdegC
1591873665:[PRESS ,0038]P  +5729mbar,T-29262mdegC
1591873667:[PRESS ,0038]P  +5729mbar,T+24145mdegC
1591873669:[PRESS ,0038]P  +5739mbar,T-29262mdegC
1591873671:[PRESS ,0038]P  +5739mbar,T-29262mdegC
1591873673:[PRESS ,0038]P  +5749mbar,T -2558mdegC
1591873674:[PRESS ,0038]P  +5749mbar,T-29262mdegC
1591873676:[PRESS ,0038]P  +5749mbar,T +9568mdegC
1591873678:[PRESS ,0038]P  +5759mbar,T-29262mdegC
1591873680:[PRESS ,0038]P  +5759mbar,T-29262mdegC
1591873682:[PRESS ,0038]P  +5769mbar,T -2558mdegC
1591873684:[PRESS ,0038]P  +5779mbar,T-29262mdegC
1591873744:[PRESS ,0038]P  +5819mbar,T -2558mdegC
1591873746:[PRESS ,0038]P  +5819mbar,T -2558mdegC
1591873748:[PRESS ,0038]P  +5839mbar,T -2558mdegC
1591873750:[PRESS ,0038]P  +5829mbar,T -2558mdegC
1591873751:[PRESS ,0038]P  +5829mbar,T +9568mdegC
1591873753:[PRESS ,0038]P  +5829mbar,T -2558mdegC
1591873755:[PRESS ,0038]P  +5839mbar,T-29262mdegC
1591873757:[PRESS ,0038]P  +5849mbar,T -2558mdegC
1591873759:[PRESS ,0038]P  +5839mbar,T-29262mdegC
1591873761:[PRESS ,0038]P  +5849mbar,T -2558mdegC
1591873762:[PRESS ,0038]P  +5839mbar,T +9568mdegC
1591873764:[PRESS ,0038]P  +5849mbar,T-29262mdegC
1591873766:[PRESS ,0038]P  +5849mbar,T +9568mdegC
1591873768:[PRESS ,0038]P  +5849mbar,T-29262mdegC
1591873770:[PRESS ,0038]P  +5849mbar,T +9568mdegC
1591873770:[BUOY  ,0087]from +1mbar/s to +3mbar/s
1591873770:[BUOY  ,0090]need to transfer -12mL (valve during 2013ms)
1591873770:[VALVE ,0034]valve opening 2013ms
1591873772:[VALVE ,0234]battery 13972mV,  478362uA, P  +5849mbar
1591873830:[PRESS ,0038]P  +5869mbar,T-29262mdegC
1591873832:[PRESS ,0038]P  +5869mbar,T-29262mdegC
1591873834:[PRESS ,0038]P  +5869mbar,T-29262mdegC
1591873836:[PRESS ,0038]P  +5869mbar,T-29262mdegC
1591873838:[PRESS ,0038]P  +5869mbar,T -2558mdegC
1591873840:[PRESS ,0038]P  +5879mbar,T-29262mdegC
1591873841:[PRESS ,0038]P  +5879mbar,T-29262mdegC
1591873843:[PRESS ,0038]P  +5879mbar,T-29262mdegC
1591873845:[PRESS ,0038]P  +5869mbar,T-29262mdegC
1591873847:[PRESS ,0038]P  +5879mbar,T +9568mdegC
1591873849:[PRESS ,0038]P  +5879mbar,T-29262mdegC
1591873850:[PRESS ,0038]P  +5879mbar,T-29262mdegC
1591873852:[PRESS ,0038]P  +5879mbar,T-29262mdegC
1591873854:[PRESS ,0038]P  +5879mbar,T-29262mdegC
1591873856:[PRESS ,0038]P  +5879mbar,T-29262mdegC
1591873856:<WARN>[BUOY  ,0094]stage[0] should DESCENT, stuck at 5879mbar for the #1 time
1591873856:[BUOY  ,0087]from +0mbar/s to +3mbar/s
1591873856:[BUOY  ,0090]need to transfer -14mL (valve during 2349ms)
1591873856:[VALVE ,0034]valve opening 2349ms
1591873858:[VALVE ,0234]battery 13995mV,  478240uA, P  +5879mbar
1591873917:[PRESS ,0038]P  +5919mbar,T -2558mdegC
1591873919:[PRESS ,0038]P  +5929mbar,T -2558mdegC
1591873920:[PRESS ,0038]P  +5939mbar,T -2558mdegC
1591873922:[PRESS ,0038]P  +5939mbar,T-29262mdegC
1591873924:[PRESS ,0038]P  +5929mbar,T-29262mdegC
1591873926:[PRESS ,0038]P  +5939mbar,T-29262mdegC
1591873928:[PRESS ,0038]P  +5929mbar,T-29262mdegC
1591873930:[PRESS ,0038]P  +5939mbar,T-29262mdegC
1591873931:[PRESS ,0038]P  +5929mbar,T +9568mdegC
1591873933:[PRESS ,0038]P  +5929mbar,T-29262mdegC
1591873935:[PRESS ,0038]P  +5939mbar,T-17139mdegC
1591873937:[PRESS ,0038]P  +5929mbar,T +9568mdegC
1591873939:[PRESS ,0038]P  +5939mbar,T -2558mdegC
1591873940:[PRESS ,0038]P  +5949mbar,T-29262mdegC
1591873942:[PRESS ,0038]P  +5929mbar,T-17139mdegC
1591873942:<WARN>[BUOY  ,0094]stage[0] should DESCENT, stuck at 5929mbar for the #2 time
1591873942:[BUOY  ,0087]from +0mbar/s to +3mbar/s
1591873942:[BUOY  ,0090]need to transfer -14mL (valve during 2318ms)
1591873942:[VALVE ,0034]valve opening 2318ms
1591873945:[VALVE ,0234]battery 13996mV,  478118uA, P  +5929mbar
1591874003:[PRESS ,0038]P  +5939mbar,T -2558mdegC
1591874005:[PRESS ,0038]P  +5949mbar,T-29262mdegC
1591874007:[PRESS ,0038]P  +5929mbar,T +9568mdegC
1591874009:[PRESS ,0038]P  +5939mbar,T -2558mdegC
1591874010:[PRESS ,0038]P  +5929mbar,T -2558mdegC
1591874012:[PRESS ,0038]P  +5929mbar,T-29262mdegC
1591874014:[PRESS ,0038]P  +5919mbar,T-29262mdegC
1591874016:[PRESS ,0038]P  +5919mbar,T-29262mdegC
1591874018:[PRESS ,0038]P  +5909mbar,T +9568mdegC
1591874019:[PRESS ,0038]P  +5909mbar,T-29262mdegC
1591874021:[PRESS ,0038]P  +5909mbar,T -2558mdegC
1591874023:[PRESS ,0038]P  +5899mbar,T +9568mdegC
1591874025:[PRESS ,0038]P  +5899mbar,T +9568mdegC
1591874027:[PRESS ,0038]P  +5899mbar,T-29262mdegC
1591874028:[PRESS ,0038]P  +5899mbar,T-29262mdegC
1591874029:<WARN>[BUOY  ,0094]stage[0] should DESCENT, stuck at 5899mbar for the #3 time
1591874029:[BUOY  ,0087]from -2mbar/s to +3mbar/s
1591874029:[BUOY  ,0090]need to transfer -20mL (valve during 3355ms)
1591874029:[VALVE ,0034]valve opening 3355ms
1591874032:[VALVE ,0234]battery 13995mV,  478118uA, P  +5899mbar
1591874089:[PRESS ,0038]P  +5979mbar,T-29262mdegC
1591874091:[PRESS ,0038]P  +5969mbar,T -2558mdegC
1591874093:[PRESS ,0038]P  +5979mbar,T +9568mdegC
1591874095:[PRESS ,0038]P  +5979mbar,T-29262mdegC
1591874097:[PRESS ,0038]P  +5979mbar,T-29262mdegC
1591874098:[PRESS ,0038]P  +5989mbar,T -2558mdegC
1591874100:[PRESS ,0038]P  +5989mbar,T-29262mdegC
1591874102:[PRESS ,0038]P  +5999mbar,T-29262mdegC
1591874104:[PRESS ,0038]P  +5989mbar,T +9568mdegC
1591874106:[PRESS ,0038]P  +5999mbar,T-29262mdegC
1591874108:[PRESS ,0038]P  +5999mbar,T-29262mdegC
1591874109:[PRESS ,0038]P  +5999mbar,T +9568mdegC
1591874111:[PRESS ,0038]P  +5999mbar,T +9568mdegC
1591874113:[PRESS ,0038]P  +5999mbar,T-29262mdegC
1591874115:[PRESS ,0038]P  +6009mbar,T-29262mdegC
1591874115:[BUOY  ,0087]from +1mbar/s to +3mbar/s
1591874115:[BUOY  ,0090]need to transfer -12mL (valve during 1987ms)
1591874115:[VALVE ,0034]valve opening 1987ms
1591874117:[VALVE ,0234]battery 14003mV,  478118uA, P  +6009mbar
1591874176:[PRESS ,0038]P  +6089mbar,T +9568mdegC
1591874177:[PRESS ,0038]P  +6079mbar,T-29262mdegC
1591874179:[PRESS ,0038]P  +6089mbar,T-29262mdegC
1591874181:[PRESS ,0038]P  +6099mbar,T-29262mdegC
1591874183:[PRESS ,0038]P  +6099mbar,T-29262mdegC
1591874185:[PRESS ,0038]P  +6109mbar,T-29262mdegC
1591874186:[PRESS ,0038]P  +6119mbar,T-29262mdegC
1591874188:[PRESS ,0038]P  +6119mbar,T +9568mdegC
1591874190:[PRESS ,0038]P  +6139mbar,T-29262mdegC
1591874192:[PRESS ,0038]P  +6129mbar,T +9568mdegC
1591874194:[PRESS ,0038]P  +6119mbar,T-29262mdegC
1591874196:[PRESS ,0038]P  +6139mbar,T-29262mdegC
1591874197:[PRESS ,0038]P  +6139mbar,T-29262mdegC
1591874199:[PRESS ,0038]P  +6129mbar,T-29262mdegC
1591874201:[PRESS ,0038]P  +6139mbar,T +9568mdegC
1591874262:[PRESS ,0038]P  +6249mbar,T +9568mdegC
1591874263:[PRESS ,0038]P  +6259mbar,T-29262mdegC
1591874265:[PRESS ,0038]P  +6259mbar,T -2558mdegC
1591874267:[PRESS ,0038]P  +6269mbar,T-29262mdegC
1591874269:[PRESS ,0038]P  +6279mbar,T-29262mdegC
1591874271:[PRESS ,0038]P  +6269mbar,T-29262mdegC
1591874273:[PRESS ,0038]P  +6269mbar,T-29262mdegC
1591874274:[PRESS ,0038]P  +6279mbar,T-29262mdegC
1591874276:[PRESS ,0038]P  +6289mbar,T-29262mdegC
1591874278:[PRESS ,0038]P  +6279mbar,T -2558mdegC
1591874280:[PRESS ,0038]P  +6289mbar,T-29262mdegC
1591874282:[PRESS ,0038]P  +6289mbar,T +9568mdegC
1591874283:[PRESS ,0038]P  +6299mbar,T -2558mdegC
1591874285:[PRESS ,0038]P  +6289mbar,T-29262mdegC
1591874287:[PRESS ,0038]P  +6299mbar,T-29262mdegC
1591874348:[PRESS ,0038]P  +6409mbar,T +9568mdegC
1591874349:[PRESS ,0038]P  +6409mbar,T-29262mdegC
1591874351:[PRESS ,0038]P  +6419mbar,T +9568mdegC
1591874353:[PRESS ,0038]P  +6419mbar,T +9568mdegC
1591874355:[PRESS ,0038]P  +6419mbar,T-29262mdegC
1591874357:[PRESS ,0038]P  +6429mbar,T-29262mdegC
1591874359:[PRESS ,0038]P  +6419mbar,T -2558mdegC
1591874360:[PRESS ,0038]P  +6419mbar,T-29262mdegC
1591874362:[PRESS ,0038]P  +6429mbar,T-29262mdegC
1591874364:[PRESS ,0038]P  +6429mbar,T-29262mdegC
1591874366:[PRESS ,0038]P  +6429mbar,T-29262mdegC
1591874368:[PRESS ,0038]P  +6439mbar,T-29262mdegC
1591874369:[PRESS ,0038]P  +6439mbar,T +9568mdegC
1591874371:[PRESS ,0038]P  +6449mbar,T +9568mdegC
1591874373:[PRESS ,0038]P  +6449mbar,T-29262mdegC
1591874373:[BUOY  ,0087]from +1mbar/s to +3mbar/s
1591874373:[BUOY  ,0090]need to transfer -12mL (valve during 1913ms)
1591874373:[VALVE ,0034]valve opening 1913ms
1591874375:[VALVE ,0234]battery 13955mV,  479338uA, P  +6449mbar
1591874434:[PRESS ,0038]P  +6619mbar,T-29262mdegC
1591874436:[PRESS ,0038]P  +6619mbar,T-29262mdegC
1591874438:[PRESS ,0038]P  +6629mbar,T-29262mdegC
1591874439:[PRESS ,0038]P  +6619mbar,T +9568mdegC
1591874441:[PRESS ,0038]P  +6639mbar,T-29262mdegC
1591874443:[PRESS ,0038]P  +6629mbar,T -2558mdegC
1591874445:[PRESS ,0038]P  +6639mbar,T -2558mdegC
1591874447:[PRESS ,0038]P  +6639mbar,T +9568mdegC
1591874448:[PRESS ,0038]P  +6659mbar,T-29262mdegC
1591874450:[PRESS ,0038]P  +6649mbar,T-29262mdegC
1591874452:[PRESS ,0038]P  +6669mbar,T-17139mdegC
1591874454:[PRESS ,0038]P  +6669mbar,T +9568mdegC
1591874456:[PRESS ,0038]P  +6679mbar,T +9568mdegC
1591874458:[PRESS ,0038]P  +6669mbar,T +9568mdegC
1591874459:[PRESS ,0038]P  +6679mbar,T-29262mdegC
1591874520:[PRESS ,0038]P  +6729mbar,T-29262mdegC
1591874522:[PRESS ,0038]P  +6749mbar,T -2558mdegC
1591874524:[PRESS ,0038]P  +6739mbar,T +9568mdegC
1591874525:[PRESS ,0038]P  +6749mbar,T-29262mdegC
1591874527:[PRESS ,0038]P  +6759mbar,T-29262mdegC
1591874529:[PRESS ,0038]P  +6759mbar,T -2558mdegC
1591874531:[PRESS ,0038]P  +6769mbar,T -2558mdegC
1591874533:[PRESS ,0038]P  +6779mbar,T +9568mdegC
1591874534:[PRESS ,0038]P  +6779mbar,T -2558mdegC
1591874536:[PRESS ,0038]P  +6789mbar,T -2558mdegC
1591874538:[PRESS ,0038]P  +6789mbar,T +9568mdegC
1591874540:[PRESS ,0038]P  +6789mbar,T +9568mdegC
1591874542:[PRESS ,0038]P  +6789mbar,T +9568mdegC
1591874544:[PRESS ,0038]P  +6799mbar,T-29262mdegC
1591874545:[PRESS ,0038]P  +6789mbar,T +9568mdegC
1591874606:[PRESS ,0038]P  +6959mbar,T-29262mdegC
1591874608:[PRESS ,0038]P  +6959mbar,T-29262mdegC
1591874610:[PRESS ,0038]P  +6959mbar,T-29262mdegC
1591874611:[PRESS ,0038]P  +6969mbar,T-29262mdegC
1591874613:[PRESS ,0038]P  +6989mbar,T -2558mdegC
1591874615:[PRESS ,0038]P  +6989mbar,T -2558mdegC
1591874617:[PRESS ,0038]P  +7009mbar,T-29262mdegC
1591874619:[PRESS ,0038]P  +7009mbar,T-29262mdegC
1591874621:[PRESS ,0038]P  +7009mbar,T-29262mdegC
1591874622:[PRESS ,0038]P  +7019mbar,T-29262mdegC
1591874624:[PRESS ,0038]P  +7029mbar,T +9568mdegC
1591874626:[PRESS ,0038]P  +7029mbar,T-29262mdegC
1591874628:[PRESS ,0038]P  +7039mbar,T +9568mdegC
1591874630:[PRESS ,0038]P  +7049mbar,T-29262mdegC
1591874631:[PRESS ,0038]P  +7049mbar,T +9568mdegC
1591874631:[BUOY  ,0087]from +4mbar/s to +2mbar/s
1591874631:[BUOY  ,0089]need to transfer +20mL (pump during 24735ms)
1591874640:[PUMP  ,0207]battery 14923mV,   52216uA (warmup), P  +7049mbar
1591874640:[PUMP  ,0016]pump during 24735ms
1591874664:[PUMP  ,0212]battery 14295mV,  309026uA (steady state), P  +7049mbar
1591874695:[PRESS ,0038]P  +7239mbar,T-29262mdegC
1591874697:[PRESS ,0038]P  +7249mbar,T-29262mdegC
1591874699:[PRESS ,0038]P  +7249mbar,T +9568mdegC
1591874701:[PRESS ,0038]P  +7239mbar,T-29262mdegC
1591874703:[PRESS ,0038]P  +7249mbar,T-29262mdegC
1591874704:[PRESS ,0038]P  +7249mbar,T -2558mdegC
1591874706:[PRESS ,0038]P  +7259mbar,T +9568mdegC
1591874708:[PRESS ,0038]P  +7259mbar,T-29262mdegC
1591874710:[PRESS ,0038]P  +7279mbar,T +9568mdegC
1591874712:[PRESS ,0038]P  +7279mbar,T-29262mdegC
1591874714:[PRESS ,0038]P  +7279mbar,T-29262mdegC
1591874715:[PRESS ,0038]P  +7289mbar,T +9568mdegC
1591874717:[PRESS ,0038]P  +7299mbar,T-29262mdegC
1591874719:[PRESS ,0038]P  +7299mbar,T-29262mdegC
1591874721:[PRESS ,0038]P  +7299mbar,T +9568mdegC
1591874781:[PRESS ,0038]P  +7499mbar,T-29262mdegC
1591874783:[PRESS ,0038]P  +7499mbar,T-29262mdegC
1591874785:[PRESS ,0038]P  +7509mbar,T-29262mdegC
1591874787:[PRESS ,0038]P  +7519mbar,T-29262mdegC
1591874789:[PRESS ,0038]P  +7519mbar,T-29262mdegC
1591874791:[PRESS ,0038]P  +7529mbar,T-29262mdegC
1591874792:[PRESS ,0038]P  +7539mbar,T-29262mdegC
1591874794:[PRESS ,0038]P  +7549mbar,T-29262mdegC
1591874796:[PRESS ,0038]P  +7549mbar,T-29262mdegC
1591874798:[PRESS ,0038]P  +7559mbar,T-29262mdegC
1591874800:[PRESS ,0038]P  +7589mbar,T +9568mdegC
1591874801:[PRESS ,0038]P  +7589mbar,T-29262mdegC
1591874803:[PRESS ,0038]P  +7599mbar,T +9568mdegC
1591874805:[PRESS ,0038]P  +7609mbar,T +9568mdegC
1591874807:[PRESS ,0038]P  +7619mbar,T -2558mdegC
1591874807:[STAGE ,0213]7619mbar reached at 1591874807s, ref 8000mbar +/-500mbar
1591874807:[BUOY  ,0087]from +5mbar/s to +0mbar/s
1591874807:[BUOY  ,0089]need to transfer +40mL (pump during 49566ms)
1591874815:[PUMP  ,0207]battery 14918mV,   52704uA (warmup), P  +7619mbar
1591874815:[PUMP  ,0016]pump during 49566ms
1591874864:[PUMP  ,0212]battery 14281mV,  317444uA (steady state), P  +7619mbar
1591874871:[PRESS ,0038]P  +7849mbar,T-29262mdegC
1591874873:[PRESS ,0038]P  +7849mbar,T-29262mdegC
1591874875:[PRESS ,0038]P  +7839mbar,T-29262mdegC
1591874876:[PRESS ,0038]P  +7849mbar,T-29262mdegC
1591874878:[PRESS ,0038]P  +7849mbar,T-29262mdegC
1591874880:[PRESS ,0038]P  +7849mbar,T-29262mdegC
1591874882:[PRESS ,0038]P  +7859mbar,T-29262mdegC
1591874884:[PRESS ,0038]P  +7869mbar,T +9568mdegC
1591874885:[PRESS ,0038]P  +7879mbar,T-29262mdegC
1591874887:[PRESS ,0038]P  +7879mbar,T +9568mdegC
1591874889:[PRESS ,0038]P  +7889mbar,T-29262mdegC
1591874891:[PRESS ,0038]P  +7889mbar,T +9568mdegC
1591874893:[PRESS ,0038]P  +7899mbar,T-29262mdegC
1591874894:[PRESS ,0038]P  +7909mbar,T +9568mdegC
1591874896:[PRESS ,0038]P  +7899mbar,T-29262mdegC
1591874896:[BUOY  ,0087]from +3mbar/s to +0mbar/s
1591874896:[BUOY  ,0089]need to transfer +14mL (pump during 17341ms)
1591874905:[PUMP  ,0207]battery 14890mV,   48556uA (warmup), P  +7899mbar
1591874905:[PUMP  ,0016]pump during 17341ms
1591874922:[PUMP  ,0212]battery 14272mV,  332206uA (steady state), P  +7899mbar
1591874960:[PRESS ,0038]P  +8059mbar,T +9568mdegC
1591874962:[PRESS ,0038]P  +8069mbar,T -2558mdegC
1591874964:[PRESS ,0038]P  +8079mbar,T-29262mdegC
1591874966:[PRESS ,0038]P  +8089mbar,T -2558mdegC
1591874968:[PRESS ,0038]P  +8089mbar,T-29262mdegC
1591874969:[PRESS ,0038]P  +8089mbar,T-29262mdegC
1591874971:[PRESS ,0038]P  +8099mbar,T-17139mdegC
1591874973:[PRESS ,0038]P  +8099mbar,T-29262mdegC
1591874975:[PRESS ,0038]P  +8109mbar,T-29262mdegC
1591874977:[PRESS ,0038]P  +8109mbar,T +9568mdegC
1591874978:[PRESS ,0038]P  +8119mbar,T-29262mdegC
1591874980:[PRESS ,0038]P  +8119mbar,T +9568mdegC
1591874982:[PRESS ,0038]P  +8109mbar,T +9568mdegC
1591874984:[PRESS ,0038]P  +8109mbar,T-29262mdegC
1591874986:[PRESS ,0038]P  +8119mbar,T-29262mdegC
1591874986:[BUOY  ,0087]from +2mbar/s to +0mbar/s
1591874986:[BUOY  ,0089]need to transfer +6mL (pump during 7432ms)
1591874994:[PUMP  ,0207]battery 14895mV,   49532uA (warmup), P  +8119mbar
1591874994:[PUMP  ,0016]pump during 7432ms
1591875001:[PUMP  ,0212]battery 14238mV,  325130uA (steady state), P  +8119mbar
1591875050:[PRESS ,0038]P  +8219mbar,T-29262mdegC
1591875052:[PRESS ,0038]P  +8209mbar,T-29262mdegC
1591875053:[PRESS ,0038]P  +8209mbar,T-29262mdegC
1591875055:[PRESS ,0038]P  +8219mbar,T -2558mdegC
1591875057:[PRESS ,0038]P  +8209mbar,T-29262mdegC
1591875059:[PRESS ,0038]P  +8209mbar,T-29262mdegC
1591875061:[PRESS ,0038]P  +8199mbar,T-29262mdegC
1591875062:[PRESS ,0038]P  +8199mbar,T +9568mdegC
1591875064:[PRESS ,0038]P  +8199mbar,T-29262mdegC
1591875066:[PRESS ,0038]P  +8189mbar,T +9568mdegC
1591875068:[PRESS ,0038]P  +8189mbar,T-29262mdegC
1591875070:[PRESS ,0038]P  +8189mbar,T-29262mdegC
1591875072:[PRESS ,0038]P  +8199mbar,T-29262mdegC
1591875073:[PRESS ,0038]P  +8199mbar,T +9568mdegC
1591875075:[PRESS ,0038]P  +8199mbar,T -2558mdegC
1591875136:[PRESS ,0038]P  +8299mbar,T-29262mdegC
1591875136:[BUOY  ,0087]from +1mbar/s to +0mbar/s
1591875136:[BUOY  ,0089]need to transfer +2mL (pump during 2477ms)
1591875144:[PUMP  ,0207]battery 14803mV,   77714uA (warmup), P  +8299mbar
1591875144:[PUMP  ,0016]pump during 2477ms
1591875200:[PRESS ,0038]P  +8569mbar,T-29262mdegC
1591875202:[PRESS ,0038]P  +8579mbar,T-29262mdegC
1591875203:[PRESS ,0038]P  +8579mbar,T-29262mdegC
1591875205:[PRESS ,0038]P  +8569mbar,T -2558mdegC
1591875207:[PRESS ,0038]P  +8579mbar,T-29262mdegC
1591875209:[PRESS ,0038]P  +8589mbar,T -2558mdegC
1591875211:[PRESS ,0038]P  +8589mbar,T +9568mdegC
1591875213:[PRESS ,0038]P  +8589mbar,T +9568mdegC
1591875214:[PRESS ,0038]P  +8599mbar,T-29262mdegC
1591875216:[PRESS ,0038]P  +8609mbar,T -2558mdegC
1591875218:[PRESS ,0038]P  +8619mbar,T-29262mdegC
1591875220:[PRESS ,0038]P  +8629mbar,T +9568mdegC
1591875222:[PRESS ,0038]P  +8619mbar,T +9568mdegC
1591875223:[PRESS ,0038]P  +8639mbar,T +9568mdegC
1591875225:[PRESS ,0038]P  +8639mbar,T +9568mdegC
1591875225:<WARN>[BUOY  ,0094]stage[0] should ASCENT, stuck at 8639mbar for the #1 time
1591875286:[PRESS ,0038]P  +8869mbar,T -2558mdegC
1591875288:[PRESS ,0038]P  +8879mbar,T-29262mdegC
1591875290:[PRESS ,0038]P  +8889mbar,T -2558mdegC
1591875291:[PRESS ,0038]P  +8889mbar,T +9568mdegC
1591875293:[PRESS ,0038]P  +8899mbar,T -2558mdegC
1591875295:[PRESS ,0038]P  +8919mbar,T -2558mdegC
1591875297:[PRESS ,0038]P  +8919mbar,T-29262mdegC
1591875299:[PRESS ,0038]P  +8919mbar,T-29262mdegC
1591875300:[PRESS ,0038]P  +8939mbar,T-29262mdegC
1591875302:[PRESS ,0038]P  +8939mbar,T +9568mdegC
1591875304:[PRESS ,0038]P  +8939mbar,T-29262mdegC
1591875306:[PRESS ,0038]P  +8949mbar,T +9568mdegC
1591875308:[PRESS ,0038]P  +8949mbar,T-29262mdegC
1591875309:[PRESS ,0038]P  +8949mbar,T +9568mdegC
1591875311:[PRESS ,0038]P  +8959mbar,T-29262mdegC
1591875311:<WARN>[BUOY  ,0094]stage[0] should ASCENT, stuck at 8959mbar for the #2 time
1591875372:[PRESS ,0038]P  +9259mbar,T-29262mdegC
1591875374:[PRESS ,0038]P  +9269mbar,T-29262mdegC
1591875376:[PRESS ,0038]P  +9279mbar,T-29262mdegC
1591875377:[PRESS ,0038]P  +9289mbar,T-29262mdegC
1591875379:[PRESS ,0038]P  +9299mbar,T-29262mdegC
1591875381:[PRESS ,0038]P  +9309mbar,T -2558mdegC
1591875383:[PRESS ,0038]P  +9309mbar,T-29262mdegC
1591875385:[PRESS ,0038]P  +9309mbar,T-29262mdegC
1591875387:[PRESS ,0038]P  +9339mbar,T -2558mdegC
1591875388:[PRESS ,0038]P  +9339mbar,T +9568mdegC
1591875390:[PRESS ,0038]P  +9359mbar,T-29262mdegC
1591875392:[PRESS ,0038]P  +9359mbar,T -2558mdegC
1591875394:[PRESS ,0038]P  +9369mbar,T-29262mdegC
1591875396:[PRESS ,0038]P  +9379mbar,T +9568mdegC
1591875397:[PRESS ,0038]P  +9379mbar,T +9568mdegC
1591875397:<WARN>[BUOY  ,0094]stage[0] should ASCENT, stuck at 9379mbar for the #3 time
1591875458:[PRESS ,0038]P  +9449mbar,T-29262mdegC
1591875460:[PRESS ,0038]P  +9449mbar,T-29262mdegC
1591875462:[PRESS ,0038]P  +9459mbar,T-29262mdegC
1591875464:[PRESS ,0038]P  +9439mbar,T-29262mdegC
1591875465:[PRESS ,0038]P  +9449mbar,T-29262mdegC
1591875467:[PRESS ,0038]P  +9449mbar,T +9568mdegC
1591875469:[PRESS ,0038]P  +9449mbar,T-29262mdegC
1591875471:[PRESS ,0038]P  +9439mbar,T-29262mdegC
1591875473:[PRESS ,0038]P  +9449mbar,T +9568mdegC
1591875474:[PRESS ,0038]P  +9439mbar,T-17139mdegC
1591875476:[PRESS ,0038]P  +9449mbar,T +9568mdegC
1591875478:[PRESS ,0038]P  +9459mbar,T-29262mdegC
1591875480:[PRESS ,0038]P  +9449mbar,T +9568mdegC
1591875482:[PRESS ,0038]P  +9449mbar,T-17139mdegC
1591875483:[PRESS ,0038]P  +9459mbar,T +9568mdegC
1591875483:<WARN>[BUOY  ,0094]stage[0] should ASCENT, stuck at 9459mbar for the #4 time
1591875544:[PRESS ,0038]P  +9449mbar,T +9568mdegC
1591875546:[PRESS ,0038]P  +9449mbar,T-29262mdegC
1591875548:[PRESS ,0038]P  +9449mbar,T-29262mdegC
1591875550:[PRESS ,0038]P  +9439mbar,T -2558mdegC
1591875551:[PRESS ,0038]P  +9439mbar,T -2558mdegC
1591875553:[PRESS ,0038]P  +9439mbar,T -2558mdegC
1591875555:[PRESS ,0038]P  +9449mbar,T +9568mdegC
1591875557:[PRESS ,0038]P  +9439mbar,T -2558mdegC
1591875559:[PRESS ,0038]P  +9449mbar,T-29262mdegC
1591875560:[PRESS ,0038]P  +9429mbar,T-29262mdegC
1591875562:[PRESS ,0038]P  +9449mbar,T-29262mdegC
1591875564:[PRESS ,0038]P  +9439mbar,T-17139mdegC
1591875566:[PRESS ,0038]P  +9449mbar,T +9568mdegC
1591875568:[PRESS ,0038]P  +9449mbar,T +9568mdegC
1591875569:[PRESS ,0038]P  +9449mbar,T +9568mdegC
1591875570:<WARN>[BUOY  ,0094]stage[0] should ASCENT, stuck at 9449mbar for the #5 time
1591875630:[PRESS ,0038]P  +9439mbar,T-29262mdegC
1591875632:[PRESS ,0038]P  +9449mbar,T -2558mdegC
1591875634:[PRESS ,0038]P  +9449mbar,T-29262mdegC
1591875636:[PRESS ,0038]P  +9439mbar,T-29262mdegC
1591875637:[PRESS ,0038]P  +9439mbar,T-29262mdegC
1591875639:[PRESS ,0038]P  +9449mbar,T +9568mdegC
1591875641:[PRESS ,0038]P  +9449mbar,T-29262mdegC
1591875643:[PRESS ,0038]P  +9449mbar,T-29262mdegC
1591875645:[PRESS ,0038]P  +9459mbar,T +9568mdegC
1591875647:[PRESS ,0038]P  +9439mbar,T-29262mdegC
1591875648:[PRESS ,0038]P  +9459mbar,T-29262mdegC
1591875650:[PRESS ,0038]P  +9449mbar,T +9568mdegC
1591875652:[PRESS ,0038]P  +9439mbar,T +9568mdegC
1591875654:[PRESS ,0038]P  +9449mbar,T +9568mdegC
1591875656:[PRESS ,0038]P  +9439mbar,T-29262mdegC
1591875656:<WARN>[BUOY  ,0094]stage[0] should ASCENT, stuck at 9439mbar for the #6 time
1591875716:[PRESS ,0038]P  +9449mbar,T-29262mdegC
1591875718:[PRESS ,0038]P  +9459mbar,T +9568mdegC
1591875720:[PRESS ,0038]P  +9439mbar,T-29262mdegC
1591875722:[PRESS ,0038]P  +9439mbar,T -2558mdegC
1591875724:[PRESS ,0038]P  +9459mbar,T-29262mdegC
1591875725:[PRESS ,0038]P  +9449mbar,T -2558mdegC
1591875727:[PRESS ,0038]P  +9439mbar,T-29262mdegC
1591875729:[PRESS ,0038]P  +9439mbar,T +9568mdegC
1591875731:[PRESS ,0038]P  +9449mbar,T-29262mdegC
1591875733:[PRESS ,0038]P  +9449mbar,T +9568mdegC
1591875734:[PRESS ,0038]P  +9449mbar,T-29262mdegC
1591875736:[PRESS ,0038]P  +9439mbar,T-29262mdegC
1591875738:[PRESS ,0038]P  +9439mbar,T-29262mdegC
1591875740:[PRESS ,0038]P  +9439mbar,T +9568mdegC
1591875742:[PRESS ,0038]P  +9449mbar,T +9568mdegC
1591875742:<WARN>[BUOY  ,0094]stage[0] should ASCENT, stuck at 9449mbar for the #7 time
1591875802:[PRESS ,0038]P  +9449mbar,T-29262mdegC
1591875804:[PRESS ,0038]P  +9439mbar,T -2558mdegC
1591875806:[PRESS ,0038]P  +9449mbar,T-29262mdegC
1591875808:[PRESS ,0038]P  +9449mbar,T -2558mdegC
1591875810:[PRESS ,0038]P  +9439mbar,T +9568mdegC
1591875811:[PRESS ,0038]P  +9439mbar,T +9568mdegC
1591875813:[PRESS ,0038]P  +9439mbar,T-29262mdegC
1591875815:[PRESS ,0038]P  +9449mbar,T +9568mdegC
1591875817:[PRESS ,0038]P  +9449mbar,T +9568mdegC
1591875819:[PRESS ,0038]P  +9449mbar,T-29262mdegC
1591875820:[PRESS ,0038]P  +9439mbar,T-29262mdegC
1591875822:[PRESS ,0038]P  +9449mbar,T-29262mdegC
1591875824:[PRESS ,0038]P  +9449mbar,T-29262mdegC
1591875826:[PRESS ,0038]P  +9449mbar,T +9568mdegC
1591875828:[PRESS ,0038]P  +9449mbar,T +9568mdegC
1591875828:<WARN>[BUOY  ,0094]stage[0] should ASCENT, stuck at 9449mbar for the #8 time
1591875888:[PRESS ,0038]P  +9449mbar,T +9568mdegC
1591875890:[PRESS ,0038]P  +9449mbar,T -2558mdegC
1591875892:[PRESS ,0038]P  +9439mbar,T +9568mdegC
1591875894:[PRESS ,0038]P  +9439mbar,T -2558mdegC
1591875896:[PRESS ,0038]P  +9439mbar,T-29262mdegC
1591875898:[PRESS ,0038]P  +9449mbar,T-29262mdegC
1591875899:[PRESS ,0038]P  +9449mbar,T-29262mdegC
1591875901:[PRESS ,0038]P  +9449mbar,T-29262mdegC
1591875903:[PRESS ,0038]P  +9449mbar,T-29262mdegC
1591875905:[PRESS ,0038]P  +9449mbar,T +9568mdegC
1591875907:[PRESS ,0038]P  +9449mbar,T +9568mdegC
1591875908:[PRESS ,0038]P  +9449mbar,T +9568mdegC
1591875910:[PRESS ,0038]P  +9449mbar,T +9568mdegC
1591875912:[PRESS ,0038]P  +9449mbar,T +9568mdegC
1591875914:[PRESS ,0038]P  +9439mbar,T-29262mdegC
1591875914:<WARN>[BUOY  ,0094]stage[0] should ASCENT, stuck at 9439mbar for the #9 time
1591875975:[PRESS ,0038]P  +9449mbar,T -2558mdegC
1591875976:[PRESS ,0038]P  +9449mbar,T-29262mdegC
1591875978:[PRESS ,0038]P  +9449mbar,T +9568mdegC
1591875980:[PRESS ,0038]P  +9439mbar,T-29262mdegC
1591875982:[PRESS ,0038]P  +9439mbar,T-29262mdegC
1591875984:[PRESS ,0038]P  +9439mbar,T +9568mdegC
1591875985:[PRESS ,0038]P  +9439mbar,T-29262mdegC
1591875987:[PRESS ,0038]P  +9439mbar,T-29262mdegC
1591875989:[PRESS ,0038]P  +9439mbar,T +9568mdegC
1591875991:[PRESS ,0038]P  +9439mbar,T +9568mdegC
1591875993:[PRESS ,0038]P  +9449mbar,T +9568mdegC
1591875994:[PRESS ,0038]P  +9449mbar,T +9568mdegC
1591875996:[PRESS ,0038]P  +9439mbar,T +9568mdegC
1591875998:[PRESS ,0038]P  +9449mbar,T +9568mdegC
1591876000:[PRESS ,0038]P  +9439mbar,T +9568mdegC
1591876000:[MAIN  ,0140]stage[0] complete 4044s after mission start
1591876000:[MAIN  ,0056]stage[1]
1591876002:[MAIN  ,0024]internal pressure 78216Pa
1591876003:[PRESS ,0038]P  +9449mbar,T +9568mdegC
1591876003:[BUOY  ,0037]P  +9449mbar
1591876003:[STAGE ,0080]Stage [1] 8000mbar (+/-500mbar) 300s (<1591876216s) 
1591876005:[PRESS ,0038]P  +9449mbar,T +9568mdegC
1591876005:<WARN>[BUOY  ,0094]stage[1] should ASCENT, stuck at 9449mbar for the #1 time
1591876066:[PRESS ,0038]P  +9449mbar,T +9568mdegC
1591876067:[PRESS ,0038]P  +9459mbar,T-29262mdegC
1591876069:[PRESS ,0038]P  +9449mbar,T-29262mdegC
1591876071:[PRESS ,0038]P  +9459mbar,T +9568mdegC
1591876073:[PRESS ,0038]P  +9449mbar,T-29262mdegC
1591876075:[PRESS ,0038]P  +9449mbar,T-29262mdegC
1591876076:[PRESS ,0038]P  +9449mbar,T-29262mdegC
1591876078:[PRESS ,0038]P  +9449mbar,T-29262mdegC
1591876080:[PRESS ,0038]P  +9439mbar,T-29262mdegC
1591876082:[PRESS ,0038]P  +9449mbar,T-29262mdegC
1591876084:[PRESS ,0038]P  +9439mbar,T +9568mdegC
1591876086:[PRESS ,0038]P  +9449mbar,T +9568mdegC
1591876087:[PRESS ,0038]P  +9439mbar,T-17139mdegC
1591876089:[PRESS ,0038]P  +9449mbar,T-29262mdegC
1591876091:[PRESS ,0038]P  +9449mbar,T +9568mdegC
1591876091:<WARN>[BUOY  ,0094]stage[1] should ASCENT, stuck at 9449mbar for the #2 time
1591876152:[PRESS ,0038]P  +9439mbar,T-29262mdegC
1591876153:[PRESS ,0038]P  +9449mbar,T-29262mdegC
1591876155:[PRESS ,0038]P  +9449mbar,T-29262mdegC
1591876157:[PRESS ,0038]P  +9449mbar,T-29262mdegC
1591876159:[PRESS ,0038]P  +9439mbar,T-29262mdegC
1591876161:[PRESS ,0038]P  +9449mbar,T-29262mdegC
1591876163:[PRESS ,0038]P  +9449mbar,T-29262mdegC
1591876164:[PRESS ,0038]P  +9439mbar,T-29262mdegC
1591876166:[PRESS ,0038]P  +9449mbar,T +9568mdegC
1591876168:[PRESS ,0038]P  +9449mbar,T +9568mdegC
1591876170:[PRESS ,0038]P  +9449mbar,T +9568mdegC
1591876172:[PRESS ,0038]P  +9449mbar,T-17139mdegC
1591876173:[PRESS ,0038]P  +9439mbar,T +9568mdegC
1591876175:[PRESS ,0038]P  +9449mbar,T +9568mdegC
1591876177:[PRESS ,0038]P  +9459mbar,T +9568mdegC
1591876177:<WARN>[BUOY  ,0094]stage[1] should ASCENT, stuck at 9459mbar for the #3 time
1591876238:[PRESS ,0038]P  +9449mbar,T-29262mdegC
1591876240:[PRESS ,0038]P  +9449mbar,T-29262mdegC
1591876241:[PRESS ,0038]P  +9439mbar,T-29262mdegC
1591876243:[PRESS ,0038]P  +9449mbar,T +9568mdegC
1591876245:[PRESS ,0038]P  +9439mbar,T-29262mdegC
1591876247:[PRESS ,0038]P  +9439mbar,T-29262mdegC
1591876249:[PRESS ,0038]P  +9449mbar,T-29262mdegC
1591876250:[PRESS ,0038]P  +9449mbar,T-29262mdegC
1591876252:[PRESS ,0038]P  +9439mbar,T +9568mdegC
1591876254:[PRESS ,0038]P  +9439mbar,T +9568mdegC
1591876256:[PRESS ,0038]P  +9449mbar,T-29262mdegC
1591876258:[PRESS ,0038]P  +9449mbar,T +9568mdegC
1591876259:[PRESS ,0038]P  +9449mbar,T -2558mdegC
1591876261:[PRESS ,0038]P  +9449mbar,T-29262mdegC
1591876263:[PRESS ,0038]P  +9449mbar,T +9568mdegC
1591876263:[MAIN  ,0140]stage[1] complete 4307s after mission start
1591876263:[MRMAID,0188]acq already stopped
1591876324:[MSSION,0192]mission stopped, 2 stage(s) done
1591876324:[MAIN  ,0065]surfacing
1591876325:[PRESS ,0038]P  +9459mbar,T-29262mdegC
1591876325:[SURFIN,0036]P  +9459mbar
1591876334:[PUMP  ,0207]battery 14823mV,   64294uA (warmup), P  +9459mbar
1591876334:[PUMP  ,0016]pump during 60000ms
1591876393:[PUMP  ,0212]battery 14121mV,  356728uA (steady state), P  +9459mbar
1591876450:[PRESS ,0038]P  +9459mbar,T -2558mdegC
1591876452:[PRESS ,0038]P  +9459mbar,T -2558mdegC
1591876454:[PRESS ,0038]P  +9459mbar,T -2558mdegC
1591876456:[PRESS ,0038]P  +9459mbar,T-29262mdegC
1591876458:[PRESS ,0038]P  +9459mbar,T-29262mdegC
1591876459:[PRESS ,0038]P  +9469mbar,T +9568mdegC
1591876461:[PRESS ,0038]P  +9469mbar,T-29262mdegC
1591876463:[PRESS ,0038]P  +9469mbar,T +9568mdegC
1591876465:[PRESS ,0038]P  +9459mbar,T +9568mdegC
1591876467:[PRESS ,0038]P  +9459mbar,T +9568mdegC
1591876468:[PRESS ,0038]P  +9459mbar,T +9568mdegC
1591876470:[PRESS ,0038]P  +9459mbar,T-29262mdegC
1591876472:[PRESS ,0038]P  +9459mbar,T +9568mdegC
1591876474:[PRESS ,0038]P  +9469mbar,T +9568mdegC
1591876476:[PRESS ,0038]P  +9459mbar,T-29262mdegC
1591876484:[PUMP  ,0207]battery 14883mV,   50386uA (warmup), P  +9459mbar
1591876484:[PUMP  ,0016]pump during 60000ms
1591876543:[PUMP  ,0212]battery 14247mV,  332206uA (steady state), P  +9459mbar
1591876601:[PRESS ,0038]P  +9459mbar,T +9568mdegC
1591876602:[PRESS ,0038]P  +9459mbar,T-29262mdegC
1591876604:[PRESS ,0038]P  +9459mbar,T-29262mdegC
1591876606:[PRESS ,0038]P  +9469mbar,T-29262mdegC
1591876608:[PRESS ,0038]P  +9459mbar,T-29262mdegC
1591876610:[PRESS ,0038]P  +9459mbar,T-29262mdegC
1591876611:[PRESS ,0038]P  +9459mbar,T-29262mdegC
1591876613:[PRESS ,0038]P  +9459mbar,T +9568mdegC
1591876615:[PRESS ,0038]P  +9469mbar,T +9568mdegC
1591876617:[PRESS ,0038]P  +9469mbar,T-17139mdegC
1591876619:[PRESS ,0038]P  +9469mbar,T-29262mdegC
1591876620:[PRESS ,0038]P  +9469mbar,T -2558mdegC
1591876622:[PRESS ,0038]P  +9469mbar,T +9568mdegC
1591876624:[PRESS ,0038]P  +9469mbar,T-29262mdegC
1591876626:[PRESS ,0038]P  +9469mbar,T +9568mdegC
1591876634:[PUMP  ,0207]battery 14811mV,   65514uA (warmup), P  +9469mbar
1591876634:[PUMP  ,0016]pump during 60000ms
1591876693:[PUMP  ,0212]battery 14187mV,  337086uA (steady state), P  +9469mbar
1591876751:[PRESS ,0038]P  +9269mbar,T +9568mdegC
1591876753:[PRESS ,0038]P  +9259mbar,T +9568mdegC
1591876754:[PRESS ,0038]P  +9259mbar,T-29262mdegC
1591876756:[PRESS ,0038]P  +9259mbar,T +9568mdegC
1591876758:[PRESS ,0038]P  +9249mbar,T-29262mdegC
1591876760:[PRESS ,0038]P  +9239mbar,T-29262mdegC
1591876762:[PRESS ,0038]P  +9229mbar,T +9568mdegC
1591876763:[PRESS ,0038]P  +9239mbar,T-29262mdegC
1591876765:[PRESS ,0038]P  +9229mbar,T +9568mdegC
1591876767:[PRESS ,0038]P  +9229mbar,T +9568mdegC
1591876769:[PRESS ,0038]P  +9229mbar,T +9568mdegC
1591876771:[PRESS ,0038]P  +9219mbar,T +9568mdegC
1591876772:[PRESS ,0038]P  +9219mbar,T +9568mdegC
1591876774:[PRESS ,0038]P  +9219mbar,T +9568mdegC
1591876776:[PRESS ,0038]P  +9219mbar,T +9568mdegC
1591876784:[PUMP  ,0207]battery 14857mV,   51240uA (warmup), P  +9219mbar
1591876784:[PUMP  ,0016]pump during 60000ms
1591876843:[PUMP  ,0212]battery 14146mV,  353800uA (steady state), P  +9219mbar
1591876901:[PRESS ,0038]P  +8849mbar,T-29262mdegC
1591876903:[PRESS ,0038]P  +8849mbar,T-29262mdegC
1591876905:[PRESS ,0038]P  +8839mbar,T-29262mdegC
1591876906:[PRESS ,0038]P  +8829mbar,T-29262mdegC
1591876908:[PRESS ,0038]P  +8809mbar,T +9568mdegC
1591876910:[PRESS ,0038]P  +8809mbar,T-29262mdegC
1591876912:[PRESS ,0038]P  +8789mbar,T -2558mdegC
1591876914:[PRESS ,0038]P  +8779mbar,T +9568mdegC
1591876915:[PRESS ,0038]P  +8759mbar,T +9568mdegC
1591876917:[PRESS ,0038]P  +8759mbar,T +9568mdegC
1591876919:[PRESS ,0038]P  +8739mbar,T-29262mdegC
1591876921:[PRESS ,0038]P  +8739mbar,T +9568mdegC
1591876923:[PRESS ,0038]P  +8719mbar,T -2558mdegC
1591876925:[PRESS ,0038]P  +8719mbar,T +9568mdegC
1591876926:[PRESS ,0038]P  +8709mbar,T-29262mdegC
1591876934:[PUMP  ,0207]battery 14871mV,   49410uA (warmup), P  +8709mbar
1591876935:[PUMP  ,0016]pump during 60000ms
1591876993:[PUMP  ,0212]battery 14188mV,  332450uA (steady state), P  +8709mbar
1591877051:[PRESS ,0038]P  +8009mbar,T-29262mdegC
1591877053:[PRESS ,0038]P  +7989mbar,T +9568mdegC
1591877055:[PRESS ,0038]P  +7989mbar,T-29262mdegC
1591877057:[PRESS ,0038]P  +7969mbar,T-29262mdegC
1591877058:[PRESS ,0038]P  +7969mbar,T-29262mdegC
1591877060:[PRESS ,0038]P  +7959mbar,T -2558mdegC
1591877062:[PRESS ,0038]P  +7939mbar,T -2558mdegC
1591877064:[PRESS ,0038]P  +7929mbar,T-29262mdegC
1591877066:[PRESS ,0038]P  +7909mbar,T +9568mdegC
1591877067:[PRESS ,0038]P  +7889mbar,T +9568mdegC
1591877069:[PRESS ,0038]P  +7879mbar,T +9568mdegC
1591877071:[PRESS ,0038]P  +7879mbar,T-29262mdegC
1591877073:[PRESS ,0038]P  +7869mbar,T-29262mdegC
1591877075:[PRESS ,0038]P  +7849mbar,T +9568mdegC
1591877077:[PRESS ,0038]P  +7829mbar,T +9568mdegC
1591877085:[PUMP  ,0207]battery 14778mV,   76982uA (warmup), P  +7829mbar
1591877085:[PUMP  ,0016]pump during 60000ms
1591877144:[PUMP  ,0212]battery 14175mV,  342454uA (steady state), P  +7829mbar
1591877201:[PRESS ,0038]P  +6979mbar,T-29262mdegC
1591877203:[PRESS ,0038]P  +6959mbar,T +9568mdegC
1591877205:[PRESS ,0038]P  +6949mbar,T-29262mdegC
1591877207:[PRESS ,0038]P  +6919mbar,T +9568mdegC
1591877209:[PRESS ,0038]P  +6909mbar,T-29262mdegC
1591877210:[PRESS ,0038]P  +6899mbar,T +9568mdegC
1591877212:[PRESS ,0038]P  +6889mbar,T-29262mdegC
1591877214:[PRESS ,0038]P  +6869mbar,T +9568mdegC
1591877216:[PRESS ,0038]P  +6869mbar,T +9568mdegC
1591877218:[PRESS ,0038]P  +6849mbar,T +9568mdegC
1591877219:[PRESS ,0038]P  +6819mbar,T-17139mdegC
1591877221:[PRESS ,0038]P  +6809mbar,T-17139mdegC
1591877223:[PRESS ,0038]P  +6789mbar,T-29262mdegC
1591877225:[PRESS ,0038]P  +6779mbar,T-29262mdegC
1591877227:[PRESS ,0038]P  +6769mbar,T +9568mdegC
1591877348:[PRESS ,0038]P  +5709mbar,T-29262mdegC
1591877470:[PRESS ,0038]P  +4689mbar,T-29262mdegC
1591877591:[PRESS ,0038]P  +3799mbar,T-29262mdegC
1591877713:[PRESS ,0038]P  +3069mbar,T-29262mdegC
1591877835:[PRESS ,0038]P  +2409mbar,T +9568mdegC
1591877956:[PRESS ,0038]P  +1899mbar,T-29262mdegC
1591877964:[PUMP  ,0207]battery 14916mV,   56120uA (warmup), P  +1899mbar
1591877964:[PUMP  ,0016]pump during 60000ms
1591878023:[PUMP  ,0212]battery 14191mV,  296582uA (steady state), P  +1899mbar
1591878081:[PRESS ,0038]P  +1479mbar,T -2558mdegC
1591878083:[PRESS ,0038]P  +1469mbar,T-29262mdegC
1591878085:[PRESS ,0038]P  +1469mbar,T +9568mdegC
1591878086:[PRESS ,0038]P  +1459mbar,T-29262mdegC
1591878088:[PRESS ,0038]P  +1459mbar,T -2558mdegC
1591878090:[PRESS ,0038]P  +1459mbar,T-29262mdegC
1591878092:[PRESS ,0038]P  +1449mbar,T-29262mdegC
1591878094:[PRESS ,0038]P  +1469mbar,T +9568mdegC
1591878095:[PRESS ,0038]P  +1459mbar,T-29262mdegC
1591878097:[PRESS ,0038]P  +1449mbar,T +9568mdegC
1591878099:[PRESS ,0038]P  +1449mbar,T +9568mdegC
1591878101:[PRESS ,0038]P  +1449mbar,T +9568mdegC
1591878103:[PRESS ,0038]P  +1449mbar,T-29262mdegC
1591878105:[PRESS ,0038]P  +1449mbar,T +9568mdegC
1591878106:[PRESS ,0038]P  +1449mbar,T +9568mdegC
1591878114:[PUMP  ,0207]battery 14836mV,   64294uA (warmup), P  +1449mbar
1591878115:[PUMP  ,0016]pump during 60000ms
1591878174:[PUMP  ,0212]battery 14201mV,  336964uA (steady state), P  +1449mbar
1591878231:[PRESS ,0038]P  +1049mbar,T-29262mdegC
1591878233:[PRESS ,0038]P  +1029mbar,T-29262mdegC
1591878235:[PRESS ,0038]P  +1029mbar,T-29262mdegC
1591878237:[PRESS ,0038]P  +1019mbar,T-29262mdegC
1591878238:[PRESS ,0038]P  +1009mbar,T-29262mdegC
1591878240:[PRESS ,0038]P  +1009mbar,T-29262mdegC
1591878242:[PRESS ,0038]P  +1019mbar,T-29262mdegC
1591878244:[PRESS ,0038]P   +979mbar,T -2558mdegC
1591878246:[PRESS ,0038]P   +979mbar,T-29262mdegC
1591878247:[PRESS ,0038]P   +979mbar,T +9568mdegC
1591878249:[PRESS ,0038]P   +979mbar,T +9568mdegC
1591878251:[PRESS ,0038]P   +969mbar,T-29262mdegC
1591878253:[PRESS ,0038]P   +959mbar,T-29262mdegC
1591878255:[PRESS ,0038]P   +949mbar,T-29262mdegC
1591878256:[PRESS ,0038]P   +949mbar,T-29262mdegC
1591878265:[PUMP  ,0207]battery 14881mV,   49410uA (warmup), P   +949mbar
1591878265:[PUMP  ,0016]pump during 60000ms
1591878324:[PUMP  ,0212]battery 14240mV,  299754uA (steady state), P   +949mbar
1591878381:[PRESS ,0038]P   +349mbar,T +9568mdegC
1591878383:[PRESS ,0038]P   +339mbar,T-29262mdegC
1591878385:[PRESS ,0038]P   +319mbar,T -2558mdegC
1591878387:[PRESS ,0038]P   +319mbar,T-29262mdegC
1591878389:[PRESS ,0038]P   +309mbar,T-29262mdegC
1591878390:[PRESS ,0038]P   +299mbar,T +9568mdegC
1591878392:[PRESS ,0038]P   +299mbar,T -2558mdegC
1591878394:[PRESS ,0038]P   +289mbar,T +9568mdegC
1591878396:[PRESS ,0038]P   +289mbar,T +9568mdegC
1591878398:[PRESS ,0038]P   +269mbar,T +9568mdegC
1591878399:[PRESS ,0038]P   +249mbar,T-17139mdegC
1591878401:[PRESS ,0038]P   +239mbar,T-17139mdegC
1591878403:[PRESS ,0038]P   +239mbar,T +9568mdegC
1591878405:[PRESS ,0038]P   +209mbar,T +9568mdegC
1591878407:[PRESS ,0038]P   +209mbar,T-17139mdegC
1591878408:[PRESS ,0038]P   +189mbar,T +9568mdegC
1591878410:[PRESS ,0038]P   +189mbar,T +9568mdegC
1591878410:[SURFIN,0020]filling external bladder
1591878419:[PUMP  ,0207]battery 14881mV,   48800uA (warmup), P   +189mbar
1591878419:[PUMP  ,0016]pump during 300000ms
1591878625:[PUMP  ,0212]battery 13753mV,  953430uA (steady state), P   +189mbar
1591878627:[SURFIN,0019]external bladder full
1591878629:[PRESS ,0038]P   +150mbar,T-29262mdegC
1591878631:[PRESS ,0038]P   +160mbar,T-29262mdegC
1591878633:[PRESS ,0038]P   +160mbar,T-29262mdegC
1591878634:[PRESS ,0038]P   +150mbar,T +9568mdegC
1591878636:[PRESS ,0038]P   +160mbar,T -2558mdegC
1591878638:[PRESS ,0038]P   +150mbar,T-29262mdegC
1591878640:[PRESS ,0038]P   +160mbar,T-29262mdegC
1591878642:[PRESS ,0038]P   +150mbar,T-29262mdegC
1591878644:[PRESS ,0038]P   +150mbar,T -2558mdegC
1591878645:[PRESS ,0038]P   +150mbar,T-17139mdegC
1591878647:[PRESS ,0038]P   +150mbar,T-29262mdegC
1591878649:[PRESS ,0038]P   +170mbar,T-29262mdegC
1591878651:[PRESS ,0038]P   +160mbar,T-29262mdegC
1591878653:[PRESS ,0038]P   +170mbar,T-29262mdegC
1591878654:[PRESS ,0038]P   +160mbar,T +9568mdegC
1591878689:[MAIN  ,0272]Vbat 14709mV (min 14346mV)
1591878692:[MAIN  ,0024]internal pressure 76269Pa
1591878692:[MAIN  ,0043]Pext 157mbar (rng 20mbar)
1591878692:[MAIN  ,0064]surface
1591878698:[SURF  ,0022]GPS fix...
1591878702:<WARN>[GPSFIX,0123]GPRMC ms=410 #1
1591878740:[SURF  ,0015]10 PPS detected...
1591878741:[MRMAID,0052]Mermaid $GPSACK:+0,+0,+0,+0,+0,+3,-1770;
1591878751:[MRMAID,0052]Mermaid $GPSOFF:3686342;
1591878752:[GPSFIX,0179]-4s diff
1591878756:[SURF  ,0222]2020-06-11T12:32:36
1591878756:[SURF  ,0082]Latitude : N43deg10.899mn, Longitude :E005deg27.968mn
1591878756:[SURF  ,0223]fix3D,9satellites
1591878756:[SURF  ,0084]GPS fix GPGSA : hdop0.990,vdop1.060
1591878766:[SURF  ,0274]last almanac : 2005351
1591878779:[MRMAID,0026]1566 bytes in 0014/5EE22473.MER
1591878785:[MAIN  ,0320]New pressure offset: 157mbar
1591878785:[LOGBIN,0078]*** switching to 0014/5EE22481 ***
