1593615714:[MONITR,0197]reboot code 0x0000, src/monitor.c@520
1593615714:[MAIN  ,0007]buoy 452.210-P-0014
1593615714:[MAIN  ,0055]soft pilotage 452.012.300_V2.20-20200612
1593615714:[MAIN  ,0011]date 2020-07-01T15:01:54
1593615721:[MAIN  ,0006]battery 14703mV,   38308uA
1593615723:[MAIN  ,0024]internal pressure 77766Pa
1593615725:[PRESS ,0038]P    +60mbar,T-24417mdegC
1593615725:[MRMAID,0182]thread started
1593615726:[MRMAID,0186]no wake-up
1593615727:[MRMAID,0188]acq already stopped
1593615727:[MRMAID,0052]Mermaid $BOARD:452116600-02;
1593615728:[MRMAID,0052]Mermaid $SOFT:2.1344;
1593615728:[TESTMD,0053]Enter in test mode? yes/no
1593615728:[TESTMD,0252]0014>
1593615730:[TESTMD,0050]"yes"
1593615730:[TESTMD,0249]
Command list
pext    : Get external pressure
pint    : Get internal vacuum
ui      : Get voltage/current
act     : Test actuators
fillb   : Pump until filling the bladder
bpopen  : Open bypass
bpclose : Close bypass
date    : Get date
gps     : GPS synchronization
iridium : Iridium transfer
mstart  : Start mermaid acq
mstop   : Stop mermaid acq
mdata   : Get mermaid datas
mchecksd  : Start mermaid acq
mdump  : Send data REQUEST command with date and duration
s41dumpa : Get averaged CTD datas
s41dumpr : Get raw CTD datas
ls      : List files
cp      : Copy file or directory content on the desktop
rm      : Remove a file
h       : Print command list
q       : Quit

Advanced
pumps X : pompe Xs (lent)
pumpf X : pompe Xs (rapide)
evh     : ouvre l'electrovalve 30s
bypass  : ouvre le bypass 30s
dvmine  : deverminage de la carte
nominal : mode nominal pour mesure de conso
cychydr : test du circuit hydraulique
mkdir   : creer un repertoire
mv      : deplacer un fichier
ps      : liste les processus

Set params
stage   : Stage settings
buoy    : Buoy settings
p2t     : Pressure sensor settings
log     : Verb cfg
mermaid : Mermaid cfg
upload  : On/Off Irid transfer
sys  : system param settings


1593615730:[TESTMD,0252]0014>
1593615756:[TESTMD,0050]"pint"
1593615759:[TESTMD,0029]77761Pa
1593615759:[TESTMD,0252]0014>
1593616060:[TESTMD,0050]"pint"
1593616062:[TESTMD,0029]77564Pa
1593616062:[TESTMD,0252]0014>
1593616108:[TESTMD,0050]"pint"
1593616110:[TESTMD,0029]78758Pa
1593616110:[TESTMD,0252]0014>
1593616191:[TESTMD,0050]"pint"
1593616193:[TESTMD,0029]79284Pa
1593616193:[TESTMD,0252]0014>
