1593833601:[MAIN  ,0007]buoy 452.020-P-0051
1593833601:[MAIN  ,0055]soft pilotage 452.012.300_V2.20-20200612
1593833601:[MAIN  ,0010]cycle 2
1593833601:[SURF  ,0225]surface2
1593833616:[SURF  ,0022]GPS fix...
1593833636:[SURF  ,0015]10 PPS detected...
1593833637:[MRMAID,0052]Mermaid $GPSACK:+0,+0,+0,+0,+0,+0,+0;
1593833647:[MRMAID,0052]Mermaid $GPSOFF:3686321;
1593833648:[GPSFIX,0179]-1s diff
1593833649:[SURF  ,0222]2020-07-04T03:34:09
1593833649:[SURF  ,0082]Latitude : N43deg23.595mn, Longitude :E007deg53.680mn
1593833649:[SURF  ,0223]fix3D,10satellites
1593833649:[SURF  ,0084]GPS fix GPGSA : hdop0.610,vdop1.040
1593833659:[SURF  ,0025]Iridium...
1593833668:[SBE41 ,0339]newoffset=-0.43db received after -57s
1593833694:[SURF  ,0009]connected in 35s, signal quality 5
1593833734:[SURF  ,0218]prompt received, remote cmd end
1593833734:[SURF  ,0012]42 cmd(s) received
1593833769:[UPLOAD,0248]Upload data files...
1593833934:[ZIO   ,0236]5 consecutive CAN received, aborting
1593833964:[SURF  ,0014]disconnected after 305s
1593833969:[SURFIN,0020]filling external bladder
1593833977:[PUMP  ,0016]pump during 300000ms
1593834011:[SURFIN,0019]external bladder full
1593834011:[SURF  ,0069]transfer interrupted , retry
1593834027:[SURF  ,0022]GPS fix...
1593834047:[SURF  ,0015]10 PPS detected...
1593834048:[MRMAID,0052]Mermaid $GPSACK:+0,+0,+0,+0,+0,+0,+0;
1593834058:[MRMAID,0052]Mermaid $GPSOFF:3686321;
1593834060:[GPSFIX,0179]+0s diff
1593834060:[SURF  ,0222]2020-07-04T03:41:00
1593834060:[SURF  ,0082]Latitude : N43deg23.624mn, Longitude :E007deg53.700mn
1593834060:[SURF  ,0223]fix3D,10satellites
1593834060:[SURF  ,0084]GPS fix GPGSA : hdop0.610,vdop1.010
1593834070:[SURF  ,0025]Iridium...
1593834111:[SURF  ,0009]connected in 41s, signal quality 5
1593834142:[SURF  ,0218]prompt received, remote cmd end
1593834143:[SURF  ,0012]14 cmd(s) received
1593834169:[UPLOAD,0248]Upload data files...
1593834179:[ZIO   ,0240]"NO CARRIER" received, aborting
1593834179:<ERR>[UPLOAD,0131]opening upload
1593834179:<ERR>[UPLOAD,0132]opening upload "0051"
1593834195:[SURF  ,0014]disconnected after 125s
1593834200:[SURFIN,0020]filling external bladder
1593834208:[PUMP  ,0016]pump during 300000ms
1593834240:[SURFIN,0019]external bladder full
1593834240:[SURF  ,0069]transfer interrupted , retry
1593834250:[SURF  ,0022]GPS fix...
1593834270:[SURF  ,0015]10 PPS detected...
1593834271:[MRMAID,0052]Mermaid $GPSACK:+0,+0,+0,+0,+0,+0,+0;
1593834281:[MRMAID,0052]Mermaid $GPSOFF:3686320;
1593834282:[GPSFIX,0179]-1s diff
1593834283:[SURF  ,0222]2020-07-04T03:44:43
1593834283:[SURF  ,0082]Latitude : N43deg23.638mn, Longitude :E007deg53.713mn
1593834283:[SURF  ,0223]fix3D,10satellites
1593834283:[SURF  ,0084]GPS fix GPGSA : hdop0.600,vdop1.010
1593834293:[SURF  ,0025]Iridium...
1593834332:[SURF  ,0009]connected in 39s, signal quality 5
1593834393:[SURF  ,0218]prompt received, remote cmd end
1593834393:[SURF  ,0012]17 cmd(s) received
1593834416:[UPLOAD,0248]Upload data files...
1593835241:[SURF  ,0014]disconnected after 948s
1593835246:[SURFIN,0020]filling external bladder
1593835255:[PUMP  ,0207]battery 14791mV,   29890uA (warmup), P   +170mbar
1593835255:[PUMP  ,0016]pump during 300000ms
1593835265:[PUMP  ,0212]battery 14026mV, 1477298uA (steady state), P   +170mbar
1593835267:[SURFIN,0019]external bladder full
1593835267:[SURF  ,0069]transfer interrupted , retry
1593835286:[SURF  ,0022]GPS fix...
1593835307:[SURF  ,0015]10 PPS detected...
1593835308:[MRMAID,0052]Mermaid $GPSACK:+0,+0,+0,+0,+0,+0,-61;
1593835318:[MRMAID,0052]Mermaid $GPSOFF:3686320;
1593835320:[GPSFIX,0179]+0s diff
1593835320:[SURF  ,0222]2020-07-04T04:02:00
1593835320:[SURF  ,0082]Latitude : N43deg23.698mn, Longitude :E007deg53.772mn
1593835320:[SURF  ,0223]fix3D,11satellites
1593835320:[SURF  ,0084]GPS fix GPGSA : hdop0.590,vdop0.910
1593835330:[SURF  ,0025]Iridium...
1593835363:[SURF  ,0009]connected in 33s, signal quality 5
1593835407:<WARN>[SURF  ,0071]timeout
1593835407:<WARN>[SURF  ,0056]peer mute
1593835413:[SURF  ,0014]disconnected after 83s
1593835418:[SURFIN,0020]filling external bladder
1593835426:[PUMP  ,0207]battery 14833mV,   30134uA (warmup), P   +170mbar
1593835426:[PUMP  ,0016]pump during 300000ms
1593835438:[PUMP  ,0212]battery 14007mV, 1471076uA (steady state), P   +170mbar
1593835440:[SURFIN,0019]external bladder full
1593835440:[SURF  ,0069]transfer interrupted , retry
1593835458:[SURF  ,0022]GPS fix...
1593835479:[SURF  ,0015]10 PPS detected...
1593835480:[MRMAID,0052]Mermaid $GPSACK:+0,+0,+0,+0,+0,+0,+0;
1593835490:[MRMAID,0052]Mermaid $GPSOFF:3686320;
1593835490:[GPSFIX,0179]-1s diff
1593835491:[SURF  ,0222]2020-07-04T04:04:51
1593835491:[SURF  ,0082]Latitude : N43deg23.709mn, Longitude :E007deg53.781mn
1593835491:[SURF  ,0223]fix3D,11satellites
1593835491:[SURF  ,0084]GPS fix GPGSA : hdop0.590,vdop0.920
1593835501:[SURF  ,0025]Iridium...
1593835542:[SURF  ,0009]connected in 41s, signal quality 5
1593835575:[SURF  ,0218]prompt received, remote cmd end
1593835575:[SURF  ,0012]6 cmd(s) received
1593835595:[UPLOAD,0248]Upload data files...
1593836259:[UPLOAD,0231]"0051/5EFFA920.S41" uploaded at 119bytes/s
1593837542:[SURF  ,0014]disconnected after 2041s
1593837547:[SURFIN,0020]filling external bladder
1593837555:[PUMP  ,0207]battery 14957mV,   32696uA (warmup), P   +170mbar
1593837555:[PUMP  ,0016]pump during 300000ms
1593837568:[PUMP  ,0212]battery 14102mV, 1398120uA (steady state), P   +170mbar
1593837570:[SURFIN,0019]external bladder full
1593837570:[SURF  ,0069]transfer interrupted , retry
1593837570:[SURF  ,0228]Go dive (Maximum surface delay expired)
1593837587:[SURF  ,0022]GPS fix...
1593837607:[SURF  ,0015]10 PPS detected...
1593837608:[MRMAID,0052]Mermaid $GPSACK:+0,+0,+0,+0,+0,+1,-999603;
1593837618:[MRMAID,0052]Mermaid $GPSOFF:3686319;
1593837619:[GPSFIX,0179]-1s diff
1593837620:[SURF  ,0222]2020-07-04T04:40:20
1593837620:[SURF  ,0082]Latitude : N43deg23.795mn, Longitude :E007deg53.939mn
1593837620:[SURF  ,0223]fix3D,12satellites
1593837620:[SURF  ,0084]GPS fix GPGSA : hdop0.520,vdop0.830
1593837637:[MAIN  ,0024]internal pressure 79694Pa
1593837638:[BYCMD ,0107]    FreeRTOS V8.2.3
1593837638:[BYCMD ,0108]    FatFS v11a
1593837638:[BYCMD ,0120]    bypass 20000ms 120000ms (20000ms 60000ms stored)
1593837638:[BYCMD ,0121]    valve 60000ms 12750 (60000ms 12750 stored)
1593837638:[BYCMD ,0122]    pump 60000ms 30% 10750 80% (60000ms 30% 10750 80% stored)
1593837638:[BYCMD ,0123]    rate 2mbar/s (2mbar/s stored)
1593837638:[BYCMD ,0124]    surface 500mbar (500mbar stored)
1593837638:[BYCMD ,0125]    near 1500mbar 3mbar/s (15000mbar 3mbar/s stored)
1593837638:[BYCMD ,0126]    far 2500mbar 4mbar/s (25000mbar 4mbar/s stored)
1593837638:[BYCMD ,0127]    ascent 8mbar/s (8mbar/s stored)
1593837638:[BYCMD ,0128]    dead 300s (300s stored)
1593837638:[BYCMD ,0129]    coeff 16/10 (16/10 stored)
1593837638:[BYCMD ,0130]    stab 10 (10 stored)
1593837638:[BYCMD ,0131]    delay 900s 3600s (900s 3600s stored)
1593837638:[BYCMD ,0132]    mmtime 43200min (2880min stored)
1593837638:[BYCMD ,0133]    dv_landing 100ml (100ml stored)
1593837638:[MKDCMD,0150]    p2t37: 15x2000ms, offset 169mbar
1593837638:[P2TCMD,0151]    p2t37: dp 500mbar, dt 1000000mdegC
1593837639:[STAGE ,0080]Stage [0] 5000mbar (+/-500mbar) 1800s (<1800s) 
1593837639:[STAGE ,0080]Stage [1] 5000mbar (+/-500mbar) 1800s (<3600s) MERMAID
1593837639:[MAIN  ,0070]turn off bluetooth
1593837666:[DIVING,0141]diving from 1mbar, -1mbar/s
1593837666:[BYPASS,0035]bypass opening 120000ms
1593837671:[BYPASS,0104]battery 14570mV,  332084uA (bypass opening), P     +1mbar
1593837796:[BYPASS,0106]battery 14467mV,  397476uA (bypass closing), P     +1mbar
1593837823:[BYPASS,0035]bypass opening 20000ms
1593837828:[BYPASS,0104]battery 14556mV,  317078uA (bypass opening), P    -79mbar
1593837853:[BYPASS,0106]battery 14495mV,  396622uA (bypass closing), P    -79mbar
1593837879:[BYPASS,0035]bypass opening 20000ms
1593837884:[BYPASS,0104]battery 14577mV,  323666uA (bypass opening), P    -29mbar
1593837909:[BYPASS,0106]battery 14501mV,  395524uA (bypass closing), P    -29mbar
1593837947:[PRESS ,0038]P   +411mbar,T+22017mdegC
1593837957:[DIVING,0028]531mbar reached (+10mbar/s), 3 bypass done
1593837958:[MAIN  ,0056]stage[0]
1593837960:[MAIN  ,0024]internal pressure 82023Pa
1593837961:[BUOY  ,0037]P   +551mbar
1593837961:[STAGE ,0080]Stage [0] 5000mbar (+/-500mbar) 1800s (<1593839757s) 
1593838263:[PRESS ,0038]P  +2491mbar,T+21301mdegC
1593838287:[BUOY  ,0087]from +7mbar/s to +3mbar/s
1593838287:[BUOY  ,0089]need to transfer +64mL (pump during 78240ms)
1593838296:[PUMP  ,0207]battery 15097mV,   36478uA (warmup), P  +2651mbar
1593838296:[PUMP  ,0016]pump during 60000ms
1593838355:[PUMP  ,0212]battery 14371mV,  458842uA (steady state), P  +2651mbar
1593838591:[PRESS ,0038]P  +3971mbar,T+18939mdegC
1593838616:[BUOY  ,0087]from +4mbar/s to +2mbar/s
1593838616:[BUOY  ,0089]need to transfer +20mL (pump during 24442ms)
1593838624:[PUMP  ,0207]battery 15087mV,   35868uA (warmup), P  +4061mbar
1593838624:[PUMP  ,0016]pump during 24442ms
1593838648:[PUMP  ,0212]battery 14411mV,  476898uA (steady state), P  +4061mbar
1593838919:[PRESS ,0038]P  +4761mbar,T+17199mdegC
1593838944:[STAGE ,0213]4831mbar reached at 1593838944s, ref 5000mbar +/-500mbar
1593838944:[BUOY  ,0087]from +3mbar/s to +0mbar/s
1593838944:[BUOY  ,0089]need to transfer +14mL (pump during 17106ms)
1593838952:[PUMP  ,0207]battery 15115mV,   36234uA (warmup), P  +4831mbar
1593838952:[PUMP  ,0016]pump during 17106ms
1593838969:[PUMP  ,0212]battery 14422mV,  482022uA (steady state), P  +4831mbar
1593839247:[PRESS ,0038]P  +5311mbar,T+16143mdegC
1593839272:[BUOY  ,0087]from +2mbar/s to +0mbar/s
1593839272:[BUOY  ,0089]need to transfer +6mL (pump during 7331ms)
1593839280:[PUMP  ,0207]battery 15136mV,   36600uA (warmup), P  +5361mbar
1593839280:[PUMP  ,0016]pump during 7331ms
1593839287:[PUMP  ,0212]battery 14447mV,  487634uA (steady state), P  +5361mbar
1593839600:<WARN>[BUOY  ,0094]stage[0] should ASCENT, stuck at 5731mbar for the #1 time
1593839600:[BUOY  ,0087]from +1mbar/s to -2mbar/s
1593839601:[BUOY  ,0089]need to transfer +8mL (pump during 9738ms)
1593839609:[PUMP  ,0207]battery 15157mV,   37210uA (warmup), P  +5731mbar
1593839609:[PUMP  ,0016]pump during 9738ms
1593839618:[PUMP  ,0212]battery 14468mV,  487756uA (steady state), P  +5731mbar
1593839929:[MAIN  ,0140]stage[0] complete 1972s after mission start
1593839929:[MAIN  ,0056]stage[1]
1593839931:[MAIN  ,0024]internal pressure 80962Pa
1593839932:[MRMAID,0002]acq started
1593839942:[BUOY  ,0037]P  +5431mbar
1593839942:[STAGE ,0080]Stage [1] 5000mbar (+/-500mbar) 1800s (<1593841557s) MERMAID
1593839944:[STAGE ,0213]5421mbar reached at 1593839944s, ref 5000mbar +/-500mbar
1593841055:[MRMAID,0027]53dbar, 15degC
1593841187:[MRMAID,0005]ascent request rejected
1593841445:<WARN>[BUOY  ,0094]stage[1] should ASCENT, stuck at 5661mbar for the #1 time
1593841445:[BUOY  ,0087]from +0mbar/s to -2mbar/s
1593841445:[BUOY  ,0089]need to transfer +6mL (pump during 7263ms)
1593841445:[MRMAID,0003]acq stopped
1593841449:[MRMAID,0183]dropping spurious '0x3B'
1593841449:[MRMAID,0185]1 spurious byte(s) received
1593841454:[PUMP  ,0207]battery 15145mV,   51484uA (warmup), P  +5661mbar
1593841454:[PUMP  ,0016]pump during 7263ms
1593841461:[PUMP  ,0212]battery 14362mV,  477752uA (steady state), P  +5661mbar
1593841464:[MRMAID,0002]acq started
1593841783:[MAIN  ,0140]stage[1] complete 3826s after mission start
1593841783:[MRMAID,0003]acq stopped
1593841844:[MRMAID,0188]acq already stopped
1593841904:[MSSION,0192]mission stopped, 2 stage(s) done
1593841904:[MAIN  ,0065]surfacing
1593841906:[SURFIN,0036]P  +5321mbar
1593841914:[PUMP  ,0207]battery 15192mV,   39772uA (warmup), P  +5321mbar
1593841914:[PUMP  ,0016]pump during 60000ms
1593841973:[PUMP  ,0212]battery 14490mV,  481168uA (steady state), P  +5321mbar
1593842047:[PRESS ,0038]P  +4801mbar,T+14270mdegC
1593842064:[PUMP  ,0207]battery 15123mV,   37088uA (warmup), P  +4761mbar
1593842064:[PUMP  ,0016]pump during 60000ms
1593842123:[PUMP  ,0212]battery 14531mV,  492880uA (steady state), P  +4761mbar
1593842180:[PRESS ,0038]P  +3951mbar,T+14347mdegC
1593842213:[PUMP  ,0207]battery 15058mV,   35868uA (warmup), P  +3781mbar
1593842213:[PUMP  ,0016]pump during 60000ms
1593842272:[PUMP  ,0212]battery 14480mV,  481412uA (steady state), P  +3781mbar
1593842330:[PRESS ,0038]P  +2831mbar,T+14430mdegC
1593842476:[PRESS ,0038]P  +1631mbar,T+14432mdegC
1593842598:[PRESS ,0038]P  +1041mbar,T+14484mdegC
1593842606:[PUMP  ,0207]battery 15070mV,   37332uA (warmup), P  +1041mbar
1593842606:[PUMP  ,0016]pump during 60000ms
1593842665:[PUMP  ,0212]battery 14403mV,  456158uA (steady state), P  +1041mbar
1593842747:[PRESS ,0038]P   +531mbar,T+14972mdegC
1593842755:[PUMP  ,0207]battery 15027mV,   35136uA (warmup), P   +531mbar
1593842755:[PUMP  ,0016]pump during 60000ms
1593842814:[PUMP  ,0212]battery 14450mV,  465796uA (steady state), P   +531mbar
1593842872:[PRESS ,0038]P    -79mbar,T+15838mdegC
1593842900:[SURFIN,0020]filling external bladder
1593842909:[PUMP  ,0207]battery 14997mV,   34160uA (warmup), P    -69mbar
1593842909:[PUMP  ,0016]pump during 300000ms
1593843178:[PUMP  ,0212]battery 14122mV, 1517192uA (steady state), P    -69mbar
1593843180:[SURFIN,0019]external bladder full
1593843242:[MAIN  ,0272]Vbat 14743mV (min 14413mV)
1593843244:[MAIN  ,0024]internal pressure 79574Pa
1593843244:[MAIN  ,0043]Pext 182mbar (rng 20mbar)
1593843244:[MAIN  ,0064]surface
1593843254:[SURF  ,0022]GPS fix...
1593843275:[SURF  ,0015]10 PPS detected...
1593843276:[MRMAID,0052]Mermaid $GPSACK:+0,+0,+0,+0,+0,+0,-1556;
1593843286:[MRMAID,0052]Mermaid $GPSOFF:3686320;
1593843286:[GPSFIX,0179]-1s diff
1593843287:[SURF  ,0222]2020-07-04T06:14:47
1593843287:[SURF  ,0082]Latitude : N43deg23.773mn, Longitude :E007deg54.040mn
1593843287:[SURF  ,0223]fix3D,9satellites
1593843287:[SURF  ,0084]GPS fix GPGSA : hdop0.850,vdop1.320
1593843297:[SURF  ,0274]last almanac : 3707686
1593843578:[MRMAID,0026]108035 bytes in 0051/5F001E66.MER
1593843583:[MAIN  ,0320]New pressure offset: 182mbar
1593843583:[LOGBIN,0078]*** switching to 0051/5F001F7F ***
