1590471457:[MAIN  ,0007]buoy 452.020-P-0051
1590471457:[MAIN  ,0055]soft pilotage 452.012.300_V2.18-20200518
1590471457:[MAIN  ,0010]cycle 1
1590471457:[SURF  ,0225]surface2
1590471470:[SURF  ,0022]GPS fix...
1590471490:[SURF  ,0015]10 PPS detected...
1590471491:[MRMAID,0052]Mermaid $GPSACK:+0,+0,+0,+0,+0,+0,+0;
1590471501:[MRMAID,0052]Mermaid $GPSOFF:3686319;
1590471502:[GPSFIX,0179]-1s diff
1590471503:[SURF  ,0222]2020-05-26T05:38:23
1590471503:[SURF  ,0082]Latitude : N43deg40.938mn, Longitude :E007deg19.175mn
1590471503:[SURF  ,0223]fix3D,9satellites
1590471503:[SURF  ,0084]GPS fix GPGSA : hdop0.600,vdop1.010
1590471513:[SURF  ,0025]Iridium...
1590471523:[SBE41 ,0339]newoffset=-1.00db received after -57s
1590471548:[SURF  ,0009]connected in 35s, signal quality 5
1590471620:[SURF  ,0218]prompt received, remote cmd end
1590471620:[SURF  ,0012]17 cmd(s) received
1590471642:[UPLOAD,0248]Upload data files...
1590471653:[UPLOAD,0231]"0051/5ECCA366.BIN" uploaded at 62bytes/s
1590471670:[UPLOAD,0231]"0051/5ECCAA41.BIN" uploaded at 105bytes/s
1590471684:[UPLOAD,0231]"0051/5ECCAB14.MER" uploaded at 121bytes/s
1590471779:[UPLOAD,0231]"0051/5ECC89DD.BIN" uploaded at 107bytes/s
1590471796:[MAIN  ,0013]4 file(s) uploaded
1590471827:[SURF  ,0014]disconnected after 314s
1590471832:[SURFIN,0020]filling external bladder
1590471835:[SURFIN,0019]external bladder full
1590471835:[SURF  ,0227]1st complete transfer
1590472089:[SURF  ,0022]GPS fix...
1590472110:[SURF  ,0015]10 PPS detected...
1590472111:[MRMAID,0052]Mermaid $GPSACK:+0,+0,+0,+0,+0,+0,-30;
1590472121:[MRMAID,0052]Mermaid $GPSOFF:3686319;
1590472122:[GPSFIX,0179]-1s diff
1590472123:[SURF  ,0222]2020-05-26T05:48:43
1590472123:[SURF  ,0082]Latitude : N43deg40.937mn, Longitude :E007deg19.175mn
1590472123:[SURF  ,0223]fix3D,10satellites
1590472123:[SURF  ,0084]GPS fix GPGSA : hdop0.570,vdop0.990
1590472133:[SURF  ,0025]Iridium...
1590472167:[SURF  ,0009]connected in 34s, signal quality 5
1590472236:[SURF  ,0218]prompt received, remote cmd end
1590472236:[SURF  ,0012]16 cmd(s) received
1590472276:[SURF  ,0014]disconnected after 143s
1590472281:[SURFIN,0020]filling external bladder
1590472284:[SURFIN,0019]external bladder full
1590472284:[SURF  ,0226]Go dive (Minimum surface delay expired and no more file to upload)
1590472297:[SURF  ,0022]GPS fix...
1590472318:[SURF  ,0015]10 PPS detected...
1590472319:[MRMAID,0052]Mermaid $GPSACK:+0,+0,+0,+0,+0,+0,+0;
1590472329:[MRMAID,0052]Mermaid $GPSOFF:3686319;
1590472330:[GPSFIX,0179]-1s diff
1590472331:[SURF  ,0222]2020-05-26T05:52:11
1590472331:[SURF  ,0082]Latitude : N43deg40.938mn, Longitude :E007deg19.175mn
1590472331:[SURF  ,0223]fix3D,10satellites
1590472331:[SURF  ,0084]GPS fix GPGSA : hdop0.570,vdop1.000
1590472348:[MAIN  ,0024]internal pressure 79687Pa
1590472349:[BYCMD ,0107]    FreeRTOS V8.2.3
1590472349:[BYCMD ,0108]    FatFS v11a
1590472349:[BYCMD ,0117]    valve is running
1590472349:[BYCMD ,0120]    bypass 10000ms 60000ms (20000ms 60000ms stored)
1590472349:[BYCMD ,0121]    valve 60000ms 12750 (60000ms 12750 stored)
1590472349:[BYCMD ,0122]    pump 60000ms 30% 10750 80% (60000ms 30% 10750 80% stored)
1590472349:[BYCMD ,0123]    rate 2mbar/s (2mbar/s stored)
1590472349:[BYCMD ,0124]    surface 500mbar (500mbar stored)
1590472349:[BYCMD ,0125]    near 500mbar 3mbar/s (15000mbar 3mbar/s stored)
1590472349:[BYCMD ,0126]    far 1500mbar 4mbar/s (25000mbar 4mbar/s stored)
1590472349:[BYCMD ,0127]    ascent 8mbar/s (8mbar/s stored)
1590472349:[BYCMD ,0128]    dead 60s (300s stored)
1590472349:[BYCMD ,0129]    coeff 16/10 (16/10 stored)
1590472349:[BYCMD ,0130]    stab 10 (10 stored)
1590472349:[BYCMD ,0131]    delay 900s 3600s (900s 3600s stored)
1590472349:[BYCMD ,0132]    mmtime 2880min (2880min stored)
1590472350:[BYCMD ,0133]    dv_landing 100ml (100ml stored)
1590472350:[MKDCMD,0150]    p2t37: 15x2000ms, offset 191mbar
1590472350:[P2TCMD,0151]    p2t37: dp 50mbar, dt 1000000mdegC
1590472350:[STAGE ,0080]Stage [0] 5000mbar (+/-500mbar) 1800s (<1800s) 
1590472350:[STAGE ,0080]Stage [1] 5000mbar (+/-500mbar) 10800s (<12600s) MERMAID
1590472350:[STAGE ,0091]Stage [2] surfacing 3600s (<16200s) SBE41
1590472350:[SBE41 ,0282]SBE41 parameters : 
      dsreplyformat=1 (webb(0)/standard(1))
      addtimingdelays=0 (n(0)/y(1))
      outputdensity=0 (n(0)/y(1))
      echocmd=0 (n(0)/y(1))
      outputrt=0 (n(0)/y(1))
      outputpts=0 (n(0)/y(1))
      outputsn=0 (n(0)/y(1))
      outputpressure=1 (n(0)/y(1))
      pcutoff=2dbar
      tswait=0s
      pumpfastpt=1 (n(0)/y(1))
      samplerate=1 ('fast':1Hz(1)/'slow':0.5Hz(0))
      top_bin_interval=10dbar
      top_bin_size=10dbar
      top_bin_max=100dbar
      middle_bin_interval=50dbar
      middle_bin_size=50dbar
      middle_bin_max=1000dbar
      bottom_bin_interval=100dbar
      bottom_bin_size=100dbar
      includetransitionbin=0
      includenbin=0 (n(0)/y(1))
      autobinavg=0 (n(0)/y(1))
1590472350:[SBE41 ,0283]SBE41 pilot policy : 
      continiousprofile=0 (n(0)/y(1)
      speeddetection=1 (n(0)/y(1)
      hexoutput=1 (n(0)/y(1)
      binaverageoutput=0 (n(0)/y(1)
      manualprofilerate=10s
      runningpumpbeforeprofile=0s
      speedstart=2mbar/s
      speedcontrol=5mbar/s
1590472350:[MAIN  ,0070]turn off bluetooth
1590472377:[DIVING,0141]diving from -11mbar, +0mbar/s
1590472377:[BYPASS,0035]bypass opening 60000ms
1590472382:[BYPASS,0104]battery 14675mV,  314638uA (bypass opening), P    -11mbar
1590472447:[BYPASS,0106]battery 14531mV,  397476uA (bypass closing), P    -11mbar
1590472449:[PRESS ,0038]P   -101mbar,T+20637mdegC
1590472469:[PRESS ,0038]P    -41mbar,T+20639mdegC
1590472496:[PRESS ,0038]P    +19mbar,T+20639mdegC
1590472513:[BYPASS,0035]bypass opening 10000ms
1590472518:[BYPASS,0104]battery 14627mV,  306220uA (bypass opening), P    +19mbar
1590472533:[BYPASS,0106]battery 14576mV,  397110uA (bypass closing), P    +19mbar
1590472544:[PRESS ,0038]P    +79mbar,T+20643mdegC
1590472562:[PRESS ,0038]P   +139mbar,T+20643mdegC
1590472587:[PRESS ,0038]P   +199mbar,T+20643mdegC
1590472604:[PRESS ,0038]P   +269mbar,T+20643mdegC
1590472620:[PRESS ,0038]P   +329mbar,T+20643mdegC
1590472634:[PRESS ,0038]P   +389mbar,T+20643mdegC
1590472651:[PRESS ,0038]P   +449mbar,T+20642mdegC
1590472665:[PRESS ,0038]P   +509mbar,T+20642mdegC
1590472667:[DIVING,0028]509mbar reached (+4mbar/s), 2 bypass done
1590472667:[MAIN  ,0056]stage[0]
1590472669:[MAIN  ,0024]internal pressure 80698Pa
1590472670:[BUOY  ,0037]P   +529mbar
1590472670:[STAGE ,0080]Stage [0] 5000mbar (+/-500mbar) 1800s (<1590474467s) 
1590472733:[PRESS ,0038]P   +719mbar,T+20627mdegC
1590472754:[PRESS ,0038]P   +779mbar,T+20619mdegC
1590472757:[BUOY  ,0087]from +2mbar/s to +4mbar/s
1590472757:[BUOY  ,0090]need to transfer -20mL (valve during 9444ms)
1590472757:[VALVE ,0034]valve opening 9444ms
1590472767:[VALVE ,0234]battery 14228mV,  622200uA, P   +779mbar
1590472818:[PRESS ,0038]P   +969mbar,T+20571mdegC
1590472834:[PRESS ,0038]P  +1039mbar,T+20556mdegC
1590472904:[PRESS ,0038]P  +1209mbar,T+20473mdegC
1590472928:[BUOY  ,0087]from +2mbar/s to +4mbar/s
1590472928:[BUOY  ,0090]need to transfer -20mL (valve during 7286ms)
1590472929:[VALVE ,0034]valve opening 7286ms
1590472936:[VALVE ,0234]battery 14298mV,  625250uA, P  +1249mbar
1590472989:[PRESS ,0038]P  +1369mbar,T+20327mdegC
1590473005:[PRESS ,0038]P  +1429mbar,T+20296mdegC
1590473075:[PRESS ,0038]P  +1699mbar,T+20148mdegC
1590473084:[PRESS ,0038]P  +1759mbar,T+20126mdegC
1590473092:[PRESS ,0038]P  +1819mbar,T+20106mdegC
1590473160:[PRESS ,0038]P  +2169mbar,T+19938mdegC
1590473171:[PRESS ,0038]P  +2239mbar,T+19911mdegC
1590473185:[PRESS ,0038]P  +2309mbar,T+19874mdegC
1590473246:[PRESS ,0038]P  +2699mbar,T+19715mdegC
1590473256:[PRESS ,0038]P  +2769mbar,T+19687mdegC
1590473267:[PRESS ,0038]P  +2829mbar,T+19659mdegC
1590473331:[PRESS ,0038]P  +3289mbar,T+19495mdegC
1590473342:[PRESS ,0038]P  +3359mbar,T+19469mdegC
1590473352:[PRESS ,0038]P  +3419mbar,T+19442mdegC
1590473417:[PRESS ,0038]P  +3809mbar,T+19293mdegC
1590473427:[PRESS ,0038]P  +3869mbar,T+19268mdegC
1590473436:[PRESS ,0038]P  +3929mbar,T+19249mdegC
1590473442:[BUOY  ,0087]from +6mbar/s to +3mbar/s
1590473442:[BUOY  ,0089]need to transfer +44mL (pump during 53724ms)
1590473450:[PUMP  ,0207]battery 15181mV,   36966uA (warmup), P  +3959mbar
1590473450:[PUMP  ,0016]pump during 53724ms
1590473503:[PUMP  ,0212]battery 14528mV,  464210uA (steady state), P  +3959mbar
1590473507:[PRESS ,0038]P  +4349mbar,T+19136mdegC
1590473520:[PRESS ,0038]P  +4409mbar,T+19125mdegC
1590473593:[PRESS ,0038]P  +4639mbar,T+18991mdegC
1590473610:[PRESS ,0038]P  +4699mbar,T+18949mdegC
1590473618:[STAGE ,0213]4709mbar reached at 1590473618s, ref 5000mbar +/-500mbar
1590473618:[BUOY  ,0087]from +3mbar/s to +0mbar/s
1590473618:[BUOY  ,0089]need to transfer +14mL (pump during 17095ms)
1590473626:[PUMP  ,0207]battery 15135mV,   34526uA (warmup), P  +4709mbar
1590473626:[PUMP  ,0016]pump during 17095ms
1590473643:[PUMP  ,0212]battery 14578mV,  469944uA (steady state), P  +4709mbar
1590473682:[PRESS ,0038]P  +4829mbar,T+18793mdegC
1590473767:[PRESS ,0038]P  +4909mbar,T+18565mdegC
1590473828:[PRESS ,0038]P  +5039mbar,T+18386mdegC
1590473828:[BUOY  ,0087]from +1mbar/s to +0mbar/s
1590473828:[BUOY  ,0089]need to transfer +2mL (pump during 2442ms)
1590473836:[PUMP  ,0207]battery 15147mV,   35136uA (warmup), P  +5039mbar
1590473836:[PUMP  ,0016]pump during 2442ms
1590473892:[PRESS ,0038]P  +5129mbar,T+18207mdegC
1590473916:[BUOY  ,0087]from +1mbar/s to +0mbar/s
1590473916:[BUOY  ,0089]need to transfer +2mL (pump during 2442ms)
1590473925:[PUMP  ,0207]battery 15157mV,   35258uA (warmup), P  +5149mbar
1590473925:[PUMP  ,0016]pump during 2442ms
1590473980:[PRESS ,0038]P  +5249mbar,T+17953mdegC
1590474005:[BUOY  ,0087]from +2mbar/s to +0mbar/s
1590474005:[BUOY  ,0089]need to transfer +6mL (pump during 7326ms)
1590474013:[PUMP  ,0207]battery 15165mV,   35380uA (warmup), P  +5299mbar
1590474013:[PUMP  ,0016]pump during 7326ms
1590474020:[PUMP  ,0212]battery 14570mV,  477508uA (steady state), P  +5299mbar
1590474069:[PRESS ,0038]P  +5439mbar,T+17707mdegC
1590474094:[BUOY  ,0087]from +1mbar/s to +0mbar/s
1590474094:[BUOY  ,0089]need to transfer +2mL (pump during 2442ms)
1590474102:[PUMP  ,0207]battery 15168mV,   34892uA (warmup), P  +5469mbar
1590474102:[PUMP  ,0016]pump during 2442ms
1590474158:[PRESS ,0038]P  +5539mbar,T+17474mdegC
1590474183:<WARN>[BUOY  ,0094]stage[0] should ASCENT, stuck at 5549mbar for the #1 time
1590474183:[BUOY  ,0087]from +0mbar/s to -3mbar/s
1590474183:[BUOY  ,0089]need to transfer +14mL (pump during 17027ms)
1590474191:[PUMP  ,0207]battery 15173mV,   35258uA (warmup), P  +5549mbar
1590474191:[PUMP  ,0016]pump during 17027ms
1590474208:[PUMP  ,0212]battery 14581mV,  486414uA (steady state), P  +5549mbar
1590474271:[BUOY  ,0087]from -1mbar/s to -3mbar/s
1590474271:[BUOY  ,0089]need to transfer +12mL (pump during 14595ms)
1590474280:[PUMP  ,0207]battery 15166mV,   33916uA (warmup), P  +5549mbar
1590474280:[PUMP  ,0016]pump during 14595ms
1590474294:[PUMP  ,0212]battery 14600mV,  480802uA (steady state), P  +5549mbar
1590474351:[PRESS ,0038]P  +5479mbar,T+17096mdegC
1590474421:[PRESS ,0038]P  +5389mbar,T+16956mdegC
1590474482:[MAIN  ,0140]stage[0] complete 1815s after mission start
1590474482:[MAIN  ,0056]stage[1]
1590474484:[MAIN  ,0024]internal pressure 80151Pa
1590474485:[MRMAID,0002]acq started
1590474495:[PRESS ,0038]P  +5329mbar,T+16815mdegC
1590474495:[BUOY  ,0037]P  +5329mbar
1590474495:[STAGE ,0080]Stage [1] 5000mbar (+/-500mbar) 10800s (<1590485267s) MERMAID
1590474497:[STAGE ,0213]5329mbar reached at 1590474497s, ref 5000mbar +/-500mbar
1590474724:[MRMAID,0027]53dbar, 17degC
1590474921:[PRESS ,0038]P  +5439mbar,T+16321mdegC
1590475043:[PRESS ,0038]P  +5499mbar,T+16238mdegC
1590475104:<WARN>[BUOY  ,0094]stage[1] should ASCENT, stuck at 5519mbar for the #1 time
1590475104:[BUOY  ,0087]from +0mbar/s to -3mbar/s
1590475104:[BUOY  ,0089]need to transfer +14mL (pump during 17013ms)
1590475104:[MRMAID,0003]acq stopped
1590475112:[PUMP  ,0207]battery 15211mV,   37332uA (warmup), P  +5519mbar
1590475112:[PUMP  ,0016]pump during 17013ms
1590475129:[PUMP  ,0212]battery 14503mV,  469456uA (steady state), P  +5519mbar
1590475133:[MRMAID,0002]acq started
1590475178:[PRESS ,0038]P  +5419mbar,T+16190mdegC
1590475201:[PRESS ,0038]P  +5359mbar,T+16182mdegC
1590475263:[PRESS ,0038]P  +5269mbar,T+16147mdegC
1590475445:[PRESS ,0038]P  +5199mbar,T+16031mdegC
1590475748:[PRESS ,0038]P  +5139mbar,T+15874mdegC
1590475991:[PRESS ,0038]P  +5229mbar,T+15783mdegC
1590476537:[PRESS ,0038]P  +5149mbar,T+15668mdegC
1590476658:[PRESS ,0038]P  +5079mbar,T+15650mdegC
1590476719:[PRESS ,0038]P  +5139mbar,T+15642mdegC
1590476840:[PRESS ,0038]P  +5209mbar,T+15631mdegC
1590476961:[PRESS ,0038]P  +5289mbar,T+15620mdegC
1590477083:[PRESS ,0038]P  +5349mbar,T+15609mdegC
1590477154:[MRMAID,0027]54dbar, 16degC
1590477204:[PRESS ,0038]P  +5469mbar,T+15597mdegC
1590477281:[MRMAID,0005]ascent request rejected
1590477386:<WARN>[BUOY  ,0094]stage[1] should ASCENT, stuck at 5509mbar for the #2 time
1590477386:[BUOY  ,0087]from +1mbar/s to -3mbar/s
1590477386:[BUOY  ,0089]need to transfer +16mL (pump during 19330ms)
1590477386:[MRMAID,0003]acq stopped
1590477386:[MRMAID,0052]Mermaid $MEASFS,88075,2201.105347,40.013987;
1590477395:[PUMP  ,0207]battery 15228mV,   39772uA (warmup), P  +5509mbar
1590477395:[PUMP  ,0016]pump during 19330ms
1590477414:[PUMP  ,0212]battery 14462mV,  466284uA (steady state), P  +5509mbar
1590477417:[MRMAID,0002]acq started
1590477545:[PRESS ,0038]P  +5389mbar,T+15563mdegC
1590478940:[PRESS ,0038]P  +5449mbar,T+15444mdegC
1590481366:[PRESS ,0038]P  +5379mbar,T+15437mdegC
1590482700:[PRESS ,0038]P  +5319mbar,T+15462mdegC
1590484095:[PRESS ,0038]P  +5259mbar,T+15498mdegC
1590484641:[PRESS ,0038]P  +5199mbar,T+15487mdegC
1590485308:[MAIN  ,0140]stage[1] complete 12641s after mission start
1590485308:[MRMAID,0003]acq stopped
1590485308:[MRMAID,0052]Mermaid $MEASFS,313634,7838.107117,40.013998;
1590485368:[MAIN  ,0056]stage[2]
1590485371:[MAIN  ,0024]internal pressure 79463Pa
1590485371:[BUOY  ,0037]P  +5169mbar
1590485372:[STAGE ,0091]Stage [2] surfacing 3600s (<1590488867s) SBE41
1590485373:<WARN>[BUOY  ,0094]stage[2] should ASCENT, stuck at 5159mbar for the #1 time
1590485373:[BUOY  ,0087]from +0mbar/s to -5mbar/s
1590485373:[BUOY  ,0089]need to transfer +40mL (pump during 48309ms)
1590485382:[PUMP  ,0207]battery 15176mV,   40992uA (warmup), P  +5159mbar
1590485382:[PUMP  ,0016]pump during 48309ms
1590485430:[PUMP  ,0212]battery 14278mV,  467626uA (steady state), P  +5159mbar
1590485437:[PRESS ,0038]P  +5129mbar,T+15484mdegC
1590485462:[BUOY  ,0087]from -2mbar/s to -5mbar/s
1590485462:[BUOY  ,0089]need to transfer +34mL (pump during 41049ms)
1590485463:[SBE41 ,0337]Speed start detected
1590485470:[PUMP  ,0207]battery 14958mV,  105774uA (warmup), P  +5089mbar
1590485470:[PUMP  ,0016]pump during 41049ms
1590485511:[PUMP  ,0212]battery 14672mV,  512400uA (steady state), P  +5089mbar
1590485526:[PRESS ,0038]P  +4939mbar,T+15520mdegC
1590485540:[PRESS ,0038]P  +4879mbar,T+15528mdegC
1590485612:[PRESS ,0038]P  +4619mbar,T+15540mdegC
1590485629:[PRESS ,0038]P  +4549mbar,T+15542mdegC
1590485697:[PRESS ,0038]P  +4329mbar,T+15542mdegC
1590485717:[PRESS ,0038]P  +4269mbar,T+15542mdegC
1590485783:[PRESS ,0038]P  +4049mbar,T+15545mdegC
1590485798:[PRESS ,0038]P  +3989mbar,T+15547mdegC
1590485868:[PRESS ,0038]P  +3749mbar,T+15561mdegC
1590485884:[PRESS ,0038]P  +3689mbar,T+15566mdegC
1590485953:[PRESS ,0038]P  +3419mbar,T+15601mdegC
1590485968:[PRESS ,0038]P  +3349mbar,T+15610mdegC
1590486039:[PRESS ,0038]P  +3129mbar,T+15663mdegC
1590486053:[PRESS ,0038]P  +3059mbar,T+15675mdegC
1590486124:[PRESS ,0038]P  +2849mbar,T+15748mdegC
1590486137:[PRESS ,0038]P  +2789mbar,T+15764mdegC
1590486210:[PRESS ,0038]P  +2569mbar,T+15860mdegC
1590486233:[PRESS ,0038]P  +2509mbar,T+15893mdegC
1590486235:[BUOY  ,0087]from -3mbar/s to -5mbar/s
1590486235:[BUOY  ,0089]need to transfer +26mL (pump during 31936ms)
1590486243:[PUMP  ,0207]battery 14990mV,   61976uA (warmup), P  +2509mbar
1590486243:[PUMP  ,0016]pump during 31936ms
1590486274:[PUMP  ,0212]battery 14531mV,  482632uA (steady state), P  +2509mbar
1590486299:[PRESS ,0038]P  +2309mbar,T+15999mdegC
1590486315:[PRESS ,0038]P  +2239mbar,T+16024mdegC
1590486384:[PRESS ,0038]P  +2039mbar,T+16150mdegC
1590486409:[BUOY  ,0087]from -1mbar/s to -5mbar/s
1590486409:[BUOY  ,0089]need to transfer +38mL (pump during 46683ms)
1590486417:[PUMP  ,0207]battery 14985mV,   62220uA (warmup), P  +2009mbar
1590486417:[PUMP  ,0016]pump during 46683ms
1590486463:[PUMP  ,0212]battery 14540mV,  481656uA (steady state), P  +2009mbar
1590486473:[PRESS ,0038]P  +1849mbar,T+16308mdegC
1590486489:[PRESS ,0038]P  +1789mbar,T+16335mdegC
1590486558:[PRESS ,0038]P  +1409mbar,T+16463mdegC
1590486565:[PRESS ,0038]P  +1349mbar,T+16476mdegC
1590486644:[PRESS ,0038]P  +1189mbar,T+16619mdegC
1590486660:[PRESS ,0038]P  +1129mbar,T+16649mdegC
1590486669:[BUOY  ,0087]from -3mbar/s to -5mbar/s
1590486669:[BUOY  ,0089]need to transfer +26mL (pump during 31936ms)
1590486677:[PUMP  ,0207]battery 14966mV,   59902uA (warmup), P  +1099mbar
1590486677:[PUMP  ,0016]pump during 31936ms
1590486708:[PUMP  ,0212]battery 14510mV,  477508uA (steady state), P  +1099mbar
1590486733:[PRESS ,0038]P   +869mbar,T+16778mdegC
1590486740:[PRESS ,0038]P   +809mbar,T+16790mdegC
1590486750:[PRESS ,0038]P   +749mbar,T+16809mdegC
1590486757:[BUOY  ,0087]from -6mbar/s to -5mbar/s
1590486757:[BUOY  ,0090]need to transfer -18mL (valve during 8827ms)
1590486758:[VALVE ,0034]valve opening 8827ms
1590486766:[VALVE ,0234]battery 14372mV,  659898uA, P   +719mbar
1590486818:[PRESS ,0038]P   +479mbar,T+16990mdegC
1590486836:[PRESS ,0038]P   +419mbar,T+17036mdegC
1590486843:[STAGE ,0214]389mbar (500) reached at 1590486843s, ascending from 5169mbar
1590486843:[STAGE ,0342]The float reached the surface : OK
1590486843:[MAIN  ,0140]stage[2] complete 14176s after mission start
1590486849:[SBE41 ,0343]SBE41 dump : 1376 stored samples in hexa format
1590486899:[SBE41 ,0338]Dump finished
1590486899:[SBE41 ,0318]12384 bytes in 0051/5ECCE17B.S41
1590486900:[MRMAID,0188]acq already stopped
1590486960:[MSSION,0192]mission stopped, 3 stage(s) done
1590486960:[MAIN  ,0065]surfacing
1590486962:[PRESS ,0038]P     -1mbar,T+17388mdegC
1590486962:[SURFIN,0036]P     -1mbar
1590486965:[SURFIN,0020]filling external bladder
1590486974:[PUMP  ,0207]battery 15025mV,   41846uA (warmup), P     -1mbar
1590486974:[PUMP  ,0016]pump during 300000ms
1590487119:[PUMP  ,0212]battery 14225mV, 1405318uA (steady state), P     -1mbar
1590487121:[SURFIN,0019]external bladder full
1590487123:[PRESS ,0038]P   +210mbar,T+17770mdegC
1590487184:[MAIN  ,0272]Vbat 14775mV (min 14661mV)
1590487186:[MAIN  ,0024]internal pressure 79011Pa
1590487186:[MAIN  ,0043]Pext 203mbar (rng 20mbar)
1590487186:[MAIN  ,0064]surface
1590487197:[SURF  ,0022]GPS fix...
1590487201:<WARN>[GPSFIX,0123]GPRMC ms=980 #1
1590487220:<WARN>[GPSFIX,0123]GPRMC ms=500 #1
1590487242:[SURF  ,0015]10 PPS detected...
1590487243:[MRMAID,0052]Mermaid $GPSACK:+0,+0,+0,+0,+0,+0,-4638;
1590487253:[MRMAID,0052]Mermaid $GPSOFF:3686321;
1590487254:[GPSFIX,0179]-1s diff
1590487255:[SURF  ,0222]2020-05-26T10:00:55
1590487255:[SURF  ,0082]Latitude : N43deg40.939mn, Longitude :E007deg19.174mn
1590487255:[SURF  ,0223]fix3D,10satellites
1590487255:[SURF  ,0084]GPS fix GPGSA : hdop0.670,vdop0.990
1590487265:[SURF  ,0274]last almanac : 351654
1590487325:[MRMAID,0026]19499 bytes in 0051/5ECCE8E6.MER
1590487331:[MAIN  ,0320]New pressure offset: 203mbar
1590487331:[LOGBIN,0078]*** switching to 0051/5ECCE923 ***
