1583370346:[MAIN  ,0007]buoy 452.020-P-0051
1583370346:[MAIN  ,0055]soft pilotage 452.012.300_V2.14-20200303
1583370346:[MAIN  ,0010]cycle 8
1583370346:[SURF  ,0225]surface2
1583370365:[SURF  ,0022]GPS fix...
1583370385:[SURF  ,0015]10 PPS detected...
1583370386:[MRMAID,0052]Mermaid $GPSACK:+0,+0,+0,+0,+0,+0,+0;
1583370396:[MRMAID,0052]Mermaid $GPSOFF:3686322;
1583370397:[GPSFIX,0179]-1s diff
1583370398:[SURF  ,0222]2020-03-05T01:06:38
1583370398:[SURF  ,0082]Latitude : N43deg40.941mn, Longitude :E007deg19.167mn
1583370398:[SURF  ,0223]fix3D,12satellites
1583370398:[SURF  ,0084]GPS fix GPGSA : hdop0.670,vdop0.860
1583370408:[SURF  ,0025]Iridium...
1583370416:[SBE41 ,0339]newoffset=-0.68db received after 63s
1583370448:[SURF  ,0009]connected in 40s, signal quality 4
1583370556:[SURF  ,0218]prompt received, remote cmd end
1583370556:[SURF  ,0012]76 cmd(s) received
1583370604:[UPLOAD,0248]Upload data files...
1583370657:[UPLOAD,0231]"0051/5E604C24.S41" uploaded at 132bytes/s
1583370671:[UPLOAD,0231]"0051/5E60505D.MER" uploaded at 141bytes/s
1583370726:[UPLOAD,0231]"0051/5E60317E.BIN" uploaded at 131bytes/s
1583370752:[MAIN  ,0013]3 file(s) uploaded
1583370785:[SURF  ,0014]disconnected after 377s
1583370790:[SURFIN,0020]filling external bladder
1583370798:[PUMP  ,0016]pump during 300000ms
1583370810:[SURFIN,0019]external bladder full
1583370810:[SURF  ,0227]1st complete transfer
1583371004:[SURF  ,0022]GPS fix...
1583371024:[SURF  ,0015]10 PPS detected...
1583371025:[MRMAID,0052]Mermaid $GPSACK:+0,+0,+0,+0,+0,+1,-999908;
1583371035:[MRMAID,0052]Mermaid $GPSOFF:3686321;
1583371036:[GPSFIX,0179]-1s diff
1583371037:[SURF  ,0222]2020-03-05T01:17:17
1583371037:[SURF  ,0082]Latitude : N43deg40.942mn, Longitude :E007deg19.168mn
1583371037:[SURF  ,0223]fix3D,12satellites
1583371037:[SURF  ,0084]GPS fix GPGSA : hdop0.620,vdop0.800
1583371047:[SURF  ,0025]Iridium...
1583371251:<WARN>[SURF  ,0023]failed to connect #1, code -8, net 1, qual 5, dial 1
1583371309:[SURF  ,0009]connected in 262s, signal quality 4
1583371385:[SURF  ,0218]prompt received, remote cmd end
1583371385:[SURF  ,0012]19 cmd(s) received
1583371428:[SURF  ,0014]disconnected after 381s
1583371433:[SURFIN,0020]filling external bladder
1583371441:[PUMP  ,0016]pump during 300000ms
1583371453:[SURFIN,0019]external bladder full
1583371453:[SURF  ,0226]Go dive (Minimum surface delay expired and no more file to upload)
1583371468:[SURF  ,0022]GPS fix...
1583371488:[SURF  ,0015]10 PPS detected...
1583371489:[MRMAID,0052]Mermaid $GPSACK:+0,+0,+0,+0,+0,+0,-61;
1583371499:[MRMAID,0052]Mermaid $GPSOFF:3686321;
1583371500:[GPSFIX,0179]+0s diff
1583371500:[SURF  ,0222]2020-03-05T01:25:00
1583371500:[SURF  ,0082]Latitude : N43deg40.941mn, Longitude :E007deg19.168mn
1583371500:[SURF  ,0223]fix3D,11satellites
1583371500:[SURF  ,0084]GPS fix GPGSA : hdop0.660,vdop0.950
1583371517:[MAIN  ,0024]internal pressure 78116Pa
1583371518:[BYCMD ,0107]    FreeRTOS V8.2.3
1583371518:[BYCMD ,0108]    FatFS v11a
1583371518:[BYCMD ,0120]    bypass 10000ms 120000ms (20000ms 60000ms stored)
1583371518:[BYCMD ,0121]    valve 60000ms 12750 (60000ms 12750 stored)
1583371518:[BYCMD ,0122]    pump 60000ms 30% 10750 80% (60000ms 30% 10750 80% stored)
1583371518:[BYCMD ,0123]    rate 2mbar/s (2mbar/s stored)
1583371518:[BYCMD ,0124]    surface 500mbar (500mbar stored)
1583371518:[BYCMD ,0125]    near 500mbar 3mbar/s (15000mbar 3mbar/s stored)
1583371518:[BYCMD ,0126]    far 1500mbar 4mbar/s (25000mbar 4mbar/s stored)
1583371518:[BYCMD ,0127]    ascent 8mbar/s (8mbar/s stored)
1583371518:[BYCMD ,0128]    dead 60s (300s stored)
1583371518:[BYCMD ,0129]    coeff 16/10 (16/10 stored)
1583371518:[BYCMD ,0130]    stab 10 (10 stored)
1583371518:[BYCMD ,0131]    delay 900s 3600s (900s 3600s stored)
1583371518:[BYCMD ,0132]    mmtime 2880min (2880min stored)
1583371518:[BYCMD ,0133]    dv_landing 100ml (100ml stored)
1583371518:[MKDCMD,0150]    p2t37: 15x2000ms, offset 178mbar
1583371518:[P2TCMD,0151]    p2t37: dp 50mbar, dt 1000000mdegC
1583371519:[STAGE ,0080]Stage [0] 5000mbar (+/-500mbar) 1800s (<1800s) 
1583371519:[STAGE ,0080]Stage [1] 5000mbar (+/-500mbar) 3600s (<5400s) MERMAID
1583371519:[STAGE ,0091]Stage [2] surfacing 3600s (<9000s) SBE41
1583371519:[SBE41 ,0282]SBE41 parameters : 
      dsreplyformat=1 (webb(0)/standard(1))
      addtimingdelays=0 (n(0)/y(1))
      outputdensity=0 (n(0)/y(1))
      echocmd=0 (n(0)/y(1))
      outputrt=0 (n(0)/y(1))
      outputpts=0 (n(0)/y(1))
      outputsn=0 (n(0)/y(1))
      outputpressure=1 (n(0)/y(1))
      pcutoff=5dbar
      tswait=0s
      pumpfastpt=1 (n(0)/y(1))
      samplerate=1 ('fast':1Hz(1)/'slow':0.5Hz(0))
      top_bin_interval=10dbar
      top_bin_size=10dbar
      top_bin_max=100dbar
      middle_bin_interval=50dbar
      middle_bin_size=50dbar
      middle_bin_max=1000dbar
      bottom_bin_interval=100dbar
      bottom_bin_size=100dbar
      includetransitionbin=0
      includenbin=0 (n(0)/y(1))
      autobinavg=0 (n(0)/y(1))
1583371519:[SBE41 ,0283]SBE41 pilot policy : 
      continiousprofile=0 (n(0)/y(1)
      speeddetection=1 (n(0)/y(1)
      hexoutput=1 (n(0)/y(1)
      binaverageoutput=0 (n(0)/y(1)
      manualprofilerate=10s
      runningpumpbeforeprofile=0s
      speedstart=2mbar/s
      speedcontrol=7mbar/s
1583371519:[MAIN  ,0070]turn off bluetooth
1583371521:[PRESS ,0038]P    -28mbar,T+13998mdegC
1583371546:[DIVING,0141]diving from -18mbar, +1mbar/s
1583371546:[BYPASS,0035]bypass opening 120000ms
1583371678:[PRESS ,0038]P    +32mbar,T+13969mdegC
1583371687:[PRESS ,0038]P   +102mbar,T+13966mdegC
1583371697:[PRESS ,0038]P   +172mbar,T+13962mdegC
1583371711:[PRESS ,0038]P   +252mbar,T+13959mdegC
1583371722:[PRESS ,0038]P   +312mbar,T+13956mdegC
1583371736:[PRESS ,0038]P   +382mbar,T+13954mdegC
1583371750:[PRESS ,0038]P   +452mbar,T+13952mdegC
1583371771:[DIVING,0028]502mbar reached (+4mbar/s), 1 bypass done
1583371771:[MAIN  ,0056]stage[0]
1583371774:[MAIN  ,0024]internal pressure 79286Pa
1583371775:[BUOY  ,0037]P   +492mbar
1583371775:[STAGE ,0080]Stage [0] 5000mbar (+/-500mbar) 1800s (<1583373571s) 
1583371776:<WARN>[STAGE ,0140]The float reached the surface, unanticipated...
1583371776:[MAIN  ,0140]stage[0] complete 5s after mission start
1583371776:[MAIN  ,0056]stage[1]
1583371779:[MAIN  ,0024]internal pressure 79258Pa
1583371780:[MRMAID,0002]acq started
1583371790:[BUOY  ,0037]P   +492mbar
1583371790:[STAGE ,0080]Stage [1] 5000mbar (+/-500mbar) 3600s (<1583377171s) MERMAID
1583371792:[BUOY  ,0087]from +1mbar/s to +4mbar/s
1583371792:[BUOY  ,0090]need to transfer -24mL (valve during 13909ms)
1583371792:[VALVE ,0034]valve opening 13909ms
1583371817:[MRMAID,0184]acq already started
1583371833:[MRMAID,0059]stop canceled
1583371863:[PRESS ,0038]P   +802mbar,T+13935mdegC
1583371872:[PRESS ,0038]P   +862mbar,T+13934mdegC
1583371883:[PRESS ,0038]P   +922mbar,T+13934mdegC
1583371949:[PRESS ,0038]P  +1372mbar,T+13930mdegC
1583371956:[PRESS ,0038]P  +1432mbar,T+13929mdegC
1583371963:[PRESS ,0038]P  +1492mbar,T+13928mdegC
1583371972:[PRESS ,0038]P  +1562mbar,T+13927mdegC
1583372034:[PRESS ,0038]P  +2042mbar,T+13926mdegC
1583372045:[PRESS ,0038]P  +2112mbar,T+13926mdegC
1583372059:[BUOY  ,0087]from +2mbar/s to +4mbar/s
1583372059:[BUOY  ,0090]need to transfer -20mL (valve during 5667ms)
1583372059:[MRMAID,0003]acq stopped
1583372059:[VALVE ,0034]valve opening 5667ms
1583372066:[MRMAID,0002]acq started
1583372130:[PRESS ,0038]P  +2642mbar,T+13924mdegC
1583372138:[PRESS ,0038]P  +2702mbar,T+13924mdegC
1583372146:[PRESS ,0038]P  +2772mbar,T+13925mdegC
1583372154:[PRESS ,0038]P  +2832mbar,T+13925mdegC
1583372215:[PRESS ,0038]P  +3292mbar,T+13925mdegC
1583372222:[PRESS ,0038]P  +3362mbar,T+13925mdegC
1583372229:[PRESS ,0038]P  +3432mbar,T+13926mdegC
1583372238:[PRESS ,0038]P  +3502mbar,T+13926mdegC
1583372240:[BUOY  ,0087]from +9mbar/s to +3mbar/s
1583372240:[BUOY  ,0089]need to transfer +116mL (pump during 142331ms)
1583372240:[MRMAID,0003]acq stopped
1583372249:[PUMP  ,0016]pump during 60000ms
1583372312:[MRMAID,0002]acq started
1583372323:[PRESS ,0038]P  +4182mbar,T+13940mdegC
1583372332:[PRESS ,0038]P  +4242mbar,T+13943mdegC
1583372339:[PRESS ,0038]P  +4302mbar,T+13944mdegC
1583372346:[PRESS ,0038]P  +4372mbar,T+13946mdegC
1583372348:[BUOY  ,0087]from +9mbar/s to +3mbar/s
1583372348:[BUOY  ,0089]need to transfer +116mL (pump during 142331ms)
1583372356:[PUMP  ,0016]pump during 60000ms
1583372365:[MRMAID,0003]acq stopped
1583372419:[MRMAID,0002]acq started
1583372431:[PRESS ,0038]P  +5022mbar,T+13972mdegC
1583372441:[PRESS ,0038]P  +5092mbar,T+13977mdegC
1583372450:[PRESS ,0038]P  +5172mbar,T+13980mdegC
1583372455:[STAGE ,0213]5192mbar reached at 1583372455s, ref 5000mbar +/-500mbar
1583372455:[BUOY  ,0087]from +7mbar/s to +0mbar/s
1583372455:[BUOY  ,0089]need to transfer +78mL (pump during 95706ms)
1583372464:[PUMP  ,0016]pump during 60000ms
1583372472:[MRMAID,0003]acq stopped
1583372527:[MRMAID,0002]acq started
1583372538:[PRESS ,0038]P  +5662mbar,T+14014mdegC
1583372554:[PRESS ,0038]P  +5732mbar,T+14021mdegC
1583372563:[BUOY  ,0087]from +4mbar/s to -3mbar/s
1583372563:[BUOY  ,0089]need to transfer +40mL (pump during 49080ms)
1583372572:[PUMP  ,0016]pump during 49080ms
1583372580:[MRMAID,0003]acq stopped
1583372624:[MRMAID,0002]acq started
1583372637:[PRESS ,0038]P  +6012mbar,T+14054mdegC
1583372649:[PRESS ,0038]P  +6072mbar,T+14059mdegC
1583372662:[BUOY  ,0087]from +3mbar/s to -3mbar/s
1583372662:[BUOY  ,0089]need to transfer +28mL (pump during 34347ms)
1583372670:[PUMP  ,0016]pump during 34347ms
1583372677:[MRMAID,0003]acq stopped
1583372708:[MRMAID,0002]acq started
1583372735:[PRESS ,0038]P  +6152mbar,T+14088mdegC
1583372821:[PRESS ,0038]P  +6092mbar,T+14097mdegC
1583372846:<WARN>[BUOY  ,0094]stage[1] should ASCENT, stuck at 6102mbar for the #1 time
1583372846:[BUOY  ,0087]from +0mbar/s to -3mbar/s
1583372846:[BUOY  ,0089]need to transfer +14mL (pump during 17461ms)
1583372846:[MRMAID,0003]acq stopped
1583372854:[PUMP  ,0016]pump during 17461ms
1583372875:[MRMAID,0002]acq started
1583372944:<WARN>[BUOY  ,0094]stage[1] should ASCENT, stuck at 6082mbar for the #2 time
1583372944:[BUOY  ,0087]from +0mbar/s to -3mbar/s
1583372944:[BUOY  ,0089]need to transfer +14mL (pump during 17461ms)
1583372944:[MRMAID,0003]acq stopped
1583372953:[PUMP  ,0016]pump during 17461ms
1583372974:[MRMAID,0002]acq started
1583373032:[PRESS ,0038]P  +6032mbar,T+14116mdegC
1583373043:[BUOY  ,0087]from -1mbar/s to -3mbar/s
1583373043:[BUOY  ,0089]need to transfer +12mL (pump during 14967ms)
1583373043:[MRMAID,0052]Mermaid $STOPAC
1583373044:[MRMAID,0183]dropping spurious '0x4B'
1583373044:[MRMAID,0183]dropping spurious '0x3A'
1583373044:[MRMAID,0183]dropping spurious '0x2B'
1583373044:[MRMAID,0183]dropping spurious '0x31'
1583373044:[MRMAID,0183]dropping spurious '0x3B'
1583373044:[MRMAID,0185]5 spurious byte(s) received
1583373051:[PUMP  ,0016]pump during 14967ms
1583373070:[MRMAID,0002]acq started
1583373117:[PRESS ,0038]P  +5882mbar,T+14122mdegC
1583373140:[PRESS ,0038]P  +5822mbar,T+14123mdegC
1583373202:[PRESS ,0038]P  +5602mbar,T+14120mdegC
1583373216:[PRESS ,0038]P  +5542mbar,T+14117mdegC
1583373288:[PRESS ,0038]P  +5292mbar,T+14112mdegC
1583373302:[PRESS ,0038]P  +5232mbar,T+14110mdegC
1583373312:[BUOY  ,0087]from -4mbar/s to +0mbar/s
1583373312:[BUOY  ,0090]need to transfer -26mL (valve during 4604ms)
1583373312:[MRMAID,0003]acq stopped
1583373313:[VALVE ,0034]valve opening 4604ms
1583373319:[MRMAID,0002]acq started
1583373383:[PRESS ,0038]P  +5052mbar,T+14101mdegC
1583373469:[PRESS ,0038]P  +4822mbar,T+14093mdegC
1583373469:[BUOY  ,0087]from -3mbar/s to +0mbar/s
1583373469:[BUOY  ,0090]need to transfer -14mL (valve during 2587ms)
1583373469:[MRMAID,0003]acq stopped
1583373469:[VALVE ,0034]valve opening 2587ms
1583373473:[MRMAID,0002]acq started
1583373685:[PRESS ,0038]P  +4922mbar,T+14073mdegC
1583373746:[PRESS ,0038]P  +5022mbar,T+14068mdegC
1583373746:[BUOY  ,0087]from +1mbar/s to +0mbar/s
1583373746:[BUOY  ,0089]need to transfer +2mL (pump during 2459ms)
1583373746:[MRMAID,0003]acq stopped
1583373755:[PUMP  ,0016]pump during 2459ms
1583373760:[MRMAID,0002]acq started
1583373830:[PRESS ,0038]P  +5082mbar,T+14065mdegC
1583373845:[BUOY  ,0087]from +1mbar/s to +0mbar/s
1583373845:[BUOY  ,0089]need to transfer +2mL (pump during 2459ms)
1583373845:[MRMAID,0003]acq stopped
1583373853:[PUMP  ,0016]pump during 2459ms
1583373859:[MRMAID,0002]acq started
1583373943:[BUOY  ,0087]from +1mbar/s to +0mbar/s
1583373943:[BUOY  ,0089]need to transfer +2mL (pump during 2442ms)
1583373943:[MRMAID,0003]acq stopped
1583373952:[PUMP  ,0016]pump during 2442ms
1583373957:[MRMAID,0002]acq started
1583374017:[PRESS ,0038]P  +5162mbar,T+14058mdegC
1583374284:[PRESS ,0038]P  +5242mbar,T+14041mdegC
1583374345:[PRESS ,0038]P  +5302mbar,T+14037mdegC
1583374406:[PRESS ,0038]P  +5362mbar,T+14034mdegC
1583374466:[PRESS ,0038]P  +5422mbar,T+14031mdegC
1583374527:[BUOY  ,0087]from +1mbar/s to +0mbar/s
1583374527:[BUOY  ,0089]need to transfer +2mL (pump during 2434ms)
1583374527:[MRMAID,0003]acq stopped
1583374536:[PUMP  ,0016]pump during 2434ms
1583374541:[MRMAID,0002]acq started
1583374601:[PRESS ,0038]P  +5522mbar,T+14027mdegC
1583374626:<WARN>[BUOY  ,0094]stage[1] should ASCENT, stuck at 5512mbar for the #1 time
1583374626:[BUOY  ,0087]from +0mbar/s to -3mbar/s
1583374626:[BUOY  ,0089]need to transfer +14mL (pump during 17035ms)
1583374626:[MRMAID,0003]acq stopped
1583374634:[PUMP  ,0016]pump during 17035ms
1583374655:[MRMAID,0002]acq started
1583374701:[PRESS ,0038]P  +5462mbar,T+14029mdegC
1583374785:[PRESS ,0038]P  +5332mbar,T+14028mdegC
1583374846:[PRESS ,0038]P  +5242mbar,T+14026mdegC
1583374906:[PRESS ,0038]P  +5152mbar,T+14022mdegC
1583375028:[PRESS ,0038]P  +5032mbar,T+14018mdegC
1583375088:[PRESS ,0038]P  +4942mbar,T+14015mdegC
1583375088:[BUOY  ,0087]from -1mbar/s to +0mbar/s
1583375088:[BUOY  ,0090]need to transfer -2mL (valve during 364ms)
1583375089:[MRMAID,0002]acq started
1583375089:[VALVE ,0034]valve opening 364ms
1583375090:[MRMAID,0183]dropping spurious '0x53'
1583375090:[MRMAID,0183]dropping spurious '0x54'
1583375090:[MRMAID,0183]dropping spurious '0x4F'
1583375090:[MRMAID,0183]dropping spurious '0x50'
1583375090:[MRMAID,0183]dropping spurious '0x41'
1583375090:[MRMAID,0183]dropping spurious '0x43'
1583375090:[MRMAID,0183]dropping spurious '0x4B'
1583375090:[MRMAID,0183]dropping spurious '0x3A'
1583375090:[MRMAID,0183]dropping spurious '0x2B'
1583375090:[MRMAID,0183]dropping spurious '0x31'
1583375090:[MRMAID,0183]dropping spurious '0x3B'
1583375090:[MRMAID,0185]11 spurious byte(s) received
1583375101:[MRMAID,0002]acq started
1583375170:[PRESS ,0038]P  +4862mbar,T+14013mdegC
1583375194:[BUOY  ,0087]from -1mbar/s to +0mbar/s
1583375194:[BUOY  ,0090]need to transfer -2mL (valve during 370ms)
1583375194:[MRMAID,0003]acq stopped
1583375195:[VALVE ,0034]valve opening 370ms
1583375207:[MRMAID,0002]acq started
1583375276:[PRESS ,0038]P  +4802mbar,T+14009mdegC
1583375300:[BUOY  ,0087]from -1mbar/s to +0mbar/s
1583375300:[BUOY  ,0090]need to transfer -2mL (valve during 370ms)
1583375300:[MRMAID,0003]acq stopped
1583375301:[VALVE ,0034]valve opening 370ms
1583375313:[MRMAID,0002]acq started
1583375381:[PRESS ,0038]P  +4682mbar,T+14003mdegC
1583375406:[BUOY  ,0087]from -2mbar/s to +0mbar/s
1583375406:[BUOY  ,0090]need to transfer -6mL (valve during 1125ms)
1583375407:[VALVE ,0034]valve opening 1125ms
1583375408:[MRMAID,0003]acq stopped
1583375409:[MRMAID,0002]acq started
1583375684:[PRESS ,0038]P  +4772mbar,T+13994mdegC
1583375805:[PRESS ,0038]P  +4842mbar,T+13989mdegC
1583375866:[PRESS ,0038]P  +4922mbar,T+13989mdegC
1583376048:[PRESS ,0038]P  +5002mbar,T+13984mdegC
1583376048:[BUOY  ,0087]from +1mbar/s to +0mbar/s
1583376048:[BUOY  ,0089]need to transfer +2mL (pump during 2427ms)
1583376048:[MRMAID,0003]acq stopped
1583376056:[PUMP  ,0016]pump during 2427ms
1583376062:[MRMAID,0002]acq started
1583376146:[MAIN  ,0140]stage[1] complete 4375s after mission start
1583376146:[MRMAID,0052]Mermaid $STOPACK:
1583376148:[MRMAID,0183]dropping spurious '0x2B'
1583376148:[MRMAID,0183]dropping spurious '0x31'
1583376148:[MRMAID,0183]dropping spurious '0x3B'
1583376148:[MRMAID,0185]3 spurious byte(s) received
1583376207:[MRMAID,0188]acq already stopped
1583376267:[MAIN  ,0056]stage[2]
1583376269:[MAIN  ,0024]internal pressure 79245Pa
1583376270:[PRESS ,0038]P  +5072mbar,T+13982mdegC
1583376270:[BUOY  ,0037]P  +5072mbar
1583376270:[STAGE ,0091]Stage [2] surfacing 3600s (<1583380771s) SBE41
1583376272:<WARN>[BUOY  ,0094]stage[2] should ASCENT, stuck at 5082mbar for the #1 time
1583376272:[BUOY  ,0087]from +0mbar/s to -7mbar/s
1583376272:[BUOY  ,0089]need to transfer +78mL (pump during 94660ms)
1583376280:[PUMP  ,0016]pump during 60000ms
1583376344:[PRESS ,0038]P  +4952mbar,T+13991mdegC
1583376354:[PRESS ,0038]P  +4892mbar,T+13993mdegC
1583376369:[BUOY  ,0087]from -4mbar/s to -7mbar/s
1583376369:[BUOY  ,0089]need to transfer +52mL (pump during 63107ms)
1583376369:[SBE41 ,0337]Speed start detected
1583376377:[PUMP  ,0016]pump during 60000ms
1583376440:[PRESS ,0038]P  +4432mbar,T+14013mdegC
1583376448:[PRESS ,0038]P  +4372mbar,T+14015mdegC
1583376458:[PRESS ,0038]P  +4312mbar,T+14018mdegC
1583376526:[PRESS ,0038]P  +3912mbar,T+14026mdegC
1583376540:[PRESS ,0038]P  +3852mbar,T+14027mdegC
1583376551:[PRESS ,0038]P  +3792mbar,T+14027mdegC
1583376551:[BUOY  ,0087]from -5mbar/s to -7mbar/s
1583376551:[BUOY  ,0089]need to transfer +38mL (pump during 46117ms)
1583376559:[PUMP  ,0016]pump during 46117ms
1583376615:[PRESS ,0038]P  +3322mbar,T+14036mdegC
1583376623:[PRESS ,0038]P  +3252mbar,T+14038mdegC
1583376631:[PRESS ,0038]P  +3182mbar,T+14040mdegC
1583376638:[PRESS ,0038]P  +3122mbar,T+14042mdegC
1583376640:[BUOY  ,0087]from -8mbar/s to -7mbar/s
1583376640:[BUOY  ,0090]need to transfer -24mL (valve during 5564ms)
1583376640:[VALVE ,0034]valve opening 5564ms
1583376700:[PRESS ,0038]P  +2692mbar,T+14043mdegC
1583376711:[PRESS ,0038]P  +2622mbar,T+14044mdegC
1583376720:[PRESS ,0038]P  +2562mbar,T+14043mdegC
1583376786:[PRESS ,0038]P  +2112mbar,T+14040mdegC
1583376795:[PRESS ,0038]P  +2052mbar,T+14041mdegC
1583376802:[PRESS ,0038]P  +1992mbar,T+14040mdegC
1583376811:[PRESS ,0038]P  +1922mbar,T+14039mdegC
1583376871:[PRESS ,0038]P  +1492mbar,T+14036mdegC
1583376880:[PRESS ,0038]P  +1432mbar,T+14034mdegC
1583376889:[PRESS ,0038]P  +1372mbar,T+14034mdegC
1583376957:[PRESS ,0038]P   +852mbar,T+14030mdegC
1583376964:[PRESS ,0038]P   +792mbar,T+14029mdegC
1583376976:[PRESS ,0038]P   +712mbar,T+14029mdegC
1583377042:[PRESS ,0038]P   +272mbar,T+14024mdegC
1583377063:[PRESS ,0038]P   +212mbar,T+14022mdegC
1583377067:[STAGE ,0214]182mbar (500) reached at 1583377067s, ascending from 5072mbar
1583377067:[STAGE ,0342]The float reached the surface : OK
1583377067:[MAIN  ,0140]stage[2] complete 5296s after mission start
1583377072:[SBE41 ,0343]SBE41 dump : 651 stored samples in hexa format
1583377096:[SBE41 ,0338]Dump finished
1583377096:[SBE41 ,0318]5859 bytes in 0051/5E60678D.S41
1583377097:[MRMAID,0188]acq already stopped
1583377157:[MSSION,0192]mission stopped, 3 stage(s) done
1583377157:[MAIN  ,0065]surfacing
1583377159:[PRESS ,0038]P    -78mbar,T+14015mdegC
1583377159:[SURFIN,0036]P    -78mbar
1583377163:[SURFIN,0020]filling external bladder
1583377171:[PUMP  ,0016]pump during 300000ms
1583377331:[SURFIN,0019]external bladder full
1583377332:[PRESS ,0038]P   +180mbar,T+14146mdegC
1583377392:[MAIN  ,0272]Vbat 14729mV (min 14402mV)
1583377394:[MAIN  ,0024]internal pressure 78167Pa
1583377394:[MAIN  ,0043]Pext 171mbar (rng 20mbar)
1583377394:[MAIN  ,0064]surface
1583377406:[SURF  ,0022]GPS fix...
1583377406:<WARN>[GPSFIX,0123]GPRMC ms=990 #1
1583377428:[SURF  ,0015]10 PPS detected...
1583377429:[MRMAID,0052]Mermaid $GPSACK:+0,+0,+0,+0,+0,+0,-762;
1583377439:[MRMAID,0052]Mermaid $GPSOFF:3686321;
1583377440:[GPSFIX,0179]-1s diff
1583377441:[SURF  ,0222]2020-03-05T03:04:01
1583377441:[SURF  ,0082]Latitude : N43deg40.940mn, Longitude :E007deg19.171mn
1583377441:[SURF  ,0223]fix3D,10satellites
1583377441:[SURF  ,0084]GPS fix GPGSA : hdop0.750,vdop1.130
1583377451:[SURF  ,0274]last almanac : 2312892
1583377464:[MRMAID,0026]1565 bytes in 0051/5E606C30.MER
1583377469:[MAIN  ,0320]New pressure offset: 171mbar
