1594986053:[MAIN  ,0007]buoy 452.020-P-0051
1594986053:[MAIN  ,0055]soft pilotage 452.012.300_V2.20-20200612
1594986053:[MAIN  ,0010]cycle 4
1594986053:[SURF  ,0225]surface2
1594986072:[SURF  ,0022]GPS fix...
1594986092:[SURF  ,0015]10 PPS detected...
1594986093:[MRMAID,0052]Mermaid $GPSACK:+0,+0,+0,+0,+0,+0,+0;
1594986103:[MRMAID,0052]Mermaid $GPSOFF:3686321;
1594986105:[GPSFIX,0179]+0s diff
1594986105:[SURF  ,0222]2020-07-17T11:41:45
1594986105:[SURF  ,0082]Latitude : N43deg22.994mn, Longitude :E007deg45.002mn
1594986105:[SURF  ,0223]fix3D,10satellites
1594986105:[SURF  ,0084]GPS fix GPGSA : hdop0.600,vdop0.820
1594986115:[SURF  ,0025]Iridium...
1594986122:[SBE41 ,0339]newoffset=0.41db received after -57s
1594986151:[SURF  ,0009]connected in 36s, signal quality 4
1594986253:[SURF  ,0218]prompt received, remote cmd end
1594986253:[SURF  ,0012]30 cmd(s) received
1594986274:[UPLOAD,0248]Upload data files...
1594986290:[UPLOAD,0231]"0051/5F1120A6.S41" uploaded at 122bytes/s
1594986335:[UPLOAD,0231]"0051/5F118E2A.MER" uploaded at 140bytes/s
1594986442:[UPLOAD,0231]"0051/5F0EC247.BIN" uploaded at 139bytes/s
1594986458:[MAIN  ,0013]3 file(s) uploaded
1594986490:[SURF  ,0014]disconnected after 375s
1594986495:[SURFIN,0020]filling external bladder
1594986504:[PUMP  ,0207]battery 14812mV,   30622uA (warmup), P   +220mbar
1594986504:[PUMP  ,0016]pump during 300000ms
1594986519:[PUMP  ,0212]battery 13990mV, 1475224uA (steady state), P   +220mbar
1594986521:[SURFIN,0019]external bladder full
1594986521:[SURF  ,0227]1st complete transfer
1594986539:[SURF  ,0022]GPS fix...
1594986560:[SURF  ,0015]10 PPS detected...
1594986561:[MRMAID,0052]Mermaid $GPSACK:+0,+0,+0,+0,+0,+1,-999969;
1594986571:[MRMAID,0052]Mermaid $GPSOFF:3686320;
1594986572:[GPSFIX,0179]-1s diff
1594986573:[SURF  ,0222]2020-07-17T11:49:33
1594986573:[SURF  ,0082]Latitude : N43deg22.974mn, Longitude :E007deg44.932mn
1594986573:[SURF  ,0223]fix3D,11satellites
1594986573:[SURF  ,0084]GPS fix GPGSA : hdop0.620,vdop0.890
1594986590:[MAIN  ,0024]internal pressure 79194Pa
1594986591:[BYCMD ,0107]    FreeRTOS V8.2.3
1594986591:[BYCMD ,0108]    FatFS v11a
1594986591:[BYCMD ,0120]    bypass 20000ms 120000ms (20000ms 120000ms stored)
1594986591:[BYCMD ,0121]    valve 60000ms 12750 (60000ms 12750 stored)
1594986591:[BYCMD ,0122]    pump 60000ms 30% 10750 80% (60000ms 30% 10750 80% stored)
1594986591:[BYCMD ,0123]    rate 2mbar/s (2mbar/s stored)
1594986591:[BYCMD ,0124]    surface 500mbar (500mbar stored)
1594986591:[BYCMD ,0125]    near 15000mbar 3mbar/s (15000mbar 3mbar/s stored)
1594986591:[BYCMD ,0126]    far 25000mbar 4mbar/s (25000mbar 4mbar/s stored)
1594986591:[BYCMD ,0127]    ascent 8mbar/s (8mbar/s stored)
1594986591:[BYCMD ,0128]    dead 300s (300s stored)
1594986591:[BYCMD ,0129]    coeff 16/10 (16/10 stored)
1594986591:[BYCMD ,0130]    stab 10 (10 stored)
1594986591:[BYCMD ,0131]    delay 900s 7200s (900s 7200s stored)
1594986591:[BYCMD ,0132]    mmtime 43200min (43200min stored)
1594986591:[BYCMD ,0133]    dv_landing 100ml (100ml stored)
1594986591:[MKDCMD,0150]    p2t37: 15x2000ms, offset 216mbar
1594986591:[P2TCMD,0151]    p2t37: dp 500mbar, dt 1000000mdegC
1594986592:[STAGE ,0080]Stage [0] 150000mbar (+/-5000mbar) 49980s (<49980s) 
1594986592:[STAGE ,0080]Stage [1] 150000mbar (+/-5000mbar) 84000s (<133980s) MERMAID
1594986592:[STAGE ,0080]Stage [2] 200000mbar (+/-5000mbar) 16680s (<150660s) 
1594986592:[STAGE ,0091]Stage [3] surfacing 32160s (<182820s) SBE41
1594986592:[SBE41 ,0282]SBE41 parameters : 
      dsreplyformat=1 (webb(0)/standard(1))
      addtimingdelays=0 (n(0)/y(1))
      outputdensity=0 (n(0)/y(1))
      echocmd=0 (n(0)/y(1))
      outputrt=0 (n(0)/y(1))
      outputpts=0 (n(0)/y(1))
      outputsn=0 (n(0)/y(1))
      outputpressure=1 (n(0)/y(1))
      pcutoff=2dbar
      tswait=0s
      pumpfastpt=1 (n(0)/y(1))
      samplerate=1 ('fast':1Hz(1)/'slow':0.5Hz(0))
      top_bin_interval=10dbar
      top_bin_size=10dbar
      top_bin_max=100dbar
      middle_bin_interval=50dbar
      middle_bin_size=50dbar
      middle_bin_max=1000dbar
      bottom_bin_interval=100dbar
      bottom_bin_size=100dbar
      includetransitionbin=0
      includenbin=0 (n(0)/y(1))
      autobinavg=0 (n(0)/y(1))
1594986592:[SBE41 ,0283]SBE41 pilot policy : 
      continiousprofile=0 (n(0)/y(1)
      speeddetection=1 (n(0)/y(1)
      hexoutput=1 (n(0)/y(1)
      binaverageoutput=1 (n(0)/y(1)
      manualprofilerate=10s
      runningpumpbeforeprofile=0s
      speedstart=2mbar/s
      speedcontrol=8mbar/s
1594986592:[MAIN  ,0070]turn off bluetooth
1594986619:[DIVING,0141]diving from 4mbar, +0mbar/s
1594986619:[BYPASS,0035]bypass opening 120000ms
1594986624:[BYPASS,0104]battery 14458mV,  326716uA (bypass opening), P     +4mbar
1594986749:[BYPASS,0106]battery 14395mV,  399062uA (bypass closing), P     +4mbar
1594986776:[BYPASS,0035]bypass opening 20000ms
1594986781:[BYPASS,0104]battery 14470mV,  321226uA (bypass opening), P   -116mbar
1594986806:[BYPASS,0106]battery 14407mV,  397720uA (bypass closing), P   -116mbar
1594986832:[BYPASS,0035]bypass opening 20000ms
1594986837:[BYPASS,0104]battery 14483mV,  329644uA (bypass opening), P    -56mbar
1594986862:[BYPASS,0106]battery 14410mV,  396378uA (bypass closing), P    -56mbar
1594986910:[DIVING,0028]534mbar reached (+10mbar/s), 3 bypass done
1594986911:[MAIN  ,0056]stage[0]
1594986913:[MAIN  ,0024]internal pressure 81625Pa
1594986914:[BUOY  ,0037]P   +574mbar
1594986914:[STAGE ,0080]Stage [0] 150000mbar (+/-5000mbar) 49980s (<1595036890s) 
1594987216:[PRESS ,0038]P  +2364mbar,T+22589mdegC
1594987541:[PRESS ,0038]P  +3974mbar,T+19820mdegC
1594987865:[PRESS ,0038]P  +5774mbar,T+17595mdegC
1594988190:[PRESS ,0038]P  +7664mbar,T+16203mdegC
1594988515:[PRESS ,0038]P  +9594mbar,T+15375mdegC
1594988840:[PRESS ,0038]P +11444mbar,T+14870mdegC
1594989165:[PRESS ,0038]P +13114mbar,T+14560mdegC
1594989490:[PRESS ,0038]P +14634mbar,T+14374mdegC
1594989815:[PRESS ,0038]P +16144mbar,T+14248mdegC
1594990140:[PRESS ,0038]P +17654mbar,T+14161mdegC
1594990465:[PRESS ,0038]P +19124mbar,T+14103mdegC
1594990790:[PRESS ,0038]P +20654mbar,T+14064mdegC
1594991115:[PRESS ,0038]P +22284mbar,T+14035mdegC
1594991440:[PRESS ,0038]P +23844mbar,T+14012mdegC
1594991764:[PRESS ,0038]P +25344mbar,T+13991mdegC
1594992089:[PRESS ,0038]P +26754mbar,T+13970mdegC
1594992414:[PRESS ,0038]P +28144mbar,T+13977mdegC
1594992739:[PRESS ,0038]P +29534mbar,T+13983mdegC
1594993064:[PRESS ,0038]P +30944mbar,T+13980mdegC
1594993389:[PRESS ,0038]P +32364mbar,T+13967mdegC
1594993714:[PRESS ,0038]P +33744mbar,T+13947mdegC
1594994039:[PRESS ,0038]P +35114mbar,T+13923mdegC
1594994364:[PRESS ,0038]P +36484mbar,T+13900mdegC
1594994689:[PRESS ,0038]P +37834mbar,T+13877mdegC
1594995014:[PRESS ,0038]P +39164mbar,T+13850mdegC
1594995339:[PRESS ,0038]P +40484mbar,T+13827mdegC
1594995663:[PRESS ,0038]P +41804mbar,T+13808mdegC
1594995988:[PRESS ,0038]P +43104mbar,T+13793mdegC
1594996313:[PRESS ,0038]P +44434mbar,T+13776mdegC
1594996638:[PRESS ,0038]P +45804mbar,T+13758mdegC
1594996963:[PRESS ,0038]P +47134mbar,T+13738mdegC
1594997288:[PRESS ,0038]P +48424mbar,T+13722mdegC
1594997613:[PRESS ,0038]P +49714mbar,T+13705mdegC
1594997938:[PRESS ,0038]P +50954mbar,T+13690mdegC
1594998263:[PRESS ,0038]P +52124mbar,T+13676mdegC
1594998588:[PRESS ,0038]P +53264mbar,T+13661mdegC
1594998913:[PRESS ,0038]P +54364mbar,T+13648mdegC
1594999237:[PRESS ,0038]P +55464mbar,T+13636mdegC
1594999562:[PRESS ,0038]P +56534mbar,T+13623mdegC
1594999887:[PRESS ,0038]P +57624mbar,T+13614mdegC
1595000212:[PRESS ,0038]P +58664mbar,T+13603mdegC
1595000537:[PRESS ,0038]P +59664mbar,T+13594mdegC
1595000862:[PRESS ,0038]P +60594mbar,T+13585mdegC
1595000887:[BUOY  ,0087]from +2mbar/s to +4mbar/s
1595000887:[BUOY  ,0090]need to transfer -20mL (valve during 1037ms)
1595000887:[VALVE ,0034]valve opening 1037ms
1595000888:[VALVE ,0234]battery 13105mV,  573644uA, P +60654mbar
1595001187:[PRESS ,0038]P +61904mbar,T+13578mdegC
1595001512:[PRESS ,0038]P +63224mbar,T+13568mdegC
1595001837:[PRESS ,0038]P +64524mbar,T+13554mdegC
1595002162:[PRESS ,0038]P +65794mbar,T+13540mdegC
1595002487:[PRESS ,0038]P +67034mbar,T+13530mdegC
1595002812:[PRESS ,0038]P +68194mbar,T+13521mdegC
1595003137:[PRESS ,0038]P +69324mbar,T+13509mdegC
1595003462:[PRESS ,0038]P +70424mbar,T+13498mdegC
1595003786:[PRESS ,0038]P +71504mbar,T+13489mdegC
1595004111:[PRESS ,0038]P +72554mbar,T+13482mdegC
1595004436:[PRESS ,0038]P +73544mbar,T+13475mdegC
1595004761:[PRESS ,0038]P +74524mbar,T+13466mdegC
1595005086:[PRESS ,0038]P +75534mbar,T+13459mdegC
1595005411:[PRESS ,0038]P +76584mbar,T+13450mdegC
1595005736:[PRESS ,0038]P +77604mbar,T+13444mdegC
1595006061:[PRESS ,0038]P +78614mbar,T+13437mdegC
1595006386:[PRESS ,0038]P +79634mbar,T+13430mdegC
1595006711:[PRESS ,0038]P +80644mbar,T+13424mdegC
1595007036:[PRESS ,0038]P +81664mbar,T+13418mdegC
1595007361:[PRESS ,0038]P +82664mbar,T+13411mdegC
1595007685:[PRESS ,0038]P +83674mbar,T+13403mdegC
1595008010:[PRESS ,0038]P +84684mbar,T+13398mdegC
1595008335:[PRESS ,0038]P +85714mbar,T+13393mdegC
1595008660:[PRESS ,0038]P +86754mbar,T+13388mdegC
1595008985:[PRESS ,0038]P +87784mbar,T+13383mdegC
1595009310:[PRESS ,0038]P +88784mbar,T+13378mdegC
1595009635:[PRESS ,0038]P +89774mbar,T+13372mdegC
1595009960:[PRESS ,0038]P +90744mbar,T+13367mdegC
1595010285:[PRESS ,0038]P +91714mbar,T+13361mdegC
1595010610:[PRESS ,0038]P +92614mbar,T+13357mdegC
1595010935:[PRESS ,0038]P +93534mbar,T+13352mdegC
1595011260:[PRESS ,0038]P +94374mbar,T+13349mdegC
1595011584:[PRESS ,0038]P +95184mbar,T+13346mdegC
1595011609:[BUOY  ,0087]from +2mbar/s to +4mbar/s
1595011609:[BUOY  ,0090]need to transfer -20mL (valve during 828ms)
1595011609:[VALVE ,0034]valve opening 828ms
1595011610:[VALVE ,0234]battery 12837mV,  548756uA, P +95234mbar
1595011910:[PRESS ,0038]P +96394mbar,T+13342mdegC
1595012234:[PRESS ,0038]P +97664mbar,T+13339mdegC
1595012559:[PRESS ,0038]P +98854mbar,T+13334mdegC
1595012884:[PRESS ,0038]P+100034mbar,T+13330mdegC
1595013209:[PRESS ,0038]P+101204mbar,T+13326mdegC
1595013534:[PRESS ,0038]P+102364mbar,T+13321mdegC
1595013859:[PRESS ,0038]P+103464mbar,T+13316mdegC
1595014184:[PRESS ,0038]P+104534mbar,T+13312mdegC
1595014509:[PRESS ,0038]P+105564mbar,T+13306mdegC
1595014834:[PRESS ,0038]P+106554mbar,T+13301mdegC
1595015159:[PRESS ,0038]P+107504mbar,T+13297mdegC
1595015484:[PRESS ,0038]P+108434mbar,T+13291mdegC
1595015809:[PRESS ,0038]P+109354mbar,T+13287mdegC
1595015833:[BUOY  ,0087]from +2mbar/s to +4mbar/s
1595015833:[BUOY  ,0090]need to transfer -20mL (valve during 773ms)
1595015833:[VALVE ,0034]valve opening 773ms
1595015834:[VALVE ,0234]battery 12843mV,  557052uA, P+109404mbar
1595016134:[PRESS ,0038]P+110594mbar,T+13285mdegC
1595016459:[PRESS ,0038]P+111864mbar,T+13282mdegC
1595016783:[PRESS ,0038]P+113104mbar,T+13280mdegC
1595017108:[PRESS ,0038]P+114344mbar,T+13276mdegC
1595017433:[PRESS ,0038]P+115554mbar,T+13271mdegC
1595017758:[PRESS ,0038]P+116764mbar,T+13267mdegC
1595018083:[PRESS ,0038]P+117974mbar,T+13263mdegC
1595018408:[PRESS ,0038]P+119214mbar,T+13259mdegC
1595018733:[PRESS ,0038]P+120434mbar,T+13256mdegC
1595019058:[PRESS ,0038]P+121694mbar,T+13253mdegC
1595019383:[PRESS ,0038]P+122934mbar,T+13249mdegC
1595019708:[PRESS ,0038]P+124134mbar,T+13246mdegC
1595020033:[PRESS ,0038]P+125304mbar,T+13243mdegC
1595020358:[PRESS ,0038]P+126464mbar,T+13241mdegC
1595020682:[PRESS ,0038]P+127614mbar,T+13238mdegC
1595021007:[PRESS ,0038]P+128734mbar,T+13236mdegC
1595021332:[PRESS ,0038]P+129824mbar,T+13235mdegC
1595021657:[PRESS ,0038]P+130844mbar,T+13234mdegC
1595021982:[PRESS ,0038]P+131834mbar,T+13233mdegC
1595022307:[PRESS ,0038]P+132824mbar,T+13233mdegC
1595022632:[PRESS ,0038]P+133814mbar,T+13233mdegC
1595022957:[PRESS ,0038]P+134774mbar,T+13233mdegC
1595023282:[PRESS ,0038]P+135684mbar,T+13233mdegC
1595023607:[PRESS ,0038]P+136584mbar,T+13232mdegC
1595023932:[PRESS ,0038]P+137464mbar,T+13232mdegC
1595024256:[PRESS ,0038]P+138324mbar,T+13230mdegC
1595024581:[PRESS ,0038]P+139144mbar,T+13230mdegC
1595024906:[PRESS ,0038]P+139944mbar,T+13229mdegC
1595025231:[PRESS ,0038]P+140714mbar,T+13228mdegC
1595025556:[PRESS ,0038]P+141474mbar,T+13228mdegC
1595025881:[PRESS ,0038]P+142204mbar,T+13226mdegC
1595026206:[PRESS ,0038]P+142914mbar,T+13226mdegC
1595026531:[PRESS ,0038]P+143614mbar,T+13225mdegC
1595026856:[PRESS ,0038]P+144274mbar,T+13223mdegC
1595027181:[PRESS ,0038]P+144914mbar,T+13222mdegC
1595027506:[PRESS ,0038]P+145534mbar,T+13221mdegC
1595027530:[STAGE ,0213]145564mbar reached at 1595027530s, ref 150000mbar +/-5000mbar
1595027831:[PRESS ,0038]P+146104mbar,T+13221mdegC
1595028131:[PRESS ,0038]P+146634mbar,T+13221mdegC
1595028731:[PRESS ,0038]P+147634mbar,T+13221mdegC
1595029331:[PRESS ,0038]P+148554mbar,T+13220mdegC
1595029932:[PRESS ,0038]P+149454mbar,T+13221mdegC
1595030532:[PRESS ,0038]P+150214mbar,T+13221mdegC
1595030532:[BUOY  ,0087]from +2mbar/s to +0mbar/s
1595030532:[BUOY  ,0089]need to transfer +6mL (pump during 7253ms)
1595030540:[PUMP  ,0207]battery 15057mV,   37942uA (warmup), P+150214mbar
1595030540:[PUMP  ,0016]pump during 7253ms
1595030547:[PUMP  ,0212]battery 13012mV, 1294908uA (steady state), P+150214mbar
1595032361:[PRESS ,0038]P+149684mbar,T+13224mdegC
1595037163:[MAIN  ,0140]stage[0] complete -15283s after mission start
1595037164:[MAIN  ,0056]stage[1]
1595037166:[MAIN  ,0024]internal pressure 80441Pa
1595037167:[MRMAID,0002]acq started
1595037177:[BUOY  ,0037]P+150064mbar
1595037177:[STAGE ,0080]Stage [1] 150000mbar (+/-5000mbar) 84000s (<1595120890s) MERMAID
1595037179:[STAGE ,0213]150044mbar reached at 1595037179s, ref 150000mbar +/-5000mbar
1595039280:[PRESS ,0038]P+150204mbar,T+13218mdegC
1595045883:[PRESS ,0038]P+150714mbar,T+13213mdegC
1595055188:[PRESS ,0038]P+151224mbar,T+13210mdegC
1595068994:[PRESS ,0038]P+151754mbar,T+13207mdegC
1595086103:[PRESS ,0038]P+152264mbar,T+13207mdegC
1595107413:[PRESS ,0038]P+152774mbar,T+13205mdegC
1595120920:[MAIN  ,0140]stage[1] complete 2938s after mission start
1595120920:[MRMAID,0003]acq stopped
1595120921:[MRMAID,0052]Mermaid $MEASFS,3349221,83701.141357,40.014042;
1595120980:[MAIN  ,0056]stage[2]
1595120982:[MAIN  ,0024]internal pressure 80397Pa
1595120983:[BUOY  ,0037]P+153034mbar
1595120983:[STAGE ,0080]Stage [2] 200000mbar (+/-5000mbar) 16680s (<1595137570s) 
1595120985:<WARN>[BUOY  ,0094]stage[2] should DESCENT, stuck at 153034mbar for the #1 time
1595120985:[BUOY  ,0087]from +0mbar/s to +4mbar/s
1595120985:[BUOY  ,0090]need to transfer -26mL (valve during 848ms)
1595120985:[VALVE ,0034]valve opening 848ms
1595120986:[VALVE ,0234]battery 12481mV,  527894uA, P+153034mbar
1595121285:[PRESS ,0038]P+153954mbar,T+13206mdegC
1595121610:[PRESS ,0038]P+154994mbar,T+13206mdegC
1595121935:[PRESS ,0038]P+156034mbar,T+13207mdegC
1595122260:[PRESS ,0038]P+157074mbar,T+13207mdegC
1595122585:[PRESS ,0038]P+158094mbar,T+13207mdegC
1595122910:[PRESS ,0038]P+159094mbar,T+13208mdegC
1595123235:[PRESS ,0038]P+160094mbar,T+13208mdegC
1595123560:[PRESS ,0038]P+161064mbar,T+13209mdegC
1595123885:[PRESS ,0038]P+162044mbar,T+13210mdegC
1595124210:[PRESS ,0038]P+162974mbar,T+13210mdegC
1595124535:[PRESS ,0038]P+163894mbar,T+13211mdegC
1595124860:[PRESS ,0038]P+164804mbar,T+13212mdegC
1595125184:[PRESS ,0038]P+165714mbar,T+13212mdegC
1595125509:[PRESS ,0038]P+166574mbar,T+13212mdegC
1595125534:[BUOY  ,0087]from +2mbar/s to +4mbar/s
1595125534:[BUOY  ,0090]need to transfer -20mL (valve during 625ms)
1595125534:[VALVE ,0034]valve opening 625ms
1595125535:[VALVE ,0234]battery 12568mV,  539728uA, P+166634mbar
1595125834:[PRESS ,0038]P+167854mbar,T+13213mdegC
1595126159:[PRESS ,0038]P+169174mbar,T+13215mdegC
1595126484:[PRESS ,0038]P+170514mbar,T+13216mdegC
1595126809:[PRESS ,0038]P+171794mbar,T+13216mdegC
1595127134:[PRESS ,0038]P+173064mbar,T+13217mdegC
1595127459:[PRESS ,0038]P+174304mbar,T+13218mdegC
1595127784:[PRESS ,0038]P+175524mbar,T+13218mdegC
1595128109:[PRESS ,0038]P+176744mbar,T+13220mdegC
1595128434:[PRESS ,0038]P+177934mbar,T+13221mdegC
1595128759:[PRESS ,0038]P+179104mbar,T+13221mdegC
1595129084:[PRESS ,0038]P+180224mbar,T+13222mdegC
1595129409:[PRESS ,0038]P+181304mbar,T+13224mdegC
1595129733:[PRESS ,0038]P+182364mbar,T+13225mdegC
1595130058:[PRESS ,0038]P+183364mbar,T+13226mdegC
1595130383:[PRESS ,0038]P+184344mbar,T+13227mdegC
1595130708:[PRESS ,0038]P+185324mbar,T+13228mdegC
1595131033:[PRESS ,0038]P+186294mbar,T+13230mdegC
1595131358:[PRESS ,0038]P+187234mbar,T+13230mdegC
1595131683:[PRESS ,0038]P+188114mbar,T+13230mdegC
1595132008:[PRESS ,0038]P+188964mbar,T+13231mdegC
1595132333:[PRESS ,0038]P+189774mbar,T+13233mdegC
1595132658:[PRESS ,0038]P+190564mbar,T+13233mdegC
1595132983:[PRESS ,0038]P+191324mbar,T+13235mdegC
1595133308:[PRESS ,0038]P+192054mbar,T+13235mdegC
1595133632:[PRESS ,0038]P+192754mbar,T+13236mdegC
1595133957:[PRESS ,0038]P+193434mbar,T+13236mdegC
1595134282:[PRESS ,0038]P+194094mbar,T+13237mdegC
1595134607:[PRESS ,0038]P+194734mbar,T+13240mdegC
1595134932:[PRESS ,0038]P+195354mbar,T+13240mdegC
1595134957:[STAGE ,0213]195414mbar reached at 1595134957s, ref 200000mbar +/-5000mbar
1595135257:[PRESS ,0038]P+195984mbar,T+13240mdegC
1595135557:[PRESS ,0038]P+196514mbar,T+13241mdegC
1595135857:[PRESS ,0038]P+197034mbar,T+13242mdegC
1595136458:[PRESS ,0038]P+197974mbar,T+13243mdegC
1595137058:[PRESS ,0038]P+198864mbar,T+13244mdegC
1595137658:[PRESS ,0038]P+199694mbar,T+13246mdegC
1595137658:[MAIN  ,0140]stage[2] complete 19676s after mission start
1595137658:[MAIN  ,0056]stage[3]
1595137661:[MAIN  ,0024]internal pressure 80600Pa
1595137666:[SBE41 ,0282]SBE41 parameters : 
      dsreplyformat=1 (webb(0)/standard(1))
      addtimingdelays=0 (n(0)/y(1))
      outputdensity=0 (n(0)/y(1))
      echocmd=0 (n(0)/y(1))
      outputrt=0 (n(0)/y(1))
      outputpts=0 (n(0)/y(1))
      outputsn=0 (n(0)/y(1))
      outputpressure=1 (n(0)/y(1))
      pcutoff=2dbar
      tswait=0s
      pumpfastpt=1 (n(0)/y(1))
      samplerate=1 ('fast':1Hz(1)/'slow':0.5Hz(0))
      top_bin_interval=10dbar
      top_bin_size=10dbar
      top_bin_max=100dbar
      middle_bin_interval=50dbar
      middle_bin_size=50dbar
      middle_bin_max=1000dbar
      bottom_bin_interval=100dbar
      bottom_bin_size=100dbar
      includetransitionbin=0
      includenbin=0 (n(0)/y(1))
      autobinavg=0 (n(0)/y(1))
1595137668:[BUOY  ,0037]P+199684mbar
1595137668:[STAGE ,0091]Stage [3] surfacing 32160s (<1595169730s) SBE41
1595137668:[SBE41 ,0337]Speed start detected
1595137669:<WARN>[BUOY  ,0094]stage[3] should ASCENT, stuck at 199674mbar for the #1 time
1595137669:[BUOY  ,0087]from +2mbar/s to -8mbar/s
1595137669:[BUOY  ,0089]need to transfer +108mL (pump during 130593ms)
1595137678:[PUMP  ,0207]battery 14743mV,   62098uA (warmup), P+199674mbar
1595137678:[PUMP  ,0016]pump during 60000ms
1595137737:[PUMP  ,0212]battery 12905mV, 1599908uA (steady state), P+199674mbar
1595137973:[PRESS ,0038]P+198844mbar,T+13253mdegC
1595137998:[BUOY  ,0087]from -4mbar/s to -8mbar/s
1595137998:[BUOY  ,0089]need to transfer +76mL (pump during 94293ms)
1595138006:[PUMP  ,0207]battery 14896mV,   59658uA (warmup), P+198734mbar
1595138006:[PUMP  ,0016]pump during 60000ms
1595138065:[PUMP  ,0212]battery 13902mV, 1610766uA (steady state), P+198734mbar
1595138301:[PRESS ,0038]P+197004mbar,T+13269mdegC
1595138326:[BUOY  ,0087]from -5mbar/s to -8mbar/s
1595138326:[BUOY  ,0089]need to transfer +62mL (pump during 76923ms)
1595138334:[PUMP  ,0207]battery 14825mV,   56608uA (warmup), P+196864mbar
1595138334:[PUMP  ,0016]pump during 60000ms
1595138393:[PUMP  ,0212]battery 13898mV, 1613938uA (steady state), P+196864mbar
1595138629:[PRESS ,0038]P+194814mbar,T+13291mdegC
1595138954:[PRESS ,0038]P+192544mbar,T+13295mdegC
1595139279:[PRESS ,0038]P+190294mbar,T+13295mdegC
1595139604:[PRESS ,0038]P+188144mbar,T+13287mdegC
1595139629:[BUOY  ,0087]from -6mbar/s to -8mbar/s
1595139629:[BUOY  ,0089]need to transfer +44mL (pump during 54455ms)
1595139637:[PUMP  ,0207]battery 14938mV,   59902uA (warmup), P+187984mbar
1595139637:[PUMP  ,0016]pump during 54455ms
1595139691:[PUMP  ,0212]battery 14051mV, 1546472uA (steady state), P+187984mbar
1595139933:[PRESS ,0038]P+185684mbar,T+13288mdegC
1595140257:[PRESS ,0038]P+183094mbar,T+13282mdegC
1595140582:[PRESS ,0038]P+180614mbar,T+13277mdegC
1595140907:[PRESS ,0038]P+178114mbar,T+13269mdegC
1595141232:[PRESS ,0038]P+175624mbar,T+13260mdegC
1595141557:[PRESS ,0038]P+173154mbar,T+13252mdegC
1595141882:[PRESS ,0038]P+170744mbar,T+13245mdegC
1595142207:[PRESS ,0038]P+168374mbar,T+13239mdegC
1595142532:[PRESS ,0038]P+165914mbar,T+13233mdegC
1595142857:[PRESS ,0038]P+163554mbar,T+13229mdegC
1595143182:[PRESS ,0038]P+161224mbar,T+13225mdegC
1595143507:[PRESS ,0038]P+158934mbar,T+13221mdegC
1595143831:[PRESS ,0038]P+156704mbar,T+13218mdegC
1595144156:[PRESS ,0038]P+154494mbar,T+13216mdegC
1595144181:[BUOY  ,0087]from -6mbar/s to -8mbar/s
1595144181:[BUOY  ,0089]need to transfer +44mL (pump during 54187ms)
1595144189:[PUMP  ,0207]battery 14907mV,   64294uA (warmup), P+154334mbar
1595144189:[PUMP  ,0016]pump during 54187ms
1595144243:[PUMP  ,0212]battery 14140mV, 1313696uA (steady state), P+154334mbar
1595144485:[PRESS ,0038]P+152044mbar,T+13222mdegC
1595144810:[PRESS ,0038]P+149554mbar,T+13225mdegC
1595145135:[PRESS ,0038]P+147084mbar,T+13227mdegC
1595145459:[PRESS ,0038]P+144644mbar,T+13225mdegC
1595145784:[PRESS ,0038]P+142214mbar,T+13223mdegC
1595146109:[PRESS ,0038]P+139774mbar,T+13220mdegC
1595146434:[PRESS ,0038]P+137304mbar,T+13217mdegC
1595146759:[PRESS ,0038]P+134864mbar,T+13217mdegC
1595147084:[PRESS ,0038]P+132444mbar,T+13215mdegC
1595147409:[PRESS ,0038]P+130094mbar,T+13213mdegC
1595147734:[PRESS ,0038]P+127734mbar,T+13212mdegC
1595148059:[PRESS ,0038]P+125424mbar,T+13212mdegC
1595148384:[PRESS ,0038]P+123124mbar,T+13211mdegC
1595148709:[PRESS ,0038]P+120854mbar,T+13212mdegC
1595149033:[PRESS ,0038]P+118574mbar,T+13215mdegC
1595149358:[PRESS ,0038]P+116274mbar,T+13217mdegC
1595149683:[PRESS ,0038]P+114034mbar,T+13220mdegC
1595150008:[PRESS ,0038]P+111884mbar,T+13223mdegC
1595150033:[BUOY  ,0087]from -6mbar/s to -8mbar/s
1595150033:[BUOY  ,0089]need to transfer +44mL (pump during 54254ms)
1595150041:[PUMP  ,0207]battery 14883mV,   64050uA (warmup), P+111724mbar
1595150041:[PUMP  ,0016]pump during 54254ms
1595150095:[PUMP  ,0212]battery 14173mV, 1097146uA (steady state), P+111724mbar
1595150337:[PRESS ,0038]P+109414mbar,T+13231mdegC
1595150661:[PRESS ,0038]P+106914mbar,T+13240mdegC
1595150986:[PRESS ,0038]P+104444mbar,T+13250mdegC
1595151311:[PRESS ,0038]P+101964mbar,T+13256mdegC
1595151636:[PRESS ,0038]P +99524mbar,T+13259mdegC
1595151961:[PRESS ,0038]P +97164mbar,T+13264mdegC
1595152286:[PRESS ,0038]P +94804mbar,T+13267mdegC
1595152611:[PRESS ,0038]P +92474mbar,T+13273mdegC
1595152936:[PRESS ,0038]P +90104mbar,T+13278mdegC
1595153261:[PRESS ,0038]P +87784mbar,T+13283mdegC
1595153586:[PRESS ,0038]P +85524mbar,T+13291mdegC
1595153911:[PRESS ,0038]P +83244mbar,T+13298mdegC
1595154236:[PRESS ,0038]P +80974mbar,T+13307mdegC
1595154560:[PRESS ,0038]P +78774mbar,T+13314mdegC
1595154885:[PRESS ,0038]P +76584mbar,T+13323mdegC
1595155210:[PRESS ,0038]P +74424mbar,T+13331mdegC
1595155235:[BUOY  ,0087]from -6mbar/s to -8mbar/s
1595155235:[BUOY  ,0089]need to transfer +44mL (pump during 54254ms)
1595155243:[PUMP  ,0207]battery 14885mV,   62830uA (warmup), P +74274mbar
1595155243:[PUMP  ,0016]pump during 54254ms
1595155297:[PUMP  ,0212]battery 14235mV,  844484uA (steady state), P +74274mbar
1595155539:[PRESS ,0038]P +71914mbar,T+13342mdegC
1595155863:[PRESS ,0038]P +69354mbar,T+13358mdegC
1595156188:[PRESS ,0038]P +66944mbar,T+13371mdegC
1595156513:[PRESS ,0038]P +64534mbar,T+13383mdegC
1595156838:[PRESS ,0038]P +62184mbar,T+13395mdegC
1595157163:[PRESS ,0038]P +59864mbar,T+13409mdegC
1595157488:[PRESS ,0038]P +57544mbar,T+13423mdegC
1595157813:[PRESS ,0038]P +55234mbar,T+13436mdegC
1595158138:[PRESS ,0038]P +52934mbar,T+13448mdegC
1595158463:[PRESS ,0038]P +50634mbar,T+13464mdegC
1595158788:[PRESS ,0038]P +48354mbar,T+13482mdegC
1595159113:[PRESS ,0038]P +46064mbar,T+13501mdegC
1595159438:[PRESS ,0038]P +43764mbar,T+13523mdegC
1595159762:[PRESS ,0038]P +41484mbar,T+13545mdegC
1595160087:[PRESS ,0038]P +39184mbar,T+13566mdegC
1595160412:[PRESS ,0038]P +36944mbar,T+13588mdegC
1595160737:[PRESS ,0038]P +34664mbar,T+13612mdegC
1595161062:[PRESS ,0038]P +32474mbar,T+13637mdegC
1595161387:[PRESS ,0038]P +30344mbar,T+13662mdegC
1595161412:[BUOY  ,0087]from -6mbar/s to -8mbar/s
1595161412:[BUOY  ,0089]need to transfer +44mL (pump during 54254ms)
1595161420:[PUMP  ,0207]battery 14873mV,   63074uA (warmup), P +30174mbar
1595161420:[PUMP  ,0016]pump during 54254ms
1595161474:[PUMP  ,0212]battery 14290mV,  604144uA (steady state), P +30174mbar
1595161715:[PRESS ,0038]P +27884mbar,T+13681mdegC
1595162040:[PRESS ,0038]P +25474mbar,T+13713mdegC
1595162365:[PRESS ,0038]P +23124mbar,T+13735mdegC
1595162690:[PRESS ,0038]P +20874mbar,T+13739mdegC
1595163015:[PRESS ,0038]P +18484mbar,T+13743mdegC
1595163340:[PRESS ,0038]P +16064mbar,T+13747mdegC
1595163665:[PRESS ,0038]P +13764mbar,T+13754mdegC
1595163690:[BUOY  ,0087]from -6mbar/s to -8mbar/s
1595163690:[BUOY  ,0089]need to transfer +44mL (pump during 54254ms)
1595163698:[PUMP  ,0207]battery 14892mV,   63562uA (warmup), P +13604mbar
1595163698:[PUMP  ,0016]pump during 54254ms
1595163752:[PUMP  ,0212]battery 14332mV,  571204uA (steady state), P +13604mbar
1595163993:[PRESS ,0038]P +11134mbar,T+13747mdegC
1595164318:[PRESS ,0038]P  +8474mbar,T+13745mdegC
1595164643:[PRESS ,0038]P  +5824mbar,T+13723mdegC
1595164968:[PRESS ,0038]P  +3254mbar,T+13702mdegC
1595165293:[PRESS ,0038]P  +1444mbar,T+13853mdegC
1595165317:[BUOY  ,0087]from -2mbar/s to -8mbar/s
1595165318:[BUOY  ,0089]need to transfer +96mL (pump during 118372ms)
1595165326:[PUMP  ,0207]battery 14905mV,   63074uA (warmup), P  +1404mbar
1595165326:[PUMP  ,0016]pump during 60000ms
1595165385:[PUMP  ,0212]battery 14373mV,  480680uA (steady state), P  +1404mbar
1595165646:[BUOY  ,0087]from -1mbar/s to -8mbar/s
1595165646:[BUOY  ,0089]need to transfer +100mL (pump during 123609ms)
1595165654:[PUMP  ,0207]battery 14916mV,   60268uA (warmup), P  +1074mbar
1595165654:[PUMP  ,0016]pump during 60000ms
1595165713:[PUMP  ,0212]battery 14361mV,  501908uA (steady state), P  +1074mbar
1595165949:[PRESS ,0038]P    -86mbar,T+17569mdegC
1595165974:[STAGE ,0214]-86mbar (500) reached at 1595165974s, ascending from 199684mbar
1595165974:[STAGE ,0342]The float reached the surface : OK
1595165974:[MAIN  ,0140]stage[3] complete -17544s after mission start
1595166126:[SBE41 ,0343]SBE41 dump : 39 stored samples in hexa format
1595166127:[SBE41 ,0338]Dump finished
1595166127:[SBE41 ,0318]351 bytes in 0051/5F13DE83.S41
1595166128:[MRMAID,0188]acq already stopped
1595166188:[MSSION,0192]mission stopped, 4 stage(s) done
1595166188:[MAIN  ,0065]surfacing
1595166190:[SURFIN,0036]P    -96mbar
1595166193:[SURFIN,0020]filling external bladder
1595166202:[PUMP  ,0207]battery 14990mV,   43310uA (warmup), P    -96mbar
1595166202:[PUMP  ,0016]pump during 300000ms
1595166500:[PUMP  ,0212]battery 14072mV, 1494134uA (steady state), P    -96mbar
1595166511:[PUMP  ,0207]battery 14442mV,   26230uA (warmup), P    -96mbar
1595166511:[PUMP  ,0016]pump during 300000ms
1595166547:[PUMP  ,0212]battery 13887mV, 1465830uA (steady state), P    -96mbar
1595166549:[SURFIN,0019]external bladder full
1595166611:[MAIN  ,0272]Vbat 14692mV (min 14440mV)
1595166613:[MAIN  ,0024]internal pressure 78906Pa
1595166613:[MAIN  ,0043]Pext 230mbar (rng 20mbar)
1595166613:[MAIN  ,0064]surface
1595166625:[SURF  ,0022]GPS fix...
1595166636:<WARN>[GPSFIX,0123]GPRMC ms=500 #1
1595166656:[SURF  ,0015]10 PPS detected...
1595166658:[MRMAID,0052]Mermaid $GPSACK:+0,+0,+0,+0,+0,+0,-81573;
1595166668:[MRMAID,0052]Mermaid $GPSOFF:3686321;
1595166669:[GPSFIX,0179]-2s diff
1595166671:[SURF  ,0222]2020-07-19T13:51:11
1595166671:[SURF  ,0082]Latitude : N43deg20.606mn, Longitude :E007deg44.058mn
1595166671:[SURF  ,0223]fix3D,8satellites
1595166671:[SURF  ,0084]GPS fix GPGSA : hdop0.690,vdop0.860
1595166681:[SURF  ,0274]last almanac : 5031070
1595166693:[MRMAID,0026]1345 bytes in 0051/5F144FDE.MER
1595166699:[MAIN  ,0320]New pressure offset: 230mbar
1595166699:[LOGBIN,0078]*** switching to 0051/5F144FEB ***
