1583360087:[MAIN  ,0007]buoy 452.020-P-0051
1583360087:[MAIN  ,0055]soft pilotage 452.012.300_V2.14-20200303
1583360087:[MAIN  ,0010]cycle 6
1583360087:[SURF  ,0225]surface2
1583360102:[SURF  ,0022]GPS fix...
1583360123:[SURF  ,0015]10 PPS detected...
1583360124:[MRMAID,0052]Mermaid $GPSACK:+0,+0,+0,+0,+0,+0,-30;
1583360134:[MRMAID,0052]Mermaid $GPSOFF:3686321;
1583360135:[GPSFIX,0179]-1s diff
1583360136:[SURF  ,0222]2020-03-04T22:15:36
1583360136:[SURF  ,0082]Latitude : N43deg40.940mn, Longitude :E007deg19.168mn
1583360136:[SURF  ,0223]fix3D,9satellites
1583360136:[SURF  ,0084]GPS fix GPGSA : hdop0.680,vdop1.040
1583360146:[SURF  ,0025]Iridium...
1583360151:[SBE41 ,0339]newoffset=-0.74db received after 63s
1583360181:[SURF  ,0009]connected in 35s, signal quality 5
1583360244:[SURF  ,0218]prompt received, remote cmd end
1583360244:[SURF  ,0012]18 cmd(s) received
1583360265:[UPLOAD,0248]Upload data files...
1583360328:[UPLOAD,0231]"0051/5E602349.S41" uploaded at 135bytes/s
1583360345:[UPLOAD,0231]"0051/5E60284A.MER" uploaded at 97bytes/s
1583360504:[UPLOAD,0231]"0051/5E6008B2.BIN" uploaded at 50bytes/s
1583360519:[MAIN  ,0013]3 file(s) uploaded
1583360553:[SURF  ,0014]disconnected after 407s
1583360558:[SURFIN,0020]filling external bladder
1583360566:[PUMP  ,0016]pump during 300000ms
1583360579:[SURFIN,0019]external bladder full
1583360579:[SURF  ,0227]1st complete transfer
1583360744:[SURF  ,0022]GPS fix...
1583360764:[SURF  ,0015]10 PPS detected...
1583360765:[MRMAID,0052]Mermaid $GPSACK:+0,+0,+0,+0,+0,+0,-91;
1583360775:[MRMAID,0052]Mermaid $GPSOFF:3686321;
1583360776:[GPSFIX,0179]-1s diff
1583360777:[SURF  ,0222]2020-03-04T22:26:17
1583360777:[SURF  ,0082]Latitude : N43deg40.941mn, Longitude :E007deg19.168mn
1583360777:[SURF  ,0223]fix3D,10satellites
1583360777:[SURF  ,0084]GPS fix GPGSA : hdop0.620,vdop0.910
1583360787:[SURF  ,0025]Iridium...
1583360823:[SURF  ,0009]connected in 36s, signal quality 5
1583360886:[SURF  ,0218]prompt received, remote cmd end
1583360886:[SURF  ,0012]18 cmd(s) received
1583360922:[SURF  ,0014]disconnected after 135s
1583360927:[SURFIN,0020]filling external bladder
1583360935:[PUMP  ,0016]pump during 300000ms
1583360948:[SURFIN,0019]external bladder full
1583360948:[SURF  ,0226]Go dive (Minimum surface delay expired and no more file to upload)
1583360960:[SURF  ,0022]GPS fix...
1583360980:[SURF  ,0015]10 PPS detected...
1583360981:[MRMAID,0052]Mermaid $GPSACK:+0,+0,+0,+0,+0,+0,-30;
1583360991:[MRMAID,0052]Mermaid $GPSOFF:3686321;
1583360992:[GPSFIX,0179]-1s diff
1583360993:[SURF  ,0222]2020-03-04T22:29:53
1583360993:[SURF  ,0082]Latitude : N43deg40.940mn, Longitude :E007deg19.167mn
1583360993:[SURF  ,0223]fix3D,11satellites
1583360993:[SURF  ,0084]GPS fix GPGSA : hdop0.660,vdop0.980
1583361010:[MAIN  ,0024]internal pressure 78144Pa
1583361011:[BYCMD ,0107]    FreeRTOS V8.2.3
1583361011:[BYCMD ,0108]    FatFS v11a
1583361011:[BYCMD ,0120]    bypass 10000ms 120000ms (20000ms 60000ms stored)
1583361011:[BYCMD ,0121]    valve 60000ms 12750 (60000ms 12750 stored)
1583361011:[BYCMD ,0122]    pump 60000ms 30% 10750 80% (60000ms 30% 10750 80% stored)
1583361011:[BYCMD ,0123]    rate 2mbar/s (2mbar/s stored)
1583361011:[BYCMD ,0124]    surface 500mbar (500mbar stored)
1583361011:[BYCMD ,0125]    near 500mbar 3mbar/s (15000mbar 3mbar/s stored)
1583361011:[BYCMD ,0126]    far 1500mbar 4mbar/s (25000mbar 4mbar/s stored)
1583361011:[BYCMD ,0127]    ascent 8mbar/s (8mbar/s stored)
1583361011:[BYCMD ,0128]    dead 60s (300s stored)
1583361011:[BYCMD ,0129]    coeff 16/10 (16/10 stored)
1583361011:[BYCMD ,0130]    stab 10 (10 stored)
1583361011:[BYCMD ,0131]    delay 900s 3600s (900s 3600s stored)
1583361011:[BYCMD ,0132]    mmtime 2880min (2880min stored)
1583361011:[BYCMD ,0133]    dv_landing 100ml (100ml stored)
1583361011:[MKDCMD,0150]    p2t37: 15x2000ms, offset 185mbar
1583361011:[P2TCMD,0151]    p2t37: dp 50mbar, dt 1000000mdegC
1583361012:[STAGE ,0080]Stage [0] 5000mbar (+/-500mbar) 1800s (<1800s) 
1583361012:[STAGE ,0080]Stage [1] 5000mbar (+/-500mbar) 3600s (<5400s) MERMAID
1583361012:[STAGE ,0091]Stage [2] surfacing 3600s (<9000s) SBE41
1583361012:[SBE41 ,0282]SBE41 parameters : 
      dsreplyformat=1 (webb(0)/standard(1))
      addtimingdelays=0 (n(0)/y(1))
      outputdensity=0 (n(0)/y(1))
      echocmd=0 (n(0)/y(1))
      outputrt=0 (n(0)/y(1))
      outputpts=0 (n(0)/y(1))
      outputsn=0 (n(0)/y(1))
      outputpressure=1 (n(0)/y(1))
      pcutoff=5dbar
      tswait=0s
      pumpfastpt=1 (n(0)/y(1))
      samplerate=1 ('fast':1Hz(1)/'slow':0.5Hz(0))
      top_bin_interval=10dbar
      top_bin_size=10dbar
      top_bin_max=100dbar
      middle_bin_interval=50dbar
      middle_bin_size=50dbar
      middle_bin_max=1000dbar
      bottom_bin_interval=100dbar
      bottom_bin_size=100dbar
      includetransitionbin=0
      includenbin=0 (n(0)/y(1))
      autobinavg=0 (n(0)/y(1))
1583361012:[SBE41 ,0283]SBE41 pilot policy : 
      continiousprofile=0 (n(0)/y(1)
      speeddetection=1 (n(0)/y(1)
      hexoutput=1 (n(0)/y(1)
      binaverageoutput=0 (n(0)/y(1)
      manualprofilerate=10s
      runningpumpbeforeprofile=0s
      speedstart=2mbar/s
      speedcontrol=7mbar/s
1583361012:[MAIN  ,0070]turn off bluetooth
1583361014:[PRESS ,0038]P    -15mbar,T+14049mdegC
1583361039:[DIVING,0141]diving from -15mbar, +0mbar/s
1583361039:[BYPASS,0035]bypass opening 120000ms
1583361173:[PRESS ,0038]P    +55mbar,T+14002mdegC
1583361181:[PRESS ,0038]P   +125mbar,T+13998mdegC
1583361190:[PRESS ,0038]P   +195mbar,T+13995mdegC
1583361201:[PRESS ,0038]P   +255mbar,T+13991mdegC
1583361223:[PRESS ,0038]P   +315mbar,T+13986mdegC
1583361237:[PRESS ,0038]P   +375mbar,T+13981mdegC
1583361248:[PRESS ,0038]P   +435mbar,T+13979mdegC
1583361273:[PRESS ,0038]P   +495mbar,T+13975mdegC
1583361281:[DIVING,0028]505mbar reached (+2mbar/s), 1 bypass done
1583361281:[MAIN  ,0056]stage[0]
1583361283:[MAIN  ,0024]internal pressure 79316Pa
1583361284:[BUOY  ,0037]P   +505mbar
1583361284:[STAGE ,0080]Stage [0] 5000mbar (+/-500mbar) 1800s (<1583363081s) 
1583361286:<WARN>[STAGE ,0140]The float reached the surface, unanticipated...
1583361286:[MAIN  ,0140]stage[0] complete 5s after mission start
1583361286:[MAIN  ,0056]stage[1]
1583361288:[MAIN  ,0024]internal pressure 79312Pa
1583361289:[MRMAID,0002]acq started
1583361300:[BUOY  ,0037]P   +485mbar
1583361300:[STAGE ,0080]Stage [1] 5000mbar (+/-500mbar) 3600s (<1583366681s) MERMAID
1583361301:<WARN>[STAGE ,0140]The float reached the surface, unanticipated...
1583361301:[MAIN  ,0140]stage[1] complete 20s after mission start
1583361343:[MRMAID,0003]acq stopped
1583361362:[MAIN  ,0056]stage[2]
1583361364:[MAIN  ,0024]internal pressure 79308Pa
1583361365:[PRESS ,0038]P   +645mbar,T+13959mdegC
1583361365:[BUOY  ,0037]P   +645mbar
1583361365:[STAGE ,0091]Stage [2] surfacing 3600s (<1583370281s) SBE41
1583361367:[BUOY  ,0087]from +2mbar/s to -7mbar/s
1583361367:[BUOY  ,0089]need to transfer +84mL (pump during 104478ms)
1583361367:[SBE41 ,0337]Speed start detected
1583361375:[PUMP  ,0016]pump during 60000ms
1583361439:[PRESS ,0038]P  +1055mbar,T+13965mdegC
1583361451:[PRESS ,0038]P  +1115mbar,T+13969mdegC
1583361462:[PRESS ,0038]P  +1175mbar,T+13971mdegC
1583361463:[BUOY  ,0087]from +5mbar/s to -7mbar/s
1583361463:[BUOY  ,0089]need to transfer +118mL (pump during 146766ms)
1583361472:[PUMP  ,0016]pump during 60000ms
1583361535:[PRESS ,0038]P  +1545mbar,T+13993mdegC
1583361555:[PRESS ,0038]P  +1605mbar,T+14002mdegC
1583361560:[BUOY  ,0087]from +3mbar/s to -7mbar/s
1583361560:[BUOY  ,0089]need to transfer +92mL (pump during 114428ms)
1583361568:[PUMP  ,0016]pump during 60000ms
1583361632:[PRESS ,0038]P  +1855mbar,T+14031mdegC
1583361657:<WARN>[BUOY  ,0094]stage[2] should ASCENT, stuck at 1895mbar for the #1 time
1583361657:[BUOY  ,0087]from +1mbar/s to -7mbar/s
1583361657:[BUOY  ,0089]need to transfer +80mL (pump during 99502ms)
1583361665:[PUMP  ,0016]pump during 60000ms
1583361753:[BUOY  ,0087]from -2mbar/s to -7mbar/s
1583361753:[BUOY  ,0089]need to transfer +72mL (pump during 89552ms)
1583361761:[PUMP  ,0016]pump during 60000ms
1583361825:[PRESS ,0038]P  +1575mbar,T+14120mdegC
1583361838:[PRESS ,0038]P  +1515mbar,T+14126mdegC
1583361850:[PRESS ,0038]P  +1445mbar,T+14131mdegC
1583361850:[BUOY  ,0087]from -5mbar/s to -7mbar/s
1583361850:[BUOY  ,0089]need to transfer +38mL (pump during 47264ms)
1583361858:[PUMP  ,0016]pump during 47264ms
1583361914:[PRESS ,0038]P  +1125mbar,T+14157mdegC
1583361923:[PRESS ,0038]P  +1065mbar,T+14161mdegC
1583361932:[PRESS ,0038]P  +1005mbar,T+14164mdegC
1583361939:[PRESS ,0038]P   +945mbar,T+14168mdegC
1583361999:[PRESS ,0038]P   +565mbar,T+14170mdegC
1583362008:[PRESS ,0038]P   +505mbar,T+14170mdegC
1583362021:[PRESS ,0038]P   +445mbar,T+14169mdegC
1583362024:[STAGE ,0214]415mbar (500) reached at 1583362024s, ascending from 645mbar
1583362024:[STAGE ,0342]The float reached the surface : OK
1583362024:[MAIN  ,0140]stage[2] complete 743s after mission start
1583362030:[SBE41 ,0343]SBE41 dump : 653 stored samples in hexa format
1583362054:[SBE41 ,0338]Dump finished
1583362054:[SBE41 ,0318]5877 bytes in 0051/5E602D54.S41
1583362055:[MRMAID,0188]acq already stopped
1583362115:[MSSION,0192]mission stopped, 3 stage(s) done
1583362115:[MAIN  ,0065]surfacing
1583362117:[PRESS ,0038]P   +265mbar,T+14156mdegC
1583362117:[SURFIN,0036]P   +265mbar
1583362120:[SURFIN,0020]filling external bladder
1583362129:[PUMP  ,0016]pump during 300000ms
1583362289:[SURFIN,0019]external bladder full
1583362291:[PRESS ,0038]P   +170mbar,T+14348mdegC
1583362351:[MAIN  ,0272]Vbat 14708mV (min 14402mV)
1583362353:[MAIN  ,0024]internal pressure 78262Pa
1583362353:[MAIN  ,0043]Pext 171mbar (rng 20mbar)
1583362353:[MAIN  ,0064]surface
1583362369:[SURF  ,0022]GPS fix...
1583362389:[SURF  ,0015]10 PPS detected...
1583362390:[MRMAID,0052]Mermaid $GPSACK:+0,+0,+0,+0,+0,+0,-122;
1583362400:[MRMAID,0052]Mermaid $GPSOFF:3686321;
1583362401:[GPSFIX,0179]-1s diff
1583362402:[SURF  ,0222]2020-03-04T22:53:22
1583362402:[SURF  ,0082]Latitude : N43deg40.941mn, Longitude :E007deg19.167mn
1583362402:[SURF  ,0223]fix3D,9satellites
1583362402:[SURF  ,0084]GPS fix GPGSA : hdop0.690,vdop0.950
1583362412:[SURF  ,0274]last almanac : 2297853
1583362425:[MRMAID,0026]1557 bytes in 0051/5E603171.MER
1583362430:[MAIN  ,0320]New pressure offset: 171mbar
