1591094911:[MAIN  ,0007]buoy 452.020-P-0051
1591094911:[MAIN  ,0055]soft pilotage 452.012.300_V2.18-20200518
1591094911:[MAIN  ,0010]cycle 6
1591094911:[SURF  ,0225]surface2
1591094926:[SURF  ,0022]GPS fix...
1591094946:[SURF  ,0015]10 PPS detected...
1591094947:[MRMAID,0052]Mermaid $GPSACK:+0,+0,+0,+0,+0,+0,-30;
1591094957:[MRMAID,0052]Mermaid $GPSOFF:3686320;
1591094957:[GPSFIX,0179]-1s diff
1591094958:[SURF  ,0222]2020-06-02T10:49:18
1591094958:[SURF  ,0082]Latitude : N43deg40.939mn, Longitude :E007deg19.175mn
1591094958:[SURF  ,0223]fix3D,7satellites
1591094958:[SURF  ,0084]GPS fix GPGSA : hdop0.880,vdop0.950
1591094968:[SURF  ,0025]Iridium...
1591094975:[SBE41 ,0339]newoffset=-0.09db received after -57s
1591095005:[SURF  ,0009]connected in 37s, signal quality 5
1591095036:<WARN>[SURF  ,0071]timeout
1591095036:<WARN>[SURF  ,0056]peer mute
1591095041:[SURF  ,0014]disconnected after 73s
1591095046:[SURFIN,0020]filling external bladder
1591095054:[PUMP  ,0016]pump during 300000ms
1591095071:[SURFIN,0019]external bladder full
1591095071:[SURF  ,0069]transfer interrupted , retry
1591095085:[SURF  ,0022]GPS fix...
1591095106:[SURF  ,0015]10 PPS detected...
1591095107:[MRMAID,0052]Mermaid $GPSACK:+0,+0,+0,+0,+0,+0,-30;
1591095117:[MRMAID,0052]Mermaid $GPSOFF:3686320;
1591095119:[GPSFIX,0179]+0s diff
1591095119:[SURF  ,0222]2020-06-02T10:51:59
1591095119:[SURF  ,0082]Latitude : N43deg40.938mn, Longitude :E007deg19.175mn
1591095119:[SURF  ,0223]fix3D,8satellites
1591095119:[SURF  ,0084]GPS fix GPGSA : hdop0.800,vdop1.000
1591095129:[SURF  ,0025]Iridium...
1591095671:<WARN>[SURF  ,0023]failed to connect #1, code -7, net 1, qual 5, dial 3
1591095920:[SURF  ,0009]connected in 791s, signal quality 5
1591095979:[SURF  ,0218]prompt received, remote cmd end
1591095979:[SURF  ,0012]14 cmd(s) received
1591096000:[UPLOAD,0248]Upload data files...
1591096061:[UPLOAD,0231]"0051/5ED62979.S41" uploaded at 131bytes/s
1591096073:[UPLOAD,0231]"0051/5ED62E72.MER" uploaded at 144bytes/s
1591096490:[ZIO   ,0239]25 consecutive 'a' received, aborting
1591096511:[SURF  ,0014]disconnected after 1382s
1591096516:[SURFIN,0020]filling external bladder
1591096524:[PUMP  ,0016]pump during 300000ms
1591096536:[SURFIN,0019]external bladder full
1591096536:[SURF  ,0319]transfer interrupted
1591096546:[SURF  ,0022]GPS fix...
1591096566:[SURF  ,0015]10 PPS detected...
1591096567:[MRMAID,0052]Mermaid $GPSACK:+0,+0,+0,+0,+0,+1,-999908;
1591096577:[MRMAID,0052]Mermaid $GPSOFF:3686319;
1591096578:[GPSFIX,0179]-1s diff
1591096579:[SURF  ,0222]2020-06-02T11:16:19
1591096579:[SURF  ,0082]Latitude : N43deg40.940mn, Longitude :E007deg19.176mn
1591096579:[SURF  ,0223]fix3D,8satellites
1591096579:[SURF  ,0084]GPS fix GPGSA : hdop0.740,vdop1.080
1591096596:[MAIN  ,0024]internal pressure 79598Pa
1591096597:<WARN>[MAIN  ,0041]mission empty
1591096597:[MAIN  ,0065]surfacing
1591096599:[PRESS ,0038]P    -13mbar,T+20216mdegC
1591096601:[PRESS ,0038]P    -13mbar,T+20217mdegC
1591096602:[PRESS ,0038]P    -23mbar,T+20217mdegC
1591096604:[PRESS ,0038]P    -23mbar,T+20218mdegC
1591096606:[PRESS ,0038]P    -23mbar,T+20220mdegC
1591096608:[PRESS ,0038]P    -23mbar,T+20220mdegC
1591096610:[PRESS ,0038]P    -23mbar,T+20220mdegC
1591096611:[PRESS ,0038]P    -23mbar,T+20221mdegC
1591096613:[PRESS ,0038]P    -33mbar,T+20223mdegC
1591096615:[PRESS ,0038]P    -23mbar,T+20224mdegC
1591096617:[PRESS ,0038]P    -13mbar,T+20225mdegC
1591096619:[PRESS ,0038]P    -23mbar,T+20225mdegC
1591096620:[PRESS ,0038]P    -13mbar,T+20226mdegC
1591096622:[PRESS ,0038]P    -13mbar,T+20227mdegC
1591096624:[PRESS ,0038]P    -13mbar,T+20228mdegC
1591096624:[SURFIN,0036]P    -13mbar
1591096626:[PRESS ,0038]P    -13mbar,T+20228mdegC
1591096628:[PRESS ,0038]P    -13mbar,T+20230mdegC
1591096628:[SURFIN,0020]filling external bladder
1591096636:[PUMP  ,0016]pump during 300000ms
1591096646:[SURFIN,0019]external bladder full
1591096648:[PRESS ,0038]P   +170mbar,T+20236mdegC
1591096649:[PRESS ,0038]P   +170mbar,T+20237mdegC
1591096651:[PRESS ,0038]P   +170mbar,T+20238mdegC
1591096653:[PRESS ,0038]P   +170mbar,T+20238mdegC
1591096655:[PRESS ,0038]P   +180mbar,T+20240mdegC
1591096657:[PRESS ,0038]P   +170mbar,T+20240mdegC
1591096658:[PRESS ,0038]P   +180mbar,T+20241mdegC
1591096660:[PRESS ,0038]P   +170mbar,T+20242mdegC
1591096662:[PRESS ,0038]P   +170mbar,T+20243mdegC
1591096664:[PRESS ,0038]P   +180mbar,T+20243mdegC
1591096666:[PRESS ,0038]P   +170mbar,T+20243mdegC
1591096667:[PRESS ,0038]P   +170mbar,T+20242mdegC
1591096669:[PRESS ,0038]P   +170mbar,T+20244mdegC
1591096671:[PRESS ,0038]P   +170mbar,T+20244mdegC
1591096673:[PRESS ,0038]P   +180mbar,T+20244mdegC
1591096709:[MAIN  ,0272]Vbat 15018mV (min 14436mV)
1591096711:[MAIN  ,0024]internal pressure 79574Pa
1591096711:[MAIN  ,0043]Pext 173mbar (rng 10mbar)
1591096711:[MAIN  ,0064]surface
1591096725:[SURF  ,0022]GPS fix...
1591096745:[SURF  ,0015]10 PPS detected...
1591096746:[MRMAID,0052]Mermaid $GPSACK:+0,+0,+0,+0,+0,+0,-30;
1591096756:[MRMAID,0052]Mermaid $GPSOFF:3686319;
1591096757:[GPSFIX,0179]-1s diff
1591096758:[SURF  ,0222]2020-06-02T11:19:18
1591096758:[SURF  ,0082]Latitude : N43deg40.939mn, Longitude :E007deg19.177mn
1591096758:[SURF  ,0223]fix3D,8satellites
1591096758:[SURF  ,0084]GPS fix GPGSA : hdop0.740,vdop1.110
1591096768:[SURF  ,0274]last almanac : 961157
1591096780:[MRMAID,0026]1571 bytes in 0051/5ED635C5.MER
1591096786:[MAIN  ,0320]New pressure offset: 173mbar
1591096786:[SURF  ,0225]surface2
1591096798:[SURF  ,0022]GPS fix...
1591096818:[SURF  ,0015]10 PPS detected...
1591096819:[MRMAID,0052]Mermaid $GPSACK:+0,+0,+0,+0,+0,+0,+0;
1591096829:[MRMAID,0052]Mermaid $GPSOFF:3686319;
1591096830:[GPSFIX,0179]-1s diff
1591096831:[SURF  ,0222]2020-06-02T11:20:31
1591096831:[SURF  ,0082]Latitude : N43deg40.939mn, Longitude :E007deg19.176mn
1591096831:[SURF  ,0223]fix3D,8satellites
1591096831:[SURF  ,0084]GPS fix GPGSA : hdop0.740,vdop1.120
1591096841:[SURF  ,0025]Iridium...
1591096851:[SBE41 ,0339]newoffset=-0.57db received after -57s
1591096878:[SURF  ,0009]connected in 37s, signal quality 5
1591096932:[SURF  ,0218]prompt received, remote cmd end
1591096932:[SURF  ,0012]14 cmd(s) received
1591096956:[UPLOAD,0248]Upload data files...
1591096996:<ERR>[UPLOAD,0131]opening upload
1591096996:<ERR>[UPLOAD,0132]opening upload "0051"
1591097012:[SURF  ,0014]disconnected after 171s
1591097017:[SURFIN,0020]filling external bladder
1591097025:[PUMP  ,0016]pump during 300000ms
1591097033:[SURFIN,0019]external bladder full
1591097033:[SURF  ,0319]transfer interrupted
1591097044:[SURF  ,0022]GPS fix...
1591097065:[SURF  ,0015]10 PPS detected...
1591097066:[MRMAID,0052]Mermaid $GPSACK:+0,+0,+0,+0,+0,+0,-30;
1591097076:[MRMAID,0052]Mermaid $GPSOFF:3686319;
1591097077:[GPSFIX,0179]-1s diff
1591097078:[SURF  ,0222]2020-06-02T11:24:38
1591097078:[SURF  ,0082]Latitude : N43deg40.939mn, Longitude :E007deg19.176mn
1591097078:[SURF  ,0223]fix3D,8satellites
1591097078:[SURF  ,0084]GPS fix GPGSA : hdop0.750,vdop1.150
1591097095:[MAIN  ,0024]internal pressure 79609Pa
1591097096:<WARN>[MAIN  ,0041]mission empty
1591097096:[MAIN  ,0065]surfacing
1591097098:[PRESS ,0038]P    -13mbar,T+20479mdegC
1591097100:[PRESS ,0038]P    -13mbar,T+20479mdegC
1591097101:[PRESS ,0038]P    -13mbar,T+20481mdegC
1591097103:[PRESS ,0038]P     -3mbar,T+20481mdegC
1591097105:[PRESS ,0038]P     -3mbar,T+20481mdegC
1591097107:[PRESS ,0038]P     -3mbar,T+20482mdegC
1591097109:[PRESS ,0038]P     -3mbar,T+20482mdegC
1591097110:[PRESS ,0038]P     +7mbar,T+20483mdegC
1591097112:[PRESS ,0038]P    -13mbar,T+20483mdegC
1591097114:[PRESS ,0038]P     -3mbar,T+20483mdegC
1591097116:[PRESS ,0038]P     -3mbar,T+20485mdegC
1591097118:[PRESS ,0038]P    -13mbar,T+20485mdegC
1591097119:[PRESS ,0038]P     -3mbar,T+20485mdegC
1591097121:[PRESS ,0038]P     +7mbar,T+20485mdegC
1591097123:[PRESS ,0038]P    -13mbar,T+20486mdegC
1591097123:[SURFIN,0036]P    -13mbar
1591097125:[PRESS ,0038]P     -3mbar,T+20486mdegC
1591097127:[PRESS ,0038]P     -3mbar,T+20486mdegC
1591097127:[SURFIN,0020]filling external bladder
1591097130:[SURFIN,0019]external bladder full
1591097132:[PRESS ,0038]P   +160mbar,T+20489mdegC
1591097133:[PRESS ,0038]P   +170mbar,T+20490mdegC
1591097135:[PRESS ,0038]P   +170mbar,T+20490mdegC
1591097137:[PRESS ,0038]P   +170mbar,T+20490mdegC
1591097139:[PRESS ,0038]P   +170mbar,T+20492mdegC
1591097141:[PRESS ,0038]P   +160mbar,T+20492mdegC
1591097142:[PRESS ,0038]P   +170mbar,T+20493mdegC
1591097144:[PRESS ,0038]P   +170mbar,T+20495mdegC
1591097146:[PRESS ,0038]P   +160mbar,T+20496mdegC
1591097148:[PRESS ,0038]P   +170mbar,T+20496mdegC
1591097150:[PRESS ,0038]P   +170mbar,T+20496mdegC
1591097151:[PRESS ,0038]P   +170mbar,T+20498mdegC
1591097153:[PRESS ,0038]P   +170mbar,T+20498mdegC
1591097155:[PRESS ,0038]P   +170mbar,T+20498mdegC
1591097157:[PRESS ,0038]P   +180mbar,T+20498mdegC
1591097193:[MAIN  ,0272]Vbat 15101mV (min 14436mV)
1591097195:[MAIN  ,0024]internal pressure 79601Pa
1591097195:[MAIN  ,0043]Pext 169mbar (rng 20mbar)
1591097195:[MAIN  ,0064]surface
1591097207:[SURF  ,0022]GPS fix...
1591097227:[SURF  ,0015]10 PPS detected...
1591097228:[MRMAID,0052]Mermaid $GPSACK:+0,+0,+0,+0,+0,+0,+0;
1591097238:[MRMAID,0052]Mermaid $GPSOFF:3686319;
1591097239:[GPSFIX,0179]-1s diff
1591097240:[SURF  ,0222]2020-06-02T11:27:20
1591097240:[SURF  ,0082]Latitude : N43deg40.939mn, Longitude :E007deg19.177mn
1591097240:[SURF  ,0223]fix3D,8satellites
1591097240:[SURF  ,0084]GPS fix GPGSA : hdop0.750,vdop1.170
1591097250:[SURF  ,0274]last almanac : 961639
1591097262:[MRMAID,0026]1443 bytes in 0051/5ED637A7.MER
1591097268:[MAIN  ,0320]New pressure offset: 169mbar
1591097268:[SURF  ,0225]surface2
1591097280:[SURF  ,0022]GPS fix...
1591097300:[SURF  ,0015]10 PPS detected...
1591097301:[MRMAID,0052]Mermaid $GPSACK:+0,+0,+0,+0,+0,+0,+0;
1591097311:[MRMAID,0052]Mermaid $GPSOFF:3686319;
1591097313:[GPSFIX,0179]+0s diff
1591097313:[SURF  ,0222]2020-06-02T11:28:33
1591097313:[SURF  ,0082]Latitude : N43deg40.939mn, Longitude :E007deg19.176mn
1591097313:[SURF  ,0223]fix3D,8satellites
1591097313:[SURF  ,0084]GPS fix GPGSA : hdop0.740,vdop1.100
1591097323:[SURF  ,0025]Iridium...
1591097333:[SBE41 ,0339]newoffset=-0.58db received after -57s
1591097354:[SURF  ,0009]connected in 31s, signal quality 5
1591097410:[SURF  ,0218]prompt received, remote cmd end
1591097410:[SURF  ,0012]14 cmd(s) received
1591097430:[UPLOAD,0248]Upload data files...
1591097447:[UPLOAD,0231]"0051/5ED635C5.MER" uploaded at 143bytes/s
1591097459:[UPLOAD,0231]"0051/5ED637A7.MER" uploaded at 131bytes/s
1591097893:[UPLOAD,0231]"0051/5ED5D6F5.BIN" uploaded at 155bytes/s
1591097908:[MAIN  ,0013]3 file(s) uploaded
1591097939:[SURF  ,0014]disconnected after 616s
1591097944:[SURFIN,0020]filling external bladder
1591097947:[SURFIN,0019]external bladder full
1591097947:[SURF  ,0227]1st complete transfer
1591097958:[SURF  ,0022]GPS fix...
1591097980:[SURF  ,0015]10 PPS detected...
1591097981:[MRMAID,0052]Mermaid $GPSACK:+0,+0,+0,+0,+0,+0,+0;
1591097991:[MRMAID,0052]Mermaid $GPSOFF:3686319;
1591097991:[GPSFIX,0179]-1s diff
1591097992:[SURF  ,0222]2020-06-02T11:39:52
1591097992:[SURF  ,0082]Latitude : N43deg40.939mn, Longitude :E007deg19.177mn
1591097992:[SURF  ,0223]fix3D,8satellites
1591097992:[SURF  ,0084]GPS fix GPGSA : hdop0.760,vdop1.160
1591098009:[MAIN  ,0024]internal pressure 79747Pa
1591098010:<WARN>[MAIN  ,0041]mission empty
1591098010:[MAIN  ,0065]surfacing
1591098012:[PRESS ,0038]P     -9mbar,T+20901mdegC
1591098014:[PRESS ,0038]P     -9mbar,T+20902mdegC
1591098015:[PRESS ,0038]P     +1mbar,T+20903mdegC
1591098017:[PRESS ,0038]P     -9mbar,T+20904mdegC
1591098019:[PRESS ,0038]P    -19mbar,T+20904mdegC
1591098021:[PRESS ,0038]P    -19mbar,T+20905mdegC
1591098023:[PRESS ,0038]P    -19mbar,T+20906mdegC
1591098024:[PRESS ,0038]P     +1mbar,T+20907mdegC
1591098026:[PRESS ,0038]P     -9mbar,T+20908mdegC
1591098028:[PRESS ,0038]P     -9mbar,T+20910mdegC
1591098030:[PRESS ,0038]P     -9mbar,T+20911mdegC
1591098032:[PRESS ,0038]P     +1mbar,T+20911mdegC
1591098033:[PRESS ,0038]P     +1mbar,T+20913mdegC
1591098035:[PRESS ,0038]P     +1mbar,T+20913mdegC
1591098037:[PRESS ,0038]P     -9mbar,T+20913mdegC
1591098037:[SURFIN,0036]P     -9mbar
1591098039:[PRESS ,0038]P     -9mbar,T+20914mdegC
1591098041:[PRESS ,0038]P     -9mbar,T+20914mdegC
1591098041:[SURFIN,0020]filling external bladder
1591098044:[SURFIN,0019]external bladder full
1591098046:[PRESS ,0038]P   +160mbar,T+20918mdegC
1591098047:[PRESS ,0038]P   +170mbar,T+20919mdegC
1591098049:[PRESS ,0038]P   +170mbar,T+20918mdegC
1591098051:[PRESS ,0038]P   +160mbar,T+20919mdegC
1591098053:[PRESS ,0038]P   +160mbar,T+20919mdegC
1591098055:[PRESS ,0038]P   +170mbar,T+20919mdegC
1591098056:[PRESS ,0038]P   +160mbar,T+20921mdegC
1591098058:[PRESS ,0038]P   +160mbar,T+20921mdegC
1591098060:[PRESS ,0038]P   +170mbar,T+20923mdegC
1591098062:[PRESS ,0038]P   +170mbar,T+20925mdegC
1591098064:[PRESS ,0038]P   +180mbar,T+20925mdegC
1591098065:[PRESS ,0038]P   +180mbar,T+20927mdegC
1591098067:[PRESS ,0038]P   +190mbar,T+20928mdegC
1591098069:[PRESS ,0038]P   +160mbar,T+20928mdegC
1591098071:[PRESS ,0038]P   +170mbar,T+20931mdegC
1591098106:[MAIN  ,0272]Vbat 15065mV (min 14436mV)
1591098108:[MAIN  ,0024]internal pressure 79753Pa
1591098108:[MAIN  ,0043]Pext 169mbar (rng 30mbar)
1591098108:[MAIN  ,0064]surface
1591098123:[SURF  ,0022]GPS fix...
1591098143:[SURF  ,0015]10 PPS detected...
1591098144:[MRMAID,0052]Mermaid $GPSACK:+0,+0,+0,+0,+0,+0,+0;
1591098154:[MRMAID,0052]Mermaid $GPSOFF:3686319;
1591098154:[GPSFIX,0179]-1s diff
1591098155:[SURF  ,0222]2020-06-02T11:42:35
1591098155:[SURF  ,0082]Latitude : N43deg40.939mn, Longitude :E007deg19.177mn
1591098155:[SURF  ,0223]fix3D,8satellites
1591098155:[SURF  ,0084]GPS fix GPGSA : hdop0.770,vdop1.170
1591098165:[SURF  ,0274]last almanac : 962554
1591098177:[MRMAID,0026]1441 bytes in 0051/5ED63B3A.MER
1591098183:[MAIN  ,0320]New pressure offset: 169mbar
1591098183:[SURF  ,0225]surface2
1591098197:[SURF  ,0022]GPS fix...
1591098218:[SURF  ,0015]10 PPS detected...
1591098219:[MRMAID,0052]Mermaid $GPSACK:+0,+0,+0,+0,+0,+1,-999938;
1591098229:[MRMAID,0052]Mermaid $GPSOFF:3686319;
1591098230:[GPSFIX,0179]-1s diff
1591098231:[SURF  ,0222]2020-06-02T11:43:51
1591098231:[SURF  ,0082]Latitude : N43deg40.939mn, Longitude :E007deg19.177mn
1591098231:[SURF  ,0223]fix3D,8satellites
1591098231:[SURF  ,0084]GPS fix GPGSA : hdop0.770,vdop1.170
1591098241:[SURF  ,0025]Iridium...
1591098249:[SBE41 ,0339]newoffset=-0.69db received after -57s
1591098279:[SURF  ,0009]connected in 38s, signal quality 5
1591098342:[SURF  ,0218]prompt received, remote cmd end
1591098342:[SURF  ,0012]14 cmd(s) received
1591098363:[UPLOAD,0248]Upload data files...
1591098380:[UPLOAD,0231]"0051/5ED63B3A.MER" uploaded at 131bytes/s
1591098396:[MAIN  ,0013]1 file(s) uploaded
1591098428:[SURF  ,0014]disconnected after 187s
1591098433:[SURFIN,0020]filling external bladder
1591098436:[SURFIN,0019]external bladder full
1591098436:[SURF  ,0227]1st complete transfer
1591098450:[SURF  ,0022]GPS fix...
1591098470:[SURF  ,0015]10 PPS detected...
1591098471:[MRMAID,0052]Mermaid $GPSACK:+0,+0,+0,+0,+0,+0,+0;
1591098481:[MRMAID,0052]Mermaid $GPSOFF:3686319;
1591098482:[GPSFIX,0179]-1s diff
1591098483:[SURF  ,0222]2020-06-02T11:48:03
1591098483:[SURF  ,0082]Latitude : N43deg40.939mn, Longitude :E007deg19.176mn
1591098483:[SURF  ,0223]fix3D,8satellites
1591098483:[SURF  ,0084]GPS fix GPGSA : hdop0.780,vdop1.170
1591098500:[MAIN  ,0024]internal pressure 79754Pa
1591098501:<WARN>[MAIN  ,0041]mission empty
1591098501:[MAIN  ,0065]surfacing
1591098503:[PRESS ,0038]P     +1mbar,T+21078mdegC
1591098505:[PRESS ,0038]P     +1mbar,T+21079mdegC
1591098506:[PRESS ,0038]P     +1mbar,T+21079mdegC
1591098508:[PRESS ,0038]P    +11mbar,T+21080mdegC
1591098510:[PRESS ,0038]P    +11mbar,T+21080mdegC
1591098512:[PRESS ,0038]P     +1mbar,T+21081mdegC
1591098514:[PRESS ,0038]P     -9mbar,T+21081mdegC
1591098515:[PRESS ,0038]P     -9mbar,T+21081mdegC
1591098517:[PRESS ,0038]P     -9mbar,T+21081mdegC
1591098519:[PRESS ,0038]P     +1mbar,T+21081mdegC
1591098521:[PRESS ,0038]P     +1mbar,T+21081mdegC
1591098523:[PRESS ,0038]P     +1mbar,T+21081mdegC
1591098524:[PRESS ,0038]P    +11mbar,T+21081mdegC
1591098526:[PRESS ,0038]P     +1mbar,T+21081mdegC
1591098528:[PRESS ,0038]P    +11mbar,T+21081mdegC
1591098528:[SURFIN,0036]P    +11mbar
1591098530:[PRESS ,0038]P    +11mbar,T+21081mdegC
1591098532:[PRESS ,0038]P     +1mbar,T+21081mdegC
1591098532:[SURFIN,0020]filling external bladder
1591098535:[SURFIN,0019]external bladder full
1591098536:[PRESS ,0038]P   +170mbar,T+21083mdegC
1591098538:[PRESS ,0038]P   +160mbar,T+21083mdegC
1591098540:[PRESS ,0038]P   +160mbar,T+21083mdegC
1591098542:[PRESS ,0038]P   +160mbar,T+21082mdegC
1591098544:[PRESS ,0038]P   +160mbar,T+21082mdegC
1591098546:[PRESS ,0038]P   +160mbar,T+21081mdegC
1591098547:[PRESS ,0038]P   +180mbar,T+21081mdegC
1591098549:[PRESS ,0038]P   +180mbar,T+21080mdegC
1591098551:[PRESS ,0038]P   +170mbar,T+21079mdegC
1591098553:[PRESS ,0038]P   +170mbar,T+21079mdegC
1591098555:[PRESS ,0038]P   +180mbar,T+21078mdegC
1591098556:[PRESS ,0038]P   +180mbar,T+21079mdegC
1591098558:[PRESS ,0038]P   +180mbar,T+21077mdegC
1591098560:[PRESS ,0038]P   +180mbar,T+21076mdegC
1591098562:[PRESS ,0038]P   +170mbar,T+21076mdegC
1591098598:[MAIN  ,0272]Vbat 15124mV (min 14436mV)
1591098600:[MAIN  ,0024]internal pressure 79783Pa
1591098600:[MAIN  ,0043]Pext 171mbar (rng 20mbar)
1591098600:[MAIN  ,0064]surface
1591098613:[SURF  ,0022]GPS fix...
1591098633:[SURF  ,0015]10 PPS detected...
1591098634:[MRMAID,0052]Mermaid $GPSACK:+0,+0,+0,+0,+0,+0,+0;
1591098644:[MRMAID,0052]Mermaid $GPSOFF:3686319;
1591098645:[GPSFIX,0179]-1s diff
1591098646:[SURF  ,0222]2020-06-02T11:50:46
1591098646:[SURF  ,0082]Latitude : N43deg40.939mn, Longitude :E007deg19.176mn
1591098646:[SURF  ,0223]fix3D,8satellites
1591098646:[SURF  ,0084]GPS fix GPGSA : hdop0.790,vdop1.170
1591098656:[SURF  ,0274]last almanac : 963045
1591098668:[MRMAID,0026]1453 bytes in 0051/5ED63D25.MER
1591098674:[MAIN  ,0320]New pressure offset: 171mbar
1591098674:[SURF  ,0225]surface2
1591098686:[SURF  ,0022]GPS fix...
1591098706:[SURF  ,0015]10 PPS detected...
1591098707:[MRMAID,0052]Mermaid $GPSACK:+0,+0,+0,+0,+0,+0,+0;
1591098717:[MRMAID,0052]Mermaid $GPSOFF:3686319;
1591098718:[GPSFIX,0179]-1s diff
1591098719:[SURF  ,0222]2020-06-02T11:51:59
1591098719:[SURF  ,0082]Latitude : N43deg40.939mn, Longitude :E007deg19.176mn
1591098719:[SURF  ,0223]fix3D,8satellites
1591098719:[SURF  ,0084]GPS fix GPGSA : hdop0.790,vdop1.160
1591098729:[SURF  ,0025]Iridium...
1591098739:[SBE41 ,0339]newoffset=-0.70db received after -57s
1591098762:[SURF  ,0009]connected in 33s, signal quality 5
1591098816:[SURF  ,0218]prompt received, remote cmd end
1591098816:[SURF  ,0012]14 cmd(s) received
1591098837:[UPLOAD,0248]Upload data files...
1591098852:[UPLOAD,0231]"0051/5ED63D25.MER" uploaded at 145bytes/s
1591098868:[MAIN  ,0013]1 file(s) uploaded
1591098898:[SURF  ,0014]disconnected after 169s
1591098903:[SURFIN,0020]filling external bladder
1591098907:[SURFIN,0019]external bladder full
1591098907:[SURF  ,0227]1st complete transfer
1591098919:[SURF  ,0022]GPS fix...
1591098939:[SURF  ,0015]10 PPS detected...
1591098940:[MRMAID,0052]Mermaid $GPSACK:+0,+0,+0,+0,+0,+0,+0;
1591098950:[MRMAID,0052]Mermaid $GPSOFF:3686319;
1591098951:[GPSFIX,0179]-1s diff
1591098952:[SURF  ,0222]2020-06-02T11:55:52
1591098952:[SURF  ,0082]Latitude : N43deg40.939mn, Longitude :E007deg19.176mn
1591098952:[SURF  ,0223]fix3D,8satellites
1591098952:[SURF  ,0084]GPS fix GPGSA : hdop0.800,vdop1.150
1591098969:[MAIN  ,0024]internal pressure 79832Pa
1591098970:<WARN>[MAIN  ,0041]mission empty
1591098970:[MAIN  ,0065]surfacing
1591098972:[PRESS ,0038]P     -1mbar,T+21026mdegC
1591098974:[PRESS ,0038]P     -1mbar,T+21026mdegC
1591098975:[PRESS ,0038]P    -11mbar,T+21026mdegC
1591098977:[PRESS ,0038]P     -1mbar,T+21026mdegC
1591098979:[PRESS ,0038]P     +9mbar,T+21025mdegC
1591098981:[PRESS ,0038]P     -1mbar,T+21025mdegC
1591098983:[PRESS ,0038]P     -1mbar,T+21025mdegC
1591098984:[PRESS ,0038]P     -1mbar,T+21025mdegC
1591098986:[PRESS ,0038]P     -1mbar,T+21025mdegC
1591098988:[PRESS ,0038]P     -1mbar,T+21025mdegC
1591098990:[PRESS ,0038]P     -1mbar,T+21025mdegC
1591098992:[PRESS ,0038]P     -1mbar,T+21025mdegC
1591098993:[PRESS ,0038]P    -11mbar,T+21023mdegC
1591098995:[PRESS ,0038]P     -1mbar,T+21023mdegC
1591098997:[PRESS ,0038]P     -1mbar,T+21023mdegC
1591098997:[SURFIN,0036]P     -1mbar
1591098999:[PRESS ,0038]P     +9mbar,T+21022mdegC
1591099001:[PRESS ,0038]P    +19mbar,T+21022mdegC
1591099001:[SURFIN,0020]filling external bladder
1591099004:[SURFIN,0019]external bladder full
1591099005:[PRESS ,0038]P   +180mbar,T+21021mdegC
1591099007:[PRESS ,0038]P   +170mbar,T+21021mdegC
1591099009:[PRESS ,0038]P   +170mbar,T+21021mdegC
1591099011:[PRESS ,0038]P   +170mbar,T+21022mdegC
1591099013:[PRESS ,0038]P   +170mbar,T+21022mdegC
1591099015:[PRESS ,0038]P   +170mbar,T+21021mdegC
1591099016:[PRESS ,0038]P   +170mbar,T+21021mdegC
1591099018:[PRESS ,0038]P   +170mbar,T+21020mdegC
1591099020:[PRESS ,0038]P   +170mbar,T+21019mdegC
1591099022:[PRESS ,0038]P   +180mbar,T+21017mdegC
1591099024:[PRESS ,0038]P   +170mbar,T+21017mdegC
1591099025:[PRESS ,0038]P   +170mbar,T+21016mdegC
1591099027:[PRESS ,0038]P   +170mbar,T+21015mdegC
1591099029:[PRESS ,0038]P   +180mbar,T+21015mdegC
1591099031:[PRESS ,0038]P   +180mbar,T+21014mdegC
1591099067:[MAIN  ,0272]Vbat 15141mV (min 14436mV)
1591099069:[MAIN  ,0024]internal pressure 79815Pa
1591099069:[MAIN  ,0043]Pext 173mbar (rng 10mbar)
1591099069:[MAIN  ,0064]surface
1591099079:[SURF  ,0022]GPS fix...
1591099100:[SURF  ,0015]10 PPS detected...
1591099101:[MRMAID,0052]Mermaid $GPSACK:+0,+0,+0,+0,+0,+0,+0;
1591099111:[MRMAID,0052]Mermaid $GPSOFF:3686319;
1591099112:[GPSFIX,0179]-1s diff
1591099113:[SURF  ,0222]2020-06-02T11:58:33
1591099113:[SURF  ,0082]Latitude : N43deg40.940mn, Longitude :E007deg19.176mn
1591099113:[SURF  ,0223]fix3D,8satellites
1591099113:[SURF  ,0084]GPS fix GPGSA : hdop0.800,vdop1.140
1591099123:[SURF  ,0274]last almanac : 963512
1591099135:[MRMAID,0026]1441 bytes in 0051/5ED63EF8.MER
1591099141:[MAIN  ,0320]New pressure offset: 173mbar
1591099141:[SURF  ,0225]surface2
1591099153:[SURF  ,0022]GPS fix...
1591099173:[SURF  ,0015]10 PPS detected...
1591099174:[MRMAID,0052]Mermaid $GPSACK:+0,+0,+0,+0,+0,+0,+0;
1591099184:[MRMAID,0052]Mermaid $GPSOFF:3686319;
1591099185:[GPSFIX,0179]-1s diff
1591099186:[SURF  ,0222]2020-06-02T11:59:46
1591099186:[SURF  ,0082]Latitude : N43deg40.939mn, Longitude :E007deg19.176mn
1591099186:[SURF  ,0223]fix3D,9satellites
1591099186:[SURF  ,0084]GPS fix GPGSA : hdop0.710,vdop0.990
1591099196:[SURF  ,0025]Iridium...
1591099204:[SBE41 ,0339]newoffset=-0.75db received after -57s
1591099229:[SURF  ,0009]connected in 33s, signal quality 5
1591099296:[SURF  ,0218]prompt received, remote cmd end
1591099296:[SURF  ,0012]14 cmd(s) received
1591099318:[UPLOAD,0248]Upload data files...
1591099335:[UPLOAD,0231]"0051/5ED63EF8.MER" uploaded at 131bytes/s
1591099351:[MAIN  ,0013]1 file(s) uploaded
1591099384:[SURF  ,0014]disconnected after 188s
1591099389:[SURFIN,0020]filling external bladder
1591099393:[SURFIN,0019]external bladder full
1591099393:[SURF  ,0227]1st complete transfer
1591099406:[SURF  ,0022]GPS fix...
1591099426:[SURF  ,0015]10 PPS detected...
1591099427:[MRMAID,0052]Mermaid $GPSACK:+0,+0,+0,+0,+0,+0,+0;
1591099437:[MRMAID,0052]Mermaid $GPSOFF:3686319;
1591099438:[GPSFIX,0179]-1s diff
1591099439:[SURF  ,0222]2020-06-02T12:03:59
1591099439:[SURF  ,0082]Latitude : N43deg40.939mn, Longitude :E007deg19.176mn
1591099439:[SURF  ,0223]fix3D,9satellites
1591099439:[SURF  ,0084]GPS fix GPGSA : hdop0.710,vdop0.970
1591099456:[MAIN  ,0024]internal pressure 79837Pa
1591099457:<WARN>[MAIN  ,0041]mission empty
1591099457:[MAIN  ,0065]surfacing
1591099459:[PRESS ,0038]P     +7mbar,T+20915mdegC
1591099461:[PRESS ,0038]P    -13mbar,T+20915mdegC
1591099462:[PRESS ,0038]P     +7mbar,T+20914mdegC
1591099464:[PRESS ,0038]P     -3mbar,T+20914mdegC
1591099466:[PRESS ,0038]P     -3mbar,T+20913mdegC
1591099468:[PRESS ,0038]P     +7mbar,T+20911mdegC
1591099470:[PRESS ,0038]P    +17mbar,T+20911mdegC
1591099471:[PRESS ,0038]P    +17mbar,T+20911mdegC
1591099473:[PRESS ,0038]P    +17mbar,T+20910mdegC
1591099475:[PRESS ,0038]P     +7mbar,T+20909mdegC
1591099477:[PRESS ,0038]P    +27mbar,T+20908mdegC
1591099479:[PRESS ,0038]P     +7mbar,T+20908mdegC
1591099480:[PRESS ,0038]P     +7mbar,T+20907mdegC
1591099482:[PRESS ,0038]P     -3mbar,T+20906mdegC
1591099484:[PRESS ,0038]P     -3mbar,T+20906mdegC
1591099484:[SURFIN,0036]P     -3mbar
1591099486:[PRESS ,0038]P     -3mbar,T+20905mdegC
1591099488:[PRESS ,0038]P    -13mbar,T+20905mdegC
1591099488:[SURFIN,0020]filling external bladder
1591099491:[SURFIN,0019]external bladder full
1591099493:[PRESS ,0038]P   +170mbar,T+20903mdegC
1591099494:[PRESS ,0038]P   +150mbar,T+20901mdegC
1591099496:[PRESS ,0038]P   +170mbar,T+20901mdegC
1591099498:[PRESS ,0038]P   +170mbar,T+20901mdegC
1591099500:[PRESS ,0038]P   +170mbar,T+20901mdegC
1591099502:[PRESS ,0038]P   +180mbar,T+20901mdegC
1591099503:[PRESS ,0038]P   +170mbar,T+20899mdegC
1591099505:[PRESS ,0038]P   +170mbar,T+20898mdegC
1591099507:[PRESS ,0038]P   +170mbar,T+20897mdegC
1591099509:[PRESS ,0038]P   +160mbar,T+20897mdegC
1591099511:[PRESS ,0038]P   +160mbar,T+20896mdegC
1591099512:[PRESS ,0038]P   +150mbar,T+20896mdegC
1591099514:[PRESS ,0038]P   +150mbar,T+20895mdegC
1591099516:[PRESS ,0038]P   +160mbar,T+20895mdegC
1591099518:[PRESS ,0038]P   +170mbar,T+20894mdegC
1591099553:[MAIN  ,0272]Vbat 15145mV (min 14436mV)
1591099555:[MAIN  ,0024]internal pressure 79840Pa
1591099555:[MAIN  ,0043]Pext 165mbar (rng 30mbar)
1591099555:[MAIN  ,0064]surface
1591099571:[SURF  ,0022]GPS fix...
1591099591:[SURF  ,0015]10 PPS detected...
1591099592:[MRMAID,0052]Mermaid $GPSACK:+0,+0,+0,+0,+0,+0,+0;
1591099602:[MRMAID,0052]Mermaid $GPSOFF:3686319;
1591099603:[GPSFIX,0179]-1s diff
1591099604:[SURF  ,0222]2020-06-02T12:06:44
1591099604:[SURF  ,0082]Latitude : N43deg40.940mn, Longitude :E007deg19.176mn
1591099604:[SURF  ,0223]fix3D,9satellites
1591099604:[SURF  ,0084]GPS fix GPGSA : hdop0.700,vdop0.950
1591099614:[SURF  ,0274]last almanac : 964003
1591099626:[MRMAID,0026]1441 bytes in 0051/5ED640E3.MER
1591099632:[MAIN  ,0320]New pressure offset: 165mbar
1591099632:[SURF  ,0225]surface2
1591099647:[SURF  ,0022]GPS fix...
1591099667:[SURF  ,0015]10 PPS detected...
1591099668:[MRMAID,0052]Mermaid $GPSACK:+0,+0,+0,+0,+0,+0,+0;
1591099678:[MRMAID,0052]Mermaid $GPSOFF:3686318;
1591099679:[GPSFIX,0179]-1s diff
1591099680:[SURF  ,0222]2020-06-02T12:08:00
1591099680:[SURF  ,0082]Latitude : N43deg40.940mn, Longitude :E007deg19.176mn
1591099680:[SURF  ,0223]fix3D,8satellites
1591099680:[SURF  ,0084]GPS fix GPGSA : hdop0.710,vdop0.980
1591099690:[SURF  ,0025]Iridium...
1591099698:[SBE41 ,0339]newoffset=-0.80db received after -57s
1591099730:[SURF  ,0009]connected in 40s, signal quality 5
1591099793:[SURF  ,0218]prompt received, remote cmd end
1591099793:[SURF  ,0012]15 cmd(s) received
1591099813:[UPLOAD,0248]Upload data files...
1591099830:[UPLOAD,0231]"0051/5ED640E3.MER" uploaded at 144bytes/s
1591099846:[MAIN  ,0013]1 file(s) uploaded
1591099879:[SURF  ,0014]disconnected after 189s
1591099884:[SURFIN,0020]filling external bladder
1591099887:[SURFIN,0019]external bladder full
1591099887:[SURF  ,0227]1st complete transfer
1591099898:[SURF  ,0022]GPS fix...
1591099918:[SURF  ,0015]10 PPS detected...
1591099919:[MRMAID,0052]Mermaid $GPSACK:+0,+0,+0,+0,+0,+0,-61;
1591099929:[MRMAID,0052]Mermaid $GPSOFF:3686319;
1591099930:[GPSFIX,0179]-1s diff
1591099931:[SURF  ,0222]2020-06-02T12:12:11
1591099931:[SURF  ,0082]Latitude : N43deg40.940mn, Longitude :E007deg19.176mn
1591099931:[SURF  ,0223]fix3D,8satellites
1591099931:[SURF  ,0084]GPS fix GPGSA : hdop0.760,vdop1.060
1591099948:[MAIN  ,0024]internal pressure 79853Pa
1591099949:<WARN>[MAIN  ,0041]mission empty
1591099949:[MAIN  ,0065]surfacing
1591099951:[PRESS ,0038]P     +5mbar,T+20842mdegC
1591099953:[PRESS ,0038]P     -5mbar,T+20842mdegC
1591099954:[PRESS ,0038]P     -5mbar,T+20842mdegC
1591099956:[PRESS ,0038]P     +5mbar,T+20842mdegC
1591099958:[PRESS ,0038]P     -5mbar,T+20842mdegC
1591099960:[PRESS ,0038]P     -5mbar,T+20840mdegC
1591099962:[PRESS ,0038]P     +5mbar,T+20842mdegC
1591099963:[PRESS ,0038]P     +5mbar,T+20842mdegC
1591099965:[PRESS ,0038]P     +5mbar,T+20842mdegC
1591099967:[PRESS ,0038]P    +15mbar,T+20842mdegC
1591099969:[PRESS ,0038]P    +15mbar,T+20842mdegC
1591099971:[PRESS ,0038]P     -5mbar,T+20842mdegC
1591099972:[PRESS ,0038]P     -5mbar,T+20842mdegC
1591099974:[PRESS ,0038]P     -5mbar,T+20842mdegC
1591099976:[PRESS ,0038]P     +5mbar,T+20840mdegC
1591099976:[SURFIN,0036]P     +5mbar
1591099978:[PRESS ,0038]P     +5mbar,T+20842mdegC
1591099980:[PRESS ,0038]P     -5mbar,T+20842mdegC
1591099980:[SURFIN,0020]filling external bladder
1591099983:[SURFIN,0019]external bladder full
1591099984:[PRESS ,0038]P   +160mbar,T+20842mdegC
1591099986:[PRESS ,0038]P   +170mbar,T+20842mdegC
1591099988:[PRESS ,0038]P   +170mbar,T+20842mdegC
1591099990:[PRESS ,0038]P   +170mbar,T+20842mdegC
1591099992:[PRESS ,0038]P   +160mbar,T+20842mdegC
1591099994:[PRESS ,0038]P   +160mbar,T+20842mdegC
1591099995:[PRESS ,0038]P   +170mbar,T+20842mdegC
1591099997:[PRESS ,0038]P   +180mbar,T+20842mdegC
1591099999:[PRESS ,0038]P   +190mbar,T+20842mdegC
1591100001:[PRESS ,0038]P   +190mbar,T+20842mdegC
1591100003:[PRESS ,0038]P   +200mbar,T+20842mdegC
1591100004:[PRESS ,0038]P   +230mbar,T+20842mdegC
1591100006:[PRESS ,0038]P   +230mbar,T+20843mdegC
1591100008:[PRESS ,0038]P   +230mbar,T+20842mdegC
1591100010:[PRESS ,0038]P   +230mbar,T+20842mdegC
1591100046:[MAIN  ,0272]Vbat 15148mV (min 14436mV)
1591100048:[MAIN  ,0024]internal pressure 79861Pa
1591100048:[MAIN  ,0043]Pext 189mbar (rng 70mbar)
1591100048:[MAIN  ,0064]surface
1591100063:[SURF  ,0022]GPS fix...
1591100083:[SURF  ,0015]10 PPS detected...
1591100084:[MRMAID,0052]Mermaid $GPSACK:+0,+0,+0,+0,+0,+0,+0;
1591100094:[MRMAID,0052]Mermaid $GPSOFF:3686319;
1591100095:[GPSFIX,0179]-1s diff
1591100096:[SURF  ,0222]2020-06-02T12:14:56
1591100096:[SURF  ,0082]Latitude : N43deg40.950mn, Longitude :E007deg19.177mn
1591100096:[SURF  ,0223]fix3D,8satellites
1591100096:[SURF  ,0084]GPS fix GPGSA : hdop0.760,vdop1.050
1591100106:[SURF  ,0274]last almanac : 964495
1591100118:[MRMAID,0026]1443 bytes in 0051/5ED642CF.MER
1591100124:[MAIN  ,0320]New pressure offset: 189mbar
1591100124:[SURF  ,0225]surface2
1591100137:[SURF  ,0022]GPS fix...
1591100157:[SURF  ,0015]10 PPS detected...
1591100158:[MRMAID,0052]Mermaid $GPSACK:+0,+0,+0,+0,+0,+0,+0;
1591100168:[MRMAID,0052]Mermaid $GPSOFF:3686319;
1591100169:[GPSFIX,0179]-1s diff
1591100170:[SURF  ,0222]2020-06-02T12:16:10
1591100170:[SURF  ,0082]Latitude : N43deg40.953mn, Longitude :E007deg19.178mn
1591100170:[SURF  ,0223]fix3D,9satellites
1591100170:[SURF  ,0084]GPS fix GPGSA : hdop0.730,vdop0.970
1591100180:[SURF  ,0025]Iridium...
1591100189:[SBE41 ,0339]newoffset=-0.84db received after -57s
1591100300:[SURF  ,0009]connected in 120s, signal quality 5
1591100361:[SURF  ,0218]prompt received, remote cmd end
1591100361:[SURF  ,0012]14 cmd(s) received
1591100384:[UPLOAD,0248]Upload data files...
1591100401:[UPLOAD,0231]"0051/5ED642CF.MER" uploaded at 144bytes/s
1591100417:[MAIN  ,0013]1 file(s) uploaded
1591100449:[SURF  ,0014]disconnected after 269s
1591100454:[SURFIN,0020]filling external bladder
1591100457:[SURFIN,0019]external bladder full
1591100457:[SURF  ,0227]1st complete transfer
1591100472:[SURF  ,0022]GPS fix...
1591100492:[SURF  ,0015]10 PPS detected...
1591100493:[MRMAID,0052]Mermaid $GPSACK:+0,+0,+0,+0,+0,+1,-999969;
1591100503:[MRMAID,0052]Mermaid $GPSOFF:3686318;
1591100505:[GPSFIX,0179]+0s diff
1591100505:[SURF  ,0222]2020-06-02T12:21:45
1591100505:[SURF  ,0082]Latitude : N43deg40.956mn, Longitude :E007deg19.180mn
1591100505:[SURF  ,0223]fix3D,9satellites
1591100505:[SURF  ,0084]GPS fix GPGSA : hdop0.740,vdop0.970
1591100522:[MAIN  ,0024]internal pressure 79953Pa
1591100523:<WARN>[MAIN  ,0041]mission empty
1591100523:[MAIN  ,0065]surfacing
1591100525:[PRESS ,0038]P    -99mbar,T+20954mdegC
1591100527:[PRESS ,0038]P    -99mbar,T+20955mdegC
1591100528:[PRESS ,0038]P    -99mbar,T+20955mdegC
1591100530:[PRESS ,0038]P    -99mbar,T+20957mdegC
1591100532:[PRESS ,0038]P    -89mbar,T+20957mdegC
1591100534:[PRESS ,0038]P    -99mbar,T+20958mdegC
1591100536:[PRESS ,0038]P   -109mbar,T+20962mdegC
1591100537:[PRESS ,0038]P   -119mbar,T+20963mdegC
1591100539:[PRESS ,0038]P   -119mbar,T+20964mdegC
1591100541:[PRESS ,0038]P   -119mbar,T+20967mdegC
1591100543:[PRESS ,0038]P   -119mbar,T+20969mdegC
1591100545:[PRESS ,0038]P   -109mbar,T+20971mdegC
1591100546:[PRESS ,0038]P   -109mbar,T+20975mdegC
1591100548:[PRESS ,0038]P   -109mbar,T+20975mdegC
1591100550:[PRESS ,0038]P   -109mbar,T+20979mdegC
1591100550:[SURFIN,0036]P   -109mbar
1591100552:[PRESS ,0038]P   -109mbar,T+20979mdegC
1591100554:[PRESS ,0038]P   -109mbar,T+20982mdegC
1591100554:[SURFIN,0020]filling external bladder
1591100557:[SURFIN,0019]external bladder full
1591100559:[PRESS ,0038]P   +100mbar,T+20983mdegC
1591100560:[PRESS ,0038]P    +90mbar,T+20985mdegC
1591100562:[PRESS ,0038]P    +90mbar,T+20985mdegC
1591100564:[PRESS ,0038]P    +80mbar,T+20987mdegC
1591100566:[PRESS ,0038]P    +90mbar,T+20987mdegC
1591100568:[PRESS ,0038]P    +90mbar,T+20988mdegC
1591100569:[PRESS ,0038]P    +90mbar,T+20989mdegC
1591100571:[PRESS ,0038]P    +90mbar,T+20990mdegC
1591100573:[PRESS ,0038]P    +90mbar,T+20991mdegC
1591100575:[PRESS ,0038]P    +90mbar,T+20991mdegC
1591100577:[PRESS ,0038]P    +90mbar,T+20992mdegC
1591100578:[PRESS ,0038]P    +80mbar,T+20992mdegC
1591100580:[PRESS ,0038]P    +90mbar,T+20992mdegC
1591100582:[PRESS ,0038]P    +90mbar,T+20992mdegC
1591100584:[PRESS ,0038]P    +80mbar,T+20995mdegC
1591100620:[MAIN  ,0272]Vbat 15147mV (min 14436mV)
1591100622:[MAIN  ,0024]internal pressure 79948Pa
1591100622:[MAIN  ,0043]Pext 89mbar (rng 20mbar)
1591100622:[MAIN  ,0064]surface
1591100638:[SURF  ,0022]GPS fix...
1591100658:[SURF  ,0015]10 PPS detected...
1591100659:[MRMAID,0052]Mermaid $GPSACK:+0,+0,+0,+0,+0,+0,-30;
1591100669:[MRMAID,0052]Mermaid $GPSOFF:3686318;
1591100670:[GPSFIX,0179]-1s diff
1591100671:[SURF  ,0222]2020-06-02T12:24:31
1591100671:[SURF  ,0082]Latitude : N43deg40.953mn, Longitude :E007deg19.177mn
1591100671:[SURF  ,0223]fix3D,9satellites
1591100671:[SURF  ,0084]GPS fix GPGSA : hdop0.740,vdop0.970
1591100681:[SURF  ,0274]last almanac : 965070
1591100693:[MRMAID,0026]1455 bytes in 0051/5ED6450E.MER
1591100699:[MAIN  ,0320]New pressure offset: 89mbar
1591100699:[SURF  ,0225]surface2
1591100714:[SURF  ,0022]GPS fix...
1591100734:[SURF  ,0015]10 PPS detected...
1591100735:[MRMAID,0052]Mermaid $GPSACK:+0,+0,+0,+0,+0,+0,-30;
1591100745:[MRMAID,0052]Mermaid $GPSOFF:3686318;
1591100746:[GPSFIX,0179]-1s diff
1591100747:[SURF  ,0222]2020-06-02T12:25:47
1591100747:[SURF  ,0082]Latitude : N43deg40.954mn, Longitude :E007deg19.177mn
1591100747:[SURF  ,0223]fix3D,9satellites
1591100747:[SURF  ,0084]GPS fix GPGSA : hdop0.740,vdop0.970
1591100757:[SURF  ,0025]Iridium...
1591100765:[SBE41 ,0339]newoffset=-0.32db received after -57s
1591100792:[SURF  ,0009]connected in 35s, signal quality 5
1591100850:[SURF  ,0218]prompt received, remote cmd end
1591100850:[SURF  ,0012]14 cmd(s) received
1591100873:[UPLOAD,0248]Upload data files...
1591100896:[UPLOAD,0231]"0051/5ED6450E.MER" uploaded at 112bytes/s
1591100912:[MAIN  ,0013]1 file(s) uploaded
1591100943:[SURF  ,0014]disconnected after 186s
1591100948:[SURFIN,0020]filling external bladder
1591100956:[PUMP  ,0016]pump during 300000ms
1591100968:[SURFIN,0019]external bladder full
1591100968:[SURF  ,0227]1st complete transfer
1591100981:[SURF  ,0022]GPS fix...
1591101002:[SURF  ,0015]10 PPS detected...
1591101003:[MRMAID,0052]Mermaid $GPSACK:+0,+0,+0,+0,+0,+0,-30;
1591101013:[MRMAID,0052]Mermaid $GPSOFF:3686318;
1591101014:[GPSFIX,0179]-1s diff
1591101015:[SURF  ,0222]2020-06-02T12:30:15
1591101015:[SURF  ,0082]Latitude : N43deg41.036mn, Longitude :E007deg19.063mn
1591101015:[SURF  ,0223]fix3D,9satellites
1591101015:[SURF  ,0084]GPS fix GPGSA : hdop0.750,vdop0.970
1591101032:[MAIN  ,0024]internal pressure 80118Pa
1591101033:<WARN>[MAIN  ,0041]mission empty
1591101033:[MAIN  ,0065]surfacing
1591101035:[PRESS ,0038]P    +31mbar,T+21351mdegC
1591101037:[PRESS ,0038]P    +31mbar,T+21353mdegC
1591101038:[PRESS ,0038]P    +31mbar,T+21355mdegC
1591101040:[PRESS ,0038]P    +11mbar,T+21357mdegC
1591101042:[PRESS ,0038]P    +31mbar,T+21360mdegC
1591101044:[PRESS ,0038]P    +31mbar,T+21361mdegC
1591101046:[PRESS ,0038]P    +31mbar,T+21363mdegC
1591101047:[PRESS ,0038]P    +31mbar,T+21366mdegC
1591101049:[PRESS ,0038]P    +31mbar,T+21368mdegC
1591101051:[PRESS ,0038]P    +31mbar,T+21369mdegC
1591101053:[PRESS ,0038]P    +31mbar,T+21371mdegC
1591101055:[PRESS ,0038]P    +31mbar,T+21373mdegC
1591101056:[PRESS ,0038]P    +31mbar,T+21375mdegC
1591101058:[PRESS ,0038]P    +31mbar,T+21377mdegC
1591101060:[PRESS ,0038]P    +31mbar,T+21380mdegC
1591101060:[SURFIN,0036]P    +31mbar
1591101062:[PRESS ,0038]P    +21mbar,T+21383mdegC
1591101064:[PRESS ,0038]P    +31mbar,T+21386mdegC
1591101064:[SURFIN,0020]filling external bladder
1591101067:[SURFIN,0019]external bladder full
1591101068:[PRESS ,0038]P   +120mbar,T+21390mdegC
1591101070:[PRESS ,0038]P   +110mbar,T+21393mdegC
1591101072:[PRESS ,0038]P   +120mbar,T+21395mdegC
1591101074:[PRESS ,0038]P   +110mbar,T+21396mdegC
1591101076:[PRESS ,0038]P   +120mbar,T+21399mdegC
1591101078:[PRESS ,0038]P   +120mbar,T+21402mdegC
1591101079:[PRESS ,0038]P   +120mbar,T+21403mdegC
1591101081:[PRESS ,0038]P   +120mbar,T+21405mdegC
1591101083:[PRESS ,0038]P   +120mbar,T+21408mdegC
1591101085:[PRESS ,0038]P   +120mbar,T+21409mdegC
1591101087:[PRESS ,0038]P   +120mbar,T+21411mdegC
1591101088:[PRESS ,0038]P   +110mbar,T+21413mdegC
1591101090:[PRESS ,0038]P   +120mbar,T+21416mdegC
1591101092:[PRESS ,0038]P   +120mbar,T+21418mdegC
1591101094:[PRESS ,0038]P   +110mbar,T+21419mdegC
1591101130:[MAIN  ,0272]Vbat 15128mV (min 14436mV)
1591101132:[MAIN  ,0024]internal pressure 80197Pa
1591101132:[MAIN  ,0043]Pext 117mbar (rng 10mbar)
1591101132:[MAIN  ,0064]surface
1591101144:[SURF  ,0022]GPS fix...
1591101165:[SURF  ,0015]10 PPS detected...
1591101166:[MRMAID,0052]Mermaid $GPSACK:+0,+0,+0,+0,+0,+0,-30;
1591101176:[MRMAID,0052]Mermaid $GPSOFF:3686318;
1591101177:[GPSFIX,0179]-1s diff
1591101178:[SURF  ,0222]2020-06-02T12:32:58
1591101178:[SURF  ,0082]Latitude : N43deg41.174mn, Longitude :E007deg18.939mn
1591101178:[SURF  ,0223]fix3D,9satellites
1591101178:[SURF  ,0084]GPS fix GPGSA : hdop0.710,vdop0.850
1591101188:[SURF  ,0274]last almanac : 965577
1591101200:[MRMAID,0026]1447 bytes in 0051/5ED64709.MER
1591101206:[MAIN  ,0320]New pressure offset: 117mbar
1591101206:[SURF  ,0225]surface2
1591101221:[SURF  ,0022]GPS fix...
1591101241:[SURF  ,0015]10 PPS detected...
1591101242:[MRMAID,0052]Mermaid $GPSACK:+0,+0,+0,+0,+0,+0,+0;
1591101252:[MRMAID,0052]Mermaid $GPSOFF:3686318;
1591101253:[GPSFIX,0179]-1s diff
1591101254:[SURF  ,0222]2020-06-02T12:34:14
1591101254:[SURF  ,0082]Latitude : N43deg41.242mn, Longitude :E007deg18.889mn
1591101254:[SURF  ,0223]fix3D,9satellites
1591101254:[SURF  ,0084]GPS fix GPGSA : hdop0.650,vdop0.810
1591101264:[SURF  ,0025]Iridium...
1591101272:[SBE41 ,0339]newoffset=-0.29db received after -57s
1591101304:[SURF  ,0009]connected in 40s, signal quality 5
1591101368:[SURF  ,0218]prompt received, remote cmd end
1591101368:[SURF  ,0012]14 cmd(s) received
1591101389:[UPLOAD,0248]Upload data files...
1591101407:[UPLOAD,0231]"0051/5ED64709.MER" uploaded at 132bytes/s
1591101423:[MAIN  ,0013]1 file(s) uploaded
1591101456:[SURF  ,0014]disconnected after 192s
1591101461:[SURFIN,0020]filling external bladder
1591101464:[SURFIN,0019]external bladder full
1591101464:[SURF  ,0227]1st complete transfer
1591101477:[SURF  ,0022]GPS fix...
1591101497:[SURF  ,0015]10 PPS detected...
1591101498:[MRMAID,0052]Mermaid $GPSACK:+0,+0,+0,+0,+0,+0,+0;
1591101508:[MRMAID,0052]Mermaid $GPSOFF:3686318;
1591101509:[GPSFIX,0179]+0s diff
1591101509:[SURF  ,0222]2020-06-02T12:38:29
1591101509:[SURF  ,0082]Latitude : N43deg41.477mn, Longitude :E007deg18.732mn
1591101509:[SURF  ,0223]fix3D,9satellites
1591101509:[SURF  ,0084]GPS fix GPGSA : hdop0.680,vdop0.850
1591101526:[MAIN  ,0024]internal pressure 80320Pa
1591101527:<WARN>[MAIN  ,0041]mission empty
1591101527:[MAIN  ,0065]surfacing
1591101529:[PRESS ,0038]P    -17mbar,T+22047mdegC
1591101531:[PRESS ,0038]P     -7mbar,T+22052mdegC
1591101532:[PRESS ,0038]P     +3mbar,T+22056mdegC
1591101534:[PRESS ,0038]P     -7mbar,T+22059mdegC
1591101536:[PRESS ,0038]P     -7mbar,T+22064mdegC
1591101538:[PRESS ,0038]P     -7mbar,T+22068mdegC
1591101540:[PRESS ,0038]P     -7mbar,T+22070mdegC
1591101541:[PRESS ,0038]P     +3mbar,T+22076mdegC
1591101543:[PRESS ,0038]P     +3mbar,T+22081mdegC
1591101545:[PRESS ,0038]P     +3mbar,T+22084mdegC
1591101547:[PRESS ,0038]P     +3mbar,T+22088mdegC
1591101549:[PRESS ,0038]P     -7mbar,T+22091mdegC
1591101550:[PRESS ,0038]P     -7mbar,T+22095mdegC
1591101552:[PRESS ,0038]P     -7mbar,T+22097mdegC
1591101554:[PRESS ,0038]P     -7mbar,T+22100mdegC
1591101554:[SURFIN,0036]P     -7mbar
1591101556:[PRESS ,0038]P     -7mbar,T+22104mdegC
1591101558:[PRESS ,0038]P     -7mbar,T+22106mdegC
1591101558:[SURFIN,0020]filling external bladder
1591101561:[SURFIN,0019]external bladder full
1591101562:[PRESS ,0038]P   +110mbar,T+22112mdegC
1591101564:[PRESS ,0038]P   +100mbar,T+22115mdegC
1591101566:[PRESS ,0038]P   +120mbar,T+22117mdegC
1591101568:[PRESS ,0038]P   +110mbar,T+22119mdegC
1591101570:[PRESS ,0038]P   +120mbar,T+22124mdegC
1591101572:[PRESS ,0038]P   +120mbar,T+22125mdegC
1591101573:[PRESS ,0038]P   +130mbar,T+22123mdegC
1591101575:[PRESS ,0038]P   +120mbar,T+22121mdegC
1591101577:[PRESS ,0038]P   +120mbar,T+22123mdegC
1591101579:[PRESS ,0038]P   +120mbar,T+22124mdegC
1591101581:[PRESS ,0038]P   +110mbar,T+22129mdegC
1591101582:[PRESS ,0038]P   +120mbar,T+22129mdegC
1591101584:[PRESS ,0038]P   +100mbar,T+22129mdegC
1591101586:[PRESS ,0038]P   +110mbar,T+22130mdegC
1591101588:[PRESS ,0038]P   +120mbar,T+22132mdegC
1591101623:[MAIN  ,0272]Vbat 15156mV (min 14436mV)
1591101625:[MAIN  ,0024]internal pressure 80357Pa
1591101625:[MAIN  ,0043]Pext 115mbar (rng 30mbar)
1591101625:[MAIN  ,0064]surface
1591101641:[SURF  ,0022]GPS fix...
1591101661:[SURF  ,0015]10 PPS detected...
1591101662:[MRMAID,0052]Mermaid $GPSACK:+0,+0,+0,+0,+0,+0,+0;
1591101672:[MRMAID,0052]Mermaid $GPSOFF:3686318;
1591101673:[GPSFIX,0179]-1s diff
1591101674:[SURF  ,0222]2020-06-02T12:41:14
1591101674:[SURF  ,0082]Latitude : N43deg41.644mn, Longitude :E007deg18.666mn
1591101674:[SURF  ,0223]fix3D,9satellites
1591101674:[SURF  ,0084]GPS fix GPGSA : hdop0.720,vdop0.920
1591101684:[SURF  ,0274]last almanac : 966073
1591101696:[MRMAID,0026]1441 bytes in 0051/5ED648F9.MER
1591101702:[MAIN  ,0320]New pressure offset: 115mbar
1591101702:[SURF  ,0225]surface2
1591101717:[SURF  ,0022]GPS fix...
1591101737:[SURF  ,0015]10 PPS detected...
1591101738:[MRMAID,0052]Mermaid $GPSACK:+0,+0,+0,+0,+0,+0,+0;
1591101748:[MRMAID,0052]Mermaid $GPSOFF:3686318;
1591101749:[GPSFIX,0179]-1s diff
1591101750:[SURF  ,0222]2020-06-02T12:42:30
1591101750:[SURF  ,0082]Latitude : N43deg41.720mn, Longitude :E007deg18.637mn
1591101750:[SURF  ,0223]fix3D,9satellites
1591101750:[SURF  ,0084]GPS fix GPGSA : hdop0.720,vdop0.920
1591101760:[SURF  ,0025]Iridium...
1591101768:[SBE41 ,0339]newoffset=-0.19db received after -57s
1591101797:[SURF  ,0009]connected in 37s, signal quality 5
1591101849:<WARN>[SURF  ,0071]timeout
1591101849:<WARN>[SURF  ,0056]peer mute
1591101855:[SURF  ,0014]disconnected after 95s
1591101860:[SURFIN,0020]filling external bladder
1591101863:[SURFIN,0019]external bladder full
1591101863:[SURF  ,0069]transfer interrupted , retry
1591101878:[SURF  ,0022]GPS fix...
1591101898:[SURF  ,0015]10 PPS detected...
1591101899:[MRMAID,0052]Mermaid $GPSACK:+0,+0,+0,+0,+0,+0,+0;
1591101909:[MRMAID,0052]Mermaid $GPSOFF:3686318;
1591101910:[GPSFIX,0179]-1s diff
1591101911:[SURF  ,0222]2020-06-02T12:45:11
1591101911:[SURF  ,0082]Latitude : N43deg41.794mn, Longitude :E007deg18.599mn
1591101911:[SURF  ,0223]fix3D,9satellites
1591101911:[SURF  ,0084]GPS fix GPGSA : hdop0.690,vdop0.920
1591101921:[SURF  ,0025]Iridium...
1591101960:[SURF  ,0009]connected in 39s, signal quality 4
1591102013:[SURF  ,0218]prompt received, remote cmd end
1591102013:[SURF  ,0012]14 cmd(s) received
1591102034:[UPLOAD,0248]Upload data files...
1591102060:[ZIO   ,0240]"NO CARRIER" received, aborting
1591102060:<ERR>[UPLOAD,0131]opening upload
1591102061:<ERR>[UPLOAD,0132]opening upload "0051"
1591102076:[SURF  ,0014]disconnected after 155s
1591102081:[SURFIN,0020]filling external bladder
1591102084:[SURFIN,0019]external bladder full
1591102084:[SURF  ,0319]transfer interrupted
1591102099:[SURF  ,0022]GPS fix...
1591102120:[SURF  ,0015]10 PPS detected...
1591102121:[MRMAID,0052]Mermaid $GPSACK:+0,+0,+0,+0,+0,+0,+0;
1591102131:[MRMAID,0052]Mermaid $GPSOFF:3686317;
1591102133:[GPSFIX,0179]+0s diff
1591102133:[SURF  ,0222]2020-06-02T12:48:53
1591102133:[SURF  ,0082]Latitude : N43deg41.853mn, Longitude :E007deg18.670mn
1591102133:[SURF  ,0223]fix3D,9satellites
1591102133:[SURF  ,0084]GPS fix GPGSA : hdop0.690,vdop0.940
1591102150:[MAIN  ,0024]internal pressure 80634Pa
1591102151:<WARN>[MAIN  ,0041]mission empty
1591102151:[MAIN  ,0065]surfacing
1591102153:[PRESS ,0038]P     -5mbar,T+22787mdegC
1591102155:[PRESS ,0038]P     +5mbar,T+22787mdegC
1591102156:[PRESS ,0038]P    -15mbar,T+22787mdegC
1591102158:[PRESS ,0038]P     -5mbar,T+22789mdegC
1591102160:[PRESS ,0038]P     -5mbar,T+22788mdegC
1591102162:[PRESS ,0038]P     -5mbar,T+22789mdegC
1591102164:[PRESS ,0038]P     +5mbar,T+22790mdegC
1591102165:[PRESS ,0038]P     -5mbar,T+22790mdegC
1591102167:[PRESS ,0038]P     -5mbar,T+22792mdegC
1591102169:[PRESS ,0038]P     -5mbar,T+22792mdegC
1591102171:[PRESS ,0038]P     -5mbar,T+22792mdegC
1591102173:[PRESS ,0038]P     -5mbar,T+22794mdegC
1591102174:[PRESS ,0038]P     +5mbar,T+22795mdegC
1591102176:[PRESS ,0038]P     +5mbar,T+22795mdegC
1591102178:[PRESS ,0038]P     +5mbar,T+22797mdegC
1591102178:[SURFIN,0036]P     +5mbar
1591102180:[PRESS ,0038]P     +5mbar,T+22798mdegC
1591102182:[PRESS ,0038]P     -5mbar,T+22799mdegC
1591102182:[SURFIN,0020]filling external bladder
1591102185:[SURFIN,0019]external bladder full
1591102187:[PRESS ,0038]P   +110mbar,T+22802mdegC
1591102188:[PRESS ,0038]P   +110mbar,T+22802mdegC
1591102190:[PRESS ,0038]P   +120mbar,T+22802mdegC
1591102192:[PRESS ,0038]P   +110mbar,T+22804mdegC
1591102194:[PRESS ,0038]P   +120mbar,T+22805mdegC
1591102196:[PRESS ,0038]P   +110mbar,T+22807mdegC
1591102197:[PRESS ,0038]P   +110mbar,T+22808mdegC
1591102199:[PRESS ,0038]P   +110mbar,T+22808mdegC
1591102201:[PRESS ,0038]P   +110mbar,T+22809mdegC
1591102203:[PRESS ,0038]P   +110mbar,T+22811mdegC
1591102205:[PRESS ,0038]P   +120mbar,T+22812mdegC
1591102206:[PRESS ,0038]P   +110mbar,T+22813mdegC
1591102208:[PRESS ,0038]P   +110mbar,T+22815mdegC
1591102210:[PRESS ,0038]P   +110mbar,T+22815mdegC
1591102212:[PRESS ,0038]P   +120mbar,T+22818mdegC
1591102248:[MAIN  ,0272]Vbat 15163mV (min 14436mV)
1591102250:[MAIN  ,0024]internal pressure 80635Pa
1591102250:[MAIN  ,0043]Pext 113mbar (rng 10mbar)
1591102250:[MAIN  ,0064]surface
1591102265:[SURF  ,0022]GPS fix...
1591102286:[SURF  ,0015]10 PPS detected...
1591102287:[MRMAID,0052]Mermaid $GPSACK:+0,+0,+0,+0,+0,+0,-30;
1591102297:[MRMAID,0052]Mermaid $GPSOFF:3686317;
1591102298:[GPSFIX,0179]-1s diff
1591102299:[SURF  ,0222]2020-06-02T12:51:39
1591102299:[SURF  ,0082]Latitude : N43deg41.983mn, Longitude :E007deg18.630mn
1591102299:[SURF  ,0223]fix3D,9satellites
1591102299:[SURF  ,0084]GPS fix GPGSA : hdop0.690,vdop0.950
1591102309:[SURF  ,0274]last almanac : 966698
1591102322:[MRMAID,0026]1555 bytes in 0051/5ED64B6A.MER
1591102327:[MAIN  ,0320]New pressure offset: 113mbar
1591102327:[SURF  ,0225]surface2
1591102341:[SURF  ,0022]GPS fix...
1591102362:[SURF  ,0015]10 PPS detected...
1591102363:[MRMAID,0052]Mermaid $GPSACK:+0,+0,+0,+0,+0,+0,-30;
1591102373:[MRMAID,0052]Mermaid $GPSOFF:3686317;
1591102374:[GPSFIX,0179]-1s diff
1591102375:[SURF  ,0222]2020-06-02T12:52:55
1591102375:[SURF  ,0082]Latitude : N43deg41.943mn, Longitude :E007deg18.571mn
1591102375:[SURF  ,0223]fix3D,9satellites
1591102375:[SURF  ,0084]GPS fix GPGSA : hdop0.690,vdop0.950
1591102385:[SURF  ,0025]Iridium...
1591102393:[SBE41 ,0339]newoffset=-0.06db received after -57s
1591102435:[SURF  ,0009]connected in 50s, signal quality 5
1591102490:[SURF  ,0218]prompt received, remote cmd end
1591102490:[SURF  ,0012]14 cmd(s) received
1591102510:[UPLOAD,0248]Upload data files...
1591102541:[UPLOAD,0231]"0051/5ED648F9.MER" uploaded at 63bytes/s
1591102555:[UPLOAD,0231]"0051/5ED64B6A.MER" uploaded at 120bytes/s
1591102572:[MAIN  ,0013]2 file(s) uploaded
1591102604:[SURF  ,0014]disconnected after 219s
1591102609:[SURFIN,0020]filling external bladder
1591102613:[SURFIN,0019]external bladder full
1591102613:[SURF  ,0227]1st complete transfer
1591102624:[SURF  ,0022]GPS fix...
1591102644:[SURF  ,0015]10 PPS detected...
1591102645:[MRMAID,0052]Mermaid $GPSACK:+0,+0,+0,+0,+0,+0,-30;
1591102655:[MRMAID,0052]Mermaid $GPSOFF:3686317;
1591102656:[GPSFIX,0179]-1s diff
1591102657:[SURF  ,0222]2020-06-02T12:57:37
1591102657:[SURF  ,0082]Latitude : N43deg41.935mn, Longitude :E007deg18.553mn
1591102657:[SURF  ,0223]fix3D,9satellites
1591102657:[SURF  ,0084]GPS fix GPGSA : hdop0.700,vdop0.960
1591102674:[MAIN  ,0024]internal pressure 80838Pa
1591102675:<WARN>[MAIN  ,0041]mission empty
1591102675:[MAIN  ,0065]surfacing
1591102677:[PRESS ,0038]P    +47mbar,T+23223mdegC
1591102679:[PRESS ,0038]P    +37mbar,T+23220mdegC
1591102680:[PRESS ,0038]P    +37mbar,T+23220mdegC
1591102682:[PRESS ,0038]P    +37mbar,T+23220mdegC
1591102684:[PRESS ,0038]P    +37mbar,T+23219mdegC
1591102686:[PRESS ,0038]P    +37mbar,T+23217mdegC
1591102688:[PRESS ,0038]P    +27mbar,T+23217mdegC
1591102689:[PRESS ,0038]P    +47mbar,T+23216mdegC
1591102691:[PRESS ,0038]P    +47mbar,T+23214mdegC
1591102693:[PRESS ,0038]P    +47mbar,T+23214mdegC
1591102695:[PRESS ,0038]P    +67mbar,T+23212mdegC
1591102697:[PRESS ,0038]P    +57mbar,T+23212mdegC
1591102698:[PRESS ,0038]P    +67mbar,T+23210mdegC
1591102700:[PRESS ,0038]P    +67mbar,T+23210mdegC
1591102702:[PRESS ,0038]P    +57mbar,T+23209mdegC
1591102702:[SURFIN,0036]P    +57mbar
1591102704:[PRESS ,0038]P    +57mbar,T+23207mdegC
1591102706:[PRESS ,0038]P    +67mbar,T+23206mdegC
1591102706:[SURFIN,0020]filling external bladder
1591102709:[SURFIN,0019]external bladder full
1591102711:[PRESS ,0038]P   +160mbar,T+23202mdegC
1591102712:[PRESS ,0038]P   +160mbar,T+23202mdegC
1591102714:[PRESS ,0038]P   +150mbar,T+23200mdegC
1591102716:[PRESS ,0038]P   +160mbar,T+23200mdegC
1591102718:[PRESS ,0038]P   +150mbar,T+23198mdegC
1591102720:[PRESS ,0038]P   +150mbar,T+23196mdegC
1591102721:[PRESS ,0038]P   +150mbar,T+23195mdegC
1591102723:[PRESS ,0038]P   +150mbar,T+23193mdegC
1591102725:[PRESS ,0038]P   +150mbar,T+23192mdegC
1591102727:[PRESS ,0038]P   +160mbar,T+23190mdegC
1591102729:[PRESS ,0038]P   +160mbar,T+23189mdegC
1591102730:[PRESS ,0038]P   +170mbar,T+23186mdegC
1591102732:[PRESS ,0038]P   +170mbar,T+23185mdegC
1591102734:[PRESS ,0038]P   +170mbar,T+23184mdegC
1591102736:[PRESS ,0038]P   +180mbar,T+23182mdegC
1591102771:[MAIN  ,0272]Vbat 15167mV (min 14436mV)
1591102773:[MAIN  ,0024]internal pressure 80758Pa
1591102773:[MAIN  ,0043]Pext 159mbar (rng 30mbar)
1591102773:[MAIN  ,0064]surface
1591102784:[SURF  ,0022]GPS fix...
1591102804:[SURF  ,0015]10 PPS detected...
1591102805:[MRMAID,0052]Mermaid $GPSACK:+0,+0,+0,+0,+0,+0,+0;
1591102815:[MRMAID,0052]Mermaid $GPSOFF:3686317;
1591102816:[GPSFIX,0179]-1s diff
1591102817:[SURF  ,0222]2020-06-02T13:00:17
1591102817:[SURF  ,0082]Latitude : N43deg41.934mn, Longitude :E007deg18.552mn
1591102817:[SURF  ,0223]fix3D,9satellites
1591102817:[SURF  ,0084]GPS fix GPGSA : hdop0.700,vdop0.970
1591102827:[SURF  ,0274]last almanac : 967216
1591102839:[MRMAID,0026]1445 bytes in 0051/5ED64D70.MER
1591102845:[MAIN  ,0320]New pressure offset: 159mbar
1591102845:[SURF  ,0225]surface2
1591102858:[SURF  ,0022]GPS fix...
1591102878:[SURF  ,0015]10 PPS detected...
1591102879:[MRMAID,0052]Mermaid $GPSACK:+0,+0,+0,+0,+0,+0,+0;
1591102889:[MRMAID,0052]Mermaid $GPSOFF:3686317;
