1581564692:[MAIN  ,0007]buoy 452.020-P-0051
1581564692:[MAIN  ,0055]soft pilotage 452.012.300_V2.12-20200211
1581564692:[MAIN  ,0010]cycle 11
1581564692:[SURF  ,0225]surface2
1581564707:[SURF  ,0022]GPS fix...
1581564727:[SURF  ,0015]10 PPS detected...
1581564728:[MRMAID,0052]Mermaid $GPSACK:+0,+0,+0,+0,+0,+0,-30;
1581564738:[MRMAID,0052]Mermaid $GPSOFF:3686321;
1581564739:[GPSFIX,0179]-1s diff
1581564740:[SURF  ,0222]2020-02-13T03:32:20
1581564740:[SURF  ,0082]Latitude : N43deg40.935mn, Longitude :E007deg19.169mn
1581564740:[SURF  ,0223]fix3D,12satellites
1581564740:[SURF  ,0084]GPS fix GPGSA : hdop0.620,vdop0.950
1581564750:[SURF  ,0025]Iridium...
1581564756:[SBE41 ,0339]newoffset=-0.83db received after 63s
1581564792:[SURF  ,0009]connected in 42s, signal quality 5
1581564819:[BYCMD ,0120]    bypass 10000ms 120000ms (20000ms 60000ms stored)
1581564821:[BYCMD ,0125]    near 1500mbar 3mbar/s (15000mbar 3mbar/s stored)
1581564823:[BYCMD ,0126]    far 2500mbar 4mbar/s (25000mbar 4mbar/s stored)
1581564825:[BYCMD ,0128]    dead 60s (300s stored)
1581564827:[P2TCMD,0155]p2t log dp > 50mbar
1581564829:[MSSION,0190]4 stage(s) deleted
1581564829:[STACMD,0168]stage del 4
1581564831:[STAGE ,0080]Stage [0] 2500mbar (+/-500mbar) 900s (<900s) 
1581564833:[STAGE ,0080]Stage [1] 2500mbar (+/-500mbar) 1800s (<2700s) MERMAID
1581564836:[STAGE ,0080]Stage [2] 5000mbar (+/-500mbar) 900s (<3600s) 
1581564838:[STAGE ,0091]Stage [3] surfacing 3600s (<7200s) SBE41
1581564838:[STAGE ,0340]Stage with SBE41: all parameters saved
1581564854:[STACMD,0170]stage store 104
1581564866:[SURF  ,0218]prompt received, remote cmd end
1581564867:[SURF  ,0012]19 cmd(s) received
1581564888:[UPLOAD,0248]Upload data files...
1581564928:[UPLOAD,0231]"0051/5E44BE1A.S41" uploaded at 113bytes/s
1581564940:[UPLOAD,0231]"0051/5E44C307.MER" uploaded at 144bytes/s
1581565004:[UPLOAD,0231]"0051/5E44AD16.BIN" uploaded at 132bytes/s
1581565020:[MAIN  ,0013]3 file(s) uploaded
1581565051:[SURF  ,0014]disconnected after 301s
1581565056:[SURF  ,0227]1st complete transfer
1581565074:[SURF  ,0022]GPS fix...
1581565094:[SURF  ,0015]10 PPS detected...
1581565095:[MRMAID,0052]Mermaid $GPSACK:+0,+0,+0,+0,+0,+0,-61;
1581565105:[MRMAID,0052]Mermaid $GPSOFF:3686321;
1581565106:[GPSFIX,0179]-1s diff
1581565107:[SURF  ,0222]2020-02-13T03:38:27
1581565107:[SURF  ,0082]Latitude : N43deg40.935mn, Longitude :E007deg19.169mn
1581565107:[SURF  ,0223]fix3D,12satellites
1581565107:[SURF  ,0084]GPS fix GPGSA : hdop0.620,vdop0.950
1581565124:[MAIN  ,0024]internal pressure 78485Pa
1581565125:[BYCMD ,0107]    FreeRTOS V8.2.3
1581565125:[BYCMD ,0108]    FatFS v11a
1581565125:[BYCMD ,0120]    bypass 10000ms 120000ms (20000ms 60000ms stored)
1581565125:[BYCMD ,0121]    valve 60000ms 12750 (60000ms 12750 stored)
1581565125:[BYCMD ,0122]    pump 60000ms 30 10750 80 (60000ms 30 10750 80tored)
1581565125:[BYCMD ,0123]    rate 2mbar/s (2mbar/s stored)
1581565125:[BYCMD ,0124]    surface 500mbar (500mbar stored)
1581565125:[BYCMD ,0125]    near 1500mbar 3mbar/s (15000mbar 3mbar/s stored)
1581565125:[BYCMD ,0126]    far 2500mbar 4mbar/s (25000mbar 4mbar/s stored)
1581565125:[BYCMD ,0127]    ascent 8mbar/s (8mbar/s stored)
1581565125:[BYCMD ,0128]    dead 60s (300s stored)
1581565125:[BYCMD ,0129]    coeff 16/10 (16/10 stored)
1581565125:[BYCMD ,0130]    stab 10 (10 stored)
1581565125:[BYCMD ,0131]    delay 900s 3600s (900s 3600s stored)
1581565125:[BYCMD ,0132]    mmtime 2880min (2880min stored)
1581565125:[BYCMD ,0133]    dv_landing 100ml (100ml stored)
1581565125:[MKDCMD,0150]    p2t37: 15x2000ms, offset 189mbar
1581565125:[P2TCMD,0151]    p2t37: dp 50mbar, dt 5000mdegC
1581565126:[STAGE ,0080]Stage [0] 2500mbar (+/-500mbar) 900s (<900s) 
1581565126:[STAGE ,0080]Stage [1] 2500mbar (+/-500mbar) 1800s (<2700s) MERMAID
1581565126:[STAGE ,0080]Stage [2] 5000mbar (+/-500mbar) 900s (<3600s) 
1581565126:[STAGE ,0091]Stage [3] surfacing 3600s (<7200s) SBE41
1581565126:[SBE41 ,0282]SBE41 parameters : 
      dsreplyformat=1 (webb(0)/standard(1))
      addtimingdelays=0 (n(0)/y(1))
      outputdensity=0 (n(0)/y(1))
      echocmd=0 (n(0)/y(1))
      outputrt=1 (n(0)/y(1))
      outputpts=0 (n(0)/y(1))
      outputsn=0 (n(0)/y(1))
      outputpressure=1 (n(0)/y(1))
      pcutoff=5dbar
      tswait=0s
      pumpfastpt=1 (n(0)/y(1))
      samplerate=0 ('fast':1Hz(1)/'slow':0.5Hz(0))
      top_bin_interval=10dbar
      top_bin_size=10dbar
      top_bin_max=100dbar
      middle_bin_interval=50dbar
      middle_bin_size=50dbar
      middle_bin_max=1000dbar
      bottom_bin_interval=100dbar
      bottom_bin_size=100dbar
      includetransitionbin=0
      includenbin=0 (n(0)/y(1))
      autobinavg=0 (n(0)/y(1))
1581565126:[SBE41 ,0283]SBE41 pilot policy : 
      continiousprofile=0 (n(0)/y(1)
      speeddetection=1 (n(0)/y(1)
      hexoutput=1 (n(0)/y(1)
      binaverageoutput=0 (n(0)/y(1)
      manualprofilerate=10s
      runningpumpbeforeprofile=0s
      speedstart=2mbar/s
      speedcontrol=6mbar/s
1581565126:[MAIN  ,0070]turn off bluetooth
1581565129:[PRESS ,0038]P    -29mbar,T+14362mdegC
1581565153:[DIVING,0141]diving from -19mbar, +0mbar/s
1581565153:[BYPASS,0035]bypass opening 120000ms
1581565158:[BYPASS,0104]bypass opening: 14527mV/350750uA
1581565283:[BYPASS,0106]bypass closing: 14516mV/395646uA
1581565285:[PRESS ,0038]P   +211mbar,T+14308mdegC
1581565292:[PRESS ,0038]P   +301mbar,T+14306mdegC
1581565299:[PRESS ,0038]P   +371mbar,T+14302mdegC
1581565305:[PRESS ,0038]P   +441mbar,T+14299mdegC
1581565313:[PRESS ,0038]P   +531mbar,T+14296mdegC
1581565314:[DIVING,0028]541mbar reached (+12mbar/s), 1 bypass done
1581565315:[MAIN  ,0056]stage[0]
1581565317:[MAIN  ,0024]internal pressure 79766Pa
1581565318:[BUOY  ,0037]P   +581mbar
1581565318:[STAGE ,0080]Stage [0] 2500mbar (+/-500mbar) 900s (<1581566215s) 
1581565320:[PRESS ,0038]P   +611mbar,T+14293mdegC
1581565320:[BUOY  ,0087]from +11mbar/s to +3mbar/s
1581565320:[BUOY  ,0089]need to transfer +180mL (pump during 224159ms)
1581565328:[PUMP  ,0207]pump warmup 14957mV/40992uA
1581565328:[PUMP  ,0016]pump during 60000ms
1581565390:[PUMP  ,0212]pump stopped, 14547mV/483147uA
1581565395:[PRESS ,0038]P  +1451mbar,T+14285mdegC
1581565402:[PRESS ,0038]P  +1521mbar,T+14285mdegC
1581565407:[PRESS ,0038]P  +1581mbar,T+14286mdegC
1581565413:[PRESS ,0038]P  +1641mbar,T+14287mdegC
1581565418:[PRESS ,0038]P  +1701mbar,T+14287mdegC
1581565420:[BUOY  ,0087]from +11mbar/s to +2mbar/s
1581565420:[BUOY  ,0089]need to transfer +188mL (pump during 234122ms)
1581565428:[PUMP  ,0207]pump warmup 14901mV/40626uA
1581565428:[PUMP  ,0016]pump during 60000ms
1581565490:[PUMP  ,0212]pump stopped, 14536mV/492836uA
1581565495:[PRESS ,0038]P  +2421mbar,T+14299mdegC
1581565502:[PRESS ,0038]P  +2481mbar,T+14302mdegC
1581565509:[PRESS ,0038]P  +2541mbar,T+14303mdegC
1581565516:[PRESS ,0038]P  +2601mbar,T+14305mdegC
1581565519:[STAGE ,0213]2641mbar reached at 1581565519s, ref 2500mbar +/-500mbar
1581565519:[BUOY  ,0087]from +9mbar/s to +0mbar/s
1581565520:[BUOY  ,0089]need to transfer +130mL (pump during 161893ms)
1581565528:[PUMP  ,0207]pump warmup 14857mV/40992uA
1581565528:[PUMP  ,0016]pump during 60000ms
1581565590:[PUMP  ,0212]pump stopped, 14516mV/500835uA
1581565594:[PRESS ,0038]P  +3421mbar,T+14327mdegC
1581565601:[PRESS ,0038]P  +3491mbar,T+14330mdegC
1581565609:[PRESS ,0038]P  +3561mbar,T+14334mdegC
1581565616:[PRESS ,0038]P  +3621mbar,T+14337mdegC
1581565680:[PRESS ,0038]P  +4221mbar,T+14342mdegC
1581565687:[PRESS ,0038]P  +4291mbar,T+14342mdegC
1581565694:[PRESS ,0038]P  +4361mbar,T+14342mdegC
1581565699:[PRESS ,0038]P  +4421mbar,T+14342mdegC
1581565705:[BUOY  ,0087]from +10mbar/s to -3mbar/s
1581565705:[BUOY  ,0089]need to transfer +174mL (pump during 216687ms)
1581565713:[PUMP  ,0207]pump warmup 14897mV/40992uA
1581565713:[PUMP  ,0016]pump during 60000ms
1581565775:[PUMP  ,0212]pump stopped, 14521mV/512013uA
1581565780:[PRESS ,0038]P  +5131mbar,T+14357mdegC
1581565787:[PRESS ,0038]P  +5191mbar,T+14362mdegC
1581565795:[PRESS ,0038]P  +5251mbar,T+14365mdegC
1581565802:[PRESS ,0038]P  +5311mbar,T+14368mdegC
1581565806:[BUOY  ,0087]from +8mbar/s to -4mbar/s
1581565806:[BUOY  ,0089]need to transfer +128mL (pump during 159402ms)
1581565814:[PUMP  ,0207]pump warmup 14856mV/40626uA
1581565814:[PUMP  ,0016]pump during 60000ms
1581565876:[PUMP  ,0212]pump stopped, 14509mV/518031uA
1581565881:[PRESS ,0038]P  +5881mbar,T+14397mdegC
1581565891:[PRESS ,0038]P  +5941mbar,T+14402mdegC
1581565905:[PRESS ,0038]P  +6001mbar,T+14408mdegC
1581565905:[BUOY  ,0087]from +5mbar/s to -4mbar/s
1581565905:[BUOY  ,0089]need to transfer +66mL (pump during 82192ms)
1581565914:[PUMP  ,0207]pump warmup 14826mV/40992uA
1581565914:[PUMP  ,0016]pump during 60000ms
1581565975:[PUMP  ,0212]pump stopped, 14492mV/526323uA
1581565980:[PRESS ,0038]P  +6231mbar,T+14438mdegC
1581566005:<WARN>[BUOY  ,0094]stage[0] should ASCENT, stuck at 6241mbar for the #1 time
1581566005:[BUOY  ,0087]from +0mbar/s to -4mbar/s
1581566005:[BUOY  ,0089]need to transfer +26mL (pump during 32363ms)
1581566013:[PUMP  ,0207]pump warmup 14807mV/40870uA
1581566013:[PUMP  ,0016]pump during 32363ms
1581566047:[PUMP  ,0212]pump stopped, 14489mV/518406uA
1581566071:[PRESS ,0038]P  +6161mbar,T+14469mdegC
1581566086:[PRESS ,0038]P  +6101mbar,T+14471mdegC
1581566156:[PRESS ,0038]P  +6041mbar,T+14468mdegC
1581566181:<WARN>[BUOY  ,0094]stage[0] should ASCENT, stuck at 6061mbar for the #1 time
1581566181:[BUOY  ,0087]from +1mbar/s to -4mbar/s
1581566181:[BUOY  ,0089]need to transfer +28mL (pump during 34853ms)
1581566189:[PUMP  ,0207]pump warmup 14900mV/41114uA
1581566189:[PUMP  ,0016]pump during 34853ms
1581566225:[PUMP  ,0212]pump stopped, 14513mV/522641uA
1581566271:[MAIN  ,0140]stage[0] complete 956s after mission start
1581566271:[MAIN  ,0056]stage[1]
1581566273:[MAIN  ,0024]internal pressure 79511Pa
1581566275:[MRMAID,0002]acq started
1581566285:[PRESS ,0038]P  +5981mbar,T+14474mdegC
1581566285:[BUOY  ,0037]P  +5981mbar
1581566285:[STAGE ,0080]Stage [1] 2500mbar (+/-500mbar) 1800s (<1581568015s) MERMAID
1581566287:[BUOY  ,0087]from -1mbar/s to -4mbar/s
1581566287:[BUOY  ,0089]need to transfer +24mL (pump during 29874ms)
1581566295:[PUMP  ,0207]pump warmup 14905mV/41236uA
1581566295:[PUMP  ,0016]pump during 29874ms
1581566326:[PUMP  ,0212]pump stopped, 14527mV/521746uA
1581566328:[MRMAID,0003]acq stopped
1581566330:[MRMAID,0002]acq started
1581566362:[PRESS ,0038]P  +5781mbar,T+14484mdegC
1581566378:[PRESS ,0038]P  +5721mbar,T+14484mdegC
1581566447:[PRESS ,0038]P  +5441mbar,T+14474mdegC
1581566460:[PRESS ,0038]P  +5381mbar,T+14473mdegC
1581566470:[PRESS ,0038]P  +5321mbar,T+14470mdegC
1581566533:[PRESS ,0038]P  +4981mbar,T+14457mdegC
1581566542:[PRESS ,0038]P  +4911mbar,T+14455mdegC
1581566554:[PRESS ,0038]P  +4841mbar,T+14453mdegC
1581566558:[BUOY  ,0087]from -6mbar/s to -3mbar/s
1581566558:[BUOY  ,0090]need to transfer -44mL (valve during 8130ms)
1581566558:[MRMAID,0003]acq stopped
1581566558:[VALVE ,0034]valve opening 8130ms
1581566566:[VALVE ,0234]closed 14452mV/608292uA
1581566568:[MRMAID,0002]acq started
1581566629:[PRESS ,0038]P  +4491mbar,T+14432mdegC
1581566644:[PRESS ,0038]P  +4431mbar,T+14429mdegC
1581566714:[PRESS ,0038]P  +4201mbar,T+14414mdegC
1581566730:[PRESS ,0038]P  +4141mbar,T+14411mdegC
1581566799:[PRESS ,0038]P  +3891mbar,T+14399mdegC
1581566817:[PRESS ,0038]P  +3831mbar,T+14396mdegC
1581566885:[PRESS ,0038]P  +3621mbar,T+14385mdegC
1581566901:[PRESS ,0038]P  +3561mbar,T+14383mdegC
1581566970:[PRESS ,0038]P  +3401mbar,T+14372mdegC
1581567056:[PRESS ,0038]P  +3251mbar,T+14362mdegC
1581567141:[PRESS ,0038]P  +3181mbar,T+14351mdegC
1581567166:<WARN>[BUOY  ,0094]stage[1] should ASCENT, stuck at 3181mbar for the #1 time
1581567230:[PRESS ,0038]P  +3121mbar,T+14342mdegC
1581567312:[PRESS ,0038]P  +3011mbar,T+14332mdegC
1581567337:[STAGE ,0213]2991mbar reached at 1581567337s, ref 2500mbar +/-500mbar
1581567397:[PRESS ,0038]P  +2941mbar,T+14324mdegC
1581567458:[PRESS ,0038]P  +2861mbar,T+14318mdegC
1581567519:[PRESS ,0038]P  +2751mbar,T+14313mdegC
1581567579:[PRESS ,0038]P  +2641mbar,T+14307mdegC
1581567640:[PRESS ,0038]P  +2551mbar,T+14302mdegC
1581567701:[PRESS ,0038]P  +2441mbar,T+14297mdegC
1581567701:[BUOY  ,0087]from -1mbar/s to +0mbar/s
1581567701:[BUOY  ,0090]need to transfer -2mL (valve during 520ms)
1581567701:[MRMAID,0003]acq stopped
1581567701:[MRMAID,0183]dropping spurious '0x38'
1581567701:[MRMAID,0183]dropping spurious '0x30'
1581567701:[MRMAID,0183]dropping spurious '0x2E'
1581567701:[MRMAID,0183]dropping spurious '0x38'
1581567701:[MRMAID,0183]dropping spurious '0x32'
1581567701:[MRMAID,0183]dropping spurious '0x30'
1581567701:[MRMAID,0183]dropping spurious '0x37'
1581567701:[MRMAID,0183]dropping spurious '0x30'
1581567701:[MRMAID,0183]dropping spurious '0x39'
1581567701:[MRMAID,0183]dropping spurious '0x2C'
1581567701:[MRMAID,0183]dropping spurious '0x34'
1581567701:[MRMAID,0183]dropping spurious '0x30'
1581567701:[MRMAID,0183]dropping spurious '0x2E'
1581567702:[VALVE ,0034]valve opening 520ms
1581567702:[MRMAID,0183]dropping spurious '0x30'
1581567702:[MRMAID,0183]dropping spurious '0x31'
1581567702:[MRMAID,0183]dropping spurious '0x34'
1581567702:[MRMAID,0183]dropping spurious '0x30'
1581567702:[MRMAID,0183]dropping spurious '0x33'
1581567702:[MRMAID,0183]dropping spurious '0x37'
1581567702:[MRMAID,0183]dropping spurious '0x3B'
1581567702:[MRMAID,0185]20 spurious byte(s) received
1581567702:[VALVE ,0234]closed 14712mV/326350uA
1581567714:[MRMAID,0002]acq started
1581567782:[PRESS ,0038]P  +2331mbar,T+14289mdegC
1581567807:[BUOY  ,0087]from -1mbar/s to +0mbar/s
1581567807:[BUOY  ,0090]need to transfer -2mL (valve during 543ms)
1581567807:[MRMAID,0052]Mermaid $STOPA
1581567808:[VALVE ,0034]valve opening 543ms
1581567808:[MRMAID,0183]dropping spurious '0x43'
1581567808:[MRMAID,0183]dropping spurious '0x4B'
1581567808:[VALVE ,0234]closed 14738mV/311466uA
1581567808:[MRMAID,0183]dropping spurious '0x3A'
1581567808:[MRMAID,0183]dropping spurious '0x2B'
1581567808:[MRMAID,0183]dropping spurious '0x31'
1581567808:[MRMAID,0183]dropping spurious '0x3B'
1581567808:[MRMAID,0185]6 spurious byte(s) received
1581567810:[MRMAID,0002]acq started
1581567878:[PRESS ,0038]P  +2201mbar,T+14280mdegC
1581567963:[BUOY  ,0087]from -1mbar/s to +0mbar/s
1581567963:[BUOY  ,0090]need to transfer -2mL (valve during 554ms)
1581567963:[MRMAID,0003]acq stopped
1581567964:[VALVE ,0034]valve opening 554ms
1581567964:[VALVE ,0234]closed 14740mV/309270uA
1581567966:[MRMAID,0002]acq started
1581568059:[MAIN  ,0140]stage[1] complete 2744s after mission start
1581568059:[MRMAID,0003]acq stopped
1581568119:[MAIN  ,0056]stage[2]
1581568121:[MAIN  ,0024]internal pressure 79358Pa
1581568122:[BUOY  ,0037]P  +2241mbar
1581568122:[STAGE ,0080]Stage [2] 5000mbar (+/-500mbar) 900s (<1581568915s) 
1581568124:[BUOY  ,0087]from +1mbar/s to +4mbar/s
1581568124:[BUOY  ,0090]need to transfer -24mL (valve during 6511ms)
1581568124:[VALVE ,0034]valve opening 6511ms
1581568131:[VALVE ,0234]closed 14502mV/608414uA
1581568185:[PRESS ,0038]P  +2291mbar,T+14254mdegC
1581568204:[PRESS ,0038]P  +2351mbar,T+14254mdegC
1581568270:[PRESS ,0038]P  +2541mbar,T+14248mdegC
1581568286:[PRESS ,0038]P  +2601mbar,T+14248mdegC
1581568356:[PRESS ,0038]P  +2841mbar,T+14243mdegC
1581568370:[PRESS ,0038]P  +2901mbar,T+14242mdegC
1581568441:[PRESS ,0038]P  +3081mbar,T+14238mdegC
1581568464:[PRESS ,0038]P  +3151mbar,T+14237mdegC
1581568527:[PRESS ,0038]P  +3301mbar,T+14235mdegC
1581568541:[PRESS ,0038]P  +3361mbar,T+14234mdegC
1581568612:[PRESS ,0038]P  +3571mbar,T+14229mdegC
1581568630:[PRESS ,0038]P  +3631mbar,T+14230mdegC
1581568637:[BUOY  ,0087]from +4mbar/s to +2mbar/s
1581568637:[BUOY  ,0089]need to transfer +20mL (pump during 24293ms)
1581568645:[PUMP  ,0207]pump warmup 15197mV/40748uA
1581568645:[PUMP  ,0016]pump during 24293ms
1581568670:[PUMP  ,0212]pump stopped, 14723mV/498153uA
1581568702:[PRESS ,0038]P  +3761mbar,T+14234mdegC
1581568727:<WARN>[BUOY  ,0094]stage[2] should DESCENT, stuck at 3761mbar for the #1 time
1581568727:[BUOY  ,0087]from +0mbar/s to +2mbar/s
1581568727:[BUOY  ,0090]need to transfer -6mL (valve during 1254ms)
1581568727:[VALVE ,0034]valve opening 1254ms
1581568728:[VALVE ,0234]closed 14607mV/567178uA
1581568878:[PRESS ,0038]P  +3821mbar,T+14232mdegC
1581568958:[PRESS ,0038]P  +3921mbar,T+14229mdegC
1581568983:[MAIN  ,0140]stage[2] complete 3668s after mission start
1581568983:[MAIN  ,0056]stage[3]
1581568986:[MAIN  ,0024]internal pressure 79329Pa
1581568986:[BUOY  ,0037]P  +3971mbar
1581568986:[STAGE ,0091]Stage [3] surfacing 3600s (<1581572515s) SBE41
1581568987:[SBE41 ,0337]Speed start detected
1581568988:[BUOY  ,0087]from +2mbar/s to -6mbar/s
1581568988:[BUOY  ,0089]need to transfer +64mL (pump during 77954ms)
1581568996:[PUMP  ,0207]pump warmup 15131mV/61366uA
1581568996:[PUMP  ,0016]pump during 60000ms
1581569058:[PUMP  ,0212]pump stopped, 14724mV/532437uA
1581569063:[PRESS ,0038]P  +4001mbar,T+14239mdegC
1581569082:[PRESS ,0038]P  +3941mbar,T+14245mdegC
1581569088:[BUOY  ,0087]from -3mbar/s to -6mbar/s
1581569088:[BUOY  ,0089]need to transfer +44mL (pump during 53593ms)
1581569096:[PUMP  ,0207]pump warmup 15045mV/61000uA
1581569096:[PUMP  ,0016]pump during 53593ms
1581569152:[PUMP  ,0212]pump stopped, 14681mV/535017uA
1581569156:[PRESS ,0038]P  +3651mbar,T+14266mdegC
1581569167:[PRESS ,0038]P  +3591mbar,T+14270mdegC
1581569177:[PRESS ,0038]P  +3521mbar,T+14275mdegC
1581569241:[PRESS ,0038]P  +3131mbar,T+14282mdegC
1581569254:[PRESS ,0038]P  +3061mbar,T+14283mdegC
1581569265:[PRESS ,0038]P  +2991mbar,T+14283mdegC
1581569327:[PRESS ,0038]P  +2581mbar,T+14280mdegC
1581569336:[PRESS ,0038]P  +2521mbar,T+14281mdegC
1581569345:[PRESS ,0038]P  +2461mbar,T+14280mdegC
1581569352:[BUOY  ,0087]from -7mbar/s to -6mbar/s
1581569352:[BUOY  ,0090]need to transfer -20mL (valve during 5204ms)
1581569352:[VALVE ,0034]valve opening 5204ms
1581569357:[VALVE ,0234]closed 14477mV/630130uA
1581569413:[PRESS ,0038]P  +2071mbar,T+14275mdegC
1581569425:[PRESS ,0038]P  +2011mbar,T+14275mdegC
1581569437:[PRESS ,0038]P  +1951mbar,T+14272mdegC
1581569498:[PRESS ,0038]P  +1631mbar,T+14270mdegC
1581569507:[PRESS ,0038]P  +1571mbar,T+14269mdegC
1581569519:[PRESS ,0038]P  +1511mbar,T+14268mdegC
1581569584:[PRESS ,0038]P  +1141mbar,T+14265mdegC
1581569594:[PRESS ,0038]P  +1071mbar,T+14265mdegC
1581569607:[PRESS ,0038]P  +1001mbar,T+14264mdegC
1581569669:[PRESS ,0038]P   +651mbar,T+14261mdegC
1581569680:[PRESS ,0038]P   +581mbar,T+14261mdegC
1581569689:[PRESS ,0038]P   +521mbar,T+14260mdegC
1581569694:[BUOY  ,0087]from -7mbar/s to -6mbar/s
1581569694:[BUOY  ,0090]need to transfer -20mL (valve during 11591ms)
1581569694:[VALVE ,0034]valve opening 11591ms
1581569706:[VALVE ,0234]closed 14528mV/632814uA
1581569755:[PRESS ,0038]P   +211mbar,T+14254mdegC
1581569778:[PRESS ,0038]P   +141mbar,T+14251mdegC
1581569780:[STAGE ,0214]151mbar (500) reached at 1581569780s, ascending from 3971mbar
1581569780:[STAGE ,0342]The float reached the surface : OK
1581569780:[MAIN  ,0140]stage[3] complete 4465s after mission start
1581569794:[SBE41 ,0338]Dump finished
1581569795:[SBE41 ,0318]2256 bytes in 0051/5E44D3DA.S41
1581569795:[MRMAID,0188]acq already stopped
1581569855:[MSSION,0192]mission stopped, 4 stage(s) done
1581569855:[MAIN  ,0065]surfacing
1581569857:[PRESS ,0038]P    -99mbar,T+14248mdegC
1581569857:[SURFIN,0036]P    -99mbar
1581569860:[SURFIN,0020]filling external bladder
1581569869:[PUMP  ,0207]pump warmup 15082mV/43920uA
1581569869:[PUMP  ,0016]pump during 300000ms
1581570037:[PUMP  ,0212]pump stopped, 14188mV/1488632uA
1581570037:[PUMP  ,0210]aborted, 13900ticks remain
1581570039:[SURFIN,0019]external bladder full
1581570041:[PRESS ,0038]P   +180mbar,T+14416mdegC
1581570102:[MAIN  ,0272]Vbat 14728mV (min 14518mV)
1581570104:[MAIN  ,0024]internal pressure 78381Pa
1581570104:[MAIN  ,0043]Pext 183mbar (rng 20mbar)
1581570104:[MAIN  ,0064]surface
1581570104:[SURF  ,0224]surface1
1581570118:[SURF  ,0022]GPS fix...
1581570139:[SURF  ,0015]10 PPS detected...
1581570140:[MRMAID,0052]Mermaid $GPSACK:+0,+0,+0,+0,+0,+0,-610;
1581570150:[MRMAID,0052]Mermaid $GPSOFF:3686322;
1581570151:[GPSFIX,0179]-1s diff
1581570152:[SURF  ,0222]2020-02-13T05:02:32
1581570152:[SURF  ,0082]Latitude : N43deg40.937mn, Longitude :E007deg19.168mn
1581570152:[SURF  ,0223]fix3D,11satellites
1581570152:[SURF  ,0084]GPS fix GPGSA : hdop0.620,vdop0.890
1581570162:[SURF  ,0274]last almanac : 505603
1581570174:[MRMAID,0026]1441 bytes in 0051/5E44D877.MER
1581570180:[MAIN  ,0320]New pressure offset: 183mbar
