1583456545:[MAIN  ,0007]buoy 452.020-P-0051
1583456545:[MAIN  ,0055]soft pilotage 452.012.300_V2.14-20200303
1583456545:[MAIN  ,0010]cycle 19
1583456545:[SURF  ,0225]surface2
1583456559:[SURF  ,0022]GPS fix...
1583456580:[SURF  ,0015]10 PPS detected...
1583456581:[MRMAID,0052]Mermaid $GPSACK:+0,+0,+0,+0,+0,+0,+0;
1583456591:[MRMAID,0052]Mermaid $GPSOFF:3686322;
1583456592:[GPSFIX,0179]+0s diff
1583456592:[SURF  ,0222]2020-03-06T01:03:12
1583456592:[SURF  ,0082]Latitude : N43deg40.934mn, Longitude :E007deg19.172mn
1583456592:[SURF  ,0223]fix3D,10satellites
1583456592:[SURF  ,0084]GPS fix GPGSA : hdop0.770,vdop0.900
1583456602:[SURF  ,0025]Iridium...
1583456610:[SBE41 ,0339]newoffset=-0.60db received after 63s
1583456643:[SURF  ,0009]connected in 41s, signal quality 5
1583456738:<WARN>[SURF  ,0071]timeout
1583456738:<WARN>[SURF  ,0056]peer mute
1583456744:[SURF  ,0014]disconnected after 142s
1583456749:[SURFIN,0020]filling external bladder
1583456757:[PUMP  ,0207]battery 14852mV,   30500uA (warmup), P   +150mbar
1583456757:[PUMP  ,0016]pump during 300000ms
1583456766:[PUMP  ,0212]battery 14111mV, 1368352uA (steady state), P   +150mbar
1583456768:[SURFIN,0019]external bladder full
1583456768:[SURF  ,0069]transfer interrupted , retry
1583456783:[SURF  ,0022]GPS fix...
1583456804:[SURF  ,0015]10 PPS detected...
1583456805:[MRMAID,0052]Mermaid $GPSACK:+0,+0,+0,+0,+0,+0,+0;
1583456815:[MRMAID,0052]Mermaid $GPSOFF:3686322;
1583456816:[GPSFIX,0179]-1s diff
1583456817:[SURF  ,0222]2020-03-06T01:06:57
1583456817:[SURF  ,0082]Latitude : N43deg40.933mn, Longitude :E007deg19.173mn
1583456817:[SURF  ,0223]fix3D,12satellites
1583456817:[SURF  ,0084]GPS fix GPGSA : hdop0.690,vdop0.820
1583456827:[SURF  ,0025]Iridium...
1583456864:[SURF  ,0009]connected in 37s, signal quality 5
1583456971:[SURF  ,0218]prompt received, remote cmd end
1583456971:[SURF  ,0012]26 cmd(s) received
1583456992:[UPLOAD,0248]Upload data files...
1583457010:[UPLOAD,0231]"0051/5E619CEC.S41" uploaded at 99bytes/s
1583457026:[UPLOAD,0231]"0051/5E61A113.MER" uploaded at 120bytes/s
1583457095:[UPLOAD,0231]"0051/5E618239.BIN" uploaded at 106bytes/s
1583457115:[MAIN  ,0013]3 file(s) uploaded
1583457148:[SURF  ,0014]disconnected after 321s
1583457153:[SURFIN,0020]filling external bladder
1583457161:[PUMP  ,0207]battery 14840mV,   29524uA (warmup), P   +150mbar
1583457161:[PUMP  ,0016]pump during 300000ms
1583457173:[PUMP  ,0212]battery 14143mV, 1385432uA (steady state), P   +150mbar
1583457176:[SURFIN,0019]external bladder full
1583457176:[SURF  ,0227]1st complete transfer
1583457424:[SURF  ,0022]GPS fix...
1583457445:[SURF  ,0015]10 PPS detected...
1583457446:[MRMAID,0052]Mermaid $GPSACK:+0,+0,+0,+0,+0,+1,-999908;
1583457456:[MRMAID,0052]Mermaid $GPSOFF:3686321;
1583457456:[GPSFIX,0179]-1s diff
1583457457:[SURF  ,0222]2020-03-06T01:17:37
1583457457:[SURF  ,0082]Latitude : N43deg40.933mn, Longitude :E007deg19.170mn
1583457457:[SURF  ,0223]fix3D,12satellites
1583457457:[SURF  ,0084]GPS fix GPGSA : hdop0.750,vdop0.970
1583457467:[SURF  ,0025]Iridium...
1583457506:[SURF  ,0009]connected in 39s, signal quality 5
1583457608:[SURF  ,0218]prompt received, remote cmd end
1583457608:[SURF  ,0012]26 cmd(s) received
1583457647:[SURF  ,0014]disconnected after 180s
1583457652:[SURFIN,0020]filling external bladder
1583457661:[PUMP  ,0207]battery 14921mV,   31110uA (warmup), P   +150mbar
1583457661:[PUMP  ,0016]pump during 300000ms
1583457670:[PUMP  ,0212]battery 14153mV, 1404830uA (steady state), P   +150mbar
1583457672:[SURFIN,0019]external bladder full
1583457672:[SURF  ,0226]Go dive (Minimum surface delay expired and no more file to upload)
1583457688:[SURF  ,0022]GPS fix...
1583457708:[SURF  ,0015]10 PPS detected...
1583457709:[MRMAID,0052]Mermaid $GPSACK:+0,+0,+0,+0,+0,+0,-30;
1583457719:[MRMAID,0052]Mermaid $GPSOFF:3686321;
1583457719:[GPSFIX,0179]-1s diff
1583457720:[SURF  ,0222]2020-03-06T01:22:00
1583457720:[SURF  ,0082]Latitude : N43deg40.933mn, Longitude :E007deg19.170mn
1583457720:[SURF  ,0223]fix3D,12satellites
1583457720:[SURF  ,0084]GPS fix GPGSA : hdop0.650,vdop0.880
1583457737:[MAIN  ,0024]internal pressure 78113Pa
1583457738:[BYCMD ,0107]    FreeRTOS V8.2.3
1583457738:[BYCMD ,0108]    FatFS v11a
1583457738:[BYCMD ,0120]    bypass 10000ms 120000ms (20000ms 60000ms stored)
1583457738:[BYCMD ,0121]    valve 60000ms 12750 (60000ms 12750 stored)
1583457738:[BYCMD ,0122]    pump 60000ms 30% 10750 80% (60000ms 30% 10750 80% stored)
1583457738:[BYCMD ,0123]    rate 2mbar/s (2mbar/s stored)
1583457738:[BYCMD ,0124]    surface 500mbar (500mbar stored)
1583457738:[BYCMD ,0125]    near 500mbar 3mbar/s (15000mbar 3mbar/s stored)
1583457738:[BYCMD ,0126]    far 1500mbar 4mbar/s (25000mbar 4mbar/s stored)
1583457738:[BYCMD ,0127]    ascent 8mbar/s (8mbar/s stored)
1583457738:[BYCMD ,0128]    dead 60s (300s stored)
1583457738:[BYCMD ,0129]    coeff 16/10 (16/10 stored)
1583457738:[BYCMD ,0130]    stab 10 (10 stored)
1583457738:[BYCMD ,0131]    delay 900s 3600s (900s 3600s stored)
1583457738:[BYCMD ,0132]    mmtime 2880min (2880min stored)
1583457738:[BYCMD ,0133]    dv_landing 100ml (100ml stored)
1583457738:[MKDCMD,0150]    p2t37: 15x2000ms, offset 157mbar
1583457738:[P2TCMD,0151]    p2t37: dp 50mbar, dt 1000000mdegC
1583457739:[STAGE ,0080]Stage [0] 5000mbar (+/-500mbar) 1800s (<1800s) 
1583457739:[STAGE ,0080]Stage [1] 5000mbar (+/-500mbar) 3600s (<5400s) MERMAID
1583457739:[STAGE ,0091]Stage [2] surfacing 3600s (<9000s) SBE41
1583457739:[SBE41 ,0282]SBE41 parameters : 
      dsreplyformat=1 (webb(0)/standard(1))
      addtimingdelays=0 (n(0)/y(1))
      outputdensity=0 (n(0)/y(1))
      echocmd=0 (n(0)/y(1))
      outputrt=0 (n(0)/y(1))
      outputpts=0 (n(0)/y(1))
      outputsn=0 (n(0)/y(1))
      outputpressure=1 (n(0)/y(1))
      pcutoff=2dbar
      tswait=0s
      pumpfastpt=1 (n(0)/y(1))
      samplerate=1 ('fast':1Hz(1)/'slow':0.5Hz(0))
      top_bin_interval=1dbar
      top_bin_size=1dbar
      top_bin_max=10dbar
      middle_bin_interval=50dbar
      middle_bin_size=2dbar
      middle_bin_max=30dbar
      bottom_bin_interval=5dbar
      bottom_bin_size=5dbar
      includetransitionbin=0
      includenbin=0 (n(0)/y(1))
      autobinavg=0 (n(0)/y(1))
1583457739:[SBE41 ,0283]SBE41 pilot policy : 
      continiousprofile=0 (n(0)/y(1)
      speeddetection=1 (n(0)/y(1)
      hexoutput=1 (n(0)/y(1)
      binaverageoutput=1 (n(0)/y(1)
      manualprofilerate=10s
      runningpumpbeforeprofile=0s
      speedstart=2mbar/s
      speedcontrol=7mbar/s
1583457739:[MAIN  ,0070]turn off bluetooth
1583457741:[PRESS ,0038]P     -7mbar,T+13839mdegC
1583457766:[DIVING,0141]diving from 3mbar, +0mbar/s
1583457766:[BYPASS,0035]bypass opening 120000ms
1583457771:[BYPASS,0104]battery 14548mV,  314760uA (bypass opening), P     +3mbar
1583457896:[BYPASS,0106]battery 14475mV,  406260uA (bypass closing), P     +3mbar
1583457900:[PRESS ,0038]P    +53mbar,T+13788mdegC
1583457909:[PRESS ,0038]P   +113mbar,T+13785mdegC
1583457919:[PRESS ,0038]P   +183mbar,T+13780mdegC
1583457939:[PRESS ,0038]P   +253mbar,T+13776mdegC
1583457948:[PRESS ,0038]P   +323mbar,T+13773mdegC
1583457959:[PRESS ,0038]P   +393mbar,T+13771mdegC
1583457975:[PRESS ,0038]P   +473mbar,T+13767mdegC
1583457980:[DIVING,0028]503mbar reached (+6mbar/s), 1 bypass done
1583457981:[MAIN  ,0056]stage[0]
1583457983:[MAIN  ,0024]internal pressure 79266Pa
1583457984:[BUOY  ,0037]P   +523mbar
1583457984:[STAGE ,0080]Stage [0] 5000mbar (+/-500mbar) 1800s (<1583459780s) 
1583457985:[PRESS ,0038]P   +533mbar,T+13766mdegC
1583458046:[PRESS ,0038]P   +923mbar,T+13760mdegC
1583458055:[PRESS ,0038]P   +983mbar,T+13759mdegC
1583458062:[PRESS ,0038]P  +1053mbar,T+13759mdegC
1583458069:[PRESS ,0038]P  +1113mbar,T+13758mdegC
1583458132:[PRESS ,0038]P  +1603mbar,T+13760mdegC
1583458141:[PRESS ,0038]P  +1683mbar,T+13761mdegC
1583458149:[PRESS ,0038]P  +1743mbar,T+13762mdegC
1583458157:[PRESS ,0038]P  +1803mbar,T+13762mdegC
1583458217:[PRESS ,0038]P  +2313mbar,T+13772mdegC
1583458224:[PRESS ,0038]P  +2373mbar,T+13773mdegC
1583458233:[PRESS ,0038]P  +2443mbar,T+13775mdegC
1583458242:[PRESS ,0038]P  +2503mbar,T+13777mdegC
1583458303:[PRESS ,0038]P  +3013mbar,T+13789mdegC
1583458310:[PRESS ,0038]P  +3073mbar,T+13791mdegC
1583458317:[PRESS ,0038]P  +3143mbar,T+13792mdegC
1583458326:[PRESS ,0038]P  +3203mbar,T+13794mdegC
1583458388:[PRESS ,0038]P  +3763mbar,T+13806mdegC
1583458395:[PRESS ,0038]P  +3823mbar,T+13808mdegC
1583458402:[PRESS ,0038]P  +3893mbar,T+13809mdegC
1583458410:[PRESS ,0038]P  +3953mbar,T+13810mdegC
1583458413:[BUOY  ,0087]from +9mbar/s to +3mbar/s
1583458413:[BUOY  ,0089]need to transfer +116mL (pump during 141983ms)
1583458421:[PUMP  ,0207]battery 15090mV,   35868uA (warmup), P  +3973mbar
1583458421:[PUMP  ,0016]pump during 60000ms
1583458480:[PUMP  ,0212]battery 14425mV,  478972uA (steady state), P  +3973mbar
1583458485:[PRESS ,0038]P  +4593mbar,T+13831mdegC
1583458492:[PRESS ,0038]P  +4653mbar,T+13834mdegC
1583458499:[PRESS ,0038]P  +4713mbar,T+13838mdegC
1583458506:[PRESS ,0038]P  +4773mbar,T+13839mdegC
1583458510:[STAGE ,0213]4813mbar reached at 1583458510s, ref 5000mbar +/-500mbar
1583458510:[BUOY  ,0087]from +9mbar/s to +0mbar/s
1583458510:[BUOY  ,0089]need to transfer +130mL (pump during 159119ms)
1583458518:[PUMP  ,0207]battery 15021mV,   30622uA (warmup), P  +4813mbar
1583458518:[PUMP  ,0016]pump during 60000ms
1583458577:[PUMP  ,0212]battery 14573mV,  493734uA (steady state), P  +4813mbar
1583458582:[PRESS ,0038]P  +5423mbar,T+13870mdegC
1583458589:[PRESS ,0038]P  +5483mbar,T+13873mdegC
1583458600:[PRESS ,0038]P  +5563mbar,T+13878mdegC
1583458607:[BUOY  ,0087]from +7mbar/s to -3mbar/s
1583458607:[BUOY  ,0089]need to transfer +92mL (pump during 112607ms)
1583458615:[PUMP  ,0207]battery 14943mV,   29646uA (warmup), P  +5613mbar
1583458615:[PUMP  ,0016]pump during 60000ms
1583458674:[PUMP  ,0212]battery 14535mV,  501664uA (steady state), P  +5613mbar
1583458679:[PRESS ,0038]P  +6013mbar,T+13911mdegC
1583458691:[PRESS ,0038]P  +6073mbar,T+13918mdegC
1583458704:[BUOY  ,0087]from +4mbar/s to -3mbar/s
1583458704:[BUOY  ,0089]need to transfer +40mL (pump during 48960ms)
1583458712:[PUMP  ,0207]battery 14888mV,   29036uA (warmup), P  +6113mbar
1583458712:[PUMP  ,0016]pump during 48960ms
1583458760:[PUMP  ,0212]battery 14500mV,  504592uA (steady state), P  +6113mbar
1583458768:[PRESS ,0038]P  +6153mbar,T+13951mdegC
1583458793:<WARN>[BUOY  ,0094]stage[0] should ASCENT, stuck at 6153mbar for the #1 time
1583458793:[BUOY  ,0087]from +0mbar/s to -3mbar/s
1583458793:[BUOY  ,0089]need to transfer +14mL (pump during 17132ms)
1583458801:[PUMP  ,0207]battery 14865mV,   29036uA (warmup), P  +6153mbar
1583458801:[PUMP  ,0016]pump during 17132ms
1583458818:[PUMP  ,0212]battery 14478mV,  507032uA (steady state), P  +6153mbar
1583458869:[PRESS ,0038]P  +6093mbar,T+13986mdegC
1583458881:[BUOY  ,0087]from -1mbar/s to -3mbar/s
1583458881:[BUOY  ,0089]need to transfer +12mL (pump during 14685ms)
1583458890:[PUMP  ,0207]battery 14895mV,   31232uA (warmup), P  +6103mbar
1583458890:[PUMP  ,0016]pump during 14685ms
1583458904:[PUMP  ,0212]battery 14455mV,  510448uA (steady state), P  +6103mbar
1583458945:[PRESS ,0038]P  +6173mbar,T+13999mdegC
1583458970:[BUOY  ,0087]from -1mbar/s to -3mbar/s
1583458970:[BUOY  ,0089]need to transfer +12mL (pump during 14890ms)
1583458978:[PUMP  ,0207]battery 14926mV,   31476uA (warmup), P  +6153mbar
1583458978:[PUMP  ,0016]pump during 14890ms
1583458992:[PUMP  ,0212]battery 14483mV,  503006uA (steady state), P  +6153mbar
1583459034:[PRESS ,0038]P  +6083mbar,T+14013mdegC
1583459120:[PRESS ,0038]P  +5903mbar,T+14016mdegC
1583459139:[PRESS ,0038]P  +5843mbar,T+14016mdegC
1583459205:[PRESS ,0038]P  +5693mbar,T+14015mdegC
1583459290:[PRESS ,0038]P  +5493mbar,T+14014mdegC
1583459313:[PRESS ,0038]P  +5433mbar,T+14014mdegC
1583459376:[PRESS ,0038]P  +5253mbar,T+14013mdegC
1583459376:[BUOY  ,0087]from -3mbar/s to +0mbar/s
1583459376:[BUOY  ,0090]need to transfer -14mL (valve during 2479ms)
1583459376:[VALVE ,0034]valve opening 2479ms
1583459379:[VALVE ,0234]battery 14256mV,  637450uA, P  +5253mbar
1583459437:[PRESS ,0038]P  +5103mbar,T+14010mdegC
1583459460:[PRESS ,0038]P  +5043mbar,T+14010mdegC
1583459522:[PRESS ,0038]P  +4923mbar,T+14009mdegC
1583459522:[BUOY  ,0087]from -2mbar/s to +0mbar/s
1583459522:[BUOY  ,0090]need to transfer -6mL (valve during 1093ms)
1583459522:[VALVE ,0034]valve opening 1093ms
1583459523:[VALVE ,0234]battery 14282mV,  638426uA, P  +4923mbar
1583459583:[PRESS ,0038]P  +4803mbar,T+14005mdegC
1583459608:[BUOY  ,0087]from -2mbar/s to +0mbar/s
1583459608:[BUOY  ,0090]need to transfer -6mL (valve during 1109ms)
1583459608:[VALVE ,0034]valve opening 1109ms
1583459609:[VALVE ,0234]battery 14297mV,  638792uA, P  +4763mbar
1583459669:[PRESS ,0038]P  +4693mbar,T+14001mdegC
1583459754:[BUOY  ,0087]from -1mbar/s to +0mbar/s
1583459754:[BUOY  ,0090]need to transfer -2mL (valve during 375ms)
1583459754:[VALVE ,0034]valve opening 375ms
1583459815:[PRESS ,0038]P  +4583mbar,T+13992mdegC
1583459840:[MAIN  ,0140]stage[0] complete 1860s after mission start
1583459840:[MAIN  ,0056]stage[1]
1583459842:[MAIN  ,0024]internal pressure 79266Pa
1583459843:[MRMAID,0002]acq started
1583459853:[BUOY  ,0037]P  +4573mbar
1583459853:[STAGE ,0080]Stage [1] 5000mbar (+/-500mbar) 3600s (<1583463380s) MERMAID
1583459855:[STAGE ,0213]4573mbar reached at 1583459855s, ref 5000mbar +/-500mbar
1583459855:[BUOY  ,0087]from -1mbar/s to +0mbar/s
1583459855:[BUOY  ,0090]need to transfer -2mL (valve during 381ms)
1583459856:[VALVE ,0034]valve opening 381ms
1583459867:[MRMAID,0184]acq already started
1583459896:[MRMAID,0059]stop canceled
1583460254:[PRESS ,0038]P  +4523mbar,T+13972mdegC
1583460497:[PRESS ,0038]P  +4613mbar,T+13963mdegC
1583460679:[PRESS ,0038]P  +4553mbar,T+13956mdegC
1583461346:[PRESS ,0038]P  +4463mbar,T+13937mdegC
1583461346:<WARN>[BUOY  ,0094]stage[1] should DESCENT, stuck at 4463mbar for the #1 time
1583461346:[BUOY  ,0087]from +0mbar/s to +3mbar/s
1583461346:[BUOY  ,0090]need to transfer -14mL (valve during 2705ms)
1583461346:[MRMAID,0003]acq stopped
1583461346:[MRMAID,0052]Mermaid $MEASFS,58034,1450.340851,40.014042;
1583461347:[VALVE ,0034]valve opening 2705ms
1583461349:[VALVE ,0234]battery 14113mV,  647332uA, P  +4463mbar
1583461361:[MRMAID,0002]acq started
1583461427:[PRESS ,0038]P  +4563mbar,T+13934mdegC
1583461513:[PRESS ,0038]P  +4703mbar,T+13932mdegC
1583461573:[PRESS ,0038]P  +4843mbar,T+13931mdegC
1583461634:[PRESS ,0038]P  +4953mbar,T+13930mdegC
1583461695:[PRESS ,0038]P  +5083mbar,T+13927mdegC
1583461695:[BUOY  ,0087]from +2mbar/s to +0mbar/s
1583461695:[BUOY  ,0089]need to transfer +6mL (pump during 7277ms)
1583461695:[MRMAID,0003]acq stopped
1583461704:[PUMP  ,0207]battery 15195mV,   38796uA (warmup), P  +5083mbar
1583461704:[PUMP  ,0016]pump during 7277ms
1583461711:[PUMP  ,0212]battery 14552mV,  480192uA (steady state), P  +5083mbar
1583461714:[MRMAID,0002]acq started
1583461769:[PRESS ,0038]P  +5223mbar,T+13930mdegC
1583461794:[BUOY  ,0087]from +2mbar/s to +0mbar/s
1583461794:[BUOY  ,0089]need to transfer +6mL (pump during 7277ms)
1583461794:[MRMAID,0003]acq stopped
1583461802:[PUMP  ,0207]battery 15196mV,   37576uA (warmup), P  +5273mbar
1583461802:[PUMP  ,0016]pump during 7277ms
1583461809:[PUMP  ,0212]battery 14586mV,  501054uA (steady state), P  +5273mbar
1583461813:[MRMAID,0002]acq started
1583461868:[PRESS ,0038]P  +5333mbar,T+13931mdegC
1583461892:[BUOY  ,0087]from +1mbar/s to +0mbar/s
1583461892:[BUOY  ,0089]need to transfer +2mL (pump during 2426ms)
1583461892:[MRMAID,0003]acq stopped
1583461901:[PUMP  ,0207]battery 15192mV,   37088uA (warmup), P  +5353mbar
1583461901:[PUMP  ,0016]pump during 2426ms
1583461907:[MRMAID,0002]acq started
1583461966:[PRESS ,0038]P  +5393mbar,T+13931mdegC
1583461991:[BUOY  ,0087]from +1mbar/s to +0mbar/s
1583461991:[BUOY  ,0089]need to transfer +2mL (pump during 2428ms)
1583461991:[MRMAID,0003]acq stopped
1583462000:[PUMP  ,0207]battery 15191mV,   37088uA (warmup), P  +5413mbar
1583462000:[PUMP  ,0016]pump during 2428ms
1583462005:[MRMAID,0002]acq started
1583462068:[PRESS ,0038]P  +5453mbar,T+13932mdegC
1583462454:[PRESS ,0038]P  +5373mbar,T+13927mdegC
1583462696:[PRESS ,0038]P  +5303mbar,T+13927mdegC
1583463424:[MAIN  ,0140]stage[1] complete 5444s after mission start
1583463424:[MRMAID,0003]acq stopped
1583463424:[MRMAID,0052]Mermaid $MEASFS,54665,1366.145386,40.014043;
1583463484:[MAIN  ,0056]stage[2]
1583463487:[MAIN  ,0024]internal pressure 79222Pa
1583463487:[BUOY  ,0037]P  +5273mbar
1583463487:[STAGE ,0091]Stage [2] surfacing 3600s (<1583466980s) SBE41
1583463489:<WARN>[BUOY  ,0094]stage[2] should ASCENT, stuck at 5263mbar for the #1 time
1583463489:[BUOY  ,0087]from +0mbar/s to -7mbar/s
1583463489:[BUOY  ,0089]need to transfer +78mL (pump during 94545ms)
1583463497:[PUMP  ,0207]battery 15185mV,   44896uA (warmup), P  +5263mbar
1583463497:[PUMP  ,0016]pump during 60000ms
1583463556:[PUMP  ,0212]battery 14488mV,  493246uA (steady state), P  +5263mbar
1583463561:[PRESS ,0038]P  +5173mbar,T+13926mdegC
1583463574:[PRESS ,0038]P  +5113mbar,T+13927mdegC
1583463584:[PRESS ,0038]P  +5053mbar,T+13930mdegC
1583463586:[BUOY  ,0087]from -5mbar/s to -7mbar/s
1583463586:[BUOY  ,0089]need to transfer +38mL (pump during 46061ms)
1583463587:[SBE41 ,0337]Speed start detected
1583463594:[PUMP  ,0207]battery 15025mV,   98576uA (warmup), P  +5053mbar
1583463594:[PUMP  ,0016]pump during 46061ms
1583463640:[PUMP  ,0212]battery 14681mV,  533506uA (steady state), P  +5053mbar
1583463650:[PRESS ,0038]P  +4693mbar,T+13940mdegC
1583463659:[PRESS ,0038]P  +4633mbar,T+13942mdegC
1583463668:[PRESS ,0038]P  +4573mbar,T+13943mdegC
1583463736:[PRESS ,0038]P  +4093mbar,T+13947mdegC
1583463744:[PRESS ,0038]P  +4023mbar,T+13947mdegC
1583463755:[PRESS ,0038]P  +3963mbar,T+13948mdegC
1583463821:[PRESS ,0038]P  +3693mbar,T+13947mdegC
1583463832:[PRESS ,0038]P  +3633mbar,T+13947mdegC
1583463841:[PRESS ,0038]P  +3573mbar,T+13947mdegC
1583463907:[PRESS ,0038]P  +3163mbar,T+13945mdegC
1583463915:[PRESS ,0038]P  +3103mbar,T+13945mdegC
1583463924:[PRESS ,0038]P  +3043mbar,T+13945mdegC
1583463992:[PRESS ,0038]P  +2623mbar,T+13943mdegC
1583464003:[PRESS ,0038]P  +2553mbar,T+13943mdegC
1583464015:[PRESS ,0038]P  +2483mbar,T+13943mdegC
1583464078:[PRESS ,0038]P  +2113mbar,T+13942mdegC
1583464090:[PRESS ,0038]P  +2053mbar,T+13942mdegC
1583464102:[BUOY  ,0087]from -5mbar/s to -7mbar/s
1583464102:[BUOY  ,0089]need to transfer +38mL (pump during 46856ms)
1583464111:[PUMP  ,0207]battery 15027mV,   56730uA (warmup), P  +2003mbar
1583464111:[PUMP  ,0016]pump during 46856ms
1583464157:[PUMP  ,0212]battery 14533mV,  488488uA (steady state), P  +2003mbar
1583464166:[PRESS ,0038]P  +1753mbar,T+13947mdegC
1583464175:[PRESS ,0038]P  +1693mbar,T+13948mdegC
1583464188:[PRESS ,0038]P  +1623mbar,T+13950mdegC
1583464252:[PRESS ,0038]P  +1243mbar,T+13953mdegC
1583464259:[PRESS ,0038]P  +1183mbar,T+13953mdegC
1583464273:[PRESS ,0038]P  +1123mbar,T+13953mdegC
1583464337:[PRESS ,0038]P   +743mbar,T+13949mdegC
1583464350:[PRESS ,0038]P   +683mbar,T+13949mdegC
1583464359:[PRESS ,0038]P   +623mbar,T+13949mdegC
1583464423:[PRESS ,0038]P   +313mbar,T+13942mdegC
1583464448:[STAGE ,0214]283mbar (500) reached at 1583464448s, ascending from 5273mbar
1583464448:[STAGE ,0342]The float reached the surface : OK
1583464448:[MAIN  ,0140]stage[2] complete 6468s after mission start
1583464470:[SBE41 ,0343]SBE41 dump : 12 stored samples in hexa format
1583464470:[SBE41 ,0338]Dump finished
1583464470:[SBE41 ,0318]108 bytes in 0051/5E61BC3F.S41
1583464471:[MRMAID,0188]acq already stopped
1583464531:[MSSION,0192]mission stopped, 3 stage(s) done
1583464531:[MAIN  ,0065]surfacing
1583464533:[PRESS ,0038]P    -57mbar,T+13927mdegC
1583464533:[SURFIN,0036]P    -57mbar
1583464537:[SURFIN,0020]filling external bladder
1583464545:[PUMP  ,0207]battery 15065mV,   40382uA (warmup), P    -47mbar
1583464545:[PUMP  ,0016]pump during 300000ms
1583464669:[PUMP  ,0212]battery 14288mV, 1414102uA (steady state), P    -47mbar
1583464671:[SURFIN,0019]external bladder full
1583464673:[PRESS ,0038]P   +160mbar,T+13996mdegC
1583464732:[MAIN  ,0272]Vbat 14769mV (min 14402mV)
1583464734:[MAIN  ,0024]internal pressure 78244Pa
1583464735:[MAIN  ,0043]Pext 160mbar (rng 60mbar)
1583464735:[MAIN  ,0064]surface
1583464749:[SURF  ,0022]GPS fix...
1583464769:[SURF  ,0015]10 PPS detected...
1583464770:[MRMAID,0052]Mermaid $GPSACK:+0,+0,+0,+0,+0,+0,-1068;
1583464780:[MRMAID,0052]Mermaid $GPSOFF:3686322;
1583464781:[GPSFIX,0179]-1s diff
1583464782:[SURF  ,0222]2020-03-06T03:19:42
1583464782:[SURF  ,0082]Latitude : N43deg40.934mn, Longitude :E007deg19.169mn
1583464782:[SURF  ,0223]fix3D,11satellites
1583464782:[SURF  ,0084]GPS fix GPGSA : hdop0.670,vdop0.940
1583464792:[SURF  ,0274]last almanac : 2400233
1583464805:[MRMAID,0026]1678 bytes in 0051/5E61C15D.MER
1583464811:[MAIN  ,0320]New pressure offset: 160mbar
