1578999058:[MAIN  ,0007]buoy 452.020-P-0051
1578999058:[MAIN  ,0055]soft pilotage 452.012.300_V2.9-20200113
1578999058:[MAIN  ,0010]cycle 2
1578999058:[SURF  ,0225]surface2
1578999072:[SURF  ,0022]GPS fix...
1578999092:[SURF  ,0015]10 PPS detected...
1578999093:[MRMAID,0052]Mermaid $GPSACK:+0,+0,+0,+0,+0,+0,+0;
1578999103:[MRMAID,0052]Mermaid $GPSOFF:3686321;
1578999104:[GPSFIX,0179]-1s diff
1578999105:[SURF  ,0222]2020-01-14T10:51:45
1578999105:[SURF  ,0082]Latitude : N43deg05.160mn, Longitude :E006deg00.156mn
1578999105:[SURF  ,0223]fix3D,7satellites
1578999105:[SURF  ,0084]GPS fix GPGSA : hdop0.770,vdop0.920
1578999115:[SURF  ,0025]Iridium...
1578999142:[SURF  ,0009]connected in 27s, signal quality 5
1578999169:[BYCMD ,0120]    bypass 10000ms 100000ms (20000ms 60000ms stored)
1578999171:[BYCMD ,0125]    near 1500mbar 3mbar/s (15000mbar 3mbar/s stored)
1578999173:[BYCMD ,0126]    far 2500mbar 4mbar/s (25000mbar 4mbar/s stored)
1578999175:[BYCMD ,0128]    dead 60s (300s stored)
1578999177:[MRMAID,0052]Mermaid $TRIG:10,1;
1578999180:[MRMAID,0052]Mermaid $DTRIG:1,1;
1578999183:[MRMAID,0052]Mermaid $SCALES:2;
1578999185:[P2TCMD,0155]p2t log dp > 50mbar
1578999187:[MSSION,0190]2 stage(s) deleted
1578999187:[STACMD,0168]stage del 2
1578999189:[STAGE ,0080]Stage [0] 3000mbar (+/-500mbar) 900s (<900s)
1578999192:[STAGE ,0080]Stage [1] 3000mbar (+/-500mbar) 300s (<1200s)
1578999196:[STACMD,0170]stage store 52
1578999208:[SURF  ,0218]prompt received, remote cmd end
1578999208:[SURF  ,0012]13 cmd(s) received
1578999231:[UPLOAD,0248]Upload data files...
1578999254:[UPLOAD,0231]"0051/5E1D9D05.MER" uploaded at 112bytes/s
1578999262:[UPLOAD,0231]"0051/5D6E2934.LOG" uploaded at 79bytes/s
1578999339:[UPLOAD,0231]"0051/5D6E4EF6.LOG" uploaded at 201bytes/s
1578999353:[UPLOAD,0231]"0051/5D6E7AEA.LOG" uploaded at 127bytes/s
1578999383:[UPLOAD,0231]"0051/5D6E849E.LOG" uploaded at 167bytes/s
1578999402:[UPLOAD,0231]"0051/5D6F676E.LOG" uploaded at 151bytes/s
1578999411:[UPLOAD,0231]"0051/5D6F71A3.LOG" uploaded at 107bytes/s
1578999436:[UPLOAD,0231]"0051/5D4275EF.LOG" uploaded at 162bytes/s
1578999447:[UPLOAD,0231]"0051/5D430791.MER" uploaded at 138bytes/s
1578999614:[UPLOAD,0231]"0051/5D43079D.LOG" uploaded at 214bytes/s
1578999624:[UPLOAD,0231]"0051/5D439940.MER" uploaded at 138bytes/s
1578999788:[UPLOAD,0231]"0051/5D43994C.LOG" uploaded at 216bytes/s
1578999799:[UPLOAD,0231]"0051/5D442B0A.MER" uploaded at 122bytes/s
1578999970:[UPLOAD,0231]"0051/5D442B15.LOG" uploaded at 216bytes/s
1578999981:[UPLOAD,0231]"0051/5D44BCBA.MER" uploaded at 122bytes/s
1579000034:[ZIO   ,0240]"NO CARRIER" received, aborting
1579000054:[SURF  ,0014]disconnected after 939s
1579000059:[SURF  ,0319]transfer interrupted
1579000070:[SURF  ,0022]GPS fix...
1579000090:[SURF  ,0015]10 PPS detected...
1579000091:[MRMAID,0052]Mermaid $GPSACK:+0,+0,+0,+0,+0,+1,-999938;
1579000101:[MRMAID,0052]Mermaid $GPSOFF:3686320;
1579000102:[GPSFIX,0179]-1s diff
1579000103:[SURF  ,0222]2020-01-14T11:08:23
1579000103:[SURF  ,0082]Latitude : N43deg05.158mn, Longitude :E006deg00.156mn
1579000103:[SURF  ,0223]fix3D,8satellites
1579000103:[SURF  ,0084]GPS fix GPGSA : hdop0.660,vdop0.820
1579000120:[MAIN  ,0024]internal pressure 79144Pa
1579000121:[BYCMD ,0107]    FreeRTOS V8.2.3
1579000121:[BYCMD ,0108]    FatFS v11a
1579000121:[BYCMD ,0120]    bypass 10000ms 100000ms (20000ms 60000ms stored)
1579000121:[BYCMD ,0121]    valve 60000ms 12750 (60000ms 12750 stored)
1579000121:[BYCMD ,0122]    pump 60000ms 30 10750 80 (60000ms 30 10750 80tored)
1579000121:[BYCMD ,0123]    rate 2mbar/s (2mbar/s stored)
1579000121:[BYCMD ,0124]    surface 500mbar (500mbar stored)
1579000121:[BYCMD ,0125]    near 1500mbar 3mbar/s (15000mbar 3mbar/s stored)
1579000121:[BYCMD ,0126]    far 2500mbar 4mbar/s (25000mbar 4mbar/s stored)
1579000121:[BYCMD ,0127]    ascent 8mbar/s (8mbar/s stored)
1579000121:[BYCMD ,0128]    dead 60s (300s stored)
1579000121:[BYCMD ,0129]    coeff 16/10 (16/10 stored)
1579000121:[BYCMD ,0130]    stab 10 (10 stored)
1579000121:[BYCMD ,0131]    delay 900s 3600s (900s 3600s stored)
1579000121:[BYCMD ,0132]    mmtime 2880min (2880min stored)
1579000121:[BYCMD ,0133]    dv_landing 100ml (100ml stored)
1579000121:[MKDCMD,0150]    p2t37: 15x2000ms, offset 177mbar
1579000122:[P2TCMD,0151]    p2t37: dp 50mbar, dt 5000mdegC
1579000122:[STAGE ,0080]Stage [0] 3000mbar (+/-500mbar) 900s (<900s)
1579000122:[STAGE ,0080]Stage [1] 3000mbar (+/-500mbar) 300s (<1200s)
1579000123:[PRESS ,0038]P    -17mbar,T+15238mdegC
1579000148:[DIVING,0141]diving from -27mbar, +0mbar/s
1579000148:[BYPASS,0035]bypass opening 100000ms
1579000258:[BYPASS,0105]bypass closed
1579000267:[PRESS ,0038]P    +53mbar,T+15168mdegC
1579000276:[PRESS ,0038]P   +113mbar,T+15163mdegC
1579000283:[PRESS ,0038]P   +173mbar,T+15161mdegC
1579000290:[PRESS ,0038]P   +243mbar,T+15157mdegC
1579000299:[PRESS ,0038]P   +313mbar,T+15153mdegC
1579000304:[PRESS ,0038]P   +373mbar,T+15151mdegC
1579000312:[PRESS ,0038]P   +443mbar,T+15148mdegC
1579000321:[PRESS ,0038]P   +523mbar,T+15146mdegC
1579000323:[DIVING,0028]543mbar reached (+9mbar/s), 1 bypass done
1579000323:[MAIN  ,0056]stage[0]
1579000325:[MAIN  ,0024]internal pressure 80146Pa
1579000326:[BUOY  ,0037]P   +573mbar
1579000326:[STAGE ,0080]Stage [0] 3000mbar (+/-500mbar) 900s (<1579001223s)
1579000328:[PRESS ,0038]P   +603mbar,T+15143mdegC
1579000328:[BUOY  ,0087]from +9mbar/s to +3mbar/s
1579000328:[BUOY  ,0089]need to transfer +116mL (pump during 147208ms)
1579000336:[PUMP  ,0016]pump during 60000ms
1579000400:[PRESS ,0038]P  +1173mbar,T+15141mdegC
1579000407:[PRESS ,0038]P  +1233mbar,T+15142mdegC
1579000416:[PRESS ,0038]P  +1293mbar,T+15146mdegC
1579000425:[PRESS ,0038]P  +1353mbar,T+15147mdegC
1579000425:[BUOY  ,0087]from +7mbar/s to +3mbar/s
1579000425:[BUOY  ,0089]need to transfer +64mL (pump during 79900ms)
1579000433:[PUMP  ,0016]pump during 60000ms
1579000497:[PRESS ,0038]P  +1783mbar,T+15170mdegC
1579000511:[PRESS ,0038]P  +1843mbar,T+15179mdegC
1579000521:[PRESS ,0038]P  +1903mbar,T+15184mdegC
1579000521:[BUOY  ,0087]from +4mbar/s to +2mbar/s
1579000521:[BUOY  ,0089]need to transfer +20mL (pump during 24945ms)
1579000530:[PUMP  ,0016]pump during 24945ms
1579000585:[PRESS ,0038]P  +2163mbar,T+15208mdegC
1579000599:[PRESS ,0038]P  +2223mbar,T+15211mdegC
1579000610:[BUOY  ,0087]from +5mbar/s to +2mbar/s
1579000610:[BUOY  ,0089]need to transfer +34mL (pump during 42577ms)
1579000618:[PUMP  ,0016]pump during 42577ms
1579000674:[PRESS ,0038]P  +2533mbar,T+15234mdegC
1579000699:[PRESS ,0038]P  +2603mbar,T+15244mdegC
1579000699:[STAGE ,0213]2603mbar reached at 1579000699s, ref 3000mbar +/-500mbar
1579000699:[BUOY  ,0087]from +3mbar/s to +0mbar/s
1579000699:[BUOY  ,0089]need to transfer +14mL (pump during 17512ms)
1579000707:[PUMP  ,0016]pump during 17512ms
1579000763:[PRESS ,0038]P  +2673mbar,T+15264mdegC
1579000848:[PRESS ,0038]P  +2613mbar,T+15265mdegC
1579000848:[BUOY  ,0087]from -1mbar/s to +0mbar/s
1579000848:[BUOY  ,0090]need to transfer -2mL (valve during 500ms)
1579000848:[VALVE ,0034]valve opening 500ms
1579000909:[PRESS ,0038]P  +2553mbar,T+15259mdegC
1579000934:[BUOY  ,0087]from -1mbar/s to +0mbar/s
1579000934:[BUOY  ,0090]need to transfer -2mL (valve during 510ms)
1579000934:[VALVE ,0034]valve opening 510ms
1579001140:[PRESS ,0038]P  +2723mbar,T+15233mdegC
1579001201:[PRESS ,0038]P  +2853mbar,T+15227mdegC
1579001262:[PRESS ,0038]P  +2973mbar,T+15222mdegC
1579001262:[MAIN  ,0140]stage[0] complete 939s after mission start
1579001262:[MAIN  ,0056]stage[1]
1579001264:[MAIN  ,0024]internal pressure 80084Pa
1579001265:[MRMAID,0002]acq started
1579001275:[BUOY  ,0037]P  +3003mbar
1579001275:[STAGE ,0080]Stage [1] 3000mbar (+/-500mbar) 300s (<1579001523s)
1579001277:[STAGE ,0213]3023mbar reached at 1579001277s, ref 3000mbar +/-500mbar
1579001277:[BUOY  ,0087]from +2mbar/s to +0mbar/s
1579001277:[BUOY  ,0089]need to transfer +6mL (pump during 7493ms)
1579001286:[PUMP  ,0016]pump during 7493ms
1579001306:[MRMAID,0184]acq already started
1579001318:[MRMAID,0059]stop canceled
1579001352:[PRESS ,0038]P  +3143mbar,T+15220mdegC
1579001498:[PRESS ,0038]P  +3063mbar,T+15208mdegC
1579001558:[PRESS ,0038]P  +2893mbar,T+15201mdegC
1579001558:[MAIN  ,0140]stage[1] complete 1235s after mission start
1579001559:[MRMAID,0003]acq stopped
1579001619:[MRMAID,0188]acq already stopped
1579001679:[MSSION,0192]mission stopped, 2 stage(s) done
1579001679:[MAIN  ,0065]surfacing
1579001681:[PRESS ,0038]P  +2693mbar,T+15188mdegC
1579001681:[SURFIN,0036]P  +2693mbar
1579001689:[PUMP  ,0016]pump during 60000ms
1579001806:[PRESS ,0038]P  +2213mbar,T+15225mdegC
1579001818:[PRESS ,0038]P  +2153mbar,T+15227mdegC
1579001829:[PRESS ,0038]P  +2093mbar,T+15227mdegC
1579001839:[PUMP  ,0016]pump during 60000ms
1579001955:[PRESS ,0038]P  +1283mbar,T+15270mdegC
1579001969:[PRESS ,0038]P  +1223mbar,T+15272mdegC
1579001988:[PUMP  ,0016]pump during 60000ms
1579002105:[PRESS ,0038]P   +283mbar,T+15316mdegC
1579002112:[PRESS ,0038]P   +193mbar,T+15316mdegC
1579002121:[PRESS ,0038]P   +133mbar,T+15317mdegC
1579002128:[PRESS ,0038]P    +73mbar,T+15317mdegC
1579002133:[SURFIN,0020]filling external bladder
1579002141:[PUMP  ,0016]pump during 300000ms
1579002233:[PUMP  ,0210]aborted, 20800ticks remain
1579002235:[SURFIN,0019]external bladder full
1579002237:[PRESS ,0038]P   +160mbar,T+15440mdegC
1579002297:[MAIN  ,0272]Vbat 14803mV (min 14006mV)
1579002299:[MAIN  ,0024]internal pressure 79335Pa
1579002299:[MAIN  ,0043]Pext 166mbar (rng 20mbar)
1579002299:[MAIN  ,0064]surface
1579002300:[SURF  ,0224]surface1
1579002312:[SURF  ,0022]GPS fix...
1579002332:[SURF  ,0015]10 PPS detected...
1579002333:[MRMAID,0052]Mermaid $GPSACK:+0,+0,+0,+0,+0,+0,-427;
1579002343:[MRMAID,0052]Mermaid $GPSOFF:3686321;
1579002345:[GPSFIX,0179]+0s diff
1579002345:[SURF  ,0222]2020-01-14T11:45:45
1579002345:[SURF  ,0082]Latitude : N43deg05.209mn, Longitude :E006deg00.177mn
1579002345:[SURF  ,0223]fix3D,7satellites
1579002345:[SURF  ,0084]GPS fix GPGSA : hdop0.800,vdop1.030
1579002355:[SURF  ,0274]last almanac : 8102
1579002367:[MRMAID,0026]1448 bytes in 0051/5E1DA9F8.MER
1579002373:[MAIN  ,0320]New pressure offset: 166mbar
