1590304321:[MAIN  ,0007]buoy 452.020-P-0051
1590304321:[MAIN  ,0055]soft pilotage 452.012.300_V2.18-20200518
1590304321:[MAIN  ,0010]cycle 20
1590304321:[SURF  ,0225]surface2
1590304338:[SURF  ,0022]GPS fix...
1590304358:[SURF  ,0015]10 PPS detected...
1590304359:[MRMAID,0052]Mermaid $GPSACK:+0,+0,+0,+0,+0,+0,-30;
1590304369:[MRMAID,0052]Mermaid $GPSOFF:3686320;
1590304371:[GPSFIX,0179]+0s diff
1590304371:[SURF  ,0222]2020-05-24T07:12:51
1590304371:[SURF  ,0082]Latitude : N43deg40.940mn, Longitude :E007deg19.174mn
1590304371:[SURF  ,0223]fix3D,7satellites
1590304371:[SURF  ,0084]GPS fix GPGSA : hdop0.690,vdop1.150
1590304381:[SURF  ,0025]Iridium...
1590304388:[SBE41 ,0339]newoffset=-0.56db received after -57s
1590304415:[SURF  ,0009]connected in 34s, signal quality 5
1590304487:[SURF  ,0218]prompt received, remote cmd end
1590304488:[SURF  ,0012]17 cmd(s) received
1590304509:[UPLOAD,0248]Upload data files...
1590304537:[UPLOAD,0231]"0051/5EC9CC9D.S41" uploaded at 100bytes/s
1590304555:[UPLOAD,0231]"0051/5EC9D379.MER" uploaded at 91bytes/s
1590304630:[ZIO   ,0237]5 consecutive ZFIN received, aborting
1590304650:[SURF  ,0014]disconnected after 269s
1590304655:[SURFIN,0020]filling external bladder
1590304663:[PUMP  ,0207]battery 14835mV,   28426uA (warmup), P   +210mbar
1590304663:[PUMP  ,0016]pump during 300000ms
1590304672:[PUMP  ,0212]battery 14147mV, 1342366uA (steady state), P   +210mbar
1590304674:[SURFIN,0019]external bladder full
1590304675:[SURF  ,0319]transfer interrupted
1590304692:[SURF  ,0022]GPS fix...
1590304713:[SURF  ,0015]10 PPS detected...
1590304714:[MRMAID,0052]Mermaid $GPSACK:+0,+0,+0,+0,+0,+0,-61;
1590304724:[MRMAID,0052]Mermaid $GPSOFF:3686320;
1590304724:[GPSFIX,0179]-1s diff
1590304725:[SURF  ,0222]2020-05-24T07:18:45
1590304725:[SURF  ,0082]Latitude : N43deg40.939mn, Longitude :E007deg19.174mn
1590304725:[SURF  ,0223]fix3D,7satellites
1590304725:[SURF  ,0084]GPS fix GPGSA : hdop0.690,vdop1.140
1590304742:[MAIN  ,0024]internal pressure 79192Pa
1590304743:[BYCMD ,0107]    FreeRTOS V8.2.3
1590304743:[BYCMD ,0108]    FatFS v11a
1590304743:[BYCMD ,0120]    bypass 10000ms 60000ms (20000ms 60000ms stored)
1590304743:[BYCMD ,0121]    valve 60000ms 12750 (60000ms 12750 stored)
1590304743:[BYCMD ,0122]    pump 60000ms 30% 10750 80% (60000ms 30% 10750 80% stored)
1590304743:[BYCMD ,0123]    rate 2mbar/s (2mbar/s stored)
1590304743:[BYCMD ,0124]    surface 500mbar (500mbar stored)
1590304743:[BYCMD ,0125]    near 500mbar 3mbar/s (15000mbar 3mbar/s stored)
1590304743:[BYCMD ,0126]    far 1500mbar 4mbar/s (25000mbar 4mbar/s stored)
1590304743:[BYCMD ,0127]    ascent 8mbar/s (8mbar/s stored)
1590304743:[BYCMD ,0128]    dead 60s (300s stored)
1590304743:[BYCMD ,0129]    coeff 16/10 (16/10 stored)
1590304743:[BYCMD ,0130]    stab 10 (10 stored)
1590304743:[BYCMD ,0131]    delay 900s 3600s (900s 3600s stored)
1590304743:[BYCMD ,0132]    mmtime 2880min (2880min stored)
1590304743:[BYCMD ,0133]    dv_landing 100ml (100ml stored)
1590304743:[MKDCMD,0150]    p2t37: 15x2000ms, offset 197mbar
1590304743:[P2TCMD,0151]    p2t37: dp 50mbar, dt 1000000mdegC
1590304744:[STAGE ,0080]Stage [0] 5000mbar (+/-500mbar) 1800s (<1800s) 
1590304744:[STAGE ,0080]Stage [1] 5000mbar (+/-500mbar) 3600s (<5400s) MERMAID
1590304744:[STAGE ,0091]Stage [2] surfacing 3600s (<9000s) SBE41
1590304744:[SBE41 ,0282]SBE41 parameters : 
      dsreplyformat=1 (webb(0)/standard(1))
      addtimingdelays=0 (n(0)/y(1))
      outputdensity=0 (n(0)/y(1))
      echocmd=0 (n(0)/y(1))
      outputrt=0 (n(0)/y(1))
      outputpts=0 (n(0)/y(1))
      outputsn=0 (n(0)/y(1))
      outputpressure=1 (n(0)/y(1))
      pcutoff=2dbar
      tswait=0s
      pumpfastpt=1 (n(0)/y(1))
      samplerate=1 ('fast':1Hz(1)/'slow':0.5Hz(0))
      top_bin_interval=10dbar
      top_bin_size=10dbar
      top_bin_max=100dbar
      middle_bin_interval=50dbar
      middle_bin_size=50dbar
      middle_bin_max=1000dbar
      bottom_bin_interval=100dbar
      bottom_bin_size=100dbar
      includetransitionbin=0
      includenbin=0 (n(0)/y(1))
      autobinavg=0 (n(0)/y(1))
1590304744:[SBE41 ,0283]SBE41 pilot policy : 
      continiousprofile=0 (n(0)/y(1)
      speeddetection=1 (n(0)/y(1)
      hexoutput=1 (n(0)/y(1)
      binaverageoutput=0 (n(0)/y(1)
      manualprofilerate=10s
      runningpumpbeforeprofile=0s
      speedstart=2mbar/s
      speedcontrol=5mbar/s
1590304744:[MAIN  ,0070]turn off bluetooth
1590304746:[PRESS ,0038]P    -17mbar,T+19021mdegC
1590304771:[DIVING,0141]diving from -7mbar, +1mbar/s
1590304771:[BYPASS,0035]bypass opening 60000ms
1590304776:[BYPASS,0104]battery 14518mV,  311100uA (bypass opening), P     -7mbar
1590304841:[BYPASS,0106]battery 14455mV,  400404uA (bypass closing), P     -7mbar
1590304854:[PRESS ,0038]P    +43mbar,T+19400mdegC
1590304863:[PRESS ,0038]P   +103mbar,T+19418mdegC
1590304871:[PRESS ,0038]P   +173mbar,T+19434mdegC
1590304882:[PRESS ,0038]P   +233mbar,T+19460mdegC
1590304896:[PRESS ,0038]P   +303mbar,T+19498mdegC
1590304910:[PRESS ,0038]P   +363mbar,T+19520mdegC
1590304926:[PRESS ,0038]P   +443mbar,T+19531mdegC
1590304940:[PRESS ,0038]P   +503mbar,T+19561mdegC
1590304942:[DIVING,0028]513mbar reached (+5mbar/s), 1 bypass done
1590304942:[MAIN  ,0056]stage[0]
1590304945:[MAIN  ,0024]internal pressure 79928Pa
1590304945:[BUOY  ,0037]P   +523mbar
1590304945:[STAGE ,0080]Stage [0] 5000mbar (+/-500mbar) 1800s (<1590306742s) 
1590305008:[PRESS ,0038]P   +913mbar,T+19631mdegC
1590305017:[PRESS ,0038]P   +973mbar,T+19630mdegC
1590305027:[PRESS ,0038]P  +1043mbar,T+19623mdegC
1590305093:[PRESS ,0038]P  +1453mbar,T+19553mdegC
1590305102:[PRESS ,0038]P  +1513mbar,T+19539mdegC
1590305113:[PRESS ,0038]P  +1573mbar,T+19520mdegC
1590305179:[PRESS ,0038]P  +1983mbar,T+19377mdegC
1590305189:[PRESS ,0038]P  +2043mbar,T+19351mdegC
1590305204:[PRESS ,0038]P  +2113mbar,T+19317mdegC
1590305264:[PRESS ,0038]P  +2503mbar,T+19159mdegC
1590305275:[PRESS ,0038]P  +2563mbar,T+19130mdegC
1590305286:[PRESS ,0038]P  +2623mbar,T+19103mdegC
1590305350:[PRESS ,0038]P  +3033mbar,T+18932mdegC
1590305360:[PRESS ,0038]P  +3103mbar,T+18905mdegC
1590305375:[PRESS ,0038]P  +3173mbar,T+18868mdegC
1590305435:[PRESS ,0038]P  +3543mbar,T+18714mdegC
1590305446:[PRESS ,0038]P  +3603mbar,T+18687mdegC
1590305455:[PRESS ,0038]P  +3663mbar,T+18665mdegC
1590305460:[BUOY  ,0087]from +6mbar/s to +3mbar/s
1590305460:[BUOY  ,0089]need to transfer +44mL (pump during 53856ms)
1590305468:[PUMP  ,0207]battery 15103mV,   35746uA (warmup), P  +3693mbar
1590305468:[PUMP  ,0016]pump during 53856ms
1590305521:[PUMP  ,0212]battery 14418mV,  467260uA (steady state), P  +3693mbar
1590305526:[PRESS ,0038]P  +4003mbar,T+18504mdegC
1590305540:[PRESS ,0038]P  +4063mbar,T+18477mdegC
1590305612:[PRESS ,0038]P  +4343mbar,T+18307mdegC
1590305635:[PRESS ,0038]P  +4403mbar,T+18250mdegC
1590305697:[PRESS ,0038]P  +4523mbar,T+18096mdegC
1590305716:[PRESS ,0038]P  +4583mbar,T+18049mdegC
1590305722:[STAGE ,0213]4583mbar reached at 1590305722s, ref 5000mbar +/-500mbar
1590305782:[PRESS ,0038]P  +4783mbar,T+17891mdegC
1590305783:[BUOY  ,0087]from +3mbar/s to +0mbar/s
1590305783:[BUOY  ,0089]need to transfer +14mL (pump during 17128ms)
1590305791:[PUMP  ,0207]battery 15093mV,   35014uA (warmup), P  +4783mbar
1590305791:[PUMP  ,0016]pump during 17128ms
1590305808:[PUMP  ,0212]battery 14482mV,  486170uA (steady state), P  +4783mbar
1590305847:[PRESS ,0038]P  +4913mbar,T+17761mdegC
1590305993:[PRESS ,0038]P  +5043mbar,T+17449mdegC
1590305993:[BUOY  ,0087]from +1mbar/s to +0mbar/s
1590305993:[BUOY  ,0089]need to transfer +2mL (pump during 2445ms)
1590306001:[PUMP  ,0207]battery 15108mV,   34892uA (warmup), P  +5043mbar
1590306001:[PUMP  ,0016]pump during 2445ms
1590306057:[PRESS ,0038]P  +5133mbar,T+17328mdegC
1590306081:[BUOY  ,0087]from +1mbar/s to +0mbar/s
1590306081:[BUOY  ,0089]need to transfer +2mL (pump during 2445ms)
1590306090:[PUMP  ,0207]battery 15118mV,   34892uA (warmup), P  +5153mbar
1590306090:[PUMP  ,0016]pump during 2445ms
1590306145:[PRESS ,0038]P  +5193mbar,T+17174mdegC
1590306291:[PRESS ,0038]P  +5303mbar,T+16930mdegC
1590306291:[BUOY  ,0087]from +1mbar/s to +0mbar/s
1590306291:[BUOY  ,0089]need to transfer +2mL (pump during 2445ms)
1590306300:[PUMP  ,0207]battery 15140mV,   35868uA (warmup), P  +5303mbar
1590306300:[PUMP  ,0016]pump during 2445ms
1590306355:[PRESS ,0038]P  +5363mbar,T+16844mdegC
1590306501:[PRESS ,0038]P  +5243mbar,T+16641mdegC
1590306744:[MAIN  ,0140]stage[0] complete 1802s after mission start
1590306744:[MAIN  ,0056]stage[1]
1590306746:[MAIN  ,0024]internal pressure 79438Pa
1590306747:[MRMAID,0002]acq started
1590306758:[BUOY  ,0037]P  +5233mbar
1590306758:[STAGE ,0080]Stage [1] 5000mbar (+/-500mbar) 3600s (<1590310342s) MERMAID
1590306759:[STAGE ,0213]5233mbar reached at 1590306759s, ref 5000mbar +/-500mbar
1590307184:[PRESS ,0038]P  +5163mbar,T+16031mdegC
1590307427:[PRESS ,0038]P  +5263mbar,T+15932mdegC
1590307487:[PRESS ,0038]P  +5373mbar,T+15910mdegC
1590307548:[PRESS ,0038]P  +5473mbar,T+15888mdegC
1590307609:[PRESS ,0038]P  +5543mbar,T+15862mdegC
1590307609:<WARN>[BUOY  ,0094]stage[1] should ASCENT, stuck at 5543mbar for the #1 time
1590307609:[BUOY  ,0087]from +0mbar/s to -3mbar/s
1590307609:[BUOY  ,0089]need to transfer +14mL (pump during 16994ms)
1590307609:[MRMAID,0003]acq stopped
1590307609:[MRMAID,0183]dropping spurious '0x33'
1590307609:[MRMAID,0183]dropping spurious '0x32'
1590307609:[MRMAID,0183]dropping spurious '0x33'
1590307609:[MRMAID,0183]dropping spurious '0x36'
1590307609:[MRMAID,0183]dropping spurious '0x35'
1590307609:[MRMAID,0183]dropping spurious '0x2C'
1590307609:[MRMAID,0183]dropping spurious '0x38'
1590307609:[MRMAID,0183]dropping spurious '0x30'
1590307609:[MRMAID,0183]dropping spurious '0x38'
1590307609:[MRMAID,0183]dropping spurious '0x2E'
1590307609:[MRMAID,0183]dropping spurious '0x38'
1590307609:[MRMAID,0183]dropping spurious '0x34'
1590307609:[MRMAID,0183]dropping spurious '0x31'
1590307609:[MRMAID,0183]dropping spurious '0x37'
1590307609:[MRMAID,0183]dropping spurious '0x36'
1590307609:[MRMAID,0183]dropping spurious '0x37'
1590307609:[MRMAID,0183]dropping spurious '0x2C'
1590307609:[MRMAID,0183]dropping spurious '0x34'
1590307609:[MRMAID,0183]dropping spurious '0x30'
1590307609:[MRMAID,0183]dropping spurious '0x2E'
1590307610:[MRMAID,0183]dropping spurious '0x30'
1590307610:[MRMAID,0183]dropping spurious '0x31'
1590307610:[MRMAID,0183]dropping spurious '0x34'
1590307610:[MRMAID,0183]dropping spurious '0x30'
1590307610:[MRMAID,0183]dropping spurious '0x30'
1590307610:[MRMAID,0183]dropping spurious '0x37'
1590307610:[MRMAID,0183]dropping spurious '0x3B'
1590307610:[MRMAID,0185]27 spurious byte(s) received
1590307617:[PUMP  ,0207]battery 15200mV,   38674uA (warmup), P  +5543mbar
1590307617:[PUMP  ,0016]pump during 16994ms
1590307633:[PUMP  ,0212]battery 14426mV,  477874uA (steady state), P  +5543mbar
1590307638:[MRMAID,0002]acq started
1590307684:[PRESS ,0038]P  +5603mbar,T+15847mdegC
1590307707:<WARN>[BUOY  ,0094]stage[1] should ASCENT, stuck at 5593mbar for the #2 time
1590307707:[BUOY  ,0087]from +0mbar/s to -3mbar/s
1590307707:[BUOY  ,0089]need to transfer +14mL (pump during 16994ms)
1590307708:[MRMAID,0003]acq stopped
1590307716:[PUMP  ,0207]battery 15188mV,   36966uA (warmup), P  +5593mbar
1590307716:[PUMP  ,0016]pump during 16994ms
1590307732:[PUMP  ,0212]battery 14610mV,  482632uA (steady state), P  +5593mbar
1590307736:[MRMAID,0002]acq started
1590307781:[PRESS ,0038]P  +5393mbar,T+15817mdegC
1590307797:[PRESS ,0038]P  +5333mbar,T+15810mdegC
1590307806:[BUOY  ,0087]from -4mbar/s to +0mbar/s
1590307806:[BUOY  ,0090]need to transfer -26mL (valve during 4604ms)
1590307806:[MRMAID,0003]acq stopped
1590307807:[VALVE ,0034]valve opening 4604ms
1590307811:[VALVE ,0234]battery 14398mV,  645136uA, P  +5293mbar
1590307813:[MRMAID,0002]acq started
1590307877:[PRESS ,0038]P  +5153mbar,T+15766mdegC
1590308084:[PRESS ,0038]P  +5313mbar,T+15637mdegC
1590308084:[BUOY  ,0087]from +1mbar/s to +0mbar/s
1590308084:[BUOY  ,0089]need to transfer +2mL (pump during 2428ms)
1590308084:[MRMAID,0003]acq stopped
1590308092:[PUMP  ,0207]battery 15180mV,   37332uA (warmup), P  +5313mbar
1590308093:[PUMP  ,0016]pump during 2428ms
1590308098:[MRMAID,0002]acq started
1590308158:[PRESS ,0038]P  +5413mbar,T+15608mdegC
1590308182:[BUOY  ,0087]from +1mbar/s to +0mbar/s
1590308183:[BUOY  ,0089]need to transfer +2mL (pump during 2428ms)
1590308183:[MRMAID,0003]acq stopped
1590308191:[PUMP  ,0207]battery 15185mV,   36966uA (warmup), P  +5433mbar
1590308191:[PUMP  ,0016]pump during 2428ms
1590308197:[MRMAID,0002]acq started
1590308402:[PRESS ,0038]P  +5343mbar,T+15503mdegC
1590308888:[PRESS ,0038]P  +5233mbar,T+15350mdegC
1590309009:[PRESS ,0038]P  +5163mbar,T+15329mdegC
1590309252:[PRESS ,0038]P  +5103mbar,T+15290mdegC
1590309615:[PRESS ,0038]P  +5023mbar,T+15250mdegC
1590309737:[PRESS ,0038]P  +5093mbar,T+15242mdegC
1590310040:[PRESS ,0038]P  +5203mbar,T+15223mdegC
1590310101:[PRESS ,0038]P  +5283mbar,T+15219mdegC
1590310161:[PRESS ,0038]P  +5413mbar,T+15214mdegC
1590310222:[PRESS ,0038]P  +5483mbar,T+15208mdegC
1590310283:[PRESS ,0038]P  +5573mbar,T+15201mdegC
1590310283:<WARN>[BUOY  ,0094]stage[1] should ASCENT, stuck at 5573mbar for the #3 time
1590310283:[BUOY  ,0087]from +1mbar/s to -3mbar/s
1590310283:[BUOY  ,0089]need to transfer +16mL (pump during 19346ms)
1590310283:[MRMAID,0003]acq stopped
1590310283:[MRMAID,0052]Mermaid $MEASFS,81371,2033.562714,40.014011;
1590310292:[PUMP  ,0207]battery 15206mV,   40260uA (warmup), P  +5573mbar
1590310292:[PUMP  ,0016]pump during 19346ms
1590310311:[PUMP  ,0212]battery 14442mV,  466162uA (steady state), P  +5573mbar
1590310314:[MRMAID,0002]acq started
1590310382:[MAIN  ,0140]stage[1] complete 5440s after mission start
1590310382:[MRMAID,0003]acq stopped
1590310442:[MAIN  ,0056]stage[2]
1590310444:[MAIN  ,0024]internal pressure 79149Pa
1590310445:[BUOY  ,0037]P  +5583mbar
1590310445:[STAGE ,0091]Stage [2] surfacing 3600s (<1590313942s) SBE41
1590310447:<WARN>[BUOY  ,0094]stage[2] should ASCENT, stuck at 5573mbar for the #1 time
1590310447:[BUOY  ,0087]from +0mbar/s to -5mbar/s
1590310447:[BUOY  ,0089]need to transfer +40mL (pump during 48368ms)
1590310455:[PUMP  ,0207]battery 15195mV,   39284uA (warmup), P  +5573mbar
1590310455:[PUMP  ,0016]pump during 48368ms
1590310503:[PUMP  ,0212]battery 14630mV,  485804uA (steady state), P  +5573mbar
1590310511:[PRESS ,0038]P  +5713mbar,T+15181mdegC
1590310536:<WARN>[BUOY  ,0094]stage[2] should ASCENT, stuck at 5753mbar for the #2 time
1590310536:[BUOY  ,0087]from +2mbar/s to -5mbar/s
1590310536:[BUOY  ,0089]need to transfer +46mL (pump during 55623ms)
1590310536:[SBE41 ,0337]Speed start detected
1590310544:[PUMP  ,0207]battery 15008mV,  100406uA (warmup), P  +5753mbar
1590310544:[PUMP  ,0016]pump during 55623ms
1590310599:[PUMP  ,0212]battery 14701mV,  515694uA (steady state), P  +5753mbar
1590310603:[PRESS ,0038]P  +5893mbar,T+15209mdegC
1590310628:[BUOY  ,0087]from -1mbar/s to -5mbar/s
1590310628:[BUOY  ,0089]need to transfer +38mL (pump during 45949ms)
1590310636:[PUMP  ,0207]battery 15020mV,   53558uA (warmup), P  +5873mbar
1590310636:[PUMP  ,0016]pump during 45949ms
1590310681:[PUMP  ,0212]battery 14630mV,  524478uA (steady state), P  +5873mbar
1590310692:[PRESS ,0038]P  +5803mbar,T+15247mdegC
1590310705:[PRESS ,0038]P  +5743mbar,T+15254mdegC
1590310717:[BUOY  ,0087]from -3mbar/s to -5mbar/s
1590310717:[BUOY  ,0089]need to transfer +26mL (pump during 31438ms)
1590310725:[PUMP  ,0207]battery 14957mV,   53314uA (warmup), P  +5713mbar
1590310725:[PUMP  ,0016]pump during 31438ms
1590310756:[PUMP  ,0212]battery 14582mV,  511668uA (steady state), P  +5713mbar
1590310781:[PRESS ,0038]P  +5613mbar,T+15276mdegC
1590310795:[PRESS ,0038]P  +5553mbar,T+15278mdegC
1590310806:[BUOY  ,0087]from -3mbar/s to -5mbar/s
1590310806:[BUOY  ,0089]need to transfer +26mL (pump during 31438ms)
1590310814:[PUMP  ,0207]battery 14928mV,   52582uA (warmup), P  +5513mbar
1590310814:[PUMP  ,0016]pump during 31438ms
1590310845:[PUMP  ,0212]battery 14540mV,  524478uA (steady state), P  +5513mbar
1590310870:[PRESS ,0038]P  +5223mbar,T+15292mdegC
1590310880:[PRESS ,0038]P  +5163mbar,T+15294mdegC
1590310891:[PRESS ,0038]P  +5093mbar,T+15296mdegC
1590310895:[BUOY  ,0087]from -6mbar/s to -5mbar/s
1590310895:[BUOY  ,0090]need to transfer -18mL (valve during 3232ms)
1590310895:[VALVE ,0034]valve opening 3232ms
1590310898:[VALVE ,0234]battery 14397mV,  657580uA, P  +5073mbar
1590310955:[PRESS ,0038]P  +4683mbar,T+15285mdegC
1590310964:[PRESS ,0038]P  +4623mbar,T+15284mdegC
1590310973:[PRESS ,0038]P  +4563mbar,T+15282mdegC
1590310980:[BUOY  ,0087]from -6mbar/s to -5mbar/s
1590310980:[BUOY  ,0090]need to transfer -18mL (valve during 3425ms)
1590310980:[VALVE ,0034]valve opening 3425ms
1590310984:[VALVE ,0234]battery 14275mV,  650504uA, P  +4523mbar
1590311041:[PRESS ,0038]P  +4063mbar,T+15270mdegC
1590311048:[PRESS ,0038]P  +4003mbar,T+15269mdegC
1590311054:[PRESS ,0038]P  +3943mbar,T+15269mdegC
1590311062:[PRESS ,0038]P  +3873mbar,T+15267mdegC
1590311066:[BUOY  ,0087]from -8mbar/s to -5mbar/s
1590311066:[BUOY  ,0090]need to transfer -62mL (valve during 12750ms)
1590311066:[VALVE ,0034]valve opening 12750ms
1590311079:[VALVE ,0234]battery 14270mV,  653066uA, P  +3863mbar
1590311127:[PRESS ,0038]P  +3463mbar,T+15269mdegC
1590311143:[PRESS ,0038]P  +3393mbar,T+15270mdegC
1590311212:[PRESS ,0038]P  +3193mbar,T+15285mdegC
1590311228:[PRESS ,0038]P  +3133mbar,T+15291mdegC
1590311237:[BUOY  ,0087]from -2mbar/s to -5mbar/s
1590311237:[BUOY  ,0089]need to transfer +34mL (pump during 41111ms)
1590311245:[PUMP  ,0207]battery 14972mV,   56364uA (warmup), P  +3123mbar
1590311245:[PUMP  ,0016]pump during 41111ms
1590311286:[PUMP  ,0212]battery 14476mV,  499834uA (steady state), P  +3123mbar
1590311301:[PRESS ,0038]P  +2923mbar,T+15360mdegC
1590311319:[PRESS ,0038]P  +2853mbar,T+15386mdegC
1590311387:[PRESS ,0038]P  +2573mbar,T+15497mdegC
1590311395:[PRESS ,0038]P  +2513mbar,T+15512mdegC
1590311408:[PRESS ,0038]P  +2453mbar,T+15536mdegC
1590311472:[PRESS ,0038]P  +2143mbar,T+15664mdegC
1590311488:[PRESS ,0038]P  +2083mbar,T+15697mdegC
1590311558:[PRESS ,0038]P  +1793mbar,T+15841mdegC
1590311573:[PRESS ,0038]P  +1733mbar,T+15873mdegC
1590311643:[PRESS ,0038]P  +1413mbar,T+16009mdegC
1590311654:[PRESS ,0038]P  +1353mbar,T+16029mdegC
1590311728:[PRESS ,0038]P  +1103mbar,T+16173mdegC
1590311746:[PRESS ,0038]P  +1023mbar,T+16206mdegC
1590311814:[PRESS ,0038]P   +843mbar,T+16332mdegC
1590311826:[PRESS ,0038]P   +783mbar,T+16354mdegC
1590311899:[PRESS ,0038]P   +553mbar,T+16486mdegC
1590311924:[BUOY  ,0087]from -1mbar/s to -5mbar/s
1590311924:[BUOY  ,0089]need to transfer +38mL (pump during 46740ms)
1590311932:[PUMP  ,0207]battery 15023mV,   58560uA (warmup), P   +533mbar
1590311932:[PUMP  ,0016]pump during 46740ms
1590311978:[PUMP  ,0212]battery 14488mV,  475800uA (steady state), P   +533mbar
1590312011:[PRESS ,0038]P   +493mbar,T+16671mdegC
1590312013:[BUOY  ,0087]from -1mbar/s to -5mbar/s
1590312013:[BUOY  ,0089]need to transfer +38mL (pump during 46740ms)
1590312021:[PUMP  ,0207]battery 14997mV,   53924uA (warmup), P   +513mbar
1590312021:[PUMP  ,0016]pump during 46740ms
1590312067:[PUMP  ,0212]battery 14580mV,  476044uA (steady state), P   +513mbar
1590312077:[PRESS ,0038]P   +333mbar,T+16805mdegC
1590312084:[PRESS ,0038]P   +273mbar,T+16819mdegC
1590312096:[PRESS ,0038]P   +213mbar,T+16845mdegC
1590312102:[STAGE ,0214]183mbar (500) reached at 1590312102s, ascending from 5583mbar
1590312102:[STAGE ,0342]The float reached the surface : OK
1590312102:[MAIN  ,0140]stage[2] complete 7160s after mission start
1590312107:[SBE41 ,0343]SBE41 dump : 1561 stored samples in hexa format
1590312164:[SBE41 ,0338]Dump finished
1590312164:[SBE41 ,0318]14049 bytes in 0051/5ECA362C.S41
1590312165:[MRMAID,0188]acq already stopped
1590312225:[MSSION,0192]mission stopped, 3 stage(s) done
1590312225:[MAIN  ,0065]surfacing
1590312227:[PRESS ,0038]P    +13mbar,T+17223mdegC
1590312227:[SURFIN,0036]P    +13mbar
1590312231:[SURFIN,0020]filling external bladder
1590312239:[PUMP  ,0207]battery 15011mV,   38064uA (warmup), P    +23mbar
1590312239:[PUMP  ,0016]pump during 300000ms
1590312299:[PUMP  ,0212]battery 14245mV, 1374818uA (steady state), P    +23mbar
1590312301:[SURFIN,0019]external bladder full
1590312303:[PRESS ,0038]P   +190mbar,T+17460mdegC
1590312362:[MAIN  ,0272]Vbat 14900mV (min 14486mV)
1590312364:[MAIN  ,0024]internal pressure 79119Pa
1590312365:[MAIN  ,0043]Pext 188mbar (rng 30mbar)
1590312365:[MAIN  ,0064]surface
1590312376:[SURF  ,0022]GPS fix...
1590312419:[SURF  ,0015]10 PPS detected...
1590312420:[MRMAID,0052]Mermaid $GPSACK:+0,+0,+0,+0,+0,+0,-976;
1590312430:[MRMAID,0052]Mermaid $GPSOFF:3686321;
1590312430:[GPSFIX,0179]-1s diff
1590312431:[SURF  ,0222]2020-05-24T09:27:11
1590312431:[SURF  ,0082]Latitude : N43deg40.941mn, Longitude :E007deg19.173mn
1590312431:[SURF  ,0223]fix3D,3satellites
1590312431:[SURF  ,0084]GPS fix GPGSA : hdop1.720,vdop3.470
1590312441:[SURF  ,0274]last almanac : 176830
1590312453:[MRMAID,0026]1441 bytes in 0051/5ECA3DFE.MER
1590312459:[MAIN  ,0320]New pressure offset: 188mbar
1590312459:[LOGBIN,0078]*** switching to 0051/5ECA3E0B ***
