1583336118:[MAIN  ,0007]buoy 452.020-P-0051
1583336118:[MAIN  ,0055]soft pilotage 452.012.300_V2.14-20200303
1583336118:[MAIN  ,0010]cycle 3
1583336118:[SURF  ,0225]surface2
1583336128:[SURF  ,0022]GPS fix...
1583336159:[SURF  ,0015]10 PPS detected...
1583336160:[MRMAID,0052]Mermaid $GPSACK:+0,+0,+0,+0,+0,+0,+0;
1583336170:[MRMAID,0052]Mermaid $GPSOFF:3686321;
1583336171:[GPSFIX,0179]-1s diff
1583336172:[SURF  ,0222]2020-03-04T15:36:12
1583336172:[SURF  ,0082]Latitude : N43deg40.942mn, Longitude :E007deg19.179mn
1583336172:[SURF  ,0223]fix3D,4satellites
1583336172:[SURF  ,0084]GPS fix GPGSA : hdop1.930,vdop5.570
1583336182:[SURF  ,0025]Iridium...
1583336183:[SBE41 ,0339]newoffset=-0.83db received after 63s
1583336394:<WARN>[SURF  ,0023]failed to connect #1, code -8, net 1, qual 5, dial 1
1583336466:[SURF  ,0009]connected in 284s, signal quality 5
1583336501:<WARN>[SURF  ,0071]timeout
1583336501:<WARN>[SURF  ,0056]peer mute
1583336511:[SURF  ,0014]disconnected after 329s
1583336516:[SURFIN,0020]filling external bladder
1583336524:[PUMP  ,0016]pump during 300000ms
1583336539:[SURFIN,0019]external bladder full
1583336539:[SURF  ,0069]transfer interrupted , retry
1583336548:[SURF  ,0022]GPS fix...
1583336570:[SURF  ,0015]10 PPS detected...
1583336571:[MRMAID,0052]Mermaid $GPSACK:+0,+0,+0,+0,+0,+0,-30;
1583336581:[MRMAID,0052]Mermaid $GPSOFF:3686321;
1583336583:[GPSFIX,0179]+0s diff
1583336583:[SURF  ,0222]2020-03-04T15:43:03
1583336583:[SURF  ,0082]Latitude : N43deg40.944mn, Longitude :E007deg19.175mn
1583336583:[SURF  ,0223]fix2D,3satellites
1583336583:[SURF  ,0084]GPS fix GPGSA : hdop2.540,vdop1.000
1583336593:[SURF  ,0025]Iridium...
1583336713:[SURF  ,0009]connected in 120s, signal quality 5
1583336800:[SURF  ,0218]prompt received, remote cmd end
1583336800:[SURF  ,0012]15 cmd(s) received
1583336821:[UPLOAD,0248]Upload data files...
1583337438:[ZIO   ,0240]"NO CARRIER" received, aborting
1583337459:[SURF  ,0014]disconnected after 866s
1583337464:[SURFIN,0020]filling external bladder
1583337472:[PUMP  ,0016]pump during 300000ms
1583337493:[SURFIN,0019]external bladder full
1583337493:[SURF  ,0069]transfer interrupted , retry
1583337502:[SURF  ,0022]GPS fix...
1583337710:[SURF  ,0015]10 PPS detected...
1583337829:[MRMAID,0052]Mermaid $GPSACK:+0,+0,+0,+0,+0,+1,-999938;
1583337839:[MRMAID,0052]Mermaid $GPSOFF:3686321;
1583337840:[GPSFIX,0179]-1s diff
1583337841:[SURF  ,0222]2020-03-04T16:04:01
1583337841:[SURF  ,0082]Latitude : N43deg40.945mn, Longitude :E007deg19.176mn
1583337841:[SURF  ,0223]fix3D,2satellites
1583337841:[SURF  ,0084]GPS fix GPGSA : hdop2.400,vdop3.350
1583337851:[SURF  ,0025]Iridium...
1583337933:[SURF  ,0009]connected in 82s, signal quality 5
1583338011:[SURF  ,0218]prompt received, remote cmd end
1583338011:[SURF  ,0012]16 cmd(s) received
1583338033:[UPLOAD,0248]Upload data files...
1583338052:[UPLOAD,0231]"0051/5E5FC084.S41" uploaded at 99bytes/s
1583338258:[UPLOAD,0231]"0051/5E5FB8A0.MER" uploaded at 71bytes/s
1583338450:[SURF  ,0014]disconnected after 599s
1583338455:[SURFIN,0020]filling external bladder
1583338463:[PUMP  ,0016]pump during 300000ms
1583338475:[SURFIN,0019]external bladder full
1583338475:[SURF  ,0069]transfer interrupted , retry
1583338486:[SURF  ,0022]GPS fix...
1583338506:[SURF  ,0015]10 PPS detected...
1583338507:[MRMAID,0052]Mermaid $GPSACK:+0,+0,+0,+0,+0,+1,-999938;
1583338517:[MRMAID,0052]Mermaid $GPSOFF:3686321;
1583338519:[GPSFIX,0179]+0s diff
1583338519:[SURF  ,0222]2020-03-04T16:15:19
1583338519:[SURF  ,0082]Latitude : N43deg40.947mn, Longitude :E007deg19.171mn
1583338519:[SURF  ,0223]fix3D,2satellites
1583338519:[SURF  ,0084]GPS fix GPGSA : hdop2.920,vdop3.450
1583338529:[SURF  ,0025]Iridium...
1583338563:[SURF  ,0009]connected in 34s, signal quality 5
1583338635:[SURF  ,0218]prompt received, remote cmd end
1583338635:[SURF  ,0012]19 cmd(s) received
1583338655:[UPLOAD,0248]Upload data files...
1583338708:[UPLOAD,0231]"0051/5E5F9B56.BIN" uploaded at 91bytes/s
1583338830:[SURF  ,0014]disconnected after 301s
1583338835:[SURFIN,0020]filling external bladder
1583338843:[PUMP  ,0016]pump during 300000ms
1583338856:[SURFIN,0019]external bladder full
1583338856:[SURF  ,0069]transfer interrupted , retry
1583338868:[SURF  ,0022]GPS fix...
1583338888:[SURF  ,0015]10 PPS detected...
1583338889:[MRMAID,0052]Mermaid $GPSACK:+0,+0,+0,+0,+0,+1,-999969;
1583338899:[MRMAID,0052]Mermaid $GPSOFF:3686320;
1583338900:[GPSFIX,0179]-1s diff
1583338901:[SURF  ,0222]2020-03-04T16:21:41
1583338901:[SURF  ,0082]Latitude : N43deg40.944mn, Longitude :E007deg19.176mn
1583338901:[SURF  ,0223]fix3D,5satellites
1583338901:[SURF  ,0084]GPS fix GPGSA : hdop1.410,vdop1.390
1583338911:[SURF  ,0025]Iridium...
1583338943:[SURF  ,0009]connected in 32s, signal quality 5
1583339027:[SURF  ,0218]prompt received, remote cmd end
1583339027:[SURF  ,0012]19 cmd(s) received
1583339049:[UPLOAD,0248]Upload data files...
1583339082:[UPLOAD,0231]"0051/5E5FB8DD.BIN" uploaded at 109bytes/s
1583339096:[UPLOAD,0231]"0051/5E5FCAA8.MER" uploaded at 140bytes/s
1583339112:[MAIN  ,0013]2 file(s) uploaded
1583339144:[SURF  ,0014]disconnected after 233s
1583339149:[SURFIN,0020]filling external bladder
1583339157:[PUMP  ,0016]pump during 300000ms
1583339167:[SURFIN,0019]external bladder full
1583339167:[SURF  ,0227]1st complete transfer
1583339167:[SURF  ,0226]Go dive (Minimum surface delay expired and no more file to upload)
1583339180:[SURF  ,0022]GPS fix...
1583339200:[SURF  ,0015]10 PPS detected...
1583339201:[MRMAID,0052]Mermaid $GPSACK:+0,+0,+0,+0,+0,+0,-61;
1583339211:[MRMAID,0052]Mermaid $GPSOFF:3686320;
1583339213:[GPSFIX,0179]+0s diff
1583339213:[SURF  ,0222]2020-03-04T16:26:53
1583339213:[SURF  ,0082]Latitude : N43deg40.944mn, Longitude :E007deg19.177mn
1583339213:[SURF  ,0223]fix3D,6satellites
1583339213:[SURF  ,0084]GPS fix GPGSA : hdop0.990,vdop1.240
1583339230:[MAIN  ,0024]internal pressure 78367Pa
1583339231:[BYCMD ,0107]    FreeRTOS V8.2.3
1583339231:[BYCMD ,0108]    FatFS v11a
1583339231:[BYCMD ,0120]    bypass 10000ms 120000ms (20000ms 60000ms stored)
1583339231:[BYCMD ,0121]    valve 60000ms 12750 (60000ms 12750 stored)
1583339231:[BYCMD ,0122]    pump 60000ms 30% 10750 80% (60000ms 30% 10750 80% stored)
1583339231:[BYCMD ,0123]    rate 2mbar/s (2mbar/s stored)
1583339231:[BYCMD ,0124]    surface 500mbar (500mbar stored)
1583339231:[BYCMD ,0125]    near 500mbar 3mbar/s (15000mbar 3mbar/s stored)
1583339231:[BYCMD ,0126]    far 1500mbar 4mbar/s (25000mbar 4mbar/s stored)
1583339231:[BYCMD ,0127]    ascent 8mbar/s (8mbar/s stored)
1583339231:[BYCMD ,0128]    dead 60s (300s stored)
1583339231:[BYCMD ,0129]    coeff 16/10 (16/10 stored)
1583339231:[BYCMD ,0130]    stab 10 (10 stored)
1583339231:[BYCMD ,0131]    delay 900s 3600s (900s 3600s stored)
1583339231:[BYCMD ,0132]    mmtime 2880min (2880min stored)
1583339231:[BYCMD ,0133]    dv_landing 100ml (100ml stored)
1583339231:[MKDCMD,0150]    p2t37: 15x2000ms, offset 158mbar
1583339231:[P2TCMD,0151]    p2t37: dp 50mbar, dt 1000000mdegC
1583339232:[STAGE ,0080]Stage [0] 2500mbar (+/-500mbar) 900s (<900s) 
1583339232:[STAGE ,0080]Stage [1] 2500mbar (+/-500mbar) 3600s (<4500s) MERMAID
1583339232:[STAGE ,0080]Stage [2] 5000mbar (+/-500mbar) 900s (<5400s) 
1583339232:[STAGE ,0091]Stage [3] surfacing 3600s (<9000s) SBE41
1583339232:[SBE41 ,0282]SBE41 parameters : 
      dsreplyformat=1 (webb(0)/standard(1))
      addtimingdelays=0 (n(0)/y(1))
      outputdensity=0 (n(0)/y(1))
      echocmd=0 (n(0)/y(1))
      outputrt=0 (n(0)/y(1))
      outputpts=0 (n(0)/y(1))
      outputsn=0 (n(0)/y(1))
      outputpressure=1 (n(0)/y(1))
      pcutoff=5dbar
      tswait=0s
      pumpfastpt=1 (n(0)/y(1))
      samplerate=0 ('fast':1Hz(1)/'slow':0.5Hz(0))
      top_bin_interval=10dbar
      top_bin_size=10dbar
      top_bin_max=100dbar
      middle_bin_interval=50dbar
      middle_bin_size=50dbar
      middle_bin_max=1000dbar
      bottom_bin_interval=100dbar
      bottom_bin_size=100dbar
      includetransitionbin=0
      includenbin=0 (n(0)/y(1))
      autobinavg=0 (n(0)/y(1))
1583339232:[SBE41 ,0283]SBE41 pilot policy : 
      continiousprofile=0 (n(0)/y(1)
      speeddetection=1 (n(0)/y(1)
      hexoutput=1 (n(0)/y(1)
      binaverageoutput=0 (n(0)/y(1)
      manualprofilerate=10s
      runningpumpbeforeprofile=0s
      speedstart=2mbar/s
      speedcontrol=5mbar/s
1583339232:[MAIN  ,0070]turn off bluetooth
1583339235:[PRESS ,0038]P     +2mbar,T+14153mdegC
1583339259:[DIVING,0141]diving from 2mbar, +0mbar/s
1583339259:[BYPASS,0035]bypass opening 120000ms
1583339398:[PRESS ,0038]P    +62mbar,T+14077mdegC
1583339421:[BYPASS,0035]bypass opening 10000ms
1583339443:[PRESS ,0038]P   +162mbar,T+14060mdegC
1583339450:[PRESS ,0038]P   +222mbar,T+14057mdegC
1583339461:[PRESS ,0038]P   +282mbar,T+14052mdegC
1583339484:[PRESS ,0038]P   +342mbar,T+14047mdegC
1583339493:[PRESS ,0038]P   +402mbar,T+14045mdegC
1583339507:[PRESS ,0038]P   +462mbar,T+14041mdegC
1583339534:[BYPASS,0035]bypass opening 10000ms
1583339579:[PRESS ,0038]P   +532mbar,T+14034mdegC
1583339583:[DIVING,0028]512mbar reached (+2mbar/s), 3 bypass done
1583339583:[MAIN  ,0056]stage[0]
1583339585:[MAIN  ,0024]internal pressure 79841Pa
1583339586:[BUOY  ,0037]P   +512mbar
1583339586:[STAGE ,0080]Stage [0] 2500mbar (+/-500mbar) 900s (<1583340483s) 
1583339588:[BUOY  ,0087]from +1mbar/s to +4mbar/s
1583339588:[BUOY  ,0090]need to transfer -24mL (valve during 13909ms)
1583339588:[VALVE ,0034]valve opening 13909ms
1583339673:<WARN>[STAGE ,0140]The float reached the surface, unanticipated...
1583339673:[MAIN  ,0140]stage[0] complete 90s after mission start
1583339673:[MAIN  ,0056]stage[1]
1583339676:[MAIN  ,0024]internal pressure 79836Pa
1583339677:[MRMAID,0002]acq started
1583339687:[BUOY  ,0037]P   +492mbar
1583339687:[STAGE ,0080]Stage [1] 2500mbar (+/-500mbar) 3600s (<1583344083s) MERMAID
1583339689:<WARN>[STAGE ,0140]The float reached the surface, unanticipated...
1583339689:[MAIN  ,0140]stage[1] complete 106s after mission start
1583339730:[MRMAID,0003]acq stopped
1583339749:[MAIN  ,0056]stage[2]
1583339752:[MAIN  ,0024]internal pressure 79850Pa
1583339752:[BUOY  ,0037]P   +562mbar
1583339752:[STAGE ,0080]Stage [2] 5000mbar (+/-500mbar) 900s (<1583344983s) 
1583339754:<WARN>[BUOY  ,0094]stage[2] should DESCENT, stuck at 582mbar for the #1 time
1583339754:[BUOY  ,0087]from +0mbar/s to +4mbar/s
1583339754:[BUOY  ,0090]need to transfer -26mL (valve during 13813ms)
1583339754:[VALVE ,0034]valve opening 13813ms
1583339815:[PRESS ,0038]P  +1042mbar,T+14015mdegC
1583339822:[PRESS ,0038]P  +1102mbar,T+14015mdegC
1583339831:[PRESS ,0038]P  +1182mbar,T+14015mdegC
1583339840:[PRESS ,0038]P  +1262mbar,T+14014mdegC
1583339900:[PRESS ,0038]P  +1932mbar,T+14013mdegC
1583339908:[PRESS ,0038]P  +2002mbar,T+14013mdegC
1583339915:[PRESS ,0038]P  +2072mbar,T+14013mdegC
1583339986:[PRESS ,0038]P  +2612mbar,T+14014mdegC
1583339997:[PRESS ,0038]P  +2672mbar,T+14015mdegC
1583340004:[PRESS ,0038]P  +2732mbar,T+14015mdegC
1583340071:[PRESS ,0038]P  +3102mbar,T+14015mdegC
1583340080:[PRESS ,0038]P  +3162mbar,T+14015mdegC
1583340089:[PRESS ,0038]P  +3242mbar,T+14015mdegC
1583340157:[PRESS ,0038]P  +3692mbar,T+14017mdegC
1583340166:[PRESS ,0038]P  +3772mbar,T+14018mdegC
1583340178:[PRESS ,0038]P  +3832mbar,T+14018mdegC
1583340182:[BUOY  ,0087]from +6mbar/s to +3mbar/s
1583340182:[BUOY  ,0089]need to transfer +44mL (pump during 54121ms)
1583340190:[PUMP  ,0016]pump during 54121ms
1583340248:[PRESS ,0038]P  +4162mbar,T+14032mdegC
1583340258:[PRESS ,0038]P  +4222mbar,T+14039mdegC
1583340333:[PRESS ,0038]P  +4712mbar,T+14059mdegC
1583340342:[PRESS ,0038]P  +4772mbar,T+14061mdegC
1583340351:[PRESS ,0038]P  +4832mbar,T+14062mdegC
1583340356:[PRESS ,0038]P  +4892mbar,T+14062mdegC
1583340358:[STAGE ,0213]4912mbar reached at 1583340358s, ref 5000mbar +/-500mbar
1583340358:[BUOY  ,0087]from +8mbar/s to +0mbar/s
1583340358:[BUOY  ,0089]need to transfer +102mL (pump during 125461ms)
1583340366:[PUMP  ,0016]pump during 60000ms
1583340430:[PRESS ,0038]P  +5442mbar,T+14087mdegC
1583340439:[PRESS ,0038]P  +5502mbar,T+14095mdegC
1583340448:[PRESS ,0038]P  +5572mbar,T+14100mdegC
1583340455:[PRESS ,0038]P  +5632mbar,T+14104mdegC
1583340455:[BUOY  ,0087]from +8mbar/s to -3mbar/s
1583340455:[BUOY  ,0089]need to transfer +116mL (pump during 142681ms)
1583340463:[PUMP  ,0016]pump during 60000ms
1583340527:[PRESS ,0038]P  +6142mbar,T+14148mdegC
1583340543:[PRESS ,0038]P  +6202mbar,T+14163mdegC
1583340551:[BUOY  ,0087]from +5mbar/s to -3mbar/s
1583340552:[BUOY  ,0089]need to transfer +54mL (pump during 66421ms)
1583340560:[PUMP  ,0016]pump during 60000ms
1583340623:[PRESS ,0038]P  +6362mbar,T+14216mdegC
1583340648:<WARN>[BUOY  ,0094]stage[2] should ASCENT, stuck at 6392mbar for the #1 time
1583340648:[BUOY  ,0087]from +1mbar/s to -3mbar/s
1583340648:[BUOY  ,0089]need to transfer +16mL (pump during 19679ms)
1583340656:[PUMP  ,0016]pump during 19679ms
1583340712:[PRESS ,0038]P  +6462mbar,T+14268mdegC
1583340737:<WARN>[BUOY  ,0094]stage[2] should ASCENT, stuck at 6452mbar for the #2 time
1583340737:[BUOY  ,0087]from +0mbar/s to -3mbar/s
1583340737:[BUOY  ,0089]need to transfer +14mL (pump during 17219ms)
1583340745:[PUMP  ,0016]pump during 17219ms
1583340825:[BUOY  ,0087]from +2mbar/s to -3mbar/s
1583340825:[BUOY  ,0089]need to transfer +20mL (pump during 24598ms)
1583340834:[PUMP  ,0016]pump during 24598ms
1583340889:[PRESS ,0038]P  +6732mbar,T+14299mdegC
1583340905:[PRESS ,0038]P  +6792mbar,T+14302mdegC
1583340914:[BUOY  ,0087]from +4mbar/s to -4mbar/s
1583340914:[BUOY  ,0089]need to transfer +52mL (pump during 63961ms)
1583340922:[PUMP  ,0016]pump during 60000ms
1583340986:[PRESS ,0038]P  +6942mbar,T+14328mdegC
1583341011:<WARN>[BUOY  ,0094]stage[2] should ASCENT, stuck at 6952mbar for the #1 time
1583341011:[BUOY  ,0087]from +0mbar/s to -4mbar/s
1583341011:[BUOY  ,0089]need to transfer +26mL (pump during 31978ms)
1583341019:[PUMP  ,0016]pump during 31978ms
1583341099:[BUOY  ,0087]from -1mbar/s to -4mbar/s
1583341099:[BUOY  ,0089]need to transfer +24mL (pump during 29518ms)
1583341107:[PUMP  ,0016]pump during 29518ms
1583341163:[PRESS ,0038]P  +6862mbar,T+14390mdegC
1583341188:<WARN>[BUOY  ,0094]stage[2] should ASCENT, stuck at 6872mbar for the #2 time
1583341188:[BUOY  ,0087]from +0mbar/s to -4mbar/s
1583341188:[BUOY  ,0089]need to transfer +26mL (pump during 31978ms)
1583341196:[PUMP  ,0016]pump during 31978ms
1583341276:[MAIN  ,0140]stage[2] complete 1693s after mission start
1583341276:[MAIN  ,0056]stage[3]
1583341279:[MAIN  ,0024]internal pressure 79690Pa
1583341280:[BUOY  ,0037]P  +6842mbar
1583341280:[STAGE ,0091]Stage [3] surfacing 3600s (<1583348583s) SBE41
1583341281:<WARN>[BUOY  ,0094]stage[3] should ASCENT, stuck at 6842mbar for the #1 time
1583341281:[BUOY  ,0087]from +1mbar/s to -5mbar/s
1583341281:[BUOY  ,0089]need to transfer +42mL (pump during 51661ms)
1583341290:[PUMP  ,0016]pump during 51661ms
1583341347:[PRESS ,0038]P  +6802mbar,T+14423mdegC
1583341370:<WARN>[BUOY  ,0094]stage[3] should ASCENT, stuck at 6812mbar for the #2 time
1583341370:[BUOY  ,0087]from +0mbar/s to -5mbar/s
1583341370:[BUOY  ,0089]need to transfer +40mL (pump during 49200ms)
1583341378:[PUMP  ,0016]pump during 49200ms
1583341453:[PRESS ,0038]P  +6742mbar,T+14464mdegC
1583341459:[BUOY  ,0087]from -3mbar/s to -5mbar/s
1583341459:[BUOY  ,0089]need to transfer +26mL (pump during 31978ms)
1583341460:[SBE41 ,0337]Speed start detected
1583341467:[PUMP  ,0016]pump during 31978ms
1583341547:<WARN>[BUOY  ,0094]stage[3] should ASCENT, stuck at 6722mbar for the #1 time
1583341547:[BUOY  ,0087]from +0mbar/s to -5mbar/s
1583341547:[BUOY  ,0089]need to transfer +40mL (pump during 49200ms)
1583341555:[PUMP  ,0016]pump during 49200ms
1583341636:<WARN>[BUOY  ,0094]stage[3] should ASCENT, stuck at 6732mbar for the #2 time
1583341636:[BUOY  ,0087]from +1mbar/s to -5mbar/s
1583341636:[BUOY  ,0089]need to transfer +42mL (pump during 52632ms)
1583341644:[PUMP  ,0016]pump during 52632ms
1583341720:[PRESS ,0038]P  +6682mbar,T+14525mdegC
1583341725:[BUOY  ,0087]from -3mbar/s to -5mbar/s
1583341725:[BUOY  ,0089]need to transfer +26mL (pump during 32588ms)
1583341733:[PUMP  ,0016]pump during 32588ms
1583341789:[PRESS ,0038]P  +6282mbar,T+14538mdegC
1583341805:[PRESS ,0038]P  +6222mbar,T+14538mdegC
1583341880:[PRESS ,0038]P  +6162mbar,T+14511mdegC
1583341899:[BUOY  ,0087]from -1mbar/s to -5mbar/s
1583341899:[BUOY  ,0089]need to transfer +38mL (pump during 47619ms)
1583341907:[PUMP  ,0016]pump during 47619ms
1583341988:<WARN>[BUOY  ,0094]stage[3] should ASCENT, stuck at 6122mbar for the #1 time
1583341988:[BUOY  ,0087]from +0mbar/s to -5mbar/s
1583341988:[BUOY  ,0089]need to transfer +40mL (pump during 50125ms)
1583341996:[PUMP  ,0016]pump during 50125ms
1583342066:[PRESS ,0038]P  +6092mbar,T+14525mdegC
1583342075:[PRESS ,0038]P  +6012mbar,T+14526mdegC
1583342076:[BUOY  ,0087]from -6mbar/s to -5mbar/s
1583342076:[BUOY  ,0090]need to transfer -18mL (valve during 2981ms)
1583342077:[VALVE ,0034]valve opening 2981ms
1583342137:[PRESS ,0038]P  +5782mbar,T+14508mdegC
1583342148:[PRESS ,0038]P  +5722mbar,T+14504mdegC
1583342157:[PRESS ,0038]P  +5662mbar,T+14499mdegC
1583342162:[BUOY  ,0087]from -6mbar/s to -5mbar/s
1583342162:[BUOY  ,0090]need to transfer -18mL (valve during 3101ms)
1583342162:[VALVE ,0034]valve opening 3101ms
1583342223:[PRESS ,0038]P  +5322mbar,T+14460mdegC
1583342237:[PRESS ,0038]P  +5262mbar,T+14454mdegC
1583342308:[PRESS ,0038]P  +4922mbar,T+14418mdegC
1583342317:[PRESS ,0038]P  +4852mbar,T+14414mdegC
1583342324:[PRESS ,0038]P  +4792mbar,T+14410mdegC
1583342333:[PRESS ,0038]P  +4732mbar,T+14407mdegC
1583342333:[BUOY  ,0087]from -8mbar/s to -5mbar/s
1583342333:[BUOY  ,0090]need to transfer -62mL (valve during 11625ms)
1583342333:[VALVE ,0034]valve opening 11625ms
1583342394:[PRESS ,0038]P  +4312mbar,T+14369mdegC
1583342401:[PRESS ,0038]P  +4252mbar,T+14366mdegC
1583342410:[PRESS ,0038]P  +4192mbar,T+14362mdegC
1583342419:[BUOY  ,0087]from -6mbar/s to -5mbar/s
1583342419:[BUOY  ,0090]need to transfer -18mL (valve during 3586ms)
1583342419:[VALVE ,0034]valve opening 3586ms
1583342480:[PRESS ,0038]P  +3792mbar,T+14327mdegC
1583342485:[PRESS ,0038]P  +3732mbar,T+14325mdegC
1583342494:[PRESS ,0038]P  +3662mbar,T+14321mdegC
1583342501:[PRESS ,0038]P  +3602mbar,T+14318mdegC
1583342504:[BUOY  ,0087]from -8mbar/s to -5mbar/s
1583342504:[BUOY  ,0090]need to transfer -62mL (valve during 13398ms)
1583342504:[VALVE ,0034]valve opening 13398ms
1583342565:[PRESS ,0038]P  +3332mbar,T+14283mdegC
1583342590:[BUOY  ,0087]from -1mbar/s to -5mbar/s
1583342590:[BUOY  ,0089]need to transfer +38mL (pump during 47264ms)
1583342598:[PUMP  ,0016]pump during 47264ms
1583342654:[PRESS ,0038]P  +3072mbar,T+14265mdegC
1583342661:[PRESS ,0038]P  +3012mbar,T+14268mdegC
1583342670:[PRESS ,0038]P  +2952mbar,T+14269mdegC
1583342679:[PRESS ,0038]P  +2892mbar,T+14269mdegC
1583342679:[BUOY  ,0087]from -7mbar/s to -5mbar/s
1583342679:[BUOY  ,0090]need to transfer -38mL (valve during 9142ms)
1583342679:[VALVE ,0034]valve opening 9142ms
1583342739:[PRESS ,0038]P  +2742mbar,T+14256mdegC
1583342764:[BUOY  ,0087]from -2mbar/s to -5mbar/s
1583342764:[BUOY  ,0089]need to transfer +34mL (pump during 42302ms)
1583342772:[PUMP  ,0016]pump during 42302ms
1583342828:[PRESS ,0038]P  +2602mbar,T+14246mdegC
1583342844:[PRESS ,0038]P  +2542mbar,T+14249mdegC
1583342853:[PRESS ,0038]P  +2482mbar,T+14250mdegC
1583342914:[PRESS ,0038]P  +2252mbar,T+14243mdegC
1583342921:[PRESS ,0038]P  +2192mbar,T+14242mdegC
1583342931:[PRESS ,0038]P  +2132mbar,T+14240mdegC
1583342938:[BUOY  ,0087]from -6mbar/s to -5mbar/s
1583342938:[BUOY  ,0090]need to transfer -18mL (valve during 5100ms)
1583342938:[VALVE ,0034]valve opening 5100ms
1583342999:[PRESS ,0038]P  +1852mbar,T+14221mdegC
1583343013:[PRESS ,0038]P  +1792mbar,T+14217mdegC
1583343024:[PRESS ,0038]P  +1722mbar,T+14215mdegC
1583343085:[PRESS ,0038]P  +1362mbar,T+14202mdegC
1583343106:[PRESS ,0038]P  +1302mbar,T+14197mdegC
1583343109:[BUOY  ,0087]from -2mbar/s to -5mbar/s
1583343109:[BUOY  ,0089]need to transfer +34mL (pump during 42302ms)
1583343118:[PUMP  ,0016]pump during 42302ms
1583343173:[PRESS ,0038]P  +1202mbar,T+14204mdegC
1583343186:[PRESS ,0038]P  +1132mbar,T+14208mdegC
1583343198:[PRESS ,0038]P  +1072mbar,T+14211mdegC
1583343259:[PRESS ,0038]P   +702mbar,T+14211mdegC
1583343280:[PRESS ,0038]P   +642mbar,T+14208mdegC
1583343284:[BUOY  ,0087]from -3mbar/s to -5mbar/s
1583343284:[BUOY  ,0089]need to transfer +26mL (pump during 32348ms)
1583343292:[PUMP  ,0016]pump during 32348ms
1583343347:[PRESS ,0038]P   +342mbar,T+14216mdegC
1583343372:[STAGE ,0214]332mbar (500) reached at 1583343372s, ascending from 6842mbar
1583343372:[STAGE ,0342]The float reached the surface : OK
1583343372:[MAIN  ,0140]stage[3] complete 3789s after mission start
1583343378:[SBE41 ,0343]SBE41 dump : 931 stored samples in hexa format
1583343412:[SBE41 ,0338]Dump finished
1583343412:[SBE41 ,0318]8379 bytes in 0051/5E5FDEDF.S41
1583343412:[MRMAID,0188]acq already stopped
1583343473:[MSSION,0192]mission stopped, 4 stage(s) done
1583343473:[MAIN  ,0065]surfacing
1583343474:[SURFIN,0036]P   +352mbar
1583343478:[SURFIN,0020]filling external bladder
1583343486:[PUMP  ,0016]pump during 300000ms
1583343610:[SURFIN,0019]external bladder full
1583343612:[PRESS ,0038]P   +180mbar,T+14390mdegC
1583343671:[MAIN  ,0272]Vbat 14754mV (min 14402mV)
1583343674:[MAIN  ,0024]internal pressure 78450Pa
1583343674:[MAIN  ,0043]Pext 177mbar (rng 10mbar)
1583343674:[MAIN  ,0064]surface
1583343684:[SURF  ,0022]GPS fix...
1583343705:[SURF  ,0015]10 PPS detected...
1583343706:[MRMAID,0052]Mermaid $GPSACK:+0,+0,+0,+0,+0,+0,-1342;
1583343716:[MRMAID,0052]Mermaid $GPSOFF:3686321;
1583343717:[GPSFIX,0179]-1s diff
1583343718:[SURF  ,0222]2020-03-04T17:41:58
1583343718:[SURF  ,0082]Latitude : N43deg40.943mn, Longitude :E007deg19.175mn
1583343718:[SURF  ,0223]fix3D,4satellites
1583343718:[SURF  ,0084]GPS fix GPGSA : hdop1.880,vdop2.770
1583343728:[SURF  ,0274]last almanac : 2279169
1583343741:[MRMAID,0026]1688 bytes in 0051/5E5FE875.MER
1583343747:[MAIN  ,0320]New pressure offset: 177mbar
