1590321416:[MAIN  ,0007]buoy 452.020-P-0051
1590321416:[MAIN  ,0055]soft pilotage 452.012.300_V2.18-20200518
1590321416:[MAIN  ,0010]cycle 22
1590321416:[SURF  ,0225]surface2
1590321430:[SURF  ,0022]GPS fix...
1590321450:[SURF  ,0015]10 PPS detected...
1590321451:[MRMAID,0052]Mermaid $GPSACK:+0,+0,+0,+0,+0,+0,+0;
1590321461:[MRMAID,0052]Mermaid $GPSOFF:3686321;
1590321461:[GPSFIX,0179]-1s diff
1590321462:[SURF  ,0222]2020-05-24T11:57:42
1590321462:[SURF  ,0082]Latitude : N43deg40.942mn, Longitude :E007deg19.172mn
1590321462:[SURF  ,0223]fix3D,7satellites
1590321462:[SURF  ,0084]GPS fix GPGSA : hdop1.240,vdop2.140
1590321472:[SURF  ,0025]Iridium...
1590321483:[SBE41 ,0339]newoffset=-0.39db received after -57s
1590321715:<WARN>[SURF  ,0023]failed to connect #1, code -8, net 1, qual 4, dial 1
1590321940:<WARN>[SURF  ,0023]failed to connect #2, code -8, net 1, qual 2, dial 1
1590322203:<WARN>[SURF  ,0023]failed to connect #3, code -8, net 1, qual 5, dial 1
1590322458:<WARN>[SURF  ,0023]failed to connect #4, code -8, net 1, qual 4, dial 1
1590322565:[SURF  ,0009]connected in 1093s, signal quality 5
1590322652:[SURF  ,0218]prompt received, remote cmd end
1590322652:[SURF  ,0012]17 cmd(s) received
1590322676:[UPLOAD,0248]Upload data files...
1590322881:[UPLOAD,0231]"0051/5ECA5952.S41" uploaded at 74bytes/s
1590322914:[UPLOAD,0231]"0051/5ECA60FA.MER" uploaded at 50bytes/s
1590323077:[UPLOAD,0231]"0051/5EC9B38D.BIN" uploaded at 59bytes/s
1590323143:[ZIO   ,0236]5 consecutive CAN received, aborting
1590323158:[SURF  ,0014]disconnected after 1686s
1590323163:[SURFIN,0020]filling external bladder
1590323171:[PUMP  ,0207]battery 14820mV,   27694uA (warmup), P   +200mbar
1590323171:[PUMP  ,0016]pump during 300000ms
1590323183:[PUMP  ,0212]battery 14196mV, 1300642uA (steady state), P   +200mbar
1590323185:[SURFIN,0019]external bladder full
1590323185:[SURF  ,0319]transfer interrupted
1590323198:[SURF  ,0022]GPS fix...
1590323218:[SURF  ,0015]10 PPS detected...
1590323219:[MRMAID,0052]Mermaid $GPSACK:+0,+0,+0,+0,+1,-59,-999542;
1590323229:[MRMAID,0052]Mermaid $GPSOFF:3686319;
1590323230:[GPSFIX,0179]-1s diff
1590323231:[SURF  ,0222]2020-05-24T12:27:11
1590323231:[SURF  ,0082]Latitude : N43deg40.941mn, Longitude :E007deg19.174mn
1590323231:[SURF  ,0223]fix3D,8satellites
1590323231:[SURF  ,0084]GPS fix GPGSA : hdop0.890,vdop1.110
1590323248:[MAIN  ,0024]internal pressure 79645Pa
1590323249:[BYCMD ,0107]    FreeRTOS V8.2.3
1590323249:[BYCMD ,0108]    FatFS v11a
1590323249:[BYCMD ,0120]    bypass 10000ms 60000ms (20000ms 60000ms stored)
1590323249:[BYCMD ,0121]    valve 60000ms 12750 (60000ms 12750 stored)
1590323249:[BYCMD ,0122]    pump 60000ms 30% 10750 80% (60000ms 30% 10750 80% stored)
1590323249:[BYCMD ,0123]    rate 2mbar/s (2mbar/s stored)
1590323249:[BYCMD ,0124]    surface 500mbar (500mbar stored)
1590323249:[BYCMD ,0125]    near 500mbar 3mbar/s (15000mbar 3mbar/s stored)
1590323249:[BYCMD ,0126]    far 1500mbar 4mbar/s (25000mbar 4mbar/s stored)
1590323249:[BYCMD ,0127]    ascent 8mbar/s (8mbar/s stored)
1590323249:[BYCMD ,0128]    dead 60s (300s stored)
1590323249:[BYCMD ,0129]    coeff 16/10 (16/10 stored)
1590323249:[BYCMD ,0130]    stab 10 (10 stored)
1590323249:[BYCMD ,0131]    delay 900s 3600s (900s 3600s stored)
1590323249:[BYCMD ,0132]    mmtime 2880min (2880min stored)
1590323249:[BYCMD ,0133]    dv_landing 100ml (100ml stored)
1590323249:[MKDCMD,0150]    p2t37: 15x2000ms, offset 192mbar
1590323249:[P2TCMD,0151]    p2t37: dp 50mbar, dt 1000000mdegC
1590323250:[STAGE ,0080]Stage [0] 5000mbar (+/-500mbar) 1800s (<1800s) 
1590323250:[STAGE ,0080]Stage [1] 5000mbar (+/-500mbar) 3600s (<5400s) MERMAID
1590323250:[STAGE ,0091]Stage [2] surfacing 3600s (<9000s) SBE41
1590323250:[SBE41 ,0282]SBE41 parameters : 
      dsreplyformat=1 (webb(0)/standard(1))
      addtimingdelays=0 (n(0)/y(1))
      outputdensity=0 (n(0)/y(1))
      echocmd=0 (n(0)/y(1))
      outputrt=0 (n(0)/y(1))
      outputpts=0 (n(0)/y(1))
      outputsn=0 (n(0)/y(1))
      outputpressure=1 (n(0)/y(1))
      pcutoff=2dbar
      tswait=0s
      pumpfastpt=1 (n(0)/y(1))
      samplerate=1 ('fast':1Hz(1)/'slow':0.5Hz(0))
      top_bin_interval=10dbar
      top_bin_size=10dbar
      top_bin_max=100dbar
      middle_bin_interval=50dbar
      middle_bin_size=50dbar
      middle_bin_max=1000dbar
      bottom_bin_interval=100dbar
      bottom_bin_size=100dbar
      includetransitionbin=0
      includenbin=0 (n(0)/y(1))
      autobinavg=0 (n(0)/y(1))
1590323250:[SBE41 ,0283]SBE41 pilot policy : 
      continiousprofile=0 (n(0)/y(1)
      speeddetection=1 (n(0)/y(1)
      hexoutput=1 (n(0)/y(1)
      binaverageoutput=0 (n(0)/y(1)
      manualprofilerate=10s
      runningpumpbeforeprofile=0s
      speedstart=2mbar/s
      speedcontrol=5mbar/s
1590323250:[MAIN  ,0070]turn off bluetooth
1590323253:[PRESS ,0038]P    -12mbar,T+20472mdegC
1590323277:[DIVING,0141]diving from -2mbar, +0mbar/s
1590323277:[BYPASS,0035]bypass opening 60000ms
1590323282:[BYPASS,0104]battery 14503mV,  304878uA (bypass opening), P     -2mbar
1590323347:[BYPASS,0106]battery 14458mV,  399184uA (bypass closing), P     -2mbar
1590323353:[PRESS ,0038]P    +48mbar,T+20581mdegC
1590323362:[PRESS ,0038]P   +118mbar,T+20585mdegC
1590323372:[PRESS ,0038]P   +178mbar,T+20600mdegC
1590323385:[PRESS ,0038]P   +248mbar,T+20605mdegC
1590323396:[PRESS ,0038]P   +308mbar,T+20612mdegC
1590323404:[PRESS ,0038]P   +368mbar,T+20617mdegC
1590323413:[PRESS ,0038]P   +428mbar,T+20626mdegC
1590323424:[PRESS ,0038]P   +498mbar,T+20631mdegC
1590323428:[DIVING,0028]538mbar reached (+7mbar/s), 1 bypass done
1590323429:[MAIN  ,0056]stage[0]
1590323431:[MAIN  ,0024]internal pressure 80390Pa
1590323432:[PRESS ,0038]P   +558mbar,T+20637mdegC
1590323432:[BUOY  ,0037]P   +558mbar
1590323432:[STAGE ,0080]Stage [0] 5000mbar (+/-500mbar) 1800s (<1590325228s) 
1590323495:[PRESS ,0038]P   +978mbar,T+20631mdegC
1590323502:[PRESS ,0038]P  +1038mbar,T+20633mdegC
1590323511:[PRESS ,0038]P  +1098mbar,T+20627mdegC
1590323519:[PRESS ,0038]P  +1168mbar,T+20620mdegC
1590323580:[PRESS ,0038]P  +1628mbar,T+20551mdegC
1590323587:[PRESS ,0038]P  +1688mbar,T+20538mdegC
1590323594:[PRESS ,0038]P  +1748mbar,T+20525mdegC
1590323601:[PRESS ,0038]P  +1808mbar,T+20513mdegC
1590323666:[PRESS ,0038]P  +2258mbar,T+20363mdegC
1590323673:[PRESS ,0038]P  +2318mbar,T+20345mdegC
1590323682:[PRESS ,0038]P  +2378mbar,T+20320mdegC
1590323751:[PRESS ,0038]P  +2838mbar,T+20108mdegC
1590323762:[PRESS ,0038]P  +2898mbar,T+20073mdegC
1590323771:[PRESS ,0038]P  +2958mbar,T+20043mdegC
1590323837:[PRESS ,0038]P  +3418mbar,T+19805mdegC
1590323847:[PRESS ,0038]P  +3478mbar,T+19765mdegC
1590323858:[PRESS ,0038]P  +3538mbar,T+19723mdegC
1590323861:[BUOY  ,0087]from +5mbar/s to +3mbar/s
1590323861:[BUOY  ,0089]need to transfer +26mL (pump during 31831ms)
1590323870:[PUMP  ,0207]battery 15081mV,   36234uA (warmup), P  +3548mbar
1590323870:[PUMP  ,0016]pump during 31831ms
1590323901:[PUMP  ,0212]battery 14441mV,  468846uA (steady state), P  +3548mbar
1590323925:[PRESS ,0038]P  +3638mbar,T+19485mdegC
1590323950:<WARN>[BUOY  ,0094]stage[0] should DESCENT, stuck at 3638mbar for the #1 time
1590323950:[BUOY  ,0087]from +0mbar/s to +3mbar/s
1590323950:[BUOY  ,0090]need to transfer -14mL (valve during 2975ms)
1590323950:[VALVE ,0034]valve opening 2975ms
1590323953:[VALVE ,0234]battery 14415mV,  631960uA, P  +3638mbar
1590324036:<WARN>[BUOY  ,0094]stage[0] should DESCENT, stuck at 3628mbar for the #2 time
1590324036:[BUOY  ,0087]from +0mbar/s to +3mbar/s
1590324036:[BUOY  ,0090]need to transfer -14mL (valve during 2975ms)
1590324036:[VALVE ,0034]valve opening 2975ms
1590324039:[VALVE ,0234]battery 14327mV,  626592uA, P  +3628mbar
1590324121:<WARN>[BUOY  ,0094]stage[0] should DESCENT, stuck at 3638mbar for the #3 time
1590324121:[BUOY  ,0087]from +0mbar/s to +3mbar/s
1590324122:[BUOY  ,0090]need to transfer -14mL (valve during 2975ms)
1590324122:[VALVE ,0034]valve opening 2975ms
1590324125:[VALVE ,0234]battery 14327mV,  626470uA, P  +3638mbar
1590324207:<WARN>[BUOY  ,0094]stage[0] should DESCENT, stuck at 3648mbar for the #4 time
1590324207:[BUOY  ,0087]from -1mbar/s to +3mbar/s
1590324207:[BUOY  ,0090]need to transfer -16mL (valve during 3400ms)
1590324207:[VALVE ,0034]valve opening 3400ms
1590324211:[VALVE ,0234]battery 14332mV,  626470uA, P  +3648mbar
1590324268:[PRESS ,0038]P  +3708mbar,T+18300mdegC
1590324293:<WARN>[BUOY  ,0094]stage[0] should DESCENT, stuck at 3708mbar for the #5 time
1590324293:[BUOY  ,0087]from -1mbar/s to +3mbar/s
1590324293:[BUOY  ,0090]need to transfer -16mL (valve during 3400ms)
1590324293:[VALVE ,0034]valve opening 3400ms
1590324296:[VALVE ,0234]battery 14341mV,  626470uA, P  +3708mbar
1590324362:[PRESS ,0038]P  +3768mbar,T+18071mdegC
1590324439:[PRESS ,0038]P  +3938mbar,T+17905mdegC
1590324524:[PRESS ,0038]P  +4028mbar,T+17732mdegC
1590324549:[BUOY  ,0087]from +1mbar/s to +3mbar/s
1590324549:[BUOY  ,0090]need to transfer -12mL (valve during 2429ms)
1590324549:[VALVE ,0034]valve opening 2429ms
1590324552:[VALVE ,0234]battery 14280mV,  626836uA, P  +4058mbar
1590324610:[PRESS ,0038]P  +4108mbar,T+17578mdegC
1590324635:[BUOY  ,0087]from +1mbar/s to +3mbar/s
1590324635:[BUOY  ,0090]need to transfer -12mL (valve during 2391ms)
1590324635:[VALVE ,0034]valve opening 2391ms
1590324637:[VALVE ,0234]battery 14340mV,  630130uA, P  +4108mbar
1590324720:<WARN>[BUOY  ,0094]stage[0] should DESCENT, stuck at 4138mbar for the #1 time
1590324720:[BUOY  ,0087]from +0mbar/s to +3mbar/s
1590324720:[BUOY  ,0090]need to transfer -14mL (valve during 2789ms)
1590324720:[VALVE ,0034]valve opening 2789ms
1590324723:[VALVE ,0234]battery 14352mV,  630008uA, P  +4138mbar
1590324806:<WARN>[BUOY  ,0094]stage[0] should DESCENT, stuck at 4138mbar for the #2 time
1590324806:[BUOY  ,0087]from +0mbar/s to +3mbar/s
1590324806:[BUOY  ,0090]need to transfer -14mL (valve during 2789ms)
1590324806:[VALVE ,0034]valve opening 2789ms
1590324809:[VALVE ,0234]battery 14361mV,  629764uA, P  +4138mbar
1590324867:[PRESS ,0038]P  +4168mbar,T+17199mdegC
1590324892:[BUOY  ,0087]from +1mbar/s to +3mbar/s
1590324892:[BUOY  ,0090]need to transfer -12mL (valve during 2391ms)
1590324892:[VALVE ,0034]valve opening 2391ms
1590324894:[VALVE ,0234]battery 14365mV,  629642uA, P  +4188mbar
1590324977:<WARN>[BUOY  ,0094]stage[0] should DESCENT, stuck at 4218mbar for the #3 time
1590324977:[BUOY  ,0087]from +0mbar/s to +3mbar/s
1590324977:[BUOY  ,0090]need to transfer -14mL (valve during 2789ms)
1590324977:[VALVE ,0034]valve opening 2789ms
1590324980:[VALVE ,0234]battery 14366mV,  629764uA, P  +4218mbar
1590325038:[PRESS ,0038]P  +4248mbar,T+17000mdegC
1590325063:[BUOY  ,0087]from +1mbar/s to +3mbar/s
1590325063:[BUOY  ,0090]need to transfer -12mL (valve during 2354ms)
1590325063:[VALVE ,0034]valve opening 2354ms
1590325065:[VALVE ,0234]battery 14372mV,  629764uA, P  +4268mbar
1590325148:<WARN>[BUOY  ,0094]stage[0] should DESCENT, stuck at 4258mbar for the #4 time
1590325148:[BUOY  ,0087]from +0mbar/s to +3mbar/s
1590325148:[BUOY  ,0090]need to transfer -14mL (valve during 2746ms)
1590325148:[VALVE ,0034]valve opening 2746ms
1590325151:[VALVE ,0234]battery 14371mV,  630008uA, P  +4258mbar
1590325234:[MAIN  ,0140]stage[0] complete 1806s after mission start
1590325234:[MAIN  ,0056]stage[1]
1590325236:[MAIN  ,0024]internal pressure 80077Pa
1590325237:[MRMAID,0002]acq started
1590325248:[BUOY  ,0037]P  +4278mbar
1590325248:[STAGE ,0080]Stage [1] 5000mbar (+/-500mbar) 3600s (<1590328828s) MERMAID
1590325249:<WARN>[BUOY  ,0094]stage[1] should DESCENT, stuck at 4278mbar for the #1 time
1590325249:[BUOY  ,0087]from +0mbar/s to +3mbar/s
1590325249:[BUOY  ,0090]need to transfer -14mL (valve during 2746ms)
1590325250:[VALVE ,0034]valve opening 2746ms
1590325253:[VALVE ,0234]battery 14365mV,  630618uA, P  +4278mbar
1590325263:[MRMAID,0184]acq already started
1590325291:[MRMAID,0059]stop canceled
1590325345:<WARN>[BUOY  ,0094]stage[1] should DESCENT, stuck at 4288mbar for the #2 time
1590325345:[BUOY  ,0087]from +0mbar/s to +3mbar/s
1590325346:[BUOY  ,0090]need to transfer -14mL (valve during 2746ms)
1590325346:[MRMAID,0052]Mermaid $STOPAC
1590325346:[VALVE ,0034]valve opening 2746ms
1590325347:[MRMAID,0183]dropping spurious '0x4B'
1590325347:[MRMAID,0183]dropping spurious '0x3A'
1590325347:[MRMAID,0183]dropping spurious '0x2B'
1590325347:[MRMAID,0183]dropping spurious '0x31'
1590325347:[MRMAID,0183]dropping spurious '0x3B'
1590325347:[MRMAID,0185]5 spurious byte(s) received
1590325349:[VALVE ,0234]battery 14366mV,  640500uA, P  +4288mbar
1590325350:[MRMAID,0002]acq started
1590325416:[PRESS ,0038]P  +4318mbar,T+16686mdegC
1590325526:<WARN>[BUOY  ,0094]stage[1] should DESCENT, stuck at 4328mbar for the #1 time
1590325526:[BUOY  ,0087]from +0mbar/s to +3mbar/s
1590325526:[BUOY  ,0090]need to transfer -14mL (valve during 2746ms)
1590325527:[MRMAID,0003]acq stopped
1590325527:[VALVE ,0034]valve opening 2746ms
1590325530:[VALVE ,0234]battery 14332mV,  641598uA, P  +4328mbar
1590325531:[MRMAID,0002]acq started
1590325622:<WARN>[BUOY  ,0094]stage[1] should DESCENT, stuck at 4348mbar for the #2 time
1590325622:[BUOY  ,0087]from +0mbar/s to +3mbar/s
1590325622:[BUOY  ,0090]need to transfer -14mL (valve during 2746ms)
1590325622:[MRMAID,0003]acq stopped
1590325623:[VALVE ,0034]valve opening 2746ms
1590325625:[VALVE ,0234]battery 14371mV,  642574uA, P  +4348mbar
1590325627:[MRMAID,0002]acq started
1590325718:<WARN>[BUOY  ,0094]stage[1] should DESCENT, stuck at 4358mbar for the #3 time
1590325718:[BUOY  ,0087]from +0mbar/s to +3mbar/s
1590325718:[BUOY  ,0090]need to transfer -14mL (valve during 2705ms)
1590325718:[MRMAID,0003]acq stopped
1590325718:[VALVE ,0034]valve opening 2705ms
1590325721:[VALVE ,0234]battery 14376mV,  642208uA, P  +4358mbar
1590325722:[MRMAID,0002]acq started
1590325788:[PRESS ,0038]P  +4378mbar,T+16440mdegC
1590325813:<WARN>[BUOY  ,0094]stage[1] should DESCENT, stuck at 4368mbar for the #4 time
1590325813:[BUOY  ,0087]from +0mbar/s to +3mbar/s
1590325813:[BUOY  ,0090]need to transfer -14mL (valve during 2705ms)
1590325813:[MRMAID,0003]acq stopped
1590325814:[VALVE ,0034]valve opening 2705ms
1590325817:[VALVE ,0234]battery 14378mV,  642086uA, P  +4368mbar
1590325818:[MRMAID,0002]acq started
1590325909:<WARN>[BUOY  ,0094]stage[1] should DESCENT, stuck at 4408mbar for the #5 time
1590325909:[BUOY  ,0087]from +0mbar/s to +3mbar/s
1590325909:[BUOY  ,0090]need to transfer -14mL (valve during 2705ms)
1590325909:[MRMAID,0003]acq stopped
1590325909:[VALVE ,0034]valve opening 2705ms
1590325912:[VALVE ,0234]battery 14380mV,  642208uA, P  +4408mbar
1590325913:[MRMAID,0002]acq started
1590325980:[PRESS ,0038]P  +4468mbar,T+16342mdegC
1590326004:<WARN>[BUOY  ,0094]stage[1] should DESCENT, stuck at 4458mbar for the #6 time
1590326004:[BUOY  ,0087]from -1mbar/s to +3mbar/s
1590326004:[BUOY  ,0090]need to transfer -16mL (valve during 3091ms)
1590326005:[VALVE ,0034]valve opening 3091ms
1590326006:[MRMAID,0003]acq stopped
1590326008:[VALVE ,0234]battery 14381mV,  642208uA, P  +4458mbar
1590326009:[MRMAID,0002]acq started
1590326100:<WARN>[BUOY  ,0094]stage[1] should DESCENT, stuck at 4478mbar for the #7 time
1590326100:[BUOY  ,0087]from +0mbar/s to +3mbar/s
1590326100:[BUOY  ,0090]need to transfer -14mL (valve during 2705ms)
1590326100:[MRMAID,0003]acq stopped
1590326101:[VALVE ,0034]valve opening 2705ms
1590326103:[VALVE ,0234]battery 14385mV,  642086uA, P  +4478mbar
1590326105:[MRMAID,0002]acq started
1590326171:[PRESS ,0038]P  +4538mbar,T+16261mdegC
1590326196:[PRESS ,0038]P  +4598mbar,T+16250mdegC
1590326196:[STAGE ,0213]4598mbar reached at 1590326196s, ref 5000mbar +/-500mbar
1590326256:[PRESS ,0038]P  +4778mbar,T+16221mdegC
1590326256:[BUOY  ,0087]from +3mbar/s to +0mbar/s
1590326256:[BUOY  ,0089]need to transfer +14mL (pump during 17002ms)
1590326256:[MRMAID,0003]acq stopped
1590326265:[PUMP  ,0207]battery 15203mV,   35746uA (warmup), P  +4778mbar
1590326265:[PUMP  ,0016]pump during 17002ms
1590326281:[PUMP  ,0212]battery 14615mV,  467382uA (steady state), P  +4778mbar
1590326285:[MRMAID,0002]acq started
1590326330:[PRESS ,0038]P  +5168mbar,T+16208mdegC
1590326339:[PRESS ,0038]P  +5238mbar,T+16205mdegC
1590326348:[PRESS ,0038]P  +5308mbar,T+16202mdegC
1590326355:[BUOY  ,0087]from +8mbar/s to +0mbar/s
1590326355:[BUOY  ,0089]need to transfer +102mL (pump during 123937ms)
1590326355:[MRMAID,0003]acq stopped
1590326364:[PUMP  ,0207]battery 15192mV,   34282uA (warmup), P  +5358mbar
1590326364:[PUMP  ,0016]pump during 60000ms
1590326423:[PUMP  ,0212]battery 14616mV,  490440uA (steady state), P  +5358mbar
1590326427:[MRMAID,0002]acq started
1590326438:[PRESS ,0038]P  +6158mbar,T+16192mdegC
1590326444:[PRESS ,0038]P  +6238mbar,T+16193mdegC
1590326449:[PRESS ,0038]P  +6298mbar,T+16192mdegC
1590326454:[PRESS ,0038]P  +6368mbar,T+16191mdegC
1590326460:[PRESS ,0038]P  +6438mbar,T+16188mdegC
1590326463:<WARN>[BUOY  ,0094]stage[1] should ASCENT, stuck at 6478mbar for the #8 time
1590326463:[BUOY  ,0087]from +13mbar/s to -3mbar/s
1590326463:[BUOY  ,0089]need to transfer +284mL (pump during 345079ms)
1590326472:[PUMP  ,0207]battery 15106mV,   31720uA (warmup), P  +6478mbar
1590326472:[PUMP  ,0016]pump during 60000ms
1590326480:[MRMAID,0003]acq stopped
1590326531:[PUMP  ,0212]battery 14611mV,  493612uA (steady state), P  +6478mbar
1590326535:[MRMAID,0002]acq started
1590326546:[PRESS ,0038]P  +7268mbar,T+16149mdegC
1590326571:<WARN>[BUOY  ,0094]stage[1] should ASCENT, stuck at 7298mbar for the #9 time
1590326571:[BUOY  ,0087]from +2mbar/s to -4mbar/s
1590326571:[BUOY  ,0089]need to transfer +32mL (pump during 38861ms)
1590326580:[PUMP  ,0207]battery 15023mV,   31354uA (warmup), P  +7298mbar
1590326580:[PUMP  ,0016]pump during 38861ms
1590326588:[MRMAID,0003]acq stopped
1590326618:[PUMP  ,0212]battery 14561mV,  496296uA (steady state), P  +7298mbar
1590326622:[MRMAID,0002]acq started
1590326661:[PRESS ,0038]P  +7338mbar,T+16059mdegC
1590326670:<WARN>[BUOY  ,0094]stage[1] should ASCENT, stuck at 7318mbar for the #10 time
1590326670:[BUOY  ,0087]from +2mbar/s to -4mbar/s
1590326670:[BUOY  ,0089]need to transfer +32mL (pump during 38861ms)
1590326675:[MRMAID,0003]acq stopped
1590326678:[PUMP  ,0207]battery 14993mV,   31598uA (warmup), P  +7318mbar
1590326678:[PUMP  ,0016]pump during 38861ms
1590326716:[PUMP  ,0212]battery 14532mV,  498614uA (steady state), P  +7318mbar
1590326721:[MRMAID,0002]acq started
1590326768:[BUOY  ,0087]from -1mbar/s to -4mbar/s
1590326768:[BUOY  ,0089]need to transfer +24mL (pump during 29146ms)
1590326774:[MRMAID,0003]acq stopped
1590326777:[PUMP  ,0207]battery 14975mV,   31476uA (warmup), P  +7318mbar
1590326777:[PUMP  ,0016]pump during 29146ms
1590326806:[PUMP  ,0212]battery 14525mV,  499834uA (steady state), P  +7318mbar
1590326810:[MRMAID,0002]acq started
1590326867:<WARN>[BUOY  ,0094]stage[1] should ASCENT, stuck at 7308mbar for the #11 time
1590326867:[BUOY  ,0087]from +0mbar/s to -4mbar/s
1590326867:[BUOY  ,0089]need to transfer +26mL (pump during 32148ms)
1590326867:[MRMAID,0003]acq stopped
1590326876:[PUMP  ,0207]battery 14975mV,   31598uA (warmup), P  +7308mbar
1590326876:[PUMP  ,0016]pump during 32148ms
1590326908:[PUMP  ,0212]battery 14512mV,  501298uA (steady state), P  +7308mbar
1590326911:[MRMAID,0002]acq started
1590326966:[BUOY  ,0087]from -2mbar/s to -4mbar/s
1590326966:[BUOY  ,0089]need to transfer +20mL (pump during 24729ms)
1590326966:[MRMAID,0003]acq stopped
1590326975:[PUMP  ,0207]battery 14971mV,   31354uA (warmup), P  +7308mbar
1590326975:[PUMP  ,0016]pump during 24729ms
1590326999:[PUMP  ,0212]battery 14518mV,  499590uA (steady state), P  +7308mbar
1590327003:[MRMAID,0002]acq started
1590327065:[BUOY  ,0087]from -1mbar/s to -4mbar/s
1590327065:[BUOY  ,0089]need to transfer +24mL (pump during 29675ms)
1590327065:[MRMAID,0003]acq stopped
1590327073:[PUMP  ,0207]battery 14978mV,   31720uA (warmup), P  +7338mbar
1590327073:[PUMP  ,0016]pump during 29675ms
1590327102:[PUMP  ,0212]battery 14513mV,  501298uA (steady state), P  +7338mbar
1590327106:[MRMAID,0002]acq started
1590327163:<WARN>[BUOY  ,0094]stage[1] should ASCENT, stuck at 7308mbar for the #1 time
1590327163:[BUOY  ,0087]from +1mbar/s to -4mbar/s
1590327163:[BUOY  ,0089]need to transfer +28mL (pump during 34621ms)
1590327163:[MRMAID,0003]acq stopped
1590327172:[PUMP  ,0207]battery 14977mV,   31476uA (warmup), P  +7308mbar
1590327172:[PUMP  ,0016]pump during 34621ms
1590327206:[PUMP  ,0212]battery 14513mV,  513498uA (steady state), P  +7308mbar
1590327210:[MRMAID,0002]acq started
1590327241:[PRESS ,0038]P  +7278mbar,T+15666mdegC
1590327262:[BUOY  ,0087]from -1mbar/s to -4mbar/s
1590327262:[BUOY  ,0089]need to transfer +24mL (pump during 29675ms)
1590327263:[MRMAID,0003]acq stopped
1590327271:[PUMP  ,0207]battery 14968mV,   31110uA (warmup), P  +7268mbar
1590327271:[PUMP  ,0016]pump during 29675ms
1590327300:[PUMP  ,0212]battery 14523mV,  502152uA (steady state), P  +7268mbar
1590327304:[MRMAID,0002]acq started
1590327336:[PRESS ,0038]P  +7148mbar,T+15641mdegC
1590327356:[PRESS ,0038]P  +7088mbar,T+15633mdegC
1590327422:[PRESS ,0038]P  +6988mbar,T+15580mdegC
1590327446:[BUOY  ,0087]from -1mbar/s to -4mbar/s
1590327446:[BUOY  ,0089]need to transfer +24mL (pump during 29596ms)
1590327447:[MRMAID,0052]Mermaid $STO
1590327449:[MRMAID,0183]dropping spurious '0x50'
1590327449:[MRMAID,0183]dropping spurious '0x41'
1590327449:[MRMAID,0183]dropping spurious '0x43'
1590327449:[MRMAID,0183]dropping spurious '0x4B'
1590327449:[MRMAID,0183]dropping spurious '0x3A'
1590327449:[MRMAID,0183]dropping spurious '0x2B'
1590327449:[MRMAID,0183]dropping spurious '0x31'
1590327449:[MRMAID,0183]dropping spurious '0x3B'
1590327449:[MRMAID,0185]8 spurious byte(s) received
1590327455:[PUMP  ,0207]battery 15003mV,   33062uA (warmup), P  +6958mbar
1590327455:[PUMP  ,0016]pump during 29596ms
1590327484:[PUMP  ,0212]battery 14475mV,  493124uA (steady state), P  +6958mbar
1590327488:[MRMAID,0002]acq started
1590327520:[PRESS ,0038]P  +6898mbar,T+15541mdegC
1590327545:[BUOY  ,0087]from -2mbar/s to -4mbar/s
1590327545:[BUOY  ,0089]need to transfer +20mL (pump during 24663ms)
1590327545:[MRMAID,0003]acq stopped
1590327554:[PUMP  ,0207]battery 15000mV,   31598uA (warmup), P  +6848mbar
1590327554:[PUMP  ,0016]pump during 24663ms
1590327578:[PUMP  ,0212]battery 14483mV,  506666uA (steady state), P  +6848mbar
1590327582:[MRMAID,0002]acq started
1590327619:[PRESS ,0038]P  +6828mbar,T+15523mdegC
1590327644:[BUOY  ,0087]from -1mbar/s to -4mbar/s
1590327644:[BUOY  ,0089]need to transfer +24mL (pump during 29596ms)
1590327644:[MRMAID,0003]acq stopped
1590327653:[PUMP  ,0207]battery 15000mV,   31598uA (warmup), P  +6818mbar
1590327653:[PUMP  ,0016]pump during 29596ms
1590327682:[PUMP  ,0212]battery 14482mV,  497760uA (steady state), P  +6818mbar
1590327685:[MRMAID,0002]acq started
1590327743:<WARN>[BUOY  ,0094]stage[1] should ASCENT, stuck at 6828mbar for the #1 time
1590327743:[BUOY  ,0087]from +0mbar/s to -4mbar/s
1590327743:[BUOY  ,0089]need to transfer +26mL (pump during 32062ms)
1590327743:[MRMAID,0003]acq stopped
1590327751:[PUMP  ,0207]battery 14992mV,   31476uA (warmup), P  +6828mbar
1590327751:[PUMP  ,0016]pump during 32062ms
1590327783:[PUMP  ,0212]battery 14480mV,  497882uA (steady state), P  +6828mbar
1590327787:[MRMAID,0002]acq started
1590327841:<WARN>[BUOY  ,0094]stage[1] should ASCENT, stuck at 6828mbar for the #2 time
1590327841:[BUOY  ,0087]from +1mbar/s to -4mbar/s
1590327841:[BUOY  ,0089]need to transfer +28mL (pump during 34529ms)
1590327842:[MRMAID,0003]acq stopped
1590327850:[PUMP  ,0207]battery 14982mV,   31354uA (warmup), P  +6828mbar
1590327850:[PUMP  ,0016]pump during 34529ms
1590327884:[PUMP  ,0212]battery 14477mV,  497638uA (steady state), P  +6828mbar
1590327888:[MRMAID,0002]acq started
1590327940:<WARN>[BUOY  ,0094]stage[1] should ASCENT, stuck at 6818mbar for the #3 time
1590327940:[BUOY  ,0087]from +0mbar/s to -4mbar/s
1590327940:[BUOY  ,0089]need to transfer +26mL (pump during 32062ms)
1590327941:[MRMAID,0003]acq stopped
1590327949:[PUMP  ,0207]battery 14970mV,   31232uA (warmup), P  +6818mbar
1590327949:[PUMP  ,0016]pump during 32062ms
1590327981:[PUMP  ,0212]battery 14475mV,  501054uA (steady state), P  +6818mbar
1590327984:[MRMAID,0002]acq started
1590328014:[PRESS ,0038]P  +6768mbar,T+15509mdegC
1590328035:[PRESS ,0038]P  +6708mbar,T+15505mdegC
1590328039:[BUOY  ,0087]from -2mbar/s to -4mbar/s
1590328039:[BUOY  ,0089]need to transfer +20mL (pump during 24729ms)
1590328039:[MRMAID,0052]Mermaid $STOPACK:+
1590328041:[MRMAID,0183]dropping spurious '0x31'
1590328041:[MRMAID,0183]dropping spurious '0x3B'
1590328041:[MRMAID,0185]2 spurious byte(s) received
1590328048:[PUMP  ,0207]battery 14966mV,   31232uA (warmup), P  +6698mbar
1590328048:[PUMP  ,0016]pump during 24729ms
1590328072:[PUMP  ,0212]battery 14478mV,  496296uA (steady state), P  +6698mbar
1590328076:[MRMAID,0002]acq started
1590328113:[PRESS ,0038]P  +6468mbar,T+15502mdegC
1590328127:[PRESS ,0038]P  +6408mbar,T+15499mdegC
1590328198:[PRESS ,0038]P  +6138mbar,T+15456mdegC
1590328213:[PRESS ,0038]P  +6078mbar,T+15447mdegC
1590328223:[BUOY  ,0087]from -5mbar/s to -3mbar/s
1590328223:[BUOY  ,0090]need to transfer -26mL (valve during 4305ms)
1590328223:[MRMAID,0003]acq stopped
1590328224:[VALVE ,0034]valve opening 4305ms
1590328228:[VALVE ,0234]battery 14271mV,  634766uA, P  +6038mbar
1590328229:[MRMAID,0002]acq started
1590328294:[PRESS ,0038]P  +5838mbar,T+15387mdegC
1590328379:[PRESS ,0038]P  +5618mbar,T+15335mdegC
1590328390:[PRESS ,0038]P  +5558mbar,T+15329mdegC
1590328404:[PRESS ,0038]P  +5488mbar,T+15323mdegC
1590328404:[BUOY  ,0087]from -5mbar/s to +0mbar/s
1590328404:[BUOY  ,0090]need to transfer -40mL (valve during 6892ms)
1590328404:[MRMAID,0003]acq stopped
1590328405:[VALVE ,0034]valve opening 6892ms
1590328412:[VALVE ,0234]battery 14263mV,  633912uA, P  +5488mbar
1590328413:[MRMAID,0002]acq started
1590328475:[PRESS ,0038]P  +5368mbar,T+15287mdegC
1590328500:[BUOY  ,0087]from +1mbar/s to +0mbar/s
1590328500:[BUOY  ,0089]need to transfer +2mL (pump during 2473ms)
1590328500:[MRMAID,0052]Mermaid $STO
1590328503:[MRMAID,0183]dropping spurious '0x50'
1590328503:[MRMAID,0183]dropping spurious '0x41'
1590328503:[MRMAID,0183]dropping spurious '0x43'
1590328503:[MRMAID,0183]dropping spurious '0x4B'
1590328503:[MRMAID,0183]dropping spurious '0x3A'
1590328503:[MRMAID,0183]dropping spurious '0x2B'
1590328503:[MRMAID,0183]dropping spurious '0x31'
1590328503:[MRMAID,0183]dropping spurious '0x3B'
1590328503:[MRMAID,0185]8 spurious byte(s) received
1590328509:[PUMP  ,0207]battery 15075mV,   33672uA (warmup), P  +5388mbar
1590328509:[PUMP  ,0016]pump during 2473ms
1590328514:[MRMAID,0002]acq started
1590328574:[PRESS ,0038]P  +5428mbar,T+15258mdegC
1590328599:[BUOY  ,0087]from +1mbar/s to +0mbar/s
1590328599:[BUOY  ,0089]need to transfer +2mL (pump during 2473ms)
1590328599:[MRMAID,0003]acq stopped
1590328607:[PUMP  ,0207]battery 15091mV,   33916uA (warmup), P  +5458mbar
1590328607:[PUMP  ,0016]pump during 2473ms
1590328613:[MRMAID,0002]acq started
1590328673:[PRESS ,0038]P  +5568mbar,T+15238mdegC
1590328697:<WARN>[BUOY  ,0094]stage[1] should ASCENT, stuck at 5568mbar for the #1 time
1590328697:[BUOY  ,0087]from +0mbar/s to -3mbar/s
1590328697:[BUOY  ,0089]need to transfer +14mL (pump during 17132ms)
1590328697:[MRMAID,0003]acq stopped
1590328706:[PUMP  ,0207]battery 15105mV,   34282uA (warmup), P  +5568mbar
1590328706:[PUMP  ,0016]pump during 17132ms
1590328723:[PUMP  ,0212]battery 14508mV,  483486uA (steady state), P  +5568mbar
1590328727:[MRMAID,0002]acq started
1590328771:[PRESS ,0038]P  +5628mbar,T+15232mdegC
1590328796:<WARN>[BUOY  ,0094]stage[1] should ASCENT, stuck at 5628mbar for the #2 time
1590328796:[BUOY  ,0087]from +0mbar/s to -3mbar/s
1590328796:[BUOY  ,0089]need to transfer +14mL (pump during 17132ms)
1590328796:[MRMAID,0002]acq started
1590328798:[MRMAID,0183]dropping spurious '0x4F'
1590328799:[MRMAID,0183]dropping spurious '0x50'
1590328799:[MRMAID,0183]dropping spurious '0x41'
1590328799:[MRMAID,0183]dropping spurious '0x43'
1590328799:[MRMAID,0183]dropping spurious '0x4B'
1590328799:[MRMAID,0183]dropping spurious '0x3A'
1590328799:[MRMAID,0183]dropping spurious '0x2B'
1590328799:[MRMAID,0183]dropping spurious '0x31'
1590328799:[MRMAID,0183]dropping spurious '0x3B'
1590328799:[MRMAID,0185]9 spurious byte(s) received
1590328805:[PUMP  ,0207]battery 15100mV,   33184uA (warmup), P  +5628mbar
1590328805:[PUMP  ,0016]pump during 17132ms
1590328822:[PUMP  ,0212]battery 14531mV,  485926uA (steady state), P  +5628mbar
1590328825:[MRMAID,0002]acq started
1590328895:[MAIN  ,0140]stage[1] complete 5467s after mission start
1590328895:[MRMAID,0003]acq stopped
1590328955:[MAIN  ,0056]stage[2]
1590328957:[MAIN  ,0024]internal pressure 79515Pa
1590328958:[PRESS ,0038]P  +5508mbar,T+15214mdegC
1590328958:[BUOY  ,0037]P  +5508mbar
1590328958:[STAGE ,0091]Stage [2] surfacing 3600s (<1590332428s) SBE41
1590328960:[BUOY  ,0087]from -1mbar/s to -5mbar/s
1590328960:[BUOY  ,0089]need to transfer +38mL (pump during 46512ms)
1590328968:[PUMP  ,0207]battery 15103mV,   33794uA (warmup), P  +5508mbar
1590328968:[PUMP  ,0016]pump during 46512ms
1590329014:[PUMP  ,0212]battery 14510mV,  490074uA (steady state), P  +5508mbar
1590329024:[PRESS ,0038]P  +5438mbar,T+15230mdegC
1590329049:[BUOY  ,0087]from -2mbar/s to -5mbar/s
1590329049:[BUOY  ,0089]need to transfer +34mL (pump during 41606ms)
1590329049:[SBE41 ,0337]Speed start detected
1590329057:[PUMP  ,0207]battery 14936mV,   97478uA (warmup), P  +5388mbar
1590329057:[PUMP  ,0016]pump during 41606ms
1590329098:[PUMP  ,0212]battery 14542mV,  512034uA (steady state), P  +5388mbar
1590329113:[PRESS ,0038]P  +5348mbar,T+15285mdegC
1590329138:[BUOY  ,0087]from -1mbar/s to -5mbar/s
1590329138:[BUOY  ,0089]need to transfer +38mL (pump during 46512ms)
1590329146:[PUMP  ,0207]battery 14956mV,   51118uA (warmup), P  +5318mbar
1590329146:[PUMP  ,0016]pump during 46512ms
1590329192:[PUMP  ,0212]battery 14516mV,  506666uA (steady state), P  +5318mbar
1590329202:[PRESS ,0038]P  +5228mbar,T+15338mdegC
1590329218:[PRESS ,0038]P  +5168mbar,T+15354mdegC
1590329227:[BUOY  ,0087]from -3mbar/s to -5mbar/s
1590329227:[BUOY  ,0089]need to transfer +26mL (pump during 31817ms)
1590329236:[PUMP  ,0207]battery 14911mV,   50874uA (warmup), P  +5138mbar
1590329236:[PUMP  ,0016]pump during 31817ms
1590329267:[PUMP  ,0212]battery 14496mV,  515328uA (steady state), P  +5138mbar
1590329292:[PRESS ,0038]P  +4888mbar,T+15400mdegC
1590329308:[PRESS ,0038]P  +4828mbar,T+15409mdegC
1590329377:[PRESS ,0038]P  +4598mbar,T+15409mdegC
1590329402:[BUOY  ,0087]from -1mbar/s to -5mbar/s
1590329402:[BUOY  ,0089]need to transfer +38mL (pump during 47264ms)
1590329410:[PUMP  ,0207]battery 14936mV,   51728uA (warmup), P  +4578mbar
1590329410:[PUMP  ,0016]pump during 47264ms
1590329457:[PUMP  ,0212]battery 14433mV,  511302uA (steady state), P  +4578mbar
1590329466:[PRESS ,0038]P  +4478mbar,T+15435mdegC
1590329491:[BUOY  ,0087]from -1mbar/s to -5mbar/s
1590329491:[BUOY  ,0089]need to transfer +38mL (pump during 47264ms)
1590329499:[PUMP  ,0207]battery 14900mV,   50996uA (warmup), P  +4448mbar
1590329499:[PUMP  ,0016]pump during 47264ms
1590329546:[PUMP  ,0212]battery 14456mV,  513620uA (steady state), P  +4448mbar
1590329555:[PRESS ,0038]P  +4278mbar,T+15517mdegC
1590329571:[PRESS ,0038]P  +4218mbar,T+15537mdegC
1590329640:[PRESS ,0038]P  +3798mbar,T+15577mdegC
1590329647:[PRESS ,0038]P  +3738mbar,T+15580mdegC
1590329656:[PRESS ,0038]P  +3678mbar,T+15583mdegC
1590329663:[PRESS ,0038]P  +3618mbar,T+15586mdegC
1590329665:[BUOY  ,0087]from -8mbar/s to -5mbar/s
1590329665:[BUOY  ,0090]need to transfer -62mL (valve during 13398ms)
1590329665:[VALVE ,0034]valve opening 13398ms
1590329679:[VALVE ,0234]battery 14263mV,  647820uA, P  +3598mbar
1590329726:[PRESS ,0038]P  +3148mbar,T+15611mdegC
1590329735:[PRESS ,0038]P  +3088mbar,T+15615mdegC
1590329745:[PRESS ,0038]P  +3028mbar,T+15620mdegC
1590329751:[BUOY  ,0087]from -6mbar/s to -5mbar/s
1590329751:[BUOY  ,0090]need to transfer -18mL (valve during 4250ms)
1590329751:[VALVE ,0034]valve opening 4250ms
1590329755:[VALVE ,0234]battery 14296mV,  640378uA, P  +2988mbar
1590329812:[PRESS ,0038]P  +2618mbar,T+15660mdegC
1590329820:[PRESS ,0038]P  +2558mbar,T+15666mdegC
1590329831:[PRESS ,0038]P  +2488mbar,T+15675mdegC
1590329836:[BUOY  ,0087]from -6mbar/s to -5mbar/s
1590329836:[BUOY  ,0090]need to transfer -18mL (valve during 4684ms)
1590329836:[VALVE ,0034]valve opening 4684ms
1590329841:[VALVE ,0234]battery 14285mV,  644404uA, P  +2458mbar
1590329897:[PRESS ,0038]P  +2158mbar,T+15747mdegC
1590329908:[PRESS ,0038]P  +2098mbar,T+15761mdegC
1590329920:[PRESS ,0038]P  +2028mbar,T+15778mdegC
1590329922:[BUOY  ,0087]from -6mbar/s to -5mbar/s
1590329922:[BUOY  ,0090]need to transfer -18mL (valve during 5216ms)
1590329922:[VALVE ,0034]valve opening 5216ms
1590329927:[VALVE ,0234]battery 14290mV,  645868uA, P  +2018mbar
1590329983:[PRESS ,0038]P  +1758mbar,T+15875mdegC
1590329999:[PRESS ,0038]P  +1698mbar,T+15901mdegC
1590330068:[PRESS ,0038]P  +1438mbar,T+16020mdegC
1590330079:[PRESS ,0038]P  +1378mbar,T+16040mdegC
1590330090:[PRESS ,0038]P  +1318mbar,T+16059mdegC
1590330154:[PRESS ,0038]P  +1058mbar,T+16180mdegC
1590330166:[PRESS ,0038]P   +998mbar,T+16205mdegC
1590330239:[PRESS ,0038]P   +718mbar,T+16345mdegC
1590330261:[PRESS ,0038]P   +648mbar,T+16386mdegC
1590330264:[BUOY  ,0087]from -3mbar/s to -5mbar/s
1590330264:[BUOY  ,0089]need to transfer +26mL (pump during 32248ms)
1590330272:[PUMP  ,0207]battery 15032mV,   53558uA (warmup), P   +638mbar
1590330272:[PUMP  ,0016]pump during 32248ms
1590330304:[PUMP  ,0212]battery 14482mV,  472384uA (steady state), P   +638mbar
1590330328:[PRESS ,0038]P   +538mbar,T+16507mdegC
1590330353:[BUOY  ,0087]from -2mbar/s to -5mbar/s
1590330353:[BUOY  ,0089]need to transfer +34mL (pump during 42171ms)
1590330361:[PUMP  ,0207]battery 15008mV,   50630uA (warmup), P   +508mbar
1590330361:[PUMP  ,0016]pump during 42171ms
1590330403:[PUMP  ,0212]battery 14525mV,  480680uA (steady state), P   +508mbar
1590330417:[PRESS ,0038]P   +368mbar,T+16684mdegC
1590330442:[PRESS ,0038]P   +308mbar,T+16741mdegC
1590330442:[STAGE ,0214]308mbar (500) reached at 1590330442s, ascending from 5508mbar
1590330442:[STAGE ,0342]The float reached the surface : OK
1590330442:[MAIN  ,0140]stage[2] complete 7014s after mission start
1590330449:[SBE41 ,0343]SBE41 dump : 1389 stored samples in hexa format
1590330499:[SBE41 ,0338]Dump finished
1590330500:[SBE41 ,0318]12501 bytes in 0051/5ECA7E7E.S41
1590330500:[MRMAID,0188]acq already stopped
1590330561:[MSSION,0192]mission stopped, 3 stage(s) done
1590330561:[MAIN  ,0065]surfacing
1590330562:[SURFIN,0036]P   +268mbar
1590330566:[SURFIN,0020]filling external bladder
1590330574:[PUMP  ,0207]battery 15035mV,   35990uA (warmup), P   +268mbar
1590330574:[PUMP  ,0016]pump during 300000ms
1590330657:[PUMP  ,0212]battery 14228mV, 1396290uA (steady state), P   +268mbar
1590330659:[SURFIN,0019]external bladder full
1590330661:[PRESS ,0038]P   +200mbar,T+17471mdegC
1590330722:[MAIN  ,0272]Vbat 14842mV (min 14486mV)
1590330724:[MAIN  ,0024]internal pressure 79160Pa
1590330724:[MAIN  ,0043]Pext 199mbar (rng 20mbar)
1590330724:[MAIN  ,0064]surface
1590330734:[SURF  ,0022]GPS fix...
1590330735:<WARN>[GPSFIX,0123]GPRMC ms=990 #1
1590330761:[SURF  ,0015]10 PPS detected...
1590330762:[MRMAID,0052]Mermaid $GPSACK:+0,+0,+0,+0,+0,+0,-2349;
1590330772:[MRMAID,0052]Mermaid $GPSOFF:3686320;
1590330773:[GPSFIX,0179]-1s diff
1590330774:[SURF  ,0222]2020-05-24T14:32:54
1590330774:[SURF  ,0082]Latitude : N43deg40.939mn, Longitude :E007deg19.174mn
1590330774:[SURF  ,0223]fix3D,4satellites
1590330774:[SURF  ,0084]GPS fix GPGSA : hdop1.320,vdop4.190
1590330784:[SURF  ,0274]last almanac : 195173
1590330796:[MRMAID,0026]1459 bytes in 0051/5ECA85A5.MER
1590330802:[MAIN  ,0320]New pressure offset: 199mbar
1590330802:[LOGBIN,0078]*** switching to 0051/5ECA85B2 ***
