1590598010:[MAIN  ,0007]buoy 452.020-P-0051
1590598010:[MAIN  ,0055]soft pilotage 452.012.300_V2.18-20200518
1590598010:[MAIN  ,0010]cycle 5
1590598010:[SURF  ,0225]surface2
1590598026:[SURF  ,0022]GPS fix...
1590598047:[SURF  ,0015]10 PPS detected...
1590598048:[MRMAID,0052]Mermaid $GPSACK:+0,+0,+0,+0,+0,+0,+0;
1590598058:[MRMAID,0052]Mermaid $GPSOFF:3686321;
1590598060:[GPSFIX,0179]+0s diff
1590598060:[SURF  ,0222]2020-05-27T16:47:40
1590598060:[SURF  ,0082]Latitude : N43deg40.938mn, Longitude :E007deg19.176mn
1590598060:[SURF  ,0223]fix3D,10satellites
1590598060:[SURF  ,0084]GPS fix GPGSA : hdop0.620,vdop0.890
1590598070:[SURF  ,0025]Iridium...
1590598077:[SBE41 ,0339]newoffset=-0.41db received after -57s
1590598110:[SURF  ,0009]connected in 40s, signal quality 5
1590598204:[SURF  ,0218]prompt received, remote cmd end
1590598204:[SURF  ,0012]26 cmd(s) received
1590598225:[UPLOAD,0248]Upload data files...
1590598240:[UPLOAD,0231]"0051/5ECE94CD.S41" uploaded at 121bytes/s
1590598254:[UPLOAD,0231]"0051/5ECE996D.MER" uploaded at 141bytes/s
1590598400:[UPLOAD,0231]"0051/5ECE6B79.BIN" uploaded at 140bytes/s
1590598416:[MAIN  ,0013]3 file(s) uploaded
1590598449:[SURF  ,0014]disconnected after 379s
1590598454:[SURFIN,0020]filling external bladder
1590598462:[PUMP  ,0207]battery 14847mV,   30988uA (warmup), P   +200mbar
1590598462:[PUMP  ,0016]pump during 300000ms
1590598472:[PUMP  ,0212]battery 14131mV, 1399462uA (steady state), P   +200mbar
1590598474:[SURFIN,0019]external bladder full
1590598474:[SURF  ,0227]1st complete transfer
1590598662:[SURF  ,0022]GPS fix...
1590598683:[SURF  ,0015]10 PPS detected...
1590598684:[MRMAID,0052]Mermaid $GPSACK:+0,+0,+0,+0,+0,+1,-999908;
1590598694:[MRMAID,0052]Mermaid $GPSOFF:3686320;
1590598695:[GPSFIX,0179]-1s diff
1590598696:[SURF  ,0222]2020-05-27T16:58:16
1590598696:[SURF  ,0082]Latitude : N43deg40.938mn, Longitude :E007deg19.176mn
1590598696:[SURF  ,0223]fix3D,9satellites
1590598696:[SURF  ,0084]GPS fix GPGSA : hdop0.670,vdop0.950
1590598706:[SURF  ,0025]Iridium...
1590598899:<WARN>[SURF  ,0023]failed to connect #1, code -8, net 1, qual 5, dial 1
1590598963:[SURF  ,0009]connected in 257s, signal quality 5
1590599061:[SURF  ,0218]prompt received, remote cmd end
1590599062:[SURF  ,0012]26 cmd(s) received
1590599102:[SURF  ,0014]disconnected after 396s
1590599107:[SURFIN,0020]filling external bladder
1590599115:[PUMP  ,0207]battery 14935mV,   31964uA (warmup), P   +200mbar
1590599115:[PUMP  ,0016]pump during 300000ms
1590599123:[PUMP  ,0212]battery 14166mV, 1398852uA (steady state), P   +200mbar
1590599125:[SURFIN,0019]external bladder full
1590599125:[SURF  ,0226]Go dive (Minimum surface delay expired and no more file to upload)
1590599138:[SURF  ,0022]GPS fix...
1590599159:[SURF  ,0015]10 PPS detected...
1590599160:[MRMAID,0052]Mermaid $GPSACK:+0,+0,+0,+0,+0,+0,-30;
1590599170:[MRMAID,0052]Mermaid $GPSOFF:3686320;
1590599170:[GPSFIX,0179]-1s diff
1590599171:[SURF  ,0222]2020-05-27T17:06:11
1590599171:[SURF  ,0082]Latitude : N43deg40.937mn, Longitude :E007deg19.176mn
1590599171:[SURF  ,0223]fix3D,9satellites
1590599171:[SURF  ,0084]GPS fix GPGSA : hdop0.670,vdop0.930
1590599188:[MAIN  ,0024]internal pressure 79188Pa
1590599189:[BYCMD ,0107]    FreeRTOS V8.2.3
1590599189:[BYCMD ,0108]    FatFS v11a
1590599189:[BYCMD ,0120]    bypass 10000ms 60000ms (20000ms 60000ms stored)
1590599189:[BYCMD ,0121]    valve 60000ms 12750 (60000ms 12750 stored)
1590599189:[BYCMD ,0122]    pump 60000ms 30% 10750 80% (60000ms 30% 10750 80% stored)
1590599189:[BYCMD ,0123]    rate 2mbar/s (2mbar/s stored)
1590599189:[BYCMD ,0124]    surface 500mbar (500mbar stored)
1590599189:[BYCMD ,0125]    near 500mbar 3mbar/s (15000mbar 3mbar/s stored)
1590599189:[BYCMD ,0126]    far 1500mbar 4mbar/s (25000mbar 4mbar/s stored)
1590599189:[BYCMD ,0127]    ascent 8mbar/s (8mbar/s stored)
1590599189:[BYCMD ,0128]    dead 60s (300s stored)
1590599189:[BYCMD ,0129]    coeff 16/10 (16/10 stored)
1590599189:[BYCMD ,0130]    stab 10 (10 stored)
1590599189:[BYCMD ,0131]    delay 900s 3600s (900s 3600s stored)
1590599189:[BYCMD ,0132]    mmtime 2880min (2880min stored)
1590599189:[BYCMD ,0133]    dv_landing 100ml (100ml stored)
1590599189:[MKDCMD,0150]    p2t37: 15x2000ms, offset 199mbar
1590599189:[P2TCMD,0151]    p2t37: dp -1mbar, dt 1000000mdegC
1590599190:[STAGE ,0080]Stage [0] 5000mbar (+/-500mbar) 1800s (<1800s) 
1590599190:[STAGE ,0080]Stage [1] 5000mbar (+/-500mbar) 7200s (<9000s) MERMAID
1590599190:[STAGE ,0091]Stage [2] surfacing 3600s (<12600s) SBE41
1590599190:[SBE41 ,0282]SBE41 parameters : 
      dsreplyformat=1 (webb(0)/standard(1))
      addtimingdelays=0 (n(0)/y(1))
      outputdensity=0 (n(0)/y(1))
      echocmd=0 (n(0)/y(1))
      outputrt=0 (n(0)/y(1))
      outputpts=0 (n(0)/y(1))
      outputsn=0 (n(0)/y(1))
      outputpressure=1 (n(0)/y(1))
      pcutoff=2dbar
      tswait=0s
      pumpfastpt=1 (n(0)/y(1))
      samplerate=1 ('fast':1Hz(1)/'slow':0.5Hz(0))
      top_bin_interval=1dbar
      top_bin_size=1dbar
      top_bin_max=5dbar
      middle_bin_interval=2dbar
      middle_bin_size=2dbar
      middle_bin_max=40dbar
      bottom_bin_interval=3dbar
      bottom_bin_size=3dbar
      includetransitionbin=0
      includenbin=0 (n(0)/y(1))
      autobinavg=0 (n(0)/y(1))
1590599190:[SBE41 ,0283]SBE41 pilot policy : 
      continiousprofile=0 (n(0)/y(1)
      speeddetection=1 (n(0)/y(1)
      hexoutput=1 (n(0)/y(1)
      binaverageoutput=1 (n(0)/y(1)
      manualprofilerate=10s
      runningpumpbeforeprofile=0s
      speedstart=2mbar/s
      speedcontrol=9mbar/s
1590599190:[MAIN  ,0070]turn off bluetooth
1590599192:[PRESS ,0038]P     -9mbar,T+19542mdegC
1590599194:[PRESS ,0038]P     -9mbar,T+19543mdegC
1590599196:[PRESS ,0038]P     -9mbar,T+19544mdegC
1590599198:[PRESS ,0038]P     -9mbar,T+19545mdegC
1590599200:[PRESS ,0038]P    -19mbar,T+19545mdegC
1590599202:[PRESS ,0038]P    -19mbar,T+19545mdegC
1590599203:[PRESS ,0038]P    -29mbar,T+19544mdegC
1590599205:[PRESS ,0038]P    -19mbar,T+19544mdegC
1590599207:[PRESS ,0038]P    -19mbar,T+19544mdegC
1590599209:[PRESS ,0038]P    -19mbar,T+19544mdegC
1590599211:[PRESS ,0038]P     -9mbar,T+19545mdegC
1590599212:[PRESS ,0038]P    -19mbar,T+19546mdegC
1590599214:[PRESS ,0038]P     -9mbar,T+19548mdegC
1590599216:[PRESS ,0038]P    -19mbar,T+19548mdegC
1590599218:[PRESS ,0038]P    -19mbar,T+19550mdegC
1590599218:[DIVING,0141]diving from -19mbar, +0mbar/s
1590599218:[BYPASS,0035]bypass opening 60000ms
1590599223:[BYPASS,0104]battery 14551mV,  320616uA (bypass opening), P    -19mbar
1590599288:[BYPASS,0106]battery 14460mV,  400282uA (bypass closing), P    -19mbar
1590599290:[PRESS ,0038]P   -119mbar,T+19695mdegC
1590599291:[PRESS ,0038]P   -119mbar,T+19695mdegC
1590599293:[PRESS ,0038]P   -109mbar,T+19698mdegC
1590599295:[PRESS ,0038]P   -109mbar,T+19700mdegC
1590599297:[PRESS ,0038]P   -109mbar,T+19702mdegC
1590599299:[PRESS ,0038]P   -109mbar,T+19705mdegC
1590599301:[PRESS ,0038]P   -109mbar,T+19708mdegC
1590599302:[PRESS ,0038]P    -99mbar,T+19712mdegC
1590599304:[PRESS ,0038]P    -99mbar,T+19715mdegC
1590599306:[PRESS ,0038]P    -99mbar,T+19716mdegC
1590599308:[PRESS ,0038]P    -99mbar,T+19718mdegC
1590599310:[PRESS ,0038]P    -99mbar,T+19720mdegC
1590599311:[PRESS ,0038]P   -109mbar,T+19721mdegC
1590599313:[PRESS ,0038]P   -119mbar,T+19721mdegC
1590599315:[PRESS ,0038]P   -119mbar,T+19722mdegC
1590599315:[BYPASS,0035]bypass opening 10000ms
1590599320:[BYPASS,0104]battery 14555mV,  317566uA (bypass opening), P   -119mbar
1590599335:[BYPASS,0106]battery 14501mV,  399306uA (bypass closing), P   -119mbar
1590599337:[PRESS ,0038]P    -89mbar,T+19751mdegC
1590599339:[PRESS ,0038]P    -79mbar,T+19752mdegC
1590599341:[PRESS ,0038]P    -69mbar,T+19754mdegC
1590599342:[PRESS ,0038]P    -39mbar,T+19755mdegC
1590599344:[PRESS ,0038]P    -49mbar,T+19758mdegC
1590599346:[PRESS ,0038]P    -29mbar,T+19761mdegC
1590599348:[PRESS ,0038]P    -19mbar,T+19765mdegC
1590599350:[PRESS ,0038]P     -9mbar,T+19768mdegC
1590599351:[PRESS ,0038]P     +1mbar,T+19770mdegC
1590599353:[PRESS ,0038]P    +11mbar,T+19772mdegC
1590599355:[PRESS ,0038]P    +21mbar,T+19772mdegC
1590599357:[PRESS ,0038]P    +31mbar,T+19774mdegC
1590599359:[PRESS ,0038]P    +41mbar,T+19774mdegC
1590599360:[PRESS ,0038]P    +51mbar,T+19774mdegC
1590599362:[PRESS ,0038]P    +71mbar,T+19775mdegC
1590599365:[PRESS ,0038]P    +81mbar,T+19777mdegC
1590599368:[PRESS ,0038]P   +101mbar,T+19778mdegC
1590599371:[PRESS ,0038]P   +111mbar,T+19779mdegC
1590599373:[PRESS ,0038]P   +141mbar,T+19781mdegC
1590599376:[PRESS ,0038]P   +141mbar,T+19782mdegC
1590599379:[PRESS ,0038]P   +161mbar,T+19782mdegC
1590599382:[PRESS ,0038]P   +191mbar,T+19783mdegC
1590599385:[PRESS ,0038]P   +211mbar,T+19783mdegC
1590599387:[PRESS ,0038]P   +221mbar,T+19786mdegC
1590599390:[PRESS ,0038]P   +231mbar,T+19787mdegC
1590599393:[PRESS ,0038]P   +241mbar,T+19789mdegC
1590599396:[PRESS ,0038]P   +251mbar,T+19790mdegC
1590599399:[PRESS ,0038]P   +261mbar,T+19792mdegC
1590599401:[PRESS ,0038]P   +281mbar,T+19793mdegC
1590599404:[PRESS ,0038]P   +291mbar,T+19794mdegC
1590599407:[PRESS ,0038]P   +311mbar,T+19796mdegC
1590599410:[PRESS ,0038]P   +331mbar,T+19798mdegC
1590599413:[PRESS ,0038]P   +341mbar,T+19800mdegC
1590599415:[PRESS ,0038]P   +361mbar,T+19804mdegC
1590599418:[PRESS ,0038]P   +381mbar,T+19807mdegC
1590599421:[PRESS ,0038]P   +391mbar,T+19808mdegC
1590599424:[PRESS ,0038]P   +411mbar,T+19808mdegC
1590599427:[PRESS ,0038]P   +421mbar,T+19808mdegC
1590599430:[PRESS ,0038]P   +451mbar,T+19808mdegC
1590599432:[PRESS ,0038]P   +451mbar,T+19808mdegC
1590599435:[PRESS ,0038]P   +471mbar,T+19811mdegC
1590599438:[PRESS ,0038]P   +481mbar,T+19814mdegC
1590599441:[PRESS ,0038]P   +491mbar,T+19816mdegC
1590599444:[PRESS ,0038]P   +511mbar,T+19817mdegC
1590599445:[PRESS ,0038]P   +521mbar,T+19818mdegC
1590599445:[DIVING,0028]521mbar reached (+5mbar/s), 2 bypass done
1590599446:[MAIN  ,0056]stage[0]
1590599448:[MAIN  ,0024]internal pressure 80082Pa
1590599449:[PRESS ,0038]P   +531mbar,T+19820mdegC
1590599449:[BUOY  ,0037]P   +531mbar
1590599449:[STAGE ,0080]Stage [0] 5000mbar (+/-500mbar) 1800s (<1590601245s) 
1590599451:[PRESS ,0038]P   +541mbar,T+19820mdegC
1590599511:[PRESS ,0038]P   +871mbar,T+19840mdegC
1590599513:[PRESS ,0038]P   +891mbar,T+19841mdegC
1590599515:[PRESS ,0038]P   +891mbar,T+19841mdegC
1590599517:[PRESS ,0038]P   +901mbar,T+19843mdegC
1590599519:[PRESS ,0038]P   +911mbar,T+19843mdegC
1590599521:[PRESS ,0038]P   +921mbar,T+19843mdegC
1590599522:[PRESS ,0038]P   +931mbar,T+19843mdegC
1590599524:[PRESS ,0038]P   +951mbar,T+19843mdegC
1590599526:[PRESS ,0038]P   +961mbar,T+19844mdegC
1590599528:[PRESS ,0038]P   +961mbar,T+19844mdegC
1590599530:[PRESS ,0038]P   +981mbar,T+19844mdegC
1590599531:[PRESS ,0038]P   +981mbar,T+19844mdegC
1590599533:[PRESS ,0038]P  +1001mbar,T+19846mdegC
1590599535:[PRESS ,0038]P  +1011mbar,T+19846mdegC
1590599537:[PRESS ,0038]P  +1021mbar,T+19848mdegC
1590599597:[PRESS ,0038]P  +1341mbar,T+19852mdegC
1590599599:[PRESS ,0038]P  +1341mbar,T+19852mdegC
1590599601:[PRESS ,0038]P  +1341mbar,T+19852mdegC
1590599603:[PRESS ,0038]P  +1351mbar,T+19852mdegC
1590599605:[PRESS ,0038]P  +1361mbar,T+19852mdegC
1590599606:[PRESS ,0038]P  +1361mbar,T+19852mdegC
1590599608:[PRESS ,0038]P  +1381mbar,T+19853mdegC
1590599610:[PRESS ,0038]P  +1371mbar,T+19853mdegC
1590599612:[PRESS ,0038]P  +1381mbar,T+19852mdegC
1590599614:[PRESS ,0038]P  +1391mbar,T+19853mdegC
1590599616:[PRESS ,0038]P  +1401mbar,T+19853mdegC
1590599617:[PRESS ,0038]P  +1401mbar,T+19852mdegC
1590599619:[PRESS ,0038]P  +1421mbar,T+19853mdegC
1590599621:[PRESS ,0038]P  +1411mbar,T+19852mdegC
1590599623:[PRESS ,0038]P  +1431mbar,T+19853mdegC
1590599683:[PRESS ,0038]P  +1641mbar,T+19835mdegC
1590599685:[PRESS ,0038]P  +1641mbar,T+19834mdegC
1590599687:[PRESS ,0038]P  +1651mbar,T+19834mdegC
1590599689:[PRESS ,0038]P  +1661mbar,T+19833mdegC
1590599691:[PRESS ,0038]P  +1671mbar,T+19832mdegC
1590599692:[PRESS ,0038]P  +1661mbar,T+19832mdegC
1590599694:[PRESS ,0038]P  +1681mbar,T+19830mdegC
1590599696:[PRESS ,0038]P  +1681mbar,T+19830mdegC
1590599698:[PRESS ,0038]P  +1691mbar,T+19829mdegC
1590599700:[PRESS ,0038]P  +1691mbar,T+19828mdegC
1590599702:[PRESS ,0038]P  +1701mbar,T+19828mdegC
1590599703:[PRESS ,0038]P  +1701mbar,T+19826mdegC
1590599705:[PRESS ,0038]P  +1711mbar,T+19825mdegC
1590599707:[PRESS ,0038]P  +1731mbar,T+19824mdegC
1590599709:[PRESS ,0038]P  +1721mbar,T+19824mdegC
1590599769:[PRESS ,0038]P  +1811mbar,T+19773mdegC
1590599771:[PRESS ,0038]P  +1801mbar,T+19770mdegC
1590599773:[PRESS ,0038]P  +1801mbar,T+19769mdegC
1590599775:[PRESS ,0038]P  +1811mbar,T+19766mdegC
1590599777:[PRESS ,0038]P  +1811mbar,T+19765mdegC
1590599778:[PRESS ,0038]P  +1801mbar,T+19762mdegC
1590599780:[PRESS ,0038]P  +1811mbar,T+19760mdegC
1590599782:[PRESS ,0038]P  +1811mbar,T+19757mdegC
1590599784:[PRESS ,0038]P  +1801mbar,T+19755mdegC
1590599786:[PRESS ,0038]P  +1801mbar,T+19753mdegC
1590599787:[PRESS ,0038]P  +1791mbar,T+19751mdegC
1590599789:[PRESS ,0038]P  +1801mbar,T+19747mdegC
1590599791:[PRESS ,0038]P  +1801mbar,T+19745mdegC
1590599793:[PRESS ,0038]P  +1801mbar,T+19743mdegC
1590599795:[PRESS ,0038]P  +1801mbar,T+19740mdegC
1590599795:<WARN>[BUOY  ,0094]stage[0] should DESCENT, stuck at 1801mbar for the #1 time
1590599795:[BUOY  ,0087]from +0mbar/s to +4mbar/s
1590599795:[BUOY  ,0090]need to transfer -26mL (valve during 7893ms)
1590599795:[VALVE ,0034]valve opening 7893ms
1590599803:[VALVE ,0234]battery 14145mV,  627446uA, P  +1801mbar
1590599856:[PRESS ,0038]P  +1891mbar,T+19625mdegC
1590599857:[PRESS ,0038]P  +1891mbar,T+19621mdegC
1590599859:[PRESS ,0038]P  +1901mbar,T+19618mdegC
1590599861:[PRESS ,0038]P  +1891mbar,T+19614mdegC
1590599863:[PRESS ,0038]P  +1901mbar,T+19609mdegC
1590599865:[PRESS ,0038]P  +1911mbar,T+19606mdegC
1590599866:[PRESS ,0038]P  +1901mbar,T+19602mdegC
1590599868:[PRESS ,0038]P  +1901mbar,T+19598mdegC
1590599870:[PRESS ,0038]P  +1891mbar,T+19594mdegC
1590599872:[PRESS ,0038]P  +1911mbar,T+19591mdegC
1590599874:[PRESS ,0038]P  +1911mbar,T+19587mdegC
1590599875:[PRESS ,0038]P  +1911mbar,T+19584mdegC
1590599877:[PRESS ,0038]P  +1921mbar,T+19579mdegC
1590599879:[PRESS ,0038]P  +1911mbar,T+19576mdegC
1590599881:[PRESS ,0038]P  +1921mbar,T+19571mdegC
1590599881:[BUOY  ,0087]from +1mbar/s to +4mbar/s
1590599881:[BUOY  ,0090]need to transfer -24mL (valve during 7116ms)
1590599881:[VALVE ,0034]valve opening 7116ms
1590599888:[VALVE ,0234]battery 14296mV,  626958uA, P  +1921mbar
1590599942:[PRESS ,0038]P  +2081mbar,T+19416mdegC
1590599944:[PRESS ,0038]P  +2081mbar,T+19410mdegC
1590599945:[PRESS ,0038]P  +2091mbar,T+19405mdegC
1590599947:[PRESS ,0038]P  +2101mbar,T+19402mdegC
1590599949:[PRESS ,0038]P  +2101mbar,T+19397mdegC
1590599951:[PRESS ,0038]P  +2111mbar,T+19393mdegC
1590599953:[PRESS ,0038]P  +2121mbar,T+19387mdegC
1590599954:[PRESS ,0038]P  +2131mbar,T+19384mdegC
1590599956:[PRESS ,0038]P  +2131mbar,T+19379mdegC
1590599958:[PRESS ,0038]P  +2141mbar,T+19374mdegC
1590599960:[PRESS ,0038]P  +2141mbar,T+19369mdegC
1590599962:[PRESS ,0038]P  +2171mbar,T+19365mdegC
1590599963:[PRESS ,0038]P  +2171mbar,T+19360mdegC
1590599965:[PRESS ,0038]P  +2171mbar,T+19356mdegC
1590599967:[PRESS ,0038]P  +2181mbar,T+19351mdegC
1590600028:[PRESS ,0038]P  +2461mbar,T+19196mdegC
1590600030:[PRESS ,0038]P  +2471mbar,T+19192mdegC
1590600031:[PRESS ,0038]P  +2461mbar,T+19187mdegC
1590600033:[PRESS ,0038]P  +2481mbar,T+19183mdegC
1590600035:[PRESS ,0038]P  +2481mbar,T+19177mdegC
1590600037:[PRESS ,0038]P  +2501mbar,T+19173mdegC
1590600039:[PRESS ,0038]P  +2501mbar,T+19167mdegC
1590600040:[PRESS ,0038]P  +2511mbar,T+19163mdegC
1590600042:[PRESS ,0038]P  +2511mbar,T+19159mdegC
1590600044:[PRESS ,0038]P  +2531mbar,T+19154mdegC
1590600046:[PRESS ,0038]P  +2521mbar,T+19150mdegC
1590600048:[PRESS ,0038]P  +2551mbar,T+19145mdegC
1590600049:[PRESS ,0038]P  +2551mbar,T+19141mdegC
1590600051:[PRESS ,0038]P  +2561mbar,T+19136mdegC
1590600053:[PRESS ,0038]P  +2561mbar,T+19130mdegC
1590600114:[PRESS ,0038]P  +2861mbar,T+18970mdegC
1590600116:[PRESS ,0038]P  +2871mbar,T+18965mdegC
1590600117:[PRESS ,0038]P  +2871mbar,T+18960mdegC
1590600119:[PRESS ,0038]P  +2891mbar,T+18956mdegC
1590600121:[PRESS ,0038]P  +2901mbar,T+18951mdegC
1590600123:[PRESS ,0038]P  +2901mbar,T+18945mdegC
1590600125:[PRESS ,0038]P  +2921mbar,T+18942mdegC
1590600126:[PRESS ,0038]P  +2931mbar,T+18936mdegC
1590600128:[PRESS ,0038]P  +2941mbar,T+18932mdegC
1590600130:[PRESS ,0038]P  +2941mbar,T+18926mdegC
1590600132:[PRESS ,0038]P  +2951mbar,T+18921mdegC
1590600134:[PRESS ,0038]P  +2951mbar,T+18917mdegC
1590600135:[PRESS ,0038]P  +2981mbar,T+18911mdegC
1590600137:[PRESS ,0038]P  +2971mbar,T+18907mdegC
1590600139:[PRESS ,0038]P  +2981mbar,T+18902mdegC
1590600200:[PRESS ,0038]P  +3231mbar,T+18738mdegC
1590600201:[PRESS ,0038]P  +3251mbar,T+18733mdegC
1590600203:[PRESS ,0038]P  +3251mbar,T+18729mdegC
1590600205:[PRESS ,0038]P  +3261mbar,T+18724mdegC
1590600207:[PRESS ,0038]P  +3271mbar,T+18719mdegC
1590600209:[PRESS ,0038]P  +3281mbar,T+18714mdegC
1590600211:[PRESS ,0038]P  +3291mbar,T+18709mdegC
1590600212:[PRESS ,0038]P  +3281mbar,T+18705mdegC
1590600214:[PRESS ,0038]P  +3311mbar,T+18699mdegC
1590600216:[PRESS ,0038]P  +3311mbar,T+18694mdegC
1590600218:[PRESS ,0038]P  +3311mbar,T+18690mdegC
1590600220:[PRESS ,0038]P  +3321mbar,T+18684mdegC
1590600221:[PRESS ,0038]P  +3331mbar,T+18680mdegC
1590600223:[PRESS ,0038]P  +3341mbar,T+18676mdegC
1590600225:[PRESS ,0038]P  +3361mbar,T+18670mdegC
1590600286:[PRESS ,0038]P  +3621mbar,T+18515mdegC
1590600287:[PRESS ,0038]P  +3621mbar,T+18511mdegC
1590600289:[PRESS ,0038]P  +3621mbar,T+18506mdegC
1590600291:[PRESS ,0038]P  +3631mbar,T+18502mdegC
1590600293:[PRESS ,0038]P  +3651mbar,T+18497mdegC
1590600295:[PRESS ,0038]P  +3641mbar,T+18493mdegC
1590600296:[PRESS ,0038]P  +3661mbar,T+18488mdegC
1590600298:[PRESS ,0038]P  +3671mbar,T+18484mdegC
1590600300:[PRESS ,0038]P  +3661mbar,T+18481mdegC
1590600302:[PRESS ,0038]P  +3671mbar,T+18474mdegC
1590600304:[PRESS ,0038]P  +3681mbar,T+18470mdegC
1590600306:[PRESS ,0038]P  +3701mbar,T+18466mdegC
1590600307:[PRESS ,0038]P  +3691mbar,T+18462mdegC
1590600309:[PRESS ,0038]P  +3701mbar,T+18457mdegC
1590600311:[PRESS ,0038]P  +3711mbar,T+18453mdegC
1590600372:[PRESS ,0038]P  +3941mbar,T+18307mdegC
1590600373:[PRESS ,0038]P  +3951mbar,T+18304mdegC
1590600375:[PRESS ,0038]P  +3951mbar,T+18299mdegC
1590600377:[PRESS ,0038]P  +3951mbar,T+18295mdegC
1590600379:[PRESS ,0038]P  +3971mbar,T+18291mdegC
1590600381:[PRESS ,0038]P  +3971mbar,T+18287mdegC
1590600382:[PRESS ,0038]P  +3981mbar,T+18282mdegC
1590600384:[PRESS ,0038]P  +3981mbar,T+18278mdegC
1590600386:[PRESS ,0038]P  +4001mbar,T+18273mdegC
1590600388:[PRESS ,0038]P  +4001mbar,T+18269mdegC
1590600390:[PRESS ,0038]P  +3991mbar,T+18266mdegC
1590600391:[PRESS ,0038]P  +4011mbar,T+18261mdegC
1590600393:[PRESS ,0038]P  +4011mbar,T+18257mdegC
1590600395:[PRESS ,0038]P  +4021mbar,T+18252mdegC
1590600397:[PRESS ,0038]P  +4031mbar,T+18248mdegC
1590600458:[PRESS ,0038]P  +4291mbar,T+18107mdegC
1590600459:[PRESS ,0038]P  +4301mbar,T+18103mdegC
1590600461:[PRESS ,0038]P  +4291mbar,T+18100mdegC
1590600463:[PRESS ,0038]P  +4301mbar,T+18094mdegC
1590600465:[PRESS ,0038]P  +4301mbar,T+18090mdegC
1590600467:[PRESS ,0038]P  +4311mbar,T+18087mdegC
1590600468:[PRESS ,0038]P  +4331mbar,T+18082mdegC
1590600470:[PRESS ,0038]P  +4341mbar,T+18079mdegC
1590600472:[PRESS ,0038]P  +4351mbar,T+18073mdegC
1590600474:[PRESS ,0038]P  +4351mbar,T+18069mdegC
1590600476:[PRESS ,0038]P  +4361mbar,T+18065mdegC
1590600477:[PRESS ,0038]P  +4371mbar,T+18061mdegC
1590600479:[PRESS ,0038]P  +4391mbar,T+18057mdegC
1590600481:[PRESS ,0038]P  +4391mbar,T+18053mdegC
1590600483:[PRESS ,0038]P  +4391mbar,T+18049mdegC
1590600483:[BUOY  ,0087]from +5mbar/s to +3mbar/s
1590600483:[BUOY  ,0089]need to transfer +26mL (pump during 31671ms)
1590600491:[PUMP  ,0207]battery 15143mV,   38552uA (warmup), P  +4391mbar
1590600491:[PUMP  ,0016]pump during 31671ms
1590600522:[PUMP  ,0212]battery 14486mV,  477264uA (steady state), P  +4391mbar
1590600547:[PRESS ,0038]P  +4651mbar,T+17932mdegC
1590600549:[PRESS ,0038]P  +4671mbar,T+17929mdegC
1590600551:[PRESS ,0038]P  +4671mbar,T+17926mdegC
1590600552:[PRESS ,0038]P  +4671mbar,T+17922mdegC
1590600554:[PRESS ,0038]P  +4681mbar,T+17919mdegC
1590600556:[PRESS ,0038]P  +4691mbar,T+17917mdegC
1590600558:[PRESS ,0038]P  +4701mbar,T+17912mdegC
1590600560:[PRESS ,0038]P  +4701mbar,T+17909mdegC
1590600561:[PRESS ,0038]P  +4711mbar,T+17906mdegC
1590600563:[PRESS ,0038]P  +4711mbar,T+17902mdegC
1590600565:[PRESS ,0038]P  +4711mbar,T+17898mdegC
1590600567:[PRESS ,0038]P  +4721mbar,T+17895mdegC
1590600569:[PRESS ,0038]P  +4731mbar,T+17891mdegC
1590600570:[PRESS ,0038]P  +4741mbar,T+17888mdegC
1590600572:[PRESS ,0038]P  +4751mbar,T+17884mdegC
1590600572:[STAGE ,0213]4751mbar reached at 1590600572s, ref 5000mbar +/-500mbar
1590600572:[BUOY  ,0087]from +4mbar/s to +0mbar/s
1590600572:[BUOY  ,0089]need to transfer +26mL (pump during 31671ms)
1590600580:[PUMP  ,0207]battery 15127mV,   35258uA (warmup), P  +4751mbar
1590600581:[PUMP  ,0016]pump during 31671ms
1590600612:[PUMP  ,0212]battery 14592mV,  486780uA (steady state), P  +4751mbar
1590600636:[PRESS ,0038]P  +4981mbar,T+17773mdegC
1590600638:[PRESS ,0038]P  +4971mbar,T+17770mdegC
1590600640:[PRESS ,0038]P  +4981mbar,T+17768mdegC
1590600642:[PRESS ,0038]P  +4991mbar,T+17764mdegC
1590600644:[PRESS ,0038]P  +4991mbar,T+17760mdegC
1590600645:[PRESS ,0038]P  +4991mbar,T+17757mdegC
1590600647:[PRESS ,0038]P  +4991mbar,T+17753mdegC
1590600649:[PRESS ,0038]P  +5001mbar,T+17751mdegC
1590600651:[PRESS ,0038]P  +5011mbar,T+17746mdegC
1590600653:[PRESS ,0038]P  +5011mbar,T+17743mdegC
1590600654:[PRESS ,0038]P  +5011mbar,T+17740mdegC
1590600656:[PRESS ,0038]P  +5021mbar,T+17736mdegC
1590600658:[PRESS ,0038]P  +5031mbar,T+17733mdegC
1590600660:[PRESS ,0038]P  +5021mbar,T+17729mdegC
1590600662:[PRESS ,0038]P  +5021mbar,T+17726mdegC
1590600662:[BUOY  ,0087]from +2mbar/s to +0mbar/s
1590600662:[BUOY  ,0089]need to transfer +6mL (pump during 7309ms)
1590600670:[PUMP  ,0207]battery 15093mV,   34160uA (warmup), P  +5021mbar
1590600670:[PUMP  ,0016]pump during 7309ms
1590600677:[PUMP  ,0212]battery 14586mV,  492392uA (steady state), P  +5021mbar
1590600726:[PRESS ,0038]P  +5151mbar,T+17602mdegC
1590600727:[PRESS ,0038]P  +5161mbar,T+17598mdegC
1590600729:[PRESS ,0038]P  +5161mbar,T+17595mdegC
1590600731:[PRESS ,0038]P  +5161mbar,T+17591mdegC
1590600733:[PRESS ,0038]P  +5161mbar,T+17587mdegC
1590600735:[PRESS ,0038]P  +5171mbar,T+17583mdegC
1590600736:[PRESS ,0038]P  +5171mbar,T+17579mdegC
1590600738:[PRESS ,0038]P  +5171mbar,T+17577mdegC
1590600740:[PRESS ,0038]P  +5181mbar,T+17572mdegC
1590600742:[PRESS ,0038]P  +5191mbar,T+17568mdegC
1590600744:[PRESS ,0038]P  +5191mbar,T+17566mdegC
1590600746:[PRESS ,0038]P  +5191mbar,T+17562mdegC
1590600747:[PRESS ,0038]P  +5191mbar,T+17557mdegC
1590600749:[PRESS ,0038]P  +5201mbar,T+17554mdegC
1590600751:[PRESS ,0038]P  +5201mbar,T+17550mdegC
1590600751:[BUOY  ,0087]from +2mbar/s to +0mbar/s
1590600751:[BUOY  ,0089]need to transfer +6mL (pump during 7309ms)
1590600759:[PUMP  ,0207]battery 15092mV,   35380uA (warmup), P  +5201mbar
1590600759:[PUMP  ,0016]pump during 7309ms
1590600766:[PUMP  ,0212]battery 14517mV,  490806uA (steady state), P  +5201mbar
1590600815:[PRESS ,0038]P  +5281mbar,T+17432mdegC
1590600817:[PRESS ,0038]P  +5281mbar,T+17429mdegC
1590600819:[PRESS ,0038]P  +5281mbar,T+17426mdegC
1590600820:[PRESS ,0038]P  +5281mbar,T+17422mdegC
1590600822:[PRESS ,0038]P  +5291mbar,T+17419mdegC
1590600824:[PRESS ,0038]P  +5291mbar,T+17416mdegC
1590600826:[PRESS ,0038]P  +5301mbar,T+17413mdegC
1590600828:[PRESS ,0038]P  +5301mbar,T+17408mdegC
1590600829:[PRESS ,0038]P  +5301mbar,T+17406mdegC
1590600831:[PRESS ,0038]P  +5301mbar,T+17402mdegC
1590600833:[PRESS ,0038]P  +5301mbar,T+17398mdegC
1590600835:[PRESS ,0038]P  +5301mbar,T+17394mdegC
1590600837:[PRESS ,0038]P  +5311mbar,T+17392mdegC
1590600838:[PRESS ,0038]P  +5301mbar,T+17389mdegC
1590600840:[PRESS ,0038]P  +5311mbar,T+17386mdegC
1590600840:[BUOY  ,0087]from +1mbar/s to +0mbar/s
1590600840:[BUOY  ,0089]need to transfer +2mL (pump during 2436ms)
1590600849:[PUMP  ,0207]battery 15100mV,   35380uA (warmup), P  +5311mbar
1590600849:[PUMP  ,0016]pump during 2436ms
1590600904:[PRESS ,0038]P  +5321mbar,T+17277mdegC
1590600906:[PRESS ,0038]P  +5321mbar,T+17273mdegC
1590600908:[PRESS ,0038]P  +5331mbar,T+17271mdegC
1590600910:[PRESS ,0038]P  +5331mbar,T+17267mdegC
1590600911:[PRESS ,0038]P  +5331mbar,T+17265mdegC
1590600913:[PRESS ,0038]P  +5321mbar,T+17262mdegC
1590600915:[PRESS ,0038]P  +5311mbar,T+17258mdegC
1590600917:[PRESS ,0038]P  +5311mbar,T+17256mdegC
1590600919:[PRESS ,0038]P  +5311mbar,T+17253mdegC
1590600920:[PRESS ,0038]P  +5311mbar,T+17249mdegC
1590600922:[PRESS ,0038]P  +5301mbar,T+17248mdegC
1590600924:[PRESS ,0038]P  +5301mbar,T+17244mdegC
1590600926:[PRESS ,0038]P  +5311mbar,T+17240mdegC
1590600928:[PRESS ,0038]P  +5301mbar,T+17238mdegC
1590600930:[PRESS ,0038]P  +5301mbar,T+17234mdegC
1590600990:[PRESS ,0038]P  +5311mbar,T+17132mdegC
1590601051:[PRESS ,0038]P  +5311mbar,T+17025mdegC
1590601112:[PRESS ,0038]P  +5291mbar,T+16919mdegC
1590601172:[PRESS ,0038]P  +5291mbar,T+16818mdegC
1590601233:[PRESS ,0038]P  +5271mbar,T+16722mdegC
1590601294:[PRESS ,0038]P  +5271mbar,T+16634mdegC
1590601294:[MAIN  ,0140]stage[0] complete 1849s after mission start
1590601294:[MAIN  ,0056]stage[1]
1590601296:[MAIN  ,0024]internal pressure 79799Pa
1590601297:[MRMAID,0002]acq started
1590601307:[PRESS ,0038]P  +5281mbar,T+16615mdegC
1590601307:[BUOY  ,0037]P  +5281mbar
1590601307:[STAGE ,0080]Stage [1] 5000mbar (+/-500mbar) 7200s (<1590608445s) MERMAID
1590601309:[PRESS ,0038]P  +5281mbar,T+16612mdegC
1590601309:[STAGE ,0213]5281mbar reached at 1590601309s, ref 5000mbar +/-500mbar
1590601370:[PRESS ,0038]P  +5271mbar,T+16532mdegC
1590601430:[PRESS ,0038]P  +5281mbar,T+16457mdegC
1590601491:[PRESS ,0038]P  +5281mbar,T+16387mdegC
1590601552:[PRESS ,0038]P  +5271mbar,T+16321mdegC
1590601613:[PRESS ,0038]P  +5281mbar,T+16260mdegC
1590601673:[PRESS ,0038]P  +5281mbar,T+16203mdegC
1590601734:[PRESS ,0038]P  +5251mbar,T+16149mdegC
1590601795:[PRESS ,0038]P  +5241mbar,T+16099mdegC
1590601855:[PRESS ,0038]P  +5241mbar,T+16052mdegC
1590601916:[PRESS ,0038]P  +5231mbar,T+16010mdegC
1590601977:[PRESS ,0038]P  +5201mbar,T+15969mdegC
1590602037:[PRESS ,0038]P  +5211mbar,T+15933mdegC
1590602098:[PRESS ,0038]P  +5191mbar,T+15899mdegC
1590602159:[PRESS ,0038]P  +5201mbar,T+15867mdegC
1590602219:[PRESS ,0038]P  +5211mbar,T+15839mdegC
1590602280:[PRESS ,0038]P  +5231mbar,T+15813mdegC
1590602341:[PRESS ,0038]P  +5201mbar,T+15787mdegC
1590602401:[PRESS ,0038]P  +5211mbar,T+15762mdegC
1590602462:[PRESS ,0038]P  +5211mbar,T+15739mdegC
1590602523:[PRESS ,0038]P  +5201mbar,T+15720mdegC
1590602583:[PRESS ,0038]P  +5191mbar,T+15702mdegC
1590602644:[PRESS ,0038]P  +5181mbar,T+15688mdegC
1590602705:[PRESS ,0038]P  +5161mbar,T+15676mdegC
1590602766:[PRESS ,0038]P  +5151mbar,T+15663mdegC
1590602826:[PRESS ,0038]P  +5161mbar,T+15650mdegC
1590602887:[PRESS ,0038]P  +5181mbar,T+15635mdegC
1590602948:[PRESS ,0038]P  +5211mbar,T+15620mdegC
1590603008:[PRESS ,0038]P  +5201mbar,T+15602mdegC
1590603069:[PRESS ,0038]P  +5171mbar,T+15582mdegC
1590603130:[PRESS ,0038]P  +5161mbar,T+15562mdegC
1590603190:[PRESS ,0038]P  +5151mbar,T+15543mdegC
1590603251:[PRESS ,0038]P  +5151mbar,T+15525mdegC
1590603312:[PRESS ,0038]P  +5141mbar,T+15508mdegC
1590603372:[PRESS ,0038]P  +5141mbar,T+15494mdegC
1590603433:[PRESS ,0038]P  +5121mbar,T+15482mdegC
1590603494:[PRESS ,0038]P  +5101mbar,T+15470mdegC
1590603554:[PRESS ,0038]P  +5111mbar,T+15461mdegC
1590603615:[PRESS ,0038]P  +5121mbar,T+15451mdegC
1590603676:[PRESS ,0038]P  +5161mbar,T+15442mdegC
1590603736:[PRESS ,0038]P  +5181mbar,T+15433mdegC
1590603797:[PRESS ,0038]P  +5151mbar,T+15422mdegC
1590603858:[PRESS ,0038]P  +5121mbar,T+15409mdegC
1590603919:[PRESS ,0038]P  +5111mbar,T+15399mdegC
1590603979:[PRESS ,0038]P  +5101mbar,T+15386mdegC
1590604040:[PRESS ,0038]P  +5091mbar,T+15376mdegC
1590604101:[PRESS ,0038]P  +5091mbar,T+15364mdegC
1590604161:[PRESS ,0038]P  +5091mbar,T+15354mdegC
1590604222:[PRESS ,0038]P  +5101mbar,T+15344mdegC
1590604283:[PRESS ,0038]P  +5111mbar,T+15335mdegC
1590604343:[PRESS ,0038]P  +5091mbar,T+15327mdegC
1590604404:[PRESS ,0038]P  +5091mbar,T+15319mdegC
1590604465:[PRESS ,0038]P  +5081mbar,T+15310mdegC
1590604525:[PRESS ,0038]P  +5051mbar,T+15302mdegC
1590604586:[PRESS ,0038]P  +5041mbar,T+15296mdegC
1590604647:[PRESS ,0038]P  +5031mbar,T+15291mdegC
1590604707:[PRESS ,0038]P  +5051mbar,T+15287mdegC
1590604768:[PRESS ,0038]P  +5031mbar,T+15283mdegC
1590604829:[PRESS ,0038]P  +5041mbar,T+15282mdegC
1590604889:[PRESS ,0038]P  +5051mbar,T+15282mdegC
1590604950:[PRESS ,0038]P  +5021mbar,T+15285mdegC
1590605011:[PRESS ,0038]P  +5021mbar,T+15293mdegC
1590605072:[PRESS ,0038]P  +5011mbar,T+15304mdegC
1590605132:[PRESS ,0038]P  +5011mbar,T+15318mdegC
1590605193:[PRESS ,0038]P  +5021mbar,T+15334mdegC
1590605254:[PRESS ,0038]P  +5021mbar,T+15350mdegC
1590605314:[PRESS ,0038]P  +5051mbar,T+15365mdegC
1590605375:[PRESS ,0038]P  +5031mbar,T+15381mdegC
1590605436:[PRESS ,0038]P  +5051mbar,T+15395mdegC
1590605496:[PRESS ,0038]P  +5031mbar,T+15406mdegC
1590605557:[PRESS ,0038]P  +5031mbar,T+15417mdegC
1590605618:[PRESS ,0038]P  +5021mbar,T+15425mdegC
1590605678:[PRESS ,0038]P  +5021mbar,T+15434mdegC
1590605739:[PRESS ,0038]P  +5011mbar,T+15443mdegC
1590605800:[PRESS ,0038]P  +5001mbar,T+15451mdegC
1590605860:[PRESS ,0038]P  +4991mbar,T+15456mdegC
1590605921:[PRESS ,0038]P  +4991mbar,T+15460mdegC
1590605982:[PRESS ,0038]P  +5001mbar,T+15465mdegC
1590606042:[PRESS ,0038]P  +5001mbar,T+15470mdegC
1590606103:[PRESS ,0038]P  +5001mbar,T+15475mdegC
1590606164:[PRESS ,0038]P  +4991mbar,T+15478mdegC
1590606225:[PRESS ,0038]P  +5011mbar,T+15482mdegC
1590606285:[PRESS ,0038]P  +5001mbar,T+15488mdegC
1590606346:[PRESS ,0038]P  +4991mbar,T+15491mdegC
1590606407:[PRESS ,0038]P  +4981mbar,T+15493mdegC
1590606467:[PRESS ,0038]P  +4981mbar,T+15494mdegC
1590606528:[PRESS ,0038]P  +4991mbar,T+15493mdegC
1590606589:[PRESS ,0038]P  +4991mbar,T+15492mdegC
1590606649:[PRESS ,0038]P  +4981mbar,T+15490mdegC
1590606710:[PRESS ,0038]P  +5011mbar,T+15489mdegC
1590606771:[PRESS ,0038]P  +5021mbar,T+15486mdegC
1590606831:[PRESS ,0038]P  +5051mbar,T+15484mdegC
1590606892:[PRESS ,0038]P  +5061mbar,T+15480mdegC
1590606953:[PRESS ,0038]P  +5041mbar,T+15478mdegC
1590607013:[PRESS ,0038]P  +5011mbar,T+15477mdegC
1590607074:[PRESS ,0038]P  +5031mbar,T+15475mdegC
1590607135:[PRESS ,0038]P  +5031mbar,T+15472mdegC
1590607195:[PRESS ,0038]P  +5041mbar,T+15467mdegC
1590607256:[PRESS ,0038]P  +5041mbar,T+15461mdegC
1590607317:[PRESS ,0038]P  +5031mbar,T+15456mdegC
1590607378:[PRESS ,0038]P  +5011mbar,T+15451mdegC
1590607438:[PRESS ,0038]P  +5001mbar,T+15445mdegC
1590607499:[PRESS ,0038]P  +4981mbar,T+15437mdegC
1590607560:[PRESS ,0038]P  +4981mbar,T+15428mdegC
1590607620:[PRESS ,0038]P  +4981mbar,T+15419mdegC
1590607681:[PRESS ,0038]P  +5001mbar,T+15409mdegC
1590607742:[PRESS ,0038]P  +5001mbar,T+15400mdegC
1590607802:[PRESS ,0038]P  +5011mbar,T+15392mdegC
1590607863:[PRESS ,0038]P  +5021mbar,T+15386mdegC
1590607924:[PRESS ,0038]P  +5021mbar,T+15382mdegC
1590607984:[PRESS ,0038]P  +5011mbar,T+15378mdegC
1590608045:[PRESS ,0038]P  +4991mbar,T+15376mdegC
1590608106:[PRESS ,0038]P  +4991mbar,T+15374mdegC
1590608166:[PRESS ,0038]P  +4981mbar,T+15372mdegC
1590608227:[PRESS ,0038]P  +5011mbar,T+15369mdegC
1590608288:[PRESS ,0038]P  +5001mbar,T+15362mdegC
1590608348:[PRESS ,0038]P  +5011mbar,T+15354mdegC
1590608409:[PRESS ,0038]P  +5011mbar,T+15345mdegC
1590608470:[PRESS ,0038]P  +5011mbar,T+15334mdegC
1590608470:[MAIN  ,0140]stage[1] complete 9025s after mission start
1590608470:[MRMAID,0003]acq stopped
1590608470:[MRMAID,0052]Mermaid $MEASFS,284906,7120.156067,40.014011;
1590608530:[MAIN  ,0056]stage[2]
1590608532:[MAIN  ,0024]internal pressure 79341Pa
1590608533:[PRESS ,0038]P  +5011mbar,T+15324mdegC
1590608533:[BUOY  ,0037]P  +5011mbar
1590608533:[STAGE ,0091]Stage [2] surfacing 3600s (<1590612045s) SBE41
1590608535:[PRESS ,0038]P  +5021mbar,T+15323mdegC
1590608535:<WARN>[BUOY  ,0094]stage[2] should ASCENT, stuck at 5021mbar for the #1 time
1590608535:[BUOY  ,0087]from +0mbar/s to -9mbar/s
1590608535:[BUOY  ,0089]need to transfer +130mL (pump during 157005ms)
1590608543:[PUMP  ,0207]battery 15170mV,   40870uA (warmup), P  +5021mbar
1590608543:[PUMP  ,0016]pump during 60000ms
1590608602:[PUMP  ,0212]battery 14205mV,  459086uA (steady state), P  +5021mbar
1590608607:[PRESS ,0038]P  +4971mbar,T+15332mdegC
1590608609:[PRESS ,0038]P  +4961mbar,T+15333mdegC
1590608611:[PRESS ,0038]P  +4961mbar,T+15334mdegC
1590608613:[PRESS ,0038]P  +4961mbar,T+15334mdegC
1590608614:[PRESS ,0038]P  +4951mbar,T+15336mdegC
1590608616:[PRESS ,0038]P  +4951mbar,T+15337mdegC
1590608618:[PRESS ,0038]P  +4941mbar,T+15338mdegC
1590608620:[PRESS ,0038]P  +4941mbar,T+15338mdegC
1590608622:[PRESS ,0038]P  +4941mbar,T+15339mdegC
1590608624:[PRESS ,0038]P  +4921mbar,T+15340mdegC
1590608625:[PRESS ,0038]P  +4931mbar,T+15339mdegC
1590608627:[PRESS ,0038]P  +4921mbar,T+15340mdegC
1590608629:[PRESS ,0038]P  +4911mbar,T+15342mdegC
1590608631:[PRESS ,0038]P  +4911mbar,T+15342mdegC
1590608633:[PRESS ,0038]P  +4921mbar,T+15343mdegC
1590608633:[BUOY  ,0087]from -2mbar/s to -9mbar/s
1590608633:[BUOY  ,0089]need to transfer +124mL (pump during 149758ms)
1590608633:[SBE41 ,0337]Speed start detected
1590608641:[PUMP  ,0207]battery 14958mV,  104554uA (warmup), P  +4921mbar
1590608641:[PUMP  ,0016]pump during 60000ms
1590608700:[PUMP  ,0212]battery 14665mV,  506544uA (steady state), P  +4921mbar
1590608705:[PRESS ,0038]P  +4711mbar,T+15371mdegC
1590608706:[PRESS ,0038]P  +4691mbar,T+15372mdegC
1590608708:[PRESS ,0038]P  +4691mbar,T+15373mdegC
1590608710:[PRESS ,0038]P  +4681mbar,T+15374mdegC
1590608712:[PRESS ,0038]P  +4671mbar,T+15375mdegC
1590608714:[PRESS ,0038]P  +4661mbar,T+15376mdegC
1590608715:[PRESS ,0038]P  +4651mbar,T+15378mdegC
1590608717:[PRESS ,0038]P  +4651mbar,T+15379mdegC
1590608719:[PRESS ,0038]P  +4631mbar,T+15380mdegC
1590608721:[PRESS ,0038]P  +4621mbar,T+15381mdegC
1590608723:[PRESS ,0038]P  +4611mbar,T+15382mdegC
1590608724:[PRESS ,0038]P  +4601mbar,T+15382mdegC
1590608726:[PRESS ,0038]P  +4591mbar,T+15384mdegC
1590608728:[PRESS ,0038]P  +4581mbar,T+15384mdegC
1590608730:[PRESS ,0038]P  +4571mbar,T+15386mdegC
1590608730:[BUOY  ,0087]from -5mbar/s to -9mbar/s
1590608730:[BUOY  ,0089]need to transfer +90mL (pump during 108696ms)
1590608738:[PUMP  ,0207]battery 14996mV,   57706uA (warmup), P  +4571mbar
1590608738:[PUMP  ,0016]pump during 60000ms
1590608797:[PUMP  ,0212]battery 14597mV,  507642uA (steady state), P  +4571mbar
1590608802:[PRESS ,0038]P  +4181mbar,T+15431mdegC
1590608804:[PRESS ,0038]P  +4171mbar,T+15434mdegC
1590608806:[PRESS ,0038]P  +4161mbar,T+15435mdegC
1590608807:[PRESS ,0038]P  +4141mbar,T+15437mdegC
1590608809:[PRESS ,0038]P  +4131mbar,T+15439mdegC
1590608811:[PRESS ,0038]P  +4131mbar,T+15440mdegC
1590608813:[PRESS ,0038]P  +4111mbar,T+15441mdegC
1590608815:[PRESS ,0038]P  +4091mbar,T+15443mdegC
1590608816:[PRESS ,0038]P  +4081mbar,T+15444mdegC
1590608818:[PRESS ,0038]P  +4081mbar,T+15446mdegC
1590608820:[PRESS ,0038]P  +4061mbar,T+15447mdegC
1590608822:[PRESS ,0038]P  +4061mbar,T+15450mdegC
1590608824:[PRESS ,0038]P  +4051mbar,T+15451mdegC
1590608825:[PRESS ,0038]P  +4031mbar,T+15452mdegC
1590608827:[PRESS ,0038]P  +4021mbar,T+15454mdegC
1590608827:[BUOY  ,0087]from -6mbar/s to -9mbar/s
1590608827:[BUOY  ,0089]need to transfer +72mL (pump during 86957ms)
1590608835:[PUMP  ,0207]battery 14935mV,   54290uA (warmup), P  +4021mbar
1590608835:[PUMP  ,0016]pump during 60000ms
1590608894:[PUMP  ,0212]battery 14543mV,  490196uA (steady state), P  +4021mbar
1590608899:[PRESS ,0038]P  +3591mbar,T+15518mdegC
1590608901:[PRESS ,0038]P  +3581mbar,T+15521mdegC
1590608903:[PRESS ,0038]P  +3571mbar,T+15525mdegC
1590608905:[PRESS ,0038]P  +3551mbar,T+15525mdegC
1590608906:[PRESS ,0038]P  +3541mbar,T+15528mdegC
1590608908:[PRESS ,0038]P  +3521mbar,T+15529mdegC
1590608910:[PRESS ,0038]P  +3511mbar,T+15531mdegC
1590608912:[PRESS ,0038]P  +3501mbar,T+15534mdegC
1590608914:[PRESS ,0038]P  +3481mbar,T+15536mdegC
1590608915:[PRESS ,0038]P  +3461mbar,T+15537mdegC
1590608917:[PRESS ,0038]P  +3451mbar,T+15540mdegC
1590608919:[PRESS ,0038]P  +3441mbar,T+15542mdegC
1590608921:[PRESS ,0038]P  +3441mbar,T+15544mdegC
1590608923:[PRESS ,0038]P  +3411mbar,T+15544mdegC
1590608925:[PRESS ,0038]P  +3401mbar,T+15546mdegC
1590608985:[PRESS ,0038]P  +3011mbar,T+15593mdegC
1590608987:[PRESS ,0038]P  +3011mbar,T+15595mdegC
1590608989:[PRESS ,0038]P  +2991mbar,T+15595mdegC
1590608991:[PRESS ,0038]P  +2981mbar,T+15597mdegC
1590608992:[PRESS ,0038]P  +2971mbar,T+15599mdegC
1590608994:[PRESS ,0038]P  +2961mbar,T+15600mdegC
1590608996:[PRESS ,0038]P  +2951mbar,T+15601mdegC
1590608998:[PRESS ,0038]P  +2921mbar,T+15602mdegC
1590609000:[PRESS ,0038]P  +2921mbar,T+15604mdegC
1590609001:[PRESS ,0038]P  +2911mbar,T+15606mdegC
1590609003:[PRESS ,0038]P  +2901mbar,T+15606mdegC
1590609005:[PRESS ,0038]P  +2891mbar,T+15609mdegC
1590609007:[PRESS ,0038]P  +2871mbar,T+15610mdegC
1590609009:[PRESS ,0038]P  +2851mbar,T+15610mdegC
1590609010:[PRESS ,0038]P  +2841mbar,T+15613mdegC
1590609011:[BUOY  ,0087]from -7mbar/s to -9mbar/s
1590609011:[BUOY  ,0089]need to transfer +52mL (pump during 62802ms)
1590609019:[PUMP  ,0207]battery 14872mV,   57096uA (warmup), P  +2841mbar
1590609019:[PUMP  ,0016]pump during 60000ms
1590609078:[PUMP  ,0212]battery 14405mV,  487146uA (steady state), P  +2841mbar
1590609083:[PRESS ,0038]P  +2241mbar,T+15701mdegC
1590609084:[PRESS ,0038]P  +2231mbar,T+15702mdegC
1590609086:[PRESS ,0038]P  +2211mbar,T+15706mdegC
1590609088:[PRESS ,0038]P  +2191mbar,T+15709mdegC
1590609090:[PRESS ,0038]P  +2181mbar,T+15711mdegC
1590609092:[PRESS ,0038]P  +2151mbar,T+15713mdegC
1590609093:[PRESS ,0038]P  +2151mbar,T+15717mdegC
1590609095:[PRESS ,0038]P  +2121mbar,T+15720mdegC
1590609097:[PRESS ,0038]P  +2111mbar,T+15723mdegC
1590609099:[PRESS ,0038]P  +2101mbar,T+15725mdegC
1590609101:[PRESS ,0038]P  +2091mbar,T+15728mdegC
1590609102:[PRESS ,0038]P  +2061mbar,T+15731mdegC
1590609104:[PRESS ,0038]P  +2051mbar,T+15734mdegC
1590609106:[PRESS ,0038]P  +2031mbar,T+15736mdegC
1590609108:[PRESS ,0038]P  +2021mbar,T+15739mdegC
1590609168:[PRESS ,0038]P  +1561mbar,T+15827mdegC
1590609170:[PRESS ,0038]P  +1541mbar,T+15829mdegC
1590609172:[PRESS ,0038]P  +1541mbar,T+15833mdegC
1590609174:[PRESS ,0038]P  +1531mbar,T+15836mdegC
1590609176:[PRESS ,0038]P  +1511mbar,T+15838mdegC
1590609178:[PRESS ,0038]P  +1501mbar,T+15841mdegC
1590609179:[PRESS ,0038]P  +1491mbar,T+15843mdegC
1590609181:[PRESS ,0038]P  +1471mbar,T+15846mdegC
1590609183:[PRESS ,0038]P  +1461mbar,T+15848mdegC
1590609185:[PRESS ,0038]P  +1451mbar,T+15852mdegC
1590609187:[PRESS ,0038]P  +1441mbar,T+15853mdegC
1590609188:[PRESS ,0038]P  +1431mbar,T+15856mdegC
1590609190:[PRESS ,0038]P  +1421mbar,T+15859mdegC
1590609192:[PRESS ,0038]P  +1421mbar,T+15862mdegC
1590609194:[PRESS ,0038]P  +1421mbar,T+15864mdegC
1590609194:[BUOY  ,0087]from -6mbar/s to -9mbar/s
1590609194:[BUOY  ,0089]need to transfer +72mL (pump during 86957ms)
1590609202:[PUMP  ,0207]battery 14875mV,   58682uA (warmup), P  +1421mbar
1590609202:[PUMP  ,0016]pump during 60000ms
1590609261:[PUMP  ,0212]battery 14387mV,  482144uA (steady state), P  +1421mbar
1590609266:[PRESS ,0038]P   +851mbar,T+15992mdegC
1590609268:[PRESS ,0038]P   +831mbar,T+15996mdegC
1590609269:[PRESS ,0038]P   +831mbar,T+15999mdegC
1590609271:[PRESS ,0038]P   +811mbar,T+16002mdegC
1590609273:[PRESS ,0038]P   +801mbar,T+16007mdegC
1590609275:[PRESS ,0038]P   +791mbar,T+16010mdegC
1590609277:[PRESS ,0038]P   +761mbar,T+16014mdegC
1590609278:[PRESS ,0038]P   +751mbar,T+16017mdegC
1590609280:[PRESS ,0038]P   +741mbar,T+16022mdegC
1590609282:[PRESS ,0038]P   +721mbar,T+16025mdegC
1590609284:[PRESS ,0038]P   +711mbar,T+16029mdegC
1590609286:[PRESS ,0038]P   +701mbar,T+16032mdegC
1590609287:[PRESS ,0038]P   +681mbar,T+16036mdegC
1590609289:[PRESS ,0038]P   +661mbar,T+16041mdegC
1590609291:[PRESS ,0038]P   +651mbar,T+16044mdegC
1590609352:[PRESS ,0038]P   +121mbar,T+16182mdegC
1590609354:[PRESS ,0038]P   +101mbar,T+16186mdegC
1590609355:[PRESS ,0038]P   +101mbar,T+16191mdegC
1590609357:[PRESS ,0038]P    +71mbar,T+16195mdegC
1590609359:[PRESS ,0038]P    +41mbar,T+16200mdegC
1590609361:[PRESS ,0038]P    +41mbar,T+16205mdegC
1590609363:[PRESS ,0038]P    +11mbar,T+16209mdegC
1590609364:[PRESS ,0038]P    +11mbar,T+16214mdegC
1590609366:[PRESS ,0038]P     +1mbar,T+16218mdegC
1590609368:[PRESS ,0038]P    -19mbar,T+16223mdegC
1590609370:[PRESS ,0038]P    -29mbar,T+16229mdegC
1590609372:[PRESS ,0038]P    -49mbar,T+16234mdegC
1590609373:[PRESS ,0038]P    -49mbar,T+16239mdegC
1590609375:[PRESS ,0038]P    -39mbar,T+16244mdegC
1590609377:[PRESS ,0038]P    -49mbar,T+16249mdegC
1590609377:[STAGE ,0214]-49mbar (500) reached at 1590609377s, ascending from 5011mbar
1590609377:[STAGE ,0342]The float reached the surface : OK
1590609377:[MAIN  ,0140]stage[2] complete 9932s after mission start
1590609398:[SBE41 ,0343]SBE41 dump : 27 stored samples in hexa format
1590609399:[SBE41 ,0338]Dump finished
1590609399:[SBE41 ,0318]243 bytes in 0051/5ECEC295.S41
1590609399:[MRMAID,0188]acq already stopped
1590609459:[MSSION,0192]mission stopped, 3 stage(s) done
1590609459:[MAIN  ,0065]surfacing
1590609461:[PRESS ,0038]P    -39mbar,T+16535mdegC
1590609461:[SURFIN,0036]P    -39mbar
1590609463:[PRESS ,0038]P    -19mbar,T+16542mdegC
1590609465:[PRESS ,0038]P    -29mbar,T+16549mdegC
1590609465:[SURFIN,0020]filling external bladder
1590609473:[PUMP  ,0207]battery 14960mV,   40382uA (warmup), P    -29mbar
1590609473:[PUMP  ,0016]pump during 300000ms
1590609566:[PUMP  ,0212]battery 14141mV, 1429230uA (steady state), P    -29mbar
1590609568:[SURFIN,0019]external bladder full
1590609570:[PRESS ,0038]P   +200mbar,T+16965mdegC
1590609572:[PRESS ,0038]P   +200mbar,T+16970mdegC
1590609573:[PRESS ,0038]P   +200mbar,T+16975mdegC
1590609575:[PRESS ,0038]P   +210mbar,T+16981mdegC
1590609577:[PRESS ,0038]P   +200mbar,T+16987mdegC
1590609579:[PRESS ,0038]P   +190mbar,T+16993mdegC
1590609581:[PRESS ,0038]P   +210mbar,T+16998mdegC
1590609582:[PRESS ,0038]P   +200mbar,T+17005mdegC
1590609584:[PRESS ,0038]P   +200mbar,T+17010mdegC
1590609586:[PRESS ,0038]P   +200mbar,T+17015mdegC
1590609588:[PRESS ,0038]P   +210mbar,T+17022mdegC
1590609590:[PRESS ,0038]P   +200mbar,T+17027mdegC
1590609591:[PRESS ,0038]P   +190mbar,T+17034mdegC
1590609593:[PRESS ,0038]P   +190mbar,T+17040mdegC
1590609595:[PRESS ,0038]P   +200mbar,T+17046mdegC
1590609631:[MAIN  ,0272]Vbat 14815mV (min 14402mV)
1590609633:[MAIN  ,0024]internal pressure 78850Pa
1590609633:[MAIN  ,0043]Pext 200mbar (rng 20mbar)
1590609633:[MAIN  ,0064]surface
1590609644:[SURF  ,0022]GPS fix...
1590609680:[SURF  ,0015]10 PPS detected...
1590609681:[MRMAID,0052]Mermaid $GPSACK:+0,+0,+0,+0,+0,+0,-1281;
1590609691:[MRMAID,0052]Mermaid $GPSOFF:3686321;
1590609692:[GPSFIX,0179]-1s diff
1590609693:[SURF  ,0222]2020-05-27T20:01:33
1590609693:[SURF  ,0082]Latitude : N43deg40.939mn, Longitude :E007deg19.176mn
1590609693:[SURF  ,0223]fix3D,8satellites
1590609693:[SURF  ,0084]GPS fix GPGSA : hdop0.750,vdop1.030
1590609703:[SURF  ,0274]last almanac : 474092
1590609716:[MRMAID,0026]1566 bytes in 0051/5ECEC72C.MER
1590609721:[MAIN  ,0320]New pressure offset: 200mbar
1590609721:[LOGBIN,0078]*** switching to 0051/5ECEC739 ***
