1581532790:[MAIN  ,0007]buoy 452.020-P-0051
1581532790:[MAIN  ,0055]soft pilotage 452.012.300_V2.12-20200211
1581532790:[MAIN  ,0010]cycle 6
1581532790:[SURF  ,0225]surface2
1581532808:[SURF  ,0022]GPS fix...
1581532828:[SURF  ,0015]10 PPS detected...
1581532829:[MRMAID,0052]Mermaid $GPSACK:+0,+0,+0,+0,+0,+0,-30;
1581532839:[MRMAID,0052]Mermaid $GPSOFF:3686321;
1581532840:[GPSFIX,0179]-1s diff
1581532841:[SURF  ,0222]2020-02-12T18:40:41
1581532841:[SURF  ,0082]Latitude : N43deg40.935mn, Longitude :E007deg19.171mn
1581532841:[SURF  ,0223]fix3D,6satellites
1581532841:[SURF  ,0084]GPS fix GPGSA : hdop1.030,vdop1.450
1581532851:[SURF  ,0025]Iridium...
1581532900:[SURF  ,0009]connected in 49s, signal quality 5
1581532931:<WARN>[SURF  ,0071]timeout
1581532931:<WARN>[SURF  ,0056]peer mute
1581532936:[SURF  ,0014]disconnected after 85s
1581532941:[SURF  ,0069]transfer interrupted , retry
1581532957:[SURF  ,0022]GPS fix...
1581532977:[SURF  ,0015]10 PPS detected...
1581532978:[MRMAID,0052]Mermaid $GPSACK:+0,+0,+0,+0,+0,+0,-30;
1581532988:[MRMAID,0052]Mermaid $GPSOFF:3686321;
1581532989:[GPSFIX,0179]-1s diff
1581532990:[SURF  ,0222]2020-02-12T18:43:10
1581532990:[SURF  ,0082]Latitude : N43deg40.934mn, Longitude :E007deg19.171mn
1581532990:[SURF  ,0223]fix3D,6satellites
1581532990:[SURF  ,0084]GPS fix GPGSA : hdop0.910,vdop1.470
1581533000:[SURF  ,0025]Iridium...
1581533041:[SURF  ,0009]connected in 41s, signal quality 5
1581533064:[BYCMD ,0120]    bypass 10000ms 120000ms (20000ms 60000ms stored)
1581533068:[BYCMD ,0125]    near 1500mbar 3mbar/s (15000mbar 3mbar/s stored)
1581533070:[BYCMD ,0126]    far 2500mbar 4mbar/s (25000mbar 4mbar/s stored)
1581533073:[BYCMD ,0128]    dead 60s (300s stored)
1581533075:[P2TCMD,0155]p2t log dp > 50mbar
1581533076:[MSSION,0190]4 stage(s) deleted
1581533076:[STACMD,0168]stage del 4
1581533078:[STAGE ,0080]Stage [0] 2500mbar (+/-500mbar) 900s (<900s) 
1581533079:[STAGE ,0080]Stage [1] 2500mbar (+/-500mbar) 1800s (<2700s) MERMAID
1581533081:[STAGE ,0080]Stage [2] 5000mbar (+/-500mbar) 900s (<3600s) 
1581533082:[STAGE ,0091]Stage [3] surfacing 3600s (<7200s) SBE41
1581533082:[STAGE ,0340]Stage with SBE41: all parameters saved
1581533094:[STACMD,0170]stage store 104
1581533106:[SURF  ,0218]prompt received, remote cmd end
1581533106:[SURF  ,0012]19 cmd(s) received
1581533127:[UPLOAD,0248]Upload data files...
1581533230:[UPLOAD,0231]"0051/5E443DAC.S41" uploaded at 132bytes/s
1581533243:[UPLOAD,0231]"0051/5E444668.MER" uploaded at 151bytes/s
1581533331:[UPLOAD,0231]"0051/5E442A2F.BIN" uploaded at 95bytes/s
1581533347:[MAIN  ,0013]3 file(s) uploaded
1581533377:[SURF  ,0014]disconnected after 377s
1581533382:[SURF  ,0227]1st complete transfer
1581533395:[SURF  ,0022]GPS fix...
1581533415:[SURF  ,0015]10 PPS detected...
1581533416:[MRMAID,0052]Mermaid $GPSACK:+0,+0,+0,+0,+0,+0,-61;
1581533426:[MRMAID,0052]Mermaid $GPSOFF:3686321;
1581533427:[GPSFIX,0179]-1s diff
1581533428:[SURF  ,0222]2020-02-12T18:50:28
1581533428:[SURF  ,0082]Latitude : N43deg40.935mn, Longitude :E007deg19.171mn
1581533428:[SURF  ,0223]fix3D,6satellites
1581533428:[SURF  ,0084]GPS fix GPGSA : hdop0.890,vdop1.520
1581533445:[MAIN  ,0024]internal pressure 78508Pa
1581533446:[BYCMD ,0107]    FreeRTOS V8.2.3
1581533446:[BYCMD ,0108]    FatFS v11a
1581533446:[BYCMD ,0120]    bypass 10000ms 120000ms (20000ms 60000ms stored)
1581533446:[BYCMD ,0121]    valve 60000ms 12750 (60000ms 12750 stored)
1581533446:[BYCMD ,0122]    pump 60000ms 30 10750 80 (60000ms 30 10750 80tored)
1581533446:[BYCMD ,0123]    rate 2mbar/s (2mbar/s stored)
1581533446:[BYCMD ,0124]    surface 500mbar (500mbar stored)
1581533446:[BYCMD ,0125]    near 1500mbar 3mbar/s (15000mbar 3mbar/s stored)
1581533446:[BYCMD ,0126]    far 2500mbar 4mbar/s (25000mbar 4mbar/s stored)
1581533446:[BYCMD ,0127]    ascent 8mbar/s (8mbar/s stored)
1581533446:[BYCMD ,0128]    dead 60s (300s stored)
1581533446:[BYCMD ,0129]    coeff 16/10 (16/10 stored)
1581533446:[BYCMD ,0130]    stab 10 (10 stored)
1581533446:[BYCMD ,0131]    delay 900s 3600s (900s 3600s stored)
1581533446:[BYCMD ,0132]    mmtime 2880min (2880min stored)
1581533446:[BYCMD ,0133]    dv_landing 100ml (100ml stored)
1581533446:[MKDCMD,0150]    p2t37: 15x2000ms, offset 181mbar
1581533446:[P2TCMD,0151]    p2t37: dp 50mbar, dt 5000mdegC
1581533447:[STAGE ,0080]Stage [0] 2500mbar (+/-500mbar) 900s (<900s) 
1581533447:[STAGE ,0080]Stage [1] 2500mbar (+/-500mbar) 1800s (<2700s) MERMAID
1581533447:[STAGE ,0080]Stage [2] 5000mbar (+/-500mbar) 900s (<3600s) 
1581533447:[STAGE ,0091]Stage [3] surfacing 3600s (<7200s) SBE41
1581533447:[SBE41 ,0282]SBE41 parameters : 
      dsreplyformat=1 (webb(0)/standard(1))
      addtimingdelays=0 (n(0)/y(1))
      outputdensity=0 (n(0)/y(1))
      echocmd=0 (n(0)/y(1))
      outputrt=1 (n(0)/y(1))
      outputpts=0 (n(0)/y(1))
      outputsn=0 (n(0)/y(1))
      outputpressure=1 (n(0)/y(1))
      pcutoff=5dbar
      tswait=0s
      pumpfastpt=1 (n(0)/y(1))
      samplerate=1 ('fast':1Hz(1)/'slow':0.5Hz(0))
      top_bin_interval=10dbar
      top_bin_size=10dbar
      top_bin_max=100dbar
      middle_bin_interval=50dbar
      middle_bin_size=50dbar
      middle_bin_max=1000dbar
      bottom_bin_interval=100dbar
      bottom_bin_size=100dbar
      includetransitionbin=0
      includenbin=0 (n(0)/y(1))
      autobinavg=0 (n(0)/y(1))
1581533447:[SBE41 ,0283]SBE41 pilot policy : 
      continiousprofile=0 (n(0)/y(1)
      speeddetection=1 (n(0)/y(1)
      hexoutput=1 (n(0)/y(1)
      binaverageoutput=0 (n(0)/y(1)
      manualprofilerate=10s
      runningpumpbeforeprofile=0s
      speedstart=2mbar/s
      speedcontrol=0mbar/s
1581533447:[MAIN  ,0070]turn off bluetooth
1581533450:[PRESS ,0038]P    -21mbar,T+14327mdegC
1581533474:[DIVING,0141]diving from -11mbar, +0mbar/s
1581533474:[BYPASS,0035]bypass opening 120000ms
1581533479:[BYPASS,0104]bypass opening: 14528mV/353312uA
1581533604:[BYPASS,0106]bypass closing: 14487mV/394670uA
1581533606:[PRESS ,0038]P   +189mbar,T+14283mdegC
1581533611:[PRESS ,0038]P   +249mbar,T+14281mdegC
1581533618:[PRESS ,0038]P   +309mbar,T+14278mdegC
1581533624:[PRESS ,0038]P   +369mbar,T+14275mdegC
1581533631:[PRESS ,0038]P   +439mbar,T+14272mdegC
1581533642:[PRESS ,0038]P   +499mbar,T+14270mdegC
1581533647:[DIVING,0028]519mbar reached (+8mbar/s), 1 bypass done
1581533647:[MAIN  ,0056]stage[0]
1581533649:[MAIN  ,0024]internal pressure 79844Pa
1581533650:[BUOY  ,0037]P   +539mbar
1581533650:[STAGE ,0080]Stage [0] 2500mbar (+/-500mbar) 900s (<1581534547s) 
1581533652:[PRESS ,0038]P   +559mbar,T+14267mdegC
1581533652:[BUOY  ,0087]from +7mbar/s to +3mbar/s
1581533652:[BUOY  ,0089]need to transfer +64mL (pump during 79602ms)
1581533660:[PUMP  ,0207]pump warmup 14958mV/40626uA
1581533660:[PUMP  ,0016]pump during 60000ms
1581533722:[PUMP  ,0212]pump stopped, 14556mV/484323uA
1581533727:[PRESS ,0038]P  +1299mbar,T+14262mdegC
1581533734:[PRESS ,0038]P  +1359mbar,T+14263mdegC
1581533739:[PRESS ,0038]P  +1419mbar,T+14264mdegC
1581533746:[PRESS ,0038]P  +1479mbar,T+14265mdegC
1581533750:[PRESS ,0038]P  +1539mbar,T+14265mdegC
1581533752:[BUOY  ,0087]from +10mbar/s to +2mbar/s
1581533752:[BUOY  ,0089]need to transfer +154mL (pump during 191542ms)
1581533760:[PUMP  ,0207]pump warmup 14906mV/40992uA
1581533760:[PUMP  ,0016]pump during 60000ms
1581533822:[PUMP  ,0212]pump stopped, 14545mV/497745uA
1581533827:[PRESS ,0038]P  +2309mbar,T+14283mdegC
1581533834:[PRESS ,0038]P  +2379mbar,T+14286mdegC
1581533841:[PRESS ,0038]P  +2449mbar,T+14288mdegC
1581533848:[PRESS ,0038]P  +2509mbar,T+14291mdegC
1581533852:[STAGE ,0213]2539mbar reached at 1581533852s, ref 2500mbar +/-500mbar
1581533852:[BUOY  ,0087]from +9mbar/s to +0mbar/s
1581533852:[BUOY  ,0089]need to transfer +130mL (pump during 161692ms)
1581533860:[PUMP  ,0207]pump warmup 14862mV/40748uA
1581533860:[PUMP  ,0016]pump during 60000ms
1581533922:[PUMP  ,0212]pump stopped, 14524mV/499119uA
1581533926:[PRESS ,0038]P  +3179mbar,T+14319mdegC
1581533935:[PRESS ,0038]P  +3249mbar,T+14324mdegC
1581533942:[PRESS ,0038]P  +3309mbar,T+14328mdegC
1581533951:[PRESS ,0038]P  +3369mbar,T+14331mdegC
1581534012:[PRESS ,0038]P  +3899mbar,T+14338mdegC
1581534019:[PRESS ,0038]P  +3959mbar,T+14339mdegC
1581534026:[PRESS ,0038]P  +4029mbar,T+14338mdegC
1581534035:[PRESS ,0038]P  +4089mbar,T+14338mdegC
1581534037:[BUOY  ,0087]from +8mbar/s to -3mbar/s
1581534037:[BUOY  ,0089]need to transfer +116mL (pump during 144279ms)
1581534045:[PUMP  ,0207]pump warmup 14897mV/40992uA
1581534045:[PUMP  ,0016]pump during 60000ms
1581534107:[PUMP  ,0212]pump stopped, 14528mV/512257uA
1581534112:[PRESS ,0038]P  +4519mbar,T+14357mdegC
1581534122:[PRESS ,0038]P  +4579mbar,T+14364mdegC
1581534133:[PRESS ,0038]P  +4639mbar,T+14368mdegC
1581534137:[BUOY  ,0087]from +6mbar/s to -3mbar/s
1581534137:[BUOY  ,0089]need to transfer +72mL (pump during 89552ms)
1581534145:[PUMP  ,0207]pump warmup 14860mV/40626uA
1581534145:[PUMP  ,0016]pump during 60000ms
1581534207:[PUMP  ,0212]pump stopped, 14513mV/520734uA
1581534211:[PRESS ,0038]P  +5079mbar,T+14402mdegC
1581534220:[PRESS ,0038]P  +5139mbar,T+14407mdegC
1581534231:[PRESS ,0038]P  +5199mbar,T+14414mdegC
1581534236:[BUOY  ,0087]from +5mbar/s to -4mbar/s
1581534236:[BUOY  ,0089]need to transfer +66mL (pump during 82090ms)
1581534244:[PUMP  ,0207]pump warmup 14828mV/40992uA
1581534244:[PUMP  ,0016]pump during 60000ms
1581534306:[PUMP  ,0212]pump stopped, 14498mV/515749uA
1581534311:[PRESS ,0038]P  +5459mbar,T+14448mdegC
1581534336:<WARN>[BUOY  ,0094]stage[0] should ASCENT, stuck at 5459mbar for the #1 time
1581534336:[BUOY  ,0087]from +0mbar/s to -4mbar/s
1581534336:[BUOY  ,0089]need to transfer +26mL (pump during 32348ms)
1581534344:[PUMP  ,0207]pump warmup 14812mV/41114uA
1581534344:[PUMP  ,0016]pump during 32348ms
1581534378:[PUMP  ,0212]pump stopped, 14492mV/519669uA
1581534426:[BUOY  ,0087]from -1mbar/s to -4mbar/s
1581534426:[BUOY  ,0089]need to transfer +24mL (pump during 29860ms)
1581534434:[PUMP  ,0207]pump warmup 14840mV/41114uA
1581534434:[PUMP  ,0016]pump during 29860ms
1581534465:[PUMP  ,0212]pump stopped, 14512mV/520295uA
1581534491:[PRESS ,0038]P  +5339mbar,T+14502mdegC
1581534516:[PRESS ,0038]P  +5279mbar,T+14505mdegC
1581534516:[BUOY  ,0087]from -2mbar/s to -4mbar/s
1581534516:[BUOY  ,0089]need to transfer +20mL (pump during 24883ms)
1581534524:[PUMP  ,0207]pump warmup 14863mV/40748uA
1581534525:[PUMP  ,0016]pump during 24883ms
1581534550:[PUMP  ,0212]pump stopped, 14533mV/515965uA
1581534581:[PRESS ,0038]P  +5119mbar,T+14515mdegC
1581534601:[PRESS ,0038]P  +5059mbar,T+14515mdegC
1581534606:[MAIN  ,0140]stage[0] complete 959s after mission start
1581534606:[MAIN  ,0056]stage[1]
1581534608:[MAIN  ,0024]internal pressure 79528Pa
1581534610:[MRMAID,0002]acq started
1581534620:[PRESS ,0038]P  +4979mbar,T+14513mdegC
1581534620:[BUOY  ,0037]P  +4979mbar
1581534620:[STAGE ,0080]Stage [1] 2500mbar (+/-500mbar) 1800s (<1581536347s) MERMAID
1581534682:[PRESS ,0038]P  +4699mbar,T+14501mdegC
1581534695:[PRESS ,0038]P  +4639mbar,T+14498mdegC
1581534707:[PRESS ,0038]P  +4579mbar,T+14495mdegC
1581534707:[BUOY  ,0087]from -5mbar/s to -3mbar/s
1581534707:[BUOY  ,0090]need to transfer -26mL (valve during 4948ms)
1581534707:[MRMAID,0003]acq stopped
1581534708:[VALVE ,0034]valve opening 4948ms
1581534713:[VALVE ,0234]closed 14448mV/608414uA
1581534714:[MRMAID,0002]acq started
1581534778:[PRESS ,0038]P  +4359mbar,T+14476mdegC
1581534801:[PRESS ,0038]P  +4299mbar,T+14469mdegC
1581534863:[PRESS ,0038]P  +4149mbar,T+14455mdegC
1581534885:[PRESS ,0038]P  +4079mbar,T+14451mdegC
1581534949:[PRESS ,0038]P  +3919mbar,T+14437mdegC
1581534959:[MRMAID,0027]39dbar, 14degC
1581535041:[PRESS ,0038]P  +3859mbar,T+14420mdegC
1581535120:[PRESS ,0038]P  +3629mbar,T+14408mdegC
1581535141:[PRESS ,0038]P  +3569mbar,T+14405mdegC
1581535205:[PRESS ,0038]P  +3379mbar,T+14395mdegC
1581535225:[PRESS ,0038]P  +3319mbar,T+14392mdegC
1581535291:[PRESS ,0038]P  +3119mbar,T+14383mdegC
1581535315:[PRESS ,0038]P  +3059mbar,T+14380mdegC
1581535376:[PRESS ,0038]P  +2869mbar,T+14371mdegC
1581535401:[PRESS ,0038]P  +2809mbar,T+14369mdegC
1581535401:[STAGE ,0213]2809mbar reached at 1581535401s, ref 2500mbar +/-500mbar
1581535401:[BUOY  ,0087]from -3mbar/s to +0mbar/s
1581535401:[BUOY  ,0090]need to transfer -14mL (valve during 3368ms)
1581535401:[MRMAID,0003]acq stopped
1581535401:[MRMAID,0183]dropping spurious '0x34'
1581535401:[MRMAID,0183]dropping spurious '0x2E'
1581535401:[MRMAID,0183]dropping spurious '0x35'
1581535401:[MRMAID,0183]dropping spurious '0x35'
1581535401:[MRMAID,0183]dropping spurious '0x32'
1581535401:[MRMAID,0183]dropping spurious '0x33'
1581535401:[MRMAID,0183]dropping spurious '0x33'
1581535401:[MRMAID,0183]dropping spurious '0x38'
1581535401:[MRMAID,0183]dropping spurious '0x2C'
1581535401:[MRMAID,0183]dropping spurious '0x34'
1581535401:[MRMAID,0183]dropping spurious '0x30'
1581535401:[MRMAID,0183]dropping spurious '0x2E'
1581535401:[MRMAID,0183]dropping spurious '0x30'
1581535401:[VALVE ,0034]valve opening 3368ms
1581535401:[MRMAID,0183]dropping spurious '0x31'
1581535402:[MRMAID,0183]dropping spurious '0x34'
1581535402:[MRMAID,0183]dropping spurious '0x30'
1581535402:[MRMAID,0183]dropping spurious '0x33'
1581535402:[MRMAID,0183]dropping spurious '0x36'
1581535402:[MRMAID,0183]dropping spurious '0x3B'
1581535402:[MRMAID,0185]19 spurious byte(s) received
1581535405:[VALVE ,0234]closed 14433mV/598044uA
1581535406:[MRMAID,0002]acq started
1581535472:[PRESS ,0038]P  +2659mbar,T+14357mdegC
1581535557:[PRESS ,0038]P  +2569mbar,T+14346mdegC
1581535678:[PRESS ,0038]P  +2509mbar,T+14332mdegC
1581535739:[PRESS ,0038]P  +2429mbar,T+14326mdegC
1581535739:[BUOY  ,0087]from -1mbar/s to +0mbar/s
1581535739:[BUOY  ,0090]need to transfer -2mL (valve during 520ms)
1581535739:[MRMAID,0003]acq stopped
1581535740:[VALVE ,0034]valve opening 520ms
1581535740:[VALVE ,0234]closed 14691mV/305976uA
1581535742:[MRMAID,0002]acq started
1581535956:[PRESS ,0038]P  +2529mbar,T+14304mdegC
1581535956:[BUOY  ,0087]from +1mbar/s to +0mbar/s
1581535956:[BUOY  ,0089]need to transfer +2mL (pump during 2436ms)
1581535956:[MRMAID,0003]acq stopped
1581535965:[PUMP  ,0207]pump warmup 15148mV/40870uA
1581535965:[PUMP  ,0016]pump during 2436ms
1581535967:[PUMP  ,0212]pump stopped, 14503mV/477874uA
1581535970:[MRMAID,0002]acq started
1581536115:[PRESS ,0038]P  +2619mbar,T+14296mdegC
1581536115:[BUOY  ,0087]from +1mbar/s to +0mbar/s
1581536115:[BUOY  ,0089]need to transfer +2mL (pump during 2436ms)
1581536115:[MRMAID,0003]acq stopped
1581536124:[PUMP  ,0207]pump warmup 15158mV/40504uA
1581536124:[PUMP  ,0016]pump during 2436ms
1581536126:[PUMP  ,0212]pump stopped, 14550mV/474946uA
1581536130:[MRMAID,0002]acq started
1581536189:[PRESS ,0038]P  +2689mbar,T+14292mdegC
1581536214:[BUOY  ,0087]from +1mbar/s to +0mbar/s
1581536214:[BUOY  ,0089]need to transfer +2mL (pump during 2436ms)
1581536214:[MRMAID,0003]acq stopped
1581536223:[PUMP  ,0207]pump warmup 15162mV/40626uA
1581536223:[PUMP  ,0016]pump during 2436ms
1581536225:[PUMP  ,0212]pump stopped, 14568mV/488488uA
1581536229:[MRMAID,0002]acq started
1581536292:[PRESS ,0038]P  +2749mbar,T+14288mdegC
1581536374:[MAIN  ,0140]stage[1] complete 2727s after mission start
1581536374:[MRMAID,0003]acq stopped
1581536434:[MAIN  ,0056]stage[2]
1581536436:[MAIN  ,0024]internal pressure 79407Pa
1581536437:[PRESS ,0038]P  +2849mbar,T+14280mdegC
1581536437:[BUOY  ,0037]P  +2849mbar
1581536437:[STAGE ,0080]Stage [2] 5000mbar (+/-500mbar) 900s (<1581537247s) 
1581536439:[BUOY  ,0087]from +1mbar/s to +3mbar/s
1581536439:[BUOY  ,0090]need to transfer -12mL (valve during 2887ms)
1581536439:[VALVE ,0034]valve opening 2887ms
1581536442:[VALVE ,0234]closed 14536mV/595848uA
1581536500:[PRESS ,0038]P  +2979mbar,T+14274mdegC
1581536517:[PRESS ,0038]P  +3039mbar,T+14273mdegC
1581536585:[PRESS ,0038]P  +3289mbar,T+14268mdegC
1581536605:[PRESS ,0038]P  +3359mbar,T+14268mdegC
1581536671:[PRESS ,0038]P  +3569mbar,T+14264mdegC
1581536685:[PRESS ,0038]P  +3629mbar,T+14263mdegC
1581536695:[BUOY  ,0087]from +4mbar/s to +2mbar/s
1581536695:[BUOY  ,0089]need to transfer +20mL (pump during 24304ms)
1581536704:[PUMP  ,0207]pump warmup 15180mV/40626uA
1581536704:[PUMP  ,0016]pump during 24304ms
1581536729:[PUMP  ,0212]pump stopped, 14738mV/508263uA
1581536761:[PRESS ,0038]P  +3889mbar,T+14266mdegC
1581536846:[PRESS ,0038]P  +4019mbar,T+14267mdegC
1581536956:<WARN>[BUOY  ,0094]stage[2] should DESCENT, stuck at 4059mbar for the #1 time
1581536956:[BUOY  ,0087]from +0mbar/s to +2mbar/s
1581536956:[BUOY  ,0090]need to transfer -6mL (valve during 1214ms)
1581536956:[VALVE ,0034]valve opening 1214ms
1581536957:[VALVE ,0234]closed 14531mV/560956uA
1581537017:[PRESS ,0038]P  +4099mbar,T+14258mdegC
1581537102:[PRESS ,0038]P  +4169mbar,T+14254mdegC
1581537127:[PRESS ,0038]P  +4229mbar,T+14254mdegC
1581537188:[PRESS ,0038]P  +4399mbar,T+14251mdegC
1581537207:[PRESS ,0038]P  +4459mbar,T+14250mdegC
1581537273:[PRESS ,0038]P  +4629mbar,T+14248mdegC
1581537298:[STAGE ,0213]4679mbar reached at 1581537298s, ref 5000mbar +/-500mbar
1581537298:[MAIN  ,0140]stage[2] complete 3651s after mission start
1581537298:[MAIN  ,0056]stage[3]
1581537300:[MAIN  ,0024]internal pressure 79392Pa
1581537301:[SBE41 ,0337]Speed start detected
1581537301:[BUOY  ,0037]P  +4679mbar
1581537301:[STAGE ,0091]Stage [3] surfacing 3600s (<1581540847s) SBE41
1581537303:[PRESS ,0038]P  +4689mbar,T+14247mdegC
1581537303:[BUOY  ,0087]from +2mbar/s to -4mbar/s
1581537303:[BUOY  ,0089]need to transfer +32mL (pump during 38929ms)
1581537311:[PUMP  ,0207]pump warmup 15121mV/62464uA
1581537311:[PUMP  ,0016]pump during 38929ms
1581537351:[PUMP  ,0212]pump stopped, 14737mV/543355uA
1581537394:[BUOY  ,0087]from -2mbar/s to -4mbar/s
1581537394:[BUOY  ,0089]need to transfer +20mL (pump during 24330ms)
1581537402:[PUMP  ,0207]pump warmup 15086mV/61854uA
1581537402:[PUMP  ,0016]pump during 24330ms
1581537427:[PUMP  ,0212]pump stopped, 14719mV/535431uA
1581537459:[PRESS ,0038]P  +4539mbar,T+14274mdegC
1581537483:[BUOY  ,0087]from -2mbar/s to -4mbar/s
1581537484:[BUOY  ,0089]need to transfer +20mL (pump during 24330ms)
1581537492:[PUMP  ,0207]pump warmup 15043mV/62098uA
1581537492:[PUMP  ,0016]pump during 24330ms
1581537517:[PUMP  ,0212]pump stopped, 14694mV/535421uA
1581537549:[PRESS ,0038]P  +4279mbar,T+14287mdegC
1581537565:[PRESS ,0038]P  +4219mbar,T+14290mdegC
1581537634:[PRESS ,0038]P  +4089mbar,T+14290mdegC
1581537659:<WARN>[BUOY  ,0094]stage[3] should ASCENT, stuck at 4089mbar for the #1 time
1581537659:[BUOY  ,0087]from +0mbar/s to -4mbar/s
1581537659:[BUOY  ,0089]need to transfer +26mL (pump during 32056ms)
1581537667:[PUMP  ,0207]pump warmup 15016mV/62098uA
1581537667:[PUMP  ,0016]pump during 32056ms
1581537701:[PUMP  ,0212]pump stopped, 14630mV/532947uA
1581537744:[PRESS ,0038]P  +4149mbar,T+14302mdegC
1581537749:<WARN>[BUOY  ,0094]stage[3] should ASCENT, stuck at 4149mbar for the #2 time
1581537749:[BUOY  ,0087]from +1mbar/s to -4mbar/s
1581537749:[BUOY  ,0089]need to transfer +28mL (pump during 34522ms)
1581537757:[PUMP  ,0207]pump warmup 14982mV/62220uA
1581537757:[PUMP  ,0016]pump during 34522ms
1581537793:[PUMP  ,0212]pump stopped, 14617mV/529184uA
1581537822:[PRESS ,0038]P  +4089mbar,T+14319mdegC
1581537900:[PRESS ,0038]P  +3769mbar,T+14323mdegC
1581537913:[PRESS ,0038]P  +3709mbar,T+14322mdegC
1581537923:[PRESS ,0038]P  +3639mbar,T+14322mdegC
1581537986:[PRESS ,0038]P  +3239mbar,T+14316mdegC
1581537995:[PRESS ,0038]P  +3169mbar,T+14316mdegC
1581538003:[PRESS ,0038]P  +3109mbar,T+14314mdegC
1581538011:[PRESS ,0038]P  +3039mbar,T+14314mdegC
1581538071:[PRESS ,0038]P  +2629mbar,T+14310mdegC
1581538080:[PRESS ,0038]P  +2559mbar,T+14309mdegC
1581538087:[PRESS ,0038]P  +2499mbar,T+14309mdegC
1581538096:[PRESS ,0038]P  +2439mbar,T+14309mdegC
1581538096:[BUOY  ,0087]from -8mbar/s to -3mbar/s
1581538096:[BUOY  ,0090]need to transfer -88mL (valve during 22898ms)
1581538096:[VALVE ,0034]valve opening 22898ms
1581538119:[VALVE ,0234]closed 14553mV/629276uA
1581538157:[PRESS ,0038]P  +2119mbar,T+14297mdegC
1581538173:[PRESS ,0038]P  +2059mbar,T+14296mdegC
1581538242:[PRESS ,0038]P  +1929mbar,T+14290mdegC
1581538260:[PRESS ,0038]P  +1869mbar,T+14288mdegC
1581538328:[PRESS ,0038]P  +1769mbar,T+14284mdegC
1581538413:[PRESS ,0038]P  +1599mbar,T+14281mdegC
1581538499:[PRESS ,0038]P  +1419mbar,T+14279mdegC
1581538584:[PRESS ,0038]P  +1249mbar,T+14276mdegC
1581538607:[PRESS ,0038]P  +1189mbar,T+14276mdegC
1581538670:[PRESS ,0038]P  +1009mbar,T+14275mdegC
1581538691:[PRESS ,0038]P   +949mbar,T+14274mdegC
1581538755:[PRESS ,0038]P   +759mbar,T+14272mdegC
1581538780:[PRESS ,0038]P   +699mbar,T+14272mdegC
1581538840:[PRESS ,0038]P   +589mbar,T+14270mdegC
1581538863:[PRESS ,0038]P   +529mbar,T+14270mdegC
1581538926:[PRESS ,0038]P   +369mbar,T+14268mdegC
1581538942:[PRESS ,0038]P   +309mbar,T+14267mdegC
1581538951:[STAGE ,0214]269mbar (500) reached at 1581538951s, ascending from 4679mbar
1581538951:[STAGE ,0342]The float reached the surface : OK
1581538951:[MAIN  ,0140]stage[3] complete 5304s after mission start
1581538997:[SBE41 ,0338]Dump finished
1581538997:[SBE41 ,0318]10824 bytes in 0051/5E445814.S41
1581538998:[MRMAID,0188]acq already stopped
1581539058:[MSSION,0192]mission stopped, 4 stage(s) done
1581539058:[MAIN  ,0065]surfacing
1581539060:[PRESS ,0038]P    +59mbar,T+14264mdegC
1581539060:[SURFIN,0036]P    +59mbar
1581539063:[SURFIN,0020]filling external bladder
1581539072:[PUMP  ,0207]pump warmup 15116mV/43920uA
1581539072:[PUMP  ,0016]pump during 300000ms
1581539238:[PUMP  ,0212]pump stopped, 14191mV/1514606uA
1581539238:[PUMP  ,0210]aborted, 14100ticks remain
1581539240:[SURFIN,0019]external bladder full
1581539242:[PRESS ,0038]P   +190mbar,T+14440mdegC
1581539302:[MAIN  ,0272]Vbat 14730mV (min 14518mV)
1581539304:[MAIN  ,0024]internal pressure 78448Pa
1581539304:[MAIN  ,0043]Pext 180mbar (rng 20mbar)
1581539304:[MAIN  ,0064]surface
1581539304:[SURF  ,0224]surface1
1581539314:[SURF  ,0022]GPS fix...
1581539335:[SURF  ,0015]10 PPS detected...
1581539336:[MRMAID,0052]Mermaid $GPSACK:+0,+0,+0,+0,+0,+0,-640;
1581539346:[MRMAID,0052]Mermaid $GPSOFF:3686321;
1581539346:[GPSFIX,0179]-1s diff
1581539347:[SURF  ,0222]2020-02-12T20:29:07
1581539347:[SURF  ,0082]Latitude : N43deg40.937mn, Longitude :E007deg19.171mn
1581539347:[SURF  ,0223]fix3D,8satellites
1581539347:[SURF  ,0084]GPS fix GPGSA : hdop0.810,vdop1.040
1581539357:[SURF  ,0274]last almanac : 474798
1581539370:[MRMAID,0026]1554 bytes in 0051/5E446022.MER
1581539375:[MAIN  ,0320]New pressure offset: 180mbar
