1583424990:[MAIN  ,0007]buoy 452.020-P-0051
1583424990:[MAIN  ,0055]soft pilotage 452.012.300_V2.14-20200303
1583424990:[MAIN  ,0010]cycle 15
1583424990:[SURF  ,0225]surface2
1583425004:[SURF  ,0022]GPS fix...
1583425024:[SURF  ,0015]10 PPS detected...
1583425025:[MRMAID,0052]Mermaid $GPSACK:+0,+0,+0,+0,+0,+0,+0;
1583425035:[MRMAID,0052]Mermaid $GPSOFF:3686322;
1583425036:[GPSFIX,0179]-1s diff
1583425037:[SURF  ,0222]2020-03-05T16:17:17
1583425037:[SURF  ,0082]Latitude : N43deg40.935mn, Longitude :E007deg19.170mn
1583425037:[SURF  ,0223]fix3D,8satellites
1583425037:[SURF  ,0084]GPS fix GPGSA : hdop0.780,vdop1.040
1583425047:[SURF  ,0025]Iridium...
1583425056:[SBE41 ,0339]newoffset=-0.63db received after 63s
1583425087:[SURF  ,0009]connected in 40s, signal quality 5
1583425220:[SURF  ,0218]prompt received, remote cmd end
1583425220:[SURF  ,0012]64 cmd(s) received
1583425264:[UPLOAD,0248]Upload data files...
1583425278:[UPLOAD,0231]"0051/5E6120DA.S41" uploaded at 104bytes/s
1583425291:[UPLOAD,0231]"0051/5E6125D0.MER" uploaded at 142bytes/s
1583425351:[UPLOAD,0231]"0051/5E6106F1.BIN" uploaded at 119bytes/s
1583425369:[MAIN  ,0013]3 file(s) uploaded
1583425401:[SURF  ,0014]disconnected after 354s
1583425406:[SURFIN,0020]filling external bladder
1583425414:[PUMP  ,0207]battery 14837mV,   30012uA (warmup), P   +180mbar
1583425414:[PUMP  ,0016]pump during 300000ms
1583425423:[PUMP  ,0212]battery 14133mV, 1362618uA (steady state), P   +180mbar
1583425425:[SURFIN,0019]external bladder full
1583425425:[SURF  ,0227]1st complete transfer
1583425644:[SURF  ,0022]GPS fix...
1583425664:[SURF  ,0015]10 PPS detected...
1583425665:[MRMAID,0052]Mermaid $GPSACK:+0,+0,+0,+0,+0,+1,-999938;
1583425675:[MRMAID,0052]Mermaid $GPSOFF:3686321;
1583425676:[GPSFIX,0179]-1s diff
1583425677:[SURF  ,0222]2020-03-05T16:27:57
1583425677:[SURF  ,0082]Latitude : N43deg40.935mn, Longitude :E007deg19.171mn
1583425677:[SURF  ,0223]fix3D,8satellites
1583425677:[SURF  ,0084]GPS fix GPGSA : hdop0.780,vdop0.990
1583425687:[SURF  ,0025]Iridium...
1583425732:[SURF  ,0009]connected in 45s, signal quality 5
1583425848:[SURF  ,0218]prompt received, remote cmd end
1583425848:[SURF  ,0012]26 cmd(s) received
1583425891:[SURF  ,0014]disconnected after 204s
1583425896:[SURFIN,0020]filling external bladder
1583425905:[PUMP  ,0207]battery 14911mV,   30988uA (warmup), P   +180mbar
1583425905:[PUMP  ,0016]pump during 300000ms
1583425914:[PUMP  ,0212]battery 14147mV, 1389214uA (steady state), P   +180mbar
1583425916:[SURFIN,0019]external bladder full
1583425916:[SURF  ,0226]Go dive (Minimum surface delay expired and no more file to upload)
1583425933:[SURF  ,0022]GPS fix...
1583425953:[SURF  ,0015]10 PPS detected...
1583425954:[MRMAID,0052]Mermaid $GPSACK:+0,+0,+0,+0,+0,+0,-30;
1583425964:[MRMAID,0052]Mermaid $GPSOFF:3686321;
1583425965:[GPSFIX,0179]-1s diff
1583425966:[SURF  ,0222]2020-03-05T16:32:46
1583425966:[SURF  ,0082]Latitude : N43deg40.935mn, Longitude :E007deg19.170mn
1583425966:[SURF  ,0223]fix3D,8satellites
1583425966:[SURF  ,0084]GPS fix GPGSA : hdop0.780,vdop0.970
1583425983:[MAIN  ,0024]internal pressure 78036Pa
1583425984:[BYCMD ,0107]    FreeRTOS V8.2.3
1583425984:[BYCMD ,0108]    FatFS v11a
1583425984:[BYCMD ,0120]    bypass 10000ms 120000ms (20000ms 60000ms stored)
1583425984:[BYCMD ,0121]    valve 60000ms 12750 (60000ms 12750 stored)
1583425984:[BYCMD ,0122]    pump 60000ms 30% 10750 80% (60000ms 30% 10750 80% stored)
1583425984:[BYCMD ,0123]    rate 2mbar/s (2mbar/s stored)
1583425984:[BYCMD ,0124]    surface 500mbar (500mbar stored)
1583425984:[BYCMD ,0125]    near 500mbar 3mbar/s (15000mbar 3mbar/s stored)
1583425984:[BYCMD ,0126]    far 1500mbar 4mbar/s (25000mbar 4mbar/s stored)
1583425984:[BYCMD ,0127]    ascent 8mbar/s (8mbar/s stored)
1583425984:[BYCMD ,0128]    dead 60s (300s stored)
1583425984:[BYCMD ,0129]    coeff 16/10 (16/10 stored)
1583425984:[BYCMD ,0130]    stab 10 (10 stored)
1583425984:[BYCMD ,0131]    delay 900s 3600s (900s 3600s stored)
1583425984:[BYCMD ,0132]    mmtime 2880min (2880min stored)
1583425984:[BYCMD ,0133]    dv_landing 100ml (100ml stored)
1583425984:[MKDCMD,0150]    p2t37: 15x2000ms, offset 179mbar
1583425985:[P2TCMD,0151]    p2t37: dp 50mbar, dt 1000000mdegC
1583425985:[STAGE ,0080]Stage [0] 5000mbar (+/-500mbar) 1800s (<1800s) 
1583425985:[STAGE ,0080]Stage [1] 5000mbar (+/-500mbar) 3600s (<5400s) MERMAID
1583425985:[STAGE ,0091]Stage [2] surfacing 3600s (<9000s) SBE41
1583425985:[SBE41 ,0282]SBE41 parameters : 
      dsreplyformat=1 (webb(0)/standard(1))
      addtimingdelays=0 (n(0)/y(1))
      outputdensity=0 (n(0)/y(1))
      echocmd=0 (n(0)/y(1))
      outputrt=0 (n(0)/y(1))
      outputpts=0 (n(0)/y(1))
      outputsn=0 (n(0)/y(1))
      outputpressure=1 (n(0)/y(1))
      pcutoff=2dbar
      tswait=0s
      pumpfastpt=1 (n(0)/y(1))
      samplerate=1 ('fast':1Hz(1)/'slow':0.5Hz(0))
      top_bin_interval=1dbar
      top_bin_size=1dbar
      top_bin_max=10dbar
      middle_bin_interval=50dbar
      middle_bin_size=2dbar
      middle_bin_max=30dbar
      bottom_bin_interval=5dbar
      bottom_bin_size=5dbar
      includetransitionbin=0
      includenbin=0 (n(0)/y(1))
      autobinavg=0 (n(0)/y(1))
1583425985:[SBE41 ,0283]SBE41 pilot policy : 
      continiousprofile=0 (n(0)/y(1)
      speeddetection=1 (n(0)/y(1)
      hexoutput=1 (n(0)/y(1)
      binaverageoutput=1 (n(0)/y(1)
      manualprofilerate=10s
      runningpumpbeforeprofile=0s
      speedstart=2mbar/s
      speedcontrol=7mbar/s
1583425985:[MAIN  ,0070]turn off bluetooth
1583425988:[PRESS ,0038]P     -9mbar,T+13955mdegC
1583426012:[DIVING,0141]diving from -19mbar, -1mbar/s
1583426012:[BYPASS,0035]bypass opening 120000ms
1583426017:[BYPASS,0104]battery 14538mV,  316712uA (bypass opening), P    -19mbar
1583426142:[BYPASS,0106]battery 14467mV,  405894uA (bypass closing), P    -19mbar
1583426158:[PRESS ,0038]P    +51mbar,T+13921mdegC
1583426169:[PRESS ,0038]P   +111mbar,T+13919mdegC
1583426183:[PRESS ,0038]P   +181mbar,T+13916mdegC
1583426194:[PRESS ,0038]P   +241mbar,T+13915mdegC
1583426202:[PRESS ,0038]P   +301mbar,T+13912mdegC
1583426213:[PRESS ,0038]P   +371mbar,T+13911mdegC
1583426227:[PRESS ,0038]P   +441mbar,T+13910mdegC
1583426241:[PRESS ,0038]P   +501mbar,T+13910mdegC
1583426243:[DIVING,0028]491mbar reached (+5mbar/s), 1 bypass done
1583426243:[MAIN  ,0056]stage[0]
1583426245:[MAIN  ,0024]internal pressure 79124Pa
1583426246:[BUOY  ,0037]P   +511mbar
1583426246:[STAGE ,0080]Stage [0] 5000mbar (+/-500mbar) 1800s (<1583428043s) 
1583426309:[PRESS ,0038]P   +811mbar,T+13905mdegC
1583426318:[PRESS ,0038]P   +881mbar,T+13905mdegC
1583426327:[PRESS ,0038]P   +941mbar,T+13905mdegC
1583426394:[PRESS ,0038]P  +1341mbar,T+13905mdegC
1583426405:[PRESS ,0038]P  +1401mbar,T+13905mdegC
1583426417:[PRESS ,0038]P  +1471mbar,T+13905mdegC
1583426480:[PRESS ,0038]P  +1811mbar,T+13907mdegC
1583426489:[PRESS ,0038]P  +1871mbar,T+13908mdegC
1583426497:[PRESS ,0038]P  +1931mbar,T+13907mdegC
1583426565:[PRESS ,0038]P  +2221mbar,T+13911mdegC
1583426574:[PRESS ,0038]P  +2281mbar,T+13911mdegC
1583426585:[PRESS ,0038]P  +2351mbar,T+13911mdegC
1583426651:[PRESS ,0038]P  +2811mbar,T+13915mdegC
1583426660:[PRESS ,0038]P  +2871mbar,T+13915mdegC
1583426670:[PRESS ,0038]P  +2931mbar,T+13915mdegC
1583426736:[PRESS ,0038]P  +3401mbar,T+13917mdegC
1583426745:[PRESS ,0038]P  +3461mbar,T+13918mdegC
1583426752:[PRESS ,0038]P  +3521mbar,T+13918mdegC
1583426761:[PRESS ,0038]P  +3581mbar,T+13919mdegC
1583426761:[BUOY  ,0087]from +8mbar/s to +3mbar/s
1583426761:[BUOY  ,0089]need to transfer +88mL (pump during 107843ms)
1583426769:[PUMP  ,0207]battery 15100mV,   36356uA (warmup), P  +3581mbar
1583426769:[PUMP  ,0016]pump during 60000ms
1583426828:[PUMP  ,0212]battery 14421mV,  493124uA (steady state), P  +3581mbar
1583426833:[PRESS ,0038]P  +4021mbar,T+13929mdegC
1583426846:[PRESS ,0038]P  +4091mbar,T+13934mdegC
1583426919:[PRESS ,0038]P  +4271mbar,T+13943mdegC
1583426931:[PRESS ,0038]P  +4331mbar,T+13945mdegC
1583426943:[PRESS ,0038]P  +4391mbar,T+13945mdegC
1583426943:[BUOY  ,0087]from +5mbar/s to +3mbar/s
1583426943:[BUOY  ,0089]need to transfer +26mL (pump during 31852ms)
1583426952:[PUMP  ,0207]battery 15045mV,   33916uA (warmup), P  +4391mbar
1583426952:[PUMP  ,0016]pump during 31852ms
1583426983:[PUMP  ,0212]battery 14498mV,  483486uA (steady state), P  +4391mbar
1583427007:[PRESS ,0038]P  +4681mbar,T+13954mdegC
1583427020:[PRESS ,0038]P  +4741mbar,T+13957mdegC
1583427032:[PRESS ,0038]P  +4801mbar,T+13958mdegC
1583427032:[STAGE ,0213]4801mbar reached at 1583427032s, ref 5000mbar +/-500mbar
1583427032:[BUOY  ,0087]from +5mbar/s to +0mbar/s
1583427032:[BUOY  ,0089]need to transfer +40mL (pump during 49020ms)
1583427041:[PUMP  ,0207]battery 15020mV,   31964uA (warmup), P  +4801mbar
1583427041:[PUMP  ,0016]pump during 49020ms
1583427090:[PUMP  ,0212]battery 14522mV,  495930uA (steady state), P  +4801mbar
1583427096:[PRESS ,0038]P  +5041mbar,T+13972mdegC
1583427121:[BUOY  ,0087]from +2mbar/s to +0mbar/s
1583427121:[BUOY  ,0089]need to transfer +6mL (pump during 7350ms)
1583427129:[PUMP  ,0207]battery 14963mV,   30256uA (warmup), P  +5081mbar
1583427129:[PUMP  ,0016]pump during 7350ms
1583427136:[PUMP  ,0212]battery 14525mV,  503738uA (steady state), P  +5081mbar
1583427185:[PRESS ,0038]P  +5221mbar,T+13991mdegC
1583427206:[PRESS ,0038]P  +5291mbar,T+13993mdegC
1583427210:[BUOY  ,0087]from +3mbar/s to +0mbar/s
1583427210:[BUOY  ,0089]need to transfer +14mL (pump during 17284ms)
1583427218:[PUMP  ,0207]battery 14981mV,   32574uA (warmup), P  +5301mbar
1583427218:[PUMP  ,0016]pump during 17284ms
1583427235:[PUMP  ,0212]battery 14461mV,  492758uA (steady state), P  +5301mbar
1583427274:[PRESS ,0038]P  +5421mbar,T+14000mdegC
1583427299:[BUOY  ,0087]from +1mbar/s to +0mbar/s
1583427299:[BUOY  ,0089]need to transfer +2mL (pump during 2469ms)
1583427307:[PUMP  ,0207]battery 14988mV,   32208uA (warmup), P  +5451mbar
1583427307:[PUMP  ,0016]pump during 2469ms
1583427363:[PRESS ,0038]P  +5481mbar,T+14006mdegC
1583427873:<WARN>[BUOY  ,0094]stage[0] should ASCENT, stuck at 5521mbar for the #1 time
1583427873:[BUOY  ,0087]from +0mbar/s to -3mbar/s
1583427873:[BUOY  ,0089]need to transfer +14mL (pump during 17113ms)
1583427881:[PUMP  ,0207]battery 15108mV,   35990uA (warmup), P  +5521mbar
1583427881:[PUMP  ,0016]pump during 17113ms
1583427898:[PUMP  ,0212]battery 14438mV,  493246uA (steady state), P  +5521mbar
1583428022:[PRESS ,0038]P  +5391mbar,T+14001mdegC
1583428083:[PRESS ,0038]P  +5301mbar,T+13999mdegC
1583428083:[MAIN  ,0140]stage[0] complete 1840s after mission start
1583428083:[MAIN  ,0056]stage[1]
1583428085:[MAIN  ,0024]internal pressure 79136Pa
1583428086:[MRMAID,0002]acq started
1583428096:[BUOY  ,0037]P  +5271mbar
1583428096:[STAGE ,0080]Stage [1] 5000mbar (+/-500mbar) 3600s (<1583431643s) MERMAID
1583428098:[STAGE ,0213]5281mbar reached at 1583428098s, ref 5000mbar +/-500mbar
1583428159:[PRESS ,0038]P  +5211mbar,T+13996mdegC
1583428341:[PRESS ,0038]P  +5151mbar,T+13988mdegC
1583428644:[PRESS ,0038]P  +5091mbar,T+13977mdegC
1583428705:[PRESS ,0038]P  +5001mbar,T+13975mdegC
1583428765:[PRESS ,0038]P  +4921mbar,T+13972mdegC
1583428826:[PRESS ,0038]P  +4841mbar,T+13971mdegC
1583428887:[PRESS ,0038]P  +4731mbar,T+13969mdegC
1583428887:[BUOY  ,0087]from -1mbar/s to +0mbar/s
1583428887:[BUOY  ,0090]need to transfer -2mL (valve during 375ms)
1583428887:[MRMAID,0003]acq stopped
1583428887:[MRMAID,0183]dropping spurious '0x32'
1583428887:[MRMAID,0183]dropping spurious '0x39'
1583428887:[MRMAID,0183]dropping spurious '0x39'
1583428887:[MRMAID,0183]dropping spurious '0x33'
1583428887:[MRMAID,0183]dropping spurious '0x32'
1583428887:[MRMAID,0183]dropping spurious '0x2C'
1583428887:[MRMAID,0183]dropping spurious '0x37'
1583428887:[MRMAID,0183]dropping spurious '0x34'
1583428887:[MRMAID,0183]dropping spurious '0x38'
1583428887:[MRMAID,0183]dropping spurious '0x2E'
1583428887:[MRMAID,0183]dropping spurious '0x30'
1583428887:[MRMAID,0183]dropping spurious '0x33'
1583428887:[VALVE ,0034]valve opening 375ms
1583428887:[MRMAID,0183]dropping spurious '0x37'
1583428887:[MRMAID,0183]dropping spurious '0x34'
1583428887:[MRMAID,0183]dropping spurious '0x31'
1583428887:[MRMAID,0183]dropping spurious '0x35'
1583428888:[MRMAID,0183]dropping spurious '0x2C'
1583428888:[MRMAID,0183]dropping spurious '0x34'
1583428888:[MRMAID,0183]dropping spurious '0x30'
1583428888:[MRMAID,0183]dropping spurious '0x2E'
1583428888:[MRMAID,0183]dropping spurious '0x30'
1583428888:[MRMAID,0183]dropping spurious '0x31'
1583428888:[MRMAID,0183]dropping spurious '0x34'
1583428888:[MRMAID,0183]dropping spurious '0x30'
1583428888:[MRMAID,0183]dropping spurious '0x34'
1583428888:[MRMAID,0183]dropping spurious '0x31'
1583428888:[MRMAID,0183]dropping spurious '0x3B'
1583428888:[MRMAID,0185]27 spurious byte(s) received
1583428899:[MRMAID,0002]acq started
1583428968:[PRESS ,0038]P  +4641mbar,T+13965mdegC
1583428989:[PRESS ,0038]P  +4581mbar,T+13965mdegC
1583428993:[BUOY  ,0087]from -3mbar/s to +0mbar/s
1583428993:[BUOY  ,0090]need to transfer -14mL (valve during 2664ms)
1583428993:[MRMAID,0003]acq stopped
1583428993:[VALVE ,0034]valve opening 2664ms
1583428996:[VALVE ,0234]battery 14278mV,  649040uA, P  +4581mbar
1583428997:[MRMAID,0002]acq started
1583429149:[PRESS ,0038]P  +4641mbar,T+13958mdegC
1583429270:[PRESS ,0038]P  +4761mbar,T+13954mdegC
1583429331:[PRESS ,0038]P  +4821mbar,T+13953mdegC
1583429452:[PRESS ,0038]P  +4951mbar,T+13949mdegC
1583429513:[PRESS ,0038]P  +5021mbar,T+13948mdegC
1583429513:[BUOY  ,0087]from +1mbar/s to +0mbar/s
1583429513:[BUOY  ,0089]need to transfer +2mL (pump during 2432ms)
1583429513:[MRMAID,0003]acq stopped
1583429522:[PUMP  ,0207]battery 15190mV,   38186uA (warmup), P  +5021mbar
1583429522:[PUMP  ,0016]pump during 2432ms
1583429527:[MRMAID,0002]acq started
1583429587:[PRESS ,0038]P  +5111mbar,T+13949mdegC
1583429612:[BUOY  ,0087]from +1mbar/s to +0mbar/s
1583429612:[BUOY  ,0089]need to transfer +2mL (pump during 2426ms)
1583429612:[MRMAID,0003]acq stopped
1583429620:[PUMP  ,0207]battery 15192mV,   37698uA (warmup), P  +5131mbar
1583429620:[PUMP  ,0016]pump during 2426ms
1583429626:[MRMAID,0002]acq started
1583429892:[PRESS ,0038]P  +5181mbar,T+13946mdegC
1583431651:[MAIN  ,0140]stage[1] complete 5408s after mission start
1583431651:[MRMAID,0003]acq stopped
1583431651:[MRMAID,0052]Mermaid $MEASFS,78927,1972.482513,40.014043;
1583431711:[MAIN  ,0056]stage[2]
1583431714:[MAIN  ,0024]internal pressure 79076Pa
1583431714:[BUOY  ,0037]P  +5221mbar
1583431715:[STAGE ,0091]Stage [2] surfacing 3600s (<1583435243s) SBE41
1583431716:<WARN>[BUOY  ,0094]stage[2] should ASCENT, stuck at 5221mbar for the #1 time
1583431716:[BUOY  ,0087]from +0mbar/s to -7mbar/s
1583431716:[BUOY  ,0089]need to transfer +78mL (pump during 94431ms)
1583431725:[PUMP  ,0207]battery 15210mV,   39894uA (warmup), P  +5221mbar
1583431725:[PUMP  ,0016]pump during 60000ms
1583431784:[PUMP  ,0212]battery 14447mV,  488976uA (steady state), P  +5221mbar
1583431797:[PRESS ,0038]P  +5121mbar,T+13934mdegC
1583431813:[BUOY  ,0087]from -2mbar/s to -7mbar/s
1583431813:[BUOY  ,0089]need to transfer +72mL (pump during 87167ms)
1583431814:[SBE41 ,0337]Speed start detected
1583431821:[PUMP  ,0207]battery 15026mV,   99064uA (warmup), P  +5071mbar
1583431821:[PUMP  ,0016]pump during 60000ms
1583431880:[PUMP  ,0212]battery 14693mV,  521794uA (steady state), P  +5071mbar
1583431885:[PRESS ,0038]P  +4711mbar,T+13949mdegC
1583431894:[PRESS ,0038]P  +4651mbar,T+13951mdegC
1583431903:[PRESS ,0038]P  +4581mbar,T+13953mdegC
1583431971:[PRESS ,0038]P  +4141mbar,T+13959mdegC
1583431979:[PRESS ,0038]P  +4081mbar,T+13959mdegC
1583431988:[PRESS ,0038]P  +4021mbar,T+13959mdegC
1583432056:[PRESS ,0038]P  +3701mbar,T+13959mdegC
1583432067:[PRESS ,0038]P  +3641mbar,T+13959mdegC
1583432076:[PRESS ,0038]P  +3581mbar,T+13959mdegC
1583432142:[PRESS ,0038]P  +3191mbar,T+13957mdegC
1583432150:[PRESS ,0038]P  +3131mbar,T+13958mdegC
1583432159:[PRESS ,0038]P  +3071mbar,T+13958mdegC
1583432166:[PRESS ,0038]P  +3011mbar,T+13958mdegC
1583432227:[PRESS ,0038]P  +2631mbar,T+13957mdegC
1583432234:[PRESS ,0038]P  +2571mbar,T+13957mdegC
1583432243:[PRESS ,0038]P  +2501mbar,T+13956mdegC
1583432313:[PRESS ,0038]P  +2031mbar,T+13955mdegC
1583432320:[PRESS ,0038]P  +1971mbar,T+13955mdegC
1583432329:[PRESS ,0038]P  +1901mbar,T+13955mdegC
1583432398:[PRESS ,0038]P  +1561mbar,T+13954mdegC
1583432407:[PRESS ,0038]P  +1501mbar,T+13954mdegC
1583432416:[PRESS ,0038]P  +1431mbar,T+13954mdegC
1583432484:[PRESS ,0038]P  +1021mbar,T+13953mdegC
1583432491:[PRESS ,0038]P   +961mbar,T+13953mdegC
1583432501:[PRESS ,0038]P   +891mbar,T+13953mdegC
1583432569:[PRESS ,0038]P   +431mbar,T+13951mdegC
1583432578:[PRESS ,0038]P   +371mbar,T+13951mdegC
1583432589:[PRESS ,0038]P   +301mbar,T+13952mdegC
1583432594:[STAGE ,0214]281mbar (500) reached at 1583432594s, ascending from 5221mbar
1583432594:[STAGE ,0342]The float reached the surface : OK
1583432594:[MAIN  ,0140]stage[2] complete 6351s after mission start
1583432616:[SBE41 ,0343]SBE41 dump : 12 stored samples in hexa format
1583432617:[SBE41 ,0338]Dump finished
1583432617:[SBE41 ,0318]108 bytes in 0051/5E614022.S41
1583432617:[MRMAID,0188]acq already stopped
1583432678:[MSSION,0192]mission stopped, 3 stage(s) done
1583432678:[MAIN  ,0065]surfacing
1583432680:[PRESS ,0038]P     +1mbar,T+13949mdegC
1583432680:[SURFIN,0036]P     +1mbar
1583432683:[SURFIN,0020]filling external bladder
1583432691:[PUMP  ,0207]battery 15085mV,   41968uA (warmup), P     -9mbar
1583432691:[PUMP  ,0016]pump during 300000ms
1583432856:[PUMP  ,0212]battery 14275mV, 1394704uA (steady state), P     -9mbar
1583432858:[SURFIN,0019]external bladder full
1583432860:[PRESS ,0038]P   +180mbar,T+14068mdegC
1583432920:[MAIN  ,0272]Vbat 14735mV (min 14402mV)
1583432922:[MAIN  ,0024]internal pressure 78102Pa
1583432922:[MAIN  ,0043]Pext 171mbar (rng 20mbar)
1583432922:[MAIN  ,0064]surface
1583432932:[SURF  ,0022]GPS fix...
1583432933:<WARN>[GPSFIX,0123]GPRMC ms=60 #1
1583432933:<WARN>[GPSFIX,0123]GPRMC ms=20 #1
1583432934:<WARN>[GPSFIX,0123]GPRMC ms=930 #1
1583432935:<WARN>[GPSFIX,0123]GPRMC ms=930 #1
1583432956:[SURF  ,0015]10 PPS detected...
1583432957:[MRMAID,0052]Mermaid $GPSACK:+0,+0,+0,+0,+0,+0,-1007;
1583432967:[MRMAID,0052]Mermaid $GPSOFF:3686322;
1583432968:[GPSFIX,0179]-1s diff
1583432969:[SURF  ,0222]2020-03-05T18:29:29
1583432969:[SURF  ,0082]Latitude : N43deg40.936mn, Longitude :E007deg19.169mn
1583432969:[SURF  ,0223]fix3D,8satellites
1583432969:[SURF  ,0084]GPS fix GPGSA : hdop0.780,vdop0.980
1583432979:[SURF  ,0274]last almanac : 2368420
1583432992:[MRMAID,0026]1566 bytes in 0051/5E614518.MER
1583432997:[MAIN  ,0320]New pressure offset: 171mbar
