1583440696:[MAIN  ,0007]buoy 452.020-P-0051
1583440696:[MAIN  ,0055]soft pilotage 452.012.300_V2.14-20200303
1583440696:[MAIN  ,0010]cycle 17
1583440696:[SURF  ,0225]surface2
1583440711:[SURF  ,0022]GPS fix...
1583440731:[SURF  ,0015]10 PPS detected...
1583440732:[MRMAID,0052]Mermaid $GPSACK:+0,+0,+0,+0,+0,+0,+0;
1583440742:[MRMAID,0052]Mermaid $GPSOFF:3686322;
1583440743:[GPSFIX,0179]-1s diff
1583440744:[SURF  ,0222]2020-03-05T20:39:04
1583440744:[SURF  ,0082]Latitude : N43deg40.936mn, Longitude :E007deg19.172mn
1583440744:[SURF  ,0223]fix3D,9satellites
1583440744:[SURF  ,0084]GPS fix GPGSA : hdop0.650,vdop1.120
1583440754:[SURF  ,0025]Iridium...
1583440760:[SBE41 ,0339]newoffset=-0.65db received after 63s
1583440795:[SURF  ,0009]connected in 41s, signal quality 5
1583440888:[SURF  ,0218]prompt received, remote cmd end
1583440888:[SURF  ,0012]26 cmd(s) received
1583440909:[UPLOAD,0248]Upload data files...
1583440921:[UPLOAD,0231]"0051/5E615E80.S41" uploaded at 121bytes/s
1583440935:[UPLOAD,0231]"0051/5E61632A.MER" uploaded at 131bytes/s
1583440990:[UPLOAD,0231]"0051/5E614525.BIN" uploaded at 131bytes/s
1583441006:[MAIN  ,0013]3 file(s) uploaded
1583441038:[SURF  ,0014]disconnected after 284s
1583441043:[SURFIN,0020]filling external bladder
1583441051:[PUMP  ,0207]battery 14835mV,   29890uA (warmup), P   +180mbar
1583441051:[PUMP  ,0016]pump during 300000ms
1583441060:[PUMP  ,0212]battery 14123mV, 1373598uA (steady state), P   +180mbar
1583441062:[SURFIN,0019]external bladder full
1583441062:[SURF  ,0227]1st complete transfer
1583441351:[SURF  ,0022]GPS fix...
1583441371:[SURF  ,0015]10 PPS detected...
1583441372:[MRMAID,0052]Mermaid $GPSACK:+0,+0,+0,+0,+0,+1,-999938;
1583441382:[MRMAID,0052]Mermaid $GPSOFF:3686321;
1583441383:[GPSFIX,0179]-1s diff
1583441384:[SURF  ,0222]2020-03-05T20:49:44
1583441384:[SURF  ,0082]Latitude : N43deg40.937mn, Longitude :E007deg19.174mn
1583441384:[SURF  ,0223]fix3D,9satellites
1583441384:[SURF  ,0084]GPS fix GPGSA : hdop0.630,vdop1.030
1583441394:[SURF  ,0025]Iridium...
1583441430:[SURF  ,0009]connected in 36s, signal quality 5
1583441524:[SURF  ,0218]prompt received, remote cmd end
1583441524:[SURF  ,0012]26 cmd(s) received
1583441565:[SURF  ,0014]disconnected after 171s
1583441570:[SURFIN,0020]filling external bladder
1583441578:[PUMP  ,0207]battery 14930mV,   31232uA (warmup), P   +180mbar
1583441578:[PUMP  ,0016]pump during 300000ms
1583441587:[PUMP  ,0212]battery 14161mV, 1395924uA (steady state), P   +180mbar
1583441589:[SURFIN,0019]external bladder full
1583441589:[SURF  ,0226]Go dive (Minimum surface delay expired and no more file to upload)
1583441603:[SURF  ,0022]GPS fix...
1583441623:[SURF  ,0015]10 PPS detected...
1583441624:[MRMAID,0052]Mermaid $GPSACK:+0,+0,+0,+0,+0,+0,-30;
1583441634:[MRMAID,0052]Mermaid $GPSOFF:3686321;
1583441635:[GPSFIX,0179]-1s diff
1583441636:[SURF  ,0222]2020-03-05T20:53:56
1583441636:[SURF  ,0082]Latitude : N43deg40.937mn, Longitude :E007deg19.174mn
1583441636:[SURF  ,0223]fix3D,9satellites
1583441636:[SURF  ,0084]GPS fix GPGSA : hdop0.630,vdop1.020
1583441653:[MAIN  ,0024]internal pressure 78017Pa
1583441654:[BYCMD ,0107]    FreeRTOS V8.2.3
1583441654:[BYCMD ,0108]    FatFS v11a
1583441654:[BYCMD ,0120]    bypass 10000ms 120000ms (20000ms 60000ms stored)
1583441654:[BYCMD ,0121]    valve 60000ms 12750 (60000ms 12750 stored)
1583441654:[BYCMD ,0122]    pump 60000ms 30% 10750 80% (60000ms 30% 10750 80% stored)
1583441654:[BYCMD ,0123]    rate 2mbar/s (2mbar/s stored)
1583441654:[BYCMD ,0124]    surface 500mbar (500mbar stored)
1583441654:[BYCMD ,0125]    near 500mbar 3mbar/s (15000mbar 3mbar/s stored)
1583441654:[BYCMD ,0126]    far 1500mbar 4mbar/s (25000mbar 4mbar/s stored)
1583441654:[BYCMD ,0127]    ascent 8mbar/s (8mbar/s stored)
1583441654:[BYCMD ,0128]    dead 60s (300s stored)
1583441654:[BYCMD ,0129]    coeff 16/10 (16/10 stored)
1583441654:[BYCMD ,0130]    stab 10 (10 stored)
1583441654:[BYCMD ,0131]    delay 900s 3600s (900s 3600s stored)
1583441654:[BYCMD ,0132]    mmtime 2880min (2880min stored)
1583441654:[BYCMD ,0133]    dv_landing 100ml (100ml stored)
1583441654:[MKDCMD,0150]    p2t37: 15x2000ms, offset 173mbar
1583441654:[P2TCMD,0151]    p2t37: dp 50mbar, dt 1000000mdegC
1583441655:[STAGE ,0080]Stage [0] 5000mbar (+/-500mbar) 1800s (<1800s) 
1583441655:[STAGE ,0080]Stage [1] 5000mbar (+/-500mbar) 3600s (<5400s) MERMAID
1583441655:[STAGE ,0091]Stage [2] surfacing 3600s (<9000s) SBE41
1583441655:[SBE41 ,0282]SBE41 parameters : 
      dsreplyformat=1 (webb(0)/standard(1))
      addtimingdelays=0 (n(0)/y(1))
      outputdensity=0 (n(0)/y(1))
      echocmd=0 (n(0)/y(1))
      outputrt=0 (n(0)/y(1))
      outputpts=0 (n(0)/y(1))
      outputsn=0 (n(0)/y(1))
      outputpressure=1 (n(0)/y(1))
      pcutoff=2dbar
      tswait=0s
      pumpfastpt=1 (n(0)/y(1))
      samplerate=1 ('fast':1Hz(1)/'slow':0.5Hz(0))
      top_bin_interval=1dbar
      top_bin_size=1dbar
      top_bin_max=10dbar
      middle_bin_interval=50dbar
      middle_bin_size=2dbar
      middle_bin_max=30dbar
      bottom_bin_interval=5dbar
      bottom_bin_size=5dbar
      includetransitionbin=0
      includenbin=0 (n(0)/y(1))
      autobinavg=0 (n(0)/y(1))
1583441655:[SBE41 ,0283]SBE41 pilot policy : 
      continiousprofile=0 (n(0)/y(1)
      speeddetection=1 (n(0)/y(1)
      hexoutput=1 (n(0)/y(1)
      binaverageoutput=1 (n(0)/y(1)
      manualprofilerate=10s
      runningpumpbeforeprofile=0s
      speedstart=2mbar/s
      speedcontrol=7mbar/s
1583441655:[MAIN  ,0070]turn off bluetooth
1583441657:[PRESS ,0038]P    -13mbar,T+13797mdegC
1583441682:[DIVING,0141]diving from -23mbar, +0mbar/s
1583441682:[BYPASS,0035]bypass opening 120000ms
1583441687:[BYPASS,0104]battery 14551mV,  313174uA (bypass opening), P    -23mbar
1583441812:[BYPASS,0106]battery 14476mV,  406260uA (bypass closing), P    -23mbar
1583441819:[PRESS ,0038]P    +47mbar,T+13747mdegC
1583441837:[PRESS ,0038]P   +107mbar,T+13740mdegC
1583441853:[PRESS ,0038]P   +167mbar,T+13735mdegC
1583441869:[PRESS ,0038]P   +247mbar,T+13732mdegC
1583441889:[PRESS ,0038]P   +307mbar,T+13727mdegC
1583441900:[PRESS ,0038]P   +377mbar,T+13727mdegC
1583441911:[PRESS ,0038]P   +447mbar,T+13725mdegC
1583441925:[PRESS ,0038]P   +517mbar,T+13723mdegC
1583441927:[DIVING,0028]517mbar reached (+6mbar/s), 1 bypass done
1583441927:[MAIN  ,0056]stage[0]
1583441929:[MAIN  ,0024]internal pressure 79140Pa
1583441930:[BUOY  ,0037]P   +547mbar
1583441930:[STAGE ,0080]Stage [0] 5000mbar (+/-500mbar) 1800s (<1583443727s) 
1583441993:[PRESS ,0038]P   +907mbar,T+13726mdegC
1583442003:[PRESS ,0038]P   +967mbar,T+13727mdegC
1583442014:[PRESS ,0038]P  +1027mbar,T+13729mdegC
1583442078:[PRESS ,0038]P  +1517mbar,T+13743mdegC
1583442087:[PRESS ,0038]P  +1577mbar,T+13745mdegC
1583442096:[PRESS ,0038]P  +1647mbar,T+13747mdegC
1583442164:[PRESS ,0038]P  +2117mbar,T+13766mdegC
1583442174:[PRESS ,0038]P  +2177mbar,T+13769mdegC
1583442183:[PRESS ,0038]P  +2237mbar,T+13771mdegC
1583442249:[PRESS ,0038]P  +2787mbar,T+13787mdegC
1583442254:[PRESS ,0038]P  +2847mbar,T+13788mdegC
1583442263:[PRESS ,0038]P  +2917mbar,T+13790mdegC
1583442272:[PRESS ,0038]P  +2977mbar,T+13793mdegC
1583442335:[PRESS ,0038]P  +3467mbar,T+13807mdegC
1583442342:[PRESS ,0038]P  +3527mbar,T+13808mdegC
1583442352:[PRESS ,0038]P  +3597mbar,T+13810mdegC
1583442359:[PRESS ,0038]P  +3657mbar,T+13812mdegC
1583442359:[BUOY  ,0087]from +8mbar/s to +3mbar/s
1583442360:[BUOY  ,0089]need to transfer +88mL (pump during 107843ms)
1583442368:[PUMP  ,0207]battery 15093mV,   36112uA (warmup), P  +3657mbar
1583442368:[PUMP  ,0016]pump during 60000ms
1583442427:[PUMP  ,0212]battery 14436mV,  468114uA (steady state), P  +3657mbar
1583442431:[PRESS ,0038]P  +4147mbar,T+13834mdegC
1583442440:[PRESS ,0038]P  +4207mbar,T+13838mdegC
1583442451:[PRESS ,0038]P  +4267mbar,T+13841mdegC
1583442456:[BUOY  ,0087]from +6mbar/s to +3mbar/s
1583442456:[BUOY  ,0089]need to transfer +44mL (pump during 53922ms)
1583442465:[PUMP  ,0207]battery 15027mV,   30744uA (warmup), P  +4297mbar
1583442465:[PUMP  ,0016]pump during 53922ms
1583442518:[PUMP  ,0212]battery 14577mV,  500444uA (steady state), P  +4297mbar
1583442522:[PRESS ,0038]P  +4677mbar,T+13871mdegC
1583442535:[PRESS ,0038]P  +4737mbar,T+13877mdegC
1583442545:[PRESS ,0038]P  +4797mbar,T+13882mdegC
1583442547:[STAGE ,0213]4807mbar reached at 1583442547s, ref 5000mbar +/-500mbar
1583442547:[BUOY  ,0087]from +5mbar/s to +0mbar/s
1583442547:[BUOY  ,0089]need to transfer +40mL (pump during 49020ms)
1583442555:[PUMP  ,0207]battery 14960mV,   29646uA (warmup), P  +4807mbar
1583442555:[PUMP  ,0016]pump during 49020ms
1583442604:[PUMP  ,0212]battery 14553mV,  492514uA (steady state), P  +4807mbar
1583442611:[PRESS ,0038]P  +5097mbar,T+13909mdegC
1583442636:[PRESS ,0038]P  +5167mbar,T+13921mdegC
1583442636:[BUOY  ,0087]from +3mbar/s to +0mbar/s
1583442636:[BUOY  ,0089]need to transfer +14mL (pump during 17147ms)
1583442644:[PUMP  ,0207]battery 14916mV,   29402uA (warmup), P  +5167mbar
1583442644:[PUMP  ,0016]pump during 17147ms
1583442661:[PUMP  ,0212]battery 14523mV,  493856uA (steady state), P  +5167mbar
1583442700:[PRESS ,0038]P  +5307mbar,T+13942mdegC
1583442723:[PRESS ,0038]P  +5367mbar,T+13947mdegC
1583442725:[BUOY  ,0087]from +2mbar/s to +0mbar/s
1583442725:[BUOY  ,0089]need to transfer +6mL (pump during 7349ms)
1583442733:[PUMP  ,0207]battery 14930mV,   31720uA (warmup), P  +5367mbar
1583442733:[PUMP  ,0016]pump during 7349ms
1583442740:[PUMP  ,0212]battery 14486mV,  500688uA (steady state), P  +5367mbar
1583442789:[PRESS ,0038]P  +5437mbar,T+13959mdegC
1583442814:[BUOY  ,0087]from +1mbar/s to +0mbar/s
1583442814:[BUOY  ,0089]need to transfer +2mL (pump during 2450ms)
1583442822:[PUMP  ,0207]battery 14958mV,   32696uA (warmup), P  +5447mbar
1583442822:[PUMP  ,0016]pump during 2450ms
1583442888:[PRESS ,0038]P  +5497mbar,T+13970mdegC
1583442963:<WARN>[BUOY  ,0094]stage[0] should ASCENT, stuck at 5507mbar for the #1 time
1583442963:[BUOY  ,0087]from +0mbar/s to -3mbar/s
1583442963:[BUOY  ,0089]need to transfer +14mL (pump during 17276ms)
1583442971:[PUMP  ,0207]battery 15008mV,   34282uA (warmup), P  +5507mbar
1583442971:[PUMP  ,0016]pump during 17276ms
1583442988:[PUMP  ,0212]battery 14430mV,  495564uA (steady state), P  +5507mbar
1583443032:[PRESS ,0038]P  +5437mbar,T+13983mdegC
1583443112:[PRESS ,0038]P  +5277mbar,T+13986mdegC
1583443173:[PRESS ,0038]P  +5147mbar,T+13988mdegC
1583443234:[PRESS ,0038]P  +4967mbar,T+13988mdegC
1583443234:[BUOY  ,0087]from -2mbar/s to +0mbar/s
1583443234:[BUOY  ,0090]need to transfer -6mL (valve during 1093ms)
1583443234:[VALVE ,0034]valve opening 1093ms
1583443235:[VALVE ,0234]battery 14263mV,  635620uA, P  +4967mbar
1583443295:[PRESS ,0038]P  +4837mbar,T+13986mdegC
1583443319:[BUOY  ,0087]from -2mbar/s to +0mbar/s
1583443319:[BUOY  ,0090]need to transfer -6mL (valve during 1109ms)
1583443319:[VALVE ,0034]valve opening 1109ms
1583443321:[VALVE ,0234]battery 14277mV,  636352uA, P  +4807mbar
1583443380:[PRESS ,0038]P  +4757mbar,T+13985mdegC
1583443526:[PRESS ,0038]P  +4837mbar,T+13983mdegC
1583443648:[PRESS ,0038]P  +4897mbar,T+13981mdegC
1583443769:[MAIN  ,0140]stage[0] complete 1842s after mission start
1583443769:[MAIN  ,0056]stage[1]
1583443771:[MAIN  ,0024]internal pressure 79156Pa
1583443772:[MRMAID,0002]acq started
1583443782:[BUOY  ,0037]P  +4907mbar
1583443783:[STAGE ,0080]Stage [1] 5000mbar (+/-500mbar) 3600s (<1583447327s) MERMAID
1583443784:[STAGE ,0213]4907mbar reached at 1583443784s, ref 5000mbar +/-500mbar
1583444876:[PRESS ,0038]P  +5027mbar,T+13950mdegC
1583444937:[PRESS ,0038]P  +5087mbar,T+13949mdegC
1583444997:[PRESS ,0038]P  +5167mbar,T+13949mdegC
1583445058:[PRESS ,0038]P  +5237mbar,T+13946mdegC
1583445240:[PRESS ,0038]P  +5327mbar,T+13943mdegC
1583445240:[BUOY  ,0087]from +1mbar/s to +0mbar/s
1583445240:[BUOY  ,0089]need to transfer +2mL (pump during 2429ms)
1583445240:[MRMAID,0003]acq stopped
1583445240:[MRMAID,0052]Mermaid $MEASFS,56630,1415.253144,40.014043;
1583445249:[PUMP  ,0207]battery 15186mV,   40016uA (warmup), P  +5327mbar
1583445249:[PUMP  ,0016]pump during 2429ms
1583445254:[MRMAID,0002]acq started
1583445314:[PRESS ,0038]P  +5427mbar,T+13943mdegC
1583445339:[BUOY  ,0087]from +1mbar/s to +0mbar/s
1583445339:[BUOY  ,0089]need to transfer +2mL (pump during 2435ms)
1583445339:[MRMAID,0003]acq stopped
1583445347:[PUMP  ,0207]battery 15192mV,   38552uA (warmup), P  +5467mbar
1583445347:[PUMP  ,0016]pump during 2435ms
1583445353:[MRMAID,0002]acq started
1583445413:[PRESS ,0038]P  +5497mbar,T+13943mdegC
1583445559:[PRESS ,0038]P  +5437mbar,T+13942mdegC
1583445680:[PRESS ,0038]P  +5327mbar,T+13939mdegC
1583445801:[PRESS ,0038]P  +5257mbar,T+13938mdegC
1583447075:[PRESS ,0038]P  +5167mbar,T+13926mdegC
1583447136:[PRESS ,0038]P  +5097mbar,T+13925mdegC
1583447378:[MAIN  ,0140]stage[1] complete 5451s after mission start
1583447378:[MRMAID,0003]acq stopped
1583447378:[MRMAID,0052]Mermaid $MEASFS,78934,1972.657440,40.014043;
1583447439:[MAIN  ,0056]stage[2]
1583447441:[MAIN  ,0024]internal pressure 79102Pa
1583447442:[PRESS ,0038]P  +5157mbar,T+13923mdegC
1583447442:[BUOY  ,0037]P  +5157mbar
1583447442:[STAGE ,0091]Stage [2] surfacing 3600s (<1583450927s) SBE41
1583447444:<WARN>[BUOY  ,0094]stage[2] should ASCENT, stuck at 5167mbar for the #1 time
1583447444:[BUOY  ,0087]from +0mbar/s to -7mbar/s
1583447444:[BUOY  ,0089]need to transfer +78mL (pump during 94317ms)
1583447452:[PUMP  ,0207]battery 15205mV,   40260uA (warmup), P  +5167mbar
1583447452:[PUMP  ,0016]pump during 60000ms
1583447511:[PUMP  ,0212]battery 14467mV,  477874uA (steady state), P  +5167mbar
1583447519:[PRESS ,0038]P  +5097mbar,T+13929mdegC
1583447537:[PRESS ,0038]P  +5037mbar,T+13932mdegC
1583447540:[BUOY  ,0087]from -4mbar/s to -7mbar/s
1583447540:[BUOY  ,0089]need to transfer +52mL (pump during 62878ms)
1583447541:[SBE41 ,0337]Speed start detected
1583447549:[PUMP  ,0207]battery 15016mV,  100162uA (warmup), P  +5017mbar
1583447549:[PUMP  ,0016]pump during 60000ms
1583447608:[PUMP  ,0212]battery 14685mV,  517524uA (steady state), P  +5017mbar
1583447612:[PRESS ,0038]P  +4657mbar,T+13944mdegC
1583447619:[PRESS ,0038]P  +4597mbar,T+13946mdegC
1583447627:[PRESS ,0038]P  +4537mbar,T+13947mdegC
1583447635:[PRESS ,0038]P  +4477mbar,T+13948mdegC
1583447698:[PRESS ,0038]P  +4037mbar,T+13953mdegC
1583447707:[PRESS ,0038]P  +3977mbar,T+13954mdegC
1583447717:[PRESS ,0038]P  +3907mbar,T+13954mdegC
1583447783:[PRESS ,0038]P  +3467mbar,T+13953mdegC
1583447792:[PRESS ,0038]P  +3407mbar,T+13953mdegC
1583447801:[PRESS ,0038]P  +3347mbar,T+13953mdegC
1583447869:[PRESS ,0038]P  +2927mbar,T+13953mdegC
1583447879:[PRESS ,0038]P  +2867mbar,T+13953mdegC
1583447888:[PRESS ,0038]P  +2807mbar,T+13952mdegC
1583447954:[PRESS ,0038]P  +2397mbar,T+13950mdegC
1583447967:[PRESS ,0038]P  +2327mbar,T+13950mdegC
1583447976:[PRESS ,0038]P  +2267mbar,T+13949mdegC
1583448040:[PRESS ,0038]P  +1887mbar,T+13949mdegC
1583448063:[PRESS ,0038]P  +1827mbar,T+13949mdegC
1583448065:[BUOY  ,0087]from -3mbar/s to -7mbar/s
1583448065:[BUOY  ,0089]need to transfer +64mL (pump during 79012ms)
1583448073:[PUMP  ,0207]battery 15001mV,   59170uA (warmup), P  +1817mbar
1583448073:[PUMP  ,0016]pump during 60000ms
1583448132:[PUMP  ,0212]battery 14506mV,  493734uA (steady state), P  +1817mbar
1583448137:[PRESS ,0038]P  +1357mbar,T+13957mdegC
1583448147:[PRESS ,0038]P  +1297mbar,T+13959mdegC
1583448156:[PRESS ,0038]P  +1237mbar,T+13961mdegC
1583448222:[PRESS ,0038]P   +867mbar,T+13965mdegC
1583448231:[PRESS ,0038]P   +807mbar,T+13965mdegC
1583448238:[PRESS ,0038]P   +747mbar,T+13965mdegC
1583448247:[PRESS ,0038]P   +687mbar,T+13965mdegC
1583448308:[PRESS ,0038]P   +297mbar,T+13963mdegC
1583448324:[PRESS ,0038]P   +237mbar,T+13961mdegC
1583448332:[PRESS ,0038]P   +177mbar,T+13961mdegC
1583448333:[STAGE ,0214]177mbar (500) reached at 1583448333s, ascending from 5157mbar
1583448333:[STAGE ,0342]The float reached the surface : OK
1583448333:[MAIN  ,0140]stage[2] complete 6406s after mission start
1583448355:[SBE41 ,0343]SBE41 dump : 12 stored samples in hexa format
1583448356:[SBE41 ,0338]Dump finished
1583448356:[SBE41 ,0318]108 bytes in 0051/5E617D91.S41
1583448356:[MRMAID,0188]acq already stopped
1583448416:[MSSION,0192]mission stopped, 3 stage(s) done
1583448416:[MAIN  ,0065]surfacing
1583448418:[PRESS ,0038]P    -63mbar,T+13952mdegC
1583448418:[SURFIN,0036]P    -63mbar
1583448422:[SURFIN,0020]filling external bladder
1583448430:[PUMP  ,0207]battery 15031mV,   40626uA (warmup), P    -63mbar
1583448430:[PUMP  ,0016]pump during 300000ms
1583448491:[PUMP  ,0212]battery 14263mV, 1405074uA (steady state), P    -63mbar
1583448493:[SURFIN,0019]external bladder full
1583448495:[PRESS ,0038]P   +150mbar,T+13973mdegC
1583448554:[MAIN  ,0272]Vbat 14910mV (min 14402mV)
1583448557:[MAIN  ,0024]internal pressure 78526Pa
1583448557:[MAIN  ,0043]Pext 138mbar (rng 40mbar)
1583448557:[MAIN  ,0064]surface
1583448568:[SURF  ,0022]GPS fix...
1583448570:<WARN>[GPSFIX,0123]GPRMC ms=20 #1
1583448570:<WARN>[GPSFIX,0123]GPRMC ms=980 #1
1583448591:[SURF  ,0015]10 PPS detected...
1583448592:[MRMAID,0052]Mermaid $GPSACK:+0,+0,+0,+0,+0,+0,-1068;
1583448602:[MRMAID,0052]Mermaid $GPSOFF:3686322;
1583448603:[GPSFIX,0179]-1s diff
1583448604:[SURF  ,0222]2020-03-05T22:50:04
1583448604:[SURF  ,0082]Latitude : N43deg40.935mn, Longitude :E007deg19.174mn
1583448604:[SURF  ,0223]fix3D,5satellites
1583448604:[SURF  ,0084]GPS fix GPGSA : hdop1.670,vdop3.110
1583448614:[SURF  ,0274]last almanac : 2384055
1583448627:[MRMAID,0026]1565 bytes in 0051/5E61822B.MER
1583448633:[MAIN  ,0320]New pressure offset: 138mbar
