1590364900:[MAIN  ,0007]buoy 452.020-P-0051
1590364900:[MAIN  ,0055]soft pilotage 452.012.300_V2.18-20200518
1590364900:[MAIN  ,0010]cycle 27
1590364900:[SURF  ,0225]surface2
1590364911:[SURF  ,0022]GPS fix...
1590364932:[SURF  ,0015]10 PPS detected...
1590364933:[MRMAID,0052]Mermaid $GPSACK:+0,+0,+0,+0,+0,+0,+0;
1590364943:[MRMAID,0052]Mermaid $GPSOFF:3686321;
1590364944:[GPSFIX,0179]-1s diff
1590364945:[SURF  ,0222]2020-05-25T00:02:25
1590364945:[SURF  ,0082]Latitude : N43deg40.939mn, Longitude :E007deg19.172mn
1590364945:[SURF  ,0223]fix3D,8satellites
1590364945:[SURF  ,0084]GPS fix GPGSA : hdop0.820,vdop1.350
1590364955:[SURF  ,0025]Iridium...
1590364962:[SBE41 ,0339]newoffset=-0.46db received after -57s
1590365162:<WARN>[SURF  ,0023]failed to connect #1, code -8, net 1, qual 5, dial 1
1590365224:[SURF  ,0009]connected in 269s, signal quality 5
1590365297:[SURF  ,0218]prompt received, remote cmd end
1590365297:[SURF  ,0012]17 cmd(s) received
1590365318:[UPLOAD,0248]Upload data files...
1590365394:[UPLOAD,0231]"0051/5ECB05BC.S41" uploaded at 136bytes/s
1590365408:[UPLOAD,0231]"0051/5ECB0AD6.MER" uploaded at 141bytes/s
1590365467:[ZIO   ,0237]5 consecutive ZFIN received, aborting
1590365482:[SURF  ,0014]disconnected after 527s
1590365487:[SURFIN,0020]filling external bladder
1590365496:[PUMP  ,0207]battery 14846mV,   28426uA (warmup), P   +210mbar
1590365496:[PUMP  ,0016]pump during 300000ms
1590365505:[PUMP  ,0212]battery 14176mV, 1335412uA (steady state), P   +210mbar
1590365507:[SURFIN,0019]external bladder full
1590365507:[SURF  ,0319]transfer interrupted
1590365520:[SURF  ,0022]GPS fix...
1590365540:[SURF  ,0015]10 PPS detected...
1590365541:[MRMAID,0052]Mermaid $GPSACK:+0,+0,+0,+0,+0,+1,-999938;
1590365551:[MRMAID,0052]Mermaid $GPSOFF:3686320;
1590365552:[GPSFIX,0179]-1s diff
1590365553:[SURF  ,0222]2020-05-25T00:12:33
1590365553:[SURF  ,0082]Latitude : N43deg40.939mn, Longitude :E007deg19.173mn
1590365553:[SURF  ,0223]fix3D,8satellites
1590365553:[SURF  ,0084]GPS fix GPGSA : hdop0.760,vdop1.290
1590365570:[MAIN  ,0024]internal pressure 79152Pa
1590365571:[BYCMD ,0107]    FreeRTOS V8.2.3
1590365571:[BYCMD ,0108]    FatFS v11a
1590365571:[BYCMD ,0120]    bypass 10000ms 60000ms (20000ms 60000ms stored)
1590365571:[BYCMD ,0121]    valve 60000ms 12750 (60000ms 12750 stored)
1590365571:[BYCMD ,0122]    pump 60000ms 30% 10750 80% (60000ms 30% 10750 80% stored)
1590365571:[BYCMD ,0123]    rate 2mbar/s (2mbar/s stored)
1590365571:[BYCMD ,0124]    surface 500mbar (500mbar stored)
1590365571:[BYCMD ,0125]    near 500mbar 3mbar/s (15000mbar 3mbar/s stored)
1590365571:[BYCMD ,0126]    far 1500mbar 4mbar/s (25000mbar 4mbar/s stored)
1590365571:[BYCMD ,0127]    ascent 8mbar/s (8mbar/s stored)
1590365571:[BYCMD ,0128]    dead 60s (300s stored)
1590365571:[BYCMD ,0129]    coeff 16/10 (16/10 stored)
1590365571:[BYCMD ,0130]    stab 10 (10 stored)
1590365571:[BYCMD ,0131]    delay 900s 3600s (900s 3600s stored)
1590365571:[BYCMD ,0132]    mmtime 2880min (2880min stored)
1590365571:[BYCMD ,0133]    dv_landing 100ml (100ml stored)
1590365571:[MKDCMD,0150]    p2t37: 15x2000ms, offset 201mbar
1590365571:[P2TCMD,0151]    p2t37: dp 50mbar, dt 1000000mdegC
1590365572:[STAGE ,0080]Stage [0] 5000mbar (+/-500mbar) 1800s (<1800s) 
1590365572:[STAGE ,0080]Stage [1] 5000mbar (+/-500mbar) 3600s (<5400s) MERMAID
1590365572:[STAGE ,0091]Stage [2] surfacing 3600s (<9000s) SBE41
1590365572:[SBE41 ,0282]SBE41 parameters : 
      dsreplyformat=1 (webb(0)/standard(1))
      addtimingdelays=0 (n(0)/y(1))
      outputdensity=0 (n(0)/y(1))
      echocmd=0 (n(0)/y(1))
      outputrt=0 (n(0)/y(1))
      outputpts=0 (n(0)/y(1))
      outputsn=0 (n(0)/y(1))
      outputpressure=1 (n(0)/y(1))
      pcutoff=2dbar
      tswait=0s
      pumpfastpt=1 (n(0)/y(1))
      samplerate=1 ('fast':1Hz(1)/'slow':0.5Hz(0))
      top_bin_interval=10dbar
      top_bin_size=10dbar
      top_bin_max=100dbar
      middle_bin_interval=50dbar
      middle_bin_size=50dbar
      middle_bin_max=1000dbar
      bottom_bin_interval=100dbar
      bottom_bin_size=100dbar
      includetransitionbin=0
      includenbin=0 (n(0)/y(1))
      autobinavg=0 (n(0)/y(1))
1590365572:[SBE41 ,0283]SBE41 pilot policy : 
      continiousprofile=0 (n(0)/y(1)
      speeddetection=1 (n(0)/y(1)
      hexoutput=1 (n(0)/y(1)
      binaverageoutput=0 (n(0)/y(1)
      manualprofilerate=10s
      runningpumpbeforeprofile=0s
      speedstart=2mbar/s
      speedcontrol=5mbar/s
1590365572:[MAIN  ,0070]turn off bluetooth
1590365574:[PRESS ,0038]P     -1mbar,T+19423mdegC
1590365599:[DIVING,0141]diving from -11mbar, +0mbar/s
1590365599:[BYPASS,0035]bypass opening 60000ms
1590365604:[BYPASS,0104]battery 14521mV,  326106uA (bypass opening), P    -11mbar
1590365669:[BYPASS,0106]battery 14446mV,  400404uA (bypass closing), P    -11mbar
1590365676:[PRESS ,0038]P    +69mbar,T+19820mdegC
1590365687:[PRESS ,0038]P   +129mbar,T+19849mdegC
1590365696:[PRESS ,0038]P   +189mbar,T+19867mdegC
1590365707:[PRESS ,0038]P   +249mbar,T+19894mdegC
1590365718:[PRESS ,0038]P   +309mbar,T+19930mdegC
1590365732:[PRESS ,0038]P   +379mbar,T+19972mdegC
1590365743:[PRESS ,0038]P   +439mbar,T+19993mdegC
1590365754:[PRESS ,0038]P   +499mbar,T+19995mdegC
1590365759:[DIVING,0028]519mbar reached (+6mbar/s), 1 bypass done
1590365759:[MAIN  ,0056]stage[0]
1590365762:[MAIN  ,0024]internal pressure 79909Pa
1590365762:[BUOY  ,0037]P   +549mbar
1590365762:[STAGE ,0080]Stage [0] 5000mbar (+/-500mbar) 1800s (<1590367559s) 
1590365825:[PRESS ,0038]P   +899mbar,T+20046mdegC
1590365834:[PRESS ,0038]P   +959mbar,T+20043mdegC
1590365843:[PRESS ,0038]P  +1029mbar,T+20037mdegC
1590365910:[PRESS ,0038]P  +1419mbar,T+19938mdegC
1590365921:[PRESS ,0038]P  +1479mbar,T+19917mdegC
1590365930:[PRESS ,0038]P  +1539mbar,T+19899mdegC
1590365996:[PRESS ,0038]P  +1909mbar,T+19730mdegC
1590366005:[PRESS ,0038]P  +1969mbar,T+19705mdegC
1590366017:[PRESS ,0038]P  +2029mbar,T+19668mdegC
1590366081:[PRESS ,0038]P  +2399mbar,T+19464mdegC
1590366090:[PRESS ,0038]P  +2459mbar,T+19434mdegC
1590366103:[PRESS ,0038]P  +2519mbar,T+19392mdegC
1590366167:[PRESS ,0038]P  +2909mbar,T+19171mdegC
1590366179:[PRESS ,0038]P  +2979mbar,T+19128mdegC
1590366252:[PRESS ,0038]P  +3279mbar,T+18877mdegC
1590366265:[PRESS ,0038]P  +3339mbar,T+18834mdegC
1590366277:[PRESS ,0038]P  +3409mbar,T+18792mdegC
1590366338:[PRESS ,0038]P  +3719mbar,T+18582mdegC
1590366345:[PRESS ,0038]P  +3779mbar,T+18556mdegC
1590366357:[PRESS ,0038]P  +3839mbar,T+18512mdegC
1590366363:[BUOY  ,0087]from +6mbar/s to +3mbar/s
1590366363:[BUOY  ,0089]need to transfer +44mL (pump during 53856ms)
1590366371:[PUMP  ,0207]battery 15115mV,   36356uA (warmup), P  +3859mbar
1590366371:[PUMP  ,0016]pump during 53856ms
1590366424:[PUMP  ,0212]battery 14412mV,  467748uA (steady state), P  +3859mbar
1590366428:[PRESS ,0038]P  +4179mbar,T+18281mdegC
1590366450:[PRESS ,0038]P  +4239mbar,T+18218mdegC
1590366514:[PRESS ,0038]P  +4429mbar,T+17989mdegC
1590366539:[BUOY  ,0087]from +1mbar/s to +3mbar/s
1590366539:[BUOY  ,0090]need to transfer -12mL (valve during 2318ms)
1590366539:[VALVE ,0034]valve opening 2318ms
1590366541:[VALVE ,0234]battery 14317mV,  629032uA, P  +4459mbar
1590366600:[PRESS ,0038]P  +4629mbar,T+17662mdegC
1590366619:[PRESS ,0038]P  +4689mbar,T+17591mdegC
1590366624:[STAGE ,0213]4699mbar reached at 1590366624s, ref 5000mbar +/-500mbar
1590366624:[BUOY  ,0087]from +3mbar/s to +0mbar/s
1590366624:[BUOY  ,0089]need to transfer +14mL (pump during 17132ms)
1590366633:[PUMP  ,0207]battery 15086mV,   34770uA (warmup), P  +4699mbar
1590366633:[PUMP  ,0016]pump during 17132ms
1590366650:[PUMP  ,0212]battery 14510mV,  476776uA (steady state), P  +4699mbar
1590366688:[PRESS ,0038]P  +4869mbar,T+17367mdegC
1590366710:[PRESS ,0038]P  +4929mbar,T+17299mdegC
1590366774:[PRESS ,0038]P  +5039mbar,T+17091mdegC
1590366774:[BUOY  ,0087]from +2mbar/s to +0mbar/s
1590366774:[BUOY  ,0089]need to transfer +6mL (pump during 7341ms)
1590366782:[PUMP  ,0207]battery 15093mV,   34404uA (warmup), P  +5039mbar
1590366782:[PUMP  ,0016]pump during 7341ms
1590366789:[PUMP  ,0212]battery 14506mV,  479826uA (steady state), P  +5039mbar
1590366838:[PRESS ,0038]P  +5139mbar,T+16914mdegC
1590366863:[BUOY  ,0087]from +2mbar/s to +0mbar/s
1590366863:[BUOY  ,0089]need to transfer +6mL (pump during 7341ms)
1590366871:[PUMP  ,0207]battery 15101mV,   34160uA (warmup), P  +5189mbar
1590366871:[PUMP  ,0016]pump during 7341ms
1590366878:[PUMP  ,0212]battery 14520mV,  481046uA (steady state), P  +5189mbar
1590366927:[PRESS ,0038]P  +5259mbar,T+16694mdegC
1590366951:[BUOY  ,0087]from +1mbar/s to +0mbar/s
1590366951:[BUOY  ,0089]need to transfer +2mL (pump during 2447ms)
1590366960:[PUMP  ,0207]battery 15106mV,   34160uA (warmup), P  +5289mbar
1590366960:[PUMP  ,0016]pump during 2447ms
1590367015:[PRESS ,0038]P  +5379mbar,T+16492mdegC
1590367040:[BUOY  ,0087]from +1mbar/s to +0mbar/s
1590367040:[BUOY  ,0089]need to transfer +2mL (pump during 2447ms)
1590367048:[PUMP  ,0207]battery 15115mV,   34648uA (warmup), P  +5399mbar
1590367048:[PUMP  ,0016]pump during 2447ms
1590367104:[PRESS ,0038]P  +5499mbar,T+16309mdegC
1590367129:<WARN>[BUOY  ,0094]stage[0] should ASCENT, stuck at 5539mbar for the #1 time
1590367129:[BUOY  ,0087]from +2mbar/s to -3mbar/s
1590367129:[BUOY  ,0089]need to transfer +20mL (pump during 24469ms)
1590367137:[PUMP  ,0207]battery 15123mV,   34892uA (warmup), P  +5539mbar
1590367137:[PUMP  ,0016]pump during 24469ms
1590367161:[PUMP  ,0212]battery 14512mV,  488976uA (steady state), P  +5539mbar
1590367193:[PRESS ,0038]P  +5629mbar,T+16173mdegC
1590367218:<WARN>[BUOY  ,0094]stage[0] should ASCENT, stuck at 5629mbar for the #2 time
1590367218:[BUOY  ,0087]from +0mbar/s to -3mbar/s
1590367218:[BUOY  ,0089]need to transfer +14mL (pump during 17128ms)
1590367226:[PUMP  ,0207]battery 15105mV,   33062uA (warmup), P  +5629mbar
1590367226:[PUMP  ,0016]pump during 17128ms
1590367243:[PUMP  ,0212]battery 14542mV,  493002uA (steady state), P  +5629mbar
1590367282:[PRESS ,0038]P  +5549mbar,T+16063mdegC
1590367301:[PRESS ,0038]P  +5489mbar,T+16036mdegC
1590367307:[BUOY  ,0087]from -3mbar/s to +0mbar/s
1590367307:[BUOY  ,0090]need to transfer -14mL (valve during 2412ms)
1590367307:[VALVE ,0034]valve opening 2412ms
1590367309:[VALVE ,0234]battery 14366mV,  630130uA, P  +5479mbar
1590367367:[PRESS ,0038]P  +5389mbar,T+15938mdegC
1590367453:[PRESS ,0038]P  +5309mbar,T+15819mdegC
1590367574:[MAIN  ,0140]stage[0] complete 1815s after mission start
1590367574:[MAIN  ,0056]stage[1]
1590367576:[MAIN  ,0024]internal pressure 79299Pa
1590367578:[MRMAID,0002]acq started
1590367588:[BUOY  ,0037]P  +5359mbar
1590367588:[STAGE ,0080]Stage [1] 5000mbar (+/-500mbar) 3600s (<1590371159s) MERMAID
1590367589:[PRESS ,0038]P  +5369mbar,T+15656mdegC
1590367590:[STAGE ,0213]5369mbar reached at 1590367590s, ref 5000mbar +/-500mbar
1590367650:[PRESS ,0038]P  +5469mbar,T+15593mdegC
1590367893:[PRESS ,0038]P  +5569mbar,T+15395mdegC
1590367893:<WARN>[BUOY  ,0094]stage[1] should ASCENT, stuck at 5569mbar for the #1 time
1590367893:[BUOY  ,0087]from +0mbar/s to -3mbar/s
1590367893:[BUOY  ,0089]need to transfer +14mL (pump during 17125ms)
1590367893:[MRMAID,0003]acq stopped
1590367902:[PUMP  ,0207]battery 15153mV,   38918uA (warmup), P  +5569mbar
1590367902:[PUMP  ,0016]pump during 17125ms
1590367919:[PUMP  ,0212]battery 14461mV,  474946uA (steady state), P  +5569mbar
1590367922:[MRMAID,0002]acq started
1590367992:<WARN>[BUOY  ,0094]stage[1] should ASCENT, stuck at 5579mbar for the #2 time
1590367992:[BUOY  ,0087]from +0mbar/s to -3mbar/s
1590367992:[BUOY  ,0089]need to transfer +14mL (pump during 17061ms)
1590367992:[MRMAID,0002]acq started
1590367992:[MRMAID,0183]dropping spurious '0x53'
1590367992:[MRMAID,0183]dropping spurious '0x54'
1590367992:[MRMAID,0183]dropping spurious '0x4F'
1590367992:[MRMAID,0183]dropping spurious '0x50'
1590367992:[MRMAID,0183]dropping spurious '0x41'
1590367993:[MRMAID,0183]dropping spurious '0x43'
1590367993:[MRMAID,0183]dropping spurious '0x4B'
1590367993:[MRMAID,0183]dropping spurious '0x3A'
1590367993:[MRMAID,0183]dropping spurious '0x2B'
1590367993:[MRMAID,0183]dropping spurious '0x31'
1590367993:[MRMAID,0183]dropping spurious '0x3B'
1590367993:[MRMAID,0185]11 spurious byte(s) received
1590368000:[PUMP  ,0207]battery 15153mV,   34648uA (warmup), P  +5579mbar
1590368000:[PUMP  ,0016]pump during 17061ms
1590368017:[PUMP  ,0212]battery 14558mV,  498370uA (steady state), P  +5579mbar
1590368021:[MRMAID,0002]acq started
1590368090:<WARN>[BUOY  ,0094]stage[1] should ASCENT, stuck at 5549mbar for the #3 time
1590368090:[BUOY  ,0087]from +0mbar/s to -3mbar/s
1590368090:[BUOY  ,0089]need to transfer +14mL (pump during 17061ms)
1590368091:[MRMAID,0003]acq stopped
1590368099:[PUMP  ,0207]battery 15141mV,   33916uA (warmup), P  +5549mbar
1590368099:[PUMP  ,0016]pump during 17061ms
1590368116:[PUMP  ,0212]battery 14566mV,  482998uA (steady state), P  +5549mbar
1590368120:[MRMAID,0002]acq started
1590368164:[PRESS ,0038]P  +5449mbar,T+15326mdegC
1590368187:[PRESS ,0038]P  +5389mbar,T+15319mdegC
1590368250:[PRESS ,0038]P  +5169mbar,T+15288mdegC
1590368250:[BUOY  ,0087]from -3mbar/s to +0mbar/s
1590368250:[BUOY  ,0090]need to transfer -14mL (valve during 2514ms)
1590368250:[MRMAID,0003]acq stopped
1590368250:[VALVE ,0034]valve opening 2514ms
1590368253:[VALVE ,0234]battery 14337mV,  629764uA, P  +5169mbar
1590368254:[MRMAID,0002]acq started
1590368321:[PRESS ,0038]P  +4909mbar,T+15261mdegC
1590368340:[PRESS ,0038]P  +4849mbar,T+15253mdegC
1590368346:[BUOY  ,0087]from -3mbar/s to +0mbar/s
1590368346:[BUOY  ,0090]need to transfer -14mL (valve during 2587ms)
1590368346:[MRMAID,0003]acq stopped
1590368346:[VALVE ,0034]valve opening 2587ms
1590368349:[VALVE ,0234]battery 14327mV,  631838uA, P  +4829mbar
1590368350:[MRMAID,0002]acq started
1590368416:[PRESS ,0038]P  +4749mbar,T+15229mdegC
1590368441:[BUOY  ,0087]from -1mbar/s to +0mbar/s
1590368441:[BUOY  ,0090]need to transfer -2mL (valve during 375ms)
1590368441:[MRMAID,0003]acq stopped
1590368442:[VALVE ,0034]valve opening 375ms
1590368443:[MRMAID,0002]acq started
1590368512:[PRESS ,0038]P  +4679mbar,T+15204mdegC
1590368719:[PRESS ,0038]P  +4559mbar,T+15167mdegC
1590369264:[PRESS ,0038]P  +4629mbar,T+15164mdegC
1590369386:[PRESS ,0038]P  +4559mbar,T+15167mdegC
1590369750:[PRESS ,0038]P  +4629mbar,T+15157mdegC
1590369871:[PRESS ,0038]P  +4729mbar,T+15144mdegC
1590369932:[PRESS ,0038]P  +4789mbar,T+15136mdegC
1590369992:[PRESS ,0038]P  +4849mbar,T+15128mdegC
1590370053:[PRESS ,0038]P  +4939mbar,T+15120mdegC
1590370174:[PRESS ,0038]P  +5029mbar,T+15104mdegC
1590370174:[BUOY  ,0087]from +1mbar/s to +0mbar/s
1590370174:[BUOY  ,0089]need to transfer +2mL (pump during 2423ms)
1590370174:[MRMAID,0003]acq stopped
1590370175:[MRMAID,0052]Mermaid $MEASFS,67171,1678.687011,40.014011;
1590370183:[PUMP  ,0207]battery 15213mV,   39040uA (warmup), P  +5029mbar
1590370183:[PUMP  ,0016]pump during 2423ms
1590370189:[MRMAID,0002]acq started
1590370248:[PRESS ,0038]P  +5119mbar,T+15100mdegC
1590370273:[BUOY  ,0087]from +2mbar/s to +0mbar/s
1590370273:[BUOY  ,0089]need to transfer +6mL (pump during 7269ms)
1590370273:[MRMAID,0003]acq stopped
1590370282:[PUMP  ,0207]battery 15215mV,   38552uA (warmup), P  +5159mbar
1590370282:[PUMP  ,0016]pump during 7269ms
1590370289:[PUMP  ,0212]battery 14506mV,  488122uA (steady state), P  +5159mbar
1590370292:[MRMAID,0002]acq started
1590370347:[PRESS ,0038]P  +5249mbar,T+15098mdegC
1590370372:[BUOY  ,0087]from +2mbar/s to +0mbar/s
1590370372:[BUOY  ,0089]need to transfer +6mL (pump during 7277ms)
1590370372:[MRMAID,0003]acq stopped
1590370380:[PUMP  ,0207]battery 15210mV,   37942uA (warmup), P  +5289mbar
1590370381:[PUMP  ,0016]pump during 7277ms
1590370388:[PUMP  ,0212]battery 14568mV,  502762uA (steady state), P  +5289mbar
1590370391:[MRMAID,0002]acq started
1590370446:[PRESS ,0038]P  +5309mbar,T+15098mdegC
1590370713:[PRESS ,0038]P  +5399mbar,T+15065mdegC
1590370834:[PRESS ,0038]P  +5309mbar,T+15048mdegC
1590371077:[PRESS ,0038]P  +5179mbar,T+15016mdegC
1590371138:[PRESS ,0038]P  +5059mbar,T+15011mdegC
1590371198:[PRESS ,0038]P  +4949mbar,T+15006mdegC
1590371198:[MAIN  ,0140]stage[1] complete 5439s after mission start
1590371199:[MRMAID,0003]acq stopped
1590371259:[MAIN  ,0056]stage[2]
1590371261:[MAIN  ,0024]internal pressure 79064Pa
1590371262:[PRESS ,0038]P  +4839mbar,T+15002mdegC
1590371262:[BUOY  ,0037]P  +4839mbar
1590371262:[STAGE ,0091]Stage [2] surfacing 3600s (<1590374759s) SBE41
1590371264:[BUOY  ,0087]from -1mbar/s to -5mbar/s
1590371264:[BUOY  ,0089]need to transfer +38mL (pump during 46005ms)
1590371272:[PUMP  ,0207]battery 15210mV,   39528uA (warmup), P  +4829mbar
1590371272:[PUMP  ,0016]pump during 46005ms
1590371318:[PUMP  ,0212]battery 14541mV,  481778uA (steady state), P  +4829mbar
1590371328:[PRESS ,0038]P  +4709mbar,T+15019mdegC
1590371338:[PRESS ,0038]P  +4649mbar,T+15025mdegC
1590371351:[PRESS ,0038]P  +4589mbar,T+15030mdegC
1590371353:[SBE41 ,0337]Speed start detected
1590371413:[PRESS ,0038]P  +4369mbar,T+15042mdegC
1590371433:[PRESS ,0038]P  +4299mbar,T+15042mdegC
1590371438:[BUOY  ,0087]from -3mbar/s to -5mbar/s
1590371438:[BUOY  ,0089]need to transfer +26mL (pump during 31485ms)
1590371446:[PUMP  ,0207]battery 15086mV,   59658uA (warmup), P  +4309mbar
1590371446:[PUMP  ,0016]pump during 31485ms
1590371477:[PUMP  ,0212]battery 14585mV,  501176uA (steady state), P  +4309mbar
1590371518:[PRESS ,0038]P  +4229mbar,T+15070mdegC
1590371527:[BUOY  ,0087]from -3mbar/s to -5mbar/s
1590371527:[BUOY  ,0089]need to transfer +26mL (pump during 31485ms)
1590371535:[PUMP  ,0207]battery 15067mV,   54656uA (warmup), P  +4209mbar
1590371535:[PUMP  ,0016]pump during 31485ms
1590371566:[PUMP  ,0212]battery 14623mV,  498126uA (steady state), P  +4209mbar
1590371591:[PRESS ,0038]P  +4129mbar,T+15106mdegC
1590371616:[BUOY  ,0087]from -1mbar/s to -5mbar/s
1590371616:[BUOY  ,0089]need to transfer +38mL (pump during 46005ms)
1590371624:[PUMP  ,0207]battery 15030mV,   52826uA (warmup), P  +4109mbar
1590371624:[PUMP  ,0016]pump during 46005ms
1590371670:[PUMP  ,0212]battery 14607mV,  501908uA (steady state), P  +4109mbar
1590371680:[PRESS ,0038]P  +3959mbar,T+15164mdegC
1590371692:[PRESS ,0038]P  +3899mbar,T+15176mdegC
1590371703:[PRESS ,0038]P  +3829mbar,T+15184mdegC
1590371765:[PRESS ,0038]P  +3449mbar,T+15214mdegC
1590371774:[PRESS ,0038]P  +3389mbar,T+15217mdegC
1590371783:[PRESS ,0038]P  +3329mbar,T+15220mdegC
1590371790:[BUOY  ,0087]from -7mbar/s to -5mbar/s
1590371790:[BUOY  ,0090]need to transfer -38mL (valve during 8500ms)
1590371790:[VALVE ,0034]valve opening 8500ms
1590371799:[VALVE ,0234]battery 14292mV,  654652uA, P  +3289mbar
1590371851:[PRESS ,0038]P  +3069mbar,T+15246mdegC
1590371867:[PRESS ,0038]P  +3009mbar,T+15254mdegC
1590371876:[BUOY  ,0087]from -3mbar/s to -5mbar/s
1590371876:[BUOY  ,0089]need to transfer +26mL (pump during 31485ms)
1590371884:[PUMP  ,0207]battery 14983mV,   53924uA (warmup), P  +2989mbar
1590371884:[PUMP  ,0016]pump during 31485ms
1590371915:[PUMP  ,0212]battery 14492mV,  485926uA (steady state), P  +2989mbar
1590371940:[PRESS ,0038]P  +2849mbar,T+15320mdegC
1590371950:[PRESS ,0038]P  +2789mbar,T+15333mdegC
1590372025:[PRESS ,0038]P  +2579mbar,T+15434mdegC
1590372045:[PRESS ,0038]P  +2519mbar,T+15465mdegC
1590372050:[BUOY  ,0087]from -2mbar/s to -5mbar/s
1590372050:[BUOY  ,0089]need to transfer +34mL (pump during 41173ms)
1590372058:[PUMP  ,0207]battery 14975mV,   55754uA (warmup), P  +2519mbar
1590372058:[PUMP  ,0016]pump during 41173ms
1590372099:[PUMP  ,0212]battery 14457mV,  483242uA (steady state), P  +2519mbar
1590372114:[PRESS ,0038]P  +2279mbar,T+15592mdegC
1590372126:[PRESS ,0038]P  +2219mbar,T+15618mdegC
1590372139:[PRESS ,0038]P  +2159mbar,T+15642mdegC
1590372200:[PRESS ,0038]P  +1869mbar,T+15761mdegC
1590372212:[PRESS ,0038]P  +1809mbar,T+15784mdegC
1590372221:[PRESS ,0038]P  +1749mbar,T+15802mdegC
1590372285:[PRESS ,0038]P  +1389mbar,T+15922mdegC
1590372297:[PRESS ,0038]P  +1329mbar,T+15945mdegC
1590372310:[PRESS ,0038]P  +1269mbar,T+15968mdegC
1590372371:[PRESS ,0038]P   +979mbar,T+16076mdegC
1590372383:[PRESS ,0038]P   +919mbar,T+16099mdegC
1590372395:[PRESS ,0038]P   +849mbar,T+16120mdegC
1590372456:[PRESS ,0038]P   +549mbar,T+16224mdegC
1590372467:[PRESS ,0038]P   +489mbar,T+16242mdegC
1590372481:[PRESS ,0038]P   +429mbar,T+16268mdegC
1590372481:[STAGE ,0214]429mbar (500) reached at 1590372481s, ascending from 4839mbar
1590372481:[STAGE ,0342]The float reached the surface : OK
1590372481:[MAIN  ,0140]stage[2] complete 6722s after mission start
1590372487:[SBE41 ,0343]SBE41 dump : 1123 stored samples in hexa format
1590372528:[SBE41 ,0338]Dump finished
1590372528:[SBE41 ,0318]10107 bytes in 0051/5ECB23BD.S41
1590372529:[MRMAID,0188]acq already stopped
1590372589:[MSSION,0192]mission stopped, 3 stage(s) done
1590372589:[MAIN  ,0065]surfacing
1590372591:[PRESS ,0038]P   +239mbar,T+16461mdegC
1590372591:[SURFIN,0036]P   +239mbar
1590372595:[SURFIN,0020]filling external bladder
1590372603:[PUMP  ,0207]battery 15070mV,   39772uA (warmup), P   +239mbar
1590372603:[PUMP  ,0016]pump during 300000ms
1590372699:[PUMP  ,0212]battery 14228mV, 1374208uA (steady state), P   +239mbar
1590372701:[SURFIN,0019]external bladder full
1590372763:[MAIN  ,0272]Vbat 14843mV (min 14486mV)
1590372766:[MAIN  ,0024]internal pressure 78861Pa
1590372766:[MAIN  ,0043]Pext 199mbar (rng 20mbar)
1590372766:[MAIN  ,0064]surface
1590372777:[SURF  ,0022]GPS fix...
1590372780:<WARN>[GPSFIX,0123]GPRMC ms=490 #1
1590372780:<WARN>[GPSFIX,0123]GPRMC ms=990 #1
1590372801:[SURF  ,0015]10 PPS detected...
1590372802:[MRMAID,0052]Mermaid $GPSACK:+0,+0,+0,+0,+0,+0,-976;
1590372812:[MRMAID,0052]Mermaid $GPSOFF:3686321;
1590372813:[GPSFIX,0179]-1s diff
1590372814:[SURF  ,0222]2020-05-25T02:13:34
1590372814:[SURF  ,0082]Latitude : N43deg40.939mn, Longitude :E007deg19.176mn
1590372814:[SURF  ,0223]fix3D,7satellites
1590372814:[SURF  ,0084]GPS fix GPGSA : hdop1.020,vdop1.260
1590372824:[SURF  ,0274]last almanac : 237213
1590372836:[MRMAID,0026]1449 bytes in 0051/5ECB29DD.MER
1590372842:[MAIN  ,0320]New pressure offset: 199mbar
1590372842:[LOGBIN,0078]*** switching to 0051/5ECB29EA ***
