1581442900:[MONITR,0197]reboot code 0x0000, src/monitor.c@516
1581442900:[MAIN  ,0007]buoy 452.020-P-0051
1581442900:[MAIN  ,0055]soft pilotage 452.012.300_V2.11-20200211
1581442900:[MAIN  ,0011]date 2020-02-11T17:41:40
1581442906:[MAIN  ,0006]battery 15302mV,   14152uA
1581442908:[MAIN  ,0024]internal pressure 79399Pa
1581442910:[PRESS ,0038]P    -29mbar,T+17660mdegC
1581442910:[MRMAID,0182]thread started
1581442911:[MRMAID,0186]no wake-up
1581442912:[MRMAID,0188]acq already stopped
1581442913:[MRMAID,0052]Mermaid $BOARD:452116600-51;
1581442913:[MRMAID,0052]Mermaid $SOFT:2.1344;
1581442914:[TESTMD,0053]Enter in test mode? yes/no
1581442914:[TESTMD,0252]0051>
1581442915:[TESTMD,0050]"yes"
1581442916:[TESTMD,0249]
Command list
pext    : Get external pressure
pint    : Get internal vacuum
ui      : Get voltage/current
act     : Test actuators
fillb   : Pump until filling the bladder
bpopen  : Open bypass
bpclose : Close bypass
date    : Get date
gps     : GPS synchronization
iridium : Iridium transfer
mstart  : Start mermaid acq
mstop   : Stop mermaid acq
mdata   : Get mermaid datas
ls      : List files
cat     : Print content of a file
rm      : Remove a file
h       : Print command list
q       : Quit

Advanced
pumps X : pompe Xs (lent)
pumpf X : pompe Xs (rapide)
evh     : ouvre l'electrovalve 30s
bypass  : ouvre le bypass 30s
dvmine  : deverminage de la carte
nominal : mode nominal pour mesure de conso
cychydr : test du circuit hydraulique
mkdir   : creer un repertoire
mv      : deplacer un fichier
ps      : liste les processus

Set params
stage   : Stage settings
buoy    : Buoy settings
p2t     : Pressure sensor settings
log     : Verb cfg
mermaid : Mermaid cfg
upload  : On/Off Irid transfer
sys  : system param settings


1581442916:[TESTMD,0252]0051>
1581442918:[TESTMD,0050]"pext"
1581442922:[PRESS ,0038]P    -29mbar,T+17659mdegC
1581442922:[TESTMD,0252]0051>
1581442927:[TESTMD,0050]"pint"
1581442929:[TESTMD,0029]79382Pa
1581442929:[TESTMD,0252]0051>
1581443118:[TESTMD,0050]"act"
1581443118:[SURFIN,0020]filling external bladder
1581443127:[PUMP  ,0207]pump warmup 15067mV/49166uA
1581443127:[PUMP  ,0016]pump during 300000ms
1581443163:[PUMP  ,0212]pump stopped, 13487mV/1506768uA
1581443163:[PUMP  ,0210]aborted, 26500ticks remain
1581443165:[SURFIN,0019]external bladder full
1581443170:[VALVE ,0034]valve opening 30000ms
1581443200:[VALVE ,0234]closed 14440mV/605608uA
1581443205:[SURFIN,0020]filling external bladder
1581443214:[PUMP  ,0207]pump warmup 14977mV/49654uA
1581443214:[PUMP  ,0016]pump during 300000ms
1581443226:[PUMP  ,0212]pump stopped, 14101mV/1510892uA
1581443226:[PUMP  ,0210]aborted, 28800ticks remain
1581443228:[SURFIN,0019]external bladder full
1581443228:[TESTMD,0045]pump run 13s
1581443233:[BYPASS,0035]bypass opening 30000ms
1581443238:[BYPASS,0104]bypass opening: 14645mV/366854uA
1581443273:[BYPASS,0106]bypass closing: 14572mV/401258uA
1581443278:[SURFIN,0020]filling external bladder
1581443287:[PUMP  ,0207]pump warmup 14967mV/49288uA
1581443287:[PUMP  ,0016]pump during 300000ms
1581443364:[PUMP  ,0212]pump stopped, 14073mV/1493074uA
1581443364:[PUMP  ,0210]aborted, 22600ticks remain
1581443366:[SURFIN,0019]external bladder full
1581443366:[TESTMD,0045]pump run 78s
1581443371:[TESTMD,0066]test done
1581443371:[TESTMD,0252]0051>
1581443413:[TESTMD,0050]"gps"
1581443420:[SURF  ,0022]GPS fix...
1581443421:<WARN>[GPSFIX,0123]GPRMC ms=140 #1
1581443422:<WARN>[GPSFIX,0122]GPRMC no fix #0
1581443449:<WARN>[GPSFIX,0123]GPRMC ms=10 #1
1581443469:[SURF  ,0015]10 PPS detected...
1581443471:[MRMAID,0052]Mermaid $GPSACK:+50,+1,+10,+17,+40,-14,-561187;
1581443481:[MRMAID,0052]Mermaid $GPSOFF:3686320;
1581443482:[GPSFIX,0179]+1s diff
1581443481:[SURF  ,0222]2020-02-11T17:51:21
1581443481:[SURF  ,0082]Latitude : N43deg06.483mn, Longitude :E006deg02.286mn
1581443481:[SURF  ,0223]fix3D,7satellites
1581443481:[SURF  ,0084]GPS fix GPGSA : hdop1.030,vdop1.000
1581443496:[TESTMD,0252]0051>
1581443521:[TESTMD,0050]"gps"
1581443530:[SURF  ,0022]GPS fix...
1581443550:[SURF  ,0015]10 PPS detected...
1581443551:[MRMAID,0052]Mermaid $GPSACK:+0,+0,+0,+0,+0,-1,+0;
1581443561:[MRMAID,0052]Mermaid $GPSOFF:3686320;
1581443562:[GPSFIX,0179]-1s diff
1581443563:[SURF  ,0222]2020-02-11T17:52:43
1581443563:[SURF  ,0082]Latitude : N43deg06.482mn, Longitude :E006deg02.289mn
1581443563:[SURF  ,0223]fix3D,7satellites
1581443563:[SURF  ,0084]GPS fix GPGSA : hdop1.110,vdop1.050
1581443578:[TESTMD,0252]0051>
1581443585:[TESTMD,0050]"iridium"
1581443597:[SURF  ,0025]Iridium...
1581443636:[SURF  ,0009]connected in 39s, signal quality 5
1581443666:<WARN>[SURF  ,0071]timeout
1581443666:<WARN>[SURF  ,0056]peer mute
1581443676:[SURF  ,0014]disconnected after 79s
1581443681:[TESTMD,0252]0051>
1581443691:[TESTMD,0050]"iridium"
1581443702:[SURF  ,0025]Iridium...
1581443779:[SURF  ,0009]connected in 77s, signal quality 5
1581443806:[BYCMD ,0120]    bypass 10000ms 100000ms (20000ms 60000ms stored)
1581443808:[BYCMD ,0125]    near 1500mbar 3mbar/s (15000mbar 3mbar/s stored)
1581443809:[BYCMD ,0126]    far 2500mbar 4mbar/s (25000mbar 4mbar/s stored)
1581443810:[BYCMD ,0128]    dead 60s (300s stored)
1581443812:[P2TCMD,0155]p2t log dp > 50mbar
1581443816:[STACMD,0168]stage del 0
1581443817:[STACMD,0170]stage store 0
1581443827:[SURF  ,0218]prompt received, remote cmd end
1581443827:[SURF  ,0012]7 cmd(s) received
1581443848:[UPLOAD,0248]Upload data files...
1581443868:[UPLOAD,0231]"0051/5E3D3A5D.BIN" uploaded at 104bytes/s
1581443888:[MAIN  ,0013]1 file(s) uploaded
1581443919:[SURF  ,0014]disconnected after 217s
1581443924:[TESTMD,0252]0051>
