1579014590:[MONITR,0197]reboot code 0x0000, src/monitor.c@516
1579014590:[MAIN  ,0007]buoy 452.020-P-0051
1579014590:[MAIN  ,0055]soft pilotage 452.012.300_V2.9-20200113
1579014590:[MAIN  ,0011]date 2020-01-14T15:09:50
1579014596:[MAIN  ,0006]battery 15028mV,   11590uA
1579014599:[MAIN  ,0024]internal pressure 79348Pa
1579014600:[PRESS ,0038]P     -1mbar,T+14713mdegC
1579014601:[MRMAID,0182]thread started
1579014602:[MRMAID,0186]no wake-up
1579014603:[MRMAID,0188]acq already stopped
1579014603:[MRMAID,0052]Mermaid $BOARD:452116600-51;
1579014604:[MRMAID,0052]Mermaid $SOFT:2.1344;
1579014604:[TESTMD,0053]Enter in test mode? yes/no
1579014604:[TESTMD,0252]0051>
1579014605:[TESTMD,0050]"yes"
1579014605:[TESTMD,0249]
Command list
pext    : Get external pressure
pint    : Get internal vacuum
ui      : Get voltage/current
act     : Test actuators
fillb   : Pump until filling the bladder
bpopen  : Open bypass
bpclose : Close bypass
date    : Get date
gps     : GPS synchronization
iridium : Iridium transfer
mstart  : Start mermaid acq
mstop   : Stop mermaid acq
mdata   : Get mermaid datas
ls      : List files
cat     : Print content of a file
rm      : Remove a file
h       : Print command list
q       : Quit

Advanced
pumps X : pompe Xs (lent)
pumpf X : pompe Xs (rapide)
evh     : ouvre l'electrovalve 30s
bypass  : ouvre le bypass 30s
dvmine  : deverminage de la carte
nominal : mode nominal pour mesure de conso
cychydr : test du circuit hydraulique
mkdir   : creer un repertoire
mv      : deplacer un fichier
ps      : liste les processus

Set params
stage   : Stage settings
buoy    : Buoy settings
p2t     : Pressure sensor settings
log     : Verb cfg
mermaid : Mermaid cfg
upload  : On/Off Irid transfer
sys  : system param settings


1579014605:[TESTMD,0252]0051>
1579014615:[TESTMD,0050]"ls"
1579014615:[LSCMD ,0142]BOOT.LOG: 17236 bytes
1579014615:[LSCMD ,0143]51: 0 sub-director(ies) 0 file(s)
1579014617:[LSCMD ,0143]0051: 0 sub-director(ies) 67 file(s)
1579014617:[LSCMD ,0142]BOOT.BIN: 10357 bytes
1579014617:[TESTMD,0252]0051>
1579014625:[TESTMD,0050]"ls0051"
1579014625:[LSCMD ,0142]0051/5E1DD9BE.BIN: 561 bytes
1579014625:[LSCMD ,0142]0051/5E1DCBD5.BIN: 4235 bytes
1579014625:[LSCMD ,0142]0051/5D4703A1.LOG: 35725 bytes
1579014625:[LSCMD ,0142]0051/5D47953D.MER: 1101 bytes
1579014625:[LSCMD ,0142]0051/5D479549.LOG: 32938 bytes
1579014625:[LSCMD ,0142]0051/5D47DD63.MER: 1219 bytes
1579014625:[LSCMD ,0142]0051/5D47DD6F.LOG: 96457 bytes
1579014625:[LSCMD ,0142]0051/5D6FBB33.LOG: 11224 bytes
1579014625:[LSCMD ,0142]0051/5D70D164.LOG: 3399 bytes
1579014625:[LSCMD ,0142]0051/5D70DF68.LOG: 2342 bytes
1579014625:[LSCMD ,0142]0051/5D70E015.LOG: 3498 bytes
1579014625:[LSCMD ,0142]0051/5D70FCD5.LOG: 2636 bytes
1579014625:[LSCMD ,0142]0051/5D7119FD.LOG: 3323 bytes
1579014625:[LSCMD ,0142]0051/5D712378.MER: 1101 bytes
1579014626:[LSCMD ,0142]0051/5D712384.LOG: 213 bytes
1579014626:[LSCMD ,0142]0051/5D72173F.LOG: 1297 bytes
1579014626:[LSCMD ,0142]0051/5D724A27.LOG: 1493 bytes
1579014626:[LSCMD ,0142]0051/5D726751.LOG: 2829 bytes
1579014626:[LSCMD ,0142]0051/5D77A272.LOG: 8276 bytes
1579014626:[LSCMD ,0142]0051/5D77C0B0.LOG: 3129 bytes
1579014626:[LSCMD ,0142]0051/5D77CA2A.MER: 1101 bytes
1579014626:[LSCMD ,0142]0051/5D77CA35.LOG: 91675 bytes
1579014626:[LSCMD ,0142]0051/5D77DDA1.MER: 1488 bytes
1579014626:[LSCMD ,0142]0051/5D77F801.MER: 1469 bytes
1579014626:[LSCMD ,0142]0051/5D780811.MER: 1709 bytes
1579014626:[LSCMD ,0142]0051/5D7819B6.MER: 1680 bytes
1579014626:[LSCMD ,0142]0051/5D782C56.MER: 1685 bytes
1579014626:[LSCMD ,0142]0051/5D783D1C.MER: 1668 bytes
1579014626:[LSCMD ,0142]0051/5D784FAF.MER: 1673 bytes
1579014626:[LSCMD ,0142]0051/5D7860D8.MER: 1661 bytes
1579014627:[LSCMD ,0142]0051/5D7875EF.MER: 1669 bytes
1579014627:[LSCMD ,0142]0051/5D7885DD.MER: 1677 bytes
1579014627:[LSCMD ,0142]0051/5D7A0053.LOG: 3201 bytes
1579014627:[LSCMD ,0142]0051/5D84D307.LOG: 1343 bytes
1579014627:[LSCMD ,0142]0051/5D84DA37.LOG: 1342 bytes
1579014627:[LSCMD ,0142]0051/5D887039.LOG: 1296 bytes
1579014627:[LSCMD ,0142]0051/5D9EE552.LOG: 535 bytes
1579014627:[LSCMD ,0142]0051/5D9EE8F9.LOG: 1375 bytes
1579014627:[LSCMD ,0142]0051/5D9F1CDF.LOG: 772 bytes
1579014627:[LSCMD ,0142]0051/5D9F2A8C.LOG: 1310 bytes
1579014627:[LSCMD ,0142]0051/5D9F4149.LOG: 11616 bytes
1579014627:[LSCMD ,0142]0051/5DA037C7.LOG: 1630 bytes
1579014627:[LSCMD ,0142]0051/5DA818A1.LOG: 14339 bytes
1579014627:[LSCMD ,0142]0051/5DA840EE.LOG: 671 bytes
1579014627:[LSCMD ,0142]0051/5DA85E31.LOG: 692 bytes
1579014628:[LSCMD ,0142]0051/5DB01BD3.LOG: 1059 bytes
1579014628:[LSCMD ,0142]0051/5DB05BFB.LOG: 717 bytes
1579014628:[LSCMD ,0142]0051/5DB0611B.LOG: 43839 bytes
1579014628:[LSCMD ,0142]0051/5DB14DB0.LOG: 43881 bytes
1579014628:[LSCMD ,0142]0051/5DB17AB5.LOG: 8900 bytes
1579014628:[LSCMD ,0142]0051/5DB1B059.LOG: 31382 bytes
1579014628:[LSCMD ,0142]0051/5DCAD1CA.LOG: 437 bytes
1579014628:[LSCMD ,0142]0051/5E173954.BIN: 398 bytes
1579014628:[LSCMD ,0142]0051/5E173D88.BIN: 142 bytes
1579014628:[LSCMD ,0142]0051/5E175082.BIN: 400 bytes
1579014628:[LSCMD ,0142]0051/5E1753D2.BIN: 89 bytes
1579014628:[LSCMD ,0142]0051/5E17555F.BIN: 89 bytes
1579014628:[LSCMD ,0142]0051/5E175724.LOG: 298 bytes
1579014628:[LSCMD ,0142]0051/5E1831E1.LOG: 1219 bytes
1579014629:[LSCMD ,0142]0051/5E1C7417.BIN: 1110 bytes
1579014629:[LSCMD ,0142]0051/5E1C7EB7.BIN: 542 bytes
1579014629:[LSCMD ,0142]0051/5E1C899D.BIN: 1358 bytes
1579014629:[LSCMD ,0142]0051/5E1C9339.BIN: 1411 bytes
1579014629:[LSCMD ,0142]0051/5E1C9894.BIN: 3281 bytes
1579014629:[LSCMD ,0142]0051/5E1D85F8.BIN: 1662 bytes
1579014629:[LSCMD ,0142]0051/5E1D8A54.MER: 1255 bytes
1579014629:[LSCMD ,0142]0051/5E1D8A60.BIN: 5653 bytes
1579014629:[TESTMD,0252]0051>
1579014677:[TESTMD,0050]"rm0051/5D4703A1.LOG"
1579014677:[TESTMD,0252]0051>
1579014717:[TESTMD,0050]"rm0051/5D4703A1.LOG"
1579014717:[TESTMD,0252]0051>
1579014782:[TESTMD,0050]"rm0051/5D47953D.MER"
1579014782:[TESTMD,0252]0051>
1579014791:[TESTMD,0050]"rm0051/5D479549.LOG"
1579014791:[TESTMD,0252]0051>
1579014802:[TESTMD,0050]"ls0051"
1579014802:[LSCMD ,0142]0051/5E1DD9BE.BIN: 3225 bytes
1579014802:[LSCMD ,0142]0051/5E1DCBD5.BIN: 4235 bytes
1579014802:[LSCMD ,0142]0051/5D47DD63.MER: 1219 bytes
1579014802:[LSCMD ,0142]0051/5D47DD6F.LOG: 96457 bytes
1579014802:[LSCMD ,0142]0051/5D6FBB33.LOG: 11224 bytes
1579014802:[LSCMD ,0142]0051/5D70D164.LOG: 3399 bytes
1579014802:[LSCMD ,0142]0051/5D70DF68.LOG: 2342 bytes
1579014802:[LSCMD ,0142]0051/5D70E015.LOG: 3498 bytes
1579014802:[LSCMD ,0142]0051/5D70FCD5.LOG: 2636 bytes
1579014802:[LSCMD ,0142]0051/5D7119FD.LOG: 3323 bytes
1579014802:[LSCMD ,0142]0051/5D712378.MER: 1101 bytes
1579014802:[LSCMD ,0142]0051/5D712384.LOG: 213 bytes
1579014803:[LSCMD ,0142]0051/5D72173F.LOG: 1297 bytes
1579014803:[LSCMD ,0142]0051/5D724A27.LOG: 1493 bytes
1579014803:[LSCMD ,0142]0051/5D726751.LOG: 2829 bytes
1579014803:[LSCMD ,0142]0051/5D77A272.LOG: 8276 bytes
1579014803:[LSCMD ,0142]0051/5D77C0B0.LOG: 3129 bytes
1579014803:[LSCMD ,0142]0051/5D77CA2A.MER: 1101 bytes
1579014803:[LSCMD ,0142]0051/5D77CA35.LOG: 91675 bytes
1579014803:[LSCMD ,0142]0051/5D77DDA1.MER: 1488 bytes
1579014803:[LSCMD ,0142]0051/5D77F801.MER: 1469 bytes
1579014803:[LSCMD ,0142]0051/5D780811.MER: 1709 bytes
1579014803:[LSCMD ,0142]0051/5D7819B6.MER: 1680 bytes
1579014803:[LSCMD ,0142]0051/5D782C56.MER: 1685 bytes
1579014803:[LSCMD ,0142]0051/5D783D1C.MER: 1668 bytes
1579014803:[LSCMD ,0142]0051/5D784FAF.MER: 1673 bytes
1579014803:[LSCMD ,0142]0051/5D7860D8.MER: 1661 bytes
1579014803:[LSCMD ,0142]0051/5D7875EF.MER: 1669 bytes
1579014804:[LSCMD ,0142]0051/5D7885DD.MER: 1677 bytes
1579014804:[LSCMD ,0142]0051/5D7A0053.LOG: 3201 bytes
1579014804:[LSCMD ,0142]0051/5D84D307.LOG: 1343 bytes
1579014804:[LSCMD ,0142]0051/5D84DA37.LOG: 1342 bytes
1579014804:[LSCMD ,0142]0051/5D887039.LOG: 1296 bytes
1579014804:[LSCMD ,0142]0051/5D9EE552.LOG: 535 bytes
1579014804:[LSCMD ,0142]0051/5D9EE8F9.LOG: 1375 bytes
1579014804:[LSCMD ,0142]0051/5D9F1CDF.LOG: 772 bytes
1579014804:[LSCMD ,0142]0051/5D9F2A8C.LOG: 1310 bytes
1579014804:[LSCMD ,0142]0051/5D9F4149.LOG: 11616 bytes
1579014804:[LSCMD ,0142]0051/5DA037C7.LOG: 1630 bytes
1579014804:[LSCMD ,0142]0051/5DA818A1.LOG: 14339 bytes
1579014804:[LSCMD ,0142]0051/5DA840EE.LOG: 671 bytes
1579014804:[LSCMD ,0142]0051/5DA85E31.LOG: 692 bytes
1579014804:[LSCMD ,0142]0051/5DB01BD3.LOG: 1059 bytes
1579014805:[LSCMD ,0142]0051/5DB05BFB.LOG: 717 bytes
1579014805:[LSCMD ,0142]0051/5DB0611B.LOG: 43839 bytes
1579014805:[LSCMD ,0142]0051/5DB14DB0.LOG: 43881 bytes
1579014805:[LSCMD ,0142]0051/5DB17AB5.LOG: 8900 bytes
1579014805:[LSCMD ,0142]0051/5DB1B059.LOG: 31382 bytes
1579014805:[LSCMD ,0142]0051/5DCAD1CA.LOG: 437 bytes
1579014805:[LSCMD ,0142]0051/5E173954.BIN: 398 bytes
1579014805:[LSCMD ,0142]0051/5E173D88.BIN: 142 bytes
1579014805:[LSCMD ,0142]0051/5E175082.BIN: 400 bytes
1579014805:[LSCMD ,0142]0051/5E1753D2.BIN: 89 bytes
1579014805:[LSCMD ,0142]0051/5E17555F.BIN: 89 bytes
1579014805:[LSCMD ,0142]0051/5E175724.LOG: 298 bytes
1579014805:[LSCMD ,0142]0051/5E1831E1.LOG: 1219 bytes
1579014805:[LSCMD ,0142]0051/5E1C7417.BIN: 1110 bytes
1579014806:[LSCMD ,0142]0051/5E1C7EB7.BIN: 542 bytes
1579014806:[LSCMD ,0142]0051/5E1C899D.BIN: 1358 bytes
1579014806:[LSCMD ,0142]0051/5E1C9339.BIN: 1411 bytes
1579014806:[LSCMD ,0142]0051/5E1C9894.BIN: 3281 bytes
1579014806:[LSCMD ,0142]0051/5E1D85F8.BIN: 1662 bytes
1579014806:[LSCMD ,0142]0051/5E1D8A54.MER: 1255 bytes
1579014806:[LSCMD ,0142]0051/5E1D8A60.BIN: 5653 bytes
1579014806:[TESTMD,0252]0051>
1579014828:[TESTMD,0050]"rm0051/5D47DD63.MER"
1579014829:[TESTMD,0252]0051>
1579014837:[TESTMD,0050]"rm0051/5D47DD6F.LOG"
1579014837:[TESTMD,0252]0051>
1579014843:[TESTMD,0050]"rm0051/5D6FBB33.LOG"
1579014843:[TESTMD,0252]0051>
1579014848:[TESTMD,0050]"rm0051/5D70D164.LOG"
1579014848:[TESTMD,0252]0051>
1579014853:[TESTMD,0050]"rm0051/5D70DF68.LOG"
1579014853:[TESTMD,0252]0051>
1579014861:[TESTMD,0050]"rm0051/5D70E015.LOG"
1579014861:[TESTMD,0252]0051>
1579014867:[TESTMD,0050]"rm0051/5D70FCD5.LOG"
1579014867:[TESTMD,0252]0051>
1579014873:[TESTMD,0050]"rm0051/5D7119FD.LOG"
1579014873:[TESTMD,0252]0051>
1579014879:[TESTMD,0050]"rm0051/5D712378.MER"
1579014879:[TESTMD,0252]0051>
1579014890:[TESTMD,0050]"rm0051/5D712384.LOG"
1579014890:[TESTMD,0252]0051>
1579014896:[TESTMD,0050]"rm0051/5D72173F.LOG"
1579014896:[TESTMD,0252]0051>
1579014901:[TESTMD,0050]"rm0051/5D724A27.LOG"
1579014901:[TESTMD,0252]0051>
1579014907:[TESTMD,0050]"rm0051/5D726751.LOG"
1579014907:[TESTMD,0252]0051>
1579014914:[TESTMD,0050]"rm0051/5D77A272.LOG"
1579014914:[TESTMD,0252]0051>
1579014922:[TESTMD,0050]"rm0051/5D77C0B0.LOG"
1579014922:[TESTMD,0252]0051>
1579014929:[TESTMD,0050]"rm0051/5D77CA2A.MER"
1579014929:[TESTMD,0252]0051>
1579014934:[TESTMD,0050]"rm0051/5D77CA35.LOG"
1579014934:[TESTMD,0252]0051>
1579014940:[TESTMD,0050]"rm0051/5D77DDA1.MER"
1579014940:[TESTMD,0252]0051>
1579014945:[TESTMD,0050]"rm0051/5D77F801.MER"
1579014945:[TESTMD,0252]0051>
1579014955:[TESTMD,0050]"rm0051/5D780811.MER"
1579014955:[TESTMD,0252]0051>
1579014963:[TESTMD,0050]"rm0051/5D7819B6.MER"
1579014963:[TESTMD,0252]0051>
1579014970:[TESTMD,0050]"rm0051/5D782C56.MER"
1579014970:[TESTMD,0252]0051>
1579014978:[TESTMD,0050]"ls0051"
1579014978:[LSCMD ,0142]0051/5E1DD9BE.BIN: 6735 bytes
1579014978:[LSCMD ,0142]0051/5E1DCBD5.BIN: 4235 bytes
1579014978:[LSCMD ,0142]0051/5D783D1C.MER: 1668 bytes
1579014978:[LSCMD ,0142]0051/5D784FAF.MER: 1673 bytes
1579014978:[LSCMD ,0142]0051/5D7860D8.MER: 1661 bytes
1579014978:[LSCMD ,0142]0051/5D7875EF.MER: 1669 bytes
1579014978:[LSCMD ,0142]0051/5D7885DD.MER: 1677 bytes
1579014978:[LSCMD ,0142]0051/5D7A0053.LOG: 3201 bytes
1579014978:[LSCMD ,0142]0051/5D84D307.LOG: 1343 bytes
1579014978:[LSCMD ,0142]0051/5D84DA37.LOG: 1342 bytes
1579014978:[LSCMD ,0142]0051/5D887039.LOG: 1296 bytes
1579014978:[LSCMD ,0142]0051/5D9EE552.LOG: 535 bytes
1579014979:[LSCMD ,0142]0051/5D9EE8F9.LOG: 1375 bytes
1579014979:[LSCMD ,0142]0051/5D9F1CDF.LOG: 772 bytes
1579014979:[LSCMD ,0142]0051/5D9F2A8C.LOG: 1310 bytes
1579014979:[LSCMD ,0142]0051/5D9F4149.LOG: 11616 bytes
1579014979:[LSCMD ,0142]0051/5DA037C7.LOG: 1630 bytes
1579014979:[LSCMD ,0142]0051/5DA818A1.LOG: 14339 bytes
1579014979:[LSCMD ,0142]0051/5DA840EE.LOG: 671 bytes
1579014979:[LSCMD ,0142]0051/5DA85E31.LOG: 692 bytes
1579014979:[LSCMD ,0142]0051/5DB01BD3.LOG: 1059 bytes
1579014979:[LSCMD ,0142]0051/5DB05BFB.LOG: 717 bytes
1579014979:[LSCMD ,0142]0051/5DB0611B.LOG: 43839 bytes
1579014979:[LSCMD ,0142]0051/5DB14DB0.LOG: 43881 bytes
1579014979:[LSCMD ,0142]0051/5DB17AB5.LOG: 8900 bytes
1579014979:[LSCMD ,0142]0051/5DB1B059.LOG: 31382 bytes
1579014979:[LSCMD ,0142]0051/5DCAD1CA.LOG: 437 bytes
1579014980:[LSCMD ,0142]0051/5E173954.BIN: 398 bytes
1579014980:[LSCMD ,0142]0051/5E173D88.BIN: 142 bytes
1579014980:[LSCMD ,0142]0051/5E175082.BIN: 400 bytes
1579014980:[LSCMD ,0142]0051/5E1753D2.BIN: 89 bytes
1579014980:[LSCMD ,0142]0051/5E17555F.BIN: 89 bytes
1579014980:[LSCMD ,0142]0051/5E175724.LOG: 298 bytes
1579014980:[LSCMD ,0142]0051/5E1831E1.LOG: 1219 bytes
1579014980:[LSCMD ,0142]0051/5E1C7417.BIN: 1110 bytes
1579014980:[LSCMD ,0142]0051/5E1C7EB7.BIN: 542 bytes
1579014980:[LSCMD ,0142]0051/5E1C899D.BIN: 1358 bytes
1579014980:[LSCMD ,0142]0051/5E1C9339.BIN: 1411 bytes
1579014980:[LSCMD ,0142]0051/5E1C9894.BIN: 3281 bytes
1579014980:[LSCMD ,0142]0051/5E1D85F8.BIN: 1662 bytes
1579014981:[LSCMD ,0142]0051/5E1D8A54.MER: 1255 bytes
1579014981:[LSCMD ,0142]0051/5E1D8A60.BIN: 5653 bytes
1579014981:[TESTMD,0252]0051>
1579014990:[TESTMD,0050]"rm0051/5D783D1C.MER"
1579014990:[TESTMD,0252]0051>
1579014995:[TESTMD,0050]"rm0051/5D784FAF.MER"
1579014995:[TESTMD,0252]0051>
1579015001:[TESTMD,0050]"rm0051/5D7860D8.MER"
1579015001:[TESTMD,0252]0051>
1579015007:[TESTMD,0050]"rm0051/5D7875EF.MER"
1579015007:[TESTMD,0252]0051>
1579015012:[TESTMD,0050]"rm0051/5D7885DD.MER"
1579015012:[TESTMD,0252]0051>
1579015017:[TESTMD,0050]"rm0051/5D7A0053.LOG"
1579015017:[TESTMD,0252]0051>
1579015022:[TESTMD,0050]"rm0051/5D84D307.LOG"
1579015022:[TESTMD,0252]0051>
1579015029:[TESTMD,0050]"rm0051/5D84DA37.LOG"
1579015029:[TESTMD,0252]0051>
1579015036:[TESTMD,0050]"rm0051/5D887039.LOG"
1579015036:[TESTMD,0252]0051>
1579015044:[TESTMD,0050]"rm0051/5D9EE552.LOG"
1579015044:[TESTMD,0252]0051>
1579015049:[TESTMD,0050]"rm0051/5D9EE8F9.LOG"
1579015049:[TESTMD,0252]0051>
1579015056:[TESTMD,0050]"rm0051/5D9F1CDF.LOG"
1579015056:[TESTMD,0252]0051>
1579015061:[TESTMD,0050]"rm0051/5D9F2A8C.LOG"
1579015061:[TESTMD,0252]0051>
1579015066:[TESTMD,0050]"rm0051/5D9F4149.LOG"
1579015066:[TESTMD,0252]0051>
1579015072:[TESTMD,0050]"rm0051/5DA037C7.LOG"
1579015072:[TESTMD,0252]0051>
1579015078:[TESTMD,0050]"rm0051/5DA818A1.LOG"
1579015078:[TESTMD,0252]0051>
1579015084:[TESTMD,0050]"rm0051/5DA840EE.LOG"
1579015084:[TESTMD,0252]0051>
1579015091:[TESTMD,0050]"rm0051/5DA85E31.LOG"
1579015092:[TESTMD,0252]0051>
1579015098:[TESTMD,0050]"rm0051/5DB01BD3.LOG"
1579015098:[TESTMD,0252]0051>
1579015103:[TESTMD,0050]"rm0051/5DB05BFB.LOG"
1579015103:[TESTMD,0252]0051>
1579015111:[TESTMD,0050]"rm0051/5DB0611B.LOG"
1579015111:[TESTMD,0252]0051>
1579015117:[TESTMD,0050]"rm0051/5DB14DB0.LOG"
1579015117:[TESTMD,0252]0051>
1579015124:[TESTMD,0050]"rm0051/5DB17AB5.LOG"
1579015124:[TESTMD,0252]0051>
1579015129:[TESTMD,0050]"rm0051/5DB1B059.LOG"
1579015129:[TESTMD,0252]0051>
1579015136:[TESTMD,0050]"rm0051/5DCAD1CA.LOG"
1579015136:[TESTMD,0252]0051>
1579015154:[TESTMD,0050]"ls0051"
1579015154:[LSCMD ,0142]0051/5E1DD9BE.BIN: 9612 bytes
1579015154:[LSCMD ,0142]0051/5E1DCBD5.BIN: 4235 bytes
1579015154:[LSCMD ,0142]0051/5E173954.BIN: 398 bytes
1579015155:[LSCMD ,0142]0051/5E173D88.BIN: 142 bytes
1579015155:[LSCMD ,0142]0051/5E175082.BIN: 400 bytes
1579015155:[LSCMD ,0142]0051/5E1753D2.BIN: 89 bytes
1579015155:[LSCMD ,0142]0051/5E17555F.BIN: 89 bytes
1579015155:[LSCMD ,0142]0051/5E175724.LOG: 298 bytes
1579015155:[LSCMD ,0142]0051/5E1831E1.LOG: 1219 bytes
1579015155:[LSCMD ,0142]0051/5E1C7417.BIN: 1110 bytes
1579015155:[LSCMD ,0142]0051/5E1C7EB7.BIN: 542 bytes
1579015155:[LSCMD ,0142]0051/5E1C899D.BIN: 1358 bytes
1579015155:[LSCMD ,0142]0051/5E1C9339.BIN: 1411 bytes
1579015155:[LSCMD ,0142]0051/5E1C9894.BIN: 3281 bytes
1579015155:[LSCMD ,0142]0051/5E1D85F8.BIN: 1662 bytes
1579015155:[LSCMD ,0142]0051/5E1D8A54.MER: 1255 bytes
1579015156:[LSCMD ,0142]0051/5E1D8A60.BIN: 5653 bytes
1579015156:[TESTMD,0252]0051>
1579015169:[TESTMD,0050]"rm0051/5E175724.LOG"
1579015169:[TESTMD,0252]0051>
1579015175:[TESTMD,0050]"rm0051/5E1831E1.LOG"
1579015175:[TESTMD,0252]0051>
1579015197:[TESTMD,0050]"quit"
1579015197:[TESTMD,0008]command not supported
1579015197:[TESTMD,0252]0051>
1579015200:[TESTMD,0050]"q"
1579015200:[MAIN  ,0018]end of test mode
1579015200:[MAIN  ,0048]reboot MERMAID board
1579015202:[MAIN  ,0047]reboot float
1579015202:[MONITR,0198]rebooting with code 0x0000, data "src/monitor.c@516002"
