1595166699:[MAIN  ,0007]buoy 452.020-P-0051
1595166699:[MAIN  ,0055]soft pilotage 452.012.300_V2.20-20200612
1595166699:[MAIN  ,0010]cycle 5
1595166699:[SURF  ,0225]surface2
1595166713:[SURF  ,0022]GPS fix...
1595166733:[SURF  ,0015]10 PPS detected...
1595166734:[MRMAID,0052]Mermaid $GPSACK:+0,+0,+0,+0,+0,+0,+0;
1595166744:[MRMAID,0052]Mermaid $GPSOFF:3686321;
1595166745:[GPSFIX,0179]-1s diff
1595166746:[SURF  ,0222]2020-07-19T13:52:26
1595166746:[SURF  ,0082]Latitude : N43deg20.598mn, Longitude :E007deg44.058mn
1595166746:[SURF  ,0223]fix3D,8satellites
1595166746:[SURF  ,0084]GPS fix GPGSA : hdop0.730,vdop0.920
1595166756:[SURF  ,0025]Iridium...
1595166765:[SBE41 ,0339]newoffset=0.35db received after -57s
1595166792:[SURF  ,0009]connected in 36s, signal quality 5
1595166870:[SURF  ,0218]prompt received, remote cmd end
1595166870:[SURF  ,0012]19 cmd(s) received
1595166891:[UPLOAD,0248]Upload data files...
1595166908:[UPLOAD,0231]"0051/5F13DE83.S41" uploaded at 122bytes/s
1595166921:[UPLOAD,0231]"0051/5F144FDE.MER" uploaded at 135bytes/s
1595167007:[UPLOAD,0231]"0051/5F118E45.BIN" uploaded at 134bytes/s
1595167024:[MAIN  ,0013]3 file(s) uploaded
1595167058:[SURF  ,0014]disconnected after 302s
1595167063:[SURFIN,0020]filling external bladder
1595167071:[PUMP  ,0207]battery 14821mV,   30378uA (warmup), P   +230mbar
1595167071:[PUMP  ,0016]pump during 300000ms
1595167081:[PUMP  ,0212]battery 14001mV, 1498648uA (steady state), P   +230mbar
1595167083:[SURFIN,0019]external bladder full
1595167083:[SURF  ,0227]1st complete transfer
1595167356:[SURF  ,0022]GPS fix...
1595167377:[SURF  ,0015]10 PPS detected...
1595167378:[MRMAID,0052]Mermaid $GPSACK:+0,+0,+0,+0,+0,+1,-999908;
1595167388:[MRMAID,0052]Mermaid $GPSOFF:3686320;
1595167389:[GPSFIX,0179]-1s diff
1595167390:[SURF  ,0222]2020-07-19T14:03:10
1595167390:[SURF  ,0082]Latitude : N43deg20.533mn, Longitude :E007deg44.056mn
1595167390:[SURF  ,0223]fix3D,9satellites
1595167390:[SURF  ,0084]GPS fix GPGSA : hdop0.720,vdop0.930
1595167400:[SURF  ,0025]Iridium...
1595167434:[SURF  ,0009]connected in 34s, signal quality 5
1595167501:[SURF  ,0218]prompt received, remote cmd end
1595167501:[SURF  ,0012]19 cmd(s) received
1595167539:[SURF  ,0014]disconnected after 139s
1595167544:[SURFIN,0020]filling external bladder
1595167552:[PUMP  ,0207]battery 14926mV,   32452uA (warmup), P   +230mbar
1595167552:[PUMP  ,0016]pump during 300000ms
1595167560:[PUMP  ,0212]battery 14011mV, 1482544uA (steady state), P   +230mbar
1595167562:[SURFIN,0019]external bladder full
1595167562:[SURF  ,0226]Go dive (Minimum surface delay expired and no more file to upload)
1595167578:[SURF  ,0022]GPS fix...
1595167599:[SURF  ,0015]10 PPS detected...
1595167600:[MRMAID,0052]Mermaid $GPSACK:+0,+0,+0,+0,+0,+0,+0;
1595167610:[MRMAID,0052]Mermaid $GPSOFF:3686320;
1595167611:[GPSFIX,0179]-1s diff
1595167612:[SURF  ,0222]2020-07-19T14:06:52
1595167612:[SURF  ,0082]Latitude : N43deg20.510mn, Longitude :E007deg44.056mn
1595167612:[SURF  ,0223]fix3D,10satellites
1595167612:[SURF  ,0084]GPS fix GPGSA : hdop0.690,vdop0.920
1595167629:[MAIN  ,0024]internal pressure 79371Pa
1595167630:[BYCMD ,0107]    FreeRTOS V8.2.3
1595167630:[BYCMD ,0108]    FatFS v11a
1595167630:[BYCMD ,0120]    bypass 20000ms 120000ms (20000ms 120000ms stored)
1595167630:[BYCMD ,0121]    valve 60000ms 12750 (60000ms 12750 stored)
1595167630:[BYCMD ,0122]    pump 60000ms 30% 10750 80% (60000ms 30% 10750 80% stored)
1595167630:[BYCMD ,0123]    rate 2mbar/s (2mbar/s stored)
1595167630:[BYCMD ,0124]    surface 500mbar (500mbar stored)
1595167630:[BYCMD ,0125]    near 15000mbar 3mbar/s (15000mbar 3mbar/s stored)
1595167630:[BYCMD ,0126]    far 25000mbar 4mbar/s (25000mbar 4mbar/s stored)
1595167630:[BYCMD ,0127]    ascent 8mbar/s (8mbar/s stored)
1595167630:[BYCMD ,0128]    dead 300s (300s stored)
1595167630:[BYCMD ,0129]    coeff 16/10 (16/10 stored)
1595167630:[BYCMD ,0130]    stab 10 (10 stored)
1595167630:[BYCMD ,0131]    delay 900s 7200s (900s 7200s stored)
1595167630:[BYCMD ,0132]    mmtime 43200min (43200min stored)
1595167630:[BYCMD ,0133]    dv_landing 100ml (100ml stored)
1595167630:[MKDCMD,0150]    p2t37: 15x2000ms, offset 230mbar
1595167630:[P2TCMD,0151]    p2t37: dp 500mbar, dt 1000000mdegC
1595167631:[STAGE ,0080]Stage [0] 150000mbar (+/-5000mbar) 49980s (<49980s) 
1595167631:[STAGE ,0080]Stage [1] 150000mbar (+/-5000mbar) 321600s (<371580s) MERMAID
1595167631:[STAGE ,0080]Stage [2] 200000mbar (+/-1000mbar) 18600s (<390180s) 
1595167631:[STAGE ,0091]Stage [3] surfacing 32160s (<422340s) SBE41
1595167631:[SBE41 ,0282]SBE41 parameters : 
      dsreplyformat=1 (webb(0)/standard(1))
      addtimingdelays=0 (n(0)/y(1))
      outputdensity=0 (n(0)/y(1))
      echocmd=0 (n(0)/y(1))
      outputrt=0 (n(0)/y(1))
      outputpts=0 (n(0)/y(1))
      outputsn=0 (n(0)/y(1))
      outputpressure=1 (n(0)/y(1))
      pcutoff=2dbar
      tswait=0s
      pumpfastpt=1 (n(0)/y(1))
      samplerate=0 ('fast':1Hz(1)/'slow':0.5Hz(0))
      top_bin_interval=10dbar
      top_bin_size=10dbar
      top_bin_max=100dbar
      middle_bin_interval=50dbar
      middle_bin_size=50dbar
      middle_bin_max=1000dbar
      bottom_bin_interval=100dbar
      bottom_bin_size=100dbar
      includetransitionbin=0
      includenbin=0 (n(0)/y(1))
      autobinavg=0 (n(0)/y(1))
1595167631:[SBE41 ,0283]SBE41 pilot policy : 
      continiousprofile=0 (n(0)/y(1)
      speeddetection=1 (n(0)/y(1)
      hexoutput=1 (n(0)/y(1)
      binaverageoutput=0 (n(0)/y(1)
      manualprofilerate=10s
      runningpumpbeforeprofile=0s
      speedstart=2mbar/s
      speedcontrol=8mbar/s
1595167631:[MAIN  ,0070]turn off bluetooth
1595167658:[DIVING,0141]diving from -10mbar, +1mbar/s
1595167658:[BYPASS,0035]bypass opening 120000ms
1595167663:[BYPASS,0104]battery 14516mV,  334402uA (bypass opening), P    -10mbar
1595167788:[BYPASS,0106]battery 14420mV,  398452uA (bypass closing), P    -10mbar
1595167815:[BYPASS,0035]bypass opening 20000ms
1595167820:[BYPASS,0104]battery 14508mV,  322446uA (bypass opening), P   -120mbar
1595167845:[BYPASS,0106]battery 14443mV,  397354uA (bypass closing), P   -120mbar
1595168062:[PRESS ,0038]P   +420mbar,T+24159mdegC
1595168101:[BYPASS,0035]bypass opening 20000ms
1595168106:[BYPASS,0104]battery 14482mV,  322934uA (bypass opening), P   +480mbar
1595168131:[BYPASS,0106]battery 14422mV,  396134uA (bypass closing), P   +480mbar
1595168159:[DIVING,0028]550mbar reached (+1mbar/s), 3 bypass done
1595168160:[MAIN  ,0056]stage[0]
1595168162:[MAIN  ,0024]internal pressure 81492Pa
1595168163:[BUOY  ,0037]P   +550mbar
1595168163:[STAGE ,0080]Stage [0] 150000mbar (+/-5000mbar) 49980s (<1595218139s) 
1595168165:[BUOY  ,0087]from +1mbar/s to +4mbar/s
1595168165:[BUOY  ,0090]need to transfer -24mL (valve during 13304ms)
1595168165:[VALVE ,0034]valve opening 13304ms
1595168178:[VALVE ,0234]battery 14175mV,  620736uA, P   +550mbar
1595168465:[PRESS ,0038]P  +1370mbar,T+23877mdegC
1595168490:<WARN>[BUOY  ,0094]stage[0] should DESCENT, stuck at 1390mbar for the #1 time
1595168490:[BUOY  ,0087]from +0mbar/s to +4mbar/s
1595168490:[BUOY  ,0090]need to transfer -26mL (valve during 8959ms)
1595168490:[VALVE ,0034]valve opening 8959ms
1595168499:[VALVE ,0234]battery 14123mV,  616588uA, P  +1390mbar
1595168815:<WARN>[BUOY  ,0094]stage[0] should DESCENT, stuck at 1530mbar for the #2 time
1595168815:[BUOY  ,0087]from +0mbar/s to +4mbar/s
1595168815:[BUOY  ,0090]need to transfer -26mL (valve during 8500ms)
1595168815:[VALVE ,0034]valve opening 8500ms
1595168824:[VALVE ,0234]battery 14132mV,  620004uA, P  +1530mbar
1595169140:<WARN>[BUOY  ,0094]stage[0] should DESCENT, stuck at 1700mbar for the #3 time
1595169140:[BUOY  ,0087]from +0mbar/s to +4mbar/s
1595169140:[BUOY  ,0090]need to transfer -26mL (valve during 8085ms)
1595169140:[VALVE ,0034]valve opening 8085ms
1595169148:[VALVE ,0234]battery 14146mV,  623298uA, P  +1700mbar
1595169440:[PRESS ,0038]P  +2250mbar,T+20159mdegC
1595169465:[BUOY  ,0087]from +1mbar/s to +4mbar/s
1595169465:[BUOY  ,0090]need to transfer -24mL (valve during 6511ms)
1595169465:[VALVE ,0034]valve opening 6511ms
1595169472:[VALVE ,0234]battery 14156mV,  625738uA, P  +2270mbar
1595169765:[PRESS ,0038]P  +3250mbar,T+18663mdegC
1595170090:[PRESS ,0038]P  +4140mbar,T+17233mdegC
1595170415:[PRESS ,0038]P  +5170mbar,T+16154mdegC
1595170440:[BUOY  ,0087]from +2mbar/s to +4mbar/s
1595170440:[BUOY  ,0090]need to transfer -20mL (valve during 3542ms)
1595170440:[VALVE ,0034]valve opening 3542ms
1595170444:[VALVE ,0234]battery 14016mV,  620858uA, P  +5230mbar
1595170740:[PRESS ,0038]P  +6670mbar,T+15402mdegC
1595171065:[PRESS ,0038]P  +8380mbar,T+14894mdegC
1595171390:[PRESS ,0038]P  +9970mbar,T+14578mdegC
1595171715:[PRESS ,0038]P +11490mbar,T+14385mdegC
1595172040:[PRESS ,0038]P +12970mbar,T+14272mdegC
1595172365:[PRESS ,0038]P +14460mbar,T+14192mdegC
1595172690:[PRESS ,0038]P +16020mbar,T+14137mdegC
1595173015:[PRESS ,0038]P +17620mbar,T+14103mdegC
1595173340:[PRESS ,0038]P +19240mbar,T+14075mdegC
1595173665:[PRESS ,0038]P +20730mbar,T+14058mdegC
1595173990:[PRESS ,0038]P +22150mbar,T+14036mdegC
1595174314:[PRESS ,0038]P +23490mbar,T+14018mdegC
1595174639:[PRESS ,0038]P +24700mbar,T+14009mdegC
1595174964:[PRESS ,0038]P +25800mbar,T+13995mdegC
1595175289:[PRESS ,0038]P +26840mbar,T+13977mdegC
1595175614:[PRESS ,0038]P +27770mbar,T+13971mdegC
1595175939:[PRESS ,0038]P +28620mbar,T+13977mdegC
1595176264:[PRESS ,0038]P +29490mbar,T+13981mdegC
1595176589:[PRESS ,0038]P +30450mbar,T+13975mdegC
1595176914:[PRESS ,0038]P +31470mbar,T+13965mdegC
1595177239:[PRESS ,0038]P +32550mbar,T+13948mdegC
1595177564:[PRESS ,0038]P +33640mbar,T+13929mdegC
1595177889:[PRESS ,0038]P +34780mbar,T+13914mdegC
1595178213:[PRESS ,0038]P +35920mbar,T+13900mdegC
1595178538:[PRESS ,0038]P +37080mbar,T+13887mdegC
1595178863:[PRESS ,0038]P +38220mbar,T+13871mdegC
1595179188:[PRESS ,0038]P +39310mbar,T+13850mdegC
1595179513:[PRESS ,0038]P +40310mbar,T+13834mdegC
1595179838:[PRESS ,0038]P +41270mbar,T+13820mdegC
1595179863:[BUOY  ,0087]from +2mbar/s to +4mbar/s
1595179863:[BUOY  ,0090]need to transfer -20mL (valve during 1256ms)
1595179863:[VALVE ,0034]valve opening 1256ms
1595179864:[VALVE ,0234]battery 13271mV,  578768uA, P +41320mbar
1595180163:[PRESS ,0038]P +42670mbar,T+13804mdegC
1595180488:[PRESS ,0038]P +44120mbar,T+13790mdegC
1595180813:[PRESS ,0038]P +45570mbar,T+13774mdegC
1595181138:[PRESS ,0038]P +47000mbar,T+13754mdegC
1595181463:[PRESS ,0038]P +48390mbar,T+13738mdegC
1595181788:[PRESS ,0038]P +49700mbar,T+13720mdegC
1595182113:[PRESS ,0038]P +50990mbar,T+13703mdegC
1595182437:[PRESS ,0038]P +52280mbar,T+13686mdegC
1595182762:[PRESS ,0038]P +53600mbar,T+13669mdegC
1595183087:[PRESS ,0038]P +54890mbar,T+13652mdegC
1595183412:[PRESS ,0038]P +56200mbar,T+13636mdegC
1595183737:[PRESS ,0038]P +57500mbar,T+13621mdegC
1595184062:[PRESS ,0038]P +58780mbar,T+13608mdegC
1595184387:[PRESS ,0038]P +60020mbar,T+13595mdegC
1595184712:[PRESS ,0038]P +61280mbar,T+13583mdegC
1595185037:[PRESS ,0038]P +62520mbar,T+13572mdegC
1595185362:[PRESS ,0038]P +63700mbar,T+13562mdegC
1595185687:[PRESS ,0038]P +64800mbar,T+13552mdegC
1595186012:[PRESS ,0038]P +65920mbar,T+13542mdegC
1595186336:[PRESS ,0038]P +67020mbar,T+13533mdegC
1595186661:[PRESS ,0038]P +68140mbar,T+13521mdegC
1595186986:[PRESS ,0038]P +69230mbar,T+13511mdegC
1595187311:[PRESS ,0038]P +70300mbar,T+13501mdegC
1595187636:[PRESS ,0038]P +71380mbar,T+13491mdegC
1595187961:[PRESS ,0038]P +72450mbar,T+13483mdegC
1595188286:[PRESS ,0038]P +73480mbar,T+13475mdegC
1595188611:[PRESS ,0038]P +74470mbar,T+13468mdegC
1595188936:[PRESS ,0038]P +75450mbar,T+13462mdegC
1595189261:[PRESS ,0038]P +76340mbar,T+13456mdegC
1595189586:[PRESS ,0038]P +77220mbar,T+13450mdegC
1595189610:[BUOY  ,0087]from +2mbar/s to +4mbar/s
1595189610:[BUOY  ,0090]need to transfer -20mL (valve during 921ms)
1595189610:[VALVE ,0034]valve opening 921ms
1595189611:[VALVE ,0234]battery 12951mV,  554002uA, P +77260mbar
1595189911:[PRESS ,0038]P +78490mbar,T+13443mdegC
1595190236:[PRESS ,0038]P +79780mbar,T+13436mdegC
1595190561:[PRESS ,0038]P +81020mbar,T+13430mdegC
1595190885:[PRESS ,0038]P +82260mbar,T+13423mdegC
1595191210:[PRESS ,0038]P +83500mbar,T+13416mdegC
1595191535:[PRESS ,0038]P +84710mbar,T+13409mdegC
1595191860:[PRESS ,0038]P +85920mbar,T+13403mdegC
1595192185:[PRESS ,0038]P +87140mbar,T+13397mdegC
1595192510:[PRESS ,0038]P +88340mbar,T+13390mdegC
1595192835:[PRESS ,0038]P +89550mbar,T+13384mdegC
1595193160:[PRESS ,0038]P +90720mbar,T+13377mdegC
1595193485:[PRESS ,0038]P +91930mbar,T+13372mdegC
1595193810:[PRESS ,0038]P +93060mbar,T+13366mdegC
1595194135:[PRESS ,0038]P +94170mbar,T+13359mdegC
1595194460:[PRESS ,0038]P +95220mbar,T+13354mdegC
1595194784:[PRESS ,0038]P +96220mbar,T+13349mdegC
1595195109:[PRESS ,0038]P +97180mbar,T+13345mdegC
1595195434:[PRESS ,0038]P +98100mbar,T+13342mdegC
1595195759:[PRESS ,0038]P +98990mbar,T+13339mdegC
1595196084:[PRESS ,0038]P +99860mbar,T+13335mdegC
1595196409:[PRESS ,0038]P+100670mbar,T+13331mdegC
1595196434:[BUOY  ,0087]from +2mbar/s to +4mbar/s
1595196434:[BUOY  ,0090]need to transfer -20mL (valve during 804ms)
1595196434:[VALVE ,0034]valve opening 804ms
1595196435:[VALVE ,0234]battery 12846mV,  549122uA, P+100720mbar
1595196734:[PRESS ,0038]P+101910mbar,T+13328mdegC
1595197059:[PRESS ,0038]P+103170mbar,T+13323mdegC
1595197384:[PRESS ,0038]P+104390mbar,T+13318mdegC
1595197709:[PRESS ,0038]P+105550mbar,T+13313mdegC
1595198034:[PRESS ,0038]P+106680mbar,T+13310mdegC
1595198359:[PRESS ,0038]P+107790mbar,T+13307mdegC
1595198684:[PRESS ,0038]P+108850mbar,T+13304mdegC
1595199008:[PRESS ,0038]P+109890mbar,T+13300mdegC
1595199333:[PRESS ,0038]P+110880mbar,T+13297mdegC
1595199658:[PRESS ,0038]P+111850mbar,T+13294mdegC
1595199983:[PRESS ,0038]P+112790mbar,T+13291mdegC
1595200308:[PRESS ,0038]P+113720mbar,T+13288mdegC
1595200633:[PRESS ,0038]P+114630mbar,T+13285mdegC
1595200958:[PRESS ,0038]P+115530mbar,T+13282mdegC
1595200983:[BUOY  ,0087]from +2mbar/s to +4mbar/s
1595200983:[BUOY  ,0090]need to transfer -20mL (valve during 752ms)
1595200983:[VALVE ,0034]valve opening 752ms
1595200984:[VALVE ,0234]battery 12827mV,  552660uA, P+115590mbar
1595201283:[PRESS ,0038]P+116740mbar,T+13279mdegC
1595201608:[PRESS ,0038]P+117960mbar,T+13274mdegC
1595201933:[PRESS ,0038]P+119150mbar,T+13271mdegC
1595202258:[PRESS ,0038]P+120330mbar,T+13268mdegC
1595202583:[PRESS ,0038]P+121490mbar,T+13265mdegC
1595202908:[PRESS ,0038]P+122620mbar,T+13263mdegC
1595203233:[PRESS ,0038]P+123740mbar,T+13260mdegC
1595203557:[PRESS ,0038]P+124870mbar,T+13258mdegC
1595203882:[PRESS ,0038]P+125980mbar,T+13255mdegC
1595204207:[PRESS ,0038]P+127070mbar,T+13252mdegC
1595204532:[PRESS ,0038]P+128130mbar,T+13249mdegC
1595204857:[PRESS ,0038]P+129160mbar,T+13246mdegC
1595205182:[PRESS ,0038]P+130150mbar,T+13244mdegC
1595205507:[PRESS ,0038]P+131150mbar,T+13243mdegC
1595205832:[PRESS ,0038]P+132100mbar,T+13241mdegC
1595206157:[PRESS ,0038]P+133060mbar,T+13240mdegC
1595206482:[PRESS ,0038]P+133980mbar,T+13237mdegC
1595206807:[PRESS ,0038]P+134960mbar,T+13236mdegC
1595207132:[PRESS ,0038]P+135960mbar,T+13235mdegC
1595207156:[BUOY  ,0087]from +4mbar/s to +2mbar/s
1595207156:[BUOY  ,0089]need to transfer +20mL (pump during 24172ms)
1595207165:[PUMP  ,0207]battery 15067mV,   38308uA (warmup), P+136040mbar
1595207165:[PUMP  ,0016]pump during 24172ms
1595207189:[PUMP  ,0212]battery 13142mV, 1210972uA (steady state), P+136040mbar
1595207460:[PRESS ,0038]P+136620mbar,T+13238mdegC
1595207785:[PRESS ,0038]P+137200mbar,T+13239mdegC
1595208110:[PRESS ,0038]P+137720mbar,T+13238mdegC
1595208435:[PRESS ,0038]P+138230mbar,T+13237mdegC
1595208763:[PRESS ,0038]P+138740mbar,T+13235mdegC
1595209106:[PRESS ,0038]P+139250mbar,T+13233mdegC
1595209735:[PRESS ,0038]P+140170mbar,T+13230mdegC
1595210385:[PRESS ,0038]P+141090mbar,T+13226mdegC
1595211034:[PRESS ,0038]P+141920mbar,T+13225mdegC
1595211684:[PRESS ,0038]P+142680mbar,T+13224mdegC
1595212334:[PRESS ,0038]P+143360mbar,T+13224mdegC
1595212984:[PRESS ,0038]P+144010mbar,T+13223mdegC
1595213634:[PRESS ,0038]P+144550mbar,T+13223mdegC
1595213658:<WARN>[BUOY  ,0094]stage[0] should DESCENT, stuck at 144530mbar for the #1 time
1595213658:[BUOY  ,0087]from +0mbar/s to +2mbar/s
1595213658:[BUOY  ,0090]need to transfer -6mL (valve during 201ms)
1595213658:[VALVE ,0034]valve opening 201ms
1595213959:[PRESS ,0038]P+145190mbar,T+13225mdegC
1595213983:[STAGE ,0213]145220mbar reached at 1595213983s, ref 150000mbar +/-5000mbar
1595214284:[PRESS ,0038]P+145900mbar,T+13223mdegC
1595214584:[PRESS ,0038]P+146510mbar,T+13221mdegC
1595214884:[PRESS ,0038]P+147110mbar,T+13220mdegC
1595215184:[PRESS ,0038]P+147690mbar,T+13219mdegC
1595215484:[PRESS ,0038]P+148250mbar,T+13219mdegC
1595215784:[PRESS ,0038]P+148800mbar,T+13218mdegC
1595216085:[PRESS ,0038]P+149310mbar,T+13218mdegC
1595216685:[PRESS ,0038]P+150240mbar,T+13218mdegC
1595216685:[BUOY  ,0087]from +2mbar/s to +0mbar/s
1595216685:[BUOY  ,0089]need to transfer +6mL (pump during 7250ms)
1595216694:[PUMP  ,0207]battery 15080mV,   38796uA (warmup), P+150240mbar
1595216694:[PUMP  ,0016]pump during 7250ms
1595216701:[PUMP  ,0212]battery 13836mV, 1293444uA (steady state), P+150240mbar
1595218215:[MAIN  ,0140]stage[0] complete -15480s after mission start
1595218215:[MAIN  ,0056]stage[1]
1595218217:[MAIN  ,0024]internal pressure 80372Pa
1595218218:[MRMAID,0002]acq started
1595218229:[BUOY  ,0037]P+149750mbar
1595218229:[STAGE ,0080]Stage [1] 150000mbar (+/-5000mbar) 321600s (<1595539739s) MERMAID
1595218230:[STAGE ,0213]149760mbar reached at 1595218230s, ref 150000mbar +/-5000mbar
1595218531:[PRESS ,0038]P+149660mbar,T+13220mdegC
1595228736:[PRESS ,0038]P+150170mbar,T+13213mdegC
1595237440:[PRESS ,0038]P+150680mbar,T+13210mdegC
1595250946:[PRESS ,0038]P+151190mbar,T+13209mdegC
1595264753:[PRESS ,0038]P+151700mbar,T+13206mdegC
1595286064:[PRESS ,0038]P+152210mbar,T+13206mdegC
1595297461:[MRMAID,0027]1526dbar, 13degC
1595297469:[PRESS ,0038]P+152730mbar,T+13206mdegC
1595303013:[MRMAID,0027]1527dbar, 13degC
1595328091:[MRMAID,0027]1529dbar, 13degC
1595337088:[PRESS ,0038]P+153250mbar,T+13206mdegC
1595349414:[MRMAID,0027]1532dbar, 13degC
1595375801:[MRMAID,0027]1537dbar, 13degC
1595376107:[PRESS ,0038]P+153870mbar,T+13207mdegC
1595399098:[MRMAID,0027]1539dbar, 13degC
1595399316:[MRMAID,0005]ascent request rejected
1595406347:[MRMAID,0027]1540dbar, 13degC
1595430734:[PRESS ,0038]P+154390mbar,T+13207mdegC
1595430811:[MRMAID,0027]1544dbar, 13degC
1595449052:[MRMAID,0027]1545dbar, 13degC
1595449254:[MRMAID,0005]ascent request rejected
1595490463:[PRESS ,0038]P+154900mbar,T+13207mdegC
1595494665:<WARN>[BUOY  ,0094]stage[1] should ASCENT, stuck at 155000mbar for the #1 time
1595494665:[BUOY  ,0087]from +0mbar/s to -2mbar/s
1595494665:[BUOY  ,0089]need to transfer +6mL (pump during 7263ms)
1595494665:[MRMAID,0003]acq stopped
1595494670:[MRMAID,0052]Mermaid $MEASFS,11059758,276396.918061,40.014042;
1595494674:[PUMP  ,0207]battery 14936mV,   44286uA (warmup), P+155000mbar
1595494674:[PUMP  ,0016]pump during 7263ms
1595494681:[PUMP  ,0212]battery 13076mV, 1319064uA (steady state), P+155000mbar
1595494685:[MRMAID,0002]acq started
1595495304:[PRESS ,0038]P+154310mbar,T+13209mdegC
1595495904:[PRESS ,0038]P+153690mbar,T+13209mdegC
1595496504:[PRESS ,0038]P+153170mbar,T+13207mdegC
1595497405:[PRESS ,0038]P+152520mbar,T+13205mdegC
1595498605:[PRESS ,0038]P+151880mbar,T+13204mdegC
1595500106:[PRESS ,0038]P+151300mbar,T+13205mdegC
1595540026:[MAIN  ,0140]stage[1] complete -21349s after mission start
1595540026:[MRMAID,0003]acq stopped
1595540027:[MRMAID,0052]Mermaid $MEASFS,1812200,45289.100617,40.014043;
1595540086:[MAIN  ,0056]stage[2]
1595540088:[MAIN  ,0024]internal pressure 80291Pa
1595540089:[BUOY  ,0037]P+151270mbar
1595540089:[STAGE ,0080]Stage [2] 200000mbar (+/-1000mbar) 18600s (<1595558339s) 
1595540091:<WARN>[BUOY  ,0094]stage[2] should DESCENT, stuck at 151260mbar for the #1 time
1595540091:[BUOY  ,0087]from +0mbar/s to +4mbar/s
1595540091:[BUOY  ,0090]need to transfer -26mL (valve during 854ms)
1595540091:[VALVE ,0034]valve opening 854ms
1595540092:[VALVE ,0234]battery 12533mV,  549244uA, P+151260mbar
1595540391:[PRESS ,0038]P+152200mbar,T+13206mdegC
1595540716:[PRESS ,0038]P+153230mbar,T+13206mdegC
1595541041:[PRESS ,0038]P+154270mbar,T+13207mdegC
1595541366:[PRESS ,0038]P+155270mbar,T+13207mdegC
1595541691:[PRESS ,0038]P+156240mbar,T+13207mdegC
1595542016:[PRESS ,0038]P+157180mbar,T+13207mdegC
1595542341:[PRESS ,0038]P+158080mbar,T+13209mdegC
1595542666:[PRESS ,0038]P+158980mbar,T+13209mdegC
1595542991:[PRESS ,0038]P+159890mbar,T+13210mdegC
1595543315:[PRESS ,0038]P+160820mbar,T+13209mdegC
1595543640:[PRESS ,0038]P+161680mbar,T+13210mdegC
1595543965:[PRESS ,0038]P+162530mbar,T+13211mdegC
1595544290:[PRESS ,0038]P+163410mbar,T+13212mdegC
1595544315:[BUOY  ,0087]from +2mbar/s to +4mbar/s
1595544315:[BUOY  ,0090]need to transfer -20mL (valve during 631ms)
1595544315:[VALVE ,0034]valve opening 631ms
1595544316:[VALVE ,0234]battery 12670mV,  561078uA, P+163460mbar
1595544615:[PRESS ,0038]P+164580mbar,T+13213mdegC
1595544940:[PRESS ,0038]P+165830mbar,T+13215mdegC
1595545265:[PRESS ,0038]P+167060mbar,T+13215mdegC
1595545590:[PRESS ,0038]P+168290mbar,T+13215mdegC
1595545915:[PRESS ,0038]P+169500mbar,T+13215mdegC
1595546240:[PRESS ,0038]P+170690mbar,T+13216mdegC
1595546565:[PRESS ,0038]P+171810mbar,T+13217mdegC
1595546890:[PRESS ,0038]P+172910mbar,T+13218mdegC
1595547215:[PRESS ,0038]P+174010mbar,T+13218mdegC
1595547540:[PRESS ,0038]P+175080mbar,T+13220mdegC
1595547864:[PRESS ,0038]P+176130mbar,T+13221mdegC
1595548189:[PRESS ,0038]P+177190mbar,T+13221mdegC
1595548514:[PRESS ,0038]P+178230mbar,T+13221mdegC
1595548839:[PRESS ,0038]P+179200mbar,T+13223mdegC
1595549164:[PRESS ,0038]P+180130mbar,T+13223mdegC
1595549489:[PRESS ,0038]P+181040mbar,T+13224mdegC
1595549814:[PRESS ,0038]P+181910mbar,T+13224mdegC
1595550139:[PRESS ,0038]P+182770mbar,T+13225mdegC
1595550464:[PRESS ,0038]P+183580mbar,T+13227mdegC
1595550789:[PRESS ,0038]P+184350mbar,T+13227mdegC
1595551114:[PRESS ,0038]P+185100mbar,T+13227mdegC
1595551438:[PRESS ,0038]P+185850mbar,T+13228mdegC
1595551763:[PRESS ,0038]P+186580mbar,T+13228mdegC
1595552088:[PRESS ,0038]P+187310mbar,T+13229mdegC
1595552413:[PRESS ,0038]P+188020mbar,T+13230mdegC
1595552738:[PRESS ,0038]P+188730mbar,T+13231mdegC
1595553063:[PRESS ,0038]P+189420mbar,T+13233mdegC
1595553388:[PRESS ,0038]P+190080mbar,T+13234mdegC
1595553713:[PRESS ,0038]P+190680mbar,T+13234mdegC
1595554038:[PRESS ,0038]P+191220mbar,T+13235mdegC
1595554363:[PRESS ,0038]P+191770mbar,T+13235mdegC
1595554688:[PRESS ,0038]P+192300mbar,T+13235mdegC
1595555020:[PRESS ,0038]P+192810mbar,T+13237mdegC
1595555662:[PRESS ,0038]P+193730mbar,T+13237mdegC
1595556312:[PRESS ,0038]P+194550mbar,T+13239mdegC
1595556962:[PRESS ,0038]P+195270mbar,T+13240mdegC
1595557612:[PRESS ,0038]P+195880mbar,T+13241mdegC
1595558261:[PRESS ,0038]P+196410mbar,T+13241mdegC
1595558611:[MAIN  ,0140]stage[2] complete -2764s after mission start
1595558611:[MAIN  ,0056]stage[3]
1595558613:[MAIN  ,0024]internal pressure 80501Pa
1595558618:[SBE41 ,0282]SBE41 parameters : 
      dsreplyformat=1 (webb(0)/standard(1))
      addtimingdelays=0 (n(0)/y(1))
      outputdensity=0 (n(0)/y(1))
      echocmd=0 (n(0)/y(1))
      outputrt=0 (n(0)/y(1))
      outputpts=0 (n(0)/y(1))
      outputsn=0 (n(0)/y(1))
      outputpressure=1 (n(0)/y(1))
      pcutoff=2dbar
      tswait=0s
      pumpfastpt=1 (n(0)/y(1))
      samplerate=1 ('fast':1Hz(1)/'slow':0.5Hz(0))
      top_bin_interval=10dbar
      top_bin_size=10dbar
      top_bin_max=100dbar
      middle_bin_interval=50dbar
      middle_bin_size=50dbar
      middle_bin_max=1000dbar
      bottom_bin_interval=100dbar
      bottom_bin_size=100dbar
      includetransitionbin=0
      includenbin=0 (n(0)/y(1))
      autobinavg=0 (n(0)/y(1))
1595558619:[BUOY  ,0037]P+196710mbar
1595558619:[STAGE ,0091]Stage [3] surfacing 32160s (<1595590499s) SBE41
1595558621:<WARN>[BUOY  ,0094]stage[3] should ASCENT, stuck at 196700mbar for the #1 time
1595558621:[BUOY  ,0087]from +2mbar/s to -8mbar/s
1595558621:[BUOY  ,0089]need to transfer +108mL (pump during 130593ms)
1595558621:[SBE41 ,0337]Speed start detected
1595558629:[PUMP  ,0207]battery 14346mV,  109190uA (warmup), P+196700mbar
1595558629:[PUMP  ,0016]pump during 60000ms
1595558688:[PUMP  ,0212]battery 12838mV, 1573312uA (steady state), P+196700mbar
1595558925:[PRESS ,0038]P+195700mbar,T+13248mdegC
1595558949:[BUOY  ,0087]from -4mbar/s to -8mbar/s
1595558949:[BUOY  ,0089]need to transfer +76mL (pump during 94293ms)
1595558958:[PUMP  ,0207]battery 14895mV,   57950uA (warmup), P+195600mbar
1595558958:[PUMP  ,0016]pump during 60000ms
1595559017:[PUMP  ,0212]battery 13878mV, 1575874uA (steady state), P+195600mbar
1595559253:[PRESS ,0038]P+193900mbar,T+13264mdegC
1595559278:[BUOY  ,0087]from -5mbar/s to -8mbar/s
1595559278:[BUOY  ,0089]need to transfer +62mL (pump during 76923ms)
1595559286:[PUMP  ,0207]battery 14827mV,   56486uA (warmup), P+193760mbar
1595559286:[PUMP  ,0016]pump during 60000ms
1595559345:[PUMP  ,0212]battery 13895mV, 1557208uA (steady state), P+193760mbar
1595559581:[PRESS ,0038]P+191660mbar,T+13285mdegC
1595559906:[PRESS ,0038]P+189410mbar,T+13291mdegC
1595559931:[BUOY  ,0087]from -6mbar/s to -8mbar/s
1595559931:[BUOY  ,0089]need to transfer +44mL (pump during 55138ms)
1595559939:[PUMP  ,0207]battery 14895mV,   57706uA (warmup), P+189260mbar
1595559939:[PUMP  ,0016]pump during 55138ms
1595559994:[PUMP  ,0212]battery 13980mV, 1552816uA (steady state), P+189260mbar
1595560234:[PRESS ,0038]P+186930mbar,T+13301mdegC
1595560559:[PRESS ,0038]P+184410mbar,T+13297mdegC
1595560884:[PRESS ,0038]P+181890mbar,T+13289mdegC
1595561209:[PRESS ,0038]P+179390mbar,T+13280mdegC
1595561534:[PRESS ,0038]P+176960mbar,T+13270mdegC
1595561859:[PRESS ,0038]P+174530mbar,T+13260mdegC
1595562184:[PRESS ,0038]P+172060mbar,T+13251mdegC
1595562509:[PRESS ,0038]P+169670mbar,T+13243mdegC
1595562834:[PRESS ,0038]P+167280mbar,T+13237mdegC
1595563159:[PRESS ,0038]P+164930mbar,T+13232mdegC
1595563484:[PRESS ,0038]P+162600mbar,T+13228mdegC
1595563808:[PRESS ,0038]P+160290mbar,T+13224mdegC
1595563833:[BUOY  ,0087]from -6mbar/s to -8mbar/s
1595563833:[BUOY  ,0089]need to transfer +44mL (pump during 54187ms)
1595563841:[PUMP  ,0207]battery 14935mV,   60878uA (warmup), P+160120mbar
1595563841:[PUMP  ,0016]pump during 54187ms
1595563895:[PUMP  ,0212]battery 14125mV, 1381040uA (steady state), P+160120mbar
1595564137:[PRESS ,0038]P+157700mbar,T+13228mdegC
1595564462:[PRESS ,0038]P+155080mbar,T+13230mdegC
1595564787:[PRESS ,0038]P+152500mbar,T+13231mdegC
1595564811:[BUOY  ,0087]from -9mbar/s to -8mbar/s
1595564811:[BUOY  ,0090]need to transfer -28mL (valve during 915ms)
1595564811:[VALVE ,0034]valve opening 915ms
1595564812:[VALVE ,0234]battery 14106mV,  660020uA, P+152280mbar
1595565112:[PRESS ,0038]P+150230mbar,T+13228mdegC
1595565437:[PRESS ,0038]P+148060mbar,T+13223mdegC
1595565761:[PRESS ,0038]P+145870mbar,T+13221mdegC
1595566086:[PRESS ,0038]P+143700mbar,T+13217mdegC
1595566111:[BUOY  ,0087]from -6mbar/s to -8mbar/s
1595566111:[BUOY  ,0089]need to transfer +44mL (pump during 54187ms)
1595566119:[PUMP  ,0207]battery 14935mV,   60512uA (warmup), P+143540mbar
1595566119:[PUMP  ,0016]pump during 54187ms
1595566173:[PUMP  ,0212]battery 14151mV, 1261480uA (steady state), P+143540mbar
1595566415:[PRESS ,0038]P+141190mbar,T+13225mdegC
1595566740:[PRESS ,0038]P+138670mbar,T+13228mdegC
1595567065:[PRESS ,0038]P+136160mbar,T+13230mdegC
1595567389:[PRESS ,0038]P+133730mbar,T+13230mdegC
1595567714:[PRESS ,0038]P+131300mbar,T+13228mdegC
1595568039:[PRESS ,0038]P+128840mbar,T+13225mdegC
1595568364:[PRESS ,0038]P+126460mbar,T+13223mdegC
1595568689:[PRESS ,0038]P+124130mbar,T+13223mdegC
1595569014:[PRESS ,0038]P+121810mbar,T+13223mdegC
1595569339:[PRESS ,0038]P+119540mbar,T+13223mdegC
1595569364:[BUOY  ,0087]from -6mbar/s to -8mbar/s
1595569364:[BUOY  ,0089]need to transfer +44mL (pump during 54121ms)
1595569372:[PUMP  ,0207]battery 14918mV,   63074uA (warmup), P+119370mbar
1595569372:[PUMP  ,0016]pump during 54121ms
1595569426:[PUMP  ,0212]battery 14190mV, 1124962uA (steady state), P+119370mbar
1595569667:[PRESS ,0038]P+116980mbar,T+13231mdegC
1595569992:[PRESS ,0038]P+114410mbar,T+13236mdegC
1595570317:[PRESS ,0038]P+111840mbar,T+13241mdegC
1595570642:[PRESS ,0038]P+109300mbar,T+13243mdegC
1595570967:[PRESS ,0038]P+106770mbar,T+13244mdegC
1595571292:[PRESS ,0038]P+104240mbar,T+13247mdegC
1595571617:[PRESS ,0038]P+101810mbar,T+13250mdegC
1595571942:[PRESS ,0038]P +99380mbar,T+13253mdegC
1595572267:[PRESS ,0038]P +96980mbar,T+13258mdegC
1595572591:[PRESS ,0038]P +94550mbar,T+13263mdegC
1595572916:[PRESS ,0038]P +92080mbar,T+13269mdegC
1595573241:[PRESS ,0038]P +89640mbar,T+13275mdegC
1595573566:[PRESS ,0038]P +87220mbar,T+13282mdegC
1595573891:[PRESS ,0038]P +84850mbar,T+13289mdegC
1595574216:[PRESS ,0038]P +82530mbar,T+13296mdegC
1595574541:[PRESS ,0038]P +80280mbar,T+13305mdegC
1595574866:[PRESS ,0038]P +78000mbar,T+13314mdegC
1595575191:[PRESS ,0038]P +75660mbar,T+13324mdegC
1595575516:[PRESS ,0038]P +73410mbar,T+13335mdegC
1595575841:[PRESS ,0038]P +71190mbar,T+13344mdegC
1595576165:[PRESS ,0038]P +69000mbar,T+13354mdegC
1595576490:[PRESS ,0038]P +66790mbar,T+13364mdegC
1595576515:[BUOY  ,0087]from -6mbar/s to -8mbar/s
1595576515:[BUOY  ,0089]need to transfer +44mL (pump during 54187ms)
1595576523:[PUMP  ,0207]battery 14892mV,   60756uA (warmup), P +66630mbar
1595576523:[PUMP  ,0016]pump during 54187ms
1595576577:[PUMP  ,0212]battery 14236mV,  805688uA (steady state), P +66630mbar
1595576819:[PRESS ,0038]P +64180mbar,T+13378mdegC
1595576843:[BUOY  ,0087]from -9mbar/s to -8mbar/s
1595576843:[BUOY  ,0090]need to transfer -28mL (valve during 1417ms)
1595576844:[VALVE ,0034]valve opening 1417ms
1595576845:[VALVE ,0234]battery 14147mV,  654896uA, P +63960mbar
1595577144:[PRESS ,0038]P +61810mbar,T+13397mdegC
1595577469:[PRESS ,0038]P +59610mbar,T+13413mdegC
1595577794:[PRESS ,0038]P +57420mbar,T+13430mdegC
1595578119:[PRESS ,0038]P +55250mbar,T+13443mdegC
1595578443:[PRESS ,0038]P +53100mbar,T+13456mdegC
1595578768:[PRESS ,0038]P +50980mbar,T+13472mdegC
1595578793:[BUOY  ,0087]from -6mbar/s to -8mbar/s
1595578793:[BUOY  ,0089]need to transfer +44mL (pump during 54187ms)
1595578801:[PUMP  ,0207]battery 14908mV,   61244uA (warmup), P +50810mbar
1595578801:[PUMP  ,0016]pump during 54187ms
1595578855:[PUMP  ,0212]battery 14277mV,  724070uA (steady state), P +50810mbar
1595579097:[PRESS ,0038]P +48510mbar,T+13490mdegC
1595579422:[PRESS ,0038]P +46040mbar,T+13516mdegC
1595579746:[PRESS ,0038]P +43580mbar,T+13541mdegC
1595580071:[PRESS ,0038]P +41190mbar,T+13565mdegC
1595580396:[PRESS ,0038]P +38800mbar,T+13587mdegC
1595580721:[PRESS ,0038]P +36470mbar,T+13609mdegC
1595581046:[PRESS ,0038]P +34060mbar,T+13632mdegC
1595581371:[PRESS ,0038]P +31710mbar,T+13656mdegC
1595581696:[PRESS ,0038]P +29430mbar,T+13682mdegC
1595582021:[PRESS ,0038]P +27110mbar,T+13714mdegC
1595582346:[PRESS ,0038]P +24860mbar,T+13734mdegC
1595582671:[PRESS ,0038]P +22750mbar,T+13741mdegC
1595582996:[PRESS ,0038]P +20670mbar,T+13746mdegC
1595583321:[PRESS ,0038]P +18640mbar,T+13757mdegC
1595583645:[PRESS ,0038]P +16690mbar,T+13774mdegC
1595583670:[BUOY  ,0087]from -6mbar/s to -8mbar/s
1595583670:[BUOY  ,0089]need to transfer +44mL (pump during 54121ms)
1595583678:[PUMP  ,0207]battery 14900mV,   60634uA (warmup), P +16530mbar
1595583678:[PUMP  ,0016]pump during 54121ms
1595583732:[PUMP  ,0212]battery 14308mV,  583282uA (steady state), P +16530mbar
1595583974:[PRESS ,0038]P +14210mbar,T+13796mdegC
1595584299:[PRESS ,0038]P +11690mbar,T+13804mdegC
1595584624:[PRESS ,0038]P  +9240mbar,T+13781mdegC
1595584948:[PRESS ,0038]P  +6880mbar,T+13756mdegC
1595585273:[PRESS ,0038]P  +4660mbar,T+13754mdegC
1595585598:[PRESS ,0038]P  +2500mbar,T+13758mdegC
1595585623:[BUOY  ,0087]from -6mbar/s to -8mbar/s
1595585623:[BUOY  ,0089]need to transfer +44mL (pump during 54187ms)
1595585631:[PUMP  ,0207]battery 14903mV,   63074uA (warmup), P  +2350mbar
1595585631:[PUMP  ,0016]pump during 54187ms
1595585685:[PUMP  ,0212]battery 14363mV,  492758uA (steady state), P  +2350mbar
1595585927:[PRESS ,0038]P   +880mbar,T+14024mdegC
1595585951:<WARN>[BUOY  ,0094]stage[3] should ASCENT, stuck at 900mbar for the #1 time
1595585951:[BUOY  ,0087]from +0mbar/s to -8mbar/s
1595585951:[BUOY  ,0089]need to transfer +102mL (pump during 125926ms)
1595585960:[PUMP  ,0207]battery 14920mV,   61366uA (warmup), P   +900mbar
1595585960:[PUMP  ,0016]pump during 60000ms
1595586019:[PUMP  ,0212]battery 14372mV,  497882uA (steady state), P   +900mbar
1595586255:[PRESS ,0038]P   +360mbar,T+16057mdegC
1595586280:[STAGE ,0214]310mbar (500) reached at 1595586280s, ascending from 196710mbar
1595586280:[STAGE ,0342]The float reached the surface : OK
1595586280:[MAIN  ,0140]stage[3] complete 24905s after mission start
1595586285:[SBE41 ,0343]SBE41 dump : 13828 stored samples in hexa format
1595586801:[SBE41 ,0338]Dump finished
1595586801:[SBE41 ,0318]124452 bytes in 0051/5F1A4ADA.S41
1595586802:[MRMAID,0188]acq already stopped
1595586862:[MSSION,0192]mission stopped, 4 stage(s) done
1595586862:[MAIN  ,0065]surfacing
1595586864:[SURFIN,0036]P   -110mbar
1595586868:[SURFIN,0020]filling external bladder
1595586876:[PUMP  ,0207]battery 15020mV,   43798uA (warmup), P   -100mbar
1595586876:[PUMP  ,0016]pump during 300000ms
1595587174:[PUMP  ,0212]battery 14082mV, 1520120uA (steady state), P   -100mbar
1595587186:[PUMP  ,0207]battery 14446mV,   26230uA (warmup), P   -100mbar
1595587186:[PUMP  ,0016]pump during 300000ms
1595587211:[PUMP  ,0212]battery 13878mV, 1504626uA (steady state), P   -100mbar
1595587213:[SURFIN,0019]external bladder full
1595587275:[MAIN  ,0272]Vbat 14703mV (min 14440mV)
1595587277:[MAIN  ,0024]internal pressure 79201Pa
1595587277:[MAIN  ,0043]Pext 215mbar (rng 20mbar)
1595587277:[MAIN  ,0064]surface
1595587289:[SURF  ,0022]GPS fix...
1595587330:[SURF  ,0015]10 PPS detected...
1595587332:[MRMAID,0052]Mermaid $GPSACK:+0,+0,+0,+0,+0,+0,-191894;
1595587342:[MRMAID,0052]Mermaid $GPSOFF:3686321;
1595587343:[GPSFIX,0179]-4s diff
1595587347:[SURF  ,0222]2020-07-24T10:42:27
1595587347:[SURF  ,0082]Latitude : N43deg17.803mn, Longitude :E007deg41.293mn
1595587347:[SURF  ,0223]fix3D,9satellites
1595587347:[SURF  ,0084]GPS fix GPGSA : hdop0.640,vdop0.870
1595587357:[SURF  ,0274]last almanac : 5451746
1595587428:[MRMAID,0026]24046 bytes in 0051/5F1ABB22.MER
1595587434:[MAIN  ,0320]New pressure offset: 215mbar
1595587434:[LOGBIN,0078]*** switching to 0051/5F1ABB6A ***
