1590277005:[MAIN  ,0007]buoy 452.020-P-0051
1590277005:[MAIN  ,0055]soft pilotage 452.012.300_V2.18-20200518
1590277005:[MAIN  ,0010]cycle 17
1590277005:[SURF  ,0225]surface2
1590277018:[SURF  ,0022]GPS fix...
1590277039:[SURF  ,0015]10 PPS detected...
1590277040:[MRMAID,0052]Mermaid $GPSACK:+0,+0,+0,+0,+0,+0,+0;
1590277050:[MRMAID,0052]Mermaid $GPSOFF:3686321;
1590277051:[GPSFIX,0179]-1s diff
1590277052:[SURF  ,0222]2020-05-23T23:37:32
1590277052:[SURF  ,0082]Latitude : N43deg40.936mn, Longitude :E007deg19.174mn
1590277052:[SURF  ,0223]fix3D,4satellites
1590277052:[SURF  ,0084]GPS fix GPGSA : hdop1.100,vdop1.320
1590277062:[SURF  ,0025]Iridium...
1590277071:[SBE41 ,0339]newoffset=-0.27db received after -57s
1590277095:[SURF  ,0009]connected in 33s, signal quality 5
1590277165:[SURF  ,0218]prompt received, remote cmd end
1590277165:[SURF  ,0012]17 cmd(s) received
1590277186:[UPLOAD,0248]Upload data files...
1590277290:[UPLOAD,0231]"0051/5EC9AD4F.S41" uploaded at 113bytes/s
1590277305:[UPLOAD,0231]"0051/5EC9B380.MER" uploaded at 120bytes/s
1590277369:[UPLOAD,0231]"0051/5EC9329B.BIN" uploaded at 132bytes/s
1590277442:[UPLOAD,0231]"0051/5EC9723F.BIN" uploaded at 105bytes/s
1590277507:[UPLOAD,0231]"0051/5EC993CF.BIN" uploaded at 130bytes/s
1590277524:[MAIN  ,0013]5 file(s) uploaded
1590277556:[SURF  ,0014]disconnected after 494s
1590277561:[SURFIN,0020]filling external bladder
1590277569:[PUMP  ,0207]battery 14815mV,   29768uA (warmup), P   +200mbar
1590277569:[PUMP  ,0016]pump during 300000ms
1590277578:[PUMP  ,0212]battery 14147mV, 1358592uA (steady state), P   +200mbar
1590277581:[SURFIN,0019]external bladder full
1590277581:[SURF  ,0227]1st complete transfer
1590277595:[SURF  ,0022]GPS fix...
1590277615:[SURF  ,0015]10 PPS detected...
1590277616:[MRMAID,0052]Mermaid $GPSACK:+0,+0,+0,+0,+0,+1,-999938;
1590277626:[MRMAID,0052]Mermaid $GPSOFF:3686320;
1590277627:[GPSFIX,0179]-1s diff
1590277628:[SURF  ,0222]2020-05-23T23:47:08
1590277628:[SURF  ,0082]Latitude : N43deg40.936mn, Longitude :E007deg19.175mn
1590277628:[SURF  ,0223]fix3D,8satellites
1590277628:[SURF  ,0084]GPS fix GPGSA : hdop0.730,vdop1.160
1590277645:[MAIN  ,0024]internal pressure 79151Pa
1590277646:[BYCMD ,0107]    FreeRTOS V8.2.3
1590277646:[BYCMD ,0108]    FatFS v11a
1590277646:[BYCMD ,0120]    bypass 10000ms 60000ms (20000ms 60000ms stored)
1590277646:[BYCMD ,0121]    valve 60000ms 12750 (60000ms 12750 stored)
1590277646:[BYCMD ,0122]    pump 60000ms 30% 10750 80% (60000ms 30% 10750 80% stored)
1590277646:[BYCMD ,0123]    rate 2mbar/s (2mbar/s stored)
1590277646:[BYCMD ,0124]    surface 500mbar (500mbar stored)
1590277646:[BYCMD ,0125]    near 500mbar 3mbar/s (15000mbar 3mbar/s stored)
1590277646:[BYCMD ,0126]    far 1500mbar 4mbar/s (25000mbar 4mbar/s stored)
1590277646:[BYCMD ,0127]    ascent 8mbar/s (8mbar/s stored)
1590277646:[BYCMD ,0128]    dead 60s (300s stored)
1590277646:[BYCMD ,0129]    coeff 16/10 (16/10 stored)
1590277646:[BYCMD ,0130]    stab 10 (10 stored)
1590277646:[BYCMD ,0131]    delay 900s 3600s (900s 3600s stored)
1590277646:[BYCMD ,0132]    mmtime 2880min (2880min stored)
1590277646:[BYCMD ,0133]    dv_landing 100ml (100ml stored)
1590277646:[MKDCMD,0150]    p2t37: 15x2000ms, offset 195mbar
1590277646:[P2TCMD,0151]    p2t37: dp 50mbar, dt 1000000mdegC
1590277647:[STAGE ,0080]Stage [0] 5000mbar (+/-500mbar) 1800s (<1800s) 
1590277647:[STAGE ,0080]Stage [1] 5000mbar (+/-500mbar) 3600s (<5400s) MERMAID
1590277647:[STAGE ,0091]Stage [2] surfacing 3600s (<9000s) SBE41
1590277647:[SBE41 ,0282]SBE41 parameters : 
      dsreplyformat=1 (webb(0)/standard(1))
      addtimingdelays=0 (n(0)/y(1))
      outputdensity=0 (n(0)/y(1))
      echocmd=0 (n(0)/y(1))
      outputrt=0 (n(0)/y(1))
      outputpts=0 (n(0)/y(1))
      outputsn=0 (n(0)/y(1))
      outputpressure=1 (n(0)/y(1))
      pcutoff=2dbar
      tswait=0s
      pumpfastpt=1 (n(0)/y(1))
      samplerate=1 ('fast':1Hz(1)/'slow':0.5Hz(0))
      top_bin_interval=10dbar
      top_bin_size=10dbar
      top_bin_max=100dbar
      middle_bin_interval=50dbar
      middle_bin_size=50dbar
      middle_bin_max=1000dbar
      bottom_bin_interval=100dbar
      bottom_bin_size=100dbar
      includetransitionbin=0
      includenbin=0 (n(0)/y(1))
      autobinavg=0 (n(0)/y(1))
1590277647:[SBE41 ,0283]SBE41 pilot policy : 
      continiousprofile=0 (n(0)/y(1)
      speeddetection=1 (n(0)/y(1)
      hexoutput=1 (n(0)/y(1)
      binaverageoutput=0 (n(0)/y(1)
      manualprofilerate=10s
      runningpumpbeforeprofile=0s
      speedstart=2mbar/s
      speedcontrol=5mbar/s
1590277647:[MAIN  ,0070]turn off bluetooth
1590277649:[PRESS ,0038]P    -25mbar,T+19292mdegC
1590277674:[DIVING,0141]diving from -25mbar, +0mbar/s
1590277674:[BYPASS,0035]bypass opening 60000ms
1590277679:[BYPASS,0104]battery 14501mV,  316102uA (bypass opening), P    -25mbar
1590277744:[BYPASS,0106]battery 14437mV,  400526uA (bypass closing), P    -25mbar
1590277779:[PRESS ,0038]P    +35mbar,T+19618mdegC
1590277796:[BYPASS,0035]bypass opening 10000ms
1590277801:[BYPASS,0104]battery 14535mV,  315370uA (bypass opening), P    +35mbar
1590277816:[BYPASS,0106]battery 14482mV,  399916uA (bypass closing), P    +35mbar
1590277821:[PRESS ,0038]P    +95mbar,T+19693mdegC
1590277834:[PRESS ,0038]P   +165mbar,T+19706mdegC
1590277851:[PRESS ,0038]P   +235mbar,T+19732mdegC
1590277862:[PRESS ,0038]P   +295mbar,T+19745mdegC
1590277876:[PRESS ,0038]P   +365mbar,T+19756mdegC
1590277887:[PRESS ,0038]P   +425mbar,T+19755mdegC
1590277898:[PRESS ,0038]P   +495mbar,T+19752mdegC
1590277903:[DIVING,0028]525mbar reached (+6mbar/s), 2 bypass done
1590277903:[MAIN  ,0056]stage[0]
1590277905:[MAIN  ,0024]internal pressure 80189Pa
1590277906:[PRESS ,0038]P   +555mbar,T+19755mdegC
1590277906:[BUOY  ,0037]P   +555mbar
1590277906:[STAGE ,0080]Stage [0] 5000mbar (+/-500mbar) 1800s (<1590279703s) 
1590277969:[PRESS ,0038]P   +905mbar,T+19746mdegC
1590277976:[PRESS ,0038]P   +965mbar,T+19745mdegC
1590277990:[PRESS ,0038]P  +1025mbar,T+19734mdegC
1590278054:[PRESS ,0038]P  +1215mbar,T+19636mdegC
1590278079:[BUOY  ,0087]from +2mbar/s to +4mbar/s
1590278079:[BUOY  ,0090]need to transfer -20mL (valve during 7286ms)
1590278079:[VALVE ,0034]valve opening 7286ms
1590278086:[VALVE ,0234]battery 14206mV,  628544uA, P  +1265mbar
1590278140:[PRESS ,0038]P  +1335mbar,T+19438mdegC
1590278164:<WARN>[BUOY  ,0094]stage[0] should DESCENT, stuck at 1325mbar for the #1 time
1590278165:[BUOY  ,0087]from +0mbar/s to +4mbar/s
1590278165:[BUOY  ,0090]need to transfer -26mL (valve during 9208ms)
1590278165:[VALVE ,0034]valve opening 9208ms
1590278174:[VALVE ,0234]battery 14283mV,  626470uA, P  +1325mbar
1590278225:[PRESS ,0038]P  +1405mbar,T+19213mdegC
1590278250:<WARN>[BUOY  ,0094]stage[0] should DESCENT, stuck at 1405mbar for the #2 time
1590278250:[BUOY  ,0087]from +0mbar/s to +4mbar/s
1590278250:[BUOY  ,0090]need to transfer -26mL (valve during 8959ms)
1590278250:[VALVE ,0034]valve opening 8959ms
1590278259:[VALVE ,0234]battery 14310mV,  623542uA, P  +1405mbar
1590278311:[PRESS ,0038]P  +1505mbar,T+18998mdegC
1590278336:[PRESS ,0038]P  +1565mbar,T+18943mdegC
1590278336:[BUOY  ,0087]from +2mbar/s to +4mbar/s
1590278336:[BUOY  ,0090]need to transfer -20mL (valve during 6538ms)
1590278336:[VALVE ,0034]valve opening 6538ms
1590278342:[VALVE ,0234]battery 14321mV,  622444uA, P  +1565mbar
1590278397:[PRESS ,0038]P  +1815mbar,T+18807mdegC
1590278407:[PRESS ,0038]P  +1885mbar,T+18786mdegC
1590278420:[PRESS ,0038]P  +1945mbar,T+18762mdegC
1590278482:[PRESS ,0038]P  +2465mbar,T+18648mdegC
1590278487:[PRESS ,0038]P  +2525mbar,T+18638mdegC
1590278495:[PRESS ,0038]P  +2605mbar,T+18625mdegC
1590278500:[PRESS ,0038]P  +2675mbar,T+18616mdegC
1590278505:[PRESS ,0038]P  +2735mbar,T+18606mdegC
1590278568:[PRESS ,0038]P  +3375mbar,T+18493mdegC
1590278575:[PRESS ,0038]P  +3455mbar,T+18479mdegC
1590278584:[PRESS ,0038]P  +3525mbar,T+18463mdegC
1590278591:[PRESS ,0038]P  +3585mbar,T+18451mdegC
1590278593:[BUOY  ,0087]from +9mbar/s to +3mbar/s
1590278593:[BUOY  ,0089]need to transfer +116mL (pump during 142506ms)
1590278601:[PUMP  ,0207]battery 15092mV,   35502uA (warmup), P  +3605mbar
1590278601:[PUMP  ,0016]pump during 60000ms
1590278660:[PUMP  ,0212]battery 14492mV,  464820uA (steady state), P  +3605mbar
1590278665:[PRESS ,0038]P  +4145mbar,T+18321mdegC
1590278673:[PRESS ,0038]P  +4205mbar,T+18306mdegC
1590278682:[PRESS ,0038]P  +4265mbar,T+18291mdegC
1590278689:[PRESS ,0038]P  +4325mbar,T+18276mdegC
1590278689:[BUOY  ,0087]from +7mbar/s to +3mbar/s
1590278690:[BUOY  ,0089]need to transfer +64mL (pump during 78624ms)
1590278698:[PUMP  ,0207]battery 15027mV,   30988uA (warmup), P  +4325mbar
1590278698:[PUMP  ,0016]pump during 60000ms
1590278757:[PUMP  ,0212]battery 14570mV,  478240uA (steady state), P  +4325mbar
1590278761:[PRESS ,0038]P  +4835mbar,T+18107mdegC
1590278770:[PRESS ,0038]P  +4895mbar,T+18085mdegC
1590278781:[PRESS ,0038]P  +4955mbar,T+18059mdegC
1590278786:[STAGE ,0213]4975mbar reached at 1590278786s, ref 5000mbar +/-500mbar
1590278786:[BUOY  ,0087]from +6mbar/s to +0mbar/s
1590278786:[BUOY  ,0089]need to transfer +58mL (pump during 71253ms)
1590278795:[PUMP  ,0207]battery 14955mV,   30378uA (warmup), P  +4975mbar
1590278795:[PUMP  ,0016]pump during 60000ms
1590278854:[PUMP  ,0212]battery 14528mV,  486048uA (steady state), P  +4975mbar
1590278858:[PRESS ,0038]P  +5375mbar,T+17845mdegC
1590278883:[BUOY  ,0087]from +2mbar/s to +0mbar/s
1590278883:[BUOY  ,0089]need to transfer +6mL (pump during 7370ms)
1590278891:[PUMP  ,0207]battery 14906mV,   29890uA (warmup), P  +5425mbar
1590278891:[PUMP  ,0016]pump during 7370ms
1590278898:[PUMP  ,0212]battery 14501mV,  485316uA (steady state), P  +5425mbar
1590278947:[PRESS ,0038]P  +5575mbar,T+17573mdegC
1590278972:<WARN>[BUOY  ,0094]stage[0] should ASCENT, stuck at 5625mbar for the #1 time
1590278972:[BUOY  ,0087]from +1mbar/s to +1mbar/s
1590278972:[BUOY  ,0089]need to transfer +20mL (pump during 24566ms)
1590278980:[PUMP  ,0207]battery 14942mV,   32574uA (warmup), P  +5625mbar
1590278980:[PUMP  ,0016]pump during 24566ms
1590279004:[PUMP  ,0212]battery 14436mV,  482754uA (steady state), P  +5625mbar
1590279036:[PRESS ,0038]P  +5765mbar,T+17302mdegC
1590279061:<WARN>[BUOY  ,0094]stage[0] should ASCENT, stuck at 5815mbar for the #2 time
1590279061:[BUOY  ,0087]from +2mbar/s to +2mbar/s
1590279061:[BUOY  ,0089]need to transfer +20mL (pump during 24566ms)
1590279069:[PUMP  ,0207]battery 14952mV,   31842uA (warmup), P  +5815mbar
1590279069:[PUMP  ,0016]pump during 24566ms
1590279093:[PUMP  ,0212]battery 14450mV,  490196uA (steady state), P  +5815mbar
1590279125:[PRESS ,0038]P  +5875mbar,T+17061mdegC
1590279150:[BUOY  ,0087]from +17061mbar/s to +17061mbar/s
1590279150:[BUOY  ,0089]need to transfer +12mL (pump during 14740ms)
1590279158:[PUMP  ,0207]battery 14957mV,   31842uA (warmup), P  +5855mbar
1590279158:[PUMP  ,0016]pump during 14740ms
1590279172:[PUMP  ,0212]battery 14455mV,  496418uA (steady state), P  +5855mbar
1590279217:[PRESS ,0038]P  +5815mbar,T+16837mdegC
1590279299:[PRESS ,0038]P  +5735mbar,T+16640mdegC
1590279324:<WARN>[BUOY  ,0094]stage[0] should ASCENT, stuck at 5735mbar for the #1 time
1590279324:[BUOY  ,0087]from +1mbar/s to +1mbar/s
1590279324:[BUOY  ,0089]need to transfer +14mL (pump during 17196ms)
1590279332:[PUMP  ,0207]battery 15007mV,   33672uA (warmup), P  +5735mbar
1590279332:[PUMP  ,0016]pump during 17196ms
1590279349:[PUMP  ,0212]battery 14433mV,  484950uA (steady state), P  +5735mbar
1590279407:[PRESS ,0038]P  +5675mbar,T+16441mdegC
1590279413:[BUOY  ,0087]from +16441mbar/s to +16441mbar/s
1590279413:[BUOY  ,0089]need to transfer +12mL (pump during 14740ms)
1590279421:[PUMP  ,0207]battery 15015mV,   32696uA (warmup), P  +5685mbar
1590279421:[PUMP  ,0016]pump during 14740ms
1590279435:[PUMP  ,0212]battery 14467mV,  487878uA (steady state), P  +5685mbar
1590279482:[PRESS ,0038]P  +5615mbar,T+16332mdegC
1590279562:[PRESS ,0038]P  +5555mbar,T+16203mdegC
1590279587:[BUOY  ,0087]from +16203mbar/s to +16203mbar/s
1590279587:[BUOY  ,0089]need to transfer +12mL (pump during 14740ms)
1590279595:[PUMP  ,0207]battery 15045mV,   33794uA (warmup), P  +5525mbar
1590279595:[PUMP  ,0016]pump during 14740ms
1590279609:[PUMP  ,0212]battery 14457mV,  485926uA (steady state), P  +5525mbar
1590279651:[PRESS ,0038]P  +5435mbar,T+16093mdegC
1590279674:[PRESS ,0038]P  +5375mbar,T+16067mdegC
1590279736:[PRESS ,0038]P  +5295mbar,T+15992mdegC
1590279736:[MAIN  ,0140]stage[0] complete 1833s after mission start
1590279736:[MAIN  ,0056]stage[1]
1590279739:[MAIN  ,0024]internal pressure 79898Pa
1590279740:[MRMAID,0002]acq started
1590279750:[BUOY  ,0037]P  +5265mbar
1590279750:[STAGE ,0080]Stage [1] 5000mbar (+/-500mbar) 3600s (<1590283303s) MERMAID
1590279752:[STAGE ,0213]5265mbar reached at 1590279752s, ref 5000mbar +/-500mbar
1590279812:[PRESS ,0038]P  +5185mbar,T+15907mdegC
1590279873:[PRESS ,0038]P  +5115mbar,T+15848mdegC
1590279994:[PRESS ,0038]P  +5035mbar,T+15756mdegC
1590280055:[PRESS ,0038]P  +4955mbar,T+15721mdegC
1590280055:[BUOY  ,0087]from -1mbar/s to +0mbar/s
1590280055:[BUOY  ,0090]need to transfer -2mL (valve during 364ms)
1590280055:[MRMAID,0003]acq stopped
1590280056:[VALVE ,0034]valve opening 364ms
1590280068:[MRMAID,0002]acq started
1590280136:[PRESS ,0038]P  +4885mbar,T+15691mdegC
1590280161:[BUOY  ,0087]from -1mbar/s to +0mbar/s
1590280161:[BUOY  ,0090]need to transfer -2mL (valve during 370ms)
1590280161:[MRMAID,0003]acq stopped
1590280162:[VALVE ,0034]valve opening 370ms
1590280163:[MRMAID,0002]acq started
1590280232:[PRESS ,0038]P  +4805mbar,T+15662mdegC
1590280257:[BUOY  ,0087]from -1mbar/s to +0mbar/s
1590280257:[BUOY  ,0090]need to transfer -2mL (valve during 370ms)
1590280257:[MRMAID,0003]acq stopped
1590280257:[VALVE ,0034]valve opening 370ms
1590280259:[MRMAID,0002]acq started
1590280333:[PRESS ,0038]P  +4745mbar,T+15639mdegC
1590280352:[BUOY  ,0087]from -1mbar/s to +0mbar/s
1590280352:[BUOY  ,0090]need to transfer -2mL (valve during 375ms)
1590280352:[MRMAID,0003]acq stopped
1590280353:[VALVE ,0034]valve opening 375ms
1590280355:[MRMAID,0002]acq started
1590280423:[PRESS ,0038]P  +4675mbar,T+15623mdegC
1590280569:[PRESS ,0038]P  +4615mbar,T+15594mdegC
1590280630:[PRESS ,0038]P  +4545mbar,T+15585mdegC
1590280630:[BUOY  ,0087]from -1mbar/s to +0mbar/s
1590280630:[BUOY  ,0090]need to transfer -2mL (valve during 381ms)
1590280631:[VALVE ,0034]valve opening 381ms
1590280631:[MRMAID,0003]acq stopped
1590280633:[MRMAID,0002]acq started
1590280701:[PRESS ,0038]P  +4475mbar,T+15581mdegC
1590280726:<WARN>[BUOY  ,0094]stage[1] should DESCENT, stuck at 4465mbar for the #1 time
1590280726:[BUOY  ,0087]from -1mbar/s to +3mbar/s
1590280726:[BUOY  ,0090]need to transfer -16mL (valve during 3091ms)
1590280726:[MRMAID,0003]acq stopped
1590280726:[VALVE ,0034]valve opening 3091ms
1590280730:[VALVE ,0234]battery 14262mV,  632814uA, P  +4465mbar
1590280731:[MRMAID,0002]acq started
1590280797:[PRESS ,0038]P  +4545mbar,T+15592mdegC
1590280943:[PRESS ,0038]P  +4615mbar,T+15609mdegC
1590281125:[PRESS ,0038]P  +4695mbar,T+15623mdegC
1590281246:[PRESS ,0038]P  +4795mbar,T+15614mdegC
1590281307:[PRESS ,0038]P  +4865mbar,T+15606mdegC
1590281367:[PRESS ,0038]P  +4945mbar,T+15597mdegC
1590281489:[PRESS ,0038]P  +5035mbar,T+15578mdegC
1590281489:[BUOY  ,0087]from +1mbar/s to +0mbar/s
1590281489:[BUOY  ,0089]need to transfer +2mL (pump during 2428ms)
1590281489:[MRMAID,0003]acq stopped
1590281489:[MRMAID,0183]dropping spurious '0x2C'
1590281489:[MRMAID,0183]dropping spurious '0x34'
1590281489:[MRMAID,0183]dropping spurious '0x30'
1590281489:[MRMAID,0183]dropping spurious '0x2E'
1590281489:[MRMAID,0183]dropping spurious '0x30'
1590281489:[MRMAID,0183]dropping spurious '0x31'
1590281489:[MRMAID,0183]dropping spurious '0x34'
1590281489:[MRMAID,0183]dropping spurious '0x30'
1590281489:[MRMAID,0183]dropping spurious '0x31'
1590281489:[MRMAID,0183]dropping spurious '0x30'
1590281489:[MRMAID,0183]dropping spurious '0x3B'
1590281489:[MRMAID,0185]11 spurious byte(s) received
1590281497:[PUMP  ,0207]battery 15187mV,   38918uA (warmup), P  +5035mbar
1590281498:[PUMP  ,0016]pump during 2428ms
1590281503:[MRMAID,0002]acq started
1590281648:[PRESS ,0038]P  +4975mbar,T+15561mdegC
1590281648:[BUOY  ,0087]from -1mbar/s to +0mbar/s
1590281648:[BUOY  ,0090]need to transfer -2mL (valve during 364ms)
1590281648:[MRMAID,0003]acq stopped
1590281649:[VALVE ,0034]valve opening 364ms
1590281650:[MRMAID,0002]acq started
1590282047:[PRESS ,0038]P  +5065mbar,T+15515mdegC
1590282168:[PRESS ,0038]P  +5215mbar,T+15505mdegC
1590282229:[PRESS ,0038]P  +5315mbar,T+15500mdegC
1590282289:[BUOY  ,0087]from +1mbar/s to +0mbar/s
1590282290:[BUOY  ,0089]need to transfer +2mL (pump during 2424ms)
1590282290:[MRMAID,0003]acq stopped
1590282298:[PUMP  ,0207]battery 15197mV,   39650uA (warmup), P  +5335mbar
1590282298:[PUMP  ,0016]pump during 2424ms
1590282304:[MRMAID,0002]acq started
1590282363:[PRESS ,0038]P  +5395mbar,T+15492mdegC
1590282449:[PRESS ,0038]P  +5325mbar,T+15485mdegC
1590282570:[PRESS ,0038]P  +5265mbar,T+15474mdegC
1590282691:[PRESS ,0038]P  +5185mbar,T+15463mdegC
1590282873:[PRESS ,0038]P  +5245mbar,T+15453mdegC
1590282995:[PRESS ,0038]P  +5305mbar,T+15451mdegC
1590283116:[PRESS ,0038]P  +5395mbar,T+15448mdegC
1590283359:[MAIN  ,0140]stage[1] complete 5456s after mission start
1590283359:[MRMAID,0003]acq stopped
1590283359:[MRMAID,0183]dropping spurious '0x34'
1590283359:[MRMAID,0183]dropping spurious '0x30'
1590283359:[MRMAID,0183]dropping spurious '0x31'
1590283359:[MRMAID,0183]dropping spurious '0x31'
1590283359:[MRMAID,0183]dropping spurious '0x30'
1590283359:[MRMAID,0183]dropping spurious '0x2C'
1590283359:[MRMAID,0183]dropping spurious '0x31'
1590283359:[MRMAID,0183]dropping spurious '0x30'
1590283359:[MRMAID,0183]dropping spurious '0x30'
1590283359:[MRMAID,0183]dropping spurious '0x32'
1590283359:[MRMAID,0183]dropping spurious '0x2E'
1590283359:[MRMAID,0183]dropping spurious '0x33'
1590283359:[MRMAID,0183]dropping spurious '0x39'
1590283359:[MRMAID,0183]dropping spurious '0x38'
1590283359:[MRMAID,0183]dropping spurious '0x38'
1590283359:[MRMAID,0183]dropping spurious '0x33'
1590283359:[MRMAID,0183]dropping spurious '0x35'
1590283359:[MRMAID,0183]dropping spurious '0x2C'
1590283360:[MRMAID,0183]dropping spurious '0x34'
1590283360:[MRMAID,0183]dropping spurious '0x30'
1590283360:[MRMAID,0183]dropping spurious '0x2E'
1590283360:[MRMAID,0183]dropping spurious '0x30'
1590283360:[MRMAID,0183]dropping spurious '0x31'
1590283360:[MRMAID,0183]dropping spurious '0x34'
1590283360:[MRMAID,0183]dropping spurious '0x30'
1590283360:[MRMAID,0183]dropping spurious '0x31'
1590283360:[MRMAID,0183]dropping spurious '0x33'
1590283360:[MRMAID,0183]dropping spurious '0x3B'
1590283360:[MRMAID,0185]28 spurious byte(s) received
1590283419:[MAIN  ,0056]stage[2]
1590283421:[MAIN  ,0024]internal pressure 79759Pa
1590283422:[PRESS ,0038]P  +5335mbar,T+15430mdegC
1590283422:[BUOY  ,0037]P  +5335mbar
1590283422:[STAGE ,0091]Stage [2] surfacing 3600s (<1590286903s) SBE41
1590283424:<WARN>[BUOY  ,0094]stage[2] should ASCENT, stuck at 5345mbar for the #1 time
1590283424:[BUOY  ,0087]from +1mbar/s to +1mbar/s
1590283424:[BUOY  ,0089]need to transfer +40mL (pump during 48368ms)
1590283432:[PUMP  ,0207]battery 15200mV,   40382uA (warmup), P  +5345mbar
1590283432:[PUMP  ,0016]pump during 48368ms
1590283480:[PUMP  ,0212]battery 14532mV,  478362uA (steady state), P  +5345mbar
1590283492:[PRESS ,0038]P  +5275mbar,T+15438mdegC
1590283511:[PRESS ,0038]P  +5215mbar,T+15444mdegC
1590283513:[BUOY  ,0087]from +15444mbar/s to +15444mbar/s
1590283513:[BUOY  ,0089]need to transfer +26mL (pump during 31451ms)
1590283513:[SBE41 ,0337]Speed start detected
1590283521:[PUMP  ,0207]battery 15007mV,  101870uA (warmup), P  +5215mbar
1590283521:[PUMP  ,0016]pump during 31451ms
1590283552:[PUMP  ,0212]battery 14708mV,  517890uA (steady state), P  +5215mbar
1590283577:[PRESS ,0038]P  +5075mbar,T+15462mdegC
1590283595:[PRESS ,0038]P  +5015mbar,T+15465mdegC
1590283602:[BUOY  ,0087]from +15465mbar/s to +15465mbar/s
1590283602:[BUOY  ,0089]need to transfer +26mL (pump during 31451ms)
1590283610:[PUMP  ,0207]battery 15048mV,   57462uA (warmup), P  +4995mbar
1590283610:[PUMP  ,0016]pump during 31451ms
1590283641:[PUMP  ,0212]battery 14642mV,  512278uA (steady state), P  +4995mbar
1590283666:[PRESS ,0038]P  +4725mbar,T+15477mdegC
1590283680:[PRESS ,0038]P  +4655mbar,T+15480mdegC
1590283751:[PRESS ,0038]P  +4275mbar,T+15478mdegC
1590283765:[PRESS ,0038]P  +4205mbar,T+15477mdegC
1590283837:[PRESS ,0038]P  +3875mbar,T+15472mdegC
1590283851:[PRESS ,0038]P  +3815mbar,T+15470mdegC
1590283922:[PRESS ,0038]P  +3465mbar,T+15472mdegC
1590283933:[PRESS ,0038]P  +3405mbar,T+15472mdegC
1590283945:[PRESS ,0038]P  +3345mbar,T+15474mdegC
1590284008:[PRESS ,0038]P  +3285mbar,T+15487mdegC
1590284032:[BUOY  ,0087]from +15487mbar/s to +15487mbar/s
1590284032:[BUOY  ,0089]need to transfer +34mL (pump during 41128ms)
1590284041:[PUMP  ,0207]battery 15015mV,   58072uA (warmup), P  +3245mbar
1590284041:[PUMP  ,0016]pump during 41128ms
1590284082:[PUMP  ,0212]battery 14542mV,  496418uA (steady state), P  +3245mbar
1590284096:[PRESS ,0038]P  +3095mbar,T+15549mdegC
1590284112:[PRESS ,0038]P  +3025mbar,T+15568mdegC
1590284182:[PRESS ,0038]P  +2795mbar,T+15649mdegC
1590284196:[PRESS ,0038]P  +2735mbar,T+15667mdegC
1590284207:[BUOY  ,0087]from +15667mbar/s to +15667mbar/s
1590284207:[BUOY  ,0089]need to transfer +26mL (pump during 31451ms)
1590284215:[PUMP  ,0207]battery 14992mV,   57706uA (warmup), P  +2715mbar
1590284215:[PUMP  ,0016]pump during 31451ms
1590284246:[PUMP  ,0212]battery 14522mV,  484096uA (steady state), P  +2715mbar
1590284271:[PRESS ,0038]P  +2485mbar,T+15775mdegC
1590284281:[PRESS ,0038]P  +2415mbar,T+15792mdegC
1590284294:[PRESS ,0038]P  +2355mbar,T+15811mdegC
1590284296:[BUOY  ,0087]from +15811mbar/s to +15811mbar/s
1590284296:[BUOY  ,0090]need to transfer -18mL (valve during 4781ms)
1590284296:[VALVE ,0034]valve opening 4781ms
1590284300:[VALVE ,0234]battery 14365mV,  658922uA, P  +2345mbar
1590284356:[PRESS ,0038]P  +2055mbar,T+15910mdegC
1590284369:[PRESS ,0038]P  +1995mbar,T+15927mdegC
1590284442:[PRESS ,0038]P  +1665mbar,T+16025mdegC
1590284452:[PRESS ,0038]P  +1605mbar,T+16039mdegC
1590284467:[PRESS ,0038]P  +1545mbar,T+16057mdegC
1590284527:[PRESS ,0038]P  +1375mbar,T+16137mdegC
1590284547:[PRESS ,0038]P  +1315mbar,T+16164mdegC
1590284552:[BUOY  ,0087]from +16164mbar/s to +16164mbar/s
1590284552:[BUOY  ,0089]need to transfer +26mL (pump during 31451ms)
1590284560:[PUMP  ,0207]battery 14996mV,   57584uA (warmup), P  +1305mbar
1590284560:[PUMP  ,0016]pump during 31451ms
1590284591:[PUMP  ,0212]battery 14495mV,  468724uA (steady state), P  +1305mbar
1590284616:[PRESS ,0038]P  +1145mbar,T+16262mdegC
1590284641:[BUOY  ,0087]from +16262mbar/s to +16262mbar/s
1590284641:[BUOY  ,0089]need to transfer +34mL (pump during 41128ms)
1590284649:[PUMP  ,0207]battery 14987mV,   55388uA (warmup), P  +1095mbar
1590284649:[PUMP  ,0016]pump during 41128ms
1590284690:[PUMP  ,0212]battery 14517mV,  479948uA (steady state), P  +1095mbar
1590284705:[PRESS ,0038]P   +875mbar,T+16398mdegC
1590284724:[PRESS ,0038]P   +815mbar,T+16429mdegC
1590284730:[BUOY  ,0087]from +16429mbar/s to +16429mbar/s
1590284730:[BUOY  ,0089]need to transfer +26mL (pump during 31451ms)
1590284738:[PUMP  ,0207]battery 14947mV,   54290uA (warmup), P   +795mbar
1590284738:[PUMP  ,0016]pump during 31451ms
1590284769:[PUMP  ,0212]battery 14525mV,  477996uA (steady state), P   +795mbar
1590284794:[PRESS ,0038]P   +515mbar,T+16542mdegC
1590284804:[PRESS ,0038]P   +455mbar,T+16560mdegC
1590284815:[PRESS ,0038]P   +395mbar,T+16577mdegC
1590284819:[STAGE ,0214]385mbar (500) reached at 1590284819s, ascending from 5335mbar
1590284819:[STAGE ,0342]The float reached the surface : OK
1590284819:[MAIN  ,0140]stage[2] complete 6916s after mission start
1590284825:[SBE41 ,0343]SBE41 dump : 1301 stored samples in hexa format
1590284872:[SBE41 ,0338]Dump finished
1590284872:[SBE41 ,0318]11709 bytes in 0051/5EC9CC9D.S41
1590284873:[MRMAID,0188]acq already stopped
1590284933:[MSSION,0192]mission stopped, 3 stage(s) done
1590284933:[MAIN  ,0065]surfacing
1590284935:[PRESS ,0038]P    -45mbar,T+16792mdegC
1590284935:[SURFIN,0036]P    -45mbar
1590284938:[SURFIN,0020]filling external bladder
1590284947:[PUMP  ,0207]battery 14998mV,   38552uA (warmup), P    -45mbar
1590284947:[PUMP  ,0016]pump during 300000ms
1590285047:[PUMP  ,0212]battery 14218mV, 1388848uA (steady state), P    -45mbar
1590285050:[SURFIN,0019]external bladder full
1590285051:[PRESS ,0038]P   +200mbar,T+17134mdegC
1590285112:[MAIN  ,0272]Vbat 14798mV (min 14486mV)
1590285114:[MAIN  ,0024]internal pressure 79050Pa
1590285114:[MAIN  ,0043]Pext 191mbar (rng 20mbar)
1590285114:[MAIN  ,0064]surface
1590285125:[SURF  ,0022]GPS fix...
1590285125:<WARN>[GPSFIX,0123]GPRMC ms=990 #1
1590285126:<WARN>[GPSFIX,0123]GPRMC ms=980 #1
1590285127:<WARN>[GPSFIX,0123]GPRMC ms=970 #1
1590285149:[SURF  ,0015]10 PPS detected...
1590285150:[MRMAID,0052]Mermaid $GPSACK:+0,+0,+0,+0,+0,+0,-1007;
1590285160:[MRMAID,0052]Mermaid $GPSOFF:3686321;
1590285161:[GPSFIX,0179]-1s diff
1590285162:[SURF  ,0222]2020-05-24T01:52:42
1590285162:[SURF  ,0082]Latitude : N43deg40.939mn, Longitude :E007deg19.175mn
1590285162:[SURF  ,0223]fix3D,5satellites
1590285162:[SURF  ,0084]GPS fix GPGSA : hdop3.600,vdop2.900
1590285172:[SURF  ,0274]last almanac : 149561
1590285184:[MRMAID,0026]1450 bytes in 0051/5EC9D379.MER
1590285190:[MAIN  ,0320]New pressure offset: 191mbar
1590285190:[LOGBIN,0078]*** switching to 0051/5EC9D386 ***
