1590312459:[MAIN  ,0007]buoy 452.020-P-0051
1590312459:[MAIN  ,0055]soft pilotage 452.012.300_V2.18-20200518
1590312459:[MAIN  ,0010]cycle 21
1590312459:[SURF  ,0225]surface2
1590312472:[SURF  ,0022]GPS fix...
1590312492:[SURF  ,0015]10 PPS detected...
1590312493:[MRMAID,0052]Mermaid $GPSACK:+0,+0,+0,+0,+0,+0,+0;
1590312503:[MRMAID,0052]Mermaid $GPSOFF:3686321;
1590312503:[GPSFIX,0179]-1s diff
1590312504:[SURF  ,0222]2020-05-24T09:28:24
1590312504:[SURF  ,0082]Latitude : N43deg40.942mn, Longitude :E007deg19.174mn
1590312504:[SURF  ,0223]fix3D,3satellites
1590312504:[SURF  ,0084]GPS fix GPGSA : hdop1.720,vdop3.360
1590312514:[SURF  ,0025]Iridium...
1590312523:[SBE41 ,0339]newoffset=-0.40db received after -60s
1590312728:<WARN>[SURF  ,0023]failed to connect #1, code -8, net 1, qual 5, dial 1
1590312804:[SURF  ,0009]connected in 290s, signal quality 4
1590312878:<WARN>[SURF  ,0071]timeout
1590312878:<WARN>[SURF  ,0056]peer mute
1590312888:[SURF  ,0014]disconnected after 374s
1590312893:[SURFIN,0020]filling external bladder
1590312902:[PUMP  ,0207]battery 14911mV,   30866uA (warmup), P   +190mbar
1590312902:[PUMP  ,0016]pump during 300000ms
1590312917:[PUMP  ,0212]battery 14170mV, 1353590uA (steady state), P   +190mbar
1590312919:[SURFIN,0019]external bladder full
1590312919:[SURF  ,0069]transfer interrupted , retry
1590312936:[SURF  ,0022]GPS fix...
1590312956:[SURF  ,0015]10 PPS detected...
1590312957:[MRMAID,0052]Mermaid $GPSACK:+0,+0,+0,+0,+0,+1,-999938;
1590312967:[MRMAID,0052]Mermaid $GPSOFF:3686320;
1590312968:[GPSFIX,0179]-1s diff
1590312969:[SURF  ,0222]2020-05-24T09:36:09
1590312969:[SURF  ,0082]Latitude : N43deg40.938mn, Longitude :E007deg19.174mn
1590312969:[SURF  ,0223]fix3D,6satellites
1590312969:[SURF  ,0084]GPS fix GPGSA : hdop0.800,vdop1.090
1590312979:[SURF  ,0025]Iridium...
1590313177:<WARN>[SURF  ,0023]failed to connect #1, code -8, net 1, qual 5, dial 1
1590313254:[SURF  ,0009]connected in 275s, signal quality 5
1590313325:[SURF  ,0218]prompt received, remote cmd end
1590313325:[SURF  ,0012]17 cmd(s) received
1590313346:[UPLOAD,0248]Upload data files...
1590313564:[UPLOAD,0231]"0051/5ECA362C.S41" uploaded at 71bytes/s
1590313576:[UPLOAD,0231]"0051/5ECA3DFE.MER" uploaded at 131bytes/s
1590313638:<ERR>[ZIO   ,0085]grabber not running (-1)
1590313658:<ERR>[MODEM ,0344]error -1 while reading "H0" answer
1590313658:[SURF  ,0014]disconnected after 679s
1590313663:[SURFIN,0020]filling external bladder
1590313671:[PUMP  ,0207]battery 14830mV,   29524uA (warmup), P   +190mbar
1590313671:[PUMP  ,0016]pump during 300000ms
1590313681:[PUMP  ,0212]battery 14161mV, 1351882uA (steady state), P   +190mbar
1590313683:[SURFIN,0019]external bladder full
1590313683:[SURF  ,0319]transfer interrupted
1590313698:[SURF  ,0022]GPS fix...
1590313718:[SURF  ,0015]10 PPS detected...
1590313719:[MRMAID,0052]Mermaid $GPSACK:+0,+0,+0,+0,+0,+0,-30;
1590313729:[MRMAID,0052]Mermaid $GPSOFF:3686320;
1590313731:[GPSFIX,0179]+0s diff
1590313731:[SURF  ,0222]2020-05-24T09:48:51
1590313731:[SURF  ,0082]Latitude : N43deg40.939mn, Longitude :E007deg19.172mn
1590313731:[SURF  ,0223]fix3D,8satellites
1590313731:[SURF  ,0084]GPS fix GPGSA : hdop0.770,vdop1.100
1590313748:[MAIN  ,0024]internal pressure 79414Pa
1590313749:[BYCMD ,0107]    FreeRTOS V8.2.3
1590313749:[BYCMD ,0108]    FatFS v11a
1590313749:[BYCMD ,0120]    bypass 10000ms 60000ms (20000ms 60000ms stored)
1590313749:[BYCMD ,0121]    valve 60000ms 12750 (60000ms 12750 stored)
1590313749:[BYCMD ,0122]    pump 60000ms 30% 10750 80% (60000ms 30% 10750 80% stored)
1590313749:[BYCMD ,0123]    rate 2mbar/s (2mbar/s stored)
1590313749:[BYCMD ,0124]    surface 500mbar (500mbar stored)
1590313749:[BYCMD ,0125]    near 500mbar 3mbar/s (15000mbar 3mbar/s stored)
1590313749:[BYCMD ,0126]    far 1500mbar 4mbar/s (25000mbar 4mbar/s stored)
1590313749:[BYCMD ,0127]    ascent 8mbar/s (8mbar/s stored)
1590313749:[BYCMD ,0128]    dead 60s (300s stored)
1590313749:[BYCMD ,0129]    coeff 16/10 (16/10 stored)
1590313749:[BYCMD ,0130]    stab 10 (10 stored)
1590313749:[BYCMD ,0131]    delay 900s 3600s (900s 3600s stored)
1590313749:[BYCMD ,0132]    mmtime 2880min (2880min stored)
1590313749:[BYCMD ,0133]    dv_landing 100ml (100ml stored)
1590313749:[MKDCMD,0150]    p2t37: 15x2000ms, offset 188mbar
1590313749:[P2TCMD,0151]    p2t37: dp 50mbar, dt 1000000mdegC
1590313750:[STAGE ,0080]Stage [0] 5000mbar (+/-500mbar) 1800s (<1800s) 
1590313750:[STAGE ,0080]Stage [1] 5000mbar (+/-500mbar) 3600s (<5400s) MERMAID
1590313750:[STAGE ,0091]Stage [2] surfacing 3600s (<9000s) SBE41
1590313750:[SBE41 ,0282]SBE41 parameters : 
      dsreplyformat=1 (webb(0)/standard(1))
      addtimingdelays=0 (n(0)/y(1))
      outputdensity=0 (n(0)/y(1))
      echocmd=0 (n(0)/y(1))
      outputrt=0 (n(0)/y(1))
      outputpts=0 (n(0)/y(1))
      outputsn=0 (n(0)/y(1))
      outputpressure=1 (n(0)/y(1))
      pcutoff=2dbar
      tswait=0s
      pumpfastpt=1 (n(0)/y(1))
      samplerate=1 ('fast':1Hz(1)/'slow':0.5Hz(0))
      top_bin_interval=10dbar
      top_bin_size=10dbar
      top_bin_max=100dbar
      middle_bin_interval=50dbar
      middle_bin_size=50dbar
      middle_bin_max=1000dbar
      bottom_bin_interval=100dbar
      bottom_bin_size=100dbar
      includetransitionbin=0
      includenbin=0 (n(0)/y(1))
      autobinavg=0 (n(0)/y(1))
1590313750:[SBE41 ,0283]SBE41 pilot policy : 
      continiousprofile=0 (n(0)/y(1)
      speeddetection=1 (n(0)/y(1)
      hexoutput=1 (n(0)/y(1)
      binaverageoutput=0 (n(0)/y(1)
      manualprofilerate=10s
      runningpumpbeforeprofile=0s
      speedstart=2mbar/s
      speedcontrol=5mbar/s
1590313750:[MAIN  ,0070]turn off bluetooth
1590313753:[PRESS ,0038]P     -8mbar,T+19650mdegC
1590313777:[DIVING,0141]diving from 2mbar, +0mbar/s
1590313777:[BYPASS,0035]bypass opening 60000ms
1590313782:[BYPASS,0104]battery 14513mV,  307074uA (bypass opening), P     +2mbar
1590313847:[BYPASS,0106]battery 14456mV,  399916uA (bypass closing), P     +2mbar
1590313854:[PRESS ,0038]P    +62mbar,T+19781mdegC
1590313862:[PRESS ,0038]P   +122mbar,T+19794mdegC
1590313870:[PRESS ,0038]P   +182mbar,T+19807mdegC
1590313877:[PRESS ,0038]P   +242mbar,T+19813mdegC
1590313885:[PRESS ,0038]P   +312mbar,T+19823mdegC
1590313896:[PRESS ,0038]P   +372mbar,T+19832mdegC
1590313904:[PRESS ,0038]P   +432mbar,T+19836mdegC
1590313913:[PRESS ,0038]P   +502mbar,T+19844mdegC
1590313915:[DIVING,0028]512mbar reached (+7mbar/s), 1 bypass done
1590313915:[MAIN  ,0056]stage[0]
1590313917:[MAIN  ,0024]internal pressure 80131Pa
1590313918:[BUOY  ,0037]P   +552mbar
1590313918:[STAGE ,0080]Stage [0] 5000mbar (+/-500mbar) 1800s (<1590315715s) 
1590313920:[PRESS ,0038]P   +562mbar,T+19848mdegC
1590313981:[PRESS ,0038]P   +982mbar,T+19887mdegC
1590313993:[PRESS ,0038]P  +1062mbar,T+19889mdegC
1590314002:[PRESS ,0038]P  +1122mbar,T+19888mdegC
1590314066:[PRESS ,0038]P  +1562mbar,T+19834mdegC
1590314075:[PRESS ,0038]P  +1632mbar,T+19821mdegC
1590314084:[PRESS ,0038]P  +1692mbar,T+19807mdegC
1590314152:[PRESS ,0038]P  +2162mbar,T+19666mdegC
1590314161:[PRESS ,0038]P  +2232mbar,T+19644mdegC
1590314169:[PRESS ,0038]P  +2292mbar,T+19622mdegC
1590314177:[PRESS ,0038]P  +2352mbar,T+19605mdegC
1590314237:[PRESS ,0038]P  +2802mbar,T+19443mdegC
1590314246:[PRESS ,0038]P  +2872mbar,T+19419mdegC
1590314257:[PRESS ,0038]P  +2932mbar,T+19389mdegC
1590314323:[PRESS ,0038]P  +3362mbar,T+19210mdegC
1590314335:[PRESS ,0038]P  +3422mbar,T+19176mdegC
1590314408:[PRESS ,0038]P  +3722mbar,T+18973mdegC
1590314417:[PRESS ,0038]P  +3782mbar,T+18947mdegC
1590314428:[PRESS ,0038]P  +3842mbar,T+18914mdegC
1590314433:[BUOY  ,0087]from +6mbar/s to +3mbar/s
1590314433:[BUOY  ,0089]need to transfer +44mL (pump during 53856ms)
1590314441:[PUMP  ,0207]battery 15093mV,   36356uA (warmup), P  +3872mbar
1590314441:[PUMP  ,0016]pump during 53856ms
1590314494:[PUMP  ,0212]battery 14430mV,  462136uA (steady state), P  +3872mbar
1590314499:[PRESS ,0038]P  +4222mbar,T+18697mdegC
1590314584:[PRESS ,0038]P  +4362mbar,T+18381mdegC
1590314600:[PRESS ,0038]P  +4422mbar,T+18314mdegC
1590314670:[PRESS ,0038]P  +4522mbar,T+18026mdegC
1590314695:[STAGE ,0213]4572mbar reached at 1590314695s, ref 5000mbar +/-500mbar
1590314755:[PRESS ,0038]P  +4652mbar,T+17698mdegC
1590315119:[PRESS ,0038]P  +4712mbar,T+16730mdegC
1590315726:[MAIN  ,0140]stage[0] complete 1811s after mission start
1590315726:[MAIN  ,0056]stage[1]
1590315728:[MAIN  ,0024]internal pressure 79515Pa
1590315729:[MRMAID,0002]acq started
1590315739:[BUOY  ,0037]P  +4752mbar
1590315739:[STAGE ,0080]Stage [1] 5000mbar (+/-500mbar) 3600s (<1590319315s) MERMAID
1590315741:[STAGE ,0213]4752mbar reached at 1590315741s, ref 5000mbar +/-500mbar
1590315802:[PRESS ,0038]P  +4792mbar,T+15992mdegC
1590316166:[PRESS ,0038]P  +4722mbar,T+15817mdegC
1590316469:[PRESS ,0038]P  +4782mbar,T+15735mdegC
1590319319:[MAIN  ,0140]stage[1] complete 5404s after mission start
1590319319:[MRMAID,0052]Mermaid $STOPAC$MEASFS,141557,3537.686035,40.014009;
1590319321:[MRMAID,0183]dropping spurious '0x4B'
1590319321:[MRMAID,0183]dropping spurious '0x3A'
1590319322:[MRMAID,0183]dropping spurious '0x2B'
1590319322:[MRMAID,0183]dropping spurious '0x31'
1590319322:[MRMAID,0183]dropping spurious '0x3B'
1590319322:[MRMAID,0185]5 spurious byte(s) received
1590319380:[MRMAID,0188]acq already stopped
1590319440:[MAIN  ,0056]stage[2]
1590319442:[MAIN  ,0024]internal pressure 79257Pa
1590319443:[BUOY  ,0037]P  +4762mbar
1590319443:[STAGE ,0091]Stage [2] surfacing 3600s (<1590322915s) SBE41
1590319445:<WARN>[BUOY  ,0094]stage[2] should ASCENT, stuck at 4762mbar for the #1 time
1590319445:[BUOY  ,0087]from +0mbar/s to -5mbar/s
1590319445:[BUOY  ,0089]need to transfer +40mL (pump during 48309ms)
1590319453:[PUMP  ,0207]battery 15200mV,   40748uA (warmup), P  +4762mbar
1590319453:[PUMP  ,0016]pump during 48309ms
1590319501:[PUMP  ,0212]battery 14378mV,  458354uA (steady state), P  +4762mbar
1590319532:[PRESS ,0038]P  +4842mbar,T+15405mdegC
1590319534:<WARN>[BUOY  ,0094]stage[2] should ASCENT, stuck at 4842mbar for the #2 time
1590319534:[BUOY  ,0087]from +2mbar/s to -5mbar/s
1590319534:[BUOY  ,0089]need to transfer +46mL (pump during 55556ms)
1590319534:[SBE41 ,0337]Speed start detected
1590319542:[PUMP  ,0207]battery 15006mV,  103334uA (warmup), P  +4842mbar
1590319542:[PUMP  ,0016]pump during 55556ms
1590319597:[PUMP  ,0212]battery 14716mV,  509472uA (steady state), P  +4842mbar
1590319626:<WARN>[BUOY  ,0094]stage[2] should ASCENT, stuck at 4852mbar for the #3 time
1590319626:[BUOY  ,0087]from +0mbar/s to -5mbar/s
1590319626:[BUOY  ,0089]need to transfer +40mL (pump during 48309ms)
1590319634:[PUMP  ,0207]battery 15047mV,   53924uA (warmup), P  +4852mbar
1590319634:[PUMP  ,0016]pump during 48309ms
1590319682:[PUMP  ,0212]battery 14660mV,  508252uA (steady state), P  +4852mbar
1590319715:<WARN>[BUOY  ,0094]stage[2] should ASCENT, stuck at 4882mbar for the #4 time
1590319715:[BUOY  ,0087]from +0mbar/s to -5mbar/s
1590319715:[BUOY  ,0089]need to transfer +40mL (pump during 48309ms)
1590319723:[PUMP  ,0207]battery 14982mV,   54046uA (warmup), P  +4882mbar
1590319723:[PUMP  ,0016]pump during 48309ms
1590319771:[PUMP  ,0212]battery 14598mV,  509472uA (steady state), P  +4882mbar
1590319779:[PRESS ,0038]P  +4992mbar,T+15555mdegC
1590319804:<WARN>[BUOY  ,0094]stage[2] should ASCENT, stuck at 5012mbar for the #5 time
1590319804:[BUOY  ,0087]from +1mbar/s to -5mbar/s
1590319804:[BUOY  ,0089]need to transfer +42mL (pump during 50725ms)
1590319812:[PUMP  ,0207]battery 14930mV,   53070uA (warmup), P  +5012mbar
1590319812:[PUMP  ,0016]pump during 50725ms
1590319862:[PUMP  ,0212]battery 14557mV,  501664uA (steady state), P  +5012mbar
1590319892:[BUOY  ,0087]from -3mbar/s to -5mbar/s
1590319892:[BUOY  ,0089]need to transfer +26mL (pump during 31417ms)
1590319901:[PUMP  ,0207]battery 14892mV,   49288uA (warmup), P  +4972mbar
1590319901:[PUMP  ,0016]pump during 31417ms
1590319932:[PUMP  ,0212]battery 14520mV,  513010uA (steady state), P  +4972mbar
1590319956:[PRESS ,0038]P  +4892mbar,T+15657mdegC
1590319981:[BUOY  ,0087]from -1mbar/s to -5mbar/s
1590319981:[BUOY  ,0089]need to transfer +38mL (pump during 45894ms)
1590319989:[PUMP  ,0207]battery 14873mV,   51850uA (warmup), P  +4872mbar
1590319989:[PUMP  ,0016]pump during 45894ms
1590320034:[PUMP  ,0212]battery 14497mV,  502152uA (steady state), P  +4872mbar
1590320047:[PRESS ,0038]P  +4832mbar,T+15684mdegC
1590320070:[BUOY  ,0087]from -2mbar/s to -5mbar/s
1590320070:[BUOY  ,0089]need to transfer +34mL (pump during 41084ms)
1590320078:[PUMP  ,0207]battery 14865mV,   50508uA (warmup), P  +4802mbar
1590320078:[PUMP  ,0016]pump during 41084ms
1590320119:[PUMP  ,0212]battery 14496mV,  509228uA (steady state), P  +4802mbar
1590320134:[PRESS ,0038]P  +4702mbar,T+15718mdegC
1590320155:[PRESS ,0038]P  +4642mbar,T+15726mdegC
1590320159:[BUOY  ,0087]from -2mbar/s to -5mbar/s
1590320159:[BUOY  ,0089]need to transfer +34mL (pump during 41084ms)
1590320167:[PUMP  ,0207]battery 14847mV,   52460uA (warmup), P  +4642mbar
1590320167:[PUMP  ,0016]pump during 41084ms
1590320208:[PUMP  ,0212]battery 14476mV,  521062uA (steady state), P  +4642mbar
1590320223:[PRESS ,0038]P  +4512mbar,T+15748mdegC
1590320237:[PRESS ,0038]P  +4452mbar,T+15754mdegC
1590320248:[PRESS ,0038]P  +4382mbar,T+15757mdegC
1590320308:[PRESS ,0038]P  +4162mbar,T+15753mdegC
1590320331:[PRESS ,0038]P  +4102mbar,T+15748mdegC
1590320333:[BUOY  ,0087]from -2mbar/s to -5mbar/s
1590320333:[BUOY  ,0089]need to transfer +34mL (pump during 42368ms)
1590320341:[PUMP  ,0207]battery 14871mV,   54046uA (warmup), P  +4102mbar
1590320341:[PUMP  ,0016]pump during 42368ms
1590320383:[PUMP  ,0212]battery 14453mV,  501908uA (steady state), P  +4102mbar
1590320397:[PRESS ,0038]P  +3862mbar,T+15765mdegC
1590320406:[PRESS ,0038]P  +3802mbar,T+15770mdegC
1590320483:[PRESS ,0038]P  +3382mbar,T+15791mdegC
1590320490:[PRESS ,0038]P  +3312mbar,T+15792mdegC
1590320499:[PRESS ,0038]P  +3252mbar,T+15794mdegC
1590320504:[PRESS ,0038]P  +3192mbar,T+15797mdegC
1590320507:[BUOY  ,0087]from -9mbar/s to -5mbar/s
1590320507:[BUOY  ,0090]need to transfer -90mL (valve during 20491ms)
1590320508:[VALVE ,0034]valve opening 20491ms
1590320528:[VALVE ,0234]battery 14255mV,  653188uA, P  +3142mbar
1590320568:[PRESS ,0038]P  +2582mbar,T+15829mdegC
1590320574:[PRESS ,0038]P  +2522mbar,T+15832mdegC
1590320583:[PRESS ,0038]P  +2462mbar,T+15838mdegC
1590320591:[PRESS ,0038]P  +2392mbar,T+15844mdegC
1590320593:[BUOY  ,0087]from -8mbar/s to -5mbar/s
1590320593:[BUOY  ,0090]need to transfer -62mL (valve during 16469ms)
1590320593:[VALVE ,0034]valve opening 16469ms
1590320610:[VALVE ,0234]battery 14287mV,  639280uA, P  +2382mbar
1590320654:[PRESS ,0038]P  +1952mbar,T+15907mdegC
1590320661:[PRESS ,0038]P  +1892mbar,T+15916mdegC
1590320668:[PRESS ,0038]P  +1832mbar,T+15923mdegC
1590320679:[PRESS ,0038]P  +1772mbar,T+15937mdegC
1590320679:[BUOY  ,0087]from -7mbar/s to -5mbar/s
1590320679:[BUOY  ,0090]need to transfer -38mL (valve during 11536ms)
1590320679:[VALVE ,0034]valve opening 11536ms
1590320691:[VALVE ,0234]battery 14283mV,  637816uA, P  +1772mbar
1590320740:[PRESS ,0038]P  +1492mbar,T+16034mdegC
1590320764:[BUOY  ,0087]from -1mbar/s to -5mbar/s
1590320765:[BUOY  ,0089]need to transfer +38mL (pump during 47382ms)
1590320773:[PUMP  ,0207]battery 14923mV,   53558uA (warmup), P  +1462mbar
1590320773:[PUMP  ,0016]pump during 47382ms
1590320820:[PUMP  ,0212]battery 14442mV,  477264uA (steady state), P  +1462mbar
1590320829:[PRESS ,0038]P  +1262mbar,T+16185mdegC
1590320843:[PRESS ,0038]P  +1202mbar,T+16212mdegC
1590320853:[PRESS ,0038]P  +1142mbar,T+16232mdegC
1590320914:[PRESS ,0038]P   +882mbar,T+16357mdegC
1590320926:[PRESS ,0038]P   +822mbar,T+16384mdegC
1590320999:[PRESS ,0038]P   +532mbar,T+16543mdegC
1590321012:[PRESS ,0038]P   +472mbar,T+16570mdegC
1590321024:[STAGE ,0214]442mbar (500) reached at 1590321024s, ascending from 4762mbar
1590321024:[STAGE ,0342]The float reached the surface : OK
1590321024:[MAIN  ,0140]stage[2] complete 7109s after mission start
1590321031:[SBE41 ,0343]SBE41 dump : 1486 stored samples in hexa format
1590321085:[SBE41 ,0338]Dump finished
1590321086:[SBE41 ,0318]13374 bytes in 0051/5ECA5952.S41
1590321087:[MRMAID,0188]acq already stopped
1590321147:[MSSION,0192]mission stopped, 3 stage(s) done
1590321147:[MAIN  ,0065]surfacing
1590321149:[PRESS ,0038]P   +112mbar,T+16912mdegC
1590321149:[SURFIN,0036]P   +112mbar
1590321152:[SURFIN,0020]filling external bladder
1590321160:[PUMP  ,0207]battery 15022mV,   38308uA (warmup), P    +92mbar
1590321161:[PUMP  ,0016]pump during 300000ms
1590321246:[PUMP  ,0212]battery 14223mV, 1356152uA (steady state), P    +92mbar
1590321248:[SURFIN,0019]external bladder full
1590321250:[PRESS ,0038]P   +190mbar,T+17219mdegC
1590321311:[MAIN  ,0272]Vbat 14834mV (min 14486mV)
1590321313:[MAIN  ,0024]internal pressure 79089Pa
1590321313:[MAIN  ,0043]Pext 192mbar (rng 20mbar)
1590321313:[MAIN  ,0064]surface
1590321324:[SURF  ,0022]GPS fix...
1590321331:<WARN>[GPSFIX,0123]GPRMC ms=990 #1
1590321375:[SURF  ,0015]10 PPS detected...
1590321376:[MRMAID,0052]Mermaid $GPSACK:+0,+0,+0,+0,+0,+0,-762;
1590321386:[MRMAID,0052]Mermaid $GPSOFF:3686321;
1590321386:[GPSFIX,0179]-1s diff
1590321387:[SURF  ,0222]2020-05-24T11:56:27
1590321387:[SURF  ,0082]Latitude : N43deg40.941mn, Longitude :E007deg19.173mn
1590321387:[SURF  ,0223]fix3D,7satellites
1590321387:[SURF  ,0084]GPS fix GPGSA : hdop1.260,vdop2.340
1590321397:[SURF  ,0274]last almanac : 185786
1590321410:[MRMAID,0026]1563 bytes in 0051/5ECA60FA.MER
1590321416:[MAIN  ,0320]New pressure offset: 192mbar
1590321416:[LOGBIN,0078]*** switching to 0051/5ECA6108 ***
