1590243995:[MAIN  ,0007]buoy 452.020-P-0051
1590243995:[MAIN  ,0055]soft pilotage 452.012.300_V2.18-20200518
1590243995:[MAIN  ,0010]cycle 13
1590243995:[SURF  ,0225]surface2
1590244013:[SURF  ,0022]GPS fix...
1590244033:[SURF  ,0015]10 PPS detected...
1590244034:[MRMAID,0052]Mermaid $GPSACK:+0,+0,+0,+0,+0,+0,+0;
1590244044:[MRMAID,0052]Mermaid $GPSOFF:3686321;
1590244044:[GPSFIX,0179]-1s diff
1590244045:[SURF  ,0222]2020-05-23T14:27:25
1590244045:[SURF  ,0082]Latitude : N43deg40.942mn, Longitude :E007deg19.174mn
1590244045:[SURF  ,0223]fix3D,7satellites
1590244045:[SURF  ,0084]GPS fix GPGSA : hdop0.850,vdop1.410
1590244055:[SURF  ,0025]Iridium...
1590244064:[SBE41 ,0339]newoffset=-0.26db received after -57s
1590244099:[SURF  ,0009]connected in 44s, signal quality 4
1590244173:[SURF  ,0218]prompt received, remote cmd end
1590244173:[SURF  ,0012]17 cmd(s) received
1590244194:[UPLOAD,0248]Upload data files...
1590244284:[UPLOAD,0231]"0051/5EC92C03.S41" uploaded at 138bytes/s
1590244297:[UPLOAD,0231]"0051/5EC9328E.MER" uploaded at 145bytes/s
1590244358:[UPLOAD,0231]"0051/5EC913A8.BIN" uploaded at 129bytes/s
1590244374:[MAIN  ,0013]3 file(s) uploaded
1590244411:[SURF  ,0014]disconnected after 356s
1590244416:[SURFIN,0020]filling external bladder
1590244425:[PUMP  ,0207]battery 14830mV,   30134uA (warmup), P   +190mbar
1590244425:[PUMP  ,0016]pump during 300000ms
1590244436:[PUMP  ,0212]battery 14135mV, 1375062uA (steady state), P   +190mbar
1590244438:[SURFIN,0019]external bladder full
1590244438:[SURF  ,0227]1st complete transfer
1590244452:[SURF  ,0022]GPS fix...
1590244472:[SURF  ,0015]10 PPS detected...
1590244473:[MRMAID,0052]Mermaid $GPSACK:+0,+0,+0,+0,+0,+1,-999938;
1590244483:[MRMAID,0052]Mermaid $GPSOFF:3686320;
1590244484:[GPSFIX,0179]-1s diff
1590244485:[SURF  ,0222]2020-05-23T14:34:45
1590244485:[SURF  ,0082]Latitude : N43deg40.941mn, Longitude :E007deg19.173mn
1590244485:[SURF  ,0223]fix3D,9satellites
1590244485:[SURF  ,0084]GPS fix GPGSA : hdop0.690,vdop1.070
1590244502:[MAIN  ,0024]internal pressure 79353Pa
1590244503:[BYCMD ,0107]    FreeRTOS V8.2.3
1590244503:[BYCMD ,0108]    FatFS v11a
1590244503:[BYCMD ,0120]    bypass 10000ms 60000ms (20000ms 60000ms stored)
1590244503:[BYCMD ,0121]    valve 60000ms 12750 (60000ms 12750 stored)
1590244503:[BYCMD ,0122]    pump 60000ms 30% 10750 80% (60000ms 30% 10750 80% stored)
1590244503:[BYCMD ,0123]    rate 2mbar/s (2mbar/s stored)
1590244503:[BYCMD ,0124]    surface 500mbar (500mbar stored)
1590244503:[BYCMD ,0125]    near 500mbar 3mbar/s (15000mbar 3mbar/s stored)
1590244503:[BYCMD ,0126]    far 1500mbar 4mbar/s (25000mbar 4mbar/s stored)
1590244503:[BYCMD ,0127]    ascent 8mbar/s (8mbar/s stored)
1590244503:[BYCMD ,0128]    dead 60s (300s stored)
1590244503:[BYCMD ,0129]    coeff 16/10 (16/10 stored)
1590244503:[BYCMD ,0130]    stab 10 (10 stored)
1590244503:[BYCMD ,0131]    delay 900s 3600s (900s 3600s stored)
1590244503:[BYCMD ,0132]    mmtime 2880min (2880min stored)
1590244503:[BYCMD ,0133]    dv_landing 100ml (100ml stored)
1590244503:[MKDCMD,0150]    p2t37: 15x2000ms, offset 195mbar
1590244503:[P2TCMD,0151]    p2t37: dp 50mbar, dt 1000000mdegC
1590244504:[STAGE ,0080]Stage [0] 5000mbar (+/-500mbar) 1800s (<1800s) 
1590244504:[STAGE ,0080]Stage [1] 5000mbar (+/-500mbar) 3600s (<5400s) MERMAID
1590244504:[STAGE ,0091]Stage [2] surfacing 3600s (<9000s) SBE41
1590244504:[SBE41 ,0282]SBE41 parameters : 
      dsreplyformat=1 (webb(0)/standard(1))
      addtimingdelays=0 (n(0)/y(1))
      outputdensity=0 (n(0)/y(1))
      echocmd=0 (n(0)/y(1))
      outputrt=0 (n(0)/y(1))
      outputpts=0 (n(0)/y(1))
      outputsn=0 (n(0)/y(1))
      outputpressure=1 (n(0)/y(1))
      pcutoff=2dbar
      tswait=0s
      pumpfastpt=1 (n(0)/y(1))
      samplerate=1 ('fast':1Hz(1)/'slow':0.5Hz(0))
      top_bin_interval=10dbar
      top_bin_size=10dbar
      top_bin_max=100dbar
      middle_bin_interval=50dbar
      middle_bin_size=50dbar
      middle_bin_max=1000dbar
      bottom_bin_interval=100dbar
      bottom_bin_size=100dbar
      includetransitionbin=0
      includenbin=0 (n(0)/y(1))
      autobinavg=0 (n(0)/y(1))
1590244504:[SBE41 ,0283]SBE41 pilot policy : 
      continiousprofile=0 (n(0)/y(1)
      speeddetection=1 (n(0)/y(1)
      hexoutput=1 (n(0)/y(1)
      binaverageoutput=0 (n(0)/y(1)
      manualprofilerate=10s
      runningpumpbeforeprofile=0s
      speedstart=2mbar/s
      speedcontrol=5mbar/s
1590244504:[MAIN  ,0070]turn off bluetooth
1590244506:[PRESS ,0038]P    -15mbar,T+19591mdegC
1590244531:[DIVING,0141]diving from -5mbar, +0mbar/s
1590244531:[BYPASS,0035]bypass opening 60000ms
1590244536:[BYPASS,0104]battery 14500mV,  310368uA (bypass opening), P     -5mbar
1590244601:[BYPASS,0106]battery 14436mV,  400160uA (bypass closing), P     -5mbar
1590244633:[PRESS ,0038]P    +45mbar,T+20018mdegC
1590244650:[PRESS ,0038]P   +115mbar,T+20059mdegC
1590244675:[PRESS ,0038]P   +175mbar,T+20093mdegC
1590244694:[PRESS ,0038]P   +235mbar,T+20126mdegC
1590244716:[PRESS ,0038]P   +295mbar,T+20174mdegC
1590244730:[PRESS ,0038]P   +355mbar,T+20193mdegC
1590244744:[PRESS ,0038]P   +415mbar,T+20200mdegC
1590244755:[PRESS ,0038]P   +475mbar,T+20210mdegC
1590244763:[DIVING,0028]505mbar reached (+5mbar/s), 1 bypass done
1590244763:[MAIN  ,0056]stage[0]
1590244765:[MAIN  ,0024]internal pressure 80043Pa
1590244766:[BUOY  ,0037]P   +515mbar
1590244766:[STAGE ,0080]Stage [0] 5000mbar (+/-500mbar) 1800s (<1590246563s) 
1590244768:[PRESS ,0038]P   +535mbar,T+20223mdegC
1590244829:[PRESS ,0038]P   +725mbar,T+20247mdegC
1590244853:[BUOY  ,0087]from +2mbar/s to +4mbar/s
1590244854:[BUOY  ,0090]need to transfer -20mL (valve during 9444ms)
1590244854:[VALVE ,0034]valve opening 9444ms
1590244863:[VALVE ,0234]battery 14200mV,  626592uA, P   +775mbar
1590244914:[PRESS ,0038]P   +935mbar,T+20270mdegC
1590244939:[BUOY  ,0087]from +2mbar/s to +4mbar/s
1590244939:[BUOY  ,0090]need to transfer -20mL (valve during 8226ms)
1590244939:[VALVE ,0034]valve opening 8226ms
1590244947:[VALVE ,0234]battery 14280mV,  623786uA, P   +975mbar
1590245000:[PRESS ,0038]P  +1165mbar,T+20237mdegC
1590245012:[PRESS ,0038]P  +1225mbar,T+20226mdegC
1590245025:[PRESS ,0038]P  +1285mbar,T+20212mdegC
1590245085:[PRESS ,0038]P  +1545mbar,T+20101mdegC
1590245098:[PRESS ,0038]P  +1605mbar,T+20075mdegC
1590245110:[PRESS ,0038]P  +1665mbar,T+20050mdegC
1590245171:[PRESS ,0038]P  +1895mbar,T+19919mdegC
1590245190:[PRESS ,0038]P  +1955mbar,T+19874mdegC
1590245256:[PRESS ,0038]P  +2195mbar,T+19712mdegC
1590245272:[PRESS ,0038]P  +2255mbar,T+19671mdegC
1590245342:[PRESS ,0038]P  +2455mbar,T+19498mdegC
1590245361:[PRESS ,0038]P  +2515mbar,T+19450mdegC
1590245427:[PRESS ,0038]P  +2735mbar,T+19289mdegC
1590245447:[PRESS ,0038]P  +2795mbar,T+19241mdegC
1590245513:[PRESS ,0038]P  +3045mbar,T+19081mdegC
1590245530:[PRESS ,0038]P  +3115mbar,T+19039mdegC
1590245598:[PRESS ,0038]P  +3345mbar,T+18874mdegC
1590245612:[PRESS ,0038]P  +3405mbar,T+18840mdegC
1590245684:[PRESS ,0038]P  +3565mbar,T+18668mdegC
1590245708:[BUOY  ,0087]from +1mbar/s to +3mbar/s
1590245708:[BUOY  ,0090]need to transfer -12mL (valve during 2593ms)
1590245708:[VALVE ,0034]valve opening 2593ms
1590245711:[VALVE ,0234]battery 14177mV,  629032uA, P  +3595mbar
1590245769:[PRESS ,0038]P  +3705mbar,T+18454mdegC
1590245794:<WARN>[BUOY  ,0094]stage[0] should DESCENT, stuck at 3715mbar for the #1 time
1590245794:[BUOY  ,0087]from +0mbar/s to +3mbar/s
1590245794:[BUOY  ,0090]need to transfer -14mL (valve during 2975ms)
1590245794:[VALVE ,0034]valve opening 2975ms
1590245797:[VALVE ,0234]battery 14338mV,  631594uA, P  +3715mbar
1590245865:[PRESS ,0038]P  +3765mbar,T+18201mdegC
1590245940:[PRESS ,0038]P  +3895mbar,T+18001mdegC
1590245965:[BUOY  ,0087]from +1mbar/s to +3mbar/s
1590245965:[BUOY  ,0090]need to transfer -12mL (valve during 2468ms)
1590245965:[VALVE ,0034]valve opening 2468ms
1590245968:[VALVE ,0234]battery 14333mV,  634278uA, P  +3925mbar
1590246026:[PRESS ,0038]P  +4065mbar,T+17773mdegC
1590246111:[PRESS ,0038]P  +4225mbar,T+17554mdegC
1590246133:[PRESS ,0038]P  +4285mbar,T+17499mdegC
1590246197:[PRESS ,0038]P  +4455mbar,T+17334mdegC
1590246216:[PRESS ,0038]P  +4515mbar,T+17283mdegC
1590246222:[STAGE ,0213]4525mbar reached at 1590246222s, ref 5000mbar +/-500mbar
1590246222:[BUOY  ,0087]from +3mbar/s to +0mbar/s
1590246222:[BUOY  ,0089]need to transfer +14mL (pump during 17068ms)
1590246230:[PUMP  ,0207]battery 15161mV,   37820uA (warmup), P  +4525mbar
1590246230:[PUMP  ,0016]pump during 17068ms
1590246247:[PUMP  ,0212]battery 14581mV,  462258uA (steady state), P  +4525mbar
1590246286:[PRESS ,0038]P  +4755mbar,T+17134mdegC
1590246302:[PRESS ,0038]P  +4815mbar,T+17100mdegC
1590246310:[BUOY  ,0087]from +4mbar/s to +0mbar/s
1590246310:[BUOY  ,0089]need to transfer +26mL (pump during 31678ms)
1590246319:[PUMP  ,0207]battery 15161mV,   35502uA (warmup), P  +4845mbar
1590246319:[PUMP  ,0016]pump during 31678ms
1590246350:[PUMP  ,0212]battery 14608mV,  476288uA (steady state), P  +4845mbar
1590246374:[PRESS ,0038]P  +5075mbar,T+16966mdegC
1590246390:[PRESS ,0038]P  +5135mbar,T+16939mdegC
1590246399:[BUOY  ,0087]from +4mbar/s to +0mbar/s
1590246399:[BUOY  ,0089]need to transfer +26mL (pump during 31678ms)
1590246407:[PUMP  ,0207]battery 15126mV,   33428uA (warmup), P  +5155mbar
1590246407:[PUMP  ,0016]pump during 31678ms
1590246438:[PUMP  ,0212]battery 14602mV,  488366uA (steady state), P  +5155mbar
1590246463:[PRESS ,0038]P  +5365mbar,T+16816mdegC
1590246488:[BUOY  ,0087]from +2mbar/s to +0mbar/s
1590246488:[BUOY  ,0089]need to transfer +6mL (pump during 7310ms)
1590246496:[PUMP  ,0207]battery 15086mV,   32818uA (warmup), P  +5405mbar
1590246496:[PUMP  ,0016]pump during 7310ms
1590246503:[PUMP  ,0212]battery 14593mV,  483486uA (steady state), P  +5405mbar
1590246552:[PRESS ,0038]P  +5455mbar,T+16658mdegC
1590246577:[MAIN  ,0140]stage[0] complete 1814s after mission start
1590246577:[MAIN  ,0056]stage[1]
1590246579:[MAIN  ,0024]internal pressure 79732Pa
1590246580:[MRMAID,0002]acq started
1590246590:[BUOY  ,0037]P  +5425mbar
1590246590:[STAGE ,0080]Stage [1] 5000mbar (+/-500mbar) 3600s (<1590250163s) MERMAID
1590246592:[STAGE ,0213]5435mbar reached at 1590246592s, ref 5000mbar +/-500mbar
1590246653:[PRESS ,0038]P  +5355mbar,T+16461mdegC
1590246714:[PRESS ,0038]P  +5285mbar,T+16354mdegC
1590246774:[PRESS ,0038]P  +5195mbar,T+16257mdegC
1590246835:[PRESS ,0038]P  +5115mbar,T+16172mdegC
1590246956:[PRESS ,0038]P  +4995mbar,T+16027mdegC
1590246956:[BUOY  ,0087]from -1mbar/s to +0mbar/s
1590246956:[BUOY  ,0090]need to transfer -2mL (valve during 364ms)
1590246956:[MRMAID,0003]acq stopped
1590246957:[VALVE ,0034]valve opening 364ms
1590246969:[MRMAID,0002]acq started
1590247123:[BUOY  ,0087]from +1mbar/s to +0mbar/s
1590247123:[BUOY  ,0089]need to transfer +2mL (pump during 2439ms)
1590247123:[MRMAID,0003]acq stopped
1590247132:[PUMP  ,0207]battery 15147mV,   37454uA (warmup), P  +5045mbar
1590247132:[PUMP  ,0016]pump during 2439ms
1590247137:[MRMAID,0002]acq started
1590247197:[PRESS ,0038]P  +5085mbar,T+15824mdegC
1590247222:[BUOY  ,0087]from +1mbar/s to +0mbar/s
1590247222:[BUOY  ,0089]need to transfer +2mL (pump during 2439ms)
1590247222:[MRMAID,0003]acq stopped
1590247230:[PUMP  ,0207]battery 15155mV,   37088uA (warmup), P  +5115mbar
1590247230:[PUMP  ,0016]pump during 2439ms
1590247236:[MRMAID,0002]acq started
1590247295:[PRESS ,0038]P  +5145mbar,T+15763mdegC
1590247320:[BUOY  ,0087]from +1mbar/s to +0mbar/s
1590247320:[BUOY  ,0089]need to transfer +2mL (pump during 2439ms)
1590247320:[MRMAID,0003]acq stopped
1590247329:[PUMP  ,0207]battery 15160mV,   37088uA (warmup), P  +5165mbar
1590247329:[PUMP  ,0016]pump during 2439ms
1590247335:[MRMAID,0002]acq started
1590247419:[BUOY  ,0087]from +1mbar/s to +0mbar/s
1590247419:[BUOY  ,0089]need to transfer +2mL (pump during 2439ms)
1590247419:[MRMAID,0003]acq stopped
1590247428:[PUMP  ,0207]battery 15163mV,   37088uA (warmup), P  +5185mbar
1590247428:[PUMP  ,0016]pump during 2439ms
1590247433:[MRMAID,0002]acq started
1590247760:[PRESS ,0038]P  +5205mbar,T+15520mdegC
1590247881:[PRESS ,0038]P  +5265mbar,T+15474mdegC
1590248367:[PRESS ,0038]P  +5385mbar,T+15324mdegC
1590248427:[PRESS ,0038]P  +5475mbar,T+15309mdegC
1590248488:[PRESS ,0038]P  +5545mbar,T+15296mdegC
1590248488:<WARN>[BUOY  ,0094]stage[1] should ASCENT, stuck at 5545mbar for the #1 time
1590248488:[BUOY  ,0087]from +0mbar/s to -3mbar/s
1590248488:[BUOY  ,0089]need to transfer +14mL (pump during 16979ms)
1590248488:[MRMAID,0003]acq stopped
1590248488:[MRMAID,0183]dropping spurious '0x34'
1590248488:[MRMAID,0183]dropping spurious '0x30'
1590248488:[MRMAID,0183]dropping spurious '0x31'
1590248488:[MRMAID,0183]dropping spurious '0x30'
1590248488:[MRMAID,0183]dropping spurious '0x39'
1590248488:[MRMAID,0183]dropping spurious '0x2C'
1590248488:[MRMAID,0183]dropping spurious '0x31'
1590248488:[MRMAID,0183]dropping spurious '0x30'
1590248489:[MRMAID,0183]dropping spurious '0x30'
1590248489:[MRMAID,0183]dropping spurious '0x32'
1590248489:[MRMAID,0183]dropping spurious '0x2E'
1590248489:[MRMAID,0183]dropping spurious '0x33'
1590248489:[MRMAID,0183]dropping spurious '0x37'
1590248489:[MRMAID,0183]dropping spurious '0x33'
1590248489:[MRMAID,0183]dropping spurious '0x39'
1590248489:[MRMAID,0183]dropping spurious '0x36'
1590248489:[MRMAID,0183]dropping spurious '0x32'
1590248489:[MRMAID,0183]dropping spurious '0x2C'
1590248489:[MRMAID,0183]dropping spurious '0x34'
1590248489:[MRMAID,0183]dropping spurious '0x30'
1590248489:[MRMAID,0183]dropping spurious '0x2E'
1590248489:[MRMAID,0183]dropping spurious '0x30'
1590248489:[MRMAID,0183]dropping spurious '0x31'
1590248489:[MRMAID,0183]dropping spurious '0x34'
1590248489:[MRMAID,0183]dropping spurious '0x30'
1590248489:[MRMAID,0183]dropping spurious '0x30'
1590248489:[MRMAID,0183]dropping spurious '0x38'
1590248489:[MRMAID,0183]dropping spurious '0x3B'
1590248489:[MRMAID,0185]28 spurious byte(s) received
1590248497:[PUMP  ,0207]battery 15186mV,   39772uA (warmup), P  +5545mbar
1590248497:[PUMP  ,0016]pump during 16979ms
1590248513:[PUMP  ,0212]battery 14512mV,  473726uA (steady state), P  +5545mbar
1590248517:[MRMAID,0002]acq started
1590248587:[PRESS ,0038]P  +5485mbar,T+15296mdegC
1590248647:[PRESS ,0038]P  +5385mbar,T+15288mdegC
1590248708:[PRESS ,0038]P  +5315mbar,T+15277mdegC
1590248769:[PRESS ,0038]P  +5225mbar,T+15264mdegC
1590248830:[PRESS ,0038]P  +5135mbar,T+15253mdegC
1590248951:[PRESS ,0038]P  +5005mbar,T+15233mdegC
1590249012:[PRESS ,0038]P  +4945mbar,T+15225mdegC
1590249012:[BUOY  ,0087]from -1mbar/s to +0mbar/s
1590249012:[BUOY  ,0090]need to transfer -2mL (valve during 364ms)
1590249012:[MRMAID,0003]acq stopped
1590249012:[VALVE ,0034]valve opening 364ms
1590249024:[MRMAID,0002]acq started
1590249239:[BUOY  ,0087]from -1mbar/s to +0mbar/s
1590249239:[BUOY  ,0090]need to transfer -2mL (valve during 370ms)
1590249239:[MRMAID,0003]acq stopped
1590249239:[VALVE ,0034]valve opening 370ms
1590249251:[MRMAID,0002]acq started
1590249327:[PRESS ,0038]P  +4885mbar,T+15216mdegC
1590249527:[PRESS ,0038]P  +4955mbar,T+15221mdegC
1590249769:[PRESS ,0038]P  +4895mbar,T+15236mdegC
1590249891:[PRESS ,0038]P  +4815mbar,T+15243mdegC
1590249951:[PRESS ,0038]P  +4735mbar,T+15247mdegC
1590250073:[PRESS ,0038]P  +4655mbar,T+15254mdegC
1590250194:[MAIN  ,0140]stage[1] complete 5431s after mission start
1590250194:[MRMAID,0003]acq stopped
1590250194:[MRMAID,0183]dropping spurious '0x33'
1590250194:[MRMAID,0183]dropping spurious '0x35'
1590250194:[MRMAID,0183]dropping spurious '0x36'
1590250194:[MRMAID,0183]dropping spurious '0x31'
1590250194:[MRMAID,0183]dropping spurious '0x38'
1590250194:[MRMAID,0183]dropping spurious '0x2C'
1590250194:[MRMAID,0183]dropping spurious '0x38'
1590250194:[MRMAID,0183]dropping spurious '0x39'
1590250194:[MRMAID,0183]dropping spurious '0x30'
1590250194:[MRMAID,0183]dropping spurious '0x2E'
1590250195:[MRMAID,0183]dropping spurious '0x31'
1590250195:[MRMAID,0183]dropping spurious '0x33'
1590250195:[MRMAID,0183]dropping spurious '0x38'
1590250195:[MRMAID,0183]dropping spurious '0x31'
1590250195:[MRMAID,0183]dropping spurious '0x35'
1590250195:[MRMAID,0183]dropping spurious '0x33'
1590250195:[MRMAID,0183]dropping spurious '0x2C'
1590250195:[MRMAID,0183]dropping spurious '0x34'
1590250195:[MRMAID,0183]dropping spurious '0x30'
1590250195:[MRMAID,0183]dropping spurious '0x2E'
1590250195:[MRMAID,0183]dropping spurious '0x30'
1590250195:[MRMAID,0183]dropping spurious '0x31'
1590250195:[MRMAID,0183]dropping spurious '0x34'
1590250195:[MRMAID,0183]dropping spurious '0x30'
1590250195:[MRMAID,0183]dropping spurious '0x31'
1590250195:[MRMAID,0183]dropping spurious '0x33'
1590250195:[MRMAID,0183]dropping spurious '0x3B'
1590250195:[MRMAID,0185]27 spurious byte(s) received
1590250254:[MAIN  ,0056]stage[2]
1590250257:[MAIN  ,0024]internal pressure 79389Pa
1590250257:[PRESS ,0038]P  +4575mbar,T+15264mdegC
1590250257:[BUOY  ,0037]P  +4575mbar
1590250258:[STAGE ,0091]Stage [2] surfacing 3600s (<1590253763s) SBE41
1590250259:[BUOY  ,0087]from -1mbar/s to -5mbar/s
1590250259:[BUOY  ,0089]need to transfer +38mL (pump during 46005ms)
1590250268:[PUMP  ,0207]battery 15191mV,   40626uA (warmup), P  +4575mbar
1590250268:[PUMP  ,0016]pump during 46005ms
1590250314:[PUMP  ,0212]battery 14591mV,  486414uA (steady state), P  +4575mbar
1590250323:[PRESS ,0038]P  +4485mbar,T+15285mdegC
1590250343:[PRESS ,0038]P  +4425mbar,T+15296mdegC
1590250349:[SBE41 ,0337]Speed start detected
1590250409:[PRESS ,0038]P  +4245mbar,T+15313mdegC
1590250428:[PRESS ,0038]P  +4185mbar,T+15315mdegC
1590250434:[BUOY  ,0087]from -3mbar/s to -5mbar/s
1590250434:[BUOY  ,0089]need to transfer +26mL (pump during 31458ms)
1590250442:[PUMP  ,0207]battery 15075mV,   59414uA (warmup), P  +4175mbar
1590250442:[PUMP  ,0016]pump during 31458ms
1590250473:[PUMP  ,0212]battery 14623mV,  496906uA (steady state), P  +4175mbar
1590250498:[PRESS ,0038]P  +3955mbar,T+15337mdegC
1590250512:[PRESS ,0038]P  +3895mbar,T+15344mdegC
1590250583:[PRESS ,0038]P  +3585mbar,T+15365mdegC
1590250594:[PRESS ,0038]P  +3515mbar,T+15370mdegC
1590250606:[PRESS ,0038]P  +3455mbar,T+15372mdegC
1590250669:[PRESS ,0038]P  +3175mbar,T+15393mdegC
1590250684:[PRESS ,0038]P  +3115mbar,T+15400mdegC
1590250693:[BUOY  ,0087]from -3mbar/s to -5mbar/s
1590250693:[BUOY  ,0089]need to transfer +26mL (pump during 31908ms)
1590250702:[PUMP  ,0207]battery 15046mV,   57584uA (warmup), P  +3095mbar
1590250702:[PUMP  ,0016]pump during 31908ms
1590250733:[PUMP  ,0212]battery 14587mV,  485438uA (steady state), P  +3095mbar
1590250757:[PRESS ,0038]P  +2895mbar,T+15447mdegC
1590250770:[PRESS ,0038]P  +2835mbar,T+15458mdegC
1590250843:[PRESS ,0038]P  +2535mbar,T+15517mdegC
1590250868:[PRESS ,0038]P  +2475mbar,T+15541mdegC
1590250868:[BUOY  ,0087]from -2mbar/s to -5mbar/s
1590250868:[BUOY  ,0089]need to transfer +34mL (pump during 41725ms)
1590250876:[PUMP  ,0207]battery 15023mV,   58072uA (warmup), P  +2475mbar
1590250876:[PUMP  ,0016]pump during 41725ms
1590250917:[PUMP  ,0212]battery 14550mV,  488732uA (steady state), P  +2475mbar
1590250932:[PRESS ,0038]P  +2295mbar,T+15625mdegC
1590250953:[PRESS ,0038]P  +2235mbar,T+15660mdegC
1590250956:[BUOY  ,0087]from -3mbar/s to -5mbar/s
1590250957:[BUOY  ,0089]need to transfer +26mL (pump during 31908ms)
1590250965:[PUMP  ,0207]battery 15003mV,   52094uA (warmup), P  +2225mbar
1590250965:[PUMP  ,0016]pump during 31908ms
1590250996:[PUMP  ,0212]battery 14577mV,  497394uA (steady state), P  +2225mbar
1590251020:[PRESS ,0038]P  +2095mbar,T+15783mdegC
1590251035:[PRESS ,0038]P  +2035mbar,T+15811mdegC
1590251106:[PRESS ,0038]P  +1825mbar,T+15960mdegC
1590251125:[PRESS ,0038]P  +1765mbar,T+16005mdegC
1590251191:[PRESS ,0038]P  +1565mbar,T+16167mdegC
1590251207:[PRESS ,0038]P  +1495mbar,T+16208mdegC
1590251277:[PRESS ,0038]P  +1115mbar,T+16388mdegC
1590251289:[PRESS ,0038]P  +1055mbar,T+16418mdegC
1590251362:[PRESS ,0038]P   +725mbar,T+16589mdegC
1590251382:[PRESS ,0038]P   +665mbar,T+16633mdegC
1590251387:[BUOY  ,0087]from -3mbar/s to -5mbar/s
1590251387:[BUOY  ,0089]need to transfer +26mL (pump during 32170ms)
1590251395:[PUMP  ,0207]battery 14998mV,   57706uA (warmup), P   +655mbar
1590251395:[PUMP  ,0016]pump during 32170ms
1590251427:[PUMP  ,0212]battery 14516mV,  473726uA (steady state), P   +655mbar
1590251451:[PRESS ,0038]P   +435mbar,T+16768mdegC
1590251471:[PRESS ,0038]P   +375mbar,T+16811mdegC
1590251476:[STAGE ,0214]365mbar (500) reached at 1590251476s, ascending from 4575mbar
1590251476:[STAGE ,0342]The float reached the surface : OK
1590251476:[MAIN  ,0140]stage[2] complete 6713s after mission start
1590251483:[SBE41 ,0343]SBE41 dump : 1123 stored samples in hexa format
1590251524:[SBE41 ,0338]Dump finished
1590251524:[SBE41 ,0318]10107 bytes in 0051/5EC94B11.S41
1590251525:[MRMAID,0188]acq already stopped
1590251585:[MSSION,0192]mission stopped, 3 stage(s) done
1590251585:[MAIN  ,0065]surfacing
1590251587:[PRESS ,0038]P    -75mbar,T+17155mdegC
1590251587:[SURFIN,0036]P    -75mbar
1590251590:[SURFIN,0020]filling external bladder
1590251599:[PUMP  ,0207]battery 15047mV,   39650uA (warmup), P    -65mbar
1590251599:[PUMP  ,0016]pump during 300000ms
1590251655:[PUMP  ,0212]battery 14280mV, 1384456uA (steady state), P    -65mbar
1590251657:[SURFIN,0019]external bladder full
1590251658:[PRESS ,0038]P   +160mbar,T+17423mdegC
1590251719:[MAIN  ,0272]Vbat 14943mV (min 14486mV)
1590251721:[MAIN  ,0024]internal pressure 79423Pa
1590251721:[MAIN  ,0043]Pext 161mbar (rng 20mbar)
1590251721:[MAIN  ,0064]surface
1590251740:[SURF  ,0022]GPS fix...
1590251767:[SURF  ,0015]10 PPS detected...
1590251768:[MRMAID,0052]Mermaid $GPSACK:+0,+0,+0,+0,+0,+0,-823;
1590251772:[MRMAID,0052]Mermaid $GPSOFF:-1;
1590251773:[GPSFIX,0179]-1s diff
1590251774:[SURF  ,0222]2020-05-23T16:36:14
1590251774:[SURF  ,0082]Latitude : N43deg40.940mn, Longitude :E007deg19.173mn
1590251774:[SURF  ,0223]fix3D,4satellites
1590251774:[SURF  ,0084]GPS fix GPGSA : hdop3.840,vdop4.820
1590251784:[SURF  ,0274]last almanac : 116173
1590251796:[MRMAID,0026]1444 bytes in 0051/5EC9510D.MER
1590251802:[MAIN  ,0320]New pressure offset: 161mbar
1590251802:[LOGBIN,0078]*** switching to 0051/5EC9511A ***
