1592530717:[MAIN  ,0007]buoy 452.020-P-0051
1592530717:[MAIN  ,0055]soft pilotage 452.012.300_V2.20-20200612
1592530717:[MAIN  ,0010]cycle 23
1592530717:[SURF  ,0225]surface2
1592530731:[SURF  ,0022]GPS fix...
1592530751:[SURF  ,0015]10 PPS detected...
1592530752:[MRMAID,0052]Mermaid $GPSACK:+0,+0,+0,+0,+0,+0,-30;
1592530762:[MRMAID,0052]Mermaid $GPSOFF:3686320;
1592530763:[GPSFIX,0179]-1s diff
1592530764:[SURF  ,0222]2020-06-19T01:39:24
1592530764:[SURF  ,0082]Latitude : N43deg40.939mn, Longitude :E007deg19.174mn
1592530764:[SURF  ,0223]fix3D,8satellites
1592530764:[SURF  ,0084]GPS fix GPGSA : hdop0.780,vdop0.890
1592530774:[SURF  ,0025]Iridium...
1592530779:[SBE41 ,0339]newoffset=0.49db received after -60s
1592530807:[SURF  ,0009]connected in 33s, signal quality 5
1592530865:[SURF  ,0218]prompt received, remote cmd end
1592530865:[SURF  ,0012]16 cmd(s) received
1592530883:[UPLOAD,0248]Upload data files...
1592530924:<ERR>[UPLOAD,0131]opening upload
1592530924:<ERR>[UPLOAD,0132]opening upload "0051"
1592530939:[SURF  ,0014]disconnected after 165s
1592530944:[SURFIN,0020]filling external bladder
1592530952:[PUMP  ,0016]pump during 300000ms
1592530963:[SURFIN,0019]external bladder full
1592530963:[SURF  ,0069]transfer interrupted , retry
1592530976:[SURF  ,0022]GPS fix...
1592530996:[SURF  ,0015]10 PPS detected...
1592530997:[MRMAID,0052]Mermaid $GPSACK:+0,+0,+0,+0,+0,+0,-30;
1592531007:[MRMAID,0052]Mermaid $GPSOFF:3686320;
1592531008:[GPSFIX,0179]-1s diff
1592531009:[SURF  ,0222]2020-06-19T01:43:29
1592531009:[SURF  ,0082]Latitude : N43deg40.940mn, Longitude :E007deg19.175mn
1592531009:[SURF  ,0223]fix3D,8satellites
1592531009:[SURF  ,0084]GPS fix GPGSA : hdop0.770,vdop0.870
1592531019:[SURF  ,0025]Iridium...
1592531093:[SURF  ,0009]connected in 74s, signal quality 5
1592531171:[SURF  ,0218]prompt received, remote cmd end
1592531171:[SURF  ,0012]16 cmd(s) received
1592531193:[UPLOAD,0248]Upload data files...
1592531266:[UPLOAD,0231]"0051/5EEC112F.S41" uploaded at 136bytes/s
1592531280:[UPLOAD,0231]"0051/5EEC1710.MER" uploaded at 143bytes/s
1592531459:[ZIO   ,0239]25 consecutive 'a' received, aborting
1592531480:[SURF  ,0014]disconnected after 461s
1592531485:[SURFIN,0020]filling external bladder
1592531493:[PUMP  ,0016]pump during 300000ms
1592531504:[SURFIN,0019]external bladder full
1592531504:[SURF  ,0069]transfer interrupted , retry
1592531519:[SURF  ,0022]GPS fix...
1592531540:[SURF  ,0015]10 PPS detected...
1592531541:[MRMAID,0052]Mermaid $GPSACK:+0,+0,+0,+0,+0,+0,+0;
1592531551:[MRMAID,0052]Mermaid $GPSOFF:3686320;
1592531552:[GPSFIX,0179]-1s diff
1592531553:[SURF  ,0222]2020-06-19T01:52:33
1592531553:[SURF  ,0082]Latitude : N43deg40.940mn, Longitude :E007deg19.175mn
1592531553:[SURF  ,0223]fix3D,8satellites
1592531553:[SURF  ,0084]GPS fix GPGSA : hdop0.750,vdop0.880
1592531563:[SURF  ,0025]Iridium...
1592531602:[SURF  ,0009]connected in 39s, signal quality 5
1592531691:[SURF  ,0218]prompt received, remote cmd end
1592531691:[SURF  ,0012]130 cmd(s) received
1592531762:[UPLOAD,0248]Upload data files...
1592531927:[UPLOAD,0231]"0051/5EEBEEC1.BIN" uploaded at 137bytes/s
1592531942:[MAIN  ,0013]1 file(s) uploaded
1592531976:[SURF  ,0014]disconnected after 413s
1592531981:[SURFIN,0020]filling external bladder
1592531989:[PUMP  ,0016]pump during 300000ms
1592531999:[SURFIN,0019]external bladder full
1592531999:[SURF  ,0227]1st complete transfer
1592531999:[SURF  ,0226]Go dive (Minimum surface delay expired and no more file to upload)
1592532012:[SURF  ,0022]GPS fix...
1592532033:[SURF  ,0015]10 PPS detected...
1592532034:[MRMAID,0052]Mermaid $GPSACK:+0,+0,+0,+0,+0,+1,-999938;
1592532044:[MRMAID,0052]Mermaid $GPSOFF:3686319;
1592532045:[GPSFIX,0179]-1s diff
1592532046:[SURF  ,0222]2020-06-19T02:00:46
1592532046:[SURF  ,0082]Latitude : N43deg40.941mn, Longitude :E007deg19.175mn
1592532046:[SURF  ,0223]fix3D,9satellites
1592532046:[SURF  ,0084]GPS fix GPGSA : hdop0.730,vdop0.880
1592532063:[MAIN  ,0024]internal pressure 79633Pa
1592532064:<WARN>[MAIN  ,0041]mission empty
1592532064:[MAIN  ,0065]surfacing
1592532090:[SURFIN,0036]P     -9mbar
1592532094:[SURFIN,0020]filling external bladder
1592532102:[PUMP  ,0016]pump during 300000ms
1592532112:[SURFIN,0019]external bladder full
1592532174:[MAIN  ,0272]Vbat 15018mV (min 14465mV)
1592532176:[MAIN  ,0024]internal pressure 79595Pa
1592532176:[MAIN  ,0043]Pext 151mbar (rng 20mbar)
1592532176:[MAIN  ,0064]surface
1592532194:[SURF  ,0022]GPS fix...
1592532214:[SURF  ,0015]10 PPS detected...
1592532215:[MRMAID,0052]Mermaid $GPSACK:+0,+0,+0,+0,+0,+0,-30;
1592532225:[MRMAID,0052]Mermaid $GPSOFF:3686319;
1592532226:[GPSFIX,0179]-1s diff
1592532227:[SURF  ,0222]2020-06-19T02:03:47
1592532227:[SURF  ,0082]Latitude : N43deg40.940mn, Longitude :E007deg19.175mn
1592532227:[SURF  ,0223]fix3D,9satellites
1592532227:[SURF  ,0084]GPS fix GPGSA : hdop0.730,vdop0.890
1592532237:[SURF  ,0274]last almanac : 2396626
1592532250:[MRMAID,0026]1680 bytes in 0051/5EEC1D12.MER
1592532256:[MAIN  ,0320]New pressure offset: 151mbar
1592532256:[SURF  ,0225]surface2
1592532271:[SURF  ,0022]GPS fix...
1592532291:[SURF  ,0015]10 PPS detected...
1592532292:[MRMAID,0052]Mermaid $GPSACK:+0,+0,+0,+0,+0,+0,+0;
1592532302:[MRMAID,0052]Mermaid $GPSOFF:3686319;
1592532303:[GPSFIX,0179]-1s diff
1592532304:[SURF  ,0222]2020-06-19T02:05:04
1592532304:[SURF  ,0082]Latitude : N43deg40.940mn, Longitude :E007deg19.176mn
1592532304:[SURF  ,0223]fix3D,9satellites
1592532304:[SURF  ,0084]GPS fix GPGSA : hdop0.720,vdop0.900
1592532314:[SURF  ,0025]Iridium...
1592532322:[SBE41 ,0339]newoffset=-0.32db received after -57s
1592532349:[SURF  ,0009]connected in 35s, signal quality 5
1592532422:[SURF  ,0218]prompt received, remote cmd end
1592532422:[SURF  ,0012]16 cmd(s) received
1592532446:[UPLOAD,0248]Upload data files...
1592532464:[UPLOAD,0231]"0051/5EEC1D12.MER" uploaded at 140bytes/s
1592532481:[MAIN  ,0013]1 file(s) uploaded
1592532513:[SURF  ,0014]disconnected after 199s
1592532518:[SURFIN,0020]filling external bladder
1592532526:[PUMP  ,0016]pump during 300000ms
1592532536:[SURFIN,0019]external bladder full
1592532536:[SURF  ,0227]1st complete transfer
1592532904:[SURF  ,0022]GPS fix...
1592532924:[SURF  ,0015]10 PPS detected...
1592532925:[MRMAID,0052]Mermaid $GPSACK:+0,+0,+0,+0,+0,+0,-30;
1592532935:[MRMAID,0052]Mermaid $GPSOFF:3686319;
1592532936:[GPSFIX,0179]-1s diff
1592532937:[SURF  ,0222]2020-06-19T02:15:37
1592532937:[SURF  ,0082]Latitude : N43deg40.941mn, Longitude :E007deg19.176mn
1592532937:[SURF  ,0223]fix3D,8satellites
1592532937:[SURF  ,0084]GPS fix GPGSA : hdop0.730,vdop1.010
1592532947:[SURF  ,0025]Iridium...
1592532987:[SURF  ,0009]connected in 40s, signal quality 4
1592533044:<WARN>[SURF  ,0071]timeout
1592533044:<WARN>[SURF  ,0056]peer mute
1592533049:[SURF  ,0014]disconnected after 102s
1592533055:[SURFIN,0020]filling external bladder
1592533063:[PUMP  ,0016]pump during 300000ms
1592533072:[SURFIN,0019]external bladder full
1592533072:[SURF  ,0227]1st complete transfer
1592533072:[SURF  ,0226]Go dive (Minimum surface delay expired and no more file to upload)
1592533084:[SURF  ,0022]GPS fix...
1592533104:[SURF  ,0015]10 PPS detected...
1592533105:[MRMAID,0052]Mermaid $GPSACK:+0,+0,+0,+0,+0,+0,-30;
1592533115:[MRMAID,0052]Mermaid $GPSOFF:3686319;
1592533116:[GPSFIX,0179]-1s diff
1592533117:[SURF  ,0222]2020-06-19T02:18:37
1592533117:[SURF  ,0082]Latitude : N43deg40.941mn, Longitude :E007deg19.175mn
1592533117:[SURF  ,0223]fix3D,8satellites
1592533117:[SURF  ,0084]GPS fix GPGSA : hdop0.730,vdop1.030
1592533134:[MAIN  ,0024]internal pressure 79644Pa
1592533135:[BYCMD ,0107]    FreeRTOS V8.2.3
1592533135:[BYCMD ,0108]    FatFS v11a
1592533135:[BYCMD ,0120]    bypass 10000ms 110000ms (20000ms 60000ms stored)
1592533135:[BYCMD ,0121]    valve 60000ms 12750 (60000ms 12750 stored)
1592533135:[BYCMD ,0122]    pump 60000ms 30% 10750 80% (60000ms 30% 10750 80% stored)
1592533135:[BYCMD ,0123]    rate 2mbar/s (2mbar/s stored)
1592533135:[BYCMD ,0124]    surface 500mbar (500mbar stored)
1592533135:[BYCMD ,0125]    near 500mbar 3mbar/s (15000mbar 3mbar/s stored)
1592533135:[BYCMD ,0126]    far 1500mbar 4mbar/s (25000mbar 4mbar/s stored)
1592533135:[BYCMD ,0127]    ascent 8mbar/s (8mbar/s stored)
1592533135:[BYCMD ,0128]    dead 300s (300s stored)
1592533135:[BYCMD ,0129]    coeff 16/10 (16/10 stored)
1592533135:[BYCMD ,0130]    stab 10 (10 stored)
1592533135:[BYCMD ,0131]    delay 900s 3600s (900s 3600s stored)
1592533135:[BYCMD ,0132]    mmtime 2880min (2880min stored)
1592533135:[BYCMD ,0133]    dv_landing 100ml (100ml stored)
1592533135:[MKDCMD,0150]    p2t37: 15x2000ms, offset 151mbar
1592533135:[P2TCMD,0151]    p2t37: dp 5000mbar, dt 5000mdegC
1592533136:[STAGE ,0080]Stage [0] 5000mbar (+/-500mbar) 1800s (<1800s) 
1592533136:[STAGE ,0080]Stage [1] 5000mbar (+/-500mbar) 7200s (<7200s) 
1592533136:[STAGE ,0091]Stage [2] surfacing 3600s (<10800s) SBE41
1592533136:[SBE41 ,0282]SBE41 parameters : 
      dsreplyformat=1 (webb(0)/standard(1))
      addtimingdelays=0 (n(0)/y(1))
      outputdensity=0 (n(0)/y(1))
      echocmd=0 (n(0)/y(1))
      outputrt=0 (n(0)/y(1))
      outputpts=0 (n(0)/y(1))
      outputsn=0 (n(0)/y(1))
      outputpressure=1 (n(0)/y(1))
      pcutoff=2dbar
      tswait=0s
      pumpfastpt=1 (n(0)/y(1))
      samplerate=1 ('fast':1Hz(1)/'slow':0.5Hz(0))
      top_bin_interval=10dbar
      top_bin_size=10dbar
      top_bin_max=100dbar
      middle_bin_interval=50dbar
      middle_bin_size=50dbar
      middle_bin_max=1000dbar
      bottom_bin_interval=100dbar
      bottom_bin_size=100dbar
      includetransitionbin=0
      includenbin=0 (n(0)/y(1))
      autobinavg=0 (n(0)/y(1))
1592533136:[SBE41 ,0283]SBE41 pilot policy : 
      continiousprofile=0 (n(0)/y(1)
      speeddetection=1 (n(0)/y(1)
      hexoutput=1 (n(0)/y(1)
      binaverageoutput=0 (n(0)/y(1)
      manualprofilerate=10s
      runningpumpbeforeprofile=10s
      speedstart=2mbar/s
      speedcontrol=7mbar/s
1592533136:[MAIN  ,0070]turn off bluetooth
1592533163:[DIVING,0141]diving from 19mbar, +0mbar/s
1592533163:[BYPASS,0035]bypass opening 110000ms
1592533310:[BYPASS,0035]bypass opening 10000ms
1592533356:[BYPASS,0035]bypass opening 10000ms
1592533403:[BYPASS,0035]bypass opening 10000ms
1592533449:[BYPASS,0035]bypass opening 10000ms
1592533547:[DIVING,0028]519mbar reached (+6mbar/s), 5 bypass done
1592533548:[MAIN  ,0056]stage[0]
1592533550:[MAIN  ,0024]internal pressure 81892Pa
1592533551:[BUOY  ,0037]P   +539mbar
1592533551:[STAGE ,0080]Stage [0] 5000mbar (+/-500mbar) 1800s (<1592535347s) 
1592533877:<WARN>[BUOY  ,0094]stage[0] should DESCENT, stuck at 1179mbar for the #1 time
1592533877:[BUOY  ,0087]from -1mbar/s to +4mbar/s
1592533877:[BUOY  ,0090]need to transfer -28mL (valve during 10500ms)
1592533877:[VALVE ,0034]valve opening 10500ms
1592534202:[BUOY  ,0087]from +1mbar/s to +4mbar/s
1592534202:[BUOY  ,0090]need to transfer -24mL (valve during 8743ms)
1592534202:[VALVE ,0034]valve opening 8743ms
1592534852:<WARN>[BUOY  ,0094]stage[0] should DESCENT, stuck at 1959mbar for the #1 time
1592534852:[BUOY  ,0087]from +0mbar/s to +4mbar/s
1592534852:[BUOY  ,0090]need to transfer -26mL (valve during 7534ms)
1592534852:[VALVE ,0034]valve opening 7534ms
1592535177:<WARN>[BUOY  ,0094]stage[0] should DESCENT, stuck at 2049mbar for the #2 time
1592535177:[BUOY  ,0087]from -1mbar/s to +4mbar/s
1592535177:[BUOY  ,0090]need to transfer -28mL (valve during 7933ms)
1592535177:[VALVE ,0034]valve opening 7933ms
1592535502:[MAIN  ,0140]stage[0] complete 1955s after mission start
1592535502:[MAIN  ,0056]stage[1]
1592535504:[MAIN  ,0024]internal pressure 82062Pa
1592535505:[BUOY  ,0037]P  +2019mbar
1592535505:[STAGE ,0080]Stage [1] 5000mbar (+/-500mbar) 7200s (<1592540747s) 
1592535507:<WARN>[BUOY  ,0094]stage[1] should DESCENT, stuck at 2029mbar for the #1 time
1592535507:[BUOY  ,0087]from -1mbar/s to +4mbar/s
1592535507:[BUOY  ,0090]need to transfer -28mL (valve during 7933ms)
1592535507:[VALVE ,0034]valve opening 7933ms
1592535832:[BUOY  ,0087]from +1mbar/s to +4mbar/s
1592535832:[BUOY  ,0090]need to transfer -24mL (valve during 6652ms)
1592535832:[VALVE ,0034]valve opening 6652ms
1592536157:<WARN>[BUOY  ,0094]stage[1] should DESCENT, stuck at 2179mbar for the #1 time
1592536157:[BUOY  ,0087]from +0mbar/s to +4mbar/s
1592536157:[BUOY  ,0090]need to transfer -26mL (valve during 7207ms)
1592536157:[VALVE ,0034]valve opening 7207ms
1592536807:[STAGE ,0213]4949mbar reached at 1592536807s, ref 5000mbar +/-500mbar
1592536807:[BUOY  ,0087]from +9mbar/s to +0mbar/s
1592536807:[BUOY  ,0089]need to transfer +130mL (pump during 157195ms)
1592536815:[PUMP  ,0016]pump during 60000ms
1592537110:[PRESS ,0038]P  +6989mbar,T+17506mdegC
1592537135:<WARN>[BUOY  ,0094]stage[1] should ASCENT, stuck at 7099mbar for the #1 time
1592537135:[BUOY  ,0087]from +4mbar/s to -4mbar/s
1592537135:[BUOY  ,0089]need to transfer +52mL (pump during 62878ms)
1592537143:[PUMP  ,0016]pump during 60000ms
1592537463:[BUOY  ,0087]from -1mbar/s to -4mbar/s
1592537463:[BUOY  ,0089]need to transfer +24mL (pump during 29292ms)
1592537471:[PUMP  ,0016]pump during 29292ms
1592537791:<WARN>[BUOY  ,0094]stage[1] should ASCENT, stuck at 7249mbar for the #1 time
1592537791:[BUOY  ,0087]from +1mbar/s to -4mbar/s
1592537791:[BUOY  ,0089]need to transfer +28mL (pump during 34174ms)
1592537800:[PUMP  ,0016]pump during 34174ms
1592538119:<WARN>[BUOY  ,0094]stage[1] should ASCENT, stuck at 7209mbar for the #2 time
1592538120:[BUOY  ,0087]from +1mbar/s to -4mbar/s
1592538120:[BUOY  ,0089]need to transfer +28mL (pump during 34160ms)
1592538128:[PUMP  ,0016]pump during 34160ms
1592538448:<WARN>[BUOY  ,0094]stage[1] should ASCENT, stuck at 7069mbar for the #3 time
1592538448:[BUOY  ,0087]from +0mbar/s to -4mbar/s
1592538448:[BUOY  ,0089]need to transfer +26mL (pump during 31720ms)
1592538456:[PUMP  ,0016]pump during 31720ms
1592538776:[BUOY  ,0087]from -1mbar/s to -4mbar/s
1592538776:[BUOY  ,0089]need to transfer +24mL (pump during 29299ms)
1592538784:[PUMP  ,0016]pump during 29299ms
1592539429:[BUOY  ,0087]from -1mbar/s to +0mbar/s
1592539429:[BUOY  ,0090]need to transfer -2mL (valve during 375ms)
1592539429:[VALVE ,0034]valve opening 375ms
1592540054:<WARN>[BUOY  ,0094]stage[1] should DESCENT, stuck at 4099mbar for the #1 time
1592540054:[BUOY  ,0087]from -1mbar/s to +3mbar/s
1592540054:[BUOY  ,0090]need to transfer -16mL (valve during 3188ms)
1592540054:[VALVE ,0034]valve opening 3188ms
1592541004:[MAIN  ,0140]stage[1] complete 7457s after mission start
1592541004:[MAIN  ,0056]stage[2]
1592541006:[MAIN  ,0024]internal pressure 81151Pa
1592541011:[SBE41 ,0282]SBE41 parameters : 
      dsreplyformat=1 (webb(0)/standard(1))
      addtimingdelays=0 (n(0)/y(1))
      outputdensity=0 (n(0)/y(1))
      echocmd=0 (n(0)/y(1))
      outputrt=0 (n(0)/y(1))
      outputpts=0 (n(0)/y(1))
      outputsn=0 (n(0)/y(1))
      outputpressure=1 (n(0)/y(1))
      pcutoff=2dbar
      tswait=0s
      pumpfastpt=1 (n(0)/y(1))
      samplerate=1 ('fast':1Hz(1)/'slow':0.5Hz(0))
      top_bin_interval=10dbar
      top_bin_size=10dbar
      top_bin_max=100dbar
      middle_bin_interval=50dbar
      middle_bin_size=50dbar
      middle_bin_max=1000dbar
      bottom_bin_interval=100dbar
      bottom_bin_size=100dbar
      includetransitionbin=0
      includenbin=0 (n(0)/y(1))
      autobinavg=0 (n(0)/y(1))
1592541013:[BUOY  ,0037]P  +4869mbar
1592541013:[STAGE ,0091]Stage [2] surfacing 3600s (<1592544347s) SBE41
1592541015:<WARN>[BUOY  ,0094]stage[2] should ASCENT, stuck at 4869mbar for the #1 time
1592541015:[BUOY  ,0087]from +0mbar/s to -7mbar/s
1592541015:[BUOY  ,0089]need to transfer +78mL (pump during 94203ms)
1592541023:[PUMP  ,0016]pump during 60000ms
1592541343:[BUOY  ,0087]from -5mbar/s to -7mbar/s
1592541343:[BUOY  ,0089]need to transfer +38mL (pump during 45894ms)
1592541344:[SBE41 ,0337]Speed start detected
1592541351:[PUMP  ,0016]pump during 45894ms
1592541671:[BUOY  ,0087]from -4mbar/s to -7mbar/s
1592541671:[BUOY  ,0089]need to transfer +52mL (pump during 63882ms)
1592541679:[PUMP  ,0016]pump during 60000ms
1592541999:[BUOY  ,0087]from -2mbar/s to -7mbar/s
1592541999:[BUOY  ,0089]need to transfer +72mL (pump during 88452ms)
1592542007:[PUMP  ,0016]pump during 60000ms
1592542302:[PRESS ,0038]P  +1059mbar,T+17425mdegC
1592542327:[BUOY  ,0087]from -2mbar/s to -7mbar/s
1592542327:[BUOY  ,0089]need to transfer +72mL (pump during 88999ms)
1592542335:[PUMP  ,0016]pump during 60000ms
1592542655:[STAGE ,0214]-91mbar (500) reached at 1592542655s, ascending from 4869mbar
1592542655:[STAGE ,0342]The float reached the surface : OK
1592542655:[MAIN  ,0140]stage[2] complete 9108s after mission start
1592542661:[SBE41 ,0343]SBE41 dump : 1189 stored samples in hexa format
1592542705:[SBE41 ,0338]Dump finished
1592542705:[SBE41 ,0318]10701 bytes in 0051/5EEC3F54.S41
1592542705:[MRMAID,0188]acq already stopped
1592542765:[MSSION,0192]mission stopped, 3 stage(s) done
1592542766:[MAIN  ,0065]surfacing
1592542767:[SURFIN,0036]P    -91mbar
1592542771:[SURFIN,0020]filling external bladder
1592542779:[PUMP  ,0016]pump during 300000ms
1592543061:[SURFIN,0019]external bladder full
1592543124:[MAIN  ,0272]Vbat 14770mV (min 14465mV)
1592543126:[MAIN  ,0024]internal pressure 79642Pa
1592543126:[MAIN  ,0043]Pext 159mbar (rng 20mbar)
1592543126:[MAIN  ,0064]surface
1592543138:[SURF  ,0022]GPS fix...
1592543158:[SURF  ,0015]10 PPS detected...
1592543159:[MRMAID,0052]Mermaid $GPSACK:+0,+0,+0,+0,+0,+0,-2136;
1592543169:[MRMAID,0052]Mermaid $GPSOFF:3686320;
1592543169:[GPSFIX,0179]-1s diff
1592543170:[SURF  ,0222]2020-06-19T05:06:10
1592543170:[SURF  ,0082]Latitude : N43deg40.937mn, Longitude :E007deg19.178mn
1592543170:[SURF  ,0223]fix3D,10satellites
1592543170:[SURF  ,0084]GPS fix GPGSA : hdop0.610,vdop0.920
1592543180:[SURF  ,0274]last almanac : 2407569
1592543193:[MRMAID,0026]1558 bytes in 0051/5EEC47D1.MER
1592543198:[MAIN  ,0320]New pressure offset: 159mbar
1592543198:[LOGBIN,0078]*** switching to 0051/5EEC47DE ***
