1593529816:[MONITR,0197]reboot code 0x0000, src/monitor.c@520
1593529816:[MAIN  ,0007]buoy 452.120-R-0058
1593529816:[MAIN  ,0055]soft pilotage 452.012.300_V2.20-20200612
1593529816:[MAIN  ,0011]date 2020-06-30T15:10:16
1593529822:[MAIN  ,0006]battery 15565mV,    2074uA
1593529825:[MAIN  ,0024]internal pressure 81867Pa
1593529826:[PRESS ,0038]P   +120mbar,T +5807mdegC
1593529826:[MRMAID,0182]thread started
1593529828:[MRMAID,0186]no wake-up
1593529828:[MRMAID,0188]acq already stopped
1593529829:[MRMAID,0052]Mermaid $BOARD:452116600-58;
1593529830:[MRMAID,0052]Mermaid $SOFT:2.1344;
1593529830:[TESTMD,0053]Enter in test mode? yes/no
1593529830:[TESTMD,0252]0058>
1593529860:[BYCMD ,0107]    FreeRTOS V8.2.3
1593529860:[BYCMD ,0108]    FatFS v11a
1593529860:[BYCMD ,0117]    valve is running
1593529860:[BYCMD ,0120]    bypass 20000ms 60000ms (20000ms 60000ms stored)
1593529860:[BYCMD ,0121]    valve 60000ms 12750 (60000ms 12750 stored)
1593529860:[BYCMD ,0122]    pump 60000ms 30% 10750 80% (60000ms 30% 10750 80% stored)
1593529860:[BYCMD ,0123]    rate 2mbar/s (2mbar/s stored)
1593529860:[BYCMD ,0124]    surface 500mbar (500mbar stored)
1593529860:[BYCMD ,0125]    near 15000mbar 3mbar/s (15000mbar 3mbar/s stored)
1593529860:[BYCMD ,0126]    far 25000mbar 4mbar/s (25000mbar 4mbar/s stored)
1593529860:[BYCMD ,0127]    ascent 8mbar/s (8mbar/s stored)
1593529860:[BYCMD ,0128]    dead 300s (300s stored)
1593529860:[BYCMD ,0129]    coeff 16/10 (16/10 stored)
1593529860:[BYCMD ,0130]    stab 10 (10 stored)
1593529860:[BYCMD ,0131]    delay 900s 3600s (900s 3600s stored)
1593529861:[BYCMD ,0132]    mmtime 2880min (2880min stored)
1593529861:[BYCMD ,0133]    dv_landing 100ml (100ml stored)
1593529861:[MKDCMD,0150]    p2t37: 15x2000ms, offset 0mbar
1593529861:[P2TCMD,0151]    p2t37: dp 5000mbar, dt 5000mdegC
1593529861:[STACMD,0077]    mission empty
1593529861:[MAIN  ,0065]surfacing
1593529864:[PRESS ,0038]P   +110mbar,T-32714mdegC
1593529866:[PRESS ,0038]P   +110mbar,T +5807mdegC
1593529868:[PRESS ,0038]P   +110mbar,T-21209mdegC
1593529873:[PRESS ,0038]P   +110mbar,T +5807mdegC
1593529875:[PRESS ,0038]P   +110mbar,T-21209mdegC
1593529877:[PRESS ,0038]P   +120mbar,T +5807mdegC
1593529880:[PRESS ,0038]P   +110mbar,T-21209mdegC
1593529882:[PRESS ,0038]P   +120mbar,T +5807mdegC
1593529884:[PRESS ,0038]P   +120mbar,T-21209mdegC
1593529886:[PRESS ,0038]P   +110mbar,T+17310mdegC
1593529886:[SURFIN,0036]P   +110mbar
1593529888:[PRESS ,0038]P   +120mbar,T-21209mdegC
1593529889:[SURFIN,0020]filling external bladder
1593529898:[PUMP  ,0016]pump during 300000ms
1593529908:[SURFIN,0019]external bladder full
1593529909:[PRESS ,0038]P   +110mbar,T +5807mdegC
1593529913:[PRESS ,0038]P   +110mbar,T+17310mdegC
1593529915:[PRESS ,0038]P   +100mbar,T +5807mdegC
1593529917:[PRESS ,0038]P   +120mbar,T-21209mdegC
1593529925:[PRESS ,0038]P   +120mbar,T +5807mdegC
1593529927:[PRESS ,0038]P   +130mbar,T-21209mdegC
1593529929:[PRESS ,0038]P   +120mbar,T +5807mdegC
1593529931:[PRESS ,0038]P   +120mbar,T-21209mdegC
1593529933:[PRESS ,0038]P   +120mbar,T +5807mdegC
1593529934:[PRESS ,0038]P   +120mbar,T-21209mdegC
1593529970:[MAIN  ,0272]Vbat 15522mV (min 15500mV)
1593529973:[MAIN  ,0024]internal pressure 81604Pa
1593529973:[MAIN  ,0043]Pext 120mbar (rng 30mbar)
1593529973:[MAIN  ,0064]surface
1593529973:[CMD   ,0276]0058>
1593529981:[SURF  ,0022]GPS fix...
1593529982:<WARN>[GPSFIX,0123]GPRMC ms=750 #1
1593529990:<WARN>[GPSFIX,0123]GPRMC ms=500 #1
1593530028:[SURF  ,0015]10 PPS detected...
1593530029:[MRMAID,0052]Mermaid $GPSACK:+50,+5,+29,+15,+6,+27,-699768;
1593530039:[MRMAID,0052]Mermaid $GPSOFF:3686317;
1593530040:[GPSFIX,0179]-1s diff
1593530041:[SURF  ,0222]2020-06-30T15:14:01
1593530041:[SURF  ,0082]Latitude : N43deg40.942mn, Longitude :E007deg19.177mn
1593530041:[SURF  ,0223]fix3D,9satellites
1593530041:[SURF  ,0084]GPS fix GPGSA : hdop0.940,vdop1.650
1593530051:[SURF  ,0274]last almanac : 1592874691
1593530962:[MRMAID,0026]1263 bytes in 0058/5EFB5A4C.MER
1593530968:[MAIN  ,0320]New pressure offset: 120mbar
1593530968:[LOGBIN,0078]*** switching to 0058/5EFB5A58 ***
