1593545274:[MAIN  ,0007]buoy 452.120-R-0058
1593545274:[MAIN  ,0055]soft pilotage 452.012.300_V2.20-20200612
1593545274:[MAIN  ,0010]cycle 3
1593545274:[SURF  ,0225]surface2
1593545292:[SURF  ,0022]GPS fix...
1593545312:[SURF  ,0015]10 PPS detected...
1593545313:[MRMAID,0052]Mermaid $GPSACK:+0,+0,+0,+0,+0,+0,+0;
1593545323:[MRMAID,0052]Mermaid $GPSOFF:3686324;
1593545324:[GPSFIX,0179]-1s diff
1593545325:[SURF  ,0222]2020-06-30T19:28:45
1593545325:[SURF  ,0082]Latitude : N43deg40.936mn, Longitude :E007deg19.179mn
1593545325:[SURF  ,0223]fix3D,10satellites
1593545325:[SURF  ,0084]GPS fix GPGSA : hdop0.570,vdop0.930
1593545335:[SURF  ,0025]Iridium...
1593545535:<WARN>[SURF  ,0023]failed to connect #1, code -8, net 1, qual 5, dial 1
1593545611:[SURF  ,0009]connected in 276s, signal quality 5
1593545678:[SURF  ,0218]prompt received, remote cmd end
1593545678:[SURF  ,0012]16 cmd(s) received
1593545699:[UPLOAD,0248]Upload data files...
1593545813:[UPLOAD,0231]"0058/5EFB9204.MER" uploaded at 153bytes/s
1593545936:[UPLOAD,0231]"0058/5EFB7820.BIN" uploaded at 137bytes/s
1593545952:[MAIN  ,0013]2 file(s) uploaded
1593545984:[SURF  ,0014]disconnected after 649s
1593545989:[SURFIN,0020]filling external bladder
1593545998:[PUMP  ,0207]battery 15115mV,   18666uA (warmup), P   +120mbar
1593545998:[PUMP  ,0016]pump during 300000ms
1593546009:[PUMP  ,0212]battery 14668mV,  881450uA (steady state), P   +120mbar
1593546011:[SURFIN,0019]external bladder full
1593546011:[SURF  ,0227]1st complete transfer
1593546030:[SURF  ,0022]GPS fix...
1593546051:[SURF  ,0015]10 PPS detected...
1593546052:[MRMAID,0052]Mermaid $GPSACK:+0,+0,+0,+0,+0,+1,-999877;
1593546062:[MRMAID,0052]Mermaid $GPSOFF:3686323;
1593546064:[GPSFIX,0179]+0s diff
1593546064:[SURF  ,0222]2020-06-30T19:41:04
1593546064:[SURF  ,0082]Latitude : N43deg40.936mn, Longitude :E007deg19.180mn
1593546064:[SURF  ,0223]fix3D,10satellites
1593546064:[SURF  ,0084]GPS fix GPGSA : hdop0.570,vdop0.940
1593546081:[MAIN  ,0024]internal pressure 79151Pa
1593546082:[BYCMD ,0107]    FreeRTOS V8.2.3
1593546082:[BYCMD ,0108]    FatFS v11a
1593546082:[BYCMD ,0120]    bypass 10000ms 60000ms (20000ms 60000ms stored)
1593546082:[BYCMD ,0121]    valve 60000ms 12750 (60000ms 12750 stored)
1593546082:[BYCMD ,0122]    pump 60000ms 30% 10750 80% (60000ms 30% 10750 80% stored)
1593546082:[BYCMD ,0123]    rate 2mbar/s (2mbar/s stored)
1593546082:[BYCMD ,0124]    surface 500mbar (500mbar stored)
1593546082:[BYCMD ,0125]    near 1500mbar 3mbar/s (15000mbar 3mbar/s stored)
1593546082:[BYCMD ,0126]    far 2500mbar 4mbar/s (25000mbar 4mbar/s stored)
1593546082:[BYCMD ,0127]    ascent 8mbar/s (8mbar/s stored)
1593546082:[BYCMD ,0128]    dead 60s (300s stored)
1593546082:[BYCMD ,0129]    coeff 16/10 (16/10 stored)
1593546082:[BYCMD ,0130]    stab 10 (10 stored)
1593546082:[BYCMD ,0131]    delay 900s 3600s (900s 3600s stored)
1593546082:[BYCMD ,0132]    mmtime 2880min (2880min stored)
1593546082:[BYCMD ,0133]    dv_landing 100ml (100ml stored)
1593546082:[MKDCMD,0150]    p2t37: 15x2000ms, offset 132mbar
1593546082:[P2TCMD,0151]    p2t37: dp 50mbar, dt 5000mdegC
1593546083:[STAGE ,0080]Stage [0] 5000mbar (+/-500mbar) 1800s (<1800s) 
1593546083:[STAGE ,0080]Stage [1] 5000mbar (+/-500mbar) 1800s (<3600s) MERMAID
1593546083:[MAIN  ,0070]turn off bluetooth
1593546085:[PRESS ,0038]P    -12mbar,T+24762mdegC
1593546091:[PRESS ,0038]P     -2mbar,T-13748mdegC
1593546093:[PRESS ,0038]P    -12mbar,T+24762mdegC
1593546094:[PRESS ,0038]P     -2mbar,T-13748mdegC
1593546096:[PRESS ,0038]P    -12mbar,T+24762mdegC
1593546098:[PRESS ,0038]P    -12mbar,T-13748mdegC
1593546100:[PRESS ,0038]P    -12mbar,T+24762mdegC
1593546102:[PRESS ,0038]P    -12mbar,T-13748mdegC
1593546103:[PRESS ,0038]P    -12mbar,T+24762mdegC
1593546105:[PRESS ,0038]P    -12mbar,T -2266mdegC
1593546107:[PRESS ,0038]P     -2mbar,T+24762mdegC
1593546111:[PRESS ,0038]P    -12mbar,T-13748mdegC
1593546111:[DIVING,0141]diving from -12mbar, +0mbar/s
1593546111:[BYPASS,0035]bypass opening 60000ms
1593546116:[BYPASS,0104]battery 14957mV,  280112uA (bypass opening), P    -12mbar
1593546181:[BYPASS,0106]battery 14988mV,  299754uA (bypass closing), P    -12mbar
1593546182:[PRESS ,0038]P   -132mbar,T+24762mdegC
1593546186:[PRESS ,0038]P   -122mbar,T -2266mdegC
1593546188:[PRESS ,0038]P   -122mbar,T+24762mdegC
1593546191:[PRESS ,0038]P   -122mbar,T -2266mdegC
1593546193:[PRESS ,0038]P   -122mbar,T+24762mdegC
1593546195:[PRESS ,0038]P   -112mbar,T -2266mdegC
1593546197:[PRESS ,0038]P   -122mbar,T+24762mdegC
1593546200:[PRESS ,0038]P   -122mbar,T-13748mdegC
1593546206:[PRESS ,0038]P   -122mbar,T+24762mdegC
1593546208:[BYPASS,0035]bypass opening 10000ms
1593546213:[BYPASS,0104]battery 15012mV,  282796uA (bypass opening), P   -122mbar
1593546228:[BYPASS,0106]battery 15001mV,  298534uA (bypass closing), P   -122mbar
1593546238:[PRESS ,0038]P   -122mbar,T -2266mdegC
1593546240:[PRESS ,0038]P   -122mbar,T+24762mdegC
1593546242:[PRESS ,0038]P   -112mbar,T-13748mdegC
1593546244:[PRESS ,0038]P   -132mbar,T+24762mdegC
1593546249:[PRESS ,0038]P   -132mbar,T -2266mdegC
1593546251:[PRESS ,0038]P   -122mbar,T+24762mdegC
1593546254:[PRESS ,0038]P   -112mbar,T -2266mdegC
1593546254:[BYPASS,0035]bypass opening 10000ms
1593546260:[BYPASS,0104]battery 15022mV,  278160uA (bypass opening), P   -112mbar
1593546275:[BYPASS,0106]battery 15011mV,  297680uA (bypass closing), P   -112mbar
1593546276:[PRESS ,0038]P   -112mbar,T+24762mdegC
1593546278:[PRESS ,0038]P   -122mbar,T -2266mdegC
1593546280:[PRESS ,0038]P   -112mbar,T+24762mdegC
1593546284:[PRESS ,0038]P   -112mbar,T -2266mdegC
1593546285:[PRESS ,0038]P   -112mbar,T+24762mdegC
1593546287:[PRESS ,0038]P   -102mbar,T-13748mdegC
1593546289:[PRESS ,0038]P   -122mbar,T -2266mdegC
1593546291:[PRESS ,0038]P   -122mbar,T+24762mdegC
1593546296:[PRESS ,0038]P   -112mbar,T -2266mdegC
1593546300:[PRESS ,0038]P   -112mbar,T+24762mdegC
1593546302:[BYPASS,0035]bypass opening 10000ms
1593546307:[BYPASS,0104]battery 15030mV,  278770uA (bypass opening), P   -112mbar
1593546322:[BYPASS,0106]battery 15020mV,  296948uA (bypass closing), P   -112mbar
1593546323:[PRESS ,0038]P   -102mbar,T-13748mdegC
1593546325:[PRESS ,0038]P   -122mbar,T-29294mdegC
1593546327:[PRESS ,0038]P    -92mbar,T+24762mdegC
1593546331:[PRESS ,0038]P   -102mbar,T -2266mdegC
1593546332:[PRESS ,0038]P   -112mbar,T-13748mdegC
1593546334:[PRESS ,0038]P   -102mbar,T+13277mdegC
1593546336:[PRESS ,0038]P   -102mbar,T+24762mdegC
1593546340:[PRESS ,0038]P   -102mbar,T-29294mdegC
1593546341:[PRESS ,0038]P   -102mbar,T+24762mdegC
1593546349:[BYPASS,0035]bypass opening 10000ms
1593546354:[BYPASS,0104]battery 15037mV,  278526uA (bypass opening), P   -102mbar
1593546369:[BYPASS,0106]battery 15027mV,  296338uA (bypass closing), P   -102mbar
1593546379:[PRESS ,0038]P   -102mbar,T -2266mdegC
1593546381:[PRESS ,0038]P   -112mbar,T+24762mdegC
1593546383:[PRESS ,0038]P   -102mbar,T -2266mdegC
1593546385:[PRESS ,0038]P   -102mbar,T+24762mdegC
1593546388:[PRESS ,0038]P    -92mbar,T -2266mdegC
1593546390:[PRESS ,0038]P    -92mbar,T+24762mdegC
1593546392:[PRESS ,0038]P    -92mbar,T-13748mdegC
1593546394:[PRESS ,0038]P    -92mbar,T+24762mdegC
1593546395:[BYPASS,0035]bypass opening 10000ms
1593546401:[BYPASS,0104]battery 15042mV,  276940uA (bypass opening), P   -102mbar
1593546416:[BYPASS,0106]battery 15033mV,  295850uA (bypass closing), P   -102mbar
1593546417:[PRESS ,0038]P   -102mbar,T-13748mdegC
1593546419:[PRESS ,0038]P    -92mbar,T+24762mdegC
1593546428:[PRESS ,0038]P   -102mbar,T-13748mdegC
1593546430:[PRESS ,0038]P    -92mbar,T+24762mdegC
1593546432:[PRESS ,0038]P    -92mbar,T -2266mdegC
1593546434:[PRESS ,0038]P    -92mbar,T-13748mdegC
1593546435:[PRESS ,0038]P    -92mbar,T+24762mdegC
1593546439:[PRESS ,0038]P   -102mbar,T-13748mdegC
1593546442:[PRESS ,0038]P    -82mbar,T -2266mdegC
1593546443:[BYPASS,0035]bypass opening 10000ms
1593546448:[BYPASS,0104]battery 15051mV,  279136uA (bypass opening), P    -82mbar
1593546463:[BYPASS,0106]battery 15040mV,  295240uA (bypass closing), P    -82mbar
1593546464:[PRESS ,0038]P    -92mbar,T-13748mdegC
1593546466:[PRESS ,0038]P    -82mbar,T+24762mdegC
1593546470:[PRESS ,0038]P    -92mbar,T -2266mdegC
1593546472:[PRESS ,0038]P    -82mbar,T-13748mdegC
1593546473:[PRESS ,0038]P    -92mbar,T+24762mdegC
1593546477:[PRESS ,0038]P    -82mbar,T -2266mdegC
1593546479:[PRESS ,0038]P   -102mbar,T+24762mdegC
1593546488:[PRESS ,0038]P    -82mbar,T -2266mdegC
1593546489:[PRESS ,0038]P    -82mbar,T+24762mdegC
1593546490:[BYPASS,0035]bypass opening 10000ms
1593546495:[BYPASS,0104]battery 15055mV,  278648uA (bypass opening), P    -82mbar
1593546510:[BYPASS,0106]battery 15043mV,  294752uA (bypass closing), P    -82mbar
1593546533:[PRESS ,0038]P    -52mbar,T-29294mdegC
1593546534:[PRESS ,0038]P    -52mbar,T+24762mdegC
1593546536:[PRESS ,0038]P    -42mbar,T -2266mdegC
1593546536:[BYPASS,0035]bypass opening 10000ms
1593546541:[BYPASS,0104]battery 15058mV,  279136uA (bypass opening), P    -42mbar
1593546556:[BYPASS,0106]battery 15047mV,  294142uA (bypass closing), P    -42mbar
1593546558:[PRESS ,0038]P     +8mbar,T-13748mdegC
1593546560:[PRESS ,0038]P    +18mbar,T+24762mdegC
1593546564:[PRESS ,0038]P    +38mbar,T-13748mdegC
1593546565:[PRESS ,0038]P    +48mbar,T+24762mdegC
1593546567:[PRESS ,0038]P    +48mbar,T-13748mdegC
1593546569:[PRESS ,0038]P    +68mbar,T+24762mdegC
1593546571:[PRESS ,0038]P    +78mbar,T -2266mdegC
1593546573:[PRESS ,0038]P    +98mbar,T+24762mdegC
1593546576:[PRESS ,0038]P   +118mbar,T-13748mdegC
1593546580:[PRESS ,0038]P   +128mbar,T+24762mdegC
1593546583:[PRESS ,0038]P   +158mbar,T-13748mdegC
1593546586:[PRESS ,0038]P   +188mbar,T+24762mdegC
1593546589:[PRESS ,0038]P   +198mbar,T-13748mdegC
1593546592:[PRESS ,0038]P   +218mbar,T+24762mdegC
1593546603:[PRESS ,0038]P   +288mbar,T+24762mdegC
1593546606:[PRESS ,0038]P   +318mbar,T-13748mdegC
1593546608:[PRESS ,0038]P   +328mbar,T+24762mdegC
1593546614:[PRESS ,0038]P   +368mbar,T-13748mdegC
1593546617:[PRESS ,0038]P   +398mbar,T+24762mdegC
1593546622:[PRESS ,0038]P   +428mbar,T-13748mdegC
1593546625:[PRESS ,0038]P   +438mbar,T+24762mdegC
1593546634:[PRESS ,0038]P   +488mbar,T -2266mdegC
1593546636:[PRESS ,0038]P   +518mbar,T+24762mdegC
1593546638:[PRESS ,0038]P   +518mbar,T -2266mdegC
1593546638:[DIVING,0028]518mbar reached (+7mbar/s), 9 bypass done
1593546639:[MAIN  ,0056]stage[0]
1593546641:[MAIN  ,0024]internal pressure 82464Pa
1593546642:[PRESS ,0038]P   +548mbar,T+24762mdegC
1593546642:[BUOY  ,0037]P   +548mbar
1593546642:[STAGE ,0080]Stage [0] 5000mbar (+/-500mbar) 1800s (<1593548438s) 
1593546704:[PRESS ,0038]P   +948mbar,T+24762mdegC
1593546715:[PRESS ,0038]P   +998mbar,T-13748mdegC
1593546718:[PRESS ,0038]P  +1038mbar,T+24762mdegC
1593546722:[PRESS ,0038]P  +1068mbar,T-13748mdegC
1593546724:[PRESS ,0038]P  +1078mbar,T+24762mdegC
1593546790:[PRESS ,0038]P  +1468mbar,T+13277mdegC
1593546792:[PRESS ,0038]P  +1468mbar,T+24762mdegC
1593546793:[PRESS ,0038]P  +1488mbar,T-13748mdegC
1593546795:[PRESS ,0038]P  +1498mbar,T+13277mdegC
1593546797:[PRESS ,0038]P  +1508mbar,T -2266mdegC
1593546799:[PRESS ,0038]P  +1518mbar,T+24762mdegC
1593546801:[PRESS ,0038]P  +1518mbar,T-13748mdegC
1593546804:[PRESS ,0038]P  +1558mbar,T+24762mdegC
1593546810:[PRESS ,0038]P  +1578mbar,T-13748mdegC
1593546811:[PRESS ,0038]P  +1588mbar,T+24762mdegC
1593546876:[PRESS ,0038]P  +1988mbar,T-13748mdegC
1593546877:[PRESS ,0038]P  +2008mbar,T+24762mdegC
1593546879:[PRESS ,0038]P  +2018mbar,T+13277mdegC
1593546881:[PRESS ,0038]P  +2028mbar,T-13748mdegC
1593546885:[PRESS ,0038]P  +2058mbar,T+24762mdegC
1593546886:[PRESS ,0038]P  +2058mbar,T-13748mdegC
1593546888:[PRESS ,0038]P  +2068mbar,T+24762mdegC
1593546899:[PRESS ,0038]P  +2138mbar,T+24762mdegC
1593546961:[PRESS ,0038]P  +2378mbar,T+24762mdegC
1593546963:[PRESS ,0038]P  +2388mbar,T-13748mdegC
1593546965:[PRESS ,0038]P  +2388mbar,T+24762mdegC
1593546967:[PRESS ,0038]P  +2388mbar,T -2266mdegC
1593546969:[PRESS ,0038]P  +2398mbar,T+24762mdegC
1593546970:[PRESS ,0038]P  +2408mbar,T+13277mdegC
1593546972:[PRESS ,0038]P  +2418mbar,T-13748mdegC
1593546974:[PRESS ,0038]P  +2418mbar,T+13277mdegC
1593546976:[PRESS ,0038]P  +2428mbar,T-13748mdegC
1593546978:[PRESS ,0038]P  +2438mbar,T+24762mdegC
1593546979:[PRESS ,0038]P  +2438mbar,T+13277mdegC
1593546981:[PRESS ,0038]P  +2438mbar,T+24762mdegC
1593546983:[PRESS ,0038]P  +2438mbar,T-13748mdegC
1593547047:[PRESS ,0038]P  +2618mbar,T-13748mdegC
1593547049:[PRESS ,0038]P  +2628mbar,T+24762mdegC
1593547054:[PRESS ,0038]P  +2648mbar,T-13748mdegC
1593547063:[PRESS ,0038]P  +2668mbar,T+24762mdegC
1593547069:[PRESS ,0038]P  +2678mbar,T-13748mdegC
1593547070:[PRESS ,0038]P  +2688mbar,T+24762mdegC
1593547133:[PRESS ,0038]P  +2818mbar,T-13748mdegC
1593547135:[PRESS ,0038]P  +2818mbar,T+24762mdegC
1593547138:[PRESS ,0038]P  +2828mbar,T-13748mdegC
1593547140:[PRESS ,0038]P  +2818mbar,T+24762mdegC
1593547142:[PRESS ,0038]P  +2828mbar,T-13748mdegC
1593547144:[PRESS ,0038]P  +2828mbar,T+24762mdegC
1593547147:[PRESS ,0038]P  +2838mbar,T-13748mdegC
1593547149:[PRESS ,0038]P  +2848mbar,T+24762mdegC
1593547151:[PRESS ,0038]P  +2848mbar,T-13748mdegC
1593547153:[PRESS ,0038]P  +2838mbar,T+24762mdegC
1593547158:[BUOY  ,0087]from +1mbar/s to +3mbar/s
1593547158:[BUOY  ,0090]need to transfer -12mL (valve during 2887ms)
1593547158:[VALVE ,0034]valve opening 2887ms
1593547161:[VALVE ,0234]battery 15072mV,  477630uA, P  +2838mbar
1593547219:[PRESS ,0038]P  +2998mbar,T+24762mdegC
1593547221:[PRESS ,0038]P  +2998mbar,T -2266mdegC
1593547222:[PRESS ,0038]P  +3008mbar,T-13748mdegC
1593547224:[PRESS ,0038]P  +2998mbar,T+13277mdegC
1593547226:[PRESS ,0038]P  +3008mbar,T-13748mdegC
1593547228:[PRESS ,0038]P  +3008mbar,T+24762mdegC
1593547230:[PRESS ,0038]P  +3008mbar,T-13748mdegC
1593547233:[PRESS ,0038]P  +3018mbar,T+13277mdegC
1593547235:[PRESS ,0038]P  +3008mbar,T-13748mdegC
1593547237:[PRESS ,0038]P  +3018mbar,T+24762mdegC
1593547240:[PRESS ,0038]P  +3028mbar,T -2266mdegC
1593547242:[PRESS ,0038]P  +3028mbar,T+24762mdegC
1593547244:[PRESS ,0038]P  +3028mbar,T-13748mdegC
1593547244:[BUOY  ,0087]from +1mbar/s to +3mbar/s
1593547244:[BUOY  ,0090]need to transfer -12mL (valve during 2782ms)
1593547244:[VALVE ,0034]valve opening 2782ms
1593547247:[VALVE ,0234]battery 15075mV,  476654uA, P  +3028mbar
1593547305:[PRESS ,0038]P  +3228mbar,T-13748mdegC
1593547307:[PRESS ,0038]P  +3228mbar,T+24762mdegC
1593547310:[PRESS ,0038]P  +3238mbar,T -2266mdegC
1593547312:[PRESS ,0038]P  +3238mbar,T+24762mdegC
1593547316:[PRESS ,0038]P  +3268mbar,T-13748mdegC
1593547319:[PRESS ,0038]P  +3278mbar,T+24762mdegC
1593547324:[PRESS ,0038]P  +3288mbar,T -2266mdegC
1593547326:[PRESS ,0038]P  +3288mbar,T+24762mdegC
1593547391:[PRESS ,0038]P  +3518mbar,T+24762mdegC
1593547392:[PRESS ,0038]P  +3518mbar,T -2266mdegC
1593547394:[PRESS ,0038]P  +3518mbar,T+24762mdegC
1593547401:[PRESS ,0038]P  +3548mbar,T-13748mdegC
1593547403:[PRESS ,0038]P  +3548mbar,T -2266mdegC
1593547405:[PRESS ,0038]P  +3568mbar,T-13748mdegC
1593547407:[PRESS ,0038]P  +3558mbar,T+24762mdegC
1593547408:[PRESS ,0038]P  +3568mbar,T-13748mdegC
1593547410:[PRESS ,0038]P  +3578mbar,T+24762mdegC
1593547414:[PRESS ,0038]P  +3598mbar,T-13748mdegC
1593547416:[PRESS ,0038]P  +3598mbar,T -2266mdegC
1593547476:[PRESS ,0038]P  +3778mbar,T+24762mdegC
1593547480:[PRESS ,0038]P  +3778mbar,T -2266mdegC
1593547482:[PRESS ,0038]P  +3778mbar,T+24762mdegC
1593547492:[PRESS ,0038]P  +3828mbar,T -2266mdegC
1593547494:[PRESS ,0038]P  +3838mbar,T+24762mdegC
1593547496:[PRESS ,0038]P  +3848mbar,T-13748mdegC
1593547498:[PRESS ,0038]P  +3838mbar,T+24762mdegC
1593547500:[PRESS ,0038]P  +3848mbar,T -2266mdegC
1593547501:[PRESS ,0038]P  +3858mbar,T+24762mdegC
1593547501:[BUOY  ,0087]from +4mbar/s to +2mbar/s
1593547501:[BUOY  ,0089]need to transfer +20mL (pump during 24073ms)
1593547510:[PUMP  ,0207]battery 15411mV,   19154uA (warmup), P  +3858mbar
1593547510:[PUMP  ,0016]pump during 24073ms
1593547534:[PUMP  ,0212]battery 15196mV,  286334uA (steady state), P  +3858mbar
1593547565:[PRESS ,0038]P  +4018mbar,T+24762mdegC
1593547567:[PRESS ,0038]P  +4038mbar,T -2266mdegC
1593547569:[PRESS ,0038]P  +4038mbar,T+24762mdegC
1593547571:[PRESS ,0038]P  +4038mbar,T -2266mdegC
1593547573:[PRESS ,0038]P  +4038mbar,T+24762mdegC
1593547582:[PRESS ,0038]P  +4048mbar,T -2266mdegC
1593547585:[PRESS ,0038]P  +4058mbar,T+24762mdegC
1593547651:[PRESS ,0038]P  +4228mbar,T+24762mdegC
1593547653:[PRESS ,0038]P  +4218mbar,T -2266mdegC
1593547656:[PRESS ,0038]P  +4238mbar,T+24762mdegC
1593547665:[PRESS ,0038]P  +4248mbar,T -2266mdegC
1593547737:[PRESS ,0038]P  +4398mbar,T+24762mdegC
1593547738:[PRESS ,0038]P  +4398mbar,T -2266mdegC
1593547744:[PRESS ,0038]P  +4408mbar,T-29294mdegC
1593547746:[PRESS ,0038]P  +4408mbar,T -2266mdegC
1593547747:[PRESS ,0038]P  +4428mbar,T+24762mdegC
1593547756:[PRESS ,0038]P  +4448mbar,T -2266mdegC
1593547758:[PRESS ,0038]P  +4458mbar,T+24762mdegC
1593547762:[PRESS ,0038]P  +4468mbar,T -2266mdegC
1593547822:[PRESS ,0038]P  +4608mbar,T -2266mdegC
1593547831:[PRESS ,0038]P  +4618mbar,T+24762mdegC
1593547833:[PRESS ,0038]P  +4638mbar,T -2266mdegC
1593547837:[PRESS ,0038]P  +4638mbar,T+24762mdegC
1593547838:[PRESS ,0038]P  +4648mbar,T -2266mdegC
1593547840:[PRESS ,0038]P  +4658mbar,T+24762mdegC
1593547844:[PRESS ,0038]P  +4658mbar,T -2266mdegC
1593547846:[PRESS ,0038]P  +4668mbar,T+24762mdegC
1593547847:[PRESS ,0038]P  +4678mbar,T -2266mdegC
1593547847:[STAGE ,0213]4678mbar reached at 1593547847s, ref 5000mbar +/-500mbar
1593547908:[PRESS ,0038]P  +4808mbar,T -2266mdegC
1593547969:[PRESS ,0038]P  +4988mbar,T-29294mdegC
1593547969:[BUOY  ,0087]from +3mbar/s to +0mbar/s
1593547969:[BUOY  ,0089]need to transfer +14mL (pump during 16819ms)
1593547977:[PUMP  ,0207]battery 15422mV,   19154uA (warmup), P  +4988mbar
1593547977:[PUMP  ,0016]pump during 16819ms
1593547993:[PUMP  ,0212]battery 15196mV,  298046uA (steady state), P  +4988mbar
1593548033:[PRESS ,0038]P  +5108mbar,T -2266mdegC
1593548040:[PRESS ,0038]P  +5108mbar,T+24762mdegC
1593548042:[PRESS ,0038]P  +5108mbar,T -2266mdegC
1593548044:[PRESS ,0038]P  +5108mbar,T-29294mdegC
1593548045:[PRESS ,0038]P  +5128mbar,T -2266mdegC
1593548049:[PRESS ,0038]P  +5108mbar,T+24762mdegC
1593548051:[PRESS ,0038]P  +5108mbar,T -2266mdegC
1593548058:[PRESS ,0038]P  +5118mbar,T +9212mdegC
1593548118:[PRESS ,0038]P  +5148mbar,T+24762mdegC
1593548179:[PRESS ,0038]P  +5218mbar,T -2266mdegC
1593548179:[BUOY  ,0087]from +1mbar/s to +0mbar/s
1593548179:[BUOY  ,0089]need to transfer +2mL (pump during 2403ms)
1593548187:[PUMP  ,0207]battery 15416mV,   19154uA (warmup), P  +5218mbar
1593548187:[PUMP  ,0016]pump during 2403ms
1593548247:[PRESS ,0038]P  +5258mbar,T-29294mdegC
1593548248:[PRESS ,0038]P  +5258mbar,T -2266mdegC
1593548259:[PRESS ,0038]P  +5268mbar,T+24762mdegC
1593548261:[PRESS ,0038]P  +5268mbar,T-29294mdegC
1593548266:[PRESS ,0038]P  +5268mbar,T -2266mdegC
1593548268:[BUOY  ,0087]from +1mbar/s to +0mbar/s
1593548268:[BUOY  ,0089]need to transfer +2mL (pump during 2403ms)
1593548276:[PUMP  ,0207]battery 15418mV,   19154uA (warmup), P  +5268mbar
1593548276:[PUMP  ,0016]pump during 2403ms
1593548332:[PRESS ,0038]P  +5318mbar,T-29294mdegC
1593548336:[PRESS ,0038]P  +5308mbar,T -2266mdegC
1593548337:[PRESS ,0038]P  +5318mbar,T-29294mdegC
1593548343:[PRESS ,0038]P  +5308mbar,T -2266mdegC
1593548345:[PRESS ,0038]P  +5308mbar,T-29294mdegC
1593548348:[PRESS ,0038]P  +5328mbar,T -2266mdegC
1593548350:[PRESS ,0038]P  +5318mbar,T+24762mdegC
1593548352:[PRESS ,0038]P  +5318mbar,T -2266mdegC
1593548355:[PRESS ,0038]P  +5328mbar,T-29294mdegC
1593548357:[PRESS ,0038]P  +5328mbar,T -2266mdegC
1593548357:[BUOY  ,0087]from +1mbar/s to +0mbar/s
1593548357:[BUOY  ,0089]need to transfer +2mL (pump during 2403ms)
1593548365:[PUMP  ,0207]battery 15421mV,   19154uA (warmup), P  +5328mbar
1593548365:[PUMP  ,0016]pump during 2403ms
1593548421:[PRESS ,0038]P  +5318mbar,T-29294mdegC
1593548428:[PRESS ,0038]P  +5318mbar,T -2266mdegC
1593548430:[PRESS ,0038]P  +5308mbar,T-29294mdegC
1593548432:[PRESS ,0038]P  +5318mbar,T -2266mdegC
1593548434:[PRESS ,0038]P  +5318mbar,T +9212mdegC
1593548435:[PRESS ,0038]P  +5328mbar,T+24762mdegC
1593548437:[PRESS ,0038]P  +5318mbar,T-29294mdegC
1593548443:[PRESS ,0038]P  +5318mbar,T-17818mdegC
1593548444:[PRESS ,0038]P  +5318mbar,T-29294mdegC
1593548446:[MAIN  ,0140]stage[0] complete 1808s after mission start
1593548446:[MAIN  ,0056]stage[1]
1593548448:[MAIN  ,0024]internal pressure 81508Pa
1593548450:[MRMAID,0002]acq started
1593548460:[PRESS ,0038]P  +5318mbar,T -2266mdegC
1593548460:[BUOY  ,0037]P  +5318mbar
1593548460:[STAGE ,0080]Stage [1] 5000mbar (+/-500mbar) 1800s (<1593550238s) MERMAID
1593548462:[PRESS ,0038]P  +5328mbar,T-29294mdegC
1593548462:[STAGE ,0213]5328mbar reached at 1593548462s, ref 5000mbar +/-500mbar
1593548522:[PRESS ,0038]P  +5338mbar,T -2266mdegC
1593548602:[MRMAID,0027]54dbar, -2degC
1593548644:[PRESS ,0038]P  +5388mbar,T-29294mdegC
1593548765:[PRESS ,0038]P  +5478mbar,T -2266mdegC
1593548826:[PRESS ,0038]P  +5538mbar,T-29294mdegC
1593548826:<WARN>[BUOY  ,0094]stage[1] should ASCENT, stuck at 5538mbar for the #1 time
1593548826:[BUOY  ,0087]from +0mbar/s to -2mbar/s
1593548826:[BUOY  ,0089]need to transfer +6mL (pump during 7203ms)
1593548834:[PUMP  ,0207]battery 15443mV,   19398uA (warmup), P  +5538mbar
1593548834:[PUMP  ,0016]pump during 7203ms
1593548842:[PUMP  ,0212]battery 15206mV,  303414uA (steady state), P  +5538mbar
1593548854:[MRMAID,0184]acq already started
1593548900:[PRESS ,0038]P  +5538mbar,T -2266mdegC
1593548904:[PRESS ,0038]P  +5548mbar,T-29294mdegC
1593548906:[PRESS ,0038]P  +5538mbar,T -2266mdegC
1593548907:[PRESS ,0038]P  +5538mbar,T-29294mdegC
1593548918:[PRESS ,0038]P  +5538mbar,T -2266mdegC
1593548920:[PRESS ,0038]P  +5528mbar,T-29294mdegC
1593548925:[PRESS ,0038]P  +5528mbar,T +9212mdegC
1593548928:[MRMAID,0059]stop canceled
1593548934:[MRMAID,0005]ascent request rejected
1593548986:[PRESS ,0038]P  +5518mbar,T-29294mdegC
1593548988:[PRESS ,0038]P  +5518mbar,T +9212mdegC
1593548989:[PRESS ,0038]P  +5508mbar,T-29294mdegC
1593548998:[PRESS ,0038]P  +5508mbar,T +9212mdegC
1593549002:[PRESS ,0038]P  +5508mbar,T-29294mdegC
1593549009:[PRESS ,0038]P  +5508mbar,T -2266mdegC
1593549011:[PRESS ,0038]P  +5508mbar,T-29294mdegC
1593549011:<WARN>[BUOY  ,0094]stage[1] should ASCENT, stuck at 5508mbar for the #1 time
1593549011:[BUOY  ,0087]from +0mbar/s to -2mbar/s
1593549011:[BUOY  ,0089]need to transfer +6mL (pump during 7203ms)
1593549011:[MRMAID,0003]acq stopped
1593549020:[PUMP  ,0207]battery 15440mV,   19154uA (warmup), P  +5508mbar
1593549020:[PUMP  ,0016]pump during 7203ms
1593549027:[PUMP  ,0212]battery 15202mV,  303292uA (steady state), P  +5508mbar
1593549030:[MRMAID,0002]acq started
1593549085:[PRESS ,0038]P  +5428mbar,T-29294mdegC
1593549087:[PRESS ,0038]P  +5418mbar,T +9212mdegC
1593549089:[PRESS ,0038]P  +5418mbar,T-29294mdegC
1593549090:[PRESS ,0038]P  +5418mbar,T +9212mdegC
1593549092:[PRESS ,0038]P  +5418mbar,T-29294mdegC
1593549096:[PRESS ,0038]P  +5408mbar,T -2266mdegC
1593549098:[PRESS ,0038]P  +5408mbar,T-17818mdegC
1593549099:[PRESS ,0038]P  +5398mbar,T -2266mdegC
1593549101:[PRESS ,0038]P  +5398mbar,T-29294mdegC
1593549171:[PRESS ,0038]P  +5278mbar,T-29294mdegC
1593549183:[MRMAID,0027]53dbar, -29degC
1593549231:[PRESS ,0038]P  +5148mbar,T +9212mdegC
1593549292:[PRESS ,0038]P  +5038mbar,T-29294mdegC
1593549353:[PRESS ,0038]P  +4968mbar,T +9212mdegC
1593549353:[BUOY  ,0087]from -2mbar/s to +0mbar/s
1593549353:[BUOY  ,0090]need to transfer -6mL (valve during 1093ms)
1593549353:[VALVE ,0034]valve opening 1093ms
1593549354:[VALVE ,0234]battery 15100mV,  481656uA, P  +4968mbar
1593549365:[MRMAID,0184]acq already started
1593549424:[PRESS ,0038]P  +4928mbar,T-29294mdegC
1593549436:[PRESS ,0038]P  +4928mbar,T +9212mdegC
1593549438:[PRESS ,0038]P  +4918mbar,T-29294mdegC
1593549440:[PRESS ,0038]P  +4928mbar,T +9212mdegC
1593549444:[PRESS ,0038]P  +4928mbar,T -2266mdegC
1593549445:[PRESS ,0038]P  +4928mbar,T +9212mdegC
1593549447:[PRESS ,0038]P  +4918mbar,T-29294mdegC
1593549631:[PRESS ,0038]P  +4878mbar,T +9212mdegC
1593549752:[PRESS ,0038]P  +4838mbar,T-29294mdegC
1593549874:[PRESS ,0038]P  +4778mbar,T-29294mdegC
1593549934:[PRESS ,0038]P  +4768mbar,T +9212mdegC
1593549995:[PRESS ,0038]P  +4738mbar,T-29294mdegC
1593550056:[PRESS ,0038]P  +4718mbar,T +9212mdegC
1593550177:[PRESS ,0038]P  +4708mbar,T-29294mdegC
1593550238:[MAIN  ,0140]stage[1] complete 3600s after mission start
1593550284:[MRMAID,0003]acq stopped
1593550284:[MRMAID,0183]dropping spurious '0x34'
1593550284:[MRMAID,0183]dropping spurious '0x38'
1593550284:[MRMAID,0183]dropping spurious '0x30'
1593550284:[MRMAID,0183]dropping spurious '0x37'
1593550284:[MRMAID,0183]dropping spurious '0x31'
1593550284:[MRMAID,0183]dropping spurious '0x2C'
1593550284:[MRMAID,0183]dropping spurious '0x31'
1593550284:[MRMAID,0183]dropping spurious '0x32'
1593550284:[MRMAID,0183]dropping spurious '0x30'
1593550284:[MRMAID,0183]dropping spurious '0x31'
1593550284:[MRMAID,0183]dropping spurious '0x2E'
1593550284:[MRMAID,0183]dropping spurious '0x33'
1593550284:[MRMAID,0183]dropping spurious '0x35'
1593550284:[MRMAID,0183]dropping spurious '0x30'
1593550285:[MRMAID,0183]dropping spurious '0x38'
1593550285:[MRMAID,0183]dropping spurious '0x36'
1593550285:[MRMAID,0183]dropping spurious '0x31'
1593550285:[MRMAID,0183]dropping spurious '0x2C'
1593550285:[MRMAID,0183]dropping spurious '0x34'
1593550285:[MRMAID,0183]dropping spurious '0x30'
1593550285:[MRMAID,0183]dropping spurious '0x2E'
1593550285:[MRMAID,0183]dropping spurious '0x30'
1593550285:[MRMAID,0183]dropping spurious '0x31'
1593550285:[MRMAID,0183]dropping spurious '0x34'
1593550285:[MRMAID,0183]dropping spurious '0x31'
1593550285:[MRMAID,0183]dropping spurious '0x32'
1593550285:[MRMAID,0183]dropping spurious '0x32'
1593550285:[MRMAID,0183]dropping spurious '0x3B'
1593550285:[MRMAID,0185]28 spurious byte(s) received
1593550300:[MRMAID,0005]ascent request rejected
1593550359:[MRMAID,0188]acq already stopped
1593550419:[MSSION,0192]mission stopped, 2 stage(s) done
1593550419:[MAIN  ,0065]surfacing
1593550421:[PRESS ,0038]P  +4778mbar,T +9212mdegC
1593550421:[SURFIN,0036]P  +4778mbar
1593550429:[PUMP  ,0207]battery 15466mV,   19398uA (warmup), P  +4778mbar
1593550429:[PUMP  ,0016]pump during 60000ms
1593550488:[PUMP  ,0212]battery 15220mV,  297314uA (steady state), P  +4778mbar
1593550546:[PRESS ,0038]P  +4458mbar,T +9212mdegC
1593550547:[PRESS ,0038]P  +4458mbar,T-29294mdegC
1593550549:[PRESS ,0038]P  +4448mbar,T +9212mdegC
1593550560:[PRESS ,0038]P  +4388mbar,T-29294mdegC
1593550562:[PRESS ,0038]P  +4378mbar,T-17818mdegC
1593550563:[PRESS ,0038]P  +4368mbar,T +9212mdegC
1593550569:[PRESS ,0038]P  +4358mbar,T+20685mdegC
1593550571:[PRESS ,0038]P  +4348mbar,T +9212mdegC
1593550579:[PUMP  ,0207]battery 15381mV,   19398uA (warmup), P  +4348mbar
1593550579:[PUMP  ,0016]pump during 60000ms
1593550638:[PUMP  ,0212]battery 15138mV,  300730uA (steady state), P  +4348mbar
1593550695:[PRESS ,0038]P  +3708mbar,T-29294mdegC
1593550697:[PRESS ,0038]P  +3708mbar,T +9212mdegC
1593550699:[PRESS ,0038]P  +3708mbar,T-17818mdegC
1593550701:[PRESS ,0038]P  +3688mbar,T +9212mdegC
1593550703:[PRESS ,0038]P  +3698mbar,T-29294mdegC
1593550704:[PRESS ,0038]P  +3688mbar,T +9212mdegC
1593550713:[PRESS ,0038]P  +3668mbar,T-17818mdegC
1593550715:[PRESS ,0038]P  +3658mbar,T +9212mdegC
1593550719:[PRESS ,0038]P  +3658mbar,T-17818mdegC
1593550721:[PRESS ,0038]P  +3648mbar,T +9212mdegC
1593550729:[PUMP  ,0207]battery 15320mV,   19398uA (warmup), P  +3648mbar
1593550729:[PUMP  ,0016]pump during 60000ms
1593550788:[PUMP  ,0212]battery 15082mV,  296826uA (steady state), P  +3648mbar
1593550845:[PRESS ,0038]P  +3018mbar,T-17818mdegC
1593550847:[PRESS ,0038]P  +3008mbar,T-29294mdegC
1593550849:[PRESS ,0038]P  +2988mbar,T-17818mdegC
1593550853:[PRESS ,0038]P  +2968mbar,T +9212mdegC
1593550854:[PRESS ,0038]P  +2958mbar,T-29294mdegC
1593550858:[PRESS ,0038]P  +2928mbar,T +9212mdegC
1593550862:[PRESS ,0038]P  +2908mbar,T-29294mdegC
1593550865:[PRESS ,0038]P  +2888mbar,T +9212mdegC
1593550879:[PUMP  ,0207]battery 15278mV,   19398uA (warmup), P  +2848mbar
1593550879:[PUMP  ,0016]pump during 60000ms
1593550938:[PUMP  ,0212]battery 15047mV,  289384uA (steady state), P  +2848mbar
1593550995:[PRESS ,0038]P  +2178mbar,T-17818mdegC
1593550997:[PRESS ,0038]P  +2188mbar,T-29294mdegC
1593551001:[PRESS ,0038]P  +2168mbar,T +9212mdegC
1593551004:[PRESS ,0038]P  +2158mbar,T-17818mdegC
1593551006:[PRESS ,0038]P  +2148mbar,T +9212mdegC
1593551010:[PRESS ,0038]P  +2128mbar,T-17818mdegC
1593551011:[PRESS ,0038]P  +2128mbar,T +9212mdegC
1593551015:[PRESS ,0038]P  +2098mbar,T-17818mdegC
1593551017:[PRESS ,0038]P  +2098mbar,T-29294mdegC
1593551028:[PUMP  ,0207]battery 15251mV,   19398uA (warmup), P  +2078mbar
1593551028:[PUMP  ,0016]pump during 60000ms
1593551087:[PUMP  ,0212]battery 15022mV,  284748uA (steady state), P  +2078mbar
1593551145:[PRESS ,0038]P  +1268mbar,T-29294mdegC
1593551149:[PRESS ,0038]P  +1248mbar,T +9212mdegC
1593551151:[PRESS ,0038]P  +1248mbar,T-29294mdegC
1593551152:[PRESS ,0038]P  +1228mbar,T +9212mdegC
1593551156:[PRESS ,0038]P  +1188mbar,T-29294mdegC
1593551159:[PRESS ,0038]P  +1158mbar,T +9212mdegC
1593551165:[PRESS ,0038]P  +1118mbar,T-17818mdegC
1593551167:[PRESS ,0038]P  +1118mbar,T +9212mdegC
1593551168:[PRESS ,0038]P  +1088mbar,T-29294mdegC
1593551170:[PRESS ,0038]P  +1088mbar,T +9212mdegC
1593551292:[PRESS ,0038]P   +358mbar,T +9212mdegC
1593551294:[PRESS ,0038]P   +348mbar,T-29294mdegC
1593551295:[PRESS ,0038]P   +328mbar,T +9212mdegC
1593551295:[SURFIN,0020]filling external bladder
1593551304:[PUMP  ,0207]battery 15286mV,   19520uA (warmup), P   +328mbar
1593551304:[PUMP  ,0016]pump during 300000ms
1593551602:[PUMP  ,0212]battery 14741mV,  934398uA (steady state), P   +328mbar
1593551613:[PUMP  ,0207]battery 14788mV,   18910uA (warmup), P   +328mbar
1593551613:[PUMP  ,0016]pump during 300000ms
1593551702:[PUMP  ,0212]battery 14441mV,  854366uA (steady state), P   +328mbar
1593551704:[SURFIN,0019]external bladder full
1593551706:[PRESS ,0038]P   +140mbar,T -2266mdegC
1593551708:[PRESS ,0038]P   +130mbar,T-29294mdegC
1593551710:[PRESS ,0038]P   +130mbar,T -2266mdegC
1593551711:[PRESS ,0038]P   +130mbar,T +9212mdegC
1593551715:[PRESS ,0038]P   +140mbar,T-29294mdegC
1593551717:[PRESS ,0038]P   +130mbar,T +9212mdegC
1593551719:[PRESS ,0038]P   +140mbar,T-29294mdegC
1593551722:[PRESS ,0038]P   +140mbar,T +9212mdegC
1593551728:[PRESS ,0038]P   +140mbar,T-29294mdegC
1593551767:[MAIN  ,0272]Vbat 14995mV (min 14893mV)
1593551769:[MAIN  ,0024]internal pressure 78778Pa
1593551769:[MAIN  ,0043]Pext 135mbar (rng 10mbar)
1593551769:[MAIN  ,0064]surface
1593551784:[SURF  ,0022]GPS fix...
1593551806:[SURF  ,0015]10 PPS detected...
1593551807:[MRMAID,0052]Mermaid $GPSACK:+0,+0,+0,+0,+0,+0,-976;
1593551817:[MRMAID,0052]Mermaid $GPSOFF:3686324;
1593551818:[GPSFIX,0179]-1s diff
1593551819:[SURF  ,0222]2020-06-30T21:16:59
1593551819:[SURF  ,0082]Latitude : N43deg40.936mn, Longitude :E007deg19.179mn
1593551819:[SURF  ,0223]fix3D,8satellites
1593551819:[SURF  ,0084]GPS fix GPGSA : hdop0.660,vdop1.020
1593551829:[SURF  ,0274]last almanac : 20880
1593551886:[MRMAID,0026]18262 bytes in 0058/5EFBABDA.MER
1593551892:[MAIN  ,0320]New pressure offset: 135mbar
1593551892:[LOGBIN,0078]*** switching to 0058/5EFBAC14 ***
