1593592944:[MAIN  ,0007]buoy 452.120-R-0058
1593592944:[MAIN  ,0055]soft pilotage 452.012.300_V2.20-20200612
1593592944:[MAIN  ,0010]cycle 10
1593592944:[SURF  ,0225]surface2
1593592959:[SURF  ,0022]GPS fix...
1593592980:[SURF  ,0015]10 PPS detected...
1593592981:[MRMAID,0052]Mermaid $GPSACK:+0,+0,+0,+0,+0,+0,+0;
1593592991:[MRMAID,0052]Mermaid $GPSOFF:3686325;
1593592992:[GPSFIX,0179]-1s diff
1593592993:[SURF  ,0222]2020-07-01T08:43:13
1593592993:[SURF  ,0082]Latitude : N43deg40.941mn, Longitude :E007deg19.178mn
1593592993:[SURF  ,0223]fix3D,9satellites
1593592993:[SURF  ,0084]GPS fix GPGSA : hdop0.790,vdop0.930
1593593003:[SURF  ,0025]Iridium...
1593593043:[SURF  ,0009]connected in 40s, signal quality 5
1593593097:[SURF  ,0218]prompt received, remote cmd end
1593593097:[SURF  ,0012]13 cmd(s) received
1593593118:[UPLOAD,0248]Upload data files...
1593593276:[UPLOAD,0231]"0058/5EFC4C28.MER" uploaded at 157bytes/s
1593593367:[UPLOAD,0231]"0058/5EFC31F2.BIN" uploaded at 137bytes/s
1593593383:[MAIN  ,0013]2 file(s) uploaded
1593593414:[SURF  ,0014]disconnected after 411s
1593593419:[SURFIN,0020]filling external bladder
1593593427:[PUMP  ,0207]battery 15073mV,   18422uA (warmup), P   +130mbar
1593593427:[PUMP  ,0016]pump during 300000ms
1593593438:[PUMP  ,0212]battery 14673mV,  878644uA (steady state), P   +130mbar
1593593440:[SURFIN,0019]external bladder full
1593593440:[SURF  ,0227]1st complete transfer
1593593599:[SURF  ,0022]GPS fix...
1593593620:[SURF  ,0015]10 PPS detected...
1593593621:[MRMAID,0052]Mermaid $GPSACK:+0,+0,+0,+0,+0,+1,-999877;
1593593631:[MRMAID,0052]Mermaid $GPSOFF:3686324;
1593593632:[GPSFIX,0179]-1s diff
1593593633:[SURF  ,0222]2020-07-01T08:53:53
1593593633:[SURF  ,0082]Latitude : N43deg40.941mn, Longitude :E007deg19.178mn
1593593633:[SURF  ,0223]fix3D,9satellites
1593593633:[SURF  ,0084]GPS fix GPGSA : hdop0.690,vdop0.830
1593593643:[SURF  ,0025]Iridium...
1593593674:[SURF  ,0009]connected in 31s, signal quality 5
1593593727:[SURF  ,0218]prompt received, remote cmd end
1593593727:[SURF  ,0012]13 cmd(s) received
1593593765:[SURF  ,0014]disconnected after 122s
1593593770:[SURFIN,0020]filling external bladder
1593593778:[PUMP  ,0207]battery 15163mV,   18422uA (warmup), P   +130mbar
1593593778:[PUMP  ,0016]pump during 300000ms
1593593787:[PUMP  ,0212]battery 14746mV,  891698uA (steady state), P   +130mbar
1593593789:[SURFIN,0019]external bladder full
1593593789:[SURF  ,0226]Go dive (Minimum surface delay expired and no more file to upload)
1593593804:[SURF  ,0022]GPS fix...
1593593825:[SURF  ,0015]10 PPS detected...
1593593826:[MRMAID,0052]Mermaid $GPSACK:+0,+0,+0,+0,+0,+0,+0;
1593593836:[MRMAID,0052]Mermaid $GPSOFF:3686324;
1593593838:[GPSFIX,0179]+0s diff
1593593838:[SURF  ,0222]2020-07-01T08:57:18
1593593838:[SURF  ,0082]Latitude : N43deg40.941mn, Longitude :E007deg19.178mn
1593593838:[SURF  ,0223]fix3D,9satellites
1593593838:[SURF  ,0084]GPS fix GPGSA : hdop0.690,vdop0.840
1593593855:[MAIN  ,0024]internal pressure 78904Pa
1593593856:[BYCMD ,0107]    FreeRTOS V8.2.3
1593593856:[BYCMD ,0108]    FatFS v11a
1593593856:[BYCMD ,0120]    bypass 10000ms 60000ms (20000ms 60000ms stored)
1593593856:[BYCMD ,0121]    valve 60000ms 12750 (60000ms 12750 stored)
1593593856:[BYCMD ,0122]    pump 60000ms 30% 10750 80% (60000ms 30% 10750 80% stored)
1593593856:[BYCMD ,0123]    rate 2mbar/s (2mbar/s stored)
1593593856:[BYCMD ,0124]    surface 500mbar (500mbar stored)
1593593856:[BYCMD ,0125]    near 1500mbar 3mbar/s (15000mbar 3mbar/s stored)
1593593856:[BYCMD ,0126]    far 2500mbar 4mbar/s (25000mbar 4mbar/s stored)
1593593856:[BYCMD ,0127]    ascent 8mbar/s (8mbar/s stored)
1593593856:[BYCMD ,0128]    dead 60s (300s stored)
1593593856:[BYCMD ,0129]    coeff 16/10 (16/10 stored)
1593593856:[BYCMD ,0130]    stab 10 (10 stored)
1593593856:[BYCMD ,0131]    delay 900s 3600s (900s 3600s stored)
1593593856:[BYCMD ,0132]    mmtime 2880min (2880min stored)
1593593856:[BYCMD ,0133]    dv_landing 100ml (100ml stored)
1593593856:[MKDCMD,0150]    p2t37: 15x2000ms, offset 132mbar
1593593856:[P2TCMD,0151]    p2t37: dp 50mbar, dt 5000mdegC
1593593857:[STAGE ,0080]Stage [0] 5000mbar (+/-500mbar) 1800s (<1800s) 
1593593857:[STAGE ,0080]Stage [1] 5000mbar (+/-500mbar) 1800s (<3600s) MERMAID
1593593857:[MAIN  ,0070]turn off bluetooth
1593593859:[PRESS ,0038]P     -2mbar,T+24762mdegC
1593593870:[PRESS ,0038]P     -2mbar,T -2266mdegC
1593593872:[PRESS ,0038]P     -2mbar,T-13748mdegC
1593593874:[PRESS ,0038]P     +8mbar,T+24762mdegC
1593593875:[PRESS ,0038]P     -2mbar,T-13748mdegC
1593593877:[PRESS ,0038]P     -2mbar,T -2266mdegC
1593593881:[PRESS ,0038]P     +8mbar,T+24762mdegC
1593593884:[DIVING,0141]diving from -2mbar, +0mbar/s
1593593884:[BYPASS,0035]bypass opening 60000ms
1593593890:[BYPASS,0104]battery 14998mV,  283040uA (bypass opening), P     -2mbar
1593593954:[BYPASS,0106]battery 15018mV,  301218uA (bypass closing), P     -2mbar
1593593956:[PRESS ,0038]P   -132mbar,T+24762mdegC
1593593958:[PRESS ,0038]P   -132mbar,T -2266mdegC
1593593960:[PRESS ,0038]P   -142mbar,T-13748mdegC
1593593962:[PRESS ,0038]P   -132mbar,T+24762mdegC
1593593967:[PRESS ,0038]P   -132mbar,T -2266mdegC
1593593969:[PRESS ,0038]P   -132mbar,T-13748mdegC
1593593971:[PRESS ,0038]P   -132mbar,T -2266mdegC
1593593976:[PRESS ,0038]P   -122mbar,T+24762mdegC
1593593978:[PRESS ,0038]P   -132mbar,T -2266mdegC
1593593980:[PRESS ,0038]P   -122mbar,T+24762mdegC
1593593981:[BYPASS,0035]bypass opening 10000ms
1593593986:[BYPASS,0104]battery 15035mV,  275598uA (bypass opening), P   -122mbar
1593594001:[BYPASS,0106]battery 15026mV,  299998uA (bypass closing), P   -122mbar
1593594003:[PRESS ,0038]P   -122mbar,T -2266mdegC
1593594005:[PRESS ,0038]P   -122mbar,T-29294mdegC
1593594007:[PRESS ,0038]P   -132mbar,T -2266mdegC
1593594009:[PRESS ,0038]P   -132mbar,T-29294mdegC
1593594011:[PRESS ,0038]P   -142mbar,T -2266mdegC
1593594014:[PRESS ,0038]P   -132mbar,T+24762mdegC
1593594019:[PRESS ,0038]P   -122mbar,T -2266mdegC
1593594021:[PRESS ,0038]P   -122mbar,T+24762mdegC
1593594025:[PRESS ,0038]P   -122mbar,T -2266mdegC
1593594027:[PRESS ,0038]P   -132mbar,T+24762mdegC
1593594028:[BYPASS,0035]bypass opening 10000ms
1593594034:[BYPASS,0104]battery 15042mV,  275964uA (bypass opening), P   -132mbar
1593594049:[BYPASS,0106]battery 15032mV,  298900uA (bypass closing), P   -132mbar
1593594052:[PRESS ,0038]P   -122mbar,T -2266mdegC
1593594056:[PRESS ,0038]P   -112mbar,T+24762mdegC
1593594057:[PRESS ,0038]P   -112mbar,T -2266mdegC
1593594059:[PRESS ,0038]P   -122mbar,T+24762mdegC
1593594061:[PRESS ,0038]P   -112mbar,T-13748mdegC
1593594063:[PRESS ,0038]P   -122mbar,T -2266mdegC
1593594066:[PRESS ,0038]P   -112mbar,T+24762mdegC
1593594074:[PRESS ,0038]P   -132mbar,T -2266mdegC
1593594075:[BYPASS,0035]bypass opening 10000ms
1593594080:[BYPASS,0104]battery 15048mV,  277550uA (bypass opening), P   -132mbar
1593594096:[BYPASS,0106]battery 15038mV,  298168uA (bypass closing), P   -132mbar
1593594097:[PRESS ,0038]P   -102mbar,T-13748mdegC
1593594099:[PRESS ,0038]P   -122mbar,T+24762mdegC
1593594122:[BYPASS,0035]bypass opening 10000ms
1593594127:[BYPASS,0104]battery 15053mV,  275720uA (bypass opening), P   -112mbar
1593594142:[BYPASS,0106]battery 15043mV,  297558uA (bypass closing), P   -112mbar
1593594144:[PRESS ,0038]P   -102mbar,T -2266mdegC
1593594146:[PRESS ,0038]P   -112mbar,T+24762mdegC
1593594151:[PRESS ,0038]P   -102mbar,T -2266mdegC
1593594153:[PRESS ,0038]P   -112mbar,T+24762mdegC
1593594164:[PRESS ,0038]P   -112mbar,T -2266mdegC
1593594165:[PRESS ,0038]P   -102mbar,T+24762mdegC
1593594167:[PRESS ,0038]P   -102mbar,T -2266mdegC
1593594169:[BYPASS,0035]bypass opening 10000ms
1593594174:[BYPASS,0104]battery 15060mV,  278404uA (bypass opening), P   -102mbar
1593594189:[BYPASS,0106]battery 15048mV,  296948uA (bypass closing), P   -102mbar
1593594191:[PRESS ,0038]P   -102mbar,T+24762mdegC
1593594195:[PRESS ,0038]P    -92mbar,T-13748mdegC
1593594196:[PRESS ,0038]P    -92mbar,T+24762mdegC
1593594198:[PRESS ,0038]P   -102mbar,T -2266mdegC
1593594200:[PRESS ,0038]P   -102mbar,T+24762mdegC
1593594204:[PRESS ,0038]P   -102mbar,T -2266mdegC
1593594207:[PRESS ,0038]P   -102mbar,T+24762mdegC
1593594211:[PRESS ,0038]P   -102mbar,T-13748mdegC
1593594213:[PRESS ,0038]P    -92mbar,T+24762mdegC
1593594216:[BYPASS,0035]bypass opening 10000ms
1593594221:[BYPASS,0104]battery 15063mV,  278038uA (bypass opening), P   -102mbar
1593594236:[BYPASS,0106]battery 15052mV,  296338uA (bypass closing), P   -102mbar
1593594240:[PRESS ,0038]P   -112mbar,T -2266mdegC
1593594245:[PRESS ,0038]P   -102mbar,T+24762mdegC
1593594247:[PRESS ,0038]P    -92mbar,T-13748mdegC
1593594249:[PRESS ,0038]P    -92mbar,T+24762mdegC
1593594251:[PRESS ,0038]P    -92mbar,T-13748mdegC
1593594252:[PRESS ,0038]P   -102mbar,T+24762mdegC
1593594256:[PRESS ,0038]P   -102mbar,T -2266mdegC
1593594258:[PRESS ,0038]P    -82mbar,T+24762mdegC
1593594263:[PRESS ,0038]P    -92mbar,T-13748mdegC
1593594263:[BYPASS,0035]bypass opening 10000ms
1593594268:[BYPASS,0104]battery 15066mV,  276452uA (bypass opening), P    -92mbar
1593594283:[BYPASS,0106]battery 15056mV,  295850uA (bypass closing), P    -92mbar
1593594287:[PRESS ,0038]P    -72mbar,T+24762mdegC
1593594290:[PRESS ,0038]P    -72mbar,T-13748mdegC
1593594294:[PRESS ,0038]P    -82mbar,T+24762mdegC
1593594301:[PRESS ,0038]P    -62mbar,T -2266mdegC
1593594308:[PRESS ,0038]P    -72mbar,T+24762mdegC
1593594310:[PRESS ,0038]P    -62mbar,T -2266mdegC
1593594310:[BYPASS,0035]bypass opening 10000ms
1593594315:[BYPASS,0104]battery 15068mV,  274256uA (bypass opening), P    -62mbar
1593594330:[BYPASS,0106]battery 15060mV,  295362uA (bypass closing), P    -62mbar
1593594332:[PRESS ,0038]P     -2mbar,T+24762mdegC
1593594334:[PRESS ,0038]P     -2mbar,T -2266mdegC
1593594337:[PRESS ,0038]P    +18mbar,T+24762mdegC
1593594339:[PRESS ,0038]P    +48mbar,T -2266mdegC
1593594344:[PRESS ,0038]P    +68mbar,T+24762mdegC
1593594346:[PRESS ,0038]P    +78mbar,T -2266mdegC
1593594348:[PRESS ,0038]P    +88mbar,T+24762mdegC
1593594353:[PRESS ,0038]P   +118mbar,T -2266mdegC
1593594355:[PRESS ,0038]P   +128mbar,T+24762mdegC
1593594357:[PRESS ,0038]P   +148mbar,T -2266mdegC
1593594360:[PRESS ,0038]P   +158mbar,T+24762mdegC
1593594371:[PRESS ,0038]P   +208mbar,T -2266mdegC
1593594376:[PRESS ,0038]P   +248mbar,T+24762mdegC
1593594379:[PRESS ,0038]P   +268mbar,T-13748mdegC
1593594382:[PRESS ,0038]P   +278mbar,T+24762mdegC
1593594393:[PRESS ,0038]P   +348mbar,T+24762mdegC
1593594401:[PRESS ,0038]P   +388mbar,T -2266mdegC
1593594404:[PRESS ,0038]P   +398mbar,T-13748mdegC
1593594407:[PRESS ,0038]P   +418mbar,T+24762mdegC
1593594410:[PRESS ,0038]P   +438mbar,T -2266mdegC
1593594413:[PRESS ,0038]P   +448mbar,T+24762mdegC
1593594427:[PRESS ,0038]P   +518mbar,T -2266mdegC
1593594428:[PRESS ,0038]P   +528mbar,T+24762mdegC
1593594428:[DIVING,0028]528mbar reached (+5mbar/s), 9 bypass done
1593594429:[MAIN  ,0056]stage[0]
1593594431:[MAIN  ,0024]internal pressure 82203Pa
1593594432:[BUOY  ,0037]P   +548mbar
1593594432:[STAGE ,0080]Stage [0] 5000mbar (+/-500mbar) 1800s (<1593596228s) 
1593594434:[PRESS ,0038]P   +558mbar,T-29294mdegC
1593594495:[PRESS ,0038]P   +878mbar,T -2266mdegC
1593594496:[PRESS ,0038]P   +888mbar,T-13748mdegC
1593594502:[PRESS ,0038]P   +898mbar,T+24762mdegC
1593594505:[PRESS ,0038]P   +918mbar,T -2266mdegC
1593594507:[PRESS ,0038]P   +918mbar,T-13748mdegC
1593594512:[PRESS ,0038]P   +938mbar,T+24762mdegC
1593594514:[PRESS ,0038]P   +958mbar,T-13748mdegC
1593594516:[PRESS ,0038]P   +958mbar,T+24762mdegC
1593594580:[PRESS ,0038]P  +1278mbar,T-13748mdegC
1593594584:[PRESS ,0038]P  +1318mbar,T+24762mdegC
1593594593:[PRESS ,0038]P  +1368mbar,T-13748mdegC
1593594596:[PRESS ,0038]P  +1378mbar,T+24762mdegC
1593594602:[PRESS ,0038]P  +1418mbar,T-13748mdegC
1593594666:[PRESS ,0038]P  +1758mbar,T+24762mdegC
1593594669:[PRESS ,0038]P  +1778mbar,T -2266mdegC
1593594673:[PRESS ,0038]P  +1798mbar,T+24762mdegC
1593594676:[PRESS ,0038]P  +1798mbar,T -2266mdegC
1593594678:[PRESS ,0038]P  +1818mbar,T+24762mdegC
1593594687:[PRESS ,0038]P  +1858mbar,T -2266mdegC
1593594689:[PRESS ,0038]P  +1858mbar,T-13748mdegC
1593594691:[PRESS ,0038]P  +1878mbar,T -2266mdegC
1593594751:[PRESS ,0038]P  +2098mbar,T-13748mdegC
1593594753:[PRESS ,0038]P  +2108mbar,T+24762mdegC
1593594757:[PRESS ,0038]P  +2128mbar,T-13748mdegC
1593594759:[PRESS ,0038]P  +2128mbar,T+24762mdegC
1593594760:[PRESS ,0038]P  +2138mbar,T-13748mdegC
1593594762:[PRESS ,0038]P  +2138mbar,T -2266mdegC
1593594764:[PRESS ,0038]P  +2138mbar,T+24762mdegC
1593594766:[PRESS ,0038]P  +2158mbar,T+13277mdegC
1593594768:[PRESS ,0038]P  +2168mbar,T+24762mdegC
1593594769:[PRESS ,0038]P  +2178mbar,T -2266mdegC
1593594771:[PRESS ,0038]P  +2188mbar,T+24762mdegC
1593594773:[PRESS ,0038]P  +2198mbar,T-13748mdegC
1593594777:[PRESS ,0038]P  +2208mbar,T -2266mdegC
1593594837:[PRESS ,0038]P  +2328mbar,T+24762mdegC
1593594841:[PRESS ,0038]P  +2338mbar,T -2266mdegC
1593594843:[PRESS ,0038]P  +2348mbar,T-13748mdegC
1593594845:[PRESS ,0038]P  +2338mbar,T+24762mdegC
1593594846:[PRESS ,0038]P  +2338mbar,T -2266mdegC
1593594848:[PRESS ,0038]P  +2338mbar,T+24762mdegC
1593594857:[PRESS ,0038]P  +2338mbar,T-13748mdegC
1593594859:[PRESS ,0038]P  +2338mbar,T+24762mdegC
1593594861:[PRESS ,0038]P  +2338mbar,T -2266mdegC
1593594862:[PRESS ,0038]P  +2348mbar,T+24762mdegC
1593594862:<WARN>[BUOY  ,0094]stage[0] should DESCENT, stuck at 2348mbar for the #1 time
1593594863:[BUOY  ,0087]from +0mbar/s to +4mbar/s
1593594863:[BUOY  ,0090]need to transfer -26mL (valve during 6906ms)
1593594863:[VALVE ,0034]valve opening 6906ms
1593594870:[VALVE ,0234]battery 15100mV,  480314uA, P  +2348mbar
1593594923:[PRESS ,0038]P  +2458mbar,T-13748mdegC
1593594925:[PRESS ,0038]P  +2458mbar,T+24762mdegC
1593594927:[PRESS ,0038]P  +2468mbar,T -2266mdegC
1593594929:[PRESS ,0038]P  +2468mbar,T-13748mdegC
1593594931:[PRESS ,0038]P  +2478mbar,T+24762mdegC
1593594934:[PRESS ,0038]P  +2478mbar,T-13748mdegC
1593594936:[PRESS ,0038]P  +2478mbar,T+24762mdegC
1593594941:[PRESS ,0038]P  +2488mbar,T-13748mdegC
1593594943:[PRESS ,0038]P  +2478mbar,T -2266mdegC
1593594945:[PRESS ,0038]P  +2488mbar,T+24762mdegC
1593594947:[PRESS ,0038]P  +2498mbar,T -2266mdegC
1593594949:[PRESS ,0038]P  +2488mbar,T+24762mdegC
1593594949:[BUOY  ,0087]from +1mbar/s to +4mbar/s
1593594949:[BUOY  ,0090]need to transfer -24mL (valve during 6245ms)
1593594949:[VALVE ,0034]valve opening 6245ms
1593594955:[VALVE ,0234]battery 15096mV,  477386uA, P  +2488mbar
1593595009:[PRESS ,0038]P  +2788mbar,T+24762mdegC
1593595011:[PRESS ,0038]P  +2798mbar,T -2266mdegC
1593595013:[PRESS ,0038]P  +2808mbar,T+24762mdegC
1593595015:[PRESS ,0038]P  +2818mbar,T-13748mdegC
1593595017:[PRESS ,0038]P  +2818mbar,T+24762mdegC
1593595022:[PRESS ,0038]P  +2848mbar,T-29294mdegC
1593595024:[PRESS ,0038]P  +2848mbar,T+24762mdegC
1593595026:[PRESS ,0038]P  +2868mbar,T-13748mdegC
1593595027:[PRESS ,0038]P  +2878mbar,T+24762mdegC
1593595029:[PRESS ,0038]P  +2878mbar,T -2266mdegC
1593595031:[PRESS ,0038]P  +2898mbar,T+24762mdegC
1593595033:[PRESS ,0038]P  +2898mbar,T -2266mdegC
1593595035:[PRESS ,0038]P  +2908mbar,T+24762mdegC
1593595035:[BUOY  ,0087]from +5mbar/s to +3mbar/s
1593595035:[BUOY  ,0089]need to transfer +26mL (pump during 31513ms)
1593595043:[PUMP  ,0207]battery 15360mV,   18910uA (warmup), P  +2908mbar
1593595043:[PUMP  ,0016]pump during 31513ms
1593595074:[PUMP  ,0212]battery 15181mV,  279380uA (steady state), P  +2908mbar
1593595099:[PRESS ,0038]P  +3098mbar,T+24762mdegC
1593595104:[PRESS ,0038]P  +3118mbar,T -2266mdegC
1593595106:[PRESS ,0038]P  +3128mbar,T+24762mdegC
1593595115:[PRESS ,0038]P  +3168mbar,T -2266mdegC
1593595117:[PRESS ,0038]P  +3178mbar,T+24762mdegC
1593595124:[PRESS ,0038]P  +3188mbar,T -2266mdegC
1593595184:[PRESS ,0038]P  +3288mbar,T+24762mdegC
1593595193:[PRESS ,0038]P  +3308mbar,T-13748mdegC
1593595195:[PRESS ,0038]P  +3328mbar,T+24762mdegC
1593595197:[PRESS ,0038]P  +3328mbar,T-13748mdegC
1593595199:[PRESS ,0038]P  +3328mbar,T+24762mdegC
1593595200:[PRESS ,0038]P  +3338mbar,T -2266mdegC
1593595204:[PRESS ,0038]P  +3348mbar,T-29294mdegC
1593595206:[PRESS ,0038]P  +3348mbar,T-13748mdegC
1593595208:[PRESS ,0038]P  +3368mbar,T+24762mdegC
1593595270:[PRESS ,0038]P  +3528mbar,T+24762mdegC
1593595281:[PRESS ,0038]P  +3558mbar,T -2266mdegC
1593595283:[PRESS ,0038]P  +3568mbar,T-13748mdegC
1593595284:[PRESS ,0038]P  +3568mbar,T -2266mdegC
1593595286:[PRESS ,0038]P  +3568mbar,T+24762mdegC
1593595356:[PRESS ,0038]P  +3728mbar,T -2266mdegC
1593595359:[PRESS ,0038]P  +3748mbar,T+24762mdegC
1593595370:[PRESS ,0038]P  +3778mbar,T -2266mdegC
1593595372:[PRESS ,0038]P  +3768mbar,T+24762mdegC
1593595375:[PRESS ,0038]P  +3768mbar,T-13748mdegC
1593595377:[PRESS ,0038]P  +3768mbar,T+24762mdegC
1593595379:[PRESS ,0038]P  +3778mbar,T -2266mdegC
1593595381:[PRESS ,0038]P  +3788mbar,T+24762mdegC
1593595441:[PRESS ,0038]P  +3888mbar,T+24762mdegC
1593595445:[PRESS ,0038]P  +3888mbar,T -2266mdegC
1593595448:[PRESS ,0038]P  +3908mbar,T+24762mdegC
1593595450:[PRESS ,0038]P  +3908mbar,T -2266mdegC
1593595452:[PRESS ,0038]P  +3898mbar,T+24762mdegC
1593595454:[PRESS ,0038]P  +3908mbar,T -2266mdegC
1593595463:[PRESS ,0038]P  +3928mbar,T+24762mdegC
1593595465:[PRESS ,0038]P  +3928mbar,T -2266mdegC
1593595466:[PRESS ,0038]P  +3928mbar,T+24762mdegC
1593595527:[PRESS ,0038]P  +4038mbar,T+24762mdegC
1593595534:[PRESS ,0038]P  +4058mbar,T -2266mdegC
1593595536:[PRESS ,0038]P  +4068mbar,T+24762mdegC
1593595538:[PRESS ,0038]P  +4078mbar,T -2266mdegC
1593595541:[PRESS ,0038]P  +4088mbar,T+24762mdegC
1593595543:[PRESS ,0038]P  +4088mbar,T-29294mdegC
1593595545:[PRESS ,0038]P  +4088mbar,T -2266mdegC
1593595549:[PRESS ,0038]P  +4088mbar,T-29294mdegC
1593595550:[PRESS ,0038]P  +4098mbar,T -2266mdegC
1593595552:[PRESS ,0038]P  +4098mbar,T+24762mdegC
1593595613:[PRESS ,0038]P  +4258mbar,T -2266mdegC
1593595615:[PRESS ,0038]P  +4258mbar,T+24762mdegC
1593595620:[PRESS ,0038]P  +4268mbar,T -2266mdegC
1593595622:[PRESS ,0038]P  +4288mbar,T+24762mdegC
1593595624:[PRESS ,0038]P  +4298mbar,T -2266mdegC
1593595631:[PRESS ,0038]P  +4318mbar,T+24762mdegC
1593595633:[PRESS ,0038]P  +4318mbar,T-13748mdegC
1593595634:[PRESS ,0038]P  +4328mbar,T -2266mdegC
1593595638:[PRESS ,0038]P  +4328mbar,T+24762mdegC
1593595699:[PRESS ,0038]P  +4478mbar,T -2266mdegC
1593595700:[PRESS ,0038]P  +4498mbar,T+24762mdegC
1593595704:[PRESS ,0038]P  +4498mbar,T -2266mdegC
1593595713:[PRESS ,0038]P  +4518mbar,T-29294mdegC
1593595715:[PRESS ,0038]P  +4518mbar,T -2266mdegC
1593595718:[PRESS ,0038]P  +4538mbar,T+24762mdegC
1593595720:[PRESS ,0038]P  +4538mbar,T-29294mdegC
1593595724:[PRESS ,0038]P  +4548mbar,T+24762mdegC
1593595724:[STAGE ,0213]4548mbar reached at 1593595724s, ref 5000mbar +/-500mbar
1593595724:[BUOY  ,0087]from +3mbar/s to +0mbar/s
1593595724:[BUOY  ,0089]need to transfer +14mL (pump during 16837ms)
1593595732:[PUMP  ,0207]battery 15410mV,   18788uA (warmup), P  +4548mbar
1593595732:[PUMP  ,0016]pump during 16837ms
1593595748:[PUMP  ,0212]battery 15220mV,  300120uA (steady state), P  +4548mbar
1593595788:[PRESS ,0038]P  +4688mbar,T-29294mdegC
1593595789:[PRESS ,0038]P  +4688mbar,T -2266mdegC
1593595791:[PRESS ,0038]P  +4698mbar,T+24762mdegC
1593595793:[PRESS ,0038]P  +4688mbar,T -2266mdegC
1593595795:[PRESS ,0038]P  +4688mbar,T+24762mdegC
1593595797:[PRESS ,0038]P  +4698mbar,T -2266mdegC
1593595799:[PRESS ,0038]P  +4698mbar,T+24762mdegC
1593595800:[PRESS ,0038]P  +4698mbar,T-29294mdegC
1593595802:[PRESS ,0038]P  +4698mbar,T -2266mdegC
1593595806:[PRESS ,0038]P  +4698mbar,T+24762mdegC
1593595808:[PRESS ,0038]P  +4708mbar,T-29294mdegC
1593595811:[PRESS ,0038]P  +4698mbar,T -2266mdegC
1593595813:[PRESS ,0038]P  +4698mbar,T-29294mdegC
1593595934:[PRESS ,0038]P  +4718mbar,T -2266mdegC
1593595995:[PRESS ,0038]P  +4738mbar,T+24762mdegC
1593596056:[PRESS ,0038]P  +4778mbar,T-29294mdegC
1593596116:[PRESS ,0038]P  +4798mbar,T -2266mdegC
1593596177:[PRESS ,0038]P  +4818mbar,T-29294mdegC
1593596238:[MAIN  ,0140]stage[0] complete 1810s after mission start
1593596238:[MAIN  ,0056]stage[1]
1593596240:[MAIN  ,0024]internal pressure 81365Pa
1593596241:[MRMAID,0002]acq started
1593596251:[PRESS ,0038]P  +4888mbar,T-29294mdegC
1593596251:[BUOY  ,0037]P  +4888mbar
1593596251:[STAGE ,0080]Stage [1] 5000mbar (+/-500mbar) 1800s (<1593598028s) MERMAID
1593596253:[STAGE ,0213]4878mbar reached at 1593596253s, ref 5000mbar +/-500mbar
1593596314:[PRESS ,0038]P  +4928mbar,T +9212mdegC
1593596374:[PRESS ,0038]P  +4988mbar,T -2266mdegC
1593596435:[PRESS ,0038]P  +5078mbar,T-29294mdegC
1593596435:[BUOY  ,0087]from +1mbar/s to +0mbar/s
1593596435:[BUOY  ,0089]need to transfer +2mL (pump during 2403ms)
1593596435:[MRMAID,0003]acq stopped
1593596444:[PUMP  ,0207]battery 15437mV,   18666uA (warmup), P  +5078mbar
1593596444:[PUMP  ,0016]pump during 2403ms
1593596450:[MRMAID,0002]acq started
1593596509:[PRESS ,0038]P  +5118mbar,T -2266mdegC
1593596511:[PRESS ,0038]P  +5118mbar,T +9212mdegC
1593596513:[PRESS ,0038]P  +5108mbar,T-29294mdegC
1593596518:[PRESS ,0038]P  +5118mbar,T -2266mdegC
1593596522:[PRESS ,0038]P  +5118mbar,T-29294mdegC
1593596525:[PRESS ,0038]P  +5118mbar,T -2266mdegC
1593596529:[PRESS ,0038]P  +5118mbar,T +9212mdegC
1593596532:[PRESS ,0038]P  +5118mbar,T-29294mdegC
1593596595:[PRESS ,0038]P  +5188mbar,T-29294mdegC
1593596595:[BUOY  ,0087]from +1mbar/s to +0mbar/s
1593596595:[BUOY  ,0089]need to transfer +2mL (pump during 2403ms)
1593596595:[MRMAID,0003]acq stopped
1593596604:[PUMP  ,0207]battery 15438mV,   18666uA (warmup), P  +5188mbar
1593596604:[PUMP  ,0016]pump during 2403ms
1593596609:[MRMAID,0002]acq started
1593596669:[PRESS ,0038]P  +5178mbar,T +9212mdegC
1593596676:[PRESS ,0038]P  +5178mbar,T-29294mdegC
1593596678:[PRESS ,0038]P  +5178mbar,T +9212mdegC
1593596679:[PRESS ,0038]P  +5168mbar,T-29294mdegC
1593596683:[PRESS ,0038]P  +5168mbar,T +9212mdegC
1593596688:[PRESS ,0038]P  +5168mbar,T-29294mdegC
1593596690:[PRESS ,0038]P  +5178mbar,T +9212mdegC
1593596692:[PRESS ,0038]P  +5168mbar,T-29294mdegC
1593596815:[PRESS ,0038]P  +5228mbar,T +9212mdegC
1593596876:[PRESS ,0038]P  +5238mbar,T -2266mdegC
1593596936:[PRESS ,0038]P  +5248mbar,T-29294mdegC
1593597058:[PRESS ,0038]P  +5318mbar,T-29294mdegC
1593597118:[PRESS ,0038]P  +5398mbar,T-29294mdegC
1593597179:[PRESS ,0038]P  +5458mbar,T-29294mdegC
1593597179:[BUOY  ,0087]from +1mbar/s to +0mbar/s
1593597179:[BUOY  ,0089]need to transfer +2mL (pump during 2400ms)
1593597179:[MRMAID,0003]acq stopped
1593597188:[PUMP  ,0207]battery 15455mV,   18666uA (warmup), P  +5458mbar
1593597188:[PUMP  ,0016]pump during 2400ms
1593597193:[MRMAID,0002]acq started
1593597253:[PRESS ,0038]P  +5548mbar,T-29294mdegC
1593597257:[PRESS ,0038]P  +5558mbar,T -2266mdegC
1593597258:[PRESS ,0038]P  +5558mbar,T +9212mdegC
1593597260:[PRESS ,0038]P  +5568mbar,T-29294mdegC
1593597264:[PRESS ,0038]P  +5568mbar,T +9212mdegC
1593597267:[PRESS ,0038]P  +5578mbar,T-29294mdegC
1593597273:[PRESS ,0038]P  +5578mbar,T +9212mdegC
1593597275:[PRESS ,0038]P  +5588mbar,T-29294mdegC
1593597278:[PRESS ,0038]P  +5588mbar,T +9212mdegC
1593597278:<WARN>[BUOY  ,0094]stage[1] should ASCENT, stuck at 5588mbar for the #1 time
1593597278:[BUOY  ,0087]from +2mbar/s to -2mbar/s
1593597278:[BUOY  ,0089]need to transfer +12mL (pump during 14401ms)
1593597278:[MRMAID,0003]acq stopped
1593597287:[PUMP  ,0207]battery 15452mV,   18666uA (warmup), P  +5588mbar
1593597287:[PUMP  ,0016]pump during 14401ms
1593597301:[PUMP  ,0212]battery 15246mV,  317200uA (steady state), P  +5588mbar
1593597305:[MRMAID,0002]acq started
1593597354:[PRESS ,0038]P  +5628mbar,T-29294mdegC
1593597356:[PRESS ,0038]P  +5618mbar,T +9212mdegC
1593597363:[PRESS ,0038]P  +5618mbar,T-29294mdegC
1593597365:[PRESS ,0038]P  +5628mbar,T +9212mdegC
1593597368:[PRESS ,0038]P  +5618mbar,T-17818mdegC
1593597370:[PRESS ,0038]P  +5618mbar,T-29294mdegC
1593597372:[PRESS ,0038]P  +5608mbar,T +9212mdegC
1593597377:[PRESS ,0038]P  +5618mbar,T-29294mdegC
1593597377:<WARN>[BUOY  ,0094]stage[1] should ASCENT, stuck at 5618mbar for the #2 time
1593597377:[BUOY  ,0087]from +0mbar/s to -2mbar/s
1593597377:[BUOY  ,0089]need to transfer +6mL (pump during 7200ms)
1593597377:[MRMAID,0003]acq stopped
1593597386:[PUMP  ,0207]battery 15431mV,   18666uA (warmup), P  +5618mbar
1593597386:[PUMP  ,0016]pump during 7200ms
1593597393:[PUMP  ,0212]battery 15230mV,  309270uA (steady state), P  +5618mbar
1593597396:[MRMAID,0002]acq started
1593597451:[PRESS ,0038]P  +5498mbar,T-17818mdegC
1593597453:[PRESS ,0038]P  +5498mbar,T +9212mdegC
1593597455:[PRESS ,0038]P  +5498mbar,T-29294mdegC
1593597457:[PRESS ,0038]P  +5488mbar,T +9212mdegC
1593597460:[PRESS ,0038]P  +5488mbar,T-29294mdegC
1593597462:[PRESS ,0038]P  +5478mbar,T +9212mdegC
1593597466:[PRESS ,0038]P  +5468mbar,T-29294mdegC
1593597469:[PRESS ,0038]P  +5468mbar,T +9212mdegC
1593597471:[PRESS ,0038]P  +5458mbar,T-29294mdegC
1593597473:[PRESS ,0038]P  +5448mbar,T +9212mdegC
1593597537:[PRESS ,0038]P  +5298mbar,T-29294mdegC
1593597598:[PRESS ,0038]P  +5138mbar,T-29294mdegC
1593597658:[PRESS ,0038]P  +5048mbar,T-29294mdegC
1593597719:[PRESS ,0038]P  +4948mbar,T +9212mdegC
1593597719:[BUOY  ,0087]from -2mbar/s to +0mbar/s
1593597719:[BUOY  ,0090]need to transfer -6mL (valve during 1093ms)
1593597719:[MRMAID,0003]acq stopped
1593597720:[VALVE ,0034]valve opening 1093ms
1593597721:[VALVE ,0234]battery 15153mV,  492148uA, P  +4948mbar
1593597722:[MRMAID,0002]acq started
1593597790:[PRESS ,0038]P  +4858mbar,T-29294mdegC
1593597793:[PRESS ,0038]P  +4848mbar,T +9212mdegC
1593597795:[PRESS ,0038]P  +4848mbar,T-17818mdegC
1593597797:[PRESS ,0038]P  +4848mbar,T +9212mdegC
1593597799:[PRESS ,0038]P  +4848mbar,T-29294mdegC
1593597802:[PRESS ,0038]P  +4838mbar,T +9212mdegC
1593597804:[PRESS ,0038]P  +4848mbar,T-29294mdegC
1593597806:[PRESS ,0038]P  +4838mbar,T +9212mdegC
1593597813:[PRESS ,0038]P  +4838mbar,T-29294mdegC
1593597815:[PRESS ,0038]P  +4838mbar,T +9212mdegC
1593597815:[BUOY  ,0087]from -1mbar/s to +0mbar/s
1593597815:[BUOY  ,0090]need to transfer -2mL (valve during 370ms)
1593597815:[MRMAID,0003]acq stopped
1593597816:[VALVE ,0034]valve opening 370ms
1593597817:[MRMAID,0002]acq started
1593597886:[PRESS ,0038]P  +4768mbar,T-29294mdegC
1593597888:[PRESS ,0038]P  +4758mbar,T +9212mdegC
1593597889:[PRESS ,0038]P  +4768mbar,T -2266mdegC
1593597891:[PRESS ,0038]P  +4758mbar,T-29294mdegC
1593597898:[PRESS ,0038]P  +4758mbar,T +9212mdegC
1593597900:[PRESS ,0038]P  +4748mbar,T-29294mdegC
1593597902:[PRESS ,0038]P  +4748mbar,T +9212mdegC
1593597904:[PRESS ,0038]P  +4758mbar,T-29294mdegC
1593597906:[PRESS ,0038]P  +4748mbar,T +9212mdegC
1593597907:[PRESS ,0038]P  +4748mbar,T-29294mdegC
1593597911:[BUOY  ,0087]from -1mbar/s to +0mbar/s
1593597911:[BUOY  ,0090]need to transfer -2mL (valve during 375ms)
1593597911:[MRMAID,0003]acq stopped
1593597911:[VALVE ,0034]valve opening 375ms
1593597913:[MRMAID,0002]acq started
1593597982:[PRESS ,0038]P  +4728mbar,T-17818mdegC
1593597983:[PRESS ,0038]P  +4738mbar,T +9212mdegC
1593597985:[PRESS ,0038]P  +4728mbar,T-29294mdegC
1593597987:[PRESS ,0038]P  +4728mbar,T +9212mdegC
1593597989:[PRESS ,0038]P  +4738mbar,T-29294mdegC
1593597991:[PRESS ,0038]P  +4738mbar,T +9212mdegC
1593597992:[PRESS ,0038]P  +4728mbar,T-29294mdegC
1593597998:[PRESS ,0038]P  +4738mbar,T +9212mdegC
1593598000:[PRESS ,0038]P  +4738mbar,T-17818mdegC
1593598001:[PRESS ,0038]P  +4728mbar,T +9212mdegC
1593598067:[PRESS ,0038]P  +4748mbar,T-29294mdegC
1593598067:[MAIN  ,0140]stage[1] complete 3639s after mission start
1593598068:[MRMAID,0003]acq stopped
1593598128:[MRMAID,0188]acq already stopped
1593598188:[MSSION,0192]mission stopped, 2 stage(s) done
1593598188:[MAIN  ,0065]surfacing
1593598190:[PRESS ,0038]P  +4778mbar,T +9212mdegC
1593598190:[SURFIN,0036]P  +4778mbar
1593598198:[PUMP  ,0207]battery 15453mV,   18788uA (warmup), P  +4778mbar
1593598198:[PUMP  ,0016]pump during 60000ms
1593598257:[PUMP  ,0212]battery 15248mV,  308172uA (steady state), P  +4778mbar
1593598315:[PRESS ,0038]P  +4478mbar,T +9212mdegC
1593598317:[PRESS ,0038]P  +4468mbar,T-17818mdegC
1593598319:[PRESS ,0038]P  +4458mbar,T +9212mdegC
1593598326:[PRESS ,0038]P  +4418mbar,T-29294mdegC
1593598329:[PRESS ,0038]P  +4408mbar,T +9212mdegC
1593598331:[PRESS ,0038]P  +4418mbar,T-29294mdegC
1593598333:[PRESS ,0038]P  +4398mbar,T +9212mdegC
1593598336:[PRESS ,0038]P  +4378mbar,T-29294mdegC
1593598340:[PRESS ,0038]P  +4368mbar,T +9212mdegC
1593598348:[PUMP  ,0207]battery 15370mV,   18666uA (warmup), P  +4368mbar
1593598348:[PUMP  ,0016]pump during 60000ms
1593598407:[PUMP  ,0212]battery 15168mV,  299876uA (steady state), P  +4368mbar
1593598465:[PRESS ,0038]P  +3668mbar,T +9212mdegC
1593598468:[PRESS ,0038]P  +3648mbar,T-29294mdegC
1593598472:[PRESS ,0038]P  +3628mbar,T +9212mdegC
1593598476:[PRESS ,0038]P  +3608mbar,T-29294mdegC
1593598479:[PRESS ,0038]P  +3598mbar,T-17818mdegC
1593598481:[PRESS ,0038]P  +3578mbar,T-29294mdegC
1593598483:[PRESS ,0038]P  +3578mbar,T +9212mdegC
1593598485:[PRESS ,0038]P  +3578mbar,T-29294mdegC
1593598488:[PRESS ,0038]P  +3548mbar,T +9212mdegC
1593598490:[PRESS ,0038]P  +3548mbar,T-17818mdegC
1593598498:[PUMP  ,0207]battery 15311mV,   18788uA (warmup), P  +3548mbar
1593598498:[PUMP  ,0016]pump during 60000ms
1593598557:[PUMP  ,0212]battery 15113mV,  295606uA (steady state), P  +3548mbar
1593598615:[PRESS ,0038]P  +2858mbar,T-29294mdegC
1593598617:[PRESS ,0038]P  +2858mbar,T +9212mdegC
1593598624:[PRESS ,0038]P  +2828mbar,T-29294mdegC
1593598626:[PRESS ,0038]P  +2808mbar,T +9212mdegC
1593598633:[PRESS ,0038]P  +2768mbar,T-29294mdegC
1593598634:[PRESS ,0038]P  +2758mbar,T +9212mdegC
1593598640:[PRESS ,0038]P  +2738mbar,T-29294mdegC
1593598648:[PUMP  ,0207]battery 15270mV,   18788uA (warmup), P  +2738mbar
1593598648:[PUMP  ,0016]pump during 60000ms
1593598707:[PUMP  ,0212]battery 15077mV,  292678uA (steady state), P  +2738mbar
1593598765:[PRESS ,0038]P  +2038mbar,T-29294mdegC
1593598766:[PRESS ,0038]P  +2048mbar,T +9212mdegC
1593598772:[PRESS ,0038]P  +2028mbar,T -2266mdegC
1593598774:[PRESS ,0038]P  +2008mbar,T-29294mdegC
1593598777:[PRESS ,0038]P  +1978mbar,T -2266mdegC
1593598779:[PRESS ,0038]P  +1968mbar,T +9212mdegC
1593598781:[PRESS ,0038]P  +1978mbar,T-29294mdegC
1593598786:[PRESS ,0038]P  +1928mbar,T-17818mdegC
1593598788:[PRESS ,0038]P  +1908mbar,T +9212mdegC
1593598790:[PRESS ,0038]P  +1908mbar,T-29294mdegC
1593598798:[PUMP  ,0207]battery 15243mV,   18910uA (warmup), P  +1908mbar
1593598798:[PUMP  ,0016]pump during 60000ms
1593598857:[PUMP  ,0212]battery 15055mV,  284626uA (steady state), P  +1908mbar
1593598915:[PRESS ,0038]P  +1098mbar,T-17818mdegC
1593598916:[PRESS ,0038]P  +1098mbar,T-29294mdegC
1593598918:[PRESS ,0038]P  +1078mbar,T +9212mdegC
1593598922:[PRESS ,0038]P  +1058mbar,T-29294mdegC
1593598924:[PRESS ,0038]P  +1038mbar,T +9212mdegC
1593598929:[PRESS ,0038]P   +988mbar,T-17818mdegC
1593598931:[PRESS ,0038]P   +978mbar,T +9212mdegC
1593598940:[PRESS ,0038]P   +918mbar,T +9212mdegC
1593599061:[PRESS ,0038]P   +278mbar,T-29294mdegC
1593599065:[SURFIN,0020]filling external bladder
1593599073:[PUMP  ,0207]battery 15280mV,   18788uA (warmup), P   +278mbar
1593599073:[PUMP  ,0016]pump during 300000ms
1593599371:[PUMP  ,0212]battery 14811mV,  911950uA (steady state), P   +278mbar
1593599383:[PUMP  ,0207]battery 14762mV,   18788uA (warmup), P   +278mbar
1593599383:[PUMP  ,0016]pump during 300000ms
1593599442:[PUMP  ,0212]battery 14432mV,  847412uA (steady state), P   +278mbar
1593599444:[SURFIN,0019]external bladder full
1593599445:[PRESS ,0038]P   +120mbar,T-29294mdegC
1593599447:[PRESS ,0038]P   +130mbar,T +9212mdegC
1593599449:[PRESS ,0038]P   +120mbar,T-29294mdegC
1593599451:[PRESS ,0038]P   +120mbar,T -2266mdegC
1593599453:[PRESS ,0038]P   +120mbar,T-29294mdegC
1593599458:[PRESS ,0038]P   +130mbar,T -2266mdegC
1593599460:[PRESS ,0038]P   +130mbar,T-29294mdegC
1593599462:[PRESS ,0038]P   +130mbar,T +9212mdegC
1593599463:[PRESS ,0038]P   +120mbar,T -2266mdegC
1593599465:[PRESS ,0038]P   +110mbar,T-29294mdegC
1593599470:[PRESS ,0038]P   +120mbar,T -2266mdegC
1593599506:[MAIN  ,0272]Vbat 14973mV (min 14855mV)
1593599509:[MAIN  ,0024]internal pressure 78961Pa
1593599509:[MAIN  ,0043]Pext 123mbar (rng 20mbar)
1593599509:[MAIN  ,0064]surface
1593599524:[SURF  ,0022]GPS fix...
1593599544:[SURF  ,0015]10 PPS detected...
1593599545:[MRMAID,0052]Mermaid $GPSACK:+0,+0,+0,+0,+0,+0,-274;
1593599555:[MRMAID,0052]Mermaid $GPSOFF:3686325;
1593599556:[GPSFIX,0179]-1s diff
1593599557:[SURF  ,0222]2020-07-01T10:32:37
1593599557:[SURF  ,0082]Latitude : N43deg40.940mn, Longitude :E007deg19.178mn
1593599557:[SURF  ,0223]fix3D,9satellites
1593599557:[SURF  ,0084]GPS fix GPGSA : hdop0.740,vdop1.070
1593599567:[SURF  ,0274]last almanac : 68618
1593599580:[MRMAID,0026]1562 bytes in 0058/5EFC6654.MER
1593599585:[MAIN  ,0320]New pressure offset: 123mbar
1593599585:[LOGBIN,0078]*** switching to 0058/5EFC6661 ***
