1593633009:[MAIN  ,0007]buoy 452.120-R-0058
1593633009:[MAIN  ,0055]soft pilotage 452.012.300_V2.20-20200612
1593633009:[MAIN  ,0010]cycle 16
1593633009:[SURF  ,0225]surface2
1593633027:[SURF  ,0022]GPS fix...
1593633047:[SURF  ,0015]10 PPS detected...
1593633048:[MRMAID,0052]Mermaid $GPSACK:+0,+0,+0,+0,+0,+0,-30;
1593633058:[MRMAID,0052]Mermaid $GPSOFF:3686324;
1593633059:[GPSFIX,0179]-1s diff
1593633060:[SURF  ,0222]2020-07-01T19:51:00
1593633060:[SURF  ,0082]Latitude : N43deg40.939mn, Longitude :E007deg19.178mn
1593633060:[SURF  ,0223]fix3D,8satellites
1593633060:[SURF  ,0084]GPS fix GPGSA : hdop0.820,vdop1.180
1593633070:[SURF  ,0025]Iridium...
1593633115:[SURF  ,0009]connected in 45s, signal quality 5
1593633180:[SURF  ,0218]prompt received, remote cmd end
1593633180:[SURF  ,0012]13 cmd(s) received
1593633202:[UPLOAD,0248]Upload data files...
1593633221:[UPLOAD,0231]"0058/5EFCE8E4.MER" uploaded at 141bytes/s
1593633400:[SURF  ,0014]disconnected after 330s
1593633406:[SURFIN,0020]filling external bladder
1593633414:[PUMP  ,0207]battery 15081mV,   18300uA (warmup), P   +140mbar
1593633414:[PUMP  ,0016]pump during 300000ms
1593633423:[PUMP  ,0212]battery 14705mV,  841190uA (steady state), P   +140mbar
1593633425:[SURFIN,0019]external bladder full
1593633425:[SURF  ,0069]transfer interrupted , retry
1593633440:[SURF  ,0022]GPS fix...
1593633460:[SURF  ,0015]10 PPS detected...
1593633461:[MRMAID,0052]Mermaid $GPSACK:+0,+0,+0,+0,+0,+0,-30;
1593633471:[MRMAID,0052]Mermaid $GPSOFF:3686324;
1593633473:[GPSFIX,0179]+0s diff
1593633473:[SURF  ,0222]2020-07-01T19:57:53
1593633473:[SURF  ,0082]Latitude : N43deg40.938mn, Longitude :E007deg19.178mn
1593633473:[SURF  ,0223]fix3D,9satellites
1593633473:[SURF  ,0084]GPS fix GPGSA : hdop0.740,vdop1.170
1593633483:[SURF  ,0025]Iridium...
1593633522:[SURF  ,0009]connected in 39s, signal quality 5
1593633578:[SURF  ,0218]prompt received, remote cmd end
1593633578:[SURF  ,0012]13 cmd(s) received
1593633599:[UPLOAD,0248]Upload data files...
1593633648:[UPLOAD,0231]"0058/5EFCCEC6.BIN" uploaded at 123bytes/s
1593633664:[MAIN  ,0013]1 file(s) uploaded
1593633695:[SURF  ,0014]disconnected after 212s
1593633700:[SURFIN,0020]filling external bladder
1593633708:[PUMP  ,0207]battery 15118mV,   18178uA (warmup), P   +140mbar
1593633709:[PUMP  ,0016]pump during 300000ms
1593633717:[PUMP  ,0212]battery 14735mV,  842410uA (steady state), P   +140mbar
1593633719:[SURFIN,0019]external bladder full
1593633719:[SURF  ,0227]1st complete transfer
1593633719:[SURF  ,0226]Go dive (Minimum surface delay expired and no more file to upload)
1593633737:[SURF  ,0022]GPS fix...
1593633758:[SURF  ,0015]10 PPS detected...
1593633759:[MRMAID,0052]Mermaid $GPSACK:+0,+0,+0,+0,+0,+1,-999969;
1593633769:[MRMAID,0052]Mermaid $GPSOFF:3686323;
1593633770:[GPSFIX,0179]-1s diff
1593633771:[SURF  ,0222]2020-07-01T20:02:51
1593633771:[SURF  ,0082]Latitude : N43deg40.938mn, Longitude :E007deg19.179mn
1593633771:[SURF  ,0223]fix3D,9satellites
1593633771:[SURF  ,0084]GPS fix GPGSA : hdop0.740,vdop1.160
1593633788:[MAIN  ,0024]internal pressure 78817Pa
1593633789:[BYCMD ,0107]    FreeRTOS V8.2.3
1593633789:[BYCMD ,0108]    FatFS v11a
1593633789:[BYCMD ,0120]    bypass 10000ms 60000ms (20000ms 60000ms stored)
1593633789:[BYCMD ,0121]    valve 60000ms 12750 (60000ms 12750 stored)
1593633789:[BYCMD ,0122]    pump 60000ms 30% 10750 80% (60000ms 30% 10750 80% stored)
1593633789:[BYCMD ,0123]    rate 2mbar/s (2mbar/s stored)
1593633789:[BYCMD ,0124]    surface 500mbar (500mbar stored)
1593633789:[BYCMD ,0125]    near 1500mbar 3mbar/s (15000mbar 3mbar/s stored)
1593633789:[BYCMD ,0126]    far 2500mbar 4mbar/s (25000mbar 4mbar/s stored)
1593633789:[BYCMD ,0127]    ascent 8mbar/s (8mbar/s stored)
1593633789:[BYCMD ,0128]    dead 60s (300s stored)
1593633789:[BYCMD ,0129]    coeff 16/10 (16/10 stored)
1593633789:[BYCMD ,0130]    stab 10 (10 stored)
1593633789:[BYCMD ,0131]    delay 900s 3600s (900s 3600s stored)
1593633789:[BYCMD ,0132]    mmtime 2880min (2880min stored)
1593633789:[BYCMD ,0133]    dv_landing 100ml (100ml stored)
1593633789:[MKDCMD,0150]    p2t37: 15x2000ms, offset 143mbar
1593633789:[P2TCMD,0151]    p2t37: dp 50mbar, dt 5000mdegC
1593633790:[STAGE ,0080]Stage [0] 5000mbar (+/-500mbar) 1800s (<1800s) 
1593633790:[STAGE ,0080]Stage [1] 5000mbar (+/-500mbar) 1800s (<3600s) MERMAID
1593633790:[MAIN  ,0070]turn off bluetooth
1593633792:[PRESS ,0038]P     -3mbar,T+24762mdegC
1593633807:[PRESS ,0038]P    -13mbar,T-13748mdegC
1593633810:[PRESS ,0038]P    -13mbar,T -2266mdegC
1593633812:[PRESS ,0038]P    -13mbar,T+24762mdegC
1593633814:[PRESS ,0038]P     -3mbar,T-13748mdegC
1593633816:[PRESS ,0038]P    -23mbar,T+24762mdegC
1593633817:[DIVING,0141]diving from -23mbar, +0mbar/s
1593633817:[BYPASS,0035]bypass opening 60000ms
1593633822:[BYPASS,0104]battery 14983mV,  281698uA (bypass opening), P    -23mbar
1593633887:[BYPASS,0106]battery 15011mV,  300608uA (bypass closing), P    -23mbar
1593633889:[PRESS ,0038]P   -143mbar,T+24762mdegC
1593633891:[PRESS ,0038]P   -143mbar,T -2266mdegC
1593633893:[PRESS ,0038]P   -133mbar,T-13748mdegC
1593633896:[PRESS ,0038]P   -133mbar,T+24762mdegC
1593633898:[PRESS ,0038]P   -133mbar,T -2266mdegC
1593633900:[PRESS ,0038]P   -133mbar,T+24762mdegC
1593633904:[PRESS ,0038]P   -133mbar,T-13748mdegC
1593633905:[PRESS ,0038]P   -133mbar,T+24762mdegC
1593633911:[PRESS ,0038]P   -133mbar,T-13748mdegC
1593633913:[PRESS ,0038]P   -123mbar,T -2266mdegC
1593633914:[PRESS ,0038]P   -133mbar,T+24762mdegC
1593633914:[BYPASS,0035]bypass opening 10000ms
1593633919:[BYPASS,0104]battery 15031mV,  280234uA (bypass opening), P   -133mbar
1593633934:[BYPASS,0106]battery 15022mV,  299266uA (bypass closing), P   -133mbar
1593633938:[PRESS ,0038]P   -143mbar,T -2266mdegC
1593633940:[PRESS ,0038]P   -143mbar,T-13748mdegC
1593633942:[PRESS ,0038]P   -143mbar,T+24762mdegC
1593633951:[PRESS ,0038]P   -133mbar,T-13748mdegC
1593633952:[PRESS ,0038]P   -143mbar,T+24762mdegC
1593633961:[PRESS ,0038]P   -133mbar,T -2266mdegC
1593633961:[BYPASS,0035]bypass opening 10000ms
1593633966:[BYPASS,0104]battery 15040mV,  274378uA (bypass opening), P   -133mbar
1593633981:[BYPASS,0106]battery 15032mV,  298412uA (bypass closing), P   -133mbar
1593633983:[PRESS ,0038]P   -133mbar,T-13748mdegC
1593633985:[PRESS ,0038]P   -123mbar,T+24762mdegC
1593633987:[PRESS ,0038]P   -123mbar,T -2266mdegC
1593633989:[PRESS ,0038]P   -123mbar,T+24762mdegC
1593633992:[PRESS ,0038]P   -133mbar,T -2266mdegC
1593633994:[PRESS ,0038]P   -123mbar,T-13748mdegC
1593633996:[PRESS ,0038]P   -133mbar,T -2266mdegC
1593633998:[PRESS ,0038]P   -133mbar,T-13748mdegC
1593633999:[PRESS ,0038]P   -133mbar,T -2266mdegC
1593634001:[PRESS ,0038]P   -133mbar,T-13748mdegC
1593634003:[PRESS ,0038]P   -123mbar,T+24762mdegC
1593634007:[PRESS ,0038]P   -133mbar,T-13748mdegC
1593634008:[PRESS ,0038]P   -133mbar,T+24762mdegC
1593634008:[BYPASS,0035]bypass opening 10000ms
1593634013:[BYPASS,0104]battery 15048mV,  273402uA (bypass opening), P   -133mbar
1593634029:[BYPASS,0106]battery 15040mV,  297680uA (bypass closing), P   -133mbar
1593634036:[PRESS ,0038]P   -133mbar,T -2266mdegC
1593634037:[PRESS ,0038]P   -123mbar,T-13748mdegC
1593634041:[PRESS ,0038]P   -133mbar,T+24762mdegC
1593634048:[PRESS ,0038]P   -133mbar,T-13748mdegC
1593634050:[PRESS ,0038]P   -123mbar,T+24762mdegC
1593634053:[PRESS ,0038]P   -123mbar,T+13277mdegC
1593634055:[PRESS ,0038]P   -123mbar,T-13748mdegC
1593634055:[BYPASS,0035]bypass opening 10000ms
1593634060:[BYPASS,0104]battery 15058mV,  279258uA (bypass opening), P   -123mbar
1593634075:[BYPASS,0106]battery 15047mV,  297070uA (bypass closing), P   -123mbar
1593634081:[PRESS ,0038]P   -113mbar,T -2266mdegC
1593634083:[PRESS ,0038]P   -113mbar,T+24762mdegC
1593634084:[PRESS ,0038]P   -113mbar,T -2266mdegC
1593634086:[PRESS ,0038]P   -113mbar,T-13748mdegC
1593634088:[PRESS ,0038]P   -113mbar,T+24762mdegC
1593634099:[PRESS ,0038]P   -113mbar,T-13748mdegC
1593634100:[PRESS ,0038]P   -113mbar,T+24762mdegC
1593634102:[PRESS ,0038]P   -103mbar,T-13748mdegC
1593634102:[BYPASS,0035]bypass opening 10000ms
1593634107:[BYPASS,0104]battery 15062mV,  273158uA (bypass opening), P   -103mbar
1593634122:[BYPASS,0106]battery 15053mV,  296582uA (bypass closing), P   -103mbar
1593634126:[PRESS ,0038]P   -113mbar,T+24762mdegC
1593634133:[PRESS ,0038]P   -113mbar,T-13748mdegC
1593634135:[PRESS ,0038]P   -113mbar,T+24762mdegC
1593634138:[PRESS ,0038]P   -113mbar,T-13748mdegC
1593634142:[PRESS ,0038]P   -103mbar,T -2266mdegC
1593634144:[PRESS ,0038]P   -113mbar,T+24762mdegC
1593634147:[PRESS ,0038]P   -113mbar,T-13748mdegC
1593634149:[PRESS ,0038]P   -113mbar,T -2266mdegC
1593634149:[BYPASS,0035]bypass opening 10000ms
1593634154:[BYPASS,0104]battery 15068mV,  274988uA (bypass opening), P   -113mbar
1593634169:[BYPASS,0106]battery 15058mV,  295972uA (bypass closing), P   -113mbar
1593634171:[PRESS ,0038]P   -113mbar,T-13748mdegC
1593634177:[PRESS ,0038]P   -103mbar,T+24762mdegC
1593634178:[PRESS ,0038]P   -113mbar,T-13748mdegC
1593634182:[PRESS ,0038]P   -103mbar,T+24762mdegC
1593634185:[PRESS ,0038]P   -103mbar,T-13748mdegC
1593634187:[PRESS ,0038]P   -113mbar,T+24762mdegC
1593634196:[BYPASS,0035]bypass opening 10000ms
1593634201:[BYPASS,0104]battery 15073mV,  277062uA (bypass opening), P   -113mbar
1593634216:[BYPASS,0106]battery 15063mV,  295484uA (bypass closing), P   -113mbar
1593634220:[PRESS ,0038]P   -113mbar,T-13748mdegC
1593634222:[PRESS ,0038]P   -103mbar,T+24762mdegC
1593634231:[PRESS ,0038]P    -93mbar,T-13748mdegC
1593634232:[PRESS ,0038]P   -103mbar,T+24762mdegC
1593634234:[PRESS ,0038]P   -123mbar,T-13748mdegC
1593634236:[PRESS ,0038]P   -113mbar,T+24762mdegC
1593634238:[PRESS ,0038]P   -123mbar,T-13748mdegC
1593634241:[PRESS ,0038]P   -103mbar,T+24762mdegC
1593634243:[BYPASS,0035]bypass opening 10000ms
1593634248:[BYPASS,0104]battery 15078mV,  278770uA (bypass opening), P   -113mbar
1593634263:[BYPASS,0106]battery 15067mV,  294996uA (bypass closing), P   -113mbar
1593634265:[PRESS ,0038]P    -83mbar,T-13748mdegC
1593634269:[PRESS ,0038]P    -73mbar,T+24762mdegC
1593634270:[PRESS ,0038]P    -53mbar,T-13748mdegC
1593634272:[PRESS ,0038]P    -53mbar,T+24762mdegC
1593634278:[PRESS ,0038]P    -33mbar,T-13748mdegC
1593634281:[PRESS ,0038]P    -13mbar,T+24762mdegC
1593634286:[PRESS ,0038]P    +17mbar,T-13748mdegC
1593634296:[PRESS ,0038]P    +67mbar,T+24762mdegC
1593634298:[PRESS ,0038]P    +77mbar,T-13748mdegC
1593634301:[PRESS ,0038]P    +87mbar,T+24762mdegC
1593634304:[PRESS ,0038]P    +87mbar,T-13748mdegC
1593634307:[PRESS ,0038]P   +107mbar,T -2266mdegC
1593634310:[PRESS ,0038]P   +127mbar,T+24762mdegC
1593634312:[PRESS ,0038]P   +137mbar,T-13748mdegC
1593634315:[PRESS ,0038]P   +147mbar,T+13277mdegC
1593634318:[PRESS ,0038]P   +167mbar,T+24762mdegC
1593634332:[PRESS ,0038]P   +237mbar,T-13748mdegC
1593634337:[PRESS ,0038]P   +257mbar,T+24762mdegC
1593634340:[PRESS ,0038]P   +267mbar,T-13748mdegC
1593634343:[PRESS ,0038]P   +277mbar,T+13277mdegC
1593634346:[PRESS ,0038]P   +297mbar,T -2266mdegC
1593634349:[PRESS ,0038]P   +297mbar,T+24762mdegC
1593634351:[PRESS ,0038]P   +317mbar,T-13748mdegC
1593634360:[PRESS ,0038]P   +367mbar,T+24762mdegC
1593634363:[PRESS ,0038]P   +367mbar,T-13748mdegC
1593634365:[PRESS ,0038]P   +387mbar,T+24762mdegC
1593634374:[PRESS ,0038]P   +417mbar,T-13748mdegC
1593634379:[PRESS ,0038]P   +447mbar,T+24762mdegC
1593634390:[PRESS ,0038]P   +497mbar,T-13748mdegC
1593634393:[PRESS ,0038]P   +507mbar,T+24762mdegC
1593634395:[DIVING,0028]507mbar reached (+4mbar/s), 9 bypass done
1593634396:[MAIN  ,0056]stage[0]
1593634398:[MAIN  ,0024]internal pressure 82104Pa
1593634399:[BUOY  ,0037]P   +527mbar
1593634399:[STAGE ,0080]Stage [0] 5000mbar (+/-500mbar) 1800s (<1593636195s) 
1593634400:[PRESS ,0038]P   +527mbar,T-13748mdegC
1593634461:[PRESS ,0038]P   +797mbar,T-13748mdegC
1593634470:[PRESS ,0038]P   +837mbar,T+13277mdegC
1593634472:[PRESS ,0038]P   +837mbar,T-13748mdegC
1593634474:[PRESS ,0038]P   +847mbar,T -2266mdegC
1593634475:[PRESS ,0038]P   +847mbar,T-13748mdegC
1593634477:[PRESS ,0038]P   +867mbar,T+24762mdegC
1593634547:[PRESS ,0038]P  +1137mbar,T-13748mdegC
1593634549:[PRESS ,0038]P  +1147mbar,T+24762mdegC
1593634550:[PRESS ,0038]P  +1157mbar,T+13277mdegC
1593634552:[PRESS ,0038]P  +1167mbar,T-13748mdegC
1593634557:[PRESS ,0038]P  +1177mbar,T+13277mdegC
1593634559:[PRESS ,0038]P  +1197mbar,T-13748mdegC
1593634563:[PRESS ,0038]P  +1197mbar,T+13277mdegC
1593634565:[PRESS ,0038]P  +1207mbar,T-13748mdegC
1593634568:[PRESS ,0038]P  +1227mbar,T+24762mdegC
1593634570:[PRESS ,0038]P  +1227mbar,T-13748mdegC
1593634632:[PRESS ,0038]P  +1417mbar,T+24762mdegC
1593634634:[PRESS ,0038]P  +1437mbar,T-13748mdegC
1593634638:[PRESS ,0038]P  +1447mbar,T+24762mdegC
1593634640:[PRESS ,0038]P  +1447mbar,T-13748mdegC
1593634643:[PRESS ,0038]P  +1457mbar,T+13277mdegC
1593634645:[PRESS ,0038]P  +1467mbar,T+24762mdegC
1593634647:[PRESS ,0038]P  +1477mbar,T-13748mdegC
1593634652:[PRESS ,0038]P  +1477mbar,T+24762mdegC
1593634654:[PRESS ,0038]P  +1497mbar,T-13748mdegC
1593634718:[PRESS ,0038]P  +1687mbar,T-13748mdegC
1593634722:[PRESS ,0038]P  +1717mbar,T+24762mdegC
1593634724:[PRESS ,0038]P  +1727mbar,T-13748mdegC
1593634727:[PRESS ,0038]P  +1727mbar,T+13277mdegC
1593634729:[PRESS ,0038]P  +1737mbar,T+24762mdegC
1593634734:[PRESS ,0038]P  +1747mbar,T-13748mdegC
1593634743:[PRESS ,0038]P  +1777mbar,T+24762mdegC
1593634804:[PRESS ,0038]P  +1837mbar,T+24762mdegC
1593634807:[PRESS ,0038]P  +1837mbar,T-13748mdegC
1593634816:[PRESS ,0038]P  +1837mbar,T+24762mdegC
1593634818:[PRESS ,0038]P  +1837mbar,T-13748mdegC
1593634820:[PRESS ,0038]P  +1837mbar,T+24762mdegC
1593634822:[PRESS ,0038]P  +1847mbar,T-13748mdegC
1593634825:[PRESS ,0038]P  +1857mbar,T+24762mdegC
1593634827:[PRESS ,0038]P  +1857mbar,T-13748mdegC
1593634829:[BUOY  ,0087]from +1mbar/s to +4mbar/s
1593634829:[BUOY  ,0090]need to transfer -24mL (valve during 7286ms)
1593634829:[VALVE ,0034]valve opening 7286ms
1593634836:[VALVE ,0234]battery 15117mV,  480192uA, P  +1847mbar
1593634890:[PRESS ,0038]P  +1947mbar,T-13748mdegC
1593634892:[PRESS ,0038]P  +1947mbar,T+13277mdegC
1593634893:[PRESS ,0038]P  +1947mbar,T-13748mdegC
1593634895:[PRESS ,0038]P  +1957mbar,T+24762mdegC
1593634897:[PRESS ,0038]P  +1957mbar,T-13748mdegC
1593634901:[PRESS ,0038]P  +1967mbar,T+24762mdegC
1593634902:[PRESS ,0038]P  +1957mbar,T-13748mdegC
1593634904:[PRESS ,0038]P  +1967mbar,T+13277mdegC
1593634906:[PRESS ,0038]P  +1967mbar,T-13748mdegC
1593634910:[PRESS ,0038]P  +1977mbar,T+24762mdegC
1593634911:[PRESS ,0038]P  +1977mbar,T-13748mdegC
1593634913:[PRESS ,0038]P  +1967mbar,T+24762mdegC
1593634915:[PRESS ,0038]P  +1987mbar,T-13748mdegC
1593634915:[BUOY  ,0087]from +1mbar/s to +4mbar/s
1593634915:[BUOY  ,0090]need to transfer -24mL (valve during 6955ms)
1593634915:[VALVE ,0034]valve opening 6955ms
1593634922:[VALVE ,0234]battery 15113mV,  477020uA, P  +1987mbar
1593634976:[PRESS ,0038]P  +2147mbar,T-13748mdegC
1593634978:[PRESS ,0038]P  +2157mbar,T+24762mdegC
1593634981:[PRESS ,0038]P  +2177mbar,T-13748mdegC
1593634987:[PRESS ,0038]P  +2187mbar,T+24762mdegC
1593634988:[PRESS ,0038]P  +2197mbar,T-13748mdegC
1593634992:[PRESS ,0038]P  +2197mbar,T+24762mdegC
1593634996:[PRESS ,0038]P  +2227mbar,T+13277mdegC
1593634997:[PRESS ,0038]P  +2227mbar,T-13748mdegC
1593634999:[PRESS ,0038]P  +2227mbar,T+13277mdegC
1593635062:[PRESS ,0038]P  +2327mbar,T-13748mdegC
1593635063:[PRESS ,0038]P  +2347mbar,T+24762mdegC
1593635065:[PRESS ,0038]P  +2337mbar,T+13277mdegC
1593635067:[PRESS ,0038]P  +2357mbar,T+24762mdegC
1593635069:[PRESS ,0038]P  +2347mbar,T-13748mdegC
1593635071:[PRESS ,0038]P  +2357mbar,T+24762mdegC
1593635072:[PRESS ,0038]P  +2357mbar,T-13748mdegC
1593635078:[PRESS ,0038]P  +2367mbar,T+24762mdegC
1593635080:[PRESS ,0038]P  +2377mbar,T-13748mdegC
1593635087:[BUOY  ,0087]from +2mbar/s to +4mbar/s
1593635087:[BUOY  ,0090]need to transfer -20mL (valve during 5313ms)
1593635087:[VALVE ,0034]valve opening 5313ms
1593635092:[VALVE ,0234]battery 15121mV,  478972uA, P  +2387mbar
1593635147:[PRESS ,0038]P  +2547mbar,T+24762mdegC
1593635149:[PRESS ,0038]P  +2547mbar,T-13748mdegC
1593635151:[PRESS ,0038]P  +2567mbar,T+24762mdegC
1593635155:[PRESS ,0038]P  +2577mbar,T-13748mdegC
1593635158:[PRESS ,0038]P  +2587mbar,T+24762mdegC
1593635160:[PRESS ,0038]P  +2597mbar,T-13748mdegC
1593635162:[PRESS ,0038]P  +2607mbar,T+24762mdegC
1593635164:[PRESS ,0038]P  +2617mbar,T-13748mdegC
1593635165:[PRESS ,0038]P  +2627mbar,T+13277mdegC
1593635167:[PRESS ,0038]P  +2627mbar,T-13748mdegC
1593635169:[PRESS ,0038]P  +2637mbar,T+24762mdegC
1593635171:[PRESS ,0038]P  +2647mbar,T-13748mdegC
1593635233:[PRESS ,0038]P  +2837mbar,T+24762mdegC
1593635235:[PRESS ,0038]P  +2847mbar,T -2266mdegC
1593635237:[PRESS ,0038]P  +2847mbar,T+24762mdegC
1593635239:[PRESS ,0038]P  +2857mbar,T -2266mdegC
1593635241:[PRESS ,0038]P  +2857mbar,T-13748mdegC
1593635244:[PRESS ,0038]P  +2857mbar,T+24762mdegC
1593635246:[PRESS ,0038]P  +2857mbar,T+13277mdegC
1593635250:[PRESS ,0038]P  +2877mbar,T+24762mdegC
1593635251:[PRESS ,0038]P  +2867mbar,T+13277mdegC
1593635253:[PRESS ,0038]P  +2877mbar,T-13748mdegC
1593635257:[PRESS ,0038]P  +2877mbar,T+24762mdegC
1593635259:[PRESS ,0038]P  +2877mbar,T-13748mdegC
1593635319:[PRESS ,0038]P  +3047mbar,T-13748mdegC
1593635323:[PRESS ,0038]P  +3047mbar,T+13277mdegC
1593635325:[PRESS ,0038]P  +3047mbar,T-13748mdegC
1593635335:[PRESS ,0038]P  +3097mbar,T+13277mdegC
1593635337:[PRESS ,0038]P  +3067mbar,T-13748mdegC
1593635339:[PRESS ,0038]P  +3087mbar,T+13277mdegC
1593635341:[PRESS ,0038]P  +3107mbar,T -2266mdegC
1593635342:[PRESS ,0038]P  +3107mbar,T+24762mdegC
1593635344:[PRESS ,0038]P  +3107mbar,T-13748mdegC
1593635405:[PRESS ,0038]P  +3277mbar,T+24762mdegC
1593635416:[PRESS ,0038]P  +3307mbar,T-13748mdegC
1593635424:[PRESS ,0038]P  +3337mbar,T+24762mdegC
1593635426:[PRESS ,0038]P  +3337mbar,T-13748mdegC
1593635428:[PRESS ,0038]P  +3347mbar,T+24762mdegC
1593635430:[PRESS ,0038]P  +3357mbar,T-13748mdegC
1593635491:[PRESS ,0038]P  +3617mbar,T+24762mdegC
1593635494:[PRESS ,0038]P  +3627mbar,T-13748mdegC
1593635496:[PRESS ,0038]P  +3637mbar,T -2266mdegC
1593635498:[PRESS ,0038]P  +3647mbar,T-13748mdegC
1593635500:[PRESS ,0038]P  +3637mbar,T -2266mdegC
1593635501:[PRESS ,0038]P  +3657mbar,T+13277mdegC
1593635503:[PRESS ,0038]P  +3667mbar,T+24762mdegC
1593635505:[PRESS ,0038]P  +3667mbar,T-13748mdegC
1593635507:[PRESS ,0038]P  +3677mbar,T+24762mdegC
1593635509:[PRESS ,0038]P  +3677mbar,T -2266mdegC
1593635510:[PRESS ,0038]P  +3687mbar,T-13748mdegC
1593635512:[PRESS ,0038]P  +3697mbar,T+24762mdegC
1593635514:[PRESS ,0038]P  +3707mbar,T-13748mdegC
1593635516:[BUOY  ,0087]from +4mbar/s to +2mbar/s
1593635516:[BUOY  ,0089]need to transfer +20mL (pump during 24136ms)
1593635524:[PUMP  ,0207]battery 15415mV,   18666uA (warmup), P  +3717mbar
1593635524:[PUMP  ,0016]pump during 24136ms
1593635548:[PUMP  ,0212]battery 15235mV,  286944uA (steady state), P  +3717mbar
1593635580:[PRESS ,0038]P  +3837mbar,T+13277mdegC
1593635582:[PRESS ,0038]P  +3847mbar,T+24762mdegC
1593635585:[PRESS ,0038]P  +3847mbar,T-13748mdegC
1593635587:[PRESS ,0038]P  +3847mbar,T+24762mdegC
1593635589:[PRESS ,0038]P  +3857mbar,T-13748mdegC
1593635591:[PRESS ,0038]P  +3847mbar,T+24762mdegC
1593635594:[PRESS ,0038]P  +3857mbar,T-13748mdegC
1593635596:[PRESS ,0038]P  +3867mbar,T+24762mdegC
1593635598:[PRESS ,0038]P  +3857mbar,T -2266mdegC
1593635600:[PRESS ,0038]P  +3867mbar,T-13748mdegC
1593635603:[PRESS ,0038]P  +3867mbar,T+24762mdegC
1593635667:[PRESS ,0038]P  +3917mbar,T-13748mdegC
1593635669:[PRESS ,0038]P  +3927mbar,T+24762mdegC
1593635675:[PRESS ,0038]P  +3917mbar,T-13748mdegC
1593635676:[PRESS ,0038]P  +3927mbar,T+24762mdegC
1593635682:[PRESS ,0038]P  +3917mbar,T-13748mdegC
1593635689:[PRESS ,0038]P  +3917mbar,T -2266mdegC
1593635691:[PRESS ,0038]P  +3927mbar,T+24762mdegC
1593635691:<WARN>[BUOY  ,0094]stage[0] should DESCENT, stuck at 3927mbar for the #1 time
1593635691:[BUOY  ,0087]from +0mbar/s to +2mbar/s
1593635691:[BUOY  ,0090]need to transfer -6mL (valve during 1234ms)
1593635691:[VALVE ,0034]valve opening 1234ms
1593635692:[VALVE ,0234]battery 15136mV,  480802uA, P  +3927mbar
1593635751:[PRESS ,0038]P  +3997mbar,T-13748mdegC
1593635753:[PRESS ,0038]P  +3997mbar,T -2266mdegC
1593635755:[PRESS ,0038]P  +4007mbar,T+24762mdegC
1593635757:[PRESS ,0038]P  +3997mbar,T -2266mdegC
1593635759:[PRESS ,0038]P  +4007mbar,T+24762mdegC
1593635761:[PRESS ,0038]P  +4007mbar,T-13748mdegC
1593635762:[PRESS ,0038]P  +4007mbar,T -2266mdegC
1593635764:[PRESS ,0038]P  +4017mbar,T+24762mdegC
1593635773:[PRESS ,0038]P  +4027mbar,T-13748mdegC
1593635775:[PRESS ,0038]P  +4037mbar,T -2266mdegC
1593635837:[PRESS ,0038]P  +4127mbar,T+24762mdegC
1593635848:[PRESS ,0038]P  +4147mbar,T -2266mdegC
1593635850:[PRESS ,0038]P  +4157mbar,T-13748mdegC
1593635852:[PRESS ,0038]P  +4157mbar,T+24762mdegC
1593635859:[PRESS ,0038]P  +4167mbar,T -2266mdegC
1593635860:[PRESS ,0038]P  +4187mbar,T-13748mdegC
1593635923:[PRESS ,0038]P  +4367mbar,T -2266mdegC
1593635926:[PRESS ,0038]P  +4377mbar,T-13748mdegC
1593635928:[PRESS ,0038]P  +4377mbar,T+24762mdegC
1593635934:[PRESS ,0038]P  +4387mbar,T -2266mdegC
1593635935:[PRESS ,0038]P  +4397mbar,T+24762mdegC
1593635941:[PRESS ,0038]P  +4407mbar,T -2266mdegC
1593635943:[PRESS ,0038]P  +4407mbar,T+24762mdegC
1593635944:[PRESS ,0038]P  +4407mbar,T-13748mdegC
1593635946:[PRESS ,0038]P  +4417mbar,T+24762mdegC
1593635948:[PRESS ,0038]P  +4417mbar,T -2266mdegC
1593636009:[PRESS ,0038]P  +4547mbar,T+24762mdegC
1593636012:[PRESS ,0038]P  +4557mbar,T -2266mdegC
1593636014:[PRESS ,0038]P  +4557mbar,T+24762mdegC
1593636016:[PRESS ,0038]P  +4557mbar,T -2266mdegC
1593636019:[PRESS ,0038]P  +4567mbar,T+24762mdegC
1593636021:[PRESS ,0038]P  +4567mbar,T -2266mdegC
1593636027:[PRESS ,0038]P  +4577mbar,T+24762mdegC
1593636028:[PRESS ,0038]P  +4587mbar,T -2266mdegC
1593636032:[PRESS ,0038]P  +4597mbar,T+24762mdegC
1593636034:[PRESS ,0038]P  +4597mbar,T -2266mdegC
1593636034:[STAGE ,0213]4597mbar reached at 1593636034s, ref 5000mbar +/-500mbar
1593636094:[PRESS ,0038]P  +4727mbar,T+24762mdegC
1593636155:[PRESS ,0038]P  +4877mbar,T -2266mdegC
1593636216:[PRESS ,0038]P  +4987mbar,T -2266mdegC
1593636216:[MAIN  ,0140]stage[0] complete 1821s after mission start
1593636216:[MAIN  ,0056]stage[1]
1593636218:[MAIN  ,0024]internal pressure 81576Pa
1593636219:[MRMAID,0002]acq started
1593636229:[PRESS ,0038]P  +5007mbar,T-13748mdegC
1593636229:[BUOY  ,0037]P  +5007mbar
1593636229:[STAGE ,0080]Stage [1] 5000mbar (+/-500mbar) 1800s (<1593637995s) MERMAID
1593636231:[PRESS ,0038]P  +5017mbar,T -2266mdegC
1593636231:[STAGE ,0213]5017mbar reached at 1593636231s, ref 5000mbar +/-500mbar
1593636231:[BUOY  ,0087]from +2mbar/s to +0mbar/s
1593636231:[BUOY  ,0089]need to transfer +6mL (pump during 7200ms)
1593636240:[PUMP  ,0207]battery 15437mV,   18788uA (warmup), P  +5017mbar
1593636240:[PUMP  ,0016]pump during 7200ms
1593636247:[PUMP  ,0212]battery 15248mV,  303048uA (steady state), P  +5017mbar
1593636260:[MRMAID,0184]acq already started
1593636272:[MRMAID,0059]stop canceled
1593636306:[PRESS ,0038]P  +5157mbar,T-29294mdegC
1593636308:[PRESS ,0038]P  +5157mbar,T+24762mdegC
1593636311:[PRESS ,0038]P  +5157mbar,T -2266mdegC
1593636313:[PRESS ,0038]P  +5167mbar,T+24762mdegC
1593636317:[PRESS ,0038]P  +5167mbar,T -2266mdegC
1593636324:[PRESS ,0038]P  +5177mbar,T+24762mdegC
1593636326:[PRESS ,0038]P  +5177mbar,T -2266mdegC
1593636331:[BUOY  ,0087]from +1mbar/s to +0mbar/s
1593636331:[BUOY  ,0089]need to transfer +2mL (pump during 2400ms)
1593636331:[MRMAID,0003]acq stopped
1593636340:[PUMP  ,0207]battery 15430mV,   18544uA (warmup), P  +5187mbar
1593636340:[PUMP  ,0016]pump during 2400ms
1593636345:[MRMAID,0002]acq started
1593636405:[PRESS ,0038]P  +5317mbar,T -2266mdegC
1593636407:[PRESS ,0038]P  +5317mbar,T+24762mdegC
1593636408:[PRESS ,0038]P  +5317mbar,T-29294mdegC
1593636410:[PRESS ,0038]P  +5327mbar,T -2266mdegC
1593636416:[PRESS ,0038]P  +5327mbar,T-29294mdegC
1593636417:[PRESS ,0038]P  +5337mbar,T+24762mdegC
1593636419:[PRESS ,0038]P  +5337mbar,T -2266mdegC
1593636421:[PRESS ,0038]P  +5337mbar,T-29294mdegC
1593636425:[PRESS ,0038]P  +5337mbar,T -2266mdegC
1593636430:[BUOY  ,0087]from +2mbar/s to +0mbar/s
1593636430:[BUOY  ,0089]need to transfer +6mL (pump during 7200ms)
1593636430:[MRMAID,0003]acq stopped
1593636439:[PUMP  ,0207]battery 15431mV,   18544uA (warmup), P  +5357mbar
1593636439:[PUMP  ,0016]pump during 7200ms
1593636446:[PUMP  ,0212]battery 15240mV,  307928uA (steady state), P  +5357mbar
1593636449:[MRMAID,0002]acq started
1593636504:[PRESS ,0038]P  +5377mbar,T+24762mdegC
1593636506:[PRESS ,0038]P  +5377mbar,T -2266mdegC
1593636507:[PRESS ,0038]P  +5377mbar,T+24762mdegC
1593636509:[PRESS ,0038]P  +5377mbar,T -2266mdegC
1593636515:[PRESS ,0038]P  +5377mbar,T-29294mdegC
1593636516:[PRESS ,0038]P  +5367mbar,T+24762mdegC
1593636518:[PRESS ,0038]P  +5367mbar,T-29294mdegC
1593636520:[PRESS ,0038]P  +5377mbar,T -2266mdegC
1593636522:[PRESS ,0038]P  +5367mbar,T-29294mdegC
1593636524:[PRESS ,0038]P  +5367mbar,T -2266mdegC
1593636711:[PRESS ,0038]P  +5357mbar,T-29294mdegC
1593636772:[PRESS ,0038]P  +5347mbar,T -2266mdegC
1593636832:[PRESS ,0038]P  +5337mbar,T-29294mdegC
1593636893:[PRESS ,0038]P  +5307mbar,T -2266mdegC
1593637014:[PRESS ,0038]P  +5277mbar,T+24762mdegC
1593637075:[PRESS ,0038]P  +5297mbar,T-29294mdegC
1593637136:[PRESS ,0038]P  +5327mbar,T -2266mdegC
1593637196:[PRESS ,0038]P  +5357mbar,T-29294mdegC
1593637257:[PRESS ,0038]P  +5397mbar,T -2266mdegC
1593637318:[PRESS ,0038]P  +5497mbar,T -2266mdegC
1593637378:[PRESS ,0038]P  +5657mbar,T-29294mdegC
1593637378:<WARN>[BUOY  ,0094]stage[1] should ASCENT, stuck at 5657mbar for the #1 time
1593637378:[BUOY  ,0087]from +0mbar/s to -2mbar/s
1593637378:[BUOY  ,0089]need to transfer +6mL (pump during 7194ms)
1593637379:[MRMAID,0003]acq stopped
1593637379:[MRMAID,0183]dropping spurious '0x33'
1593637379:[MRMAID,0183]dropping spurious '0x35'
1593637379:[MRMAID,0183]dropping spurious '0x30'
1593637379:[MRMAID,0183]dropping spurious '0x39'
1593637379:[MRMAID,0183]dropping spurious '0x33'
1593637379:[MRMAID,0183]dropping spurious '0x2C'
1593637379:[MRMAID,0183]dropping spurious '0x38'
1593637379:[MRMAID,0183]dropping spurious '0x37'
1593637379:[MRMAID,0183]dropping spurious '0x37'
1593637379:[MRMAID,0183]dropping spurious '0x2E'
1593637379:[MRMAID,0183]dropping spurious '0x30'
1593637379:[MRMAID,0183]dropping spurious '0x31'
1593637379:[MRMAID,0183]dropping spurious '0x35'
1593637379:[MRMAID,0183]dropping spurious '0x33'
1593637379:[MRMAID,0183]dropping spurious '0x38'
1593637379:[MRMAID,0183]dropping spurious '0x31'
1593637379:[MRMAID,0183]dropping spurious '0x2C'
1593637379:[MRMAID,0183]dropping spurious '0x34'
1593637379:[MRMAID,0183]dropping spurious '0x30'
1593637379:[MRMAID,0183]dropping spurious '0x2E'
1593637379:[MRMAID,0183]dropping spurious '0x30'
1593637379:[MRMAID,0183]dropping spurious '0x31'
1593637379:[MRMAID,0183]dropping spurious '0x34'
1593637379:[MRMAID,0183]dropping spurious '0x31'
1593637379:[MRMAID,0183]dropping spurious '0x32'
1593637380:[MRMAID,0183]dropping spurious '0x31'
1593637380:[MRMAID,0183]dropping spurious '0x3B'
1593637380:[MRMAID,0185]27 spurious byte(s) received
1593637387:[PUMP  ,0207]battery 15460mV,   18544uA (warmup), P  +5657mbar
1593637387:[PUMP  ,0016]pump during 7194ms
1593637394:[PUMP  ,0212]battery 15263mV,  311466uA (steady state), P  +5657mbar
1593637398:[MRMAID,0002]acq started
1593637452:[PRESS ,0038]P  +5797mbar,T-29294mdegC
1593637454:[PRESS ,0038]P  +5787mbar,T -2266mdegC
1593637456:[PRESS ,0038]P  +5787mbar,T-29294mdegC
1593637460:[PRESS ,0038]P  +5787mbar,T -2266mdegC
1593637461:[PRESS ,0038]P  +5787mbar,T-29294mdegC
1593637470:[PRESS ,0038]P  +5797mbar,T +9212mdegC
1593637472:[PRESS ,0038]P  +5797mbar,T-29294mdegC
1593637476:[PRESS ,0038]P  +5797mbar,T +9212mdegC
1593637478:[PRESS ,0038]P  +5807mbar,T -2266mdegC
1593637478:<WARN>[BUOY  ,0094]stage[1] should ASCENT, stuck at 5807mbar for the #2 time
1593637478:[BUOY  ,0087]from +0mbar/s to -2mbar/s
1593637478:[BUOY  ,0089]need to transfer +6mL (pump during 7194ms)
1593637478:[MRMAID,0003]acq stopped
1593637486:[PUMP  ,0207]battery 15450mV,   18544uA (warmup), P  +5807mbar
1593637486:[PUMP  ,0016]pump during 7194ms
1593637493:[PUMP  ,0212]battery 15251mV,  314516uA (steady state), P  +5807mbar
1593637497:[MRMAID,0002]acq started
1593637552:[PRESS ,0038]P  +5757mbar,T +9212mdegC
1593637553:[PRESS ,0038]P  +5757mbar,T+24762mdegC
1593637555:[PRESS ,0038]P  +5747mbar,T +9212mdegC
1593637557:[PRESS ,0038]P  +5747mbar,T-29294mdegC
1593637559:[PRESS ,0038]P  +5747mbar,T -2266mdegC
1593637564:[PRESS ,0038]P  +5737mbar,T +9212mdegC
1593637566:[PRESS ,0038]P  +5747mbar,T-29294mdegC
1593637570:[PRESS ,0038]P  +5727mbar,T -2266mdegC
1593637571:[PRESS ,0038]P  +5737mbar,T-29294mdegC
1593637573:[PRESS ,0038]P  +5727mbar,T -2266mdegC
1593637577:[PRESS ,0038]P  +5727mbar,T-29294mdegC
1593637637:[PRESS ,0038]P  +5647mbar,T-29294mdegC
1593637644:[PRESS ,0038]P  +5627mbar,T -2266mdegC
1593637646:[PRESS ,0038]P  +5627mbar,T-29294mdegC
1593637653:[PRESS ,0038]P  +5617mbar,T -2266mdegC
1593637655:[PRESS ,0038]P  +5607mbar,T +9212mdegC
1593637657:[PRESS ,0038]P  +5617mbar,T -2266mdegC
1593637659:[PRESS ,0038]P  +5597mbar,T +9212mdegC
1593637661:[PRESS ,0038]P  +5597mbar,T -2266mdegC
1593637662:[PRESS ,0038]P  +5597mbar,T-29294mdegC
1593637723:[PRESS ,0038]P  +5527mbar,T -2266mdegC
1593637725:[PRESS ,0038]P  +5517mbar,T-29294mdegC
1593637727:[PRESS ,0038]P  +5517mbar,T -2266mdegC
1593637730:[PRESS ,0038]P  +5507mbar,T +9212mdegC
1593637734:[PRESS ,0038]P  +5507mbar,T -2266mdegC
1593637736:[PRESS ,0038]P  +5507mbar,T-29294mdegC
1593637745:[PRESS ,0038]P  +5497mbar,T -2266mdegC
1593637746:[PRESS ,0038]P  +5487mbar,T-29294mdegC
1593637809:[PRESS ,0038]P  +5447mbar,T -2266mdegC
1593637869:[PRESS ,0038]P  +5417mbar,T-29294mdegC
1593637991:[PRESS ,0038]P  +5337mbar,T -2266mdegC
1593638052:[MAIN  ,0140]stage[1] complete 3656s after mission start
1593638052:[MRMAID,0003]acq stopped
1593638112:[MRMAID,0188]acq already stopped
1593638172:[MSSION,0192]mission stopped, 2 stage(s) done
1593638172:[MAIN  ,0065]surfacing
1593638174:[PRESS ,0038]P  +5267mbar,T-29294mdegC
1593638174:[SURFIN,0036]P  +5267mbar
1593638182:[PUMP  ,0207]battery 15462mV,   18666uA (warmup), P  +5267mbar
1593638182:[PUMP  ,0016]pump during 60000ms
1593638241:[PUMP  ,0212]battery 15262mV,  310734uA (steady state), P  +5267mbar
1593638299:[PRESS ,0038]P  +4877mbar,T-29294mdegC
1593638303:[PRESS ,0038]P  +4867mbar,T +9212mdegC
1593638304:[PRESS ,0038]P  +4847mbar,T-29294mdegC
1593638306:[PRESS ,0038]P  +4847mbar,T +9212mdegC
1593638308:[PRESS ,0038]P  +4847mbar,T-29294mdegC
1593638317:[PRESS ,0038]P  +4787mbar,T +9212mdegC
1593638319:[PRESS ,0038]P  +4787mbar,T -2266mdegC
1593638320:[PRESS ,0038]P  +4787mbar,T +9212mdegC
1593638322:[PRESS ,0038]P  +4767mbar,T -2266mdegC
1593638324:[PRESS ,0038]P  +4767mbar,T +9212mdegC
1593638332:[PUMP  ,0207]battery 15376mV,   18666uA (warmup), P  +4767mbar
1593638332:[PUMP  ,0016]pump during 60000ms
1593638391:[PUMP  ,0212]battery 15185mV,  297436uA (steady state), P  +4767mbar
1593638449:[PRESS ,0038]P  +4047mbar,T +9212mdegC
1593638453:[PRESS ,0038]P  +4017mbar,T-29294mdegC
1593638454:[PRESS ,0038]P  +4007mbar,T +9212mdegC
1593638456:[PRESS ,0038]P  +3997mbar,T-29294mdegC
1593638458:[PRESS ,0038]P  +3987mbar,T +9212mdegC
1593638460:[PRESS ,0038]P  +3977mbar,T-29294mdegC
1593638463:[PRESS ,0038]P  +3967mbar,T +9212mdegC
1593638469:[PRESS ,0038]P  +3927mbar,T -2266mdegC
1593638470:[PRESS ,0038]P  +3907mbar,T-29294mdegC
1593638482:[PUMP  ,0207]battery 15317mV,   18666uA (warmup), P  +3897mbar
1593638482:[PUMP  ,0016]pump during 60000ms
1593638541:[PUMP  ,0212]battery 15128mV,  295118uA (steady state), P  +3897mbar
1593638599:[PRESS ,0038]P  +3167mbar,T +9212mdegC
1593638601:[PRESS ,0038]P  +3157mbar,T-29294mdegC
1593638602:[PRESS ,0038]P  +3137mbar,T+24762mdegC
1593638604:[PRESS ,0038]P  +3127mbar,T +9212mdegC
1593638606:[PRESS ,0038]P  +3117mbar,T-29294mdegC
1593638610:[PRESS ,0038]P  +3097mbar,T -2266mdegC
1593638611:[PRESS ,0038]P  +3087mbar,T-29294mdegC
1593638613:[PRESS ,0038]P  +3067mbar,T +9212mdegC
1593638615:[PRESS ,0038]P  +3057mbar,T-29294mdegC
1593638620:[PRESS ,0038]P  +3027mbar,T +9212mdegC
1593638622:[PRESS ,0038]P  +3017mbar,T -2266mdegC
1593638624:[PRESS ,0038]P  +2997mbar,T-29294mdegC
1593638632:[PUMP  ,0207]battery 15278mV,   18666uA (warmup), P  +2997mbar
1593638632:[PUMP  ,0016]pump during 60000ms
1593638691:[PUMP  ,0212]battery 15087mV,  300120uA (steady state), P  +2997mbar
1593638749:[PRESS ,0038]P  +2177mbar,T-29294mdegC
1593638752:[PRESS ,0038]P  +2157mbar,T +9212mdegC
1593638754:[PRESS ,0038]P  +2137mbar,T -2266mdegC
1593638756:[PRESS ,0038]P  +2127mbar,T +9212mdegC
1593638758:[PRESS ,0038]P  +2117mbar,T-29294mdegC
1593638761:[PRESS ,0038]P  +2097mbar,T +9212mdegC
1593638763:[PRESS ,0038]P  +2087mbar,T-29294mdegC
1593638769:[PRESS ,0038]P  +2057mbar,T +9212mdegC
1593638770:[PRESS ,0038]P  +2037mbar,T -2266mdegC
1593638772:[PRESS ,0038]P  +2027mbar,T-17818mdegC
1593638774:[PRESS ,0038]P  +2027mbar,T-29294mdegC
1593638782:[PUMP  ,0207]battery 15252mV,   18666uA (warmup), P  +2027mbar
1593638782:[PUMP  ,0016]pump during 60000ms
1593638841:[PUMP  ,0212]battery 15066mV,  292068uA (steady state), P  +2027mbar
1593638899:[PRESS ,0038]P  +1607mbar,T-29294mdegC
1593638902:[PRESS ,0038]P  +1587mbar,T -2266mdegC
1593638904:[PRESS ,0038]P  +1577mbar,T +9212mdegC
1593638906:[PRESS ,0038]P  +1567mbar,T -2266mdegC
1593638911:[PRESS ,0038]P  +1547mbar,T +9212mdegC
1593638913:[PRESS ,0038]P  +1537mbar,T -2266mdegC
1593638917:[PRESS ,0038]P  +1517mbar,T +9212mdegC
1593638919:[PRESS ,0038]P  +1507mbar,T-29294mdegC
1593638920:[PRESS ,0038]P  +1497mbar,T +9212mdegC
1593638924:[PRESS ,0038]P  +1477mbar,T-29294mdegC
1593638932:[PUMP  ,0207]battery 15236mV,   18788uA (warmup), P  +1477mbar
1593638932:[PUMP  ,0016]pump during 60000ms
1593638991:[PUMP  ,0212]battery 15055mV,  280356uA (steady state), P  +1477mbar
1593639049:[PRESS ,0038]P   +427mbar,T -2266mdegC
1593639051:[PRESS ,0038]P   +417mbar,T-29294mdegC
1593639052:[PRESS ,0038]P   +397mbar,T -2266mdegC
1593639054:[PRESS ,0038]P   +367mbar,T +9212mdegC
1593639056:[PRESS ,0038]P   +357mbar,T-29294mdegC
1593639058:[PRESS ,0038]P   +347mbar,T +9212mdegC
1593639060:[PRESS ,0038]P   +317mbar,T -2266mdegC
1593639061:[PRESS ,0038]P   +297mbar,T-29294mdegC
1593639069:[PRESS ,0038]P   +237mbar,T-29294mdegC
1593639072:[PRESS ,0038]P   +197mbar,T -2266mdegC
1593639074:[PRESS ,0038]P   +187mbar,T +9212mdegC
1593639077:[PRESS ,0038]P   +157mbar,T-29294mdegC
1593639078:[SURFIN,0020]filling external bladder
1593639086:[PUMP  ,0207]battery 15230mV,   18788uA (warmup), P   +157mbar
1593639086:[PUMP  ,0016]pump during 300000ms
1593639384:[PUMP  ,0212]battery 14785mV,  882426uA (steady state), P   +157mbar
1593639395:[PUMP  ,0207]battery 14775mV,   18666uA (warmup), P   +157mbar
1593639395:[PUMP  ,0016]pump during 300000ms
1593639455:[PUMP  ,0212]battery 14448mV,  845948uA (steady state), P   +157mbar
1593639457:[SURFIN,0019]external bladder full
1593639459:[PRESS ,0038]P   +140mbar,T -2266mdegC
1593639466:[PRESS ,0038]P   +140mbar,T-29294mdegC
1593639468:[PRESS ,0038]P   +140mbar,T -2266mdegC
1593639470:[PRESS ,0038]P   +130mbar,T +9212mdegC
1593639472:[PRESS ,0038]P   +130mbar,T-29294mdegC
1593639473:[PRESS ,0038]P   +130mbar,T -2266mdegC
1593639481:[PRESS ,0038]P   +140mbar,T-29294mdegC
1593639482:[PRESS ,0038]P   +140mbar,T -2266mdegC
1593639520:[MAIN  ,0272]Vbat 14984mV (min 14855mV)
1593639522:[MAIN  ,0024]internal pressure 78734Pa
1593639522:[MAIN  ,0043]Pext 136mbar (rng 10mbar)
1593639522:[MAIN  ,0064]surface
1593639534:[SURF  ,0022]GPS fix...
1593639535:<WARN>[GPSFIX,0123]GPRMC ms=10 #1
1593639555:[SURF  ,0015]10 PPS detected...
1593639556:[MRMAID,0052]Mermaid $GPSACK:+0,+0,+0,+0,+0,+0,-1312;
1593639566:[MRMAID,0052]Mermaid $GPSOFF:3686324;
1593639567:[GPSFIX,0179]+0s diff
1593639567:[SURF  ,0222]2020-07-01T21:39:27
1593639567:[SURF  ,0082]Latitude : N43deg40.937mn, Longitude :E007deg19.179mn
1593639567:[SURF  ,0223]fix3D,8satellites
1593639567:[SURF  ,0084]GPS fix GPGSA : hdop0.660,vdop1.160
1593639577:[SURF  ,0274]last almanac : 108628
1593639590:[MRMAID,0026]1567 bytes in 0058/5EFD029E.MER
1593639595:[MAIN  ,0320]New pressure offset: 136mbar
1593639595:[LOGBIN,0078]*** switching to 0058/5EFD02AB ***
