1593538592:[MAIN  ,0007]buoy 452.120-R-0058
1593538592:[MAIN  ,0055]soft pilotage 452.012.300_V2.20-20200612
1593538592:[MAIN  ,0010]cycle 2
1593538592:[SURF  ,0225]surface2
1593538607:[SURF  ,0022]GPS fix...
1593538627:[SURF  ,0015]10 PPS detected...
1593538628:[MRMAID,0052]Mermaid $GPSACK:+0,+0,+0,+0,+0,+0,+0;
1593538638:[MRMAID,0052]Mermaid $GPSOFF:3686322;
1593538639:[GPSFIX,0179]-1s diff
1593538640:[SURF  ,0222]2020-06-30T17:37:20
1593538640:[SURF  ,0082]Latitude : N43deg40.935mn, Longitude :E007deg19.179mn
1593538640:[SURF  ,0223]fix3D,10satellites
1593538640:[SURF  ,0084]GPS fix GPGSA : hdop0.660,vdop0.940
1593538650:[SURF  ,0025]Iridium...
1593538698:[SURF  ,0009]connected in 48s, signal quality 5
1593538768:[SURF  ,0218]prompt received, remote cmd end
1593538768:[SURF  ,0012]16 cmd(s) received
1593538790:[UPLOAD,0248]Upload data files...
1593538840:[UPLOAD,0231]"0058/5EFB7804.MER" uploaded at 145bytes/s
1593538978:[UPLOAD,0231]"0058/5EFB5A58.BIN" uploaded at 140bytes/s
1593538995:[MAIN  ,0013]2 file(s) uploaded
1593539028:[SURF  ,0014]disconnected after 378s
1593539033:[SURFIN,0020]filling external bladder
1593539041:[PUMP  ,0207]battery 15160mV,   18788uA (warmup), P   +130mbar
1593539041:[PUMP  ,0016]pump during 300000ms
1593539052:[PUMP  ,0212]battery 14705mV,  871202uA (steady state), P   +130mbar
1593539054:[SURFIN,0019]external bladder full
1593539054:[SURF  ,0227]1st complete transfer
1593539071:[SURF  ,0022]GPS fix...
1593539091:[SURF  ,0015]10 PPS detected...
1593539092:[MRMAID,0052]Mermaid $GPSACK:+0,+0,+0,+0,+0,+0,-30;
1593539102:[MRMAID,0052]Mermaid $GPSOFF:3686322;
1593539103:[GPSFIX,0179]-1s diff
1593539104:[SURF  ,0222]2020-06-30T17:45:04
1593539104:[SURF  ,0082]Latitude : N43deg40.935mn, Longitude :E007deg19.178mn
1593539104:[SURF  ,0223]fix3D,11satellites
1593539104:[SURF  ,0084]GPS fix GPGSA : hdop0.620,vdop0.880
1593539121:[MAIN  ,0024]internal pressure 79564Pa
1593539122:[BYCMD ,0107]    FreeRTOS V8.2.3
1593539122:[BYCMD ,0108]    FatFS v11a
1593539122:[BYCMD ,0120]    bypass 10000ms 60000ms (20000ms 60000ms stored)
1593539122:[BYCMD ,0121]    valve 60000ms 12750 (60000ms 12750 stored)
1593539122:[BYCMD ,0122]    pump 60000ms 30% 10750 80% (60000ms 30% 10750 80% stored)
1593539122:[BYCMD ,0123]    rate 2mbar/s (2mbar/s stored)
1593539122:[BYCMD ,0124]    surface 500mbar (500mbar stored)
1593539122:[BYCMD ,0125]    near 1500mbar 3mbar/s (15000mbar 3mbar/s stored)
1593539122:[BYCMD ,0126]    far 2500mbar 4mbar/s (25000mbar 4mbar/s stored)
1593539122:[BYCMD ,0127]    ascent 8mbar/s (8mbar/s stored)
1593539122:[BYCMD ,0128]    dead 60s (300s stored)
1593539122:[BYCMD ,0129]    coeff 16/10 (16/10 stored)
1593539122:[BYCMD ,0130]    stab 10 (10 stored)
1593539122:[BYCMD ,0131]    delay 900s 3600s (900s 3600s stored)
1593539122:[BYCMD ,0132]    mmtime 2880min (2880min stored)
1593539122:[BYCMD ,0133]    dv_landing 100ml (100ml stored)
1593539122:[MKDCMD,0150]    p2t37: 15x2000ms, offset 135mbar
1593539122:[P2TCMD,0151]    p2t37: dp 50mbar, dt 5000mdegC
1593539123:[STAGE ,0080]Stage [0] 5000mbar (+/-500mbar) 1800s (<1800s) 
1593539123:[STAGE ,0080]Stage [1] 5000mbar (+/-500mbar) 1800s (<3600s) MERMAID
1593539123:[MAIN  ,0070]turn off bluetooth
1593539125:[PRESS ,0038]P     -5mbar,T-13748mdegC
1593539127:[PRESS ,0038]P     -5mbar,T -2266mdegC
1593539129:[PRESS ,0038]P     -5mbar,T-13748mdegC
1593539134:[PRESS ,0038]P     -5mbar,T+13277mdegC
1593539136:[PRESS ,0038]P    -15mbar,T-13748mdegC
1593539140:[PRESS ,0038]P     -5mbar,T+24762mdegC
1593539142:[PRESS ,0038]P    -15mbar,T-13748mdegC
1593539143:[PRESS ,0038]P     -5mbar,T+24762mdegC
1593539145:[PRESS ,0038]P    -15mbar,T-13748mdegC
1593539147:[PRESS ,0038]P     -5mbar,T+24762mdegC
1593539149:[PRESS ,0038]P     -5mbar,T-13748mdegC
1593539151:[PRESS ,0038]P    -15mbar,T+24762mdegC
1593539151:[DIVING,0141]diving from -15mbar, +0mbar/s
1593539151:[BYPASS,0035]bypass opening 60000ms
1593539156:[BYPASS,0104]battery 14993mV,  274256uA (bypass opening), P    -15mbar
1593539221:[BYPASS,0106]battery 15021mV,  299632uA (bypass closing), P    -15mbar
1593539222:[PRESS ,0038]P   -135mbar,T-13748mdegC
1593539224:[PRESS ,0038]P   -125mbar,T+24762mdegC
1593539226:[PRESS ,0038]P   -125mbar,T+13277mdegC
1593539228:[PRESS ,0038]P   -135mbar,T+24762mdegC
1593539230:[PRESS ,0038]P   -135mbar,T-13748mdegC
1593539231:[PRESS ,0038]P   -125mbar,T+13277mdegC
1593539233:[PRESS ,0038]P   -135mbar,T+24762mdegC
1593539235:[PRESS ,0038]P   -135mbar,T-13748mdegC
1593539237:[PRESS ,0038]P   -135mbar,T+24762mdegC
1593539239:[PRESS ,0038]P   -135mbar,T-13748mdegC
1593539241:[PRESS ,0038]P   -135mbar,T+24762mdegC
1593539244:[PRESS ,0038]P   -125mbar,T-13748mdegC
1593539248:[PRESS ,0038]P   -135mbar,T+24762mdegC
1593539248:[BYPASS,0035]bypass opening 10000ms
1593539253:[BYPASS,0104]battery 15046mV,  277794uA (bypass opening), P   -135mbar
1593539268:[BYPASS,0106]battery 15032mV,  298290uA (bypass closing), P   -135mbar
1593539271:[PRESS ,0038]P   -125mbar,T+13277mdegC
1593539273:[PRESS ,0038]P   -125mbar,T -2266mdegC
1593539275:[PRESS ,0038]P   -135mbar,T-13748mdegC
1593539279:[PRESS ,0038]P   -135mbar,T+24762mdegC
1593539280:[PRESS ,0038]P   -135mbar,T-13748mdegC
1593539282:[PRESS ,0038]P   -135mbar,T+24762mdegC
1593539284:[PRESS ,0038]P   -135mbar,T-13748mdegC
1593539286:[PRESS ,0038]P   -135mbar,T+24762mdegC
1593539288:[PRESS ,0038]P   -135mbar,T-13748mdegC
1593539289:[PRESS ,0038]P   -125mbar,T -2266mdegC
1593539291:[PRESS ,0038]P   -135mbar,T+24762mdegC
1593539293:[PRESS ,0038]P   -135mbar,T-13748mdegC
1593539295:[PRESS ,0038]P   -135mbar,T+24762mdegC
1593539295:[BYPASS,0035]bypass opening 10000ms
1593539300:[BYPASS,0104]battery 15055mV,  279746uA (bypass opening), P   -135mbar
1593539315:[BYPASS,0106]battery 15041mV,  297436uA (bypass closing), P   -135mbar
1593539317:[PRESS ,0038]P   -125mbar,T-13748mdegC
1593539319:[PRESS ,0038]P   -125mbar,T+24762mdegC
1593539320:[PRESS ,0038]P   -115mbar,T-13748mdegC
1593539327:[PRESS ,0038]P   -125mbar,T+24762mdegC
1593539329:[PRESS ,0038]P   -125mbar,T-13748mdegC
1593539331:[PRESS ,0038]P   -125mbar,T+24762mdegC
1593539336:[PRESS ,0038]P   -125mbar,T+13277mdegC
1593539338:[PRESS ,0038]P   -125mbar,T-13748mdegC
1593539340:[PRESS ,0038]P   -125mbar,T+24762mdegC
1593539342:[BYPASS,0035]bypass opening 10000ms
1593539347:[BYPASS,0104]battery 15060mV,  273646uA (bypass opening), P   -125mbar
1593539362:[BYPASS,0106]battery 15048mV,  296704uA (bypass closing), P   -125mbar
1593539364:[PRESS ,0038]P   -105mbar,T+13277mdegC
1593539366:[PRESS ,0038]P   -125mbar,T-13748mdegC
1593539378:[PRESS ,0038]P   -115mbar,T+24762mdegC
1593539380:[PRESS ,0038]P   -115mbar,T-13748mdegC
1593539382:[PRESS ,0038]P   -115mbar,T+24762mdegC
1593539383:[PRESS ,0038]P   -115mbar,T-13748mdegC
1593539389:[BYPASS,0035]bypass opening 10000ms
1593539394:[BYPASS,0104]battery 15066mV,  272914uA (bypass opening), P   -115mbar
1593539409:[BYPASS,0106]battery 15055mV,  296094uA (bypass closing), P   -115mbar
1593539412:[PRESS ,0038]P   -115mbar,T+24762mdegC
1593539414:[PRESS ,0038]P    -95mbar,T-13748mdegC
1593539420:[PRESS ,0038]P   -105mbar,T+24762mdegC
1593539421:[PRESS ,0038]P   -115mbar,T-13748mdegC
1593539423:[PRESS ,0038]P   -105mbar,T+24762mdegC
1593539425:[PRESS ,0038]P    -95mbar,T -2266mdegC
1593539427:[PRESS ,0038]P   -105mbar,T+13277mdegC
1593539430:[PRESS ,0038]P   -105mbar,T-13748mdegC
1593539434:[PRESS ,0038]P   -105mbar,T+24762mdegC
1593539436:[PRESS ,0038]P   -105mbar,T+13277mdegC
1593539436:[BYPASS,0035]bypass opening 10000ms
1593539441:[BYPASS,0104]battery 15071mV,  274012uA (bypass opening), P   -105mbar
1593539456:[BYPASS,0106]battery 15060mV,  295484uA (bypass closing), P   -105mbar
1593539458:[PRESS ,0038]P   -105mbar,T-13748mdegC
1593539460:[PRESS ,0038]P    -95mbar,T+13277mdegC
1593539461:[PRESS ,0038]P    -95mbar,T-13748mdegC
1593539467:[PRESS ,0038]P   -105mbar,T+24762mdegC
1593539470:[PRESS ,0038]P   -105mbar,T -2266mdegC
1593539472:[PRESS ,0038]P   -105mbar,T-13748mdegC
1593539474:[PRESS ,0038]P   -105mbar,T+24762mdegC
1593539476:[PRESS ,0038]P   -105mbar,T-13748mdegC
1593539477:[PRESS ,0038]P    -95mbar,T+24762mdegC
1593539481:[PRESS ,0038]P    -95mbar,T-13748mdegC
1593539483:[BYPASS,0035]bypass opening 10000ms
1593539488:[BYPASS,0104]battery 15077mV,  275354uA (bypass opening), P    -95mbar
1593539503:[BYPASS,0106]battery 15065mV,  294996uA (bypass closing), P    -95mbar
1593539508:[PRESS ,0038]P    -95mbar,T+24762mdegC
1593539514:[PRESS ,0038]P    -95mbar,T+13277mdegC
1593539515:[PRESS ,0038]P   -105mbar,T -2266mdegC
1593539517:[PRESS ,0038]P    -95mbar,T-13748mdegC
1593539523:[PRESS ,0038]P    -95mbar,T+13277mdegC
1593539524:[PRESS ,0038]P    -95mbar,T+24762mdegC
1593539526:[PRESS ,0038]P    -95mbar,T+13277mdegC
1593539528:[PRESS ,0038]P    -95mbar,T-13748mdegC
1593539530:[BYPASS,0035]bypass opening 10000ms
1593539535:[BYPASS,0104]battery 15081mV,  276818uA (bypass opening), P    -95mbar
1593539550:[BYPASS,0106]battery 15068mV,  294508uA (bypass closing), P    -95mbar
1593539552:[PRESS ,0038]P    -95mbar,T+13277mdegC
1593539554:[PRESS ,0038]P    -95mbar,T-13748mdegC
1593539557:[PRESS ,0038]P    -95mbar,T+24762mdegC
1593539561:[PRESS ,0038]P    -85mbar,T-13748mdegC
1593539563:[PRESS ,0038]P    -85mbar,T+13277mdegC
1593539564:[PRESS ,0038]P    -85mbar,T-13748mdegC
1593539566:[PRESS ,0038]P    -95mbar,T+24762mdegC
1593539570:[PRESS ,0038]P    -85mbar,T-13748mdegC
1593539575:[PRESS ,0038]P    -85mbar,T+13277mdegC
1593539577:[PRESS ,0038]P    -85mbar,T+24762mdegC
1593539577:[BYPASS,0035]bypass opening 10000ms
1593539582:[BYPASS,0104]battery 15082mV,  274744uA (bypass opening), P    -85mbar
1593539597:[BYPASS,0106]battery 15072mV,  293898uA (bypass closing), P    -85mbar
1593539599:[PRESS ,0038]P    -65mbar,T-13748mdegC
1593539602:[PRESS ,0038]P    -55mbar,T+13277mdegC
1593539604:[PRESS ,0038]P    -45mbar,T-13748mdegC
1593539608:[PRESS ,0038]P    -45mbar,T+24762mdegC
1593539610:[PRESS ,0038]P    -35mbar,T+13277mdegC
1593539611:[PRESS ,0038]P    -25mbar,T-13748mdegC
1593539622:[PRESS ,0038]P     -5mbar,T+13277mdegC
1593539624:[PRESS ,0038]P    +15mbar,T-13748mdegC
1593539629:[PRESS ,0038]P    +45mbar,T+24762mdegC
1593539632:[PRESS ,0038]P    +25mbar,T-13748mdegC
1593539646:[PRESS ,0038]P    +55mbar,T+24762mdegC
1593539654:[PRESS ,0038]P    +65mbar,T-13748mdegC
1593539660:[BYPASS,0035]bypass opening 10000ms
1593539665:[BYPASS,0104]battery 15100mV,  280478uA (bypass opening), P    +65mbar
1593539680:[BYPASS,0106]battery 15086mV,  294142uA (bypass closing), P    +65mbar
1593539682:[PRESS ,0038]P   +115mbar,T+24762mdegC
1593539684:[PRESS ,0038]P   +115mbar,T-13748mdegC
1593539685:[PRESS ,0038]P   +135mbar,T-25236mdegC
1593539687:[PRESS ,0038]P   +155mbar,T-13748mdegC
1593539696:[PRESS ,0038]P   +185mbar,T -2266mdegC
1593539698:[PRESS ,0038]P   +205mbar,T-13748mdegC
1593539705:[PRESS ,0038]P   +245mbar,T+13277mdegC
1593539707:[PRESS ,0038]P   +225mbar,T-13748mdegC
1593539710:[PRESS ,0038]P   +245mbar,T+13277mdegC
1593539712:[PRESS ,0038]P   +255mbar,T-13748mdegC
1593539721:[PRESS ,0038]P   +285mbar,T+24762mdegC
1593539724:[PRESS ,0038]P   +295mbar,T-13748mdegC
1593539726:[PRESS ,0038]P   +315mbar,T+13277mdegC
1593539735:[PRESS ,0038]P   +345mbar,T-13748mdegC
1593539738:[PRESS ,0038]P   +365mbar,T+24762mdegC
1593539740:[PRESS ,0038]P   +375mbar,T-13748mdegC
1593539746:[PRESS ,0038]P   +405mbar,T+13277mdegC
1593539752:[PRESS ,0038]P   +415mbar,T+24762mdegC
1593539765:[PRESS ,0038]P   +485mbar,T-13748mdegC
1593539770:[PRESS ,0038]P   +505mbar,T+24762mdegC
1593539770:[DIVING,0028]505mbar reached (+4mbar/s), 10 bypass done
1593539771:[MAIN  ,0056]stage[0]
1593539773:[MAIN  ,0024]internal pressure 83127Pa
1593539774:[PRESS ,0038]P   +535mbar,T+13277mdegC
1593539774:[BUOY  ,0037]P   +535mbar
1593539774:[STAGE ,0080]Stage [0] 5000mbar (+/-500mbar) 1800s (<1593541570s) 
1593539775:[PRESS ,0038]P   +555mbar,T-13748mdegC
1593539836:[PRESS ,0038]P   +885mbar,T+13277mdegC
1593539838:[PRESS ,0038]P   +905mbar,T-13748mdegC
1593539847:[PRESS ,0038]P   +975mbar,T+24762mdegC
1593539849:[PRESS ,0038]P   +975mbar,T-13748mdegC
1593539856:[PRESS ,0038]P  +1025mbar,T+13277mdegC
1593539859:[PRESS ,0038]P  +1055mbar,T-13748mdegC
1593539922:[PRESS ,0038]P  +1515mbar,T-13748mdegC
1593539924:[PRESS ,0038]P  +1525mbar,T+13277mdegC
1593539925:[PRESS ,0038]P  +1555mbar,T-13748mdegC
1593539929:[PRESS ,0038]P  +1575mbar,T+13277mdegC
1593539931:[PRESS ,0038]P  +1585mbar,T-13748mdegC
1593539933:[PRESS ,0038]P  +1605mbar,T+13277mdegC
1593539934:[PRESS ,0038]P  +1605mbar,T+24762mdegC
1593539936:[PRESS ,0038]P  +1625mbar,T+13277mdegC
1593539938:[PRESS ,0038]P  +1635mbar,T-13748mdegC
1593539942:[PRESS ,0038]P  +1665mbar,T+13277mdegC
1593539945:[PRESS ,0038]P  +1685mbar,T-13748mdegC
1593540008:[PRESS ,0038]P  +2185mbar,T+24762mdegC
1593540009:[PRESS ,0038]P  +2185mbar,T+13277mdegC
1593540011:[PRESS ,0038]P  +2205mbar,T-13748mdegC
1593540016:[PRESS ,0038]P  +2225mbar,T+13277mdegC
1593540018:[PRESS ,0038]P  +2215mbar,T-13748mdegC
1593540020:[PRESS ,0038]P  +2225mbar,T+24762mdegC
1593540022:[PRESS ,0038]P  +2225mbar,T+13277mdegC
1593540024:[PRESS ,0038]P  +2225mbar,T-13748mdegC
1593540027:[PRESS ,0038]P  +2235mbar,T+13277mdegC
1593540031:[PRESS ,0038]P  +2235mbar,T-13748mdegC
1593540033:[BUOY  ,0087]from +2mbar/s to +4mbar/s
1593540033:[BUOY  ,0090]need to transfer -20mL (valve during 5426ms)
1593540033:[VALVE ,0034]valve opening 5426ms
1593540038:[VALVE ,0234]battery 15053mV,  475068uA, P  +2235mbar
1593540093:[PRESS ,0038]P  +2445mbar,T-13748mdegC
1593540099:[PRESS ,0038]P  +2445mbar,T+13277mdegC
1593540101:[PRESS ,0038]P  +2455mbar,T-13748mdegC
1593540104:[PRESS ,0038]P  +2475mbar,T-25236mdegC
1593540106:[PRESS ,0038]P  +2485mbar,T-13748mdegC
1593540111:[PRESS ,0038]P  +2505mbar,T+24762mdegC
1593540113:[PRESS ,0038]P  +2505mbar,T+13277mdegC
1593540115:[PRESS ,0038]P  +2525mbar,T-13748mdegC
1593540119:[PRESS ,0038]P  +2535mbar,T+13277mdegC
1593540179:[PRESS ,0038]P  +2835mbar,T-13748mdegC
1593540183:[PRESS ,0038]P  +2855mbar,T+13277mdegC
1593540185:[PRESS ,0038]P  +2855mbar,T-13748mdegC
1593540186:[PRESS ,0038]P  +2865mbar,T+24762mdegC
1593540188:[PRESS ,0038]P  +2865mbar,T+13277mdegC
1593540190:[PRESS ,0038]P  +2875mbar,T-13748mdegC
1593540195:[PRESS ,0038]P  +2915mbar,T+13277mdegC
1593540197:[PRESS ,0038]P  +2915mbar,T+24762mdegC
1593540201:[PRESS ,0038]P  +2935mbar,T-13748mdegC
1593540203:[PRESS ,0038]P  +2945mbar,T+13277mdegC
1593540205:[PRESS ,0038]P  +2955mbar,T-13748mdegC
1593540205:[BUOY  ,0087]from +5mbar/s to +3mbar/s
1593540205:[BUOY  ,0089]need to transfer +26mL (pump during 31458ms)
1593540213:[PUMP  ,0207]battery 15401mV,   19398uA (warmup), P  +2955mbar
1593540213:[PUMP  ,0016]pump during 31458ms
1593540244:[PUMP  ,0212]battery 15180mV,  276940uA (steady state), P  +2955mbar
1593540269:[PRESS ,0038]P  +3245mbar,T-13748mdegC
1593540278:[PRESS ,0038]P  +3275mbar,T+13277mdegC
1593540280:[PRESS ,0038]P  +3285mbar,T-13748mdegC
1593540285:[PRESS ,0038]P  +3315mbar,T -2266mdegC
1593540287:[PRESS ,0038]P  +3315mbar,T-13748mdegC
1593540289:[PRESS ,0038]P  +3325mbar,T+24762mdegC
1593540290:[PRESS ,0038]P  +3325mbar,T -2266mdegC
1593540292:[PRESS ,0038]P  +3345mbar,T-13748mdegC
1593540355:[PRESS ,0038]P  +3605mbar,T-13748mdegC
1593540362:[PRESS ,0038]P  +3625mbar,T+13277mdegC
1593540364:[PRESS ,0038]P  +3645mbar,T-13748mdegC
1593540369:[PRESS ,0038]P  +3665mbar,T+13277mdegC
1593540371:[PRESS ,0038]P  +3675mbar,T-13748mdegC
1593540380:[PRESS ,0038]P  +3705mbar,T+13277mdegC
1593540380:[BUOY  ,0087]from +4mbar/s to +2mbar/s
1593540380:[BUOY  ,0089]need to transfer +20mL (pump during 24094ms)
1593540388:[PUMP  ,0207]battery 15385mV,   19398uA (warmup), P  +3705mbar
1593540388:[PUMP  ,0016]pump during 24094ms
1593540412:[PUMP  ,0212]battery 15153mV,  293288uA (steady state), P  +3705mbar
1593540444:[PRESS ,0038]P  +3935mbar,T-13748mdegC
1593540447:[PRESS ,0038]P  +3935mbar,T-25236mdegC
1593540449:[PRESS ,0038]P  +3945mbar,T-13748mdegC
1593540456:[PRESS ,0038]P  +3965mbar,T+24762mdegC
1593540458:[PRESS ,0038]P  +3975mbar,T-13748mdegC
1593540463:[PRESS ,0038]P  +3975mbar,T+24762mdegC
1593540465:[PRESS ,0038]P  +3975mbar,T-13748mdegC
1593540467:[PRESS ,0038]P  +3975mbar,T+24762mdegC
1593540469:[PRESS ,0038]P  +3975mbar,T-13748mdegC
1593540529:[PRESS ,0038]P  +4025mbar,T+24762mdegC
1593540533:[PRESS ,0038]P  +4025mbar,T-13748mdegC
1593540535:[PRESS ,0038]P  +4035mbar,T+24762mdegC
1593540537:[PRESS ,0038]P  +4025mbar,T-13748mdegC
1593540538:[PRESS ,0038]P  +4025mbar,T+24762mdegC
1593540540:[PRESS ,0038]P  +4025mbar,T-13748mdegC
1593540542:[PRESS ,0038]P  +4035mbar,T+24762mdegC
1593540546:[PRESS ,0038]P  +4035mbar,T-13748mdegC
1593540549:[PRESS ,0038]P  +4035mbar,T+24762mdegC
1593540553:[PRESS ,0038]P  +4035mbar,T-13748mdegC
1593540555:<WARN>[BUOY  ,0094]stage[0] should DESCENT, stuck at 4035mbar for the #1 time
1593540555:[BUOY  ,0087]from +0mbar/s to +2mbar/s
1593540555:[BUOY  ,0090]need to transfer -6mL (valve during 1214ms)
1593540555:[VALVE ,0034]valve opening 1214ms
1593540556:[VALVE ,0234]battery 15042mV,  474824uA, P  +4035mbar
1593540615:[PRESS ,0038]P  +4095mbar,T+24762mdegC
1593540622:[PRESS ,0038]P  +4075mbar,T-13748mdegC
1593540624:[PRESS ,0038]P  +4085mbar,T+24762mdegC
1593540626:[PRESS ,0038]P  +4075mbar,T -2266mdegC
1593540628:[PRESS ,0038]P  +4075mbar,T-13748mdegC
1593540633:[PRESS ,0038]P  +4085mbar,T+24762mdegC
1593540637:[PRESS ,0038]P  +4085mbar,T-13748mdegC
1593540640:<WARN>[BUOY  ,0094]stage[0] should DESCENT, stuck at 4085mbar for the #2 time
1593540640:[BUOY  ,0087]from +0mbar/s to +2mbar/s
1593540640:[BUOY  ,0090]need to transfer -6mL (valve during 1214ms)
1593540640:[VALVE ,0034]valve opening 1214ms
1593540642:[VALVE ,0234]battery 15051mV,  474702uA, P  +4085mbar
1593540705:[PRESS ,0038]P  +4095mbar,T -2266mdegC
1593540707:[PRESS ,0038]P  +4105mbar,T+24762mdegC
1593540708:[PRESS ,0038]P  +4085mbar,T-13748mdegC
1593540710:[PRESS ,0038]P  +4095mbar,T+13277mdegC
1593540712:[PRESS ,0038]P  +4095mbar,T-13748mdegC
1593540716:[PRESS ,0038]P  +4105mbar,T+24762mdegC
1593540719:[PRESS ,0038]P  +4105mbar,T-13748mdegC
1593540721:[PRESS ,0038]P  +4105mbar,T+24762mdegC
1593540725:[PRESS ,0038]P  +4115mbar,T -2266mdegC
1593540726:[PRESS ,0038]P  +4095mbar,T+24762mdegC
1593540726:<WARN>[BUOY  ,0094]stage[0] should DESCENT, stuck at 4095mbar for the #3 time
1593540726:[BUOY  ,0087]from +0mbar/s to +2mbar/s
1593540726:[BUOY  ,0090]need to transfer -6mL (valve during 1214ms)
1593540726:[VALVE ,0034]valve opening 1214ms
1593540728:[VALVE ,0234]battery 15058mV,  474824uA, P  +4095mbar
1593540787:[PRESS ,0038]P  +4175mbar,T-13748mdegC
1593540789:[PRESS ,0038]P  +4165mbar,T+24762mdegC
1593540791:[PRESS ,0038]P  +4165mbar,T -2266mdegC
1593540793:[PRESS ,0038]P  +4175mbar,T+24762mdegC
1593540794:[PRESS ,0038]P  +4165mbar,T-13748mdegC
1593540798:[PRESS ,0038]P  +4175mbar,T+24762mdegC
1593540803:[PRESS ,0038]P  +4175mbar,T -2266mdegC
1593540805:[PRESS ,0038]P  +4175mbar,T-13748mdegC
1593540807:[PRESS ,0038]P  +4175mbar,T+24762mdegC
1593540873:[PRESS ,0038]P  +4255mbar,T+24762mdegC
1593540875:[PRESS ,0038]P  +4255mbar,T -2266mdegC
1593540877:[PRESS ,0038]P  +4255mbar,T+24762mdegC
1593540880:[PRESS ,0038]P  +4245mbar,T -2266mdegC
1593540882:[PRESS ,0038]P  +4245mbar,T+24762mdegC
1593540887:[PRESS ,0038]P  +4265mbar,T -2266mdegC
1593540891:[PRESS ,0038]P  +4265mbar,T-13748mdegC
1593540893:[PRESS ,0038]P  +4275mbar,T+24762mdegC
1593540894:[PRESS ,0038]P  +4275mbar,T+13277mdegC
1593540896:[PRESS ,0038]P  +4285mbar,T -2266mdegC
1593540959:[PRESS ,0038]P  +4415mbar,T+24762mdegC
1593540964:[PRESS ,0038]P  +4455mbar,T -2266mdegC
1593540966:[PRESS ,0038]P  +4435mbar,T+24762mdegC
1593540969:[PRESS ,0038]P  +4455mbar,T -2266mdegC
1593540971:[PRESS ,0038]P  +4455mbar,T+24762mdegC
1593540977:[PRESS ,0038]P  +4475mbar,T -2266mdegC
1593540980:[PRESS ,0038]P  +4485mbar,T+24762mdegC
1593540982:[PRESS ,0038]P  +4485mbar,T-13748mdegC
1593541044:[PRESS ,0038]P  +4705mbar,T+24762mdegC
1593541048:[PRESS ,0038]P  +4715mbar,T -2266mdegC
1593541050:[PRESS ,0038]P  +4725mbar,T+24762mdegC
1593541052:[PRESS ,0038]P  +4715mbar,T-29294mdegC
1593541053:[PRESS ,0038]P  +4725mbar,T -2266mdegC
1593541057:[PRESS ,0038]P  +4745mbar,T+24762mdegC
1593541064:[PRESS ,0038]P  +4765mbar,T -2266mdegC
1593541069:[STAGE ,0213]4775mbar reached at 1593541069s, ref 5000mbar +/-500mbar
1593541069:[BUOY  ,0087]from +3mbar/s to +0mbar/s
1593541070:[BUOY  ,0089]need to transfer +14mL (pump during 16811ms)
1593541078:[PUMP  ,0207]battery 15433mV,   19398uA (warmup), P  +4775mbar
1593541078:[PUMP  ,0016]pump during 16811ms
1593541094:[PUMP  ,0212]battery 15190mV,  293654uA (steady state), P  +4775mbar
1593541134:[PRESS ,0038]P  +4955mbar,T+24762mdegC
1593541135:[PRESS ,0038]P  +4965mbar,T -2266mdegC
1593541139:[PRESS ,0038]P  +4955mbar,T+24762mdegC
1593541141:[PRESS ,0038]P  +4965mbar,T -2266mdegC
1593541142:[PRESS ,0038]P  +4985mbar,T+24762mdegC
1593541144:[PRESS ,0038]P  +4975mbar,T -2266mdegC
1593541148:[PRESS ,0038]P  +4995mbar,T+24762mdegC
1593541150:[PRESS ,0038]P  +4995mbar,T -2266mdegC
1593541157:[PRESS ,0038]P  +5025mbar,T+24762mdegC
1593541159:[PRESS ,0038]P  +5025mbar,T-29294mdegC
1593541159:[BUOY  ,0087]from +3mbar/s to +0mbar/s
1593541159:[BUOY  ,0089]need to transfer +14mL (pump during 16811ms)
1593541167:[PUMP  ,0207]battery 15413mV,   19398uA (warmup), P  +5025mbar
1593541167:[PUMP  ,0016]pump during 16811ms
1593541183:[PUMP  ,0212]battery 15165mV,  305122uA (steady state), P  +5025mbar
1593541223:[PRESS ,0038]P  +5175mbar,T -2266mdegC
1593541224:[PRESS ,0038]P  +5175mbar,T-29294mdegC
1593541226:[PRESS ,0038]P  +5165mbar,T -2266mdegC
1593541232:[PRESS ,0038]P  +5185mbar,T-29294mdegC
1593541233:[PRESS ,0038]P  +5185mbar,T -2266mdegC
1593541239:[PRESS ,0038]P  +5175mbar,T+24762mdegC
1593541241:[PRESS ,0038]P  +5185mbar,T -2266mdegC
1593541248:[PRESS ,0038]P  +5195mbar,T-29294mdegC
1593541248:[BUOY  ,0087]from +1mbar/s to +0mbar/s
1593541248:[BUOY  ,0089]need to transfer +2mL (pump during 2402ms)
1593541256:[PUMP  ,0207]battery 15397mV,   19398uA (warmup), P  +5195mbar
1593541256:[PUMP  ,0016]pump during 2402ms
1593541312:[PRESS ,0038]P  +5205mbar,T -2266mdegC
1593541313:[PRESS ,0038]P  +5205mbar,T-29294mdegC
1593541315:[PRESS ,0038]P  +5215mbar,T -2266mdegC
1593541317:[PRESS ,0038]P  +5205mbar,T+24762mdegC
1593541319:[PRESS ,0038]P  +5215mbar,T -2266mdegC
1593541321:[PRESS ,0038]P  +5205mbar,T-29294mdegC
1593541322:[PRESS ,0038]P  +5205mbar,T+24762mdegC
1593541324:[PRESS ,0038]P  +5215mbar,T -2266mdegC
1593541330:[PRESS ,0038]P  +5215mbar,T+24762mdegC
1593541331:[PRESS ,0038]P  +5215mbar,T -2266mdegC
1593541337:[PRESS ,0038]P  +5215mbar,T+24762mdegC
1593541397:[PRESS ,0038]P  +5205mbar,T -2266mdegC
1593541519:[PRESS ,0038]P  +5215mbar,T-29294mdegC
1593541579:[PRESS ,0038]P  +5225mbar,T -2266mdegC
1593541579:[MAIN  ,0140]stage[0] complete 1809s after mission start
1593541580:[MAIN  ,0056]stage[1]
1593541582:[MAIN  ,0024]internal pressure 82020Pa
1593541583:[MRMAID,0002]acq started
1593541593:[BUOY  ,0037]P  +5225mbar
1593541593:[STAGE ,0080]Stage [1] 5000mbar (+/-500mbar) 1800s (<1593543370s) MERMAID
1593541595:[STAGE ,0213]5245mbar reached at 1593541595s, ref 5000mbar +/-500mbar
1593541737:[MRMAID,0027]52dbar, -2degC
1593541777:[PRESS ,0038]P  +5235mbar,T-29294mdegC
1593541838:[PRESS ,0038]P  +5495mbar,T -2266mdegC
1593541856:[MRMAID,0027]55dbar, -2degC
1593541898:[PRESS ,0038]P  +5905mbar,T -2266mdegC
1593541898:<WARN>[BUOY  ,0094]stage[1] should ASCENT, stuck at 5905mbar for the #1 time
1593541898:[BUOY  ,0087]from +1mbar/s to -2mbar/s
1593541898:[BUOY  ,0089]need to transfer +8mL (pump during 9604ms)
1593541907:[PUMP  ,0207]battery 15447mV,   19886uA (warmup), P  +5905mbar
1593541907:[PUMP  ,0016]pump during 9604ms
1593541916:[PUMP  ,0212]battery 15186mV,  304390uA (steady state), P  +5905mbar
1593541929:[MRMAID,0184]acq already started
1593541973:[PRESS ,0038]P  +6435mbar,T-29294mdegC
1593541975:[PRESS ,0038]P  +6445mbar,T -2266mdegC
1593541978:[PRESS ,0038]P  +6475mbar,T-29294mdegC
1593541982:[PRESS ,0038]P  +6485mbar,T -2266mdegC
1593541989:[PRESS ,0038]P  +6545mbar,T -2266mdegC
1593541992:[PRESS ,0038]P  +6565mbar,T +9212mdegC
1593541994:[PRESS ,0038]P  +6585mbar,T-29294mdegC
1593541996:[PRESS ,0038]P  +6595mbar,T -2266mdegC
1593541998:<WARN>[BUOY  ,0094]stage[1] should ASCENT, stuck at 6605mbar for the #2 time
1593541998:[BUOY  ,0087]from +7mbar/s to -3mbar/s
1593541998:[BUOY  ,0089]need to transfer +92mL (pump during 110444ms)
1593542007:[PUMP  ,0207]battery 15437mV,   19642uA (warmup), P  +6605mbar
1593542007:[PUMP  ,0016]pump during 60000ms
1593542007:[MRMAID,0003]acq stopped
1593542012:[MRMAID,0005]ascent request rejected
1593542066:[PUMP  ,0212]battery 15167mV,  318298uA (steady state), P  +6605mbar
1593542070:[MRMAID,0002]acq started
1593542081:[PRESS ,0038]P  +6885mbar,T-29294mdegC
1593542091:[PRESS ,0038]P  +6865mbar,T -2266mdegC
1593542093:[PRESS ,0038]P  +6865mbar,T-29294mdegC
1593542104:[PRESS ,0038]P  +6875mbar,T +9212mdegC
1593542106:[PRESS ,0038]P  +6875mbar,T-29294mdegC
1593542106:<WARN>[BUOY  ,0094]stage[1] should ASCENT, stuck at 6875mbar for the #3 time
1593542106:[BUOY  ,0087]from +0mbar/s to -3mbar/s
1593542106:[BUOY  ,0089]need to transfer +14mL (pump during 16808ms)
1593542114:[PUMP  ,0207]battery 15347mV,   19520uA (warmup), P  +6875mbar
1593542115:[PUMP  ,0016]pump during 16808ms
1593542123:[MRMAID,0003]acq stopped
1593542131:[PUMP  ,0212]battery 15091mV,  316712uA (steady state), P  +6875mbar
1593542135:[MRMAID,0002]acq started
1593542182:[PRESS ,0038]P  +6845mbar,T -2266mdegC
1593542185:[PRESS ,0038]P  +6835mbar,T-29294mdegC
1593542190:[PRESS ,0038]P  +6835mbar,T -2266mdegC
1593542194:[PRESS ,0038]P  +6835mbar,T-29294mdegC
1593542196:[PRESS ,0038]P  +6845mbar,T -2266mdegC
1593542199:[PRESS ,0038]P  +6825mbar,T +9212mdegC
1593542201:[PRESS ,0038]P  +6835mbar,T-29294mdegC
1593542205:<WARN>[BUOY  ,0094]stage[1] should ASCENT, stuck at 6825mbar for the #4 time
1593542205:[BUOY  ,0087]from +0mbar/s to -3mbar/s
1593542205:[BUOY  ,0089]need to transfer +14mL (pump during 16808ms)
1593542205:[MRMAID,0003]acq stopped
1593542214:[PUMP  ,0207]battery 15348mV,   19276uA (warmup), P  +6825mbar
1593542214:[PUMP  ,0016]pump during 16808ms
1593542230:[PUMP  ,0212]battery 15088mV,  315126uA (steady state), P  +6825mbar
1593542234:[MRMAID,0002]acq started
1593542279:[PRESS ,0038]P  +6845mbar,T -2266mdegC
1593542289:[PRESS ,0038]P  +6845mbar,T-29294mdegC
1593542297:[PRESS ,0038]P  +6845mbar,T -2266mdegC
1593542298:[PRESS ,0038]P  +6835mbar,T-29294mdegC
1593542304:<WARN>[BUOY  ,0094]stage[1] should ASCENT, stuck at 6835mbar for the #5 time
1593542304:[BUOY  ,0087]from +0mbar/s to -3mbar/s
1593542304:[BUOY  ,0089]need to transfer +14mL (pump during 16808ms)
1593542304:[MRMAID,0003]acq stopped
1593542312:[PUMP  ,0207]battery 15346mV,   19398uA (warmup), P  +6835mbar
1593542312:[PUMP  ,0016]pump during 16808ms
1593542329:[PUMP  ,0212]battery 15083mV,  315858uA (steady state), P  +6835mbar
1593542332:[MRMAID,0002]acq started
1593542378:[PRESS ,0038]P  +6815mbar,T -2266mdegC
1593542381:[PRESS ,0038]P  +6815mbar,T-29294mdegC
1593542387:[PRESS ,0038]P  +6825mbar,T -2266mdegC
1593542392:[PRESS ,0038]P  +6835mbar,T-29294mdegC
1593542394:[PRESS ,0038]P  +6845mbar,T -2266mdegC
1593542397:[PRESS ,0038]P  +6845mbar,T +9212mdegC
1593542399:[PRESS ,0038]P  +6845mbar,T-29294mdegC
1593542403:<WARN>[BUOY  ,0094]stage[1] should ASCENT, stuck at 6845mbar for the #6 time
1593542403:[BUOY  ,0087]from +2mbar/s to -3mbar/s
1593542403:[BUOY  ,0089]need to transfer +20mL (pump during 24011ms)
1593542403:[MRMAID,0003]acq stopped
1593542411:[PUMP  ,0207]battery 15343mV,   19398uA (warmup), P  +6845mbar
1593542411:[PUMP  ,0016]pump during 24011ms
1593542436:[PUMP  ,0212]battery 15083mV,  312442uA (steady state), P  +6845mbar
1593542439:[MRMAID,0002]acq started
1593542477:[PRESS ,0038]P  +6785mbar,T-29294mdegC
1593542480:[PRESS ,0038]P  +6785mbar,T -2266mdegC
1593542482:[PRESS ,0038]P  +6775mbar,T-29294mdegC
1593542484:[PRESS ,0038]P  +6775mbar,T -2266mdegC
1593542486:[PRESS ,0038]P  +6775mbar,T-29294mdegC
1593542491:[PRESS ,0038]P  +6765mbar,T +9212mdegC
1593542493:[PRESS ,0038]P  +6765mbar,T-29294mdegC
1593542496:[PRESS ,0038]P  +6755mbar,T -2266mdegC
1593542498:[PRESS ,0038]P  +6745mbar,T +9212mdegC
1593542500:[PRESS ,0038]P  +6735mbar,T-29294mdegC
1593542563:[PRESS ,0038]P  +6635mbar,T-17818mdegC
1593542564:[PRESS ,0038]P  +6645mbar,T -2266mdegC
1593542566:[PRESS ,0038]P  +6635mbar,T-29294mdegC
1593542570:[PRESS ,0038]P  +6625mbar,T -2266mdegC
1593542572:[PRESS ,0038]P  +6625mbar,T-29294mdegC
1593542575:[PRESS ,0038]P  +6615mbar,T -2266mdegC
1593542577:[PRESS ,0038]P  +6605mbar,T-29294mdegC
1593542580:[PRESS ,0038]P  +6615mbar,T +9212mdegC
1593542582:[PRESS ,0038]P  +6605mbar,T-29294mdegC
1593542588:[PRESS ,0038]P  +6595mbar,T -2266mdegC
1593542592:[MRMAID,0027]66dbar, -2degC
1593542648:[PRESS ,0038]P  +6495mbar,T -2266mdegC
1593542650:[PRESS ,0038]P  +6475mbar,T-29294mdegC
1593542657:[PRESS ,0038]P  +6465mbar,T -2266mdegC
1593542661:[PRESS ,0038]P  +6475mbar,T-29294mdegC
1593542666:[PRESS ,0038]P  +6455mbar,T +9212mdegC
1593542668:[PRESS ,0038]P  +6455mbar,T-29294mdegC
1593542673:[PRESS ,0038]P  +6455mbar,T +9212mdegC
1593542734:[PRESS ,0038]P  +6355mbar,T +9212mdegC
1593542738:[PRESS ,0038]P  +6345mbar,T-29294mdegC
1593542741:[PRESS ,0038]P  +6345mbar,T +9212mdegC
1593542743:[PRESS ,0038]P  +6335mbar,T-29294mdegC
1593542750:[PRESS ,0038]P  +6335mbar,T +9212mdegC
1593542752:[PRESS ,0038]P  +6325mbar,T-29294mdegC
1593542754:[PRESS ,0038]P  +6315mbar,T -2266mdegC
1593542755:[PRESS ,0038]P  +6315mbar,T-29294mdegC
1593542820:[PRESS ,0038]P  +6195mbar,T +9212mdegC
1593542821:[PRESS ,0038]P  +6185mbar,T -2266mdegC
1593542825:[PRESS ,0038]P  +6195mbar,T +9212mdegC
1593542827:[PRESS ,0038]P  +6185mbar,T-29294mdegC
1593542829:[PRESS ,0038]P  +6185mbar,T -2266mdegC
1593542830:[PRESS ,0038]P  +6185mbar,T-29294mdegC
1593542832:[PRESS ,0038]P  +6175mbar,T +9212mdegC
1593542834:[PRESS ,0038]P  +6175mbar,T-29294mdegC
1593542836:[PRESS ,0038]P  +6175mbar,T -2266mdegC
1593542839:[PRESS ,0038]P  +6175mbar,T-29294mdegC
1593542843:[PRESS ,0038]P  +6175mbar,T +9212mdegC
1593542845:[PRESS ,0038]P  +6165mbar,T-29294mdegC
1593542905:[PRESS ,0038]P  +6085mbar,T-29294mdegC
1593542909:[PRESS ,0038]P  +6075mbar,T -2266mdegC
1593542911:[PRESS ,0038]P  +6075mbar,T-29294mdegC
1593542913:[PRESS ,0038]P  +6075mbar,T +9212mdegC
1593542914:[PRESS ,0038]P  +6065mbar,T-29294mdegC
1593542916:[PRESS ,0038]P  +6065mbar,T -2266mdegC
1593542918:[PRESS ,0038]P  +6065mbar,T-29294mdegC
1593542922:[PRESS ,0038]P  +6055mbar,T +9212mdegC
1593542925:[PRESS ,0038]P  +6055mbar,T-29294mdegC
1593542991:[PRESS ,0038]P  +6015mbar,T -2266mdegC
1593542993:[PRESS ,0038]P  +6005mbar,T +9212mdegC
1593543000:[PRESS ,0038]P  +5995mbar,T-29294mdegC
1593543005:[PRESS ,0038]P  +5985mbar,T +9212mdegC
1593543007:[PRESS ,0038]P  +5985mbar,T -2266mdegC
1593543009:[PRESS ,0038]P  +5985mbar,T +9212mdegC
1593543013:[PRESS ,0038]P  +5965mbar,T -2266mdegC
1593543016:[PRESS ,0038]P  +5975mbar,T-29294mdegC
1593543077:[PRESS ,0038]P  +5905mbar,T-29294mdegC
1593543079:[PRESS ,0038]P  +5915mbar,T -2266mdegC
1593543081:[PRESS ,0038]P  +5895mbar,T +9212mdegC
1593543082:[PRESS ,0038]P  +5905mbar,T-29294mdegC
1593543086:[PRESS ,0038]P  +5905mbar,T +9212mdegC
1593543088:[PRESS ,0038]P  +5895mbar,T-29294mdegC
1593543095:[PRESS ,0038]P  +5895mbar,T-17818mdegC
1593543097:[PRESS ,0038]P  +5895mbar,T-29294mdegC
1593543098:[PRESS ,0038]P  +5895mbar,T +9212mdegC
1593543100:[PRESS ,0038]P  +5895mbar,T-29294mdegC
1593543102:[PRESS ,0038]P  +5885mbar,T -2266mdegC
1593543163:[PRESS ,0038]P  +5825mbar,T-29294mdegC
1593543165:[PRESS ,0038]P  +5825mbar,T +9212mdegC
1593543166:[PRESS ,0038]P  +5825mbar,T -2266mdegC
1593543168:[PRESS ,0038]P  +5815mbar,T-29294mdegC
1593543170:[PRESS ,0038]P  +5825mbar,T -2266mdegC
1593543172:[PRESS ,0038]P  +5815mbar,T-29294mdegC
1593543175:[PRESS ,0038]P  +5805mbar,T +9212mdegC
1593543177:[PRESS ,0038]P  +5815mbar,T-29294mdegC
1593543182:[PRESS ,0038]P  +5795mbar,T -2266mdegC
1593543184:[PRESS ,0038]P  +5795mbar,T-29294mdegC
1593543186:[PRESS ,0038]P  +5795mbar,T +9212mdegC
1593543188:[PRESS ,0038]P  +5785mbar,T-29294mdegC
1593543249:[PRESS ,0038]P  +5665mbar,T-29294mdegC
1593543250:[PRESS ,0038]P  +5675mbar,T +9212mdegC
1593543252:[PRESS ,0038]P  +5655mbar,T -2266mdegC
1593543254:[PRESS ,0038]P  +5655mbar,T-29294mdegC
1593543256:[PRESS ,0038]P  +5665mbar,T -2266mdegC
1593543258:[PRESS ,0038]P  +5645mbar,T +9212mdegC
1593543259:[PRESS ,0038]P  +5635mbar,T-29294mdegC
1593543261:[PRESS ,0038]P  +5645mbar,T -2266mdegC
1593543265:[PRESS ,0038]P  +5615mbar,T-29294mdegC
1593543334:[PRESS ,0038]P  +5525mbar,T-29294mdegC
1593543338:[PRESS ,0038]P  +5525mbar,T +9212mdegC
1593543341:[PRESS ,0038]P  +5515mbar,T -2266mdegC
1593543343:[PRESS ,0038]P  +5515mbar,T-29294mdegC
1593543350:[PRESS ,0038]P  +5515mbar,T-17818mdegC
1593543352:[PRESS ,0038]P  +5515mbar,T-29294mdegC
1593543358:[PRESS ,0038]P  +5515mbar,T +9212mdegC
1593543359:[PRESS ,0038]P  +5505mbar,T-29294mdegC
1593543420:[PRESS ,0038]P  +5455mbar,T -2266mdegC
1593543422:[PRESS ,0038]P  +5455mbar,T-29294mdegC
1593543424:[PRESS ,0038]P  +5455mbar,T -2266mdegC
1593543425:[PRESS ,0038]P  +5445mbar,T-29294mdegC
1593543431:[PRESS ,0038]P  +5435mbar,T +9212mdegC
1593543434:[PRESS ,0038]P  +5445mbar,T-29294mdegC
1593543436:[PRESS ,0038]P  +5435mbar,T -2266mdegC
1593543438:[PRESS ,0038]P  +5445mbar,T-29294mdegC
1593543443:[PRESS ,0038]P  +5435mbar,T +9212mdegC
1593543445:[PRESS ,0038]P  +5425mbar,T-29294mdegC
1593543445:[MAIN  ,0140]stage[1] complete 3675s after mission start
1593543693:[MRMAID,0003]acq stopped
1593543693:[MRMAID,0052]Mermaid $MEASFS,48099,1202.050994,40.014109;
1593543709:[MRMAID,0005]ascent request rejected
1593543747:[MRMAID,0188]acq already stopped
1593543807:[MSSION,0192]mission stopped, 2 stage(s) done
1593543807:[MAIN  ,0065]surfacing
1593543809:[PRESS ,0038]P  +5075mbar,T-29294mdegC
1593543809:[SURFIN,0036]P  +5075mbar
1593543817:[PUMP  ,0207]battery 15452mV,   19886uA (warmup), P  +5075mbar
1593543818:[PUMP  ,0016]pump during 60000ms
1593543876:[PUMP  ,0212]battery 15172mV,  299632uA (steady state), P  +5075mbar
1593543934:[PRESS ,0038]P  +4675mbar,T-29294mdegC
1593543936:[PRESS ,0038]P  +4665mbar,T +9212mdegC
1593543941:[PRESS ,0038]P  +4645mbar,T-17818mdegC
1593543943:[PRESS ,0038]P  +4625mbar,T +9212mdegC
1593543948:[PRESS ,0038]P  +4595mbar,T-29294mdegC
1593543950:[PRESS ,0038]P  +4595mbar,T +9212mdegC
1593543954:[PRESS ,0038]P  +4585mbar,T -2266mdegC
1593543956:[PRESS ,0038]P  +4585mbar,T +9212mdegC
1593543959:[PRESS ,0038]P  +4565mbar,T-29294mdegC
1593543967:[PUMP  ,0207]battery 15370mV,   19764uA (warmup), P  +4565mbar
1593543967:[PUMP  ,0016]pump during 60000ms
1593544026:[PUMP  ,0212]battery 15101mV,  304756uA (steady state), P  +4565mbar
1593544084:[PRESS ,0038]P  +3955mbar,T +9212mdegC
1593544086:[PRESS ,0038]P  +3935mbar,T-29294mdegC
1593544088:[PRESS ,0038]P  +3935mbar,T +9212mdegC
1593544097:[PRESS ,0038]P  +3895mbar,T-29294mdegC
1593544098:[PRESS ,0038]P  +3885mbar,T +9212mdegC
1593544100:[PRESS ,0038]P  +3875mbar,T-29294mdegC
1593544104:[PRESS ,0038]P  +3855mbar,T +9212mdegC
1593544107:[PRESS ,0038]P  +3845mbar,T -2266mdegC
1593544109:[PRESS ,0038]P  +3835mbar,T +9212mdegC
1593544117:[PUMP  ,0207]battery 15313mV,   19642uA (warmup), P  +3835mbar
1593544117:[PUMP  ,0016]pump during 60000ms
1593544176:[PUMP  ,0212]battery 15052mV,  299754uA (steady state), P  +3835mbar
1593544234:[PRESS ,0038]P  +3015mbar,T +9212mdegC
1593544238:[PRESS ,0038]P  +3005mbar,T-29294mdegC
1593544241:[PRESS ,0038]P  +2985mbar,T +9212mdegC
1593544246:[PRESS ,0038]P  +2945mbar,T-29294mdegC
1593544252:[PRESS ,0038]P  +2915mbar,T-17818mdegC
1593544254:[PRESS ,0038]P  +2885mbar,T +9212mdegC
1593544267:[PUMP  ,0207]battery 15276mV,   19642uA (warmup), P  +2875mbar
1593544267:[PUMP  ,0016]pump during 60000ms
1593544326:[PUMP  ,0212]battery 15020mV,  296582uA (steady state), P  +2875mbar
1593544384:[PRESS ,0038]P  +2125mbar,T-29294mdegC
1593544391:[PRESS ,0038]P  +2105mbar,T -2266mdegC
1593544393:[PRESS ,0038]P  +2105mbar,T +9212mdegC
1593544396:[PRESS ,0038]P  +2095mbar,T-29294mdegC
1593544400:[PRESS ,0038]P  +2075mbar,T +9212mdegC
1593544403:[PRESS ,0038]P  +2075mbar,T-29294mdegC
1593544407:[PRESS ,0038]P  +2055mbar,T +9212mdegC
1593544417:[PUMP  ,0207]battery 15253mV,   19764uA (warmup), P  +2035mbar
1593544417:[PUMP  ,0016]pump during 60000ms
1593544476:[PUMP  ,0212]battery 15003mV,  290970uA (steady state), P  +2035mbar
1593544534:[PRESS ,0038]P  +1245mbar,T-29294mdegC
1593544541:[PRESS ,0038]P  +1205mbar,T -2266mdegC
1593544542:[PRESS ,0038]P  +1185mbar,T +9212mdegC
1593544546:[PRESS ,0038]P  +1155mbar,T-29294mdegC
1593544548:[PRESS ,0038]P  +1145mbar,T +9212mdegC
1593544551:[PRESS ,0038]P  +1115mbar,T-17818mdegC
1593544553:[PRESS ,0038]P  +1115mbar,T-29294mdegC
1593544555:[PRESS ,0038]P  +1085mbar,T +9212mdegC
1593544557:[PRESS ,0038]P  +1075mbar,T-29294mdegC
1593544567:[PUMP  ,0207]battery 15240mV,   19764uA (warmup), P  +1065mbar
1593544567:[PUMP  ,0016]pump during 60000ms
1593544626:[PUMP  ,0212]battery 14995mV,  283650uA (steady state), P  +1065mbar
1593544683:[PRESS ,0038]P    +75mbar,T +9212mdegC
1593544689:[PRESS ,0038]P    +45mbar,T-29294mdegC
1593544691:[PRESS ,0038]P    +25mbar,T +9212mdegC
1593544692:[PRESS ,0038]P    +15mbar,T-29294mdegC
1593544700:[PRESS ,0038]P    -15mbar,T -2266mdegC
1593544701:[PRESS ,0038]P    -35mbar,T-29294mdegC
1593544703:[PRESS ,0038]P    -35mbar,T-17818mdegC
1593544705:[PRESS ,0038]P    -55mbar,T +9212mdegC
1593544712:[PRESS ,0038]P   -115mbar,T +9212mdegC
1593544712:[SURFIN,0020]filling external bladder
1593544720:[PUMP  ,0207]battery 15235mV,   19764uA (warmup), P   -115mbar
1593544720:[PUMP  ,0016]pump during 300000ms
1593545019:[PUMP  ,0212]battery 14685mV,  917806uA (steady state), P   -115mbar
1593545030:[PUMP  ,0207]battery 14810mV,   19032uA (warmup), P   -115mbar
1593545030:[PUMP  ,0016]pump during 300000ms
1593545091:[PUMP  ,0212]battery 14448mV,  869372uA (steady state), P   -115mbar
1593545093:[SURFIN,0019]external bladder full
1593545095:[PRESS ,0038]P   +130mbar,T -2266mdegC
1593545097:[PRESS ,0038]P   +130mbar,T-29294mdegC
1593545098:[PRESS ,0038]P   +130mbar,T +9212mdegC
1593545102:[PRESS ,0038]P   +140mbar,T-29294mdegC
1593545104:[PRESS ,0038]P   +130mbar,T -2266mdegC
1593545107:[PRESS ,0038]P   +130mbar,T-29294mdegC
1593545109:[PRESS ,0038]P   +130mbar,T +9212mdegC
1593545111:[PRESS ,0038]P   +130mbar,T -2266mdegC
1593545113:[PRESS ,0038]P   +130mbar,T-29294mdegC
1593545114:[PRESS ,0038]P   +130mbar,T -2266mdegC
1593545118:[PRESS ,0038]P   +150mbar,T+24762mdegC
1593545120:[PRESS ,0038]P   +120mbar,T -2266mdegC
1593545156:[MAIN  ,0272]Vbat 15025mV (min 14893mV)
1593545158:[MAIN  ,0024]internal pressure 79004Pa
1593545158:[MAIN  ,0043]Pext 132mbar (rng 30mbar)
1593545158:[MAIN  ,0064]surface
1593545172:[SURF  ,0022]GPS fix...
1593545192:[SURF  ,0015]10 PPS detected...
1593545193:[MRMAID,0052]Mermaid $GPSACK:+0,+0,+0,+0,+0,+0,-1556;
1593545203:[MRMAID,0052]Mermaid $GPSOFF:3686324;
1593545205:[GPSFIX,0179]+0s diff
1593545205:[SURF  ,0222]2020-06-30T19:26:45
1593545205:[SURF  ,0082]Latitude : N43deg40.936mn, Longitude :E007deg19.179mn
1593545205:[SURF  ,0223]fix3D,10satellites
1593545205:[SURF  ,0084]GPS fix GPGSA : hdop0.590,vdop0.960
1593545215:[SURF  ,0274]last almanac : 14266
1593545268:[MRMAID,0026]16509 bytes in 0058/5EFB9204.MER
1593545274:[MAIN  ,0320]New pressure offset: 132mbar
1593545274:[LOGBIN,0078]*** switching to 0058/5EFB923A ***
