1593586162:[MAIN  ,0007]buoy 452.120-R-0058
1593586162:[MAIN  ,0055]soft pilotage 452.012.300_V2.20-20200612
1593586162:[MAIN  ,0010]cycle 9
1593586162:[SURF  ,0225]surface2
1593586174:[SURF  ,0022]GPS fix...
1593586194:[SURF  ,0015]10 PPS detected...
1593586195:[MRMAID,0052]Mermaid $GPSACK:+0,+0,+0,+0,+0,+0,+0;
1593586205:[MRMAID,0052]Mermaid $GPSOFF:3686325;
1593586205:[GPSFIX,0179]-1s diff
1593586206:[SURF  ,0222]2020-07-01T06:50:06
1593586206:[SURF  ,0082]Latitude : N43deg40.938mn, Longitude :E007deg19.180mn
1593586206:[SURF  ,0223]fix3D,9satellites
1593586206:[SURF  ,0084]GPS fix GPGSA : hdop0.650,vdop1.010
1593586216:[SURF  ,0025]Iridium...
1593586253:[SURF  ,0009]connected in 37s, signal quality 5
1593586312:[SURF  ,0218]prompt received, remote cmd end
1593586312:[SURF  ,0012]16 cmd(s) received
1593586332:[UPLOAD,0248]Upload data files...
1593586506:[UPLOAD,0231]"0058/5EFC31A4.MER" uploaded at 155bytes/s
1593586607:[UPLOAD,0231]"0058/5EFC15F5.BIN" uploaded at 136bytes/s
1593586622:[MAIN  ,0013]2 file(s) uploaded
1593586653:[SURF  ,0014]disconnected after 437s
1593586658:[SURFIN,0020]filling external bladder
1593586666:[PUMP  ,0207]battery 15070mV,   18422uA (warmup), P   +130mbar
1593586666:[PUMP  ,0016]pump during 300000ms
1593586679:[PUMP  ,0212]battery 14665mV,  880230uA (steady state), P   +130mbar
1593586681:[SURFIN,0019]external bladder full
1593586681:[SURF  ,0227]1st complete transfer
1593586698:[SURF  ,0022]GPS fix...
1593586719:[SURF  ,0015]10 PPS detected...
1593586720:[MRMAID,0052]Mermaid $GPSACK:+0,+0,+0,+0,+0,+1,-999938;
1593586730:[MRMAID,0052]Mermaid $GPSOFF:3686324;
1593586731:[GPSFIX,0179]-1s diff
1593586732:[SURF  ,0222]2020-07-01T06:58:52
1593586732:[SURF  ,0082]Latitude : N43deg40.939mn, Longitude :E007deg19.180mn
1593586732:[SURF  ,0223]fix3D,9satellites
1593586732:[SURF  ,0084]GPS fix GPGSA : hdop0.580,vdop0.820
1593586749:[MAIN  ,0024]internal pressure 78836Pa
1593586750:[BYCMD ,0107]    FreeRTOS V8.2.3
1593586750:[BYCMD ,0108]    FatFS v11a
1593586750:[BYCMD ,0120]    bypass 10000ms 60000ms (20000ms 60000ms stored)
1593586750:[BYCMD ,0121]    valve 60000ms 12750 (60000ms 12750 stored)
1593586750:[BYCMD ,0122]    pump 60000ms 30% 10750 80% (60000ms 30% 10750 80% stored)
1593586750:[BYCMD ,0123]    rate 2mbar/s (2mbar/s stored)
1593586750:[BYCMD ,0124]    surface 500mbar (500mbar stored)
1593586750:[BYCMD ,0125]    near 1500mbar 3mbar/s (15000mbar 3mbar/s stored)
1593586750:[BYCMD ,0126]    far 2500mbar 4mbar/s (25000mbar 4mbar/s stored)
1593586750:[BYCMD ,0127]    ascent 8mbar/s (8mbar/s stored)
1593586750:[BYCMD ,0128]    dead 60s (300s stored)
1593586750:[BYCMD ,0129]    coeff 16/10 (16/10 stored)
1593586750:[BYCMD ,0130]    stab 10 (10 stored)
1593586750:[BYCMD ,0131]    delay 900s 3600s (900s 3600s stored)
1593586750:[BYCMD ,0132]    mmtime 2880min (2880min stored)
1593586750:[BYCMD ,0133]    dv_landing 100ml (100ml stored)
1593586750:[MKDCMD,0150]    p2t37: 15x2000ms, offset 127mbar
1593586750:[P2TCMD,0151]    p2t37: dp 50mbar, dt 5000mdegC
1593586751:[STAGE ,0080]Stage [0] 5000mbar (+/-500mbar) 1800s (<1800s) 
1593586751:[STAGE ,0080]Stage [1] 5000mbar (+/-500mbar) 1800s (<3600s) MERMAID
1593586751:[MAIN  ,0070]turn off bluetooth
1593586753:[PRESS ,0038]P     -7mbar,T+24762mdegC
1593586755:[PRESS ,0038]P     -7mbar,T -2266mdegC
1593586757:[PRESS ,0038]P    -17mbar,T+24762mdegC
1593586759:[PRESS ,0038]P     -7mbar,T -2266mdegC
1593586762:[PRESS ,0038]P    -17mbar,T+24762mdegC
1593586764:[PRESS ,0038]P    -17mbar,T -2266mdegC
1593586770:[PRESS ,0038]P     +3mbar,T+24762mdegC
1593586771:[PRESS ,0038]P     -7mbar,T-29294mdegC
1593586773:[PRESS ,0038]P    -17mbar,T -2266mdegC
1593586778:[DIVING,0141]diving from -7mbar, +0mbar/s
1593586779:[BYPASS,0035]bypass opening 60000ms
1593586784:[BYPASS,0104]battery 14933mV,  283406uA (bypass opening), P     -7mbar
1593586849:[BYPASS,0106]battery 14968mV,  300730uA (bypass closing), P     -7mbar
1593586850:[PRESS ,0038]P   -137mbar,T -2266mdegC
1593586856:[PRESS ,0038]P   -127mbar,T+24762mdegC
1593586857:[PRESS ,0038]P   -127mbar,T -2266mdegC
1593586859:[PRESS ,0038]P   -127mbar,T-29294mdegC
1593586861:[PRESS ,0038]P   -137mbar,T -2266mdegC
1593586865:[PRESS ,0038]P   -127mbar,T+24762mdegC
1593586866:[PRESS ,0038]P   -127mbar,T -2266mdegC
1593586872:[PRESS ,0038]P   -127mbar,T-29294mdegC
1593586874:[PRESS ,0038]P   -117mbar,T+24762mdegC
1593586875:[PRESS ,0038]P   -117mbar,T -2266mdegC
1593586875:[BYPASS,0035]bypass opening 10000ms
1593586881:[BYPASS,0104]battery 14988mV,  277428uA (bypass opening), P   -117mbar
1593586896:[BYPASS,0106]battery 14982mV,  299754uA (bypass closing), P   -117mbar
1593586897:[PRESS ,0038]P   -137mbar,T+24762mdegC
1593586901:[PRESS ,0038]P   -117mbar,T -2266mdegC
1593586905:[PRESS ,0038]P   -117mbar,T+24762mdegC
1593586906:[PRESS ,0038]P   -117mbar,T -2266mdegC
1593586910:[PRESS ,0038]P   -127mbar,T+24762mdegC
1593586912:[PRESS ,0038]P   -137mbar,T-29294mdegC
1593586913:[PRESS ,0038]P   -117mbar,T -2266mdegC
1593586922:[BYPASS,0035]bypass opening 10000ms
1593586927:[BYPASS,0104]battery 15005mV,  282796uA (bypass opening), P   -127mbar
1593586942:[BYPASS,0106]battery 14995mV,  298778uA (bypass closing), P   -127mbar
1593586944:[PRESS ,0038]P   -107mbar,T-29294mdegC
1593586946:[PRESS ,0038]P   -107mbar,T -2266mdegC
1593586962:[PRESS ,0038]P   -107mbar,T+24762mdegC
1593586964:[PRESS ,0038]P   -107mbar,T-29294mdegC
1593586967:[PRESS ,0038]P   -107mbar,T -2266mdegC
1593586969:[BYPASS,0035]bypass opening 10000ms
1593586974:[BYPASS,0104]battery 15013mV,  279746uA (bypass opening), P   -107mbar
1593586989:[BYPASS,0106]battery 15006mV,  298168uA (bypass closing), P   -107mbar
1593586991:[PRESS ,0038]P   -107mbar,T-13748mdegC
1593586993:[PRESS ,0038]P    -97mbar,T -2266mdegC
1593586995:[PRESS ,0038]P    -97mbar,T+24762mdegC
1593587000:[PRESS ,0038]P   -107mbar,T -2266mdegC
1593587002:[PRESS ,0038]P    -97mbar,T+24762mdegC
1593587013:[PRESS ,0038]P   -107mbar,T -2266mdegC
1593587016:[BYPASS,0035]bypass opening 10000ms
1593587021:[BYPASS,0104]battery 15022mV,  281210uA (bypass opening), P   -107mbar
1593587036:[BYPASS,0106]battery 15015mV,  297558uA (bypass closing), P   -107mbar
1593587038:[PRESS ,0038]P    -97mbar,T+24762mdegC
1593587040:[PRESS ,0038]P    -87mbar,T -2266mdegC
1593587054:[PRESS ,0038]P    -97mbar,T-29294mdegC
1593587056:[PRESS ,0038]P   -107mbar,T+24762mdegC
1593587058:[PRESS ,0038]P   -107mbar,T -2266mdegC
1593587063:[BYPASS,0035]bypass opening 10000ms
1593587068:[BYPASS,0104]battery 15030mV,  278038uA (bypass opening), P   -107mbar
1593587083:[BYPASS,0106]battery 15022mV,  296948uA (bypass closing), P   -107mbar
1593587085:[PRESS ,0038]P   -107mbar,T+24762mdegC
1593587087:[PRESS ,0038]P    -97mbar,T -2266mdegC
1593587090:[PRESS ,0038]P    -87mbar,T+24762mdegC
1593587092:[PRESS ,0038]P    -97mbar,T -2266mdegC
1593587096:[PRESS ,0038]P    -87mbar,T+24762mdegC
1593587097:[PRESS ,0038]P    -87mbar,T -2266mdegC
1593587099:[PRESS ,0038]P    -87mbar,T+24762mdegC
1593587101:[PRESS ,0038]P    -87mbar,T -2266mdegC
1593587105:[PRESS ,0038]P    -87mbar,T+24762mdegC
1593587106:[PRESS ,0038]P    -87mbar,T -2266mdegC
1593587108:[PRESS ,0038]P    -97mbar,T+24762mdegC
1593587110:[PRESS ,0038]P    -97mbar,T -2266mdegC
1593587110:[BYPASS,0035]bypass opening 10000ms
1593587115:[BYPASS,0104]battery 15038mV,  281820uA (bypass opening), P    -97mbar
1593587130:[BYPASS,0106]battery 15028mV,  296460uA (bypass closing), P    -97mbar
1593587132:[PRESS ,0038]P    -77mbar,T-13748mdegC
1593587136:[PRESS ,0038]P    -87mbar,T -2266mdegC
1593587137:[PRESS ,0038]P    -87mbar,T+24762mdegC
1593587141:[PRESS ,0038]P    -87mbar,T -2266mdegC
1593587152:[PRESS ,0038]P    -97mbar,T+24762mdegC
1593587153:[PRESS ,0038]P    -87mbar,T -2266mdegC
1593587155:[PRESS ,0038]P    -97mbar,T+24762mdegC
1593587157:[PRESS ,0038]P    -97mbar,T -2266mdegC
1593587157:[BYPASS,0035]bypass opening 10000ms
1593587162:[BYPASS,0104]battery 15045mV,  281332uA (bypass opening), P    -97mbar
1593587177:[BYPASS,0106]battery 15035mV,  295972uA (bypass closing), P    -97mbar
1593587179:[PRESS ,0038]P    -87mbar,T+24762mdegC
1593587181:[PRESS ,0038]P    -87mbar,T -2266mdegC
1593587183:[PRESS ,0038]P    -77mbar,T+24762mdegC
1593587186:[PRESS ,0038]P    -77mbar,T -2266mdegC
1593587188:[PRESS ,0038]P    -77mbar,T+24762mdegC
1593587190:[PRESS ,0038]P    -77mbar,T-29294mdegC
1593587192:[PRESS ,0038]P    -77mbar,T -2266mdegC
1593587193:[PRESS ,0038]P    -77mbar,T-29294mdegC
1593587195:[PRESS ,0038]P    -77mbar,T+24762mdegC
1593587201:[PRESS ,0038]P    -57mbar,T -2266mdegC
1593587202:[PRESS ,0038]P    -57mbar,T-13748mdegC
1593587204:[PRESS ,0038]P    -47mbar,T -2266mdegC
1593587204:[BYPASS,0035]bypass opening 10000ms
1593587209:[BYPASS,0104]battery 15048mV,  281088uA (bypass opening), P    -47mbar
1593587224:[BYPASS,0106]battery 15040mV,  295362uA (bypass closing), P    -47mbar
1593587226:[PRESS ,0038]P    +33mbar,T -2266mdegC
1593587228:[PRESS ,0038]P    +33mbar,T+24762mdegC
1593587231:[PRESS ,0038]P    +53mbar,T -2266mdegC
1593587233:[PRESS ,0038]P    +83mbar,T-29294mdegC
1593587235:[PRESS ,0038]P    +83mbar,T+24762mdegC
1593587240:[PRESS ,0038]P   +123mbar,T -2266mdegC
1593587249:[PRESS ,0038]P   +183mbar,T -2266mdegC
1593587251:[PRESS ,0038]P   +193mbar,T-29294mdegC
1593587254:[PRESS ,0038]P   +213mbar,T -2266mdegC
1593587262:[PRESS ,0038]P   +263mbar,T-29294mdegC
1593587265:[PRESS ,0038]P   +273mbar,T+24762mdegC
1593587268:[PRESS ,0038]P   +293mbar,T -2266mdegC
1593587271:[PRESS ,0038]P   +323mbar,T-29294mdegC
1593587273:[PRESS ,0038]P   +343mbar,T+24762mdegC
1593587279:[PRESS ,0038]P   +383mbar,T-29294mdegC
1593587282:[PRESS ,0038]P   +403mbar,T -2266mdegC
1593587285:[PRESS ,0038]P   +423mbar,T+24762mdegC
1593587296:[PRESS ,0038]P   +493mbar,T+24762mdegC
1593587299:[PRESS ,0038]P   +523mbar,T -2266mdegC
1593587300:[PRESS ,0038]P   +523mbar,T+24762mdegC
1593587300:[DIVING,0028]523mbar reached (+7mbar/s), 9 bypass done
1593587301:[MAIN  ,0056]stage[0]
1593587303:[MAIN  ,0024]internal pressure 82150Pa
1593587304:[PRESS ,0038]P   +553mbar,T -2266mdegC
1593587304:[BUOY  ,0037]P   +553mbar
1593587304:[STAGE ,0080]Stage [0] 5000mbar (+/-500mbar) 1800s (<1593589100s) 
1593587306:[PRESS ,0038]P   +563mbar,T+24762mdegC
1593587367:[PRESS ,0038]P   +983mbar,T+24762mdegC
1593587370:[PRESS ,0038]P  +1003mbar,T-13748mdegC
1593587372:[PRESS ,0038]P  +1003mbar,T+24762mdegC
1593587375:[PRESS ,0038]P  +1023mbar,T -2266mdegC
1593587379:[PRESS ,0038]P  +1033mbar,T-13748mdegC
1593587381:[PRESS ,0038]P  +1043mbar,T -2266mdegC
1593587384:[PRESS ,0038]P  +1063mbar,T+24762mdegC
1593587388:[PRESS ,0038]P  +1093mbar,T -2266mdegC
1593587392:[PRESS ,0038]P  +1113mbar,T+24762mdegC
1593587452:[PRESS ,0038]P  +1503mbar,T+24762mdegC
1593587454:[PRESS ,0038]P  +1513mbar,T-13748mdegC
1593587456:[PRESS ,0038]P  +1513mbar,T+24762mdegC
1593587458:[PRESS ,0038]P  +1533mbar,T-29294mdegC
1593587459:[PRESS ,0038]P  +1543mbar,T+24762mdegC
1593587470:[PRESS ,0038]P  +1613mbar,T+24762mdegC
1593587474:[PRESS ,0038]P  +1633mbar,T-13748mdegC
1593587475:[PRESS ,0038]P  +1633mbar,T+24762mdegC
1593587538:[PRESS ,0038]P  +1993mbar,T+24762mdegC
1593587547:[PRESS ,0038]P  +2053mbar,T+24762mdegC
1593587550:[PRESS ,0038]P  +2063mbar,T -2266mdegC
1593587552:[PRESS ,0038]P  +2073mbar,T+24762mdegC
1593587554:[PRESS ,0038]P  +2073mbar,T -2266mdegC
1593587556:[PRESS ,0038]P  +2093mbar,T+24762mdegC
1593587558:[PRESS ,0038]P  +2113mbar,T-13748mdegC
1593587561:[PRESS ,0038]P  +2123mbar,T+24762mdegC
1593587563:[PRESS ,0038]P  +2133mbar,T-29294mdegC
1593587624:[PRESS ,0038]P  +2413mbar,T -2266mdegC
1593587625:[PRESS ,0038]P  +2413mbar,T+24762mdegC
1593587631:[PRESS ,0038]P  +2433mbar,T-13748mdegC
1593587633:[PRESS ,0038]P  +2433mbar,T+24762mdegC
1593587634:[PRESS ,0038]P  +2463mbar,T -2266mdegC
1593587636:[PRESS ,0038]P  +2453mbar,T+24762mdegC
1593587638:[PRESS ,0038]P  +2463mbar,T -2266mdegC
1593587640:[PRESS ,0038]P  +2483mbar,T+24762mdegC
1593587643:[PRESS ,0038]P  +2493mbar,T-13748mdegC
1593587645:[PRESS ,0038]P  +2503mbar,T -2266mdegC
1593587647:[PRESS ,0038]P  +2513mbar,T+24762mdegC
1593587709:[PRESS ,0038]P  +2733mbar,T+24762mdegC
1593587718:[PRESS ,0038]P  +2763mbar,T -2266mdegC
1593587720:[PRESS ,0038]P  +2763mbar,T-13748mdegC
1593587724:[PRESS ,0038]P  +2783mbar,T+24762mdegC
1593587727:[PRESS ,0038]P  +2783mbar,T -2266mdegC
1593587731:[PRESS ,0038]P  +2793mbar,T+24762mdegC
1593587733:[PRESS ,0038]P  +2803mbar,T -2266mdegC
1593587734:[PRESS ,0038]P  +2803mbar,T+24762mdegC
1593587795:[PRESS ,0038]P  +2933mbar,T-13748mdegC
1593587799:[PRESS ,0038]P  +2953mbar,T+24762mdegC
1593587802:[PRESS ,0038]P  +2953mbar,T -2266mdegC
1593587804:[PRESS ,0038]P  +2953mbar,T-13748mdegC
1593587806:[PRESS ,0038]P  +2963mbar,T+24762mdegC
1593587811:[PRESS ,0038]P  +2973mbar,T-13748mdegC
1593587813:[PRESS ,0038]P  +2983mbar,T+24762mdegC
1593587818:[PRESS ,0038]P  +2993mbar,T-29294mdegC
1593587820:[PRESS ,0038]P  +2993mbar,T -2266mdegC
1593587881:[PRESS ,0038]P  +3193mbar,T+24762mdegC
1593587888:[PRESS ,0038]P  +3203mbar,T -2266mdegC
1593587892:[PRESS ,0038]P  +3213mbar,T-13748mdegC
1593587893:[PRESS ,0038]P  +3223mbar,T+24762mdegC
1593587899:[PRESS ,0038]P  +3233mbar,T-29294mdegC
1593587901:[PRESS ,0038]P  +3233mbar,T -2266mdegC
1593587902:[PRESS ,0038]P  +3233mbar,T+24762mdegC
1593587967:[PRESS ,0038]P  +3413mbar,T-13748mdegC
1593587968:[PRESS ,0038]P  +3413mbar,T -2266mdegC
1593587970:[PRESS ,0038]P  +3423mbar,T+24762mdegC
1593587974:[PRESS ,0038]P  +3433mbar,T -2266mdegC
1593587977:[PRESS ,0038]P  +3433mbar,T+24762mdegC
1593587984:[PRESS ,0038]P  +3443mbar,T -2266mdegC
1593587986:[PRESS ,0038]P  +3443mbar,T+24762mdegC
1593587990:[PRESS ,0038]P  +3463mbar,T -2266mdegC
1593588052:[PRESS ,0038]P  +3563mbar,T+24762mdegC
1593588054:[PRESS ,0038]P  +3563mbar,T -2266mdegC
1593588056:[PRESS ,0038]P  +3573mbar,T+24762mdegC
1593588066:[PRESS ,0038]P  +3583mbar,T -2266mdegC
1593588138:[PRESS ,0038]P  +3773mbar,T -2266mdegC
1593588140:[PRESS ,0038]P  +3773mbar,T+24762mdegC
1593588141:[PRESS ,0038]P  +3783mbar,T -2266mdegC
1593588145:[PRESS ,0038]P  +3793mbar,T+24762mdegC
1593588149:[PRESS ,0038]P  +3783mbar,T -2266mdegC
1593588152:[PRESS ,0038]P  +3803mbar,T+24762mdegC
1593588156:[PRESS ,0038]P  +3813mbar,T -2266mdegC
1593588159:[PRESS ,0038]P  +3813mbar,T+24762mdegC
1593588161:[PRESS ,0038]P  +3823mbar,T -2266mdegC
1593588224:[PRESS ,0038]P  +3943mbar,T+24762mdegC
1593588225:[PRESS ,0038]P  +3953mbar,T -2266mdegC
1593588227:[PRESS ,0038]P  +3953mbar,T+24762mdegC
1593588232:[PRESS ,0038]P  +3953mbar,T -2266mdegC
1593588234:[PRESS ,0038]P  +3953mbar,T+24762mdegC
1593588238:[PRESS ,0038]P  +3963mbar,T -2266mdegC
1593588243:[PRESS ,0038]P  +3973mbar,T+24762mdegC
1593588245:[PRESS ,0038]P  +3973mbar,T -2266mdegC
1593588247:[PRESS ,0038]P  +3983mbar,T-29294mdegC
1593588309:[PRESS ,0038]P  +4123mbar,T+24762mdegC
1593588311:[PRESS ,0038]P  +4123mbar,T-29294mdegC
1593588313:[PRESS ,0038]P  +4123mbar,T -2266mdegC
1593588315:[PRESS ,0038]P  +4133mbar,T-29294mdegC
1593588316:[PRESS ,0038]P  +4133mbar,T -2266mdegC
1593588318:[PRESS ,0038]P  +4133mbar,T-29294mdegC
1593588322:[PRESS ,0038]P  +4143mbar,T -2266mdegC
1593588324:[PRESS ,0038]P  +4153mbar,T-29294mdegC
1593588325:[PRESS ,0038]P  +4153mbar,T -2266mdegC
1593588327:[PRESS ,0038]P  +4163mbar,T-29294mdegC
1593588329:[PRESS ,0038]P  +4173mbar,T -2266mdegC
1593588331:[PRESS ,0038]P  +4173mbar,T-29294mdegC
1593588333:[PRESS ,0038]P  +4173mbar,T -2266mdegC
1593588334:[PRESS ,0038]P  +4183mbar,T+24762mdegC
1593588395:[PRESS ,0038]P  +4303mbar,T -2266mdegC
1593588397:[PRESS ,0038]P  +4303mbar,T-29294mdegC
1593588399:[PRESS ,0038]P  +4313mbar,T -2266mdegC
1593588401:[PRESS ,0038]P  +4313mbar,T+24762mdegC
1593588402:[PRESS ,0038]P  +4323mbar,T-29294mdegC
1593588404:[PRESS ,0038]P  +4333mbar,T+24762mdegC
1593588406:[PRESS ,0038]P  +4323mbar,T -2266mdegC
1593588413:[PRESS ,0038]P  +4353mbar,T+24762mdegC
1593588415:[PRESS ,0038]P  +4343mbar,T-29294mdegC
1593588417:[PRESS ,0038]P  +4343mbar,T -2266mdegC
1593588481:[PRESS ,0038]P  +4443mbar,T-29294mdegC
1593588483:[PRESS ,0038]P  +4453mbar,T -2266mdegC
1593588490:[PRESS ,0038]P  +4463mbar,T+24762mdegC
1593588495:[PRESS ,0038]P  +4463mbar,T -2266mdegC
1593588502:[PRESS ,0038]P  +4483mbar,T-29294mdegC
1593588504:[PRESS ,0038]P  +4473mbar,T+24762mdegC
1593588506:[PRESS ,0038]P  +4473mbar,T -2266mdegC
1593588567:[PRESS ,0038]P  +4583mbar,T +9212mdegC
1593588568:[PRESS ,0038]P  +4583mbar,T-29294mdegC
1593588570:[PRESS ,0038]P  +4573mbar,T -2266mdegC
1593588584:[PRESS ,0038]P  +4623mbar,T+24762mdegC
1593588588:[PRESS ,0038]P  +4633mbar,T-29294mdegC
1593588590:[PRESS ,0038]P  +4633mbar,T -2266mdegC
1593588592:[STAGE ,0213]4633mbar reached at 1593588592s, ref 5000mbar +/-500mbar
1593588652:[PRESS ,0038]P  +4773mbar,T-29294mdegC
1593588713:[PRESS ,0038]P  +4893mbar,T -2266mdegC
1593588774:[PRESS ,0038]P  +5023mbar,T -2266mdegC
1593588774:[BUOY  ,0087]from +2mbar/s to +0mbar/s
1593588774:[BUOY  ,0089]need to transfer +6mL (pump during 7205ms)
1593588782:[PUMP  ,0207]battery 15436mV,   18910uA (warmup), P  +5023mbar
1593588782:[PUMP  ,0016]pump during 7205ms
1593588789:[PUMP  ,0212]battery 15242mV,  298778uA (steady state), P  +5023mbar
1593588838:[PRESS ,0038]P  +5143mbar,T +9212mdegC
1593588839:[PRESS ,0038]P  +5143mbar,T-29294mdegC
1593588843:[PRESS ,0038]P  +5153mbar,T -2266mdegC
1593588845:[PRESS ,0038]P  +5163mbar,T-29294mdegC
1593588847:[PRESS ,0038]P  +5163mbar,T -2266mdegC
1593588852:[PRESS ,0038]P  +5183mbar,T-29294mdegC
1593588854:[PRESS ,0038]P  +5183mbar,T -2266mdegC
1593588856:[PRESS ,0038]P  +5183mbar,T +9212mdegC
1593588859:[PRESS ,0038]P  +5193mbar,T-29294mdegC
1593588863:[PRESS ,0038]P  +5203mbar,T -2266mdegC
1593588863:[BUOY  ,0087]from +2mbar/s to +0mbar/s
1593588863:[BUOY  ,0089]need to transfer +6mL (pump during 7205ms)
1593588871:[PUMP  ,0207]battery 15427mV,   18788uA (warmup), P  +5203mbar
1593588871:[PUMP  ,0016]pump during 7205ms
1593588878:[PUMP  ,0212]battery 15232mV,  301218uA (steady state), P  +5203mbar
1593588927:[PRESS ,0038]P  +5323mbar,T -2266mdegC
1593588930:[PRESS ,0038]P  +5313mbar,T +9212mdegC
1593588932:[PRESS ,0038]P  +5313mbar,T -2266mdegC
1593588934:[PRESS ,0038]P  +5323mbar,T-29294mdegC
1593588943:[PRESS ,0038]P  +5323mbar,T -2266mdegC
1593588952:[PRESS ,0038]P  +5323mbar,T-29294mdegC
1593589012:[PRESS ,0038]P  +5323mbar,T -2266mdegC
1593589073:[PRESS ,0038]P  +5313mbar,T-29294mdegC
1593589134:[PRESS ,0038]P  +5303mbar,T +9212mdegC
1593589134:[MAIN  ,0140]stage[0] complete 1834s after mission start
1593589134:[MAIN  ,0056]stage[1]
1593589136:[MAIN  ,0024]internal pressure 81251Pa
1593589137:[MRMAID,0002]acq started
1593589147:[BUOY  ,0037]P  +5303mbar
1593589147:[STAGE ,0080]Stage [1] 5000mbar (+/-500mbar) 1800s (<1593590900s) MERMAID
1593589149:[PRESS ,0038]P  +5313mbar,T -2266mdegC
1593589149:[STAGE ,0213]5313mbar reached at 1593589149s, ref 5000mbar +/-500mbar
1593589210:[PRESS ,0038]P  +5283mbar,T-29294mdegC
1593589290:[MRMAID,0027]53dbar, -29degC
1593589331:[PRESS ,0038]P  +5243mbar,T +9212mdegC
1593589392:[PRESS ,0038]P  +5263mbar,T-29294mdegC
1593589513:[PRESS ,0038]P  +5263mbar,T +9212mdegC
1593589574:[PRESS ,0038]P  +5263mbar,T-29294mdegC
1593589695:[PRESS ,0038]P  +5263mbar,T +9212mdegC
1593589756:[PRESS ,0038]P  +5333mbar,T-29294mdegC
1593589877:[PRESS ,0038]P  +5443mbar,T +9212mdegC
1593589999:[PRESS ,0038]P  +5573mbar,T-29294mdegC
1593589999:<WARN>[BUOY  ,0094]stage[1] should ASCENT, stuck at 5573mbar for the #1 time
1593589999:[BUOY  ,0087]from +0mbar/s to -2mbar/s
1593589999:[BUOY  ,0089]need to transfer +6mL (pump during 7194ms)
1593590007:[PUMP  ,0207]battery 15456mV,   20618uA (warmup), P  +5573mbar
1593590007:[PUMP  ,0016]pump during 7194ms
1593590015:[PUMP  ,0212]battery 15261mV,  297436uA (steady state), P  +5573mbar
1593590027:[MRMAID,0184]acq already started
1593590073:[PRESS ,0038]P  +5663mbar,T-29294mdegC
1593590075:[PRESS ,0038]P  +5673mbar,T +9212mdegC
1593590086:[PRESS ,0038]P  +5693mbar,T-17818mdegC
1593590087:[PRESS ,0038]P  +5683mbar,T +9212mdegC
1593590089:[PRESS ,0038]P  +5683mbar,T-29294mdegC
1593590091:[PRESS ,0038]P  +5683mbar,T +9212mdegC
1593590096:[PRESS ,0038]P  +5703mbar,T-29294mdegC
1593590098:[PRESS ,0038]P  +5693mbar,T +9212mdegC
1593590098:<WARN>[BUOY  ,0094]stage[1] should ASCENT, stuck at 5693mbar for the #2 time
1593590098:[BUOY  ,0087]from +1mbar/s to -2mbar/s
1593590098:[BUOY  ,0089]need to transfer +8mL (pump during 9592ms)
1593590107:[PUMP  ,0207]battery 15448mV,   19032uA (warmup), P  +5693mbar
1593590107:[PUMP  ,0016]pump during 9592ms
1593590116:[PUMP  ,0212]battery 15243mV,  313784uA (steady state), P  +5693mbar
1593590129:[MRMAID,0184]acq already started
1593590173:[PRESS ,0038]P  +5683mbar,T-29294mdegC
1593590175:[PRESS ,0038]P  +5693mbar,T +9212mdegC
1593590178:[PRESS ,0038]P  +5673mbar,T-29294mdegC
1593590179:[MRMAID,0059]stop canceled
1593590180:[PRESS ,0038]P  +5683mbar,T +9212mdegC
1593590182:[PRESS ,0038]P  +5673mbar,T-17818mdegC
1593590184:[PRESS ,0038]P  +5673mbar,T +9212mdegC
1593590187:[PRESS ,0038]P  +5673mbar,T-17818mdegC
1593590191:[MRMAID,0005]ascent request rejected
1593590192:[PRESS ,0038]P  +5663mbar,T-29294mdegC
1593590194:[PRESS ,0038]P  +5663mbar,T-17818mdegC
1593590196:[PRESS ,0038]P  +5663mbar,T +9212mdegC
1593590259:[PRESS ,0038]P  +5613mbar,T-29294mdegC
1593590264:[PRESS ,0038]P  +5623mbar,T +9212mdegC
1593590267:[PRESS ,0038]P  +5613mbar,T-29294mdegC
1593590276:[PRESS ,0038]P  +5603mbar,T-17818mdegC
1593590278:[PRESS ,0038]P  +5603mbar,T +9212mdegC
1593590280:[MRMAID,0027]56dbar, 9degC
1593590282:[PRESS ,0038]P  +5593mbar,T-29294mdegC
1593590284:[PRESS ,0038]P  +5593mbar,T +9212mdegC
1593590344:[PRESS ,0038]P  +5513mbar,T +9212mdegC
1593590346:[PRESS ,0038]P  +5503mbar,T-29294mdegC
1593590348:[PRESS ,0038]P  +5503mbar,T +9212mdegC
1593590351:[PRESS ,0038]P  +5493mbar,T-29294mdegC
1593590355:[PRESS ,0038]P  +5483mbar,T +9212mdegC
1593590357:[PRESS ,0038]P  +5483mbar,T-29294mdegC
1593590359:[PRESS ,0038]P  +5483mbar,T +9212mdegC
1593590430:[PRESS ,0038]P  +5393mbar,T-29294mdegC
1593590491:[PRESS ,0038]P  +5313mbar,T +9212mdegC
1593590551:[PRESS ,0038]P  +5223mbar,T +9212mdegC
1593590612:[PRESS ,0038]P  +5203mbar,T-17818mdegC
1593590673:[PRESS ,0038]P  +5183mbar,T-29294mdegC
1593590733:[PRESS ,0038]P  +5193mbar,T +9212mdegC
1593590855:[PRESS ,0038]P  +5103mbar,T +9212mdegC
1593590915:[MAIN  ,0140]stage[1] complete 3615s after mission start
1593591381:[MRMAID,0003]acq stopped
1593591382:[MRMAID,0052]Mermaid $MEASFS,87689,2191.450531,40.014136;
1593591397:[MRMAID,0005]ascent request rejected
1593591398:[MRMAID,0188]acq already stopped
1593591459:[MSSION,0192]mission stopped, 2 stage(s) done
1593591459:[MAIN  ,0065]surfacing
1593591461:[PRESS ,0038]P  +5003mbar,T-17818mdegC
1593591461:[SURFIN,0036]P  +5003mbar
1593591469:[PUMP  ,0207]battery 15466mV,   18910uA (warmup), P  +5003mbar
1593591469:[PUMP  ,0016]pump during 60000ms
1593591528:[PUMP  ,0212]battery 15263mV,  297314uA (steady state), P  +5003mbar
1593591585:[PRESS ,0038]P  +4593mbar,T-17818mdegC
1593591587:[PRESS ,0038]P  +4593mbar,T-29294mdegC
1593591589:[PRESS ,0038]P  +4593mbar,T-17818mdegC
1593591591:[PRESS ,0038]P  +4583mbar,T +9212mdegC
1593591598:[PRESS ,0038]P  +4543mbar,T-17818mdegC
1593591600:[PRESS ,0038]P  +4523mbar,T +9212mdegC
1593591603:[PRESS ,0038]P  +4523mbar,T-17818mdegC
1593591605:[PRESS ,0038]P  +4503mbar,T +9212mdegC
1593591619:[PUMP  ,0207]battery 15380mV,   18910uA (warmup), P  +4483mbar
1593591619:[PUMP  ,0016]pump during 60000ms
1593591678:[PUMP  ,0212]battery 15176mV,  301218uA (steady state), P  +4483mbar
1593591735:[PRESS ,0038]P  +3743mbar,T-17818mdegC
1593591737:[PRESS ,0038]P  +3723mbar,T +9212mdegC
1593591741:[PRESS ,0038]P  +3713mbar,T+20685mdegC
1593591742:[PRESS ,0038]P  +3703mbar,T-17818mdegC
1593591744:[PRESS ,0038]P  +3683mbar,T +9212mdegC
1593591746:[PRESS ,0038]P  +3683mbar,T-17818mdegC
1593591750:[PRESS ,0038]P  +3653mbar,T +9212mdegC
1593591751:[PRESS ,0038]P  +3643mbar,T-17818mdegC
1593591757:[PRESS ,0038]P  +3603mbar,T-29294mdegC
1593591759:[PRESS ,0038]P  +3603mbar,T +9212mdegC
1593591760:[PRESS ,0038]P  +3593mbar,T+20685mdegC
1593591769:[PUMP  ,0207]battery 15317mV,   18910uA (warmup), P  +3593mbar
1593591769:[PUMP  ,0016]pump during 60000ms
1593591828:[PUMP  ,0212]battery 15116mV,  299266uA (steady state), P  +3593mbar
1593591885:[PRESS ,0038]P  +2823mbar,T-17818mdegC
1593591887:[PRESS ,0038]P  +2823mbar,T +9212mdegC
1593591889:[PRESS ,0038]P  +2793mbar,T-17818mdegC
1593591891:[PRESS ,0038]P  +2793mbar,T +9212mdegC
1593591894:[PRESS ,0038]P  +2773mbar,T-17818mdegC
1593591900:[PRESS ,0038]P  +2743mbar,T +9212mdegC
1593591901:[PRESS ,0038]P  +2723mbar,T-17818mdegC
1593591903:[PRESS ,0038]P  +2723mbar,T-29294mdegC
1593591905:[PRESS ,0038]P  +2703mbar,T-17818mdegC
1593591910:[PRESS ,0038]P  +2673mbar,T +9212mdegC
1593591919:[PUMP  ,0207]battery 15273mV,   18910uA (warmup), P  +2673mbar
1593591919:[PUMP  ,0016]pump during 60000ms
1593591978:[PUMP  ,0212]battery 15073mV,  296460uA (steady state), P  +2673mbar
1593592035:[PRESS ,0038]P  +2093mbar,T +9212mdegC
1593592041:[PRESS ,0038]P  +2073mbar,T-17818mdegC
1593592042:[PRESS ,0038]P  +2073mbar,T +9212mdegC
1593592046:[PRESS ,0038]P  +2043mbar,T-17818mdegC
1593592049:[PRESS ,0038]P  +2043mbar,T +9212mdegC
1593592051:[PRESS ,0038]P  +2043mbar,T-17818mdegC
1593592053:[PRESS ,0038]P  +2033mbar,T +9212mdegC
1593592055:[PRESS ,0038]P  +2013mbar,T-17818mdegC
1593592060:[PRESS ,0038]P  +1983mbar,T +9212mdegC
1593592068:[PUMP  ,0207]battery 15245mV,   19032uA (warmup), P  +1983mbar
1593592068:[PUMP  ,0016]pump during 60000ms
1593592127:[PUMP  ,0212]battery 15052mV,  286334uA (steady state), P  +1983mbar
1593592185:[PRESS ,0038]P  +1223mbar,T +9212mdegC
1593592187:[PRESS ,0038]P  +1233mbar,T-29294mdegC
1593592189:[PRESS ,0038]P  +1213mbar,T +9212mdegC
1593592192:[PRESS ,0038]P  +1183mbar,T-17818mdegC
1593592194:[PRESS ,0038]P  +1173mbar,T +9212mdegC
1593592196:[PRESS ,0038]P  +1163mbar,T-29294mdegC
1593592198:[PRESS ,0038]P  +1153mbar,T +9212mdegC
1593592203:[PRESS ,0038]P  +1113mbar,T-29294mdegC
1593592205:[PRESS ,0038]P  +1103mbar,T-17818mdegC
1593592207:[PRESS ,0038]P  +1093mbar,T -2266mdegC
1593592208:[PRESS ,0038]P  +1093mbar,T +9212mdegC
1593592218:[PUMP  ,0207]battery 15227mV,   19032uA (warmup), P  +1063mbar
1593592218:[PUMP  ,0016]pump during 60000ms
1593592277:[PUMP  ,0212]battery 15035mV,  284260uA (steady state), P  +1063mbar
1593592335:[PRESS ,0038]P    +83mbar,T-17818mdegC
1593592337:[PRESS ,0038]P    +73mbar,T +9212mdegC
1593592339:[PRESS ,0038]P    +43mbar,T-29294mdegC
1593592340:[PRESS ,0038]P    +33mbar,T +9212mdegC
1593592344:[PRESS ,0038]P     -7mbar,T-17818mdegC
1593592346:[PRESS ,0038]P     -7mbar,T +9212mdegC
1593592353:[PRESS ,0038]P    -67mbar,T +9212mdegC
1593592357:[PRESS ,0038]P    -87mbar,T-17818mdegC
1593592358:[PRESS ,0038]P   -107mbar,T +9212mdegC
1593592362:[PRESS ,0038]P   -107mbar,T-17818mdegC
1593592364:[PRESS ,0038]P    -87mbar,T +9212mdegC
1593592364:[SURFIN,0020]filling external bladder
1593592372:[PUMP  ,0207]battery 15217mV,   19032uA (warmup), P    -87mbar
1593592372:[PUMP  ,0016]pump during 300000ms
1593592670:[PUMP  ,0212]battery 14752mV,  893650uA (steady state), P    -87mbar
1593592682:[PUMP  ,0207]battery 14752mV,   18910uA (warmup), P    -87mbar
1593592682:[PUMP  ,0016]pump during 300000ms
1593592745:[PUMP  ,0212]battery 14417mV,  857050uA (steady state), P    -87mbar
1593592747:[SURFIN,0019]external bladder full
1593592748:[PRESS ,0038]P   +140mbar,T-29294mdegC
1593592750:[PRESS ,0038]P   +140mbar,T-17818mdegC
1593592752:[PRESS ,0038]P   +130mbar,T-29294mdegC
1593592754:[PRESS ,0038]P   +130mbar,T +9212mdegC
1593592757:[PRESS ,0038]P   +140mbar,T-29294mdegC
1593592761:[PRESS ,0038]P   +130mbar,T +9212mdegC
1593592766:[PRESS ,0038]P   +130mbar,T-29294mdegC
1593592770:[PRESS ,0038]P   +130mbar,T +9212mdegC
1593592772:[PRESS ,0038]P   +130mbar,T -2266mdegC
1593592773:[PRESS ,0038]P   +130mbar,T-29294mdegC
1593592808:[MAIN  ,0272]Vbat 14961mV (min 14860mV)
1593592811:[MAIN  ,0024]internal pressure 78647Pa
1593592811:[MAIN  ,0043]Pext 132mbar (rng 20mbar)
1593592811:[MAIN  ,0064]surface
1593592824:[SURF  ,0022]GPS fix...
1593592844:[SURF  ,0015]10 PPS detected...
1593592845:[MRMAID,0052]Mermaid $GPSACK:+0,+0,+0,+0,+0,+0,-762;
1593592855:[MRMAID,0052]Mermaid $GPSOFF:3686325;
1593592857:[GPSFIX,0179]+0s diff
1593592857:[SURF  ,0222]2020-07-01T08:40:57
1593592857:[SURF  ,0082]Latitude : N43deg40.941mn, Longitude :E007deg19.178mn
1593592857:[SURF  ,0223]fix3D,9satellites
1593592857:[SURF  ,0084]GPS fix GPGSA : hdop0.780,vdop0.930
1593592867:[SURF  ,0274]last almanac : 61918
1593592938:[MRMAID,0026]23895 bytes in 0058/5EFC4C28.MER
1593592944:[MAIN  ,0320]New pressure offset: 132mbar
1593592944:[LOGBIN,0078]*** switching to 0058/5EFC4C70 ***
