1593673543:[MAIN  ,0007]buoy 452.120-R-0058
1593673543:[MAIN  ,0055]soft pilotage 452.012.300_V2.20-20200612
1593673543:[MAIN  ,0010]cycle 22
1593673543:[SURF  ,0225]surface2
1593673559:[SURF  ,0022]GPS fix...
1593673580:[SURF  ,0015]10 PPS detected...
1593673581:[MRMAID,0052]Mermaid $GPSACK:+0,+0,+0,+0,+0,+0,-30;
1593673591:[MRMAID,0052]Mermaid $GPSOFF:3686324;
1593673592:[GPSFIX,0179]-1s diff
1593673593:[SURF  ,0222]2020-07-02T07:06:33
1593673593:[SURF  ,0082]Latitude : N43deg40.937mn, Longitude :E007deg19.178mn
1593673593:[SURF  ,0223]fix3D,9satellites
1593673593:[SURF  ,0084]GPS fix GPGSA : hdop0.670,vdop0.880
1593673603:[SURF  ,0025]Iridium...
1593673643:[SURF  ,0009]connected in 40s, signal quality 5
1593673708:[SURF  ,0218]prompt received, remote cmd end
1593673708:[SURF  ,0012]13 cmd(s) received
1593673729:[UPLOAD,0248]Upload data files...
1593673749:[UPLOAD,0231]"0058/5EFD873A.MER" uploaded at 130bytes/s
1593673848:[UPLOAD,0231]"0058/5EFD6C59.BIN" uploaded at 138bytes/s
1593673864:[MAIN  ,0013]2 file(s) uploaded
1593673897:[SURF  ,0014]disconnected after 294s
1593673902:[SURFIN,0020]filling external bladder
1593673910:[PUMP  ,0207]battery 15101mV,   18178uA (warmup), P   +130mbar
1593673910:[PUMP  ,0016]pump during 300000ms
1593673922:[PUMP  ,0212]battery 14726mV,  845094uA (steady state), P   +130mbar
1593673924:[SURFIN,0019]external bladder full
1593673924:[SURF  ,0227]1st complete transfer
1593674204:[SURF  ,0022]GPS fix...
1593674224:[SURF  ,0015]10 PPS detected...
1593674225:[MRMAID,0052]Mermaid $GPSACK:+0,+0,+0,+0,+0,+0,+0;
1593674235:[MRMAID,0052]Mermaid $GPSOFF:3686323;
1593674236:[GPSFIX,0179]-1s diff
1593674237:[SURF  ,0222]2020-07-02T07:17:17
1593674237:[SURF  ,0082]Latitude : N43deg40.938mn, Longitude :E007deg19.178mn
1593674237:[SURF  ,0223]fix3D,10satellites
1593674237:[SURF  ,0084]GPS fix GPGSA : hdop0.700,vdop0.930
1593674247:[SURF  ,0025]Iridium...
1593674290:[SURF  ,0009]connected in 43s, signal quality 5
1593674343:[SURF  ,0218]prompt received, remote cmd end
1593674343:[SURF  ,0012]13 cmd(s) received
1593674380:[SURF  ,0014]disconnected after 133s
1593674385:[SURFIN,0020]filling external bladder
1593674393:[PUMP  ,0207]battery 15207mV,   18178uA (warmup), P   +130mbar
1593674393:[PUMP  ,0016]pump during 300000ms
1593674401:[PUMP  ,0212]battery 14817mV,  855342uA (steady state), P   +130mbar
1593674403:[SURFIN,0019]external bladder full
1593674404:[SURF  ,0226]Go dive (Minimum surface delay expired and no more file to upload)
1593674417:[SURF  ,0022]GPS fix...
1593674438:[SURF  ,0015]10 PPS detected...
1593674439:[MRMAID,0052]Mermaid $GPSACK:+0,+0,+0,+0,+0,+0,-30;
1593674449:[MRMAID,0052]Mermaid $GPSOFF:3686323;
1593674450:[GPSFIX,0179]-1s diff
1593674451:[SURF  ,0222]2020-07-02T07:20:51
1593674451:[SURF  ,0082]Latitude : N43deg40.938mn, Longitude :E007deg19.178mn
1593674451:[SURF  ,0223]fix3D,10satellites
1593674451:[SURF  ,0084]GPS fix GPGSA : hdop0.690,vdop0.930
1593674468:[MAIN  ,0024]internal pressure 79080Pa
1593674469:[BYCMD ,0107]    FreeRTOS V8.2.3
1593674469:[BYCMD ,0108]    FatFS v11a
1593674469:[BYCMD ,0120]    bypass 10000ms 60000ms (20000ms 60000ms stored)
1593674469:[BYCMD ,0121]    valve 60000ms 12750 (60000ms 12750 stored)
1593674469:[BYCMD ,0122]    pump 60000ms 30% 10750 80% (60000ms 30% 10750 80% stored)
1593674469:[BYCMD ,0123]    rate 2mbar/s (2mbar/s stored)
1593674469:[BYCMD ,0124]    surface 500mbar (500mbar stored)
1593674469:[BYCMD ,0125]    near 1500mbar 3mbar/s (15000mbar 3mbar/s stored)
1593674469:[BYCMD ,0126]    far 2500mbar 4mbar/s (25000mbar 4mbar/s stored)
1593674469:[BYCMD ,0127]    ascent 8mbar/s (8mbar/s stored)
1593674469:[BYCMD ,0128]    dead 60s (300s stored)
1593674469:[BYCMD ,0129]    coeff 16/10 (16/10 stored)
1593674469:[BYCMD ,0130]    stab 10 (10 stored)
1593674469:[BYCMD ,0131]    delay 900s 3600s (900s 3600s stored)
1593674469:[BYCMD ,0132]    mmtime 2880min (2880min stored)
1593674469:[BYCMD ,0133]    dv_landing 100ml (100ml stored)
1593674469:[MKDCMD,0150]    p2t37: 15x2000ms, offset 131mbar
1593674469:[P2TCMD,0151]    p2t37: dp 50mbar, dt 5000mdegC
1593674470:[STAGE ,0080]Stage [0] 5000mbar (+/-500mbar) 1800s (<1800s) 
1593674470:[STAGE ,0080]Stage [1] 5000mbar (+/-500mbar) 1800s (<3600s) MERMAID
1593674470:[MAIN  ,0070]turn off bluetooth
1593674472:[PRESS ,0038]P    -11mbar,T-13748mdegC
1593674483:[PRESS ,0038]P     -1mbar,T+24762mdegC
1593674485:[PRESS ,0038]P     -1mbar,T+13277mdegC
1593674487:[PRESS ,0038]P     -1mbar,T+24762mdegC
1593674488:[PRESS ,0038]P     +9mbar,T-13748mdegC
1593674496:[PRESS ,0038]P     -1mbar,T+24762mdegC
1593674497:[PRESS ,0038]P     +9mbar,T-13748mdegC
1593674497:[DIVING,0141]diving from 9mbar, +1mbar/s
1593674497:[BYPASS,0035]bypass opening 60000ms
1593674503:[BYPASS,0104]battery 15037mV,  270962uA (bypass opening), P     +9mbar
1593674567:[BYPASS,0106]battery 15056mV,  301340uA (bypass closing), P     +9mbar
1593674569:[PRESS ,0038]P   -131mbar,T-13748mdegC
1593674571:[PRESS ,0038]P   -131mbar,T+13277mdegC
1593674573:[PRESS ,0038]P   -131mbar,T+24762mdegC
1593674575:[PRESS ,0038]P   -131mbar,T-13748mdegC
1593674576:[PRESS ,0038]P   -131mbar,T+24762mdegC
1593674580:[PRESS ,0038]P   -131mbar,T-13748mdegC
1593674582:[PRESS ,0038]P   -131mbar,T+13277mdegC
1593674584:[PRESS ,0038]P   -141mbar,T+24762mdegC
1593674585:[PRESS ,0038]P   -121mbar,T+13277mdegC
1593674587:[PRESS ,0038]P   -131mbar,T-13748mdegC
1593674593:[PRESS ,0038]P   -121mbar,T+24762mdegC
1593674594:[BYPASS,0035]bypass opening 10000ms
1593674599:[BYPASS,0104]battery 15075mV,  276940uA (bypass opening), P   -121mbar
1593674615:[BYPASS,0106]battery 15061mV,  299998uA (bypass closing), P   -121mbar
1593674616:[PRESS ,0038]P   -121mbar,T-13748mdegC
1593674618:[PRESS ,0038]P   -121mbar,T+24762mdegC
1593674622:[PRESS ,0038]P   -121mbar,T-13748mdegC
1593674629:[PRESS ,0038]P   -121mbar,T+24762mdegC
1593674631:[PRESS ,0038]P   -141mbar,T-13748mdegC
1593674634:[PRESS ,0038]P   -131mbar,T+24762mdegC
1593674636:[PRESS ,0038]P   -131mbar,T-13748mdegC
1593674638:[PRESS ,0038]P   -131mbar,T+24762mdegC
1593674641:[PRESS ,0038]P   -131mbar,T-13748mdegC
1593674641:[BYPASS,0035]bypass opening 10000ms
1593674647:[BYPASS,0104]battery 15078mV,  271084uA (bypass opening), P   -131mbar
1593674662:[BYPASS,0106]battery 15066mV,  298900uA (bypass closing), P   -131mbar
1593674663:[PRESS ,0038]P   -111mbar,T+13277mdegC
1593674665:[PRESS ,0038]P   -121mbar,T-13748mdegC
1593674669:[PRESS ,0038]P   -111mbar,T+24762mdegC
1593674674:[PRESS ,0038]P   -121mbar,T-13748mdegC
1593674676:[PRESS ,0038]P   -121mbar,T+24762mdegC
1593674681:[PRESS ,0038]P   -111mbar,T-13748mdegC
1593674685:[PRESS ,0038]P   -101mbar,T+24762mdegC
1593674687:[PRESS ,0038]P   -111mbar,T-13748mdegC
1593674688:[BYPASS,0035]bypass opening 10000ms
1593674693:[BYPASS,0104]battery 15083mV,  274866uA (bypass opening), P   -101mbar
1593674709:[BYPASS,0106]battery 15071mV,  298168uA (bypass closing), P   -101mbar
1593674710:[PRESS ,0038]P   -101mbar,T -2266mdegC
1593674712:[PRESS ,0038]P   -101mbar,T-13748mdegC
1593674714:[PRESS ,0038]P   -111mbar,T+13277mdegC
1593674716:[PRESS ,0038]P   -101mbar,T-13748mdegC
1593674728:[PRESS ,0038]P   -111mbar,T+24762mdegC
1593674733:[PRESS ,0038]P   -111mbar,T-13748mdegC
1593674735:[PRESS ,0038]P   -121mbar,T+24762mdegC
1593674735:[BYPASS,0035]bypass opening 10000ms
1593674740:[BYPASS,0104]battery 15088mV,  276452uA (bypass opening), P   -121mbar
1593674755:[BYPASS,0106]battery 15075mV,  297558uA (bypass closing), P   -121mbar
1593674757:[PRESS ,0038]P   -101mbar,T-13748mdegC
1593674759:[PRESS ,0038]P   -101mbar,T+24762mdegC
1593674761:[PRESS ,0038]P   -111mbar,T-13748mdegC
1593674764:[PRESS ,0038]P   -101mbar,T+24762mdegC
1593674770:[PRESS ,0038]P   -111mbar,T-13748mdegC
1593674782:[BYPASS,0035]bypass opening 10000ms
1593674787:[BYPASS,0104]battery 15090mV,  273036uA (bypass opening), P   -101mbar
1593674802:[BYPASS,0106]battery 15078mV,  296826uA (bypass closing), P   -101mbar
1593674808:[PRESS ,0038]P   -101mbar,T+24762mdegC
1593674809:[PRESS ,0038]P   -101mbar,T+13277mdegC
1593674811:[PRESS ,0038]P   -101mbar,T-13748mdegC
1593674813:[PRESS ,0038]P   -101mbar,T+13277mdegC
1593674815:[PRESS ,0038]P   -101mbar,T-13748mdegC
1593674817:[PRESS ,0038]P   -101mbar,T+13277mdegC
1593674818:[PRESS ,0038]P   -111mbar,T-13748mdegC
1593674820:[PRESS ,0038]P   -101mbar,T+24762mdegC
1593674822:[PRESS ,0038]P   -101mbar,T-13748mdegC
1593674826:[PRESS ,0038]P   -111mbar,T+24762mdegC
1593674827:[PRESS ,0038]P   -101mbar,T-13748mdegC
1593674829:[PRESS ,0038]P   -101mbar,T+24762mdegC
1593674829:[BYPASS,0035]bypass opening 10000ms
1593674834:[BYPASS,0104]battery 15095mV,  275964uA (bypass opening), P   -101mbar
1593674849:[BYPASS,0106]battery 15081mV,  296338uA (bypass closing), P   -101mbar
1593674853:[PRESS ,0038]P    -91mbar,T-13748mdegC
1593674855:[PRESS ,0038]P    -91mbar,T+13277mdegC
1593674858:[PRESS ,0038]P    -91mbar,T+24762mdegC
1593674860:[PRESS ,0038]P    -91mbar,T-13748mdegC
1593674864:[PRESS ,0038]P   -101mbar,T+24762mdegC
1593674866:[PRESS ,0038]P    -91mbar,T-13748mdegC
1593674867:[PRESS ,0038]P    -91mbar,T+24762mdegC
1593674871:[PRESS ,0038]P    -91mbar,T-13748mdegC
1593674873:[PRESS ,0038]P    -91mbar,T+24762mdegC
1593674875:[PRESS ,0038]P    -91mbar,T-13748mdegC
1593674876:[BYPASS,0035]bypass opening 10000ms
1593674881:[BYPASS,0104]battery 15096mV,  270962uA (bypass opening), P    -91mbar
1593674896:[BYPASS,0106]battery 15085mV,  295728uA (bypass closing), P    -91mbar
1593674900:[PRESS ,0038]P    -91mbar,T+13277mdegC
1593674902:[PRESS ,0038]P    -81mbar,T-13748mdegC
1593674909:[PRESS ,0038]P    -91mbar,T+24762mdegC
1593674911:[PRESS ,0038]P    -81mbar,T-13748mdegC
1593674916:[PRESS ,0038]P    -81mbar,T+13277mdegC
1593674918:[PRESS ,0038]P    -81mbar,T-13748mdegC
1593674920:[PRESS ,0038]P    -81mbar,T+13277mdegC
1593674923:[PRESS ,0038]P    -81mbar,T -2266mdegC
1593674923:[BYPASS,0035]bypass opening 10000ms
1593674928:[BYPASS,0104]battery 15098mV,  274134uA (bypass opening), P    -81mbar
1593674943:[BYPASS,0106]battery 15087mV,  295240uA (bypass closing), P    -81mbar
1593674945:[PRESS ,0038]P    -31mbar,T+13277mdegC
1593674947:[PRESS ,0038]P    -41mbar,T-13748mdegC
1593674949:[PRESS ,0038]P    -31mbar,T+24762mdegC
1593674952:[PRESS ,0038]P    -11mbar,T-13748mdegC
1593674963:[PRESS ,0038]P    +49mbar,T-13748mdegC
1593674965:[PRESS ,0038]P    +59mbar,T+24762mdegC
1593674967:[PRESS ,0038]P    +69mbar,T+13277mdegC
1593674968:[PRESS ,0038]P    +79mbar,T-13748mdegC
1593674973:[PRESS ,0038]P   +109mbar,T+24762mdegC
1593674976:[PRESS ,0038]P   +119mbar,T-13748mdegC
1593674981:[PRESS ,0038]P   +159mbar,T+24762mdegC
1593674984:[PRESS ,0038]P   +179mbar,T+13277mdegC
1593674987:[PRESS ,0038]P   +189mbar,T-13748mdegC
1593674990:[PRESS ,0038]P   +209mbar,T+24762mdegC
1593674993:[PRESS ,0038]P   +229mbar,T-13748mdegC
1593674995:[PRESS ,0038]P   +249mbar,T+13277mdegC
1593674998:[PRESS ,0038]P   +259mbar,T-13748mdegC
1593675009:[PRESS ,0038]P   +339mbar,T-13748mdegC
1593675023:[PRESS ,0038]P   +419mbar,T-13748mdegC
1593675032:[PRESS ,0038]P   +469mbar,T+24762mdegC
1593675034:[PRESS ,0038]P   +489mbar,T-13748mdegC
1593675037:[PRESS ,0038]P   +499mbar,T+24762mdegC
1593675040:[PRESS ,0038]P   +529mbar,T-13748mdegC
1593675042:[PRESS ,0038]P   +539mbar,T+13277mdegC
1593675042:[DIVING,0028]539mbar reached (+6mbar/s), 9 bypass done
1593675042:[MAIN  ,0056]stage[0]
1593675045:[MAIN  ,0024]internal pressure 82288Pa
1593675045:[PRESS ,0038]P   +559mbar,T+24762mdegC
1593675045:[BUOY  ,0037]P   +559mbar
1593675045:[STAGE ,0080]Stage [0] 5000mbar (+/-500mbar) 1800s (<1593676842s) 
1593675047:[PRESS ,0038]P   +569mbar,T+13277mdegC
1593675108:[PRESS ,0038]P   +899mbar,T-13748mdegC
1593675112:[PRESS ,0038]P   +929mbar,T+13277mdegC
1593675113:[PRESS ,0038]P   +939mbar,T+24762mdegC
1593675115:[PRESS ,0038]P   +959mbar,T+13277mdegC
1593675126:[PRESS ,0038]P  +1019mbar,T-13748mdegC
1593675131:[PRESS ,0038]P  +1049mbar,T+13277mdegC
1593675133:[PRESS ,0038]P  +1059mbar,T-13748mdegC
1593675194:[PRESS ,0038]P  +1379mbar,T+13277mdegC
1593675195:[PRESS ,0038]P  +1409mbar,T+24762mdegC
1593675197:[PRESS ,0038]P  +1409mbar,T-13748mdegC
1593675199:[PRESS ,0038]P  +1409mbar,T+13277mdegC
1593675201:[PRESS ,0038]P  +1409mbar,T-13748mdegC
1593675208:[PRESS ,0038]P  +1459mbar,T+13277mdegC
1593675213:[PRESS ,0038]P  +1469mbar,T-13748mdegC
1593675215:[PRESS ,0038]P  +1479mbar,T+13277mdegC
1593675217:[PRESS ,0038]P  +1479mbar,T-13748mdegC
1593675219:[PRESS ,0038]P  +1499mbar,T+13277mdegC
1593675279:[PRESS ,0038]P  +1819mbar,T-13748mdegC
1593675281:[PRESS ,0038]P  +1829mbar,T+13277mdegC
1593675283:[PRESS ,0038]P  +1839mbar,T+24762mdegC
1593675285:[PRESS ,0038]P  +1839mbar,T+13277mdegC
1593675287:[PRESS ,0038]P  +1849mbar,T-13748mdegC
1593675288:[PRESS ,0038]P  +1859mbar,T+13277mdegC
1593675299:[PRESS ,0038]P  +1909mbar,T-13748mdegC
1593675304:[PRESS ,0038]P  +1939mbar,T+13277mdegC
1593675365:[PRESS ,0038]P  +2219mbar,T+13277mdegC
1593675367:[PRESS ,0038]P  +2219mbar,T-13748mdegC
1593675370:[PRESS ,0038]P  +2249mbar,T+13277mdegC
1593675372:[PRESS ,0038]P  +2249mbar,T-13748mdegC
1593675376:[PRESS ,0038]P  +2259mbar,T+13277mdegC
1593675379:[PRESS ,0038]P  +2279mbar,T-13748mdegC
1593675383:[PRESS ,0038]P  +2299mbar,T+13277mdegC
1593675387:[PRESS ,0038]P  +2309mbar,T-13748mdegC
1593675451:[PRESS ,0038]P  +2419mbar,T+13277mdegC
1593675453:[PRESS ,0038]P  +2429mbar,T-13748mdegC
1593675460:[PRESS ,0038]P  +2449mbar,T+13277mdegC
1593675463:[PRESS ,0038]P  +2449mbar,T-13748mdegC
1593675467:[PRESS ,0038]P  +2459mbar,T+13277mdegC
1593675469:[PRESS ,0038]P  +2459mbar,T-13748mdegC
1593675470:[PRESS ,0038]P  +2459mbar,T+13277mdegC
1593675472:[PRESS ,0038]P  +2469mbar,T-13748mdegC
1593675476:[PRESS ,0038]P  +2479mbar,T+13277mdegC
1593675476:[BUOY  ,0087]from +2mbar/s to +4mbar/s
1593675476:[BUOY  ,0090]need to transfer -20mL (valve during 5204ms)
1593675476:[VALVE ,0034]valve opening 5204ms
1593675481:[VALVE ,0234]battery 15125mV,  480192uA, P  +2479mbar
1593675537:[PRESS ,0038]P  +2689mbar,T+13277mdegC
1593675538:[PRESS ,0038]P  +2709mbar,T-13748mdegC
1593675542:[PRESS ,0038]P  +2699mbar,T-25236mdegC
1593675544:[PRESS ,0038]P  +2729mbar,T-13748mdegC
1593675558:[PRESS ,0038]P  +2789mbar,T-13748mdegC
1593675622:[PRESS ,0038]P  +2989mbar,T+24762mdegC
1593675624:[PRESS ,0038]P  +2999mbar,T-13748mdegC
1593675626:[PRESS ,0038]P  +2989mbar,T+13277mdegC
1593675628:[PRESS ,0038]P  +2999mbar,T-13748mdegC
1593675629:[PRESS ,0038]P  +3009mbar,T+24762mdegC
1593675631:[PRESS ,0038]P  +3009mbar,T-13748mdegC
1593675637:[PRESS ,0038]P  +3019mbar,T+13277mdegC
1593675638:[PRESS ,0038]P  +3029mbar,T-13748mdegC
1593675644:[PRESS ,0038]P  +3039mbar,T+13277mdegC
1593675708:[PRESS ,0038]P  +3239mbar,T-13748mdegC
1593675710:[PRESS ,0038]P  +3249mbar,T+24762mdegC
1593675712:[PRESS ,0038]P  +3249mbar,T-13748mdegC
1593675713:[PRESS ,0038]P  +3259mbar,T+13277mdegC
1593675715:[PRESS ,0038]P  +3259mbar,T-13748mdegC
1593675717:[PRESS ,0038]P  +3259mbar,T+13277mdegC
1593675719:[PRESS ,0038]P  +3269mbar,T-13748mdegC
1593675722:[PRESS ,0038]P  +3259mbar,T+24762mdegC
1593675726:[PRESS ,0038]P  +3279mbar,T-13748mdegC
1593675728:[PRESS ,0038]P  +3279mbar,T+13277mdegC
1593675730:[PRESS ,0038]P  +3289mbar,T-13748mdegC
1593675733:[PRESS ,0038]P  +3289mbar,T+13277mdegC
1593675794:[PRESS ,0038]P  +3399mbar,T+13277mdegC
1593675796:[PRESS ,0038]P  +3399mbar,T-13748mdegC
1593675797:[PRESS ,0038]P  +3399mbar,T+13277mdegC
1593675801:[PRESS ,0038]P  +3409mbar,T-13748mdegC
1593675803:[PRESS ,0038]P  +3419mbar,T-25236mdegC
1593675805:[PRESS ,0038]P  +3419mbar,T-13748mdegC
1593675817:[PRESS ,0038]P  +3449mbar,T+13277mdegC
1593675819:[PRESS ,0038]P  +3459mbar,T-13748mdegC
1593675880:[PRESS ,0038]P  +3599mbar,T-13748mdegC
1593675883:[PRESS ,0038]P  +3599mbar,T+24762mdegC
1593675885:[PRESS ,0038]P  +3599mbar,T-13748mdegC
1593675887:[PRESS ,0038]P  +3599mbar,T+24762mdegC
1593675889:[PRESS ,0038]P  +3609mbar,T+13277mdegC
1593675890:[PRESS ,0038]P  +3619mbar,T-13748mdegC
1593675894:[PRESS ,0038]P  +3629mbar,T+24762mdegC
1593675896:[PRESS ,0038]P  +3619mbar,T-13748mdegC
1593675899:[PRESS ,0038]P  +3629mbar,T+24762mdegC
1593675901:[PRESS ,0038]P  +3629mbar,T-13748mdegC
1593675965:[PRESS ,0038]P  +3729mbar,T+24762mdegC
1593675969:[PRESS ,0038]P  +3719mbar,T+13277mdegC
1593675971:[PRESS ,0038]P  +3719mbar,T+24762mdegC
1593675972:[PRESS ,0038]P  +3729mbar,T+13277mdegC
1593675974:[PRESS ,0038]P  +3739mbar,T+24762mdegC
1593675976:[PRESS ,0038]P  +3739mbar,T-13748mdegC
1593675978:[PRESS ,0038]P  +3739mbar,T+13277mdegC
1593675980:[PRESS ,0038]P  +3749mbar,T-13748mdegC
1593675982:[PRESS ,0038]P  +3739mbar,T+13277mdegC
1593675983:[PRESS ,0038]P  +3739mbar,T+24762mdegC
1593675985:[PRESS ,0038]P  +3749mbar,T+13277mdegC
1593675987:[PRESS ,0038]P  +3749mbar,T-13748mdegC
1593675990:[PRESS ,0038]P  +3759mbar,T+24762mdegC
1593676051:[PRESS ,0038]P  +3829mbar,T+13277mdegC
1593676053:[PRESS ,0038]P  +3839mbar,T+24762mdegC
1593676055:[PRESS ,0038]P  +3839mbar,T+13277mdegC
1593676057:[PRESS ,0038]P  +3849mbar,T+24762mdegC
1593676060:[PRESS ,0038]P  +3849mbar,T-13748mdegC
1593676066:[PRESS ,0038]P  +3839mbar,T+13277mdegC
1593676067:[PRESS ,0038]P  +3849mbar,T-13748mdegC
1593676071:[PRESS ,0038]P  +3859mbar,T+13277mdegC
1593676073:[PRESS ,0038]P  +3859mbar,T-13748mdegC
1593676076:[PRESS ,0038]P  +3869mbar,T+13277mdegC
1593676137:[PRESS ,0038]P  +3939mbar,T-13748mdegC
1593676139:[PRESS ,0038]P  +3949mbar,T+24762mdegC
1593676142:[PRESS ,0038]P  +3949mbar,T-13748mdegC
1593676146:[PRESS ,0038]P  +3959mbar,T+13277mdegC
1593676148:[PRESS ,0038]P  +3959mbar,T+24762mdegC
1593676151:[PRESS ,0038]P  +3959mbar,T-13748mdegC
1593676162:[PRESS ,0038]P  +3979mbar,T -2266mdegC
1593676223:[PRESS ,0038]P  +4039mbar,T+24762mdegC
1593676228:[PRESS ,0038]P  +4039mbar,T-13748mdegC
1593676230:[PRESS ,0038]P  +4029mbar,T+24762mdegC
1593676233:[PRESS ,0038]P  +4049mbar,T-13748mdegC
1593676235:[PRESS ,0038]P  +4039mbar,T+24762mdegC
1593676240:[PRESS ,0038]P  +4039mbar,T -2266mdegC
1593676242:[PRESS ,0038]P  +4059mbar,T+13277mdegC
1593676244:[PRESS ,0038]P  +4039mbar,T-13748mdegC
1593676248:[PRESS ,0038]P  +4049mbar,T+24762mdegC
1593676308:[PRESS ,0038]P  +4079mbar,T-13748mdegC
1593676312:[PRESS ,0038]P  +4069mbar,T+24762mdegC
1593676314:[PRESS ,0038]P  +4079mbar,T-13748mdegC
1593676319:[PRESS ,0038]P  +4089mbar,T+24762mdegC
1593676323:[PRESS ,0038]P  +4089mbar,T-13748mdegC
1593676330:[PRESS ,0038]P  +4089mbar,T+24762mdegC
1593676332:[PRESS ,0038]P  +4089mbar,T -2266mdegC
1593676333:[PRESS ,0038]P  +4099mbar,T-13748mdegC
1593676396:[PRESS ,0038]P  +4129mbar,T+24762mdegC
1593676398:[PRESS ,0038]P  +4119mbar,T-13748mdegC
1593676399:[PRESS ,0038]P  +4129mbar,T+24762mdegC
1593676401:[PRESS ,0038]P  +4129mbar,T-13748mdegC
1593676405:[PRESS ,0038]P  +4129mbar,T+24762mdegC
1593676407:[PRESS ,0038]P  +4129mbar,T -2266mdegC
1593676408:[PRESS ,0038]P  +4129mbar,T-13748mdegC
1593676412:[PRESS ,0038]P  +4129mbar,T+24762mdegC
1593676414:[PRESS ,0038]P  +4139mbar,T-13748mdegC
1593676416:[PRESS ,0038]P  +4139mbar,T+24762mdegC
1593676417:[PRESS ,0038]P  +4139mbar,T-13748mdegC
1593676419:[PRESS ,0038]P  +4129mbar,T+24762mdegC
1593676480:[PRESS ,0038]P  +4189mbar,T -2266mdegC
1593676482:[PRESS ,0038]P  +4199mbar,T-13748mdegC
1593676485:[PRESS ,0038]P  +4199mbar,T -2266mdegC
1593676487:[PRESS ,0038]P  +4199mbar,T-13748mdegC
1593676491:[PRESS ,0038]P  +4209mbar,T+24762mdegC
1593676492:[PRESS ,0038]P  +4209mbar,T -2266mdegC
1593676494:[PRESS ,0038]P  +4219mbar,T-13748mdegC
1593676496:[PRESS ,0038]P  +4219mbar,T+24762mdegC
1593676500:[PRESS ,0038]P  +4219mbar,T-13748mdegC
1593676505:[PRESS ,0038]P  +4219mbar,T+24762mdegC
1593676566:[PRESS ,0038]P  +4309mbar,T+24762mdegC
1593676569:[PRESS ,0038]P  +4309mbar,T-13748mdegC
1593676573:[PRESS ,0038]P  +4319mbar,T -2266mdegC
1593676576:[PRESS ,0038]P  +4329mbar,T+24762mdegC
1593676582:[PRESS ,0038]P  +4329mbar,T -2266mdegC
1593676583:[PRESS ,0038]P  +4339mbar,T+24762mdegC
1593676585:[PRESS ,0038]P  +4339mbar,T-13748mdegC
1593676587:[PRESS ,0038]P  +4339mbar,T+24762mdegC
1593676589:[PRESS ,0038]P  +4349mbar,T -2266mdegC
1593676591:[PRESS ,0038]P  +4349mbar,T+24762mdegC
1593676651:[PRESS ,0038]P  +4419mbar,T+24762mdegC
1593676657:[PRESS ,0038]P  +4419mbar,T -2266mdegC
1593676659:[PRESS ,0038]P  +4409mbar,T+24762mdegC
1593676660:[PRESS ,0038]P  +4419mbar,T -2266mdegC
1593676662:[PRESS ,0038]P  +4419mbar,T-13748mdegC
1593676664:[PRESS ,0038]P  +4429mbar,T+24762mdegC
1593676666:[PRESS ,0038]P  +4419mbar,T-13748mdegC
1593676668:[PRESS ,0038]P  +4419mbar,T+13277mdegC
1593676669:[PRESS ,0038]P  +4429mbar,T-13748mdegC
1593676673:[PRESS ,0038]P  +4429mbar,T+24762mdegC
1593676677:[PRESS ,0038]P  +4429mbar,T -2266mdegC
1593676739:[PRESS ,0038]P  +4429mbar,T+24762mdegC
1593676748:[PRESS ,0038]P  +4439mbar,T-13748mdegC
1593676750:[PRESS ,0038]P  +4429mbar,T+24762mdegC
1593676757:[PRESS ,0038]P  +4449mbar,T -2266mdegC
1593676759:[PRESS ,0038]P  +4449mbar,T+24762mdegC
1593676826:[PRESS ,0038]P  +4469mbar,T -2266mdegC
1593676828:[PRESS ,0038]P  +4479mbar,T+24762mdegC
1593676830:[PRESS ,0038]P  +4469mbar,T-13748mdegC
1593676832:[PRESS ,0038]P  +4469mbar,T+24762mdegC
1593676834:[PRESS ,0038]P  +4469mbar,T -2266mdegC
1593676839:[PRESS ,0038]P  +4469mbar,T+24762mdegC
1593676841:[PRESS ,0038]P  +4479mbar,T -2266mdegC
1593676846:[PRESS ,0038]P  +4469mbar,T+24762mdegC
1593676848:[PRESS ,0038]P  +4469mbar,T -2266mdegC
1593676848:[MAIN  ,0140]stage[0] complete 1806s after mission start
1593676848:[MAIN  ,0056]stage[1]
1593676850:[MAIN  ,0024]internal pressure 81516Pa
1593676851:[MRMAID,0002]acq started
1593676861:[BUOY  ,0037]P  +4489mbar
1593676861:[STAGE ,0080]Stage [1] 5000mbar (+/-500mbar) 1800s (<1593678642s) MERMAID
1593676863:<WARN>[BUOY  ,0094]stage[1] should DESCENT, stuck at 4479mbar for the #1 time
1593676863:[BUOY  ,0087]from +0mbar/s to +2mbar/s
1593676863:[BUOY  ,0090]need to transfer -6mL (valve during 1159ms)
1593676864:[VALVE ,0034]valve opening 1159ms
1593676865:[VALVE ,0234]battery 15193mV,  483486uA, P  +4479mbar
1593676876:[MRMAID,0184]acq already started
1593676904:[MRMAID,0059]stop canceled
1593676935:[PRESS ,0038]P  +4559mbar,T -2266mdegC
1593676938:[PRESS ,0038]P  +4559mbar,T+24762mdegC
1593676942:[PRESS ,0038]P  +4579mbar,T -2266mdegC
1593676945:[PRESS ,0038]P  +4579mbar,T+24762mdegC
1593676949:[PRESS ,0038]P  +4589mbar,T-13748mdegC
1593676951:[PRESS ,0038]P  +4589mbar,T+24762mdegC
1593676958:[PRESS ,0038]P  +4599mbar,T -2266mdegC
1593676960:[PRESS ,0038]P  +4599mbar,T+24762mdegC
1593676960:[STAGE ,0213]4599mbar reached at 1593676960s, ref 5000mbar +/-500mbar
1593677020:[PRESS ,0038]P  +4739mbar,T+24762mdegC
1593677081:[PRESS ,0038]P  +4879mbar,T+24762mdegC
1593677142:[PRESS ,0038]P  +5009mbar,T+24762mdegC
1593677142:[BUOY  ,0087]from +2mbar/s to +0mbar/s
1593677142:[BUOY  ,0089]need to transfer +6mL (pump during 7196ms)
1593677142:[MRMAID,0003]acq stopped
1593677150:[PUMP  ,0207]battery 15458mV,   18544uA (warmup), P  +5009mbar
1593677151:[PUMP  ,0016]pump during 7196ms
1593677158:[PUMP  ,0212]battery 15275mV,  294996uA (steady state), P  +5009mbar
1593677161:[MRMAID,0002]acq started
1593677216:[PRESS ,0038]P  +5099mbar,T+24762mdegC
1593677218:[PRESS ,0038]P  +5099mbar,T -2266mdegC
1593677219:[PRESS ,0038]P  +5089mbar,T+24762mdegC
1593677221:[PRESS ,0038]P  +5099mbar,T -2266mdegC
1593677225:[PRESS ,0038]P  +5099mbar,T+24762mdegC
1593677227:[PRESS ,0038]P  +5109mbar,T -2266mdegC
1593677228:[PRESS ,0038]P  +5089mbar,T+24762mdegC
1593677234:[PRESS ,0038]P  +5099mbar,T-29294mdegC
1593677236:[PRESS ,0038]P  +5109mbar,T -2266mdegC
1593677237:[PRESS ,0038]P  +5099mbar,T+24762mdegC
1593677239:[PRESS ,0038]P  +5089mbar,T -2266mdegC
1593677423:[PRESS ,0038]P  +5159mbar,T -2266mdegC
1593677484:[PRESS ,0038]P  +5239mbar,T -2266mdegC
1593677544:[PRESS ,0038]P  +5309mbar,T -2266mdegC
1593677544:[BUOY  ,0087]from +1mbar/s to +0mbar/s
1593677544:[BUOY  ,0089]need to transfer +2mL (pump during 2398ms)
1593677544:[MRMAID,0003]acq stopped
1593677553:[PUMP  ,0207]battery 15458mV,   18544uA (warmup), P  +5309mbar
1593677553:[PUMP  ,0016]pump during 2398ms
1593677559:[MRMAID,0002]acq started
1593677620:[PRESS ,0038]P  +5369mbar,T -2266mdegC
1593677624:[PRESS ,0038]P  +5369mbar,T-29294mdegC
1593677625:[PRESS ,0038]P  +5359mbar,T -2266mdegC
1593677631:[PRESS ,0038]P  +5369mbar,T+24762mdegC
1593677632:[PRESS ,0038]P  +5369mbar,T -2266mdegC
1593677634:[PRESS ,0038]P  +5369mbar,T+24762mdegC
1593677636:[PRESS ,0038]P  +5379mbar,T -2266mdegC
1593677638:[PRESS ,0038]P  +5369mbar,T-29294mdegC
1593677640:[PRESS ,0038]P  +5379mbar,T -2266mdegC
1593677643:[BUOY  ,0087]from +1mbar/s to +0mbar/s
1593677643:[BUOY  ,0089]need to transfer +2mL (pump during 2398ms)
1593677643:[MRMAID,0052]Mermaid $STOPACK
1593677645:[MRMAID,0183]dropping spurious '0x3A'
1593677645:[MRMAID,0183]dropping spurious '0x2B'
1593677645:[MRMAID,0183]dropping spurious '0x31'
1593677645:[MRMAID,0183]dropping spurious '0x3B'
1593677645:[MRMAID,0185]4 spurious byte(s) received
1593677652:[PUMP  ,0207]battery 15456mV,   18544uA (warmup), P  +5379mbar
1593677652:[PUMP  ,0016]pump during 2398ms
1593677658:[MRMAID,0002]acq started
1593677717:[PRESS ,0038]P  +5429mbar,T-29294mdegC
1593677719:[PRESS ,0038]P  +5439mbar,T -2266mdegC
1593677724:[PRESS ,0038]P  +5429mbar,T-29294mdegC
1593677726:[PRESS ,0038]P  +5429mbar,T -2266mdegC
1593677728:[PRESS ,0038]P  +5429mbar,T+24762mdegC
1593677730:[PRESS ,0038]P  +5429mbar,T -2266mdegC
1593677732:[PRESS ,0038]P  +5429mbar,T-29294mdegC
1593677735:[PRESS ,0038]P  +5429mbar,T+24762mdegC
1593677739:[PRESS ,0038]P  +5429mbar,T-29294mdegC
1593677742:[PRESS ,0038]P  +5429mbar,T -2266mdegC
1593677985:[PRESS ,0038]P  +5469mbar,T-29294mdegC
1593678046:<WARN>[BUOY  ,0094]stage[1] should ASCENT, stuck at 5509mbar for the #2 time
1593678046:[BUOY  ,0087]from +0mbar/s to -2mbar/s
1593678046:[BUOY  ,0089]need to transfer +6mL (pump during 7194ms)
1593678046:[MRMAID,0003]acq stopped
1593678054:[PUMP  ,0207]battery 15462mV,   18544uA (warmup), P  +5509mbar
1593678054:[PUMP  ,0016]pump during 7194ms
1593678061:[PUMP  ,0212]battery 15267mV,  310978uA (steady state), P  +5509mbar
1593678065:[MRMAID,0002]acq started
1593678121:[PRESS ,0038]P  +5509mbar,T -2266mdegC
1593678123:[PRESS ,0038]P  +5499mbar,T +9212mdegC
1593678125:[PRESS ,0038]P  +5499mbar,T -2266mdegC
1593678129:[PRESS ,0038]P  +5489mbar,T-29294mdegC
1593678130:[PRESS ,0038]P  +5489mbar,T -2266mdegC
1593678134:[PRESS ,0038]P  +5479mbar,T-29294mdegC
1593678136:[PRESS ,0038]P  +5479mbar,T -2266mdegC
1593678205:[PRESS ,0038]P  +5369mbar,T-29294mdegC
1593678266:[PRESS ,0038]P  +5289mbar,T-29294mdegC
1593678387:[PRESS ,0038]P  +5199mbar,T-29294mdegC
1593678448:[PRESS ,0038]P  +5149mbar,T -2266mdegC
1593678569:[PRESS ,0038]P  +5149mbar,T-29294mdegC
1593678691:[PRESS ,0038]P  +5109mbar,T -2266mdegC
1593678691:[MAIN  ,0140]stage[1] complete 3649s after mission start
1593678691:[MRMAID,0003]acq stopped
1593678751:[MRMAID,0188]acq already stopped
1593678811:[MSSION,0192]mission stopped, 2 stage(s) done
1593678811:[MAIN  ,0065]surfacing
1593678813:[PRESS ,0038]P  +5099mbar,T +9212mdegC
1593678813:[SURFIN,0036]P  +5099mbar
1593678821:[PUMP  ,0207]battery 15467mV,   18544uA (warmup), P  +5099mbar
1593678821:[PUMP  ,0016]pump during 60000ms
1593678880:[PUMP  ,0212]battery 15270mV,  309514uA (steady state), P  +5099mbar
1593678938:[PRESS ,0038]P  +4679mbar,T +9212mdegC
1593678940:[PRESS ,0038]P  +4679mbar,T -2266mdegC
1593678942:[PRESS ,0038]P  +4669mbar,T-29294mdegC
1593678945:[PRESS ,0038]P  +4649mbar,T -2266mdegC
1593678947:[PRESS ,0038]P  +4649mbar,T-29294mdegC
1593678951:[PRESS ,0038]P  +4629mbar,T +9212mdegC
1593678953:[PRESS ,0038]P  +4619mbar,T-29294mdegC
1593678956:[PRESS ,0038]P  +4609mbar,T -2266mdegC
1593678958:[PRESS ,0038]P  +4599mbar,T-29294mdegC
1593678971:[PUMP  ,0207]battery 15381mV,   18544uA (warmup), P  +4579mbar
1593678971:[PUMP  ,0016]pump during 60000ms
1593679030:[PUMP  ,0212]battery 15190mV,  302804uA (steady state), P  +4579mbar
1593679088:[PRESS ,0038]P  +3939mbar,T -2266mdegC
1593679090:[PRESS ,0038]P  +3929mbar,T-29294mdegC
1593679092:[PRESS ,0038]P  +3909mbar,T -2266mdegC
1593679093:[PRESS ,0038]P  +3909mbar,T-29294mdegC
1593679099:[PRESS ,0038]P  +3879mbar,T +9212mdegC
1593679101:[PRESS ,0038]P  +3859mbar,T-29294mdegC
1593679104:[PRESS ,0038]P  +3839mbar,T -2266mdegC
1593679108:[PRESS ,0038]P  +3829mbar,T-29294mdegC
1593679121:[PUMP  ,0207]battery 15322mV,   18666uA (warmup), P  +3809mbar
1593679121:[PUMP  ,0016]pump during 60000ms
1593679180:[PUMP  ,0212]battery 15133mV,  298046uA (steady state), P  +3809mbar
1593679238:[PRESS ,0038]P  +3079mbar,T-29294mdegC
1593679243:[PRESS ,0038]P  +3069mbar,T -2266mdegC
1593679245:[PRESS ,0038]P  +3049mbar,T-29294mdegC
1593679247:[PRESS ,0038]P  +3049mbar,T -2266mdegC
1593679249:[PRESS ,0038]P  +3029mbar,T-29294mdegC
1593679250:[PRESS ,0038]P  +3019mbar,T +9212mdegC
1593679252:[PRESS ,0038]P  +3019mbar,T-29294mdegC
1593679259:[PRESS ,0038]P  +2969mbar,T +9212mdegC
1593679263:[PRESS ,0038]P  +2959mbar,T-29294mdegC
1593679271:[PUMP  ,0207]battery 15282mV,   18666uA (warmup), P  +2959mbar
1593679271:[PUMP  ,0016]pump during 60000ms
1593679330:[PUMP  ,0212]battery 15097mV,  288652uA (steady state), P  +2959mbar
1593679388:[PRESS ,0038]P  +2239mbar,T -2266mdegC
1593679390:[PRESS ,0038]P  +2229mbar,T-29294mdegC
1593679407:[PRESS ,0038]P  +2229mbar,T -2266mdegC
1593679409:[PRESS ,0038]P  +2229mbar,T-29294mdegC
1593679421:[PUMP  ,0207]battery 15256mV,   18788uA (warmup), P  +2229mbar
1593679421:[PUMP  ,0016]pump during 60000ms
1593679480:[PUMP  ,0212]battery 15073mV,  283284uA (steady state), P  +2229mbar
1593679538:[PRESS ,0038]P  +1549mbar,T-29294mdegC
1593679539:[PRESS ,0038]P  +1549mbar,T +9212mdegC
1593679543:[PRESS ,0038]P  +1519mbar,T-29294mdegC
1593679545:[PRESS ,0038]P  +1509mbar,T -2266mdegC
1593679546:[PRESS ,0038]P  +1489mbar,T-29294mdegC
1593679548:[PRESS ,0038]P  +1479mbar,T -2266mdegC
1593679550:[PRESS ,0038]P  +1469mbar,T-29294mdegC
1593679557:[PRESS ,0038]P  +1419mbar,T -2266mdegC
1593679559:[PRESS ,0038]P  +1409mbar,T-29294mdegC
1593679561:[PRESS ,0038]P  +1399mbar,T -2266mdegC
1593679563:[PRESS ,0038]P  +1379mbar,T-29294mdegC
1593679571:[PUMP  ,0207]battery 15240mV,   18788uA (warmup), P  +1379mbar
1593679571:[PUMP  ,0016]pump during 60000ms
1593679630:[PUMP  ,0212]battery 15060mV,  278526uA (steady state), P  +1379mbar
1593679687:[PRESS ,0038]P   +409mbar,T -2266mdegC
1593679691:[PRESS ,0038]P   +369mbar,T +9212mdegC
1593679693:[PRESS ,0038]P   +359mbar,T -2266mdegC
1593679696:[PRESS ,0038]P   +329mbar,T-29294mdegC
1593679698:[PRESS ,0038]P   +309mbar,T -2266mdegC
1593679702:[PRESS ,0038]P   +279mbar,T-29294mdegC
1593679705:[PRESS ,0038]P   +239mbar,T -2266mdegC
1593679707:[PRESS ,0038]P   +249mbar,T-29294mdegC
1593679711:[PRESS ,0038]P   +219mbar,T -2266mdegC
1593679713:[PRESS ,0038]P   +199mbar,T-29294mdegC
1593679716:[PRESS ,0038]P   +169mbar,T -2266mdegC
1593679716:[SURFIN,0020]filling external bladder
1593679724:[PUMP  ,0207]battery 15232mV,   18788uA (warmup), P   +169mbar
1593679724:[PUMP  ,0016]pump during 300000ms
1593680023:[PUMP  ,0212]battery 14791mV,  879010uA (steady state), P   +169mbar
1593680034:[PUMP  ,0207]battery 14775mV,   18788uA (warmup), P   +169mbar
1593680034:[PUMP  ,0016]pump during 300000ms
1593680100:[PUMP  ,0212]battery 14457mV,  824110uA (steady state), P   +169mbar
1593680102:[SURFIN,0019]external bladder full
1593680104:[PRESS ,0038]P   +140mbar,T+24762mdegC
1593680107:[PRESS ,0038]P   +130mbar,T-29294mdegC
1593680109:[PRESS ,0038]P   +140mbar,T+24762mdegC
1593680111:[PRESS ,0038]P   +130mbar,T -2266mdegC
1593680113:[PRESS ,0038]P   +140mbar,T+24762mdegC
1593680115:[PRESS ,0038]P   +140mbar,T -2266mdegC
1593680116:[PRESS ,0038]P   +140mbar,T-29294mdegC
1593680120:[PRESS ,0038]P   +130mbar,T -2266mdegC
1593680122:[PRESS ,0038]P   +130mbar,T+24762mdegC
1593680124:[PRESS ,0038]P   +130mbar,T -2266mdegC
1593680125:[PRESS ,0038]P   +130mbar,T+24762mdegC
1593680129:[PRESS ,0038]P   +130mbar,T -2266mdegC
1593680164:[MAIN  ,0272]Vbat 14979mV (min 14855mV)
1593680166:[MAIN  ,0024]internal pressure 78860Pa
1593680166:[MAIN  ,0043]Pext 134mbar (rng 10mbar)
1593680166:[MAIN  ,0064]surface
1593680177:[SURF  ,0022]GPS fix...
1593680198:[SURF  ,0015]10 PPS detected...
1593680199:[MRMAID,0052]Mermaid $GPSACK:+0,+0,+0,+0,+0,+0,-1342;
1593680209:[MRMAID,0052]Mermaid $GPSOFF:3686324;
1593680211:[GPSFIX,0179]+0s diff
1593680211:[SURF  ,0222]2020-07-02T08:56:51
1593680211:[SURF  ,0082]Latitude : N43deg40.937mn, Longitude :E007deg19.178mn
1593680211:[SURF  ,0223]fix3D,8satellites
1593680211:[SURF  ,0084]GPS fix GPGSA : hdop0.700,vdop0.950
1593680221:[SURF  ,0274]last almanac : 149272
1593680234:[MRMAID,0026]1555 bytes in 0058/5EFDA162.MER
1593680239:[MAIN  ,0320]New pressure offset: 134mbar
1593680239:[LOGBIN,0078]*** switching to 0058/5EFDA16F ***
