1593639595:[MAIN  ,0007]buoy 452.120-R-0058
1593639595:[MAIN  ,0055]soft pilotage 452.012.300_V2.20-20200612
1593639595:[MAIN  ,0010]cycle 17
1593639595:[SURF  ,0225]surface2
1593639609:[SURF  ,0022]GPS fix...
1593639631:[SURF  ,0015]10 PPS detected...
1593639632:[MRMAID,0052]Mermaid $GPSACK:+0,+0,+0,+0,+0,+0,-30;
1593639642:[MRMAID,0052]Mermaid $GPSOFF:3686324;
1593639643:[GPSFIX,0179]-1s diff
1593639644:[SURF  ,0222]2020-07-01T21:40:44
1593639644:[SURF  ,0082]Latitude : N43deg40.937mn, Longitude :E007deg19.179mn
1593639644:[SURF  ,0223]fix3D,8satellites
1593639644:[SURF  ,0084]GPS fix GPGSA : hdop0.670,vdop1.170
1593639654:[SURF  ,0025]Iridium...
1593639695:[SURF  ,0009]connected in 41s, signal quality 5
1593639749:[SURF  ,0218]prompt received, remote cmd end
1593639749:[SURF  ,0012]13 cmd(s) received
1593639769:[UPLOAD,0248]Upload data files...
1593639786:[UPLOAD,0231]"0058/5EFD029E.MER" uploaded at 142bytes/s
1593639896:[UPLOAD,0231]"0058/5EFCE8F1.BIN" uploaded at 140bytes/s
1593639912:[MAIN  ,0013]2 file(s) uploaded
1593639942:[SURF  ,0014]disconnected after 288s
1593639947:[SURFIN,0020]filling external bladder
1593639956:[PUMP  ,0207]battery 15097mV,   18178uA (warmup), P   +130mbar
1593639956:[PUMP  ,0016]pump during 300000ms
1593639966:[PUMP  ,0212]battery 14707mV,  871080uA (steady state), P   +130mbar
1593639968:[SURFIN,0019]external bladder full
1593639968:[SURF  ,0227]1st complete transfer
1593640246:[SURF  ,0022]GPS fix...
1593640266:[SURF  ,0015]10 PPS detected...
1593640267:[MRMAID,0052]Mermaid $GPSACK:+0,+0,+0,+0,+0,+0,+0;
1593640277:[MRMAID,0052]Mermaid $GPSOFF:3686324;
1593640278:[GPSFIX,0179]-1s diff
1593640279:[SURF  ,0222]2020-07-01T21:51:19
1593640279:[SURF  ,0082]Latitude : N43deg40.938mn, Longitude :E007deg19.178mn
1593640279:[SURF  ,0223]fix3D,9satellites
1593640279:[SURF  ,0084]GPS fix GPGSA : hdop0.630,vdop1.010
1593640289:[SURF  ,0025]Iridium...
1593640331:[SURF  ,0009]connected in 42s, signal quality 5
1593640394:[SURF  ,0218]prompt received, remote cmd end
1593640394:[SURF  ,0012]14 cmd(s) received
1593640434:[SURF  ,0014]disconnected after 145s
1593640439:[SURFIN,0020]filling external bladder
1593640447:[PUMP  ,0207]battery 15207mV,   18178uA (warmup), P   +130mbar
1593640447:[PUMP  ,0016]pump during 300000ms
1593640457:[PUMP  ,0212]battery 14808mV,  863882uA (steady state), P   +130mbar
1593640459:[SURFIN,0019]external bladder full
1593640459:[SURF  ,0226]Go dive (Minimum surface delay expired and no more file to upload)
1593640469:[SURF  ,0022]GPS fix...
1593640490:[SURF  ,0015]10 PPS detected...
1593640491:[MRMAID,0052]Mermaid $GPSACK:+0,+0,+0,+0,+0,+0,+0;
1593640501:[MRMAID,0052]Mermaid $GPSOFF:3686323;
1593640502:[GPSFIX,0179]-1s diff
1593640503:[SURF  ,0222]2020-07-01T21:55:03
1593640503:[SURF  ,0082]Latitude : N43deg40.937mn, Longitude :E007deg19.179mn
1593640503:[SURF  ,0223]fix3D,9satellites
1593640503:[SURF  ,0084]GPS fix GPGSA : hdop0.630,vdop1.020
1593640520:[MAIN  ,0024]internal pressure 78911Pa
1593640521:[BYCMD ,0107]    FreeRTOS V8.2.3
1593640521:[BYCMD ,0108]    FatFS v11a
1593640521:[BYCMD ,0120]    bypass 10000ms 60000ms (20000ms 60000ms stored)
1593640521:[BYCMD ,0121]    valve 60000ms 12750 (60000ms 12750 stored)
1593640521:[BYCMD ,0122]    pump 60000ms 30% 10750 80% (60000ms 30% 10750 80% stored)
1593640521:[BYCMD ,0123]    rate 2mbar/s (2mbar/s stored)
1593640521:[BYCMD ,0124]    surface 500mbar (500mbar stored)
1593640521:[BYCMD ,0125]    near 1500mbar 3mbar/s (15000mbar 3mbar/s stored)
1593640521:[BYCMD ,0126]    far 2500mbar 4mbar/s (25000mbar 4mbar/s stored)
1593640521:[BYCMD ,0127]    ascent 8mbar/s (8mbar/s stored)
1593640521:[BYCMD ,0128]    dead 60s (300s stored)
1593640521:[BYCMD ,0129]    coeff 16/10 (16/10 stored)
1593640521:[BYCMD ,0130]    stab 10 (10 stored)
1593640521:[BYCMD ,0131]    delay 900s 3600s (900s 3600s stored)
1593640521:[BYCMD ,0132]    mmtime 2880min (2880min stored)
1593640521:[BYCMD ,0133]    dv_landing 100ml (100ml stored)
1593640521:[MKDCMD,0150]    p2t37: 15x2000ms, offset 136mbar
1593640521:[P2TCMD,0151]    p2t37: dp 50mbar, dt 5000mdegC
1593640522:[STAGE ,0080]Stage [0] 5000mbar (+/-500mbar) 1800s (<1800s) 
1593640522:[STAGE ,0080]Stage [1] 5000mbar (+/-500mbar) 1800s (<3600s) MERMAID
1593640522:[MAIN  ,0070]turn off bluetooth
1593640524:[PRESS ,0038]P     -6mbar,T+24762mdegC
1593640526:[PRESS ,0038]P     +4mbar,T-13748mdegC
1593640528:[PRESS ,0038]P     -6mbar,T+24762mdegC
1593640530:[PRESS ,0038]P     -6mbar,T-13748mdegC
1593640532:[PRESS ,0038]P     -6mbar,T+24762mdegC
1593640533:[PRESS ,0038]P    -16mbar,T-13748mdegC
1593640535:[PRESS ,0038]P     -6mbar,T+24762mdegC
1593640537:[PRESS ,0038]P     -6mbar,T-13748mdegC
1593640539:[PRESS ,0038]P    -16mbar,T+13277mdegC
1593640541:[PRESS ,0038]P    -16mbar,T+24762mdegC
1593640542:[PRESS ,0038]P    -16mbar,T-13748mdegC
1593640546:[PRESS ,0038]P    -16mbar,T+24762mdegC
1593640548:[PRESS ,0038]P    -16mbar,T-13748mdegC
1593640550:[PRESS ,0038]P     -6mbar,T+24762mdegC
1593640550:[DIVING,0141]diving from -6mbar, +0mbar/s
1593640550:[BYPASS,0035]bypass opening 60000ms
1593640555:[BYPASS,0104]battery 15030mV,  277184uA (bypass opening), P     -6mbar
1593640620:[BYPASS,0106]battery 15050mV,  301218uA (bypass closing), P     -6mbar
1593640622:[PRESS ,0038]P   -136mbar,T-13748mdegC
1593640625:[PRESS ,0038]P   -136mbar,T+24762mdegC
1593640630:[PRESS ,0038]P   -136mbar,T-13748mdegC
1593640636:[PRESS ,0038]P   -136mbar,T+24762mdegC
1593640641:[PRESS ,0038]P   -136mbar,T -2266mdegC
1593640643:[PRESS ,0038]P   -136mbar,T-13748mdegC
1593640645:[PRESS ,0038]P   -126mbar,T+24762mdegC
1593640647:[BYPASS,0035]bypass opening 10000ms
1593640652:[BYPASS,0104]battery 15067mV,  280966uA (bypass opening), P   -136mbar
1593640667:[BYPASS,0106]battery 15055mV,  299998uA (bypass closing), P   -136mbar
1593640677:[PRESS ,0038]P   -126mbar,T -2266mdegC
1593640679:[PRESS ,0038]P   -136mbar,T+24762mdegC
1593640681:[PRESS ,0038]P   -136mbar,T -2266mdegC
1593640683:[PRESS ,0038]P   -136mbar,T+24762mdegC
1593640685:[PRESS ,0038]P   -136mbar,T -2266mdegC
1593640686:[PRESS ,0038]P   -126mbar,T+24762mdegC
1593640693:[BYPASS,0035]bypass opening 10000ms
1593640699:[BYPASS,0104]battery 15073mV,  280966uA (bypass opening), P   -126mbar
1593640714:[BYPASS,0106]battery 15061mV,  298900uA (bypass closing), P   -126mbar
1593640717:[PRESS ,0038]P   -116mbar,T -2266mdegC
1593640719:[PRESS ,0038]P   -116mbar,T+24762mdegC
1593640724:[PRESS ,0038]P   -126mbar,T -2266mdegC
1593640726:[PRESS ,0038]P   -126mbar,T+24762mdegC
1593640728:[PRESS ,0038]P   -126mbar,T-13748mdegC
1593640733:[PRESS ,0038]P   -126mbar,T -2266mdegC
1593640735:[PRESS ,0038]P   -116mbar,T-13748mdegC
1593640737:[PRESS ,0038]P   -126mbar,T+24762mdegC
1593640740:[PRESS ,0038]P   -116mbar,T -2266mdegC
1593640740:[BYPASS,0035]bypass opening 10000ms
1593640746:[BYPASS,0104]battery 15077mV,  279136uA (bypass opening), P   -116mbar
1593640761:[BYPASS,0106]battery 15066mV,  298168uA (bypass closing), P   -116mbar
1593640766:[PRESS ,0038]P   -126mbar,T-13748mdegC
1593640768:[PRESS ,0038]P   -126mbar,T+24762mdegC
1593640771:[PRESS ,0038]P   -126mbar,T -2266mdegC
1593640773:[PRESS ,0038]P   -126mbar,T-13748mdegC
1593640775:[PRESS ,0038]P   -116mbar,T+24762mdegC
1593640777:[PRESS ,0038]P   -116mbar,T+13277mdegC
1593640778:[PRESS ,0038]P   -116mbar,T+24762mdegC
1593640780:[PRESS ,0038]P   -116mbar,T-13748mdegC
1593640782:[PRESS ,0038]P   -116mbar,T+24762mdegC
1593640784:[PRESS ,0038]P   -116mbar,T-13748mdegC
1593640786:[PRESS ,0038]P   -126mbar,T -2266mdegC
1593640788:[BYPASS,0035]bypass opening 10000ms
1593640793:[BYPASS,0104]battery 15082mV,  279258uA (bypass opening), P   -116mbar
1593640808:[BYPASS,0106]battery 15070mV,  297558uA (bypass closing), P   -116mbar
1593640809:[PRESS ,0038]P   -116mbar,T-13748mdegC
1593640813:[PRESS ,0038]P   -116mbar,T+24762mdegC
1593640817:[PRESS ,0038]P   -106mbar,T -2266mdegC
1593640818:[PRESS ,0038]P   -116mbar,T-13748mdegC
1593640820:[PRESS ,0038]P   -116mbar,T -2266mdegC
1593640822:[PRESS ,0038]P   -106mbar,T-13748mdegC
1593640826:[PRESS ,0038]P   -106mbar,T+24762mdegC
1593640827:[PRESS ,0038]P   -116mbar,T-13748mdegC
1593640833:[PRESS ,0038]P   -106mbar,T+24762mdegC
1593640835:[BYPASS,0035]bypass opening 10000ms
1593640840:[BYPASS,0104]battery 15085mV,  278526uA (bypass opening), P    -96mbar
1593640855:[BYPASS,0106]battery 15073mV,  296826uA (bypass closing), P    -96mbar
1593640856:[PRESS ,0038]P   -106mbar,T-13748mdegC
1593640860:[PRESS ,0038]P   -106mbar,T+24762mdegC
1593640865:[PRESS ,0038]P    -96mbar,T-13748mdegC
1593640867:[PRESS ,0038]P   -106mbar,T+24762mdegC
1593640880:[PRESS ,0038]P   -106mbar,T-13748mdegC
1593640881:[PRESS ,0038]P    -96mbar,T -2266mdegC
1593640881:[BYPASS,0035]bypass opening 10000ms
1593640886:[BYPASS,0104]battery 15088mV,  279746uA (bypass opening), P    -96mbar
1593640902:[BYPASS,0106]battery 15077mV,  296338uA (bypass closing), P    -96mbar
1593640903:[PRESS ,0038]P    -96mbar,T+24762mdegC
1593640912:[PRESS ,0038]P   -106mbar,T-13748mdegC
1593640914:[PRESS ,0038]P   -106mbar,T-29294mdegC
1593640916:[PRESS ,0038]P   -106mbar,T+24762mdegC
1593640918:[PRESS ,0038]P    -96mbar,T-13748mdegC
1593640919:[PRESS ,0038]P    -86mbar,T+24762mdegC
1593640921:[PRESS ,0038]P    -96mbar,T-13748mdegC
1593640923:[PRESS ,0038]P    -96mbar,T+24762mdegC
1593640928:[PRESS ,0038]P   -106mbar,T-13748mdegC
1593640928:[BYPASS,0035]bypass opening 10000ms
1593640934:[BYPASS,0104]battery 15090mV,  274500uA (bypass opening), P   -106mbar
1593640949:[BYPASS,0106]battery 15080mV,  295728uA (bypass closing), P   -106mbar
1593640950:[PRESS ,0038]P    -96mbar,T+24762mdegC
1593640952:[PRESS ,0038]P    -96mbar,T+13277mdegC
1593640954:[PRESS ,0038]P    -86mbar,T-13748mdegC
1593640956:[PRESS ,0038]P    -96mbar,T+24762mdegC
1593640958:[PRESS ,0038]P    -86mbar,T-13748mdegC
1593640959:[PRESS ,0038]P    -96mbar,T+24762mdegC
1593640961:[PRESS ,0038]P    -86mbar,T-13748mdegC
1593640963:[PRESS ,0038]P    -96mbar,T+24762mdegC
1593640967:[PRESS ,0038]P    -96mbar,T-13748mdegC
1593640972:[PRESS ,0038]P    -96mbar,T+24762mdegC
1593640974:[PRESS ,0038]P    -86mbar,T-13748mdegC
1593640976:[PRESS ,0038]P    -86mbar,T+24762mdegC
1593640976:[BYPASS,0035]bypass opening 10000ms
1593640981:[BYPASS,0104]battery 15093mV,  280234uA (bypass opening), P    -86mbar
1593640996:[BYPASS,0106]battery 15082mV,  295240uA (bypass closing), P    -86mbar
1593640997:[PRESS ,0038]P    -56mbar,T-13748mdegC
1593641003:[PRESS ,0038]P    -36mbar,T+24762mdegC
1593641012:[PRESS ,0038]P    +24mbar,T-13748mdegC
1593641013:[PRESS ,0038]P    +24mbar,T -2266mdegC
1593641015:[PRESS ,0038]P    +34mbar,T+24762mdegC
1593641028:[PRESS ,0038]P    +94mbar,T+24762mdegC
1593641039:[PRESS ,0038]P   +164mbar,T+24762mdegC
1593641050:[PRESS ,0038]P   +224mbar,T+24762mdegC
1593641058:[PRESS ,0038]P   +264mbar,T-13748mdegC
1593641061:[PRESS ,0038]P   +274mbar,T+24762mdegC
1593641064:[PRESS ,0038]P   +304mbar,T-13748mdegC
1593641070:[PRESS ,0038]P   +344mbar,T+24762mdegC
1593641073:[PRESS ,0038]P   +354mbar,T-13748mdegC
1593641076:[PRESS ,0038]P   +374mbar,T+24762mdegC
1593641079:[PRESS ,0038]P   +394mbar,T-29294mdegC
1593641081:[PRESS ,0038]P   +404mbar,T+24762mdegC
1593641090:[PRESS ,0038]P   +454mbar,T -2266mdegC
1593641093:[PRESS ,0038]P   +474mbar,T-13748mdegC
1593641100:[PRESS ,0038]P   +514mbar,T+24762mdegC
1593641100:[DIVING,0028]514mbar reached (+6mbar/s), 9 bypass done
1593641100:[MAIN  ,0056]stage[0]
1593641103:[MAIN  ,0024]internal pressure 82160Pa
1593641103:[PRESS ,0038]P   +534mbar,T-13748mdegC
1593641104:[BUOY  ,0037]P   +534mbar
1593641104:[STAGE ,0080]Stage [0] 5000mbar (+/-500mbar) 1800s (<1593642900s) 
1593641105:[PRESS ,0038]P   +554mbar,T+24762mdegC
1593641166:[PRESS ,0038]P   +894mbar,T+24762mdegC
1593641168:[PRESS ,0038]P   +904mbar,T-13748mdegC
1593641175:[PRESS ,0038]P   +944mbar,T+24762mdegC
1593641180:[PRESS ,0038]P   +964mbar,T-13748mdegC
1593641182:[PRESS ,0038]P   +974mbar,T+24762mdegC
1593641184:[PRESS ,0038]P   +994mbar,T-13748mdegC
1593641187:[PRESS ,0038]P  +1004mbar,T -2266mdegC
1593641189:[PRESS ,0038]P  +1034mbar,T+24762mdegC
1593641252:[PRESS ,0038]P  +1274mbar,T+24762mdegC
1593641254:[PRESS ,0038]P  +1294mbar,T-13748mdegC
1593641255:[PRESS ,0038]P  +1304mbar,T+13277mdegC
1593641257:[PRESS ,0038]P  +1294mbar,T-13748mdegC
1593641263:[PRESS ,0038]P  +1304mbar,T+24762mdegC
1593641264:[PRESS ,0038]P  +1324mbar,T+13277mdegC
1593641266:[PRESS ,0038]P  +1324mbar,T-13748mdegC
1593641270:[PRESS ,0038]P  +1354mbar,T+24762mdegC
1593641271:[PRESS ,0038]P  +1354mbar,T+13277mdegC
1593641273:[PRESS ,0038]P  +1354mbar,T-13748mdegC
1593641275:[PRESS ,0038]P  +1374mbar,T+24762mdegC
1593641338:[PRESS ,0038]P  +1624mbar,T-13748mdegC
1593641341:[PRESS ,0038]P  +1614mbar,T+24762mdegC
1593641343:[PRESS ,0038]P  +1624mbar,T-13748mdegC
1593641352:[PRESS ,0038]P  +1644mbar,T+24762mdegC
1593641355:[PRESS ,0038]P  +1644mbar,T-13748mdegC
1593641357:[PRESS ,0038]P  +1644mbar,T+24762mdegC
1593641359:[PRESS ,0038]P  +1634mbar,T-13748mdegC
1593641361:[PRESS ,0038]P  +1654mbar,T+13277mdegC
1593641363:[PRESS ,0038]P  +1654mbar,T-13748mdegC
1593641363:[BUOY  ,0087]from +1mbar/s to +4mbar/s
1593641363:[BUOY  ,0090]need to transfer -24mL (valve during 7650ms)
1593641363:[VALVE ,0034]valve opening 7650ms
1593641370:[VALVE ,0234]battery 15097mV,  479582uA, P  +1654mbar
1593641423:[PRESS ,0038]P  +1774mbar,T-13748mdegC
1593641427:[PRESS ,0038]P  +1764mbar,T+24762mdegC
1593641429:[PRESS ,0038]P  +1764mbar,T-13748mdegC
1593641432:[PRESS ,0038]P  +1774mbar,T+24762mdegC
1593641436:[PRESS ,0038]P  +1784mbar,T-13748mdegC
1593641438:[PRESS ,0038]P  +1784mbar,T+24762mdegC
1593641440:[PRESS ,0038]P  +1794mbar,T-13748mdegC
1593641441:[PRESS ,0038]P  +1784mbar,T+13277mdegC
1593641443:[PRESS ,0038]P  +1784mbar,T-13748mdegC
1593641447:[PRESS ,0038]P  +1794mbar,T+24762mdegC
1593641449:[BUOY  ,0087]from +1mbar/s to +4mbar/s
1593641449:[BUOY  ,0090]need to transfer -24mL (valve during 7286ms)
1593641449:[VALVE ,0034]valve opening 7286ms
1593641456:[VALVE ,0234]battery 15096mV,  476532uA, P  +1794mbar
1593641509:[PRESS ,0038]P  +1904mbar,T+24762mdegC
1593641513:[PRESS ,0038]P  +1914mbar,T+13277mdegC
1593641515:[PRESS ,0038]P  +1924mbar,T-13748mdegC
1593641517:[PRESS ,0038]P  +1924mbar,T+13277mdegC
1593641518:[PRESS ,0038]P  +1924mbar,T-13748mdegC
1593641520:[PRESS ,0038]P  +1924mbar,T+24762mdegC
1593641522:[PRESS ,0038]P  +1934mbar,T-13748mdegC
1593641524:[PRESS ,0038]P  +1924mbar,T+13277mdegC
1593641526:[PRESS ,0038]P  +1914mbar,T+24762mdegC
1593641527:[PRESS ,0038]P  +1924mbar,T+13277mdegC
1593641531:[PRESS ,0038]P  +1924mbar,T+24762mdegC
1593641533:[PRESS ,0038]P  +1924mbar,T-13748mdegC
1593641535:<WARN>[BUOY  ,0094]stage[0] should DESCENT, stuck at 1924mbar for the #1 time
1593641535:[BUOY  ,0087]from +0mbar/s to +4mbar/s
1593641535:[BUOY  ,0090]need to transfer -26mL (valve during 7709ms)
1593641535:[VALVE ,0034]valve opening 7709ms
1593641543:[VALVE ,0234]battery 15095mV,  475678uA, P  +1924mbar
1593641596:[PRESS ,0038]P  +2004mbar,T-13748mdegC
1593641597:[PRESS ,0038]P  +1994mbar,T+13277mdegC
1593641599:[PRESS ,0038]P  +1994mbar,T-13748mdegC
1593641601:[PRESS ,0038]P  +2014mbar,T+24762mdegC
1593641603:[PRESS ,0038]P  +2024mbar,T-13748mdegC
1593641605:[PRESS ,0038]P  +2014mbar,T+24762mdegC
1593641606:[PRESS ,0038]P  +2024mbar,T-13748mdegC
1593641615:[PRESS ,0038]P  +2044mbar,T+24762mdegC
1593641617:[PRESS ,0038]P  +2044mbar,T-13748mdegC
1593641621:[PRESS ,0038]P  +2064mbar,T+24762mdegC
1593641681:[PRESS ,0038]P  +2174mbar,T-13748mdegC
1593641690:[PRESS ,0038]P  +2194mbar,T+24762mdegC
1593641692:[PRESS ,0038]P  +2204mbar,T-13748mdegC
1593641694:[PRESS ,0038]P  +2224mbar,T+24762mdegC
1593641696:[PRESS ,0038]P  +2224mbar,T-13748mdegC
1593641706:[PRESS ,0038]P  +2254mbar,T+13277mdegC
1593641767:[PRESS ,0038]P  +2424mbar,T+24762mdegC
1593641769:[PRESS ,0038]P  +2434mbar,T-13748mdegC
1593641778:[PRESS ,0038]P  +2444mbar,T+13277mdegC
1593641781:[PRESS ,0038]P  +2474mbar,T+24762mdegC
1593641783:[PRESS ,0038]P  +2464mbar,T-13748mdegC
1593641785:[PRESS ,0038]P  +2474mbar,T+13277mdegC
1593641787:[PRESS ,0038]P  +2474mbar,T-13748mdegC
1593641788:[PRESS ,0038]P  +2484mbar,T+24762mdegC
1593641790:[PRESS ,0038]P  +2484mbar,T-13748mdegC
1593641853:[PRESS ,0038]P  +2734mbar,T-13748mdegC
1593641854:[PRESS ,0038]P  +2754mbar,T+24762mdegC
1593641856:[PRESS ,0038]P  +2774mbar,T-13748mdegC
1593641858:[PRESS ,0038]P  +2774mbar,T+24762mdegC
1593641860:[PRESS ,0038]P  +2774mbar,T -2266mdegC
1593641862:[PRESS ,0038]P  +2804mbar,T-13748mdegC
1593641863:[PRESS ,0038]P  +2804mbar,T+24762mdegC
1593641865:[PRESS ,0038]P  +2814mbar,T -2266mdegC
1593641867:[PRESS ,0038]P  +2814mbar,T+24762mdegC
1593641872:[PRESS ,0038]P  +2844mbar,T-13748mdegC
1593641874:[PRESS ,0038]P  +2844mbar,T+24762mdegC
1593641878:[PRESS ,0038]P  +2864mbar,T-13748mdegC
1593641878:[BUOY  ,0087]from +5mbar/s to +3mbar/s
1593641878:[BUOY  ,0089]need to transfer +26mL (pump during 31336ms)
1593641886:[PUMP  ,0207]battery 15390mV,   18666uA (warmup), P  +2864mbar
1593641886:[PUMP  ,0016]pump during 31336ms
1593641917:[PUMP  ,0212]battery 15216mV,  276818uA (steady state), P  +2864mbar
1593641942:[PRESS ,0038]P  +3124mbar,T-13748mdegC
1593641956:[PRESS ,0038]P  +3164mbar,T -2266mdegC
1593641958:[PRESS ,0038]P  +3174mbar,T+24762mdegC
1593641960:[PRESS ,0038]P  +3184mbar,T-13748mdegC
1593641961:[PRESS ,0038]P  +3184mbar,T+24762mdegC
1593642027:[PRESS ,0038]P  +3394mbar,T-13748mdegC
1593642029:[PRESS ,0038]P  +3394mbar,T+24762mdegC
1593642031:[PRESS ,0038]P  +3404mbar,T-13748mdegC
1593642040:[PRESS ,0038]P  +3434mbar,T+24762mdegC
1593642045:[PRESS ,0038]P  +3444mbar,T -2266mdegC
1593642047:[PRESS ,0038]P  +3454mbar,T-13748mdegC
1593642049:[PRESS ,0038]P  +3444mbar,T+24762mdegC
1593642051:[PRESS ,0038]P  +3444mbar,T-13748mdegC
1593642052:[PRESS ,0038]P  +3464mbar,T+24762mdegC
1593642113:[PRESS ,0038]P  +3594mbar,T-13748mdegC
1593642117:[PRESS ,0038]P  +3594mbar,T+24762mdegC
1593642122:[PRESS ,0038]P  +3614mbar,T-13748mdegC
1593642127:[PRESS ,0038]P  +3624mbar,T+24762mdegC
1593642129:[PRESS ,0038]P  +3634mbar,T-13748mdegC
1593642131:[PRESS ,0038]P  +3634mbar,T+24762mdegC
1593642133:[PRESS ,0038]P  +3644mbar,T -2266mdegC
1593642135:[PRESS ,0038]P  +3654mbar,T+24762mdegC
1593642136:[PRESS ,0038]P  +3654mbar,T -2266mdegC
1593642138:[PRESS ,0038]P  +3654mbar,T+24762mdegC
1593642199:[PRESS ,0038]P  +3744mbar,T+24762mdegC
1593642201:[PRESS ,0038]P  +3744mbar,T-13748mdegC
1593642203:[PRESS ,0038]P  +3744mbar,T+24762mdegC
1593642204:[PRESS ,0038]P  +3744mbar,T-13748mdegC
1593642206:[PRESS ,0038]P  +3764mbar,T -2266mdegC
1593642208:[PRESS ,0038]P  +3754mbar,T-13748mdegC
1593642210:[PRESS ,0038]P  +3754mbar,T+24762mdegC
1593642219:[PRESS ,0038]P  +3784mbar,T-13748mdegC
1593642220:[PRESS ,0038]P  +3774mbar,T+24762mdegC
1593642222:[PRESS ,0038]P  +3784mbar,T-13748mdegC
1593642285:[PRESS ,0038]P  +3964mbar,T -2266mdegC
1593642287:[PRESS ,0038]P  +3974mbar,T-13748mdegC
1593642288:[PRESS ,0038]P  +3984mbar,T+24762mdegC
1593642290:[PRESS ,0038]P  +3984mbar,T -2266mdegC
1593642292:[PRESS ,0038]P  +3994mbar,T+24762mdegC
1593642299:[PRESS ,0038]P  +4024mbar,T-13748mdegC
1593642303:[PRESS ,0038]P  +4044mbar,T+24762mdegC
1593642304:[PRESS ,0038]P  +4064mbar,T-13748mdegC
1593642310:[PRESS ,0038]P  +4074mbar,T+24762mdegC
1593642310:[BUOY  ,0087]from +5mbar/s to +2mbar/s
1593642310:[BUOY  ,0089]need to transfer +34mL (pump during 40978ms)
1593642318:[PUMP  ,0207]battery 15405mV,   18666uA (warmup), P  +4074mbar
1593642318:[PUMP  ,0016]pump during 40978ms
1593642358:[PUMP  ,0212]battery 15220mV,  298412uA (steady state), P  +4074mbar
1593642374:[PRESS ,0038]P  +4254mbar,T+24762mdegC
1593642377:[PRESS ,0038]P  +4264mbar,T-13748mdegC
1593642383:[PRESS ,0038]P  +4254mbar,T -2266mdegC
1593642386:[PRESS ,0038]P  +4264mbar,T+24762mdegC
1593642388:[PRESS ,0038]P  +4274mbar,T -2266mdegC
1593642390:[PRESS ,0038]P  +4264mbar,T+24762mdegC
1593642395:[PRESS ,0038]P  +4274mbar,T-13748mdegC
1593642397:[PRESS ,0038]P  +4274mbar,T+24762mdegC
1593642470:[PRESS ,0038]P  +4284mbar,T -2266mdegC
1593642472:[PRESS ,0038]P  +4294mbar,T+24762mdegC
1593642475:[PRESS ,0038]P  +4294mbar,T -2266mdegC
1593642477:[PRESS ,0038]P  +4294mbar,T+24762mdegC
1593642484:<WARN>[BUOY  ,0094]stage[0] should DESCENT, stuck at 4294mbar for the #1 time
1593642484:[BUOY  ,0087]from +0mbar/s to +2mbar/s
1593642484:[BUOY  ,0090]need to transfer -6mL (valve during 1177ms)
1593642485:[VALVE ,0034]valve opening 1177ms
1593642486:[VALVE ,0234]battery 15107mV,  480192uA, P  +4294mbar
1593642545:[PRESS ,0038]P  +4374mbar,T+24762mdegC
1593642547:[PRESS ,0038]P  +4374mbar,T-13748mdegC
1593642549:[PRESS ,0038]P  +4384mbar,T -2266mdegC
1593642551:[PRESS ,0038]P  +4394mbar,T+24762mdegC
1593642554:[PRESS ,0038]P  +4384mbar,T-13748mdegC
1593642556:[PRESS ,0038]P  +4394mbar,T+24762mdegC
1593642561:[PRESS ,0038]P  +4414mbar,T -2266mdegC
1593642563:[PRESS ,0038]P  +4404mbar,T+24762mdegC
1593642565:[PRESS ,0038]P  +4414mbar,T -2266mdegC
1593642567:[PRESS ,0038]P  +4424mbar,T+13277mdegC
1593642569:[PRESS ,0038]P  +4414mbar,T -2266mdegC
1593642570:[PRESS ,0038]P  +4434mbar,T+24762mdegC
1593642631:[PRESS ,0038]P  +4544mbar,T-13748mdegC
1593642635:[PRESS ,0038]P  +4564mbar,T+24762mdegC
1593642644:[PRESS ,0038]P  +4574mbar,T -2266mdegC
1593642645:[PRESS ,0038]P  +4574mbar,T+24762mdegC
1593642647:[PRESS ,0038]P  +4574mbar,T -2266mdegC
1593642649:[PRESS ,0038]P  +4584mbar,T+24762mdegC
1593642653:[PRESS ,0038]P  +4584mbar,T -2266mdegC
1593642654:[PRESS ,0038]P  +4584mbar,T+24762mdegC
1593642656:[STAGE ,0213]4594mbar reached at 1593642656s, ref 5000mbar +/-500mbar
1593642717:[PRESS ,0038]P  +4694mbar,T+24762mdegC
1593642778:[PRESS ,0038]P  +4744mbar,T -2266mdegC
1593642838:[PRESS ,0038]P  +4784mbar,T+24762mdegC
1593642960:[PRESS ,0038]P  +4894mbar,T -2266mdegC
1593642960:[MAIN  ,0140]stage[0] complete 1860s after mission start
1593642960:[MAIN  ,0056]stage[1]
1593642962:[MAIN  ,0024]internal pressure 81579Pa
1593642963:[MRMAID,0002]acq started
1593642973:[PRESS ,0038]P  +4904mbar,T+24762mdegC
1593642973:[BUOY  ,0037]P  +4904mbar
1593642973:[STAGE ,0080]Stage [1] 5000mbar (+/-500mbar) 1800s (<1593644700s) MERMAID
1593642975:[STAGE ,0213]4904mbar reached at 1593642975s, ref 5000mbar +/-500mbar
1593643036:[PRESS ,0038]P  +4944mbar,T-29294mdegC
1593643096:[PRESS ,0038]P  +4964mbar,T+24762mdegC
1593643157:[PRESS ,0038]P  +5004mbar,T -2266mdegC
1593643157:[BUOY  ,0087]from +1mbar/s to +0mbar/s
1593643157:[BUOY  ,0089]need to transfer +2mL (pump during 2403ms)
1593643157:[MRMAID,0003]acq stopped
1593643166:[PUMP  ,0207]battery 15435mV,   18544uA (warmup), P  +5004mbar
1593643166:[PUMP  ,0016]pump during 2403ms
1593643171:[MRMAID,0002]acq started
1593643231:[PRESS ,0038]P  +5064mbar,T+24762mdegC
1593643233:[PRESS ,0038]P  +5074mbar,T -2266mdegC
1593643240:[PRESS ,0038]P  +5074mbar,T+24762mdegC
1593643242:[PRESS ,0038]P  +5074mbar,T-29294mdegC
1593643244:[PRESS ,0038]P  +5084mbar,T -2266mdegC
1593643256:[PRESS ,0038]P  +5084mbar,T-29294mdegC
1593643256:[BUOY  ,0087]from +1mbar/s to +0mbar/s
1593643256:[BUOY  ,0089]need to transfer +2mL (pump during 2403ms)
1593643256:[MRMAID,0003]acq stopped
1593643265:[PUMP  ,0207]battery 15435mV,   18544uA (warmup), P  +5084mbar
1593643265:[PUMP  ,0016]pump during 2403ms
1593643270:[MRMAID,0002]acq started
1593643330:[PRESS ,0038]P  +5164mbar,T -2266mdegC
1593643332:[PRESS ,0038]P  +5154mbar,T-29294mdegC
1593643333:[PRESS ,0038]P  +5154mbar,T -2266mdegC
1593643335:[PRESS ,0038]P  +5164mbar,T+24762mdegC
1593643337:[PRESS ,0038]P  +5164mbar,T -2266mdegC
1593643353:[PRESS ,0038]P  +5184mbar,T+24762mdegC
1593643355:[PRESS ,0038]P  +5174mbar,T-29294mdegC
1593643355:[BUOY  ,0087]from +1mbar/s to +0mbar/s
1593643355:[BUOY  ,0089]need to transfer +2mL (pump during 2403ms)
1593643355:[MRMAID,0052]Mermaid $STOPACK:+
1593643357:[MRMAID,0183]dropping spurious '0x31'
1593643357:[MRMAID,0183]dropping spurious '0x3B'
1593643357:[MRMAID,0185]2 spurious byte(s) received
1593643364:[PUMP  ,0207]battery 15435mV,   18544uA (warmup), P  +5174mbar
1593643364:[PUMP  ,0016]pump during 2403ms
1593643369:[MRMAID,0002]acq started
1593643429:[PRESS ,0038]P  +5174mbar,T+24762mdegC
1593643431:[PRESS ,0038]P  +5174mbar,T -2266mdegC
1593643432:[PRESS ,0038]P  +5174mbar,T-29294mdegC
1593643434:[PRESS ,0038]P  +5174mbar,T+24762mdegC
1593643436:[PRESS ,0038]P  +5174mbar,T -2266mdegC
1593643438:[PRESS ,0038]P  +5174mbar,T-29294mdegC
1593643440:[PRESS ,0038]P  +5174mbar,T+24762mdegC
1593643441:[PRESS ,0038]P  +5174mbar,T -2266mdegC
1593643454:[PRESS ,0038]P  +5174mbar,T +9212mdegC
1593643515:[PRESS ,0038]P  +5184mbar,T -2266mdegC
1593643575:[PRESS ,0038]P  +5174mbar,T-29294mdegC
1593643636:[PRESS ,0038]P  +5194mbar,T+24762mdegC
1593643697:[PRESS ,0038]P  +5214mbar,T-29294mdegC
1593643757:[PRESS ,0038]P  +5234mbar,T -2266mdegC
1593643939:[PRESS ,0038]P  +5294mbar,T+24762mdegC
1593644000:[PRESS ,0038]P  +5324mbar,T -2266mdegC
1593644121:[PRESS ,0038]P  +5394mbar,T-29294mdegC
1593644182:[PRESS ,0038]P  +5404mbar,T +9212mdegC
1593644243:[PRESS ,0038]P  +5414mbar,T-29294mdegC
1593644303:[PRESS ,0038]P  +5474mbar,T+24762mdegC
1593644364:[PRESS ,0038]P  +5494mbar,T-29294mdegC
1593644425:[PRESS ,0038]P  +5574mbar,T-29294mdegC
1593644425:<WARN>[BUOY  ,0094]stage[1] should ASCENT, stuck at 5574mbar for the #1 time
1593644425:[BUOY  ,0087]from +0mbar/s to -2mbar/s
1593644425:[BUOY  ,0089]need to transfer +6mL (pump during 7194ms)
1593644425:[MRMAID,0003]acq stopped
1593644425:[MRMAID,0183]dropping spurious '0x34'
1593644425:[MRMAID,0183]dropping spurious '0x30'
1593644425:[MRMAID,0183]dropping spurious '0x31'
1593644425:[MRMAID,0183]dropping spurious '0x34'
1593644425:[MRMAID,0183]dropping spurious '0x30'
1593644425:[MRMAID,0183]dropping spurious '0x2C'
1593644425:[MRMAID,0183]dropping spurious '0x31'
1593644425:[MRMAID,0183]dropping spurious '0x30'
1593644425:[MRMAID,0183]dropping spurious '0x30'
1593644425:[MRMAID,0183]dropping spurious '0x33'
1593644425:[MRMAID,0183]dropping spurious '0x2E'
1593644425:[MRMAID,0183]dropping spurious '0x31'
1593644425:[MRMAID,0183]dropping spurious '0x34'
1593644425:[MRMAID,0183]dropping spurious '0x35'
1593644425:[MRMAID,0183]dropping spurious '0x38'
1593644425:[MRMAID,0183]dropping spurious '0x31'
1593644425:[MRMAID,0183]dropping spurious '0x33'
1593644426:[MRMAID,0183]dropping spurious '0x2C'
1593644426:[MRMAID,0183]dropping spurious '0x34'
1593644426:[MRMAID,0183]dropping spurious '0x30'
1593644426:[MRMAID,0183]dropping spurious '0x2E'
1593644426:[MRMAID,0183]dropping spurious '0x30'
1593644426:[MRMAID,0183]dropping spurious '0x31'
1593644426:[MRMAID,0183]dropping spurious '0x34'
1593644426:[MRMAID,0183]dropping spurious '0x31'
1593644426:[MRMAID,0183]dropping spurious '0x32'
1593644426:[MRMAID,0183]dropping spurious '0x33'
1593644426:[MRMAID,0183]dropping spurious '0x3B'
1593644426:[MRMAID,0185]28 spurious byte(s) received
1593644433:[PUMP  ,0207]battery 15463mV,   18544uA (warmup), P  +5574mbar
1593644433:[PUMP  ,0016]pump during 7194ms
1593644441:[PUMP  ,0212]battery 15268mV,  307806uA (steady state), P  +5574mbar
1593644444:[MRMAID,0002]acq started
1593644500:[PRESS ,0038]P  +5594mbar,T -2266mdegC
1593644502:[PRESS ,0038]P  +5604mbar,T-29294mdegC
1593644506:[PRESS ,0038]P  +5594mbar,T -2266mdegC
1593644508:[PRESS ,0038]P  +5594mbar,T-29294mdegC
1593644517:[PRESS ,0038]P  +5594mbar,T -2266mdegC
1593644518:[PRESS ,0038]P  +5594mbar,T-29294mdegC
1593644520:[PRESS ,0038]P  +5584mbar,T -2266mdegC
1593644522:[PRESS ,0038]P  +5584mbar,T-29294mdegC
1593644584:[PRESS ,0038]P  +5494mbar,T -2266mdegC
1593644586:[PRESS ,0038]P  +5494mbar,T-29294mdegC
1593644590:[PRESS ,0038]P  +5494mbar,T -2266mdegC
1593644592:[PRESS ,0038]P  +5494mbar,T-29294mdegC
1593644593:[PRESS ,0038]P  +5494mbar,T -2266mdegC
1593644595:[PRESS ,0038]P  +5494mbar,T-29294mdegC
1593644599:[PRESS ,0038]P  +5484mbar,T -2266mdegC
1593644601:[PRESS ,0038]P  +5484mbar,T-29294mdegC
1593644604:[PRESS ,0038]P  +5464mbar,T +9212mdegC
1593644606:[PRESS ,0038]P  +5474mbar,T-29294mdegC
1593644670:[PRESS ,0038]P  +5394mbar,T -2266mdegC
1593644731:[PRESS ,0038]P  +5344mbar,T-29294mdegC
1593644731:[MAIN  ,0140]stage[1] complete 3631s after mission start
1593644731:[MRMAID,0003]acq stopped
1593644791:[MRMAID,0188]acq already stopped
1593644852:[MSSION,0192]mission stopped, 2 stage(s) done
1593644852:[MAIN  ,0065]surfacing
1593644854:[PRESS ,0038]P  +5274mbar,T-29294mdegC
1593644854:[SURFIN,0036]P  +5274mbar
1593644862:[PUMP  ,0207]battery 15462mV,   18666uA (warmup), P  +5274mbar
1593644862:[PUMP  ,0016]pump during 60000ms
1593644921:[PUMP  ,0212]battery 15261mV,  315248uA (steady state), P  +5274mbar
1593644978:[PRESS ,0038]P  +4904mbar,T +9212mdegC
1593644980:[PRESS ,0038]P  +4894mbar,T+24762mdegC
1593644982:[PRESS ,0038]P  +4884mbar,T-29294mdegC
1593644984:[PRESS ,0038]P  +4874mbar,T +9212mdegC
1593644986:[PRESS ,0038]P  +4874mbar,T -2266mdegC
1593644987:[PRESS ,0038]P  +4854mbar,T-29294mdegC
1593644991:[PRESS ,0038]P  +4844mbar,T +9212mdegC
1593644995:[PRESS ,0038]P  +4824mbar,T-29294mdegC
1593644996:[PRESS ,0038]P  +4814mbar,T -2266mdegC
1593644998:[PRESS ,0038]P  +4814mbar,T-29294mdegC
1593645002:[PRESS ,0038]P  +4794mbar,T +9212mdegC
1593645004:[PRESS ,0038]P  +4784mbar,T-29294mdegC
1593645012:[PUMP  ,0207]battery 15377mV,   18666uA (warmup), P  +4784mbar
1593645012:[PUMP  ,0016]pump during 60000ms
1593645071:[PUMP  ,0212]battery 15183mV,  302438uA (steady state), P  +4784mbar
1593645128:[PRESS ,0038]P  +4154mbar,T-29294mdegC
1593645132:[PRESS ,0038]P  +4144mbar,T -2266mdegC
1593645136:[PRESS ,0038]P  +4114mbar,T-29294mdegC
1593645137:[PRESS ,0038]P  +4114mbar,T +9212mdegC
1593645139:[PRESS ,0038]P  +4104mbar,T-29294mdegC
1593645143:[PRESS ,0038]P  +4094mbar,T +9212mdegC
1593645145:[PRESS ,0038]P  +4084mbar,T -2266mdegC
1593645150:[PRESS ,0038]P  +4064mbar,T-29294mdegC
1593645162:[PUMP  ,0207]battery 15318mV,   18666uA (warmup), P  +4044mbar
1593645162:[PUMP  ,0016]pump during 60000ms
1593645221:[PUMP  ,0212]battery 15128mV,  294630uA (steady state), P  +4044mbar
1593645278:[PRESS ,0038]P  +3244mbar,T -2266mdegC
1593645280:[PRESS ,0038]P  +3234mbar,T-29294mdegC
1593645287:[PRESS ,0038]P  +3174mbar,T +9212mdegC
1593645289:[PRESS ,0038]P  +3164mbar,T-29294mdegC
1593645296:[PRESS ,0038]P  +3124mbar,T +9212mdegC
1593645298:[PRESS ,0038]P  +3104mbar,T-29294mdegC
1593645300:[PRESS ,0038]P  +3094mbar,T +9212mdegC
1593645302:[PRESS ,0038]P  +3074mbar,T-29294mdegC
1593645303:[PRESS ,0038]P  +3074mbar,T +9212mdegC
1593645312:[PUMP  ,0207]battery 15278mV,   18666uA (warmup), P  +3074mbar
1593645312:[PUMP  ,0016]pump during 60000ms
1593645371:[PUMP  ,0212]battery 15093mV,  285358uA (steady state), P  +3074mbar
1593645428:[PRESS ,0038]P  +2244mbar,T-29294mdegC
1593645430:[PRESS ,0038]P  +2244mbar,T -2266mdegC
1593645432:[PRESS ,0038]P  +2244mbar,T +9212mdegC
1593645434:[PRESS ,0038]P  +2224mbar,T-29294mdegC
1593645439:[PRESS ,0038]P  +2204mbar,T +9212mdegC
1593645441:[PRESS ,0038]P  +2204mbar,T-29294mdegC
1593645443:[PRESS ,0038]P  +2194mbar,T +9212mdegC
1593645444:[PRESS ,0038]P  +2184mbar,T -2266mdegC
1593645446:[PRESS ,0038]P  +2174mbar,T +9212mdegC
1593645448:[PRESS ,0038]P  +2174mbar,T-29294mdegC
1593645452:[PRESS ,0038]P  +2154mbar,T +9212mdegC
1593645462:[PUMP  ,0207]battery 15253mV,   18788uA (warmup), P  +2154mbar
1593645462:[PUMP  ,0016]pump during 60000ms
1593645521:[PUMP  ,0212]battery 15067mV,  287432uA (steady state), P  +2154mbar
1593645578:[PRESS ,0038]P  +1354mbar,T-29294mdegC
1593645591:[PRESS ,0038]P  +1294mbar,T -2266mdegC
1593645596:[PRESS ,0038]P  +1264mbar,T-29294mdegC
1593645598:[PRESS ,0038]P  +1264mbar,T -2266mdegC
1593645601:[PRESS ,0038]P  +1234mbar,T-29294mdegC
1593645603:[PRESS ,0038]P  +1224mbar,T +9212mdegC
1593645611:[PUMP  ,0207]battery 15237mV,   18788uA (warmup), P  +1224mbar
1593645611:[PUMP  ,0016]pump during 60000ms
1593645670:[PUMP  ,0212]battery 15055mV,  283772uA (steady state), P  +1224mbar
1593645728:[PRESS ,0038]P   +164mbar,T-29294mdegC
1593645735:[PRESS ,0038]P    +94mbar,T-29294mdegC
1593645740:[PRESS ,0038]P    +34mbar,T -2266mdegC
1593645742:[PRESS ,0038]P    +24mbar,T-29294mdegC
1593645744:[PRESS ,0038]P    +14mbar,T +9212mdegC
1593645746:[PRESS ,0038]P     -6mbar,T-29294mdegC
1593645751:[PRESS ,0038]P    -66mbar,T-29294mdegC
1593645757:[SURFIN,0020]filling external bladder
1593645765:[PUMP  ,0207]battery 15230mV,   18788uA (warmup), P    -96mbar
1593645765:[PUMP  ,0016]pump during 300000ms
1593646063:[PUMP  ,0212]battery 14788mV,  871690uA (steady state), P    -96mbar
1593646074:[PUMP  ,0207]battery 14773mV,   18666uA (warmup), P    -96mbar
1593646074:[PUMP  ,0016]pump during 300000ms
1593646144:[PUMP  ,0212]battery 14452mV,  834480uA (steady state), P    -96mbar
1593646146:[SURFIN,0019]external bladder full
1593646148:[PRESS ,0038]P   +140mbar,T+24762mdegC
1593646150:[PRESS ,0038]P   +140mbar,T -2266mdegC
1593646162:[PRESS ,0038]P   +130mbar,T-29294mdegC
1593646166:[PRESS ,0038]P   +130mbar,T -2266mdegC
1593646168:[PRESS ,0038]P   +140mbar,T+24762mdegC
1593646170:[PRESS ,0038]P   +130mbar,T -2266mdegC
1593646173:[PRESS ,0038]P   +140mbar,T+24762mdegC
1593646208:[MAIN  ,0272]Vbat 14980mV (min 14855mV)
1593646210:[MAIN  ,0024]internal pressure 78700Pa
1593646210:[MAIN  ,0043]Pext 137mbar (rng 10mbar)
1593646210:[MAIN  ,0064]surface
1593646223:[SURF  ,0022]GPS fix...
1593646243:[SURF  ,0015]10 PPS detected...
1593646244:[MRMAID,0052]Mermaid $GPSACK:+0,+0,+0,+0,+0,+0,-1373;
1593646254:[MRMAID,0052]Mermaid $GPSOFF:3686324;
1593646255:[GPSFIX,0179]+0s diff
1593646255:[SURF  ,0222]2020-07-01T23:30:55
1593646255:[SURF  ,0082]Latitude : N43deg40.936mn, Longitude :E007deg19.178mn
1593646255:[SURF  ,0223]fix3D,9satellites
1593646255:[SURF  ,0084]GPS fix GPGSA : hdop0.680,vdop0.830
1593646265:[SURF  ,0274]last almanac : 115316
1593646278:[MRMAID,0026]1553 bytes in 0058/5EFD1CBE.MER
1593646283:[MAIN  ,0320]New pressure offset: 137mbar
1593646283:[LOGBIN,0078]*** switching to 0058/5EFD1CCB ***
