1593714669:[MAIN  ,0007]buoy 452.120-R-0059
1593714669:[MAIN  ,0055]soft pilotage 452.012.300_V2.20-20200612
1593714669:[MAIN  ,0010]cycle 5
1593714669:[SURF  ,0225]surface2
1593714684:[SURF  ,0022]GPS fix...
1593714704:[SURF  ,0015]10 PPS detected...
1593714705:[MRMAID,0052]Mermaid $GPSACK:+0,+0,+0,+0,+0,+0,+0;
1593714715:[MRMAID,0052]Mermaid $GPSOFF:3686312;
1593714716:[GPSFIX,0179]-1s diff
1593714717:[SURF  ,0222]2020-07-02T18:31:57
1593714717:[SURF  ,0082]Latitude : N43deg40.939mn, Longitude :E007deg19.181mn
1593714717:[SURF  ,0223]fix3D,9satellites
1593714717:[SURF  ,0084]GPS fix GPGSA : hdop0.740,vdop1.020
1593714727:[SURF  ,0025]Iridium...
1593714762:[SURF  ,0009]connected in 35s, signal quality 5
1593714810:[SURF  ,0218]prompt received, remote cmd end
1593714810:[SURF  ,0012]10 cmd(s) received
1593714831:[UPLOAD,0248]Upload data files...
1593714852:[UPLOAD,0231]"0059/5EFE27E0.MER" uploaded at 104bytes/s
1593715015:[UPLOAD,0231]"0059/5EFE0DC5.BIN" uploaded at 86bytes/s
1593715031:[MAIN  ,0013]2 file(s) uploaded
1593715062:[SURF  ,0014]disconnected after 335s
1593715067:[SURFIN,0020]filling external bladder
1593715075:[PUMP  ,0207]battery 15098mV,   18422uA (warmup), P   +150mbar
1593715075:[PUMP  ,0016]pump during 300000ms
1593715086:[PUMP  ,0212]battery 14677mV,  773846uA (steady state), P   +150mbar
1593715088:[SURFIN,0019]external bladder full
1593715088:[SURF  ,0227]1st complete transfer
1593715324:[SURF  ,0022]GPS fix...
1593715344:[SURF  ,0015]10 PPS detected...
1593715345:[MRMAID,0052]Mermaid $GPSACK:+0,+0,+0,+0,+0,+1,-999969;
1593715355:[MRMAID,0052]Mermaid $GPSOFF:3686311;
1593715356:[GPSFIX,0179]-1s diff
1593715357:[SURF  ,0222]2020-07-02T18:42:37
1593715357:[SURF  ,0082]Latitude : N43deg40.939mn, Longitude :E007deg19.181mn
1593715357:[SURF  ,0223]fix3D,9satellites
1593715357:[SURF  ,0084]GPS fix GPGSA : hdop0.730,vdop1.100
1593715367:[SURF  ,0025]Iridium...
1593715403:[SURF  ,0009]connected in 36s, signal quality 5
1593715431:<WARN>[SURF  ,0071]timeout
1593715431:<WARN>[SURF  ,0056]peer mute
1593715440:[SURF  ,0014]disconnected after 73s
1593715445:[SURFIN,0020]filling external bladder
1593715453:[PUMP  ,0207]battery 15205mV,   18422uA (warmup), P   +150mbar
1593715453:[PUMP  ,0016]pump during 300000ms
1593715461:[PUMP  ,0212]battery 14757mV,  789584uA (steady state), P   +150mbar
1593715463:[SURFIN,0019]external bladder full
1593715463:[SURF  ,0227]1st complete transfer
1593715463:[SURF  ,0226]Go dive (Minimum surface delay expired and no more file to upload)
1593715478:[SURF  ,0022]GPS fix...
1593715498:[SURF  ,0015]10 PPS detected...
1593715499:[MRMAID,0052]Mermaid $GPSACK:+0,+0,+0,+0,+0,+0,-30;
1593715509:[MRMAID,0052]Mermaid $GPSOFF:3686311;
1593715510:[GPSFIX,0179]-1s diff
1593715511:[SURF  ,0222]2020-07-02T18:45:11
1593715511:[SURF  ,0082]Latitude : N43deg40.939mn, Longitude :E007deg19.181mn
1593715511:[SURF  ,0223]fix3D,9satellites
1593715511:[SURF  ,0084]GPS fix GPGSA : hdop0.680,vdop1.030
1593715528:[MAIN  ,0024]internal pressure 78796Pa
1593715529:[BYCMD ,0107]    FreeRTOS V8.2.3
1593715529:[BYCMD ,0108]    FatFS v11a
1593715529:[BYCMD ,0120]    bypass 10000ms 60000ms (20000ms 60000ms stored)
1593715529:[BYCMD ,0121]    valve 60000ms 12750 (60000ms 12750 stored)
1593715529:[BYCMD ,0122]    pump 60000ms 30% 10750 80% (60000ms 30% 10750 80% stored)
1593715529:[BYCMD ,0123]    rate 2mbar/s (2mbar/s stored)
1593715529:[BYCMD ,0124]    surface 500mbar (500mbar stored)
1593715529:[BYCMD ,0125]    near 1500mbar 3mbar/s (15000mbar 3mbar/s stored)
1593715529:[BYCMD ,0126]    far 2500mbar 4mbar/s (25000mbar 4mbar/s stored)
1593715529:[BYCMD ,0127]    ascent 8mbar/s (8mbar/s stored)
1593715529:[BYCMD ,0128]    dead 60s (300s stored)
1593715529:[BYCMD ,0129]    coeff 16/10 (16/10 stored)
1593715529:[BYCMD ,0130]    stab 10 (10 stored)
1593715529:[BYCMD ,0131]    delay 900s 3600s (900s 3600s stored)
1593715529:[BYCMD ,0132]    mmtime 2880min (2880min stored)
1593715529:[BYCMD ,0133]    dv_landing 100ml (100ml stored)
1593715529:[MKDCMD,0150]    p2t37: 15x2000ms, offset 138mbar
1593715529:[P2TCMD,0151]    p2t37: dp 50mbar, dt 5000mdegC
1593715530:[STAGE ,0080]Stage [0] 5000mbar (+/-500mbar) 1800s (<1800s) 
1593715530:[STAGE ,0080]Stage [1] 5000mbar (+/-500mbar) 1800s (<3600s) 
1593715530:[MAIN  ,0070]turn off bluetooth
1593715532:[PRESS ,0038]P     -8mbar,T+21236mdegC
1593715534:[PRESS ,0038]P     -8mbar,T-16723mdegC
1593715536:[PRESS ,0038]P     +2mbar,T+21236mdegC
1593715548:[PRESS ,0038]P     -8mbar,T-16723mdegC
1593715550:[PRESS ,0038]P     +2mbar,T+21236mdegC
1593715557:[DIVING,0141]diving from 2mbar, +0mbar/s
1593715557:[BYPASS,0035]bypass opening 60000ms
1593715562:[BYPASS,0104]battery 15005mV,  245952uA (bypass opening), P     +2mbar
1593715627:[BYPASS,0106]battery 15013mV,  300852uA (bypass closing), P     +2mbar
1593715629:[PRESS ,0038]P   -118mbar,T-16723mdegC
1593715631:[PRESS ,0038]P   -128mbar,T+21236mdegC
1593715638:[PRESS ,0038]P   -128mbar,T-16723mdegC
1593715640:[PRESS ,0038]P   -118mbar,T+21236mdegC
1593715642:[PRESS ,0038]P   -128mbar,T-16723mdegC
1593715644:[PRESS ,0038]P   -128mbar,T+21236mdegC
1593715651:[PRESS ,0038]P   -128mbar,T-16723mdegC
1593715652:[PRESS ,0038]P   -118mbar,T+21236mdegC
1593715654:[PRESS ,0038]P   -128mbar,T-16723mdegC
1593715654:[BYPASS,0035]bypass opening 10000ms
1593715659:[BYPASS,0104]battery 15041mV,  256566uA (bypass opening), P   -128mbar
1593715674:[BYPASS,0106]battery 15018mV,  299388uA (bypass closing), P   -128mbar
1593715678:[PRESS ,0038]P   -128mbar,T+21236mdegC
1593715682:[PRESS ,0038]P   -118mbar,T-16723mdegC
1593715685:[PRESS ,0038]P   -118mbar,T+21236mdegC
1593715687:[PRESS ,0038]P   -118mbar,T-16723mdegC
1593715696:[PRESS ,0038]P   -108mbar,T -6340mdegC
1593715698:[PRESS ,0038]P   -118mbar,T+21236mdegC
1593715701:[BYPASS,0035]bypass opening 10000ms
1593715706:[BYPASS,0104]battery 15050mV,  263032uA (bypass opening), P   -118mbar
1593715721:[BYPASS,0106]battery 15023mV,  298412uA (bypass closing), P   -118mbar
1593715727:[PRESS ,0038]P   -118mbar,T-16723mdegC
1593715730:[PRESS ,0038]P   -118mbar,T+21236mdegC
1593715734:[PRESS ,0038]P   -118mbar,T-16723mdegC
1593715736:[PRESS ,0038]P   -108mbar,T+21236mdegC
1593715741:[PRESS ,0038]P   -108mbar,T-16723mdegC
1593715743:[PRESS ,0038]P   -108mbar,T+21236mdegC
1593715745:[PRESS ,0038]P   -108mbar,T-16723mdegC
1593715746:[PRESS ,0038]P   -118mbar,T+21236mdegC
1593715748:[BYPASS,0035]bypass opening 10000ms
1593715753:[BYPASS,0104]battery 15052mV,  259250uA (bypass opening), P   -118mbar
1593715768:[BYPASS,0106]battery 15027mV,  297680uA (bypass closing), P   -118mbar
1593715770:[PRESS ,0038]P   -108mbar,T-16723mdegC
1593715772:[PRESS ,0038]P   -118mbar,T -6340mdegC
1593715774:[PRESS ,0038]P   -108mbar,T+21236mdegC
1593715777:[PRESS ,0038]P   -108mbar,T-16723mdegC
1593715783:[PRESS ,0038]P   -108mbar,T+21236mdegC
1593715786:[PRESS ,0038]P   -118mbar,T-16723mdegC
1593715788:[PRESS ,0038]P   -118mbar,T+21236mdegC
1593715792:[PRESS ,0038]P   -118mbar,T-16723mdegC
1593715795:[BYPASS,0035]bypass opening 10000ms
1593715800:[BYPASS,0104]battery 15057mV,  261568uA (bypass opening), P   -108mbar
1593715815:[BYPASS,0106]battery 15031mV,  296948uA (bypass closing), P   -108mbar
1593715817:[PRESS ,0038]P    -98mbar,T+21236mdegC
1593715819:[PRESS ,0038]P    -98mbar,T -6340mdegC
1593715821:[PRESS ,0038]P    -98mbar,T-16723mdegC
1593715822:[PRESS ,0038]P    -98mbar,T+21236mdegC
1593715824:[PRESS ,0038]P    -98mbar,T-16723mdegC
1593715826:[PRESS ,0038]P    -88mbar,T+21236mdegC
1593715830:[PRESS ,0038]P    -98mbar,T+10851mdegC
1593715831:[PRESS ,0038]P    -88mbar,T-16723mdegC
1593715835:[PRESS ,0038]P   -108mbar,T+21236mdegC
1593715840:[PRESS ,0038]P    -98mbar,T-16723mdegC
1593715842:[PRESS ,0038]P    -98mbar,T+21236mdegC
1593715842:[BYPASS,0035]bypass opening 10000ms
1593715847:[BYPASS,0104]battery 15063mV,  268400uA (bypass opening), P    -98mbar
1593715862:[BYPASS,0106]battery 15033mV,  296338uA (bypass closing), P    -98mbar
1593715864:[PRESS ,0038]P    -98mbar,T-16723mdegC
1593715869:[PRESS ,0038]P    -88mbar,T+21236mdegC
1593715871:[PRESS ,0038]P   -108mbar,T-16723mdegC
1593715875:[PRESS ,0038]P    -98mbar,T+21236mdegC
1593715877:[PRESS ,0038]P    -88mbar,T-16723mdegC
1593715878:[PRESS ,0038]P    -98mbar,T+21236mdegC
1593715882:[PRESS ,0038]P    -98mbar,T-16723mdegC
1593715884:[PRESS ,0038]P    -98mbar,T+10851mdegC
1593715886:[PRESS ,0038]P    -88mbar,T-16723mdegC
1593715887:[PRESS ,0038]P    -98mbar,T+21236mdegC
1593715889:[BYPASS,0035]bypass opening 10000ms
1593715894:[BYPASS,0104]battery 15056mV,  250222uA (bypass opening), P    -98mbar
1593715909:[BYPASS,0106]battery 15036mV,  295728uA (bypass closing), P    -98mbar
1593715911:[PRESS ,0038]P    -88mbar,T-16723mdegC
1593715915:[PRESS ,0038]P    -88mbar,T+21236mdegC
1593715917:[PRESS ,0038]P    -88mbar,T-16723mdegC
1593715920:[PRESS ,0038]P    -78mbar,T+21236mdegC
1593715922:[PRESS ,0038]P    -98mbar,T-16723mdegC
1593715925:[PRESS ,0038]P    -88mbar,T+10851mdegC
1593715927:[PRESS ,0038]P    -98mbar,T-16723mdegC
1593715933:[PRESS ,0038]P    -98mbar,T+21236mdegC
1593715934:[PRESS ,0038]P   -108mbar,T-16723mdegC
1593715936:[PRESS ,0038]P    -98mbar,T+21236mdegC
1593715936:[BYPASS,0035]bypass opening 10000ms
1593715941:[BYPASS,0104]battery 15068mV,  268278uA (bypass opening), P    -98mbar
1593715956:[BYPASS,0106]battery 15038mV,  295240uA (bypass closing), P    -98mbar
1593715960:[PRESS ,0038]P    -98mbar,T-16723mdegC
1593715962:[PRESS ,0038]P    -88mbar,T+21236mdegC
1593715964:[PRESS ,0038]P    -88mbar,T-16723mdegC
1593715965:[PRESS ,0038]P    -88mbar,T+21236mdegC
1593715973:[PRESS ,0038]P    -78mbar,T-16723mdegC
1593715974:[PRESS ,0038]P    -78mbar,T+21236mdegC
1593715983:[PRESS ,0038]P    -78mbar,T+10851mdegC
1593715983:[BYPASS,0035]bypass opening 10000ms
1593715988:[BYPASS,0104]battery 15058mV,  248392uA (bypass opening), P    -78mbar
1593716003:[BYPASS,0106]battery 15041mV,  294630uA (bypass closing), P    -78mbar
1593716005:[PRESS ,0038]P    -68mbar,T-16723mdegC
1593716007:[PRESS ,0038]P    -78mbar,T+21236mdegC
1593716014:[PRESS ,0038]P    -68mbar,T -6340mdegC
1593716016:[PRESS ,0038]P    -68mbar,T-16723mdegC
1593716019:[PRESS ,0038]P    -68mbar,T+21236mdegC
1593716025:[PRESS ,0038]P    -68mbar,T-16723mdegC
1593716027:[PRESS ,0038]P    -58mbar,T+21236mdegC
1593716028:[PRESS ,0038]P    -68mbar,T-16723mdegC
1593716030:[PRESS ,0038]P    -58mbar,T+21236mdegC
1593716030:[BYPASS,0035]bypass opening 10000ms
1593716035:[BYPASS,0104]battery 15071mV,  265228uA (bypass opening), P    -58mbar
1593716050:[BYPASS,0106]battery 15043mV,  294020uA (bypass closing), P    -58mbar
1593716052:[PRESS ,0038]P    -48mbar,T-16723mdegC
1593716054:[PRESS ,0038]P    -28mbar,T -6340mdegC
1593716056:[PRESS ,0038]P    -18mbar,T-16723mdegC
1593716058:[PRESS ,0038]P     -8mbar,T+21236mdegC
1593716059:[PRESS ,0038]P     +2mbar,T-16723mdegC
1593716061:[PRESS ,0038]P     +2mbar,T+21236mdegC
1593716067:[PRESS ,0038]P    +42mbar,T -6340mdegC
1593716068:[PRESS ,0038]P    +42mbar,T-16723mdegC
1593716070:[PRESS ,0038]P    +62mbar,T+21236mdegC
1593716074:[PRESS ,0038]P    +72mbar,T-16723mdegC
1593716076:[PRESS ,0038]P    +92mbar,T+21236mdegC
1593716077:[PRESS ,0038]P    +92mbar,T-16723mdegC
1593716080:[PRESS ,0038]P   +112mbar,T -6340mdegC
1593716083:[PRESS ,0038]P   +132mbar,T+21236mdegC
1593716094:[PRESS ,0038]P   +192mbar,T-16723mdegC
1593716100:[PRESS ,0038]P   +212mbar,T+21236mdegC
1593716102:[PRESS ,0038]P   +222mbar,T-16723mdegC
1593716108:[PRESS ,0038]P   +242mbar,T+21236mdegC
1593716111:[PRESS ,0038]P   +252mbar,T-16723mdegC
1593716116:[PRESS ,0038]P   +282mbar,T+21236mdegC
1593716119:[PRESS ,0038]P   +302mbar,T-16723mdegC
1593716122:[PRESS ,0038]P   +322mbar,T+21236mdegC
1593716125:[PRESS ,0038]P   +322mbar,T-16723mdegC
1593716128:[PRESS ,0038]P   +332mbar,T+21236mdegC
1593716130:[PRESS ,0038]P   +352mbar,T-16723mdegC
1593716133:[PRESS ,0038]P   +372mbar,T+21236mdegC
1593716136:[PRESS ,0038]P   +372mbar,T-16723mdegC
1593716147:[PRESS ,0038]P   +422mbar,T+21236mdegC
1593716158:[PRESS ,0038]P   +482mbar,T-16723mdegC
1593716165:[PRESS ,0038]P   +532mbar,T+21236mdegC
1593716166:[DIVING,0028]532mbar reached (+5mbar/s), 10 bypass done
1593716166:[MAIN  ,0056]stage[0]
1593716168:[MAIN  ,0024]internal pressure 82193Pa
1593716169:[BUOY  ,0037]P   +542mbar
1593716169:[STAGE ,0080]Stage [0] 5000mbar (+/-500mbar) 1800s (<1593717966s) 
1593716171:[PRESS ,0038]P   +552mbar,T-16723mdegC
1593716232:[PRESS ,0038]P   +892mbar,T+10851mdegC
1593716233:[PRESS ,0038]P   +912mbar,T-16723mdegC
1593716237:[PRESS ,0038]P   +932mbar,T+10851mdegC
1593716241:[PRESS ,0038]P   +952mbar,T-16723mdegC
1593716244:[PRESS ,0038]P   +952mbar,T+10851mdegC
1593716246:[PRESS ,0038]P   +962mbar,T-16723mdegC
1593716255:[PRESS ,0038]P  +1022mbar,T-16723mdegC
1593716257:[PRESS ,0038]P  +1032mbar,T+10851mdegC
1593716317:[PRESS ,0038]P  +1362mbar,T+21236mdegC
1593716319:[PRESS ,0038]P  +1362mbar,T+10851mdegC
1593716321:[PRESS ,0038]P  +1352mbar,T-16723mdegC
1593716323:[PRESS ,0038]P  +1372mbar,T+21236mdegC
1593716325:[PRESS ,0038]P  +1382mbar,T-16723mdegC
1593716326:[PRESS ,0038]P  +1392mbar,T+10851mdegC
1593716332:[PRESS ,0038]P  +1412mbar,T-16723mdegC
1593716335:[PRESS ,0038]P  +1432mbar,T+21236mdegC
1593716337:[PRESS ,0038]P  +1442mbar,T+10851mdegC
1593716339:[PRESS ,0038]P  +1452mbar,T-27111mdegC
1593716341:[PRESS ,0038]P  +1462mbar,T+21236mdegC
1593716342:[PRESS ,0038]P  +1472mbar,T-16723mdegC
1593716403:[PRESS ,0038]P  +1802mbar,T-16723mdegC
1593716405:[PRESS ,0038]P  +1822mbar,T+21236mdegC
1593716407:[PRESS ,0038]P  +1812mbar,T-16723mdegC
1593716409:[PRESS ,0038]P  +1812mbar,T+10851mdegC
1593716410:[PRESS ,0038]P  +1832mbar,T-16723mdegC
1593716414:[PRESS ,0038]P  +1852mbar,T+10851mdegC
1593716416:[PRESS ,0038]P  +1862mbar,T-16723mdegC
1593716419:[PRESS ,0038]P  +1882mbar,T+21236mdegC
1593716421:[PRESS ,0038]P  +1892mbar,T-16723mdegC
1593716423:[PRESS ,0038]P  +1892mbar,T+10851mdegC
1593716425:[PRESS ,0038]P  +1902mbar,T-16723mdegC
1593716427:[PRESS ,0038]P  +1912mbar,T+10851mdegC
1593716428:[PRESS ,0038]P  +1922mbar,T-16723mdegC
1593716489:[PRESS ,0038]P  +2112mbar,T-16723mdegC
1593716491:[PRESS ,0038]P  +2112mbar,T+10851mdegC
1593716494:[PRESS ,0038]P  +2112mbar,T-16723mdegC
1593716496:[PRESS ,0038]P  +2112mbar,T+10851mdegC
1593716500:[PRESS ,0038]P  +2112mbar,T-16723mdegC
1593716503:[PRESS ,0038]P  +2102mbar,T+21236mdegC
1593716505:[PRESS ,0038]P  +2122mbar,T-16723mdegC
1593716507:[PRESS ,0038]P  +2112mbar,T+21236mdegC
1593716509:[PRESS ,0038]P  +2112mbar,T-16723mdegC
1593716511:[PRESS ,0038]P  +2122mbar,T+10851mdegC
1593716512:[PRESS ,0038]P  +2122mbar,T+21236mdegC
1593716514:[PRESS ,0038]P  +2112mbar,T-16723mdegC
1593716514:<WARN>[BUOY  ,0094]stage[0] should DESCENT, stuck at 2112mbar for the #1 time
1593716514:[BUOY  ,0087]from +0mbar/s to +4mbar/s
1593716514:[BUOY  ,0090]need to transfer -26mL (valve during 7367ms)
1593716514:[VALVE ,0034]valve opening 7367ms
1593716522:[VALVE ,0234]battery 15028mV,  490318uA, P  +2112mbar
1593716575:[PRESS ,0038]P  +2302mbar,T+10851mdegC
1593716577:[PRESS ,0038]P  +2312mbar,T+21236mdegC
1593716579:[PRESS ,0038]P  +2312mbar,T+10851mdegC
1593716582:[PRESS ,0038]P  +2322mbar,T+21236mdegC
1593716584:[PRESS ,0038]P  +2332mbar,T-16723mdegC
1593716586:[PRESS ,0038]P  +2342mbar,T+10851mdegC
1593716588:[PRESS ,0038]P  +2342mbar,T-16723mdegC
1593716590:[PRESS ,0038]P  +2342mbar,T+21236mdegC
1593716591:[PRESS ,0038]P  +2342mbar,T+10851mdegC
1593716593:[PRESS ,0038]P  +2362mbar,T-16723mdegC
1593716597:[PRESS ,0038]P  +2362mbar,T+21236mdegC
1593716600:[PRESS ,0038]P  +2382mbar,T-16723mdegC
1593716661:[PRESS ,0038]P  +2562mbar,T+10851mdegC
1593716663:[PRESS ,0038]P  +2562mbar,T-16723mdegC
1593716668:[PRESS ,0038]P  +2572mbar,T+21236mdegC
1593716670:[PRESS ,0038]P  +2582mbar,T-16723mdegC
1593716674:[PRESS ,0038]P  +2582mbar,T+21236mdegC
1593716675:[PRESS ,0038]P  +2572mbar,T-16723mdegC
1593716677:[PRESS ,0038]P  +2582mbar,T+21236mdegC
1593716679:[PRESS ,0038]P  +2592mbar,T-16723mdegC
1593716686:[PRESS ,0038]P  +2602mbar,T+21236mdegC
1593716686:[BUOY  ,0087]from +1mbar/s to +3mbar/s
1593716686:[BUOY  ,0090]need to transfer -12mL (valve during 3000ms)
1593716686:[VALVE ,0034]valve opening 3000ms
1593716689:[VALVE ,0234]battery 15036mV,  489708uA, P  +2602mbar
1593716747:[PRESS ,0038]P  +2772mbar,T-16723mdegC
1593716756:[PRESS ,0038]P  +2802mbar,T+21236mdegC
1593716759:[PRESS ,0038]P  +2802mbar,T+10851mdegC
1593716763:[PRESS ,0038]P  +2812mbar,T-16723mdegC
1593716766:[PRESS ,0038]P  +2832mbar,T+21236mdegC
1593716768:[PRESS ,0038]P  +2832mbar,T-16723mdegC
1593716770:[PRESS ,0038]P  +2832mbar,T+21236mdegC
1593716772:[PRESS ,0038]P  +2842mbar,T-16723mdegC
1593716833:[PRESS ,0038]P  +3022mbar,T-16723mdegC
1593716849:[PRESS ,0038]P  +3062mbar,T+21236mdegC
1593716850:[PRESS ,0038]P  +3062mbar,T-16723mdegC
1593716918:[PRESS ,0038]P  +3122mbar,T -6340mdegC
1593716920:[PRESS ,0038]P  +3122mbar,T+21236mdegC
1593716922:[PRESS ,0038]P  +3132mbar,T-16723mdegC
1593716923:[PRESS ,0038]P  +3132mbar,T+21236mdegC
1593716925:[PRESS ,0038]P  +3132mbar,T-16723mdegC
1593716929:[PRESS ,0038]P  +3122mbar,T+21236mdegC
1593716932:[PRESS ,0038]P  +3132mbar,T-16723mdegC
1593716934:[PRESS ,0038]P  +3132mbar,T+21236mdegC
1593716936:[PRESS ,0038]P  +3132mbar,T-16723mdegC
1593716941:[PRESS ,0038]P  +3132mbar,T+21236mdegC
1593716943:<WARN>[BUOY  ,0094]stage[0] should DESCENT, stuck at 3132mbar for the #1 time
1593716943:[BUOY  ,0087]from +0mbar/s to +3mbar/s
1593716943:[BUOY  ,0090]need to transfer -14mL (valve during 3245ms)
1593716943:[VALVE ,0034]valve opening 3245ms
1593716947:[VALVE ,0234]battery 15055mV,  491050uA, P  +3132mbar
1593717004:[PRESS ,0038]P  +3262mbar,T+21236mdegC
1593717008:[PRESS ,0038]P  +3282mbar,T-16723mdegC
1593717017:[PRESS ,0038]P  +3302mbar,T+21236mdegC
1593717018:[PRESS ,0038]P  +3312mbar,T-16723mdegC
1593717024:[PRESS ,0038]P  +3342mbar,T+21236mdegC
1593717025:[PRESS ,0038]P  +3332mbar,T-16723mdegC
1593717027:[PRESS ,0038]P  +3342mbar,T+21236mdegC
1593717029:[PRESS ,0038]P  +3352mbar,T-16723mdegC
1593717090:[PRESS ,0038]P  +3572mbar,T-16723mdegC
1593717093:[PRESS ,0038]P  +3582mbar,T+21236mdegC
1593717099:[PRESS ,0038]P  +3592mbar,T -6340mdegC
1593717100:[PRESS ,0038]P  +3602mbar,T-16723mdegC
1593717102:[PRESS ,0038]P  +3602mbar,T -6340mdegC
1593717104:[PRESS ,0038]P  +3612mbar,T+21236mdegC
1593717108:[PRESS ,0038]P  +3622mbar,T+31617mdegC
1593717109:[PRESS ,0038]P  +3622mbar,T+21236mdegC
1593717111:[PRESS ,0038]P  +3632mbar,T -6340mdegC
1593717115:[PRESS ,0038]P  +3652mbar,T+21236mdegC
1593717176:[PRESS ,0038]P  +3802mbar,T+21236mdegC
1593717188:[PRESS ,0038]P  +3842mbar,T -6340mdegC
1593717190:[PRESS ,0038]P  +3852mbar,T+21236mdegC
1593717193:[PRESS ,0038]P  +3862mbar,T-16723mdegC
1593717197:[PRESS ,0038]P  +3872mbar,T+21236mdegC
1593717200:[PRESS ,0038]P  +3882mbar,T -6340mdegC
1593717261:[PRESS ,0038]P  +4102mbar,T+21236mdegC
1593717275:[PRESS ,0038]P  +4162mbar,T-16723mdegC
1593717277:[PRESS ,0038]P  +4162mbar,T -6340mdegC
1593717279:[PRESS ,0038]P  +4172mbar,T+21236mdegC
1593717281:[PRESS ,0038]P  +4182mbar,T -6340mdegC
1593717283:[PRESS ,0038]P  +4182mbar,T+21236mdegC
1593717284:[PRESS ,0038]P  +4192mbar,T -6340mdegC
1593717286:[BUOY  ,0087]from +4mbar/s to +2mbar/s
1593717286:[BUOY  ,0089]need to transfer +20mL (pump during 24099ms)
1593717294:[PUMP  ,0207]battery 15416mV,   19032uA (warmup), P  +4202mbar
1593717294:[PUMP  ,0016]pump during 24099ms
1593717318:[PUMP  ,0212]battery 15196mV,  273280uA (steady state), P  +4202mbar
1593717350:[PRESS ,0038]P  +4372mbar,T+21236mdegC
1593717352:[PRESS ,0038]P  +4362mbar,T -6340mdegC
1593717354:[PRESS ,0038]P  +4372mbar,T+21236mdegC
1593717357:[PRESS ,0038]P  +4372mbar,T -6340mdegC
1593717361:[PRESS ,0038]P  +4382mbar,T+31617mdegC
1593717363:[PRESS ,0038]P  +4382mbar,T -6340mdegC
1593717366:[PRESS ,0038]P  +4392mbar,T+21236mdegC
1593717368:[PRESS ,0038]P  +4402mbar,T -6340mdegC
1593717372:[PRESS ,0038]P  +4402mbar,T+21236mdegC
1593717375:[PRESS ,0038]P  +4412mbar,T -6340mdegC
1593717436:[PRESS ,0038]P  +4492mbar,T -6340mdegC
1593717445:[PRESS ,0038]P  +4502mbar,T+31617mdegC
1593717447:[PRESS ,0038]P  +4512mbar,T+21236mdegC
1593717448:[PRESS ,0038]P  +4522mbar,T -6340mdegC
1593717461:[PRESS ,0038]P  +4532mbar,T+31617mdegC
1593717461:[STAGE ,0213]4532mbar reached at 1593717461s, ref 5000mbar +/-500mbar
1593717522:[PRESS ,0038]P  +4652mbar,T -6340mdegC
1593717582:[PRESS ,0038]P  +4762mbar,T+31617mdegC
1593717643:[PRESS ,0038]P  +4902mbar,T -6340mdegC
1593717704:[PRESS ,0038]P  +5042mbar,T+31617mdegC
1593717704:[BUOY  ,0087]from +2mbar/s to +0mbar/s
1593717704:[BUOY  ,0089]need to transfer +6mL (pump during 7230ms)
1593717712:[PUMP  ,0207]battery 15418mV,   19032uA (warmup), P  +5042mbar
1593717712:[PUMP  ,0016]pump during 7230ms
1593717719:[PUMP  ,0212]battery 15193mV,  279624uA (steady state), P  +5042mbar
1593717768:[PRESS ,0038]P  +5162mbar,T+31617mdegC
1593717771:[PRESS ,0038]P  +5162mbar,T -6340mdegC
1593717773:[PRESS ,0038]P  +5162mbar,T+31617mdegC
1593717775:[PRESS ,0038]P  +5162mbar,T -6340mdegC
1593717777:[PRESS ,0038]P  +5182mbar,T +4038mdegC
1593717778:[PRESS ,0038]P  +5172mbar,T+31617mdegC
1593717784:[PRESS ,0038]P  +5182mbar,T -6340mdegC
1593717787:[PRESS ,0038]P  +5192mbar,T+31617mdegC
1593717789:[PRESS ,0038]P  +5192mbar,T +4038mdegC
1593717793:[BUOY  ,0087]from +1mbar/s to +0mbar/s
1593717793:[BUOY  ,0089]need to transfer +2mL (pump during 2410ms)
1593717801:[PUMP  ,0207]battery 15413mV,   19032uA (warmup), P  +5192mbar
1593717801:[PUMP  ,0016]pump during 2410ms
1593717857:[PRESS ,0038]P  +5272mbar,T +4038mdegC
1593717858:[PRESS ,0038]P  +5272mbar,T+31617mdegC
1593717867:[PRESS ,0038]P  +5282mbar,T +4038mdegC
1593717871:[PRESS ,0038]P  +5292mbar,T -6340mdegC
1593717873:[PRESS ,0038]P  +5292mbar,T+31617mdegC
1593717875:[PRESS ,0038]P  +5292mbar,T +4038mdegC
1593717876:[PRESS ,0038]P  +5292mbar,T -6340mdegC
1593717878:[PRESS ,0038]P  +5302mbar,T+31617mdegC
1593717880:[PRESS ,0038]P  +5302mbar,T +4038mdegC
1593717882:[PRESS ,0038]P  +5302mbar,T+31617mdegC
1593717882:[BUOY  ,0087]from +1mbar/s to +0mbar/s
1593717882:[BUOY  ,0089]need to transfer +2mL (pump during 2410ms)
1593717890:[PUMP  ,0207]battery 15416mV,   19032uA (warmup), P  +5302mbar
1593717890:[PUMP  ,0016]pump during 2410ms
1593717949:[PRESS ,0038]P  +5352mbar,T +4038mdegC
1593717951:[PRESS ,0038]P  +5362mbar,T+31617mdegC
1593717953:[PRESS ,0038]P  +5352mbar,T -6340mdegC
1593717955:[PRESS ,0038]P  +5352mbar,T+31617mdegC
1593717958:[PRESS ,0038]P  +5352mbar,T +4038mdegC
1593717960:[PRESS ,0038]P  +5352mbar,T -6340mdegC
1593717962:[PRESS ,0038]P  +5362mbar,T+31617mdegC
1593717965:[PRESS ,0038]P  +5362mbar,T-23544mdegC
1593717967:[PRESS ,0038]P  +5362mbar,T +4038mdegC
1593717969:[PRESS ,0038]P  +5362mbar,T+31617mdegC
1593717971:[MAIN  ,0140]stage[0] complete 1805s after mission start
1593717971:[MAIN  ,0056]stage[1]
1593717973:[MAIN  ,0024]internal pressure 81320Pa
1593717974:[BUOY  ,0037]P  +5352mbar
1593717974:[STAGE ,0080]Stage [1] 5000mbar (+/-500mbar) 1800s (<1593719766s) 
1593717976:[PRESS ,0038]P  +5362mbar,T -6340mdegC
1593717976:[STAGE ,0213]5362mbar reached at 1593717976s, ref 5000mbar +/-500mbar
1593718037:[PRESS ,0038]P  +5382mbar,T+31617mdegC
1593718097:[PRESS ,0038]P  +5412mbar,T +4038mdegC
1593718158:[PRESS ,0038]P  +5472mbar,T+31617mdegC
1593718158:[BUOY  ,0087]from +1mbar/s to +0mbar/s
1593718158:[BUOY  ,0089]need to transfer +2mL (pump during 2403ms)
1593718166:[PUMP  ,0207]battery 15430mV,   19032uA (warmup), P  +5472mbar
1593718166:[PUMP  ,0016]pump during 2403ms
1593718222:[PRESS ,0038]P  +5532mbar,T+31617mdegC
1593718225:[PRESS ,0038]P  +5542mbar,T +4038mdegC
1593718229:[PRESS ,0038]P  +5542mbar,T -6340mdegC
1593718231:[PRESS ,0038]P  +5542mbar,T +4038mdegC
1593718234:[PRESS ,0038]P  +5552mbar,T+31617mdegC
1593718236:[PRESS ,0038]P  +5542mbar,T +4038mdegC
1593718238:[PRESS ,0038]P  +5552mbar,T+31617mdegC
1593718245:[PRESS ,0038]P  +5552mbar,T +4038mdegC
1593718247:[PRESS ,0038]P  +5562mbar,T+31617mdegC
1593718247:<WARN>[BUOY  ,0094]stage[1] should ASCENT, stuck at 5562mbar for the #1 time
1593718247:[BUOY  ,0087]from +1mbar/s to -2mbar/s
1593718247:[BUOY  ,0089]need to transfer +8mL (pump during 9611ms)
1593718255:[PUMP  ,0207]battery 15430mV,   19032uA (warmup), P  +5562mbar
1593718255:[PUMP  ,0016]pump during 9611ms
1593718264:[PUMP  ,0212]battery 15193mV,  287676uA (steady state), P  +5562mbar
1593718311:[PRESS ,0038]P  +5562mbar,T +4038mdegC
1593718316:[PRESS ,0038]P  +5562mbar,T+31617mdegC
1593718318:[PRESS ,0038]P  +5552mbar,T +4038mdegC
1593718320:[PRESS ,0038]P  +5552mbar,T -6340mdegC
1593718322:[PRESS ,0038]P  +5552mbar,T +4038mdegC
1593718324:[PRESS ,0038]P  +5562mbar,T -6340mdegC
1593718325:[PRESS ,0038]P  +5562mbar,T+31617mdegC
1593718327:[PRESS ,0038]P  +5562mbar,T +4038mdegC
1593718329:[PRESS ,0038]P  +5552mbar,T -6340mdegC
1593718331:[PRESS ,0038]P  +5552mbar,T +4038mdegC
1593718334:[PRESS ,0038]P  +5542mbar,T+31617mdegC
1593718397:[PRESS ,0038]P  +5512mbar,T +4038mdegC
1593718400:[PRESS ,0038]P  +5502mbar,T-23544mdegC
1593718402:[PRESS ,0038]P  +5502mbar,T+31617mdegC
1593718406:[PRESS ,0038]P  +5492mbar,T +4038mdegC
1593718411:[PRESS ,0038]P  +5492mbar,T+31617mdegC
1593718413:[PRESS ,0038]P  +5492mbar,T +4038mdegC
1593718416:[PRESS ,0038]P  +5492mbar,T+31617mdegC
1593718420:[PRESS ,0038]P  +5482mbar,T +4038mdegC
1593718482:[PRESS ,0038]P  +5432mbar,T+31617mdegC
1593718543:[PRESS ,0038]P  +5382mbar,T-23544mdegC
1593718604:[PRESS ,0038]P  +5312mbar,T +4038mdegC
1593718665:[PRESS ,0038]P  +5292mbar,T-23544mdegC
1593718725:[PRESS ,0038]P  +5282mbar,T+31617mdegC
1593718786:[PRESS ,0038]P  +5262mbar,T-23544mdegC
1593718847:[PRESS ,0038]P  +5282mbar,T+31617mdegC
1593718907:[PRESS ,0038]P  +5292mbar,T +4038mdegC
1593719029:[PRESS ,0038]P  +5312mbar,T-23544mdegC
1593719089:[PRESS ,0038]P  +5322mbar,T +4038mdegC
1593719150:[PRESS ,0038]P  +5342mbar,T-23544mdegC
1593719211:[PRESS ,0038]P  +5352mbar,T +4038mdegC
1593719393:[PRESS ,0038]P  +5392mbar,T-23544mdegC
1593719453:[PRESS ,0038]P  +5392mbar,T+31617mdegC
1593719514:[PRESS ,0038]P  +5362mbar,T-23544mdegC
1593719696:[PRESS ,0038]P  +5302mbar,T+31617mdegC
1593719757:[PRESS ,0038]P  +5282mbar,T+14411mdegC
1593719817:[PRESS ,0038]P  +5272mbar,T-23544mdegC
1593719817:[MAIN  ,0140]stage[1] complete 3651s after mission start
1593719817:[MRMAID,0188]acq already stopped
1593719878:[MSSION,0192]mission stopped, 2 stage(s) done
1593719878:[MAIN  ,0065]surfacing
1593719880:[PRESS ,0038]P  +5252mbar,T +4038mdegC
1593719880:[SURFIN,0036]P  +5252mbar
1593719888:[PUMP  ,0207]battery 15462mV,   19276uA (warmup), P  +5252mbar
1593719888:[PUMP  ,0016]pump during 60000ms
1593719947:[PUMP  ,0212]battery 15213mV,  282430uA (steady state), P  +5252mbar
1593720004:[PRESS ,0038]P  +4862mbar,T +4038mdegC
1593720006:[PRESS ,0038]P  +4852mbar,T-23544mdegC
1593720017:[PRESS ,0038]P  +4792mbar,T-23544mdegC
1593720037:[PUMP  ,0207]battery 15382mV,   19154uA (warmup), P  +4742mbar
1593720038:[PUMP  ,0016]pump during 60000ms
1593720096:[PUMP  ,0212]battery 15142mV,  280112uA (steady state), P  +4742mbar
1593720154:[PRESS ,0038]P  +4002mbar,T-23544mdegC
1593720156:[PRESS ,0038]P  +3992mbar,T +4038mdegC
1593720158:[PRESS ,0038]P  +3982mbar,T+14411mdegC
1593720160:[PRESS ,0038]P  +3972mbar,T-23544mdegC
1593720167:[PRESS ,0038]P  +3922mbar,T +4038mdegC
1593720168:[PRESS ,0038]P  +3912mbar,T-23544mdegC
1593720174:[PRESS ,0038]P  +3872mbar,T +4038mdegC
1593720176:[PRESS ,0038]P  +3862mbar,T-23544mdegC
1593720179:[PRESS ,0038]P  +3832mbar,T+14411mdegC
1593720187:[PUMP  ,0207]battery 15325mV,   19276uA (warmup), P  +3832mbar
1593720187:[PUMP  ,0016]pump during 60000ms
1593720246:[PUMP  ,0212]battery 15091mV,  274744uA (steady state), P  +3832mbar
1593720304:[PRESS ,0038]P  +3032mbar,T+14411mdegC
1593720306:[PRESS ,0038]P  +3032mbar,T +4038mdegC
1593720308:[PRESS ,0038]P  +3022mbar,T-23544mdegC
1593720317:[PRESS ,0038]P  +2962mbar,T-23544mdegC
1593720318:[PRESS ,0038]P  +2952mbar,T +4038mdegC
1593720320:[PRESS ,0038]P  +2942mbar,T-23544mdegC
1593720325:[PRESS ,0038]P  +2912mbar,T +4038mdegC
1593720327:[PRESS ,0038]P  +2912mbar,T-23544mdegC
1593720337:[PUMP  ,0207]battery 15285mV,   19276uA (warmup), P  +2902mbar
1593720337:[PUMP  ,0016]pump during 60000ms
1593720396:[PUMP  ,0212]battery 15057mV,  269132uA (steady state), P  +2902mbar
1593720454:[PRESS ,0038]P  +2122mbar,T-23544mdegC
1593720456:[PRESS ,0038]P  +2112mbar,T+14411mdegC
1593720458:[PRESS ,0038]P  +2112mbar,T +4038mdegC
1593720459:[PRESS ,0038]P  +2102mbar,T+14411mdegC
1593720461:[PRESS ,0038]P  +2102mbar,T-23544mdegC
1593720472:[PRESS ,0038]P  +2052mbar,T+14411mdegC
1593720474:[PRESS ,0038]P  +2042mbar,T-23544mdegC
1593720479:[PRESS ,0038]P  +2022mbar,T+14411mdegC
1593720487:[PUMP  ,0207]battery 15257mV,   19276uA (warmup), P  +2022mbar
1593720487:[PUMP  ,0016]pump during 60000ms
1593720546:[PUMP  ,0212]battery 15028mV,  270474uA (steady state), P  +2022mbar
1593720604:[PRESS ,0038]P  +1302mbar,T-23544mdegC
1593720607:[PRESS ,0038]P  +1262mbar,T+14411mdegC
1593720609:[PRESS ,0038]P  +1262mbar,T-23544mdegC
1593720611:[PRESS ,0038]P  +1242mbar,T +4038mdegC
1593720615:[PRESS ,0038]P  +1212mbar,T-23544mdegC
1593720620:[PRESS ,0038]P  +1182mbar,T+14411mdegC
1593720622:[PRESS ,0038]P  +1162mbar,T-23544mdegC
1593720623:[PRESS ,0038]P  +1152mbar,T +4038mdegC
1593720625:[PRESS ,0038]P  +1142mbar,T-23544mdegC
1593720629:[PRESS ,0038]P  +1112mbar,T+14411mdegC
1593720637:[PUMP  ,0207]battery 15240mV,   19276uA (warmup), P  +1112mbar
1593720637:[PUMP  ,0016]pump during 60000ms
1593720696:[PUMP  ,0212]battery 15017mV,  262178uA (steady state), P  +1112mbar
1593720754:[PRESS ,0038]P   +102mbar,T +4038mdegC
1593720756:[PRESS ,0038]P    +92mbar,T-23544mdegC
1593720759:[PRESS ,0038]P    +52mbar,T +4038mdegC
1593720761:[PRESS ,0038]P    +42mbar,T-23544mdegC
1593720764:[PRESS ,0038]P    +22mbar,T +4038mdegC
1593720766:[PRESS ,0038]P     +2mbar,T-23544mdegC
1593720770:[PRESS ,0038]P    -18mbar,T +4038mdegC
1593720772:[PRESS ,0038]P    -38mbar,T-23544mdegC
1593720775:[PRESS ,0038]P    -48mbar,T +4038mdegC
1593720777:[PRESS ,0038]P    -68mbar,T-23544mdegC
1593720781:[PRESS ,0038]P    -88mbar,T +4038mdegC
1593720782:[PRESS ,0038]P    -98mbar,T-23544mdegC
1593720782:[SURFIN,0020]filling external bladder
1593720791:[PUMP  ,0207]battery 15231mV,   19398uA (warmup), P    -98mbar
1593720791:[PUMP  ,0016]pump during 300000ms
1593721089:[PUMP  ,0212]battery 14716mV,  814716uA (steady state), P    -98mbar
1593721100:[PUMP  ,0207]battery 14790mV,   18910uA (warmup), P    -98mbar
1593721100:[PUMP  ,0016]pump during 300000ms
1593721135:[PUMP  ,0212]battery 14445mV,  741028uA (steady state), P    -98mbar
1593721137:[SURFIN,0019]external bladder full
1593721139:[PRESS ,0038]P   +100mbar,T+31617mdegC
1593721141:[PRESS ,0038]P   +110mbar,T +4038mdegC
1593721150:[PRESS ,0038]P    +90mbar,T+31617mdegC
1593721153:[PRESS ,0038]P   +100mbar,T +4038mdegC
1593721155:[PRESS ,0038]P   +100mbar,T+31617mdegC
1593721157:[PRESS ,0038]P   +100mbar,T +4038mdegC
1593721159:[PRESS ,0038]P   +100mbar,T+31617mdegC
1593721161:[PRESS ,0038]P   +100mbar,T +4038mdegC
1593721162:[PRESS ,0038]P   +100mbar,T+31617mdegC
1593721164:[PRESS ,0038]P   +100mbar,T +4038mdegC
1593721200:[MAIN  ,0272]Vbat 15000mV (min 14890mV)
1593721202:[MAIN  ,0024]internal pressure 78838Pa
1593721202:[MAIN  ,0043]Pext 101mbar (rng 20mbar)
1593721203:[MAIN  ,0064]surface
1593721214:[SURF  ,0022]GPS fix...
1593721234:[SURF  ,0015]10 PPS detected...
1593721235:[MRMAID,0052]Mermaid $GPSACK:+0,+0,+0,+0,+0,+0,-1220;
1593721245:[MRMAID,0052]Mermaid $GPSOFF:3686312;
1593721246:[GPSFIX,0179]-1s diff
1593721247:[SURF  ,0222]2020-07-02T20:20:47
1593721247:[SURF  ,0082]Latitude : N43deg40.938mn, Longitude :E007deg19.185mn
1593721247:[SURF  ,0223]fix3D,8satellites
1593721247:[SURF  ,0084]GPS fix GPGSA : hdop0.730,vdop1.040
1593721257:[SURF  ,0274]last almanac : 33526
1593721270:[MRMAID,0026]1567 bytes in 0059/5EFE41AE.MER
1593721275:[MAIN  ,0320]New pressure offset: 101mbar
1593721275:[LOGBIN,0078]*** switching to 0059/5EFE41BB ***
