1592921611:[MONITR,0197]reboot code 0x0000, src/monitor.c@520
1592921611:[MAIN  ,0007]buoy 452.120-R-0059
1592921611:[MAIN  ,0055]soft pilotage 452.012.300_V2.20-20200612
1592921611:[MAIN  ,0011]date 2020-06-23T14:13:31
1592921617:[MAIN  ,0006]battery 15500mV,    1952uA
1592921620:[MAIN  ,0024]internal pressure 88517Pa
1592921621:[PRESS ,0038]P   -120mbar,T-27111mdegC
1592921622:[MRMAID,0182]thread started
1592921623:[MRMAID,0186]no wake-up
1592921624:[MRMAID,0188]acq already stopped
1592921624:[MRMAID,0052]Mermaid $BOARD:452116600-59;
1592921625:[MRMAID,0052]Mermaid $SOFT:2.1344;
1592921625:[TESTMD,0053]Enter in test mode? yes/no
1592921625:[TESTMD,0252]0059>
1592921655:[BYCMD ,0107]    FreeRTOS V8.2.3
1592921655:[BYCMD ,0108]    FatFS v11a
1592921655:[BYCMD ,0117]    valve is running
1592921655:[BYCMD ,0120]    bypass 20000ms 60000ms (20000ms 60000ms stored)
1592921655:[BYCMD ,0121]    valve 60000ms 12750 (60000ms 12750 stored)
1592921655:[BYCMD ,0122]    pump 60000ms 30% 10750 80% (60000ms 30% 10750 80% stored)
1592921655:[BYCMD ,0123]    rate 2mbar/s (2mbar/s stored)
1592921656:[BYCMD ,0124]    surface 500mbar (500mbar stored)
1592921656:[BYCMD ,0125]    near 15000mbar 3mbar/s (15000mbar 3mbar/s stored)
1592921656:[BYCMD ,0126]    far 25000mbar 4mbar/s (25000mbar 4mbar/s stored)
1592921656:[BYCMD ,0127]    ascent 8mbar/s (8mbar/s stored)
1592921656:[BYCMD ,0128]    dead 300s (300s stored)
1592921656:[BYCMD ,0129]    coeff 16/10 (16/10 stored)
1592921656:[BYCMD ,0130]    stab 10 (10 stored)
1592921656:[BYCMD ,0131]    delay 900s 3600s (900s 3600s stored)
1592921656:[BYCMD ,0132]    mmtime 2880min (2880min stored)
1592921656:[BYCMD ,0133]    dv_landing 100ml (100ml stored)
1592921656:[MKDCMD,0150]    p2t37: 15x2000ms, offset 0mbar
1592921656:[P2TCMD,0151]    p2t37: dp 5000mbar, dt 5000mdegC
1592921656:[STACMD,0077]    mission empty
1592921656:[MAIN  ,0065]surfacing
1592921658:[PRESS ,0038]P   -120mbar,T  +461mdegC
1592921663:[PRESS ,0038]P   -120mbar,T-27111mdegC
1592921665:[PRESS ,0038]P   -110mbar,T  +461mdegC
1592921667:[PRESS ,0038]P   -120mbar,T+10851mdegC
1592921669:[PRESS ,0038]P   -110mbar,T-27111mdegC
1592921671:[PRESS ,0038]P   -120mbar,T  +461mdegC
1592921673:[PRESS ,0038]P   -120mbar,T-27111mdegC
1592921678:[PRESS ,0038]P   -110mbar,T+10851mdegC
1592921680:[PRESS ,0038]P   -110mbar,T-27111mdegC
1592921682:[SURFIN,0036]P   -110mbar
1592921683:[PRESS ,0038]P   -130mbar,T+10851mdegC
1592921685:[PRESS ,0038]P   -110mbar,T-27111mdegC
1592921685:[SURFIN,0020]filling external bladder
1592921693:[PUMP  ,0016]pump during 300000ms
1592922003:[PUMP  ,0016]pump during 300000ms
1592922312:[PUMP  ,0016]pump during 300000ms
1592922622:[PUMP  ,0016]pump during 300000ms
1592922931:[PUMP  ,0016]pump during 300000ms
1592923122:[SURFIN,0019]external bladder full
1592923124:[PRESS ,0038]P   +110mbar,T  +461mdegC
1592923126:[PRESS ,0038]P   +120mbar,T-27111mdegC
1592923129:[PRESS ,0038]P   +100mbar,T  +461mdegC
1592923131:[PRESS ,0038]P   +110mbar,T+10851mdegC
1592923133:[PRESS ,0038]P   +100mbar,T  +461mdegC
1592923137:[PRESS ,0038]P   +100mbar,T-27111mdegC
1592923138:[PRESS ,0038]P   +110mbar,T+10851mdegC
1592923140:[PRESS ,0038]P   +110mbar,T-27111mdegC
1592923184:[MAIN  ,0272]Vbat 15061mV (min 15000mV)
1592923186:[MAIN  ,0024]internal pressure 79451Pa
1592923186:[MAIN  ,0043]Pext 108mbar (rng 20mbar)
1592923186:[MAIN  ,0064]surface
1592923186:[CMD   ,0276]0059>
1592923195:[SURF  ,0022]GPS fix...
1592923327:<WARN>[GPSFIX,0123]GPRMC ms=620 #1
