1593515832:[MONITR,0197]reboot code 0x0000, src/monitor.c@520
1593515832:[MAIN  ,0007]buoy 452.120-R-0059
1593515832:[MAIN  ,0055]soft pilotage 452.012.300_V2.20-20200612
1593515832:[MAIN  ,0011]date 2020-06-30T11:17:12
1593515838:[MAIN  ,0006]battery 15495mV,    7808uA
1593515841:[MAIN  ,0024]internal pressure 80418Pa
1593515842:[PRESS ,0038]P    +80mbar,T+17635mdegC
1593515842:[MRMAID,0182]thread started
1593515844:[MRMAID,0186]no wake-up
1593515845:[MRMAID,0188]acq already stopped
1593515845:[MRMAID,0052]Mermaid $BOARD:452116600-59;
1593515846:[MRMAID,0052]Mermaid $SOFT:2.1344;
1593515846:[TESTMD,0053]Enter in test mode? yes/no
1593515846:[TESTMD,0252]0059>
1593515857:[TESTMD,0050]"yes"
1593515857:[TESTMD,0249]
Command list
pext    : Get external pressure
pint    : Get internal vacuum
ui      : Get voltage/current
act     : Test actuators
fillb   : Pump until filling the bladder
bpopen  : Open bypass
bpclose : Close bypass
date    : Get date
gps     : GPS synchronization
iridium : Iridium transfer
mstart  : Start mermaid acq
mstop   : Stop mermaid acq
mdata   : Get mermaid datas
mchecksd  : Start mermaid acq
mdump  : Send data REQUEST command with date and duration
s41dumpa : Get averaged CTD datas
s41dumpr : Get raw CTD datas
ls      : List files
cp      : Copy file or directory content on the desktop
rm      : Remove a file
h       : Print command list
q       : Quit

Advanced
pumps X : pompe Xs (lent)
pumpf X : pompe Xs (rapide)
evh     : ouvre l'electrovalve 30s
bypass  : ouvre le bypass 30s
dvmine  : deverminage de la carte
nominal : mode nominal pour mesure de conso
cychydr : test du circuit hydraulique
mkdir   : creer un repertoire
mv      : deplacer un fichier
ps      : liste les processus

Set params
stage   : Stage settings
buoy    : Buoy settings
p2t     : Pressure sensor settings
log     : Verb cfg
mermaid : Mermaid cfg
upload  : On/Off Irid transfer
sys  : system param settings


1593515857:[TESTMD,0252]0059>
1593515862:[TESTMD,0050]"act"
1593515862:[SURFIN,0020]filling external bladder
1593515865:[SURFIN,0019]external bladder full
1593515870:[VALVE ,0034]valve opening 30000ms
1593515905:[SURFIN,0020]filling external bladder
1593515908:[SURFIN,0019]external bladder full
1593515908:<ERR>[TESTMD,0130]oil not transfered dt=-7s
1593515913:[BYPASS,0035]bypass opening 30000ms
1593515958:[SURFIN,0020]filling external bladder
1593515966:[PUMP  ,0016]pump during 300000ms
1593516029:[SURFIN,0019]external bladder full
1593516029:[TESTMD,0045]pump run 61s
1593516034:[TESTMD,0066]test done
1593516034:[TESTMD,0252]0059>
1593516036:[TESTMD,0050]"act"
1593516036:[SURFIN,0020]filling external bladder
1593516044:[PUMP  ,0016]pump during 300000ms
1593516052:[SURFIN,0019]external bladder full
1593516057:[VALVE ,0034]valve opening 30000ms
1593516092:[SURFIN,0020]filling external bladder
1593516100:[PUMP  ,0016]pump during 300000ms
1593516112:[SURFIN,0019]external bladder full
1593516112:[TESTMD,0045]pump run 10s
1593516117:[BYPASS,0035]bypass opening 30000ms
1593516162:[SURFIN,0020]filling external bladder
1593516170:[PUMP  ,0016]pump during 300000ms
1593516255:[SURFIN,0019]external bladder full
1593516255:[TESTMD,0045]pump run 83s
1593516260:[TESTMD,0066]test done
1593516260:[TESTMD,0252]0059>
1593516264:[TESTMD,0050]"gps"
1593516271:[SURF  ,0022]GPS fix...
1593516280:<WARN>[GPSFIX,0123]GPRMC ms=500 #1
1593516327:[SURF  ,0015]10 PPS detected...
1593516329:[MRMAID,0052]Mermaid $GPSACK:+50,+5,+29,+11,+16,-14,-522491;
1593516339:[MRMAID,0052]Mermaid $GPSOFF:3686309;
1593516339:[GPSFIX,0179]-1s diff
1593516340:[SURF  ,0222]2020-06-30T11:25:40
1593516340:[SURF  ,0082]Latitude : N43deg41.957mn, Longitude :E007deg18.522mn
1593516340:[SURF  ,0223]fix3D,7satellites
1593516340:[SURF  ,0084]GPS fix GPGSA : hdop0.840,vdop1.230
1593516355:[TESTMD,0252]0059>
1593516357:[TESTMD,0050]"gps"
1593516368:[SURF  ,0022]GPS fix...
1593516388:[SURF  ,0015]10 PPS detected...
1593516389:[MRMAID,0052]Mermaid $GPSACK:+0,+0,+0,+0,+0,+0,+0;
1593516399:[MRMAID,0052]Mermaid $GPSOFF:3686309;
1593516400:[GPSFIX,0179]-1s diff
1593516401:[SURF  ,0222]2020-06-30T11:26:41
1593516401:[SURF  ,0082]Latitude : N43deg41.958mn, Longitude :E007deg18.521mn
1593516401:[SURF  ,0223]fix3D,7satellites
1593516401:[SURF  ,0084]GPS fix GPGSA : hdop0.840,vdop1.250
1593516416:[TESTMD,0252]0059>
1593516418:[TESTMD,0050]"iridium"
1593516433:[SURF  ,0025]Iridium...
1593516687:<WARN>[SURF  ,0023]failed to connect #1, code -8, net 1, qual 2, dial 1
1593516753:[SURF  ,0009]connected in 320s, signal quality 5
1593516812:[SURF  ,0218]prompt received, remote cmd end
1593516812:[SURF  ,0012]16 cmd(s) received
1593516833:[UPLOAD,0248]Upload data files...
1593516851:[UPLOAD,0231]"0059/5D318259.LOG" uploaded at 155bytes/s
1593516876:[UPLOAD,0231]"0059/5D35B68D.LOG" uploaded at 167bytes/s
1593516893:[UPLOAD,0231]"0059/5D35C95B.LOG" uploaded at 130bytes/s
1593516908:[UPLOAD,0231]"0059/5D397C0C.LOG" uploaded at 152bytes/s
1593516934:[UPLOAD,0231]"0059/5EF1F0DC.BIN" uploaded at 48bytes/s
1593517085:[UPLOAD,0231]"0059/5EF20E0B.BIN" uploaded at 11bytes/s
1593517115:[UPLOAD,0231]"0059/5EF215E2.BIN" uploaded at 44bytes/s
1593517122:[UPLOAD,0231]"0059/5EF218D1.BIN" uploaded at 94bytes/s
1593517137:[UPLOAD,0231]"0059/5EF33DD0.BIN" uploaded at 54bytes/s
1593517146:[UPLOAD,0231]"0059/5EF361D5.BIN" uploaded at 79bytes/s
1593517166:[UPLOAD,0231]"0059/5EF4A86F.BIN" uploaded at 122bytes/s
1593517191:[ZIO   ,0240]"NO CARRIER" received, aborting
