1593741409:[MAIN  ,0007]buoy 452.120-R-0059
1593741409:[MAIN  ,0055]soft pilotage 452.012.300_V2.20-20200612
1593741409:[MAIN  ,0010]cycle 9
1593741409:[SURF  ,0225]surface2
1593741423:[SURF  ,0022]GPS fix...
1593741444:[SURF  ,0015]10 PPS detected...
1593741445:[MRMAID,0052]Mermaid $GPSACK:+0,+0,+0,+0,+0,+0,-30;
1593741455:[MRMAID,0052]Mermaid $GPSOFF:3686312;
1593741456:[GPSFIX,0179]-1s diff
1593741457:[SURF  ,0222]2020-07-03T01:57:37
1593741457:[SURF  ,0082]Latitude : N43deg40.937mn, Longitude :E007deg19.177mn
1593741457:[SURF  ,0223]fix3D,9satellites
1593741457:[SURF  ,0084]GPS fix GPGSA : hdop0.630,vdop0.890
1593741467:[SURF  ,0025]Iridium...
1593741510:[SURF  ,0009]connected in 43s, signal quality 5
1593741560:[SURF  ,0218]prompt received, remote cmd end
1593741560:[SURF  ,0012]10 cmd(s) received
1593741581:[UPLOAD,0248]Upload data files...
1593741601:[UPLOAD,0231]"0059/5EFE9054.MER" uploaded at 112bytes/s
1593741693:[UPLOAD,0231]"0059/5EFE764D.BIN" uploaded at 136bytes/s
1593741709:[MAIN  ,0013]2 file(s) uploaded
1593741740:[SURF  ,0014]disconnected after 273s
1593741745:[SURFIN,0020]filling external bladder
1593741753:[PUMP  ,0207]battery 15093mV,   18300uA (warmup), P   +140mbar
1593741753:[PUMP  ,0016]pump during 300000ms
1593741764:[PUMP  ,0212]battery 14697mV,  751886uA (steady state), P   +140mbar
1593741766:[SURFIN,0019]external bladder full
1593741766:[SURF  ,0227]1st complete transfer
1593742062:[SURF  ,0022]GPS fix...
1593742082:[SURF  ,0015]10 PPS detected...
1593742083:[MRMAID,0052]Mermaid $GPSACK:+0,+0,+0,+0,+0,+0,+0;
1593742093:[MRMAID,0052]Mermaid $GPSOFF:3686312;
1593742094:[GPSFIX,0179]-1s diff
1593742095:[SURF  ,0222]2020-07-03T02:08:15
1593742095:[SURF  ,0082]Latitude : N43deg40.937mn, Longitude :E007deg19.177mn
1593742095:[SURF  ,0223]fix3D,11satellites
1593742095:[SURF  ,0084]GPS fix GPGSA : hdop0.590,vdop0.810
1593742105:[SURF  ,0025]Iridium...
1593742200:[SURF  ,0009]connected in 95s, signal quality 5
1593742259:[SURF  ,0218]prompt received, remote cmd end
1593742259:[SURF  ,0012]10 cmd(s) received
1593742301:[SURF  ,0014]disconnected after 196s
1593742306:[SURFIN,0020]filling external bladder
1593742314:[PUMP  ,0207]battery 15192mV,   18300uA (warmup), P   +140mbar
1593742314:[PUMP  ,0016]pump during 300000ms
1593742322:[PUMP  ,0212]battery 14776mV,  755424uA (steady state), P   +140mbar
1593742324:[SURFIN,0019]external bladder full
1593742324:[SURF  ,0226]Go dive (Minimum surface delay expired and no more file to upload)
1593742342:[SURF  ,0022]GPS fix...
1593742363:[SURF  ,0015]10 PPS detected...
1593742364:[MRMAID,0052]Mermaid $GPSACK:+0,+0,+0,+0,+0,+0,+0;
1593742374:[MRMAID,0052]Mermaid $GPSOFF:3686312;
1593742375:[GPSFIX,0179]-1s diff
1593742376:[SURF  ,0222]2020-07-03T02:12:56
1593742376:[SURF  ,0082]Latitude : N43deg40.937mn, Longitude :E007deg19.178mn
1593742376:[SURF  ,0223]fix3D,11satellites
1593742376:[SURF  ,0084]GPS fix GPGSA : hdop0.590,vdop0.810
1593742393:[MAIN  ,0024]internal pressure 78519Pa
1593742394:[BYCMD ,0107]    FreeRTOS V8.2.3
1593742394:[BYCMD ,0108]    FatFS v11a
1593742394:[BYCMD ,0120]    bypass 10000ms 60000ms (20000ms 60000ms stored)
1593742394:[BYCMD ,0121]    valve 60000ms 12750 (60000ms 12750 stored)
1593742394:[BYCMD ,0122]    pump 60000ms 30% 10750 80% (60000ms 30% 10750 80% stored)
1593742394:[BYCMD ,0123]    rate 2mbar/s (2mbar/s stored)
1593742394:[BYCMD ,0124]    surface 500mbar (500mbar stored)
1593742394:[BYCMD ,0125]    near 1500mbar 3mbar/s (15000mbar 3mbar/s stored)
1593742394:[BYCMD ,0126]    far 2500mbar 4mbar/s (25000mbar 4mbar/s stored)
1593742394:[BYCMD ,0127]    ascent 8mbar/s (8mbar/s stored)
1593742394:[BYCMD ,0128]    dead 60s (300s stored)
1593742394:[BYCMD ,0129]    coeff 16/10 (16/10 stored)
1593742394:[BYCMD ,0130]    stab 10 (10 stored)
1593742394:[BYCMD ,0131]    delay 900s 3600s (900s 3600s stored)
1593742394:[BYCMD ,0132]    mmtime 2880min (2880min stored)
1593742394:[BYCMD ,0133]    dv_landing 100ml (100ml stored)
1593742394:[MKDCMD,0150]    p2t37: 15x2000ms, offset 140mbar
1593742394:[P2TCMD,0151]    p2t37: dp 50mbar, dt 5000mdegC
1593742395:[STAGE ,0080]Stage [0] 5000mbar (+/-500mbar) 1800s (<1800s) 
1593742395:[STAGE ,0080]Stage [1] 5000mbar (+/-500mbar) 1800s (<3600s) 
1593742395:[MAIN  ,0070]turn off bluetooth
1593742397:[PRESS ,0038]P     +0mbar,T+21236mdegC
1593742399:[PRESS ,0038]P     +0mbar,T -6340mdegC
1593742401:[PRESS ,0038]P     +0mbar,T+21236mdegC
1593742408:[PRESS ,0038]P    -10mbar,T-16723mdegC
1593742410:[PRESS ,0038]P     +0mbar,T+21236mdegC
1593742412:[PRESS ,0038]P    -20mbar,T-16723mdegC
1593742414:[PRESS ,0038]P    -10mbar,T+21236mdegC
1593742422:[PRESS ,0038]P     +0mbar,T-16723mdegC
1593742422:[DIVING,0141]diving from 0mbar, -1mbar/s
1593742422:[BYPASS,0035]bypass opening 60000ms
1593742428:[BYPASS,0104]battery 15016mV,  269010uA (bypass opening), P     +0mbar
1593742492:[BYPASS,0106]battery 15013mV,  301340uA (bypass closing), P     +0mbar
1593742494:[PRESS ,0038]P   -130mbar,T-16723mdegC
1593742496:[PRESS ,0038]P   -120mbar,T -6340mdegC
1593742498:[PRESS ,0038]P   -120mbar,T+21236mdegC
1593742503:[PRESS ,0038]P   -120mbar,T -6340mdegC
1593742505:[PRESS ,0038]P   -130mbar,T-16723mdegC
1593742507:[PRESS ,0038]P   -120mbar,T -6340mdegC
1593742509:[PRESS ,0038]P   -130mbar,T+21236mdegC
1593742510:[PRESS ,0038]P   -110mbar,T-16723mdegC
1593742512:[PRESS ,0038]P   -120mbar,T -6340mdegC
1593742514:[PRESS ,0038]P   -120mbar,T+21236mdegC
1593742516:[PRESS ,0038]P   -120mbar,T -6340mdegC
1593742519:[PRESS ,0038]P   -140mbar,T+21236mdegC
1593742519:[BYPASS,0035]bypass opening 10000ms
1593742525:[BYPASS,0104]battery 15050mV,  270352uA (bypass opening), P   -140mbar
1593742540:[BYPASS,0106]battery 15020mV,  300120uA (bypass closing), P   -140mbar
1593742545:[PRESS ,0038]P   -120mbar,T-16723mdegC
1593742547:[PRESS ,0038]P   -120mbar,T -6340mdegC
1593742549:[PRESS ,0038]P   -120mbar,T+21236mdegC
1593742550:[PRESS ,0038]P   -120mbar,T-16723mdegC
1593742552:[PRESS ,0038]P   -120mbar,T+21236mdegC
1593742554:[PRESS ,0038]P   -110mbar,T -6340mdegC
1593742556:[PRESS ,0038]P   -120mbar,T+21236mdegC
1593742558:[PRESS ,0038]P   -120mbar,T -6340mdegC
1593742565:[PRESS ,0038]P   -120mbar,T+21236mdegC
1593742566:[PRESS ,0038]P   -120mbar,T -6340mdegC
1593742567:[BYPASS,0035]bypass opening 10000ms
1593742572:[BYPASS,0104]battery 15053mV,  270596uA (bypass opening), P   -120mbar
1593742587:[BYPASS,0106]battery 15025mV,  299022uA (bypass closing), P   -120mbar
1593742588:[PRESS ,0038]P   -120mbar,T+21236mdegC
1593742592:[PRESS ,0038]P   -120mbar,T-16723mdegC
1593742594:[PRESS ,0038]P   -120mbar,T+21236mdegC
1593742596:[PRESS ,0038]P   -110mbar,T -6340mdegC
1593742597:[PRESS ,0038]P   -110mbar,T+21236mdegC
1593742603:[PRESS ,0038]P   -110mbar,T -6340mdegC
1593742605:[PRESS ,0038]P   -110mbar,T+21236mdegC
1593742608:[PRESS ,0038]P   -110mbar,T -6340mdegC
1593742610:[PRESS ,0038]P   -120mbar,T+21236mdegC
1593742614:[PRESS ,0038]P   -120mbar,T -6340mdegC
1593742614:[BYPASS,0035]bypass opening 10000ms
1593742619:[BYPASS,0104]battery 15057mV,  268400uA (bypass opening), P   -120mbar
1593742634:[BYPASS,0106]battery 15028mV,  298290uA (bypass closing), P   -120mbar
1593742635:[PRESS ,0038]P   -110mbar,T+21236mdegC
1593742639:[PRESS ,0038]P   -100mbar,T -6340mdegC
1593742641:[PRESS ,0038]P   -110mbar,T-16723mdegC
1593742643:[PRESS ,0038]P   -100mbar,T+21236mdegC
1593742644:[PRESS ,0038]P   -100mbar,T -6340mdegC
1593742646:[PRESS ,0038]P   -110mbar,T+21236mdegC
1593742648:[PRESS ,0038]P   -110mbar,T -6340mdegC
1593742653:[PRESS ,0038]P   -100mbar,T+21236mdegC
1593742659:[PRESS ,0038]P   -100mbar,T -6340mdegC
1593742661:[PRESS ,0038]P   -110mbar,T+21236mdegC
1593742661:[BYPASS,0035]bypass opening 10000ms
1593742666:[BYPASS,0104]battery 15062mV,  266936uA (bypass opening), P   -110mbar
1593742681:[BYPASS,0106]battery 15032mV,  297558uA (bypass closing), P   -110mbar
1593742691:[PRESS ,0038]P   -100mbar,T -6340mdegC
1593742697:[PRESS ,0038]P   -100mbar,T+21236mdegC
1593742700:[PRESS ,0038]P   -100mbar,T -6340mdegC
1593742704:[PRESS ,0038]P    -90mbar,T+21236mdegC
1593742707:[BYPASS,0035]bypass opening 10000ms
1593742712:[BYPASS,0104]battery 15055mV,  246806uA (bypass opening), P    -90mbar
1593742728:[BYPASS,0106]battery 15036mV,  296948uA (bypass closing), P    -90mbar
1593742733:[PRESS ,0038]P    -90mbar,T -6340mdegC
1593742736:[PRESS ,0038]P   -100mbar,T+21236mdegC
1593742738:[PRESS ,0038]P   -100mbar,T -6340mdegC
1593742740:[PRESS ,0038]P   -100mbar,T+21236mdegC
1593742747:[PRESS ,0038]P   -100mbar,T -6340mdegC
1593742749:[PRESS ,0038]P   -100mbar,T+21236mdegC
1593742751:[PRESS ,0038]P   -100mbar,T-16723mdegC
1593742753:[PRESS ,0038]P   -100mbar,T+21236mdegC
1593742754:[BYPASS,0035]bypass opening 10000ms
1593742759:[BYPASS,0104]battery 15057mV,  248392uA (bypass opening), P   -100mbar
1593742775:[BYPASS,0106]battery 15038mV,  296338uA (bypass closing), P   -100mbar
1593742776:[PRESS ,0038]P   -100mbar,T -6340mdegC
1593742782:[PRESS ,0038]P    -90mbar,T+21236mdegC
1593742783:[PRESS ,0038]P    -80mbar,T-16723mdegC
1593742789:[PRESS ,0038]P    -80mbar,T -6340mdegC
1593742791:[PRESS ,0038]P    -80mbar,T+21236mdegC
1593742792:[PRESS ,0038]P    -90mbar,T-16723mdegC
1593742794:[PRESS ,0038]P    -80mbar,T+21236mdegC
1593742796:[PRESS ,0038]P    -80mbar,T -6340mdegC
1593742798:[PRESS ,0038]P    -80mbar,T+21236mdegC
1593742801:[BYPASS,0035]bypass opening 10000ms
1593742806:[BYPASS,0104]battery 15058mV,  246928uA (bypass opening), P    -90mbar
1593742822:[BYPASS,0106]battery 15042mV,  295850uA (bypass closing), P    -90mbar
1593742823:[PRESS ,0038]P    -90mbar,T-16723mdegC
1593742825:[PRESS ,0038]P    -90mbar,T+21236mdegC
1593742832:[PRESS ,0038]P    -90mbar,T -6340mdegC
1593742834:[PRESS ,0038]P    -80mbar,T-16723mdegC
1593742836:[PRESS ,0038]P    -80mbar,T -6340mdegC
1593742841:[PRESS ,0038]P    -90mbar,T+21236mdegC
1593742843:[PRESS ,0038]P    -90mbar,T-16723mdegC
1593742845:[PRESS ,0038]P    -90mbar,T -6340mdegC
1593742847:[PRESS ,0038]P    -90mbar,T+21236mdegC
1593742848:[BYPASS,0035]bypass opening 10000ms
1593742853:[BYPASS,0104]battery 15061mV,  246928uA (bypass opening), P    -90mbar
1593742869:[BYPASS,0106]battery 15043mV,  295240uA (bypass closing), P    -90mbar
1593742874:[PRESS ,0038]P    -40mbar,T -6340mdegC
1593742876:[PRESS ,0038]P    -40mbar,T+21236mdegC
1593742883:[PRESS ,0038]P     +0mbar,T-16723mdegC
1593742885:[PRESS ,0038]P    +10mbar,T+21236mdegC
1593742886:[PRESS ,0038]P    +20mbar,T -6340mdegC
1593742890:[PRESS ,0038]P    +30mbar,T+21236mdegC
1593742895:[PRESS ,0038]P    +50mbar,T-16723mdegC
1593742898:[PRESS ,0038]P    +50mbar,T+21236mdegC
1593742901:[PRESS ,0038]P    +70mbar,T-16723mdegC
1593742904:[PRESS ,0038]P    +80mbar,T+21236mdegC
1593742909:[PRESS ,0038]P   +100mbar,T-16723mdegC
1593742912:[PRESS ,0038]P   +120mbar,T+21236mdegC
1593742923:[PRESS ,0038]P   +140mbar,T-16723mdegC
1593742926:[PRESS ,0038]P   +150mbar,T+21236mdegC
1593742932:[PRESS ,0038]P   +170mbar,T-16723mdegC
1593742937:[PRESS ,0038]P   +180mbar,T+21236mdegC
1593742940:[PRESS ,0038]P   +190mbar,T-16723mdegC
1593742943:[PRESS ,0038]P   +190mbar,T+21236mdegC
1593742948:[PRESS ,0038]P   +210mbar,T-16723mdegC
1593742951:[PRESS ,0038]P   +230mbar,T+21236mdegC
1593742959:[PRESS ,0038]P   +240mbar,T -6340mdegC
1593742962:[PRESS ,0038]P   +240mbar,T-16723mdegC
1593742968:[PRESS ,0038]P   +250mbar,T+21236mdegC
1593742979:[PRESS ,0038]P   +270mbar,T-16723mdegC
1593742982:[PRESS ,0038]P   +280mbar,T+21236mdegC
1593742990:[PRESS ,0038]P   +290mbar,T-16723mdegC
1593742993:[PRESS ,0038]P   +290mbar,T+21236mdegC
1593742998:[BYPASS,0035]bypass opening 10000ms
1593743004:[BYPASS,0104]battery 15097mV,  247660uA (bypass opening), P   +290mbar
1593743019:[BYPASS,0106]battery 15077mV,  296582uA (bypass closing), P   +290mbar
1593743025:[PRESS ,0038]P   +330mbar,T -6340mdegC
1593743027:[PRESS ,0038]P   +320mbar,T+21236mdegC
1593743029:[PRESS ,0038]P   +330mbar,T -6340mdegC
1593743030:[PRESS ,0038]P   +330mbar,T+21236mdegC
1593743034:[PRESS ,0038]P   +340mbar,T-16723mdegC
1593743036:[PRESS ,0038]P   +330mbar,T+21236mdegC
1593743045:[PRESS ,0038]P   +340mbar,T-16723mdegC
1593743046:[BYPASS,0035]bypass opening 10000ms
1593743051:[BYPASS,0104]battery 15101mV,  257420uA (bypass opening), P   +340mbar
1593743067:[BYPASS,0106]battery 15075mV,  295606uA (bypass closing), P   +340mbar
1593743068:[PRESS ,0038]P   +340mbar,T+21236mdegC
1593743077:[PRESS ,0038]P   +350mbar,T -6340mdegC
1593743081:[PRESS ,0038]P   +350mbar,T-16723mdegC
1593743083:[PRESS ,0038]P   +350mbar,T+21236mdegC
1593743084:[PRESS ,0038]P   +350mbar,T-16723mdegC
1593743086:[PRESS ,0038]P   +350mbar,T+21236mdegC
1593743090:[PRESS ,0038]P   +340mbar,T -6340mdegC
1593743092:[PRESS ,0038]P   +360mbar,T+21236mdegC
1593743093:[PRESS ,0038]P   +360mbar,T-16723mdegC
1593743093:[BYPASS,0035]bypass opening 10000ms
1593743098:[BYPASS,0104]battery 15092mV,  246684uA (bypass opening), P   +360mbar
1593743114:[BYPASS,0106]battery 15073mV,  294874uA (bypass closing), P   +360mbar
1593743115:[PRESS ,0038]P   +350mbar,T+21236mdegC
1593743117:[PRESS ,0038]P   +350mbar,T-16723mdegC
1593743119:[PRESS ,0038]P   +350mbar,T+21236mdegC
1593743133:[PRESS ,0038]P   +350mbar,T-16723mdegC
1593743135:[PRESS ,0038]P   +350mbar,T+21236mdegC
1593743137:[PRESS ,0038]P   +350mbar,T-16723mdegC
1593743139:[PRESS ,0038]P   +360mbar,T+21236mdegC
1593743140:[PRESS ,0038]P   +350mbar,T-16723mdegC
1593743140:[BYPASS,0035]bypass opening 10000ms
1593743145:[BYPASS,0104]battery 15096mV,  256078uA (bypass opening), P   +350mbar
1593743161:[BYPASS,0106]battery 15072mV,  294142uA (bypass closing), P   +350mbar
1593743162:[PRESS ,0038]P   +360mbar,T+21236mdegC
1593743171:[PRESS ,0038]P   +360mbar,T -6340mdegC
1593743173:[PRESS ,0038]P   +360mbar,T+21236mdegC
1593743178:[PRESS ,0038]P   +350mbar,T-16723mdegC
1593743180:[PRESS ,0038]P   +370mbar,T -6340mdegC
1593743182:[PRESS ,0038]P   +360mbar,T-16723mdegC
1593743186:[PRESS ,0038]P   +370mbar,T+21236mdegC
1593743187:[BYPASS,0035]bypass opening 10000ms
1593743192:[BYPASS,0104]battery 15101mV,  265228uA (bypass opening), P   +370mbar
1593743207:[BYPASS,0106]battery 15071mV,  293532uA (bypass closing), P   +370mbar
1593743213:[PRESS ,0038]P   +390mbar,T-16723mdegC
1593743215:[PRESS ,0038]P   +390mbar,T -6340mdegC
1593743216:[PRESS ,0038]P   +380mbar,T+21236mdegC
1593743220:[PRESS ,0038]P   +390mbar,T -6340mdegC
1593743224:[PRESS ,0038]P   +400mbar,T+21236mdegC
1593743229:[PRESS ,0038]P   +390mbar,T-16723mdegC
1593743231:[PRESS ,0038]P   +400mbar,T+21236mdegC
1593743234:[PRESS ,0038]P   +410mbar,T-16723mdegC
1593743234:[BYPASS,0035]bypass opening 10000ms
1593743239:[BYPASS,0104]battery 15098mV,  264496uA (bypass opening), P   +410mbar
1593743254:[BYPASS,0106]battery 15071mV,  293044uA (bypass closing), P   +410mbar
1593743256:[PRESS ,0038]P   +420mbar,T -6340mdegC
1593743258:[PRESS ,0038]P   +430mbar,T+21236mdegC
1593743260:[PRESS ,0038]P   +430mbar,T -6340mdegC
1593743262:[PRESS ,0038]P   +440mbar,T-16723mdegC
1593743263:[PRESS ,0038]P   +430mbar,T+21236mdegC
1593743265:[PRESS ,0038]P   +430mbar,T-16723mdegC
1593743267:[PRESS ,0038]P   +430mbar,T+21236mdegC
1593743271:[PRESS ,0038]P   +430mbar,T -6340mdegC
1593743272:[PRESS ,0038]P   +440mbar,T+21236mdegC
1593743274:[PRESS ,0038]P   +440mbar,T -6340mdegC
1593743276:[PRESS ,0038]P   +440mbar,T-16723mdegC
1593743278:[PRESS ,0038]P   +440mbar,T+21236mdegC
1593743280:[PRESS ,0038]P   +450mbar,T -6340mdegC
1593743281:[PRESS ,0038]P   +440mbar,T+21236mdegC
1593743282:[BYPASS,0035]bypass opening 10000ms
1593743287:[BYPASS,0104]battery 15088mV,  246928uA (bypass opening), P   +440mbar
1593743302:[BYPASS,0106]battery 15071mV,  292678uA (bypass closing), P   +440mbar
1593743312:[PRESS ,0038]P   +450mbar,T -6340mdegC
1593743316:[PRESS ,0038]P   +450mbar,T-16723mdegC
1593743318:[PRESS ,0038]P   +450mbar,T+21236mdegC
1593743319:[PRESS ,0038]P   +460mbar,T -6340mdegC
1593743321:[PRESS ,0038]P   +460mbar,T-16723mdegC
1593743323:[PRESS ,0038]P   +460mbar,T -6340mdegC
1593743325:[PRESS ,0038]P   +460mbar,T+21236mdegC
1593743328:[PRESS ,0038]P   +460mbar,T -6340mdegC
1593743328:[BYPASS,0035]bypass opening 10000ms
1593743334:[BYPASS,0104]battery 15091mV,  250100uA (bypass opening), P   +460mbar
1593743349:[BYPASS,0106]battery 15070mV,  292312uA (bypass closing), P   +460mbar
1593743350:[PRESS ,0038]P   +470mbar,T-16723mdegC
1593743352:[PRESS ,0038]P   +470mbar,T+21236mdegC
1593743354:[PRESS ,0038]P   +470mbar,T -6340mdegC
1593743356:[PRESS ,0038]P   +470mbar,T+21236mdegC
1593743358:[PRESS ,0038]P   +470mbar,T -6340mdegC
1593743359:[PRESS ,0038]P   +470mbar,T+21236mdegC
1593743363:[PRESS ,0038]P   +480mbar,T -6340mdegC
1593743365:[PRESS ,0038]P   +480mbar,T+21236mdegC
1593743374:[PRESS ,0038]P   +490mbar,T-16723mdegC
1593743375:[PRESS ,0038]P   +490mbar,T+21236mdegC
1593743376:[BYPASS,0035]bypass opening 10000ms
1593743381:[BYPASS,0104]battery 15088mV,  250466uA (bypass opening), P   +490mbar
1593743396:[BYPASS,0106]battery 15070mV,  291946uA (bypass closing), P   +490mbar
1593743401:[PRESS ,0038]P   +490mbar,T-16723mdegC
1593743403:[PRESS ,0038]P   +490mbar,T+21236mdegC
1593743410:[PRESS ,0038]P   +490mbar,T-16723mdegC
1593743412:[PRESS ,0038]P   +490mbar,T+21236mdegC
1593743415:[PRESS ,0038]P   +490mbar,T -6340mdegC
1593743419:[PRESS ,0038]P   +500mbar,T+21236mdegC
1593743421:[PRESS ,0038]P   +500mbar,T-16723mdegC
1593743422:[PRESS ,0038]P   +500mbar,T+21236mdegC
1593743424:[DIVING,0028]510mbar reached (+1mbar/s), 18 bypass done
1593743425:[MAIN  ,0056]stage[0]
1593743427:[MAIN  ,0024]internal pressure 81809Pa
1593743428:[PRESS ,0038]P   +500mbar,T -6340mdegC
1593743428:[BUOY  ,0037]P   +500mbar
1593743428:[STAGE ,0080]Stage [0] 5000mbar (+/-500mbar) 1800s (<1593745224s) 
1593743430:[PRESS ,0038]P   +510mbar,T-16723mdegC
1593743430:[BUOY  ,0087]from +1mbar/s to +4mbar/s
1593743430:[BUOY  ,0090]need to transfer -24mL (valve during 13909ms)
1593743430:[VALVE ,0034]valve opening 13909ms
1593743444:[VALVE ,0234]battery 14973mV,  489830uA, P   +510mbar
1593743491:[PRESS ,0038]P   +670mbar,T-16723mdegC
1593743492:[PRESS ,0038]P   +670mbar,T+21236mdegC
1593743499:[PRESS ,0038]P   +700mbar,T-16723mdegC
1593743501:[PRESS ,0038]P   +710mbar,T+21236mdegC
1593743505:[PRESS ,0038]P   +720mbar,T-16723mdegC
1593743507:[PRESS ,0038]P   +720mbar,T+21236mdegC
1593743510:[PRESS ,0038]P   +740mbar,T -6340mdegC
1593743512:[PRESS ,0038]P   +730mbar,T+21236mdegC
1593743516:[PRESS ,0038]P   +750mbar,T-16723mdegC
1593743576:[PRESS ,0038]P   +970mbar,T-16723mdegC
1593743578:[PRESS ,0038]P   +970mbar,T+21236mdegC
1593743587:[PRESS ,0038]P  +1000mbar,T+10851mdegC
1593743589:[PRESS ,0038]P  +1010mbar,T -6340mdegC
1593743591:[PRESS ,0038]P  +1020mbar,T+21236mdegC
1593743592:[PRESS ,0038]P  +1030mbar,T-16723mdegC
1593743594:[PRESS ,0038]P  +1040mbar,T+21236mdegC
1593743598:[PRESS ,0038]P  +1040mbar,T-16723mdegC
1593743662:[PRESS ,0038]P  +1290mbar,T+21236mdegC
1593743669:[PRESS ,0038]P  +1310mbar,T-16723mdegC
1593743673:[PRESS ,0038]P  +1320mbar,T+21236mdegC
1593743680:[PRESS ,0038]P  +1340mbar,T-16723mdegC
1593743682:[PRESS ,0038]P  +1340mbar,T -6340mdegC
1593743683:[PRESS ,0038]P  +1350mbar,T+21236mdegC
1593743685:[PRESS ,0038]P  +1360mbar,T-16723mdegC
1593743687:[PRESS ,0038]P  +1370mbar,T+21236mdegC
1593743748:[PRESS ,0038]P  +1580mbar,T+21236mdegC
1593743751:[PRESS ,0038]P  +1590mbar,T-16723mdegC
1593743755:[PRESS ,0038]P  +1590mbar,T+21236mdegC
1593743758:[PRESS ,0038]P  +1610mbar,T-16723mdegC
1593743766:[PRESS ,0038]P  +1620mbar,T+21236mdegC
1593743773:[BUOY  ,0087]from +2mbar/s to +4mbar/s
1593743773:[BUOY  ,0090]need to transfer -20mL (valve during 6375ms)
1593743773:[VALVE ,0034]valve opening 6375ms
1593743779:[VALVE ,0234]battery 15028mV,  491172uA, P  +1640mbar
1593743833:[PRESS ,0038]P  +1850mbar,T+21236mdegC
1593743841:[PRESS ,0038]P  +1870mbar,T+10851mdegC
1593743842:[PRESS ,0038]P  +1890mbar,T-16723mdegC
1593743844:[PRESS ,0038]P  +1890mbar,T+21236mdegC
1593743850:[PRESS ,0038]P  +1930mbar,T-16723mdegC
1593743851:[PRESS ,0038]P  +1930mbar,T+21236mdegC
1593743853:[PRESS ,0038]P  +1940mbar,T-16723mdegC
1593743855:[PRESS ,0038]P  +1950mbar,T+21236mdegC
1593743857:[PRESS ,0038]P  +1950mbar,T-16723mdegC
1593743859:[PRESS ,0038]P  +1970mbar,T+10851mdegC
1593743919:[PRESS ,0038]P  +2190mbar,T-16723mdegC
1593743921:[PRESS ,0038]P  +2180mbar,T+21236mdegC
1593743923:[PRESS ,0038]P  +2180mbar,T-16723mdegC
1593743926:[PRESS ,0038]P  +2180mbar,T+21236mdegC
1593743930:[PRESS ,0038]P  +2190mbar,T+10851mdegC
1593743932:[PRESS ,0038]P  +2190mbar,T-16723mdegC
1593743939:[PRESS ,0038]P  +2200mbar,T+21236mdegC
1593743941:[PRESS ,0038]P  +2190mbar,T-16723mdegC
1593743944:[PRESS ,0038]P  +2190mbar,T+21236mdegC
1593743944:<WARN>[BUOY  ,0094]stage[0] should DESCENT, stuck at 2190mbar for the #1 time
1593743944:[BUOY  ,0087]from +0mbar/s to +4mbar/s
1593743944:[BUOY  ,0090]need to transfer -26mL (valve during 7207ms)
1593743944:[VALVE ,0034]valve opening 7207ms
1593743952:[VALVE ,0234]battery 15041mV,  490928uA, P  +2190mbar
1593744005:[PRESS ,0038]P  +2270mbar,T+21236mdegC
1593744011:[PRESS ,0038]P  +2270mbar,T-16723mdegC
1593744014:[PRESS ,0038]P  +2280mbar,T+21236mdegC
1593744019:[PRESS ,0038]P  +2290mbar,T-16723mdegC
1593744025:[PRESS ,0038]P  +2300mbar,T+21236mdegC
1593744027:[PRESS ,0038]P  +2300mbar,T-16723mdegC
1593744028:[PRESS ,0038]P  +2300mbar,T+21236mdegC
1593744030:[BUOY  ,0087]from +2mbar/s to +4mbar/s
1593744030:[BUOY  ,0090]need to transfer -20mL (valve during 5313ms)
1593744030:[VALVE ,0034]valve opening 5313ms
1593744036:[VALVE ,0234]battery 15040mV,  488488uA, P  +2310mbar
1593744091:[PRESS ,0038]P  +2480mbar,T+21236mdegC
1593744095:[PRESS ,0038]P  +2490mbar,T-16723mdegC
1593744098:[PRESS ,0038]P  +2510mbar,T+10851mdegC
1593744100:[PRESS ,0038]P  +2500mbar,T-16723mdegC
1593744102:[PRESS ,0038]P  +2510mbar,T+21236mdegC
1593744109:[PRESS ,0038]P  +2530mbar,T-16723mdegC
1593744111:[PRESS ,0038]P  +2530mbar,T+21236mdegC
1593744114:[PRESS ,0038]P  +2530mbar,T-16723mdegC
1593744177:[PRESS ,0038]P  +2650mbar,T-16723mdegC
1593744182:[PRESS ,0038]P  +2660mbar,T+21236mdegC
1593744184:[PRESS ,0038]P  +2670mbar,T-16723mdegC
1593744186:[PRESS ,0038]P  +2680mbar,T+21236mdegC
1593744191:[PRESS ,0038]P  +2680mbar,T-16723mdegC
1593744193:[PRESS ,0038]P  +2680mbar,T+21236mdegC
1593744195:[PRESS ,0038]P  +2680mbar,T-16723mdegC
1593744198:[PRESS ,0038]P  +2690mbar,T+21236mdegC
1593744202:[PRESS ,0038]P  +2690mbar,T -6340mdegC
1593744262:[PRESS ,0038]P  +2740mbar,T+21236mdegC
1593744266:[PRESS ,0038]P  +2740mbar,T -6340mdegC
1593744268:[PRESS ,0038]P  +2740mbar,T-16723mdegC
1593744271:[PRESS ,0038]P  +2740mbar,T+21236mdegC
1593744275:[PRESS ,0038]P  +2740mbar,T -6340mdegC
1593744277:[PRESS ,0038]P  +2750mbar,T-16723mdegC
1593744280:[PRESS ,0038]P  +2750mbar,T+21236mdegC
1593744284:[PRESS ,0038]P  +2750mbar,T -6340mdegC
1593744286:[PRESS ,0038]P  +2760mbar,T+21236mdegC
1593744288:[BUOY  ,0087]from +1mbar/s to +3mbar/s
1593744288:[BUOY  ,0090]need to transfer -12mL (valve during 2942ms)
1593744288:[VALVE ,0034]valve opening 2942ms
1593744291:[VALVE ,0234]battery 15060mV,  491904uA, P  +2760mbar
1593744348:[PRESS ,0038]P  +2920mbar,T+21236mdegC
1593744352:[PRESS ,0038]P  +2930mbar,T -6340mdegC
1593744354:[PRESS ,0038]P  +2930mbar,T+21236mdegC
1593744371:[PRESS ,0038]P  +2980mbar,T -6340mdegC
1593744434:[PRESS ,0038]P  +3140mbar,T+21236mdegC
1593744450:[PRESS ,0038]P  +3200mbar,T+21236mdegC
1593744453:[PRESS ,0038]P  +3210mbar,T-16723mdegC
1593744455:[PRESS ,0038]P  +3210mbar,T+21236mdegC
1593744519:[PRESS ,0038]P  +3420mbar,T+21236mdegC
1593744525:[PRESS ,0038]P  +3450mbar,T -6340mdegC
1593744527:[PRESS ,0038]P  +3450mbar,T+21236mdegC
1593744528:[PRESS ,0038]P  +3450mbar,T-16723mdegC
1593744530:[PRESS ,0038]P  +3460mbar,T -6340mdegC
1593744532:[PRESS ,0038]P  +3470mbar,T+21236mdegC
1593744534:[PRESS ,0038]P  +3470mbar,T -6340mdegC
1593744536:[PRESS ,0038]P  +3470mbar,T+21236mdegC
1593744537:[PRESS ,0038]P  +3480mbar,T -6340mdegC
1593744541:[PRESS ,0038]P  +3500mbar,T+21236mdegC
1593744543:[PRESS ,0038]P  +3510mbar,T -6340mdegC
1593744545:[BUOY  ,0087]from +4mbar/s to +2mbar/s
1593744545:[BUOY  ,0089]need to transfer +20mL (pump during 24130ms)
1593744553:[PUMP  ,0207]battery 15400mV,   18910uA (warmup), P  +3510mbar
1593744553:[PUMP  ,0016]pump during 24130ms
1593744577:[PUMP  ,0212]battery 15198mV,  267668uA (steady state), P  +3510mbar
1593744609:[PRESS ,0038]P  +3660mbar,T+21236mdegC
1593744614:[PRESS ,0038]P  +3660mbar,T -6340mdegC
1593744616:[PRESS ,0038]P  +3660mbar,T+21236mdegC
1593744621:[PRESS ,0038]P  +3670mbar,T -6340mdegC
1593744630:[PRESS ,0038]P  +3670mbar,T+21236mdegC
1593744632:[PRESS ,0038]P  +3670mbar,T -6340mdegC
1593744694:[PRESS ,0038]P  +3740mbar,T -6340mdegC
1593744696:[PRESS ,0038]P  +3750mbar,T+21236mdegC
1593744701:[PRESS ,0038]P  +3760mbar,T -6340mdegC
1593744705:[PRESS ,0038]P  +3760mbar,T+21236mdegC
1593744707:[PRESS ,0038]P  +3760mbar,T -6340mdegC
1593744709:[PRESS ,0038]P  +3760mbar,T+21236mdegC
1593744710:[PRESS ,0038]P  +3760mbar,T -6340mdegC
1593744712:[PRESS ,0038]P  +3770mbar,T+21236mdegC
1593744714:[PRESS ,0038]P  +3790mbar,T -6340mdegC
1593744780:[PRESS ,0038]P  +4000mbar,T+21236mdegC
1593744782:[PRESS ,0038]P  +4000mbar,T -6340mdegC
1593744784:[PRESS ,0038]P  +4000mbar,T+21236mdegC
1593744785:[PRESS ,0038]P  +4000mbar,T -6340mdegC
1593744792:[PRESS ,0038]P  +4010mbar,T+21236mdegC
1593744794:[PRESS ,0038]P  +4020mbar,T -6340mdegC
1593744796:[PRESS ,0038]P  +4020mbar,T+21236mdegC
1593744798:[PRESS ,0038]P  +4020mbar,T -6340mdegC
1593744800:[PRESS ,0038]P  +4020mbar,T+31617mdegC
1593744801:[PRESS ,0038]P  +4030mbar,T -6340mdegC
1593744866:[PRESS ,0038]P  +4130mbar,T -6340mdegC
1593744868:[PRESS ,0038]P  +4130mbar,T+31617mdegC
1593744871:[PRESS ,0038]P  +4130mbar,T -6340mdegC
1593744880:[PRESS ,0038]P  +4140mbar,T+21236mdegC
1593744882:[PRESS ,0038]P  +4150mbar,T -6340mdegC
1593744884:[PRESS ,0038]P  +4150mbar,T+31617mdegC
1593744885:[PRESS ,0038]P  +4150mbar,T -6340mdegC
1593744887:[PRESS ,0038]P  +4150mbar,T+31617mdegC
1593744951:[PRESS ,0038]P  +4240mbar,T+31617mdegC
1593744955:[PRESS ,0038]P  +4260mbar,T -6340mdegC
1593744971:[PRESS ,0038]P  +4290mbar,T+31617mdegC
1593744973:[PRESS ,0038]P  +4300mbar,T -6340mdegC
1593744975:[PRESS ,0038]P  +4290mbar,T+31617mdegC
1593744976:[PRESS ,0038]P  +4300mbar,T -6340mdegC
1593745037:[PRESS ,0038]P  +4400mbar,T -6340mdegC
1593745039:[PRESS ,0038]P  +4410mbar,T+21236mdegC
1593745041:[PRESS ,0038]P  +4410mbar,T+31617mdegC
1593745042:[PRESS ,0038]P  +4410mbar,T+21236mdegC
1593745044:[PRESS ,0038]P  +4420mbar,T -6340mdegC
1593745046:[PRESS ,0038]P  +4410mbar,T +4038mdegC
1593745048:[PRESS ,0038]P  +4420mbar,T+31617mdegC
1593745051:[PRESS ,0038]P  +4420mbar,T -6340mdegC
1593745057:[PRESS ,0038]P  +4430mbar,T+31617mdegC
1593745060:[PRESS ,0038]P  +4430mbar,T -6340mdegC
1593745062:[PRESS ,0038]P  +4430mbar,T+31617mdegC
1593745123:[PRESS ,0038]P  +4540mbar,T+31617mdegC
1593745130:[PRESS ,0038]P  +4540mbar,T -6340mdegC
1593745135:[PRESS ,0038]P  +4560mbar,T +4038mdegC
1593745137:[PRESS ,0038]P  +4570mbar,T -6340mdegC
1593745142:[PRESS ,0038]P  +4580mbar,T+31617mdegC
1593745144:[PRESS ,0038]P  +4590mbar,T -6340mdegC
1593745148:[PRESS ,0038]P  +4600mbar,T+31617mdegC
1593745148:[STAGE ,0213]4600mbar reached at 1593745148s, ref 5000mbar +/-500mbar
1593745148:[BUOY  ,0087]from +3mbar/s to +0mbar/s
1593745148:[BUOY  ,0089]need to transfer +14mL (pump during 16862ms)
1593745156:[PUMP  ,0207]battery 15421mV,   18910uA (warmup), P  +4600mbar
1593745156:[PUMP  ,0016]pump during 16862ms
1593745172:[PUMP  ,0212]battery 15213mV,  272060uA (steady state), P  +4600mbar
1593745212:[PRESS ,0038]P  +4660mbar,T +4038mdegC
1593745215:[PRESS ,0038]P  +4660mbar,T+31617mdegC
1593745219:[PRESS ,0038]P  +4660mbar,T +4038mdegC
1593745221:[PRESS ,0038]P  +4660mbar,T+31617mdegC
1593745223:[PRESS ,0038]P  +4650mbar,T -6340mdegC
1593745224:[PRESS ,0038]P  +4660mbar,T+31617mdegC
1593745237:[PRESS ,0038]P  +4650mbar,T -6340mdegC
1593745237:[MAIN  ,0140]stage[0] complete 1813s after mission start
1593745237:[MAIN  ,0056]stage[1]
1593745239:[MAIN  ,0024]internal pressure 81246Pa
1593745240:[PRESS ,0038]P  +4650mbar,T+31617mdegC
1593745240:[BUOY  ,0037]P  +4650mbar
1593745240:[STAGE ,0080]Stage [1] 5000mbar (+/-500mbar) 1800s (<1593747024s) 
1593745242:[PRESS ,0038]P  +4650mbar,T +4038mdegC
1593745242:[STAGE ,0213]4650mbar reached at 1593745242s, ref 5000mbar +/-500mbar
1593745303:[PRESS ,0038]P  +4600mbar,T -6340mdegC
1593745303:[BUOY  ,0087]from -1mbar/s to +0mbar/s
1593745303:[BUOY  ,0090]need to transfer -2mL (valve during 381ms)
1593745303:[VALVE ,0034]valve opening 381ms
1593745363:[PRESS ,0038]P  +4580mbar,T+31617mdegC
1593745365:[PRESS ,0038]P  +4580mbar,T +4038mdegC
1593745367:[PRESS ,0038]P  +4580mbar,T+31617mdegC
1593745376:[PRESS ,0038]P  +4580mbar,T +4038mdegC
1593745378:[PRESS ,0038]P  +4580mbar,T+31617mdegC
1593745379:[PRESS ,0038]P  +4580mbar,T +4038mdegC
1593745381:[PRESS ,0038]P  +4580mbar,T+31617mdegC
1593745387:[PRESS ,0038]P  +4590mbar,T -6340mdegC
1593745388:[PRESS ,0038]P  +4590mbar,T+31617mdegC
1593745570:[PRESS ,0038]P  +4660mbar,T+31617mdegC
1593745692:[PRESS ,0038]P  +4740mbar,T+31617mdegC
1593745752:[PRESS ,0038]P  +4820mbar,T +4038mdegC
1593745874:[PRESS ,0038]P  +4930mbar,T+31617mdegC
1593745934:[PRESS ,0038]P  +4980mbar,T +4038mdegC
1593745995:[BUOY  ,0087]from +1mbar/s to +0mbar/s
1593745995:[BUOY  ,0089]need to transfer +2mL (pump during 2399ms)
1593746003:[PUMP  ,0207]battery 15443mV,   18910uA (warmup), P  +5020mbar
1593746003:[PUMP  ,0016]pump during 2399ms
1593746059:[PRESS ,0038]P  +5020mbar,T+31617mdegC
1593746064:[PRESS ,0038]P  +5020mbar,T +4038mdegC
1593746068:[PRESS ,0038]P  +5020mbar,T+31617mdegC
1593746070:[PRESS ,0038]P  +5020mbar,T-23544mdegC
1593746072:[PRESS ,0038]P  +5020mbar,T +4038mdegC
1593746073:[PRESS ,0038]P  +5020mbar,T-23544mdegC
1593746075:[PRESS ,0038]P  +5030mbar,T+31617mdegC
1593746077:[PRESS ,0038]P  +5020mbar,T +4038mdegC
1593746079:[PRESS ,0038]P  +5020mbar,T+31617mdegC
1593746081:[PRESS ,0038]P  +5020mbar,T +4038mdegC
1593746082:[PRESS ,0038]P  +5010mbar,T-23544mdegC
1593746145:[PRESS ,0038]P  +5010mbar,T +4038mdegC
1593746266:[PRESS ,0038]P  +5030mbar,T-23544mdegC
1593746327:[PRESS ,0038]P  +5050mbar,T +4038mdegC
1593746448:[PRESS ,0038]P  +5120mbar,T +4038mdegC
1593746509:[PRESS ,0038]P  +5140mbar,T-23544mdegC
1593746630:[PRESS ,0038]P  +5170mbar,T +4038mdegC
1593746691:[PRESS ,0038]P  +5150mbar,T-23544mdegC
1593746752:[PRESS ,0038]P  +5170mbar,T +4038mdegC
1593746812:[PRESS ,0038]P  +5170mbar,T-23544mdegC
1593746873:[PRESS ,0038]P  +5170mbar,T +4038mdegC
1593746994:[PRESS ,0038]P  +5210mbar,T-23544mdegC
1593747055:[PRESS ,0038]P  +5240mbar,T +4038mdegC
1593747055:[MAIN  ,0140]stage[1] complete 3631s after mission start
1593747055:[MRMAID,0188]acq already stopped
1593747115:[MSSION,0192]mission stopped, 2 stage(s) done
1593747115:[MAIN  ,0065]surfacing
1593747117:[SURFIN,0036]P  +5260mbar
1593747125:[PUMP  ,0207]battery 15461mV,   19032uA (warmup), P  +5260mbar
1593747125:[PUMP  ,0016]pump during 60000ms
1593747184:[PUMP  ,0212]battery 15236mV,  278160uA (steady state), P  +5260mbar
1593747242:[PRESS ,0038]P  +4910mbar,T +4038mdegC
1593747244:[PRESS ,0038]P  +4900mbar,T-23544mdegC
1593747246:[PRESS ,0038]P  +4890mbar,T +4038mdegC
1593747247:[PRESS ,0038]P  +4870mbar,T-23544mdegC
1593747249:[PRESS ,0038]P  +4880mbar,T +4038mdegC
1593747253:[PRESS ,0038]P  +4850mbar,T+14411mdegC
1593747255:[PRESS ,0038]P  +4840mbar,T +4038mdegC
1593747258:[PRESS ,0038]P  +4830mbar,T-23544mdegC
1593747262:[PRESS ,0038]P  +4820mbar,T +4038mdegC
1593747265:[PRESS ,0038]P  +4800mbar,T+31617mdegC
1593747267:[PRESS ,0038]P  +4790mbar,T +4038mdegC
1593747275:[PUMP  ,0207]battery 15382mV,   19032uA (warmup), P  +4790mbar
1593747275:[PUMP  ,0016]pump during 60000ms
1593747334:[PUMP  ,0212]battery 15160mV,  279990uA (steady state), P  +4790mbar
1593747392:[PRESS ,0038]P  +4090mbar,T-23544mdegC
1593747394:[PRESS ,0038]P  +4070mbar,T +4038mdegC
1593747397:[PRESS ,0038]P  +4050mbar,T+14411mdegC
1593747399:[PRESS ,0038]P  +4030mbar,T-23544mdegC
1593747406:[PRESS ,0038]P  +4010mbar,T +4038mdegC
1593747408:[PRESS ,0038]P  +3990mbar,T-23544mdegC
1593747412:[PRESS ,0038]P  +3960mbar,T +4038mdegC
1593747414:[PRESS ,0038]P  +3950mbar,T-23544mdegC
1593747425:[PUMP  ,0207]battery 15325mV,   19032uA (warmup), P  +3920mbar
1593747425:[PUMP  ,0016]pump during 60000ms
1593747484:[PUMP  ,0212]battery 15108mV,  275598uA (steady state), P  +3920mbar
1593747542:[PRESS ,0038]P  +3150mbar,T-23544mdegC
1593747545:[PRESS ,0038]P  +3120mbar,T +4038mdegC
1593747547:[PRESS ,0038]P  +3110mbar,T-23544mdegC
1593747551:[PRESS ,0038]P  +3090mbar,T+14411mdegC
1593747553:[PRESS ,0038]P  +3080mbar,T-23544mdegC
1593747556:[PRESS ,0038]P  +3060mbar,T+14411mdegC
1593747558:[PRESS ,0038]P  +3050mbar,T +4038mdegC
1593747560:[PRESS ,0038]P  +3030mbar,T-23544mdegC
1593747563:[PRESS ,0038]P  +3010mbar,T+14411mdegC
1593747565:[PRESS ,0038]P  +3000mbar,T-23544mdegC
1593747575:[PUMP  ,0207]battery 15285mV,   19032uA (warmup), P  +2990mbar
1593747575:[PUMP  ,0016]pump during 60000ms
1593747634:[PUMP  ,0212]battery 15073mV,  268522uA (steady state), P  +2990mbar
1593747692:[PRESS ,0038]P  +2170mbar,T-23544mdegC
1593747697:[PRESS ,0038]P  +2150mbar,T +4038mdegC
1593747699:[PRESS ,0038]P  +2160mbar,T-23544mdegC
1593747701:[PRESS ,0038]P  +2150mbar,T+14411mdegC
1593747703:[PRESS ,0038]P  +2130mbar,T-23544mdegC
1593747706:[PRESS ,0038]P  +2130mbar,T+14411mdegC
1593747708:[PRESS ,0038]P  +2120mbar,T-23544mdegC
1593747710:[PRESS ,0038]P  +2110mbar,T +4038mdegC
1593747712:[PRESS ,0038]P  +2110mbar,T-23544mdegC
1593747713:[PRESS ,0038]P  +2090mbar,T +4038mdegC
1593747715:[PRESS ,0038]P  +2100mbar,T-23544mdegC
1593747725:[PUMP  ,0207]battery 15258mV,   19032uA (warmup), P  +2080mbar
1593747725:[PUMP  ,0016]pump during 60000ms
1593747784:[PUMP  ,0212]battery 15047mV,  266570uA (steady state), P  +2080mbar
1593747842:[PRESS ,0038]P  +1410mbar,T +4038mdegC
1593747844:[PRESS ,0038]P  +1390mbar,T-23544mdegC
1593747853:[PRESS ,0038]P  +1340mbar,T +4038mdegC
1593747856:[PRESS ,0038]P  +1310mbar,T-23544mdegC
1593747858:[PRESS ,0038]P  +1300mbar,T +4038mdegC
1593747860:[PRESS ,0038]P  +1290mbar,T-23544mdegC
1593747865:[PRESS ,0038]P  +1270mbar,T+14411mdegC
1593747867:[PRESS ,0038]P  +1260mbar,T-23544mdegC
1593747875:[PUMP  ,0207]battery 15241mV,   19032uA (warmup), P  +1260mbar
1593747875:[PUMP  ,0016]pump during 60000ms
1593747934:[PUMP  ,0212]battery 15035mV,  258274uA (steady state), P  +1260mbar
1593747992:[PRESS ,0038]P   +170mbar,T +4038mdegC
1593747993:[PRESS ,0038]P   +160mbar,T-23544mdegC
1593747997:[PRESS ,0038]P   +120mbar,T+14411mdegC
1593747999:[PRESS ,0038]P   +100mbar,T-23544mdegC
1593748001:[PRESS ,0038]P    +80mbar,T +4038mdegC
1593748002:[PRESS ,0038]P    +60mbar,T-23544mdegC
1593748008:[PRESS ,0038]P    +10mbar,T +4038mdegC
1593748010:[PRESS ,0038]P    -10mbar,T-23544mdegC
1593748013:[PRESS ,0038]P    -20mbar,T +4038mdegC
1593748015:[PRESS ,0038]P    -50mbar,T-23544mdegC
1593748017:[PRESS ,0038]P    -70mbar,T +4038mdegC
1593748020:[PRESS ,0038]P    -90mbar,T-23544mdegC
1593748020:[SURFIN,0020]filling external bladder
1593748029:[PUMP  ,0207]battery 15231mV,   19154uA (warmup), P    -90mbar
1593748029:[PUMP  ,0016]pump during 300000ms
1593748327:[PUMP  ,0212]battery 14743mV,  798978uA (steady state), P    -90mbar
1593748338:[PUMP  ,0207]battery 14788mV,   18788uA (warmup), P    -90mbar
1593748338:[PUMP  ,0016]pump during 300000ms
1593748434:[PUMP  ,0212]battery 14451mV,  755912uA (steady state), P    -90mbar
1593748436:[SURFIN,0019]external bladder full
1593748438:[PRESS ,0038]P   +140mbar,T+31617mdegC
1593748447:[PRESS ,0038]P   +140mbar,T +4038mdegC
1593748450:[PRESS ,0038]P   +150mbar,T+14411mdegC
1593748452:[PRESS ,0038]P   +140mbar,T +4038mdegC
1593748454:[PRESS ,0038]P   +140mbar,T+31617mdegC
1593748456:[PRESS ,0038]P   +140mbar,T +4038mdegC
1593748458:[PRESS ,0038]P   +140mbar,T+31617mdegC
1593748459:[PRESS ,0038]P   +140mbar,T +4038mdegC
1593748461:[PRESS ,0038]P   +140mbar,T+31617mdegC
1593748499:[MAIN  ,0272]Vbat 14981mV (min 14866mV)
1593748501:[MAIN  ,0024]internal pressure 78397Pa
1593748501:[MAIN  ,0043]Pext 140mbar (rng 20mbar)
1593748501:[MAIN  ,0064]surface
1593748516:[SURF  ,0022]GPS fix...
1593748536:[SURF  ,0015]10 PPS detected...
1593748537:[MRMAID,0052]Mermaid $GPSACK:+0,+0,+0,+0,+0,+1,-999847;
1593748547:[MRMAID,0052]Mermaid $GPSOFF:3686312;
1593748548:[GPSFIX,0179]-1s diff
1593748549:[SURF  ,0222]2020-07-03T03:55:49
1593748549:[SURF  ,0082]Latitude : N43deg40.937mn, Longitude :E007deg19.178mn
1593748549:[SURF  ,0223]fix3D,10satellites
1593748549:[SURF  ,0084]GPS fix GPGSA : hdop0.710,vdop1.090
1593748559:[SURF  ,0274]last almanac : 60828
1593748572:[MRMAID,0026]1563 bytes in 0059/5EFEAC54.MER
1593748578:[MAIN  ,0320]New pressure offset: 140mbar
1593748578:[LOGBIN,0078]*** switching to 0059/5EFEAC62 ***
