1593734733:[MAIN  ,0007]buoy 452.120-R-0059
1593734733:[MAIN  ,0055]soft pilotage 452.012.300_V2.20-20200612
1593734733:[MAIN  ,0010]cycle 8
1593734733:[SURF  ,0225]surface2
1593734744:[SURF  ,0022]GPS fix...
1593734764:[SURF  ,0015]10 PPS detected...
1593734765:[MRMAID,0052]Mermaid $GPSACK:+0,+0,+0,+0,+0,+0,+0;
1593734775:[MRMAID,0052]Mermaid $GPSOFF:3686312;
1593734776:[GPSFIX,0179]-1s diff
1593734777:[SURF  ,0222]2020-07-03T00:06:17
1593734777:[SURF  ,0082]Latitude : N43deg40.937mn, Longitude :E007deg19.177mn
1593734777:[SURF  ,0223]fix3D,7satellites
1593734777:[SURF  ,0084]GPS fix GPGSA : hdop0.990,vdop1.530
1593734787:[SURF  ,0025]Iridium...
1593734827:[SURF  ,0009]connected in 40s, signal quality 5
1593734884:[SURF  ,0218]prompt received, remote cmd end
1593734884:[SURF  ,0012]10 cmd(s) received
1593734904:[UPLOAD,0248]Upload data files...
1593734950:[UPLOAD,0231]"0059/5EFE7640.MER" uploaded at 39bytes/s
1593735050:[UPLOAD,0231]"0059/5EFE5C0F.BIN" uploaded at 140bytes/s
1593735066:[MAIN  ,0013]2 file(s) uploaded
1593735097:[SURF  ,0014]disconnected after 310s
1593735102:[SURFIN,0020]filling external bladder
1593735110:[PUMP  ,0207]battery 15097mV,   18300uA (warmup), P   +140mbar
1593735110:[PUMP  ,0016]pump during 300000ms
1593735119:[PUMP  ,0212]battery 14692mV,  764574uA (steady state), P   +140mbar
1593735121:[SURFIN,0019]external bladder full
1593735121:[SURF  ,0227]1st complete transfer
1593735379:[SURF  ,0022]GPS fix...
1593735399:[SURF  ,0015]10 PPS detected...
1593735400:[MRMAID,0052]Mermaid $GPSACK:+0,+0,+0,+0,+0,+0,+0;
1593735410:[MRMAID,0052]Mermaid $GPSOFF:3686312;
1593735411:[GPSFIX,0179]-1s diff
1593735412:[SURF  ,0222]2020-07-03T00:16:52
1593735412:[SURF  ,0082]Latitude : N43deg40.936mn, Longitude :E007deg19.177mn
1593735412:[SURF  ,0223]fix3D,7satellites
1593735412:[SURF  ,0084]GPS fix GPGSA : hdop1.010,vdop1.510
1593735422:[SURF  ,0025]Iridium...
1593735460:[SURF  ,0009]connected in 38s, signal quality 5
1593735516:[SURF  ,0218]prompt received, remote cmd end
1593735516:[SURF  ,0012]10 cmd(s) received
1593735556:[SURF  ,0014]disconnected after 134s
1593735561:[SURFIN,0020]filling external bladder
1593735569:[PUMP  ,0207]battery 15200mV,   18300uA (warmup), P   +140mbar
1593735569:[PUMP  ,0016]pump during 300000ms
1593735577:[PUMP  ,0212]battery 14778mV,  763842uA (steady state), P   +140mbar
1593735579:[SURFIN,0019]external bladder full
1593735579:[SURF  ,0226]Go dive (Minimum surface delay expired and no more file to upload)
1593735590:[SURF  ,0022]GPS fix...
1593735610:[SURF  ,0015]10 PPS detected...
1593735611:[MRMAID,0052]Mermaid $GPSACK:+0,+0,+0,+0,+0,+0,+0;
1593735621:[MRMAID,0052]Mermaid $GPSOFF:3686312;
1593735622:[GPSFIX,0179]-1s diff
1593735623:[SURF  ,0222]2020-07-03T00:20:23
1593735623:[SURF  ,0082]Latitude : N43deg40.936mn, Longitude :E007deg19.177mn
1593735623:[SURF  ,0223]fix3D,7satellites
1593735623:[SURF  ,0084]GPS fix GPGSA : hdop1.010,vdop1.480
1593735640:[MAIN  ,0024]internal pressure 78529Pa
1593735641:[BYCMD ,0107]    FreeRTOS V8.2.3
1593735641:[BYCMD ,0108]    FatFS v11a
1593735641:[BYCMD ,0120]    bypass 10000ms 60000ms (20000ms 60000ms stored)
1593735641:[BYCMD ,0121]    valve 60000ms 12750 (60000ms 12750 stored)
1593735641:[BYCMD ,0122]    pump 60000ms 30% 10750 80% (60000ms 30% 10750 80% stored)
1593735641:[BYCMD ,0123]    rate 2mbar/s (2mbar/s stored)
1593735641:[BYCMD ,0124]    surface 500mbar (500mbar stored)
1593735641:[BYCMD ,0125]    near 1500mbar 3mbar/s (15000mbar 3mbar/s stored)
1593735641:[BYCMD ,0126]    far 2500mbar 4mbar/s (25000mbar 4mbar/s stored)
1593735641:[BYCMD ,0127]    ascent 8mbar/s (8mbar/s stored)
1593735641:[BYCMD ,0128]    dead 60s (300s stored)
1593735641:[BYCMD ,0129]    coeff 16/10 (16/10 stored)
1593735641:[BYCMD ,0130]    stab 10 (10 stored)
1593735641:[BYCMD ,0131]    delay 900s 3600s (900s 3600s stored)
1593735641:[BYCMD ,0132]    mmtime 2880min (2880min stored)
1593735641:[BYCMD ,0133]    dv_landing 100ml (100ml stored)
1593735641:[MKDCMD,0150]    p2t37: 15x2000ms, offset 143mbar
1593735641:[P2TCMD,0151]    p2t37: dp 50mbar, dt 5000mdegC
1593735642:[STAGE ,0080]Stage [0] 5000mbar (+/-500mbar) 1800s (<1800s) 
1593735642:[STAGE ,0080]Stage [1] 5000mbar (+/-500mbar) 1800s (<3600s) 
1593735642:[MAIN  ,0070]turn off bluetooth
1593735644:[PRESS ,0038]P    -13mbar,T -6340mdegC
1593735646:[PRESS ,0038]P     -3mbar,T+21236mdegC
1593735648:[PRESS ,0038]P    -13mbar,T-16723mdegC
1593735650:[PRESS ,0038]P    -13mbar,T+21236mdegC
1593735653:[PRESS ,0038]P     -3mbar,T-16723mdegC
1593735655:[PRESS ,0038]P     -3mbar,T+21236mdegC
1593735661:[PRESS ,0038]P     -3mbar,T -6340mdegC
1593735662:[PRESS ,0038]P     -3mbar,T+21236mdegC
1593735668:[PRESS ,0038]P     -3mbar,T -6340mdegC
1593735669:[PRESS ,0038]P     -3mbar,T+21236mdegC
1593735670:[DIVING,0141]diving from -3mbar, +0mbar/s
1593735670:[BYPASS,0035]bypass opening 60000ms
1593735675:[BYPASS,0104]battery 15018mV,  267180uA (bypass opening), P     -3mbar
1593735740:[BYPASS,0106]battery 15017mV,  301340uA (bypass closing), P     -3mbar
1593735741:[PRESS ,0038]P   -123mbar,T+21236mdegC
1593735745:[PRESS ,0038]P   -123mbar,T -6340mdegC
1593735747:[PRESS ,0038]P   -123mbar,T+21236mdegC
1593735752:[PRESS ,0038]P   -133mbar,T -6340mdegC
1593735754:[PRESS ,0038]P   -123mbar,T+21236mdegC
1593735765:[PRESS ,0038]P   -123mbar,T -6340mdegC
1593735766:[PRESS ,0038]P   -123mbar,T+21236mdegC
1593735766:[BYPASS,0035]bypass opening 10000ms
1593735771:[BYPASS,0104]battery 15050mV,  266082uA (bypass opening), P   -123mbar
1593735786:[BYPASS,0106]battery 15022mV,  299998uA (bypass closing), P   -123mbar
1593735788:[PRESS ,0038]P   -123mbar,T-16723mdegC
1593735790:[PRESS ,0038]P   -133mbar,T+21236mdegC
1593735792:[PRESS ,0038]P   -133mbar,T -6340mdegC
1593735795:[PRESS ,0038]P   -133mbar,T+21236mdegC
1593735797:[PRESS ,0038]P   -123mbar,T -6340mdegC
1593735801:[PRESS ,0038]P   -123mbar,T+31617mdegC
1593735803:[PRESS ,0038]P   -123mbar,T-16723mdegC
1593735804:[PRESS ,0038]P   -133mbar,T -6340mdegC
1593735806:[PRESS ,0038]P   -133mbar,T-16723mdegC
1593735808:[PRESS ,0038]P   -133mbar,T+21236mdegC
1593735813:[BYPASS,0035]bypass opening 10000ms
1593735818:[BYPASS,0104]battery 15048mV,  256444uA (bypass opening), P   -123mbar
1593735834:[BYPASS,0106]battery 15026mV,  299022uA (bypass closing), P   -123mbar
1593735835:[PRESS ,0038]P   -123mbar,T-16723mdegC
1593735837:[PRESS ,0038]P   -123mbar,T+21236mdegC
1593735850:[PRESS ,0038]P   -123mbar,T -6340mdegC
1593735853:[PRESS ,0038]P   -123mbar,T+21236mdegC
1593735855:[PRESS ,0038]P   -123mbar,T-16723mdegC
1593735857:[PRESS ,0038]P   -123mbar,T -6340mdegC
1593735859:[PRESS ,0038]P   -123mbar,T+21236mdegC
1593735860:[BYPASS,0035]bypass opening 10000ms
1593735865:[BYPASS,0104]battery 15051mV,  251808uA (bypass opening), P   -113mbar
1593735880:[BYPASS,0106]battery 15031mV,  298168uA (bypass closing), P   -113mbar
1593735889:[PRESS ,0038]P   -113mbar,T -6340mdegC
1593735893:[PRESS ,0038]P   -103mbar,T+21236mdegC
1593735895:[PRESS ,0038]P   -113mbar,T -6340mdegC
1593735897:[PRESS ,0038]P   -123mbar,T+21236mdegC
1593735900:[PRESS ,0038]P   -113mbar,T-16723mdegC
1593735902:[PRESS ,0038]P   -123mbar,T -6340mdegC
1593735904:[PRESS ,0038]P   -113mbar,T+21236mdegC
1593735906:[PRESS ,0038]P   -123mbar,T -6340mdegC
1593735907:[PRESS ,0038]P   -113mbar,T+21236mdegC
1593735907:[BYPASS,0035]bypass opening 10000ms
1593735912:[BYPASS,0104]battery 15063mV,  269498uA (bypass opening), P   -113mbar
1593735927:[BYPASS,0106]battery 15033mV,  297436uA (bypass closing), P   -113mbar
1593735933:[PRESS ,0038]P   -113mbar,T-16723mdegC
1593735935:[PRESS ,0038]P   -113mbar,T -6340mdegC
1593735936:[PRESS ,0038]P   -113mbar,T+21236mdegC
1593735938:[PRESS ,0038]P   -103mbar,T -6340mdegC
1593735940:[PRESS ,0038]P   -103mbar,T+21236mdegC
1593735942:[PRESS ,0038]P   -103mbar,T -6340mdegC
1593735945:[PRESS ,0038]P   -103mbar,T+21236mdegC
1593735947:[PRESS ,0038]P    -93mbar,T-16723mdegC
1593735949:[PRESS ,0038]P    -93mbar,T+21236mdegC
1593735954:[PRESS ,0038]P    -93mbar,T -6340mdegC
1593735954:[BYPASS,0035]bypass opening 10000ms
1593735959:[BYPASS,0104]battery 15067mV,  269742uA (bypass opening), P    -93mbar
1593735975:[BYPASS,0106]battery 15037mV,  296826uA (bypass closing), P    -93mbar
1593735976:[PRESS ,0038]P   -103mbar,T+21236mdegC
1593735978:[PRESS ,0038]P   -103mbar,T-16723mdegC
1593735980:[PRESS ,0038]P   -103mbar,T+21236mdegC
1593735982:[PRESS ,0038]P   -103mbar,T -6340mdegC
1593735984:[PRESS ,0038]P    -93mbar,T+21236mdegC
1593735992:[PRESS ,0038]P   -103mbar,T -6340mdegC
1593735994:[PRESS ,0038]P   -103mbar,T+31617mdegC
1593735996:[PRESS ,0038]P   -113mbar,T+21236mdegC
1593736001:[BYPASS,0035]bypass opening 10000ms
1593736006:[BYPASS,0104]battery 15058mV,  248636uA (bypass opening), P   -103mbar
1593736021:[BYPASS,0106]battery 15040mV,  296338uA (bypass closing), P   -103mbar
1593736027:[PRESS ,0038]P   -103mbar,T-16723mdegC
1593736029:[PRESS ,0038]P    -93mbar,T -6340mdegC
1593736030:[PRESS ,0038]P    -93mbar,T-16723mdegC
1593736032:[PRESS ,0038]P    -93mbar,T -6340mdegC
1593736034:[PRESS ,0038]P    -93mbar,T+21236mdegC
1593736046:[PRESS ,0038]P   -103mbar,T -6340mdegC
1593736048:[PRESS ,0038]P    -93mbar,T+21236mdegC
1593736048:[BYPASS,0035]bypass opening 10000ms
1593736053:[BYPASS,0104]battery 15067mV,  260714uA (bypass opening), P    -93mbar
1593736068:[BYPASS,0106]battery 15042mV,  295728uA (bypass closing), P    -93mbar
1593736070:[PRESS ,0038]P   -103mbar,T -6340mdegC
1593736072:[PRESS ,0038]P   -103mbar,T+21236mdegC
1593736077:[PRESS ,0038]P   -103mbar,T -6340mdegC
1593736079:[PRESS ,0038]P    -93mbar,T-16723mdegC
1593736083:[PRESS ,0038]P    -83mbar,T -6340mdegC
1593736085:[PRESS ,0038]P    -93mbar,T+21236mdegC
1593736086:[PRESS ,0038]P    -93mbar,T -6340mdegC
1593736088:[PRESS ,0038]P    -93mbar,T+21236mdegC
1593736093:[PRESS ,0038]P    -93mbar,T-16723mdegC
1593736095:[PRESS ,0038]P    -83mbar,T+21236mdegC
1593736095:[BYPASS,0035]bypass opening 10000ms
1593736100:[BYPASS,0104]battery 15070mV,  260592uA (bypass opening), P    -83mbar
1593736115:[BYPASS,0106]battery 15045mV,  295118uA (bypass closing), P    -83mbar
1593736119:[PRESS ,0038]P    -63mbar,T -6340mdegC
1593736121:[PRESS ,0038]P    -73mbar,T+21236mdegC
1593736130:[PRESS ,0038]P    -43mbar,T -6340mdegC
1593736132:[PRESS ,0038]P    -43mbar,T+21236mdegC
1593736135:[PRESS ,0038]P    -43mbar,T-16723mdegC
1593736137:[PRESS ,0038]P    -33mbar,T -6340mdegC
1593736140:[PRESS ,0038]P    -33mbar,T+21236mdegC
1593736151:[BYPASS,0035]bypass opening 10000ms
1593736156:[BYPASS,0104]battery 15070mV,  249368uA (bypass opening), P    -33mbar
1593736171:[BYPASS,0106]battery 15050mV,  294874uA (bypass closing), P    -33mbar
1593736172:[PRESS ,0038]P    +37mbar,T+21236mdegC
1593736178:[PRESS ,0038]P    +77mbar,T-16723mdegC
1593736180:[PRESS ,0038]P    +87mbar,T+21236mdegC
1593736187:[PRESS ,0038]P   +147mbar,T+21236mdegC
1593736189:[PRESS ,0038]P   +157mbar,T -6340mdegC
1593736190:[PRESS ,0038]P   +167mbar,T+21236mdegC
1593736196:[PRESS ,0038]P   +197mbar,T -6340mdegC
1593736197:[PRESS ,0038]P   +217mbar,T+21236mdegC
1593736209:[PRESS ,0038]P   +277mbar,T+21236mdegC
1593736214:[PRESS ,0038]P   +327mbar,T-16723mdegC
1593736217:[PRESS ,0038]P   +337mbar,T+21236mdegC
1593736223:[PRESS ,0038]P   +377mbar,T -6340mdegC
1593736225:[PRESS ,0038]P   +387mbar,T-16723mdegC
1593736228:[PRESS ,0038]P   +417mbar,T+21236mdegC
1593736231:[PRESS ,0038]P   +417mbar,T-16723mdegC
1593736234:[PRESS ,0038]P   +437mbar,T -6340mdegC
1593736237:[PRESS ,0038]P   +457mbar,T-16723mdegC
1593736239:[PRESS ,0038]P   +477mbar,T+21236mdegC
1593736245:[PRESS ,0038]P   +507mbar,T -6340mdegC
1593736247:[PRESS ,0038]P   +517mbar,T+21236mdegC
1593736247:[DIVING,0028]517mbar reached (+6mbar/s), 10 bypass done
1593736247:[MAIN  ,0056]stage[0]
1593736250:[MAIN  ,0024]internal pressure 82113Pa
1593736250:[BUOY  ,0037]P   +537mbar
1593736250:[STAGE ,0080]Stage [0] 5000mbar (+/-500mbar) 1800s (<1593738047s) 
1593736313:[PRESS ,0038]P   +897mbar,T-16723mdegC
1593736315:[PRESS ,0038]P   +907mbar,T+21236mdegC
1593736318:[PRESS ,0038]P   +927mbar,T-16723mdegC
1593736320:[PRESS ,0038]P   +937mbar,T -6340mdegC
1593736322:[PRESS ,0038]P   +947mbar,T+21236mdegC
1593736324:[PRESS ,0038]P   +957mbar,T-16723mdegC
1593736325:[PRESS ,0038]P   +957mbar,T+21236mdegC
1593736329:[PRESS ,0038]P   +977mbar,T-16723mdegC
1593736331:[PRESS ,0038]P   +997mbar,T+21236mdegC
1593736333:[PRESS ,0038]P  +1017mbar,T+10851mdegC
1593736334:[PRESS ,0038]P  +1027mbar,T-16723mdegC
1593736336:[PRESS ,0038]P  +1037mbar,T+21236mdegC
1593736338:[PRESS ,0038]P  +1047mbar,T-16723mdegC
1593736399:[PRESS ,0038]P  +1417mbar,T+21236mdegC
1593736406:[PRESS ,0038]P  +1457mbar,T-16723mdegC
1593736408:[PRESS ,0038]P  +1467mbar,T+21236mdegC
1593736415:[PRESS ,0038]P  +1527mbar,T-16723mdegC
1593736420:[PRESS ,0038]P  +1547mbar,T+21236mdegC
1593736484:[PRESS ,0038]P  +1927mbar,T+21236mdegC
1593736488:[PRESS ,0038]P  +1947mbar,T-16723mdegC
1593736490:[PRESS ,0038]P  +1947mbar,T+21236mdegC
1593736493:[PRESS ,0038]P  +1967mbar,T-16723mdegC
1593736495:[PRESS ,0038]P  +1987mbar,T+21236mdegC
1593736497:[PRESS ,0038]P  +1997mbar,T-16723mdegC
1593736499:[PRESS ,0038]P  +2007mbar,T+21236mdegC
1593736500:[PRESS ,0038]P  +2017mbar,T-16723mdegC
1593736506:[PRESS ,0038]P  +2057mbar,T+21236mdegC
1593736508:[PRESS ,0038]P  +2067mbar,T-16723mdegC
1593736509:[PRESS ,0038]P  +2077mbar,T -6340mdegC
1593736570:[PRESS ,0038]P  +2307mbar,T+21236mdegC
1593736572:[PRESS ,0038]P  +2317mbar,T-16723mdegC
1593736574:[PRESS ,0038]P  +2317mbar,T+21236mdegC
1593736579:[PRESS ,0038]P  +2317mbar,T-16723mdegC
1593736583:[PRESS ,0038]P  +2327mbar,T+21236mdegC
1593736584:[PRESS ,0038]P  +2327mbar,T-16723mdegC
1593736590:[PRESS ,0038]P  +2337mbar,T+21236mdegC
1593736592:[PRESS ,0038]P  +2347mbar,T-16723mdegC
1593736593:[PRESS ,0038]P  +2347mbar,T+21236mdegC
1593736595:[PRESS ,0038]P  +2337mbar,T-16723mdegC
1593736595:[BUOY  ,0087]from +1mbar/s to +4mbar/s
1593736595:[BUOY  ,0090]need to transfer -24mL (valve during 6375ms)
1593736595:[VALVE ,0034]valve opening 6375ms
1593736602:[VALVE ,0234]battery 15038mV,  491416uA, P  +2337mbar
1593736656:[PRESS ,0038]P  +2537mbar,T-16723mdegC
1593736660:[PRESS ,0038]P  +2557mbar,T+21236mdegC
1593736674:[PRESS ,0038]P  +2597mbar,T+10851mdegC
1593736676:[PRESS ,0038]P  +2607mbar,T+21236mdegC
1593736742:[PRESS ,0038]P  +2797mbar,T+21236mdegC
1593736747:[PRESS ,0038]P  +2807mbar,T-16723mdegC
1593736749:[PRESS ,0038]P  +2807mbar,T+21236mdegC
1593736751:[PRESS ,0038]P  +2817mbar,T -6340mdegC
1593736752:[PRESS ,0038]P  +2817mbar,T+21236mdegC
1593736758:[PRESS ,0038]P  +2847mbar,T-16723mdegC
1593736759:[PRESS ,0038]P  +2847mbar,T+21236mdegC
1593736761:[PRESS ,0038]P  +2847mbar,T-16723mdegC
1593736763:[PRESS ,0038]P  +2847mbar,T+21236mdegC
1593736765:[PRESS ,0038]P  +2857mbar,T-16723mdegC
1593736767:[PRESS ,0038]P  +2867mbar,T+21236mdegC
1593736827:[PRESS ,0038]P  +3027mbar,T+21236mdegC
1593736831:[PRESS ,0038]P  +3037mbar,T -6340mdegC
1593736833:[PRESS ,0038]P  +3037mbar,T+21236mdegC
1593736835:[PRESS ,0038]P  +3037mbar,T -6340mdegC
1593736836:[PRESS ,0038]P  +3037mbar,T+21236mdegC
1593736840:[PRESS ,0038]P  +3037mbar,T-16723mdegC
1593736847:[PRESS ,0038]P  +3037mbar,T+21236mdegC
1593736849:[PRESS ,0038]P  +3037mbar,T-16723mdegC
1593736851:[PRESS ,0038]P  +3037mbar,T+21236mdegC
1593736852:[PRESS ,0038]P  +3047mbar,T-16723mdegC
1593736853:<WARN>[BUOY  ,0094]stage[0] should DESCENT, stuck at 3047mbar for the #1 time
1593736853:[BUOY  ,0087]from +0mbar/s to +3mbar/s
1593736853:[BUOY  ,0090]need to transfer -14mL (valve during 3245ms)
1593736853:[VALVE ,0034]valve opening 3245ms
1593736856:[VALVE ,0234]battery 15057mV,  491782uA, P  +3047mbar
1593736913:[PRESS ,0038]P  +3127mbar,T+21236mdegC
1593736926:[PRESS ,0038]P  +3147mbar,T-16723mdegC
1593736928:[PRESS ,0038]P  +3157mbar,T+21236mdegC
1593736931:[PRESS ,0038]P  +3177mbar,T -6340mdegC
1593736933:[PRESS ,0038]P  +3167mbar,T-16723mdegC
1593736935:[PRESS ,0038]P  +3177mbar,T+21236mdegC
1593736938:[PRESS ,0038]P  +3187mbar,T -6340mdegC
1593736999:[PRESS ,0038]P  +3297mbar,T+21236mdegC
1593737008:[PRESS ,0038]P  +3337mbar,T -6340mdegC
1593737010:[PRESS ,0038]P  +3337mbar,T-16723mdegC
1593737012:[PRESS ,0038]P  +3347mbar,T+21236mdegC
1593737085:[PRESS ,0038]P  +3547mbar,T+21236mdegC
1593737088:[PRESS ,0038]P  +3567mbar,T -6340mdegC
1593737090:[PRESS ,0038]P  +3577mbar,T+21236mdegC
1593737092:[PRESS ,0038]P  +3577mbar,T-16723mdegC
1593737094:[PRESS ,0038]P  +3587mbar,T -6340mdegC
1593737095:[PRESS ,0038]P  +3597mbar,T+21236mdegC
1593737097:[PRESS ,0038]P  +3607mbar,T -6340mdegC
1593737099:[PRESS ,0038]P  +3607mbar,T+21236mdegC
1593737104:[PRESS ,0038]P  +3617mbar,T -6340mdegC
1593737106:[PRESS ,0038]P  +3627mbar,T+21236mdegC
1593737108:[PRESS ,0038]P  +3637mbar,T -6340mdegC
1593737110:[PRESS ,0038]P  +3637mbar,T-16723mdegC
1593737170:[PRESS ,0038]P  +3867mbar,T -6340mdegC
1593737174:[PRESS ,0038]P  +3887mbar,T+21236mdegC
1593737176:[PRESS ,0038]P  +3897mbar,T+31617mdegC
1593737178:[PRESS ,0038]P  +3897mbar,T -6340mdegC
1593737179:[PRESS ,0038]P  +3907mbar,T+21236mdegC
1593737181:[PRESS ,0038]P  +3917mbar,T -6340mdegC
1593737183:[PRESS ,0038]P  +3927mbar,T+21236mdegC
1593737185:[PRESS ,0038]P  +3947mbar,T -6340mdegC
1593737194:[PRESS ,0038]P  +3987mbar,T+21236mdegC
1593737196:[PRESS ,0038]P  +3987mbar,T -6340mdegC
1593737196:[BUOY  ,0087]from +5mbar/s to +2mbar/s
1593737196:[BUOY  ,0089]need to transfer +34mL (pump during 41004ms)
1593737204:[PUMP  ,0207]battery 15403mV,   18910uA (warmup), P  +3987mbar
1593737204:[PUMP  ,0016]pump during 41004ms
1593737244:[PUMP  ,0212]battery 15197mV,  273524uA (steady state), P  +3987mbar
1593737260:[PRESS ,0038]P  +4177mbar,T -6340mdegC
1593737267:[PRESS ,0038]P  +4187mbar,T+31617mdegC
1593737270:[PRESS ,0038]P  +4177mbar,T -6340mdegC
1593737276:[PRESS ,0038]P  +4187mbar,T+31617mdegC
1593737279:[PRESS ,0038]P  +4187mbar,T -6340mdegC
1593737281:[PRESS ,0038]P  +4187mbar,T+21236mdegC
1593737283:[PRESS ,0038]P  +4197mbar,T+31617mdegC
1593737347:[PRESS ,0038]P  +4217mbar,T -6340mdegC
1593737349:[PRESS ,0038]P  +4227mbar,T+21236mdegC
1593737351:[PRESS ,0038]P  +4217mbar,T -6340mdegC
1593737354:[PRESS ,0038]P  +4227mbar,T+31617mdegC
1593737356:[PRESS ,0038]P  +4227mbar,T -6340mdegC
1593737358:[PRESS ,0038]P  +4227mbar,T+31617mdegC
1593737361:[PRESS ,0038]P  +4227mbar,T -6340mdegC
1593737365:[PRESS ,0038]P  +4227mbar,T+31617mdegC
1593737367:[PRESS ,0038]P  +4237mbar,T -6340mdegC
1593737369:[PRESS ,0038]P  +4237mbar,T+31617mdegC
1593737431:[PRESS ,0038]P  +4307mbar,T+31617mdegC
1593737433:[PRESS ,0038]P  +4307mbar,T -6340mdegC
1593737435:[PRESS ,0038]P  +4307mbar,T+31617mdegC
1593737442:[PRESS ,0038]P  +4317mbar,T -6340mdegC
1593737444:[PRESS ,0038]P  +4317mbar,T+31617mdegC
1593737445:[PRESS ,0038]P  +4327mbar,T -6340mdegC
1593737449:[PRESS ,0038]P  +4327mbar,T+31617mdegC
1593737517:[PRESS ,0038]P  +4447mbar,T+31617mdegC
1593737518:[PRESS ,0038]P  +4457mbar,T+21236mdegC
1593737520:[PRESS ,0038]P  +4457mbar,T -6340mdegC
1593737522:[PRESS ,0038]P  +4467mbar,T+31617mdegC
1593737524:[PRESS ,0038]P  +4467mbar,T -6340mdegC
1593737526:[PRESS ,0038]P  +4467mbar,T+31617mdegC
1593737527:[PRESS ,0038]P  +4467mbar,T -6340mdegC
1593737531:[PRESS ,0038]P  +4477mbar,T+31617mdegC
1593737533:[PRESS ,0038]P  +4487mbar,T -6340mdegC
1593737536:[PRESS ,0038]P  +4497mbar,T+31617mdegC
1593737538:[PRESS ,0038]P  +4487mbar,T -6340mdegC
1593737540:[PRESS ,0038]P  +4497mbar,T+31617mdegC
1593737602:[PRESS ,0038]P  +4637mbar,T +4038mdegC
1593737604:[PRESS ,0038]P  +4637mbar,T -6340mdegC
1593737606:[PRESS ,0038]P  +4637mbar,T +4038mdegC
1593737608:[PRESS ,0038]P  +4637mbar,T+31617mdegC
1593737611:[PRESS ,0038]P  +4647mbar,T -6340mdegC
1593737617:[PRESS ,0038]P  +4667mbar,T+31617mdegC
1593737619:[PRESS ,0038]P  +4667mbar,T +4038mdegC
1593737620:[PRESS ,0038]P  +4667mbar,T -6340mdegC
1593737622:[PRESS ,0038]P  +4677mbar,T+31617mdegC
1593737626:[PRESS ,0038]P  +4687mbar,T -6340mdegC
1593737628:[PRESS ,0038]P  +4697mbar,T+31617mdegC
1593737628:[STAGE ,0213]4697mbar reached at 1593737628s, ref 5000mbar +/-500mbar
1593737688:[PRESS ,0038]P  +4797mbar,T+31617mdegC
1593737749:[PRESS ,0038]P  +4907mbar,T+31617mdegC
1593737810:[PRESS ,0038]P  +4997mbar,T +4038mdegC
1593737870:[PRESS ,0038]P  +5087mbar,T +4038mdegC
1593737870:[BUOY  ,0087]from +2mbar/s to +0mbar/s
1593737870:[BUOY  ,0089]need to transfer +6mL (pump during 7234ms)
1593737879:[PUMP  ,0207]battery 15418mV,   18910uA (warmup), P  +5087mbar
1593737879:[PUMP  ,0016]pump during 7234ms
1593737886:[PUMP  ,0212]battery 15205mV,  279868uA (steady state), P  +5087mbar
1593737934:[PRESS ,0038]P  +5137mbar,T -6340mdegC
1593737940:[PRESS ,0038]P  +5157mbar,T +4038mdegC
1593737942:[PRESS ,0038]P  +5147mbar,T+31617mdegC
1593737943:[PRESS ,0038]P  +5157mbar,T +4038mdegC
1593737945:[PRESS ,0038]P  +5147mbar,T+31617mdegC
1593737949:[PRESS ,0038]P  +5137mbar,T +4038mdegC
1593737951:[PRESS ,0038]P  +5157mbar,T+31617mdegC
1593737959:[PRESS ,0038]P  +5147mbar,T +4038mdegC
1593738020:[PRESS ,0038]P  +5177mbar,T -6340mdegC
1593738081:[PRESS ,0038]P  +5197mbar,T +4038mdegC
1593738081:[MAIN  ,0140]stage[0] complete 1834s after mission start
1593738081:[MAIN  ,0056]stage[1]
1593738083:[MAIN  ,0024]internal pressure 81130Pa
1593738084:[BUOY  ,0037]P  +5197mbar
1593738084:[STAGE ,0080]Stage [1] 5000mbar (+/-500mbar) 1800s (<1593739847s) 
1593738086:[STAGE ,0213]5197mbar reached at 1593738086s, ref 5000mbar +/-500mbar
1593738146:[PRESS ,0038]P  +5227mbar,T+31617mdegC
1593738268:[PRESS ,0038]P  +5257mbar,T-23544mdegC
1593738328:[PRESS ,0038]P  +5277mbar,T +4038mdegC
1593738450:[PRESS ,0038]P  +5337mbar,T+31617mdegC
1593738510:[PRESS ,0038]P  +5377mbar,T +4038mdegC
1593738571:[PRESS ,0038]P  +5417mbar,T+31617mdegC
1593738632:[PRESS ,0038]P  +5457mbar,T +4038mdegC
1593738753:[PRESS ,0038]P  +5547mbar,T+31617mdegC
1593738753:<WARN>[BUOY  ,0094]stage[1] should ASCENT, stuck at 5547mbar for the #1 time
1593738753:[BUOY  ,0087]from +0mbar/s to -2mbar/s
1593738753:[BUOY  ,0089]need to transfer +6mL (pump during 7197ms)
1593738761:[PUMP  ,0207]battery 15447mV,   18910uA (warmup), P  +5547mbar
1593738761:[PUMP  ,0016]pump during 7197ms
1593738769:[PUMP  ,0212]battery 15227mV,  281576uA (steady state), P  +5547mbar
1593738817:[PRESS ,0038]P  +5537mbar,T +4038mdegC
1593738823:[PRESS ,0038]P  +5537mbar,T-23544mdegC
1593738824:[PRESS ,0038]P  +5537mbar,T +4038mdegC
1593738833:[PRESS ,0038]P  +5547mbar,T+31617mdegC
1593738835:[PRESS ,0038]P  +5537mbar,T +4038mdegC
1593738837:[PRESS ,0038]P  +5537mbar,T-23544mdegC
1593738842:[PRESS ,0038]P  +5537mbar,T+31617mdegC
1593738842:<WARN>[BUOY  ,0094]stage[1] should ASCENT, stuck at 5537mbar for the #2 time
1593738842:[BUOY  ,0087]from +0mbar/s to -2mbar/s
1593738842:[BUOY  ,0089]need to transfer +6mL (pump during 7197ms)
1593738850:[PUMP  ,0207]battery 15438mV,   18910uA (warmup), P  +5537mbar
1593738851:[PUMP  ,0016]pump during 7197ms
1593738858:[PUMP  ,0212]battery 15215mV,  284870uA (steady state), P  +5537mbar
1593738906:[PRESS ,0038]P  +5487mbar,T-23544mdegC
1593738908:[PRESS ,0038]P  +5477mbar,T+31617mdegC
1593738910:[PRESS ,0038]P  +5477mbar,T +4038mdegC
1593738919:[PRESS ,0038]P  +5477mbar,T-23544mdegC
1593738921:[PRESS ,0038]P  +5467mbar,T+31617mdegC
1593738922:[PRESS ,0038]P  +5477mbar,T +4038mdegC
1593738924:[PRESS ,0038]P  +5457mbar,T+31617mdegC
1593738926:[PRESS ,0038]P  +5467mbar,T +4038mdegC
1593738931:[PRESS ,0038]P  +5457mbar,T-23544mdegC
1593738992:[PRESS ,0038]P  +5357mbar,T-23544mdegC
1593739053:[PRESS ,0038]P  +5267mbar,T +4038mdegC
1593739113:[PRESS ,0038]P  +5177mbar,T+31617mdegC
1593739174:[PRESS ,0038]P  +5107mbar,T-23544mdegC
1593739235:[PRESS ,0038]P  +5057mbar,T +4038mdegC
1593739538:[PRESS ,0038]P  +5067mbar,T-23544mdegC
1593739659:[PRESS ,0038]P  +5057mbar,T +4038mdegC
1593739720:[PRESS ,0038]P  +5057mbar,T-23544mdegC
1593739781:[PRESS ,0038]P  +5057mbar,T +4038mdegC
1593739841:[PRESS ,0038]P  +5067mbar,T-23544mdegC
1593739902:[MAIN  ,0140]stage[1] complete 3655s after mission start
1593739902:[MRMAID,0188]acq already stopped
1593739963:[MSSION,0192]mission stopped, 2 stage(s) done
1593739963:[MAIN  ,0065]surfacing
1593739964:[PRESS ,0038]P  +5057mbar,T +4038mdegC
1593739964:[SURFIN,0036]P  +5057mbar
1593739973:[PUMP  ,0207]battery 15458mV,   19032uA (warmup), P  +5057mbar
1593739973:[PUMP  ,0016]pump during 60000ms
1593740032:[PUMP  ,0212]battery 15230mV,  279136uA (steady state), P  +5057mbar
1593740089:[PRESS ,0038]P  +4677mbar,T-23544mdegC
1593740093:[PRESS ,0038]P  +4667mbar,T +4038mdegC
1593740095:[PRESS ,0038]P  +4647mbar,T-23544mdegC
1593740102:[PRESS ,0038]P  +4617mbar,T+14411mdegC
1593740104:[PRESS ,0038]P  +4617mbar,T-23544mdegC
1593740112:[PRESS ,0038]P  +4577mbar,T+14411mdegC
1593740114:[PRESS ,0038]P  +4557mbar,T +4038mdegC
1593740122:[PUMP  ,0207]battery 15380mV,   19032uA (warmup), P  +4557mbar
1593740122:[PUMP  ,0016]pump during 60000ms
1593740181:[PUMP  ,0212]battery 15155mV,  279502uA (steady state), P  +4557mbar
1593740239:[PRESS ,0038]P  +3827mbar,T+14411mdegC
1593740241:[PRESS ,0038]P  +3817mbar,T-23544mdegC
1593740244:[PRESS ,0038]P  +3807mbar,T +4038mdegC
1593740246:[PRESS ,0038]P  +3787mbar,T-23544mdegC
1593740252:[PRESS ,0038]P  +3757mbar,T+14411mdegC
1593740253:[PRESS ,0038]P  +3747mbar,T-23544mdegC
1593740259:[PRESS ,0038]P  +3717mbar,T+14411mdegC
1593740272:[PUMP  ,0207]battery 15322mV,   19032uA (warmup), P  +3677mbar
1593740272:[PUMP  ,0016]pump during 60000ms
1593740331:[PUMP  ,0212]battery 15098mV,  281088uA (steady state), P  +3677mbar
1593740389:[PRESS ,0038]P  +2897mbar,T-23544mdegC
1593740391:[PRESS ,0038]P  +2877mbar,T+14411mdegC
1593740392:[PRESS ,0038]P  +2867mbar,T +4038mdegC
1593740394:[PRESS ,0038]P  +2847mbar,T-23544mdegC
1593740398:[PRESS ,0038]P  +2827mbar,T+14411mdegC
1593740400:[PRESS ,0038]P  +2807mbar,T-23544mdegC
1593740405:[PRESS ,0038]P  +2777mbar,T +4038mdegC
1593740407:[PRESS ,0038]P  +2767mbar,T-23544mdegC
1593740414:[PRESS ,0038]P  +2747mbar,T+14411mdegC
1593740422:[PUMP  ,0207]battery 15282mV,   19032uA (warmup), P  +2747mbar
1593740422:[PUMP  ,0016]pump during 60000ms
1593740481:[PUMP  ,0212]battery 15066mV,  269986uA (steady state), P  +2747mbar
1593740539:[PRESS ,0038]P  +2067mbar,T-23544mdegC
1593740542:[PRESS ,0038]P  +2057mbar,T +4038mdegC
1593740544:[PRESS ,0038]P  +2057mbar,T-23544mdegC
1593740546:[PRESS ,0038]P  +2047mbar,T+14411mdegC
1593740548:[PRESS ,0038]P  +2037mbar,T-23544mdegC
1593740550:[PRESS ,0038]P  +2037mbar,T +4038mdegC
1593740551:[PRESS ,0038]P  +2037mbar,T+14411mdegC
1593740553:[PRESS ,0038]P  +2027mbar,T-23544mdegC
1593740562:[PRESS ,0038]P  +2007mbar,T+14411mdegC
1593740564:[PRESS ,0038]P  +2007mbar,T-23544mdegC
1593740572:[PUMP  ,0207]battery 15255mV,   19154uA (warmup), P  +2007mbar
1593740572:[PUMP  ,0016]pump during 60000ms
1593740631:[PUMP  ,0212]battery 15045mV,  262056uA (steady state), P  +2007mbar
1593740689:[PRESS ,0038]P  +1197mbar,T-23544mdegC
1593740698:[PRESS ,0038]P  +1137mbar,T-23544mdegC
1593740703:[PRESS ,0038]P  +1077mbar,T-23544mdegC
1593740705:[PRESS ,0038]P  +1077mbar,T+14411mdegC
1593740707:[PRESS ,0038]P  +1057mbar,T-23544mdegC
1593740710:[PRESS ,0038]P  +1017mbar,T +4038mdegC
1593740712:[PRESS ,0038]P  +1007mbar,T+14411mdegC
1593740714:[PRESS ,0038]P   +997mbar,T-23544mdegC
1593740835:[PRESS ,0038]P   +127mbar,T-23544mdegC
1593740837:[PRESS ,0038]P   +117mbar,T +4038mdegC
1593740839:[PRESS ,0038]P   +117mbar,T-23544mdegC
1593740839:[SURFIN,0020]filling external bladder
1593740847:[PUMP  ,0207]battery 15285mV,   19154uA (warmup), P   +117mbar
1593740847:[PUMP  ,0016]pump during 300000ms
1593741146:[PUMP  ,0212]battery 14783mV,  798612uA (steady state), P   +117mbar
1593741157:[PUMP  ,0207]battery 14791mV,   18788uA (warmup), P   +117mbar
1593741157:[PUMP  ,0016]pump during 300000ms
1593741271:[PUMP  ,0212]battery 14457mV,  741028uA (steady state), P   +117mbar
1593741273:[SURFIN,0019]external bladder full
1593741274:[PRESS ,0038]P   +150mbar,T +4038mdegC
1593741278:[PRESS ,0038]P   +140mbar,T+31617mdegC
1593741280:[PRESS ,0038]P   +140mbar,T +4038mdegC
1593741283:[PRESS ,0038]P   +140mbar,T+31617mdegC
1593741285:[PRESS ,0038]P   +140mbar,T +4038mdegC
1593741294:[PRESS ,0038]P   +130mbar,T+31617mdegC
1593741296:[PRESS ,0038]P   +140mbar,T +4038mdegC
1593741298:[PRESS ,0038]P   +140mbar,T+31617mdegC
1593741300:[PRESS ,0038]P   +140mbar,T +4038mdegC
1593741334:[MAIN  ,0272]Vbat 14977mV (min 14866mV)
1593741337:[MAIN  ,0024]internal pressure 78366Pa
1593741337:[MAIN  ,0043]Pext 140mbar (rng 20mbar)
1593741337:[MAIN  ,0064]surface
1593741348:[SURF  ,0022]GPS fix...
1593741368:[SURF  ,0015]10 PPS detected...
1593741369:[MRMAID,0052]Mermaid $GPSACK:+0,+0,+0,+0,+0,+1,-999969;
1593741379:[MRMAID,0052]Mermaid $GPSOFF:3686312;
1593741380:[GPSFIX,0179]-1s diff
1593741381:[SURF  ,0222]2020-07-03T01:56:21
1593741381:[SURF  ,0082]Latitude : N43deg40.937mn, Longitude :E007deg19.178mn
1593741381:[SURF  ,0223]fix3D,9satellites
1593741381:[SURF  ,0084]GPS fix GPGSA : hdop0.650,vdop0.910
1593741391:[SURF  ,0274]last almanac : 53660
1593741404:[MRMAID,0026]1561 bytes in 0059/5EFE9054.MER
1593741409:[MAIN  ,0320]New pressure offset: 140mbar
1593741409:[LOGBIN,0078]*** switching to 0059/5EFE9061 ***
