1592210162:[MAIN  ,0007]buoy 452.020-P-0060
1592210162:[MAIN  ,0055]soft pilotage 452.012.300_V2.18M-20200612
1592210162:[MAIN  ,0010]cycle 2
1592210162:[SURF  ,0225]surface2
1592210174:[SURF  ,0022]GPS fix...
1592210194:[SURF  ,0015]10 PPS detected...
1592210195:[MRMAID,0052]Mermaid $GPSACK:+0,+0,+0,+0,+0,+0,-30;
1592210205:[MRMAID,0052]Mermaid $GPSOFF:3686313;
1592210206:[GPSFIX,0179]-1s diff
1592210207:[SURF  ,0222]2020-06-15T08:36:47
1592210207:[SURF  ,0082]Latitude : N43deg06.487mn, Longitude :E006deg02.276mn
1592210207:[SURF  ,0223]fix3D,8satellites
1592210207:[SURF  ,0084]GPS fix GPGSA : hdop0.780,vdop1.200
1592210217:[SURF  ,0025]Iridium...
1592210228:[SBE41 ,0339]newoffset=-0.05db received after -57s
1592210265:[SURF  ,0009]connected in 48s, signal quality 5
1592210366:[SURF  ,0218]prompt received, remote cmd end
1592210366:[SURF  ,0012]31 cmd(s) received
1592210397:[SURF  ,0014]disconnected after 180s
1592210402:[SURFIN,0020]filling external bladder
1592210405:[SURFIN,0019]external bladder full
1592210405:[SURF  ,0227]1st complete transfer
1592210416:[SURF  ,0022]GPS fix...
1592210436:[SURF  ,0015]10 PPS detected...
1592210437:[MRMAID,0052]Mermaid $GPSACK:+0,+0,+0,+0,+0,+0,-30;
1592210447:[MRMAID,0052]Mermaid $GPSOFF:3686313;
1592210449:[GPSFIX,0179]+0s diff
1592210449:[SURF  ,0222]2020-06-15T08:40:49
1592210449:[SURF  ,0082]Latitude : N43deg06.487mn, Longitude :E006deg02.276mn
1592210449:[SURF  ,0223]fix3D,8satellites
1592210449:[SURF  ,0084]GPS fix GPGSA : hdop0.770,vdop1.190
1592210466:[MAIN  ,0024]internal pressure 100904Pa
1592210467:[BYCMD ,0107]    FreeRTOS V8.2.3
1592210467:[BYCMD ,0108]    FatFS v11a
1592210467:[BYCMD ,0120]    bypass 10000ms 60000ms (20000ms 60000ms stored)
1592210467:[BYCMD ,0121]    valve 60000ms 12750 (60000ms 12750 stored)
1592210467:[BYCMD ,0122]    pump 60000ms 30% 10750 80% (60000ms 30% 10750 80% stored)
1592210467:[BYCMD ,0123]    rate 2mbar/s (2mbar/s stored)
1592210467:[BYCMD ,0124]    surface 500mbar (500mbar stored)
1592210467:[BYCMD ,0125]    near 1500mbar 3mbar/s (15000mbar 3mbar/s stored)
1592210467:[BYCMD ,0126]    far 2500mbar 4mbar/s (25000mbar 4mbar/s stored)
1592210467:[BYCMD ,0127]    ascent 8mbar/s (8mbar/s stored)
1592210467:[BYCMD ,0128]    dead 60s (300s stored)
1592210467:[BYCMD ,0129]    coeff 16/10 (16/10 stored)
1592210467:[BYCMD ,0130]    stab 10 (10 stored)
1592210467:[BYCMD ,0131]    delay 900s 3600s (900s 3600s stored)
1592210467:[BYCMD ,0132]    mmtime 2880min (2880min stored)
1592210467:[BYCMD ,0133]    dv_landing 100ml (100ml stored)
1592210467:[MKDCMD,0150]    p2t37: 15x2000ms, offset 70mbar
1592210468:[P2TCMD,0151]    p2t37: dp -1mbar, dt 5000mdegC
1592210468:[STAGE ,0080]Stage [0] 8000mbar (+/-500mbar) 1980s (<1980s) 
1592210468:[STAGE ,0091]Stage [1] surfacing 3600s (<5580s) SBE41
1592210468:[SBE41 ,0282]SBE41 parameters : 
      dsreplyformat=1 (webb(0)/standard(1))
      addtimingdelays=0 (n(0)/y(1))
      outputdensity=0 (n(0)/y(1))
      echocmd=0 (n(0)/y(1))
      outputrt=0 (n(0)/y(1))
      outputpts=0 (n(0)/y(1))
      outputsn=0 (n(0)/y(1))
      outputpressure=1 (n(0)/y(1))
      pcutoff=2dbar
      tswait=0s
      pumpfastpt=1 (n(0)/y(1))
      samplerate=1 ('fast':1Hz(1)/'slow':0.5Hz(0))
      top_bin_interval=10dbar
      top_bin_size=10dbar
      top_bin_max=100dbar
      middle_bin_interval=50dbar
      middle_bin_size=50dbar
      middle_bin_max=1000dbar
      bottom_bin_interval=100dbar
      bottom_bin_size=100dbar
      includetransitionbin=0
      includenbin=0 (n(0)/y(1))
      autobinavg=0 (n(0)/y(1))
1592210468:[SBE41 ,0283]SBE41 pilot policy : 
      continiousprofile=0 (n(0)/y(1)
      speeddetection=1 (n(0)/y(1)
      hexoutput=1 (n(0)/y(1)
      binaverageoutput=0 (n(0)/y(1)
      manualprofilerate=10s
      runningpumpbeforeprofile=15s
      speedstart=2mbar/s
      speedcontrol=9mbar/s
1592210470:[PRESS ,0038]P     +0mbar,T+10000mdegC
1592210472:[PRESS ,0038]P     +0mbar,T+10000mdegC
1592210474:[PRESS ,0038]P     +0mbar,T+10000mdegC
1592210477:[PRESS ,0038]P     +0mbar,T+10000mdegC
1592210479:[PRESS ,0038]P     +0mbar,T+10000mdegC
1592210481:[PRESS ,0038]P     +0mbar,T+10000mdegC
1592210483:[PRESS ,0038]P     +0mbar,T+10000mdegC
1592210486:[PRESS ,0038]P     +0mbar,T+10000mdegC
1592210488:[PRESS ,0038]P     +0mbar,T+10000mdegC
1592210490:[PRESS ,0038]P     +0mbar,T+10000mdegC
1592210492:[PRESS ,0038]P     +0mbar,T+10000mdegC
1592210495:[PRESS ,0038]P     +0mbar,T+10000mdegC
1592210497:[PRESS ,0038]P     +0mbar,T+10000mdegC
1592210499:[PRESS ,0038]P     +0mbar,T+10000mdegC
1592210501:[PRESS ,0038]P     +0mbar,T+10000mdegC
1592210501:[DIVING,0141]diving from 0mbar, +0mbar/s
1592210501:[BYPASS,0035]bypass opening 60000ms
1592210506:[BYPASS,0104]battery 14858mV,    8906uA (bypass opening), P     +0mbar
1592210571:[BYPASS,0106]battery 14858mV,    8540uA (bypass closing), P     +0mbar
1592210574:[PRESS ,0038]P     +0mbar,T+10000mdegC
1592210576:[PRESS ,0038]P     +0mbar,T+10000mdegC
1592210578:[PRESS ,0038]P     +0mbar,T+10000mdegC
1592210580:[PRESS ,0038]P     +0mbar,T+10000mdegC
1592210583:[PRESS ,0038]P     +0mbar,T+10000mdegC
1592210585:[PRESS ,0038]P     +0mbar,T+10000mdegC
1592210587:[PRESS ,0038]P     +0mbar,T+10000mdegC
1592210589:[PRESS ,0038]P     +0mbar,T+10000mdegC
1592210592:[PRESS ,0038]P     +0mbar,T+10000mdegC
1592210594:[PRESS ,0038]P     +0mbar,T+10000mdegC
1592210596:[PRESS ,0038]P     +0mbar,T+10000mdegC
1592210598:[PRESS ,0038]P     +0mbar,T+10000mdegC
1592210601:[PRESS ,0038]P     +0mbar,T+10000mdegC
1592210603:[PRESS ,0038]P     +0mbar,T+10000mdegC
1592210605:[PRESS ,0038]P     +0mbar,T+10000mdegC
1592210605:[BYPASS,0035]bypass opening 10000ms
1592210610:[BYPASS,0104]battery 14858mV,    8906uA (bypass opening), P     +0mbar
1592210625:[BYPASS,0106]battery 14858mV,    8418uA (bypass closing), P     +0mbar
1592210628:[PRESS ,0038]P     +0mbar,T+10000mdegC
1592210630:[PRESS ,0038]P     +0mbar,T+10000mdegC
1592210632:[PRESS ,0038]P     +0mbar,T+10000mdegC
1592210634:[PRESS ,0038]P     +0mbar,T+10000mdegC
1592210637:[PRESS ,0038]P     +0mbar,T+10000mdegC
1592210639:[PRESS ,0038]P     +0mbar,T+10000mdegC
1592210641:[PRESS ,0038]P     +0mbar,T+10000mdegC
1592210643:[PRESS ,0038]P     +0mbar,T+10000mdegC
1592210645:[PRESS ,0038]P     +0mbar,T+10000mdegC
1592210648:[PRESS ,0038]P     +0mbar,T+10000mdegC
1592210650:[PRESS ,0038]P     +0mbar,T+10000mdegC
1592210652:[PRESS ,0038]P     +0mbar,T+10000mdegC
1592210654:[PRESS ,0038]P     +0mbar,T+10000mdegC
1592210657:[PRESS ,0038]P     +0mbar,T+10000mdegC
1592210659:[PRESS ,0038]P     +0mbar,T+10000mdegC
1592210659:[BYPASS,0035]bypass opening 10000ms
1592210664:[BYPASS,0104]battery 14858mV,    9272uA (bypass opening), P     +0mbar
1592210679:[BYPASS,0106]battery 14858mV,    8052uA (bypass closing), P     +0mbar
1592210681:[PRESS ,0038]P     +0mbar,T+10000mdegC
1592210684:[PRESS ,0038]P     +0mbar,T+10000mdegC
1592210686:[PRESS ,0038]P     +0mbar,T+10000mdegC
1592210688:[PRESS ,0038]P     +0mbar,T+10000mdegC
1592210690:[PRESS ,0038]P     +0mbar,T+10000mdegC
1592210693:[PRESS ,0038]P     +0mbar,T+10000mdegC
1592210695:[PRESS ,0038]P     +0mbar,T+10000mdegC
1592210697:[PRESS ,0038]P     +0mbar,T+10000mdegC
1592210699:[PRESS ,0038]P     +0mbar,T+10000mdegC
1592210702:[PRESS ,0038]P     +0mbar,T+10000mdegC
1592210704:[PRESS ,0038]P     +0mbar,T+10000mdegC
1592210706:[PRESS ,0038]P     +0mbar,T+10000mdegC
1592210708:[PRESS ,0038]P     +0mbar,T+10000mdegC
1592210711:[PRESS ,0038]P     +0mbar,T+10000mdegC
1592210713:[PRESS ,0038]P     +0mbar,T+10000mdegC
1592210713:[BYPASS,0035]bypass opening 10000ms
1592210718:[BYPASS,0104]battery 14858mV,    9272uA (bypass opening), P     +0mbar
1592210733:[BYPASS,0106]battery 14858mV,    8540uA (bypass closing), P     +0mbar
1592210735:[PRESS ,0038]P     +0mbar,T+10000mdegC
1592210738:[PRESS ,0038]P     +0mbar,T+10000mdegC
1592210740:[PRESS ,0038]P     +0mbar,T+10000mdegC
1592210742:[PRESS ,0038]P     +0mbar,T+10000mdegC
1592210744:[PRESS ,0038]P     +0mbar,T+10000mdegC
1592210746:[PRESS ,0038]P     +0mbar,T+10000mdegC
1592210749:[PRESS ,0038]P     +0mbar,T+10000mdegC
1592210751:[PRESS ,0038]P     +0mbar,T+10000mdegC
1592210753:[PRESS ,0038]P     +0mbar,T+10000mdegC
1592210755:[PRESS ,0038]P     +0mbar,T+10000mdegC
1592210758:[PRESS ,0038]P     +0mbar,T+10000mdegC
1592210760:[PRESS ,0038]P     +0mbar,T+10000mdegC
1592210762:[PRESS ,0038]P     +0mbar,T+10000mdegC
1592210764:[PRESS ,0038]P     +0mbar,T+10000mdegC
1592210767:[PRESS ,0038]P     +0mbar,T+10000mdegC
1592210767:[BYPASS,0035]bypass opening 10000ms
1592210772:[BYPASS,0104]battery 14858mV,    8906uA (bypass opening), P     +0mbar
1592210787:[BYPASS,0106]battery 14858mV,    8540uA (bypass closing), P     +0mbar
1592210789:[PRESS ,0038]P     +0mbar,T+10000mdegC
1592210791:[PRESS ,0038]P     +0mbar,T+10000mdegC
1592210794:[PRESS ,0038]P     +0mbar,T+10000mdegC
1592210796:[PRESS ,0038]P     +0mbar,T+10000mdegC
1592210798:[PRESS ,0038]P     +0mbar,T+10000mdegC
1592210800:[PRESS ,0038]P     +0mbar,T+10000mdegC
1592210803:[PRESS ,0038]P     +0mbar,T+10000mdegC
1592210805:[PRESS ,0038]P     +0mbar,T+10000mdegC
1592210807:[PRESS ,0038]P     +0mbar,T+10000mdegC
1592210809:[PRESS ,0038]P     +0mbar,T+10000mdegC
1592210812:[PRESS ,0038]P     +0mbar,T+10000mdegC
1592210814:[PRESS ,0038]P     +0mbar,T+10000mdegC
1592210816:[PRESS ,0038]P     +0mbar,T+10000mdegC
1592210818:[PRESS ,0038]P     +0mbar,T+10000mdegC
1592210821:[PRESS ,0038]P     +0mbar,T+10000mdegC
1592210821:[BYPASS,0035]bypass opening 10000ms
1592210826:[BYPASS,0104]battery 14858mV,    9272uA (bypass opening), P     +0mbar
1592210841:[BYPASS,0106]battery 14858mV,    8540uA (bypass closing), P     +0mbar
1592210843:[PRESS ,0038]P    +80mbar,T+10000mdegC
1592210845:[PRESS ,0038]P    +90mbar,T+10000mdegC
1592210847:[PRESS ,0038]P   +100mbar,T+10000mdegC
1592210850:[PRESS ,0038]P   +110mbar,T+10000mdegC
1592210852:[PRESS ,0038]P   +120mbar,T+10000mdegC
1592210854:[PRESS ,0038]P   +120mbar,T+10000mdegC
1592210856:[PRESS ,0038]P   +130mbar,T+10000mdegC
1592210859:[PRESS ,0038]P   +140mbar,T+10000mdegC
1592210861:[PRESS ,0038]P   +150mbar,T+10000mdegC
1592210863:[PRESS ,0038]P   +160mbar,T+10000mdegC
1592210865:[PRESS ,0038]P   +160mbar,T+10000mdegC
1592210868:[PRESS ,0038]P   +170mbar,T+10000mdegC
1592210870:[PRESS ,0038]P   +180mbar,T+10000mdegC
1592210872:[PRESS ,0038]P   +190mbar,T+10000mdegC
1592210874:[PRESS ,0038]P   +200mbar,T+10000mdegC
1592210878:[PRESS ,0038]P   +210mbar,T+10000mdegC
1592210881:[PRESS ,0038]P   +220mbar,T+10000mdegC
1592210884:[PRESS ,0038]P   +230mbar,T+10000mdegC
1592210887:[PRESS ,0038]P   +240mbar,T+10000mdegC
1592210891:[PRESS ,0038]P   +260mbar,T+10000mdegC
1592210894:[PRESS ,0038]P   +270mbar,T+10000mdegC
1592210897:[PRESS ,0038]P   +280mbar,T+10000mdegC
1592210900:[PRESS ,0038]P   +290mbar,T+10000mdegC
1592210904:[PRESS ,0038]P   +300mbar,T+10000mdegC
1592210907:[PRESS ,0038]P   +320mbar,T+10000mdegC
1592210910:[PRESS ,0038]P   +330mbar,T+10000mdegC
1592210913:[PRESS ,0038]P   +340mbar,T+10000mdegC
1592210917:[PRESS ,0038]P   +350mbar,T+10000mdegC
1592210920:[PRESS ,0038]P   +360mbar,T+10000mdegC
1592210923:[PRESS ,0038]P   +380mbar,T+10000mdegC
1592210926:[PRESS ,0038]P   +390mbar,T+10000mdegC
1592210930:[PRESS ,0038]P   +400mbar,T+10000mdegC
1592210933:[PRESS ,0038]P   +410mbar,T+10000mdegC
1592210936:[PRESS ,0038]P   +420mbar,T+10000mdegC
1592210939:[PRESS ,0038]P   +440mbar,T+10000mdegC
1592210943:[PRESS ,0038]P   +450mbar,T+10000mdegC
1592210946:[PRESS ,0038]P   +460mbar,T+10000mdegC
1592210949:[PRESS ,0038]P   +470mbar,T+10000mdegC
1592210952:[PRESS ,0038]P   +480mbar,T+10000mdegC
1592210956:[PRESS ,0038]P   +500mbar,T+10000mdegC
1592210958:[PRESS ,0038]P   +500mbar,T+10000mdegC
1592210958:[DIVING,0028]500mbar reached (+4mbar/s), 6 bypass done
1592210958:[MAIN  ,0056]stage[0]
1592210961:[MAIN  ,0024]internal pressure 100882Pa
1592210962:[PRESS ,0038]P   +520mbar,T+10000mdegC
1592210962:[BUOY  ,0037]P   +520mbar
1592210962:[STAGE ,0080]Stage [0] 8000mbar (+/-500mbar) 1980s (<1592212938s) 
1592210964:[PRESS ,0038]P   +530mbar,T+10000mdegC
1592211025:[PRESS ,0038]P   +770mbar,T+10000mdegC
1592211028:[PRESS ,0038]P   +780mbar,T+10000mdegC
1592211030:[PRESS ,0038]P   +790mbar,T+10000mdegC
1592211032:[PRESS ,0038]P   +800mbar,T+10000mdegC
1592211034:[PRESS ,0038]P   +800mbar,T+10000mdegC
1592211037:[PRESS ,0038]P   +810mbar,T+10000mdegC
1592211039:[PRESS ,0038]P   +820mbar,T+10000mdegC
1592211041:[PRESS ,0038]P   +830mbar,T+10000mdegC
1592211043:[PRESS ,0038]P   +840mbar,T+10000mdegC
1592211046:[PRESS ,0038]P   +840mbar,T+10000mdegC
1592211048:[PRESS ,0038]P   +850mbar,T+10000mdegC
1592211050:[PRESS ,0038]P   +860mbar,T+10000mdegC
1592211052:[PRESS ,0038]P   +870mbar,T+10000mdegC
1592211055:[PRESS ,0038]P   +880mbar,T+10000mdegC
1592211057:[PRESS ,0038]P   +880mbar,T+10000mdegC
1592211118:[PRESS ,0038]P  +1130mbar,T+10000mdegC
1592211120:[PRESS ,0038]P  +1140mbar,T+10000mdegC
1592211122:[PRESS ,0038]P  +1140mbar,T+10000mdegC
1592211125:[PRESS ,0038]P  +1150mbar,T+10000mdegC
1592211127:[PRESS ,0038]P  +1160mbar,T+10000mdegC
1592211129:[PRESS ,0038]P  +1170mbar,T+10000mdegC
1592211131:[PRESS ,0038]P  +1180mbar,T+10000mdegC
1592211134:[PRESS ,0038]P  +1180mbar,T+10000mdegC
1592211136:[PRESS ,0038]P  +1190mbar,T+10000mdegC
1592211138:[PRESS ,0038]P  +1200mbar,T+10000mdegC
1592211140:[PRESS ,0038]P  +1210mbar,T+10000mdegC
1592211143:[PRESS ,0038]P  +1220mbar,T+10000mdegC
1592211145:[PRESS ,0038]P  +1220mbar,T+10000mdegC
1592211147:[PRESS ,0038]P  +1230mbar,T+10000mdegC
1592211149:[PRESS ,0038]P  +1240mbar,T+10000mdegC
1592211211:[PRESS ,0038]P  +1480mbar,T+10000mdegC
1592211213:[PRESS ,0038]P  +1490mbar,T+10000mdegC
1592211215:[PRESS ,0038]P  +1500mbar,T+10000mdegC
1592211217:[PRESS ,0038]P  +1510mbar,T+10000mdegC
1592211219:[PRESS ,0038]P  +1520mbar,T+10000mdegC
1592211222:[PRESS ,0038]P  +1520mbar,T+10000mdegC
1592211224:[PRESS ,0038]P  +1530mbar,T+10000mdegC
1592211226:[PRESS ,0038]P  +1540mbar,T+10000mdegC
1592211228:[PRESS ,0038]P  +1550mbar,T+10000mdegC
1592211231:[PRESS ,0038]P  +1560mbar,T+10000mdegC
1592211233:[PRESS ,0038]P  +1560mbar,T+10000mdegC
1592211235:[PRESS ,0038]P  +1570mbar,T+10000mdegC
1592211237:[PRESS ,0038]P  +1580mbar,T+10000mdegC
1592211240:[PRESS ,0038]P  +1590mbar,T+10000mdegC
1592211242:[PRESS ,0038]P  +1600mbar,T+10000mdegC
1592211303:[PRESS ,0038]P  +1840mbar,T+10000mdegC
1592211305:[PRESS ,0038]P  +1850mbar,T+10000mdegC
1592211308:[PRESS ,0038]P  +1860mbar,T+10000mdegC
1592211310:[PRESS ,0038]P  +1860mbar,T+10000mdegC
1592211312:[PRESS ,0038]P  +1870mbar,T+10000mdegC
1592211314:[PRESS ,0038]P  +1880mbar,T+10000mdegC
1592211317:[PRESS ,0038]P  +1890mbar,T+10000mdegC
1592211319:[PRESS ,0038]P  +1900mbar,T+10000mdegC
1592211321:[PRESS ,0038]P  +1900mbar,T+10000mdegC
1592211323:[PRESS ,0038]P  +1910mbar,T+10000mdegC
1592211326:[PRESS ,0038]P  +1920mbar,T+10000mdegC
1592211328:[PRESS ,0038]P  +1930mbar,T+10000mdegC
1592211330:[PRESS ,0038]P  +1940mbar,T+10000mdegC
1592211332:[PRESS ,0038]P  +1940mbar,T+10000mdegC
1592211335:[PRESS ,0038]P  +1950mbar,T+10000mdegC
1592211396:[PRESS ,0038]P  +2200mbar,T+10000mdegC
1592211398:[PRESS ,0038]P  +2200mbar,T+10000mdegC
1592211400:[PRESS ,0038]P  +2210mbar,T+10000mdegC
1592211402:[PRESS ,0038]P  +2220mbar,T+10000mdegC
1592211405:[PRESS ,0038]P  +2230mbar,T+10000mdegC
1592211407:[PRESS ,0038]P  +2240mbar,T+10000mdegC
1592211409:[PRESS ,0038]P  +2240mbar,T+10000mdegC
1592211411:[PRESS ,0038]P  +2250mbar,T+10000mdegC
1592211414:[PRESS ,0038]P  +2260mbar,T+10000mdegC
1592211416:[PRESS ,0038]P  +2270mbar,T+10000mdegC
1592211418:[PRESS ,0038]P  +2280mbar,T+10000mdegC
1592211420:[PRESS ,0038]P  +2280mbar,T+10000mdegC
1592211423:[PRESS ,0038]P  +2290mbar,T+10000mdegC
1592211425:[PRESS ,0038]P  +2300mbar,T+10000mdegC
1592211427:[PRESS ,0038]P  +2310mbar,T+10000mdegC
1592211488:[PRESS ,0038]P  +2550mbar,T+10000mdegC
1592211491:[PRESS ,0038]P  +2560mbar,T+10000mdegC
1592211493:[PRESS ,0038]P  +2570mbar,T+10000mdegC
1592211495:[PRESS ,0038]P  +2580mbar,T+10000mdegC
1592211497:[PRESS ,0038]P  +2580mbar,T+10000mdegC
1592211500:[PRESS ,0038]P  +2590mbar,T+10000mdegC
1592211502:[PRESS ,0038]P  +2600mbar,T+10000mdegC
1592211504:[PRESS ,0038]P  +2610mbar,T+10000mdegC
1592211506:[PRESS ,0038]P  +2620mbar,T+10000mdegC
1592211508:[PRESS ,0038]P  +2620mbar,T+10000mdegC
1592211511:[PRESS ,0038]P  +2630mbar,T+10000mdegC
1592211513:[PRESS ,0038]P  +2640mbar,T+10000mdegC
1592211515:[PRESS ,0038]P  +2650mbar,T+10000mdegC
1592211517:[PRESS ,0038]P  +2660mbar,T+10000mdegC
1592211520:[PRESS ,0038]P  +2660mbar,T+10000mdegC
1592211581:[PRESS ,0038]P  +2910mbar,T+10000mdegC
1592211583:[PRESS ,0038]P  +2920mbar,T+10000mdegC
1592211585:[PRESS ,0038]P  +2920mbar,T+10000mdegC
1592211588:[PRESS ,0038]P  +2930mbar,T+10000mdegC
1592211590:[PRESS ,0038]P  +2940mbar,T+10000mdegC
1592211592:[PRESS ,0038]P  +2950mbar,T+10000mdegC
1592211594:[PRESS ,0038]P  +2960mbar,T+10000mdegC
1592211597:[PRESS ,0038]P  +2960mbar,T+10000mdegC
1592211599:[PRESS ,0038]P  +2970mbar,T+10000mdegC
1592211601:[PRESS ,0038]P  +2980mbar,T+10000mdegC
1592211603:[PRESS ,0038]P  +2990mbar,T+10000mdegC
1592211606:[PRESS ,0038]P  +2990mbar,T+10000mdegC
1592211608:[PRESS ,0038]P  +3000mbar,T+10000mdegC
1592211610:[PRESS ,0038]P  +3010mbar,T+10000mdegC
1592211612:[PRESS ,0038]P  +3020mbar,T+10000mdegC
1592211673:[PRESS ,0038]P  +3260mbar,T+10000mdegC
1592211676:[PRESS ,0038]P  +3260mbar,T+10000mdegC
1592211678:[PRESS ,0038]P  +3270mbar,T+10000mdegC
1592211680:[PRESS ,0038]P  +3280mbar,T+10000mdegC
1592211682:[PRESS ,0038]P  +3290mbar,T+10000mdegC
1592211685:[PRESS ,0038]P  +3290mbar,T+10000mdegC
1592211687:[PRESS ,0038]P  +3300mbar,T+10000mdegC
1592211689:[PRESS ,0038]P  +3310mbar,T+10000mdegC
1592211691:[PRESS ,0038]P  +3320mbar,T+10000mdegC
1592211694:[PRESS ,0038]P  +3330mbar,T+10000mdegC
1592211696:[PRESS ,0038]P  +3330mbar,T+10000mdegC
1592211698:[PRESS ,0038]P  +3340mbar,T+10000mdegC
1592211700:[PRESS ,0038]P  +3350mbar,T+10000mdegC
1592211703:[PRESS ,0038]P  +3360mbar,T+10000mdegC
1592211705:[PRESS ,0038]P  +3360mbar,T+10000mdegC
1592211766:[PRESS ,0038]P  +3600mbar,T+10000mdegC
1592211768:[PRESS ,0038]P  +3610mbar,T+10000mdegC
1592211771:[PRESS ,0038]P  +3620mbar,T+10000mdegC
1592211773:[PRESS ,0038]P  +3630mbar,T+10000mdegC
1592211775:[PRESS ,0038]P  +3630mbar,T+10000mdegC
1592211777:[PRESS ,0038]P  +3640mbar,T+10000mdegC
1592211780:[PRESS ,0038]P  +3650mbar,T+10000mdegC
1592211782:[PRESS ,0038]P  +3660mbar,T+10000mdegC
1592211784:[PRESS ,0038]P  +3670mbar,T+10000mdegC
1592211786:[PRESS ,0038]P  +3670mbar,T+10000mdegC
1592211789:[PRESS ,0038]P  +3680mbar,T+10000mdegC
1592211791:[PRESS ,0038]P  +3690mbar,T+10000mdegC
1592211793:[PRESS ,0038]P  +3700mbar,T+10000mdegC
1592211795:[PRESS ,0038]P  +3700mbar,T+10000mdegC
1592211798:[PRESS ,0038]P  +3710mbar,T+10000mdegC
1592211859:[PRESS ,0038]P  +3950mbar,T+10000mdegC
1592211861:[PRESS ,0038]P  +3960mbar,T+10000mdegC
1592211863:[PRESS ,0038]P  +3970mbar,T+10000mdegC
1592211865:[PRESS ,0038]P  +3970mbar,T+10000mdegC
1592211868:[PRESS ,0038]P  +3980mbar,T+10000mdegC
1592211870:[PRESS ,0038]P  +3990mbar,T+10000mdegC
1592211872:[PRESS ,0038]P  +4000mbar,T+10000mdegC
1592211874:[PRESS ,0038]P  +4000mbar,T+10000mdegC
1592211877:[PRESS ,0038]P  +4010mbar,T+10000mdegC
1592211879:[PRESS ,0038]P  +4020mbar,T+10000mdegC
1592211881:[PRESS ,0038]P  +4030mbar,T+10000mdegC
1592211883:[PRESS ,0038]P  +4040mbar,T+10000mdegC
1592211886:[PRESS ,0038]P  +4040mbar,T+10000mdegC
1592211888:[PRESS ,0038]P  +4050mbar,T+10000mdegC
1592211890:[PRESS ,0038]P  +4060mbar,T+10000mdegC
1592211951:[PRESS ,0038]P  +4300mbar,T+10000mdegC
1592211953:[PRESS ,0038]P  +4300mbar,T+10000mdegC
1592211956:[PRESS ,0038]P  +4310mbar,T+10000mdegC
1592211958:[PRESS ,0038]P  +4320mbar,T+10000mdegC
1592211960:[PRESS ,0038]P  +4330mbar,T+10000mdegC
1592211962:[PRESS ,0038]P  +4340mbar,T+10000mdegC
1592211965:[PRESS ,0038]P  +4340mbar,T+10000mdegC
1592211967:[PRESS ,0038]P  +4350mbar,T+10000mdegC
1592211969:[PRESS ,0038]P  +4360mbar,T+10000mdegC
1592211971:[PRESS ,0038]P  +4370mbar,T+10000mdegC
1592211974:[PRESS ,0038]P  +4370mbar,T+10000mdegC
1592211976:[PRESS ,0038]P  +4380mbar,T+10000mdegC
1592211978:[PRESS ,0038]P  +4390mbar,T+10000mdegC
1592211980:[PRESS ,0038]P  +4400mbar,T+10000mdegC
1592211983:[PRESS ,0038]P  +4410mbar,T+10000mdegC
1592212044:[PRESS ,0038]P  +4640mbar,T+10000mdegC
1592212046:[PRESS ,0038]P  +4650mbar,T+10000mdegC
1592212048:[PRESS ,0038]P  +4660mbar,T+10000mdegC
1592212051:[PRESS ,0038]P  +4670mbar,T+10000mdegC
1592212053:[PRESS ,0038]P  +4680mbar,T+10000mdegC
1592212055:[PRESS ,0038]P  +4680mbar,T+10000mdegC
1592212057:[PRESS ,0038]P  +4690mbar,T+10000mdegC
1592212060:[PRESS ,0038]P  +4700mbar,T+10000mdegC
1592212062:[PRESS ,0038]P  +4710mbar,T+10000mdegC
1592212064:[PRESS ,0038]P  +4710mbar,T+10000mdegC
1592212066:[PRESS ,0038]P  +4720mbar,T+10000mdegC
1592212069:[PRESS ,0038]P  +4730mbar,T+10000mdegC
1592212071:[PRESS ,0038]P  +4740mbar,T+10000mdegC
1592212073:[PRESS ,0038]P  +4750mbar,T+10000mdegC
1592212075:[PRESS ,0038]P  +4750mbar,T+10000mdegC
1592212136:[PRESS ,0038]P  +4990mbar,T+10000mdegC
1592212139:[PRESS ,0038]P  +5000mbar,T+10000mdegC
1592212141:[PRESS ,0038]P  +5010mbar,T+10000mdegC
1592212143:[PRESS ,0038]P  +5010mbar,T+10000mdegC
1592212145:[PRESS ,0038]P  +5020mbar,T+10000mdegC
1592212148:[PRESS ,0038]P  +5030mbar,T+10000mdegC
1592212150:[PRESS ,0038]P  +5040mbar,T+10000mdegC
1592212152:[PRESS ,0038]P  +5050mbar,T+10000mdegC
1592212154:[PRESS ,0038]P  +5050mbar,T+10000mdegC
1592212157:[PRESS ,0038]P  +5060mbar,T+10000mdegC
1592212159:[PRESS ,0038]P  +5070mbar,T+10000mdegC
1592212161:[PRESS ,0038]P  +5080mbar,T+10000mdegC
1592212163:[PRESS ,0038]P  +5080mbar,T+10000mdegC
1592212166:[PRESS ,0038]P  +5090mbar,T+10000mdegC
1592212168:[PRESS ,0038]P  +5100mbar,T+10000mdegC
1592212229:[PRESS ,0038]P  +5340mbar,T+10000mdegC
1592212231:[PRESS ,0038]P  +5350mbar,T+10000mdegC
1592212234:[PRESS ,0038]P  +5350mbar,T+10000mdegC
1592212236:[PRESS ,0038]P  +5360mbar,T+10000mdegC
1592212238:[PRESS ,0038]P  +5370mbar,T+10000mdegC
1592212240:[PRESS ,0038]P  +5380mbar,T+10000mdegC
1592212243:[PRESS ,0038]P  +5390mbar,T+10000mdegC
1592212245:[PRESS ,0038]P  +5390mbar,T+10000mdegC
1592212247:[PRESS ,0038]P  +5400mbar,T+10000mdegC
1592212249:[PRESS ,0038]P  +5410mbar,T+10000mdegC
1592212251:[PRESS ,0038]P  +5420mbar,T+10000mdegC
1592212254:[PRESS ,0038]P  +5420mbar,T+10000mdegC
1592212256:[PRESS ,0038]P  +5430mbar,T+10000mdegC
1592212258:[PRESS ,0038]P  +5440mbar,T+10000mdegC
1592212260:[PRESS ,0038]P  +5450mbar,T+10000mdegC
1592212322:[PRESS ,0038]P  +5690mbar,T+10000mdegC
1592212324:[PRESS ,0038]P  +5690mbar,T+10000mdegC
1592212326:[PRESS ,0038]P  +5700mbar,T+10000mdegC
1592212328:[PRESS ,0038]P  +5710mbar,T+10000mdegC
1592212331:[PRESS ,0038]P  +5720mbar,T+10000mdegC
1592212333:[PRESS ,0038]P  +5720mbar,T+10000mdegC
1592212335:[PRESS ,0038]P  +5730mbar,T+10000mdegC
1592212337:[PRESS ,0038]P  +5740mbar,T+10000mdegC
1592212340:[PRESS ,0038]P  +5750mbar,T+10000mdegC
1592212342:[PRESS ,0038]P  +5760mbar,T+10000mdegC
1592212344:[PRESS ,0038]P  +5760mbar,T+10000mdegC
1592212346:[PRESS ,0038]P  +5770mbar,T+10000mdegC
1592212349:[PRESS ,0038]P  +5780mbar,T+10000mdegC
1592212351:[PRESS ,0038]P  +5790mbar,T+10000mdegC
1592212353:[PRESS ,0038]P  +5790mbar,T+10000mdegC
1592212414:[PRESS ,0038]P  +6030mbar,T+10000mdegC
1592212416:[PRESS ,0038]P  +6040mbar,T+10000mdegC
1592212419:[PRESS ,0038]P  +6050mbar,T+10000mdegC
1592212421:[PRESS ,0038]P  +6050mbar,T+10000mdegC
1592212423:[PRESS ,0038]P  +6060mbar,T+10000mdegC
1592212425:[PRESS ,0038]P  +6070mbar,T+10000mdegC
1592212428:[PRESS ,0038]P  +6080mbar,T+10000mdegC
1592212430:[PRESS ,0038]P  +6080mbar,T+10000mdegC
1592212432:[PRESS ,0038]P  +6090mbar,T+10000mdegC
1592212434:[PRESS ,0038]P  +6100mbar,T+10000mdegC
1592212437:[PRESS ,0038]P  +6110mbar,T+10000mdegC
1592212439:[PRESS ,0038]P  +6110mbar,T+10000mdegC
1592212441:[PRESS ,0038]P  +6120mbar,T+10000mdegC
1592212443:[PRESS ,0038]P  +6130mbar,T+10000mdegC
1592212446:[PRESS ,0038]P  +6140mbar,T+10000mdegC
1592212507:[PRESS ,0038]P  +6370mbar,T+10000mdegC
1592212509:[PRESS ,0038]P  +6380mbar,T+10000mdegC
1592212511:[PRESS ,0038]P  +6380mbar,T+10000mdegC
1592212514:[PRESS ,0038]P  +6390mbar,T+10000mdegC
1592212516:[PRESS ,0038]P  +6400mbar,T+10000mdegC
1592212518:[PRESS ,0038]P  +6410mbar,T+10000mdegC
1592212520:[PRESS ,0038]P  +6410mbar,T+10000mdegC
1592212523:[PRESS ,0038]P  +6420mbar,T+10000mdegC
1592212525:[PRESS ,0038]P  +6430mbar,T+10000mdegC
1592212527:[PRESS ,0038]P  +6440mbar,T+10000mdegC
1592212529:[PRESS ,0038]P  +6440mbar,T+10000mdegC
1592212532:[PRESS ,0038]P  +6450mbar,T+10000mdegC
1592212534:[PRESS ,0038]P  +6460mbar,T+10000mdegC
1592212536:[PRESS ,0038]P  +6470mbar,T+10000mdegC
1592212538:[PRESS ,0038]P  +6470mbar,T+10000mdegC
1592212599:[PRESS ,0038]P  +6710mbar,T+10000mdegC
1592212602:[PRESS ,0038]P  +6710mbar,T+10000mdegC
1592212604:[PRESS ,0038]P  +6720mbar,T+10000mdegC
1592212606:[PRESS ,0038]P  +6730mbar,T+10000mdegC
1592212608:[PRESS ,0038]P  +6740mbar,T+10000mdegC
1592212611:[PRESS ,0038]P  +6740mbar,T+10000mdegC
1592212613:[PRESS ,0038]P  +6750mbar,T+10000mdegC
1592212615:[PRESS ,0038]P  +6760mbar,T+10000mdegC
1592212617:[PRESS ,0038]P  +6770mbar,T+10000mdegC
1592212620:[PRESS ,0038]P  +6770mbar,T+10000mdegC
1592212622:[PRESS ,0038]P  +6780mbar,T+10000mdegC
1592212624:[PRESS ,0038]P  +6790mbar,T+10000mdegC
1592212626:[PRESS ,0038]P  +6800mbar,T+10000mdegC
1592212629:[PRESS ,0038]P  +6810mbar,T+10000mdegC
1592212631:[PRESS ,0038]P  +6810mbar,T+10000mdegC
1592212692:[PRESS ,0038]P  +7040mbar,T+10000mdegC
1592212694:[PRESS ,0038]P  +7050mbar,T+10000mdegC
1592212696:[PRESS ,0038]P  +7060mbar,T+10000mdegC
1592212699:[PRESS ,0038]P  +7070mbar,T+10000mdegC
1592212701:[PRESS ,0038]P  +7070mbar,T+10000mdegC
1592212703:[PRESS ,0038]P  +7080mbar,T+10000mdegC
1592212705:[PRESS ,0038]P  +7090mbar,T+10000mdegC
1592212708:[PRESS ,0038]P  +7100mbar,T+10000mdegC
1592212710:[PRESS ,0038]P  +7110mbar,T+10000mdegC
1592212712:[PRESS ,0038]P  +7110mbar,T+10000mdegC
1592212714:[PRESS ,0038]P  +7120mbar,T+10000mdegC
1592212717:[PRESS ,0038]P  +7130mbar,T+10000mdegC
1592212719:[PRESS ,0038]P  +7140mbar,T+10000mdegC
1592212721:[PRESS ,0038]P  +7140mbar,T+10000mdegC
1592212723:[PRESS ,0038]P  +7150mbar,T+10000mdegC
1592212785:[PRESS ,0038]P  +7380mbar,T+10000mdegC
1592212787:[PRESS ,0038]P  +7390mbar,T+10000mdegC
1592212789:[PRESS ,0038]P  +7400mbar,T+10000mdegC
1592212791:[PRESS ,0038]P  +7410mbar,T+10000mdegC
1592212794:[PRESS ,0038]P  +7410mbar,T+10000mdegC
1592212796:[PRESS ,0038]P  +7420mbar,T+10000mdegC
1592212798:[PRESS ,0038]P  +7430mbar,T+10000mdegC
1592212800:[PRESS ,0038]P  +7440mbar,T+10000mdegC
1592212803:[PRESS ,0038]P  +7440mbar,T+10000mdegC
1592212805:[PRESS ,0038]P  +7450mbar,T+10000mdegC
1592212807:[PRESS ,0038]P  +7460mbar,T+10000mdegC
1592212809:[PRESS ,0038]P  +7470mbar,T+10000mdegC
1592212812:[PRESS ,0038]P  +7470mbar,T+10000mdegC
1592212814:[PRESS ,0038]P  +7480mbar,T+10000mdegC
1592212816:[PRESS ,0038]P  +7490mbar,T+10000mdegC
1592212877:[PRESS ,0038]P  +7720mbar,T+10000mdegC
1592212879:[PRESS ,0038]P  +7730mbar,T+10000mdegC
1592212882:[PRESS ,0038]P  +7740mbar,T+10000mdegC
1592212884:[PRESS ,0038]P  +7740mbar,T+10000mdegC
1592212886:[PRESS ,0038]P  +7750mbar,T+10000mdegC
1592212888:[PRESS ,0038]P  +7760mbar,T+10000mdegC
1592212891:[PRESS ,0038]P  +7770mbar,T+10000mdegC
1592212893:[PRESS ,0038]P  +7770mbar,T+10000mdegC
1592212895:[PRESS ,0038]P  +7780mbar,T+10000mdegC
1592212897:[PRESS ,0038]P  +7790mbar,T+10000mdegC
1592212900:[PRESS ,0038]P  +7800mbar,T+10000mdegC
1592212902:[PRESS ,0038]P  +7800mbar,T+10000mdegC
1592212904:[PRESS ,0038]P  +7810mbar,T+10000mdegC
1592212906:[PRESS ,0038]P  +7820mbar,T+10000mdegC
1592212909:[PRESS ,0038]P  +7830mbar,T+10000mdegC
1592212909:[STAGE ,0213]7830mbar reached at 1592212909s, ref 8000mbar +/-500mbar
1592212909:[BUOY  ,0087]from +3mbar/s to +0mbar/s
1592212909:[BUOY  ,0089]need to transfer +14mL (pump during 17532ms)
1592212917:[PUMP  ,0207]battery 14858mV,    8906uA (warmup), P  +7830mbar
1592212917:[PUMP  ,0016]pump during 17532ms
1592212934:[PUMP  ,0212]battery 14858mV,    8906uA (steady state), P  +7830mbar
1592212973:[PRESS ,0038]P  +8000mbar,T+10000mdegC
1592212975:[PRESS ,0038]P  +8010mbar,T+10000mdegC
1592212978:[PRESS ,0038]P  +8020mbar,T+10000mdegC
1592212980:[PRESS ,0038]P  +8020mbar,T+10000mdegC
1592212982:[PRESS ,0038]P  +8030mbar,T+10000mdegC
1592212984:[PRESS ,0038]P  +8030mbar,T+10000mdegC
1592212987:[PRESS ,0038]P  +8040mbar,T+10000mdegC
1592212989:[PRESS ,0038]P  +8040mbar,T+10000mdegC
1592212991:[PRESS ,0038]P  +8050mbar,T+10000mdegC
1592212993:[PRESS ,0038]P  +8050mbar,T+10000mdegC
1592212996:[PRESS ,0038]P  +8060mbar,T+10000mdegC
1592212998:[PRESS ,0038]P  +8060mbar,T+10000mdegC
1592213000:[PRESS ,0038]P  +8070mbar,T+10000mdegC
1592213002:[PRESS ,0038]P  +8070mbar,T+10000mdegC
1592213005:[PRESS ,0038]P  +8080mbar,T+10000mdegC
1592213005:[MAIN  ,0140]stage[0] complete 2047s after mission start
1592213005:[MAIN  ,0056]stage[1]
1592213007:[MAIN  ,0024]internal pressure 100896Pa
1592213012:[SBE41 ,0282]SBE41 parameters : 
      dsreplyformat=1 (webb(0)/standard(1))
      addtimingdelays=0 (n(0)/y(1))
      outputdensity=0 (n(0)/y(1))
      echocmd=0 (n(0)/y(1))
      outputrt=0 (n(0)/y(1))
      outputpts=0 (n(0)/y(1))
      outputsn=0 (n(0)/y(1))
      outputpressure=1 (n(0)/y(1))
      pcutoff=2dbar
      tswait=0s
      pumpfastpt=1 (n(0)/y(1))
      samplerate=1 ('fast':1Hz(1)/'slow':0.5Hz(0))
      top_bin_interval=10dbar
      top_bin_size=10dbar
      top_bin_max=100dbar
      middle_bin_interval=50dbar
      middle_bin_size=50dbar
      middle_bin_max=1000dbar
      bottom_bin_interval=100dbar
      bottom_bin_size=100dbar
      includetransitionbin=0
      includenbin=0 (n(0)/y(1))
      autobinavg=0 (n(0)/y(1))
1592213014:[PRESS ,0038]P  +8100mbar,T+10000mdegC
1592213014:[BUOY  ,0037]P  +8100mbar
1592213014:[STAGE ,0091]Stage [1] surfacing 3600s (<1592216538s) SBE41
1592213014:[SBE41 ,0337]Speed start detected
1592213017:[PRESS ,0038]P  +8110mbar,T+10000mdegC
1592213017:<WARN>[BUOY  ,0094]stage[1] should ASCENT, stuck at 8110mbar for the #1 time
1592213017:[BUOY  ,0087]from +2mbar/s to -9mbar/s
1592213017:[BUOY  ,0089]need to transfer +136mL (pump during 170213ms)
1592213025:[PUMP  ,0207]battery 14856mV,   17690uA (warmup), P  +8110mbar
1592213025:[PUMP  ,0016]pump during 60000ms
1592213084:[PUMP  ,0212]battery 14856mV,   17202uA (steady state), P  +8110mbar
1592213089:[PRESS ,0038]P  +8190mbar,T+10000mdegC
1592213091:[PRESS ,0038]P  +8190mbar,T+10000mdegC
1592213094:[PRESS ,0038]P  +8190mbar,T+10000mdegC
1592213096:[PRESS ,0038]P  +8190mbar,T+10000mdegC
1592213098:[PRESS ,0038]P  +8190mbar,T+10000mdegC
1592213100:[PRESS ,0038]P  +8190mbar,T+10000mdegC
1592213103:[PRESS ,0038]P  +8190mbar,T+10000mdegC
1592213105:[PRESS ,0038]P  +8190mbar,T+10000mdegC
1592213107:[PRESS ,0038]P  +8190mbar,T+10000mdegC
1592213109:[PRESS ,0038]P  +8190mbar,T+10000mdegC
1592213112:[PRESS ,0038]P  +8190mbar,T+10000mdegC
1592213114:[PRESS ,0038]P  +8190mbar,T+10000mdegC
1592213116:[PRESS ,0038]P  +8190mbar,T+10000mdegC
1592213118:[PRESS ,0038]P  +8190mbar,T+10000mdegC
1592213121:[PRESS ,0038]P  +8180mbar,T+10000mdegC
1592213121:<WARN>[BUOY  ,0094]stage[1] should ASCENT, stuck at 8180mbar for the #2 time
1592213121:[BUOY  ,0087]from +0mbar/s to -9mbar/s
1592213121:[BUOY  ,0089]need to transfer +130mL (pump during 162703ms)
1592213129:[PUMP  ,0207]battery 14857mV,   11224uA (warmup), P  +8180mbar
1592213129:[PUMP  ,0016]pump during 60000ms
1592213188:[PUMP  ,0212]battery 14857mV,   11224uA (steady state), P  +8180mbar
1592213193:[PRESS ,0038]P  +8050mbar,T+10000mdegC
1592213195:[PRESS ,0038]P  +8050mbar,T+10000mdegC
1592213198:[PRESS ,0038]P  +8040mbar,T+10000mdegC
1592213200:[PRESS ,0038]P  +8030mbar,T+10000mdegC
1592213202:[PRESS ,0038]P  +8030mbar,T+10000mdegC
1592213204:[PRESS ,0038]P  +8020mbar,T+10000mdegC
1592213207:[PRESS ,0038]P  +8010mbar,T+10000mdegC
1592213209:[PRESS ,0038]P  +8010mbar,T+10000mdegC
1592213211:[PRESS ,0038]P  +8000mbar,T+10000mdegC
1592213213:[PRESS ,0038]P  +7990mbar,T+10000mdegC
1592213216:[PRESS ,0038]P  +7990mbar,T+10000mdegC
1592213218:[PRESS ,0038]P  +7980mbar,T+10000mdegC
1592213220:[PRESS ,0038]P  +7970mbar,T+10000mdegC
1592213222:[PRESS ,0038]P  +7970mbar,T+10000mdegC
1592213224:[PRESS ,0038]P  +7960mbar,T+10000mdegC
1592213225:[BUOY  ,0087]from -3mbar/s to -9mbar/s
1592213225:[BUOY  ,0089]need to transfer +116mL (pump during 145181ms)
1592213233:[PUMP  ,0207]battery 14858mV,    9394uA (warmup), P  +7960mbar
1592213233:[PUMP  ,0016]pump during 60000ms
1592213292:[PUMP  ,0212]battery 14858mV,    9150uA (steady state), P  +7960mbar
1592213297:[PRESS ,0038]P  +7610mbar,T+10000mdegC
1592213299:[PRESS ,0038]P  +7600mbar,T+10000mdegC
1592213301:[PRESS ,0038]P  +7590mbar,T+10000mdegC
1592213304:[PRESS ,0038]P  +7570mbar,T+10000mdegC
1592213306:[PRESS ,0038]P  +7560mbar,T+10000mdegC
1592213308:[PRESS ,0038]P  +7550mbar,T+10000mdegC
1592213310:[PRESS ,0038]P  +7540mbar,T+10000mdegC
1592213313:[PRESS ,0038]P  +7520mbar,T+10000mdegC
1592213315:[PRESS ,0038]P  +7510mbar,T+10000mdegC
1592213317:[PRESS ,0038]P  +7500mbar,T+10000mdegC
1592213319:[PRESS ,0038]P  +7490mbar,T+10000mdegC
1592213322:[PRESS ,0038]P  +7470mbar,T+10000mdegC
1592213324:[PRESS ,0038]P  +7460mbar,T+10000mdegC
1592213326:[PRESS ,0038]P  +7450mbar,T+10000mdegC
1592213328:[PRESS ,0038]P  +7430mbar,T+10000mdegC
1592213328:[BUOY  ,0087]from -6mbar/s to -9mbar/s
1592213328:[BUOY  ,0089]need to transfer +72mL (pump during 90113ms)
1592213337:[PUMP  ,0207]battery 14858mV,    9272uA (warmup), P  +7430mbar
1592213337:[PUMP  ,0016]pump during 60000ms
1592213396:[PUMP  ,0212]battery 14858mV,    9028uA (steady state), P  +7430mbar
1592213401:[PRESS ,0038]P  +6870mbar,T+10000mdegC
1592213403:[PRESS ,0038]P  +6850mbar,T+10000mdegC
1592213405:[PRESS ,0038]P  +6830mbar,T+10000mdegC
1592213408:[PRESS ,0038]P  +6810mbar,T+10000mdegC
1592213410:[PRESS ,0038]P  +6800mbar,T+10000mdegC
1592213412:[PRESS ,0038]P  +6780mbar,T+10000mdegC
1592213414:[PRESS ,0038]P  +6760mbar,T+10000mdegC
1592213417:[PRESS ,0038]P  +6740mbar,T+10000mdegC
1592213419:[PRESS ,0038]P  +6720mbar,T+10000mdegC
1592213421:[PRESS ,0038]P  +6700mbar,T+10000mdegC
1592213423:[PRESS ,0038]P  +6680mbar,T+10000mdegC
1592213426:[PRESS ,0038]P  +6670mbar,T+10000mdegC
1592213428:[PRESS ,0038]P  +6650mbar,T+10000mdegC
1592213430:[PRESS ,0038]P  +6630mbar,T+10000mdegC
1592213432:[PRESS ,0038]P  +6610mbar,T+10000mdegC
1592213493:[PRESS ,0038]P  +6040mbar,T+10000mdegC
1592213496:[PRESS ,0038]P  +6020mbar,T+10000mdegC
1592213498:[PRESS ,0038]P  +6010mbar,T+10000mdegC
1592213500:[PRESS ,0038]P  +5990mbar,T+10000mdegC
1592213502:[PRESS ,0038]P  +5970mbar,T+10000mdegC
1592213505:[PRESS ,0038]P  +5950mbar,T+10000mdegC
1592213507:[PRESS ,0038]P  +5930mbar,T+10000mdegC
1592213509:[PRESS ,0038]P  +5910mbar,T+10000mdegC
1592213511:[PRESS ,0038]P  +5890mbar,T+10000mdegC
1592213514:[PRESS ,0038]P  +5880mbar,T+10000mdegC
1592213516:[PRESS ,0038]P  +5860mbar,T+10000mdegC
1592213518:[PRESS ,0038]P  +5840mbar,T+10000mdegC
1592213520:[PRESS ,0038]P  +5820mbar,T+10000mdegC
1592213523:[PRESS ,0038]P  +5800mbar,T+10000mdegC
1592213525:[PRESS ,0038]P  +5780mbar,T+10000mdegC
1592213586:[PRESS ,0038]P  +5210mbar,T+10000mdegC
1592213588:[PRESS ,0038]P  +5200mbar,T+10000mdegC
1592213591:[PRESS ,0038]P  +5180mbar,T+10000mdegC
1592213593:[PRESS ,0038]P  +5160mbar,T+10000mdegC
1592213595:[PRESS ,0038]P  +5140mbar,T+10000mdegC
1592213597:[PRESS ,0038]P  +5120mbar,T+10000mdegC
1592213600:[PRESS ,0038]P  +5100mbar,T+10000mdegC
1592213602:[PRESS ,0038]P  +5080mbar,T+10000mdegC
1592213604:[PRESS ,0038]P  +5070mbar,T+10000mdegC
1592213606:[PRESS ,0038]P  +5050mbar,T+10000mdegC
1592213608:[PRESS ,0038]P  +5030mbar,T+10000mdegC
1592213611:[PRESS ,0038]P  +5010mbar,T+10000mdegC
1592213613:[PRESS ,0038]P  +4990mbar,T+10000mdegC
1592213615:[PRESS ,0038]P  +4970mbar,T+10000mdegC
1592213617:[PRESS ,0038]P  +4950mbar,T+10000mdegC
1592213679:[PRESS ,0038]P  +4390mbar,T+10000mdegC
1592213681:[PRESS ,0038]P  +4370mbar,T+10000mdegC
1592213683:[PRESS ,0038]P  +4360mbar,T+10000mdegC
1592213685:[PRESS ,0038]P  +4340mbar,T+10000mdegC
1592213688:[PRESS ,0038]P  +4320mbar,T+10000mdegC
1592213690:[PRESS ,0038]P  +4300mbar,T+10000mdegC
1592213692:[PRESS ,0038]P  +4280mbar,T+10000mdegC
1592213694:[PRESS ,0038]P  +4260mbar,T+10000mdegC
1592213697:[PRESS ,0038]P  +4240mbar,T+10000mdegC
1592213699:[PRESS ,0038]P  +4230mbar,T+10000mdegC
1592213701:[PRESS ,0038]P  +4210mbar,T+10000mdegC
1592213703:[PRESS ,0038]P  +4190mbar,T+10000mdegC
1592213706:[PRESS ,0038]P  +4170mbar,T+10000mdegC
1592213708:[PRESS ,0038]P  +4150mbar,T+10000mdegC
1592213710:[PRESS ,0038]P  +4130mbar,T+10000mdegC
1592213771:[PRESS ,0038]P  +3570mbar,T+10000mdegC
1592213773:[PRESS ,0038]P  +3550mbar,T+10000mdegC
1592213776:[PRESS ,0038]P  +3540mbar,T+10000mdegC
1592213778:[PRESS ,0038]P  +3520mbar,T+10000mdegC
1592213780:[PRESS ,0038]P  +3500mbar,T+10000mdegC
1592213782:[PRESS ,0038]P  +3480mbar,T+10000mdegC
1592213785:[PRESS ,0038]P  +3460mbar,T+10000mdegC
1592213787:[PRESS ,0038]P  +3440mbar,T+10000mdegC
1592213789:[PRESS ,0038]P  +3430mbar,T+10000mdegC
1592213791:[PRESS ,0038]P  +3410mbar,T+10000mdegC
1592213794:[PRESS ,0038]P  +3390mbar,T+10000mdegC
1592213796:[PRESS ,0038]P  +3370mbar,T+10000mdegC
1592213798:[PRESS ,0038]P  +3350mbar,T+10000mdegC
1592213800:[PRESS ,0038]P  +3330mbar,T+10000mdegC
1592213803:[PRESS ,0038]P  +3320mbar,T+10000mdegC
1592213864:[PRESS ,0038]P  +2750mbar,T+10000mdegC
1592213866:[PRESS ,0038]P  +2740mbar,T+10000mdegC
1592213868:[PRESS ,0038]P  +2720mbar,T+10000mdegC
1592213871:[PRESS ,0038]P  +2700mbar,T+10000mdegC
1592213873:[PRESS ,0038]P  +2680mbar,T+10000mdegC
1592213875:[PRESS ,0038]P  +2660mbar,T+10000mdegC
1592213877:[PRESS ,0038]P  +2640mbar,T+10000mdegC
1592213880:[PRESS ,0038]P  +2630mbar,T+10000mdegC
1592213882:[PRESS ,0038]P  +2610mbar,T+10000mdegC
1592213884:[PRESS ,0038]P  +2590mbar,T+10000mdegC
1592213886:[PRESS ,0038]P  +2570mbar,T+10000mdegC
1592213889:[PRESS ,0038]P  +2550mbar,T+10000mdegC
1592213891:[PRESS ,0038]P  +2530mbar,T+10000mdegC
1592213893:[PRESS ,0038]P  +2520mbar,T+10000mdegC
1592213895:[PRESS ,0038]P  +2500mbar,T+10000mdegC
1592213956:[PRESS ,0038]P  +1940mbar,T+10000mdegC
1592213959:[PRESS ,0038]P  +1920mbar,T+10000mdegC
1592213961:[PRESS ,0038]P  +1900mbar,T+10000mdegC
1592213963:[PRESS ,0038]P  +1880mbar,T+10000mdegC
1592213965:[PRESS ,0038]P  +1860mbar,T+10000mdegC
1592213968:[PRESS ,0038]P  +1840mbar,T+10000mdegC
1592213970:[PRESS ,0038]P  +1830mbar,T+10000mdegC
1592213972:[PRESS ,0038]P  +1810mbar,T+10000mdegC
1592213974:[PRESS ,0038]P  +1790mbar,T+10000mdegC
1592213977:[PRESS ,0038]P  +1770mbar,T+10000mdegC
1592213979:[PRESS ,0038]P  +1750mbar,T+10000mdegC
1592213981:[PRESS ,0038]P  +1730mbar,T+10000mdegC
1592213983:[PRESS ,0038]P  +1720mbar,T+10000mdegC
1592213986:[PRESS ,0038]P  +1700mbar,T+10000mdegC
1592213988:[PRESS ,0038]P  +1680mbar,T+10000mdegC
1592214049:[PRESS ,0038]P  +1120mbar,T+10000mdegC
1592214051:[PRESS ,0038]P  +1110mbar,T+10000mdegC
1592214053:[PRESS ,0038]P  +1090mbar,T+10000mdegC
1592214056:[PRESS ,0038]P  +1070mbar,T+10000mdegC
1592214058:[PRESS ,0038]P  +1050mbar,T+10000mdegC
1592214060:[PRESS ,0038]P  +1030mbar,T+10000mdegC
1592214062:[PRESS ,0038]P  +1020mbar,T+10000mdegC
1592214065:[PRESS ,0038]P  +1000mbar,T+10000mdegC
1592214067:[PRESS ,0038]P   +980mbar,T+10000mdegC
1592214069:[PRESS ,0038]P   +960mbar,T+10000mdegC
1592214071:[PRESS ,0038]P   +940mbar,T+10000mdegC
1592214074:[PRESS ,0038]P   +920mbar,T+10000mdegC
1592214076:[PRESS ,0038]P   +910mbar,T+10000mdegC
1592214078:[PRESS ,0038]P   +890mbar,T+10000mdegC
1592214080:[PRESS ,0038]P   +870mbar,T+10000mdegC
1592214142:[PRESS ,0038]P   +310mbar,T+10000mdegC
1592214144:[PRESS ,0038]P   +300mbar,T+10000mdegC
1592214146:[PRESS ,0038]P   +280mbar,T+10000mdegC
1592214148:[PRESS ,0038]P   +260mbar,T+10000mdegC
1592214151:[PRESS ,0038]P   +240mbar,T+10000mdegC
1592214153:[PRESS ,0038]P   +220mbar,T+10000mdegC
1592214155:[PRESS ,0038]P   +210mbar,T+10000mdegC
1592214157:[PRESS ,0038]P   +190mbar,T+10000mdegC
1592214160:[PRESS ,0038]P   +170mbar,T+10000mdegC
1592214162:[PRESS ,0038]P   +150mbar,T+10000mdegC
1592214164:[PRESS ,0038]P   +130mbar,T+10000mdegC
1592214166:[PRESS ,0038]P   +110mbar,T+10000mdegC
1592214169:[PRESS ,0038]P   +100mbar,T+10000mdegC
1592214171:[PRESS ,0038]P    +80mbar,T+10000mdegC
1592214173:[PRESS ,0038]P    +60mbar,T+10000mdegC
1592214173:[STAGE ,0214]60mbar (500) reached at 1592214173s, ascending from 8100mbar
1592214173:[STAGE ,0342]The float reached the surface : OK
1592214173:[MAIN  ,0140]stage[1] complete 3215s after mission start
1592214181:[SBE41 ,0343]SBE41 dump : 4 stored samples in hexa format
1592214181:[SBE41 ,0338]Dump finished
1592214181:[SBE41 ,0318]36 bytes in 0060/5EE73E15.S41
1592214182:[MRMAID,0188]acq already stopped
1592214242:[MSSION,0192]mission stopped, 2 stage(s) done
1592214242:[MAIN  ,0065]surfacing
1592214244:[PRESS ,0038]P     +0mbar,T+10000mdegC
1592214244:[SURFIN,0036]P     +0mbar
1592214246:[PRESS ,0038]P     +0mbar,T+10000mdegC
1592214249:[PRESS ,0038]P     +0mbar,T+10000mdegC
1592214249:[SURFIN,0020]filling external bladder
1592214257:[PUMP  ,0207]battery 14857mV,   11590uA (warmup), P     +0mbar
1592214257:[PUMP  ,0016]pump during 300000ms
1592214555:[PUMP  ,0212]battery 14857mV,   11224uA (steady state), P     +0mbar
1592214567:[PUMP  ,0207]battery 14858mV,    9394uA (warmup), P     +0mbar
1592214567:[PUMP  ,0016]pump during 300000ms
1592214570:[PUMP  ,0212]battery 14858mV,    9272uA (steady state), P     +0mbar
1592214572:[SURFIN,0019]external bladder full
1592214574:[PRESS ,0038]P    +70mbar,T+10000mdegC
1592214576:[PRESS ,0038]P    +70mbar,T+10000mdegC
1592214578:[PRESS ,0038]P    +70mbar,T+10000mdegC
1592214581:[PRESS ,0038]P    +70mbar,T+10000mdegC
1592214583:[PRESS ,0038]P    +70mbar,T+10000mdegC
1592214585:[PRESS ,0038]P    +70mbar,T+10000mdegC
1592214587:[PRESS ,0038]P    +70mbar,T+10000mdegC
1592214590:[PRESS ,0038]P    +70mbar,T+10000mdegC
1592214592:[PRESS ,0038]P    +70mbar,T+10000mdegC
1592214594:[PRESS ,0038]P    +70mbar,T+10000mdegC
1592214596:[PRESS ,0038]P    +70mbar,T+10000mdegC
1592214599:[PRESS ,0038]P    +70mbar,T+10000mdegC
1592214601:[PRESS ,0038]P    +70mbar,T+10000mdegC
1592214603:[PRESS ,0038]P    +70mbar,T+10000mdegC
1592214605:[PRESS ,0038]P    +70mbar,T+10000mdegC
1592214640:[MAIN  ,0272]Vbat 14858mV (min 14796mV)
1592214643:[MAIN  ,0024]internal pressure 100914Pa
1592214643:[MAIN  ,0043]Pext 70mbar (rng 0mbar)
1592214643:[MAIN  ,0064]surface
1592214643:[CMD   ,0276]0060>
1592214655:[SURF  ,0022]GPS fix...
1592214656:<WARN>[GPSFIX,0123]GPRMC ms=980 #1
1592214657:<WARN>[GPSFIX,0123]GPRMC ms=980 #1
1592214679:[SURF  ,0015]10 PPS detected...
1592214680:[MRMAID,0052]Mermaid $GPSACK:+0,+0,+0,+0,+0,+0,-427;
1592214690:[MRMAID,0052]Mermaid $GPSOFF:3686313;
1592214692:[GPSFIX,0179]+0s diff
1592214692:[SURF  ,0222]2020-06-15T09:51:32
1592214692:[SURF  ,0082]Latitude : N43deg06.487mn, Longitude :E006deg02.275mn
1592214692:[SURF  ,0223]fix3D,7satellites
1592214692:[SURF  ,0084]GPS fix GPGSA : hdop1.020,vdop1.140
1592214702:[SURF  ,0274]last almanac : 3025771
1592214714:[MRMAID,0026]1444 bytes in 0060/5EE744B3.MER
1592214720:[MAIN  ,0320]New pressure offset: 70mbar
1592214720:[LOGBIN,0078]*** switching to 0060/5EE744C0 ***
