1592472413:[MONITR,0197]reboot code 0x0000, src/monitor.c@520
1592472413:[MAIN  ,0007]buoy 452.020-P-0060
1592472413:[MAIN  ,0055]soft pilotage 452.012.300_V2.18M-20200612
1592472413:[MAIN  ,0011]date 2020-06-18T09:26:53
1592472419:[MAIN  ,0006]battery 14855mV,   10858uA
1592472422:[MAIN  ,0024]internal pressure 100875Pa
1592472424:[PRESS ,0038]P     +0mbar,T+10000mdegC
1592472424:[MRMAID,0182]thread started
1592472425:[MRMAID,0186]no wake-up
1592472426:[MRMAID,0188]acq already stopped
1592472427:[MRMAID,0052]Mermaid $BOARD:452116600-60;
1592472427:[MRMAID,0052]Mermaid $SOFT:2.1344;
1592472427:[TESTMD,0053]Enter in test mode? yes/no
1592472427:[TESTMD,0252]0060>
1592472429:[TESTMD,0050]"yes"
1592472429:[TESTMD,0249]
Command list
pext    : Get external pressure
pint    : Get internal vacuum
ui      : Get voltage/current
act     : Test actuators
fillb   : Pump until filling the bladder
bpopen  : Open bypass
bpclose : Close bypass
date    : Get date
gps     : GPS synchronization
iridium : Iridium transfer
mstart  : Start mermaid acq
mstop   : Stop mermaid acq
mdata   : Get mermaid datas
mchecksd  : Start mermaid acq
mdump  : Send data REQUEST command with date and duration
s41dumpa : Get averaged CTD datas
s41dumpr : Get raw CTD datas
ls      : List files
cp      : Copy file or directory content on the desktop
rm      : Remove a file
h       : Print command list
q       : Quit

Advanced
pumps X : pompe Xs (lent)
pumpf X : pompe Xs (rapide)
evh     : ouvre l'electrovalve 30s
bypass  : ouvre le bypass 30s
dvmine  : deverminage de la carte
nominal : mode nominal pour mesure de conso
cychydr : test du circuit hydraulique
mkdir   : creer un repertoire
mv      : deplacer un fichier
ps      : liste les processus

Set params
stage   : Stage settings
buoy    : Buoy settings
p2t     : Pressure sensor settings
log     : Verb cfg
mermaid : Mermaid cfg
upload  : On/Off Irid transfer
sys  : system param settings


1592472429:[TESTMD,0252]0060>
1592472620:[TESTMD,0050]"gps"
1592472627:[SURF  ,0022]GPS fix...
1592472633:<WARN>[GPSFIX,0123]GPRMC ms=960 #1
1592472670:<WARN>[GPSFIX,0123]GPRMC ms=500 #1
1592472709:[SURF  ,0015]10 PPS detected...
1592472711:[MRMAID,0052]Mermaid $GPSACK:+50,+5,+17,+9,+23,+46,-273803;
1592472721:[MRMAID,0052]Mermaid $GPSOFF:3686313;
1592472722:[GPSFIX,0179]-1s diff
1592472723:[SURF  ,0222]2020-06-18T09:32:03
1592472723:[SURF  ,0082]Latitude : N43deg06.487mn, Longitude :E006deg02.276mn
1592472723:[SURF  ,0223]fix3D,8satellites
1592472723:[SURF  ,0084]GPS fix GPGSA : hdop0.860,vdop1.290
1592472738:[TESTMD,0252]0060>
1592475826:[TESTMD,0049]end char '' not detected
1592475826:[TESTMD,0049]end char '' not detected
1592475826:[TESTMD,0008]command not supported
1592475826:[TESTMD,0252]0060>
