1593841513:[MAIN  ,0007]buoy 452.120-R-0060
1593841513:[MAIN  ,0055]soft pilotage 452.012.300_V2.20-20200612
1593841513:[MAIN  ,0010]cycle 10
1593841513:[SURF  ,0225]surface2
1593841530:[SURF  ,0022]GPS fix...
1593841550:[SURF  ,0015]10 PPS detected...
1593841551:[MRMAID,0052]Mermaid $GPSACK:+0,+0,+0,+0,+0,+0,+0;
1593841561:[MRMAID,0052]Mermaid $GPSOFF:3686331;
1593841562:[GPSFIX,0179]-1s diff
1593841563:[SURF  ,0222]2020-07-04T05:46:03
1593841563:[SURF  ,0082]Latitude : N43deg40.936mn, Longitude :E007deg19.178mn
1593841563:[SURF  ,0223]fix3D,8satellites
1593841563:[SURF  ,0084]GPS fix GPGSA : hdop0.670,vdop1.070
1593841573:[SURF  ,0025]Iridium...
1593841777:<WARN>[SURF  ,0023]failed to connect #1, code -8, net 1, qual 5, dial 1
1593841995:<WARN>[SURF  ,0023]failed to connect #2, code -8, net 1, qual 5, dial 1
1593842134:[SURF  ,0009]connected in 561s, signal quality 2
1593842199:[SURF  ,0218]prompt received, remote cmd end
1593842199:[SURF  ,0012]16 cmd(s) received
1593842222:[UPLOAD,0248]Upload data files...
1593842472:[UPLOAD,0231]"0060/5F00171C.MER" uploaded at 109bytes/s
1593842496:[UPLOAD,0231]"0060/5EFFBF0B.BIN" uploaded at 102bytes/s
1593842959:[SURF  ,0014]disconnected after 1386s
1593842964:[SURFIN,0020]filling external bladder
1593842972:[PUMP  ,0207]battery 15241mV,   18544uA (warmup), P   +110mbar
1593842972:[PUMP  ,0016]pump during 300000ms
1593842980:[PUMP  ,0212]battery 14790mV, 1060302uA (steady state), P   +110mbar
1593842982:[SURFIN,0019]external bladder full
1593842983:[SURF  ,0319]transfer interrupted
1593842998:[SURF  ,0022]GPS fix...
1593843018:[SURF  ,0015]10 PPS detected...
1593843019:[MRMAID,0052]Mermaid $GPSACK:+0,+0,+0,+0,+0,+1,-999542;
1593843029:[MRMAID,0052]Mermaid $GPSOFF:3686329;
1593843030:[GPSFIX,0179]-1s diff
1593843031:[SURF  ,0222]2020-07-04T06:10:31
1593843031:[SURF  ,0082]Latitude : N43deg40.936mn, Longitude :E007deg19.178mn
1593843031:[SURF  ,0223]fix3D,9satellites
1593843031:[SURF  ,0084]GPS fix GPGSA : hdop0.690,vdop1.140
1593843048:[MAIN  ,0024]internal pressure 79728Pa
1593843049:[BYCMD ,0107]    FreeRTOS V8.2.3
1593843049:[BYCMD ,0108]    FatFS v11a
1593843049:[BYCMD ,0120]    bypass 10000ms 60000ms (20000ms 60000ms stored)
1593843049:[BYCMD ,0121]    valve 60000ms 12750 (60000ms 12750 stored)
1593843049:[BYCMD ,0122]    pump 60000ms 30% 10750 80% (60000ms 30% 10750 80% stored)
1593843049:[BYCMD ,0123]    rate 2mbar/s (2mbar/s stored)
1593843049:[BYCMD ,0124]    surface 500mbar (500mbar stored)
1593843049:[BYCMD ,0125]    near 1500mbar 3mbar/s (15000mbar 3mbar/s stored)
1593843049:[BYCMD ,0126]    far 2500mbar 4mbar/s (25000mbar 4mbar/s stored)
1593843049:[BYCMD ,0127]    ascent 8mbar/s (8mbar/s stored)
1593843049:[BYCMD ,0128]    dead 60s (300s stored)
1593843049:[BYCMD ,0129]    coeff 16/10 (16/10 stored)
1593843049:[BYCMD ,0130]    stab 10 (10 stored)
1593843049:[BYCMD ,0131]    delay 900s 3600s (900s 3600s stored)
1593843049:[BYCMD ,0132]    mmtime 2880min (2880min stored)
1593843049:[BYCMD ,0133]    dv_landing 100ml (100ml stored)
1593843049:[MKDCMD,0150]    p2t37: 15x2000ms, offset 113mbar
1593843049:[P2TCMD,0151]    p2t37: dp 50mbar, dt 5000mdegC
1593843050:[STAGE ,0080]Stage [0] 5000mbar (+/-500mbar) 1800s (<1800s) 
1593843050:[STAGE ,0080]Stage [1] 5000mbar (+/-500mbar) 1800s (<3600s) MERMAID
1593843050:[MAIN  ,0070]turn off bluetooth
1593843052:[PRESS ,0038]P    -13mbar,T+16921mdegC
1593843054:[PRESS ,0038]P    -13mbar,T-10625mdegC
1593843056:[PRESS ,0038]P    -23mbar,T+16921mdegC
1593843058:[PRESS ,0038]P     -3mbar,T-10625mdegC
1593843060:[PRESS ,0038]P    -13mbar,T+16921mdegC
1593843067:[PRESS ,0038]P    -13mbar,T-10625mdegC
1593843070:[PRESS ,0038]P    -13mbar,T+16921mdegC
1593843076:[PRESS ,0038]P    -23mbar,T-10625mdegC
1593843077:[DIVING,0141]diving from -13mbar, +0mbar/s
1593843077:[BYPASS,0035]bypass opening 60000ms
1593843083:[BYPASS,0104]battery 15082mV,  251076uA (bypass opening), P    -13mbar
1593843147:[BYPASS,0106]battery 15081mV,  296094uA (bypass closing), P    -13mbar
1593843149:[PRESS ,0038]P   -123mbar,T-21071mdegC
1593843151:[PRESS ,0038]P   -123mbar,T-10625mdegC
1593843153:[PRESS ,0038]P   -113mbar,T+16921mdegC
1593843158:[PRESS ,0038]P   -123mbar,T-10625mdegC
1593843162:[PRESS ,0038]P   -123mbar,T+16921mdegC
1593843169:[PRESS ,0038]P   -113mbar,T-10625mdegC
1593843171:[PRESS ,0038]P   -123mbar,T+16921mdegC
1593843173:[PRESS ,0038]P   -113mbar,T-10625mdegC
1593843174:[BYPASS,0035]bypass opening 10000ms
1593843179:[BYPASS,0104]battery 15105mV,  245952uA (bypass opening), P   -113mbar
1593843194:[BYPASS,0106]battery 15082mV,  294752uA (bypass closing), P   -113mbar
1593843196:[PRESS ,0038]P   -123mbar,T+16921mdegC
1593843198:[PRESS ,0038]P   -143mbar,T-10625mdegC
1593843200:[PRESS ,0038]P   -133mbar,T-21071mdegC
1593843202:[PRESS ,0038]P   -123mbar,T-10625mdegC
1593843203:[PRESS ,0038]P   -133mbar,T+16921mdegC
1593843205:[PRESS ,0038]P   -133mbar,T-10625mdegC
1593843207:[PRESS ,0038]P   -133mbar,T+16921mdegC
1593843209:[PRESS ,0038]P   -123mbar,T-10625mdegC
1593843211:[PRESS ,0038]P   -123mbar,T+16921mdegC
1593843216:[PRESS ,0038]P   -123mbar,T-10625mdegC
1593843221:[PRESS ,0038]P   -123mbar,T+16921mdegC
1593843221:[BYPASS,0035]bypass opening 10000ms
1593843226:[BYPASS,0104]battery 15107mV,  245220uA (bypass opening), P   -123mbar
1593843242:[BYPASS,0106]battery 15083mV,  293776uA (bypass closing), P   -123mbar
1593843243:[PRESS ,0038]P   -123mbar,T-10625mdegC
1593843250:[PRESS ,0038]P   -123mbar,T+16921mdegC
1593843258:[PRESS ,0038]P   -113mbar,T-10625mdegC
1593843261:[PRESS ,0038]P   -133mbar,T+16921mdegC
1593843265:[PRESS ,0038]P   -133mbar,T-10625mdegC
1593843267:[PRESS ,0038]P   -123mbar,T+16921mdegC
1593843268:[BYPASS,0035]bypass opening 10000ms
1593843273:[BYPASS,0104]battery 15107mV,  246318uA (bypass opening), P   -133mbar
1593843288:[BYPASS,0106]battery 15086mV,  292922uA (bypass closing), P   -133mbar
1593843290:[PRESS ,0038]P   -123mbar,T-10625mdegC
1593843292:[PRESS ,0038]P   -123mbar,T+16921mdegC
1593843294:[PRESS ,0038]P   -123mbar,T-10625mdegC
1593843296:[PRESS ,0038]P   -113mbar,T+16921mdegC
1593843301:[PRESS ,0038]P   -113mbar,T-21071mdegC
1593843303:[PRESS ,0038]P   -103mbar,T+16921mdegC
1593843308:[PRESS ,0038]P   -113mbar,T-21071mdegC
1593843310:[PRESS ,0038]P   -113mbar,T-10625mdegC
1593843312:[PRESS ,0038]P   -113mbar,T+16921mdegC
1593843315:[BYPASS,0035]bypass opening 10000ms
1593843320:[BYPASS,0104]battery 15108mV,  244366uA (bypass opening), P   -113mbar
1593843335:[BYPASS,0106]battery 15087mV,  292312uA (bypass closing), P   -113mbar
1593843337:[PRESS ,0038]P   -103mbar,T-10625mdegC
1593843339:[PRESS ,0038]P   -123mbar,T+16921mdegC
1593843343:[PRESS ,0038]P   -123mbar,T-10625mdegC
1593843344:[PRESS ,0038]P   -123mbar,T-21071mdegC
1593843346:[PRESS ,0038]P   -113mbar,T+16921mdegC
1593843355:[PRESS ,0038]P   -113mbar,T-10625mdegC
1593843357:[PRESS ,0038]P   -103mbar,T-21071mdegC
1593843359:[PRESS ,0038]P   -113mbar,T+16921mdegC
1593843362:[PRESS ,0038]P   -103mbar,T-10625mdegC
1593843362:[BYPASS,0035]bypass opening 10000ms
1593843367:[BYPASS,0104]battery 15108mV,  247172uA (bypass opening), P   -103mbar
1593843382:[BYPASS,0106]battery 15088mV,  291702uA (bypass closing), P   -103mbar
1593843384:[PRESS ,0038]P   -113mbar,T+16921mdegC
1593843388:[PRESS ,0038]P   -113mbar,T-10625mdegC
1593843390:[PRESS ,0038]P   -113mbar,T+27364mdegC
1593843391:[PRESS ,0038]P   -103mbar,T+16921mdegC
1593843397:[PRESS ,0038]P   -103mbar,T-10625mdegC
1593843399:[PRESS ,0038]P    -83mbar,T+16921mdegC
1593843404:[PRESS ,0038]P    -93mbar,T-10625mdegC
1593843406:[PRESS ,0038]P    -93mbar,T+16921mdegC
1593843409:[BYPASS,0035]bypass opening 10000ms
1593843414:[BYPASS,0104]battery 15111mV,  246440uA (bypass opening), P    -93mbar
1593843429:[BYPASS,0106]battery 15091mV,  291092uA (bypass closing), P    -93mbar
1593843431:[PRESS ,0038]P   -103mbar,T-21071mdegC
1593843435:[PRESS ,0038]P    -93mbar,T+16921mdegC
1593843440:[PRESS ,0038]P    -93mbar,T-10625mdegC
1593843442:[PRESS ,0038]P   -103mbar,T+16921mdegC
1593843444:[PRESS ,0038]P    -93mbar,T-10625mdegC
1593843447:[PRESS ,0038]P    -93mbar,T+16921mdegC
1593843454:[PRESS ,0038]P    -93mbar,T-10625mdegC
1593843456:[PRESS ,0038]P   -103mbar,T-21071mdegC
1593843456:[BYPASS,0035]bypass opening 10000ms
1593843461:[BYPASS,0104]battery 15113mV,  251198uA (bypass opening), P   -103mbar
1593843476:[BYPASS,0106]battery 15092mV,  290482uA (bypass closing), P   -103mbar
1593843478:[PRESS ,0038]P    -93mbar,T+16921mdegC
1593843480:[PRESS ,0038]P    -93mbar,T-10625mdegC
1593843487:[PRESS ,0038]P    -93mbar,T+16921mdegC
1593843498:[PRESS ,0038]P    -93mbar,T-10625mdegC
1593843500:[PRESS ,0038]P    -93mbar,T+16921mdegC
1593843501:[PRESS ,0038]P   -103mbar,T-21071mdegC
1593843503:[PRESS ,0038]P   -103mbar,T+16921mdegC
1593843503:[BYPASS,0035]bypass opening 10000ms
1593843508:[BYPASS,0104]battery 15115mV,  245830uA (bypass opening), P   -103mbar
1593843523:[BYPASS,0106]battery 15093mV,  289994uA (bypass closing), P   -103mbar
1593843529:[PRESS ,0038]P   -103mbar,T-21071mdegC
1593843531:[PRESS ,0038]P   -103mbar,T+16921mdegC
1593843539:[PRESS ,0038]P    -83mbar,T-10625mdegC
1593843543:[PRESS ,0038]P    -83mbar,T+16921mdegC
1593843550:[PRESS ,0038]P    -83mbar,T-10625mdegC
1593843550:[BYPASS,0035]bypass opening 10000ms
1593843555:[BYPASS,0104]battery 15116mV,  246684uA (bypass opening), P    -83mbar
1593843570:[BYPASS,0106]battery 15095mV,  289506uA (bypass closing), P    -83mbar
1593843572:[PRESS ,0038]P    -63mbar,T+16921mdegC
1593843584:[PRESS ,0038]P    -13mbar,T-21071mdegC
1593843586:[PRESS ,0038]P     +7mbar,T+16921mdegC
1593843593:[PRESS ,0038]P    +37mbar,T-21071mdegC
1593843595:[PRESS ,0038]P    +47mbar,T+27364mdegC
1593843597:[PRESS ,0038]P    +57mbar,T-10625mdegC
1593843603:[PRESS ,0038]P    +67mbar,T+16921mdegC
1593843605:[PRESS ,0038]P    +77mbar,T-10625mdegC
1593843611:[PRESS ,0038]P   +117mbar,T+16921mdegC
1593843614:[PRESS ,0038]P   +127mbar,T-10625mdegC
1593843617:[PRESS ,0038]P   +137mbar,T+16921mdegC
1593843625:[PRESS ,0038]P   +197mbar,T+16921mdegC
1593843630:[PRESS ,0038]P   +227mbar,T-10625mdegC
1593843633:[PRESS ,0038]P   +237mbar,T+16921mdegC
1593843639:[PRESS ,0038]P   +277mbar,T-21071mdegC
1593843642:[PRESS ,0038]P   +287mbar,T-10625mdegC
1593843644:[PRESS ,0038]P   +297mbar,T+16921mdegC
1593843653:[PRESS ,0038]P   +357mbar,T-10625mdegC
1593843656:[PRESS ,0038]P   +357mbar,T+16921mdegC
1593843658:[PRESS ,0038]P   +377mbar,T-10625mdegC
1593843661:[PRESS ,0038]P   +387mbar,T+16921mdegC
1593843672:[PRESS ,0038]P   +457mbar,T-21071mdegC
1593843678:[PRESS ,0038]P   +487mbar,T+16921mdegC
1593843685:[DIVING,0028]527mbar reached (+5mbar/s), 10 bypass done
1593843686:[MAIN  ,0056]stage[0]
1593843688:[MAIN  ,0024]internal pressure 83111Pa
1593843689:[PRESS ,0038]P   +537mbar,T-10625mdegC
1593843689:[BUOY  ,0037]P   +537mbar
1593843689:[STAGE ,0080]Stage [0] 5000mbar (+/-500mbar) 1800s (<1593845485s) 
1593843751:[PRESS ,0038]P   +867mbar,T+16921mdegC
1593843755:[PRESS ,0038]P   +877mbar,T-10625mdegC
1593843758:[PRESS ,0038]P   +897mbar,T-21071mdegC
1593843760:[PRESS ,0038]P   +897mbar,T+16921mdegC
1593843769:[PRESS ,0038]P   +957mbar,T-21071mdegC
1593843771:[PRESS ,0038]P   +967mbar,T+16921mdegC
1593843837:[PRESS ,0038]P  +1327mbar,T-21071mdegC
1593843839:[PRESS ,0038]P  +1347mbar,T+16921mdegC
1593843842:[PRESS ,0038]P  +1367mbar,T-21071mdegC
1593843844:[PRESS ,0038]P  +1367mbar,T+16921mdegC
1593843848:[PRESS ,0038]P  +1377mbar,T-21071mdegC
1593843849:[PRESS ,0038]P  +1387mbar,T+16921mdegC
1593843851:[PRESS ,0038]P  +1407mbar,T-10625mdegC
1593843853:[PRESS ,0038]P  +1397mbar,T+16921mdegC
1593843857:[PRESS ,0038]P  +1437mbar,T-10625mdegC
1593843858:[PRESS ,0038]P  +1427mbar,T+16921mdegC
1593843862:[PRESS ,0038]P  +1437mbar,T-21071mdegC
1593843923:[PRESS ,0038]P  +1567mbar,T-10625mdegC
1593843924:[PRESS ,0038]P  +1587mbar,T-21071mdegC
1593843926:[PRESS ,0038]P  +1577mbar,T-10625mdegC
1593843928:[PRESS ,0038]P  +1577mbar,T+16921mdegC
1593843932:[PRESS ,0038]P  +1567mbar,T-21071mdegC
1593843933:[PRESS ,0038]P  +1567mbar,T+16921mdegC
1593843942:[PRESS ,0038]P  +1567mbar,T-10625mdegC
1593843944:[PRESS ,0038]P  +1557mbar,T+16921mdegC
1593843948:<WARN>[BUOY  ,0094]stage[0] should DESCENT, stuck at 1557mbar for the #1 time
1593843948:[BUOY  ,0087]from -1mbar/s to +4mbar/s
1593843948:[BUOY  ,0090]need to transfer -28mL (valve during 9154ms)
1593843948:[VALVE ,0034]valve opening 9154ms
1593843957:[VALVE ,0234]battery 15105mV,  481656uA, P  +1557mbar
1593844009:[PRESS ,0038]P  +1647mbar,T+16921mdegC
1593844012:[PRESS ,0038]P  +1627mbar,T-21071mdegC
1593844016:[PRESS ,0038]P  +1637mbar,T+16921mdegC
1593844025:[PRESS ,0038]P  +1617mbar,T-10625mdegC
1593844026:[PRESS ,0038]P  +1627mbar,T+16921mdegC
1593844028:[PRESS ,0038]P  +1627mbar,T-10625mdegC
1593844032:[PRESS ,0038]P  +1627mbar,T-21071mdegC
1593844034:[PRESS ,0038]P  +1627mbar,T+16921mdegC
1593844034:<WARN>[BUOY  ,0094]stage[0] should DESCENT, stuck at 1627mbar for the #2 time
1593844034:[BUOY  ,0087]from -1mbar/s to +4mbar/s
1593844034:[BUOY  ,0090]need to transfer -28mL (valve during 8925ms)
1593844034:[VALVE ,0034]valve opening 8925ms
1593844043:[VALVE ,0234]battery 15098mV,  477874uA, P  +1627mbar
1593844095:[PRESS ,0038]P  +1767mbar,T-21071mdegC
1593844100:[PRESS ,0038]P  +1767mbar,T+16921mdegC
1593844102:[PRESS ,0038]P  +1777mbar,T-21071mdegC
1593844103:[PRESS ,0038]P  +1787mbar,T-10625mdegC
1593844105:[PRESS ,0038]P  +1787mbar,T-21071mdegC
1593844107:[PRESS ,0038]P  +1797mbar,T-10625mdegC
1593844111:[PRESS ,0038]P  +1807mbar,T+16921mdegC
1593844112:[PRESS ,0038]P  +1807mbar,T-10625mdegC
1593844114:[PRESS ,0038]P  +1817mbar,T+16921mdegC
1593844120:[BUOY  ,0087]from +2mbar/s to +4mbar/s
1593844120:[BUOY  ,0090]need to transfer -20mL (valve during 6071ms)
1593844120:[VALVE ,0034]valve opening 6071ms
1593844126:[VALVE ,0234]battery 15093mV,  476654uA, P  +1827mbar
1593844180:[PRESS ,0038]P  +2067mbar,T+16921mdegC
1593844182:[PRESS ,0038]P  +2077mbar,T-21071mdegC
1593844184:[PRESS ,0038]P  +2087mbar,T+16921mdegC
1593844186:[PRESS ,0038]P  +2087mbar,T-21071mdegC
1593844188:[PRESS ,0038]P  +2097mbar,T+16921mdegC
1593844189:[PRESS ,0038]P  +2107mbar,T-21071mdegC
1593844191:[PRESS ,0038]P  +2107mbar,T+16921mdegC
1593844204:[PRESS ,0038]P  +2177mbar,T-21071mdegC
1593844205:[PRESS ,0038]P  +2167mbar,T+16921mdegC
1593844266:[PRESS ,0038]P  +2397mbar,T-21071mdegC
1593844268:[PRESS ,0038]P  +2407mbar,T+16921mdegC
1593844270:[PRESS ,0038]P  +2427mbar,T-21071mdegC
1593844272:[PRESS ,0038]P  +2437mbar,T+16921mdegC
1593844279:[PRESS ,0038]P  +2457mbar,T+27364mdegC
1593844280:[PRESS ,0038]P  +2467mbar,T-10625mdegC
1593844282:[PRESS ,0038]P  +2467mbar,T+16921mdegC
1593844284:[PRESS ,0038]P  +2487mbar,T-10625mdegC
1593844286:[PRESS ,0038]P  +2497mbar,T+16921mdegC
1593844291:[BUOY  ,0087]from +5mbar/s to +3mbar/s
1593844291:[BUOY  ,0089]need to transfer +26mL (pump during 31383ms)
1593844299:[PUMP  ,0207]battery 15357mV,   19032uA (warmup), P  +2517mbar
1593844299:[PUMP  ,0016]pump during 31383ms
1593844331:[PUMP  ,0212]battery 15168mV,  331596uA (steady state), P  +2517mbar
1593844355:[PRESS ,0038]P  +2747mbar,T-10625mdegC
1593844359:[PRESS ,0038]P  +2757mbar,T+16921mdegC
1593844368:[PRESS ,0038]P  +2787mbar,T-10625mdegC
1593844370:[PRESS ,0038]P  +2787mbar,T-21071mdegC
1593844371:[PRESS ,0038]P  +2797mbar,T-10625mdegC
1593844373:[PRESS ,0038]P  +2797mbar,T+16921mdegC
1593844375:[PRESS ,0038]P  +2797mbar,T-10625mdegC
1593844441:[PRESS ,0038]P  +2987mbar,T+16921mdegC
1593844444:[PRESS ,0038]P  +2987mbar,T-10625mdegC
1593844448:[PRESS ,0038]P  +3007mbar,T+16921mdegC
1593844450:[PRESS ,0038]P  +3007mbar,T-10625mdegC
1593844455:[PRESS ,0038]P  +3027mbar,T+16921mdegC
1593844457:[PRESS ,0038]P  +3027mbar,T-10625mdegC
1593844459:[PRESS ,0038]P  +3037mbar,T+27364mdegC
1593844461:[PRESS ,0038]P  +3047mbar,T-10625mdegC
1593844466:[PRESS ,0038]P  +3067mbar,T+27364mdegC
1593844527:[PRESS ,0038]P  +3257mbar,T+16921mdegC
1593844528:[PRESS ,0038]P  +3257mbar,T-10625mdegC
1593844530:[PRESS ,0038]P  +3267mbar,T+16921mdegC
1593844532:[PRESS ,0038]P  +3277mbar,T-10625mdegC
1593844534:[PRESS ,0038]P  +3277mbar,T+16921mdegC
1593844536:[PRESS ,0038]P  +3287mbar,T-10625mdegC
1593844539:[PRESS ,0038]P  +3297mbar,T+16921mdegC
1593844541:[PRESS ,0038]P  +3307mbar,T+27364mdegC
1593844543:[PRESS ,0038]P  +3317mbar,T-10625mdegC
1593844545:[PRESS ,0038]P  +3317mbar,T+27364mdegC
1593844546:[PRESS ,0038]P  +3327mbar,T+16921mdegC
1593844548:[PRESS ,0038]P  +3337mbar,T-10625mdegC
1593844612:[PRESS ,0038]P  +3547mbar,T-10625mdegC
1593844623:[PRESS ,0038]P  +3577mbar,T+16921mdegC
1593844625:[PRESS ,0038]P  +3577mbar,T-10625mdegC
1593844627:[PRESS ,0038]P  +3597mbar,T+27364mdegC
1593844630:[PRESS ,0038]P  +3597mbar,T-10625mdegC
1593844698:[PRESS ,0038]P  +3787mbar,T+16921mdegC
1593844700:[PRESS ,0038]P  +3787mbar,T-10625mdegC
1593844709:[PRESS ,0038]P  +3807mbar,T+27364mdegC
1593844711:[PRESS ,0038]P  +3817mbar,T-10625mdegC
1593844712:[PRESS ,0038]P  +3827mbar,T+27364mdegC
1593844716:[PRESS ,0038]P  +3827mbar,T-10625mdegC
1593844720:[PRESS ,0038]P  +3837mbar,T  -183mdegC
1593844721:[PRESS ,0038]P  +3847mbar,T+27364mdegC
1593844723:[PRESS ,0038]P  +3847mbar,T-10625mdegC
1593844784:[PRESS ,0038]P  +4027mbar,T  -183mdegC
1593844786:[PRESS ,0038]P  +4017mbar,T+27364mdegC
1593844787:[PRESS ,0038]P  +4027mbar,T-10625mdegC
1593844791:[PRESS ,0038]P  +4037mbar,T+27364mdegC
1593844793:[PRESS ,0038]P  +4047mbar,T-10625mdegC
1593844796:[PRESS ,0038]P  +4057mbar,T+27364mdegC
1593844800:[PRESS ,0038]P  +4057mbar,T  -183mdegC
1593844802:[PRESS ,0038]P  +4067mbar,T-10625mdegC
1593844804:[PRESS ,0038]P  +4067mbar,T+27364mdegC
1593844805:[PRESS ,0038]P  +4067mbar,T-10625mdegC
1593844807:[PRESS ,0038]P  +4097mbar,T+27364mdegC
1593844809:[PRESS ,0038]P  +4087mbar,T-10625mdegC
1593844870:[PRESS ,0038]P  +4247mbar,T+27364mdegC
1593844873:[PRESS ,0038]P  +4267mbar,T-10625mdegC
1593844875:[PRESS ,0038]P  +4277mbar,T  -183mdegC
1593844877:[PRESS ,0038]P  +4267mbar,T-10625mdegC
1593844879:[PRESS ,0038]P  +4287mbar,T+27364mdegC
1593844880:[PRESS ,0038]P  +4277mbar,T  -183mdegC
1593844882:[PRESS ,0038]P  +4287mbar,T+27364mdegC
1593844884:[PRESS ,0038]P  +4297mbar,T  -183mdegC
1593844886:[PRESS ,0038]P  +4297mbar,T+27364mdegC
1593844888:[PRESS ,0038]P  +4297mbar,T  -183mdegC
1593844891:[PRESS ,0038]P  +4317mbar,T+27364mdegC
1593844955:[PRESS ,0038]P  +4527mbar,T+27364mdegC
1593844968:[PRESS ,0038]P  +4557mbar,T  -183mdegC
1593844970:[PRESS ,0038]P  +4557mbar,T+27364mdegC
1593844975:[PRESS ,0038]P  +4587mbar,T  -183mdegC
1593844977:[PRESS ,0038]P  +4577mbar,T+27364mdegC
1593844979:[PRESS ,0038]P  +4587mbar,T  -183mdegC
1593844980:[STAGE ,0213]4597mbar reached at 1593844980s, ref 5000mbar +/-500mbar
1593844980:[BUOY  ,0087]from +3mbar/s to +0mbar/s
1593844981:[BUOY  ,0089]need to transfer +14mL (pump during 16851ms)
1593844989:[PUMP  ,0207]battery 15405mV,   18910uA (warmup), P  +4597mbar
1593844989:[PUMP  ,0016]pump during 16851ms
1593845005:[PUMP  ,0212]battery 15208mV,  341112uA (steady state), P  +4597mbar
1593845044:[PRESS ,0038]P  +4737mbar,T+27364mdegC
1593845048:[PRESS ,0038]P  +4737mbar,T-10625mdegC
1593845050:[PRESS ,0038]P  +4747mbar,T+27364mdegC
1593845059:[PRESS ,0038]P  +4747mbar,T-10625mdegC
1593845061:[PRESS ,0038]P  +4747mbar,T+27364mdegC
1593845069:[PRESS ,0038]P  +4777mbar,T-10625mdegC
1593845130:[PRESS ,0038]P  +4837mbar,T+27364mdegC
1593845191:[PRESS ,0038]P  +4937mbar,T-10625mdegC
1593845251:[PRESS ,0038]P  +5027mbar,T+27364mdegC
1593845251:[BUOY  ,0087]from +1mbar/s to +0mbar/s
1593845252:[BUOY  ,0089]need to transfer +2mL (pump during 2407ms)
1593845260:[PUMP  ,0207]battery 15402mV,   18910uA (warmup), P  +5027mbar
1593845260:[PUMP  ,0016]pump during 2407ms
1593845315:[PRESS ,0038]P  +5117mbar,T+27364mdegC
1593845323:[PRESS ,0038]P  +5127mbar,T-10625mdegC
1593845324:[PRESS ,0038]P  +5127mbar,T  -183mdegC
1593845326:[PRESS ,0038]P  +5117mbar,T+27364mdegC
1593845328:[PRESS ,0038]P  +5127mbar,T  -183mdegC
1593845330:[PRESS ,0038]P  +5137mbar,T+27364mdegC
1593845332:[PRESS ,0038]P  +5137mbar,T  -183mdegC
1593845340:[PRESS ,0038]P  +5137mbar,T+27364mdegC
1593845340:[BUOY  ,0087]from +1mbar/s to +0mbar/s
1593845341:[BUOY  ,0089]need to transfer +2mL (pump during 2407ms)
1593845349:[PUMP  ,0207]battery 15405mV,   18788uA (warmup), P  +5137mbar
1593845349:[PUMP  ,0016]pump during 2407ms
1593845404:[PRESS ,0038]P  +5217mbar,T+27364mdegC
1593845410:[PRESS ,0038]P  +5227mbar,T  -183mdegC
1593845415:[PRESS ,0038]P  +5227mbar,T+27364mdegC
1593845417:[PRESS ,0038]P  +5227mbar,T  -183mdegC
1593845422:[PRESS ,0038]P  +5237mbar,T+27364mdegC
1593845424:[PRESS ,0038]P  +5237mbar,T-27733mdegC
1593845426:[PRESS ,0038]P  +5247mbar,T  -183mdegC
1593845429:[BUOY  ,0087]from +1mbar/s to +0mbar/s
1593845429:[BUOY  ,0089]need to transfer +2mL (pump during 2407ms)
1593845438:[PUMP  ,0207]battery 15407mV,   18788uA (warmup), P  +5247mbar
1593845438:[PUMP  ,0016]pump during 2407ms
1593845493:[PRESS ,0038]P  +5277mbar,T+27364mdegC
1593845500:[PRESS ,0038]P  +5287mbar,T  -183mdegC
1593845502:[PRESS ,0038]P  +5287mbar,T+27364mdegC
1593845504:[PRESS ,0038]P  +5287mbar,T  -183mdegC
1593845508:[PRESS ,0038]P  +5277mbar,T+27364mdegC
1593845509:[PRESS ,0038]P  +5287mbar,T-27733mdegC
1593845511:[PRESS ,0038]P  +5287mbar,T  -183mdegC
1593845515:[PRESS ,0038]P  +5287mbar,T+27364mdegC
1593845517:[PRESS ,0038]P  +5297mbar,T  -183mdegC
1593845518:[MAIN  ,0140]stage[0] complete 1833s after mission start
1593845518:[MAIN  ,0056]stage[1]
1593845521:[MAIN  ,0024]internal pressure 82173Pa
1593845522:[MRMAID,0002]acq started
1593845532:[PRESS ,0038]P  +5307mbar,T+27364mdegC
1593845532:[BUOY  ,0037]P  +5307mbar
1593845532:[STAGE ,0080]Stage [1] 5000mbar (+/-500mbar) 1800s (<1593847285s) MERMAID
1593845534:[PRESS ,0038]P  +5297mbar,T  -183mdegC
1593845534:[STAGE ,0213]5297mbar reached at 1593845534s, ref 5000mbar +/-500mbar
1593845534:[BUOY  ,0087]from +1mbar/s to +0mbar/s
1593845534:[BUOY  ,0089]need to transfer +2mL (pump during 2407ms)
1593845543:[PUMP  ,0207]battery 15410mV,   18910uA (warmup), P  +5297mbar
1593845543:[PUMP  ,0016]pump during 2407ms
1593845558:[MRMAID,0184]acq already started
1593845575:[MRMAID,0059]stop canceled
1593845608:[PRESS ,0038]P  +5297mbar,T+27364mdegC
1593845614:[PRESS ,0038]P  +5287mbar,T  -183mdegC
1593845621:[PRESS ,0038]P  +5297mbar,T-27733mdegC
1593845623:[PRESS ,0038]P  +5297mbar,T  -183mdegC
1593845624:[PRESS ,0038]P  +5287mbar,T-27733mdegC
1593845626:[PRESS ,0038]P  +5287mbar,T  -183mdegC
1593845630:[PRESS ,0038]P  +5297mbar,T+27364mdegC
1593845632:[PRESS ,0038]P  +5277mbar,T-27733mdegC
1593845633:[PRESS ,0038]P  +5277mbar,T+10253mdegC
1593845676:[MRMAID,0027]53dbar, 10degC
1593845694:[PRESS ,0038]P  +5267mbar,T  -183mdegC
1593846058:[PRESS ,0038]P  +5327mbar,T  -183mdegC
1593846179:[PRESS ,0038]P  +5417mbar,T  -183mdegC
1593846240:[PRESS ,0038]P  +5467mbar,T-27733mdegC
1593846301:[PRESS ,0038]P  +5537mbar,T-27733mdegC
1593846301:<WARN>[BUOY  ,0094]stage[1] should ASCENT, stuck at 5537mbar for the #1 time
1593846301:[BUOY  ,0087]from +0mbar/s to -2mbar/s
1593846301:[BUOY  ,0089]need to transfer +6mL (pump during 7203ms)
1593846309:[PUMP  ,0207]battery 15443mV,   19276uA (warmup), P  +5537mbar
1593846309:[PUMP  ,0016]pump during 7203ms
1593846317:[PUMP  ,0212]battery 15237mV,  349286uA (steady state), P  +5537mbar
1593846329:[MRMAID,0184]acq already started
1593846377:[PRESS ,0038]P  +5547mbar,T  -183mdegC
1593846379:[PRESS ,0038]P  +5547mbar,T-27733mdegC
1593846381:[PRESS ,0038]P  +5547mbar,T  -183mdegC
1593846384:[PRESS ,0038]P  +5557mbar,T-27733mdegC
1593846386:[PRESS ,0038]P  +5557mbar,T+10253mdegC
1593846388:[PRESS ,0038]P  +5547mbar,T-27733mdegC
1593846391:[PRESS ,0038]P  +5547mbar,T  -183mdegC
1593846393:[PRESS ,0038]P  +5547mbar,T+10253mdegC
1593846395:[PRESS ,0038]P  +5537mbar,T-27733mdegC
1593846397:[PRESS ,0038]P  +5537mbar,T+10253mdegC
1593846399:[PRESS ,0038]P  +5547mbar,T-27733mdegC
1593846400:[PRESS ,0038]P  +5547mbar,T+10253mdegC
1593846400:<WARN>[BUOY  ,0094]stage[1] should ASCENT, stuck at 5547mbar for the #2 time
1593846400:[BUOY  ,0087]from +0mbar/s to -2mbar/s
1593846400:[BUOY  ,0089]need to transfer +6mL (pump during 7203ms)
1593846409:[PUMP  ,0207]battery 15432mV,   19154uA (warmup), P  +5547mbar
1593846409:[PUMP  ,0016]pump during 7203ms
1593846416:[PUMP  ,0212]battery 15225mV,  354166uA (steady state), P  +5547mbar
1593846429:[MRMAID,0184]acq already started
1593846475:[PRESS ,0038]P  +5437mbar,T  -183mdegC
1593846477:[PRESS ,0038]P  +5437mbar,T-27733mdegC
1593846484:[PRESS ,0038]P  +5427mbar,T  -183mdegC
1593846487:[PRESS ,0038]P  +5417mbar,T-27733mdegC
1593846489:[PRESS ,0038]P  +5407mbar,T+10253mdegC
1593846493:[PRESS ,0038]P  +5407mbar,T-27733mdegC
1593846495:[PRESS ,0038]P  +5407mbar,T+10253mdegC
1593846496:[PRESS ,0038]P  +5397mbar,T  -183mdegC
1593846498:[PRESS ,0038]P  +5397mbar,T-27733mdegC
1593846561:[PRESS ,0038]P  +5287mbar,T-27733mdegC
1593846621:[PRESS ,0038]P  +5187mbar,T-27733mdegC
1593846682:[PRESS ,0038]P  +5127mbar,T  -183mdegC
1593846743:[PRESS ,0038]P  +5097mbar,T-27733mdegC
1593846776:[MRMAID,0059]stop canceled
1593846791:[MRMAID,0005]ascent request rejected
1593846864:[PRESS ,0038]P  +5017mbar,T-27733mdegC
1593846877:[MRMAID,0027]50dbar, -28degC
1593846925:[BUOY  ,0087]from -1mbar/s to +0mbar/s
1593846925:[BUOY  ,0090]need to transfer -2mL (valve during 364ms)
1593846925:[VALVE ,0034]valve opening 364ms
1593846936:[MRMAID,0184]acq already started
1593846998:[PRESS ,0038]P  +4957mbar,T  -183mdegC
1593847000:[PRESS ,0038]P  +4977mbar,T-27733mdegC
1593847001:[PRESS ,0038]P  +4967mbar,T+10253mdegC
1593847003:[PRESS ,0038]P  +4967mbar,T-27733mdegC
1593847010:[PRESS ,0038]P  +4967mbar,T+10253mdegC
1593847014:[PRESS ,0038]P  +4977mbar,T-27733mdegC
1593847017:[PRESS ,0038]P  +4987mbar,T+10253mdegC
1593847019:[PRESS ,0038]P  +4977mbar,T-27733mdegC
1593847021:[PRESS ,0038]P  +4977mbar,T+10253mdegC
1593847082:[PRESS ,0038]P  +4997mbar,T-27733mdegC
1593847324:[PRESS ,0038]P  +5007mbar,T+10253mdegC
1593847324:[MAIN  ,0140]stage[1] complete 3639s after mission start
1593847928:<ERR>[MRMAID,0008]acq not stopped
1593847977:[MRMAID,0003]acq stopped
1593847977:[MRMAID,0052]Mermaid $MEASFS,96130,2402.400757,40.014140;
1593847989:[MSSION,0192]mission stopped, 2 stage(s) done
1593847989:[MAIN  ,0065]surfacing
1593847990:[SURFIN,0036]P  +5017mbar
1593847993:<WARN>[MERCMD,0006]ascent request while not in mission
1593847993:[MRMAID,0003]acq stopped
1593847999:[PUMP  ,0207]battery 15461mV,   18910uA (warmup), P  +5017mbar
1593847999:[PUMP  ,0016]pump during 60000ms
1593848058:[PUMP  ,0212]battery 15245mV,  352946uA (steady state), P  +5017mbar
1593848115:[PRESS ,0038]P  +4687mbar,T-27733mdegC
1593848119:[PRESS ,0038]P  +4657mbar,T+10253mdegC
1593848121:[PRESS ,0038]P  +4667mbar,T-27733mdegC
1593848126:[PRESS ,0038]P  +4647mbar,T+10253mdegC
1593848131:[PRESS ,0038]P  +4587mbar,T+10253mdegC
1593848133:[PRESS ,0038]P  +4607mbar,T-27733mdegC
1593848135:[PRESS ,0038]P  +4577mbar,T+10253mdegC
1593848148:[PUMP  ,0207]battery 15362mV,   18910uA (warmup), P  +4557mbar
1593848148:[PUMP  ,0016]pump during 60000ms
1593848207:[PUMP  ,0212]battery 15147mV,  354532uA (steady state), P  +4557mbar
1593848265:[PRESS ,0038]P  +3847mbar,T-27733mdegC
1593848267:[PRESS ,0038]P  +3827mbar,T-17299mdegC
1593848269:[PRESS ,0038]P  +3817mbar,T  -183mdegC
1593848270:[PRESS ,0038]P  +3797mbar,T-27733mdegC
1593848272:[PRESS ,0038]P  +3807mbar,T+10253mdegC
1593848276:[PRESS ,0038]P  +3777mbar,T-17299mdegC
1593848278:[PRESS ,0038]P  +3777mbar,T+10253mdegC
1593848283:[PRESS ,0038]P  +3737mbar,T-17299mdegC
1593848285:[PRESS ,0038]P  +3727mbar,T-27733mdegC
1593848287:[PRESS ,0038]P  +3717mbar,T-17299mdegC
1593848288:[PRESS ,0038]P  +3697mbar,T+10253mdegC
1593848298:[PUMP  ,0207]battery 15290mV,   19032uA (warmup), P  +3697mbar
1593848298:[PUMP  ,0016]pump during 60000ms
1593848357:[PUMP  ,0212]battery 15083mV,  340502uA (steady state), P  +3697mbar
1593848415:[PRESS ,0038]P  +2847mbar,T+10253mdegC
1593848417:[PRESS ,0038]P  +2827mbar,T-27733mdegC
1593848419:[PRESS ,0038]P  +2807mbar,T-17299mdegC
1593848420:[PRESS ,0038]P  +2807mbar,T+10253mdegC
1593848428:[PRESS ,0038]P  +2737mbar,T+10253mdegC
1593848429:[PRESS ,0038]P  +2737mbar,T-17299mdegC
1593848431:[PRESS ,0038]P  +2717mbar,T+10253mdegC
1593848433:[PRESS ,0038]P  +2707mbar,T-17299mdegC
1593848437:[PRESS ,0038]P  +2677mbar,T+10253mdegC
1593848562:[PRESS ,0038]P  +1817mbar,T+10253mdegC
1593848570:[PUMP  ,0207]battery 15286mV,   19032uA (warmup), P  +1817mbar
1593848570:[PUMP  ,0016]pump during 60000ms
1593848629:[PUMP  ,0212]battery 15080mV,  333792uA (steady state), P  +1817mbar
1593848686:[PRESS ,0038]P  +1447mbar,T-27733mdegC
1593848688:[PRESS ,0038]P  +1457mbar,T+10253mdegC
1593848692:[PRESS ,0038]P  +1447mbar,T-27733mdegC
1593848694:[PRESS ,0038]P  +1447mbar,T+10253mdegC
1593848697:[PRESS ,0038]P  +1437mbar,T-27733mdegC
1593848699:[PRESS ,0038]P  +1437mbar,T+10253mdegC
1593848701:[PRESS ,0038]P  +1427mbar,T+20684mdegC
1593848703:[PRESS ,0038]P  +1417mbar,T+10253mdegC
1593848720:[PUMP  ,0207]battery 15236mV,   19032uA (warmup), P  +1407mbar
1593848720:[PUMP  ,0016]pump during 60000ms
1593848779:[PUMP  ,0212]battery 15030mV,  341234uA (steady state), P  +1407mbar
1593848836:[PRESS ,0038]P   +777mbar,T+10253mdegC
1593848840:[PRESS ,0038]P   +767mbar,T-17299mdegC
1593848842:[PRESS ,0038]P   +747mbar,T+10253mdegC
1593848852:[PRESS ,0038]P   +677mbar,T-17299mdegC
1593848856:[PRESS ,0038]P   +657mbar,T-27733mdegC
1593848858:[PRESS ,0038]P   +637mbar,T+10253mdegC
1593848860:[PRESS ,0038]P   +637mbar,T-17299mdegC
1593848861:[PRESS ,0038]P   +617mbar,T+10253mdegC
1593848870:[PUMP  ,0207]battery 15205mV,   19032uA (warmup), P   +617mbar
1593848870:[PUMP  ,0016]pump during 60000ms
1593848929:[PUMP  ,0212]battery 15003mV,  328912uA (steady state), P   +617mbar
1593848986:[PRESS ,0038]P    -93mbar,T+10253mdegC
1593848988:[PRESS ,0038]P   -103mbar,T-27733mdegC
1593848990:[PRESS ,0038]P    -93mbar,T+10253mdegC
1593848992:[PRESS ,0038]P    -93mbar,T-27733mdegC
1593848993:[PRESS ,0038]P    -93mbar,T+10253mdegC
1593848995:[PRESS ,0038]P   -113mbar,T-27733mdegC
1593849001:[PRESS ,0038]P   -103mbar,T+10253mdegC
1593849002:[PRESS ,0038]P    -93mbar,T-17299mdegC
1593849006:[PRESS ,0038]P    -93mbar,T-27733mdegC
1593849008:[PRESS ,0038]P   -103mbar,T+10253mdegC
1593849015:[PRESS ,0038]P    -93mbar,T-27733mdegC
1593849015:[SURFIN,0020]filling external bladder
1593849023:[PUMP  ,0207]battery 15190mV,   19032uA (warmup), P    -93mbar
1593849023:[PUMP  ,0016]pump during 300000ms
1593849322:[PUMP  ,0212]battery 14690mV, 1084458uA (steady state), P    -93mbar
1593849333:[PUMP  ,0207]battery 14692mV,   19032uA (warmup), P    -93mbar
1593849333:[PUMP  ,0016]pump during 300000ms
1593849455:[PUMP  ,0212]battery 14342mV, 1015406uA (steady state), P    -93mbar
1593849457:[SURFIN,0019]external bladder full
1593849458:[PRESS ,0038]P   +110mbar,T  -183mdegC
1593849460:[PRESS ,0038]P   +100mbar,T+27364mdegC
1593849464:[PRESS ,0038]P   +120mbar,T  -183mdegC
1593849466:[PRESS ,0038]P   +120mbar,T-27733mdegC
1593849467:[PRESS ,0038]P   +110mbar,T  -183mdegC
1593849469:[PRESS ,0038]P   +110mbar,T+27364mdegC
1593849471:[PRESS ,0038]P   +110mbar,T-10625mdegC
1593849473:[PRESS ,0038]P   +120mbar,T  -183mdegC
1593849480:[PRESS ,0038]P   +110mbar,T+27364mdegC
1593849482:[PRESS ,0038]P   +120mbar,T  -183mdegC
1593849484:[PRESS ,0038]P   +110mbar,T-27733mdegC
1593849519:[MAIN  ,0272]Vbat 14913mV (min 14845mV)
1593849521:[MAIN  ,0024]internal pressure 79371Pa
1593849521:[MAIN  ,0043]Pext 112mbar (rng 20mbar)
1593849521:[MAIN  ,0064]surface
1593849536:[SURF  ,0022]GPS fix...
1593849556:[SURF  ,0015]10 PPS detected...
1593849557:[MRMAID,0052]Mermaid $GPSACK:+0,+0,+0,+0,+0,+0,-2136;
1593849567:[MRMAID,0052]Mermaid $GPSOFF:3686331;
1593849569:[GPSFIX,0179]+0s diff
1593849569:[SURF  ,0222]2020-07-04T07:59:29
1593849569:[SURF  ,0082]Latitude : N43deg40.938mn, Longitude :E007deg19.176mn
1593849569:[SURF  ,0223]fix3D,9satellites
1593849569:[SURF  ,0084]GPS fix GPGSA : hdop0.760,vdop0.960
1593849579:[SURF  ,0274]last almanac : 76098
1593849655:[MRMAID,0026]26011 bytes in 0060/5F0036F0.MER
1593849661:[MAIN  ,0320]New pressure offset: 112mbar
1593849661:[LOGBIN,0078]*** switching to 0060/5F00373D ***
