1593849661:[MAIN  ,0007]buoy 452.120-R-0060
1593849661:[MAIN  ,0055]soft pilotage 452.012.300_V2.20-20200612
1593849661:[MAIN  ,0010]cycle 11
1593849661:[SURF  ,0225]surface2
1593849675:[SURF  ,0022]GPS fix...
1593849695:[SURF  ,0015]10 PPS detected...
1593849696:[MRMAID,0052]Mermaid $GPSACK:+0,+0,+0,+0,+0,+0,+0;
1593849706:[MRMAID,0052]Mermaid $GPSOFF:3686330;
1593849708:[GPSFIX,0179]+0s diff
1593849708:[SURF  ,0222]2020-07-04T08:01:48
1593849708:[SURF  ,0082]Latitude : N43deg40.938mn, Longitude :E007deg19.176mn
1593849708:[SURF  ,0223]fix3D,9satellites
1593849708:[SURF  ,0084]GPS fix GPGSA : hdop0.700,vdop0.950
1593849718:[SURF  ,0025]Iridium...
1593849760:[SURF  ,0009]connected in 42s, signal quality 2
1593849829:[SURF  ,0218]prompt received, remote cmd end
1593849829:[SURF  ,0012]16 cmd(s) received
1593849852:[UPLOAD,0248]Upload data files...
1593850449:[SURF  ,0014]disconnected after 731s
1593850454:[SURFIN,0020]filling external bladder
1593850463:[PUMP  ,0207]battery 15243mV,   18544uA (warmup), P   +110mbar
1593850463:[PUMP  ,0016]pump during 300000ms
1593850470:[PUMP  ,0212]battery 14802mV, 1052128uA (steady state), P   +110mbar
1593850472:[SURFIN,0019]external bladder full
1593850472:[SURF  ,0319]transfer interrupted
1593850491:[SURF  ,0022]GPS fix...
1593850511:[SURF  ,0015]10 PPS detected...
1593850512:[MRMAID,0052]Mermaid $GPSACK:+0,+0,+0,+0,+0,+1,-999969;
1593850522:[MRMAID,0052]Mermaid $GPSOFF:3686329;
1593850523:[GPSFIX,0179]-1s diff
1593850524:[SURF  ,0222]2020-07-04T08:15:24
1593850524:[SURF  ,0082]Latitude : N43deg40.938mn, Longitude :E007deg19.177mn
1593850524:[SURF  ,0223]fix3D,8satellites
1593850524:[SURF  ,0084]GPS fix GPGSA : hdop0.740,vdop0.980
1593850541:[MAIN  ,0024]internal pressure 79666Pa
1593850542:[BYCMD ,0107]    FreeRTOS V8.2.3
1593850542:[BYCMD ,0108]    FatFS v11a
1593850542:[BYCMD ,0120]    bypass 10000ms 60000ms (20000ms 60000ms stored)
1593850542:[BYCMD ,0121]    valve 60000ms 12750 (60000ms 12750 stored)
1593850542:[BYCMD ,0122]    pump 60000ms 30% 10750 80% (60000ms 30% 10750 80% stored)
1593850542:[BYCMD ,0123]    rate 2mbar/s (2mbar/s stored)
1593850542:[BYCMD ,0124]    surface 500mbar (500mbar stored)
1593850542:[BYCMD ,0125]    near 1500mbar 3mbar/s (15000mbar 3mbar/s stored)
1593850542:[BYCMD ,0126]    far 2500mbar 4mbar/s (25000mbar 4mbar/s stored)
1593850542:[BYCMD ,0127]    ascent 8mbar/s (8mbar/s stored)
1593850542:[BYCMD ,0128]    dead 60s (300s stored)
1593850542:[BYCMD ,0129]    coeff 16/10 (16/10 stored)
1593850542:[BYCMD ,0130]    stab 10 (10 stored)
1593850542:[BYCMD ,0131]    delay 900s 3600s (900s 3600s stored)
1593850542:[BYCMD ,0132]    mmtime 2880min (2880min stored)
1593850542:[BYCMD ,0133]    dv_landing 100ml (100ml stored)
1593850542:[MKDCMD,0150]    p2t37: 15x2000ms, offset 112mbar
1593850542:[P2TCMD,0151]    p2t37: dp 50mbar, dt 5000mdegC
1593850543:[STAGE ,0080]Stage [0] 5000mbar (+/-500mbar) 1800s (<1800s) 
1593850543:[STAGE ,0080]Stage [1] 5000mbar (+/-500mbar) 1800s (<3600s) 
1593850543:[MAIN  ,0070]turn off bluetooth
1593850545:[PRESS ,0038]P    -12mbar,T+16921mdegC
1593850556:[PRESS ,0038]P     -2mbar,T-10625mdegC
1593850558:[PRESS ,0038]P    -12mbar,T+16921mdegC
1593850563:[PRESS ,0038]P    -22mbar,T-10625mdegC
1593850567:[PRESS ,0038]P    -12mbar,T+16921mdegC
1593850569:[PRESS ,0038]P    -12mbar,T-10625mdegC
1593850570:[PRESS ,0038]P    -12mbar,T+16921mdegC
1593850570:[DIVING,0141]diving from -12mbar, +0mbar/s
1593850570:[BYPASS,0035]bypass opening 60000ms
1593850575:[BYPASS,0104]battery 15090mV,  251564uA (bypass opening), P    -12mbar
1593850640:[BYPASS,0106]battery 15087mV,  296704uA (bypass closing), P    -12mbar
1593850642:[PRESS ,0038]P   -122mbar,T+16921mdegC
1593850644:[PRESS ,0038]P   -122mbar,T-10625mdegC
1593850646:[PRESS ,0038]P   -122mbar,T+16921mdegC
1593850651:[PRESS ,0038]P   -102mbar,T-10625mdegC
1593850653:[PRESS ,0038]P   -112mbar,T+16921mdegC
1593850664:[PRESS ,0038]P   -102mbar,T-10625mdegC
1593850665:[PRESS ,0038]P    -92mbar,T+16921mdegC
1593850667:[BYPASS,0035]bypass opening 10000ms
1593850672:[BYPASS,0104]battery 15112mV,  249124uA (bypass opening), P   -102mbar
1593850687:[BYPASS,0106]battery 15088mV,  295362uA (bypass closing), P   -102mbar
1593850693:[PRESS ,0038]P   -122mbar,T-21071mdegC
1593850696:[PRESS ,0038]P   -142mbar,T+16921mdegC
1593850700:[PRESS ,0038]P   -132mbar,T-10625mdegC
1593850705:[PRESS ,0038]P   -132mbar,T-21071mdegC
1593850707:[PRESS ,0038]P   -132mbar,T-10625mdegC
1593850709:[PRESS ,0038]P   -122mbar,T+16921mdegC
1593850711:[PRESS ,0038]P   -122mbar,T-10625mdegC
1593850714:[PRESS ,0038]P   -132mbar,T+16921mdegC
1593850714:[BYPASS,0035]bypass opening 10000ms
1593850719:[BYPASS,0104]battery 15111mV,  251564uA (bypass opening), P   -132mbar
1593850734:[BYPASS,0106]battery 15090mV,  294264uA (bypass closing), P   -132mbar
1593850741:[PRESS ,0038]P   -132mbar,T-10625mdegC
1593850743:[PRESS ,0038]P   -132mbar,T-21071mdegC
1593850745:[PRESS ,0038]P   -122mbar,T-10625mdegC
1593850747:[PRESS ,0038]P   -122mbar,T+16921mdegC
1593850750:[PRESS ,0038]P   -102mbar,T-10625mdegC
1593850752:[PRESS ,0038]P   -112mbar,T+16921mdegC
1593850756:[PRESS ,0038]P   -132mbar,T-10625mdegC
1593850759:[PRESS ,0038]P   -122mbar,T-21071mdegC
1593850761:[PRESS ,0038]P   -122mbar,T-10625mdegC
1593850761:[BYPASS,0035]bypass opening 10000ms
1593850766:[BYPASS,0104]battery 15112mV,  251320uA (bypass opening), P   -122mbar
1593850781:[BYPASS,0106]battery 15091mV,  293532uA (bypass closing), P   -122mbar
1593850783:[PRESS ,0038]P   -122mbar,T+16921mdegC
1593850785:[PRESS ,0038]P   -112mbar,T-10625mdegC
1593850787:[PRESS ,0038]P   -112mbar,T+16921mdegC
1593850794:[PRESS ,0038]P   -112mbar,T-21071mdegC
1593850796:[PRESS ,0038]P   -112mbar,T+16921mdegC
1593850799:[PRESS ,0038]P   -112mbar,T-21071mdegC
1593850801:[PRESS ,0038]P   -112mbar,T+16921mdegC
1593850808:[BYPASS,0035]bypass opening 10000ms
1593850813:[BYPASS,0104]battery 15113mV,  244854uA (bypass opening), P   -112mbar
1593850828:[BYPASS,0106]battery 15092mV,  292800uA (bypass closing), P   -112mbar
1593850835:[PRESS ,0038]P   -122mbar,T-10625mdegC
1593850837:[PRESS ,0038]P   -102mbar,T+16921mdegC
1593850843:[PRESS ,0038]P   -112mbar,T-21071mdegC
1593850846:[PRESS ,0038]P   -122mbar,T+16921mdegC
1593850850:[PRESS ,0038]P   -102mbar,T-10625mdegC
1593850851:[PRESS ,0038]P   -112mbar,T+16921mdegC
1593850855:[PRESS ,0038]P   -102mbar,T-10625mdegC
1593850855:[BYPASS,0035]bypass opening 10000ms
1593850860:[BYPASS,0104]battery 15116mV,  249002uA (bypass opening), P   -102mbar
1593850875:[BYPASS,0106]battery 15093mV,  292190uA (bypass closing), P   -102mbar
1593850877:[PRESS ,0038]P   -102mbar,T+16921mdegC
1593850879:[PRESS ,0038]P   -112mbar,T-21071mdegC
1593850881:[PRESS ,0038]P    -92mbar,T-10625mdegC
1593850882:[PRESS ,0038]P   -102mbar,T +6472mdegC
1593850884:[PRESS ,0038]P    -92mbar,T-10625mdegC
1593850886:[PRESS ,0038]P   -102mbar,T-21071mdegC
1593850888:[PRESS ,0038]P   -102mbar,T+16921mdegC
1593850890:[PRESS ,0038]P    -92mbar,T-21071mdegC
1593850891:[PRESS ,0038]P    -92mbar,T+16921mdegC
1593850895:[PRESS ,0038]P    -92mbar,T-21071mdegC
1593850899:[PRESS ,0038]P    -92mbar,T-10625mdegC
1593850900:[PRESS ,0038]P    -92mbar,T+16921mdegC
1593850902:[BYPASS,0035]bypass opening 10000ms
1593850907:[BYPASS,0104]battery 15115mV,  246440uA (bypass opening), P   -102mbar
1593850922:[BYPASS,0106]battery 15095mV,  291580uA (bypass closing), P   -102mbar
1593850926:[PRESS ,0038]P   -102mbar,T-21071mdegC
1593850929:[PRESS ,0038]P   -102mbar,T+16921mdegC
1593850935:[PRESS ,0038]P   -102mbar,T-21071mdegC
1593850937:[PRESS ,0038]P   -102mbar,T-10625mdegC
1593850940:[PRESS ,0038]P   -102mbar,T+16921mdegC
1593850944:[PRESS ,0038]P    -92mbar,T-21071mdegC
1593850947:[PRESS ,0038]P   -102mbar,T-10625mdegC
1593850949:[PRESS ,0038]P    -92mbar,T-21071mdegC
1593850949:[BYPASS,0035]bypass opening 10000ms
1593850954:[BYPASS,0104]battery 15118mV,  247782uA (bypass opening), P    -92mbar
1593850969:[BYPASS,0106]battery 15096mV,  290970uA (bypass closing), P    -92mbar
1593850971:[PRESS ,0038]P   -102mbar,T+16921mdegC
1593850973:[PRESS ,0038]P    -82mbar,T-21071mdegC
1593850975:[PRESS ,0038]P    -92mbar,T+16921mdegC
1593850984:[PRESS ,0038]P    -82mbar,T-21071mdegC
1593850987:[PRESS ,0038]P    -82mbar,T+16921mdegC
1593850991:[PRESS ,0038]P    -82mbar,T-21071mdegC
1593850996:[PRESS ,0038]P   -102mbar,T+16921mdegC
1593850996:[BYPASS,0035]bypass opening 10000ms
1593851001:[BYPASS,0104]battery 15120mV,  246074uA (bypass opening), P   -102mbar
1593851016:[BYPASS,0106]battery 15097mV,  290482uA (bypass closing), P   -102mbar
1593851020:[PRESS ,0038]P    -82mbar,T-21071mdegC
1593851022:[PRESS ,0038]P    -92mbar,T+16921mdegC
1593851027:[PRESS ,0038]P    -92mbar,T-21071mdegC
1593851031:[PRESS ,0038]P    -92mbar,T+16921mdegC
1593851034:[PRESS ,0038]P    -82mbar,T-21071mdegC
1593851038:[PRESS ,0038]P    -82mbar,T+16921mdegC
1593851041:[PRESS ,0038]P    -92mbar,T-21071mdegC
1593851043:[PRESS ,0038]P    -92mbar,T+16921mdegC
1593851043:[BYPASS,0035]bypass opening 10000ms
1593851048:[BYPASS,0104]battery 15118mV,  247172uA (bypass opening), P    -92mbar
1593851063:[BYPASS,0106]battery 15098mV,  289872uA (bypass closing), P    -92mbar
1593851065:[PRESS ,0038]P    -62mbar,T-21071mdegC
1593851067:[PRESS ,0038]P    -52mbar,T+16921mdegC
1593851077:[PRESS ,0038]P    -12mbar,T-21071mdegC
1593851081:[PRESS ,0038]P     -2mbar,T-10625mdegC
1593851083:[PRESS ,0038]P    +18mbar,T+16921mdegC
1593851093:[PRESS ,0038]P    +48mbar,T-10625mdegC
1593851098:[PRESS ,0038]P    +78mbar,T+16921mdegC
1593851101:[PRESS ,0038]P    +98mbar,T-10625mdegC
1593851104:[PRESS ,0038]P   +108mbar,T+16921mdegC
1593851115:[PRESS ,0038]P   +168mbar,T+16921mdegC
1593851118:[PRESS ,0038]P   +168mbar,T-21071mdegC
1593851121:[PRESS ,0038]P   +198mbar,T+16921mdegC
1593851129:[PRESS ,0038]P   +228mbar,T-21071mdegC
1593851132:[PRESS ,0038]P   +248mbar,T+16921mdegC
1593851137:[PRESS ,0038]P   +278mbar,T-21071mdegC
1593851140:[PRESS ,0038]P   +278mbar,T-10625mdegC
1593851143:[PRESS ,0038]P   +308mbar,T-21071mdegC
1593851146:[PRESS ,0038]P   +308mbar,T+16921mdegC
1593851154:[PRESS ,0038]P   +358mbar,T-10625mdegC
1593851157:[PRESS ,0038]P   +368mbar,T-21071mdegC
1593851160:[PRESS ,0038]P   +378mbar,T +6472mdegC
1593851162:[PRESS ,0038]P   +388mbar,T-21071mdegC
1593851165:[PRESS ,0038]P   +408mbar,T+16921mdegC
1593851176:[PRESS ,0038]P   +478mbar,T-21071mdegC
1593851184:[PRESS ,0038]P   +518mbar,T-10625mdegC
1593851184:[DIVING,0028]518mbar reached (+5mbar/s), 10 bypass done
1593851184:[MAIN  ,0056]stage[0]
1593851186:[MAIN  ,0024]internal pressure 83113Pa
1593851187:[PRESS ,0038]P   +548mbar,T-21071mdegC
1593851187:[BUOY  ,0037]P   +548mbar
1593851187:[STAGE ,0080]Stage [0] 5000mbar (+/-500mbar) 1800s (<1593852984s) 
1593851189:[PRESS ,0038]P   +548mbar,T+16921mdegC
1593851250:[PRESS ,0038]P   +848mbar,T-21071mdegC
1593851252:[PRESS ,0038]P   +858mbar,T +6472mdegC
1593851253:[PRESS ,0038]P   +878mbar,T+16921mdegC
1593851255:[PRESS ,0038]P   +878mbar,T-21071mdegC
1593851259:[PRESS ,0038]P   +898mbar,T+16921mdegC
1593851266:[PRESS ,0038]P   +958mbar,T+16921mdegC
1593851268:[PRESS ,0038]P   +958mbar,T +6472mdegC
1593851270:[PRESS ,0038]P   +978mbar,T+16921mdegC
1593851271:[PRESS ,0038]P   +978mbar,T-21071mdegC
1593851275:[PRESS ,0038]P   +998mbar,T+16921mdegC
1593851336:[PRESS ,0038]P  +1278mbar,T-21071mdegC
1593851339:[PRESS ,0038]P  +1288mbar,T+16921mdegC
1593851341:[PRESS ,0038]P  +1308mbar,T-21071mdegC
1593851343:[PRESS ,0038]P  +1308mbar,T +6472mdegC
1593851345:[PRESS ,0038]P  +1328mbar,T-21071mdegC
1593851348:[PRESS ,0038]P  +1348mbar,T+16921mdegC
1593851350:[PRESS ,0038]P  +1348mbar,T-21071mdegC
1593851352:[PRESS ,0038]P  +1348mbar,T+16921mdegC
1593851354:[PRESS ,0038]P  +1358mbar,T-21071mdegC
1593851359:[PRESS ,0038]P  +1378mbar,T+16921mdegC
1593851421:[PRESS ,0038]P  +1668mbar,T-21071mdegC
1593851425:[PRESS ,0038]P  +1688mbar,T +6472mdegC
1593851427:[PRESS ,0038]P  +1698mbar,T-21071mdegC
1593851434:[PRESS ,0038]P  +1718mbar,T+16921mdegC
1593851436:[PRESS ,0038]P  +1728mbar,T-21071mdegC
1593851437:[PRESS ,0038]P  +1748mbar,T+16921mdegC
1593851439:[PRESS ,0038]P  +1738mbar,T-21071mdegC
1593851441:[PRESS ,0038]P  +1758mbar,T+16921mdegC
1593851507:[PRESS ,0038]P  +1838mbar,T+16921mdegC
1593851509:[PRESS ,0038]P  +1818mbar,T +6472mdegC
1593851511:[PRESS ,0038]P  +1828mbar,T-21071mdegC
1593851513:[PRESS ,0038]P  +1818mbar,T +6472mdegC
1593851514:[PRESS ,0038]P  +1818mbar,T-21071mdegC
1593851518:[PRESS ,0038]P  +1838mbar,T+16921mdegC
1593851520:[PRESS ,0038]P  +1818mbar,T-21071mdegC
1593851522:[PRESS ,0038]P  +1818mbar,T+16921mdegC
1593851527:[PRESS ,0038]P  +1818mbar,T-21071mdegC
1593851529:[PRESS ,0038]P  +1828mbar,T+16921mdegC
1593851530:[PRESS ,0038]P  +1818mbar,T-21071mdegC
1593851532:<WARN>[BUOY  ,0094]stage[0] should DESCENT, stuck at 1818mbar for the #1 time
1593851532:[BUOY  ,0087]from +0mbar/s to +4mbar/s
1593851532:[BUOY  ,0090]need to transfer -26mL (valve during 7893ms)
1593851532:[VALVE ,0034]valve opening 7893ms
1593851540:[VALVE ,0234]battery 15122mV,  482388uA, P  +1818mbar
1593851593:[PRESS ,0038]P  +1928mbar,T-21071mdegC
1593851598:[PRESS ,0038]P  +1938mbar,T+16921mdegC
1593851602:[PRESS ,0038]P  +1948mbar,T-10625mdegC
1593851604:[PRESS ,0038]P  +1948mbar,T-21071mdegC
1593851606:[PRESS ,0038]P  +1948mbar,T+16921mdegC
1593851607:[PRESS ,0038]P  +1958mbar,T-10625mdegC
1593851609:[PRESS ,0038]P  +1948mbar,T-21071mdegC
1593851613:[PRESS ,0038]P  +1948mbar,T+16921mdegC
1593851615:[PRESS ,0038]P  +1958mbar,T-10625mdegC
1593851616:[PRESS ,0038]P  +1968mbar,T-21071mdegC
1593851618:[PRESS ,0038]P  +1978mbar,T+16921mdegC
1593851618:[BUOY  ,0087]from +2mbar/s to +4mbar/s
1593851618:[BUOY  ,0090]need to transfer -20mL (valve during 5795ms)
1593851618:[VALVE ,0034]valve opening 5795ms
1593851624:[VALVE ,0234]battery 15116mV,  479216uA, P  +1978mbar
1593851679:[PRESS ,0038]P  +2088mbar,T-21071mdegC
1593851688:[PRESS ,0038]P  +2108mbar,T+16921mdegC
1593851690:[PRESS ,0038]P  +2118mbar,T-21071mdegC
1593851692:[PRESS ,0038]P  +2128mbar,T+16921mdegC
1593851695:[PRESS ,0038]P  +2138mbar,T-21071mdegC
1593851697:[PRESS ,0038]P  +2148mbar,T+16921mdegC
1593851701:[PRESS ,0038]P  +2158mbar,T-21071mdegC
1593851765:[PRESS ,0038]P  +2298mbar,T+16921mdegC
1593851767:[PRESS ,0038]P  +2308mbar,T-21071mdegC
1593851770:[PRESS ,0038]P  +2308mbar,T+16921mdegC
1593851772:[PRESS ,0038]P  +2308mbar,T-21071mdegC
1593851781:[PRESS ,0038]P  +2318mbar,T+16921mdegC
1593851784:[PRESS ,0038]P  +2338mbar,T-10625mdegC
1593851788:[PRESS ,0038]P  +2338mbar,T-21071mdegC
1593851790:[PRESS ,0038]P  +2358mbar,T+16921mdegC
1593851790:[BUOY  ,0087]from +2mbar/s to +4mbar/s
1593851790:[BUOY  ,0090]need to transfer -20mL (valve during 5313ms)
1593851790:[VALVE ,0034]valve opening 5313ms
1593851795:[VALVE ,0234]battery 15127mV,  481412uA, P  +2358mbar
1593851851:[PRESS ,0038]P  +2538mbar,T+16921mdegC
1593851852:[PRESS ,0038]P  +2548mbar,T-21071mdegC
1593851856:[PRESS ,0038]P  +2558mbar,T+16921mdegC
1593851861:[PRESS ,0038]P  +2568mbar,T-10625mdegC
1593851863:[PRESS ,0038]P  +2578mbar,T+16921mdegC
1593851865:[PRESS ,0038]P  +2578mbar,T-21071mdegC
1593851867:[PRESS ,0038]P  +2588mbar,T+16921mdegC
1593851870:[PRESS ,0038]P  +2588mbar,T-10625mdegC
1593851872:[PRESS ,0038]P  +2598mbar,T+16921mdegC
1593851874:[PRESS ,0038]P  +2608mbar,T-10625mdegC
1593851876:[PRESS ,0038]P  +2608mbar,T+16921mdegC
1593851936:[PRESS ,0038]P  +2838mbar,T+16921mdegC
1593851938:[PRESS ,0038]P  +2848mbar,T-21071mdegC
1593851942:[PRESS ,0038]P  +2868mbar,T+16921mdegC
1593851944:[PRESS ,0038]P  +2868mbar,T-21071mdegC
1593851947:[PRESS ,0038]P  +2898mbar,T+16921mdegC
1593851951:[PRESS ,0038]P  +2908mbar,T-10625mdegC
1593851953:[PRESS ,0038]P  +2928mbar,T+16921mdegC
1593851958:[PRESS ,0038]P  +2938mbar,T-10625mdegC
1593851962:[PRESS ,0038]P  +2948mbar,T+16921mdegC
1593851962:[BUOY  ,0087]from +5mbar/s to +3mbar/s
1593851962:[BUOY  ,0089]need to transfer +26mL (pump during 31356ms)
1593851970:[PUMP  ,0207]battery 15382mV,   19032uA (warmup), P  +2948mbar
1593851970:[PUMP  ,0016]pump during 31356ms
1593852001:[PUMP  ,0212]battery 15191mV,  338672uA (steady state), P  +2948mbar
1593852026:[PRESS ,0038]P  +3158mbar,T-10625mdegC
1593852027:[PRESS ,0038]P  +3168mbar,T+16921mdegC
1593852033:[PRESS ,0038]P  +3178mbar,T-21071mdegC
1593852035:[PRESS ,0038]P  +3178mbar,T+16921mdegC
1593852043:[PRESS ,0038]P  +3208mbar,T-10625mdegC
1593852045:[PRESS ,0038]P  +3208mbar,T+16921mdegC
1593852051:[PRESS ,0038]P  +3208mbar,T-10625mdegC
1593852111:[PRESS ,0038]P  +3338mbar,T-10625mdegC
1593852113:[PRESS ,0038]P  +3338mbar,T+16921mdegC
1593852117:[PRESS ,0038]P  +3348mbar,T-10625mdegC
1593852118:[PRESS ,0038]P  +3348mbar,T+16921mdegC
1593852127:[PRESS ,0038]P  +3368mbar,T-10625mdegC
1593852129:[PRESS ,0038]P  +3378mbar,T+16921mdegC
1593852133:[PRESS ,0038]P  +3378mbar,T-10625mdegC
1593852197:[PRESS ,0038]P  +3488mbar,T+16921mdegC
1593852200:[PRESS ,0038]P  +3498mbar,T-10625mdegC
1593852202:[PRESS ,0038]P  +3508mbar,T+16921mdegC
1593852209:[PRESS ,0038]P  +3508mbar,T-10625mdegC
1593852211:[PRESS ,0038]P  +3518mbar,T+16921mdegC
1593852213:[PRESS ,0038]P  +3518mbar,T+27364mdegC
1593852215:[PRESS ,0038]P  +3528mbar,T-10625mdegC
1593852218:[PRESS ,0038]P  +3538mbar,T+16921mdegC
1593852220:[PRESS ,0038]P  +3538mbar,T-10625mdegC
1593852222:[PRESS ,0038]P  +3538mbar,T+16921mdegC
1593852283:[PRESS ,0038]P  +3658mbar,T+16921mdegC
1593852286:[PRESS ,0038]P  +3668mbar,T-10625mdegC
1593852290:[PRESS ,0038]P  +3668mbar,T+16921mdegC
1593852293:[PRESS ,0038]P  +3678mbar,T-10625mdegC
1593852297:[PRESS ,0038]P  +3678mbar,T+27364mdegC
1593852301:[PRESS ,0038]P  +3688mbar,T-10625mdegC
1593852304:[PRESS ,0038]P  +3698mbar,T+16921mdegC
1593852306:[PRESS ,0038]P  +3698mbar,T+27364mdegC
1593852308:[PRESS ,0038]P  +3698mbar,T-10625mdegC
1593852368:[PRESS ,0038]P  +3838mbar,T+16921mdegC
1593852370:[PRESS ,0038]P  +3828mbar,T+27364mdegC
1593852372:[PRESS ,0038]P  +3848mbar,T-10625mdegC
1593852381:[PRESS ,0038]P  +3868mbar,T+27364mdegC
1593852386:[PRESS ,0038]P  +3878mbar,T-10625mdegC
1593852392:[PRESS ,0038]P  +3898mbar,T+27364mdegC
1593852393:[PRESS ,0038]P  +3898mbar,T-10625mdegC
1593852454:[PRESS ,0038]P  +4048mbar,T-10625mdegC
1593852456:[PRESS ,0038]P  +4038mbar,T+27364mdegC
1593852468:[PRESS ,0038]P  +4088mbar,T-10625mdegC
1593852472:[PRESS ,0038]P  +4098mbar,T+27364mdegC
1593852477:[PRESS ,0038]P  +4118mbar,T  -183mdegC
1593852479:[PRESS ,0038]P  +4128mbar,T+27364mdegC
1593852540:[PRESS ,0038]P  +4268mbar,T+27364mdegC
1593852541:[PRESS ,0038]P  +4268mbar,T-10625mdegC
1593852543:[PRESS ,0038]P  +4268mbar,T+27364mdegC
1593852545:[PRESS ,0038]P  +4278mbar,T+16921mdegC
1593852547:[PRESS ,0038]P  +4278mbar,T+27364mdegC
1593852549:[PRESS ,0038]P  +4288mbar,T-10625mdegC
1593852550:[PRESS ,0038]P  +4288mbar,T+27364mdegC
1593852556:[PRESS ,0038]P  +4288mbar,T-10625mdegC
1593852558:[PRESS ,0038]P  +4298mbar,T  -183mdegC
1593852559:[PRESS ,0038]P  +4308mbar,T+27364mdegC
1593852561:[PRESS ,0038]P  +4308mbar,T  -183mdegC
1593852563:[PRESS ,0038]P  +4308mbar,T+27364mdegC
1593852626:[PRESS ,0038]P  +4438mbar,T+27364mdegC
1593852627:[PRESS ,0038]P  +4428mbar,T-10625mdegC
1593852629:[PRESS ,0038]P  +4438mbar,T+27364mdegC
1593852631:[PRESS ,0038]P  +4438mbar,T-10625mdegC
1593852633:[PRESS ,0038]P  +4448mbar,T+27364mdegC
1593852635:[PRESS ,0038]P  +4448mbar,T-10625mdegC
1593852636:[PRESS ,0038]P  +4458mbar,T  -183mdegC
1593852638:[PRESS ,0038]P  +4448mbar,T+27364mdegC
1593852640:[PRESS ,0038]P  +4468mbar,T  -183mdegC
1593852642:[PRESS ,0038]P  +4468mbar,T+27364mdegC
1593852645:[PRESS ,0038]P  +4468mbar,T  -183mdegC
1593852649:[PRESS ,0038]P  +4478mbar,T+27364mdegC
1593852711:[PRESS ,0038]P  +4608mbar,T  -183mdegC
1593852713:[PRESS ,0038]P  +4618mbar,T+27364mdegC
1593852715:[PRESS ,0038]P  +4618mbar,T-10625mdegC
1593852717:[PRESS ,0038]P  +4618mbar,T+27364mdegC
1593852719:[PRESS ,0038]P  +4628mbar,T-10625mdegC
1593852720:[PRESS ,0038]P  +4638mbar,T+27364mdegC
1593852724:[PRESS ,0038]P  +4628mbar,T  -183mdegC
1593852733:[PRESS ,0038]P  +4658mbar,T+27364mdegC
1593852735:[PRESS ,0038]P  +4668mbar,T  -183mdegC
1593852736:[STAGE ,0213]4668mbar reached at 1593852736s, ref 5000mbar +/-500mbar
1593852797:[PRESS ,0038]P  +4798mbar,T+27364mdegC
1593852858:[PRESS ,0038]P  +4928mbar,T+27364mdegC
1593852919:[PRESS ,0038]P  +5068mbar,T+27364mdegC
1593852919:[BUOY  ,0087]from +2mbar/s to +0mbar/s
1593852919:[BUOY  ,0089]need to transfer +6mL (pump during 7225ms)
1593852927:[PUMP  ,0207]battery 15431mV,   18910uA (warmup), P  +5068mbar
1593852927:[PUMP  ,0016]pump during 7225ms
1593852934:[PUMP  ,0212]battery 15233mV,  345016uA (steady state), P  +5068mbar
1593852983:[PRESS ,0038]P  +5168mbar,T-10625mdegC
1593852984:[PRESS ,0038]P  +5168mbar,T+27364mdegC
1593852988:[PRESS ,0038]P  +5168mbar,T  -183mdegC
1593852990:[PRESS ,0038]P  +5188mbar,T-10625mdegC
1593852992:[PRESS ,0038]P  +5188mbar,T  -183mdegC
1593852993:[PRESS ,0038]P  +5188mbar,T+27364mdegC
1593852995:[PRESS ,0038]P  +5188mbar,T  -183mdegC
1593853001:[PRESS ,0038]P  +5198mbar,T+27364mdegC
1593853002:[PRESS ,0038]P  +5198mbar,T  -183mdegC
1593853008:[MAIN  ,0140]stage[0] complete 1824s after mission start
1593853008:[MAIN  ,0056]stage[1]
1593853010:[MAIN  ,0024]internal pressure 82207Pa
1593853011:[PRESS ,0038]P  +5198mbar,T+27364mdegC
1593853011:[BUOY  ,0037]P  +5198mbar
1593853011:[STAGE ,0080]Stage [1] 5000mbar (+/-500mbar) 1800s (<1593854784s) 
1593853013:[STAGE ,0213]5208mbar reached at 1593853013s, ref 5000mbar +/-500mbar
1593853013:[BUOY  ,0087]from +1mbar/s to +0mbar/s
1593853013:[BUOY  ,0089]need to transfer +2mL (pump during 2408ms)
1593853021:[PUMP  ,0207]battery 15422mV,   18788uA (warmup), P  +5208mbar
1593853021:[PUMP  ,0016]pump during 2408ms
1593853077:[PRESS ,0038]P  +5288mbar,T+27364mdegC
1593853078:[PRESS ,0038]P  +5278mbar,T-27733mdegC
1593853080:[PRESS ,0038]P  +5288mbar,T+27364mdegC
1593853084:[PRESS ,0038]P  +5288mbar,T  -183mdegC
1593853091:[PRESS ,0038]P  +5288mbar,T-27733mdegC
1593853093:[PRESS ,0038]P  +5298mbar,T  -183mdegC
1593853100:[PRESS ,0038]P  +5318mbar,T+27364mdegC
1593853102:[PRESS ,0038]P  +5318mbar,T  -183mdegC
1593853102:[BUOY  ,0087]from +1mbar/s to +0mbar/s
1593853102:[BUOY  ,0089]need to transfer +2mL (pump during 2408ms)
1593853110:[PUMP  ,0207]battery 15422mV,   18788uA (warmup), P  +5318mbar
1593853110:[PUMP  ,0016]pump during 2408ms
1593853166:[PRESS ,0038]P  +5378mbar,T  -183mdegC
1593853169:[PRESS ,0038]P  +5378mbar,T+27364mdegC
1593853171:[PRESS ,0038]P  +5388mbar,T-27733mdegC
1593853175:[PRESS ,0038]P  +5368mbar,T  -183mdegC
1593853183:[PRESS ,0038]P  +5378mbar,T+10253mdegC
1593853185:[PRESS ,0038]P  +5398mbar,T-27733mdegC
1593853187:[PRESS ,0038]P  +5378mbar,T  -183mdegC
1593853191:[BUOY  ,0087]from +1mbar/s to +0mbar/s
1593853191:[BUOY  ,0089]need to transfer +2mL (pump during 2408ms)
1593853199:[PUMP  ,0207]battery 15423mV,   18788uA (warmup), P  +5388mbar
1593853199:[PUMP  ,0016]pump during 2408ms
1593853255:[PRESS ,0038]P  +5408mbar,T+27364mdegC
1593853256:[PRESS ,0038]P  +5398mbar,T  -183mdegC
1593853262:[PRESS ,0038]P  +5398mbar,T-27733mdegC
1593853263:[PRESS ,0038]P  +5408mbar,T  -183mdegC
1593853267:[PRESS ,0038]P  +5408mbar,T+10253mdegC
1593853269:[PRESS ,0038]P  +5398mbar,T+27364mdegC
1593853271:[PRESS ,0038]P  +5408mbar,T  -183mdegC
1593853278:[PRESS ,0038]P  +5398mbar,T-27733mdegC
1593853340:[PRESS ,0038]P  +5428mbar,T  -183mdegC
1593853522:[PRESS ,0038]P  +5458mbar,T-27733mdegC
1593853704:[PRESS ,0038]P  +5528mbar,T-27733mdegC
1593853704:<WARN>[BUOY  ,0094]stage[1] should ASCENT, stuck at 5528mbar for the #1 time
1593853704:[BUOY  ,0087]from +0mbar/s to -2mbar/s
1593853704:[BUOY  ,0089]need to transfer +6mL (pump during 7200ms)
1593853712:[PUMP  ,0207]battery 15445mV,   18788uA (warmup), P  +5528mbar
1593853712:[PUMP  ,0016]pump during 7200ms
1593853720:[PUMP  ,0212]battery 15241mV,  354044uA (steady state), P  +5528mbar
1593853770:[PRESS ,0038]P  +5528mbar,T+27364mdegC
1593853772:[PRESS ,0038]P  +5528mbar,T-27733mdegC
1593853774:[PRESS ,0038]P  +5538mbar,T  -183mdegC
1593853777:[PRESS ,0038]P  +5518mbar,T-27733mdegC
1593853779:[PRESS ,0038]P  +5518mbar,T  -183mdegC
1593853783:[PRESS ,0038]P  +5528mbar,T-27733mdegC
1593853791:[PRESS ,0038]P  +5518mbar,T  -183mdegC
1593853793:[PRESS ,0038]P  +5528mbar,T-27733mdegC
1593853793:<WARN>[BUOY  ,0094]stage[1] should ASCENT, stuck at 5528mbar for the #2 time
1593853793:[BUOY  ,0087]from +0mbar/s to -2mbar/s
1593853793:[BUOY  ,0089]need to transfer +6mL (pump during 7200ms)
1593853802:[PUMP  ,0207]battery 15433mV,   18788uA (warmup), P  +5528mbar
1593853802:[PUMP  ,0016]pump during 7200ms
1593853809:[PUMP  ,0212]battery 15231mV,  350750uA (steady state), P  +5528mbar
1593853857:[PRESS ,0038]P  +5458mbar,T  -183mdegC
1593853859:[PRESS ,0038]P  +5448mbar,T-27733mdegC
1593853863:[PRESS ,0038]P  +5448mbar,T  -183mdegC
1593853865:[PRESS ,0038]P  +5448mbar,T-27733mdegC
1593853872:[PRESS ,0038]P  +5428mbar,T+10253mdegC
1593853873:[PRESS ,0038]P  +5448mbar,T-27733mdegC
1593853881:[PRESS ,0038]P  +5418mbar,T  -183mdegC
1593853943:[PRESS ,0038]P  +5348mbar,T-27733mdegC
1593854004:[PRESS ,0038]P  +5288mbar,T  -183mdegC
1593854064:[PRESS ,0038]P  +5208mbar,T-27733mdegC
1593854186:[PRESS ,0038]P  +5108mbar,T-27733mdegC
1593854307:[PRESS ,0038]P  +5048mbar,T+10253mdegC
1593854368:[PRESS ,0038]P  +4988mbar,T+10253mdegC
1593854368:[BUOY  ,0087]from -1mbar/s to +0mbar/s
1593854368:[BUOY  ,0090]need to transfer -2mL (valve during 364ms)
1593854368:[VALVE ,0034]valve opening 364ms
1593854428:[PRESS ,0038]P  +4958mbar,T  -183mdegC
1593854432:[PRESS ,0038]P  +4948mbar,T-27733mdegC
1593854439:[PRESS ,0038]P  +4958mbar,T+10253mdegC
1593854450:[PRESS ,0038]P  +4948mbar,T-17299mdegC
1593854453:[PRESS ,0038]P  +4948mbar,T+10253mdegC
1593854453:[BUOY  ,0087]from -1mbar/s to +0mbar/s
1593854453:[BUOY  ,0090]need to transfer -2mL (valve during 364ms)
1593854453:[VALVE ,0034]valve opening 364ms
1593854514:[PRESS ,0038]P  +4958mbar,T-27733mdegC
1593854518:[PRESS ,0038]P  +4968mbar,T+10253mdegC
1593854520:[PRESS ,0038]P  +4968mbar,T-27733mdegC
1593854523:[PRESS ,0038]P  +4958mbar,T+10253mdegC
1593854525:[PRESS ,0038]P  +4968mbar,T-27733mdegC
1593854527:[PRESS ,0038]P  +4958mbar,T  -183mdegC
1593854529:[PRESS ,0038]P  +4968mbar,T+10253mdegC
1593854600:[BUOY  ,0087]from +1mbar/s to +0mbar/s
1593854600:[BUOY  ,0089]need to transfer +2mL (pump during 2400ms)
1593854608:[PUMP  ,0207]battery 15453mV,   18788uA (warmup), P  +5008mbar
1593854608:[PUMP  ,0016]pump during 2400ms
1593854664:[PRESS ,0038]P  +5048mbar,T-27733mdegC
1593854666:[PRESS ,0038]P  +5048mbar,T+10253mdegC
1593854667:[PRESS ,0038]P  +5048mbar,T-27733mdegC
1593854676:[PRESS ,0038]P  +5058mbar,T+10253mdegC
1593854682:[PRESS ,0038]P  +5048mbar,T-17299mdegC
1593854685:[PRESS ,0038]P  +5058mbar,T-27733mdegC
1593854689:[PRESS ,0038]P  +5038mbar,T+10253mdegC
1593854749:[PRESS ,0038]P  +5058mbar,T-27733mdegC
1593854810:[MAIN  ,0140]stage[1] complete 3626s after mission start
1593854810:[MRMAID,0188]acq already stopped
1593854871:[MSSION,0192]mission stopped, 2 stage(s) done
1593854871:[MAIN  ,0065]surfacing
1593854872:[PRESS ,0038]P  +5078mbar,T+10253mdegC
1593854872:[SURFIN,0036]P  +5078mbar
1593854881:[PUMP  ,0207]battery 15455mV,   18788uA (warmup), P  +5078mbar
1593854881:[PUMP  ,0016]pump during 60000ms
1593854940:[PUMP  ,0212]battery 15247mV,  351726uA (steady state), P  +5078mbar
1593854997:[PRESS ,0038]P  +4718mbar,T+10253mdegC
1593854999:[PRESS ,0038]P  +4698mbar,T-27733mdegC
1593855001:[PRESS ,0038]P  +4698mbar,T+10253mdegC
1593855003:[PRESS ,0038]P  +4688mbar,T-27733mdegC
1593855004:[PRESS ,0038]P  +4678mbar,T+10253mdegC
1593855006:[PRESS ,0038]P  +4668mbar,T-27733mdegC
1593855012:[PRESS ,0038]P  +4638mbar,T+10253mdegC
1593855030:[PUMP  ,0207]battery 15358mV,   18910uA (warmup), P  +4588mbar
1593855030:[PUMP  ,0016]pump during 60000ms
1593855089:[PUMP  ,0212]battery 15155mV,  348066uA (steady state), P  +4588mbar
1593855147:[PRESS ,0038]P  +3888mbar,T-27733mdegC
1593855156:[PRESS ,0038]P  +3848mbar,T+10253mdegC
1593855165:[PRESS ,0038]P  +3788mbar,T+10253mdegC
1593855167:[PRESS ,0038]P  +3778mbar,T-17299mdegC
1593855168:[PRESS ,0038]P  +3768mbar,T-27733mdegC
1593855170:[PRESS ,0038]P  +3758mbar,T+10253mdegC
1593855172:[PRESS ,0038]P  +3748mbar,T-17299mdegC
1593855180:[PUMP  ,0207]battery 15290mV,   18910uA (warmup), P  +3748mbar
1593855180:[PUMP  ,0016]pump during 60000ms
1593855239:[PUMP  ,0212]battery 15087mV,  345748uA (steady state), P  +3748mbar
1593855297:[PRESS ,0038]P  +2788mbar,T-27733mdegC
1593855299:[PRESS ,0038]P  +2768mbar,T+10253mdegC
1593855302:[PRESS ,0038]P  +2748mbar,T-27733mdegC
1593855304:[PRESS ,0038]P  +2728mbar,T-17299mdegC
1593855306:[PRESS ,0038]P  +2708mbar,T-27733mdegC
1593855308:[PRESS ,0038]P  +2698mbar,T+10253mdegC
1593855311:[PRESS ,0038]P  +2678mbar,T-17299mdegC
1593855313:[PRESS ,0038]P  +2668mbar,T+10253mdegC
1593855317:[PRESS ,0038]P  +2638mbar,T-17299mdegC
1593855318:[PRESS ,0038]P  +2618mbar,T-27733mdegC
1593855322:[PRESS ,0038]P  +2588mbar,T+10253mdegC
1593855444:[PRESS ,0038]P  +1888mbar,T-27733mdegC
1593855452:[PUMP  ,0207]battery 15290mV,   19032uA (warmup), P  +1888mbar
1593855452:[PUMP  ,0016]pump during 60000ms
1593855511:[PUMP  ,0212]battery 15091mV,  335500uA (steady state), P  +1888mbar
1593855568:[PRESS ,0038]P  +1778mbar,T-27733mdegC
1593855570:[PRESS ,0038]P  +1768mbar,T+10253mdegC
1593855576:[PRESS ,0038]P  +1768mbar,T-27733mdegC
1593855577:[PRESS ,0038]P  +1778mbar,T+10253mdegC
1593855579:[PRESS ,0038]P  +1768mbar,T-27733mdegC
1593855581:[PRESS ,0038]P  +1768mbar,T+10253mdegC
1593855588:[PRESS ,0038]P  +1788mbar,T-17299mdegC
1593855592:[PRESS ,0038]P  +1788mbar,T+10253mdegC
1593855593:[PRESS ,0038]P  +1788mbar,T-17299mdegC
1593855602:[PUMP  ,0207]battery 15241mV,   19032uA (warmup), P  +1788mbar
1593855602:[PUMP  ,0016]pump during 60000ms
1593855661:[PUMP  ,0212]battery 15043mV,  332450uA (steady state), P  +1788mbar
1593855718:[PRESS ,0038]P  +1508mbar,T-27733mdegC
1593855727:[PRESS ,0038]P  +1448mbar,T+10253mdegC
1593855736:[PRESS ,0038]P  +1388mbar,T+10253mdegC
1593855738:[PRESS ,0038]P  +1378mbar,T-27733mdegC
1593855740:[PRESS ,0038]P  +1358mbar,T+10253mdegC
1593855743:[PRESS ,0038]P  +1348mbar,T-27733mdegC
1593855751:[PUMP  ,0207]battery 15211mV,   19032uA (warmup), P  +1348mbar
1593855751:[PUMP  ,0016]pump during 60000ms
1593855810:[PUMP  ,0212]battery 15011mV,  339282uA (steady state), P  +1348mbar
1593855868:[PRESS ,0038]P   +378mbar,T  -183mdegC
1593855870:[PRESS ,0038]P   +358mbar,T-27733mdegC
1593855872:[PRESS ,0038]P   +338mbar,T+10253mdegC
1593855874:[PRESS ,0038]P   +328mbar,T  -183mdegC
1593855875:[PRESS ,0038]P   +308mbar,T+10253mdegC
1593855877:[PRESS ,0038]P   +298mbar,T-27733mdegC
1593855881:[PRESS ,0038]P   +268mbar,T+10253mdegC
1593855883:[PRESS ,0038]P   +248mbar,T-27733mdegC
1593855884:[PRESS ,0038]P   +228mbar,T+10253mdegC
1593855888:[PRESS ,0038]P   +198mbar,T-27733mdegC
1593855891:[PRESS ,0038]P   +168mbar,T+10253mdegC
1593855893:[PRESS ,0038]P   +158mbar,T-27733mdegC
1593855897:[SURFIN,0020]filling external bladder
1593855905:[PUMP  ,0207]battery 15195mV,   19032uA (warmup), P   +138mbar
1593855905:[PUMP  ,0016]pump during 300000ms
1593856204:[PUMP  ,0212]battery 14715mV, 1064206uA (steady state), P   +138mbar
1593856215:[PUMP  ,0207]battery 14701mV,   19032uA (warmup), P   +138mbar
1593856215:[PUMP  ,0016]pump during 300000ms
1593856332:[PUMP  ,0212]battery 14351mV, 1007476uA (steady state), P   +138mbar
1593856334:[SURFIN,0019]external bladder full
1593856335:[PRESS ,0038]P   +110mbar,T+27364mdegC
1593856337:[PRESS ,0038]P   +120mbar,T-27733mdegC
1593856339:[PRESS ,0038]P   +110mbar,T  -183mdegC
1593856341:[PRESS ,0038]P   +120mbar,T-10625mdegC
1593856343:[PRESS ,0038]P   +110mbar,T  -183mdegC
1593856344:[PRESS ,0038]P   +110mbar,T+27364mdegC
1593856352:[PRESS ,0038]P   +110mbar,T-27733mdegC
1593856353:[PRESS ,0038]P   +100mbar,T  -183mdegC
1593856357:[PRESS ,0038]P   +100mbar,T+27364mdegC
1593856359:[PRESS ,0038]P    +90mbar,T  -183mdegC
1593856360:[PRESS ,0038]P   +110mbar,T+27364mdegC
1593856395:[MAIN  ,0272]Vbat 14918mV (min 14845mV)
1593856398:[MAIN  ,0024]internal pressure 79454Pa
1593856398:[MAIN  ,0043]Pext 108mbar (rng 30mbar)
1593856398:[MAIN  ,0064]surface
1593856411:[SURF  ,0022]GPS fix...
1593856431:[SURF  ,0015]10 PPS detected...
1593856432:[MRMAID,0052]Mermaid $GPSACK:+0,+0,+0,+0,+0,+0,-1739;
1593856442:[MRMAID,0052]Mermaid $GPSOFF:3686330;
1593856442:[GPSFIX,0179]-1s diff
1593856443:[SURF  ,0222]2020-07-04T09:54:03
1593856443:[SURF  ,0082]Latitude : N43deg40.940mn, Longitude :E007deg19.178mn
1593856443:[SURF  ,0223]fix3D,9satellites
1593856443:[SURF  ,0084]GPS fix GPGSA : hdop0.740,vdop1.040
1593856453:[SURF  ,0274]last almanac : 82972
1593856465:[MRMAID,0026]1454 bytes in 0060/5F0051CA.MER
1593856471:[MAIN  ,0320]New pressure offset: 108mbar
1593856471:[LOGBIN,0078]*** switching to 0060/5F0051D7 ***
