1591962302:[MONITR,0197]reboot code 0x0000, src/monitor.c@520
1591962303:[MAIN  ,0007]buoy 452.020-P-0060
1591962303:[MAIN  ,0055]soft pilotage 452.012.300_V2.18M-20200612
1591962303:[MAIN  ,0011]date 2020-06-12T11:45:03
1591962309:[MAIN  ,0006]battery 14848mV,   10980uA
1591962311:[MAIN  ,0024]internal pressure 100418Pa
1591962313:[PRESS ,0038]P     +0mbar,T+10000mdegC
1591962313:[MRMAID,0182]thread started
1591962314:[MRMAID,0186]no wake-up
1591962315:[MRMAID,0188]acq already stopped
1591962316:[MRMAID,0052]Mermaid $BOARD:452116600-60;
1591962316:[MRMAID,0052]Mermaid $SOFT:2.1344;
1591962317:[TESTMD,0053]Enter in test mode? yes/no
1591962317:[TESTMD,0252]0060>
1591962320:[TESTMD,0050]"no"
1591962320:[BYCMD ,0107]    FreeRTOS V8.2.3
1591962320:[BYCMD ,0108]    FatFS v11a
1591962320:[BYCMD ,0117]    valve is running
1591962320:[BYCMD ,0120]    bypass 20000ms 60000ms (20000ms 60000ms stored)
1591962320:[BYCMD ,0121]    valve 60000ms 12750 (60000ms 12750 stored)
1591962320:[BYCMD ,0122]    pump 60000ms 30% 10750 80% (60000ms 30% 10750 80% stored)
1591962320:[BYCMD ,0123]    rate 2mbar/s (2mbar/s stored)
1591962320:[BYCMD ,0124]    surface 500mbar (500mbar stored)
1591962320:[BYCMD ,0125]    near 15000mbar 3mbar/s (15000mbar 3mbar/s stored)
1591962320:[BYCMD ,0126]    far 25000mbar 4mbar/s (25000mbar 4mbar/s stored)
1591962320:[BYCMD ,0127]    ascent 8mbar/s (8mbar/s stored)
1591962320:[BYCMD ,0128]    dead 300s (300s stored)
1591962320:[BYCMD ,0129]    coeff 16/10 (16/10 stored)
1591962320:[BYCMD ,0130]    stab 10 (10 stored)
1591962320:[BYCMD ,0131]    delay 900s 3600s (900s 3600s stored)
1591962320:[BYCMD ,0132]    mmtime 2880min (2880min stored)
1591962320:[BYCMD ,0133]    dv_landing 100ml (100ml stored)
1591962320:[MKDCMD,0150]    p2t37: 15x2000ms, offset 70mbar
1591962320:[P2TCMD,0151]    p2t37: dp 5000mbar, dt 5000mdegC
1591962320:[STAGE ,0080]Stage [0] 8000mbar (+/-500mbar) 1980s (<1980s) 
1591962320:[STAGE ,0091]Stage [1] surfacing 3600s (<5580s) SBE41
1591962320:[SBE41 ,0282]SBE41 parameters : 
      dsreplyformat=1 (webb(0)/standard(1))
      addtimingdelays=0 (n(0)/y(1))
      outputdensity=0 (n(0)/y(1))
      echocmd=0 (n(0)/y(1))
      outputrt=0 (n(0)/y(1))
      outputpts=0 (n(0)/y(1))
      outputsn=0 (n(0)/y(1))
      outputpressure=1 (n(0)/y(1))
      pcutoff=2dbar
      tswait=0s
      pumpfastpt=1 (n(0)/y(1))
      samplerate=1 ('fast':1Hz(1)/'slow':0.5Hz(0))
      top_bin_interval=10dbar
      top_bin_size=10dbar
      top_bin_max=100dbar
      middle_bin_interval=50dbar
      middle_bin_size=50dbar
      middle_bin_max=1000dbar
      bottom_bin_interval=100dbar
      bottom_bin_size=100dbar
      includetransitionbin=0
      includenbin=0 (n(0)/y(1))
      autobinavg=0 (n(0)/y(1))
1591962320:[SBE41 ,0283]SBE41 pilot policy : 
      continiousprofile=0 (n(0)/y(1)
      speeddetection=1 (n(0)/y(1)
      hexoutput=1 (n(0)/y(1)
      binaverageoutput=0 (n(0)/y(1)
      manualprofilerate=10s
      runningpumpbeforeprofile=0s
      speedstart=2mbar/s
      speedcontrol=9mbar/s
1591962320:[MAIN  ,0065]surfacing
1591962351:[SURFIN,0036]P     +0mbar
1591962355:[SURFIN,0020]filling external bladder
1591962358:[SURFIN,0019]external bladder full
1591962425:[MAIN  ,0272]Vbat 14851mV (min 14848mV)
1591962427:[MAIN  ,0024]internal pressure 100406Pa
1591962427:[MAIN  ,0043]Pext 70mbar (rng 0mbar)
1591962427:[MAIN  ,0064]surface
1591962428:[CMD   ,0276]0060>
1591962436:[SURF  ,0022]GPS fix...
1591962438:<WARN>[GPSFIX,0123]GPRMC ms=460 #1
1591962460:<WARN>[GPSFIX,0123]GPRMC ms=500 #1
1591962500:[SURF  ,0015]10 PPS detected...
1591962501:[MRMAID,0052]Mermaid $GPSACK:+50,+5,+11,+11,+45,-37,-603424;
1591962511:[MRMAID,0052]Mermaid $GPSOFF:3686313;
1591962512:[GPSFIX,0179]-1s diff
1591962513:[SURF  ,0222]2020-06-12T11:48:33
1591962513:[SURF  ,0082]Latitude : N43deg06.487mn, Longitude :E006deg02.275mn
1591962513:[SURF  ,0223]fix3D,7satellites
1591962513:[SURF  ,0084]GPS fix GPGSA : hdop1.030,vdop1.370
1591962523:[SURF  ,0274]last almanac : 2773592
1591962534:[MRMAID,0026]1265 bytes in 0060/5EE36BA0.MER
1591962540:[MAIN  ,0320]New pressure offset: 70mbar
1591962540:[LOGBIN,0078]*** switching to 0060/5EE36BAC ***
