947792134:[MONITR,0197]reboot code 0x0000, src/monitor.c@520
947792134:[MAIN  ,0007]buoy 452.120-R-0060
947792134:[MAIN  ,0055]soft pilotage 452.012.300_V2.20-20200612
947792134:[MAIN  ,0011]date 2000-01-13T19:35:34
947792140:[MAIN  ,0006]battery 15483mV,    7930uA
947792143:[MAIN  ,0024]internal pressure 81545Pa
947792144:[PRESS ,0038]P    +50mbar,T+23559mdegC
947792145:[MRMAID,0182]thread started
947792146:[MRMAID,0186]no wake-up
947792147:[MRMAID,0188]acq already stopped
947792147:[MRMAID,0052]Mermaid $BOARD:452116600-60;
947792148:[MRMAID,0052]Mermaid $SOFT:2.1338;
947792148:[TESTMD,0053]Enter in test mode? yes/no
947792148:[TESTMD,0252]0060>
947792165:[TESTMD,0050]"yes"
947792165:[TESTMD,0249]
Command list
pext    : Get external pressure
pint    : Get internal vacuum
ui      : Get voltage/current
act     : Test actuators
fillb   : Pump until filling the bladder
bpopen  : Open bypass
bpclose : Close bypass
date    : Get date
gps     : GPS synchronization
iridium : Iridium transfer
mstart  : Start mermaid acq
mstop   : Stop mermaid acq
mdata   : Get mermaid datas
mchecksd  : Start mermaid acq
mdump  : Send data REQUEST command with date and duration
s41dumpa : Get averaged CTD datas
s41dumpr : Get raw CTD datas
ls      : List files
cp      : Copy file or directory content on the desktop
rm      : Remove a file
h       : Print command list
q       : Quit

Advanced
pumps X : pompe Xs (lent)
pumpf X : pompe Xs (rapide)
evh     : ouvre l'electrovalve 30s
bypass  : ouvre le bypass 30s
dvmine  : deverminage de la carte
nominal : mode nominal pour mesure de conso
cychydr : test du circuit hydraulique
mkdir   : creer un repertoire
mv      : deplacer un fichier
ps      : liste les processus

Set params
stage   : Stage settings
buoy    : Buoy settings
p2t     : Pressure sensor settings
log     : Verb cfg
mermaid : Mermaid cfg
upload  : On/Off Irid transfer
sys  : system param settings


947792165:[TESTMD,0252]0060>
947792207:[TESTMD,0050]"bpopen"
947792215:[TESTMD,0252]0060>
947792250:[TESTMD,0050]"bpclose"
947792258:[TESTMD,0252]0060>
947792262:[TESTMD,0050]"fillb"
947792262:[SURFIN,0020]filling external bladder
947792270:[PUMP  ,0016]pump during 300000ms
947792378:[SURFIN,0019]external bladder full
947792378:[TESTMD,0252]0060>
947792498:[TESTMD,0050]"pint"
947792500:[TESTMD,0029]82043Pa
947792500:[TESTMD,0252]0060>
947792511:[TESTMD,0050]"pint"
947792513:[TESTMD,0029]70878Pa
947792513:[TESTMD,0252]0060>
947792640:[TESTMD,0050]"pint"
947792642:[TESTMD,0029]86011Pa
947792642:[TESTMD,0252]0060>
947792650:[TESTMD,0050]"pint"
947792653:[TESTMD,0029]78390Pa
947792653:[TESTMD,0252]0060>
947792682:[TESTMD,0050]"pint"
947792684:[TESTMD,0029]79928Pa
947792684:[TESTMD,0252]0060>
947792830:[TESTMD,0050]"act"
947792830:[SURFIN,0020]filling external bladder
947792833:[SURFIN,0019]external bladder full
947792838:[VALVE ,0034]valve opening 30000ms
947792873:[SURFIN,0020]filling external bladder
947792881:[PUMP  ,0016]pump during 300000ms
947792898:[SURFIN,0019]external bladder full
947792898:[TESTMD,0045]pump run 15s
947792903:[BYPASS,0035]bypass opening 30000ms
947792948:[SURFIN,0020]filling external bladder
947792956:[PUMP  ,0016]pump during 300000ms
947793050:[SURFIN,0019]external bladder full
947793051:[TESTMD,0045]pump run 93s
947793056:[TESTMD,0066]test done
947793056:[TESTMD,0252]0060>
