1593826456:[MAIN  ,0007]buoy 452.120-R-0060
1593826456:[MAIN  ,0055]soft pilotage 452.012.300_V2.20-20200612
1593826456:[MAIN  ,0010]cycle 8
1593826456:[SURF  ,0225]surface2
1593826469:[SURF  ,0022]GPS fix...
1593826489:[SURF  ,0015]10 PPS detected...
1593826490:[MRMAID,0052]Mermaid $GPSACK:+0,+0,+0,+0,+0,+0,+0;
1593826500:[MRMAID,0052]Mermaid $GPSOFF:3686330;
1593826501:[GPSFIX,0179]-1s diff
1593826502:[SURF  ,0222]2020-07-04T01:35:02
1593826502:[SURF  ,0082]Latitude : N43deg40.936mn, Longitude :E007deg19.183mn
1593826502:[SURF  ,0223]fix3D,8satellites
1593826502:[SURF  ,0084]GPS fix GPGSA : hdop0.700,vdop1.050
1593826512:[SURF  ,0025]Iridium...
1593826554:[SURF  ,0009]connected in 42s, signal quality 2
1593826621:<WARN>[SURF  ,0071]timeout
1593826621:<WARN>[SURF  ,0056]peer mute
1593826626:[SURF  ,0014]disconnected after 114s
1593826631:[SURFIN,0020]filling external bladder
1593826639:[PUMP  ,0207]battery 15133mV,   18666uA (warmup), P   +110mbar
1593826639:[PUMP  ,0016]pump during 300000ms
1593826648:[PUMP  ,0212]battery 14698mV, 1045906uA (steady state), P   +110mbar
1593826650:[SURFIN,0019]external bladder full
1593826650:[SURF  ,0069]transfer interrupted , retry
1593826660:[SURF  ,0022]GPS fix...
1593826681:[SURF  ,0015]10 PPS detected...
1593826682:[MRMAID,0052]Mermaid $GPSACK:+0,+0,+0,+0,+0,+0,-30;
1593826692:[MRMAID,0052]Mermaid $GPSOFF:3686330;
1593826693:[GPSFIX,0179]-1s diff
1593826694:[SURF  ,0222]2020-07-04T01:38:14
1593826694:[SURF  ,0082]Latitude : N43deg40.937mn, Longitude :E007deg19.181mn
1593826694:[SURF  ,0223]fix3D,8satellites
1593826694:[SURF  ,0084]GPS fix GPGSA : hdop0.700,vdop1.060
1593826704:[SURF  ,0025]Iridium...
1593826747:[SURF  ,0009]connected in 43s, signal quality 4
1593826832:[SURF  ,0218]prompt received, remote cmd end
1593826832:[SURF  ,0012]16 cmd(s) received
1593826855:[UPLOAD,0248]Upload data files...
1593827026:[ZIO   ,0240]"NO CARRIER" received, aborting
1593827047:[SURF  ,0014]disconnected after 343s
1593827052:[SURFIN,0020]filling external bladder
1593827060:[PUMP  ,0207]battery 15090mV,   18666uA (warmup), P   +110mbar
1593827060:[PUMP  ,0016]pump during 300000ms
1593827064:[PUMP  ,0212]battery 14651mV, 1047614uA (steady state), P   +110mbar
1593827066:[SURFIN,0019]external bladder full
1593827066:[SURF  ,0319]transfer interrupted
1593827080:[SURF  ,0022]GPS fix...
1593827100:[SURF  ,0015]10 PPS detected...
1593827101:[MRMAID,0052]Mermaid $GPSACK:+0,+0,+0,+0,+0,+0,+0;
1593827111:[MRMAID,0052]Mermaid $GPSOFF:3686330;
1593827113:[GPSFIX,0179]+0s diff
1593827113:[SURF  ,0222]2020-07-04T01:45:13
1593827113:[SURF  ,0082]Latitude : N43deg40.938mn, Longitude :E007deg19.182mn
1593827113:[SURF  ,0223]fix3D,9satellites
1593827113:[SURF  ,0084]GPS fix GPGSA : hdop0.650,vdop1.010
1593827130:[MAIN  ,0024]internal pressure 79529Pa
1593827131:[BYCMD ,0107]    FreeRTOS V8.2.3
1593827131:[BYCMD ,0108]    FatFS v11a
1593827131:[BYCMD ,0120]    bypass 10000ms 60000ms (20000ms 60000ms stored)
1593827131:[BYCMD ,0121]    valve 60000ms 12750 (60000ms 12750 stored)
1593827131:[BYCMD ,0122]    pump 60000ms 30% 10750 80% (60000ms 30% 10750 80% stored)
1593827131:[BYCMD ,0123]    rate 2mbar/s (2mbar/s stored)
1593827131:[BYCMD ,0124]    surface 500mbar (500mbar stored)
1593827131:[BYCMD ,0125]    near 1500mbar 3mbar/s (15000mbar 3mbar/s stored)
1593827131:[BYCMD ,0126]    far 2500mbar 4mbar/s (25000mbar 4mbar/s stored)
1593827131:[BYCMD ,0127]    ascent 8mbar/s (8mbar/s stored)
1593827131:[BYCMD ,0128]    dead 60s (300s stored)
1593827131:[BYCMD ,0129]    coeff 16/10 (16/10 stored)
1593827131:[BYCMD ,0130]    stab 10 (10 stored)
1593827131:[BYCMD ,0131]    delay 900s 3600s (900s 3600s stored)
1593827131:[BYCMD ,0132]    mmtime 2880min (2880min stored)
1593827131:[BYCMD ,0133]    dv_landing 100ml (100ml stored)
1593827131:[MKDCMD,0150]    p2t37: 15x2000ms, offset 112mbar
1593827131:[P2TCMD,0151]    p2t37: dp 50mbar, dt 5000mdegC
1593827132:[STAGE ,0080]Stage [0] 5000mbar (+/-500mbar) 1800s (<1800s) 
1593827132:[STAGE ,0080]Stage [1] 5000mbar (+/-500mbar) 1800s (<3600s) MERMAID
1593827132:[MAIN  ,0070]turn off bluetooth
1593827134:[PRESS ,0038]P    -12mbar,T-10625mdegC
1593827138:[PRESS ,0038]P    -12mbar,T+27364mdegC
1593827140:[PRESS ,0038]P     -2mbar,T-10625mdegC
1593827142:[PRESS ,0038]P    -12mbar,T+27364mdegC
1593827145:[PRESS ,0038]P    -12mbar,T+16921mdegC
1593827147:[PRESS ,0038]P    -12mbar,T+27364mdegC
1593827151:[PRESS ,0038]P    -12mbar,T-10625mdegC
1593827152:[PRESS ,0038]P    -12mbar,T+27364mdegC
1593827154:[PRESS ,0038]P    -22mbar,T-10625mdegC
1593827156:[PRESS ,0038]P    -12mbar,T+27364mdegC
1593827158:[PRESS ,0038]P    -12mbar,T-10625mdegC
1593827160:[DIVING,0141]diving from -12mbar, +0mbar/s
1593827160:[BYPASS,0035]bypass opening 60000ms
1593827165:[BYPASS,0104]battery 14992mV,  255468uA (bypass opening), P    -12mbar
1593827230:[BYPASS,0106]battery 15010mV,  295484uA (bypass closing), P    -12mbar
1593827231:[PRESS ,0038]P   -132mbar,T+27364mdegC
1593827233:[PRESS ,0038]P   -122mbar,T-10625mdegC
1593827242:[PRESS ,0038]P   -122mbar,T+27364mdegC
1593827244:[PRESS ,0038]P   -122mbar,T-10625mdegC
1593827246:[PRESS ,0038]P   -112mbar,T+27364mdegC
1593827247:[PRESS ,0038]P   -112mbar,T-10625mdegC
1593827249:[PRESS ,0038]P   -112mbar,T+16921mdegC
1593827251:[PRESS ,0038]P   -112mbar,T+27364mdegC
1593827253:[PRESS ,0038]P   -102mbar,T+16921mdegC
1593827255:[PRESS ,0038]P   -112mbar,T-10625mdegC
1593827257:[BYPASS,0035]bypass opening 10000ms
1593827262:[BYPASS,0104]battery 15041mV,  246196uA (bypass opening), P   -102mbar
1593827277:[BYPASS,0106]battery 15020mV,  294264uA (bypass closing), P   -102mbar
1593827278:[PRESS ,0038]P   -132mbar,T+16921mdegC
1593827282:[PRESS ,0038]P   -132mbar,T-10625mdegC
1593827286:[PRESS ,0038]P   -132mbar,T  -183mdegC
1593827287:[PRESS ,0038]P   -132mbar,T-10625mdegC
1593827289:[PRESS ,0038]P   -142mbar,T+27364mdegC
1593827291:[PRESS ,0038]P   -132mbar,T-10625mdegC
1593827300:[PRESS ,0038]P   -132mbar,T+27364mdegC
1593827303:[PRESS ,0038]P   -132mbar,T-10625mdegC
1593827303:[BYPASS,0035]bypass opening 10000ms
1593827309:[BYPASS,0104]battery 15047mV,  251320uA (bypass opening), P   -132mbar
1593827324:[BYPASS,0106]battery 15028mV,  293410uA (bypass closing), P   -132mbar
1593827327:[PRESS ,0038]P   -132mbar,T+16921mdegC
1593827329:[PRESS ,0038]P   -132mbar,T-10625mdegC
1593827334:[PRESS ,0038]P   -132mbar,T+16921mdegC
1593827336:[PRESS ,0038]P   -142mbar,T+27364mdegC
1593827338:[PRESS ,0038]P   -142mbar,T-10625mdegC
1593827345:[PRESS ,0038]P   -132mbar,T+27364mdegC
1593827349:[PRESS ,0038]P   -132mbar,T+16921mdegC
1593827350:[PRESS ,0038]P   -122mbar,T-10625mdegC
1593827350:[BYPASS,0035]bypass opening 10000ms
1593827356:[BYPASS,0104]battery 15057mV,  250100uA (bypass opening), P   -122mbar
1593827371:[BYPASS,0106]battery 15036mV,  292678uA (bypass closing), P   -122mbar
1593827376:[PRESS ,0038]P   -122mbar,T+16921mdegC
1593827379:[PRESS ,0038]P   -112mbar,T-10625mdegC
1593827388:[PRESS ,0038]P   -122mbar,T+16921mdegC
1593827390:[PRESS ,0038]P   -112mbar,T-10625mdegC
1593827392:[PRESS ,0038]P   -112mbar,T+16921mdegC
1593827396:[PRESS ,0038]P   -112mbar,T-10625mdegC
1593827397:[BYPASS,0035]bypass opening 10000ms
1593827402:[BYPASS,0104]battery 15061mV,  251442uA (bypass opening), P   -142mbar
1593827417:[BYPASS,0106]battery 15042mV,  292068uA (bypass closing), P   -142mbar
1593827421:[PRESS ,0038]P   -112mbar,T+16921mdegC
1593827423:[PRESS ,0038]P   -102mbar,T-10625mdegC
1593827433:[PRESS ,0038]P   -132mbar,T+16921mdegC
1593827435:[PRESS ,0038]P   -122mbar,T-10625mdegC
1593827441:[PRESS ,0038]P   -122mbar,T+27364mdegC
1593827444:[PRESS ,0038]P   -122mbar,T-10625mdegC
1593827444:[BYPASS,0035]bypass opening 10000ms
1593827449:[BYPASS,0104]battery 15068mV,  252174uA (bypass opening), P   -122mbar
1593827464:[BYPASS,0106]battery 15048mV,  291580uA (bypass closing), P   -122mbar
1593827466:[PRESS ,0038]P   -102mbar,T-21071mdegC
1593827468:[PRESS ,0038]P   -102mbar,T-10625mdegC
1593827472:[PRESS ,0038]P   -102mbar,T+27364mdegC
1593827473:[PRESS ,0038]P   -102mbar,T-10625mdegC
1593827475:[PRESS ,0038]P   -102mbar,T+16921mdegC
1593827479:[PRESS ,0038]P   -112mbar,T-10625mdegC
1593827481:[PRESS ,0038]P   -102mbar,T+16921mdegC
1593827484:[PRESS ,0038]P   -112mbar,T-10625mdegC
1593827491:[BYPASS,0035]bypass opening 10000ms
1593827496:[BYPASS,0104]battery 15073mV,  251076uA (bypass opening), P   -112mbar
1593827511:[BYPASS,0106]battery 15053mV,  290970uA (bypass closing), P   -112mbar
1593827517:[PRESS ,0038]P    -92mbar,T+27364mdegC
1593827518:[PRESS ,0038]P    -92mbar,T-10625mdegC
1593827522:[PRESS ,0038]P   -102mbar,T+16921mdegC
1593827524:[PRESS ,0038]P   -102mbar,T+27364mdegC
1593827526:[PRESS ,0038]P   -102mbar,T-10625mdegC
1593827529:[PRESS ,0038]P   -102mbar,T+16921mdegC
1593827531:[PRESS ,0038]P   -112mbar,T-10625mdegC
1593827533:[PRESS ,0038]P   -102mbar,T+16921mdegC
1593827535:[PRESS ,0038]P    -92mbar,T-10625mdegC
1593827536:[PRESS ,0038]P   -102mbar,T+16921mdegC
1593827538:[BYPASS,0035]bypass opening 10000ms
1593827543:[BYPASS,0104]battery 15078mV,  251442uA (bypass opening), P    -92mbar
1593827558:[BYPASS,0106]battery 15058mV,  290482uA (bypass closing), P    -92mbar
1593827562:[PRESS ,0038]P    -92mbar,T+27364mdegC
1593827564:[PRESS ,0038]P    -92mbar,T-10625mdegC
1593827566:[PRESS ,0038]P   -112mbar,T+16921mdegC
1593827567:[PRESS ,0038]P   -102mbar,T-10625mdegC
1593827569:[PRESS ,0038]P   -102mbar,T+16921mdegC
1593827571:[PRESS ,0038]P    -92mbar,T-10625mdegC
1593827575:[PRESS ,0038]P   -102mbar,T+16921mdegC
1593827576:[PRESS ,0038]P   -102mbar,T-10625mdegC
1593827583:[PRESS ,0038]P   -112mbar,T+16921mdegC
1593827585:[PRESS ,0038]P    -82mbar,T-10625mdegC
1593827585:[BYPASS,0035]bypass opening 10000ms
1593827590:[BYPASS,0104]battery 15083mV,  249490uA (bypass opening), P    -82mbar
1593827605:[BYPASS,0106]battery 15062mV,  289994uA (bypass closing), P    -82mbar
1593827613:[PRESS ,0038]P    -92mbar,T+27364mdegC
1593827614:[PRESS ,0038]P    -82mbar,T+16921mdegC
1593827616:[PRESS ,0038]P    -82mbar,T-10625mdegC
1593827618:[PRESS ,0038]P    -82mbar,T+16921mdegC
1593827620:[PRESS ,0038]P    -82mbar,T-10625mdegC
1593827622:[PRESS ,0038]P    -92mbar,T+16921mdegC
1593827623:[PRESS ,0038]P    -92mbar,T-10625mdegC
1593827625:[PRESS ,0038]P    -82mbar,T+16921mdegC
1593827629:[PRESS ,0038]P    -82mbar,T+27364mdegC
1593827631:[PRESS ,0038]P    -72mbar,T+16921mdegC
1593827632:[BYPASS,0035]bypass opening 10000ms
1593827637:[BYPASS,0104]battery 15086mV,  250710uA (bypass opening), P    -82mbar
1593827653:[BYPASS,0106]battery 15066mV,  289506uA (bypass closing), P    -82mbar
1593827654:[PRESS ,0038]P    -62mbar,T-10625mdegC
1593827661:[PRESS ,0038]P    -42mbar,T+16921mdegC
1593827663:[PRESS ,0038]P    -62mbar,T-10625mdegC
1593827665:[PRESS ,0038]P    -52mbar,T+16921mdegC
1593827667:[PRESS ,0038]P    -42mbar,T-10625mdegC
1593827672:[PRESS ,0038]P    -32mbar,T+16921mdegC
1593827676:[PRESS ,0038]P    -22mbar,T-10625mdegC
1593827688:[PRESS ,0038]P    +18mbar,T+16921mdegC
1593827690:[PRESS ,0038]P    +18mbar,T+27364mdegC
1593827693:[PRESS ,0038]P    +28mbar,T+16921mdegC
1593827699:[PRESS ,0038]P    +58mbar,T-10625mdegC
1593827702:[PRESS ,0038]P    +68mbar,T+16921mdegC
1593827710:[PRESS ,0038]P   +118mbar,T-10625mdegC
1593827718:[PRESS ,0038]P   +148mbar,T+16921mdegC
1593827724:[PRESS ,0038]P   +158mbar,T-10625mdegC
1593827729:[PRESS ,0038]P   +198mbar,T-21071mdegC
1593827732:[PRESS ,0038]P   +188mbar,T-10625mdegC
1593827735:[PRESS ,0038]P   +218mbar,T+27364mdegC
1593827738:[PRESS ,0038]P   +228mbar,T+16921mdegC
1593827741:[PRESS ,0038]P   +248mbar,T-10625mdegC
1593827743:[PRESS ,0038]P   +258mbar,T+16921mdegC
1593827749:[PRESS ,0038]P   +278mbar,T-10625mdegC
1593827757:[PRESS ,0038]P   +308mbar,T+16921mdegC
1593827760:[PRESS ,0038]P   +328mbar,T-10625mdegC
1593827763:[PRESS ,0038]P   +338mbar,T+16921mdegC
1593827766:[PRESS ,0038]P   +358mbar,T-10625mdegC
1593827771:[PRESS ,0038]P   +378mbar,T+16921mdegC
1593827774:[PRESS ,0038]P   +378mbar,T-10625mdegC
1593827780:[PRESS ,0038]P   +418mbar,T+16921mdegC
1593827785:[PRESS ,0038]P   +438mbar,T-10625mdegC
1593827796:[PRESS ,0038]P   +478mbar,T+16921mdegC
1593827799:[PRESS ,0038]P   +508mbar,T+27364mdegC
1593827801:[PRESS ,0038]P   +508mbar,T+16921mdegC
1593827801:[DIVING,0028]508mbar reached (+4mbar/s), 10 bypass done
1593827802:[MAIN  ,0056]stage[0]
1593827804:[MAIN  ,0024]internal pressure 82936Pa
1593827805:[BUOY  ,0037]P   +518mbar
1593827805:[STAGE ,0080]Stage [0] 5000mbar (+/-500mbar) 1800s (<1593829601s) 
1593827867:[PRESS ,0038]P   +828mbar,T+16921mdegC
1593827869:[PRESS ,0038]P   +838mbar,T-21071mdegC
1593827871:[PRESS ,0038]P   +838mbar,T+16921mdegC
1593827874:[PRESS ,0038]P   +858mbar,T-10625mdegC
1593827876:[PRESS ,0038]P   +858mbar,T+16921mdegC
1593827880:[PRESS ,0038]P   +878mbar,T+27364mdegC
1593827881:[PRESS ,0038]P   +888mbar,T-10625mdegC
1593827885:[PRESS ,0038]P   +928mbar,T+16921mdegC
1593827887:[PRESS ,0038]P   +928mbar,T-10625mdegC
1593827889:[PRESS ,0038]P   +928mbar,T+16921mdegC
1593827890:[PRESS ,0038]P   +928mbar,T-10625mdegC
1593827892:[PRESS ,0038]P   +948mbar,T+16921mdegC
1593827953:[PRESS ,0038]P  +1228mbar,T+16921mdegC
1593827960:[PRESS ,0038]P  +1258mbar,T-10625mdegC
1593827962:[PRESS ,0038]P  +1258mbar,T+16921mdegC
1593827964:[PRESS ,0038]P  +1268mbar,T-10625mdegC
1593827965:[PRESS ,0038]P  +1278mbar,T+27364mdegC
1593827967:[PRESS ,0038]P  +1288mbar,T+16921mdegC
1593827973:[PRESS ,0038]P  +1308mbar,T-10625mdegC
1593828039:[PRESS ,0038]P  +1608mbar,T+16921mdegC
1593828040:[PRESS ,0038]P  +1588mbar,T-10625mdegC
1593828042:[PRESS ,0038]P  +1598mbar,T+16921mdegC
1593828044:[PRESS ,0038]P  +1608mbar,T-21071mdegC
1593828046:[PRESS ,0038]P  +1608mbar,T+16921mdegC
1593828048:[PRESS ,0038]P  +1648mbar,T-10625mdegC
1593828055:[PRESS ,0038]P  +1668mbar,T+27364mdegC
1593828057:[PRESS ,0038]P  +1688mbar,T-10625mdegC
1593828058:[PRESS ,0038]P  +1678mbar,T+16921mdegC
1593828060:[PRESS ,0038]P  +1688mbar,T-10625mdegC
1593828124:[PRESS ,0038]P  +1908mbar,T+16921mdegC
1593828126:[PRESS ,0038]P  +1918mbar,T-21071mdegC
1593828130:[PRESS ,0038]P  +1938mbar,T+16921mdegC
1593828132:[PRESS ,0038]P  +1948mbar,T-10625mdegC
1593828139:[PRESS ,0038]P  +1958mbar,T+16921mdegC
1593828140:[PRESS ,0038]P  +1978mbar,T-10625mdegC
1593828149:[PRESS ,0038]P  +1998mbar,T+16921mdegC
1593828210:[PRESS ,0038]P  +2088mbar,T +6472mdegC
1593828212:[PRESS ,0038]P  +2098mbar,T+16921mdegC
1593828224:[PRESS ,0038]P  +2098mbar,T-10625mdegC
1593828230:[PRESS ,0038]P  +2088mbar,T+16921mdegC
1593828231:[PRESS ,0038]P  +2088mbar,T-10625mdegC
1593828235:<WARN>[BUOY  ,0094]stage[0] should DESCENT, stuck at 2088mbar for the #1 time
1593828235:[BUOY  ,0087]from +0mbar/s to +4mbar/s
1593828235:[BUOY  ,0090]need to transfer -26mL (valve during 7367ms)
1593828235:[VALVE ,0034]valve opening 7367ms
1593828242:[VALVE ,0234]battery 15111mV,  482510uA, P  +2088mbar
1593828296:[PRESS ,0038]P  +2198mbar,T-21071mdegC
1593828298:[PRESS ,0038]P  +2198mbar,T+16921mdegC
1593828301:[PRESS ,0038]P  +2198mbar,T-10625mdegC
1593828303:[PRESS ,0038]P  +2218mbar,T+16921mdegC
1593828307:[PRESS ,0038]P  +2228mbar,T-10625mdegC
1593828308:[PRESS ,0038]P  +2228mbar,T+16921mdegC
1593828310:[PRESS ,0038]P  +2218mbar,T-10625mdegC
1593828312:[PRESS ,0038]P  +2228mbar,T+16921mdegC
1593828314:[PRESS ,0038]P  +2218mbar,T-10625mdegC
1593828317:[PRESS ,0038]P  +2228mbar,T+16921mdegC
1593828321:[PRESS ,0038]P  +2228mbar,T-10625mdegC
1593828321:[BUOY  ,0087]from +2mbar/s to +4mbar/s
1593828321:[BUOY  ,0090]need to transfer -20mL (valve during 5426ms)
1593828321:[VALVE ,0034]valve opening 5426ms
1593828327:[VALVE ,0234]battery 15106mV,  479460uA, P  +2228mbar
1593828382:[PRESS ,0038]P  +2258mbar,T-21071mdegC
1593828384:[PRESS ,0038]P  +2258mbar,T+16921mdegC
1593828385:[PRESS ,0038]P  +2258mbar,T-21071mdegC
1593828387:[PRESS ,0038]P  +2258mbar,T+16921mdegC
1593828391:[PRESS ,0038]P  +2268mbar,T-10625mdegC
1593828393:[PRESS ,0038]P  +2268mbar,T+16921mdegC
1593828394:[PRESS ,0038]P  +2268mbar,T-10625mdegC
1593828396:[PRESS ,0038]P  +2278mbar,T+16921mdegC
1593828398:[PRESS ,0038]P  +2268mbar,T-10625mdegC
1593828403:[PRESS ,0038]P  +2268mbar,T+16921mdegC
1593828405:[PRESS ,0038]P  +2278mbar,T-10625mdegC
1593828407:[PRESS ,0038]P  +2278mbar,T+16921mdegC
1593828407:[BUOY  ,0087]from +1mbar/s to +4mbar/s
1593828407:[BUOY  ,0090]need to transfer -24mL (valve during 6511ms)
1593828407:[VALVE ,0034]valve opening 6511ms
1593828414:[VALVE ,0234]battery 15106mV,  479216uA, P  +2278mbar
1593828468:[PRESS ,0038]P  +2428mbar,T+16921mdegC
1593828470:[PRESS ,0038]P  +2428mbar,T-10625mdegC
1593828471:[PRESS ,0038]P  +2428mbar,T-21071mdegC
1593828473:[PRESS ,0038]P  +2448mbar,T-10625mdegC
1593828475:[PRESS ,0038]P  +2458mbar,T+16921mdegC
1593828477:[PRESS ,0038]P  +2458mbar,T-10625mdegC
1593828482:[PRESS ,0038]P  +2478mbar,T+16921mdegC
1593828484:[PRESS ,0038]P  +2488mbar,T-10625mdegC
1593828486:[PRESS ,0038]P  +2488mbar,T+27364mdegC
1593828488:[PRESS ,0038]P  +2498mbar,T+16921mdegC
1593828489:[PRESS ,0038]P  +2508mbar,T-10625mdegC
1593828554:[PRESS ,0038]P  +2718mbar,T-10625mdegC
1593828555:[PRESS ,0038]P  +2728mbar,T+16921mdegC
1593828557:[PRESS ,0038]P  +2738mbar,T-10625mdegC
1593828559:[PRESS ,0038]P  +2738mbar,T+16921mdegC
1593828561:[PRESS ,0038]P  +2748mbar,T-10625mdegC
1593828563:[PRESS ,0038]P  +2768mbar,T+16921mdegC
1593828564:[PRESS ,0038]P  +2768mbar,T-10625mdegC
1593828566:[PRESS ,0038]P  +2778mbar,T+27364mdegC
1593828568:[PRESS ,0038]P  +2778mbar,T-10625mdegC
1593828639:[PRESS ,0038]P  +2978mbar,T+16921mdegC
1593828643:[PRESS ,0038]P  +2988mbar,T-10625mdegC
1593828645:[PRESS ,0038]P  +2998mbar,T+16921mdegC
1593828647:[PRESS ,0038]P  +2998mbar,T-10625mdegC
1593828648:[PRESS ,0038]P  +3008mbar,T+16921mdegC
1593828652:[PRESS ,0038]P  +3008mbar,T-10625mdegC
1593828654:[PRESS ,0038]P  +3028mbar,T+16921mdegC
1593828656:[PRESS ,0038]P  +3038mbar,T+27364mdegC
1593828657:[PRESS ,0038]P  +3038mbar,T-10625mdegC
1593828661:[PRESS ,0038]P  +3058mbar,T+27364mdegC
1593828663:[PRESS ,0038]P  +3048mbar,T-10625mdegC
1593828665:[PRESS ,0038]P  +3058mbar,T+16921mdegC
1593828725:[PRESS ,0038]P  +3258mbar,T-10625mdegC
1593828727:[PRESS ,0038]P  +3268mbar,T+27364mdegC
1593828729:[PRESS ,0038]P  +3278mbar,T-10625mdegC
1593828739:[PRESS ,0038]P  +3308mbar,T+27364mdegC
1593828741:[PRESS ,0038]P  +3318mbar,T-10625mdegC
1593828745:[PRESS ,0038]P  +3328mbar,T+16921mdegC
1593828747:[PRESS ,0038]P  +3338mbar,T-10625mdegC
1593828750:[PRESS ,0038]P  +3348mbar,T+27364mdegC
1593828811:[PRESS ,0038]P  +3588mbar,T-10625mdegC
1593828815:[PRESS ,0038]P  +3598mbar,T+16921mdegC
1593828816:[PRESS ,0038]P  +3608mbar,T-21071mdegC
1593828818:[PRESS ,0038]P  +3608mbar,T+16921mdegC
1593828820:[PRESS ,0038]P  +3628mbar,T-10625mdegC
1593828825:[PRESS ,0038]P  +3648mbar,T+27364mdegC
1593828827:[PRESS ,0038]P  +3648mbar,T-10625mdegC
1593828836:[PRESS ,0038]P  +3678mbar,T  -183mdegC
1593828836:[BUOY  ,0087]from +4mbar/s to +2mbar/s
1593828836:[BUOY  ,0089]need to transfer +20mL (pump during 24288ms)
1593828844:[PUMP  ,0207]battery 15397mV,   19032uA (warmup), P  +3678mbar
1593828844:[PUMP  ,0016]pump during 24288ms
1593828868:[PUMP  ,0212]battery 15197mV,  339892uA (steady state), P  +3678mbar
1593828900:[PRESS ,0038]P  +3848mbar,T-10625mdegC
1593828909:[PRESS ,0038]P  +3848mbar,T+27364mdegC
1593828914:[PRESS ,0038]P  +3858mbar,T-10625mdegC
1593828916:[PRESS ,0038]P  +3848mbar,T+27364mdegC
1593828918:[PRESS ,0038]P  +3848mbar,T-10625mdegC
1593828920:[PRESS ,0038]P  +3848mbar,T+27364mdegC
1593828923:[PRESS ,0038]P  +3858mbar,T+16921mdegC
1593828925:[PRESS ,0038]P  +3858mbar,T+27364mdegC
1593828925:<WARN>[BUOY  ,0094]stage[0] should DESCENT, stuck at 3858mbar for the #1 time
1593828925:[BUOY  ,0087]from +0mbar/s to +2mbar/s
1593828925:[BUOY  ,0090]need to transfer -6mL (valve during 1234ms)
1593828925:[VALVE ,0034]valve opening 1234ms
1593828927:[VALVE ,0234]battery 15106mV,  482510uA, P  +3858mbar
1593828986:[PRESS ,0038]P  +3958mbar,T-10625mdegC
1593828988:[PRESS ,0038]P  +3958mbar,T+16921mdegC
1593828990:[PRESS ,0038]P  +3978mbar,T-10625mdegC
1593828991:[PRESS ,0038]P  +3968mbar,T+16921mdegC
1593828993:[PRESS ,0038]P  +3968mbar,T+27364mdegC
1593828995:[PRESS ,0038]P  +3978mbar,T-10625mdegC
1593828997:[PRESS ,0038]P  +3978mbar,T+27364mdegC
1593829000:[PRESS ,0038]P  +3978mbar,T-10625mdegC
1593829002:[PRESS ,0038]P  +3988mbar,T  -183mdegC
1593829004:[PRESS ,0038]P  +3988mbar,T+27364mdegC
1593829011:[PRESS ,0038]P  +3998mbar,T  -183mdegC
1593829072:[PRESS ,0038]P  +4108mbar,T-10625mdegC
1593829077:[PRESS ,0038]P  +4118mbar,T+27364mdegC
1593829082:[PRESS ,0038]P  +4108mbar,T  -183mdegC
1593829084:[PRESS ,0038]P  +4118mbar,T+27364mdegC
1593829086:[PRESS ,0038]P  +4128mbar,T  -183mdegC
1593829088:[PRESS ,0038]P  +4138mbar,T-10625mdegC
1593829090:[PRESS ,0038]P  +4138mbar,T+27364mdegC
1593829095:[PRESS ,0038]P  +4148mbar,T-10625mdegC
1593829097:[PRESS ,0038]P  +4158mbar,T+27364mdegC
1593829158:[PRESS ,0038]P  +4268mbar,T-10625mdegC
1593829161:[PRESS ,0038]P  +4278mbar,T+27364mdegC
1593829163:[PRESS ,0038]P  +4278mbar,T-10625mdegC
1593829165:[PRESS ,0038]P  +4278mbar,T  -183mdegC
1593829167:[PRESS ,0038]P  +4278mbar,T+27364mdegC
1593829172:[PRESS ,0038]P  +4298mbar,T  -183mdegC
1593829175:[PRESS ,0038]P  +4308mbar,T+27364mdegC
1593829179:[PRESS ,0038]P  +4318mbar,T-27733mdegC
1593829181:[PRESS ,0038]P  +4318mbar,T+27364mdegC
1593829243:[PRESS ,0038]P  +4458mbar,T+27364mdegC
1593829247:[PRESS ,0038]P  +4468mbar,T  -183mdegC
1593829249:[PRESS ,0038]P  +4468mbar,T-10625mdegC
1593829250:[PRESS ,0038]P  +4468mbar,T+27364mdegC
1593829258:[PRESS ,0038]P  +4478mbar,T  -183mdegC
1593829261:[PRESS ,0038]P  +4488mbar,T-27733mdegC
1593829263:[PRESS ,0038]P  +4498mbar,T  -183mdegC
1593829268:[STAGE ,0213]4508mbar reached at 1593829268s, ref 5000mbar +/-500mbar
1593829329:[PRESS ,0038]P  +4628mbar,T+27364mdegC
1593829390:[PRESS ,0038]P  +4758mbar,T  -183mdegC
1593829450:[PRESS ,0038]P  +4888mbar,T+27364mdegC
1593829511:[PRESS ,0038]P  +5008mbar,T  -183mdegC
1593829511:[BUOY  ,0087]from +2mbar/s to +0mbar/s
1593829511:[BUOY  ,0089]need to transfer +6mL (pump during 7241ms)
1593829519:[PUMP  ,0207]battery 15420mV,   18910uA (warmup), P  +5008mbar
1593829519:[PUMP  ,0016]pump during 7241ms
1593829526:[PUMP  ,0212]battery 15215mV,  346236uA (steady state), P  +5008mbar
1593829575:[PRESS ,0038]P  +5138mbar,T  -183mdegC
1593829580:[PRESS ,0038]P  +5138mbar,T+27364mdegC
1593829586:[PRESS ,0038]P  +5158mbar,T  -183mdegC
1593829588:[PRESS ,0038]P  +5168mbar,T-27733mdegC
1593829591:[PRESS ,0038]P  +5158mbar,T  -183mdegC
1593829593:[PRESS ,0038]P  +5178mbar,T-27733mdegC
1593829595:[PRESS ,0038]P  +5168mbar,T  -183mdegC
1593829600:[PRESS ,0038]P  +5168mbar,T-27733mdegC
1593829600:[BUOY  ,0087]from +1mbar/s to +0mbar/s
1593829600:[BUOY  ,0089]need to transfer +2mL (pump during 2414ms)
1593829608:[PUMP  ,0207]battery 15412mV,   18910uA (warmup), P  +5168mbar
1593829608:[PUMP  ,0016]pump during 2414ms
1593829664:[PRESS ,0038]P  +5278mbar,T  -183mdegC
1593829668:[PRESS ,0038]P  +5288mbar,T+27364mdegC
1593829669:[PRESS ,0038]P  +5288mbar,T  -183mdegC
1593829673:[PRESS ,0038]P  +5298mbar,T+27364mdegC
1593829675:[PRESS ,0038]P  +5308mbar,T-27733mdegC
1593829678:[PRESS ,0038]P  +5288mbar,T+10253mdegC
1593829680:[PRESS ,0038]P  +5298mbar,T-27733mdegC
1593829682:[PRESS ,0038]P  +5308mbar,T  -183mdegC
1593829684:[PRESS ,0038]P  +5308mbar,T-27733mdegC
1593829686:[PRESS ,0038]P  +5318mbar,T  -183mdegC
1593829689:[MAIN  ,0140]stage[0] complete 1888s after mission start
1593829689:[MAIN  ,0056]stage[1]
1593829691:[MAIN  ,0024]internal pressure 82200Pa
1593829693:[MRMAID,0002]acq started
1593829703:[PRESS ,0038]P  +5328mbar,T-27733mdegC
1593829703:[BUOY  ,0037]P  +5328mbar
1593829703:[STAGE ,0080]Stage [1] 5000mbar (+/-500mbar) 1800s (<1593831401s) MERMAID
1593829705:[STAGE ,0213]5338mbar reached at 1593829705s, ref 5000mbar +/-500mbar
1593829705:[BUOY  ,0087]from +1mbar/s to +0mbar/s
1593829705:[BUOY  ,0089]need to transfer +2mL (pump during 2414ms)
1593829713:[PUMP  ,0207]battery 15415mV,   18910uA (warmup), P  +5338mbar
1593829713:[PUMP  ,0016]pump during 2414ms
1593829728:[MRMAID,0184]acq already started
1593829746:[MRMAID,0059]stop canceled
1593829779:[PRESS ,0038]P  +5438mbar,T  -183mdegC
1593829783:[PRESS ,0038]P  +5458mbar,T-27733mdegC
1593829786:[PRESS ,0038]P  +5458mbar,T  -183mdegC
1593829795:[PRESS ,0038]P  +5478mbar,T+10253mdegC
1593829797:[PRESS ,0038]P  +5468mbar,T-27733mdegC
1593829799:[PRESS ,0038]P  +5468mbar,T+10253mdegC
1593829800:[PRESS ,0038]P  +5478mbar,T-27733mdegC
1593829802:[PRESS ,0038]P  +5478mbar,T  -183mdegC
1593829804:[PRESS ,0038]P  +5468mbar,T-27733mdegC
1593829804:[BUOY  ,0087]from +2mbar/s to +0mbar/s
1593829804:[BUOY  ,0089]need to transfer +6mL (pump during 7241ms)
1593829804:[MRMAID,0003]acq stopped
1593829813:[PUMP  ,0207]battery 15416mV,   18666uA (warmup), P  +5468mbar
1593829813:[PUMP  ,0016]pump during 7241ms
1593829820:[PUMP  ,0212]battery 15208mV,  348920uA (steady state), P  +5468mbar
1593829823:[MRMAID,0002]acq started
1593829882:[PRESS ,0038]P  +5498mbar,T  -183mdegC
1593829883:[PRESS ,0038]P  +5498mbar,T-27733mdegC
1593829887:[PRESS ,0038]P  +5488mbar,T+10253mdegC
1593829889:[PRESS ,0038]P  +5488mbar,T  -183mdegC
1593829892:[PRESS ,0038]P  +5488mbar,T-27733mdegC
1593829898:[PRESS ,0038]P  +5478mbar,T  -183mdegC
1593829900:[PRESS ,0038]P  +5478mbar,T-27733mdegC
1593829964:[PRESS ,0038]P  +5498mbar,T  -183mdegC
1593829995:[MRMAID,0027]55dbar, 0degC
1593830024:[PRESS ,0038]P  +5528mbar,T+27364mdegC
1593830024:<WARN>[BUOY  ,0094]stage[1] should ASCENT, stuck at 5528mbar for the #1 time
1593830025:[BUOY  ,0087]from +0mbar/s to -2mbar/s
1593830025:[BUOY  ,0089]need to transfer +6mL (pump during 7241ms)
1593830033:[PUMP  ,0207]battery 15417mV,   19276uA (warmup), P  +5528mbar
1593830033:[PUMP  ,0016]pump during 7241ms
1593830040:[PUMP  ,0212]battery 15208mV,  350506uA (steady state), P  +5528mbar
1593830053:[MRMAID,0184]acq already started
1593830099:[PRESS ,0038]P  +5508mbar,T  -183mdegC
1593830101:[PRESS ,0038]P  +5498mbar,T-27733mdegC
1593830103:[PRESS ,0038]P  +5498mbar,T  -183mdegC
1593830104:[PRESS ,0038]P  +5498mbar,T-27733mdegC
1593830110:[PRESS ,0038]P  +5498mbar,T+10253mdegC
1593830112:[PRESS ,0038]P  +5498mbar,T-27733mdegC
1593830115:[PRESS ,0038]P  +5488mbar,T  -183mdegC
1593830117:[PRESS ,0038]P  +5498mbar,T+10253mdegC
1593830121:[PRESS ,0038]P  +5498mbar,T-27733mdegC
1593830122:[PRESS ,0038]P  +5488mbar,T+10253mdegC
1593830124:[PRESS ,0038]P  +5488mbar,T  -183mdegC
1593830245:[PRESS ,0038]P  +5428mbar,T-27733mdegC
1593830306:[PRESS ,0038]P  +5368mbar,T-27733mdegC
1593830427:[PRESS ,0038]P  +5288mbar,T+10253mdegC
1593830488:[PRESS ,0038]P  +5288mbar,T-27733mdegC
1593830609:[PRESS ,0038]P  +5218mbar,T+10253mdegC
1593830731:[PRESS ,0038]P  +5218mbar,T-27733mdegC
1593830973:[PRESS ,0038]P  +5158mbar,T-27733mdegC
1593831034:[PRESS ,0038]P  +5158mbar,T+10253mdegC
1593831097:[MRMAID,0059]stop canceled
1593831111:[MRMAID,0005]ascent request rejected
1593831200:[MRMAID,0027]51dbar, 10degC
1593831398:[PRESS ,0038]P  +5158mbar,T-27733mdegC
1593831459:[MAIN  ,0140]stage[1] complete 3658s after mission start
1593832062:<ERR>[MRMAID,0008]acq not stopped
1593832301:[MRMAID,0003]acq stopped
1593832301:[MRMAID,0052]Mermaid $MEASFS,97033,2424.967102,40.014151;
1593832304:[MSSION,0192]mission stopped, 2 stage(s) done
1593832304:[MAIN  ,0065]surfacing
1593832306:[PRESS ,0038]P  +4998mbar,T+10253mdegC
1593832306:[SURFIN,0036]P  +4998mbar
1593832314:[PUMP  ,0207]battery 15458mV,   23302uA (warmup), P  +4998mbar
1593832314:[PUMP  ,0016]pump during 60000ms
1593832317:<WARN>[MERCMD,0006]ascent request while not in mission
1593832317:[MRMAID,0003]acq stopped
1593832373:[PUMP  ,0212]battery 15242mV,  353922uA (steady state), P  +4998mbar
1593832431:[PRESS ,0038]P  +4618mbar,T+10253mdegC
1593832434:[PRESS ,0038]P  +4608mbar,T-17299mdegC
1593832445:[PRESS ,0038]P  +4548mbar,T+20684mdegC
1593832447:[PRESS ,0038]P  +4528mbar,T+10253mdegC
1593832449:[PRESS ,0038]P  +4518mbar,T-17299mdegC
1593832450:[PRESS ,0038]P  +4518mbar,T+10253mdegC
1593832452:[PRESS ,0038]P  +4518mbar,T+20684mdegC
1593832454:[PRESS ,0038]P  +4508mbar,T+10253mdegC
1593832456:[PRESS ,0038]P  +4508mbar,T+20684mdegC
1593832464:[PUMP  ,0207]battery 15362mV,   18910uA (warmup), P  +4508mbar
1593832464:[PUMP  ,0016]pump during 60000ms
1593832523:[PUMP  ,0212]battery 15141mV,  356850uA (steady state), P  +4508mbar
1593832581:[PRESS ,0038]P  +3708mbar,T-17299mdegC
1593832582:[PRESS ,0038]P  +3708mbar,T-27733mdegC
1593832584:[PRESS ,0038]P  +3678mbar,T+10253mdegC
1593832586:[PRESS ,0038]P  +3668mbar,T-17299mdegC
1593832588:[PRESS ,0038]P  +3658mbar,T-27733mdegC
1593832590:[PRESS ,0038]P  +3638mbar,T+20684mdegC
1593832591:[PRESS ,0038]P  +3638mbar,T+10253mdegC
1593832593:[PRESS ,0038]P  +3628mbar,T-17299mdegC
1593832595:[PRESS ,0038]P  +3608mbar,T+20684mdegC
1593832597:[PRESS ,0038]P  +3598mbar,T-17299mdegC
1593832599:[PRESS ,0038]P  +3578mbar,T+20684mdegC
1593832602:[PRESS ,0038]P  +3568mbar,T-17299mdegC
1593832607:[PRESS ,0038]P  +3528mbar,T+20684mdegC
1593832615:[PUMP  ,0207]battery 15291mV,   19032uA (warmup), P  +3528mbar
1593832616:[PUMP  ,0016]pump during 60000ms
1593832675:[PUMP  ,0212]battery 15076mV,  345748uA (steady state), P  +3528mbar
1593832732:[PRESS ,0038]P  +2648mbar,T-17299mdegC
1593832738:[PRESS ,0038]P  +2618mbar,T+20684mdegC
1593832739:[PRESS ,0038]P  +2608mbar,T-17299mdegC
1593832745:[PRESS ,0038]P  +2568mbar,T+20684mdegC
1593832750:[PRESS ,0038]P  +2548mbar,T-17299mdegC
1593832765:[PUMP  ,0207]battery 15240mV,   19032uA (warmup), P  +2498mbar
1593832765:[PUMP  ,0016]pump during 60000ms
1593832824:[PUMP  ,0212]battery 15030mV,  339038uA (steady state), P  +2498mbar
1593832882:[PRESS ,0038]P  +1908mbar,T-17299mdegC
1593832887:[PRESS ,0038]P  +1898mbar,T+10253mdegC
1593832891:[PRESS ,0038]P  +1898mbar,T-17299mdegC
1593832893:[PRESS ,0038]P  +1908mbar,T+10253mdegC
1593832895:[PRESS ,0038]P  +1908mbar,T-17299mdegC
1593832898:[PRESS ,0038]P  +1908mbar,T+20684mdegC
1593832900:[PRESS ,0038]P  +1908mbar,T-17299mdegC
1593832915:[PUMP  ,0207]battery 15208mV,   19154uA (warmup), P  +1908mbar
1593832915:[PUMP  ,0016]pump during 60000ms
1593832974:[PUMP  ,0212]battery 15001mV,  334890uA (steady state), P  +1908mbar
1593833032:[PRESS ,0038]P  +1418mbar,T+10253mdegC
1593833034:[PRESS ,0038]P  +1388mbar,T-17299mdegC
1593833035:[PRESS ,0038]P  +1388mbar,T+10253mdegC
1593833037:[PRESS ,0038]P  +1378mbar,T-17299mdegC
1593833039:[PRESS ,0038]P  +1358mbar,T+10253mdegC
1593833041:[PRESS ,0038]P  +1358mbar,T+20684mdegC
1593833043:[PRESS ,0038]P  +1338mbar,T+10253mdegC
1593833044:[PRESS ,0038]P  +1338mbar,T-17299mdegC
1593833048:[PRESS ,0038]P  +1298mbar,T+20684mdegC
1593833052:[PRESS ,0038]P  +1288mbar,T-17299mdegC
1593833053:[PRESS ,0038]P  +1268mbar,T+10253mdegC
1593833055:[PRESS ,0038]P  +1268mbar,T+20684mdegC
1593833057:[PRESS ,0038]P  +1248mbar,T+10253mdegC
1593833065:[PUMP  ,0207]battery 15188mV,   19154uA (warmup), P  +1248mbar
1593833065:[PUMP  ,0016]pump during 60000ms
1593833124:[PUMP  ,0212]battery 14982mV,  329766uA (steady state), P  +1248mbar
1593833182:[PRESS ,0038]P   +518mbar,T  -183mdegC
1593833184:[PRESS ,0038]P   +508mbar,T+10253mdegC
1593833191:[PRESS ,0038]P   +448mbar,T+10253mdegC
1593833193:[PRESS ,0038]P   +438mbar,T-17299mdegC
1593833196:[PRESS ,0038]P   +408mbar,T+10253mdegC
1593833200:[PRESS ,0038]P   +388mbar,T-17299mdegC
1593833203:[PRESS ,0038]P   +368mbar,T+10253mdegC
1593833207:[PRESS ,0038]P   +338mbar,T-17299mdegC
1593833210:[SURFIN,0020]filling external bladder
1593833219:[PUMP  ,0207]battery 15178mV,   19154uA (warmup), P   +308mbar
1593833219:[PUMP  ,0016]pump during 300000ms
1593833517:[PUMP  ,0212]battery 14662mV, 1103368uA (steady state), P   +308mbar
1593833528:[PUMP  ,0207]battery 14688mV,   19154uA (warmup), P   +308mbar
1593833528:[PUMP  ,0016]pump during 300000ms
1593833650:[PUMP  ,0212]battery 14331mV, 1022116uA (steady state), P   +308mbar
1593833652:[SURFIN,0019]external bladder full
1593833654:[PRESS ,0038]P   +110mbar,T+27364mdegC
1593833656:[PRESS ,0038]P   +100mbar,T-27733mdegC
1593833659:[PRESS ,0038]P   +110mbar,T  -183mdegC
1593833661:[PRESS ,0038]P   +100mbar,T-27733mdegC
1593833663:[PRESS ,0038]P   +110mbar,T  -183mdegC
1593833665:[PRESS ,0038]P   +120mbar,T-27733mdegC
1593833667:[PRESS ,0038]P   +110mbar,T  -183mdegC
1593833672:[PRESS ,0038]P   +110mbar,T-27733mdegC
1593833674:[PRESS ,0038]P   +110mbar,T+10253mdegC
1593833676:[PRESS ,0038]P   +120mbar,T  -183mdegC
1593833679:[PRESS ,0038]P   +110mbar,T-27733mdegC
1593833714:[MAIN  ,0272]Vbat 14911mV (min 14855mV)
1593833716:[MAIN  ,0024]internal pressure 79280Pa
1593833716:[MAIN  ,0043]Pext 112mbar (rng 20mbar)
1593833716:[MAIN  ,0064]surface
1593833727:[SURF  ,0022]GPS fix...
1593833747:[SURF  ,0015]10 PPS detected...
1593833748:[MRMAID,0052]Mermaid $GPSACK:+0,+0,+0,+0,+0,+0,-549;
1593833758:[MRMAID,0052]Mermaid $GPSOFF:3686331;
1593833759:[GPSFIX,0179]+0s diff
1593833759:[SURF  ,0222]2020-07-04T03:35:59
1593833759:[SURF  ,0082]Latitude : N43deg40.937mn, Longitude :E007deg19.181mn
1593833759:[SURF  ,0223]fix3D,9satellites
1593833759:[SURF  ,0084]GPS fix GPGSA : hdop0.700,vdop1.200
1593833769:[SURF  ,0274]last almanac : 60288
1593833845:[MRMAID,0026]26108 bytes in 0060/5EFFF92E.MER
1593833851:[MAIN  ,0320]New pressure offset: 112mbar
1593833851:[LOGBIN,0078]*** switching to 0060/5EFFF97B ***
