1593591153:[MONITR,0197]reboot code 0x0000, src/monitor.c@520
1593591153:[MAIN  ,0007]buoy 452.020-P-0060
1593591153:[MAIN  ,0055]soft pilotage 452.012.300_V2.20-20200612
1593591153:[MAIN  ,0011]date 2020-07-01T08:12:33
1593591159:[MAIN  ,0006]battery 14861mV,   10858uA
1593591162:[MAIN  ,0024]internal pressure 100700Pa
1593591163:[PRESS ,0038]P  -5460mbar,T+12820mdegC
1593591163:[MRMAID,0182]thread started
1593591164:[MRMAID,0186]no wake-up
1593591165:[MRMAID,0188]acq already stopped
1593591166:[MRMAID,0052]Mermaid $BOARD:452116600-60;
1593591167:[MRMAID,0052]Mermaid $SOFT:2.1344;
1593591167:[TESTMD,0053]Enter in test mode? yes/no
1593591167:[TESTMD,0252]0060>
1593591169:[TESTMD,0050]"yes"
1593591169:[TESTMD,0249]
Command list
pext    : Get external pressure
pint    : Get internal vacuum
ui      : Get voltage/current
act     : Test actuators
fillb   : Pump until filling the bladder
bpopen  : Open bypass
bpclose : Close bypass
date    : Get date
gps     : GPS synchronization
iridium : Iridium transfer
mstart  : Start mermaid acq
mstop   : Stop mermaid acq
mdata   : Get mermaid datas
mchecksd  : Start mermaid acq
mdump  : Send data REQUEST command with date and duration
s41dumpa : Get averaged CTD datas
s41dumpr : Get raw CTD datas
ls      : List files
cp      : Copy file or directory content on the desktop
rm      : Remove a file
h       : Print command list
q       : Quit

Advanced
pumps X : pompe Xs (lent)
pumpf X : pompe Xs (rapide)
evh     : ouvre l'electrovalve 30s
bypass  : ouvre le bypass 30s
dvmine  : deverminage de la carte
nominal : mode nominal pour mesure de conso
cychydr : test du circuit hydraulique
mkdir   : creer un repertoire
mv      : deplacer un fichier
ps      : liste les processus

Set params
stage   : Stage settings
buoy    : Buoy settings
p2t     : Pressure sensor settings
log     : Verb cfg
mermaid : Mermaid cfg
upload  : On/Off Irid transfer
sys  : system param settings


1593591169:[TESTMD,0252]0060>
1593591176:[TESTMD,0050]"gps"
1593591184:[SURF  ,0022]GPS fix...
1593591185:<WARN>[GPSFIX,0123]GPRMC ms=300 #1
1593591239:<WARN>[GPSFIX,0123]GPRMC ms=10 #1
1593591269:<WARN>[GPSFIX,0123]GPRMC ms=500 #1
1593591289:[SURF  ,0015]10 PPS detected...
1593591291:[MRMAID,0052]Mermaid $GPSACK:+50,+6,+0,+8,+10,+18,-201843;
1593591300:[MRMAID,0052]Mermaid $GPSOFF:3686313;
1593591302:[GPSFIX,0179]-1s diff
1593591303:[SURF  ,0222]2020-07-01T08:15:03
1593591303:[SURF  ,0082]Latitude : N43deg06.487mn, Longitude :E006deg02.276mn
1593591303:[SURF  ,0223]fix3D,9satellites
1593591303:[SURF  ,0084]GPS fix GPGSA : hdop0.760,vdop1.070
1593591318:[TESTMD,0252]0060>
1593591331:[TESTMD,0050]"gps"
1593591343:[SURF  ,0022]GPS fix...
1593591363:[SURF  ,0015]10 PPS detected...
1593591364:[MRMAID,0052]Mermaid $GPSACK:+0,+0,+0,+0,+0,+0,-30;
1593591374:[MRMAID,0052]Mermaid $GPSOFF:3686313;
1593591376:[GPSFIX,0179]+0s diff
1593591376:[SURF  ,0222]2020-07-01T08:16:16
1593591376:[SURF  ,0082]Latitude : N43deg06.487mn, Longitude :E006deg02.275mn
1593591376:[SURF  ,0223]fix3D,9satellites
1593591376:[SURF  ,0084]GPS fix GPGSA : hdop0.760,vdop1.060
1593591391:[TESTMD,0252]0060>
1593591890:[TESTMD,0050]"iridium"
1593591901:[SURF  ,0025]Iridium...
1593591966:[SURF  ,0009]connected in 65s, signal quality 4
1593591989:[SURF  ,0218]prompt received, remote cmd end
1593591989:[SURF  ,0012]2 cmd(s) received
1593592007:[UPLOAD,0248]Upload data files...
1593592047:<ERR>[UPLOAD,0131]opening upload
1593592047:<ERR>[UPLOAD,0132]opening upload "0060"
1593592067:[SURF  ,0014]disconnected after 166s
1593592072:[TESTMD,0252]0060>
1593592237:[TESTMD,0050]"iridium"
1593592248:[SURF  ,0025]Iridium...
1593592299:[SURF  ,0009]connected in 51s, signal quality 4
1593592390:[SURF  ,0218]prompt received, remote cmd end
1593592390:[SURF  ,0012]24 cmd(s) received
1593592410:[UPLOAD,0248]Upload data files...
1593592450:[UPLOAD,0231]"0060/5EEB676C.BIN" uploaded at 115bytes/s
1593592466:[MAIN  ,0013]1 file(s) uploaded
1593592493:[SURF  ,0014]disconnected after 245s
1593592498:[TESTMD,0252]0060>
1593592522:[TESTMD,0049]end char '' not detected
1593592522:[TESTMD,0049]end char '' not detected
1593592522:[TESTMD,0008]command not supported
1593592522:[TESTMD,0252]0060>
1593592533:[TESTMD,0050]"help"
1593592533:[TESTMD,0249]
Command list
pext    : Get external pressure
pint    : Get internal vacuum
ui      : Get voltage/current
act     : Test actuators
fillb   : Pump until filling the bladder
bpopen  : Open bypass
bpclose : Close bypass
date    : Get date
gps     : GPS synchronization
iridium : Iridium transfer
mstart  : Start mermaid acq
mstop   : Stop mermaid acq
mdata   : Get mermaid datas
mchecksd  : Start mermaid acq
mdump  : Send data REQUEST command with date and duration
s41dumpa : Get averaged CTD datas
s41dumpr : Get raw CTD datas
ls      : List files
cp      : Copy file or directory content on the desktop
rm      : Remove a file
h       : Print command list
q       : Quit

Advanced
pumps X : pompe Xs (lent)
pumpf X : pompe Xs (rapide)
evh     : ouvre l'electrovalve 30s
bypass  : ouvre le bypass 30s
dvmine  : deverminage de la carte
nominal : mode nominal pour mesure de conso
cychydr : test du circuit hydraulique
mkdir   : creer un repertoire
mv      : deplacer un fichier
ps      : liste les processus

Set params
stage   : Stage settings
buoy    : Buoy settings
p2t     : Pressure sensor settings
log     : Verb cfg
mermaid : Mermaid cfg
upload  : On/Off Irid transfer
sys  : system param settings


1593592533:[TESTMD,0252]0060>
1593592557:[TESTMD,0049]end char '' not detected
1593592557:[TESTMD,0049]end char '' not detected
1593592557:[TESTMD,0008]command not supported
1593592557:[TESTMD,0252]0060>
1593592568:[TESTMD,0050]"mermaidSOFT"
1593592569:[TESTMD,0252]0060>
1593592577:[TESTMD,0049]end char '' not detected
1593592578:[TESTMD,0049]end char '' not detected
1593592578:[TESTMD,0008]command not supported
1593592578:[TESTMD,0252]0060>
1593592586:[TESTMD,0050]"mermaidSTALTAFLT:B0=24/1195"
1593592586:[TESTMD,0252]0060>
1593592605:[TESTMD,0050]"mermaidSTALTAFLT:B1=77/19717"
1593592605:[TESTMD,0252]0060>
1593592637:[TESTMD,0050]"mermaidSTALTAFLT:B0=24/1195,B1=77/1917"
1593592638:[TESTMD,0252]0060>
1593592650:[TESTMD,0050]"mermaidSTALTAFLT:B0=24/1195,B1=77/1917,B2=24/1195"
1593592650:[TESTMD,0252]0060>
1593592664:[TESTMD,0050]"mermaidSTALTAFLT:B0=24/1195,B1=77/1917,B2=24/1195,A0=1/1"
1593592664:[TESTMD,0252]0060>
1593592681:[TESTMD,0049]end char '' not detected
1593592681:[TESTMD,0049]end char '' not detected
1593592681:[TESTMD,0008]command not supported
1593592681:[TESTMD,0252]0060>
1593592804:[TESTMD,0050]"mermaidSTALTAFLT:B0=24/1195,B1=77/1917,B2=24/1195,A0=1/1"
1593592805:[TESTMD,0252]0060>
1593592838:[TESTMD,0050]"mermaidSTALTAFLT:A1=-1778/1139"
1593592839:[TESTMD,0252]0060>
