1591967015:[MAIN  ,0007]buoy 452.020-P-0060
1591967015:[MAIN  ,0055]soft pilotage 452.012.300_V2.18M-20200612
1591967015:[MAIN  ,0010]cycle 2
1591967015:[SURF  ,0225]surface2
1591967028:[SURF  ,0022]GPS fix...
1591967048:[SURF  ,0015]10 PPS detected...
1591967049:[MRMAID,0052]Mermaid $GPSACK:+0,+0,+0,+0,+0,+0,-30;
1591967059:[MRMAID,0052]Mermaid $GPSOFF:3686314;
1591967060:[GPSFIX,0179]-1s diff
1591967061:[SURF  ,0222]2020-06-12T13:04:21
1591967061:[SURF  ,0082]Latitude : N43deg06.486mn, Longitude :E006deg02.276mn
1591967061:[SURF  ,0223]fix3D,9satellites
1591967061:[SURF  ,0084]GPS fix GPGSA : hdop0.650,vdop1.000
1591967071:[SURF  ,0025]Iridium...
1591967079:[SBE41 ,0339]newoffset=-0.05db received after -57s
1591967106:[SURF  ,0009]connected in 35s, signal quality 5
1591967179:[SURF  ,0218]prompt received, remote cmd end
1591967179:[SURF  ,0012]16 cmd(s) received
1591967200:[UPLOAD,0248]Upload data files...
1591967215:[UPLOAD,0231]"0060/5EE37826.S41" uploaded at 111bytes/s
1591967229:[UPLOAD,0231]"0060/5EE37D19.MER" uploaded at 130bytes/s
1591967353:[UPLOAD,0231]"0060/5EE36BAC.BIN" uploaded at 139bytes/s
1591967369:[MAIN  ,0013]3 file(s) uploaded
1591967402:[SURF  ,0014]disconnected after 331s
1591967407:[SURFIN,0020]filling external bladder
1591967410:[SURFIN,0019]external bladder full
1591967410:[SURF  ,0227]1st complete transfer
1591967649:[SURF  ,0022]GPS fix...
1591967669:[SURF  ,0015]10 PPS detected...
1591967670:[MRMAID,0052]Mermaid $GPSACK:+0,+0,+0,+0,+0,+1,-999938;
1591967680:[MRMAID,0052]Mermaid $GPSOFF:3686313;
1591967681:[GPSFIX,0179]+0s diff
1591967681:[SURF  ,0222]2020-06-12T13:14:41
1591967681:[SURF  ,0082]Latitude : N43deg06.487mn, Longitude :E006deg02.276mn
1591967681:[SURF  ,0223]fix3D,9satellites
1591967681:[SURF  ,0084]GPS fix GPGSA : hdop0.800,vdop1.330
1591967691:[SURF  ,0025]Iridium...
1591967731:[SURF  ,0009]connected in 40s, signal quality 4
1591967797:[SURF  ,0218]prompt received, remote cmd end
1591967797:[SURF  ,0012]16 cmd(s) received
1591967833:[SURF  ,0014]disconnected after 142s
1591967838:[SURFIN,0020]filling external bladder
1591967841:[SURFIN,0019]external bladder full
1591967841:[SURF  ,0226]Go dive (Minimum surface delay expired and no more file to upload)
1591967856:[SURF  ,0022]GPS fix...
1591967877:[SURF  ,0015]10 PPS detected...
1591967877:<WARN>[GPSFIX,0121]GPRMC #1
1591967878:[MRMAID,0052]Mermaid $GPSACK:+0,+0,+0,+0,+0,+0,-30;
1591967888:[MRMAID,0052]Mermaid $GPSOFF:3686313;
1591967889:[GPSFIX,0179]-1s diff
1591967890:[SURF  ,0222]2020-06-12T13:18:10
1591967890:[SURF  ,0082]Latitude : N43deg06.487mn, Longitude :E006deg02.276mn
1591967890:[SURF  ,0223]fix3D,9satellites
1591967890:[SURF  ,0084]GPS fix GPGSA : hdop0.800,vdop1.350
1591967907:[MAIN  ,0024]internal pressure 100403Pa
1591967908:[BYCMD ,0107]    FreeRTOS V8.2.3
1591967908:[BYCMD ,0108]    FatFS v11a
1591967908:[BYCMD ,0120]    bypass 10000ms 60000ms (20000ms 60000ms stored)
1591967908:[BYCMD ,0121]    valve 60000ms 12750 (60000ms 12750 stored)
1591967908:[BYCMD ,0122]    pump 60000ms 30% 10750 80% (60000ms 30% 10750 80% stored)
1591967908:[BYCMD ,0123]    rate 2mbar/s (2mbar/s stored)
1591967908:[BYCMD ,0124]    surface 500mbar (500mbar stored)
1591967908:[BYCMD ,0125]    near 1500mbar 3mbar/s (15000mbar 3mbar/s stored)
1591967908:[BYCMD ,0126]    far 2500mbar 4mbar/s (25000mbar 4mbar/s stored)
1591967908:[BYCMD ,0127]    ascent 8mbar/s (8mbar/s stored)
1591967908:[BYCMD ,0128]    dead 60s (300s stored)
1591967908:[BYCMD ,0129]    coeff 16/10 (16/10 stored)
1591967908:[BYCMD ,0130]    stab 10 (10 stored)
1591967908:[BYCMD ,0131]    delay 900s 3600s (900s 3600s stored)
1591967908:[BYCMD ,0132]    mmtime 2880min (2880min stored)
1591967908:[BYCMD ,0133]    dv_landing 100ml (100ml stored)
1591967908:[MKDCMD,0150]    p2t37: 15x2000ms, offset 70mbar
1591967909:[P2TCMD,0151]    p2t37: dp -1mbar, dt 5000mdegC
1591967909:[STAGE ,0080]Stage [0] 8000mbar (+/-500mbar) 1980s (<1980s) 
1591967909:[STAGE ,0091]Stage [1] surfacing 3600s (<5580s) SBE41
1591967909:[SBE41 ,0282]SBE41 parameters : 
      dsreplyformat=1 (webb(0)/standard(1))
      addtimingdelays=0 (n(0)/y(1))
      outputdensity=0 (n(0)/y(1))
      echocmd=0 (n(0)/y(1))
      outputrt=0 (n(0)/y(1))
      outputpts=0 (n(0)/y(1))
      outputsn=0 (n(0)/y(1))
      outputpressure=1 (n(0)/y(1))
      pcutoff=2dbar
      tswait=0s
      pumpfastpt=1 (n(0)/y(1))
      samplerate=1 ('fast':1Hz(1)/'slow':0.5Hz(0))
      top_bin_interval=10dbar
      top_bin_size=10dbar
      top_bin_max=100dbar
      middle_bin_interval=50dbar
      middle_bin_size=50dbar
      middle_bin_max=1000dbar
      bottom_bin_interval=100dbar
      bottom_bin_size=100dbar
      includetransitionbin=0
      includenbin=0 (n(0)/y(1))
      autobinavg=0 (n(0)/y(1))
1591967909:[SBE41 ,0283]SBE41 pilot policy : 
      continiousprofile=0 (n(0)/y(1)
      speeddetection=1 (n(0)/y(1)
      hexoutput=1 (n(0)/y(1)
      binaverageoutput=0 (n(0)/y(1)
      manualprofilerate=10s
      runningpumpbeforeprofile=15s
      speedstart=2mbar/s
      speedcontrol=9mbar/s
1591967911:[PRESS ,0038]P     +0mbar,T+10000mdegC
1591967913:[PRESS ,0038]P     +0mbar,T+10000mdegC
1591967915:[PRESS ,0038]P     +0mbar,T+10000mdegC
1591967918:[PRESS ,0038]P     +0mbar,T+10000mdegC
1591967920:[PRESS ,0038]P     +0mbar,T+10000mdegC
1591967922:[PRESS ,0038]P     +0mbar,T+10000mdegC
1591967924:[PRESS ,0038]P     +0mbar,T+10000mdegC
1591967927:[PRESS ,0038]P     +0mbar,T+10000mdegC
1591967929:[PRESS ,0038]P     +0mbar,T+10000mdegC
1591967931:[PRESS ,0038]P     +0mbar,T+10000mdegC
1591967933:[PRESS ,0038]P     +0mbar,T+10000mdegC
1591967936:[PRESS ,0038]P     +0mbar,T+10000mdegC
1591967938:[PRESS ,0038]P     +0mbar,T+10000mdegC
1591967940:[PRESS ,0038]P     +0mbar,T+10000mdegC
1591967942:[PRESS ,0038]P     +0mbar,T+10000mdegC
1591967942:[DIVING,0141]diving from 0mbar, +0mbar/s
1591967942:[BYPASS,0035]bypass opening 60000ms
1591967947:[BYPASS,0104]battery 14858mV,    8906uA (bypass opening), P     +0mbar
1591968012:[BYPASS,0106]battery 14858mV,    8662uA (bypass closing), P     +0mbar
1591968015:[PRESS ,0038]P     +0mbar,T+10000mdegC
1591968017:[PRESS ,0038]P     +0mbar,T+10000mdegC
1591968019:[PRESS ,0038]P     +0mbar,T+10000mdegC
1591968021:[PRESS ,0038]P     +0mbar,T+10000mdegC
1591968024:[PRESS ,0038]P     +0mbar,T+10000mdegC
1591968026:[PRESS ,0038]P     +0mbar,T+10000mdegC
1591968028:[PRESS ,0038]P     +0mbar,T+10000mdegC
1591968030:[PRESS ,0038]P     +0mbar,T+10000mdegC
1591968033:[PRESS ,0038]P     +0mbar,T+10000mdegC
1591968035:[PRESS ,0038]P     +0mbar,T+10000mdegC
1591968037:[PRESS ,0038]P     +0mbar,T+10000mdegC
1591968039:[PRESS ,0038]P     +0mbar,T+10000mdegC
1591968042:[PRESS ,0038]P     +0mbar,T+10000mdegC
1591968044:[PRESS ,0038]P     +0mbar,T+10000mdegC
1591968046:[PRESS ,0038]P     +0mbar,T+10000mdegC
1591968046:[BYPASS,0035]bypass opening 10000ms
1591968051:[BYPASS,0104]battery 14858mV,    9272uA (bypass opening), P     +0mbar
1591968066:[BYPASS,0106]battery 14858mV,    8418uA (bypass closing), P     +0mbar
1591968069:[PRESS ,0038]P     +0mbar,T+10000mdegC
1591968071:[PRESS ,0038]P     +0mbar,T+10000mdegC
1591968073:[PRESS ,0038]P     +0mbar,T+10000mdegC
1591968075:[PRESS ,0038]P     +0mbar,T+10000mdegC
1591968077:[PRESS ,0038]P     +0mbar,T+10000mdegC
1591968080:[PRESS ,0038]P     +0mbar,T+10000mdegC
1591968082:[PRESS ,0038]P     +0mbar,T+10000mdegC
1591968084:[PRESS ,0038]P     +0mbar,T+10000mdegC
1591968086:[PRESS ,0038]P     +0mbar,T+10000mdegC
1591968089:[PRESS ,0038]P     +0mbar,T+10000mdegC
1591968091:[PRESS ,0038]P     +0mbar,T+10000mdegC
1591968093:[PRESS ,0038]P     +0mbar,T+10000mdegC
1591968095:[PRESS ,0038]P     +0mbar,T+10000mdegC
1591968098:[PRESS ,0038]P     +0mbar,T+10000mdegC
1591968100:[PRESS ,0038]P     +0mbar,T+10000mdegC
1591968100:[BYPASS,0035]bypass opening 10000ms
1591968105:[BYPASS,0104]battery 14858mV,    9028uA (bypass opening), P     +0mbar
1591968120:[BYPASS,0106]battery 14858mV,    8540uA (bypass closing), P     +0mbar
1591968122:[PRESS ,0038]P   +130mbar,T+10000mdegC
1591968125:[PRESS ,0038]P   +140mbar,T+10000mdegC
1591968127:[PRESS ,0038]P   +160mbar,T+10000mdegC
1591968129:[PRESS ,0038]P   +180mbar,T+10000mdegC
1591968131:[PRESS ,0038]P   +190mbar,T+10000mdegC
1591968134:[PRESS ,0038]P   +210mbar,T+10000mdegC
1591968136:[PRESS ,0038]P   +220mbar,T+10000mdegC
1591968138:[PRESS ,0038]P   +240mbar,T+10000mdegC
1591968140:[PRESS ,0038]P   +260mbar,T+10000mdegC
1591968143:[PRESS ,0038]P   +270mbar,T+10000mdegC
1591968145:[PRESS ,0038]P   +290mbar,T+10000mdegC
1591968147:[PRESS ,0038]P   +300mbar,T+10000mdegC
1591968149:[PRESS ,0038]P   +320mbar,T+10000mdegC
1591968152:[PRESS ,0038]P   +340mbar,T+10000mdegC
1591968154:[PRESS ,0038]P   +350mbar,T+10000mdegC
1591968157:[PRESS ,0038]P   +380mbar,T+10000mdegC
1591968160:[PRESS ,0038]P   +400mbar,T+10000mdegC
1591968164:[PRESS ,0038]P   +420mbar,T+10000mdegC
1591968167:[PRESS ,0038]P   +450mbar,T+10000mdegC
1591968170:[PRESS ,0038]P   +470mbar,T+10000mdegC
1591968173:[PRESS ,0038]P   +500mbar,T+10000mdegC
1591968176:[PRESS ,0038]P   +510mbar,T+10000mdegC
1591968176:[DIVING,0028]510mbar reached (+7mbar/s), 3 bypass done
1591968176:[MAIN  ,0056]stage[0]
1591968178:[MAIN  ,0024]internal pressure 100414Pa
1591968180:[PRESS ,0038]P   +540mbar,T+10000mdegC
1591968180:[BUOY  ,0037]P   +540mbar
1591968180:[STAGE ,0080]Stage [0] 8000mbar (+/-500mbar) 1980s (<1591970156s) 
1591968182:[PRESS ,0038]P   +560mbar,T+10000mdegC
1591968243:[PRESS ,0038]P  +1050mbar,T+10000mdegC
1591968245:[PRESS ,0038]P  +1060mbar,T+10000mdegC
1591968248:[PRESS ,0038]P  +1080mbar,T+10000mdegC
1591968250:[PRESS ,0038]P  +1100mbar,T+10000mdegC
1591968252:[PRESS ,0038]P  +1110mbar,T+10000mdegC
1591968254:[PRESS ,0038]P  +1130mbar,T+10000mdegC
1591968257:[PRESS ,0038]P  +1140mbar,T+10000mdegC
1591968259:[PRESS ,0038]P  +1160mbar,T+10000mdegC
1591968261:[PRESS ,0038]P  +1180mbar,T+10000mdegC
1591968263:[PRESS ,0038]P  +1190mbar,T+10000mdegC
1591968266:[PRESS ,0038]P  +1210mbar,T+10000mdegC
1591968268:[PRESS ,0038]P  +1220mbar,T+10000mdegC
1591968270:[PRESS ,0038]P  +1240mbar,T+10000mdegC
1591968272:[PRESS ,0038]P  +1260mbar,T+10000mdegC
1591968275:[PRESS ,0038]P  +1270mbar,T+10000mdegC
1591968336:[PRESS ,0038]P  +1760mbar,T+10000mdegC
1591968338:[PRESS ,0038]P  +1780mbar,T+10000mdegC
1591968340:[PRESS ,0038]P  +1790mbar,T+10000mdegC
1591968342:[PRESS ,0038]P  +1810mbar,T+10000mdegC
1591968345:[PRESS ,0038]P  +1820mbar,T+10000mdegC
1591968347:[PRESS ,0038]P  +1840mbar,T+10000mdegC
1591968349:[PRESS ,0038]P  +1860mbar,T+10000mdegC
1591968351:[PRESS ,0038]P  +1870mbar,T+10000mdegC
1591968354:[PRESS ,0038]P  +1890mbar,T+10000mdegC
1591968356:[PRESS ,0038]P  +1900mbar,T+10000mdegC
1591968358:[PRESS ,0038]P  +1920mbar,T+10000mdegC
1591968360:[PRESS ,0038]P  +1940mbar,T+10000mdegC
1591968363:[PRESS ,0038]P  +1950mbar,T+10000mdegC
1591968365:[PRESS ,0038]P  +1970mbar,T+10000mdegC
1591968367:[PRESS ,0038]P  +1980mbar,T+10000mdegC
1591968428:[PRESS ,0038]P  +2470mbar,T+10000mdegC
1591968430:[PRESS ,0038]P  +2490mbar,T+10000mdegC
1591968433:[PRESS ,0038]P  +2500mbar,T+10000mdegC
1591968435:[PRESS ,0038]P  +2520mbar,T+10000mdegC
1591968437:[PRESS ,0038]P  +2540mbar,T+10000mdegC
1591968439:[PRESS ,0038]P  +2550mbar,T+10000mdegC
1591968442:[PRESS ,0038]P  +2570mbar,T+10000mdegC
1591968444:[PRESS ,0038]P  +2580mbar,T+10000mdegC
1591968446:[PRESS ,0038]P  +2600mbar,T+10000mdegC
1591968448:[PRESS ,0038]P  +2620mbar,T+10000mdegC
1591968451:[PRESS ,0038]P  +2630mbar,T+10000mdegC
1591968453:[PRESS ,0038]P  +2650mbar,T+10000mdegC
1591968455:[PRESS ,0038]P  +2660mbar,T+10000mdegC
1591968457:[PRESS ,0038]P  +2680mbar,T+10000mdegC
1591968460:[PRESS ,0038]P  +2700mbar,T+10000mdegC
1591968521:[PRESS ,0038]P  +3180mbar,T+10000mdegC
1591968523:[PRESS ,0038]P  +3200mbar,T+10000mdegC
1591968525:[PRESS ,0038]P  +3210mbar,T+10000mdegC
1591968528:[PRESS ,0038]P  +3230mbar,T+10000mdegC
1591968530:[PRESS ,0038]P  +3240mbar,T+10000mdegC
1591968532:[PRESS ,0038]P  +3260mbar,T+10000mdegC
1591968534:[PRESS ,0038]P  +3280mbar,T+10000mdegC
1591968537:[PRESS ,0038]P  +3290mbar,T+10000mdegC
1591968539:[PRESS ,0038]P  +3310mbar,T+10000mdegC
1591968541:[PRESS ,0038]P  +3320mbar,T+10000mdegC
1591968543:[PRESS ,0038]P  +3340mbar,T+10000mdegC
1591968546:[PRESS ,0038]P  +3350mbar,T+10000mdegC
1591968548:[PRESS ,0038]P  +3370mbar,T+10000mdegC
1591968550:[PRESS ,0038]P  +3390mbar,T+10000mdegC
1591968552:[PRESS ,0038]P  +3400mbar,T+10000mdegC
1591968613:[PRESS ,0038]P  +3880mbar,T+10000mdegC
1591968616:[PRESS ,0038]P  +3900mbar,T+10000mdegC
1591968618:[PRESS ,0038]P  +3920mbar,T+10000mdegC
1591968620:[PRESS ,0038]P  +3930mbar,T+10000mdegC
1591968622:[PRESS ,0038]P  +3950mbar,T+10000mdegC
1591968625:[PRESS ,0038]P  +3960mbar,T+10000mdegC
1591968627:[PRESS ,0038]P  +3980mbar,T+10000mdegC
1591968629:[PRESS ,0038]P  +3990mbar,T+10000mdegC
1591968631:[PRESS ,0038]P  +4010mbar,T+10000mdegC
1591968634:[PRESS ,0038]P  +4030mbar,T+10000mdegC
1591968636:[PRESS ,0038]P  +4040mbar,T+10000mdegC
1591968638:[PRESS ,0038]P  +4060mbar,T+10000mdegC
1591968640:[PRESS ,0038]P  +4070mbar,T+10000mdegC
1591968643:[PRESS ,0038]P  +4090mbar,T+10000mdegC
1591968645:[PRESS ,0038]P  +4110mbar,T+10000mdegC
1591968706:[PRESS ,0038]P  +4590mbar,T+10000mdegC
1591968708:[PRESS ,0038]P  +4600mbar,T+10000mdegC
1591968711:[PRESS ,0038]P  +4620mbar,T+10000mdegC
1591968713:[PRESS ,0038]P  +4630mbar,T+10000mdegC
1591968715:[PRESS ,0038]P  +4650mbar,T+10000mdegC
1591968717:[PRESS ,0038]P  +4670mbar,T+10000mdegC
1591968719:[PRESS ,0038]P  +4680mbar,T+10000mdegC
1591968722:[PRESS ,0038]P  +4700mbar,T+10000mdegC
1591968724:[PRESS ,0038]P  +4710mbar,T+10000mdegC
1591968726:[PRESS ,0038]P  +4730mbar,T+10000mdegC
1591968728:[PRESS ,0038]P  +4740mbar,T+10000mdegC
1591968731:[PRESS ,0038]P  +4760mbar,T+10000mdegC
1591968733:[PRESS ,0038]P  +4780mbar,T+10000mdegC
1591968735:[PRESS ,0038]P  +4790mbar,T+10000mdegC
1591968737:[PRESS ,0038]P  +4810mbar,T+10000mdegC
1591968799:[PRESS ,0038]P  +5290mbar,T+10000mdegC
1591968801:[PRESS ,0038]P  +5310mbar,T+10000mdegC
1591968803:[PRESS ,0038]P  +5320mbar,T+10000mdegC
1591968805:[PRESS ,0038]P  +5340mbar,T+10000mdegC
1591968808:[PRESS ,0038]P  +5350mbar,T+10000mdegC
1591968810:[PRESS ,0038]P  +5370mbar,T+10000mdegC
1591968812:[PRESS ,0038]P  +5380mbar,T+10000mdegC
1591968814:[PRESS ,0038]P  +5400mbar,T+10000mdegC
1591968817:[PRESS ,0038]P  +5420mbar,T+10000mdegC
1591968819:[PRESS ,0038]P  +5430mbar,T+10000mdegC
1591968821:[PRESS ,0038]P  +5450mbar,T+10000mdegC
1591968823:[PRESS ,0038]P  +5460mbar,T+10000mdegC
1591968826:[PRESS ,0038]P  +5480mbar,T+10000mdegC
1591968828:[PRESS ,0038]P  +5500mbar,T+10000mdegC
1591968830:[PRESS ,0038]P  +5510mbar,T+10000mdegC
1591968830:[BUOY  ,0087]from +7mbar/s to +3mbar/s
1591968830:[BUOY  ,0089]need to transfer +64mL (pump during 80100ms)
1591968838:[PUMP  ,0207]battery 14858mV,    9394uA (warmup), P  +5510mbar
1591968838:[PUMP  ,0016]pump during 60000ms
1591968897:[PUMP  ,0212]battery 14858mV,    9394uA (steady state), P  +5510mbar
1591968903:[PRESS ,0038]P  +5970mbar,T+10000mdegC
1591968905:[PRESS ,0038]P  +5980mbar,T+10000mdegC
1591968907:[PRESS ,0038]P  +5990mbar,T+10000mdegC
1591968909:[PRESS ,0038]P  +6000mbar,T+10000mdegC
1591968911:[PRESS ,0038]P  +6010mbar,T+10000mdegC
1591968914:[PRESS ,0038]P  +6020mbar,T+10000mdegC
1591968916:[PRESS ,0038]P  +6030mbar,T+10000mdegC
1591968918:[PRESS ,0038]P  +6040mbar,T+10000mdegC
1591968920:[PRESS ,0038]P  +6050mbar,T+10000mdegC
1591968923:[PRESS ,0038]P  +6050mbar,T+10000mdegC
1591968925:[PRESS ,0038]P  +6060mbar,T+10000mdegC
1591968927:[PRESS ,0038]P  +6070mbar,T+10000mdegC
1591968929:[PRESS ,0038]P  +6080mbar,T+10000mdegC
1591968932:[PRESS ,0038]P  +6090mbar,T+10000mdegC
1591968934:[PRESS ,0038]P  +6100mbar,T+10000mdegC
1591968995:[PRESS ,0038]P  +6400mbar,T+10000mdegC
1591968997:[PRESS ,0038]P  +6410mbar,T+10000mdegC
1591969000:[PRESS ,0038]P  +6410mbar,T+10000mdegC
1591969002:[PRESS ,0038]P  +6420mbar,T+10000mdegC
1591969004:[PRESS ,0038]P  +6430mbar,T+10000mdegC
1591969006:[PRESS ,0038]P  +6440mbar,T+10000mdegC
1591969009:[PRESS ,0038]P  +6450mbar,T+10000mdegC
1591969011:[PRESS ,0038]P  +6460mbar,T+10000mdegC
1591969013:[PRESS ,0038]P  +6470mbar,T+10000mdegC
1591969015:[PRESS ,0038]P  +6480mbar,T+10000mdegC
1591969018:[PRESS ,0038]P  +6490mbar,T+10000mdegC
1591969020:[PRESS ,0038]P  +6500mbar,T+10000mdegC
1591969022:[PRESS ,0038]P  +6510mbar,T+10000mdegC
1591969024:[PRESS ,0038]P  +6520mbar,T+10000mdegC
1591969027:[PRESS ,0038]P  +6530mbar,T+10000mdegC
1591969027:[BUOY  ,0087]from +4mbar/s to +2mbar/s
1591969027:[BUOY  ,0089]need to transfer +20mL (pump during 25045ms)
1591969035:[PUMP  ,0207]battery 14858mV,    9516uA (warmup), P  +6530mbar
1591969035:[PUMP  ,0016]pump during 25045ms
1591969060:[PUMP  ,0212]battery 14858mV,    9028uA (steady state), P  +6530mbar
1591969091:[PRESS ,0038]P  +6750mbar,T+10000mdegC
1591969093:[PRESS ,0038]P  +6750mbar,T+10000mdegC
1591969096:[PRESS ,0038]P  +6760mbar,T+10000mdegC
1591969098:[PRESS ,0038]P  +6760mbar,T+10000mdegC
1591969100:[PRESS ,0038]P  +6770mbar,T+10000mdegC
1591969102:[PRESS ,0038]P  +6780mbar,T+10000mdegC
1591969105:[PRESS ,0038]P  +6780mbar,T+10000mdegC
1591969107:[PRESS ,0038]P  +6790mbar,T+10000mdegC
1591969109:[PRESS ,0038]P  +6790mbar,T+10000mdegC
1591969111:[PRESS ,0038]P  +6800mbar,T+10000mdegC
1591969114:[PRESS ,0038]P  +6800mbar,T+10000mdegC
1591969116:[PRESS ,0038]P  +6810mbar,T+10000mdegC
1591969118:[PRESS ,0038]P  +6820mbar,T+10000mdegC
1591969120:[PRESS ,0038]P  +6820mbar,T+10000mdegC
1591969123:[PRESS ,0038]P  +6830mbar,T+10000mdegC
1591969184:[PRESS ,0038]P  +7000mbar,T+10000mdegC
1591969186:[PRESS ,0038]P  +7000mbar,T+10000mdegC
1591969188:[PRESS ,0038]P  +7010mbar,T+10000mdegC
1591969190:[PRESS ,0038]P  +7010mbar,T+10000mdegC
1591969193:[PRESS ,0038]P  +7020mbar,T+10000mdegC
1591969195:[PRESS ,0038]P  +7020mbar,T+10000mdegC
1591969197:[PRESS ,0038]P  +7030mbar,T+10000mdegC
1591969199:[PRESS ,0038]P  +7030mbar,T+10000mdegC
1591969202:[PRESS ,0038]P  +7040mbar,T+10000mdegC
1591969204:[PRESS ,0038]P  +7040mbar,T+10000mdegC
1591969206:[PRESS ,0038]P  +7050mbar,T+10000mdegC
1591969208:[PRESS ,0038]P  +7050mbar,T+10000mdegC
1591969211:[PRESS ,0038]P  +7060mbar,T+10000mdegC
1591969213:[PRESS ,0038]P  +7070mbar,T+10000mdegC
1591969215:[PRESS ,0038]P  +7070mbar,T+10000mdegC
1591969276:[PRESS ,0038]P  +7240mbar,T+10000mdegC
1591969279:[PRESS ,0038]P  +7240mbar,T+10000mdegC
1591969281:[PRESS ,0038]P  +7250mbar,T+10000mdegC
1591969283:[PRESS ,0038]P  +7250mbar,T+10000mdegC
1591969285:[PRESS ,0038]P  +7260mbar,T+10000mdegC
1591969288:[PRESS ,0038]P  +7260mbar,T+10000mdegC
1591969290:[PRESS ,0038]P  +7270mbar,T+10000mdegC
1591969292:[PRESS ,0038]P  +7270mbar,T+10000mdegC
1591969294:[PRESS ,0038]P  +7280mbar,T+10000mdegC
1591969296:[PRESS ,0038]P  +7280mbar,T+10000mdegC
1591969299:[PRESS ,0038]P  +7290mbar,T+10000mdegC
1591969301:[PRESS ,0038]P  +7290mbar,T+10000mdegC
1591969303:[PRESS ,0038]P  +7300mbar,T+10000mdegC
1591969305:[PRESS ,0038]P  +7310mbar,T+10000mdegC
1591969308:[PRESS ,0038]P  +7310mbar,T+10000mdegC
1591969369:[PRESS ,0038]P  +7480mbar,T+10000mdegC
1591969371:[PRESS ,0038]P  +7480mbar,T+10000mdegC
1591969373:[PRESS ,0038]P  +7490mbar,T+10000mdegC
1591969376:[PRESS ,0038]P  +7490mbar,T+10000mdegC
1591969378:[PRESS ,0038]P  +7500mbar,T+10000mdegC
1591969380:[PRESS ,0038]P  +7500mbar,T+10000mdegC
1591969382:[PRESS ,0038]P  +7510mbar,T+10000mdegC
1591969385:[PRESS ,0038]P  +7510mbar,T+10000mdegC
1591969387:[PRESS ,0038]P  +7520mbar,T+10000mdegC
1591969389:[PRESS ,0038]P  +7520mbar,T+10000mdegC
1591969391:[PRESS ,0038]P  +7530mbar,T+10000mdegC
1591969394:[PRESS ,0038]P  +7540mbar,T+10000mdegC
1591969396:[PRESS ,0038]P  +7540mbar,T+10000mdegC
1591969398:[PRESS ,0038]P  +7550mbar,T+10000mdegC
1591969400:[PRESS ,0038]P  +7550mbar,T+10000mdegC
1591969400:[STAGE ,0213]7550mbar reached at 1591969400s, ref 8000mbar +/-500mbar
1591969461:[PRESS ,0038]P  +7720mbar,T+10000mdegC
1591969462:[BUOY  ,0087]from +3mbar/s to +0mbar/s
1591969462:[BUOY  ,0089]need to transfer +14mL (pump during 17532ms)
1591969470:[PUMP  ,0207]battery 14858mV,    9028uA (warmup), P  +7720mbar
1591969470:[PUMP  ,0016]pump during 17532ms
1591969487:[PUMP  ,0212]battery 14858mV,    9394uA (steady state), P  +7720mbar
1591969526:[PRESS ,0038]P  +7830mbar,T+10000mdegC
1591969528:[PRESS ,0038]P  +7830mbar,T+10000mdegC
1591969530:[PRESS ,0038]P  +7840mbar,T+10000mdegC
1591969533:[PRESS ,0038]P  +7840mbar,T+10000mdegC
1591969535:[PRESS ,0038]P  +7840mbar,T+10000mdegC
1591969537:[PRESS ,0038]P  +7850mbar,T+10000mdegC
1591969539:[PRESS ,0038]P  +7850mbar,T+10000mdegC
1591969542:[PRESS ,0038]P  +7850mbar,T+10000mdegC
1591969544:[PRESS ,0038]P  +7860mbar,T+10000mdegC
1591969546:[PRESS ,0038]P  +7860mbar,T+10000mdegC
1591969548:[PRESS ,0038]P  +7860mbar,T+10000mdegC
1591969551:[PRESS ,0038]P  +7870mbar,T+10000mdegC
1591969553:[PRESS ,0038]P  +7870mbar,T+10000mdegC
1591969555:[PRESS ,0038]P  +7870mbar,T+10000mdegC
1591969557:[PRESS ,0038]P  +7880mbar,T+10000mdegC
1591969619:[PRESS ,0038]P  +7980mbar,T+10000mdegC
1591969680:[PRESS ,0038]P  +8080mbar,T+10000mdegC
1591969680:[BUOY  ,0087]from +2mbar/s to +0mbar/s
1591969680:[BUOY  ,0089]need to transfer +6mL (pump during 7514ms)
1591969688:[PUMP  ,0207]battery 14858mV,    9394uA (warmup), P  +8080mbar
1591969688:[PUMP  ,0016]pump during 7514ms
1591969695:[PUMP  ,0212]battery 14858mV,    9028uA (steady state), P  +8080mbar
1591969744:[PRESS ,0038]P  +8120mbar,T+10000mdegC
1591969746:[PRESS ,0038]P  +8120mbar,T+10000mdegC
1591969749:[PRESS ,0038]P  +8120mbar,T+10000mdegC
1591969751:[PRESS ,0038]P  +8120mbar,T+10000mdegC
1591969753:[PRESS ,0038]P  +8120mbar,T+10000mdegC
1591969755:[PRESS ,0038]P  +8120mbar,T+10000mdegC
1591969758:[PRESS ,0038]P  +8120mbar,T+10000mdegC
1591969760:[PRESS ,0038]P  +8130mbar,T+10000mdegC
1591969762:[PRESS ,0038]P  +8130mbar,T+10000mdegC
1591969764:[PRESS ,0038]P  +8130mbar,T+10000mdegC
1591969767:[PRESS ,0038]P  +8130mbar,T+10000mdegC
1591969769:[PRESS ,0038]P  +8130mbar,T+10000mdegC
1591969771:[PRESS ,0038]P  +8130mbar,T+10000mdegC
1591969773:[PRESS ,0038]P  +8130mbar,T+10000mdegC
1591969776:[PRESS ,0038]P  +8130mbar,T+10000mdegC
1591969837:[PRESS ,0038]P  +8170mbar,T+10000mdegC
1591969837:[BUOY  ,0087]from +1mbar/s to +0mbar/s
1591969837:[BUOY  ,0089]need to transfer +2mL (pump during 2505ms)
1591969845:[PUMP  ,0207]battery 14858mV,    9394uA (warmup), P  +8170mbar
1591969845:[PUMP  ,0016]pump during 2505ms
1591969901:[PRESS ,0038]P  +8150mbar,T+10000mdegC
1591969903:[PRESS ,0038]P  +8150mbar,T+10000mdegC
1591969906:[PRESS ,0038]P  +8150mbar,T+10000mdegC
1591969908:[PRESS ,0038]P  +8150mbar,T+10000mdegC
1591969910:[PRESS ,0038]P  +8150mbar,T+10000mdegC
1591969912:[PRESS ,0038]P  +8150mbar,T+10000mdegC
1591969915:[PRESS ,0038]P  +8140mbar,T+10000mdegC
1591969917:[PRESS ,0038]P  +8140mbar,T+10000mdegC
1591969919:[PRESS ,0038]P  +8140mbar,T+10000mdegC
1591969921:[PRESS ,0038]P  +8140mbar,T+10000mdegC
1591969924:[PRESS ,0038]P  +8140mbar,T+10000mdegC
1591969926:[PRESS ,0038]P  +8140mbar,T+10000mdegC
1591969928:[PRESS ,0038]P  +8140mbar,T+10000mdegC
1591969930:[PRESS ,0038]P  +8140mbar,T+10000mdegC
1591969933:[PRESS ,0038]P  +8140mbar,T+10000mdegC
1591969994:[PRESS ,0038]P  +8110mbar,T+10000mdegC
1591970055:[PRESS ,0038]P  +8090mbar,T+10000mdegC
1591970116:[PRESS ,0038]P  +8060mbar,T+10000mdegC
1591970177:[PRESS ,0038]P  +8040mbar,T+10000mdegC
1591970177:[MAIN  ,0140]stage[0] complete 2001s after mission start
1591970177:[MAIN  ,0056]stage[1]
1591970179:[MAIN  ,0024]internal pressure 100355Pa
1591970184:[SBE41 ,0282]SBE41 parameters : 
      dsreplyformat=1 (webb(0)/standard(1))
      addtimingdelays=0 (n(0)/y(1))
      outputdensity=0 (n(0)/y(1))
      echocmd=0 (n(0)/y(1))
      outputrt=0 (n(0)/y(1))
      outputpts=0 (n(0)/y(1))
      outputsn=0 (n(0)/y(1))
      outputpressure=1 (n(0)/y(1))
      pcutoff=2dbar
      tswait=0s
      pumpfastpt=1 (n(0)/y(1))
      samplerate=1 ('fast':1Hz(1)/'slow':0.5Hz(0))
      top_bin_interval=10dbar
      top_bin_size=10dbar
      top_bin_max=100dbar
      middle_bin_interval=50dbar
      middle_bin_size=50dbar
      middle_bin_max=1000dbar
      bottom_bin_interval=100dbar
      bottom_bin_size=100dbar
      includetransitionbin=0
      includenbin=0 (n(0)/y(1))
      autobinavg=0 (n(0)/y(1))
1591970186:[PRESS ,0038]P  +8040mbar,T+10000mdegC
1591970186:[BUOY  ,0037]P  +8040mbar
1591970186:[STAGE ,0091]Stage [1] surfacing 3600s (<1591973756s) SBE41
1591970188:[PRESS ,0038]P  +8040mbar,T+10000mdegC
1591970188:<WARN>[BUOY  ,0094]stage[1] should ASCENT, stuck at 8040mbar for the #1 time
1591970188:[BUOY  ,0087]from +0mbar/s to -9mbar/s
1591970188:[BUOY  ,0089]need to transfer +130mL (pump during 162703ms)
1591970196:[PUMP  ,0207]battery 14857mV,   11834uA (warmup), P  +8040mbar
1591970196:[PUMP  ,0016]pump during 60000ms
1591970255:[PUMP  ,0212]battery 14857mV,   11712uA (steady state), P  +8040mbar
1591970261:[PRESS ,0038]P  +7900mbar,T+10000mdegC
1591970263:[PRESS ,0038]P  +7890mbar,T+10000mdegC
1591970265:[PRESS ,0038]P  +7880mbar,T+10000mdegC
1591970267:[PRESS ,0038]P  +7880mbar,T+10000mdegC
1591970270:[PRESS ,0038]P  +7870mbar,T+10000mdegC
1591970272:[PRESS ,0038]P  +7860mbar,T+10000mdegC
1591970274:[PRESS ,0038]P  +7860mbar,T+10000mdegC
1591970276:[PRESS ,0038]P  +7850mbar,T+10000mdegC
1591970279:[PRESS ,0038]P  +7840mbar,T+10000mdegC
1591970281:[PRESS ,0038]P  +7840mbar,T+10000mdegC
1591970283:[PRESS ,0038]P  +7830mbar,T+10000mdegC
1591970285:[PRESS ,0038]P  +7820mbar,T+10000mdegC
1591970288:[PRESS ,0038]P  +7820mbar,T+10000mdegC
1591970290:[PRESS ,0038]P  +7810mbar,T+10000mdegC
1591970292:[PRESS ,0038]P  +7800mbar,T+10000mdegC
1591970292:[BUOY  ,0087]from -3mbar/s to -9mbar/s
1591970292:[BUOY  ,0089]need to transfer +116mL (pump during 145181ms)
1591970292:[SBE41 ,0337]Speed start detected
1591970300:[PUMP  ,0207]battery 14856mV,   17568uA (warmup), P  +7800mbar
1591970300:[PUMP  ,0016]pump during 60000ms
1591970359:[PUMP  ,0212]battery 14856mV,   16836uA (steady state), P  +7800mbar
1591970365:[PRESS ,0038]P  +7450mbar,T+10000mdegC
1591970367:[PRESS ,0038]P  +7430mbar,T+10000mdegC
1591970369:[PRESS ,0038]P  +7420mbar,T+10000mdegC
1591970371:[PRESS ,0038]P  +7410mbar,T+10000mdegC
1591970374:[PRESS ,0038]P  +7390mbar,T+10000mdegC
1591970376:[PRESS ,0038]P  +7380mbar,T+10000mdegC
1591970378:[PRESS ,0038]P  +7370mbar,T+10000mdegC
1591970380:[PRESS ,0038]P  +7360mbar,T+10000mdegC
1591970382:[PRESS ,0038]P  +7340mbar,T+10000mdegC
1591970385:[PRESS ,0038]P  +7330mbar,T+10000mdegC
1591970387:[PRESS ,0038]P  +7320mbar,T+10000mdegC
1591970389:[PRESS ,0038]P  +7300mbar,T+10000mdegC
1591970391:[PRESS ,0038]P  +7290mbar,T+10000mdegC
1591970394:[PRESS ,0038]P  +7280mbar,T+10000mdegC
1591970396:[PRESS ,0038]P  +7270mbar,T+10000mdegC
1591970396:[BUOY  ,0087]from -6mbar/s to -9mbar/s
1591970396:[BUOY  ,0089]need to transfer +72mL (pump during 90113ms)
1591970404:[PUMP  ,0207]battery 14857mV,   11224uA (warmup), P  +7270mbar
1591970404:[PUMP  ,0016]pump during 60000ms
1591970463:[PUMP  ,0212]battery 14857mV,   11712uA (steady state), P  +7270mbar
1591970468:[PRESS ,0038]P  +6690mbar,T+10000mdegC
1591970471:[PRESS ,0038]P  +6680mbar,T+10000mdegC
1591970473:[PRESS ,0038]P  +6660mbar,T+10000mdegC
1591970475:[PRESS ,0038]P  +6640mbar,T+10000mdegC
1591970477:[PRESS ,0038]P  +6620mbar,T+10000mdegC
1591970480:[PRESS ,0038]P  +6600mbar,T+10000mdegC
1591970482:[PRESS ,0038]P  +6580mbar,T+10000mdegC
1591970484:[PRESS ,0038]P  +6560mbar,T+10000mdegC
1591970486:[PRESS ,0038]P  +6540mbar,T+10000mdegC
1591970489:[PRESS ,0038]P  +6530mbar,T+10000mdegC
1591970491:[PRESS ,0038]P  +6510mbar,T+10000mdegC
1591970493:[PRESS ,0038]P  +6490mbar,T+10000mdegC
1591970495:[PRESS ,0038]P  +6470mbar,T+10000mdegC
1591970498:[PRESS ,0038]P  +6450mbar,T+10000mdegC
1591970500:[PRESS ,0038]P  +6430mbar,T+10000mdegC
1591970561:[PRESS ,0038]P  +5860mbar,T+10000mdegC
1591970563:[PRESS ,0038]P  +5840mbar,T+10000mdegC
1591970565:[PRESS ,0038]P  +5820mbar,T+10000mdegC
1591970568:[PRESS ,0038]P  +5800mbar,T+10000mdegC
1591970570:[PRESS ,0038]P  +5780mbar,T+10000mdegC
1591970572:[PRESS ,0038]P  +5760mbar,T+10000mdegC
1591970574:[PRESS ,0038]P  +5750mbar,T+10000mdegC
1591970577:[PRESS ,0038]P  +5730mbar,T+10000mdegC
1591970579:[PRESS ,0038]P  +5710mbar,T+10000mdegC
1591970581:[PRESS ,0038]P  +5690mbar,T+10000mdegC
1591970583:[PRESS ,0038]P  +5670mbar,T+10000mdegC
1591970586:[PRESS ,0038]P  +5650mbar,T+10000mdegC
1591970588:[PRESS ,0038]P  +5630mbar,T+10000mdegC
1591970590:[PRESS ,0038]P  +5610mbar,T+10000mdegC
1591970592:[PRESS ,0038]P  +5590mbar,T+10000mdegC
1591970654:[PRESS ,0038]P  +5020mbar,T+10000mdegC
1591970656:[PRESS ,0038]P  +5000mbar,T+10000mdegC
1591970658:[PRESS ,0038]P  +4980mbar,T+10000mdegC
1591970660:[PRESS ,0038]P  +4970mbar,T+10000mdegC
1591970663:[PRESS ,0038]P  +4950mbar,T+10000mdegC
1591970665:[PRESS ,0038]P  +4930mbar,T+10000mdegC
1591970667:[PRESS ,0038]P  +4910mbar,T+10000mdegC
1591970669:[PRESS ,0038]P  +4890mbar,T+10000mdegC
1591970672:[PRESS ,0038]P  +4870mbar,T+10000mdegC
1591970674:[PRESS ,0038]P  +4850mbar,T+10000mdegC
1591970676:[PRESS ,0038]P  +4830mbar,T+10000mdegC
1591970678:[PRESS ,0038]P  +4820mbar,T+10000mdegC
1591970681:[PRESS ,0038]P  +4800mbar,T+10000mdegC
1591970683:[PRESS ,0038]P  +4780mbar,T+10000mdegC
1591970685:[PRESS ,0038]P  +4760mbar,T+10000mdegC
1591970746:[PRESS ,0038]P  +4190mbar,T+10000mdegC
1591970748:[PRESS ,0038]P  +4170mbar,T+10000mdegC
1591970751:[PRESS ,0038]P  +4160mbar,T+10000mdegC
1591970753:[PRESS ,0038]P  +4140mbar,T+10000mdegC
1591970755:[PRESS ,0038]P  +4120mbar,T+10000mdegC
1591970757:[PRESS ,0038]P  +4100mbar,T+10000mdegC
1591970760:[PRESS ,0038]P  +4080mbar,T+10000mdegC
1591970762:[PRESS ,0038]P  +4060mbar,T+10000mdegC
1591970764:[PRESS ,0038]P  +4040mbar,T+10000mdegC
1591970766:[PRESS ,0038]P  +4030mbar,T+10000mdegC
1591970769:[PRESS ,0038]P  +4010mbar,T+10000mdegC
1591970771:[PRESS ,0038]P  +3990mbar,T+10000mdegC
1591970773:[PRESS ,0038]P  +3970mbar,T+10000mdegC
1591970775:[PRESS ,0038]P  +3950mbar,T+10000mdegC
1591970778:[PRESS ,0038]P  +3930mbar,T+10000mdegC
1591970839:[PRESS ,0038]P  +3370mbar,T+10000mdegC
1591970841:[PRESS ,0038]P  +3350mbar,T+10000mdegC
1591970843:[PRESS ,0038]P  +3330mbar,T+10000mdegC
1591970846:[PRESS ,0038]P  +3310mbar,T+10000mdegC
1591970848:[PRESS ,0038]P  +3290mbar,T+10000mdegC
1591970850:[PRESS ,0038]P  +3270mbar,T+10000mdegC
1591970852:[PRESS ,0038]P  +3250mbar,T+10000mdegC
1591970855:[PRESS ,0038]P  +3230mbar,T+10000mdegC
1591970857:[PRESS ,0038]P  +3220mbar,T+10000mdegC
1591970859:[PRESS ,0038]P  +3200mbar,T+10000mdegC
1591970861:[PRESS ,0038]P  +3180mbar,T+10000mdegC
1591970863:[PRESS ,0038]P  +3160mbar,T+10000mdegC
1591970866:[PRESS ,0038]P  +3140mbar,T+10000mdegC
1591970868:[PRESS ,0038]P  +3120mbar,T+10000mdegC
1591970870:[PRESS ,0038]P  +3100mbar,T+10000mdegC
1591970931:[PRESS ,0038]P  +2540mbar,T+10000mdegC
1591970934:[PRESS ,0038]P  +2520mbar,T+10000mdegC
1591970936:[PRESS ,0038]P  +2500mbar,T+10000mdegC
1591970938:[PRESS ,0038]P  +2480mbar,T+10000mdegC
1591970940:[PRESS ,0038]P  +2460mbar,T+10000mdegC
1591970943:[PRESS ,0038]P  +2440mbar,T+10000mdegC
1591970945:[PRESS ,0038]P  +2430mbar,T+10000mdegC
1591970947:[PRESS ,0038]P  +2410mbar,T+10000mdegC
1591970949:[PRESS ,0038]P  +2390mbar,T+10000mdegC
1591970952:[PRESS ,0038]P  +2370mbar,T+10000mdegC
1591970954:[PRESS ,0038]P  +2350mbar,T+10000mdegC
1591970956:[PRESS ,0038]P  +2330mbar,T+10000mdegC
1591970958:[PRESS ,0038]P  +2310mbar,T+10000mdegC
1591970961:[PRESS ,0038]P  +2300mbar,T+10000mdegC
1591970963:[PRESS ,0038]P  +2280mbar,T+10000mdegC
1591971024:[PRESS ,0038]P  +1710mbar,T+10000mdegC
1591971026:[PRESS ,0038]P  +1690mbar,T+10000mdegC
1591971028:[PRESS ,0038]P  +1680mbar,T+10000mdegC
1591971031:[PRESS ,0038]P  +1660mbar,T+10000mdegC
1591971033:[PRESS ,0038]P  +1640mbar,T+10000mdegC
1591971035:[PRESS ,0038]P  +1620mbar,T+10000mdegC
1591971037:[PRESS ,0038]P  +1600mbar,T+10000mdegC
1591971040:[PRESS ,0038]P  +1580mbar,T+10000mdegC
1591971042:[PRESS ,0038]P  +1560mbar,T+10000mdegC
1591971044:[PRESS ,0038]P  +1550mbar,T+10000mdegC
1591971046:[PRESS ,0038]P  +1530mbar,T+10000mdegC
1591971049:[PRESS ,0038]P  +1510mbar,T+10000mdegC
1591971051:[PRESS ,0038]P  +1490mbar,T+10000mdegC
1591971053:[PRESS ,0038]P  +1470mbar,T+10000mdegC
1591971055:[PRESS ,0038]P  +1450mbar,T+10000mdegC
1591971117:[PRESS ,0038]P   +890mbar,T+10000mdegC
1591971119:[PRESS ,0038]P   +870mbar,T+10000mdegC
1591971121:[PRESS ,0038]P   +860mbar,T+10000mdegC
1591971123:[PRESS ,0038]P   +840mbar,T+10000mdegC
1591971126:[PRESS ,0038]P   +820mbar,T+10000mdegC
1591971128:[PRESS ,0038]P   +800mbar,T+10000mdegC
1591971130:[PRESS ,0038]P   +780mbar,T+10000mdegC
1591971132:[PRESS ,0038]P   +760mbar,T+10000mdegC
1591971135:[PRESS ,0038]P   +750mbar,T+10000mdegC
1591971137:[PRESS ,0038]P   +730mbar,T+10000mdegC
1591971139:[PRESS ,0038]P   +710mbar,T+10000mdegC
1591971141:[PRESS ,0038]P   +690mbar,T+10000mdegC
1591971144:[PRESS ,0038]P   +670mbar,T+10000mdegC
1591971146:[PRESS ,0038]P   +650mbar,T+10000mdegC
1591971148:[PRESS ,0038]P   +640mbar,T+10000mdegC
1591971209:[PRESS ,0038]P    +70mbar,T+10000mdegC
1591971211:[PRESS ,0038]P    +60mbar,T+10000mdegC
1591971214:[PRESS ,0038]P    +40mbar,T+10000mdegC
1591971216:[PRESS ,0038]P    +20mbar,T+10000mdegC
1591971218:[PRESS ,0038]P     +0mbar,T+10000mdegC
1591971220:[PRESS ,0038]P     +0mbar,T+10000mdegC
1591971223:[PRESS ,0038]P     +0mbar,T+10000mdegC
1591971225:[PRESS ,0038]P     +0mbar,T+10000mdegC
1591971227:[PRESS ,0038]P     +0mbar,T+10000mdegC
1591971229:[PRESS ,0038]P     +0mbar,T+10000mdegC
1591971232:[PRESS ,0038]P     +0mbar,T+10000mdegC
1591971234:[PRESS ,0038]P     +0mbar,T+10000mdegC
1591971236:[PRESS ,0038]P     +0mbar,T+10000mdegC
1591971238:[PRESS ,0038]P     +0mbar,T+10000mdegC
1591971241:[PRESS ,0038]P     +0mbar,T+10000mdegC
1591971241:[STAGE ,0214]0mbar (500) reached at 1591971241s, ascending from 8040mbar
1591971241:[STAGE ,0342]The float reached the surface : OK
1591971241:[MAIN  ,0140]stage[1] complete 3065s after mission start
1591971247:[SBE41 ,0343]SBE41 dump : 4 stored samples in hexa format
1591971248:[SBE41 ,0338]Dump finished
1591971248:[SBE41 ,0318]36 bytes in 0060/5EE38989.S41
1591971248:[MRMAID,0188]acq already stopped
1591971309:[MSSION,0192]mission stopped, 2 stage(s) done
1591971309:[MAIN  ,0065]surfacing
1591971311:[PRESS ,0038]P     +0mbar,T+10000mdegC
1591971311:[SURFIN,0036]P     +0mbar
1591971313:[PRESS ,0038]P     +0mbar,T+10000mdegC
1591971315:[PRESS ,0038]P     +0mbar,T+10000mdegC
1591971315:[SURFIN,0020]filling external bladder
1591971324:[PUMP  ,0207]battery 14857mV,   11224uA (warmup), P     +0mbar
1591971324:[PUMP  ,0016]pump during 300000ms
1591971622:[PUMP  ,0212]battery 14857mV,   11712uA (steady state), P     +0mbar
1591971633:[PUMP  ,0207]battery 14857mV,    9272uA (warmup), P     +0mbar
1591971633:[PUMP  ,0016]pump during 300000ms
1591971932:[PUMP  ,0212]battery 14857mV,    9272uA (steady state), P     +0mbar
1591971943:[PUMP  ,0207]battery 14857mV,    8906uA (warmup), P     +0mbar
1591971943:[PUMP  ,0016]pump during 300000ms
1591972241:[PUMP  ,0212]battery 14856mV,    8784uA (steady state), P     +0mbar
1591972253:[PUMP  ,0207]battery 14856mV,    9394uA (warmup), P     +0mbar
1591972253:[PUMP  ,0016]pump during 300000ms
1591972551:[PUMP  ,0212]battery 14856mV,    9272uA (steady state), P     +0mbar
1591972562:[PUMP  ,0207]battery 14857mV,    9272uA (warmup), P     +0mbar
1591972562:[PUMP  ,0016]pump during 300000ms
1591972861:[PUMP  ,0212]battery 14857mV,    8784uA (steady state), P     +0mbar
1591972872:[PUMP  ,0207]battery 14858mV,    8906uA (warmup), P     +0mbar
1591972872:[PUMP  ,0016]pump during 300000ms
1591973170:[PUMP  ,0212]battery 14858mV,    9272uA (steady state), P     +0mbar
1591973173:<ERR>[SURFIN,0015]bladder not full 6
1591973176:[PRESS ,0038]P    +70mbar,T+10000mdegC
1591973178:[PRESS ,0038]P    +70mbar,T+10000mdegC
1591973180:[PRESS ,0038]P    +70mbar,T+10000mdegC
1591973182:[PRESS ,0038]P    +70mbar,T+10000mdegC
1591973185:[PRESS ,0038]P    +70mbar,T+10000mdegC
1591973187:[PRESS ,0038]P    +70mbar,T+10000mdegC
1591973189:[PRESS ,0038]P    +70mbar,T+10000mdegC
1591973191:[PRESS ,0038]P    +70mbar,T+10000mdegC
1591973194:[PRESS ,0038]P    +70mbar,T+10000mdegC
1591973196:[PRESS ,0038]P    +70mbar,T+10000mdegC
1591973198:[PRESS ,0038]P    +70mbar,T+10000mdegC
1591973200:[PRESS ,0038]P    +70mbar,T+10000mdegC
1591973203:[PRESS ,0038]P    +70mbar,T+10000mdegC
1591973205:[PRESS ,0038]P    +70mbar,T+10000mdegC
1591973207:[PRESS ,0038]P    +70mbar,T+10000mdegC
1591973242:[MAIN  ,0272]Vbat 14858mV (min 14620mV)
1591973244:[MAIN  ,0024]internal pressure 100417Pa
1591973244:[MAIN  ,0043]Pext 70mbar (rng 0mbar)
1591973244:[MAIN  ,0064]surface
1591973244:[CMD   ,0276]0060>
1591973256:[SURF  ,0022]GPS fix...
1591973276:[SURF  ,0015]10 PPS detected...
1591973277:[MRMAID,0052]Mermaid $GPSACK:+0,+0,+0,+0,+0,+0,-823;
1591973287:[MRMAID,0052]Mermaid $GPSOFF:3686314;
1591973289:[GPSFIX,0179]+0s diff
1591973289:[SURF  ,0222]2020-06-12T14:48:09
1591973289:[SURF  ,0082]Latitude : N43deg06.487mn, Longitude :E006deg02.276mn
1591973289:[SURF  ,0223]fix3D,7satellites
1591973289:[SURF  ,0084]GPS fix GPGSA : hdop0.860,vdop1.290
1591973299:[SURF  ,0274]last almanac : 2784368
1591973312:[MRMAID,0026]1568 bytes in 0060/5EE395B8.MER
1591973318:[MAIN  ,0320]New pressure offset: 70mbar
1591973318:[LOGBIN,0078]*** switching to 0060/5EE395C6 ***
