1593787883:[MAIN  ,0007]buoy 452.120-R-0060
1593787883:[MAIN  ,0055]soft pilotage 452.012.300_V2.20-20200612
1593787883:[MAIN  ,0010]cycle 3
1593787883:[SURF  ,0225]surface2
1593787903:[SURF  ,0022]GPS fix...
1593787924:[SURF  ,0015]10 PPS detected...
1593787925:[MRMAID,0052]Mermaid $GPSACK:+0,+0,+0,+0,+0,+0,+0;
1593787935:[MRMAID,0052]Mermaid $GPSOFF:3686330;
1593787936:[GPSFIX,0179]-1s diff
1593787937:[SURF  ,0222]2020-07-03T14:52:17
1593787937:[SURF  ,0082]Latitude : N43deg40.942mn, Longitude :E007deg19.178mn
1593787937:[SURF  ,0223]fix3D,10satellites
1593787937:[SURF  ,0084]GPS fix GPGSA : hdop0.730,vdop1.100
1593787947:[SURF  ,0025]Iridium...
1593787994:[SURF  ,0009]connected in 47s, signal quality 5
1593788052:[SURF  ,0218]prompt received, remote cmd end
1593788052:[SURF  ,0012]16 cmd(s) received
1593788073:[UPLOAD,0248]Upload data files...
1593788244:[UPLOAD,0231]"0060/5EFF459E.MER" uploaded at 157bytes/s
1593788340:[UPLOAD,0231]"0060/5EFF29FE.BIN" uploaded at 129bytes/s
1593788357:[MAIN  ,0013]2 file(s) uploaded
1593788378:[SURF  ,0014]disconnected after 431s
1593788383:[SURFIN,0020]filling external bladder
1593788391:[PUMP  ,0207]battery 15075mV,   18910uA (warmup), P   +100mbar
1593788391:[PUMP  ,0016]pump during 300000ms
1593788400:[PUMP  ,0212]battery 14597mV, 1044808uA (steady state), P   +100mbar
1593788402:[SURFIN,0019]external bladder full
1593788402:[SURF  ,0227]1st complete transfer
1593788417:[SURF  ,0022]GPS fix...
1593788438:[SURF  ,0015]10 PPS detected...
1593788439:[MRMAID,0052]Mermaid $GPSACK:+0,+0,+0,+0,+0,+1,-999938;
1593788449:[MRMAID,0052]Mermaid $GPSOFF:3686329;
1593788450:[GPSFIX,0179]-1s diff
1593788451:[SURF  ,0222]2020-07-03T15:00:51
1593788451:[SURF  ,0082]Latitude : N43deg40.942mn, Longitude :E007deg19.178mn
1593788451:[SURF  ,0223]fix3D,10satellites
1593788451:[SURF  ,0084]GPS fix GPGSA : hdop0.700,vdop1.010
1593788468:[MAIN  ,0024]internal pressure 79802Pa
1593788469:[BYCMD ,0107]    FreeRTOS V8.2.3
1593788469:[BYCMD ,0108]    FatFS v11a
1593788469:[BYCMD ,0120]    bypass 10000ms 60000ms (20000ms 60000ms stored)
1593788469:[BYCMD ,0121]    valve 60000ms 12750 (60000ms 12750 stored)
1593788469:[BYCMD ,0122]    pump 60000ms 30% 10750 80% (60000ms 30% 10750 80% stored)
1593788469:[BYCMD ,0123]    rate 2mbar/s (2mbar/s stored)
1593788469:[BYCMD ,0124]    surface 500mbar (500mbar stored)
1593788469:[BYCMD ,0125]    near 1500mbar 3mbar/s (15000mbar 3mbar/s stored)
1593788469:[BYCMD ,0126]    far 2500mbar 4mbar/s (25000mbar 4mbar/s stored)
1593788469:[BYCMD ,0127]    ascent 8mbar/s (8mbar/s stored)
1593788469:[BYCMD ,0128]    dead 60s (300s stored)
1593788469:[BYCMD ,0129]    coeff 16/10 (16/10 stored)
1593788469:[BYCMD ,0130]    stab 10 (10 stored)
1593788469:[BYCMD ,0131]    delay 900s 3600s (900s 3600s stored)
1593788469:[BYCMD ,0132]    mmtime 2880min (2880min stored)
1593788469:[BYCMD ,0133]    dv_landing 100ml (100ml stored)
1593788469:[MKDCMD,0150]    p2t37: 15x2000ms, offset 97mbar
1593788469:[P2TCMD,0151]    p2t37: dp 50mbar, dt 5000mdegC
1593788470:[STAGE ,0080]Stage [0] 5000mbar (+/-500mbar) 1800s (<1800s) 
1593788470:[STAGE ,0080]Stage [1] 5000mbar (+/-500mbar) 1800s (<3600s) MERMAID
1593788470:[MAIN  ,0070]turn off bluetooth
1593788472:[PRESS ,0038]P     -7mbar,T+16921mdegC
1593788478:[PRESS ,0038]P     +3mbar,T-21071mdegC
1593788483:[PRESS ,0038]P     +3mbar,T+16921mdegC
1593788495:[PRESS ,0038]P     +3mbar,T-10625mdegC
1593788497:[PRESS ,0038]P    -17mbar,T+16921mdegC
1593788497:[DIVING,0141]diving from -17mbar, +0mbar/s
1593788497:[BYPASS,0035]bypass opening 60000ms
1593788502:[BYPASS,0104]battery 14961mV,  249978uA (bypass opening), P    -17mbar
1593788567:[BYPASS,0106]battery 14977mV,  294264uA (bypass closing), P    -17mbar
1593788569:[PRESS ,0038]P   -117mbar,T+16921mdegC
1593788571:[PRESS ,0038]P   -107mbar,T-21071mdegC
1593788575:[PRESS ,0038]P   -107mbar,T+16921mdegC
1593788580:[PRESS ,0038]P   -107mbar,T-21071mdegC
1593788582:[PRESS ,0038]P   -107mbar,T+16921mdegC
1593788585:[PRESS ,0038]P    -97mbar,T-21071mdegC
1593788587:[PRESS ,0038]P   -107mbar,T+16921mdegC
1593788589:[PRESS ,0038]P   -107mbar,T-21071mdegC
1593788591:[PRESS ,0038]P    -97mbar,T+16921mdegC
1593788594:[PRESS ,0038]P    -97mbar,T-21071mdegC
1593788594:[BYPASS,0035]bypass opening 10000ms
1593788599:[BYPASS,0104]battery 15011mV,  248392uA (bypass opening), P    -97mbar
1593788614:[BYPASS,0106]battery 14990mV,  293166uA (bypass closing), P    -97mbar
1593788616:[PRESS ,0038]P   -117mbar,T+16921mdegC
1593788618:[PRESS ,0038]P   -117mbar,T-21071mdegC
1593788620:[PRESS ,0038]P   -127mbar,T+16921mdegC
1593788622:[PRESS ,0038]P   -107mbar,T-21071mdegC
1593788625:[PRESS ,0038]P   -117mbar,T+16921mdegC
1593788632:[PRESS ,0038]P   -107mbar,T-21071mdegC
1593788634:[PRESS ,0038]P   -107mbar,T+16921mdegC
1593788636:[PRESS ,0038]P    -97mbar,T +6472mdegC
1593788638:[PRESS ,0038]P   -107mbar,T+16921mdegC
1593788641:[PRESS ,0038]P   -117mbar,T-21071mdegC
1593788641:[BYPASS,0035]bypass opening 10000ms
1593788646:[BYPASS,0104]battery 15023mV,  247538uA (bypass opening), P   -117mbar
1593788661:[BYPASS,0106]battery 15000mV,  292434uA (bypass closing), P   -117mbar
1593788665:[PRESS ,0038]P   -107mbar,T +6472mdegC
1593788667:[PRESS ,0038]P    -97mbar,T+16921mdegC
1593788669:[PRESS ,0038]P   -107mbar,T-21071mdegC
1593788670:[PRESS ,0038]P   -107mbar,T+16921mdegC
1593788674:[PRESS ,0038]P    -97mbar,T-21071mdegC
1593788676:[PRESS ,0038]P   -107mbar,T+16921mdegC
1593788678:[PRESS ,0038]P   -107mbar,T-21071mdegC
1593788688:[BYPASS,0035]bypass opening 10000ms
1593788693:[BYPASS,0104]battery 15032mV,  246318uA (bypass opening), P   -107mbar
1593788708:[BYPASS,0106]battery 15008mV,  291702uA (bypass closing), P   -107mbar
1593788715:[PRESS ,0038]P   -107mbar,T+16921mdegC
1593788719:[PRESS ,0038]P   -107mbar,T-10625mdegC
1593788721:[PRESS ,0038]P    -97mbar,T-21071mdegC
1593788728:[PRESS ,0038]P    -97mbar,T+16921mdegC
1593788732:[PRESS ,0038]P    -97mbar,T-21071mdegC
1593788733:[PRESS ,0038]P    -87mbar,T+16921mdegC
1593788735:[PRESS ,0038]P    -97mbar,T-21071mdegC
1593788735:[BYPASS,0035]bypass opening 10000ms
1593788740:[BYPASS,0104]battery 15038mV,  249246uA (bypass opening), P    -97mbar
1593788755:[BYPASS,0106]battery 15017mV,  291092uA (bypass closing), P    -97mbar
1593788761:[PRESS ,0038]P    -87mbar,T+16921mdegC
1593788764:[PRESS ,0038]P    -87mbar,T-21071mdegC
1593788768:[PRESS ,0038]P    -87mbar,T+16921mdegC
1593788770:[PRESS ,0038]P    -97mbar,T-21071mdegC
1593788771:[PRESS ,0038]P   -107mbar,T+16921mdegC
1593788775:[PRESS ,0038]P    -97mbar,T-21071mdegC
1593788777:[PRESS ,0038]P    -97mbar,T+16921mdegC
1593788779:[PRESS ,0038]P    -97mbar,T-21071mdegC
1593788782:[PRESS ,0038]P    -97mbar,T+16921mdegC
1593788782:[BYPASS,0035]bypass opening 10000ms
1593788787:[BYPASS,0104]battery 15046mV,  246684uA (bypass opening), P    -97mbar
1593788802:[BYPASS,0106]battery 15023mV,  290604uA (bypass closing), P    -97mbar
1593788806:[PRESS ,0038]P    -97mbar,T-21071mdegC
1593788811:[PRESS ,0038]P    -77mbar,T+16921mdegC
1593788817:[PRESS ,0038]P    -97mbar,T-21071mdegC
1593788818:[PRESS ,0038]P    -97mbar,T+16921mdegC
1593788822:[PRESS ,0038]P    -87mbar,T-21071mdegC
1593788824:[PRESS ,0038]P    -87mbar,T+16921mdegC
1593788827:[PRESS ,0038]P    -87mbar,T-21071mdegC
1593788829:[BYPASS,0035]bypass opening 10000ms
1593788834:[BYPASS,0104]battery 15050mV,  253882uA (bypass opening), P    -77mbar
1593788849:[BYPASS,0106]battery 15030mV,  290116uA (bypass closing), P    -77mbar
1593788851:[PRESS ,0038]P    -77mbar,T+16921mdegC
1593788853:[PRESS ,0038]P    -67mbar,T-21071mdegC
1593788862:[PRESS ,0038]P    -77mbar,T+16921mdegC
1593788864:[PRESS ,0038]P    -77mbar,T-21071mdegC
1593788865:[PRESS ,0038]P    -77mbar,T+16921mdegC
1593788867:[PRESS ,0038]P    -77mbar,T-21071mdegC
1593788869:[PRESS ,0038]P    -87mbar,T +6472mdegC
1593788871:[PRESS ,0038]P    -87mbar,T+16921mdegC
1593788874:[PRESS ,0038]P    -77mbar,T-21071mdegC
1593788876:[BYPASS,0035]bypass opening 10000ms
1593788881:[BYPASS,0104]battery 15058mV,  246196uA (bypass opening), P    -87mbar
1593788896:[BYPASS,0106]battery 15035mV,  289628uA (bypass closing), P    -87mbar
1593788900:[PRESS ,0038]P    -67mbar,T+16921mdegC
1593788902:[PRESS ,0038]P    -87mbar,T-21071mdegC
1593788912:[PRESS ,0038]P    -67mbar,T+16921mdegC
1593788916:[PRESS ,0038]P    -67mbar,T-21071mdegC
1593788918:[PRESS ,0038]P    -77mbar,T +6472mdegC
1593788919:[PRESS ,0038]P    -67mbar,T-21071mdegC
1593788923:[PRESS ,0038]P    -67mbar,T+16921mdegC
1593788923:[BYPASS,0035]bypass opening 10000ms
1593788928:[BYPASS,0104]battery 15061mV,  247660uA (bypass opening), P    -67mbar
1593788943:[BYPASS,0106]battery 15040mV,  289018uA (bypass closing), P    -67mbar
1593788945:[PRESS ,0038]P    -47mbar,T-21071mdegC
1593788947:[PRESS ,0038]P    -47mbar,T +6472mdegC
1593788949:[PRESS ,0038]P    -37mbar,T+16921mdegC
1593788950:[PRESS ,0038]P    -47mbar,T-21071mdegC
1593788952:[PRESS ,0038]P    -37mbar,T-31521mdegC
1593788956:[PRESS ,0038]P    -27mbar,T-21071mdegC
1593788958:[PRESS ,0038]P    -47mbar,T +6472mdegC
1593788959:[PRESS ,0038]P    -27mbar,T-21071mdegC
1593788963:[PRESS ,0038]P    -17mbar,T +6472mdegC
1593788967:[PRESS ,0038]P     +3mbar,T-21071mdegC
1593788968:[PRESS ,0038]P    +13mbar,T +6472mdegC
1593788973:[PRESS ,0038]P    +23mbar,T-21071mdegC
1593788987:[PRESS ,0038]P    +53mbar,T-31521mdegC
1593788990:[PRESS ,0038]P    +63mbar,T +6472mdegC
1593788992:[PRESS ,0038]P    +73mbar,T-21071mdegC
1593788995:[PRESS ,0038]P    +83mbar,T +6472mdegC
1593788998:[PRESS ,0038]P    +93mbar,T-21071mdegC
1593789004:[PRESS ,0038]P    +93mbar,T +6472mdegC
1593789017:[PRESS ,0038]P   +113mbar,T+16921mdegC
1593789020:[PRESS ,0038]P   +123mbar,T-21071mdegC
1593789023:[PRESS ,0038]P   +123mbar,T +6472mdegC
1593789031:[PRESS ,0038]P   +143mbar,T-21071mdegC
1593789034:[PRESS ,0038]P   +153mbar,T +6472mdegC
1593789040:[PRESS ,0038]P   +173mbar,T-21071mdegC
1593789043:[PRESS ,0038]P   +183mbar,T +6472mdegC
1593789048:[PRESS ,0038]P   +193mbar,T-21071mdegC
1593789067:[PRESS ,0038]P   +233mbar,T +6472mdegC
1593789070:[PRESS ,0038]P   +223mbar,T-21071mdegC
1593789073:[PRESS ,0038]P   +233mbar,T +6472mdegC
1593789079:[PRESS ,0038]P   +233mbar,T-21071mdegC
1593789081:[PRESS ,0038]P   +243mbar,T +6472mdegC
1593789082:[BYPASS,0035]bypass opening 10000ms
1593789087:[BYPASS,0104]battery 15105mV,  249734uA (bypass opening), P   +243mbar
1593789102:[BYPASS,0106]battery 15078mV,  290482uA (bypass closing), P   +243mbar
1593789103:[PRESS ,0038]P   +283mbar,T-21071mdegC
1593789109:[PRESS ,0038]P   +293mbar,T +6472mdegC
1593789111:[PRESS ,0038]P   +293mbar,T-21071mdegC
1593789114:[PRESS ,0038]P   +313mbar,T +6472mdegC
1593789116:[PRESS ,0038]P   +293mbar,T-21071mdegC
1593789118:[PRESS ,0038]P   +313mbar,T +6472mdegC
1593789120:[PRESS ,0038]P   +313mbar,T-21071mdegC
1593789121:[PRESS ,0038]P   +323mbar,T +6472mdegC
1593789125:[PRESS ,0038]P   +313mbar,T-21071mdegC
1593789127:[PRESS ,0038]P   +333mbar,T +6472mdegC
1593789129:[PRESS ,0038]P   +323mbar,T-21071mdegC
1593789131:[PRESS ,0038]P   +333mbar,T+16921mdegC
1593789134:[PRESS ,0038]P   +333mbar,T-21071mdegC
1593789140:[PRESS ,0038]P   +353mbar,T+16921mdegC
1593789143:[PRESS ,0038]P   +353mbar,T-21071mdegC
1593789154:[PRESS ,0038]P   +363mbar,T +6472mdegC
1593789156:[PRESS ,0038]P   +363mbar,T-21071mdegC
1593789170:[BYPASS,0035]bypass opening 10000ms
1593789175:[BYPASS,0104]battery 15113mV,  245952uA (bypass opening), P   +393mbar
1593789190:[BYPASS,0106]battery 15088mV,  290116uA (bypass closing), P   +393mbar
1593789192:[PRESS ,0038]P   +433mbar,T-21071mdegC
1593789194:[PRESS ,0038]P   +433mbar,T-31521mdegC
1593789196:[PRESS ,0038]P   +443mbar,T +6472mdegC
1593789198:[PRESS ,0038]P   +443mbar,T-21071mdegC
1593789199:[PRESS ,0038]P   +433mbar,T +6472mdegC
1593789201:[PRESS ,0038]P   +423mbar,T-21071mdegC
1593789205:[PRESS ,0038]P   +433mbar,T +6472mdegC
1593789207:[PRESS ,0038]P   +433mbar,T-21071mdegC
1593789214:[PRESS ,0038]P   +433mbar,T-31521mdegC
1593789216:[PRESS ,0038]P   +443mbar,T-21071mdegC
1593789217:[BYPASS,0035]bypass opening 10000ms
1593789222:[BYPASS,0104]battery 15112mV,  248880uA (bypass opening), P   +443mbar
1593789237:[BYPASS,0106]battery 15086mV,  289140uA (bypass closing), P   +443mbar
1593789243:[PRESS ,0038]P   +433mbar,T +6472mdegC
1593789248:[PRESS ,0038]P   +453mbar,T-21071mdegC
1593789250:[PRESS ,0038]P   +433mbar,T +6472mdegC
1593789252:[PRESS ,0038]P   +433mbar,T-21071mdegC
1593789254:[PRESS ,0038]P   +433mbar,T+16921mdegC
1593789255:[PRESS ,0038]P   +423mbar,T +6472mdegC
1593789261:[PRESS ,0038]P   +433mbar,T-21071mdegC
1593789263:[PRESS ,0038]P   +433mbar,T +6472mdegC
1593789264:[BYPASS,0035]bypass opening 10000ms
1593789269:[BYPASS,0104]battery 15107mV,  249246uA (bypass opening), P   +443mbar
1593789284:[BYPASS,0106]battery 15083mV,  288408uA (bypass closing), P   +443mbar
1593789286:[PRESS ,0038]P   +463mbar,T-21071mdegC
1593789288:[PRESS ,0038]P   +473mbar,T +6472mdegC
1593789292:[PRESS ,0038]P   +473mbar,T-21071mdegC
1593789297:[PRESS ,0038]P   +473mbar,T +6472mdegC
1593789299:[PRESS ,0038]P   +463mbar,T-21071mdegC
1593789301:[PRESS ,0038]P   +463mbar,T +6472mdegC
1593789304:[PRESS ,0038]P   +473mbar,T-21071mdegC
1593789309:[PRESS ,0038]P   +483mbar,T +6472mdegC
1593789311:[BYPASS,0035]bypass opening 10000ms
1593789316:[BYPASS,0104]battery 15105mV,  247904uA (bypass opening), P   +473mbar
1593789331:[BYPASS,0106]battery 15083mV,  287920uA (bypass closing), P   +473mbar
1593789340:[PRESS ,0038]P   +483mbar,T-21071mdegC
1593789342:[PRESS ,0038]P   +483mbar,T +6472mdegC
1593789344:[PRESS ,0038]P   +483mbar,T-21071mdegC
1593789347:[PRESS ,0038]P   +483mbar,T +6472mdegC
1593789351:[PRESS ,0038]P   +473mbar,T+16921mdegC
1593789353:[PRESS ,0038]P   +473mbar,T-21071mdegC
1593789355:[PRESS ,0038]P   +473mbar,T +6472mdegC
1593789358:[BYPASS,0035]bypass opening 10000ms
1593789363:[BYPASS,0104]battery 15105mV,  247660uA (bypass opening), P   +473mbar
1593789378:[BYPASS,0106]battery 15082mV,  287432uA (bypass closing), P   +473mbar
1593789382:[PRESS ,0038]P   +453mbar,T-21071mdegC
1593789386:[PRESS ,0038]P   +453mbar,T +6472mdegC
1593789391:[PRESS ,0038]P   +453mbar,T-21071mdegC
1593789394:[PRESS ,0038]P   +443mbar,T +6472mdegC
1593789396:[PRESS ,0038]P   +443mbar,T-21071mdegC
1593789400:[PRESS ,0038]P   +443mbar,T +6472mdegC
1593789402:[PRESS ,0038]P   +453mbar,T-21071mdegC
1593789405:[BYPASS,0035]bypass opening 10000ms
1593789410:[BYPASS,0104]battery 15105mV,  244000uA (bypass opening), P   +453mbar
1593789425:[BYPASS,0106]battery 15081mV,  286944uA (bypass closing), P   +453mbar
1593789434:[PRESS ,0038]P   +433mbar,T+16921mdegC
1593789438:[PRESS ,0038]P   +433mbar,T +6472mdegC
1593789441:[PRESS ,0038]P   +433mbar,T-21071mdegC
1593789443:[PRESS ,0038]P   +433mbar,T+16921mdegC
1593789445:[PRESS ,0038]P   +423mbar,T-21071mdegC
1593789452:[PRESS ,0038]P   +423mbar,T +6472mdegC
1593789452:[BYPASS,0035]bypass opening 10000ms
1593789457:[BYPASS,0104]battery 15105mV,  246928uA (bypass opening), P   +423mbar
1593789472:[BYPASS,0106]battery 15081mV,  286578uA (bypass closing), P   +423mbar
1593789474:[PRESS ,0038]P   +423mbar,T-21071mdegC
1593789478:[PRESS ,0038]P   +423mbar,T-31521mdegC
1593789479:[PRESS ,0038]P   +433mbar,T-21071mdegC
1593789483:[PRESS ,0038]P   +433mbar,T-31521mdegC
1593789485:[PRESS ,0038]P   +443mbar,T-21071mdegC
1593789487:[PRESS ,0038]P   +433mbar,T +6472mdegC
1593789488:[PRESS ,0038]P   +443mbar,T-21071mdegC
1593789494:[PRESS ,0038]P   +443mbar,T +6472mdegC
1593789496:[PRESS ,0038]P   +453mbar,T-21071mdegC
1593789499:[BYPASS,0035]bypass opening 10000ms
1593789504:[BYPASS,0104]battery 15102mV,  245464uA (bypass opening), P   +443mbar
1593789519:[BYPASS,0106]battery 15081mV,  286090uA (bypass closing), P   +443mbar
1593789521:[PRESS ,0038]P   +443mbar,T +6472mdegC
1593789523:[PRESS ,0038]P   +443mbar,T-21071mdegC
1593789525:[PRESS ,0038]P   +443mbar,T +6472mdegC
1593789526:[PRESS ,0038]P   +443mbar,T-21071mdegC
1593789530:[PRESS ,0038]P   +433mbar,T +6472mdegC
1593789534:[PRESS ,0038]P   +423mbar,T-21071mdegC
1593789541:[PRESS ,0038]P   +433mbar,T +6472mdegC
1593789544:[PRESS ,0038]P   +433mbar,T-21071mdegC
1593789546:[BYPASS,0035]bypass opening 10000ms
1593789551:[BYPASS,0104]battery 15101mV,  247050uA (bypass opening), P   +413mbar
1593789566:[BYPASS,0106]battery 15080mV,  285724uA (bypass closing), P   +413mbar
1593789568:[PRESS ,0038]P   +403mbar,T +6472mdegC
1593789570:[PRESS ,0038]P   +393mbar,T-21071mdegC
1593789572:[PRESS ,0038]P   +403mbar,T +6472mdegC
1593789575:[PRESS ,0038]P   +393mbar,T-21071mdegC
1593789577:[PRESS ,0038]P   +393mbar,T +6472mdegC
1593789582:[PRESS ,0038]P   +393mbar,T-21071mdegC
1593789584:[PRESS ,0038]P   +393mbar,T +6472mdegC
1593789588:[PRESS ,0038]P   +393mbar,T-21071mdegC
1593789591:[PRESS ,0038]P   +403mbar,T +6472mdegC
1593789593:[PRESS ,0038]P   +403mbar,T-21071mdegC
1593789593:[BYPASS,0035]bypass opening 10000ms
1593789598:[BYPASS,0104]battery 15105mV,  245708uA (bypass opening), P   +403mbar
1593789613:[BYPASS,0106]battery 15080mV,  285480uA (bypass closing), P   +403mbar
1593789615:[PRESS ,0038]P   +433mbar,T-31521mdegC
1593789617:[PRESS ,0038]P   +453mbar,T-21071mdegC
1593789619:[PRESS ,0038]P   +443mbar,T +6472mdegC
1593789620:[PRESS ,0038]P   +443mbar,T-21071mdegC
1593789622:[PRESS ,0038]P   +453mbar,T +6472mdegC
1593789626:[PRESS ,0038]P   +453mbar,T-21071mdegC
1593789629:[PRESS ,0038]P   +463mbar,T +6472mdegC
1593789631:[PRESS ,0038]P   +463mbar,T-31521mdegC
1593789633:[PRESS ,0038]P   +463mbar,T +6472mdegC
1593789635:[PRESS ,0038]P   +443mbar,T-21071mdegC
1593789637:[PRESS ,0038]P   +463mbar,T +6472mdegC
1593789638:[PRESS ,0038]P   +463mbar,T-21071mdegC
1593789640:[PRESS ,0038]P   +463mbar,T +6472mdegC
1593789640:[BYPASS,0035]bypass opening 10000ms
1593789645:[BYPASS,0104]battery 15103mV,  244854uA (bypass opening), P   +463mbar
1593789660:[BYPASS,0106]battery 15080mV,  285114uA (bypass closing), P   +463mbar
1593789662:[PRESS ,0038]P   +443mbar,T-31521mdegC
1593789664:[PRESS ,0038]P   +443mbar,T +6472mdegC
1593789666:[PRESS ,0038]P   +443mbar,T-21071mdegC
1593789668:[PRESS ,0038]P   +433mbar,T +6472mdegC
1593789676:[PRESS ,0038]P   +413mbar,T-21071mdegC
1593789678:[PRESS ,0038]P   +423mbar,T +6472mdegC
1593789682:[PRESS ,0038]P   +413mbar,T-21071mdegC
1593789684:[PRESS ,0038]P   +413mbar,T +6472mdegC
1593789685:[PRESS ,0038]P   +413mbar,T-21071mdegC
1593789687:[PRESS ,0038]P   +403mbar,T +6472mdegC
1593789687:[BYPASS,0035]bypass opening 10000ms
1593789692:[BYPASS,0104]battery 15102mV,  245830uA (bypass opening), P   +403mbar
1593789707:[BYPASS,0106]battery 15080mV,  284870uA (bypass closing), P   +403mbar
1593789713:[PRESS ,0038]P   +383mbar,T-21071mdegC
1593789715:[PRESS ,0038]P   +403mbar,T +6472mdegC
1593789716:[PRESS ,0038]P   +393mbar,T-21071mdegC
1593789718:[PRESS ,0038]P   +393mbar,T +6472mdegC
1593789725:[PRESS ,0038]P   +383mbar,T+16921mdegC
1593789727:[PRESS ,0038]P   +393mbar,T-21071mdegC
1593789729:[PRESS ,0038]P   +383mbar,T +6472mdegC
1593789731:[PRESS ,0038]P   +383mbar,T-21071mdegC
1593789734:[BYPASS,0035]bypass opening 10000ms
1593789739:[BYPASS,0104]battery 15101mV,  244732uA (bypass opening), P   +383mbar
1593789754:[BYPASS,0106]battery 15080mV,  284626uA (bypass closing), P   +383mbar
1593789761:[PRESS ,0038]P   +393mbar,T-31521mdegC
1593789763:[PRESS ,0038]P   +383mbar,T +6472mdegC
1593789765:[PRESS ,0038]P   +393mbar,T-21071mdegC
1593789767:[PRESS ,0038]P   +393mbar,T +6472mdegC
1593789772:[PRESS ,0038]P   +403mbar,T-21071mdegC
1593789779:[PRESS ,0038]P   +393mbar,T +6472mdegC
1593789781:[BYPASS,0035]bypass opening 10000ms
1593789786:[BYPASS,0104]battery 15102mV,  242536uA (bypass opening), P   +403mbar
1593789801:[BYPASS,0106]battery 15080mV,  284260uA (bypass closing), P   +403mbar
1593789805:[PRESS ,0038]P   +453mbar,T-21071mdegC
1593789808:[PRESS ,0038]P   +463mbar,T +6472mdegC
1593789810:[PRESS ,0038]P   +463mbar,T-21071mdegC
1593789816:[PRESS ,0038]P   +463mbar,T +6472mdegC
1593789819:[PRESS ,0038]P   +463mbar,T-21071mdegC
1593789821:[PRESS ,0038]P   +473mbar,T +6472mdegC
1593789826:[PRESS ,0038]P   +473mbar,T-21071mdegC
1593789828:[PRESS ,0038]P   +473mbar,T +6472mdegC
1593789828:[BYPASS,0035]bypass opening 10000ms
1593789833:[BYPASS,0104]battery 15103mV,  242414uA (bypass opening), P   +473mbar
1593789848:[BYPASS,0106]battery 15080mV,  284016uA (bypass closing), P   +473mbar
1593789854:[PRESS ,0038]P   +483mbar,T-21071mdegC
1593789857:[PRESS ,0038]P   +493mbar,T +6472mdegC
1593789859:[PRESS ,0038]P   +493mbar,T-21071mdegC
1593789861:[PRESS ,0038]P   +483mbar,T +6472mdegC
1593789863:[PRESS ,0038]P   +473mbar,T-31521mdegC
1593789864:[PRESS ,0038]P   +483mbar,T +6472mdegC
1593789868:[PRESS ,0038]P   +473mbar,T-31521mdegC
1593789870:[PRESS ,0038]P   +473mbar,T +6472mdegC
1593789872:[PRESS ,0038]P   +473mbar,T-31521mdegC
1593789873:[PRESS ,0038]P   +473mbar,T +6472mdegC
1593789875:[BYPASS,0035]bypass opening 10000ms
1593789880:[BYPASS,0104]battery 15103mV,  242292uA (bypass opening), P   +473mbar
1593789895:[BYPASS,0106]battery 15081mV,  283772uA (bypass closing), P   +473mbar
1593789897:[PRESS ,0038]P   +483mbar,T-21071mdegC
1593789904:[PRESS ,0038]P   +493mbar,T +6472mdegC
1593789910:[PRESS ,0038]P   +493mbar,T-21071mdegC
1593789911:[PRESS ,0038]P   +503mbar,T +6472mdegC
1593789913:[PRESS ,0038]P   +503mbar,T-21071mdegC
1593789922:[PRESS ,0038]P   +503mbar,T +6472mdegC
1593789924:[DIVING,0028]503mbar reached (+0mbar/s), 26 bypass done
1593789924:[MAIN  ,0056]stage[0]
1593789927:[MAIN  ,0024]internal pressure 83004Pa
1593789927:[BUOY  ,0037]P   +513mbar
1593789927:[STAGE ,0080]Stage [0] 5000mbar (+/-500mbar) 1800s (<1593791724s) 
1593789929:<WARN>[BUOY  ,0094]stage[0] should DESCENT, stuck at 503mbar for the #1 time
1593789929:[BUOY  ,0087]from +0mbar/s to +4mbar/s
1593789929:[BUOY  ,0090]need to transfer -26mL (valve during 15068ms)
1593789929:[VALVE ,0034]valve opening 15068ms
1593789945:[VALVE ,0234]battery 14991mV,  477386uA, P   +503mbar
1593789990:[PRESS ,0038]P   +583mbar,T +6472mdegC
1593789994:[PRESS ,0038]P   +583mbar,T-21071mdegC
1593789997:[PRESS ,0038]P   +593mbar,T +6472mdegC
1593790003:[PRESS ,0038]P   +593mbar,T-21071mdegC
1593790004:[PRESS ,0038]P   +593mbar,T +6472mdegC
1593790006:[PRESS ,0038]P   +583mbar,T-21071mdegC
1593790008:[PRESS ,0038]P   +603mbar,T +6472mdegC
1593790010:[PRESS ,0038]P   +593mbar,T-21071mdegC
1593790015:[PRESS ,0038]P   +603mbar,T +6472mdegC
1593790015:[BUOY  ,0087]from +1mbar/s to +4mbar/s
1593790015:[BUOY  ,0090]need to transfer -24mL (valve during 12750ms)
1593790015:[VALVE ,0034]valve opening 12750ms
1593790028:[VALVE ,0234]battery 14988mV,  471286uA, P   +603mbar
1593790076:[PRESS ,0038]P   +713mbar,T-31521mdegC
1593790078:[PRESS ,0038]P   +713mbar,T +6472mdegC
1593790085:[PRESS ,0038]P   +733mbar,T-21071mdegC
1593790087:[PRESS ,0038]P   +743mbar,T +6472mdegC
1593790089:[PRESS ,0038]P   +743mbar,T-21071mdegC
1593790090:[PRESS ,0038]P   +743mbar,T +6472mdegC
1593790092:[PRESS ,0038]P   +753mbar,T-21071mdegC
1593790099:[PRESS ,0038]P   +763mbar,T +6472mdegC
1593790162:[PRESS ,0038]P   +963mbar,T+16921mdegC
1593790164:[PRESS ,0038]P   +953mbar,T-31521mdegC
1593790165:[PRESS ,0038]P   +963mbar,T-21071mdegC
1593790167:[PRESS ,0038]P   +963mbar,T-31521mdegC
1593790169:[PRESS ,0038]P   +973mbar,T +6472mdegC
1593790178:[PRESS ,0038]P   +993mbar,T-21071mdegC
1593790180:[PRESS ,0038]P  +1003mbar,T+16921mdegC
1593790181:[PRESS ,0038]P  +1003mbar,T-21071mdegC
1593790185:[PRESS ,0038]P  +1013mbar,T +6472mdegC
1593790187:[PRESS ,0038]P  +1013mbar,T-21071mdegC
1593790187:[BUOY  ,0087]from +2mbar/s to +4mbar/s
1593790187:[BUOY  ,0090]need to transfer -20mL (valve during 8226ms)
1593790187:[VALVE ,0034]valve opening 8226ms
1593790195:[VALVE ,0234]battery 15011mV,  475312uA, P  +1013mbar
1593790248:[PRESS ,0038]P  +1253mbar,T +6472mdegC
1593790258:[PRESS ,0038]P  +1283mbar,T-21071mdegC
1593790262:[PRESS ,0038]P  +1293mbar,T +6472mdegC
1593790264:[PRESS ,0038]P  +1293mbar,T-21071mdegC
1593790267:[PRESS ,0038]P  +1313mbar,T +6472mdegC
1593790271:[PRESS ,0038]P  +1343mbar,T-31521mdegC
1593790273:[PRESS ,0038]P  +1343mbar,T +6472mdegC
1593790333:[PRESS ,0038]P  +1563mbar,T-31521mdegC
1593790335:[PRESS ,0038]P  +1593mbar,T-21071mdegC
1593790337:[PRESS ,0038]P  +1593mbar,T +6472mdegC
1593790341:[PRESS ,0038]P  +1613mbar,T-21071mdegC
1593790342:[PRESS ,0038]P  +1623mbar,T +6472mdegC
1593790344:[PRESS ,0038]P  +1623mbar,T-31521mdegC
1593790346:[PRESS ,0038]P  +1643mbar,T +6472mdegC
1593790350:[PRESS ,0038]P  +1663mbar,T-21071mdegC
1593790351:[PRESS ,0038]P  +1673mbar,T +6472mdegC
1593790355:[PRESS ,0038]P  +1683mbar,T-31521mdegC
1593790357:[PRESS ,0038]P  +1703mbar,T+16921mdegC
1593790359:[PRESS ,0038]P  +1713mbar,T +6472mdegC
1593790419:[PRESS ,0038]P  +2013mbar,T-21071mdegC
1593790421:[PRESS ,0038]P  +2023mbar,T +6472mdegC
1593790428:[PRESS ,0038]P  +2023mbar,T-21071mdegC
1593790430:[PRESS ,0038]P  +2013mbar,T-31521mdegC
1593790432:[PRESS ,0038]P  +2023mbar,T +6472mdegC
1593790439:[PRESS ,0038]P  +2013mbar,T-31521mdegC
1593790441:[PRESS ,0038]P  +2023mbar,T+16921mdegC
1593790442:[PRESS ,0038]P  +2003mbar,T-21071mdegC
1593790444:<WARN>[BUOY  ,0094]stage[0] should DESCENT, stuck at 2023mbar for the #1 time
1593790444:[BUOY  ,0087]from +0mbar/s to +4mbar/s
1593790444:[BUOY  ,0090]need to transfer -26mL (valve during 7534ms)
1593790444:[VALVE ,0034]valve opening 7534ms
1593790452:[VALVE ,0234]battery 15047mV,  478118uA, P  +2023mbar
1593790505:[PRESS ,0038]P  +2083mbar,T +6472mdegC
1593790511:[PRESS ,0038]P  +2073mbar,T-21071mdegC
1593790512:[PRESS ,0038]P  +2073mbar,T +6472mdegC
1593790516:[PRESS ,0038]P  +2063mbar,T-21071mdegC
1593790519:[PRESS ,0038]P  +2073mbar,T +6472mdegC
1593790523:[PRESS ,0038]P  +2073mbar,T-21071mdegC
1593790525:[PRESS ,0038]P  +2063mbar,T +6472mdegC
1593790530:[PRESS ,0038]P  +2073mbar,T-21071mdegC
1593790530:<WARN>[BUOY  ,0094]stage[0] should DESCENT, stuck at 2073mbar for the #2 time
1593790530:[BUOY  ,0087]from +0mbar/s to +4mbar/s
1593790530:[BUOY  ,0090]need to transfer -26mL (valve during 7367ms)
1593790530:[VALVE ,0034]valve opening 7367ms
1593790538:[VALVE ,0234]battery 15047mV,  475556uA, P  +2073mbar
1593790591:[PRESS ,0038]P  +2153mbar,T +6472mdegC
1593790603:[PRESS ,0038]P  +2163mbar,T-21071mdegC
1593790607:[PRESS ,0038]P  +2153mbar,T +6472mdegC
1593790611:[PRESS ,0038]P  +2153mbar,T-21071mdegC
1593790616:[PRESS ,0038]P  +2163mbar,T +6472mdegC
1593790616:<WARN>[BUOY  ,0094]stage[0] should DESCENT, stuck at 2163mbar for the #3 time
1593790616:[BUOY  ,0087]from +0mbar/s to +4mbar/s
1593790616:[BUOY  ,0090]need to transfer -26mL (valve during 7207ms)
1593790616:[VALVE ,0034]valve opening 7207ms
1593790623:[VALVE ,0234]battery 15046mV,  474702uA, P  +2163mbar
1593790677:[PRESS ,0038]P  +2333mbar,T-31521mdegC
1593790680:[PRESS ,0038]P  +2343mbar,T +6472mdegC
1593790684:[PRESS ,0038]P  +2353mbar,T-21071mdegC
1593790686:[PRESS ,0038]P  +2363mbar,T +6472mdegC
1593790688:[PRESS ,0038]P  +2373mbar,T-21071mdegC
1593790691:[PRESS ,0038]P  +2383mbar,T+16921mdegC
1593790693:[PRESS ,0038]P  +2373mbar,T-21071mdegC
1593790698:[PRESS ,0038]P  +2403mbar,T +6472mdegC
1593790763:[PRESS ,0038]P  +2613mbar,T-21071mdegC
1593790764:[PRESS ,0038]P  +2613mbar,T-31521mdegC
1593790768:[PRESS ,0038]P  +2633mbar,T +6472mdegC
1593790773:[PRESS ,0038]P  +2653mbar,T-31521mdegC
1593790775:[PRESS ,0038]P  +2663mbar,T +6472mdegC
1593790777:[PRESS ,0038]P  +2663mbar,T-31521mdegC
1593790779:[PRESS ,0038]P  +2673mbar,T-21071mdegC
1593790782:[PRESS ,0038]P  +2683mbar,T +6472mdegC
1593790784:[PRESS ,0038]P  +2693mbar,T-21071mdegC
1593790788:[PRESS ,0038]P  +2703mbar,T +6472mdegC
1593790848:[PRESS ,0038]P  +2923mbar,T+16921mdegC
1593790850:[PRESS ,0038]P  +2923mbar,T +6472mdegC
1593790854:[PRESS ,0038]P  +2933mbar,T-21071mdegC
1593790863:[PRESS ,0038]P  +2973mbar,T+16921mdegC
1593790864:[PRESS ,0038]P  +2983mbar,T-21071mdegC
1593790866:[PRESS ,0038]P  +2983mbar,T+16921mdegC
1593790868:[PRESS ,0038]P  +3003mbar,T +6472mdegC
1593790870:[PRESS ,0038]P  +3003mbar,T-21071mdegC
1593790934:[PRESS ,0038]P  +3233mbar,T +6472mdegC
1593790939:[PRESS ,0038]P  +3253mbar,T-31521mdegC
1593790941:[PRESS ,0038]P  +3263mbar,T-21071mdegC
1593790948:[PRESS ,0038]P  +3283mbar,T +6472mdegC
1593790950:[PRESS ,0038]P  +3293mbar,T-21071mdegC
1593790952:[PRESS ,0038]P  +3313mbar,T +6472mdegC
1593790954:[PRESS ,0038]P  +3323mbar,T-21071mdegC
1593791020:[PRESS ,0038]P  +3643mbar,T+16921mdegC
1593791021:[PRESS ,0038]P  +3643mbar,T-21071mdegC
1593791034:[PRESS ,0038]P  +3703mbar,T+16921mdegC
1593791036:[PRESS ,0038]P  +3713mbar,T-21071mdegC
1593791038:[PRESS ,0038]P  +3733mbar,T+16921mdegC
1593791039:[PRESS ,0038]P  +3733mbar,T-21071mdegC
1593791041:[PRESS ,0038]P  +3743mbar,T+16921mdegC
1593791043:[PRESS ,0038]P  +3743mbar,T-21071mdegC
1593791045:[PRESS ,0038]P  +3773mbar,T +6472mdegC
1593791045:[BUOY  ,0087]from +5mbar/s to +2mbar/s
1593791045:[BUOY  ,0089]need to transfer +34mL (pump during 41013ms)
1593791053:[PUMP  ,0207]battery 15390mV,   19398uA (warmup), P  +3773mbar
1593791053:[PUMP  ,0016]pump during 41013ms
1593791094:[PUMP  ,0212]battery 15156mV,  337696uA (steady state), P  +3773mbar
1593791109:[PRESS ,0038]P  +3983mbar,T+16921mdegC
1593791116:[PRESS ,0038]P  +4003mbar,T-10625mdegC
1593791118:[PRESS ,0038]P  +3983mbar,T+16921mdegC
1593791119:[PRESS ,0038]P  +3993mbar,T-10625mdegC
1593791121:[PRESS ,0038]P  +4003mbar,T+16921mdegC
1593791125:[PRESS ,0038]P  +4003mbar,T-21071mdegC
1593791127:[PRESS ,0038]P  +4003mbar,T-10625mdegC
1593791128:[PRESS ,0038]P  +4013mbar,T+16921mdegC
1593791132:[PRESS ,0038]P  +4013mbar,T-10625mdegC
1593791134:[PRESS ,0038]P  +4013mbar,T+16921mdegC
1593791202:[PRESS ,0038]P  +4053mbar,T-21071mdegC
1593791203:[PRESS ,0038]P  +4053mbar,T+16921mdegC
1593791207:[PRESS ,0038]P  +4053mbar,T-10625mdegC
1593791209:[PRESS ,0038]P  +4043mbar,T+16921mdegC
1593791214:[PRESS ,0038]P  +4053mbar,T-10625mdegC
1593791216:[PRESS ,0038]P  +4053mbar,T+16921mdegC
1593791218:[PRESS ,0038]P  +4063mbar,T-10625mdegC
1593791220:[PRESS ,0038]P  +4053mbar,T+16921mdegC
1593791220:<WARN>[BUOY  ,0094]stage[0] should DESCENT, stuck at 4053mbar for the #1 time
1593791220:[BUOY  ,0087]from +0mbar/s to +2mbar/s
1593791220:[BUOY  ,0090]need to transfer -6mL (valve during 1214ms)
1593791220:[VALVE ,0034]valve opening 1214ms
1593791221:[VALVE ,0234]battery 15042mV,  478972uA, P  +4053mbar
1593791280:[PRESS ,0038]P  +4123mbar,T-10625mdegC
1593791288:[PRESS ,0038]P  +4133mbar,T+16921mdegC
1593791289:[PRESS ,0038]P  +4143mbar,T-10625mdegC
1593791295:[PRESS ,0038]P  +4143mbar,T+27364mdegC
1593791297:[PRESS ,0038]P  +4153mbar,T-10625mdegC
1593791298:[PRESS ,0038]P  +4153mbar,T+27364mdegC
1593791305:[PRESS ,0038]P  +4163mbar,T-10625mdegC
1593791366:[PRESS ,0038]P  +4253mbar,T+16921mdegC
1593791368:[PRESS ,0038]P  +4263mbar,T-10625mdegC
1593791371:[PRESS ,0038]P  +4263mbar,T+16921mdegC
1593791373:[PRESS ,0038]P  +4273mbar,T+27364mdegC
1593791375:[PRESS ,0038]P  +4273mbar,T-10625mdegC
1593791379:[PRESS ,0038]P  +4273mbar,T+27364mdegC
1593791380:[PRESS ,0038]P  +4283mbar,T+16921mdegC
1593791384:[PRESS ,0038]P  +4273mbar,T-10625mdegC
1593791389:[PRESS ,0038]P  +4283mbar,T+27364mdegC
1593791391:[PRESS ,0038]P  +4293mbar,T+16921mdegC
1593791452:[PRESS ,0038]P  +4383mbar,T-10625mdegC
1593791455:[PRESS ,0038]P  +4393mbar,T+16921mdegC
1593791457:[PRESS ,0038]P  +4393mbar,T-10625mdegC
1593791461:[PRESS ,0038]P  +4403mbar,T+16921mdegC
1593791463:[PRESS ,0038]P  +4403mbar,T-10625mdegC
1593791464:[PRESS ,0038]P  +4413mbar,T+27364mdegC
1593791468:[PRESS ,0038]P  +4423mbar,T-10625mdegC
1593791475:[PRESS ,0038]P  +4443mbar,T+27364mdegC
1593791477:[PRESS ,0038]P  +4453mbar,T-10625mdegC
1593791538:[PRESS ,0038]P  +4563mbar,T-10625mdegC
1593791539:[PRESS ,0038]P  +4563mbar,T+27364mdegC
1593791541:[PRESS ,0038]P  +4563mbar,T+16921mdegC
1593791543:[PRESS ,0038]P  +4573mbar,T-10625mdegC
1593791545:[PRESS ,0038]P  +4583mbar,T+27364mdegC
1593791548:[PRESS ,0038]P  +4583mbar,T-10625mdegC
1593791550:[PRESS ,0038]P  +4603mbar,T+16921mdegC
1593791552:[PRESS ,0038]P  +4603mbar,T+27364mdegC
1593791556:[PRESS ,0038]P  +4603mbar,T-10625mdegC
1593791559:[PRESS ,0038]P  +4623mbar,T  -183mdegC
1593791561:[PRESS ,0038]P  +4623mbar,T+27364mdegC
1593791563:[PRESS ,0038]P  +4623mbar,T+16921mdegC
1593791563:[STAGE ,0213]4623mbar reached at 1593791563s, ref 5000mbar +/-500mbar
1593791563:[BUOY  ,0087]from +3mbar/s to +0mbar/s
1593791563:[BUOY  ,0089]need to transfer +14mL (pump during 16877ms)
1593791571:[PUMP  ,0207]battery 15391mV,   19398uA (warmup), P  +4623mbar
1593791571:[PUMP  ,0016]pump during 16877ms
1593791587:[PUMP  ,0212]battery 15151mV,  344040uA (steady state), P  +4623mbar
1593791627:[PRESS ,0038]P  +4683mbar,T+27364mdegC
1593791630:[PRESS ,0038]P  +4683mbar,T-10625mdegC
1593791634:[PRESS ,0038]P  +4673mbar,T+27364mdegC
1593791643:[PRESS ,0038]P  +4673mbar,T-10625mdegC
1593791645:[PRESS ,0038]P  +4663mbar,T+27364mdegC
1593791652:[BUOY  ,0087]from -1mbar/s to +0mbar/s
1593791652:[BUOY  ,0090]need to transfer -2mL (valve during 375ms)
1593791652:[VALVE ,0034]valve opening 375ms
1593791713:[PRESS ,0038]P  +4623mbar,T  -183mdegC
1593791714:[PRESS ,0038]P  +4633mbar,T+27364mdegC
1593791718:[PRESS ,0038]P  +4633mbar,T-10625mdegC
1593791720:[PRESS ,0038]P  +4623mbar,T+27364mdegC
1593791737:[MAIN  ,0140]stage[0] complete 1813s after mission start
1593791737:[MAIN  ,0056]stage[1]
1593791740:[MAIN  ,0024]internal pressure 82425Pa
1593791741:[MRMAID,0002]acq started
1593791751:[BUOY  ,0037]P  +4633mbar
1593791751:[STAGE ,0080]Stage [1] 5000mbar (+/-500mbar) 1800s (<1593793524s) MERMAID
1593791753:[STAGE ,0213]4633mbar reached at 1593791753s, ref 5000mbar +/-500mbar
1593791814:[PRESS ,0038]P  +4663mbar,T-10625mdegC
1593791874:[PRESS ,0038]P  +4683mbar,T  -183mdegC
1593791913:[MRMAID,0027]47dbar, 0degC
1593791935:[PRESS ,0038]P  +4743mbar,T-27733mdegC
1593791996:[PRESS ,0038]P  +4783mbar,T+27364mdegC
1593792056:[PRESS ,0038]P  +4803mbar,T  -183mdegC
1593792117:[PRESS ,0038]P  +4813mbar,T+27364mdegC
1593792178:[PRESS ,0038]P  +4863mbar,T-27733mdegC
1593792360:[PRESS ,0038]P  +4863mbar,T+27364mdegC
1593792420:[PRESS ,0038]P  +4903mbar,T  -183mdegC
1593792542:[PRESS ,0038]P  +5043mbar,T  -183mdegC
1593792602:[PRESS ,0038]P  +5103mbar,T  -183mdegC
1593792663:[PRESS ,0038]P  +5173mbar,T-27733mdegC
1593792663:[BUOY  ,0087]from +1mbar/s to +0mbar/s
1593792663:[BUOY  ,0089]need to transfer +2mL (pump during 2400ms)
1593792672:[PUMP  ,0207]battery 15437mV,   19764uA (warmup), P  +5173mbar
1593792672:[PUMP  ,0016]pump during 2400ms
1593792687:[MRMAID,0184]acq already started
1593792737:[PRESS ,0038]P  +5233mbar,T  -183mdegC
1593792739:[PRESS ,0038]P  +5233mbar,T+27364mdegC
1593792741:[PRESS ,0038]P  +5233mbar,T  -183mdegC
1593792743:[PRESS ,0038]P  +5243mbar,T-27733mdegC
1593792745:[PRESS ,0038]P  +5233mbar,T  -183mdegC
1593792748:[PRESS ,0038]P  +5243mbar,T-27733mdegC
1593792761:[PRESS ,0038]P  +5243mbar,T  -183mdegC
1593792762:[PRESS ,0038]P  +5253mbar,T-27733mdegC
1593792762:[BUOY  ,0087]from +1mbar/s to +0mbar/s
1593792763:[BUOY  ,0089]need to transfer +2mL (pump during 2400ms)
1593792771:[PUMP  ,0207]battery 15433mV,   20618uA (warmup), P  +5253mbar
1593792771:[PUMP  ,0016]pump during 2400ms
1593792786:[MRMAID,0184]acq already started
1593792837:[PRESS ,0038]P  +5273mbar,T  -183mdegC
1593792842:[PRESS ,0038]P  +5293mbar,T+27364mdegC
1593792844:[PRESS ,0038]P  +5273mbar,T  -183mdegC
1593792846:[PRESS ,0038]P  +5273mbar,T-27733mdegC
1593792855:[PRESS ,0038]P  +5283mbar,T  -183mdegC
1593792857:[PRESS ,0038]P  +5283mbar,T-27733mdegC
1593792862:[PRESS ,0038]P  +5273mbar,T+10253mdegC
1593792923:[PRESS ,0038]P  +5293mbar,T-27733mdegC
1593793014:[MRMAID,0059]stop canceled
1593793029:[MRMAID,0005]ascent request rejected
1593793117:[MRMAID,0027]53dbar, -28degC
1593793165:[PRESS ,0038]P  +5363mbar,T-27733mdegC
1593793226:[PRESS ,0038]P  +5363mbar,T  -183mdegC
1593793287:[PRESS ,0038]P  +5383mbar,T-27733mdegC
1593793468:[PRESS ,0038]P  +5453mbar,T-27733mdegC
1593793529:[PRESS ,0038]P  +5433mbar,T  -183mdegC
1593793529:[MAIN  ,0140]stage[1] complete 3605s after mission start
1593794133:<ERR>[MRMAID,0008]acq not stopped
1593794217:[MRMAID,0003]acq stopped
1593794217:[MRMAID,0052]Mermaid $MEASFS,96981,2423.668487,40.014136;
1593794233:[MRMAID,0005]ascent request rejected
1593794254:[MSSION,0192]mission stopped, 2 stage(s) done
1593794254:[MAIN  ,0065]surfacing
1593794256:[PRESS ,0038]P  +5633mbar,T-27733mdegC
1593794256:[SURFIN,0036]P  +5633mbar
1593794264:[PUMP  ,0207]battery 15457mV,   19520uA (warmup), P  +5633mbar
1593794264:[PUMP  ,0016]pump during 60000ms
1593794323:[PUMP  ,0212]battery 15188mV,  350994uA (steady state), P  +5633mbar
1593794381:[PRESS ,0038]P  +5243mbar,T+10253mdegC
1593794382:[PRESS ,0038]P  +5243mbar,T-27733mdegC
1593794388:[PRESS ,0038]P  +5213mbar,T+10253mdegC
1593794391:[PRESS ,0038]P  +5183mbar,T-27733mdegC
1593794393:[PRESS ,0038]P  +5183mbar,T+10253mdegC
1593794397:[PRESS ,0038]P  +5153mbar,T-17299mdegC
1593794402:[PRESS ,0038]P  +5133mbar,T+10253mdegC
1593794414:[PUMP  ,0207]battery 15356mV,   19398uA (warmup), P  +5113mbar
1593794414:[PUMP  ,0016]pump during 60000ms
1593794473:[PUMP  ,0212]battery 15096mV,  351360uA (steady state), P  +5113mbar
1593794530:[PRESS ,0038]P  +4323mbar,T+10253mdegC
1593794532:[PRESS ,0038]P  +4323mbar,T-27733mdegC
1593794536:[PRESS ,0038]P  +4293mbar,T+10253mdegC
1593794539:[PRESS ,0038]P  +4263mbar,T-27733mdegC
1593794543:[PRESS ,0038]P  +4253mbar,T+10253mdegC
1593794546:[PRESS ,0038]P  +4233mbar,T-17299mdegC
1593794548:[PRESS ,0038]P  +4203mbar,T+10253mdegC
1593794563:[PUMP  ,0207]battery 15283mV,   19398uA (warmup), P  +4163mbar
1593794564:[PUMP  ,0016]pump during 60000ms
1593794622:[PUMP  ,0212]battery 15031mV,  346480uA (steady state), P  +4163mbar
1593794680:[PRESS ,0038]P  +3333mbar,T+10253mdegC
1593794684:[PRESS ,0038]P  +3293mbar,T-27733mdegC
1593794686:[PRESS ,0038]P  +3293mbar,T+10253mdegC
1593794689:[PRESS ,0038]P  +3253mbar,T  -183mdegC
1593794691:[PRESS ,0038]P  +3253mbar,T+10253mdegC
1593794693:[PRESS ,0038]P  +3243mbar,T-17299mdegC
1593794695:[PRESS ,0038]P  +3213mbar,T+10253mdegC
1593794702:[PRESS ,0038]P  +3173mbar,T-27733mdegC
1593794703:[PRESS ,0038]P  +3143mbar,T-17299mdegC
1593794705:[PRESS ,0038]P  +3133mbar,T+10253mdegC
1593794827:[PRESS ,0038]P  +2313mbar,T-17299mdegC
1593794835:[PUMP  ,0207]battery 15282mV,   19520uA (warmup), P  +2313mbar
1593794835:[PUMP  ,0016]pump during 60000ms
1593794894:[PUMP  ,0212]battery 15030mV,  338428uA (steady state), P  +2313mbar
1593794952:[PRESS ,0038]P  +1883mbar,T+10253mdegC
1593794964:[PRESS ,0038]P  +1883mbar,T-17299mdegC
1593794966:[PRESS ,0038]P  +1873mbar,T+10253mdegC
1593794969:[PRESS ,0038]P  +1863mbar,T-17299mdegC
1593794971:[PRESS ,0038]P  +1873mbar,T+10253mdegC
1593794973:[PRESS ,0038]P  +1863mbar,T-17299mdegC
1593794975:[PRESS ,0038]P  +1873mbar,T+10253mdegC
1593794977:[PRESS ,0038]P  +1873mbar,T-17299mdegC
1593794985:[PUMP  ,0207]battery 15233mV,   19520uA (warmup), P  +1873mbar
1593794985:[PUMP  ,0016]pump during 60000ms
1593795044:[PUMP  ,0212]battery 14987mV,  331962uA (steady state), P  +1873mbar
1593795102:[PRESS ,0038]P  +1763mbar,T+10253mdegC
1593795110:[PRESS ,0038]P  +1753mbar,T  -183mdegC
1593795112:[PRESS ,0038]P  +1753mbar,T+10253mdegC
1593795114:[PRESS ,0038]P  +1763mbar,T-27733mdegC
1593795116:[PRESS ,0038]P  +1753mbar,T+10253mdegC
1593795118:[PRESS ,0038]P  +1753mbar,T-17299mdegC
1593795119:[PRESS ,0038]P  +1753mbar,T+20684mdegC
1593795121:[PRESS ,0038]P  +1753mbar,T-17299mdegC
1593795123:[PRESS ,0038]P  +1753mbar,T+10253mdegC
1593795125:[PRESS ,0038]P  +1753mbar,T-17299mdegC
1593795127:[PRESS ,0038]P  +1753mbar,T+10253mdegC
1593795135:[PUMP  ,0207]battery 15203mV,   19520uA (warmup), P  +1753mbar
1593795135:[PUMP  ,0016]pump during 60000ms
1593795194:[PUMP  ,0212]battery 14956mV,  337330uA (steady state), P  +1753mbar
1593795251:[PRESS ,0038]P  +1203mbar,T+10253mdegC
1593795255:[PRESS ,0038]P  +1173mbar,T-27733mdegC
1593795257:[PRESS ,0038]P  +1163mbar,T+10253mdegC
1593795260:[PRESS ,0038]P  +1133mbar,T-27733mdegC
1593795262:[PRESS ,0038]P  +1123mbar,T+10253mdegC
1593795264:[PRESS ,0038]P  +1113mbar,T-27733mdegC
1593795268:[PRESS ,0038]P  +1083mbar,T+10253mdegC
1593795269:[PRESS ,0038]P  +1073mbar,T-27733mdegC
1593795271:[PRESS ,0038]P  +1053mbar,T+10253mdegC
1593795273:[PRESS ,0038]P  +1023mbar,T-27733mdegC
1593795275:[PRESS ,0038]P  +1023mbar,T+10253mdegC
1593795277:[PRESS ,0038]P   +993mbar,T-27733mdegC
1593795398:[PRESS ,0038]P    +23mbar,T-27733mdegC
1593795402:[PRESS ,0038]P    +13mbar,T  -183mdegC
1593795402:[SURFIN,0020]filling external bladder
1593795410:[PUMP  ,0207]battery 15246mV,   19642uA (warmup), P    +13mbar
1593795410:[PUMP  ,0016]pump during 300000ms
1593795708:[PUMP  ,0212]battery 14670mV, 1081042uA (steady state), P    +13mbar
1593795720:[PUMP  ,0207]battery 14710mV,   19154uA (warmup), P    +13mbar
1593795720:[PUMP  ,0016]pump during 300000ms
1593795835:[PUMP  ,0212]battery 14327mV, 1029436uA (steady state), P    +13mbar
1593795837:[SURFIN,0019]external bladder full
1593795838:[PRESS ,0038]P   +100mbar,T  -183mdegC
1593795840:[PRESS ,0038]P   +110mbar,T+27364mdegC
1593795842:[PRESS ,0038]P   +110mbar,T  -183mdegC
1593795847:[PRESS ,0038]P   +100mbar,T+27364mdegC
1593795856:[PRESS ,0038]P   +100mbar,T-10625mdegC
1593795858:[PRESS ,0038]P   +100mbar,T  -183mdegC
1593795860:[PRESS ,0038]P   +110mbar,T+27364mdegC
1593795862:[PRESS ,0038]P   +110mbar,T-10625mdegC
1593795898:[MAIN  ,0272]Vbat 14935mV (min 14863mV)
1593795901:[MAIN  ,0024]internal pressure 79587Pa
1593795901:[MAIN  ,0043]Pext 103mbar (rng 20mbar)
1593795901:[MAIN  ,0064]surface
1593795912:[SURF  ,0022]GPS fix...
1593795932:[SURF  ,0015]10 PPS detected...
1593795933:[MRMAID,0052]Mermaid $GPSACK:+0,+0,+0,+0,+0,+0,-1098;
1593795943:[MRMAID,0052]Mermaid $GPSOFF:3686330;
1593795945:[GPSFIX,0179]+0s diff
1593795945:[SURF  ,0222]2020-07-03T17:05:45
1593795945:[SURF  ,0082]Latitude : N43deg40.942mn, Longitude :E007deg19.174mn
1593795945:[SURF  ,0223]fix3D,12satellites
1593795945:[SURF  ,0084]GPS fix GPGSA : hdop0.670,vdop0.820
1593795955:[SURF  ,0274]last almanac : 22474
1593796031:[MRMAID,0026]26009 bytes in 0060/5EFF6578.MER
1593796037:[MAIN  ,0320]New pressure offset: 103mbar
1593796037:[LOGBIN,0078]*** switching to 0060/5EFF65C5 ***
