1594105784:[MAIN  ,0007]buoy 452.120-R-0061
1594105784:[MAIN  ,0055]soft pilotage 452.012.300_V2.20-20200612
1594105784:[MAIN  ,0010]cycle 11
1594105784:[SURF  ,0225]surface2
1594105804:[SURF  ,0022]GPS fix...
1594105824:[SURF  ,0015]10 PPS detected...
1594105825:[MRMAID,0052]Mermaid $GPSACK:+0,+0,+0,+0,+0,+0,+0;
1594105835:[MRMAID,0052]Mermaid $GPSOFF:3686296;
1594105836:[GPSFIX,0179]-1s diff
1594105837:[SURF  ,0222]2020-07-07T07:10:37
1594105837:[SURF  ,0082]Latitude : N43deg40.938mn, Longitude :E007deg19.179mn
1594105837:[SURF  ,0223]fix3D,9satellites
1594105837:[SURF  ,0084]GPS fix GPGSA : hdop0.670,vdop0.820
1594105847:[SURF  ,0025]Iridium...
1594105887:[SURF  ,0009]connected in 40s, signal quality 5
1594105948:[SURF  ,0218]prompt received, remote cmd end
1594105948:[SURF  ,0012]16 cmd(s) received
1594105971:[UPLOAD,0248]Upload data files...
1594106190:[UPLOAD,0231]"0061/5F041F78.MER" uploaded at 98bytes/s
1594106414:[UPLOAD,0231]"0061/5F040499.BIN" uploaded at 67bytes/s
1594106508:[UPLOAD,0231]"0061/5F03E51B.BIN" uploaded at 114bytes/s
1594106610:[UPLOAD,0231]"0061/5F03503D.BIN" uploaded at 113bytes/s
1594106763:[UPLOAD,0231]"0061/5F03A667.BIN" uploaded at 96bytes/s
1594106770:[ZIO   ,0240]"NO CARRIER" received, aborting
1594107050:<ERR>[UPLOAD,0026]closing upload "0061"
1594107061:[MAIN  ,0013]5 file(s) uploaded
1594107081:[SURF  ,0014]disconnected after 1234s
1594107086:[SURFIN,0020]filling external bladder
1594107095:[PUMP  ,0207]battery 15278mV,   18178uA (warmup), P   +120mbar
1594107095:[PUMP  ,0016]pump during 300000ms
1594107103:[PUMP  ,0212]battery 14898mV,  999790uA (steady state), P   +120mbar
1594107105:[SURFIN,0019]external bladder full
1594107105:[SURF  ,0227]1st complete transfer
1594107105:[SURF  ,0226]Go dive (Minimum surface delay expired and no more file to upload)
1594107121:[SURF  ,0022]GPS fix...
1594107142:[SURF  ,0015]10 PPS detected...
1594107143:[MRMAID,0052]Mermaid $GPSACK:+0,+0,+0,+0,+0,+1,-999847;
1594107153:[MRMAID,0052]Mermaid $GPSOFF:3686295;
1594107154:[GPSFIX,0179]-1s diff
1594107155:[SURF  ,0222]2020-07-07T07:32:35
1594107155:[SURF  ,0082]Latitude : N43deg40.938mn, Longitude :E007deg19.178mn
1594107155:[SURF  ,0223]fix3D,9satellites
1594107155:[SURF  ,0084]GPS fix GPGSA : hdop0.680,vdop0.930
1594107172:[MAIN  ,0024]internal pressure 80455Pa
1594107173:[BYCMD ,0107]    FreeRTOS V8.2.3
1594107173:[BYCMD ,0108]    FatFS v11a
1594107173:[BYCMD ,0120]    bypass 10000ms 60000ms (20000ms 60000ms stored)
1594107173:[BYCMD ,0121]    valve 60000ms 12750 (60000ms 12750 stored)
1594107173:[BYCMD ,0122]    pump 60000ms 30% 10750 80% (60000ms 30% 10750 80% stored)
1594107173:[BYCMD ,0123]    rate 2mbar/s (2mbar/s stored)
1594107173:[BYCMD ,0124]    surface 500mbar (500mbar stored)
1594107173:[BYCMD ,0125]    near 1500mbar 3mbar/s (15000mbar 3mbar/s stored)
1594107173:[BYCMD ,0126]    far 2500mbar 4mbar/s (25000mbar 4mbar/s stored)
1594107173:[BYCMD ,0127]    ascent 8mbar/s (8mbar/s stored)
1594107173:[BYCMD ,0128]    dead 60s (300s stored)
1594107173:[BYCMD ,0129]    coeff 16/10 (16/10 stored)
1594107173:[BYCMD ,0130]    stab 10 (10 stored)
1594107173:[BYCMD ,0131]    delay 900s 3600s (900s 3600s stored)
1594107173:[BYCMD ,0132]    mmtime 2880min (2880min stored)
1594107173:[BYCMD ,0133]    dv_landing 100ml (100ml stored)
1594107173:[MKDCMD,0150]    p2t37: 15x2000ms, offset 121mbar
1594107173:[P2TCMD,0151]    p2t37: dp 50mbar, dt 5000mdegC
1594107174:[STAGE ,0080]Stage [0] 5000mbar (+/-500mbar) 1800s (<1800s) 
1594107174:[STAGE ,0080]Stage [1] 5000mbar (+/-500mbar) 1800s (<3600s) MERMAID
1594107174:[MAIN  ,0070]turn off bluetooth
1594107176:[PRESS ,0038]P    -21mbar,T+26903mdegC
1594107178:[PRESS ,0038]P    -11mbar,T  -160mdegC
1594107184:[PRESS ,0038]P    -11mbar,T-27224mdegC
1594107187:[PRESS ,0038]P    -21mbar,T+26903mdegC
1594107189:[PRESS ,0038]P     -1mbar,T  -160mdegC
1594107196:[PRESS ,0038]P     +9mbar,T-27224mdegC
1594107198:[PRESS ,0038]P     -1mbar,T  -160mdegC
1594107201:[PRESS ,0038]P     -1mbar,T-27224mdegC
1594107201:[DIVING,0141]diving from -1mbar, +1mbar/s
1594107201:[BYPASS,0035]bypass opening 60000ms
1594107207:[BYPASS,0104]battery 15142mV,  258762uA (bypass opening), P     -1mbar
1594107271:[BYPASS,0106]battery 15148mV,  295240uA (bypass closing), P     -1mbar
1594107273:[PRESS ,0038]P    -91mbar,T  -160mdegC
1594107282:[PRESS ,0038]P   -101mbar,T+26903mdegC
1594107284:[PRESS ,0038]P   -111mbar,T  -160mdegC
1594107291:[PRESS ,0038]P   -111mbar,T+11247mdegC
1594107293:[PRESS ,0038]P   -111mbar,T  -160mdegC
1594107295:[PRESS ,0038]P   -101mbar,T+26903mdegC
1594107296:[PRESS ,0038]P   -111mbar,T  -160mdegC
1594107298:[BYPASS,0035]bypass opening 10000ms
1594107303:[BYPASS,0104]battery 15166mV,  253882uA (bypass opening), P   -111mbar
1594107318:[BYPASS,0106]battery 15151mV,  293898uA (bypass closing), P   -111mbar
1594107327:[PRESS ,0038]P   -131mbar,T+26903mdegC
1594107329:[PRESS ,0038]P   -131mbar,T-27224mdegC
1594107331:[PRESS ,0038]P   -111mbar,T  -160mdegC
1594107334:[PRESS ,0038]P   -121mbar,T+26903mdegC
1594107336:[PRESS ,0038]P   -121mbar,T  -160mdegC
1594107338:[PRESS ,0038]P   -121mbar,T+26903mdegC
1594107340:[PRESS ,0038]P   -121mbar,T-27224mdegC
1594107342:[PRESS ,0038]P   -121mbar,T  -160mdegC
1594107344:[PRESS ,0038]P   -121mbar,T-27224mdegC
1594107345:[PRESS ,0038]P   -121mbar,T+26903mdegC
1594107345:[BYPASS,0035]bypass opening 10000ms
1594107350:[BYPASS,0104]battery 15171mV,  258884uA (bypass opening), P   -121mbar
1594107365:[BYPASS,0106]battery 15155mV,  292922uA (bypass closing), P   -121mbar
1594107367:[PRESS ,0038]P   -131mbar,T  -160mdegC
1594107385:[PRESS ,0038]P   -151mbar,T-27224mdegC
1594107387:[PRESS ,0038]P   -141mbar,T  -160mdegC
1594107392:[BYPASS,0035]bypass opening 10000ms
1594107397:[BYPASS,0104]battery 15172mV,  252662uA (bypass opening), P   -141mbar
1594107412:[BYPASS,0106]battery 15157mV,  292190uA (bypass closing), P   -141mbar
1594107414:[PRESS ,0038]P   -131mbar,T-27224mdegC
1594107416:[PRESS ,0038]P   -141mbar,T  -160mdegC
1594107418:[PRESS ,0038]P   -151mbar,T-27224mdegC
1594107425:[PRESS ,0038]P   -131mbar,T+26903mdegC
1594107428:[PRESS ,0038]P   -131mbar,T  -160mdegC
1594107432:[PRESS ,0038]P   -131mbar,T-27224mdegC
1594107434:[PRESS ,0038]P   -131mbar,T  -160mdegC
1594107439:[BYPASS,0035]bypass opening 10000ms
1594107444:[BYPASS,0104]battery 15175mV,  253272uA (bypass opening), P   -141mbar
1594107459:[BYPASS,0106]battery 15161mV,  291580uA (bypass closing), P   -141mbar
1594107466:[PRESS ,0038]P   -131mbar,T-27224mdegC
1594107468:[PRESS ,0038]P   -141mbar,T  -160mdegC
1594107475:[PRESS ,0038]P   -131mbar,T+26903mdegC
1594107477:[PRESS ,0038]P   -141mbar,T  -160mdegC
1594107486:[BYPASS,0035]bypass opening 10000ms
1594107491:[BYPASS,0104]battery 15177mV,  252174uA (bypass opening), P   -131mbar
1594107506:[BYPASS,0106]battery 15163mV,  290970uA (bypass closing), P   -131mbar
1594107510:[PRESS ,0038]P   -121mbar,T-27224mdegC
1594107511:[PRESS ,0038]P   -111mbar,T  -160mdegC
1594107513:[PRESS ,0038]P   -121mbar,T+26903mdegC
1594107515:[PRESS ,0038]P   -111mbar,T  -160mdegC
1594107522:[PRESS ,0038]P   -131mbar,T+26903mdegC
1594107524:[PRESS ,0038]P   -111mbar,T  -160mdegC
1594107533:[BYPASS,0035]bypass opening 10000ms
1594107538:[BYPASS,0104]battery 15181mV,  251686uA (bypass opening), P   -121mbar
1594107553:[BYPASS,0106]battery 15166mV,  290360uA (bypass closing), P   -121mbar
1594107555:[PRESS ,0038]P   -111mbar,T+26903mdegC
1594107557:[PRESS ,0038]P   -121mbar,T  -160mdegC
1594107564:[PRESS ,0038]P   -111mbar,T+26903mdegC
1594107565:[PRESS ,0038]P   -111mbar,T  -160mdegC
1594107573:[PRESS ,0038]P   -101mbar,T+26903mdegC
1594107574:[PRESS ,0038]P   -121mbar,T  -160mdegC
1594107580:[BYPASS,0035]bypass opening 10000ms
1594107585:[BYPASS,0104]battery 15183mV,  253272uA (bypass opening), P   -131mbar
1594107600:[BYPASS,0106]battery 15168mV,  289750uA (bypass closing), P   -131mbar
1594107605:[PRESS ,0038]P   -121mbar,T+26903mdegC
1594107607:[PRESS ,0038]P   -121mbar,T  -160mdegC
1594107616:[PRESS ,0038]P   -111mbar,T+26903mdegC
1594107618:[PRESS ,0038]P   -101mbar,T  -160mdegC
1594107619:[PRESS ,0038]P   -111mbar,T-27224mdegC
1594107621:[PRESS ,0038]P   -101mbar,T  -160mdegC
1594107627:[PRESS ,0038]P   -101mbar,T+26903mdegC
1594107627:[BYPASS,0035]bypass opening 10000ms
1594107632:[BYPASS,0104]battery 15186mV,  254736uA (bypass opening), P   -101mbar
1594107647:[BYPASS,0106]battery 15171mV,  289140uA (bypass closing), P   -101mbar
1594107650:[PRESS ,0038]P   -101mbar,T-27224mdegC
1594107654:[PRESS ,0038]P    -91mbar,T  -160mdegC
1594107657:[PRESS ,0038]P   -101mbar,T+26903mdegC
1594107659:[PRESS ,0038]P   -101mbar,T-27224mdegC
1594107661:[PRESS ,0038]P   -121mbar,T+26903mdegC
1594107663:[PRESS ,0038]P   -111mbar,T-27224mdegC
1594107665:[PRESS ,0038]P   -101mbar,T  -160mdegC
1594107670:[PRESS ,0038]P   -101mbar,T+26903mdegC
1594107672:[PRESS ,0038]P   -111mbar,T  -160mdegC
1594107674:[BYPASS,0035]bypass opening 10000ms
1594107679:[BYPASS,0104]battery 15188mV,  253516uA (bypass opening), P   -101mbar
1594107694:[BYPASS,0106]battery 15172mV,  288652uA (bypass closing), P   -101mbar
1594107696:[PRESS ,0038]P    -91mbar,T+26903mdegC
1594107697:[PRESS ,0038]P    -91mbar,T  -160mdegC
1594107706:[PRESS ,0038]P   -101mbar,T-27224mdegC
1594107712:[PRESS ,0038]P   -101mbar,T  -160mdegC
1594107713:[PRESS ,0038]P   -101mbar,T+26903mdegC
1594107715:[PRESS ,0038]P   -101mbar,T-27224mdegC
1594107717:[PRESS ,0038]P   -101mbar,T  -160mdegC
1594107719:[PRESS ,0038]P    -91mbar,T-27224mdegC
1594107721:[PRESS ,0038]P   -101mbar,T  -160mdegC
1594107721:[BYPASS,0035]bypass opening 10000ms
1594107726:[BYPASS,0104]battery 15188mV,  251930uA (bypass opening), P   -101mbar
1594107741:[BYPASS,0106]battery 15175mV,  288164uA (bypass closing), P   -101mbar
1594107743:[PRESS ,0038]P    -81mbar,T-27224mdegC
1594107744:[PRESS ,0038]P    -91mbar,T  -160mdegC
1594107751:[PRESS ,0038]P    -61mbar,T-27224mdegC
1594107753:[PRESS ,0038]P    -51mbar,T  -160mdegC
1594107760:[PRESS ,0038]P    -31mbar,T-27224mdegC
1594107762:[PRESS ,0038]P    -31mbar,T  -160mdegC
1594107770:[PRESS ,0038]P     -1mbar,T+26903mdegC
1594107773:[PRESS ,0038]P     +9mbar,T-27224mdegC
1594107779:[PRESS ,0038]P    +29mbar,T+26903mdegC
1594107781:[PRESS ,0038]P    +39mbar,T  -160mdegC
1594107787:[PRESS ,0038]P    +69mbar,T+26903mdegC
1594107793:[PRESS ,0038]P    +89mbar,T  -160mdegC
1594107795:[PRESS ,0038]P    +99mbar,T-27224mdegC
1594107801:[PRESS ,0038]P   +109mbar,T  -160mdegC
1594107807:[PRESS ,0038]P   +119mbar,T-27224mdegC
1594107809:[PRESS ,0038]P   +139mbar,T  -160mdegC
1594107820:[PRESS ,0038]P   +169mbar,T-27224mdegC
1594107823:[PRESS ,0038]P   +169mbar,T  -160mdegC
1594107829:[PRESS ,0038]P   +209mbar,T-27224mdegC
1594107832:[PRESS ,0038]P   +209mbar,T  -160mdegC
1594107834:[PRESS ,0038]P   +229mbar,T+26903mdegC
1594107837:[PRESS ,0038]P   +229mbar,T  -160mdegC
1594107854:[PRESS ,0038]P   +289mbar,T-27224mdegC
1594107857:[PRESS ,0038]P   +289mbar,T  -160mdegC
1594107862:[PRESS ,0038]P   +309mbar,T-27224mdegC
1594107868:[PRESS ,0038]P   +309mbar,T  -160mdegC
1594107871:[PRESS ,0038]P   +319mbar,T-27224mdegC
1594107873:[PRESS ,0038]P   +329mbar,T  -160mdegC
1594107879:[PRESS ,0038]P   +349mbar,T-27224mdegC
1594107882:[PRESS ,0038]P   +349mbar,T  -160mdegC
1594107890:[PRESS ,0038]P   +369mbar,T-27224mdegC
1594107893:[PRESS ,0038]P   +369mbar,T  -160mdegC
1594107904:[PRESS ,0038]P   +399mbar,T+26903mdegC
1594107907:[PRESS ,0038]P   +409mbar,T-27224mdegC
1594107910:[PRESS ,0038]P   +419mbar,T  -160mdegC
1594107912:[PRESS ,0038]P   +439mbar,T-27224mdegC
1594107918:[PRESS ,0038]P   +449mbar,T  -160mdegC
1594107921:[PRESS ,0038]P   +459mbar,T-27224mdegC
1594107924:[PRESS ,0038]P   +479mbar,T  -160mdegC
1594107926:[PRESS ,0038]P   +479mbar,T+26903mdegC
1594107929:[PRESS ,0038]P   +499mbar,T  -160mdegC
1594107934:[DIVING,0028]509mbar reached (+4mbar/s), 11 bypass done
1594107934:[MAIN  ,0056]stage[0]
1594107937:[MAIN  ,0024]internal pressure 84096Pa
1594107937:[BUOY  ,0037]P   +539mbar
1594107937:[STAGE ,0080]Stage [0] 5000mbar (+/-500mbar) 1800s (<1594109734s) 
1594107939:[PRESS ,0038]P   +539mbar,T-27224mdegC
1594108000:[PRESS ,0038]P   +649mbar,T  -160mdegC
1594108012:[PRESS ,0038]P   +679mbar,T+26903mdegC
1594108016:[PRESS ,0038]P   +669mbar,T  -160mdegC
1594108018:[PRESS ,0038]P   +679mbar,T+26903mdegC
1594108021:[PRESS ,0038]P   +689mbar,T-27224mdegC
1594108023:[PRESS ,0038]P   +679mbar,T+26903mdegC
1594108025:[PRESS ,0038]P   +699mbar,T  -160mdegC
1594108025:[BUOY  ,0087]from +2mbar/s to +4mbar/s
1594108025:[BUOY  ,0090]need to transfer -20mL (valve during 9808ms)
1594108025:[VALVE ,0034]valve opening 9808ms
1594108035:[VALVE ,0234]battery 15177mV,  495198uA, P   +699mbar
1594108086:[PRESS ,0038]P   +849mbar,T  -160mdegC
1594108087:[PRESS ,0038]P   +849mbar,T+26903mdegC
1594108089:[PRESS ,0038]P   +859mbar,T  -160mdegC
1594108095:[PRESS ,0038]P   +869mbar,T+26903mdegC
1594108104:[PRESS ,0038]P   +899mbar,T  -160mdegC
1594108107:[PRESS ,0038]P   +919mbar,T-11571mdegC
1594108109:[PRESS ,0038]P   +909mbar,T  -160mdegC
1594108171:[PRESS ,0038]P  +1049mbar,T  -160mdegC
1594108178:[PRESS ,0038]P  +1069mbar,T+26903mdegC
1594108180:[PRESS ,0038]P  +1069mbar,T  -160mdegC
1594108186:[PRESS ,0038]P  +1059mbar,T+26903mdegC
1594108187:[PRESS ,0038]P  +1069mbar,T  -160mdegC
1594108189:[PRESS ,0038]P  +1069mbar,T+26903mdegC
1594108195:[PRESS ,0038]P  +1069mbar,T  -160mdegC
1594108196:[BUOY  ,0087]from +1mbar/s to +4mbar/s
1594108196:[BUOY  ,0090]need to transfer -24mL (valve during 9563ms)
1594108196:[VALVE ,0034]valve opening 9563ms
1594108206:[VALVE ,0234]battery 15187mV,  493856uA, P  +1069mbar
1594108257:[PRESS ,0038]P  +1199mbar,T  -160mdegC
1594108261:[PRESS ,0038]P  +1199mbar,T+26903mdegC
1594108263:[PRESS ,0038]P  +1199mbar,T  -160mdegC
1594108273:[PRESS ,0038]P  +1209mbar,T+26903mdegC
1594108275:[PRESS ,0038]P  +1209mbar,T-27224mdegC
1594108277:[PRESS ,0038]P  +1199mbar,T  -160mdegC
1594108279:[PRESS ,0038]P  +1209mbar,T+26903mdegC
1594108280:[PRESS ,0038]P  +1219mbar,T  -160mdegC
1594108282:[PRESS ,0038]P  +1219mbar,T+26903mdegC
1594108282:[BUOY  ,0087]from +1mbar/s to +4mbar/s
1594108282:[BUOY  ,0090]need to transfer -24mL (valve during 9000ms)
1594108282:[VALVE ,0034]valve opening 9000ms
1594108291:[VALVE ,0234]battery 15182mV,  490684uA, P  +1219mbar
1594108343:[PRESS ,0038]P  +1359mbar,T  -160mdegC
1594108356:[PRESS ,0038]P  +1419mbar,T  -160mdegC
1594108359:[PRESS ,0038]P  +1429mbar,T-27224mdegC
1594108361:[PRESS ,0038]P  +1439mbar,T  -160mdegC
1594108363:[PRESS ,0038]P  +1439mbar,T-27224mdegC
1594108364:[PRESS ,0038]P  +1449mbar,T+26903mdegC
1594108366:[PRESS ,0038]P  +1449mbar,T  -160mdegC
1594108429:[PRESS ,0038]P  +1639mbar,T+26903mdegC
1594108431:[PRESS ,0038]P  +1639mbar,T  -160mdegC
1594108438:[PRESS ,0038]P  +1649mbar,T+26903mdegC
1594108439:[PRESS ,0038]P  +1649mbar,T  -160mdegC
1594108445:[PRESS ,0038]P  +1659mbar,T-27224mdegC
1594108447:[PRESS ,0038]P  +1669mbar,T  -160mdegC
1594108450:[PRESS ,0038]P  +1669mbar,T-27224mdegC
1594108452:[PRESS ,0038]P  +1669mbar,T  -160mdegC
1594108454:[BUOY  ,0087]from +2mbar/s to +4mbar/s
1594108454:[BUOY  ,0090]need to transfer -20mL (valve during 6375ms)
1594108454:[VALVE ,0034]valve opening 6375ms
1594108460:[VALVE ,0234]battery 15195mV,  493612uA, P  +1679mbar
1594108515:[PRESS ,0038]P  +1849mbar,T  -160mdegC
1594108516:[PRESS ,0038]P  +1849mbar,T-27224mdegC
1594108520:[PRESS ,0038]P  +1859mbar,T  -160mdegC
1594108525:[PRESS ,0038]P  +1879mbar,T+26903mdegC
1594108527:[PRESS ,0038]P  +1899mbar,T  -160mdegC
1594108529:[PRESS ,0038]P  +1889mbar,T+26903mdegC
1594108531:[PRESS ,0038]P  +1899mbar,T-27224mdegC
1594108533:[PRESS ,0038]P  +1909mbar,T  -160mdegC
1594108540:[PRESS ,0038]P  +1929mbar,T-27224mdegC
1594108600:[PRESS ,0038]P  +2119mbar,T  -160mdegC
1594108607:[PRESS ,0038]P  +2139mbar,T-27224mdegC
1594108615:[PRESS ,0038]P  +2159mbar,T  -160mdegC
1594108620:[PRESS ,0038]P  +2179mbar,T-27224mdegC
1594108622:[PRESS ,0038]P  +2179mbar,T  -160mdegC
1594108625:[PRESS ,0038]P  +2179mbar,T+26903mdegC
1594108686:[PRESS ,0038]P  +2389mbar,T  -160mdegC
1594108690:[PRESS ,0038]P  +2409mbar,T+26903mdegC
1594108691:[PRESS ,0038]P  +2429mbar,T  -160mdegC
1594108695:[PRESS ,0038]P  +2429mbar,T-27224mdegC
1594108699:[PRESS ,0038]P  +2449mbar,T  -160mdegC
1594108772:[PRESS ,0038]P  +2639mbar,T  -160mdegC
1594108777:[PRESS ,0038]P  +2639mbar,T-27224mdegC
1594108789:[PRESS ,0038]P  +2659mbar,T  -160mdegC
1594108791:[PRESS ,0038]P  +2669mbar,T-27224mdegC
1594108795:[PRESS ,0038]P  +2699mbar,T  -160mdegC
1594108796:[PRESS ,0038]P  +2699mbar,T-27224mdegC
1594108857:[PRESS ,0038]P  +2829mbar,T  -160mdegC
1594108861:[PRESS ,0038]P  +2819mbar,T-27224mdegC
1594108864:[PRESS ,0038]P  +2819mbar,T  -160mdegC
1594108866:[PRESS ,0038]P  +2829mbar,T-27224mdegC
1594108868:[PRESS ,0038]P  +2829mbar,T  -160mdegC
1594108870:[PRESS ,0038]P  +2829mbar,T-27224mdegC
1594108879:[PRESS ,0038]P  +2849mbar,T+11247mdegC
1594108880:[PRESS ,0038]P  +2849mbar,T-27224mdegC
1594108882:[PRESS ,0038]P  +2859mbar,T+11247mdegC
1594108943:[PRESS ,0038]P  +2959mbar,T  -160mdegC
1594108945:[PRESS ,0038]P  +2969mbar,T-27224mdegC
1594108947:[PRESS ,0038]P  +2969mbar,T+11247mdegC
1594108948:[PRESS ,0038]P  +2969mbar,T-27224mdegC
1594108950:[PRESS ,0038]P  +2969mbar,T  -160mdegC
1594108954:[PRESS ,0038]P  +2979mbar,T-27224mdegC
1594108961:[PRESS ,0038]P  +2999mbar,T-15820mdegC
1594108963:[PRESS ,0038]P  +2999mbar,T+11247mdegC
1594108964:[PRESS ,0038]P  +3009mbar,T-27224mdegC
1594109029:[PRESS ,0038]P  +3109mbar,T+11247mdegC
1594109032:[PRESS ,0038]P  +3109mbar,T  -160mdegC
1594109034:[PRESS ,0038]P  +3129mbar,T-27224mdegC
1594109036:[PRESS ,0038]P  +3129mbar,T+11247mdegC
1594109038:[PRESS ,0038]P  +3129mbar,T-27224mdegC
1594109039:[PRESS ,0038]P  +3129mbar,T  -160mdegC
1594109043:[PRESS ,0038]P  +3139mbar,T-27224mdegC
1594109050:[PRESS ,0038]P  +3159mbar,T+11247mdegC
1594109054:[PRESS ,0038]P  +3169mbar,T-27224mdegC
1594109114:[PRESS ,0038]P  +3309mbar,T-27224mdegC
1594109116:[PRESS ,0038]P  +3309mbar,T+11247mdegC
1594109129:[PRESS ,0038]P  +3329mbar,T  -160mdegC
1594109130:[PRESS ,0038]P  +3339mbar,T-27224mdegC
1594109134:[PRESS ,0038]P  +3349mbar,T+11247mdegC
1594109136:[PRESS ,0038]P  +3359mbar,T-27224mdegC
1594109138:[PRESS ,0038]P  +3359mbar,T+11247mdegC
1594109139:[PRESS ,0038]P  +3379mbar,T-27224mdegC
1594109200:[PRESS ,0038]P  +3539mbar,T+11247mdegC
1594109202:[PRESS ,0038]P  +3529mbar,T-27224mdegC
1594109204:[PRESS ,0038]P  +3549mbar,T+11247mdegC
1594109213:[PRESS ,0038]P  +3559mbar,T-15820mdegC
1594109214:[PRESS ,0038]P  +3559mbar,T+11247mdegC
1594109218:[PRESS ,0038]P  +3569mbar,T-15820mdegC
1594109220:[PRESS ,0038]P  +3579mbar,T+11247mdegC
1594109222:[PRESS ,0038]P  +3589mbar,T-27224mdegC
1594109223:[PRESS ,0038]P  +3589mbar,T+11247mdegC
1594109286:[PRESS ,0038]P  +3719mbar,T+11247mdegC
1594109288:[PRESS ,0038]P  +3719mbar,T-27224mdegC
1594109289:[PRESS ,0038]P  +3729mbar,T+11247mdegC
1594109295:[PRESS ,0038]P  +3739mbar,T-15820mdegC
1594109298:[PRESS ,0038]P  +3739mbar,T+11247mdegC
1594109300:[PRESS ,0038]P  +3749mbar,T-15820mdegC
1594109302:[PRESS ,0038]P  +3759mbar,T+11247mdegC
1594109311:[PRESS ,0038]P  +3779mbar,T-15820mdegC
1594109371:[PRESS ,0038]P  +3879mbar,T+11247mdegC
1594109373:[PRESS ,0038]P  +3889mbar,T-15820mdegC
1594109375:[PRESS ,0038]P  +3899mbar,T-27224mdegC
1594109377:[PRESS ,0038]P  +3909mbar,T+11247mdegC
1594109379:[PRESS ,0038]P  +3909mbar,T-15820mdegC
1594109382:[PRESS ,0038]P  +3919mbar,T+11247mdegC
1594109388:[PRESS ,0038]P  +3919mbar,T-15820mdegC
1594109389:[PRESS ,0038]P  +3929mbar,T+11247mdegC
1594109395:[PRESS ,0038]P  +3949mbar,T-15820mdegC
1594109457:[PRESS ,0038]P  +4059mbar,T-15820mdegC
1594109464:[PRESS ,0038]P  +4079mbar,T+11247mdegC
1594109466:[PRESS ,0038]P  +4079mbar,T-15820mdegC
1594109470:[PRESS ,0038]P  +4079mbar,T+11247mdegC
1594109472:[PRESS ,0038]P  +4089mbar,T-15820mdegC
1594109475:[PRESS ,0038]P  +4089mbar,T+22648mdegC
1594109477:[PRESS ,0038]P  +4089mbar,T-15820mdegC
1594109543:[PRESS ,0038]P  +4229mbar,T-15820mdegC
1594109550:[PRESS ,0038]P  +4229mbar,T+22648mdegC
1594109552:[PRESS ,0038]P  +4239mbar,T+11247mdegC
1594109556:[PRESS ,0038]P  +4249mbar,T-15820mdegC
1594109559:[PRESS ,0038]P  +4249mbar,T+11247mdegC
1594109561:[PRESS ,0038]P  +4259mbar,T+22648mdegC
1594109563:[PRESS ,0038]P  +4259mbar,T+11247mdegC
1594109565:[PRESS ,0038]P  +4259mbar,T-15820mdegC
1594109629:[PRESS ,0038]P  +4389mbar,T+11247mdegC
1594109631:[PRESS ,0038]P  +4389mbar,T-15820mdegC
1594109633:[PRESS ,0038]P  +4389mbar,T+22648mdegC
1594109634:[PRESS ,0038]P  +4389mbar,T+11247mdegC
1594109640:[PRESS ,0038]P  +4399mbar,T-15820mdegC
1594109641:[PRESS ,0038]P  +4399mbar,T+11247mdegC
1594109643:[PRESS ,0038]P  +4399mbar,T-15820mdegC
1594109649:[PRESS ,0038]P  +4419mbar,T+11247mdegC
1594109650:[PRESS ,0038]P  +4419mbar,T+22648mdegC
1594109652:[PRESS ,0038]P  +4429mbar,T+11247mdegC
1594109654:[PRESS ,0038]P  +4419mbar,T+22648mdegC
1594109715:[PRESS ,0038]P  +4569mbar,T-15820mdegC
1594109718:[PRESS ,0038]P  +4579mbar,T+11247mdegC
1594109722:[PRESS ,0038]P  +4589mbar,T-15820mdegC
1594109724:[PRESS ,0038]P  +4599mbar,T+11247mdegC
1594109725:[PRESS ,0038]P  +4599mbar,T+22648mdegC
1594109727:[PRESS ,0038]P  +4589mbar,T-15820mdegC
1594109729:[PRESS ,0038]P  +4599mbar,T+22648mdegC
1594109731:[PRESS ,0038]P  +4619mbar,T-15820mdegC
1594109733:[PRESS ,0038]P  +4619mbar,T+11247mdegC
1594109734:[PRESS ,0038]P  +4609mbar,T-15820mdegC
1594109736:[PRESS ,0038]P  +4609mbar,T+22648mdegC
1594109740:[PRESS ,0038]P  +4619mbar,T-15820mdegC
1594109740:[STAGE ,0213]4619mbar reached at 1594109740s, ref 5000mbar +/-500mbar
1594109740:[MAIN  ,0140]stage[0] complete 1806s after mission start
1594109740:[MAIN  ,0056]stage[1]
1594109742:[MAIN  ,0024]internal pressure 83328Pa
1594109743:[MRMAID,0002]acq started
1594109753:[BUOY  ,0037]P  +4669mbar
1594109754:[STAGE ,0080]Stage [1] 5000mbar (+/-500mbar) 1800s (<1594111534s) MERMAID
1594109755:[STAGE ,0213]4669mbar reached at 1594109755s, ref 5000mbar +/-500mbar
1594109816:[PRESS ,0038]P  +4799mbar,T+22648mdegC
1594109877:[PRESS ,0038]P  +4969mbar,T-15820mdegC
1594109933:[MRMAID,0027]50dbar, -16degC
1594109937:[PRESS ,0038]P  +5089mbar,T+22648mdegC
1594109937:[BUOY  ,0087]from +2mbar/s to +0mbar/s
1594109937:[BUOY  ,0089]need to transfer +6mL (pump during 7183ms)
1594109946:[PUMP  ,0207]battery 15500mV,   18910uA (warmup), P  +5089mbar
1594109946:[PUMP  ,0016]pump during 7183ms
1594109953:[PUMP  ,0212]battery 15330mV,  338550uA (steady state), P  +5089mbar
1594109966:[MRMAID,0184]acq already started
1594110012:[PRESS ,0038]P  +5239mbar,T+22648mdegC
1594110014:[PRESS ,0038]P  +5239mbar,T-15820mdegC
1594110017:[PRESS ,0038]P  +5239mbar,T+22648mdegC
1594110021:[PRESS ,0038]P  +5249mbar,T-15820mdegC
1594110024:[PRESS ,0038]P  +5249mbar,T+22648mdegC
1594110033:[PRESS ,0038]P  +5269mbar,T -4421mdegC
1594110035:[PRESS ,0038]P  +5269mbar,T+22648mdegC
1594110037:[BUOY  ,0087]from +2mbar/s to +0mbar/s
1594110037:[BUOY  ,0089]need to transfer +6mL (pump during 7183ms)
1594110046:[PUMP  ,0207]battery 15488mV,   18666uA (warmup), P  +5279mbar
1594110046:[PUMP  ,0016]pump during 7183ms
1594110053:[PUMP  ,0212]battery 15318mV,  340258uA (steady state), P  +5279mbar
1594110066:[MRMAID,0184]acq already started
1594110111:[PRESS ,0038]P  +5399mbar,T+22648mdegC
1594110120:[PRESS ,0038]P  +5399mbar,T -4421mdegC
1594110124:[PRESS ,0038]P  +5399mbar,T+22648mdegC
1594110134:[PRESS ,0038]P  +5419mbar,T -4421mdegC
1594110136:[PRESS ,0038]P  +5419mbar,T+22648mdegC
1594110136:[BUOY  ,0087]from +1mbar/s to +0mbar/s
1594110136:[BUOY  ,0089]need to transfer +2mL (pump during 2394ms)
1594110145:[PUMP  ,0207]battery 15481mV,   18666uA (warmup), P  +5419mbar
1594110145:[PUMP  ,0016]pump during 2394ms
1594110160:[MRMAID,0184]acq already started
1594110211:[PRESS ,0038]P  +5499mbar,T+22648mdegC
1594110216:[PRESS ,0038]P  +5509mbar,T -4421mdegC
1594110218:[PRESS ,0038]P  +5509mbar,T+22648mdegC
1594110220:[PRESS ,0038]P  +5509mbar,T -4421mdegC
1594110222:[PRESS ,0038]P  +5509mbar,T+22648mdegC
1594110225:[PRESS ,0038]P  +5519mbar,T -4421mdegC
1594110227:[PRESS ,0038]P  +5519mbar,T+22648mdegC
1594110232:[PRESS ,0038]P  +5529mbar,T -4421mdegC
1594110236:<WARN>[BUOY  ,0094]stage[1] should ASCENT, stuck at 5529mbar for the #1 time
1594110236:[BUOY  ,0087]from +1mbar/s to -2mbar/s
1594110236:[BUOY  ,0089]need to transfer +8mL (pump during 9584ms)
1594110245:[PUMP  ,0207]battery 15481mV,   18788uA (warmup), P  +5529mbar
1594110245:[PUMP  ,0016]pump during 9584ms
1594110254:[PUMP  ,0212]battery 15307mV,  348554uA (steady state), P  +5529mbar
1594110267:[MRMAID,0184]acq already started
1594110312:[PRESS ,0038]P  +5509mbar,T+22648mdegC
1594110314:[PRESS ,0038]P  +5499mbar,T-15820mdegC
1594110316:[PRESS ,0038]P  +5509mbar,T+22648mdegC
1594110318:[PRESS ,0038]P  +5509mbar,T -4421mdegC
1594110321:[PRESS ,0038]P  +5499mbar,T+22648mdegC
1594110326:[PRESS ,0038]P  +5489mbar,T -4421mdegC
1594110330:[PRESS ,0038]P  +5489mbar,T+22648mdegC
1594110332:[PRESS ,0038]P  +5499mbar,T -4421mdegC
1594110396:[PRESS ,0038]P  +5419mbar,T -4421mdegC
1594110457:[PRESS ,0038]P  +5359mbar,T -4421mdegC
1594110639:[PRESS ,0038]P  +5299mbar,T -4421mdegC
1594110760:[PRESS ,0038]P  +5239mbar,T -4421mdegC
1594111035:[MRMAID,0059]stop canceled
1594111050:[MRMAID,0005]ascent request rejected
1594111134:[MRMAID,0027]53dbar, -4degC
1594111185:[PRESS ,0038]P  +5309mbar,T-31492mdegC
1594111306:[PRESS ,0038]P  +5279mbar,T -4421mdegC
1594111367:[PRESS ,0038]P  +5319mbar,T-31492mdegC
1594111427:[PRESS ,0038]P  +5289mbar,T -4421mdegC
1594111549:[MAIN  ,0140]stage[1] complete 3615s after mission start
1594112152:<ERR>[MRMAID,0008]acq not stopped
1594112236:[MRMAID,0003]acq stopped
1594112236:[MRMAID,0052]Mermaid $MEASFS,97619,2439.618897,40.014037;
1594112251:[MRMAID,0005]ascent request rejected
1594112273:[MSSION,0192]mission stopped, 2 stage(s) done
1594112273:[MAIN  ,0065]surfacing
1594112275:[PRESS ,0038]P  +5519mbar,T-31492mdegC
1594112275:[SURFIN,0036]P  +5519mbar
1594112283:[PUMP  ,0207]battery 15513mV,   18422uA (warmup), P  +5519mbar
1594112283:[PUMP  ,0016]pump during 60000ms
1594112342:[PUMP  ,0212]battery 15336mV,  345870uA (steady state), P  +5519mbar
1594112400:[PRESS ,0038]P  +5199mbar,T-31492mdegC
1594112402:[PRESS ,0038]P  +5199mbar,T -4421mdegC
1594112403:[PRESS ,0038]P  +5189mbar,T-31492mdegC
1594112409:[PRESS ,0038]P  +5169mbar,T +6972mdegC
1594112411:[PRESS ,0038]P  +5169mbar,T-31492mdegC
1594112419:[PRESS ,0038]P  +5129mbar,T +6972mdegC
1594112421:[PRESS ,0038]P  +5119mbar,T-31492mdegC
1594112423:[PRESS ,0038]P  +5119mbar,T +6972mdegC
1594112425:[PRESS ,0038]P  +5099mbar,T-31492mdegC
1594112433:[PUMP  ,0207]battery 15422mV,   18422uA (warmup), P  +5099mbar
1594112433:[PUMP  ,0016]pump during 60000ms
1594112492:[PUMP  ,0212]battery 15248mV,  341844uA (steady state), P  +5099mbar
1594112550:[PRESS ,0038]P  +4409mbar,T-31492mdegC
1594112553:[PRESS ,0038]P  +4379mbar,T +6972mdegC
1594112557:[PRESS ,0038]P  +4359mbar,T-31492mdegC
1594112560:[PRESS ,0038]P  +4349mbar,T +6972mdegC
1594112564:[PRESS ,0038]P  +4329mbar,T-31492mdegC
1594112566:[PRESS ,0038]P  +4309mbar,T +6972mdegC
1594112569:[PRESS ,0038]P  +4289mbar,T-31492mdegC
1594112571:[PRESS ,0038]P  +4279mbar,T-20100mdegC
1594112573:[PRESS ,0038]P  +4279mbar,T +6972mdegC
1594112583:[PUMP  ,0207]battery 15358mV,   18422uA (warmup), P  +4269mbar
1594112583:[PUMP  ,0016]pump during 60000ms
1594112642:[PUMP  ,0212]battery 15186mV,  341112uA (steady state), P  +4269mbar
1594112700:[PRESS ,0038]P  +3389mbar,T-31492mdegC
1594112709:[PRESS ,0038]P  +3329mbar,T +6972mdegC
1594112717:[PRESS ,0038]P  +3269mbar,T +6972mdegC
1594112719:[PRESS ,0038]P  +3259mbar,T-31492mdegC
1594112723:[PRESS ,0038]P  +3239mbar,T +6972mdegC
1594112733:[PUMP  ,0207]battery 15316mV,   18544uA (warmup), P  +3229mbar
1594112733:[PUMP  ,0016]pump during 60000ms
1594112792:[PUMP  ,0212]battery 15145mV,  337452uA (steady state), P  +3229mbar
1594112849:[PRESS ,0038]P  +2229mbar,T-31492mdegC
1594112853:[PRESS ,0038]P  +2189mbar,T +6972mdegC
1594112857:[PRESS ,0038]P  +2159mbar,T-31492mdegC
1594112858:[PRESS ,0038]P  +2139mbar,T +6972mdegC
1594112860:[PRESS ,0038]P  +2129mbar,T-20100mdegC
1594112862:[PRESS ,0038]P  +2119mbar,T-31492mdegC
1594112864:[PRESS ,0038]P  +2099mbar,T +6972mdegC
1594112866:[PRESS ,0038]P  +2089mbar,T-20100mdegC
1594112867:[PRESS ,0038]P  +2069mbar,T +6972mdegC
1594112875:[PRESS ,0038]P  +2019mbar,T-31492mdegC
1594112996:[PRESS ,0038]P  +1239mbar,T-31492mdegC
1594113004:[PUMP  ,0207]battery 15338mV,   18544uA (warmup), P  +1239mbar
1594113004:[PUMP  ,0016]pump during 60000ms
1594113063:[PUMP  ,0212]battery 15172mV,  318420uA (steady state), P  +1239mbar
1594113121:[PRESS ,0038]P   +579mbar,T-31492mdegC
1594113126:[PRESS ,0038]P   +549mbar,T -4421mdegC
1594113128:[PRESS ,0038]P   +539mbar,T-31492mdegC
1594113130:[PRESS ,0038]P   +529mbar,T +6972mdegC
1594113139:[PRESS ,0038]P   +499mbar,T-31492mdegC
1594113141:[PRESS ,0038]P   +469mbar,T-20100mdegC
1594113142:[PRESS ,0038]P   +469mbar,T +6972mdegC
1594113144:[PRESS ,0038]P   +459mbar,T-20100mdegC
1594113146:[PRESS ,0038]P   +459mbar,T +6972mdegC
1594113150:[PRESS ,0038]P   +429mbar,T-20100mdegC
1594113150:[SURFIN,0020]filling external bladder
1594113159:[PUMP  ,0207]battery 15302mV,   18544uA (warmup), P   +429mbar
1594113159:[PUMP  ,0016]pump during 300000ms
1594113457:[PUMP  ,0212]battery 14902mV, 1030656uA (steady state), P   +429mbar
1594113468:[PUMP  ,0207]battery 14783mV,   18788uA (warmup), P   +429mbar
1594113469:[PUMP  ,0016]pump during 300000ms
1594113658:[PUMP  ,0212]battery 14461mV,  967826uA (steady state), P   +429mbar
1594113660:[SURFIN,0019]external bladder full
1594113662:[PRESS ,0038]P   +120mbar,T+22648mdegC
1594113667:[PRESS ,0038]P   +120mbar,T -4421mdegC
1594113669:[PRESS ,0038]P   +130mbar,T+22648mdegC
1594113671:[PRESS ,0038]P   +130mbar,T-15820mdegC
1594113673:[PRESS ,0038]P   +130mbar,T+22648mdegC
1594113683:[PRESS ,0038]P   +130mbar,T-15820mdegC
1594113685:[PRESS ,0038]P   +120mbar,T+22648mdegC
1594113723:[MAIN  ,0272]Vbat 14990mV (min 14820mV)
1594113725:[MAIN  ,0024]internal pressure 80035Pa
1594113725:[MAIN  ,0043]Pext 123mbar (rng 10mbar)
1594113725:[MAIN  ,0064]surface
1594113736:[SURF  ,0022]GPS fix...
1594113756:[SURF  ,0015]10 PPS detected...
1594113757:[MRMAID,0052]Mermaid $GPSACK:+0,+0,+0,+0,+0,+0,-1708;
1594113767:[MRMAID,0052]Mermaid $GPSOFF:3686296;
1594113768:[GPSFIX,0179]+0s diff
1594113768:[SURF  ,0222]2020-07-07T09:22:48
1594113768:[SURF  ,0082]Latitude : N43deg40.939mn, Longitude :E007deg19.179mn
1594113768:[SURF  ,0223]fix3D,9satellites
1594113768:[SURF  ,0084]GPS fix GPGSA : hdop0.830,vdop1.080
1594113778:[SURF  ,0274]last almanac : 82487
1594113854:[MRMAID,0026]26011 bytes in 0061/5F043EF7.MER
1594113860:[MAIN  ,0320]New pressure offset: 123mbar
1594113860:[LOGBIN,0078]*** switching to 0061/5F043F44 ***
