1594052669:[MAIN  ,0007]buoy 452.120-R-0061
1594052669:[MAIN  ,0055]soft pilotage 452.012.300_V2.20-20200612
1594052669:[MAIN  ,0010]cycle 4
1594052669:[SURF  ,0225]surface2
1594052685:[SURF  ,0022]GPS fix...
1594052686:<WARN>[GPSFIX,0121]GPRMC #1
1594052706:[SURF  ,0015]10 PPS detected...
1594052707:[MRMAID,0052]Mermaid $GPSACK:+0,+0,+0,+0,+0,+0,-30;
1594052717:[MRMAID,0052]Mermaid $GPSOFF:3686296;
1594052718:[GPSFIX,0179]-1s diff
1594052719:[SURF  ,0222]2020-07-06T16:25:19
1594052719:[SURF  ,0082]Latitude : N43deg40.941mn, Longitude :E007deg19.180mn
1594052719:[SURF  ,0223]fix3D,10satellites
1594052719:[SURF  ,0084]GPS fix GPGSA : hdop0.680,vdop0.800
1594052729:[SURF  ,0025]Iridium...
1594052774:[SURF  ,0009]connected in 45s, signal quality 4
1594052874:[SURF  ,0218]prompt received, remote cmd end
1594052874:[SURF  ,0012]16 cmd(s) received
1594052898:[UPLOAD,0248]Upload data files...
1594053100:[UPLOAD,0231]"0061/5F0317C2.MER" uploaded at 80bytes/s
1594053211:[UPLOAD,0231]"0061/5F03180A.BIN" uploaded at 121bytes/s
1594053394:[ZIO   ,0240]"NO CARRIER" received, aborting
1594053409:[SURF  ,0014]disconnected after 680s
1594053414:[SURFIN,0020]filling external bladder
1594053422:[PUMP  ,0207]battery 15170mV,   18422uA (warmup), P   +120mbar
1594053422:[PUMP  ,0016]pump during 300000ms
1594053430:[PUMP  ,0212]battery 14743mV, 1077992uA (steady state), P   +120mbar
1594053432:[SURFIN,0019]external bladder full
1594053432:[SURF  ,0319]transfer interrupted
1594053452:[SURF  ,0022]GPS fix...
1594053472:[SURF  ,0015]10 PPS detected...
1594053473:[MRMAID,0052]Mermaid $GPSACK:+0,+0,+0,+0,+0,+1,-999969;
1594053483:[MRMAID,0052]Mermaid $GPSOFF:3686295;
1594053485:[GPSFIX,0179]+0s diff
1594053485:[SURF  ,0222]2020-07-06T16:38:05
1594053485:[SURF  ,0082]Latitude : N43deg40.940mn, Longitude :E007deg19.180mn
1594053485:[SURF  ,0223]fix3D,12satellites
1594053485:[SURF  ,0084]GPS fix GPGSA : hdop0.590,vdop0.770
1594053502:[MAIN  ,0024]internal pressure 80478Pa
1594053503:[BYCMD ,0107]    FreeRTOS V8.2.3
1594053503:[BYCMD ,0108]    FatFS v11a
1594053503:[BYCMD ,0120]    bypass 10000ms 60000ms (20000ms 60000ms stored)
1594053503:[BYCMD ,0121]    valve 60000ms 12750 (60000ms 12750 stored)
1594053503:[BYCMD ,0122]    pump 60000ms 30% 10750 80% (60000ms 30% 10750 80% stored)
1594053503:[BYCMD ,0123]    rate 2mbar/s (2mbar/s stored)
1594053503:[BYCMD ,0124]    surface 500mbar (500mbar stored)
1594053503:[BYCMD ,0125]    near 1500mbar 3mbar/s (15000mbar 3mbar/s stored)
1594053503:[BYCMD ,0126]    far 2500mbar 4mbar/s (25000mbar 4mbar/s stored)
1594053503:[BYCMD ,0127]    ascent 8mbar/s (8mbar/s stored)
1594053503:[BYCMD ,0128]    dead 60s (300s stored)
1594053503:[BYCMD ,0129]    coeff 16/10 (16/10 stored)
1594053503:[BYCMD ,0130]    stab 10 (10 stored)
1594053503:[BYCMD ,0131]    delay 900s 3600s (900s 3600s stored)
1594053503:[BYCMD ,0132]    mmtime 2880min (2880min stored)
1594053503:[BYCMD ,0133]    dv_landing 100ml (100ml stored)
1594053503:[MKDCMD,0150]    p2t37: 15x2000ms, offset 118mbar
1594053503:[P2TCMD,0151]    p2t37: dp 50mbar, dt 5000mdegC
1594053504:[STAGE ,0080]Stage [0] 5000mbar (+/-500mbar) 1800s (<1800s) 
1594053504:[STAGE ,0080]Stage [1] 5000mbar (+/-500mbar) 1800s (<3600s) MERMAID
1594053504:[MAIN  ,0070]turn off bluetooth
1594053506:[PRESS ,0038]P     -8mbar,T-27224mdegC
1594053510:[PRESS ,0038]P    -18mbar,T  -160mdegC
1594053512:[PRESS ,0038]P    -18mbar,T+26903mdegC
1594053514:[PRESS ,0038]P    -18mbar,T  -160mdegC
1594053517:[PRESS ,0038]P     -8mbar,T-27224mdegC
1594053519:[PRESS ,0038]P     +2mbar,T  -160mdegC
1594053521:[PRESS ,0038]P     -8mbar,T-27224mdegC
1594053531:[DIVING,0141]diving from -8mbar, +0mbar/s
1594053531:[BYPASS,0035]bypass opening 60000ms
1594053536:[BYPASS,0104]battery 15063mV,  262544uA (bypass opening), P     -8mbar
1594053601:[BYPASS,0106]battery 15083mV,  294142uA (bypass closing), P     -8mbar
1594053603:[PRESS ,0038]P   -108mbar,T  -160mdegC
1594053612:[PRESS ,0038]P   -108mbar,T-27224mdegC
1594053616:[PRESS ,0038]P    -98mbar,T  -160mdegC
1594053619:[PRESS ,0038]P    -98mbar,T-27224mdegC
1594053625:[PRESS ,0038]P    -98mbar,T+11247mdegC
1594053628:[BYPASS,0035]bypass opening 10000ms
1594053633:[BYPASS,0104]battery 15107mV,  262544uA (bypass opening), P   -108mbar
1594053648:[BYPASS,0106]battery 15093mV,  293044uA (bypass closing), P   -108mbar
1594053650:[PRESS ,0038]P   -148mbar,T-27224mdegC
1594053654:[PRESS ,0038]P   -118mbar,T  -160mdegC
1594053659:[PRESS ,0038]P   -118mbar,T-27224mdegC
1594053661:[PRESS ,0038]P   -128mbar,T  -160mdegC
1594053663:[PRESS ,0038]P   -128mbar,T-27224mdegC
1594053664:[PRESS ,0038]P   -108mbar,T+26903mdegC
1594053666:[PRESS ,0038]P   -118mbar,T  -160mdegC
1594053668:[PRESS ,0038]P   -118mbar,T-27224mdegC
1594053672:[PRESS ,0038]P   -118mbar,T  -160mdegC
1594053675:[PRESS ,0038]P   -118mbar,T-27224mdegC
1594053675:[BYPASS,0035]bypass opening 10000ms
1594053680:[BYPASS,0104]battery 15117mV,  262666uA (bypass opening), P   -118mbar
1594053695:[BYPASS,0106]battery 15102mV,  292190uA (bypass closing), P   -118mbar
1594053697:[PRESS ,0038]P   -148mbar,T  -160mdegC
1594053699:[PRESS ,0038]P   -148mbar,T-27224mdegC
1594053701:[PRESS ,0038]P   -138mbar,T  -160mdegC
1594053703:[PRESS ,0038]P   -148mbar,T-27224mdegC
1594053706:[PRESS ,0038]P   -138mbar,T+26903mdegC
1594053708:[PRESS ,0038]P   -128mbar,T  -160mdegC
1594053712:[PRESS ,0038]P   -138mbar,T-27224mdegC
1594053715:[PRESS ,0038]P   -118mbar,T  -160mdegC
1594053717:[PRESS ,0038]P   -128mbar,T-27224mdegC
1594053722:[PRESS ,0038]P   -118mbar,T  -160mdegC
1594053722:[BYPASS,0035]bypass opening 10000ms
1594053727:[BYPASS,0104]battery 15123mV,  261324uA (bypass opening), P   -118mbar
1594053742:[BYPASS,0106]battery 15110mV,  291458uA (bypass closing), P   -118mbar
1594053746:[PRESS ,0038]P   -138mbar,T-27224mdegC
1594053751:[PRESS ,0038]P   -138mbar,T  -160mdegC
1594053753:[PRESS ,0038]P   -138mbar,T-27224mdegC
1594053758:[PRESS ,0038]P   -128mbar,T  -160mdegC
1594053764:[PRESS ,0038]P   -128mbar,T-27224mdegC
1594053769:[BYPASS,0035]bypass opening 10000ms
1594053774:[BYPASS,0104]battery 15128mV,  258030uA (bypass opening), P   -128mbar
1594053789:[BYPASS,0106]battery 15116mV,  290848uA (bypass closing), P   -128mbar
1594053791:[PRESS ,0038]P   -128mbar,T  -160mdegC
1594053795:[PRESS ,0038]P   -118mbar,T-27224mdegC
1594053798:[PRESS ,0038]P   -128mbar,T  -160mdegC
1594053800:[PRESS ,0038]P   -118mbar,T-27224mdegC
1594053804:[PRESS ,0038]P   -118mbar,T  -160mdegC
1594053805:[PRESS ,0038]P   -128mbar,T-27224mdegC
1594053807:[PRESS ,0038]P   -108mbar,T  -160mdegC
1594053811:[PRESS ,0038]P   -128mbar,T-27224mdegC
1594053814:[PRESS ,0038]P   -128mbar,T  -160mdegC
1594053816:[BYPASS,0035]bypass opening 10000ms
1594053821:[BYPASS,0104]battery 15136mV,  256444uA (bypass opening), P   -118mbar
1594053836:[BYPASS,0106]battery 15122mV,  290238uA (bypass closing), P   -118mbar
1594053842:[PRESS ,0038]P   -108mbar,T-27224mdegC
1594053843:[PRESS ,0038]P   -108mbar,T  -160mdegC
1594053845:[PRESS ,0038]P   -118mbar,T-27224mdegC
1594053851:[PRESS ,0038]P   -118mbar,T  -160mdegC
1594053852:[PRESS ,0038]P   -128mbar,T-27224mdegC
1594053854:[PRESS ,0038]P   -128mbar,T  -160mdegC
1594053856:[PRESS ,0038]P   -118mbar,T-27224mdegC
1594053858:[PRESS ,0038]P   -118mbar,T  -160mdegC
1594053860:[PRESS ,0038]P   -108mbar,T+26903mdegC
1594053861:[PRESS ,0038]P   -118mbar,T  -160mdegC
1594053863:[PRESS ,0038]P   -118mbar,T+26903mdegC
1594053863:[BYPASS,0035]bypass opening 10000ms
1594053868:[BYPASS,0104]battery 15142mV,  257786uA (bypass opening), P   -118mbar
1594053883:[BYPASS,0106]battery 15128mV,  289750uA (bypass closing), P   -118mbar
1594053885:[PRESS ,0038]P    -98mbar,T-27224mdegC
1594053889:[PRESS ,0038]P    -98mbar,T  -160mdegC
1594053891:[PRESS ,0038]P    -98mbar,T+11247mdegC
1594053892:[PRESS ,0038]P   -108mbar,T  -160mdegC
1594053899:[PRESS ,0038]P    -98mbar,T-27224mdegC
1594053905:[PRESS ,0038]P    -98mbar,T  -160mdegC
1594053907:[PRESS ,0038]P   -118mbar,T-27224mdegC
1594053908:[PRESS ,0038]P   -118mbar,T  -160mdegC
1594053910:[PRESS ,0038]P   -108mbar,T+26903mdegC
1594053910:[BYPASS,0035]bypass opening 10000ms
1594053915:[BYPASS,0104]battery 15146mV,  259616uA (bypass opening), P   -108mbar
1594053930:[BYPASS,0106]battery 15132mV,  289140uA (bypass closing), P   -108mbar
1594053936:[PRESS ,0038]P   -108mbar,T  -160mdegC
1594053939:[PRESS ,0038]P   -108mbar,T-27224mdegC
1594053941:[PRESS ,0038]P   -108mbar,T  -160mdegC
1594053943:[PRESS ,0038]P   -108mbar,T-27224mdegC
1594053945:[PRESS ,0038]P    -98mbar,T  -160mdegC
1594053955:[PRESS ,0038]P   -118mbar,T+11247mdegC
1594053957:[PRESS ,0038]P   -118mbar,T  -160mdegC
1594053957:[BYPASS,0035]bypass opening 10000ms
1594053962:[BYPASS,0104]battery 15150mV,  255834uA (bypass opening), P   -118mbar
1594053977:[BYPASS,0106]battery 15137mV,  288652uA (bypass closing), P   -118mbar
1594053979:[PRESS ,0038]P    -88mbar,T+26903mdegC
1594053981:[PRESS ,0038]P    -98mbar,T-27224mdegC
1594053983:[PRESS ,0038]P   -108mbar,T  -160mdegC
1594053986:[PRESS ,0038]P    -98mbar,T+26903mdegC
1594053988:[PRESS ,0038]P    -98mbar,T  -160mdegC
1594053997:[PRESS ,0038]P   -108mbar,T+11247mdegC
1594053999:[PRESS ,0038]P   -108mbar,T  -160mdegC
1594054004:[BYPASS,0035]bypass opening 10000ms
1594054009:[BYPASS,0104]battery 15156mV,  261324uA (bypass opening), P    -98mbar
1594054024:[BYPASS,0106]battery 15141mV,  288164uA (bypass closing), P    -98mbar
1594054031:[PRESS ,0038]P    -88mbar,T+26903mdegC
1594054033:[PRESS ,0038]P    -98mbar,T  -160mdegC
1594054035:[PRESS ,0038]P    -88mbar,T-27224mdegC
1594054038:[PRESS ,0038]P    -88mbar,T+26903mdegC
1594054040:[PRESS ,0038]P    -88mbar,T  -160mdegC
1594054049:[PRESS ,0038]P    -98mbar,T-27224mdegC
1594054051:[PRESS ,0038]P    -98mbar,T  -160mdegC
1594054051:[BYPASS,0035]bypass opening 10000ms
1594054056:[BYPASS,0104]battery 15157mV,  256444uA (bypass opening), P    -98mbar
1594054071:[BYPASS,0106]battery 15145mV,  287676uA (bypass closing), P    -98mbar
1594054084:[PRESS ,0038]P    -48mbar,T-27224mdegC
1594054087:[PRESS ,0038]P    -38mbar,T  -160mdegC
1594054096:[PRESS ,0038]P    -18mbar,T-27224mdegC
1594054098:[PRESS ,0038]P    -18mbar,T  -160mdegC
1594054103:[PRESS ,0038]P     -8mbar,T-27224mdegC
1594054106:[PRESS ,0038]P     +2mbar,T  -160mdegC
1594054120:[PRESS ,0038]P    +32mbar,T-27224mdegC
1594054123:[PRESS ,0038]P    +32mbar,T  -160mdegC
1594054126:[PRESS ,0038]P    +32mbar,T-27224mdegC
1594054128:[PRESS ,0038]P    +52mbar,T  -160mdegC
1594054131:[PRESS ,0038]P    +52mbar,T-27224mdegC
1594054134:[PRESS ,0038]P    +52mbar,T  -160mdegC
1594054140:[PRESS ,0038]P    +62mbar,T+26903mdegC
1594054142:[PRESS ,0038]P    +52mbar,T  -160mdegC
1594054145:[PRESS ,0038]P    +62mbar,T-27224mdegC
1594054145:[BYPASS,0035]bypass opening 10000ms
1594054150:[BYPASS,0104]battery 15180mV,  260592uA (bypass opening), P    +62mbar
1594054165:[BYPASS,0106]battery 15163mV,  288286uA (bypass closing), P    +62mbar
1594054167:[PRESS ,0038]P   +142mbar,T  -160mdegC
1594054174:[PRESS ,0038]P   +212mbar,T  -160mdegC
1594054178:[PRESS ,0038]P   +242mbar,T-27224mdegC
1594054180:[PRESS ,0038]P   +252mbar,T+26903mdegC
1594054181:[PRESS ,0038]P   +272mbar,T  -160mdegC
1594054185:[PRESS ,0038]P   +302mbar,T-27224mdegC
1594054187:[PRESS ,0038]P   +322mbar,T  -160mdegC
1594054195:[PRESS ,0038]P   +372mbar,T+26903mdegC
1594054198:[PRESS ,0038]P   +402mbar,T-27224mdegC
1594054203:[PRESS ,0038]P   +452mbar,T  -160mdegC
1594054213:[PRESS ,0038]P   +532mbar,T  -160mdegC
1594054213:[DIVING,0028]532mbar reached (+8mbar/s), 12 bypass done
1594054214:[MAIN  ,0056]stage[0]
1594054216:[MAIN  ,0024]internal pressure 84574Pa
1594054217:[BUOY  ,0037]P   +562mbar
1594054217:[STAGE ,0080]Stage [0] 5000mbar (+/-500mbar) 1800s (<1594056013s) 
1594054219:[PRESS ,0038]P   +572mbar,T-27224mdegC
1594054280:[PRESS ,0038]P  +1032mbar,T  -160mdegC
1594054283:[PRESS ,0038]P  +1062mbar,T+26903mdegC
1594054287:[PRESS ,0038]P  +1082mbar,T  -160mdegC
1594054294:[PRESS ,0038]P  +1132mbar,T+26903mdegC
1594054297:[PRESS ,0038]P  +1162mbar,T  -160mdegC
1594054365:[PRESS ,0038]P  +1582mbar,T+26903mdegC
1594054372:[PRESS ,0038]P  +1622mbar,T  -160mdegC
1594054374:[PRESS ,0038]P  +1632mbar,T+26903mdegC
1594054376:[PRESS ,0038]P  +1652mbar,T  -160mdegC
1594054378:[PRESS ,0038]P  +1652mbar,T+26903mdegC
1594054379:[PRESS ,0038]P  +1662mbar,T  -160mdegC
1594054381:[PRESS ,0038]P  +1672mbar,T+26903mdegC
1594054387:[PRESS ,0038]P  +1702mbar,T  -160mdegC
1594054388:[PRESS ,0038]P  +1702mbar,T+26903mdegC
1594054451:[PRESS ,0038]P  +2022mbar,T-27224mdegC
1594054453:[PRESS ,0038]P  +2042mbar,T  -160mdegC
1594054456:[PRESS ,0038]P  +2052mbar,T+26903mdegC
1594054458:[PRESS ,0038]P  +2062mbar,T  -160mdegC
1594054462:[PRESS ,0038]P  +2092mbar,T+26903mdegC
1594054465:[PRESS ,0038]P  +2112mbar,T  -160mdegC
1594054467:[PRESS ,0038]P  +2122mbar,T+26903mdegC
1594054471:[PRESS ,0038]P  +2142mbar,T  -160mdegC
1594054474:[PRESS ,0038]P  +2152mbar,T+26903mdegC
1594054476:[PRESS ,0038]P  +2162mbar,T  -160mdegC
1594054537:[PRESS ,0038]P  +2502mbar,T  -160mdegC
1594054538:[PRESS ,0038]P  +2502mbar,T-27224mdegC
1594054540:[PRESS ,0038]P  +2532mbar,T  -160mdegC
1594054544:[PRESS ,0038]P  +2542mbar,T+26903mdegC
1594054546:[PRESS ,0038]P  +2552mbar,T  -160mdegC
1594054549:[PRESS ,0038]P  +2562mbar,T+26903mdegC
1594054551:[PRESS ,0038]P  +2572mbar,T  -160mdegC
1594054555:[PRESS ,0038]P  +2592mbar,T+26903mdegC
1594054556:[PRESS ,0038]P  +2582mbar,T-27224mdegC
1594054558:[PRESS ,0038]P  +2602mbar,T  -160mdegC
1594054622:[PRESS ,0038]P  +2842mbar,T  -160mdegC
1594054629:[PRESS ,0038]P  +2862mbar,T-27224mdegC
1594054631:[PRESS ,0038]P  +2872mbar,T  -160mdegC
1594054637:[PRESS ,0038]P  +2912mbar,T+26903mdegC
1594054638:[PRESS ,0038]P  +2892mbar,T-27224mdegC
1594054640:[PRESS ,0038]P  +2892mbar,T  -160mdegC
1594054708:[PRESS ,0038]P  +3222mbar,T  -160mdegC
1594054712:[PRESS ,0038]P  +3232mbar,T-27224mdegC
1594054713:[PRESS ,0038]P  +3242mbar,T  -160mdegC
1594054715:[PRESS ,0038]P  +3252mbar,T+26903mdegC
1594054717:[PRESS ,0038]P  +3262mbar,T  -160mdegC
1594054722:[PRESS ,0038]P  +3292mbar,T-27224mdegC
1594054724:[PRESS ,0038]P  +3302mbar,T  -160mdegC
1594054728:[PRESS ,0038]P  +3312mbar,T-27224mdegC
1594054733:[PRESS ,0038]P  +3342mbar,T  -160mdegC
1594054733:[BUOY  ,0087]from +5mbar/s to +3mbar/s
1594054733:[BUOY  ,0089]need to transfer +26mL (pump during 31214ms)
1594054741:[PUMP  ,0207]battery 15433mV,   18788uA (warmup), P  +3342mbar
1594054741:[PUMP  ,0016]pump during 31214ms
1594054772:[PUMP  ,0212]battery 15246mV,  336842uA (steady state), P  +3342mbar
1594054797:[PRESS ,0038]P  +3572mbar,T  -160mdegC
1594054799:[PRESS ,0038]P  +3572mbar,T-27224mdegC
1594054802:[PRESS ,0038]P  +3592mbar,T+11247mdegC
1594054804:[PRESS ,0038]P  +3602mbar,T+26903mdegC
1594054806:[PRESS ,0038]P  +3602mbar,T  -160mdegC
1594054808:[PRESS ,0038]P  +3612mbar,T-27224mdegC
1594054811:[PRESS ,0038]P  +3602mbar,T  -160mdegC
1594054813:[PRESS ,0038]P  +3612mbar,T-27224mdegC
1594054817:[PRESS ,0038]P  +3632mbar,T+11247mdegC
1594054820:[PRESS ,0038]P  +3642mbar,T-27224mdegC
1594054883:[PRESS ,0038]P  +3822mbar,T  -160mdegC
1594054885:[PRESS ,0038]P  +3832mbar,T-27224mdegC
1594054886:[PRESS ,0038]P  +3832mbar,T+11247mdegC
1594054888:[PRESS ,0038]P  +3832mbar,T  -160mdegC
1594054890:[PRESS ,0038]P  +3842mbar,T-27224mdegC
1594054892:[PRESS ,0038]P  +3842mbar,T  -160mdegC
1594054894:[PRESS ,0038]P  +3852mbar,T-27224mdegC
1594054897:[PRESS ,0038]P  +3862mbar,T  -160mdegC
1594054899:[PRESS ,0038]P  +3852mbar,T-27224mdegC
1594054901:[PRESS ,0038]P  +3872mbar,T  -160mdegC
1594054903:[PRESS ,0038]P  +3872mbar,T-27224mdegC
1594054908:[PRESS ,0038]P  +3892mbar,T+26903mdegC
1594054969:[PRESS ,0038]P  +4072mbar,T+11247mdegC
1594054971:[PRESS ,0038]P  +4072mbar,T  -160mdegC
1594054972:[PRESS ,0038]P  +4082mbar,T-27224mdegC
1594054976:[PRESS ,0038]P  +4092mbar,T  -160mdegC
1594054979:[PRESS ,0038]P  +4112mbar,T-27224mdegC
1594054981:[PRESS ,0038]P  +4112mbar,T+11247mdegC
1594054983:[PRESS ,0038]P  +4122mbar,T-27224mdegC
1594054985:[PRESS ,0038]P  +4122mbar,T+11247mdegC
1594054988:[PRESS ,0038]P  +4132mbar,T-27224mdegC
1594055054:[PRESS ,0038]P  +4362mbar,T-27224mdegC
1594055056:[PRESS ,0038]P  +4382mbar,T+11247mdegC
1594055058:[PRESS ,0038]P  +4362mbar,T-27224mdegC
1594055060:[PRESS ,0038]P  +4372mbar,T+11247mdegC
1594055065:[PRESS ,0038]P  +4382mbar,T-27224mdegC
1594055067:[PRESS ,0038]P  +4392mbar,T+11247mdegC
1594055078:[PRESS ,0038]P  +4422mbar,T-27224mdegC
1594055079:[PRESS ,0038]P  +4422mbar,T+11247mdegC
1594055140:[PRESS ,0038]P  +4602mbar,T+11247mdegC
1594055154:[PRESS ,0038]P  +4642mbar,T-27224mdegC
1594055156:[PRESS ,0038]P  +4652mbar,T-15820mdegC
1594055160:[PRESS ,0038]P  +4662mbar,T-27224mdegC
1594055162:[PRESS ,0038]P  +4652mbar,T-15820mdegC
1594055163:[PRESS ,0038]P  +4662mbar,T+11247mdegC
1594055165:[STAGE ,0213]4672mbar reached at 1594055165s, ref 5000mbar +/-500mbar
1594055165:[BUOY  ,0087]from +3mbar/s to +0mbar/s
1594055165:[BUOY  ,0089]need to transfer +14mL (pump during 16808ms)
1594055173:[PUMP  ,0207]battery 15443mV,   18666uA (warmup), P  +4672mbar
1594055173:[PUMP  ,0016]pump during 16808ms
1594055189:[PUMP  ,0212]battery 15253mV,  342210uA (steady state), P  +4672mbar
1594055229:[PRESS ,0038]P  +4852mbar,T+11247mdegC
1594055231:[PRESS ,0038]P  +4842mbar,T-15820mdegC
1594055233:[PRESS ,0038]P  +4852mbar,T+11247mdegC
1594055235:[PRESS ,0038]P  +4862mbar,T-15820mdegC
1594055236:[PRESS ,0038]P  +4862mbar,T+11247mdegC
1594055240:[PRESS ,0038]P  +4882mbar,T-15820mdegC
1594055242:[PRESS ,0038]P  +4872mbar,T+11247mdegC
1594055247:[PRESS ,0038]P  +4892mbar,T-15820mdegC
1594055249:[PRESS ,0038]P  +4892mbar,T+11247mdegC
1594055251:[PRESS ,0038]P  +4902mbar,T-15820mdegC
1594055254:[BUOY  ,0087]from +3mbar/s to +0mbar/s
1594055254:[BUOY  ,0089]need to transfer +14mL (pump during 16808ms)
1594055263:[PUMP  ,0207]battery 15423mV,   18544uA (warmup), P  +4912mbar
1594055263:[PUMP  ,0016]pump during 16808ms
1594055279:[PUMP  ,0212]battery 15235mV,  344406uA (steady state), P  +4912mbar
1594055318:[PRESS ,0038]P  +5042mbar,T+11247mdegC
1594055322:[PRESS ,0038]P  +5032mbar,T-15820mdegC
1594055327:[PRESS ,0038]P  +5042mbar,T+11247mdegC
1594055329:[PRESS ,0038]P  +5042mbar,T-15820mdegC
1594055340:[PRESS ,0038]P  +5052mbar,T+22648mdegC
1594055343:[BUOY  ,0087]from +1mbar/s to +0mbar/s
1594055343:[BUOY  ,0089]need to transfer +2mL (pump during 2407ms)
1594055351:[PUMP  ,0207]battery 15408mV,   18666uA (warmup), P  +5052mbar
1594055351:[PUMP  ,0016]pump during 2407ms
1594055407:[PRESS ,0038]P  +5062mbar,T-15820mdegC
1594055413:[PRESS ,0038]P  +5072mbar,T+22648mdegC
1594055414:[PRESS ,0038]P  +5062mbar,T+11247mdegC
1594055416:[PRESS ,0038]P  +5062mbar,T-15820mdegC
1594055420:[PRESS ,0038]P  +5082mbar,T+11247mdegC
1594055422:[PRESS ,0038]P  +5062mbar,T-15820mdegC
1594055427:[PRESS ,0038]P  +5062mbar,T+22648mdegC
1594055429:[PRESS ,0038]P  +5052mbar,T-15820mdegC
1594055430:[PRESS ,0038]P  +5052mbar,T+11247mdegC
1594055432:[PRESS ,0038]P  +5062mbar,T-15820mdegC
1594055554:[PRESS ,0038]P  +5042mbar,T+11247mdegC
1594055614:[PRESS ,0038]P  +5012mbar,T-15820mdegC
1594055675:[PRESS ,0038]P  +5002mbar,T+22648mdegC
1594055796:[PRESS ,0038]P  +4972mbar,T-15820mdegC
1594055918:[PRESS ,0038]P  +4912mbar,T+22648mdegC
1594056039:[MAIN  ,0140]stage[0] complete 1826s after mission start
1594056039:[MAIN  ,0056]stage[1]
1594056041:[MAIN  ,0024]internal pressure 83153Pa
1594056042:[MRMAID,0002]acq started
1594056053:[BUOY  ,0037]P  +4912mbar
1594056053:[STAGE ,0080]Stage [1] 5000mbar (+/-500mbar) 1800s (<1594057813s) MERMAID
1594056054:[PRESS ,0038]P  +4912mbar,T -4421mdegC
1594056054:[STAGE ,0213]4912mbar reached at 1594056054s, ref 5000mbar +/-500mbar
1594056115:[PRESS ,0038]P  +4942mbar,T+22648mdegC
1594056195:[MRMAID,0027]50dbar, 23degC
1594056236:[PRESS ,0038]P  +5022mbar,T -4421mdegC
1594056297:[PRESS ,0038]P  +5112mbar,T -4421mdegC
1594056358:[PRESS ,0038]P  +5212mbar,T+22648mdegC
1594056479:[PRESS ,0038]P  +5372mbar,T+22648mdegC
1594056479:[BUOY  ,0087]from +1mbar/s to +0mbar/s
1594056479:[BUOY  ,0089]need to transfer +2mL (pump during 2395ms)
1594056488:[PUMP  ,0207]battery 15491mV,   19032uA (warmup), P  +5372mbar
1594056488:[PUMP  ,0016]pump during 2395ms
1594056503:[MRMAID,0184]acq already started
1594056554:[PRESS ,0038]P  +5452mbar,T -4421mdegC
1594056562:[PRESS ,0038]P  +5462mbar,T-31492mdegC
1594056564:[PRESS ,0038]P  +5462mbar,T -4421mdegC
1594056568:[PRESS ,0038]P  +5472mbar,T+22648mdegC
1594056570:[PRESS ,0038]P  +5472mbar,T -4421mdegC
1594056577:[PRESS ,0038]P  +5492mbar,T-31492mdegC
1594056579:[PRESS ,0038]P  +5502mbar,T -4421mdegC
1594056579:<WARN>[BUOY  ,0094]stage[1] should ASCENT, stuck at 5502mbar for the #1 time
1594056579:[BUOY  ,0087]from +2mbar/s to -2mbar/s
1594056579:[BUOY  ,0089]need to transfer +12mL (pump during 14373ms)
1594056587:[PUMP  ,0207]battery 15488mV,   18910uA (warmup), P  +5502mbar
1594056587:[PUMP  ,0016]pump during 14373ms
1594056601:[PUMP  ,0212]battery 15291mV,  354166uA (steady state), P  +5502mbar
1594056614:[MRMAID,0184]acq already started
1594056660:[PRESS ,0038]P  +5482mbar,T+22648mdegC
1594056662:[PRESS ,0038]P  +5472mbar,T-31492mdegC
1594056664:[PRESS ,0038]P  +5442mbar,T -4421mdegC
1594056666:[PRESS ,0038]P  +5462mbar,T-31492mdegC
1594056667:[PRESS ,0038]P  +5462mbar,T -4421mdegC
1594056678:[PRESS ,0038]P  +5442mbar,T-15820mdegC
1594056739:[PRESS ,0038]P  +5352mbar,T+22648mdegC
1594056799:[PRESS ,0038]P  +5272mbar,T -4421mdegC
1594056860:[PRESS ,0038]P  +5192mbar,T+22648mdegC
1594056921:[PRESS ,0038]P  +5112mbar,T+22648mdegC
1594056981:[PRESS ,0038]P  +5052mbar,T -4421mdegC
1594057042:[PRESS ,0038]P  +5012mbar,T+22648mdegC
1594057103:[BUOY  ,0087]from -1mbar/s to +0mbar/s
1594057103:[BUOY  ,0090]need to transfer -2mL (valve during 364ms)
1594057103:[VALVE ,0034]valve opening 364ms
1594057114:[MRMAID,0184]acq already started
1594057174:[PRESS ,0038]P  +4952mbar,T -4421mdegC
1594057179:[PRESS ,0038]P  +4932mbar,T+22648mdegC
1594057181:[PRESS ,0038]P  +4942mbar,T -4421mdegC
1594057194:[PRESS ,0038]P  +4932mbar,T-31492mdegC
1594057195:[PRESS ,0038]P  +4942mbar,T -4421mdegC
1594057197:[PRESS ,0038]P  +4942mbar,T-31492mdegC
1594057199:[PRESS ,0038]P  +4942mbar,T -4421mdegC
1594057297:[MRMAID,0059]stop canceled
1594057311:[MRMAID,0005]ascent request rejected
1594057424:[MRMAID,0027]49dbar, -4degC
1594057442:[PRESS ,0038]P  +4882mbar,T-31492mdegC
1594057563:[PRESS ,0038]P  +4892mbar,T -4421mdegC
1594057624:[PRESS ,0038]P  +4862mbar,T-31492mdegC
1594057684:[PRESS ,0038]P  +4832mbar,T -4421mdegC
1594057806:[PRESS ,0038]P  +4782mbar,T-31492mdegC
1594057866:[MAIN  ,0140]stage[1] complete 3653s after mission start
1594057959:[MRMAID,0003]acq stopped
1594057959:[MRMAID,0052]Mermaid $MEASFS,74596,1864.245788,40.014037;
1594057968:[MRMAID,0005]ascent request rejected
1594057987:[MRMAID,0188]acq already stopped
1594058047:[MSSION,0192]mission stopped, 2 stage(s) done
1594058048:[MAIN  ,0065]surfacing
1594058049:[SURFIN,0036]P  +4732mbar
1594058057:[PUMP  ,0207]battery 15507mV,   18666uA (warmup), P  +4732mbar
1594058058:[PUMP  ,0016]pump during 60000ms
1594058116:[PUMP  ,0212]battery 15307mV,  350994uA (steady state), P  +4732mbar
1594058174:[PRESS ,0038]P  +4362mbar,T -4421mdegC
1594058178:[PRESS ,0038]P  +4342mbar,T-31492mdegC
1594058181:[PRESS ,0038]P  +4322mbar,T -4421mdegC
1594058185:[PRESS ,0038]P  +4312mbar,T-31492mdegC
1594058187:[PRESS ,0038]P  +4302mbar,T +6972mdegC
1594058189:[PRESS ,0038]P  +4282mbar,T-20100mdegC
1594058190:[PRESS ,0038]P  +4272mbar,T-31492mdegC
1594058192:[PRESS ,0038]P  +4272mbar,T +6972mdegC
1594058196:[PRESS ,0038]P  +4252mbar,T-31492mdegC
1594058197:[PRESS ,0038]P  +4252mbar,T +6972mdegC
1594058207:[PUMP  ,0207]battery 15415mV,   18666uA (warmup), P  +4242mbar
1594058207:[PUMP  ,0016]pump during 60000ms
1594058266:[PUMP  ,0212]battery 15221mV,  344284uA (steady state), P  +4242mbar
1594058324:[PRESS ,0038]P  +3512mbar,T-31492mdegC
1594058326:[PRESS ,0038]P  +3502mbar,T -4421mdegC
1594058328:[PRESS ,0038]P  +3482mbar,T-31492mdegC
1594058330:[PRESS ,0038]P  +3472mbar,T -4421mdegC
1594058335:[PRESS ,0038]P  +3442mbar,T +6972mdegC
1594058337:[PRESS ,0038]P  +3422mbar,T-31492mdegC
1594058340:[PRESS ,0038]P  +3412mbar,T +6972mdegC
1594058344:[PRESS ,0038]P  +3382mbar,T -4421mdegC
1594058346:[PRESS ,0038]P  +3382mbar,T-31492mdegC
1594058349:[PRESS ,0038]P  +3342mbar,T +6972mdegC
1594058357:[PUMP  ,0207]battery 15350mV,   18666uA (warmup), P  +3342mbar
1594058357:[PUMP  ,0016]pump during 60000ms
1594058416:[PUMP  ,0212]battery 15156mV,  342942uA (steady state), P  +3342mbar
1594058474:[PRESS ,0038]P  +2592mbar,T-31492mdegC
1594058476:[PRESS ,0038]P  +2592mbar,T +6972mdegC
1594058478:[PRESS ,0038]P  +2562mbar,T-31492mdegC
1594058490:[PRESS ,0038]P  +2492mbar,T +6972mdegC
1594058495:[PRESS ,0038]P  +2462mbar,T-20100mdegC
1594058497:[PRESS ,0038]P  +2452mbar,T +6972mdegC
1594058499:[PRESS ,0038]P  +2442mbar,T-31492mdegC
1594058507:[PUMP  ,0207]battery 15307mV,   18788uA (warmup), P  +2442mbar
1594058507:[PUMP  ,0016]pump during 60000ms
1594058566:[PUMP  ,0212]battery 15113mV,  344650uA (steady state), P  +2442mbar
1594058624:[PRESS ,0038]P  +1742mbar,T -4421mdegC
1594058626:[PRESS ,0038]P  +1732mbar,T-31492mdegC
1594058627:[PRESS ,0038]P  +1722mbar,T +6972mdegC
1594058629:[PRESS ,0038]P  +1702mbar,T-31492mdegC
1594058638:[PRESS ,0038]P  +1662mbar,T +6972mdegC
1594058642:[PRESS ,0038]P  +1652mbar,T-20100mdegC
1594058644:[PRESS ,0038]P  +1642mbar,T-31492mdegC
1594058647:[PRESS ,0038]P  +1622mbar,T +6972mdegC
1594058657:[PUMP  ,0207]battery 15280mV,   18788uA (warmup), P  +1622mbar
1594058657:[PUMP  ,0016]pump during 60000ms
1594058716:[PUMP  ,0212]battery 15093mV,  331718uA (steady state), P  +1622mbar
1594058774:[PRESS ,0038]P  +1052mbar,T-31492mdegC
1594058783:[PRESS ,0038]P   +992mbar,T-31492mdegC
1594058784:[PRESS ,0038]P   +982mbar,T +6972mdegC
1594058790:[PRESS ,0038]P   +952mbar,T-31492mdegC
1594058792:[PRESS ,0038]P   +932mbar,T +6972mdegC
1594058793:[PRESS ,0038]P   +912mbar,T-31492mdegC
1594058795:[PRESS ,0038]P   +912mbar,T +6972mdegC
1594058807:[PUMP  ,0207]battery 15263mV,   18788uA (warmup), P   +882mbar
1594058807:[PUMP  ,0016]pump during 60000ms
1594058866:[PUMP  ,0212]battery 15078mV,  327448uA (steady state), P   +882mbar
1594058924:[PRESS ,0038]P    +72mbar,T -4421mdegC
1594058929:[PRESS ,0038]P    +32mbar,T-31492mdegC
1594058931:[PRESS ,0038]P    +32mbar,T -4421mdegC
1594058933:[PRESS ,0038]P    +12mbar,T-31492mdegC
1594058938:[PRESS ,0038]P    -28mbar,T -4421mdegC
1594058940:[PRESS ,0038]P    -48mbar,T-31492mdegC
1594058947:[PRESS ,0038]P    -88mbar,T -4421mdegC
1594058949:[PRESS ,0038]P    -98mbar,T-31492mdegC
1594058952:[SURFIN,0020]filling external bladder
1594058960:[PUMP  ,0207]battery 15258mV,   18788uA (warmup), P   -128mbar
1594058960:[PUMP  ,0016]pump during 300000ms
1594059259:[PUMP  ,0212]battery 14798mV, 1089094uA (steady state), P   -128mbar
1594059270:[PUMP  ,0207]battery 14782mV,   18910uA (warmup), P   -128mbar
1594059270:[PUMP  ,0016]pump during 300000ms
1594059441:[PUMP  ,0212]battery 14441mV,  992714uA (steady state), P   -128mbar
1594059443:[SURFIN,0019]external bladder full
1594059445:[PRESS ,0038]P   +110mbar,T-15820mdegC
1594059446:[PRESS ,0038]P   +120mbar,T+22648mdegC
1594059457:[PRESS ,0038]P   +130mbar,T+11247mdegC
1594059459:[PRESS ,0038]P   +120mbar,T+22648mdegC
1594059464:[PRESS ,0038]P   +130mbar,T-15820mdegC
1594059466:[PRESS ,0038]P   +120mbar,T+22648mdegC
1594059470:[PRESS ,0038]P   +120mbar,T+11247mdegC
1594059504:[MAIN  ,0272]Vbat 14999mV (min 14945mV)
1594059507:[MAIN  ,0024]internal pressure 80151Pa
1594059507:[MAIN  ,0043]Pext 121mbar (rng 20mbar)
1594059507:[MAIN  ,0064]surface
1594059522:[SURF  ,0022]GPS fix...
1594059542:[SURF  ,0015]10 PPS detected...
1594059543:[MRMAID,0052]Mermaid $GPSACK:+0,+0,+0,+0,+0,+0,-1678;
1594059553:[MRMAID,0052]Mermaid $GPSOFF:3686296;
1594059555:[GPSFIX,0179]+0s diff
1594059555:[SURF  ,0222]2020-07-06T18:19:15
1594059555:[SURF  ,0082]Latitude : N43deg40.939mn, Longitude :E007deg19.178mn
1594059555:[SURF  ,0223]fix3D,9satellites
1594059555:[SURF  ,0084]GPS fix GPGSA : hdop0.770,vdop1.020
1594059565:[SURF  ,0274]last almanac : 28274
1594059627:[MRMAID,0026]20363 bytes in 0061/5F036B32.MER
1594059633:[MAIN  ,0320]New pressure offset: 121mbar
1594059633:[LOGBIN,0078]*** switching to 0061/5F036B71 ***
