1594031310:[MAIN  ,0007]buoy 452.120-R-0061
1594031310:[MAIN  ,0055]soft pilotage 452.012.300_V2.20-20200612
1594031310:[MAIN  ,0010]cycle 1
1594031310:[SURF  ,0225]surface2
1594031321:[SURF  ,0022]GPS fix...
1594031341:[SURF  ,0015]10 PPS detected...
1594031342:[MRMAID,0052]Mermaid $GPSACK:+0,+0,+0,+0,+0,+0,+0;
1594031352:[MRMAID,0052]Mermaid $GPSOFF:3686293;
1594031353:[GPSFIX,0179]-1s diff
1594031354:[SURF  ,0222]2020-07-06T10:29:14
1594031354:[SURF  ,0082]Latitude : N43deg40.940mn, Longitude :E007deg19.178mn
1594031354:[SURF  ,0223]fix3D,9satellites
1594031354:[SURF  ,0084]GPS fix GPGSA : hdop0.800,vdop1.130
1594031364:[SURF  ,0025]Iridium...
1594031402:[SURF  ,0009]connected in 38s, signal quality 5
1594031467:[SURF  ,0218]prompt received, remote cmd end
1594031467:[SURF  ,0012]16 cmd(s) received
1594031488:[UPLOAD,0248]Upload data files...
1594031554:[UPLOAD,0231]"0061/5F02F848.BIN" uploaded at 36bytes/s
1594031578:[UPLOAD,0231]"0061/5EFB28B8.BIN" uploaded at 87bytes/s
1594031591:[UPLOAD,0231]"0061/5F02FCC2.MER" uploaded at 140bytes/s
1594031607:[MAIN  ,0013]3 file(s) uploaded
1594031645:[SURF  ,0014]disconnected after 281s
1594031650:[SURFIN,0020]filling external bladder
1594031658:[PUMP  ,0207]battery 15286mV,   20984uA (warmup), P   +110mbar
1594031658:[PUMP  ,0016]pump during 300000ms
1594031665:[PUMP  ,0212]battery 14518mV,  985882uA (steady state), P   +110mbar
1594031667:[SURFIN,0019]external bladder full
1594031667:[SURF  ,0227]1st complete transfer
1594031679:[SURF  ,0022]GPS fix...
1594031699:[SURF  ,0015]10 PPS detected...
1594031700:[MRMAID,0052]Mermaid $GPSACK:+0,+0,+0,+0,+0,+0,+0;
1594031710:[MRMAID,0052]Mermaid $GPSOFF:3686293;
1594031711:[GPSFIX,0179]-1s diff
1594031712:[SURF  ,0222]2020-07-06T10:35:12
1594031712:[SURF  ,0082]Latitude : N43deg40.940mn, Longitude :E007deg19.177mn
1594031712:[SURF  ,0223]fix3D,9satellites
1594031712:[SURF  ,0084]GPS fix GPGSA : hdop0.730,vdop0.940
1594031729:[MAIN  ,0024]internal pressure 81225Pa
1594031730:[BYCMD ,0107]    FreeRTOS V8.2.3
1594031730:[BYCMD ,0108]    FatFS v11a
1594031730:[BYCMD ,0117]    valve is running
1594031730:[BYCMD ,0120]    bypass 10000ms 60000ms (20000ms 60000ms stored)
1594031730:[BYCMD ,0121]    valve 60000ms 12750 (60000ms 12750 stored)
1594031730:[BYCMD ,0122]    pump 60000ms 30% 10750 80% (60000ms 30% 10750 80% stored)
1594031730:[BYCMD ,0123]    rate 2mbar/s (2mbar/s stored)
1594031730:[BYCMD ,0124]    surface 500mbar (500mbar stored)
1594031730:[BYCMD ,0125]    near 1500mbar 3mbar/s (15000mbar 3mbar/s stored)
1594031730:[BYCMD ,0126]    far 2500mbar 4mbar/s (25000mbar 4mbar/s stored)
1594031730:[BYCMD ,0127]    ascent 8mbar/s (8mbar/s stored)
1594031730:[BYCMD ,0128]    dead 60s (300s stored)
1594031730:[BYCMD ,0129]    coeff 16/10 (16/10 stored)
1594031730:[BYCMD ,0130]    stab 10 (10 stored)
1594031730:[BYCMD ,0131]    delay 900s 3600s (900s 3600s stored)
1594031730:[BYCMD ,0132]    mmtime 2880min (2880min stored)
1594031730:[BYCMD ,0133]    dv_landing 100ml (100ml stored)
1594031731:[MKDCMD,0150]    p2t37: 15x2000ms, offset 108mbar
1594031731:[P2TCMD,0151]    p2t37: dp 50mbar, dt 5000mdegC
1594031731:[STAGE ,0080]Stage [0] 5000mbar (+/-500mbar) 1800s (<1800s) 
1594031731:[STAGE ,0080]Stage [1] 5000mbar (+/-500mbar) 1800s (<3600s) MERMAID
1594031731:[MAIN  ,0070]turn off bluetooth
1594031733:[PRESS ,0038]P    +12mbar,T +4071mdegC
1594031735:[PRESS ,0038]P    +22mbar,T-22987mdegC
1594031737:[PRESS ,0038]P    +12mbar,T +4071mdegC
1594031739:[PRESS ,0038]P    +22mbar,T-22987mdegC
1594031741:[PRESS ,0038]P    +22mbar,T +4071mdegC
1594031743:[PRESS ,0038]P    +12mbar,T-22987mdegC
1594031744:[PRESS ,0038]P    +12mbar,T +4071mdegC
1594031748:[PRESS ,0038]P    +12mbar,T-22987mdegC
1594031759:[PRESS ,0038]P    +12mbar,T+15489mdegC
1594031759:[DIVING,0141]diving from 12mbar, +0mbar/s
1594031759:[BYPASS,0035]bypass opening 60000ms
1594031764:[BYPASS,0104]battery 15067mV,  250710uA (bypass opening), P    +12mbar
1594031829:[BYPASS,0106]battery 15063mV,  289506uA (bypass closing), P    +12mbar
1594031830:[PRESS ,0038]P    -88mbar,T +4071mdegC
1594031832:[PRESS ,0038]P    -88mbar,T-22987mdegC
1594031839:[PRESS ,0038]P    -88mbar,T +4071mdegC
1594031843:[PRESS ,0038]P    -78mbar,T-22987mdegC
1594031846:[PRESS ,0038]P    -88mbar,T+15489mdegC
1594031850:[PRESS ,0038]P    -78mbar,T-22987mdegC
1594031855:[PRESS ,0038]P    -88mbar,T+15489mdegC
1594031855:[BYPASS,0035]bypass opening 10000ms
1594031861:[BYPASS,0104]battery 15098mV,  250466uA (bypass opening), P    -88mbar
1594031876:[BYPASS,0106]battery 15072mV,  288286uA (bypass closing), P    -88mbar
1594031879:[PRESS ,0038]P    -98mbar,T-22987mdegC
1594031890:[PRESS ,0038]P   -108mbar,T+15489mdegC
1594031893:[PRESS ,0038]P   -108mbar,T +4071mdegC
1594031895:[PRESS ,0038]P   -108mbar,T+15489mdegC
1594031897:[PRESS ,0038]P    -88mbar,T-22987mdegC
1594031901:[PRESS ,0038]P    -98mbar,T +4071mdegC
1594031902:[PRESS ,0038]P   -108mbar,T-22987mdegC
1594031902:[BYPASS,0035]bypass opening 10000ms
1594031907:[BYPASS,0104]battery 15105mV,  249246uA (bypass opening), P   -108mbar
1594031922:[BYPASS,0106]battery 15077mV,  287554uA (bypass closing), P   -108mbar
1594031924:[PRESS ,0038]P   -108mbar,T +4071mdegC
1594031928:[PRESS ,0038]P    -98mbar,T-22987mdegC
1594031933:[PRESS ,0038]P    -98mbar,T+15489mdegC
1594031935:[PRESS ,0038]P   -118mbar,T-22987mdegC
1594031949:[BYPASS,0035]bypass opening 10000ms
1594031954:[BYPASS,0104]battery 15108mV,  255712uA (bypass opening), P    -98mbar
1594031969:[BYPASS,0106]battery 15081mV,  286944uA (bypass closing), P    -98mbar
1594031971:[PRESS ,0038]P   -118mbar,T +4071mdegC
1594031975:[PRESS ,0038]P   -108mbar,T-22987mdegC
1594031985:[PRESS ,0038]P   -108mbar,T+15489mdegC
1594031987:[PRESS ,0038]P   -108mbar,T +4071mdegC
1594031989:[PRESS ,0038]P   -108mbar,T+15489mdegC
1594031991:[PRESS ,0038]P   -108mbar,T-22987mdegC
1594031994:[PRESS ,0038]P   -118mbar,T+15489mdegC
1594031996:[BYPASS,0035]bypass opening 10000ms
1594032001:[BYPASS,0104]battery 15112mV,  255102uA (bypass opening), P   -108mbar
1594032016:[BYPASS,0106]battery 15086mV,  286334uA (bypass closing), P   -108mbar
1594032018:[PRESS ,0038]P   -108mbar,T-22987mdegC
1594032023:[PRESS ,0038]P   -108mbar,T +4071mdegC
1594032025:[PRESS ,0038]P   -108mbar,T-22987mdegC
1594032034:[PRESS ,0038]P   -108mbar,T +4071mdegC
1594032036:[PRESS ,0038]P   -108mbar,T-22987mdegC
1594032038:[PRESS ,0038]P   -108mbar,T+15489mdegC
1594032039:[PRESS ,0038]P   -118mbar,T-22987mdegC
1594032043:[BYPASS,0035]bypass opening 10000ms
1594032048:[BYPASS,0104]battery 15113mV,  253882uA (bypass opening), P   -108mbar
1594032063:[BYPASS,0106]battery 15088mV,  285846uA (bypass closing), P   -108mbar
1594032065:[PRESS ,0038]P    -98mbar,T +4071mdegC
1594032069:[PRESS ,0038]P    -98mbar,T-22987mdegC
1594032074:[PRESS ,0038]P    -98mbar,T+15489mdegC
1594032076:[PRESS ,0038]P    -98mbar,T-22987mdegC
1594032078:[PRESS ,0038]P    -98mbar,T+15489mdegC
1594032079:[PRESS ,0038]P    -88mbar,T-22987mdegC
1594032090:[BYPASS,0035]bypass opening 10000ms
1594032095:[BYPASS,0104]battery 15116mV,  257054uA (bypass opening), P    -98mbar
1594032110:[BYPASS,0106]battery 15092mV,  285358uA (bypass closing), P    -98mbar
1594032115:[PRESS ,0038]P    -88mbar,T+15489mdegC
1594032117:[PRESS ,0038]P    -98mbar,T-22987mdegC
1594032124:[PRESS ,0038]P    -78mbar,T+15489mdegC
1594032126:[PRESS ,0038]P    -98mbar,T +4071mdegC
1594032128:[PRESS ,0038]P    -78mbar,T-22987mdegC
1594032130:[PRESS ,0038]P    -88mbar,T +4071mdegC
1594032132:[PRESS ,0038]P    -88mbar,T-22987mdegC
1594032137:[PRESS ,0038]P    -98mbar,T +4071mdegC
1594032137:[BYPASS,0035]bypass opening 10000ms
1594032142:[BYPASS,0104]battery 15120mV,  255224uA (bypass opening), P    -98mbar
1594032157:[BYPASS,0106]battery 15095mV,  284992uA (bypass closing), P    -98mbar
1594032159:[PRESS ,0038]P    -88mbar,T-22987mdegC
1594032161:[PRESS ,0038]P    -88mbar,T +4071mdegC
1594032162:[PRESS ,0038]P    -88mbar,T+15489mdegC
1594032164:[PRESS ,0038]P    -88mbar,T-22987mdegC
1594032168:[PRESS ,0038]P    -78mbar,T +4071mdegC
1594032170:[PRESS ,0038]P    -88mbar,T-22987mdegC
1594032180:[PRESS ,0038]P    -98mbar,T+15489mdegC
1594032182:[PRESS ,0038]P    -78mbar,T-22987mdegC
1594032184:[BYPASS,0035]bypass opening 10000ms
1594032189:[BYPASS,0104]battery 15121mV,  256810uA (bypass opening), P    -78mbar
1594032204:[BYPASS,0106]battery 15097mV,  284504uA (bypass closing), P    -78mbar
1594032216:[PRESS ,0038]P    -88mbar,T +4071mdegC
1594032218:[PRESS ,0038]P    -68mbar,T-22987mdegC
1594032222:[PRESS ,0038]P    -78mbar,T+15489mdegC
1594032224:[PRESS ,0038]P    -88mbar,T-22987mdegC
1594032231:[BYPASS,0035]bypass opening 10000ms
1594032236:[BYPASS,0104]battery 15122mV,  254004uA (bypass opening), P    -78mbar
1594032251:[BYPASS,0106]battery 15100mV,  284016uA (bypass closing), P    -78mbar
1594032261:[PRESS ,0038]P    -78mbar,T+15489mdegC
1594032267:[PRESS ,0038]P    -88mbar,T-22987mdegC
1594032277:[BYPASS,0035]bypass opening 10000ms
1594032283:[BYPASS,0104]battery 15123mV,  253028uA (bypass opening), P    -78mbar
1594032298:[BYPASS,0106]battery 15102mV,  283528uA (bypass closing), P    -78mbar
1594032305:[PRESS ,0038]P    -68mbar,T+15489mdegC
1594032308:[PRESS ,0038]P    -78mbar,T-22987mdegC
1594032314:[PRESS ,0038]P    -68mbar,T+15489mdegC
1594032315:[PRESS ,0038]P    -68mbar,T-22987mdegC
1594032319:[PRESS ,0038]P    -78mbar,T +4071mdegC
1594032321:[PRESS ,0038]P    -68mbar,T-22987mdegC
1594032323:[PRESS ,0038]P    -78mbar,T+15489mdegC
1594032324:[PRESS ,0038]P    -78mbar,T +4071mdegC
1594032324:[BYPASS,0035]bypass opening 10000ms
1594032331:[BYPASS,0104]battery 15127mV,  256322uA (bypass opening), P    -78mbar
1594032346:[BYPASS,0106]battery 15103mV,  283284uA (bypass closing), P    -78mbar
1594032347:[PRESS ,0038]P    -58mbar,T-22987mdegC
1594032351:[PRESS ,0038]P    -48mbar,T+15489mdegC
1594032353:[PRESS ,0038]P    -38mbar,T-22987mdegC
1594032355:[PRESS ,0038]P    -38mbar,T +4071mdegC
1594032356:[PRESS ,0038]P    -38mbar,T-22987mdegC
1594032362:[PRESS ,0038]P     -8mbar,T+15489mdegC
1594032367:[PRESS ,0038]P    +12mbar,T-22987mdegC
1594032369:[PRESS ,0038]P    +12mbar,T+15489mdegC
1594032372:[PRESS ,0038]P    +32mbar,T-22987mdegC
1594032381:[PRESS ,0038]P    +62mbar,T+15489mdegC
1594032386:[PRESS ,0038]P   +102mbar,T-22987mdegC
1594032389:[PRESS ,0038]P   +102mbar,T+15489mdegC
1594032392:[PRESS ,0038]P   +122mbar,T-22987mdegC
1594032403:[PRESS ,0038]P   +172mbar,T+15489mdegC
1594032406:[PRESS ,0038]P   +192mbar,T-22987mdegC
1594032411:[PRESS ,0038]P   +222mbar,T+15489mdegC
1594032414:[PRESS ,0038]P   +232mbar,T-22987mdegC
1594032425:[PRESS ,0038]P   +292mbar,T+15489mdegC
1594032428:[PRESS ,0038]P   +302mbar,T-22987mdegC
1594032439:[PRESS ,0038]P   +362mbar,T +4071mdegC
1594032442:[PRESS ,0038]P   +382mbar,T+15489mdegC
1594032448:[PRESS ,0038]P   +412mbar,T-22987mdegC
1594032453:[PRESS ,0038]P   +432mbar,T+15489mdegC
1594032456:[PRESS ,0038]P   +442mbar,T-22987mdegC
1594032459:[PRESS ,0038]P   +462mbar,T+15489mdegC
1594032462:[PRESS ,0038]P   +482mbar,T-22987mdegC
1594032467:[PRESS ,0038]P   +502mbar,T-11571mdegC
1594032469:[PRESS ,0038]P   +512mbar,T-22987mdegC
1594032469:[DIVING,0028]512mbar reached (+5mbar/s), 12 bypass done
1594032470:[MAIN  ,0056]stage[0]
1594032472:[MAIN  ,0024]internal pressure 84979Pa
1594032473:[BUOY  ,0037]P   +532mbar
1594032473:[STAGE ,0080]Stage [0] 5000mbar (+/-500mbar) 1800s (<1594034269s) 
1594032535:[PRESS ,0038]P   +882mbar,T+15489mdegC
1594032537:[PRESS ,0038]P   +882mbar,T-22987mdegC
1594032540:[PRESS ,0038]P   +902mbar,T +4071mdegC
1594032542:[PRESS ,0038]P   +912mbar,T+15489mdegC
1594032544:[PRESS ,0038]P   +922mbar,T-22987mdegC
1594032546:[PRESS ,0038]P   +942mbar,T+15489mdegC
1594032548:[PRESS ,0038]P   +942mbar,T-22987mdegC
1594032550:[PRESS ,0038]P   +952mbar,T+15489mdegC
1594032551:[PRESS ,0038]P   +972mbar,T-22987mdegC
1594032555:[PRESS ,0038]P   +972mbar,T+15489mdegC
1594032560:[PRESS ,0038]P  +1002mbar,T-22987mdegC
1594032621:[PRESS ,0038]P  +1312mbar,T+15489mdegC
1594032623:[PRESS ,0038]P  +1322mbar,T +4071mdegC
1594032625:[PRESS ,0038]P  +1322mbar,T-22987mdegC
1594032626:[PRESS ,0038]P  +1332mbar,T +4071mdegC
1594032628:[PRESS ,0038]P  +1352mbar,T-22987mdegC
1594032630:[PRESS ,0038]P  +1352mbar,T+15489mdegC
1594032632:[PRESS ,0038]P  +1352mbar,T-22987mdegC
1594032641:[PRESS ,0038]P  +1412mbar,T-22987mdegC
1594032707:[PRESS ,0038]P  +1672mbar,T-22987mdegC
1594032712:[PRESS ,0038]P  +1682mbar,T+15489mdegC
1594032714:[PRESS ,0038]P  +1692mbar,T-22987mdegC
1594032716:[PRESS ,0038]P  +1692mbar,T+15489mdegC
1594032717:[PRESS ,0038]P  +1712mbar,T-22987mdegC
1594032719:[PRESS ,0038]P  +1712mbar,T+15489mdegC
1594032721:[PRESS ,0038]P  +1712mbar,T-22987mdegC
1594032725:[PRESS ,0038]P  +1742mbar,T +4071mdegC
1594032726:[PRESS ,0038]P  +1742mbar,T-22987mdegC
1594032728:[PRESS ,0038]P  +1752mbar,T+15489mdegC
1594032732:[PRESS ,0038]P  +1752mbar,T-22987mdegC
1594032792:[PRESS ,0038]P  +1952mbar,T-22987mdegC
1594032796:[PRESS ,0038]P  +1962mbar,T+15489mdegC
1594032798:[PRESS ,0038]P  +1952mbar,T-22987mdegC
1594032801:[PRESS ,0038]P  +1952mbar,T+15489mdegC
1594032803:[PRESS ,0038]P  +1962mbar,T-22987mdegC
1594032807:[PRESS ,0038]P  +1972mbar,T+15489mdegC
1594032809:[PRESS ,0038]P  +1962mbar,T-22987mdegC
1594032810:[PRESS ,0038]P  +1962mbar,T+15489mdegC
1594032812:[PRESS ,0038]P  +1972mbar,T-22987mdegC
1594032814:[PRESS ,0038]P  +1962mbar,T+15489mdegC
1594032818:[BUOY  ,0087]from +1mbar/s to +4mbar/s
1594032818:[BUOY  ,0090]need to transfer -24mL (valve during 6955ms)
1594032818:[VALVE ,0034]valve opening 6955ms
1594032825:[VALVE ,0234]battery 15025mV,  485804uA, P  +1972mbar
1594032878:[PRESS ,0038]P  +2112mbar,T-22987mdegC
1594032882:[PRESS ,0038]P  +2122mbar,T+15489mdegC
1594032884:[PRESS ,0038]P  +2132mbar,T-22987mdegC
1594032886:[PRESS ,0038]P  +2122mbar,T+15489mdegC
1594032887:[PRESS ,0038]P  +2142mbar,T-22987mdegC
1594032891:[PRESS ,0038]P  +2132mbar,T+15489mdegC
1594032893:[PRESS ,0038]P  +2152mbar,T-22987mdegC
1594032895:[PRESS ,0038]P  +2142mbar,T+15489mdegC
1594032896:[PRESS ,0038]P  +2152mbar,T-22987mdegC
1594032902:[PRESS ,0038]P  +2162mbar,T+15489mdegC
1594032904:[PRESS ,0038]P  +2162mbar,T +4071mdegC
1594032904:[BUOY  ,0087]from +2mbar/s to +4mbar/s
1594032904:[BUOY  ,0090]need to transfer -20mL (valve during 5543ms)
1594032904:[VALVE ,0034]valve opening 5543ms
1594032909:[VALVE ,0234]battery 15043mV,  483242uA, P  +2162mbar
1594032964:[PRESS ,0038]P  +2332mbar,T-22987mdegC
1594032973:[PRESS ,0038]P  +2362mbar,T+15489mdegC
1594032975:[PRESS ,0038]P  +2382mbar,T-22987mdegC
1594032980:[PRESS ,0038]P  +2402mbar,T+15489mdegC
1594032982:[PRESS ,0038]P  +2412mbar,T-22987mdegC
1594032984:[PRESS ,0038]P  +2412mbar,T+15489mdegC
1594033050:[PRESS ,0038]P  +2722mbar,T-22987mdegC
1594033052:[PRESS ,0038]P  +2732mbar,T+15489mdegC
1594033057:[PRESS ,0038]P  +2772mbar,T-22987mdegC
1594033063:[PRESS ,0038]P  +2792mbar,T+15489mdegC
1594033073:[PRESS ,0038]P  +2832mbar,T-22987mdegC
1594033136:[PRESS ,0038]P  +3012mbar,T-22987mdegC
1594033137:[PRESS ,0038]P  +3022mbar,T+15489mdegC
1594033153:[PRESS ,0038]P  +3072mbar,T-22987mdegC
1594033155:[PRESS ,0038]P  +3062mbar,T+15489mdegC
1594033221:[PRESS ,0038]P  +3232mbar,T+15489mdegC
1594033223:[PRESS ,0038]P  +3232mbar,T-11571mdegC
1594033225:[PRESS ,0038]P  +3232mbar,T+15489mdegC
1594033227:[PRESS ,0038]P  +3242mbar,T-11571mdegC
1594033228:[PRESS ,0038]P  +3242mbar,T+15489mdegC
1594033234:[PRESS ,0038]P  +3272mbar,T-11571mdegC
1594033236:[PRESS ,0038]P  +3272mbar,T+15489mdegC
1594033243:[PRESS ,0038]P  +3292mbar,T+26903mdegC
1594033244:[PRESS ,0038]P  +3302mbar,T+15489mdegC
1594033307:[PRESS ,0038]P  +3482mbar,T-11571mdegC
1594033314:[PRESS ,0038]P  +3492mbar,T+15489mdegC
1594033316:[PRESS ,0038]P  +3502mbar,T-11571mdegC
1594033318:[PRESS ,0038]P  +3502mbar,T+15489mdegC
1594033319:[PRESS ,0038]P  +3512mbar,T-11571mdegC
1594033321:[PRESS ,0038]P  +3522mbar,T+15489mdegC
1594033323:[PRESS ,0038]P  +3522mbar,T-11571mdegC
1594033332:[PRESS ,0038]P  +3542mbar,T+15489mdegC
1594033393:[PRESS ,0038]P  +3722mbar,T-11571mdegC
1594033408:[PRESS ,0038]P  +3782mbar,T+15489mdegC
1594033410:[PRESS ,0038]P  +3782mbar,T-11571mdegC
1594033414:[PRESS ,0038]P  +3792mbar,T+26903mdegC
1594033416:[PRESS ,0038]P  +3802mbar,T-11571mdegC
1594033417:[PRESS ,0038]P  +3802mbar,T+26903mdegC
1594033478:[PRESS ,0038]P  +4032mbar,T+26903mdegC
1594033482:[PRESS ,0038]P  +4052mbar,T-11571mdegC
1594033485:[PRESS ,0038]P  +4072mbar,T+26903mdegC
1594033487:[PRESS ,0038]P  +4072mbar,T-11571mdegC
1594033491:[PRESS ,0038]P  +4092mbar,T+26903mdegC
1594033493:[PRESS ,0038]P  +4092mbar,T-11571mdegC
1594033494:[PRESS ,0038]P  +4092mbar,T+26903mdegC
1594033496:[PRESS ,0038]P  +4102mbar,T-11571mdegC
1594033501:[PRESS ,0038]P  +4132mbar,T+26903mdegC
1594033503:[PRESS ,0038]P  +4122mbar,T-11571mdegC
1594033503:[BUOY  ,0087]from +4mbar/s to +2mbar/s
1594033503:[BUOY  ,0089]need to transfer +20mL (pump during 23985ms)
1594033512:[PUMP  ,0207]battery 15486mV,   20008uA (warmup), P  +4122mbar
1594033512:[PUMP  ,0016]pump during 23985ms
1594033535:[PUMP  ,0212]battery 15181mV,  329034uA (steady state), P  +4122mbar
1594033567:[PRESS ,0038]P  +4302mbar,T-11571mdegC
1594033569:[PRESS ,0038]P  +4312mbar,T+15489mdegC
1594033571:[PRESS ,0038]P  +4302mbar,T-11571mdegC
1594033573:[PRESS ,0038]P  +4312mbar,T+26903mdegC
1594033575:[PRESS ,0038]P  +4312mbar,T-11571mdegC
1594033576:[PRESS ,0038]P  +4322mbar,T+26903mdegC
1594033578:[PRESS ,0038]P  +4332mbar,T-11571mdegC
1594033580:[PRESS ,0038]P  +4332mbar,T  -160mdegC
1594033582:[PRESS ,0038]P  +4342mbar,T-11571mdegC
1594033585:[PRESS ,0038]P  +4352mbar,T+26903mdegC
1594033589:[PRESS ,0038]P  +4352mbar,T-11571mdegC
1594033591:[PRESS ,0038]P  +4352mbar,T+26903mdegC
1594033653:[PRESS ,0038]P  +4552mbar,T+26903mdegC
1594033655:[PRESS ,0038]P  +4552mbar,T-11571mdegC
1594033657:[PRESS ,0038]P  +4572mbar,T+26903mdegC
1594033667:[PRESS ,0038]P  +4602mbar,T-11571mdegC
1594033671:[PRESS ,0038]P  +4602mbar,T+26903mdegC
1594033675:[PRESS ,0038]P  +4612mbar,T  -160mdegC
1594033678:[PRESS ,0038]P  +4622mbar,T-11571mdegC
1594033678:[STAGE ,0213]4622mbar reached at 1594033678s, ref 5000mbar +/-500mbar
1594033678:[BUOY  ,0087]from +3mbar/s to +0mbar/s
1594033678:[BUOY  ,0089]need to transfer +14mL (pump during 16790ms)
1594033686:[PUMP  ,0207]battery 15462mV,   19764uA (warmup), P  +4622mbar
1594033686:[PUMP  ,0016]pump during 16790ms
1594033703:[PUMP  ,0212]battery 15161mV,  341234uA (steady state), P  +4622mbar
1594033742:[PRESS ,0038]P  +4732mbar,T+26903mdegC
1594033751:[PRESS ,0038]P  +4732mbar,T  -160mdegC
1594033753:[PRESS ,0038]P  +4742mbar,T+26903mdegC
1594033760:[PRESS ,0038]P  +4742mbar,T  -160mdegC
1594033762:[PRESS ,0038]P  +4742mbar,T+26903mdegC
1594033764:[PRESS ,0038]P  +4742mbar,T-11571mdegC
1594033765:[PRESS ,0038]P  +4742mbar,T  -160mdegC
1594033767:[PRESS ,0038]P  +4752mbar,T+26903mdegC
1594033949:[PRESS ,0038]P  +4802mbar,T  -160mdegC
1594034010:[PRESS ,0038]P  +4932mbar,T  -160mdegC
1594034071:[PRESS ,0038]P  +5012mbar,T  -160mdegC
1594034071:[BUOY  ,0087]from +1mbar/s to +0mbar/s
1594034071:[BUOY  ,0089]need to transfer +2mL (pump during 2399ms)
1594034079:[PUMP  ,0207]battery 15473mV,   19764uA (warmup), P  +5012mbar
1594034079:[PUMP  ,0016]pump during 2399ms
1594034135:[PRESS ,0038]P  +5122mbar,T-27224mdegC
1594034138:[PRESS ,0038]P  +5122mbar,T  -160mdegC
1594034140:[PRESS ,0038]P  +5132mbar,T-27224mdegC
1594034143:[PRESS ,0038]P  +5132mbar,T  -160mdegC
1594034151:[PRESS ,0038]P  +5152mbar,T-27224mdegC
1594034152:[PRESS ,0038]P  +5152mbar,T  -160mdegC
1594034158:[PRESS ,0038]P  +5152mbar,T-27224mdegC
1594034160:[BUOY  ,0087]from +1mbar/s to +0mbar/s
1594034160:[BUOY  ,0089]need to transfer +2mL (pump during 2393ms)
1594034168:[PUMP  ,0207]battery 15473mV,   19764uA (warmup), P  +5152mbar
1594034168:[PUMP  ,0016]pump during 2393ms
1594034223:[PRESS ,0038]P  +5272mbar,T-27224mdegC
1594034229:[PRESS ,0038]P  +5272mbar,T  -160mdegC
1594034232:[PRESS ,0038]P  +5292mbar,T-27224mdegC
1594034234:[PRESS ,0038]P  +5292mbar,T  -160mdegC
1594034240:[PRESS ,0038]P  +5302mbar,T+26903mdegC
1594034241:[PRESS ,0038]P  +5302mbar,T-27224mdegC
1594034247:[PRESS ,0038]P  +5312mbar,T  -160mdegC
1594034249:[BUOY  ,0087]from +2mbar/s to +0mbar/s
1594034249:[BUOY  ,0089]need to transfer +6mL (pump during 7179ms)
1594034257:[PUMP  ,0207]battery 15473mV,   19764uA (warmup), P  +5322mbar
1594034257:[PUMP  ,0016]pump during 7179ms
1594034264:[PUMP  ,0212]battery 15162mV,  348676uA (steady state), P  +5322mbar
1594034313:[PRESS ,0038]P  +5352mbar,T-27224mdegC
1594034316:[PRESS ,0038]P  +5352mbar,T  -160mdegC
1594034320:[PRESS ,0038]P  +5352mbar,T-27224mdegC
1594034323:[PRESS ,0038]P  +5352mbar,T  -160mdegC
1594034325:[PRESS ,0038]P  +5352mbar,T-27224mdegC
1594034332:[PRESS ,0038]P  +5342mbar,T  -160mdegC
1594034334:[PRESS ,0038]P  +5342mbar,T-27224mdegC
1594034338:[MAIN  ,0140]stage[0] complete 1869s after mission start
1594034338:[MAIN  ,0056]stage[1]
1594034340:[MAIN  ,0024]internal pressure 83748Pa
1594034341:[MRMAID,0002]acq started
1594034351:[BUOY  ,0037]P  +5342mbar
1594034351:[STAGE ,0080]Stage [1] 5000mbar (+/-500mbar) 1800s (<1594036069s) MERMAID
1594034353:[PRESS ,0038]P  +5342mbar,T  -160mdegC
1594034353:[STAGE ,0213]5342mbar reached at 1594034353s, ref 5000mbar +/-500mbar
1594034414:[PRESS ,0038]P  +5312mbar,T-27224mdegC
1594034474:[PRESS ,0038]P  +5262mbar,T  -160mdegC
1594034495:[MRMAID,0027]53dbar, 0degC
1594034535:[PRESS ,0038]P  +5262mbar,T-27224mdegC
1594034596:[PRESS ,0038]P  +5262mbar,T  -160mdegC
1594034656:[PRESS ,0038]P  +5262mbar,T-27224mdegC
1594034899:[PRESS ,0038]P  +5332mbar,T-27224mdegC
1594034960:[PRESS ,0038]P  +5402mbar,T+11247mdegC
1594035020:[PRESS ,0038]P  +5482mbar,T+11247mdegC
1594035081:<WARN>[BUOY  ,0094]stage[1] should ASCENT, stuck at 5502mbar for the #1 time
1594035081:[BUOY  ,0087]from +0mbar/s to -2mbar/s
1594035081:[BUOY  ,0089]need to transfer +6mL (pump during 7177ms)
1594035090:[PUMP  ,0207]battery 15495mV,   20496uA (warmup), P  +5502mbar
1594035090:[PUMP  ,0016]pump during 7177ms
1594035097:[PUMP  ,0212]battery 15175mV,  343552uA (steady state), P  +5502mbar
1594035110:[MRMAID,0184]acq already started
1594035156:[PRESS ,0038]P  +5522mbar,T-27224mdegC
1594035157:[PRESS ,0038]P  +5522mbar,T+11247mdegC
1594035159:[PRESS ,0038]P  +5532mbar,T-27224mdegC
1594035161:[PRESS ,0038]P  +5532mbar,T+11247mdegC
1594035166:[PRESS ,0038]P  +5512mbar,T-15820mdegC
1594035168:[PRESS ,0038]P  +5522mbar,T-27224mdegC
1594035172:[PRESS ,0038]P  +5512mbar,T+11247mdegC
1594035174:[PRESS ,0038]P  +5522mbar,T-15820mdegC
1594035179:[PRESS ,0038]P  +5522mbar,T+11247mdegC
1594035181:<WARN>[BUOY  ,0094]stage[1] should ASCENT, stuck at 5522mbar for the #2 time
1594035181:[BUOY  ,0087]from +0mbar/s to -2mbar/s
1594035181:[BUOY  ,0089]need to transfer +6mL (pump during 7177ms)
1594035189:[PUMP  ,0207]battery 15483mV,   20252uA (warmup), P  +5522mbar
1594035189:[PUMP  ,0016]pump during 7177ms
1594035197:[PUMP  ,0212]battery 15171mV,  343674uA (steady state), P  +5522mbar
1594035209:[MRMAID,0184]acq already started
1594035255:[PRESS ,0038]P  +5472mbar,T-27224mdegC
1594035257:[PRESS ,0038]P  +5472mbar,T+11247mdegC
1594035262:[PRESS ,0038]P  +5462mbar,T-27224mdegC
1594035264:[PRESS ,0038]P  +5462mbar,T+11247mdegC
1594035266:[PRESS ,0038]P  +5462mbar,T-15820mdegC
1594035271:[PRESS ,0038]P  +5452mbar,T-27224mdegC
1594035273:[PRESS ,0038]P  +5452mbar,T+11247mdegC
1594035341:[PRESS ,0038]P  +5322mbar,T+11247mdegC
1594035380:[MRMAID,0059]stop canceled
1594035392:[MRMAID,0005]ascent request rejected
1594035402:[PRESS ,0038]P  +5212mbar,T+11247mdegC
1594035462:[PRESS ,0038]P  +5112mbar,T-15820mdegC
1594035484:[MRMAID,0027]51dbar, -16degC
1594035523:[PRESS ,0038]P  +5032mbar,T-27224mdegC
1594035584:[PRESS ,0038]P  +5022mbar,T+11247mdegC
1594035644:[PRESS ,0038]P  +5032mbar,T-15820mdegC
1594035705:[PRESS ,0038]P  +4962mbar,T-15820mdegC
1594035705:[BUOY  ,0087]from -1mbar/s to +0mbar/s
1594035705:[BUOY  ,0090]need to transfer -2mL (valve during 364ms)
1594035706:[VALVE ,0034]valve opening 364ms
1594035717:[MRMAID,0184]acq already started
1594035776:[PRESS ,0038]P  +4982mbar,T+11247mdegC
1594035778:[PRESS ,0038]P  +4972mbar,T+22648mdegC
1594035780:[PRESS ,0038]P  +4972mbar,T+11247mdegC
1594035782:[PRESS ,0038]P  +4972mbar,T-15820mdegC
1594035789:[PRESS ,0038]P  +4972mbar,T+11247mdegC
1594035794:[PRESS ,0038]P  +4982mbar,T-15820mdegC
1594035796:[PRESS ,0038]P  +4972mbar,T+11247mdegC
1594035798:[PRESS ,0038]P  +4982mbar,T-15820mdegC
1594035799:[PRESS ,0038]P  +4992mbar,T+11247mdegC
1594035801:[PRESS ,0038]P  +4992mbar,T-15820mdegC
1594035862:[PRESS ,0038]P  +5032mbar,T+11247mdegC
1594035862:[BUOY  ,0087]from +1mbar/s to +0mbar/s
1594035862:[BUOY  ,0089]need to transfer +2mL (pump during 2393ms)
1594035871:[PUMP  ,0207]battery 15491mV,   20618uA (warmup), P  +5032mbar
1594035871:[PUMP  ,0016]pump during 2393ms
1594035886:[MRMAID,0184]acq already started
1594035942:[PRESS ,0038]P  +5032mbar,T+22648mdegC
1594035944:[PRESS ,0038]P  +5032mbar,T-15820mdegC
1594035945:[PRESS ,0038]P  +5022mbar,T+22648mdegC
1594035947:[PRESS ,0038]P  +5022mbar,T-15820mdegC
1594035954:[PRESS ,0038]P  +5032mbar,T+11247mdegC
1594035956:[PRESS ,0038]P  +5022mbar,T-15820mdegC
1594036083:[PRESS ,0038]P  +5002mbar,T+11247mdegC
1594036083:[MAIN  ,0140]stage[1] complete 3614s after mission start
1594036585:[MRMAID,0003]acq stopped
1594036585:[MRMAID,0052]Mermaid $MEASFS,87653,2190.557800,40.014009;
1594036606:[MRMAID,0005]ascent request rejected
1594036626:[MRMAID,0188]acq already stopped
1594036687:[MSSION,0192]mission stopped, 2 stage(s) done
1594036687:[MAIN  ,0065]surfacing
1594036688:[PRESS ,0038]P  +4772mbar,T-15820mdegC
1594036688:[SURFIN,0036]P  +4772mbar
1594036697:[PUMP  ,0207]battery 15497mV,   20374uA (warmup), P  +4772mbar
1594036697:[PUMP  ,0016]pump during 60000ms
1594036756:[PUMP  ,0212]battery 15166mV,  342210uA (steady state), P  +4772mbar
1594036813:[PRESS ,0038]P  +4422mbar,T-15820mdegC
1594036819:[PRESS ,0038]P  +4402mbar,T+22648mdegC
1594036824:[PRESS ,0038]P  +4382mbar,T-15820mdegC
1594036829:[PRESS ,0038]P  +4352mbar,T+22648mdegC
1594036836:[PRESS ,0038]P  +4322mbar,T-15820mdegC
1594036846:[PUMP  ,0207]battery 15407mV,   19886uA (warmup), P  +4322mbar
1594036846:[PUMP  ,0016]pump during 60000ms
1594036905:[PUMP  ,0212]battery 15107mV,  352580uA (steady state), P  +4322mbar
1594036963:[PRESS ,0038]P  +3582mbar,T+22648mdegC
1594036967:[PRESS ,0038]P  +3552mbar,T-15820mdegC
1594036968:[PRESS ,0038]P  +3542mbar,T+22648mdegC
1594036970:[PRESS ,0038]P  +3532mbar,T-15820mdegC
1594036975:[PRESS ,0038]P  +3492mbar,T -4421mdegC
1594036977:[PRESS ,0038]P  +3482mbar,T-15820mdegC
1594036979:[PRESS ,0038]P  +3472mbar,T+22648mdegC
1594036981:[PRESS ,0038]P  +3462mbar,T-15820mdegC
1594036983:[PRESS ,0038]P  +3462mbar,T+22648mdegC
1594036988:[PRESS ,0038]P  +3412mbar,T-15820mdegC
1594036996:[PUMP  ,0207]battery 15347mV,   19764uA (warmup), P  +3412mbar
1594036996:[PUMP  ,0016]pump during 60000ms
1594037055:[PUMP  ,0212]battery 15068mV,  335012uA (steady state), P  +3412mbar
1594037113:[PRESS ,0038]P  +2592mbar,T-15820mdegC
1594037118:[PRESS ,0038]P  +2572mbar,T+22648mdegC
1594037120:[PRESS ,0038]P  +2552mbar,T-15820mdegC
1594037122:[PRESS ,0038]P  +2542mbar,T+22648mdegC
1594037131:[PRESS ,0038]P  +2492mbar,T-15820mdegC
1594037133:[PRESS ,0038]P  +2502mbar,T+22648mdegC
1594037134:[PRESS ,0038]P  +2482mbar,T-15820mdegC
1594037136:[PRESS ,0038]P  +2492mbar,T+22648mdegC
1594037146:[PUMP  ,0207]battery 15313mV,   19764uA (warmup), P  +2472mbar
1594037146:[PUMP  ,0016]pump during 60000ms
1594037205:[PUMP  ,0212]battery 15040mV,  331596uA (steady state), P  +2472mbar
1594037263:[PRESS ,0038]P  +1812mbar,T-15820mdegC
1594037265:[PRESS ,0038]P  +1802mbar,T+22648mdegC
1594037272:[PRESS ,0038]P  +1762mbar,T -4421mdegC
1594037274:[PRESS ,0038]P  +1752mbar,T-15820mdegC
1594037275:[PRESS ,0038]P  +1752mbar,T+22648mdegC
1594037288:[PRESS ,0038]P  +1692mbar,T -4421mdegC
1594037296:[PUMP  ,0207]battery 15293mV,   19764uA (warmup), P  +1692mbar
1594037296:[PUMP  ,0016]pump during 60000ms
1594037355:[PUMP  ,0212]battery 15021mV,  334402uA (steady state), P  +1692mbar
1594037413:[PRESS ,0038]P   +982mbar,T+22648mdegC
1594037420:[PRESS ,0038]P   +952mbar,T-15820mdegC
1594037421:[PRESS ,0038]P   +922mbar,T+22648mdegC
1594037427:[PRESS ,0038]P   +892mbar,T-31492mdegC
1594037429:[PRESS ,0038]P   +882mbar,T -4421mdegC
1594037436:[PRESS ,0038]P   +832mbar,T+22648mdegC
1594037446:[PUMP  ,0207]battery 15282mV,   19764uA (warmup), P   +822mbar
1594037446:[PUMP  ,0016]pump during 60000ms
1594037505:[PUMP  ,0212]battery 15016mV,  327448uA (steady state), P   +822mbar
1594037562:[PRESS ,0038]P    -88mbar,T+22648mdegC
1594037564:[PRESS ,0038]P    -88mbar,T-15820mdegC
1594037569:[PRESS ,0038]P    -78mbar,T+22648mdegC
1594037577:[PRESS ,0038]P    -98mbar,T+11247mdegC
1594037578:[PRESS ,0038]P   -108mbar,T+22648mdegC
1594037580:[PRESS ,0038]P    -98mbar,T-15820mdegC
1594037589:[PRESS ,0038]P    -88mbar,T+22648mdegC
1594037591:[PRESS ,0038]P    -88mbar,T-15820mdegC
1594037591:[SURFIN,0020]filling external bladder
1594037599:[PUMP  ,0207]battery 15278mV,   19642uA (warmup), P    -88mbar
1594037599:[PUMP  ,0016]pump during 300000ms
1594037898:[PUMP  ,0212]battery 14662mV, 1085922uA (steady state), P    -88mbar
1594037909:[PUMP  ,0207]battery 14848mV,   18910uA (warmup), P    -88mbar
1594037909:[PUMP  ,0016]pump during 300000ms
1594038078:[PUMP  ,0212]battery 14467mV, 1001986uA (steady state), P    -88mbar
1594038080:[SURFIN,0019]external bladder full
1594038081:[PRESS ,0038]P   +140mbar,T+11247mdegC
1594038088:[PRESS ,0038]P   +130mbar,T-27224mdegC
1594038090:[PRESS ,0038]P   +120mbar,T+11247mdegC
1594038092:[PRESS ,0038]P   +120mbar,T-15820mdegC
1594038094:[PRESS ,0038]P   +130mbar,T-27224mdegC
1594038097:[PRESS ,0038]P   +120mbar,T+11247mdegC
1594038099:[PRESS ,0038]P   +120mbar,T-27224mdegC
1594038103:[PRESS ,0038]P   +130mbar,T+11247mdegC
1594038106:[PRESS ,0038]P   +130mbar,T  -160mdegC
1594038142:[MAIN  ,0272]Vbat 15065mV (min 14997mV)
1594038145:[MAIN  ,0024]internal pressure 80538Pa
1594038145:[MAIN  ,0043]Pext 125mbar (rng 20mbar)
1594038145:[MAIN  ,0064]surface
1594038163:[SURF  ,0022]GPS fix...
1594038183:[SURF  ,0015]10 PPS detected...
1594038184:[MRMAID,0052]Mermaid $GPSACK:+0,+0,+0,+0,+0,+0,-2746;
1594038194:[MRMAID,0052]Mermaid $GPSOFF:3686295;
1594038195:[GPSFIX,0179]+0s diff
1594038195:[SURF  ,0222]2020-07-06T12:23:15
1594038195:[SURF  ,0082]Latitude : N43deg40.939mn, Longitude :E007deg19.178mn
1594038195:[SURF  ,0223]fix3D,10satellites
1594038195:[SURF  ,0084]GPS fix GPGSA : hdop0.680,vdop1.020
1594038205:[SURF  ,0274]last almanac : 6914
1594038276:[MRMAID,0026]23853 bytes in 0061/5F0317C2.MER
1594038282:[MAIN  ,0320]New pressure offset: 125mbar
1594038282:[LOGBIN,0078]*** switching to 0061/5F03180A ***
