947301018:[MONITR,0197]reboot code 0x0000, src/monitor.c@520
947301018:[MAIN  ,0007]buoy 452.120-R-0062
947301018:[MAIN  ,0055]soft pilotage 452.012.300_V2.20-20200612
947301018:[MAIN  ,0011]date 2000-01-08T03:10:18
947301024:[MAIN  ,0006]battery 15518mV,    7808uA
947301027:[MAIN  ,0024]internal pressure 80895Pa
947301028:[PRESS ,0038]P    +60mbar,T-10327mdegC
947301028:[MRMAID,0182]thread started
947301030:[MRMAID,0186]no wake-up
947301031:[MRMAID,0188]acq already stopped
947301031:[MRMAID,0052]Mermaid $BOARD:452116600-62;
947301032:[MRMAID,0052]Mermaid $SOFT:2.1344;
947301032:[TESTMD,0053]Enter in test mode? yes/no
947301032:[TESTMD,0252]0062>
947301042:[TESTMD,0050]"yes"
947301042:[TESTMD,0249]
Command list
pext    : Get external pressure
pint    : Get internal vacuum
ui      : Get voltage/current
act     : Test actuators
fillb   : Pump until filling the bladder
bpopen  : Open bypass
bpclose : Close bypass
date    : Get date
gps     : GPS synchronization
iridium : Iridium transfer
mstart  : Start mermaid acq
mstop   : Stop mermaid acq
mdata   : Get mermaid datas
mchecksd  : Start mermaid acq
mdump  : Send data REQUEST command with date and duration
s41dumpa : Get averaged CTD datas
s41dumpr : Get raw CTD datas
ls      : List files
cp      : Copy file or directory content on the desktop
rm      : Remove a file
h       : Print command list
q       : Quit

Advanced
pumps X : pompe Xs (lent)
pumpf X : pompe Xs (rapide)
evh     : ouvre l'electrovalve 30s
bypass  : ouvre le bypass 30s
dvmine  : deverminage de la carte
nominal : mode nominal pour mesure de conso
cychydr : test du circuit hydraulique
mkdir   : creer un repertoire
mv      : deplacer un fichier
ps      : liste les processus

Set params
stage   : Stage settings
buoy    : Buoy settings
p2t     : Pressure sensor settings
log     : Verb cfg
mermaid : Mermaid cfg
upload  : On/Off Irid transfer
sys  : system param settings


947301042:[TESTMD,0252]0062>
