1593101468:[MONITR,0197]reboot code 0x0000, src/monitor.c@520
1593101468:[MAIN  ,0007]buoy 452.120-R-0062
1593101468:[MAIN  ,0055]soft pilotage 452.012.300_V2.20-20200612
1593101468:[MAIN  ,0011]date 2020-06-25T16:11:08
1593101474:[MAIN  ,0006]battery 15475mV,    8052uA
1593101477:[MAIN  ,0024]internal pressure 81654Pa
1593101478:[PRESS ,0038]P    +80mbar,T  +710mdegC
1593101478:[MRMAID,0182]thread started
1593101480:[MRMAID,0186]no wake-up
1593101481:[MRMAID,0188]acq already stopped
1593101481:[MRMAID,0052]Mermaid $BOARD:452116600-62;
1593101482:[MRMAID,0052]Mermaid $SOFT:2.1344;
1593101482:[TESTMD,0053]Enter in test mode? yes/no
1593101482:[TESTMD,0252]0062>
1593101484:[TESTMD,0050]"yes"
1593101484:[TESTMD,0249]
Command list
pext    : Get external pressure
pint    : Get internal vacuum
ui      : Get voltage/current
act     : Test actuators
fillb   : Pump until filling the bladder
bpopen  : Open bypass
bpclose : Close bypass
date    : Get date
gps     : GPS synchronization
iridium : Iridium transfer
mstart  : Start mermaid acq
mstop   : Stop mermaid acq
mdata   : Get mermaid datas
mchecksd  : Start mermaid acq
mdump  : Send data REQUEST command with date and duration
s41dumpa : Get averaged CTD datas
s41dumpr : Get raw CTD datas
ls      : List files
cp      : Copy file or directory content on the desktop
rm      : Remove a file
h       : Print command list
q       : Quit

Advanced
pumps X : pompe Xs (lent)
pumpf X : pompe Xs (rapide)
evh     : ouvre l'electrovalve 30s
bypass  : ouvre le bypass 30s
dvmine  : deverminage de la carte
nominal : mode nominal pour mesure de conso
cychydr : test du circuit hydraulique
mkdir   : creer un repertoire
mv      : deplacer un fichier
ps      : liste les processus

Set params
stage   : Stage settings
buoy    : Buoy settings
p2t     : Pressure sensor settings
log     : Verb cfg
mermaid : Mermaid cfg
upload  : On/Off Irid transfer
sys  : system param settings


1593101485:[TESTMD,0252]0062>
1593101493:[TESTMD,0050]"gps"
1593101501:[SURF  ,0022]GPS fix...
1593101519:<WARN>[GPSFIX,0123]GPRMC ms=990 #1
1593101539:[SURF  ,0015]10 PPS detected...
1593101541:[MRMAID,0052]Mermaid $GPSACK:+50,+5,+24,+16,+11,-36,-453674;
1593101551:[MRMAID,0052]Mermaid $GPSOFF:3686344;
1593101553:[GPSFIX,0179]-1s diff
1593101554:[SURF  ,0222]2020-06-25T16:12:34
1593101554:[SURF  ,0082]Latitude : N43deg06.494mn, Longitude :E006deg02.276mn
1593101554:[SURF  ,0223]fix3D,9satellites
1593101554:[SURF  ,0084]GPS fix GPGSA : hdop1.100,vdop1.620
1593101569:[TESTMD,0252]0062>
1593101575:[TESTMD,0050]"gps"
1593101586:[SURF  ,0022]GPS fix...
1593101606:[SURF  ,0015]10 PPS detected...
1593101607:[MRMAID,0052]Mermaid $GPSACK:+0,+0,+0,+0,+0,+0,+0;
1593101617:[MRMAID,0052]Mermaid $GPSOFF:3686344;
1593101619:[GPSFIX,0179]+0s diff
1593101619:[SURF  ,0222]2020-06-25T16:13:39
1593101619:[SURF  ,0082]Latitude : N43deg06.495mn, Longitude :E006deg02.277mn
1593101619:[SURF  ,0223]fix3D,9satellites
1593101619:[SURF  ,0084]GPS fix GPGSA : hdop1.060,vdop1.400
1593101634:[TESTMD,0252]0062>
1593101638:[TESTMD,0050]"iridium"
1593101649:[SURF  ,0025]Iridium...
1593101712:[SURF  ,0009]connected in 63s, signal quality 5
1593101768:<WARN>[SURF  ,0071]timeout
1593101768:<WARN>[SURF  ,0056]peer mute
1593101778:[SURF  ,0014]disconnected after 129s
1593101783:[TESTMD,0252]0062>
1593101799:[TESTMD,0050]"iridium"
1593101810:[SURF  ,0025]Iridium...
1593101868:[SURF  ,0009]connected in 58s, signal quality 2
1593101926:[SURF  ,0218]prompt received, remote cmd end
1593101926:[SURF  ,0012]16 cmd(s) received
1593101947:[UPLOAD,0248]Upload data files...
1593101957:[UPLOAD,0231]"0062/386D439A.BIN" uploaded at 68bytes/s
1593101968:[UPLOAD,0231]"0062/5EE0FF89.LOG" uploaded at 145bytes/s
1593101975:[UPLOAD,0231]"0062/386D4B04.BIN" uploaded at 79bytes/s
1593101989:[UPLOAD,0231]"0062/386D4D46.BIN" uploaded at 105bytes/s
1593101995:[UPLOAD,0231]"0062/3875284E.BIN" uploaded at 99bytes/s
1593102010:[UPLOAD,0231]"0062/38766A93.BIN" uploaded at 107bytes/s
1593102017:[UPLOAD,0231]"0062/3876AA0C.BIN" uploaded at 91bytes/s
1593102045:[UPLOAD,0231]"0062/3876AA9A.BIN" uploaded at 15bytes/s
1593102053:[UPLOAD,0231]"0062/3877F845.BIN" uploaded at 100bytes/s
1593102062:[UPLOAD,0231]"0062/3877FC62.BIN" uploaded at 104bytes/s
1593102078:[MAIN  ,0013]10 file(s) uploaded
1593102109:[SURF  ,0014]disconnected after 299s
1593102114:[TESTMD,0252]0062>
