946687302:[MONITR,0197]reboot code 0x0000, src/monitor.c@520
946687302:[MAIN  ,0007]buoy 452.020-R-0062
946687302:[MAIN  ,0055]soft pilotage 452.012.300_V2.18-20200518
946687302:[MAIN  ,0011]date 2000-01-01T00:41:42
946687308:[MAIN  ,0006]battery 14987mV,    7808uA
946687311:[MAIN  ,0024]internal pressure 100716Pa
946687312:[PRESS ,0038]P    -30mbar,T-21369mdegC
946687312:[MRMAID,0182]thread started
946687314:[MRMAID,0186]no wake-up
946687315:[MRMAID,0188]acq already stopped
946687315:[MRMAID,0052]Mermaid $BOARD:452116600-62;
946687316:[MRMAID,0052]Mermaid $SOFT:2.1338;
946687316:[TESTMD,0053]Enter in test mode? yes/no
946687316:[TESTMD,0252]0062>
946687322:[TESTMD,0050]"yes"
946687322:[TESTMD,0249]
Command list
pext    : Get external pressure
pint    : Get internal vacuum
ui      : Get voltage/current
act     : Test actuators
fillb   : Pump until filling the bladder
bpopen  : Open bypass
bpclose : Close bypass
date    : Get date
gps     : GPS synchronization
iridium : Iridium transfer
mstart  : Start mermaid acq
mstop   : Stop mermaid acq
mdata   : Get mermaid datas
mchecksd  : Start mermaid acq
mdump  : Send data REQUEST command with date and duration
s41dumpa : Get averaged CTD datas
s41dumpr : Get raw CTD datas
ls      : List files
cp      : Copy file or directory content on the desktop
rm      : Remove a file
h       : Print command list
q       : Quit

Advanced
pumps X : pompe Xs (lent)
pumpf X : pompe Xs (rapide)
evh     : ouvre l'electrovalve 30s
bypass  : ouvre le bypass 30s
dvmine  : deverminage de la carte
nominal : mode nominal pour mesure de conso
cychydr : test du circuit hydraulique
mkdir   : creer un repertoire
mv      : deplacer un fichier
ps      : liste les processus

Set params
stage   : Stage settings
buoy    : Buoy settings
p2t     : Pressure sensor settings
log     : Verb cfg
mermaid : Mermaid cfg
upload  : On/Off Irid transfer
sys  : system param settings


946687322:[TESTMD,0252]0062>
946687353:[TESTMD,0050]"evh"
946687354:[VALVE ,0034]valve opening 30000ms
946687384:[TESTMD,0252]0062>
946687392:[TESTMD,0050]"bpopen"
946687400:[TESTMD,0252]0062>
946687409:[TESTMD,0050]"bpclose"
946687417:[TESTMD,0252]0062>
946687480:[TESTMD,0050]"pumps300"
946687488:[PUMP  ,0016]pump during 300000ms
946687790:[TESTMD,0252]0062>
946687842:[TESTMD,0050]"pumps300"
946687851:[PUMP  ,0016]pump during 300000ms
946688152:[TESTMD,0252]0062>
946688221:[TESTMD,0050]"pumps300"
946688229:[PUMP  ,0016]pump during 300000ms
946688530:[TESTMD,0252]0062>
946688588:[TESTMD,0050]"pumpf300"
946688596:[PUMP  ,0016]pump during 300000ms
946688897:[TESTMD,0252]0062>
946689240:[TESTMD,0050]"pumpf300"
946689248:[PUMP  ,0016]pump during 300000ms
946689550:[TESTMD,0252]0062>
946689605:[TESTMD,0050]"pumpf300"
946689613:[PUMP  ,0016]pump during 300000ms
946689914:[TESTMD,0252]0062>
946690824:[TESTMD,0050]"fillb"
946690824:[SURFIN,0020]filling external bladder
946690832:[PUMP  ,0016]pump during 300000ms
946691096:[SURFIN,0019]external bladder full
946691096:[TESTMD,0252]0062>
946691153:[TESTMD,0050]"bpopen"
946691161:[TESTMD,0252]0062>
946691176:[TESTMD,0050]"bpclose"
946691184:[TESTMD,0252]0062>
946691185:[TESTMD,0050]"fillb"
946691185:[SURFIN,0020]filling external bladder
946691193:[PUMP  ,0016]pump during 300000ms
946691211:[SURFIN,0019]external bladder full
946691211:[TESTMD,0252]0062>
946691506:[TESTMD,0050]"bpopen"
946691514:[TESTMD,0252]0062>
946691520:[TESTMD,0050]"bpclose"
946691528:[TESTMD,0252]0062>
946691528:[TESTMD,0050]"fillb"
946691528:[SURFIN,0020]filling external bladder
946691537:[PUMP  ,0016]pump during 300000ms
946691551:[SURFIN,0019]external bladder full
946691551:[TESTMD,0252]0062>
