1594016818:[MAIN  ,0007]buoy 452.120-R-0062
1594016818:[MAIN  ,0055]soft pilotage 452.012.300_V2.20-20200612
1594016818:[MAIN  ,0010]cycle 11
1594016818:[SURF  ,0225]surface2
1594016833:[SURF  ,0022]GPS fix...
1594016853:[SURF  ,0015]10 PPS detected...
1594016854:[MRMAID,0052]Mermaid $GPSACK:+0,+0,+0,+0,+0,+0,+0;
1594016864:[MRMAID,0052]Mermaid $GPSOFF:3686346;
1594016865:[GPSFIX,0179]-1s diff
1594016866:[SURF  ,0222]2020-07-06T06:27:46
1594016866:[SURF  ,0082]Latitude : N43deg40.938mn, Longitude :E007deg19.178mn
1594016866:[SURF  ,0223]fix3D,9satellites
1594016866:[SURF  ,0084]GPS fix GPGSA : hdop0.710,vdop0.970
1594016876:[SURF  ,0025]Iridium...
1594016930:[SURF  ,0009]connected in 54s, signal quality 5
1594016999:[SURF  ,0218]prompt received, remote cmd end
1594016999:[SURF  ,0012]16 cmd(s) received
1594017020:[UPLOAD,0248]Upload data files...
1594017102:[UPLOAD,0231]"0062/5F02AA6F.MER" uploaded at 134bytes/s
1594017231:[UPLOAD,0231]"0062/5F02AAC7.BIN" uploaded at 97bytes/s
1594017365:[UPLOAD,0231]"0062/5F028BDB.BIN" uploaded at 96bytes/s
1594017515:[UPLOAD,0231]"0062/5F02C3EE.MER" uploaded at 149bytes/s
1594017531:[MAIN  ,0013]4 file(s) uploaded
1594017566:[SURF  ,0014]disconnected after 690s
1594017571:[SURFIN,0020]filling external bladder
1594017579:[PUMP  ,0207]battery 15116mV,   18422uA (warmup), P   +130mbar
1594017580:[PUMP  ,0016]pump during 300000ms
1594017588:[PUMP  ,0212]battery 14730mV, 1025532uA (steady state), P   +130mbar
1594017590:[SURFIN,0019]external bladder full
1594017590:[SURF  ,0227]1st complete transfer
1594017605:[SURF  ,0022]GPS fix...
1594017625:[SURF  ,0015]10 PPS detected...
1594017626:[MRMAID,0052]Mermaid $GPSACK:+0,+0,+0,+0,+0,+0,+0;
1594017636:[MRMAID,0052]Mermaid $GPSOFF:3686345;
1594017637:[GPSFIX,0179]+0s diff
1594017637:[SURF  ,0222]2020-07-06T06:40:37
1594017637:[SURF  ,0082]Latitude : N43deg40.937mn, Longitude :E007deg19.178mn
1594017637:[SURF  ,0223]fix3D,9satellites
1594017637:[SURF  ,0084]GPS fix GPGSA : hdop0.680,vdop0.890
1594017654:[MAIN  ,0024]internal pressure 80431Pa
1594017655:[BYCMD ,0107]    FreeRTOS V8.2.3
1594017655:[BYCMD ,0108]    FatFS v11a
1594017655:[BYCMD ,0120]    bypass 10000ms 60000ms (20000ms 60000ms stored)
1594017655:[BYCMD ,0121]    valve 60000ms 12750 (60000ms 12750 stored)
1594017655:[BYCMD ,0122]    pump 60000ms 30% 10750 80% (60000ms 30% 10750 80% stored)
1594017655:[BYCMD ,0123]    rate 2mbar/s (2mbar/s stored)
1594017655:[BYCMD ,0124]    surface 500mbar (500mbar stored)
1594017655:[BYCMD ,0125]    near 1500mbar 3mbar/s (15000mbar 3mbar/s stored)
1594017655:[BYCMD ,0126]    far 2500mbar 4mbar/s (25000mbar 4mbar/s stored)
1594017655:[BYCMD ,0127]    ascent 8mbar/s (8mbar/s stored)
1594017655:[BYCMD ,0128]    dead 60s (300s stored)
1594017655:[BYCMD ,0129]    coeff 16/10 (16/10 stored)
1594017655:[BYCMD ,0130]    stab 10 (10 stored)
1594017655:[BYCMD ,0131]    delay 900s 3600s (900s 3600s stored)
1594017655:[BYCMD ,0132]    mmtime 2880min (2880min stored)
1594017655:[BYCMD ,0133]    dv_landing 100ml (100ml stored)
1594017655:[MKDCMD,0150]    p2t37: 15x2000ms, offset 135mbar
1594017655:[P2TCMD,0151]    p2t37: dp 50mbar, dt 5000mdegC
1594017656:[STAGE ,0080]Stage [0] 5000mbar (+/-500mbar) 1800s (<1800s) 
1594017656:[STAGE ,0080]Stage [1] 5000mbar (+/-500mbar) 1800s (<3600s) MERMAID
1594017656:[MAIN  ,0070]turn off bluetooth
1594017658:[PRESS ,0038]P    -15mbar,T-21369mdegC
1594017660:[PRESS ,0038]P     +5mbar,T +5876mdegC
1594017662:[PRESS ,0038]P    -15mbar,T-21369mdegC
1594017664:[PRESS ,0038]P     -5mbar,T+16920mdegC
1594017667:[PRESS ,0038]P    -15mbar,T-21369mdegC
1594017669:[PRESS ,0038]P    -15mbar,T+16920mdegC
1594017671:[PRESS ,0038]P    -15mbar,T-21369mdegC
1594017675:[PRESS ,0038]P     -5mbar,T-10327mdegC
1594017676:[PRESS ,0038]P     -5mbar,T+16920mdegC
1594017683:[PRESS ,0038]P    -15mbar,T-21369mdegC
1594017684:[DIVING,0141]diving from -15mbar, +0mbar/s
1594017684:[BYPASS,0035]bypass opening 60000ms
1594017689:[BYPASS,0104]battery 15050mV,  230702uA (bypass opening), P    -15mbar
1594017754:[BYPASS,0106]battery 15058mV,  295240uA (bypass closing), P    -15mbar
1594017755:[PRESS ,0038]P    -95mbar,T+16920mdegC
1594017768:[PRESS ,0038]P   -105mbar,T-21369mdegC
1594017775:[PRESS ,0038]P   -105mbar,T+16920mdegC
1594017777:[PRESS ,0038]P    -95mbar,T-21369mdegC
1594017778:[PRESS ,0038]P    -85mbar,T+16920mdegC
1594017780:[BYPASS,0035]bypass opening 10000ms
1594017785:[BYPASS,0104]battery 15098mV,  219356uA (bypass opening), P    -85mbar
1594017800:[BYPASS,0106]battery 15072mV,  294020uA (bypass closing), P    -85mbar
1594017802:[PRESS ,0038]P    -95mbar,T +5876mdegC
1594017804:[PRESS ,0038]P    -95mbar,T-21369mdegC
1594017809:[PRESS ,0038]P    -95mbar,T+16920mdegC
1594017816:[PRESS ,0038]P   -105mbar,T-10327mdegC
1594017818:[PRESS ,0038]P   -115mbar,T-21369mdegC
1594017822:[PRESS ,0038]P   -105mbar,T+16920mdegC
1594017824:[PRESS ,0038]P    -95mbar,T-21369mdegC
1594017827:[PRESS ,0038]P   -105mbar,T+16920mdegC
1594017827:[BYPASS,0035]bypass opening 10000ms
1594017832:[BYPASS,0104]battery 15110mV,  215818uA (bypass opening), P   -105mbar
1594017847:[BYPASS,0106]battery 15085mV,  293288uA (bypass closing), P   -105mbar
1594017853:[PRESS ,0038]P    -95mbar,T-21369mdegC
1594017855:[PRESS ,0038]P    -85mbar,T+16920mdegC
1594017856:[PRESS ,0038]P    -85mbar,T-21369mdegC
1594017858:[PRESS ,0038]P   -105mbar,T-10327mdegC
1594017860:[PRESS ,0038]P   -105mbar,T-21369mdegC
1594017862:[PRESS ,0038]P    -95mbar,T+16920mdegC
1594017864:[PRESS ,0038]P   -105mbar,T-21369mdegC
1594017865:[PRESS ,0038]P   -105mbar,T+16920mdegC
1594017867:[PRESS ,0038]P    -95mbar,T-10327mdegC
1594017869:[PRESS ,0038]P    -95mbar,T-21369mdegC
1594017871:[PRESS ,0038]P   -105mbar,T+16920mdegC
1594017874:[BYPASS,0035]bypass opening 10000ms
1594017879:[BYPASS,0104]battery 15125mV,  225822uA (bypass opening), P    -95mbar
1594017894:[BYPASS,0106]battery 15095mV,  292556uA (bypass closing), P    -95mbar
1594017898:[PRESS ,0038]P    -95mbar,T-21369mdegC
1594017900:[PRESS ,0038]P    -95mbar,T+16920mdegC
1594017905:[PRESS ,0038]P    -95mbar,T-21369mdegC
1594017907:[PRESS ,0038]P    -85mbar,T+16920mdegC
1594017909:[PRESS ,0038]P    -95mbar,T-21369mdegC
1594017918:[PRESS ,0038]P    -95mbar,T+16920mdegC
1594017919:[PRESS ,0038]P    -95mbar,T-21369mdegC
1594017921:[PRESS ,0038]P    -95mbar,T+16920mdegC
1594017921:[BYPASS,0035]bypass opening 10000ms
1594017926:[BYPASS,0104]battery 15131mV,  217404uA (bypass opening), P    -95mbar
1594017941:[BYPASS,0106]battery 15105mV,  292068uA (bypass closing), P    -95mbar
1594017943:[PRESS ,0038]P    -85mbar,T-21369mdegC
1594017945:[PRESS ,0038]P    -75mbar,T+16920mdegC
1594017947:[PRESS ,0038]P    -95mbar,T-21369mdegC
1594017949:[PRESS ,0038]P    -95mbar,T+16920mdegC
1594017950:[PRESS ,0038]P    -85mbar,T-21369mdegC
1594017952:[PRESS ,0038]P    -85mbar,T+16920mdegC
1594017956:[PRESS ,0038]P    -85mbar,T-21369mdegC
1594017958:[PRESS ,0038]P    -95mbar,T +5876mdegC
1594017959:[PRESS ,0038]P    -85mbar,T+16920mdegC
1594017961:[PRESS ,0038]P    -85mbar,T +5876mdegC
1594017963:[PRESS ,0038]P    -95mbar,T-21369mdegC
1594017967:[PRESS ,0038]P    -95mbar,T+16920mdegC
1594017968:[PRESS ,0038]P    -95mbar,T-21369mdegC
1594017969:[BYPASS,0035]bypass opening 10000ms
1594017974:[BYPASS,0104]battery 15140mV,  218380uA (bypass opening), P    -95mbar
1594017989:[BYPASS,0106]battery 15112mV,  291458uA (bypass closing), P    -95mbar
1594017994:[PRESS ,0038]P    -75mbar,T-10327mdegC
1594017996:[PRESS ,0038]P    -65mbar,T+16920mdegC
1594018001:[PRESS ,0038]P    -75mbar,T +5876mdegC
1594018003:[PRESS ,0038]P    -65mbar,T-21369mdegC
1594018005:[PRESS ,0038]P    -55mbar,T+16920mdegC
1594018008:[PRESS ,0038]P    -55mbar,T-10327mdegC
1594018012:[PRESS ,0038]P    -55mbar,T-21369mdegC
1594018014:[PRESS ,0038]P    -55mbar,T+16920mdegC
1594018015:[BYPASS,0035]bypass opening 10000ms
1594018021:[BYPASS,0104]battery 15148mV,  223260uA (bypass opening), P    -55mbar
1594018036:[BYPASS,0106]battery 15120mV,  290970uA (bypass closing), P    -55mbar
1594018039:[PRESS ,0038]P     -5mbar,T-10327mdegC
1594018041:[PRESS ,0038]P     -5mbar,T+16920mdegC
1594018046:[PRESS ,0038]P    +35mbar,T-21369mdegC
1594018048:[PRESS ,0038]P    +35mbar,T-10327mdegC
1594018050:[PRESS ,0038]P    +55mbar,T-21369mdegC
1594018055:[PRESS ,0038]P    +85mbar,T+16920mdegC
1594018061:[PRESS ,0038]P   +125mbar,T-10327mdegC
1594018062:[PRESS ,0038]P   +125mbar,T-21369mdegC
1594018068:[PRESS ,0038]P   +175mbar,T+16920mdegC
1594018071:[PRESS ,0038]P   +185mbar,T-21369mdegC
1594018079:[PRESS ,0038]P   +245mbar,T+16920mdegC
1594018087:[PRESS ,0038]P   +285mbar,T-21369mdegC
1594018093:[PRESS ,0038]P   +315mbar,T+16920mdegC
1594018104:[PRESS ,0038]P   +375mbar,T+16920mdegC
1594018107:[PRESS ,0038]P   +405mbar,T-21369mdegC
1594018110:[PRESS ,0038]P   +415mbar,T+16920mdegC
1594018113:[PRESS ,0038]P   +425mbar,T-21369mdegC
1594018115:[PRESS ,0038]P   +445mbar,T+16920mdegC
1594018121:[PRESS ,0038]P   +475mbar,T-21369mdegC
1594018126:[PRESS ,0038]P   +505mbar,T+16920mdegC
1594018128:[DIVING,0028]525mbar reached (+6mbar/s), 7 bypass done
1594018129:[MAIN  ,0056]stage[0]
1594018131:[MAIN  ,0024]internal pressure 83295Pa
1594018132:[PRESS ,0038]P   +535mbar,T-10327mdegC
1594018132:[BUOY  ,0037]P   +535mbar
1594018132:[STAGE ,0080]Stage [0] 5000mbar (+/-500mbar) 1800s (<1594019928s) 
1594018134:[PRESS ,0038]P   +545mbar,T-21369mdegC
1594018194:[PRESS ,0038]P   +895mbar,T-21369mdegC
1594018200:[PRESS ,0038]P   +925mbar,T +5876mdegC
1594018202:[PRESS ,0038]P   +935mbar,T+16920mdegC
1594018209:[PRESS ,0038]P   +965mbar,T-21369mdegC
1594018212:[PRESS ,0038]P   +985mbar,T+16920mdegC
1594018216:[PRESS ,0038]P  +1015mbar,T-21369mdegC
1594018218:[PRESS ,0038]P  +1025mbar,T+16920mdegC
1594018219:[PRESS ,0038]P  +1035mbar,T-10327mdegC
1594018280:[PRESS ,0038]P  +1355mbar,T+16920mdegC
1594018282:[PRESS ,0038]P  +1375mbar,T-21369mdegC
1594018285:[PRESS ,0038]P  +1385mbar,T+16920mdegC
1594018289:[PRESS ,0038]P  +1405mbar,T-21369mdegC
1594018293:[PRESS ,0038]P  +1425mbar,T-10327mdegC
1594018294:[PRESS ,0038]P  +1445mbar,T+16920mdegC
1594018298:[PRESS ,0038]P  +1455mbar,T-21369mdegC
1594018300:[PRESS ,0038]P  +1455mbar,T+16920mdegC
1594018302:[PRESS ,0038]P  +1465mbar,T-21369mdegC
1594018303:[PRESS ,0038]P  +1475mbar,T+16920mdegC
1594018366:[PRESS ,0038]P  +1655mbar,T-21369mdegC
1594018371:[PRESS ,0038]P  +1685mbar,T+16920mdegC
1594018375:[PRESS ,0038]P  +1705mbar,T-21369mdegC
1594018382:[PRESS ,0038]P  +1725mbar,T +5876mdegC
1594018384:[PRESS ,0038]P  +1725mbar,T+16920mdegC
1594018385:[PRESS ,0038]P  +1745mbar,T +5876mdegC
1594018387:[PRESS ,0038]P  +1745mbar,T-21369mdegC
1594018389:[PRESS ,0038]P  +1745mbar,T +5876mdegC
1594018391:[PRESS ,0038]P  +1755mbar,T+16920mdegC
1594018452:[PRESS ,0038]P  +1945mbar,T-21369mdegC
1594018457:[PRESS ,0038]P  +1955mbar,T +5876mdegC
1594018459:[PRESS ,0038]P  +1955mbar,T-21369mdegC
1594018468:[PRESS ,0038]P  +1975mbar,T+16920mdegC
1594018469:[PRESS ,0038]P  +1985mbar,T-21369mdegC
1594018477:[BUOY  ,0087]from +2mbar/s to +4mbar/s
1594018477:[BUOY  ,0090]need to transfer -20mL (valve during 5795ms)
1594018477:[VALVE ,0034]valve opening 5795ms
1594018482:[VALVE ,0234]battery 15162mV,  498126uA, P  +2005mbar
1594018537:[PRESS ,0038]P  +2115mbar,T-21369mdegC
1594018539:[PRESS ,0038]P  +2115mbar,T +5876mdegC
1594018541:[PRESS ,0038]P  +2125mbar,T+16920mdegC
1594018543:[PRESS ,0038]P  +2115mbar,T +5876mdegC
1594018545:[PRESS ,0038]P  +2125mbar,T+16920mdegC
1594018546:[PRESS ,0038]P  +2135mbar,T +5876mdegC
1594018548:[PRESS ,0038]P  +2135mbar,T-21369mdegC
1594018552:[PRESS ,0038]P  +2135mbar,T +5876mdegC
1594018554:[PRESS ,0038]P  +2135mbar,T+16920mdegC
1594018555:[PRESS ,0038]P  +2145mbar,T-21369mdegC
1594018557:[PRESS ,0038]P  +2145mbar,T+16920mdegC
1594018563:[PRESS ,0038]P  +2135mbar,T-21369mdegC
1594018563:[BUOY  ,0087]from +1mbar/s to +4mbar/s
1594018563:[BUOY  ,0090]need to transfer -24mL (valve during 6652ms)
1594018563:[VALVE ,0034]valve opening 6652ms
1594018569:[VALVE ,0234]battery 15163mV,  495686uA, P  +2135mbar
1594018623:[PRESS ,0038]P  +2275mbar,T-21369mdegC
1594018625:[PRESS ,0038]P  +2285mbar,T+16920mdegC
1594018627:[PRESS ,0038]P  +2295mbar,T-21369mdegC
1594018629:[PRESS ,0038]P  +2295mbar,T +5876mdegC
1594018631:[PRESS ,0038]P  +2295mbar,T-21369mdegC
1594018636:[PRESS ,0038]P  +2315mbar,T+16920mdegC
1594018638:[PRESS ,0038]P  +2315mbar,T-21369mdegC
1594018640:[PRESS ,0038]P  +2315mbar,T +5876mdegC
1594018641:[PRESS ,0038]P  +2325mbar,T-21369mdegC
1594018645:[PRESS ,0038]P  +2325mbar,T +5876mdegC
1594018647:[PRESS ,0038]P  +2325mbar,T+16920mdegC
1594018649:[PRESS ,0038]P  +2315mbar,T-21369mdegC
1594018649:[BUOY  ,0087]from +2mbar/s to +4mbar/s
1594018649:[BUOY  ,0090]need to transfer -20mL (valve during 5313ms)
1594018649:[VALVE ,0034]valve opening 5313ms
1594018654:[VALVE ,0234]battery 15163mV,  494466uA, P  +2315mbar
1594018709:[PRESS ,0038]P  +2545mbar,T +5876mdegC
1594018711:[PRESS ,0038]P  +2555mbar,T-21369mdegC
1594018713:[PRESS ,0038]P  +2555mbar,T+16920mdegC
1594018715:[PRESS ,0038]P  +2575mbar,T-21369mdegC
1594018718:[PRESS ,0038]P  +2595mbar,T+16920mdegC
1594018722:[PRESS ,0038]P  +2595mbar,T-21369mdegC
1594018724:[PRESS ,0038]P  +2595mbar,T+16920mdegC
1594018726:[PRESS ,0038]P  +2605mbar,T +5876mdegC
1594018727:[PRESS ,0038]P  +2615mbar,T-21369mdegC
1594018729:[PRESS ,0038]P  +2625mbar,T +5876mdegC
1594018733:[PRESS ,0038]P  +2645mbar,T-10327mdegC
1594018735:[PRESS ,0038]P  +2655mbar,T-21369mdegC
1594018795:[PRESS ,0038]P  +2905mbar,T-21369mdegC
1594018804:[PRESS ,0038]P  +2935mbar,T +5876mdegC
1594018808:[PRESS ,0038]P  +2945mbar,T+16920mdegC
1594018810:[PRESS ,0038]P  +2955mbar,T-21369mdegC
1594018813:[PRESS ,0038]P  +2965mbar,T+16920mdegC
1594018815:[PRESS ,0038]P  +2965mbar,T +5876mdegC
1594018818:[PRESS ,0038]P  +2995mbar,T-21369mdegC
1594018820:[PRESS ,0038]P  +2995mbar,T +5876mdegC
1594018881:[PRESS ,0038]P  +3255mbar,T-21369mdegC
1594018885:[PRESS ,0038]P  +3265mbar,T +5876mdegC
1594018888:[PRESS ,0038]P  +3295mbar,T-21369mdegC
1594018893:[PRESS ,0038]P  +3315mbar,T-32416mdegC
1594018895:[PRESS ,0038]P  +3325mbar,T-21369mdegC
1594018897:[PRESS ,0038]P  +3325mbar,T +5876mdegC
1594018899:[PRESS ,0038]P  +3325mbar,T-21369mdegC
1594018901:[PRESS ,0038]P  +3335mbar,T +5876mdegC
1594018904:[PRESS ,0038]P  +3345mbar,T-21369mdegC
1594018967:[PRESS ,0038]P  +3615mbar,T-21369mdegC
1594018969:[PRESS ,0038]P  +3625mbar,T +5876mdegC
1594018972:[PRESS ,0038]P  +3645mbar,T-21369mdegC
1594018976:[PRESS ,0038]P  +3655mbar,T +5876mdegC
1594018978:[PRESS ,0038]P  +3665mbar,T-32416mdegC
1594018979:[PRESS ,0038]P  +3665mbar,T-21369mdegC
1594018983:[PRESS ,0038]P  +3695mbar,T-32416mdegC
1594018985:[PRESS ,0038]P  +3695mbar,T +5876mdegC
1594018987:[PRESS ,0038]P  +3695mbar,T-21369mdegC
1594018988:[PRESS ,0038]P  +3705mbar,T-32416mdegC
1594018990:[PRESS ,0038]P  +3715mbar,T+16920mdegC
1594018992:[PRESS ,0038]P  +3725mbar,T-32416mdegC
1594018992:[BUOY  ,0087]from +4mbar/s to +2mbar/s
1594018992:[BUOY  ,0089]need to transfer +20mL (pump during 24042ms)
1594019000:[PUMP  ,0207]battery 15428mV,   18788uA (warmup), P  +3725mbar
1594019000:[PUMP  ,0016]pump during 24042ms
1594019024:[PUMP  ,0212]battery 15255mV,  335012uA (steady state), P  +3725mbar
1594019056:[PRESS ,0038]P  +3915mbar,T-32416mdegC
1594019058:[PRESS ,0038]P  +3925mbar,T +5876mdegC
1594019061:[PRESS ,0038]P  +3935mbar,T-21369mdegC
1594019063:[PRESS ,0038]P  +3925mbar,T +5876mdegC
1594019069:[PRESS ,0038]P  +3945mbar,T+16920mdegC
1594019070:[PRESS ,0038]P  +3945mbar,T-21369mdegC
1594019074:[PRESS ,0038]P  +3965mbar,T+16920mdegC
1594019076:[PRESS ,0038]P  +3965mbar,T-21369mdegC
1594019077:[PRESS ,0038]P  +3975mbar,T +5876mdegC
1594019079:[PRESS ,0038]P  +3975mbar,T-21369mdegC
1594019081:[PRESS ,0038]P  +3975mbar,T +5876mdegC
1594019142:[PRESS ,0038]P  +4145mbar,T-32416mdegC
1594019147:[PRESS ,0038]P  +4155mbar,T +5876mdegC
1594019149:[PRESS ,0038]P  +4165mbar,T-21369mdegC
1594019151:[PRESS ,0038]P  +4165mbar,T +5876mdegC
1594019153:[PRESS ,0038]P  +4175mbar,T-32416mdegC
1594019156:[PRESS ,0038]P  +4175mbar,T +5876mdegC
1594019161:[PRESS ,0038]P  +4195mbar,T-21369mdegC
1594019163:[PRESS ,0038]P  +4195mbar,T +5876mdegC
1594019165:[PRESS ,0038]P  +4205mbar,T-32416mdegC
1594019167:[PRESS ,0038]P  +4205mbar,T-21369mdegC
1594019228:[PRESS ,0038]P  +4375mbar,T +5876mdegC
1594019231:[PRESS ,0038]P  +4395mbar,T-32416mdegC
1594019235:[PRESS ,0038]P  +4405mbar,T +5876mdegC
1594019237:[PRESS ,0038]P  +4405mbar,T-21369mdegC
1594019238:[PRESS ,0038]P  +4415mbar,T +5876mdegC
1594019244:[PRESS ,0038]P  +4415mbar,T-32416mdegC
1594019245:[PRESS ,0038]P  +4425mbar,T +5876mdegC
1594019251:[PRESS ,0038]P  +4445mbar,T-21369mdegC
1594019253:[PRESS ,0038]P  +4445mbar,T +5876mdegC
1594019313:[PRESS ,0038]P  +4625mbar,T +5876mdegC
1594019315:[PRESS ,0038]P  +4645mbar,T-32416mdegC
1594019317:[PRESS ,0038]P  +4635mbar,T +5876mdegC
1594019319:[PRESS ,0038]P  +4645mbar,T-32416mdegC
1594019324:[PRESS ,0038]P  +4665mbar,T +5876mdegC
1594019326:[PRESS ,0038]P  +4665mbar,T-21369mdegC
1594019328:[PRESS ,0038]P  +4665mbar,T-32416mdegC
1594019329:[PRESS ,0038]P  +4675mbar,T +5876mdegC
1594019331:[PRESS ,0038]P  +4685mbar,T-32416mdegC
1594019333:[PRESS ,0038]P  +4695mbar,T +5876mdegC
1594019337:[PRESS ,0038]P  +4695mbar,T-32416mdegC
1594019338:[PRESS ,0038]P  +4705mbar,T +5876mdegC
1594019339:[STAGE ,0213]4705mbar reached at 1594019339s, ref 5000mbar +/-500mbar
1594019339:[BUOY  ,0087]from +3mbar/s to +0mbar/s
1594019339:[BUOY  ,0089]need to transfer +14mL (pump during 16830ms)
1594019347:[PUMP  ,0207]battery 15436mV,   18788uA (warmup), P  +4705mbar
1594019347:[PUMP  ,0016]pump during 16830ms
1594019363:[PUMP  ,0212]battery 15260mV,  343186uA (steady state), P  +4705mbar
1594019403:[PRESS ,0038]P  +4835mbar,T +5876mdegC
1594019404:[PRESS ,0038]P  +4835mbar,T-32416mdegC
1594019408:[PRESS ,0038]P  +4835mbar,T +5876mdegC
1594019410:[PRESS ,0038]P  +4845mbar,T-21369mdegC
1594019412:[PRESS ,0038]P  +4845mbar,T-32416mdegC
1594019413:[PRESS ,0038]P  +4845mbar,T +5876mdegC
1594019415:[PRESS ,0038]P  +4845mbar,T-32416mdegC
1594019417:[PRESS ,0038]P  +4845mbar,T +5876mdegC
1594019419:[PRESS ,0038]P  +4845mbar,T-32416mdegC
1594019421:[PRESS ,0038]P  +4855mbar,T +5876mdegC
1594019422:[PRESS ,0038]P  +4845mbar,T-21369mdegC
1594019424:[PRESS ,0038]P  +4855mbar,T +5876mdegC
1594019426:[PRESS ,0038]P  +4845mbar,T-32416mdegC
1594019488:[PRESS ,0038]P  +4925mbar,T-32416mdegC
1594019549:[PRESS ,0038]P  +5015mbar,T -5174mdegC
1594019549:[BUOY  ,0087]from +1mbar/s to +0mbar/s
1594019549:[BUOY  ,0089]need to transfer +2mL (pump during 2403ms)
1594019557:[PUMP  ,0207]battery 15433mV,   18666uA (warmup), P  +5015mbar
1594019557:[PUMP  ,0016]pump during 2403ms
1594019613:[PRESS ,0038]P  +5075mbar,T-32416mdegC
1594019617:[PRESS ,0038]P  +5085mbar,T -5174mdegC
1594019618:[PRESS ,0038]P  +5085mbar,T-32416mdegC
1594019620:[PRESS ,0038]P  +5095mbar,T -5174mdegC
1594019622:[PRESS ,0038]P  +5105mbar,T-32416mdegC
1594019626:[PRESS ,0038]P  +5095mbar,T +5876mdegC
1594019631:[PRESS ,0038]P  +5115mbar,T-32416mdegC
1594019636:[PRESS ,0038]P  +5105mbar,T +5876mdegC
1594019638:[BUOY  ,0087]from +1mbar/s to +0mbar/s
1594019638:[BUOY  ,0089]need to transfer +2mL (pump during 2403ms)
1594019646:[PUMP  ,0207]battery 15438mV,   18666uA (warmup), P  +5105mbar
1594019646:[PUMP  ,0016]pump during 2403ms
1594019702:[PRESS ,0038]P  +5215mbar,T -5174mdegC
1594019704:[PRESS ,0038]P  +5225mbar,T-32416mdegC
1594019706:[PRESS ,0038]P  +5225mbar,T +5876mdegC
1594019708:[PRESS ,0038]P  +5225mbar,T-32416mdegC
1594019713:[PRESS ,0038]P  +5235mbar,T -5174mdegC
1594019715:[PRESS ,0038]P  +5235mbar,T +5876mdegC
1594019720:[PRESS ,0038]P  +5235mbar,T-32416mdegC
1594019724:[PRESS ,0038]P  +5245mbar,T +5876mdegC
1594019725:[PRESS ,0038]P  +5235mbar,T-32416mdegC
1594019727:[BUOY  ,0087]from +1mbar/s to +0mbar/s
1594019727:[BUOY  ,0089]need to transfer +2mL (pump during 2403ms)
1594019735:[PUMP  ,0207]battery 15442mV,   18666uA (warmup), P  +5235mbar
1594019735:[PUMP  ,0016]pump during 2403ms
1594019791:[PRESS ,0038]P  +5315mbar,T -5174mdegC
1594019795:[PRESS ,0038]P  +5325mbar,T-32416mdegC
1594019796:[PRESS ,0038]P  +5325mbar,T -5174mdegC
1594019798:[PRESS ,0038]P  +5325mbar,T-32416mdegC
1594019800:[PRESS ,0038]P  +5335mbar,T +5876mdegC
1594019802:[PRESS ,0038]P  +5335mbar,T-32416mdegC
1594019807:[PRESS ,0038]P  +5355mbar,T +5876mdegC
1594019809:[PRESS ,0038]P  +5355mbar,T -5174mdegC
1594019811:[PRESS ,0038]P  +5355mbar,T-32416mdegC
1594019816:[BUOY  ,0087]from +2mbar/s to +0mbar/s
1594019816:[BUOY  ,0089]need to transfer +6mL (pump during 7210ms)
1594019824:[PUMP  ,0207]battery 15446mV,   18666uA (warmup), P  +5365mbar
1594019824:[PUMP  ,0016]pump during 7210ms
1594019832:[PUMP  ,0212]battery 15268mV,  343918uA (steady state), P  +5365mbar
1594019880:[PRESS ,0038]P  +5515mbar,T-32416mdegC
1594019882:[PRESS ,0038]P  +5505mbar,T -5174mdegC
1594019884:[PRESS ,0038]P  +5515mbar,T-32416mdegC
1594019886:[PRESS ,0038]P  +5515mbar,T -5174mdegC
1594019891:[PRESS ,0038]P  +5525mbar,T +5876mdegC
1594019893:[PRESS ,0038]P  +5525mbar,T-32416mdegC
1594019896:[PRESS ,0038]P  +5545mbar,T -5174mdegC
1594019898:[PRESS ,0038]P  +5545mbar,T +5876mdegC
1594019900:[PRESS ,0038]P  +5535mbar,T-32416mdegC
1594019905:<WARN>[BUOY  ,0094]stage[0] should ASCENT, stuck at 5545mbar for the #1 time
1594019905:[BUOY  ,0087]from +1mbar/s to -2mbar/s
1594019905:[BUOY  ,0089]need to transfer +8mL (pump during 9613ms)
1594019914:[PUMP  ,0207]battery 15441mV,   18544uA (warmup), P  +5545mbar
1594019914:[PUMP  ,0016]pump during 9613ms
1594019923:[PUMP  ,0212]battery 15263mV,  345626uA (steady state), P  +5545mbar
1594019969:[PRESS ,0038]P  +5555mbar,T+22068mdegC
1594019971:[PRESS ,0038]P  +5545mbar,T -5174mdegC
1594019976:[PRESS ,0038]P  +5545mbar,T +5876mdegC
1594019978:[PRESS ,0038]P  +5535mbar,T-32416mdegC
1594019980:[PRESS ,0038]P  +5545mbar,T -5174mdegC
1594019982:[PRESS ,0038]P  +5535mbar,T-32416mdegC
1594019993:[PRESS ,0038]P  +5515mbar,T -5174mdegC
1594019994:[PRESS ,0038]P  +5515mbar,T-32416mdegC
1594019994:[MAIN  ,0140]stage[0] complete 1866s after mission start
1594019994:[MAIN  ,0056]stage[1]
1594019997:[MAIN  ,0024]internal pressure 82232Pa
1594019998:[MRMAID,0002]acq started
1594020008:[PRESS ,0038]P  +5495mbar,T -5174mdegC
1594020008:[BUOY  ,0037]P  +5495mbar
1594020008:[STAGE ,0080]Stage [1] 5000mbar (+/-500mbar) 1800s (<1594021728s) MERMAID
1594020010:[PRESS ,0038]P  +5485mbar,T-32416mdegC
1594020010:[STAGE ,0213]5485mbar reached at 1594020010s, ref 5000mbar +/-500mbar
1594020071:[PRESS ,0038]P  +5415mbar,T -5174mdegC
1594020131:[PRESS ,0038]P  +5325mbar,T-32416mdegC
1594020151:[MRMAID,0027]53dbar, -32degC
1594020192:[PRESS ,0038]P  +5245mbar,T -5174mdegC
1594020253:[PRESS ,0038]P  +5175mbar,T -5174mdegC
1594020313:[PRESS ,0038]P  +5085mbar,T+22068mdegC
1594020374:[PRESS ,0038]P  +5025mbar,T -5174mdegC
1594020435:[PRESS ,0038]P  +4965mbar,T -5174mdegC
1594020435:[BUOY  ,0087]from -1mbar/s to +0mbar/s
1594020435:[BUOY  ,0090]need to transfer -2mL (valve during 364ms)
1594020435:[VALVE ,0034]valve opening 364ms
1594020446:[MRMAID,0184]acq already started
1594020506:[PRESS ,0038]P  +4885mbar,T -5174mdegC
1594020508:[PRESS ,0038]P  +4885mbar,T+22068mdegC
1594020513:[PRESS ,0038]P  +4875mbar,T -5174mdegC
1594020515:[PRESS ,0038]P  +4875mbar,T+22068mdegC
1594020517:[PRESS ,0038]P  +4875mbar,T -5174mdegC
1594020518:[PRESS ,0038]P  +4875mbar,T-32416mdegC
1594020520:[PRESS ,0038]P  +4875mbar,T -5174mdegC
1594020531:[PRESS ,0038]P  +4865mbar,T+22068mdegC
1594020531:[BUOY  ,0087]from -1mbar/s to +0mbar/s
1594020531:[BUOY  ,0090]need to transfer -2mL (valve during 370ms)
1594020532:[VALVE ,0034]valve opening 370ms
1594020542:[MRMAID,0184]acq already started
1594020602:[PRESS ,0038]P  +4845mbar,T -5174mdegC
1594020606:[PRESS ,0038]P  +4835mbar,T-32416mdegC
1594020608:[PRESS ,0038]P  +4855mbar,T -5174mdegC
1594020623:[PRESS ,0038]P  +4855mbar,T-32416mdegC
1594020625:[PRESS ,0038]P  +4855mbar,T -5174mdegC
1594020627:[PRESS ,0038]P  +4855mbar,T-32416mdegC
1594020688:[PRESS ,0038]P  +4905mbar,T -5174mdegC
1594020930:[PRESS ,0038]P  +4955mbar,T+22068mdegC
1594021052:[PRESS ,0038]P  +5035mbar,T -5174mdegC
1594021112:[PRESS ,0038]P  +5105mbar,T-16228mdegC
1594021173:[PRESS ,0038]P  +5195mbar,T+22068mdegC
1594021234:[PRESS ,0038]P  +5215mbar,T -5174mdegC
1594021234:[BUOY  ,0087]from +1mbar/s to +0mbar/s
1594021234:[BUOY  ,0089]need to transfer +2mL (pump during 2395ms)
1594021243:[PUMP  ,0207]battery 15495mV,   18910uA (warmup), P  +5215mbar
1594021243:[PUMP  ,0016]pump during 2395ms
1594021252:[MRMAID,0059]stop canceled
1594021267:[MRMAID,0005]ascent request rejected
1594021268:[MRMAID,0184]acq already started
1594021319:[PRESS ,0038]P  +5275mbar,T+22068mdegC
1594021321:[PRESS ,0038]P  +5275mbar,T -5174mdegC
1594021328:[PRESS ,0038]P  +5285mbar,T+22068mdegC
1594021329:[PRESS ,0038]P  +5275mbar,T -5174mdegC
1594021331:[PRESS ,0038]P  +5285mbar,T-32416mdegC
1594021335:[PRESS ,0038]P  +5295mbar,T -5174mdegC
1594021337:[PRESS ,0038]P  +5295mbar,T-32416mdegC
1594021338:[PRESS ,0038]P  +5285mbar,T -5174mdegC
1594021342:[PRESS ,0038]P  +5295mbar,T+22068mdegC
1594021344:[PRESS ,0038]P  +5305mbar,T -5174mdegC
1594021344:[BUOY  ,0087]from +1mbar/s to +0mbar/s
1594021344:[BUOY  ,0089]need to transfer +2mL (pump during 2395ms)
1594021344:[MRMAID,0003]acq stopped
1594021344:[MRMAID,0183]dropping spurious '0x35'
1594021344:[MRMAID,0183]dropping spurious '0x31'
1594021344:[MRMAID,0183]dropping spurious '0x37'
1594021344:[MRMAID,0183]dropping spurious '0x35'
1594021344:[MRMAID,0183]dropping spurious '0x31'
1594021344:[MRMAID,0183]dropping spurious '0x2C'
1594021344:[MRMAID,0183]dropping spurious '0x31'
1594021344:[MRMAID,0183]dropping spurious '0x32'
1594021344:[MRMAID,0183]dropping spurious '0x39'
1594021344:[MRMAID,0183]dropping spurious '0x33'
1594021344:[MRMAID,0183]dropping spurious '0x2E'
1594021344:[MRMAID,0183]dropping spurious '0x33'
1594021344:[MRMAID,0183]dropping spurious '0x31'
1594021344:[MRMAID,0183]dropping spurious '0x38'
1594021345:[MRMAID,0183]dropping spurious '0x32'
1594021345:[MRMAID,0183]dropping spurious '0x33'
1594021345:[MRMAID,0183]dropping spurious '0x37'
1594021345:[MRMAID,0183]dropping spurious '0x2C'
1594021345:[MRMAID,0183]dropping spurious '0x34'
1594021345:[MRMAID,0183]dropping spurious '0x30'
1594021345:[MRMAID,0183]dropping spurious '0x2E'
1594021345:[MRMAID,0183]dropping spurious '0x30'
1594021345:[MRMAID,0183]dropping spurious '0x31'
1594021345:[MRMAID,0183]dropping spurious '0x34'
1594021345:[MRMAID,0183]dropping spurious '0x31'
1594021345:[MRMAID,0183]dropping spurious '0x32'
1594021345:[MRMAID,0183]dropping spurious '0x37'
1594021345:[MRMAID,0183]dropping spurious '0x3B'
1594021345:[MRMAID,0185]28 spurious byte(s) received
1594021353:[PUMP  ,0207]battery 15492mV,   18544uA (warmup), P  +5305mbar
1594021353:[PUMP  ,0016]pump during 2395ms
1594021358:[MRMAID,0002]acq started
1594021421:[PRESS ,0038]P  +5335mbar,T+22068mdegC
1594021425:[PRESS ,0038]P  +5335mbar,T-32416mdegC
1594021427:[PRESS ,0038]P  +5335mbar,T -5174mdegC
1594021428:[PRESS ,0038]P  +5335mbar,T-32416mdegC
1594021430:[PRESS ,0038]P  +5325mbar,T -5174mdegC
1594021432:[PRESS ,0038]P  +5335mbar,T-32416mdegC
1594021434:[PRESS ,0038]P  +5335mbar,T -5174mdegC
1594021436:[PRESS ,0038]P  +5325mbar,T-32416mdegC
1594021438:[PRESS ,0038]P  +5325mbar,T -5174mdegC
1594021439:[PRESS ,0038]P  +5325mbar,T +5876mdegC
1594021441:[PRESS ,0038]P  +5325mbar,T+22068mdegC
1594021443:[PRESS ,0038]P  +5325mbar,T-32416mdegC
1594021504:[PRESS ,0038]P  +5345mbar,T -5174mdegC
1594021546:[MRMAID,0027]53dbar, -5degC
1594021564:[PRESS ,0038]P  +5315mbar,T+22068mdegC
1594021625:[PRESS ,0038]P  +5295mbar,T -5174mdegC
1594021746:[PRESS ,0038]P  +5215mbar,T+22068mdegC
1594021746:[MAIN  ,0140]stage[1] complete 3618s after mission start
1594022350:<ERR>[MRMAID,0008]acq not stopped
1594022648:[MRMAID,0003]acq stopped
1594022648:[MRMAID,0183]dropping spurious '0x33'
1594022648:[MRMAID,0183]dropping spurious '0x36'
1594022648:[MRMAID,0183]dropping spurious '0x2E'
1594022648:[MRMAID,0183]dropping spurious '0x36'
1594022648:[MRMAID,0183]dropping spurious '0x33'
1594022648:[MRMAID,0183]dropping spurious '0x38'
1594022648:[MRMAID,0183]dropping spurious '0x31'
1594022648:[MRMAID,0183]dropping spurious '0x38'
1594022648:[MRMAID,0183]dropping spurious '0x33'
1594022648:[MRMAID,0183]dropping spurious '0x2C'
1594022648:[MRMAID,0183]dropping spurious '0x34'
1594022648:[MRMAID,0183]dropping spurious '0x30'
1594022648:[MRMAID,0183]dropping spurious '0x2E'
1594022648:[MRMAID,0183]dropping spurious '0x30'
1594022648:[MRMAID,0183]dropping spurious '0x31'
1594022648:[MRMAID,0183]dropping spurious '0x34'
1594022648:[MRMAID,0183]dropping spurious '0x31'
1594022648:[MRMAID,0183]dropping spurious '0x32'
1594022648:[MRMAID,0183]dropping spurious '0x39'
1594022648:[MRMAID,0183]dropping spurious '0x3B'
1594022648:[MRMAID,0185]20 spurious byte(s) received
1594022652:[MSSION,0192]mission stopped, 2 stage(s) done
1594022652:[MAIN  ,0065]surfacing
1594022654:[PRESS ,0038]P  +4945mbar,T+22068mdegC
1594022654:[SURFIN,0036]P  +4945mbar
1594022662:[PUMP  ,0207]battery 15500mV,   22936uA (warmup), P  +4945mbar
1594022662:[PUMP  ,0016]pump during 60000ms
1594022663:<WARN>[MERCMD,0006]ascent request while not in mission
1594022663:[MRMAID,0003]acq stopped
1594022721:[PUMP  ,0212]battery 15323mV,  343674uA (steady state), P  +4945mbar
1594022779:[PRESS ,0038]P  +4595mbar,T-16228mdegC
1594022781:[PRESS ,0038]P  +4585mbar,T+22068mdegC
1594022788:[PRESS ,0038]P  +4555mbar,T -5174mdegC
1594022789:[PRESS ,0038]P  +4545mbar,T+22068mdegC
1594022793:[PRESS ,0038]P  +4535mbar,T -5174mdegC
1594022798:[PRESS ,0038]P  +4505mbar,T+22068mdegC
1594022802:[PRESS ,0038]P  +4485mbar,T -5174mdegC
1594022812:[PUMP  ,0207]battery 15415mV,   18666uA (warmup), P  +4475mbar
1594022812:[PUMP  ,0016]pump during 60000ms
1594022871:[PUMP  ,0212]battery 15236mV,  341112uA (steady state), P  +4475mbar
1594022929:[PRESS ,0038]P  +3755mbar,T-16228mdegC
1594022930:[PRESS ,0038]P  +3725mbar,T+22068mdegC
1594022932:[PRESS ,0038]P  +3715mbar,T+11011mdegC
1594022934:[PRESS ,0038]P  +3695mbar,T -5174mdegC
1594022936:[PRESS ,0038]P  +3685mbar,T-16228mdegC
1594022938:[PRESS ,0038]P  +3675mbar,T+22068mdegC
1594022939:[PRESS ,0038]P  +3665mbar,T -5174mdegC
1594022945:[PRESS ,0038]P  +3635mbar,T+22068mdegC
1594022947:[PRESS ,0038]P  +3615mbar,T -5174mdegC
1594022948:[PRESS ,0038]P  +3605mbar,T-16228mdegC
1594022950:[PRESS ,0038]P  +3595mbar,T+22068mdegC
1594022952:[PRESS ,0038]P  +3585mbar,T -5174mdegC
1594022962:[PUMP  ,0207]battery 15350mV,   18788uA (warmup), P  +3565mbar
1594022962:[PUMP  ,0016]pump during 60000ms
1594023021:[PUMP  ,0212]battery 15175mV,  333304uA (steady state), P  +3565mbar
1594023079:[PRESS ,0038]P  +2735mbar,T -5174mdegC
1594023080:[PRESS ,0038]P  +2725mbar,T+22068mdegC
1594023082:[PRESS ,0038]P  +2705mbar,T -5174mdegC
1594023084:[PRESS ,0038]P  +2695mbar,T+22068mdegC
1594023088:[PRESS ,0038]P  +2685mbar,T-16228mdegC
1594023089:[PRESS ,0038]P  +2655mbar,T -5174mdegC
1594023091:[PRESS ,0038]P  +2635mbar,T+22068mdegC
1594023093:[PRESS ,0038]P  +2625mbar,T -5174mdegC
1594023097:[PRESS ,0038]P  +2605mbar,T+22068mdegC
1594023098:[PRESS ,0038]P  +2575mbar,T-16228mdegC
1594023100:[PRESS ,0038]P  +2575mbar,T-32416mdegC
1594023102:[PRESS ,0038]P  +2555mbar,T -5174mdegC
1594023225:[PRESS ,0038]P  +1805mbar,T-16228mdegC
1594023233:[PUMP  ,0207]battery 15348mV,   18788uA (warmup), P  +1805mbar
1594023234:[PUMP  ,0016]pump during 60000ms
1594023292:[PUMP  ,0212]battery 15175mV,  326716uA (steady state), P  +1805mbar
1594023350:[PRESS ,0038]P  +1415mbar,T+22068mdegC
1594023352:[PRESS ,0038]P  +1415mbar,T-16228mdegC
1594023356:[PRESS ,0038]P  +1395mbar,T+22068mdegC
1594023357:[PRESS ,0038]P  +1405mbar,T-16228mdegC
1594023359:[PRESS ,0038]P  +1385mbar,T+22068mdegC
1594023361:[PRESS ,0038]P  +1375mbar,T-16228mdegC
1594023363:[PRESS ,0038]P  +1365mbar,T -5174mdegC
1594023370:[PRESS ,0038]P  +1335mbar,T+22068mdegC
1594023372:[PRESS ,0038]P  +1325mbar,T-32416mdegC
1594023374:[PRESS ,0038]P  +1305mbar,T -5174mdegC
1594023383:[PUMP  ,0207]battery 15301mV,   18788uA (warmup), P  +1305mbar
1594023383:[PUMP  ,0016]pump during 60000ms
1594023442:[PUMP  ,0212]battery 15125mV,  334768uA (steady state), P  +1305mbar
1594023500:[PRESS ,0038]P   +555mbar,T+22068mdegC
1594023502:[PRESS ,0038]P   +535mbar,T -5174mdegC
1594023504:[PRESS ,0038]P   +525mbar,T+22068mdegC
1594023506:[PRESS ,0038]P   +515mbar,T -5174mdegC
1594023507:[PRESS ,0038]P   +495mbar,T+22068mdegC
1594023509:[PRESS ,0038]P   +485mbar,T-32416mdegC
1594023511:[PRESS ,0038]P   +485mbar,T+22068mdegC
1594023513:[PRESS ,0038]P   +455mbar,T -5174mdegC
1594023516:[PRESS ,0038]P   +425mbar,T+22068mdegC
1594023518:[PRESS ,0038]P   +415mbar,T -5174mdegC
1594023525:[PRESS ,0038]P   +365mbar,T+22068mdegC
1594023527:[PRESS ,0038]P   +355mbar,T -5174mdegC
1594023529:[SURFIN,0020]filling external bladder
1594023537:[PUMP  ,0207]battery 15275mV,   18788uA (warmup), P   +335mbar
1594023537:[PUMP  ,0016]pump during 300000ms
1594023836:[PUMP  ,0212]battery 14853mV, 1061766uA (steady state), P   +335mbar
1594023847:[PUMP  ,0207]battery 14761mV,   19032uA (warmup), P   +335mbar
1594023847:[PUMP  ,0016]pump during 300000ms
1594023863:[PUMP  ,0212]battery 14433mV,  976488uA (steady state), P   +335mbar
1594023865:[SURFIN,0019]external bladder full
1594023867:[PRESS ,0038]P   +150mbar,T -5174mdegC
1594023868:[PRESS ,0038]P   +150mbar,T-32416mdegC
1594023872:[PRESS ,0038]P   +140mbar,T +5876mdegC
1594023874:[PRESS ,0038]P   +140mbar,T-32416mdegC
1594023876:[PRESS ,0038]P   +150mbar,T +5876mdegC
1594023877:[PRESS ,0038]P   +140mbar,T-32416mdegC
1594023879:[PRESS ,0038]P   +140mbar,T +5876mdegC
1594023881:[PRESS ,0038]P   +130mbar,T-32416mdegC
1594023883:[PRESS ,0038]P   +140mbar,T +5876mdegC
1594023886:[PRESS ,0038]P   +140mbar,T-32416mdegC
1594023927:[MAIN  ,0272]Vbat 14997mV (min 14915mV)
1594023929:[MAIN  ,0024]internal pressure 80032Pa
1594023929:[MAIN  ,0043]Pext 139mbar (rng 30mbar)
1594023929:[MAIN  ,0064]surface
1594023945:[SURF  ,0022]GPS fix...
1594023965:[SURF  ,0015]10 PPS detected...
1594023967:[MRMAID,0052]Mermaid $GPSACK:+0,+0,+0,+0,+0,+0,-1770;
1594023976:[MRMAID,0052]Mermaid $GPSOFF:3686346;
1594023977:[GPSFIX,0179]+0s diff
1594023977:[SURF  ,0222]2020-07-06T08:26:17
1594023977:[SURF  ,0082]Latitude : N43deg40.940mn, Longitude :E007deg19.178mn
1594023977:[SURF  ,0223]fix3D,8satellites
1594023977:[SURF  ,0084]GPS fix GPGSA : hdop0.790,vdop0.980
1594023987:[SURF  ,0274]last almanac : 79485
1594024063:[MRMAID,0026]25999 bytes in 0062/5F02E038.MER
1594024069:[MAIN  ,0320]New pressure offset: 139mbar
1594024069:[LOGBIN,0078]*** switching to 0062/5F02E085 ***
