1593951349:[MAIN  ,0007]buoy 452.120-R-0062
1593951349:[MAIN  ,0055]soft pilotage 452.012.300_V2.20-20200612
1593951349:[MAIN  ,0010]cycle 2
1593951349:[SURF  ,0225]surface2
1593951367:[SURF  ,0022]GPS fix...
1593951388:[SURF  ,0015]10 PPS detected...
1593951389:[MRMAID,0052]Mermaid $GPSACK:+0,+0,+0,+0,+0,+0,-30;
1593951399:[MRMAID,0052]Mermaid $GPSOFF:3686345;
1593951400:[GPSFIX,0179]-1s diff
1593951401:[SURF  ,0222]2020-07-05T12:16:41
1593951401:[SURF  ,0082]Latitude : N43deg40.939mn, Longitude :E007deg19.175mn
1593951401:[SURF  ,0223]fix3D,9satellites
1593951401:[SURF  ,0084]GPS fix GPGSA : hdop0.690,vdop1.050
1593951411:[SURF  ,0025]Iridium...
1593951611:<WARN>[SURF  ,0023]failed to connect #1, code -8, net 1, qual 5, dial 1
1593951676:[SURF  ,0009]connected in 265s, signal quality 4
1593951731:[SURF  ,0218]prompt received, remote cmd end
1593951731:[SURF  ,0012]16 cmd(s) received
1593951751:[UPLOAD,0248]Upload data files...
1593951925:[UPLOAD,0231]"0062/5F01C428.MER" uploaded at 155bytes/s
1593952191:[UPLOAD,0231]"0062/5F01A9C9.BIN" uploaded at 50bytes/s
1593952211:[MAIN  ,0013]2 file(s) uploaded
1593952244:[SURF  ,0014]disconnected after 833s
1593952249:[SURFIN,0020]filling external bladder
1593952257:[PUMP  ,0207]battery 15196mV,   18666uA (warmup), P   +140mbar
1593952258:[PUMP  ,0016]pump during 300000ms
1593952266:[PUMP  ,0212]battery 14741mV, 1074210uA (steady state), P   +140mbar
1593952268:[SURFIN,0019]external bladder full
1593952268:[SURF  ,0227]1st complete transfer
1593952283:[SURF  ,0022]GPS fix...
1593952303:[SURF  ,0015]10 PPS detected...
1593952304:[MRMAID,0052]Mermaid $GPSACK:+0,+0,+0,+0,+0,+0,+0;
1593952314:[MRMAID,0052]Mermaid $GPSOFF:3686345;
1593952316:[GPSFIX,0179]+0s diff
1593952316:[SURF  ,0222]2020-07-05T12:31:56
1593952316:[SURF  ,0082]Latitude : N43deg40.939mn, Longitude :E007deg19.176mn
1593952316:[SURF  ,0223]fix3D,10satellites
1593952316:[SURF  ,0084]GPS fix GPGSA : hdop0.650,vdop1.000
1593952333:[MAIN  ,0024]internal pressure 80873Pa
1593952334:[BYCMD ,0107]    FreeRTOS V8.2.3
1593952334:[BYCMD ,0108]    FatFS v11a
1593952334:[BYCMD ,0120]    bypass 10000ms 60000ms (20000ms 60000ms stored)
1593952334:[BYCMD ,0121]    valve 60000ms 12750 (60000ms 12750 stored)
1593952334:[BYCMD ,0122]    pump 60000ms 30% 10750 80% (60000ms 30% 10750 80% stored)
1593952334:[BYCMD ,0123]    rate 2mbar/s (2mbar/s stored)
1593952334:[BYCMD ,0124]    surface 500mbar (500mbar stored)
1593952334:[BYCMD ,0125]    near 1500mbar 3mbar/s (15000mbar 3mbar/s stored)
1593952334:[BYCMD ,0126]    far 2500mbar 4mbar/s (25000mbar 4mbar/s stored)
1593952334:[BYCMD ,0127]    ascent 8mbar/s (8mbar/s stored)
1593952334:[BYCMD ,0128]    dead 60s (300s stored)
1593952334:[BYCMD ,0129]    coeff 16/10 (16/10 stored)
1593952334:[BYCMD ,0130]    stab 10 (10 stored)
1593952334:[BYCMD ,0131]    delay 900s 3600s (900s 3600s stored)
1593952334:[BYCMD ,0132]    mmtime 2880min (2880min stored)
1593952334:[BYCMD ,0133]    dv_landing 100ml (100ml stored)
1593952334:[MKDCMD,0150]    p2t37: 15x2000ms, offset 147mbar
1593952334:[P2TCMD,0151]    p2t37: dp 50mbar, dt 5000mdegC
1593952335:[STAGE ,0080]Stage [0] 5000mbar (+/-500mbar) 1800s (<1800s) 
1593952335:[STAGE ,0080]Stage [1] 5000mbar (+/-500mbar) 1800s (<3600s) MERMAID
1593952335:[MAIN  ,0070]turn off bluetooth
1593952337:[PRESS ,0038]P     -7mbar,T+16920mdegC
1593952343:[PRESS ,0038]P    -17mbar,T-21369mdegC
1593952345:[PRESS ,0038]P     +3mbar,T+16920mdegC
1593952346:[PRESS ,0038]P     -7mbar,T-21369mdegC
1593952348:[PRESS ,0038]P     +3mbar,T+16920mdegC
1593952355:[PRESS ,0038]P     -7mbar,T-10327mdegC
1593952359:[PRESS ,0038]P     +3mbar,T+16920mdegC
1593952362:[DIVING,0141]diving from 3mbar, +1mbar/s
1593952362:[BYPASS,0035]bypass opening 60000ms
1593952367:[BYPASS,0104]battery 15092mV,  222528uA (bypass opening), P     +3mbar
1593952432:[BYPASS,0106]battery 15095mV,  293776uA (bypass closing), P     +3mbar
1593952434:[PRESS ,0038]P   -107mbar,T+16920mdegC
1593952438:[PRESS ,0038]P   -107mbar,T-10327mdegC
1593952443:[PRESS ,0038]P   -107mbar,T+16920mdegC
1593952445:[PRESS ,0038]P   -107mbar,T-10327mdegC
1593952447:[PRESS ,0038]P    -97mbar,T+16920mdegC
1593952456:[PRESS ,0038]P   -107mbar,T-10327mdegC
1593952457:[PRESS ,0038]P   -107mbar,T+16920mdegC
1593952459:[BYPASS,0035]bypass opening 10000ms
1593952464:[BYPASS,0104]battery 15138mV,  225944uA (bypass opening), P   -117mbar
1593952479:[BYPASS,0106]battery 15106mV,  292678uA (bypass closing), P   -117mbar
1593952483:[PRESS ,0038]P   -107mbar,T-10327mdegC
1593952494:[PRESS ,0038]P    -97mbar,T+16920mdegC
1593952495:[PRESS ,0038]P   -107mbar,T-10327mdegC
1593952497:[PRESS ,0038]P   -107mbar,T+16920mdegC
1593952506:[BYPASS,0035]bypass opening 10000ms
1593952511:[BYPASS,0104]battery 15146mV,  223626uA (bypass opening), P   -107mbar
1593952526:[BYPASS,0106]battery 15115mV,  291824uA (bypass closing), P   -107mbar
1593952533:[PRESS ,0038]P   -107mbar,T-10327mdegC
1593952535:[PRESS ,0038]P   -107mbar,T+16920mdegC
1593952547:[PRESS ,0038]P    -97mbar,T-10327mdegC
1593952549:[PRESS ,0038]P    -97mbar,T+16920mdegC
1593952551:[PRESS ,0038]P   -107mbar,T-10327mdegC
1593952553:[PRESS ,0038]P    -97mbar,T-21369mdegC
1593952553:[BYPASS,0035]bypass opening 10000ms
1593952558:[BYPASS,0104]battery 15153mV,  220576uA (bypass opening), P    -97mbar
1593952573:[BYPASS,0106]battery 15122mV,  291214uA (bypass closing), P    -97mbar
1593952575:[PRESS ,0038]P    -97mbar,T-10327mdegC
1593952577:[PRESS ,0038]P   -107mbar,T+16920mdegC
1593952580:[PRESS ,0038]P   -107mbar,T-10327mdegC
1593952582:[PRESS ,0038]P    -87mbar,T+16920mdegC
1593952587:[PRESS ,0038]P    -97mbar,T-21369mdegC
1593952589:[PRESS ,0038]P    -97mbar,T+27960mdegC
1593952591:[PRESS ,0038]P    -87mbar,T-10327mdegC
1593952593:[PRESS ,0038]P   -107mbar,T+16920mdegC
1593952598:[PRESS ,0038]P    -97mbar,T-10327mdegC
1593952600:[PRESS ,0038]P   -107mbar,T+16920mdegC
1593952600:[BYPASS,0035]bypass opening 10000ms
1593952605:[BYPASS,0104]battery 15161mV,  220820uA (bypass opening), P   -107mbar
1593952620:[BYPASS,0106]battery 15128mV,  290604uA (bypass closing), P   -107mbar
1593952624:[PRESS ,0038]P    -87mbar,T-21369mdegC
1593952626:[PRESS ,0038]P    -87mbar,T+16920mdegC
1593952629:[PRESS ,0038]P    -87mbar,T-21369mdegC
1593952631:[PRESS ,0038]P    -87mbar,T+16920mdegC
1593952633:[PRESS ,0038]P    -87mbar,T-10327mdegC
1593952634:[PRESS ,0038]P    -87mbar,T+16920mdegC
1593952640:[PRESS ,0038]P    -97mbar,T-21369mdegC
1593952643:[PRESS ,0038]P    -87mbar,T+16920mdegC
1593952645:[PRESS ,0038]P    -87mbar,T-10327mdegC
1593952647:[PRESS ,0038]P    -87mbar,T+27960mdegC
1593952647:[BYPASS,0035]bypass opening 10000ms
1593952652:[BYPASS,0104]battery 15168mV,  225822uA (bypass opening), P    -87mbar
1593952667:[BYPASS,0106]battery 15135mV,  289994uA (bypass closing), P    -87mbar
1593952669:[PRESS ,0038]P    -87mbar,T+16920mdegC
1593952673:[PRESS ,0038]P    -87mbar,T-10327mdegC
1593952674:[PRESS ,0038]P    -87mbar,T+16920mdegC
1593952678:[PRESS ,0038]P    -77mbar,T-21369mdegC
1593952680:[PRESS ,0038]P    -87mbar,T+16920mdegC
1593952692:[PRESS ,0038]P    -97mbar,T-10327mdegC
1593952694:[PRESS ,0038]P    -97mbar,T+16920mdegC
1593952694:[BYPASS,0035]bypass opening 10000ms
1593952699:[BYPASS,0104]battery 15171mV,  220820uA (bypass opening), P    -97mbar
1593952714:[BYPASS,0106]battery 15140mV,  289506uA (bypass closing), P    -97mbar
1593952723:[PRESS ,0038]P    -37mbar,T+16920mdegC
1593952725:[PRESS ,0038]P    -27mbar,T-10327mdegC
1593952727:[PRESS ,0038]P    -17mbar,T-21369mdegC
1593952728:[PRESS ,0038]P     -7mbar,T-10327mdegC
1593952730:[PRESS ,0038]P     +3mbar,T+16920mdegC
1593952736:[PRESS ,0038]P    +33mbar,T+27960mdegC
1593952737:[PRESS ,0038]P    +43mbar,T+16920mdegC
1593952746:[PRESS ,0038]P    +83mbar,T-21369mdegC
1593952752:[PRESS ,0038]P   +123mbar,T+16920mdegC
1593952763:[PRESS ,0038]P   +173mbar,T-21369mdegC
1593952766:[PRESS ,0038]P   +193mbar,T+27960mdegC
1593952769:[PRESS ,0038]P   +203mbar,T-10327mdegC
1593952772:[PRESS ,0038]P   +223mbar,T+16920mdegC
1593952774:[PRESS ,0038]P   +233mbar,T-10327mdegC
1593952777:[PRESS ,0038]P   +253mbar,T-21369mdegC
1593952780:[PRESS ,0038]P   +263mbar,T+16920mdegC
1593952783:[PRESS ,0038]P   +273mbar,T-10327mdegC
1593952786:[PRESS ,0038]P   +293mbar,T-21369mdegC
1593952791:[PRESS ,0038]P   +333mbar,T+16920mdegC
1593952802:[PRESS ,0038]P   +403mbar,T-10327mdegC
1593952805:[PRESS ,0038]P   +423mbar,T+16920mdegC
1593952808:[PRESS ,0038]P   +433mbar,T-10327mdegC
1593952811:[PRESS ,0038]P   +443mbar,T+16920mdegC
1593952816:[PRESS ,0038]P   +473mbar,T-10327mdegC
1593952819:[PRESS ,0038]P   +493mbar,T+16920mdegC
1593952822:[PRESS ,0038]P   +513mbar,T-10327mdegC
1593952824:[DIVING,0028]523mbar reached (+6mbar/s), 7 bypass done
1593952824:[MAIN  ,0056]stage[0]
1593952826:[MAIN  ,0024]internal pressure 83673Pa
1593952827:[PRESS ,0038]P   +553mbar,T-21369mdegC
1593952827:[BUOY  ,0037]P   +553mbar
1593952827:[STAGE ,0080]Stage [0] 5000mbar (+/-500mbar) 1800s (<1593954624s) 
1593952829:[PRESS ,0038]P   +563mbar,T+16920mdegC
1593952890:[PRESS ,0038]P   +883mbar,T+16920mdegC
1593952899:[PRESS ,0038]P   +943mbar,T+16920mdegC
1593952904:[PRESS ,0038]P   +973mbar,T-21369mdegC
1593952906:[PRESS ,0038]P   +983mbar,T+16920mdegC
1593952911:[PRESS ,0038]P  +1003mbar,T-10327mdegC
1593952913:[PRESS ,0038]P  +1023mbar,T+16920mdegC
1593952975:[PRESS ,0038]P  +1323mbar,T-21369mdegC
1593952979:[PRESS ,0038]P  +1333mbar,T+16920mdegC
1593952981:[PRESS ,0038]P  +1343mbar,T-21369mdegC
1593952988:[PRESS ,0038]P  +1383mbar,T+16920mdegC
1593952990:[PRESS ,0038]P  +1383mbar,T-21369mdegC
1593952999:[PRESS ,0038]P  +1423mbar,T+16920mdegC
1593953000:[PRESS ,0038]P  +1433mbar,T-21369mdegC
1593953061:[PRESS ,0038]P  +1783mbar,T +5876mdegC
1593953063:[PRESS ,0038]P  +1793mbar,T+16920mdegC
1593953066:[PRESS ,0038]P  +1803mbar,T-21369mdegC
1593953068:[PRESS ,0038]P  +1813mbar,T-10327mdegC
1593953070:[PRESS ,0038]P  +1823mbar,T+16920mdegC
1593953074:[PRESS ,0038]P  +1843mbar,T-21369mdegC
1593953077:[PRESS ,0038]P  +1863mbar,T-10327mdegC
1593953079:[PRESS ,0038]P  +1863mbar,T+16920mdegC
1593953081:[PRESS ,0038]P  +1873mbar,T-21369mdegC
1593953086:[PRESS ,0038]P  +1913mbar,T+16920mdegC
1593953147:[PRESS ,0038]P  +2153mbar,T+16920mdegC
1593953149:[PRESS ,0038]P  +2153mbar,T-21369mdegC
1593953152:[PRESS ,0038]P  +2153mbar,T+16920mdegC
1593953156:[PRESS ,0038]P  +2153mbar,T-21369mdegC
1593953161:[PRESS ,0038]P  +2173mbar,T+16920mdegC
1593953168:[PRESS ,0038]P  +2173mbar,T-21369mdegC
1593953172:[PRESS ,0038]P  +2183mbar,T+16920mdegC
1593953172:[BUOY  ,0087]from +1mbar/s to +4mbar/s
1593953172:[BUOY  ,0090]need to transfer -24mL (valve during 6652ms)
1593953172:[VALVE ,0034]valve opening 6652ms
1593953179:[VALVE ,0234]battery 15151mV,  494344uA, P  +2183mbar
1593953233:[PRESS ,0038]P  +2333mbar,T+16920mdegC
1593953243:[PRESS ,0038]P  +2343mbar,T-21369mdegC
1593953245:[PRESS ,0038]P  +2353mbar,T +5876mdegC
1593953247:[PRESS ,0038]P  +2353mbar,T+16920mdegC
1593953249:[PRESS ,0038]P  +2343mbar,T-21369mdegC
1593953256:[PRESS ,0038]P  +2373mbar,T+16920mdegC
1593953258:[BUOY  ,0087]from +1mbar/s to +4mbar/s
1593953258:[BUOY  ,0090]need to transfer -24mL (valve during 6375ms)
1593953258:[VALVE ,0034]valve opening 6375ms
1593953264:[VALVE ,0234]battery 15151mV,  491416uA, P  +2373mbar
1593953318:[PRESS ,0038]P  +2523mbar,T-21369mdegC
1593953320:[PRESS ,0038]P  +2533mbar,T+16920mdegC
1593953324:[PRESS ,0038]P  +2533mbar,T-21369mdegC
1593953326:[PRESS ,0038]P  +2543mbar,T+16920mdegC
1593953327:[PRESS ,0038]P  +2543mbar,T-21369mdegC
1593953333:[PRESS ,0038]P  +2563mbar,T+16920mdegC
1593953336:[PRESS ,0038]P  +2563mbar,T-21369mdegC
1593953338:[PRESS ,0038]P  +2583mbar,T+16920mdegC
1593953340:[PRESS ,0038]P  +2573mbar,T-21369mdegC
1593953342:[PRESS ,0038]P  +2593mbar,T-10327mdegC
1593953344:[PRESS ,0038]P  +2593mbar,T+16920mdegC
1593953404:[PRESS ,0038]P  +2783mbar,T-21369mdegC
1593953406:[PRESS ,0038]P  +2793mbar,T +5876mdegC
1593953408:[PRESS ,0038]P  +2793mbar,T-21369mdegC
1593953410:[PRESS ,0038]P  +2803mbar,T+16920mdegC
1593953413:[PRESS ,0038]P  +2813mbar,T-21369mdegC
1593953415:[PRESS ,0038]P  +2823mbar,T +5876mdegC
1593953417:[PRESS ,0038]P  +2833mbar,T-21369mdegC
1593953419:[PRESS ,0038]P  +2833mbar,T+16920mdegC
1593953420:[PRESS ,0038]P  +2843mbar,T-21369mdegC
1593953424:[PRESS ,0038]P  +2853mbar,T+16920mdegC
1593953426:[PRESS ,0038]P  +2863mbar,T-21369mdegC
1593953428:[PRESS ,0038]P  +2863mbar,T+16920mdegC
1593953429:[PRESS ,0038]P  +2873mbar,T-21369mdegC
1593953490:[PRESS ,0038]P  +3083mbar,T-21369mdegC
1593953501:[PRESS ,0038]P  +3103mbar,T +5876mdegC
1593953503:[PRESS ,0038]P  +3113mbar,T-21369mdegC
1593953504:[PRESS ,0038]P  +3113mbar,T+16920mdegC
1593953506:[PRESS ,0038]P  +3123mbar,T-21369mdegC
1593953508:[PRESS ,0038]P  +3123mbar,T+16920mdegC
1593953510:[PRESS ,0038]P  +3133mbar,T-21369mdegC
1593953512:[PRESS ,0038]P  +3133mbar,T+16920mdegC
1593953576:[PRESS ,0038]P  +3343mbar,T +5876mdegC
1593953578:[PRESS ,0038]P  +3353mbar,T+16920mdegC
1593953579:[PRESS ,0038]P  +3353mbar,T-21369mdegC
1593953583:[PRESS ,0038]P  +3373mbar,T+16920mdegC
1593953585:[PRESS ,0038]P  +3373mbar,T-21369mdegC
1593953587:[PRESS ,0038]P  +3383mbar,T +5876mdegC
1593953588:[PRESS ,0038]P  +3393mbar,T-21369mdegC
1593953590:[PRESS ,0038]P  +3393mbar,T+16920mdegC
1593953592:[PRESS ,0038]P  +3393mbar,T-21369mdegC
1593953662:[PRESS ,0038]P  +3653mbar,T-21369mdegC
1593953663:[PRESS ,0038]P  +3663mbar,T+16920mdegC
1593953665:[PRESS ,0038]P  +3673mbar,T +5876mdegC
1593953669:[PRESS ,0038]P  +3683mbar,T-21369mdegC
1593953671:[PRESS ,0038]P  +3683mbar,T +5876mdegC
1593953676:[PRESS ,0038]P  +3703mbar,T-21369mdegC
1593953681:[PRESS ,0038]P  +3733mbar,T +5876mdegC
1593953685:[PRESS ,0038]P  +3733mbar,T+16920mdegC
1593953687:[BUOY  ,0087]from +4mbar/s to +2mbar/s
1593953687:[BUOY  ,0089]need to transfer +20mL (pump during 23985ms)
1593953695:[PUMP  ,0207]battery 15457mV,   19154uA (warmup), P  +3753mbar
1593953695:[PUMP  ,0016]pump during 23985ms
1593953718:[PUMP  ,0212]battery 15247mV,  341234uA (steady state), P  +3753mbar
1593953751:[PRESS ,0038]P  +3883mbar,T-32416mdegC
1593953752:[PRESS ,0038]P  +3863mbar,T +5876mdegC
1593953754:[PRESS ,0038]P  +3883mbar,T+16920mdegC
1593953756:[PRESS ,0038]P  +3873mbar,T +5876mdegC
1593953760:[PRESS ,0038]P  +3873mbar,T-21369mdegC
1593953761:[PRESS ,0038]P  +3873mbar,T+16920mdegC
1593953763:[PRESS ,0038]P  +3883mbar,T +5876mdegC
1593953765:[PRESS ,0038]P  +3893mbar,T-21369mdegC
1593953767:[PRESS ,0038]P  +3883mbar,T +5876mdegC
1593953770:[PRESS ,0038]P  +3883mbar,T-21369mdegC
1593953772:[PRESS ,0038]P  +3893mbar,T +5876mdegC
1593953774:[PRESS ,0038]P  +3903mbar,T-21369mdegC
1593953836:[PRESS ,0038]P  +4023mbar,T +5876mdegC
1593953842:[PRESS ,0038]P  +4023mbar,T-21369mdegC
1593953844:[PRESS ,0038]P  +4033mbar,T +5876mdegC
1593953845:[PRESS ,0038]P  +4033mbar,T-21369mdegC
1593953847:[PRESS ,0038]P  +4043mbar,T +5876mdegC
1593953853:[PRESS ,0038]P  +4043mbar,T-21369mdegC
1593953854:[PRESS ,0038]P  +4053mbar,T +5876mdegC
1593953856:[PRESS ,0038]P  +4053mbar,T+16920mdegC
1593953858:[PRESS ,0038]P  +4053mbar,T +5876mdegC
1593953862:[PRESS ,0038]P  +4063mbar,T-21369mdegC
1593953922:[PRESS ,0038]P  +4163mbar,T +5876mdegC
1593953928:[PRESS ,0038]P  +4183mbar,T-32416mdegC
1593953929:[PRESS ,0038]P  +4183mbar,T +5876mdegC
1593953931:[PRESS ,0038]P  +4183mbar,T-21369mdegC
1593953933:[PRESS ,0038]P  +4183mbar,T-32416mdegC
1593953935:[PRESS ,0038]P  +4183mbar,T +5876mdegC
1593953940:[PRESS ,0038]P  +4193mbar,T+16920mdegC
1593953942:[PRESS ,0038]P  +4193mbar,T-32416mdegC
1593953944:[PRESS ,0038]P  +4203mbar,T +5876mdegC
1593953946:[PRESS ,0038]P  +4193mbar,T-21369mdegC
1593954008:[PRESS ,0038]P  +4283mbar,T +5876mdegC
1593954012:[PRESS ,0038]P  +4283mbar,T+16920mdegC
1593954013:[PRESS ,0038]P  +4293mbar,T +5876mdegC
1593954019:[PRESS ,0038]P  +4303mbar,T-32416mdegC
1593954022:[PRESS ,0038]P  +4303mbar,T +5876mdegC
1593954031:[PRESS ,0038]P  +4323mbar,T-21369mdegC
1593954033:[PRESS ,0038]P  +4333mbar,T +5876mdegC
1593954094:[PRESS ,0038]P  +4443mbar,T-32416mdegC
1593954095:[PRESS ,0038]P  +4453mbar,T +5876mdegC
1593954097:[PRESS ,0038]P  +4463mbar,T -5174mdegC
1593954099:[PRESS ,0038]P  +4463mbar,T +5876mdegC
1593954101:[PRESS ,0038]P  +4463mbar,T-21369mdegC
1593954103:[PRESS ,0038]P  +4473mbar,T-32416mdegC
1593954105:[PRESS ,0038]P  +4473mbar,T +5876mdegC
1593954108:[PRESS ,0038]P  +4473mbar,T-32416mdegC
1593954110:[PRESS ,0038]P  +4473mbar,T +5876mdegC
1593954117:[PRESS ,0038]P  +4493mbar,T-21369mdegC
1593954119:[PRESS ,0038]P  +4493mbar,T +5876mdegC
1593954179:[PRESS ,0038]P  +4593mbar,T-32416mdegC
1593954181:[PRESS ,0038]P  +4593mbar,T +5876mdegC
1593954188:[PRESS ,0038]P  +4613mbar,T-32416mdegC
1593954192:[PRESS ,0038]P  +4613mbar,T +5876mdegC
1593954196:[PRESS ,0038]P  +4623mbar,T-32416mdegC
1593954197:[PRESS ,0038]P  +4623mbar,T +5876mdegC
1593954204:[STAGE ,0213]4643mbar reached at 1593954204s, ref 5000mbar +/-500mbar
1593954265:[PRESS ,0038]P  +4753mbar,T-21369mdegC
1593954326:[PRESS ,0038]P  +4873mbar,T-32416mdegC
1593954387:[PRESS ,0038]P  +4993mbar,T-32416mdegC
1593954447:[PRESS ,0038]P  +5113mbar,T -5174mdegC
1593954447:[BUOY  ,0087]from +2mbar/s to +0mbar/s
1593954447:[BUOY  ,0089]need to transfer +6mL (pump during 7186ms)
1593954455:[PUMP  ,0207]battery 15483mV,   19032uA (warmup), P  +5113mbar
1593954455:[PUMP  ,0016]pump during 7186ms
1593954463:[PUMP  ,0212]battery 15266mV,  350262uA (steady state), P  +5113mbar
1593954511:[PRESS ,0038]P  +5223mbar,T-32416mdegC
1593954513:[PRESS ,0038]P  +5223mbar,T -5174mdegC
1593954515:[PRESS ,0038]P  +5223mbar,T-32416mdegC
1593954517:[PRESS ,0038]P  +5223mbar,T -5174mdegC
1593954518:[PRESS ,0038]P  +5223mbar,T-32416mdegC
1593954522:[PRESS ,0038]P  +5233mbar,T +5876mdegC
1593954524:[PRESS ,0038]P  +5243mbar,T-21369mdegC
1593954526:[PRESS ,0038]P  +5243mbar,T +5876mdegC
1593954529:[PRESS ,0038]P  +5243mbar,T-32416mdegC
1593954531:[PRESS ,0038]P  +5243mbar,T +5876mdegC
1593954533:[PRESS ,0038]P  +5243mbar,T-32416mdegC
1593954535:[PRESS ,0038]P  +5253mbar,T +5876mdegC
1593954536:[PRESS ,0038]P  +5253mbar,T-21369mdegC
1593954537:[BUOY  ,0087]from +1mbar/s to +0mbar/s
1593954537:[BUOY  ,0089]need to transfer +2mL (pump during 2395ms)
1593954545:[PUMP  ,0207]battery 15473mV,   18910uA (warmup), P  +5253mbar
1593954545:[PUMP  ,0016]pump during 2395ms
1593954600:[PRESS ,0038]P  +5333mbar,T-32416mdegC
1593954602:[PRESS ,0038]P  +5343mbar,T+22068mdegC
1593954604:[PRESS ,0038]P  +5333mbar,T-32416mdegC
1593954606:[PRESS ,0038]P  +5333mbar,T -5174mdegC
1593954609:[PRESS ,0038]P  +5353mbar,T +5876mdegC
1593954615:[PRESS ,0038]P  +5353mbar,T-32416mdegC
1593954622:[PRESS ,0038]P  +5353mbar,T +5876mdegC
1593954624:[PRESS ,0038]P  +5353mbar,T -5174mdegC
1593954625:[PRESS ,0038]P  +5363mbar,T +5876mdegC
1593954626:[MAIN  ,0140]stage[0] complete 1802s after mission start
1593954626:[MAIN  ,0056]stage[1]
1593954628:[MAIN  ,0024]internal pressure 82612Pa
1593954629:[MRMAID,0002]acq started
1593954639:[BUOY  ,0037]P  +5373mbar
1593954639:[STAGE ,0080]Stage [1] 5000mbar (+/-500mbar) 1800s (<1593956424s) MERMAID
1593954641:[PRESS ,0038]P  +5373mbar,T-32416mdegC
1593954641:[STAGE ,0213]5373mbar reached at 1593954641s, ref 5000mbar +/-500mbar
1593954641:[BUOY  ,0087]from +1mbar/s to +0mbar/s
1593954641:[BUOY  ,0089]need to transfer +2mL (pump during 2395ms)
1593954650:[PUMP  ,0207]battery 15475mV,   19032uA (warmup), P  +5373mbar
1593954650:[PUMP  ,0016]pump during 2395ms
1593954665:[MRMAID,0184]acq already started
1593954682:[MRMAID,0059]stop canceled
1593954715:[PRESS ,0038]P  +5423mbar,T -5174mdegC
1593954717:[PRESS ,0038]P  +5433mbar,T-32416mdegC
1593954719:[PRESS ,0038]P  +5413mbar,T -5174mdegC
1593954723:[PRESS ,0038]P  +5433mbar,T-32416mdegC
1593954728:[PRESS ,0038]P  +5423mbar,T +5876mdegC
1593954730:[PRESS ,0038]P  +5423mbar,T-32416mdegC
1593954732:[PRESS ,0038]P  +5433mbar,T -5174mdegC
1593954733:[PRESS ,0038]P  +5423mbar,T-32416mdegC
1593954737:[PRESS ,0038]P  +5433mbar,T +5876mdegC
1593954739:[PRESS ,0038]P  +5433mbar,T-32416mdegC
1593954741:[PRESS ,0038]P  +5423mbar,T +5876mdegC
1593954801:[PRESS ,0038]P  +5463mbar,T -5174mdegC
1593954861:[MRMAID,0027]55dbar, -5degC
1593954862:[PRESS ,0038]P  +5533mbar,T-32416mdegC
1593954862:<WARN>[BUOY  ,0094]stage[1] should ASCENT, stuck at 5533mbar for the #1 time
1593954862:[BUOY  ,0087]from +1mbar/s to -2mbar/s
1593954862:[BUOY  ,0089]need to transfer +8mL (pump during 9586ms)
1593954871:[PUMP  ,0207]battery 15482mV,   19276uA (warmup), P  +5533mbar
1593954871:[PUMP  ,0016]pump during 9586ms
1593954880:[PUMP  ,0212]battery 15265mV,  351726uA (steady state), P  +5533mbar
1593954893:[MRMAID,0184]acq already started
1593954936:[PRESS ,0038]P  +5613mbar,T -5174mdegC
1593954942:[PRESS ,0038]P  +5613mbar,T-32416mdegC
1593954949:[PRESS ,0038]P  +5613mbar,T -5174mdegC
1593954951:[PRESS ,0038]P  +5603mbar,T-32416mdegC
1593954953:[PRESS ,0038]P  +5613mbar,T -5174mdegC
1593954954:[PRESS ,0038]P  +5603mbar,T-32416mdegC
1593954961:[PRESS ,0038]P  +5603mbar,T -5174mdegC
1593954961:<WARN>[BUOY  ,0094]stage[1] should ASCENT, stuck at 5603mbar for the #2 time
1593954962:[BUOY  ,0087]from +0mbar/s to -2mbar/s
1593954962:[BUOY  ,0089]need to transfer +6mL (pump during 7189ms)
1593954970:[PUMP  ,0207]battery 15470mV,   19276uA (warmup), P  +5603mbar
1593954970:[PUMP  ,0016]pump during 7189ms
1593954977:[PUMP  ,0212]battery 15251mV,  353678uA (steady state), P  +5603mbar
1593954990:[MRMAID,0184]acq already started
1593955036:[PRESS ,0038]P  +5543mbar,T -5174mdegC
1593955040:[PRESS ,0038]P  +5543mbar,T +5876mdegC
1593955041:[PRESS ,0038]P  +5533mbar,T-32416mdegC
1593955043:[PRESS ,0038]P  +5533mbar,T -5174mdegC
1593955047:[PRESS ,0038]P  +5533mbar,T-32416mdegC
1593955049:[PRESS ,0038]P  +5513mbar,T -5174mdegC
1593955050:[PRESS ,0038]P  +5523mbar,T-32416mdegC
1593955054:[PRESS ,0038]P  +5523mbar,T -5174mdegC
1593955056:[PRESS ,0038]P  +5513mbar,T-32416mdegC
1593955058:[PRESS ,0038]P  +5503mbar,T +5876mdegC
1593955059:[PRESS ,0038]P  +5503mbar,T-32416mdegC
1593955122:[PRESS ,0038]P  +5403mbar,T-32416mdegC
1593955124:[PRESS ,0038]P  +5403mbar,T+22068mdegC
1593955127:[PRESS ,0038]P  +5393mbar,T -5174mdegC
1593955131:[PRESS ,0038]P  +5383mbar,T-32416mdegC
1593955133:[PRESS ,0038]P  +5383mbar,T -5174mdegC
1593955134:[PRESS ,0038]P  +5383mbar,T-32416mdegC
1593955136:[PRESS ,0038]P  +5373mbar,T -5174mdegC
1593955138:[PRESS ,0038]P  +5363mbar,T-32416mdegC
1593955143:[PRESS ,0038]P  +5353mbar,T -5174mdegC
1593955147:[PRESS ,0038]P  +5343mbar,T +5876mdegC
1593955208:[PRESS ,0038]P  +5253mbar,T -5174mdegC
1593955329:[PRESS ,0038]P  +5183mbar,T -5174mdegC
1593955450:[PRESS ,0038]P  +5093mbar,T-32416mdegC
1593955511:[PRESS ,0038]P  +5043mbar,T -5174mdegC
1593955572:[PRESS ,0038]P  +4973mbar,T -5174mdegC
1593955572:[BUOY  ,0087]from -1mbar/s to +0mbar/s
1593955572:[BUOY  ,0090]need to transfer -2mL (valve during 364ms)
1593955572:[VALVE ,0034]valve opening 364ms
1593955583:[MRMAID,0184]acq already started
1593955648:[PRESS ,0038]P  +4913mbar,T -5174mdegC
1593955655:[PRESS ,0038]P  +4923mbar,T-32416mdegC
1593955657:[PRESS ,0038]P  +4903mbar,T -5174mdegC
1593955661:[PRESS ,0038]P  +4923mbar,T-32416mdegC
1593955664:[PRESS ,0038]P  +4913mbar,T -5174mdegC
1593955728:[PRESS ,0038]P  +4913mbar,T+22068mdegC
1593955789:[PRESS ,0038]P  +4893mbar,T -5174mdegC
1593955850:[PRESS ,0038]P  +4873mbar,T+22068mdegC
1593955910:[PRESS ,0038]P  +4863mbar,T-32416mdegC
1593955961:[MRMAID,0059]stop canceled
1593955971:[PRESS ,0038]P  +4843mbar,T -5174mdegC
1593955977:[MRMAID,0005]ascent request rejected
1593956061:[MRMAID,0027]49dbar, -5degC
1593956153:[PRESS ,0038]P  +4903mbar,T+22068mdegC
1593956214:[PRESS ,0038]P  +4923mbar,T-32416mdegC
1593956275:[PRESS ,0038]P  +4943mbar,T+22068mdegC
1593956396:[PRESS ,0038]P  +5003mbar,T+22068mdegC
1593956457:[MAIN  ,0140]stage[1] complete 3633s after mission start
1593956587:[MRMAID,0003]acq stopped
1593956587:[MRMAID,0052]Mermaid $MEASFS,76227,1905.002411,40.014123;
1593956596:[MRMAID,0005]ascent request rejected
1593956638:[MRMAID,0188]acq already stopped
1593956698:[MSSION,0192]mission stopped, 2 stage(s) done
1593956698:[MAIN  ,0065]surfacing
1593956700:[PRESS ,0038]P  +5033mbar,T -5174mdegC
1593956700:[SURFIN,0036]P  +5033mbar
1593956708:[PUMP  ,0207]battery 15508mV,   19154uA (warmup), P  +5033mbar
1593956708:[PUMP  ,0016]pump during 60000ms
1593956767:[PUMP  ,0212]battery 15281mV,  351482uA (steady state), P  +5033mbar
1593956825:[PRESS ,0038]P  +4653mbar,T -5174mdegC
1593956827:[PRESS ,0038]P  +4643mbar,T+22068mdegC
1593956830:[PRESS ,0038]P  +4623mbar,T -5174mdegC
1593956832:[PRESS ,0038]P  +4623mbar,T+22068mdegC
1593956836:[PRESS ,0038]P  +4603mbar,T-32416mdegC
1593956837:[PRESS ,0038]P  +4603mbar,T -5174mdegC
1593956839:[PRESS ,0038]P  +4573mbar,T +5876mdegC
1593956841:[PRESS ,0038]P  +4573mbar,T -5174mdegC
1593956843:[PRESS ,0038]P  +4563mbar,T+22068mdegC
1593956846:[PRESS ,0038]P  +4553mbar,T-32416mdegC
1593956848:[PRESS ,0038]P  +4533mbar,T -5174mdegC
1593956858:[PUMP  ,0207]battery 15416mV,   19032uA (warmup), P  +4523mbar
1593956858:[PUMP  ,0016]pump during 60000ms
1593956917:[PUMP  ,0212]battery 15197mV,  345382uA (steady state), P  +4523mbar
1593956975:[PRESS ,0038]P  +3823mbar,T -5174mdegC
1593956980:[PRESS ,0038]P  +3793mbar,T+22068mdegC
1593956984:[PRESS ,0038]P  +3763mbar,T -5174mdegC
1593956987:[PRESS ,0038]P  +3743mbar,T-32416mdegC
1593956989:[PRESS ,0038]P  +3743mbar,T -5174mdegC
1593956996:[PRESS ,0038]P  +3693mbar,T-32416mdegC
1593956998:[PRESS ,0038]P  +3693mbar,T -5174mdegC
1593957008:[PUMP  ,0207]battery 15352mV,   19154uA (warmup), P  +3683mbar
1593957008:[PUMP  ,0016]pump during 60000ms
1593957067:[PUMP  ,0212]battery 15136mV,  343308uA (steady state), P  +3683mbar
1593957125:[PRESS ,0038]P  +2883mbar,T -5174mdegC
1593957126:[PRESS ,0038]P  +2873mbar,T+22068mdegC
1593957133:[PRESS ,0038]P  +2823mbar,T -5174mdegC
1593957139:[PRESS ,0038]P  +2793mbar,T-16228mdegC
1593957141:[PRESS ,0038]P  +2773mbar,T-32416mdegC
1593957142:[PRESS ,0038]P  +2773mbar,T+22068mdegC
1593957144:[PRESS ,0038]P  +2763mbar,T -5174mdegC
1593957148:[PRESS ,0038]P  +2733mbar,T-32416mdegC
1593957150:[PRESS ,0038]P  +2723mbar,T -5174mdegC
1593957158:[PUMP  ,0207]battery 15311mV,   19154uA (warmup), P  +2723mbar
1593957158:[PUMP  ,0016]pump during 60000ms
1593957217:[PUMP  ,0212]battery 15100mV,  336842uA (steady state), P  +2723mbar
1593957274:[PRESS ,0038]P  +1933mbar,T -5174mdegC
1593957276:[PRESS ,0038]P  +1933mbar,T+22068mdegC
1593957287:[PRESS ,0038]P  +1913mbar,T -5174mdegC
1593957289:[PRESS ,0038]P  +1913mbar,T+22068mdegC
1593957292:[PRESS ,0038]P  +1903mbar,T-32416mdegC
1593957294:[PRESS ,0038]P  +1903mbar,T -5174mdegC
1593957298:[PRESS ,0038]P  +1903mbar,T-32416mdegC
1593957299:[PRESS ,0038]P  +1893mbar,T -5174mdegC
1593957308:[PUMP  ,0207]battery 15287mV,   19154uA (warmup), P  +1893mbar
1593957308:[PUMP  ,0016]pump during 60000ms
1593957367:[PUMP  ,0212]battery 15078mV,  330254uA (steady state), P  +1893mbar
1593957424:[PRESS ,0038]P  +1253mbar,T -5174mdegC
1593957426:[PRESS ,0038]P  +1243mbar,T+22068mdegC
1593957430:[PRESS ,0038]P  +1223mbar,T -5174mdegC
1593957432:[PRESS ,0038]P  +1213mbar,T+22068mdegC
1593957437:[PRESS ,0038]P  +1183mbar,T-32416mdegC
1593957439:[PRESS ,0038]P  +1153mbar,T -5174mdegC
1593957444:[PRESS ,0038]P  +1123mbar,T-32416mdegC
1593957446:[PRESS ,0038]P  +1113mbar,T+22068mdegC
1593957448:[PRESS ,0038]P  +1103mbar,T -5174mdegC
1593957458:[PUMP  ,0207]battery 15273mV,   19154uA (warmup), P  +1093mbar
1593957458:[PUMP  ,0016]pump during 60000ms
1593957517:[PUMP  ,0212]battery 15063mV,  329034uA (steady state), P  +1093mbar
1593957574:[PRESS ,0038]P   +213mbar,T+22068mdegC
1593957576:[PRESS ,0038]P   +183mbar,T -5174mdegC
1593957583:[PRESS ,0038]P   +143mbar,T-32416mdegC
1593957585:[PRESS ,0038]P   +123mbar,T -5174mdegC
1593957589:[PRESS ,0038]P   +103mbar,T-32416mdegC
1593957590:[PRESS ,0038]P    +83mbar,T -5174mdegC
1593957594:[PRESS ,0038]P    +63mbar,T+22068mdegC
1593957596:[PRESS ,0038]P    +53mbar,T -5174mdegC
1593957599:[PRESS ,0038]P    +33mbar,T-32416mdegC
1593957603:[PRESS ,0038]P     +3mbar,T -5174mdegC
1593957603:[SURFIN,0020]filling external bladder
1593957611:[PUMP  ,0207]battery 15268mV,   19154uA (warmup), P     +3mbar
1593957611:[PUMP  ,0016]pump during 300000ms
1593957906:[PUMP  ,0212]battery 14767mV, 1089826uA (steady state), P     +3mbar
1593957908:[SURFIN,0019]external bladder full
1593957909:[PRESS ,0038]P   +140mbar,T-32416mdegC
1593957911:[PRESS ,0038]P   +150mbar,T +5876mdegC
1593957913:[PRESS ,0038]P   +140mbar,T-32416mdegC
1593957917:[PRESS ,0038]P   +140mbar,T +5876mdegC
1593957918:[PRESS ,0038]P   +140mbar,T-32416mdegC
1593957924:[PRESS ,0038]P   +140mbar,T +5876mdegC
1593957927:[PRESS ,0038]P   +140mbar,T-32416mdegC
1593957929:[PRESS ,0038]P   +140mbar,T -5174mdegC
1593957931:[PRESS ,0038]P   +140mbar,T-32416mdegC
1593957934:[PRESS ,0038]P   +130mbar,T +5876mdegC
1593957970:[MAIN  ,0272]Vbat 15041mV (min 14976mV)
1593957973:[MAIN  ,0024]internal pressure 80379Pa
1593957973:[MAIN  ,0043]Pext 141mbar (rng 20mbar)
1593957973:[MAIN  ,0064]surface
1593957985:[SURF  ,0022]GPS fix...
1593958005:[SURF  ,0015]10 PPS detected...
1593958007:[MRMAID,0052]Mermaid $GPSACK:+0,+0,+0,+0,+0,+0,-518;
1593958016:[MRMAID,0052]Mermaid $GPSOFF:3686346;
1593958017:[GPSFIX,0179]+0s diff
1593958017:[SURF  ,0222]2020-07-05T14:06:57
1593958017:[SURF  ,0082]Latitude : N43deg40.942mn, Longitude :E007deg19.178mn
1593958017:[SURF  ,0223]fix3D,11satellites
1593958017:[SURF  ,0084]GPS fix GPGSA : hdop0.650,vdop1.060
1593958027:[SURF  ,0274]last almanac : 13525
1593958089:[MRMAID,0026]20254 bytes in 0062/5F01DE90.MER
1593958095:[MAIN  ,0320]New pressure offset: 141mbar
1593958095:[LOGBIN,0078]*** switching to 0062/5F01DECF ***
