1593920363:[MAIN  ,0007]buoy 452.120-R-0063
1593920363:[MAIN  ,0055]soft pilotage 452.012.300_V2.20-20200612
1593920363:[MAIN  ,0010]cycle 10
1593920363:[SURF  ,0225]surface2
1593920380:[SURF  ,0022]GPS fix...
1593920400:[SURF  ,0015]10 PPS detected...
1593920401:[MRMAID,0052]Mermaid $GPSACK:+0,+0,+0,+0,+0,+0,+0;
1593920411:[MRMAID,0052]Mermaid $GPSOFF:3686322;
1593920412:[GPSFIX,0179]-1s diff
1593920413:[SURF  ,0222]2020-07-05T03:40:13
1593920413:[SURF  ,0082]Latitude : N43deg40.937mn, Longitude :E007deg19.178mn
1593920413:[SURF  ,0223]fix3D,10satellites
1593920413:[SURF  ,0084]GPS fix GPGSA : hdop0.630,vdop1.070
1593920423:[SURF  ,0025]Iridium...
1593920630:<WARN>[SURF  ,0023]failed to connect #1, code -8, net 1, qual 3, dial 1
1593920695:[SURF  ,0009]connected in 272s, signal quality 3
1593920735:<WARN>[SURF  ,0071]timeout
1593920735:<WARN>[SURF  ,0056]peer mute
1593920740:[SURF  ,0014]disconnected after 317s
1593920745:[SURFIN,0020]filling external bladder
1593920753:[PUMP  ,0207]battery 15237mV,   18300uA (warmup), P    +10mbar
1593920753:[PUMP  ,0016]pump during 300000ms
1593920762:[PUMP  ,0212]battery 14850mV,  974658uA (steady state), P    +10mbar
1593920764:[SURFIN,0019]external bladder full
1593920764:[SURF  ,0069]transfer interrupted , retry
1593920784:[SURF  ,0022]GPS fix...
1593920804:[SURF  ,0015]10 PPS detected...
1593920805:[MRMAID,0052]Mermaid $GPSACK:+0,+0,+0,+0,+0,+1,-999969;
1593920815:[MRMAID,0052]Mermaid $GPSOFF:3686321;
1593920817:[GPSFIX,0179]+0s diff
1593920817:[SURF  ,0222]2020-07-05T03:46:57
1593920817:[SURF  ,0082]Latitude : N43deg40.937mn, Longitude :E007deg19.178mn
1593920817:[SURF  ,0223]fix3D,10satellites
1593920817:[SURF  ,0084]GPS fix GPGSA : hdop0.590,vdop1.000
1593920827:[SURF  ,0025]Iridium...
1593920869:[SURF  ,0009]connected in 42s, signal quality 5
1593920953:[SURF  ,0218]prompt received, remote cmd end
1593920953:[SURF  ,0012]16 cmd(s) received
1593920974:[UPLOAD,0248]Upload data files...
1593920991:[UPLOAD,0231]"0063/5F014B5E.MER" uploaded at 130bytes/s
1593921186:[UPLOAD,0231]"0063/5F013095.BIN" uploaded at 70bytes/s
1593921204:[MAIN  ,0013]2 file(s) uploaded
1593921236:[SURF  ,0014]disconnected after 409s
1593921241:[SURFIN,0020]filling external bladder
1593921249:[PUMP  ,0207]battery 15168mV,   18300uA (warmup), P    +10mbar
1593921249:[PUMP  ,0016]pump during 300000ms
1593921254:[PUMP  ,0212]battery 14785mV,  966850uA (steady state), P    +10mbar
1593921256:[SURFIN,0019]external bladder full
1593921256:[SURF  ,0227]1st complete transfer
1593921256:[SURF  ,0226]Go dive (Minimum surface delay expired and no more file to upload)
1593921276:[SURF  ,0022]GPS fix...
1593921296:[SURF  ,0015]10 PPS detected...
1593921297:[MRMAID,0052]Mermaid $GPSACK:+0,+0,+0,+0,+0,+0,-30;
1593921307:[MRMAID,0052]Mermaid $GPSOFF:3686321;
1593921308:[GPSFIX,0179]-1s diff
1593921309:[SURF  ,0222]2020-07-05T03:55:09
1593921309:[SURF  ,0082]Latitude : N43deg40.937mn, Longitude :E007deg19.178mn
1593921309:[SURF  ,0223]fix3D,10satellites
1593921309:[SURF  ,0084]GPS fix GPGSA : hdop0.590,vdop0.980
1593921326:[MAIN  ,0024]internal pressure 80225Pa
1593921327:[BYCMD ,0107]    FreeRTOS V8.2.3
1593921327:[BYCMD ,0108]    FatFS v11a
1593921327:[BYCMD ,0120]    bypass 10000ms 60000ms (20000ms 60000ms stored)
1593921327:[BYCMD ,0121]    valve 60000ms 12750 (60000ms 12750 stored)
1593921327:[BYCMD ,0122]    pump 60000ms 30% 10750 80% (60000ms 30% 10750 80% stored)
1593921327:[BYCMD ,0123]    rate 2mbar/s (2mbar/s stored)
1593921327:[BYCMD ,0124]    surface 500mbar (500mbar stored)
1593921327:[BYCMD ,0125]    near 1500mbar 3mbar/s (15000mbar 3mbar/s stored)
1593921327:[BYCMD ,0126]    far 2500mbar 4mbar/s (25000mbar 4mbar/s stored)
1593921327:[BYCMD ,0127]    ascent 8mbar/s (8mbar/s stored)
1593921327:[BYCMD ,0128]    dead 60s (300s stored)
1593921327:[BYCMD ,0129]    coeff 16/10 (16/10 stored)
1593921327:[BYCMD ,0130]    stab 10 (10 stored)
1593921327:[BYCMD ,0131]    delay 900s 3600s (900s 3600s stored)
1593921327:[BYCMD ,0132]    mmtime 2880min (2880min stored)
1593921327:[BYCMD ,0133]    dv_landing 100ml (100ml stored)
1593921327:[MKDCMD,0150]    p2t37: 15x2000ms, offset 17mbar
1593921327:[P2TCMD,0151]    p2t37: dp 50mbar, dt 5000mdegC
1593921328:[STAGE ,0080]Stage [0] 5000mbar (+/-500mbar) 1800s (<1800s) 
1593921328:[STAGE ,0080]Stage [1] 5000mbar (+/-500mbar) 1800s (<3600s) 
1593921328:[MAIN  ,0070]turn off bluetooth
1593921330:[PRESS ,0038]P     +3mbar,T+31617mdegC
1593921332:[PRESS ,0038]P     -7mbar,T +4038mdegC
1593921334:[PRESS ,0038]P     +3mbar,T+31617mdegC
1593921336:[PRESS ,0038]P     +3mbar,T +4038mdegC
1593921338:[PRESS ,0038]P     +3mbar,T+31617mdegC
1593921341:[PRESS ,0038]P     -7mbar,T +4038mdegC
1593921345:[PRESS ,0038]P     +3mbar,T+31617mdegC
1593921347:[PRESS ,0038]P    -17mbar,T +4038mdegC
1593921352:[PRESS ,0038]P     +3mbar,T+31617mdegC
1593921355:[DIVING,0141]diving from 3mbar, +0mbar/s
1593921356:[BYPASS,0035]bypass opening 60000ms
1593921361:[BYPASS,0104]battery 15083mV,  245098uA (bypass opening), P     +3mbar
1593921426:[BYPASS,0106]battery 15096mV,  296094uA (bypass closing), P     +3mbar
1593921427:[PRESS ,0038]P    -97mbar,T+31617mdegC
1593921429:[PRESS ,0038]P   -117mbar,T-23544mdegC
1593921431:[PRESS ,0038]P    -97mbar,T+31617mdegC
1593921433:[PRESS ,0038]P    -97mbar,T +4038mdegC
1593921450:[PRESS ,0038]P   -107mbar,T+31617mdegC
1593921452:[PRESS ,0038]P    -97mbar,T +4038mdegC
1593921452:[BYPASS,0035]bypass opening 10000ms
1593921457:[BYPASS,0104]battery 15125mV,  243512uA (bypass opening), P    -97mbar
1593921472:[BYPASS,0106]battery 15105mV,  294996uA (bypass closing), P    -97mbar
1593921474:[PRESS ,0038]P   -117mbar,T+31617mdegC
1593921478:[PRESS ,0038]P   -117mbar,T +4038mdegC
1593921480:[PRESS ,0038]P   -127mbar,T+31617mdegC
1593921481:[PRESS ,0038]P   -127mbar,T +4038mdegC
1593921483:[PRESS ,0038]P   -127mbar,T-23544mdegC
1593921485:[PRESS ,0038]P   -127mbar,T +4038mdegC
1593921489:[PRESS ,0038]P   -117mbar,T+31617mdegC
1593921490:[PRESS ,0038]P   -107mbar,T-23544mdegC
1593921492:[PRESS ,0038]P   -127mbar,T +4038mdegC
1593921494:[PRESS ,0038]P   -117mbar,T+31617mdegC
1593921496:[PRESS ,0038]P   -117mbar,T +4038mdegC
1593921499:[BYPASS,0035]bypass opening 10000ms
1593921504:[BYPASS,0104]battery 15133mV,  246196uA (bypass opening), P   -117mbar
1593921519:[BYPASS,0106]battery 15112mV,  294020uA (bypass closing), P   -117mbar
1593921521:[PRESS ,0038]P   -107mbar,T-23544mdegC
1593921523:[PRESS ,0038]P   -107mbar,T +4038mdegC
1593921527:[PRESS ,0038]P   -107mbar,T-23544mdegC
1593921528:[PRESS ,0038]P   -107mbar,T +4038mdegC
1593921534:[PRESS ,0038]P   -117mbar,T+31617mdegC
1593921536:[PRESS ,0038]P   -117mbar,T +4038mdegC
1593921539:[PRESS ,0038]P   -107mbar,T+31617mdegC
1593921541:[PRESS ,0038]P   -117mbar,T +4038mdegC
1593921543:[PRESS ,0038]P   -117mbar,T-23544mdegC
1593921546:[BYPASS,0035]bypass opening 10000ms
1593921551:[BYPASS,0104]battery 15141mV,  246196uA (bypass opening), P   -117mbar
1593921567:[BYPASS,0106]battery 15120mV,  293288uA (bypass closing), P   -117mbar
1593921568:[PRESS ,0038]P   -107mbar,T +4038mdegC
1593921572:[PRESS ,0038]P    -97mbar,T-23544mdegC
1593921574:[PRESS ,0038]P   -107mbar,T +4038mdegC
1593921575:[PRESS ,0038]P   -107mbar,T-23544mdegC
1593921579:[PRESS ,0038]P   -117mbar,T +4038mdegC
1593921581:[PRESS ,0038]P   -107mbar,T-23544mdegC
1593921583:[PRESS ,0038]P   -117mbar,T +4038mdegC
1593921592:[PRESS ,0038]P   -107mbar,T+31617mdegC
1593921593:[PRESS ,0038]P   -117mbar,T-23544mdegC
1593921593:[BYPASS,0035]bypass opening 10000ms
1593921598:[BYPASS,0104]battery 15146mV,  241560uA (bypass opening), P   -117mbar
1593921614:[BYPASS,0106]battery 15126mV,  292678uA (bypass closing), P   -117mbar
1593921615:[PRESS ,0038]P   -107mbar,T +4038mdegC
1593921631:[PRESS ,0038]P    -97mbar,T-23544mdegC
1593921633:[PRESS ,0038]P    -97mbar,T +4038mdegC
1593921635:[PRESS ,0038]P    -97mbar,T+31617mdegC
1593921637:[PRESS ,0038]P    -97mbar,T +4038mdegC
1593921640:[BYPASS,0035]bypass opening 10000ms
1593921645:[BYPASS,0104]battery 15153mV,  246074uA (bypass opening), P    -97mbar
1593921660:[BYPASS,0106]battery 15132mV,  292190uA (bypass closing), P    -97mbar
1593921673:[PRESS ,0038]P    -87mbar,T-23544mdegC
1593921675:[PRESS ,0038]P    -87mbar,T+31617mdegC
1593921676:[PRESS ,0038]P    -87mbar,T +4038mdegC
1593921685:[PRESS ,0038]P    -87mbar,T+31617mdegC
1593921687:[PRESS ,0038]P    -87mbar,T +4038mdegC
1593921687:[BYPASS,0035]bypass opening 10000ms
1593921692:[BYPASS,0104]battery 15157mV,  244610uA (bypass opening), P    -87mbar
1593921707:[BYPASS,0106]battery 15137mV,  291580uA (bypass closing), P    -87mbar
1593921714:[PRESS ,0038]P    -87mbar,T+31617mdegC
1593921716:[PRESS ,0038]P    -97mbar,T +4038mdegC
1593921721:[PRESS ,0038]P    -87mbar,T+31617mdegC
1593921723:[PRESS ,0038]P    -87mbar,T-23544mdegC
1593921725:[PRESS ,0038]P    -87mbar,T +4038mdegC
1593921729:[PRESS ,0038]P    -97mbar,T+31617mdegC
1593921730:[PRESS ,0038]P    -97mbar,T +4038mdegC
1593921732:[PRESS ,0038]P    -97mbar,T+31617mdegC
1593921734:[PRESS ,0038]P    -97mbar,T-23544mdegC
1593921734:[BYPASS,0035]bypass opening 10000ms
1593921739:[BYPASS,0104]battery 15161mV,  244244uA (bypass opening), P    -97mbar
1593921754:[BYPASS,0106]battery 15141mV,  291092uA (bypass closing), P    -97mbar
1593921756:[PRESS ,0038]P    -87mbar,T +4038mdegC
1593921758:[PRESS ,0038]P    -77mbar,T+31617mdegC
1593921760:[PRESS ,0038]P    -97mbar,T -6340mdegC
1593921761:[PRESS ,0038]P    -77mbar,T +4038mdegC
1593921765:[PRESS ,0038]P    -77mbar,T-23544mdegC
1593921767:[PRESS ,0038]P    -87mbar,T+31617mdegC
1593921769:[PRESS ,0038]P    -87mbar,T +4038mdegC
1593921778:[PRESS ,0038]P    -67mbar,T+31617mdegC
1593921779:[PRESS ,0038]P    -77mbar,T +4038mdegC
1593921781:[BYPASS,0035]bypass opening 10000ms
1593921786:[BYPASS,0104]battery 15163mV,  250588uA (bypass opening), P    -67mbar
1593921801:[BYPASS,0106]battery 15146mV,  290604uA (bypass closing), P    -67mbar
1593921803:[PRESS ,0038]P    -67mbar,T+31617mdegC
1593921807:[PRESS ,0038]P    -67mbar,T +4038mdegC
1593921812:[PRESS ,0038]P    -77mbar,T+31617mdegC
1593921817:[PRESS ,0038]P    -87mbar,T +4038mdegC
1593921819:[PRESS ,0038]P    -77mbar,T+31617mdegC
1593921821:[PRESS ,0038]P    -77mbar,T +4038mdegC
1593921828:[BYPASS,0035]bypass opening 10000ms
1593921833:[BYPASS,0104]battery 15170mV,  247294uA (bypass opening), P    -87mbar
1593921848:[BYPASS,0106]battery 15148mV,  290116uA (bypass closing), P    -87mbar
1593921850:[PRESS ,0038]P    -67mbar,T+31617mdegC
1593921852:[PRESS ,0038]P    -77mbar,T +4038mdegC
1593921854:[PRESS ,0038]P    -77mbar,T+31617mdegC
1593921855:[PRESS ,0038]P    -77mbar,T +4038mdegC
1593921857:[PRESS ,0038]P    -77mbar,T+31617mdegC
1593921859:[PRESS ,0038]P    -77mbar,T +4038mdegC
1593921861:[PRESS ,0038]P    -67mbar,T+31617mdegC
1593921863:[PRESS ,0038]P    -77mbar,T +4038mdegC
1593921870:[PRESS ,0038]P    -67mbar,T-23544mdegC
1593921871:[PRESS ,0038]P    -77mbar,T +4038mdegC
1593921875:[BYPASS,0035]bypass opening 10000ms
1593921880:[BYPASS,0104]battery 15172mV,  246196uA (bypass opening), P    -77mbar
1593921895:[BYPASS,0106]battery 15152mV,  289750uA (bypass closing), P    -77mbar
1593921899:[PRESS ,0038]P    -27mbar,T+31617mdegC
1593921902:[PRESS ,0038]P     -7mbar,T -6340mdegC
1593921904:[PRESS ,0038]P     +3mbar,T-23544mdegC
1593921906:[PRESS ,0038]P    +13mbar,T +4038mdegC
1593921908:[PRESS ,0038]P    +23mbar,T+31617mdegC
1593921910:[PRESS ,0038]P    +23mbar,T +4038mdegC
1593921920:[PRESS ,0038]P    +83mbar,T +4038mdegC
1593921922:[PRESS ,0038]P    +73mbar,T-23544mdegC
1593921925:[PRESS ,0038]P    +83mbar,T +4038mdegC
1593921936:[PRESS ,0038]P   +153mbar,T +4038mdegC
1593921944:[PRESS ,0038]P   +193mbar,T+14411mdegC
1593921947:[PRESS ,0038]P   +213mbar,T +4038mdegC
1593921955:[PRESS ,0038]P   +263mbar,T+31617mdegC
1593921958:[PRESS ,0038]P   +273mbar,T +4038mdegC
1593921961:[PRESS ,0038]P   +293mbar,T+31617mdegC
1593921964:[PRESS ,0038]P   +303mbar,T +4038mdegC
1593921972:[PRESS ,0038]P   +363mbar,T+31617mdegC
1593921975:[PRESS ,0038]P   +363mbar,T +4038mdegC
1593921978:[PRESS ,0038]P   +373mbar,T-23544mdegC
1593921981:[PRESS ,0038]P   +393mbar,T +4038mdegC
1593921992:[PRESS ,0038]P   +453mbar,T +4038mdegC
1593921994:[PRESS ,0038]P   +463mbar,T+31617mdegC
1593922000:[PRESS ,0038]P   +493mbar,T +4038mdegC
1593922005:[DIVING,0028]523mbar reached (+5mbar/s), 11 bypass done
1593922005:[MAIN  ,0056]stage[0]
1593922007:[MAIN  ,0024]internal pressure 83816Pa
1593922008:[PRESS ,0038]P   +543mbar,T-23544mdegC
1593922008:[BUOY  ,0037]P   +543mbar
1593922008:[STAGE ,0080]Stage [0] 5000mbar (+/-500mbar) 1800s (<1593923805s) 
1593922010:[PRESS ,0038]P   +543mbar,T +4038mdegC
1593922071:[PRESS ,0038]P   +883mbar,T +4038mdegC
1593922073:[PRESS ,0038]P   +893mbar,T+31617mdegC
1593922076:[PRESS ,0038]P   +893mbar,T +4038mdegC
1593922078:[PRESS ,0038]P   +913mbar,T+31617mdegC
1593922083:[PRESS ,0038]P   +933mbar,T +4038mdegC
1593922085:[PRESS ,0038]P   +933mbar,T+31617mdegC
1593922087:[PRESS ,0038]P   +953mbar,T +4038mdegC
1593922094:[PRESS ,0038]P   +973mbar,T -6340mdegC
1593922096:[PRESS ,0038]P   +993mbar,T+31617mdegC
1593922156:[PRESS ,0038]P  +1273mbar,T +4038mdegC
1593922164:[PRESS ,0038]P  +1303mbar,T+31617mdegC
1593922165:[PRESS ,0038]P  +1313mbar,T +4038mdegC
1593922167:[PRESS ,0038]P  +1323mbar,T+31617mdegC
1593922169:[PRESS ,0038]P  +1333mbar,T +4038mdegC
1593922173:[PRESS ,0038]P  +1353mbar,T+31617mdegC
1593922174:[PRESS ,0038]P  +1353mbar,T +4038mdegC
1593922178:[PRESS ,0038]P  +1373mbar,T+31617mdegC
1593922181:[PRESS ,0038]P  +1393mbar,T +4038mdegC
1593922242:[PRESS ,0038]P  +1653mbar,T+31617mdegC
1593922244:[PRESS ,0038]P  +1673mbar,T +4038mdegC
1593922246:[PRESS ,0038]P  +1673mbar,T+31617mdegC
1593922248:[PRESS ,0038]P  +1703mbar,T +4038mdegC
1593922249:[PRESS ,0038]P  +1703mbar,T+31617mdegC
1593922253:[PRESS ,0038]P  +1703mbar,T -6340mdegC
1593922255:[PRESS ,0038]P  +1723mbar,T+31617mdegC
1593922260:[PRESS ,0038]P  +1733mbar,T -6340mdegC
1593922262:[PRESS ,0038]P  +1733mbar,T+31617mdegC
1593922265:[PRESS ,0038]P  +1733mbar,T +4038mdegC
1593922267:[PRESS ,0038]P  +1733mbar,T+31617mdegC
1593922342:[PRESS ,0038]P  +1733mbar,T-23544mdegC
1593922344:[PRESS ,0038]P  +1733mbar,T -6340mdegC
1593922346:[PRESS ,0038]P  +1743mbar,T +4038mdegC
1593922348:[PRESS ,0038]P  +1743mbar,T+31617mdegC
1593922349:[PRESS ,0038]P  +1753mbar,T +4038mdegC
1593922353:<WARN>[BUOY  ,0094]stage[0] should DESCENT, stuck at 1733mbar for the #1 time
1593922353:[BUOY  ,0087]from +0mbar/s to +4mbar/s
1593922353:[BUOY  ,0090]need to transfer -26mL (valve during 8085ms)
1593922353:[VALVE ,0034]valve opening 8085ms
1593922361:[VALVE ,0234]battery 15178mV,  503860uA, P  +1733mbar
1593922414:[PRESS ,0038]P  +1813mbar,T +4038mdegC
1593922416:[PRESS ,0038]P  +1813mbar,T+31617mdegC
1593922419:[PRESS ,0038]P  +1813mbar,T +4038mdegC
1593922421:[PRESS ,0038]P  +1833mbar,T+31617mdegC
1593922423:[PRESS ,0038]P  +1833mbar,T +4038mdegC
1593922425:[PRESS ,0038]P  +1823mbar,T+31617mdegC
1593922426:[PRESS ,0038]P  +1833mbar,T +4038mdegC
1593922428:[PRESS ,0038]P  +1833mbar,T+31617mdegC
1593922432:[PRESS ,0038]P  +1843mbar,T +4038mdegC
1593922435:[PRESS ,0038]P  +1843mbar,T+31617mdegC
1593922437:[PRESS ,0038]P  +1843mbar,T +4038mdegC
1593922439:[BUOY  ,0087]from +1mbar/s to +4mbar/s
1593922439:[BUOY  ,0090]need to transfer -24mL (valve during 7116ms)
1593922439:[VALVE ,0034]valve opening 7116ms
1593922446:[VALVE ,0234]battery 15173mV,  499956uA, P  +1853mbar
1593922500:[PRESS ,0038]P  +2013mbar,T +4038mdegC
1593922502:[PRESS ,0038]P  +2013mbar,T+31617mdegC
1593922503:[PRESS ,0038]P  +2013mbar,T +4038mdegC
1593922505:[PRESS ,0038]P  +2023mbar,T+31617mdegC
1593922507:[PRESS ,0038]P  +2023mbar,T +4038mdegC
1593922509:[PRESS ,0038]P  +2033mbar,T+31617mdegC
1593922516:[PRESS ,0038]P  +2043mbar,T +4038mdegC
1593922520:[PRESS ,0038]P  +2063mbar,T -6340mdegC
1593922523:[PRESS ,0038]P  +2063mbar,T+31617mdegC
1593922525:[PRESS ,0038]P  +2073mbar,T +4038mdegC
1593922525:[BUOY  ,0087]from +2mbar/s to +4mbar/s
1593922525:[BUOY  ,0090]need to transfer -20mL (valve during 5667ms)
1593922525:[VALVE ,0034]valve opening 5667ms
1593922531:[VALVE ,0234]battery 15171mV,  498858uA, P  +2073mbar
1593922586:[PRESS ,0038]P  +2333mbar,T +4038mdegC
1593922588:[PRESS ,0038]P  +2343mbar,T+31617mdegC
1593922589:[PRESS ,0038]P  +2343mbar,T +4038mdegC
1593922593:[PRESS ,0038]P  +2373mbar,T+31617mdegC
1593922597:[PRESS ,0038]P  +2383mbar,T +4038mdegC
1593922598:[PRESS ,0038]P  +2393mbar,T+31617mdegC
1593922602:[PRESS ,0038]P  +2403mbar,T +4038mdegC
1593922611:[PRESS ,0038]P  +2433mbar,T -6340mdegC
1593922671:[PRESS ,0038]P  +2653mbar,T+31617mdegC
1593922675:[PRESS ,0038]P  +2663mbar,T +4038mdegC
1593922679:[PRESS ,0038]P  +2683mbar,T -6340mdegC
1593922680:[PRESS ,0038]P  +2703mbar,T+31617mdegC
1593922686:[PRESS ,0038]P  +2713mbar,T +4038mdegC
1593922691:[PRESS ,0038]P  +2743mbar,T+31617mdegC
1593922757:[PRESS ,0038]P  +3003mbar,T +4038mdegC
1593922759:[PRESS ,0038]P  +3003mbar,T+31617mdegC
1593922761:[PRESS ,0038]P  +3013mbar,T +4038mdegC
1593922762:[PRESS ,0038]P  +3023mbar,T+31617mdegC
1593922766:[PRESS ,0038]P  +3033mbar,T +4038mdegC
1593922768:[PRESS ,0038]P  +3043mbar,T+31617mdegC
1593922773:[PRESS ,0038]P  +3063mbar,T +4038mdegC
1593922777:[PRESS ,0038]P  +3083mbar,T+31617mdegC
1593922779:[PRESS ,0038]P  +3093mbar,T -6340mdegC
1593922781:[PRESS ,0038]P  +3103mbar,T+31617mdegC
1593922843:[PRESS ,0038]P  +3403mbar,T +4038mdegC
1593922851:[PRESS ,0038]P  +3433mbar,T+31617mdegC
1593922853:[PRESS ,0038]P  +3463mbar,T +4038mdegC
1593922855:[PRESS ,0038]P  +3463mbar,T+31617mdegC
1593922859:[PRESS ,0038]P  +3483mbar,T +4038mdegC
1593922860:[PRESS ,0038]P  +3493mbar,T+31617mdegC
1593922862:[PRESS ,0038]P  +3503mbar,T +4038mdegC
1593922864:[PRESS ,0038]P  +3503mbar,T+31617mdegC
1593922869:[PRESS ,0038]P  +3533mbar,T -6340mdegC
1593922869:[BUOY  ,0087]from +5mbar/s to +2mbar/s
1593922869:[BUOY  ,0089]need to transfer +34mL (pump during 40924ms)
1593922878:[PUMP  ,0207]battery 15440mV,   18666uA (warmup), P  +3533mbar
1593922878:[PUMP  ,0016]pump during 40924ms
1593922918:[PUMP  ,0212]battery 15270mV,  316224uA (steady state), P  +3533mbar
1593922933:[PRESS ,0038]P  +3773mbar,T -6340mdegC
1593922935:[PRESS ,0038]P  +3773mbar,T +4038mdegC
1593922941:[PRESS ,0038]P  +3783mbar,T+31617mdegC
1593922942:[PRESS ,0038]P  +3793mbar,T +4038mdegC
1593922946:[PRESS ,0038]P  +3793mbar,T+31617mdegC
1593922948:[PRESS ,0038]P  +3793mbar,T +4038mdegC
1593922950:[PRESS ,0038]P  +3803mbar,T+31617mdegC
1593922951:[PRESS ,0038]P  +3813mbar,T +4038mdegC
1593922955:[PRESS ,0038]P  +3813mbar,T-23544mdegC
1593922957:[PRESS ,0038]P  +3813mbar,T+31617mdegC
1593922959:[PRESS ,0038]P  +3813mbar,T +4038mdegC
1593923019:[PRESS ,0038]P  +3963mbar,T +4038mdegC
1593923023:[PRESS ,0038]P  +3963mbar,T+31617mdegC
1593923025:[PRESS ,0038]P  +3973mbar,T +4038mdegC
1593923026:[PRESS ,0038]P  +3993mbar,T+31617mdegC
1593923030:[PRESS ,0038]P  +4003mbar,T +4038mdegC
1593923034:[PRESS ,0038]P  +4013mbar,T+31617mdegC
1593923037:[PRESS ,0038]P  +4013mbar,T +4038mdegC
1593923039:[PRESS ,0038]P  +4023mbar,T+31617mdegC
1593923042:[PRESS ,0038]P  +4033mbar,T +4038mdegC
1593923105:[PRESS ,0038]P  +4193mbar,T+31617mdegC
1593923109:[PRESS ,0038]P  +4193mbar,T +4038mdegC
1593923110:[PRESS ,0038]P  +4203mbar,T+31617mdegC
1593923117:[PRESS ,0038]P  +4213mbar,T +4038mdegC
1593923126:[PRESS ,0038]P  +4233mbar,T+31617mdegC
1593923130:[PRESS ,0038]P  +4253mbar,T +4038mdegC
1593923191:[PRESS ,0038]P  +4393mbar,T -6340mdegC
1593923192:[PRESS ,0038]P  +4393mbar,T+31617mdegC
1593923196:[PRESS ,0038]P  +4403mbar,T-23544mdegC
1593923198:[PRESS ,0038]P  +4413mbar,T +4038mdegC
1593923200:[PRESS ,0038]P  +4403mbar,T+31617mdegC
1593923205:[PRESS ,0038]P  +4423mbar,T +4038mdegC
1593923210:[PRESS ,0038]P  +4433mbar,T+31617mdegC
1593923212:[PRESS ,0038]P  +4433mbar,T +4038mdegC
1593923216:[PRESS ,0038]P  +4433mbar,T+31617mdegC
1593923276:[PRESS ,0038]P  +4553mbar,T +4038mdegC
1593923278:[PRESS ,0038]P  +4553mbar,T+31617mdegC
1593923296:[PRESS ,0038]P  +4583mbar,T +4038mdegC
1593923301:[STAGE ,0213]4593mbar reached at 1593923301s, ref 5000mbar +/-500mbar
1593923362:[PRESS ,0038]P  +4703mbar,T+31617mdegC
1593923423:[PRESS ,0038]P  +4773mbar,T -6340mdegC
1593923483:[PRESS ,0038]P  +4883mbar,T+31617mdegC
1593923544:[PRESS ,0038]P  +4983mbar,T +4038mdegC
1593923605:[PRESS ,0038]P  +5083mbar,T+31617mdegC
1593923605:[BUOY  ,0087]from +2mbar/s to +0mbar/s
1593923605:[BUOY  ,0089]need to transfer +6mL (pump during 7217ms)
1593923613:[PUMP  ,0207]battery 15467mV,   18544uA (warmup), P  +5083mbar
1593923613:[PUMP  ,0016]pump during 7217ms
1593923620:[PUMP  ,0212]battery 15290mV,  333914uA (steady state), P  +5083mbar
1593923669:[PRESS ,0038]P  +5183mbar,T+31617mdegC
1593923672:[PRESS ,0038]P  +5193mbar,T +4038mdegC
1593923676:[PRESS ,0038]P  +5183mbar,T+31617mdegC
1593923678:[PRESS ,0038]P  +5193mbar,T +4038mdegC
1593923679:[PRESS ,0038]P  +5203mbar,T+31617mdegC
1593923683:[PRESS ,0038]P  +5203mbar,T +4038mdegC
1593923685:[PRESS ,0038]P  +5213mbar,T+31617mdegC
1593923690:[PRESS ,0038]P  +5223mbar,T +4038mdegC
1593923694:[BUOY  ,0087]from +2mbar/s to +0mbar/s
1593923694:[BUOY  ,0089]need to transfer +6mL (pump during 7217ms)
1593923702:[PUMP  ,0207]battery 15460mV,   18422uA (warmup), P  +5223mbar
1593923702:[PUMP  ,0016]pump during 7217ms
1593923709:[PUMP  ,0212]battery 15286mV,  327082uA (steady state), P  +5223mbar
1593923758:[PRESS ,0038]P  +5293mbar,T+31617mdegC
1593923761:[PRESS ,0038]P  +5293mbar,T +4038mdegC
1593923765:[PRESS ,0038]P  +5293mbar,T+31617mdegC
1593923767:[PRESS ,0038]P  +5293mbar,T +4038mdegC
1593923770:[PRESS ,0038]P  +5303mbar,T -6340mdegC
1593923772:[PRESS ,0038]P  +5303mbar,T-23544mdegC
1593923774:[PRESS ,0038]P  +5303mbar,T+31617mdegC
1593923776:[PRESS ,0038]P  +5293mbar,T +4038mdegC
1593923843:[MAIN  ,0140]stage[0] complete 1838s after mission start
1593923843:[MAIN  ,0056]stage[1]
1593923846:[MAIN  ,0024]internal pressure 82921Pa
1593923846:[BUOY  ,0037]P  +5313mbar
1593923846:[STAGE ,0080]Stage [1] 5000mbar (+/-500mbar) 1800s (<1593925605s) 
1593923848:[STAGE ,0213]5323mbar reached at 1593923848s, ref 5000mbar +/-500mbar
1593923909:[PRESS ,0038]P  +5363mbar,T+31617mdegC
1593923970:[PRESS ,0038]P  +5393mbar,T +4038mdegC
1593924030:[PRESS ,0038]P  +5383mbar,T+31617mdegC
1593924152:[PRESS ,0038]P  +5363mbar,T +4038mdegC
1593924212:[PRESS ,0038]P  +5373mbar,T+31617mdegC
1593924273:[PRESS ,0038]P  +5393mbar,T +4038mdegC
1593924334:[PRESS ,0038]P  +5433mbar,T+31617mdegC
1593924394:[PRESS ,0038]P  +5493mbar,T+31617mdegC
1593924455:<WARN>[BUOY  ,0094]stage[1] should ASCENT, stuck at 5533mbar for the #1 time
1593924455:[BUOY  ,0087]from +0mbar/s to -2mbar/s
1593924455:[BUOY  ,0089]need to transfer +6mL (pump during 7180ms)
1593924463:[PUMP  ,0207]battery 15492mV,   18544uA (warmup), P  +5533mbar
1593924463:[PUMP  ,0016]pump during 7180ms
1593924470:[PUMP  ,0212]battery 15315mV,  330742uA (steady state), P  +5533mbar
1593924523:[PRESS ,0038]P  +5463mbar,T +4038mdegC
1593924526:[PRESS ,0038]P  +5463mbar,T+31617mdegC
1593924528:[PRESS ,0038]P  +5473mbar,T-23544mdegC
1593924530:[PRESS ,0038]P  +5463mbar,T +4038mdegC
1593924533:[PRESS ,0038]P  +5453mbar,T+31617mdegC
1593924535:[PRESS ,0038]P  +5463mbar,T +4038mdegC
1593924544:[PRESS ,0038]P  +5453mbar,T-23544mdegC
1593924605:[PRESS ,0038]P  +5403mbar,T+31617mdegC
1593924665:[PRESS ,0038]P  +5353mbar,T +4038mdegC
1593924726:[PRESS ,0038]P  +5323mbar,T+31617mdegC
1593924787:[PRESS ,0038]P  +5273mbar,T +4038mdegC
1593924908:[PRESS ,0038]P  +5223mbar,T+31617mdegC
1593925151:[PRESS ,0038]P  +5203mbar,T +4038mdegC
1593925272:[PRESS ,0038]P  +5243mbar,T+31617mdegC
1593925393:[PRESS ,0038]P  +5323mbar,T +4038mdegC
1593925454:[PRESS ,0038]P  +5323mbar,T+31617mdegC
1593925515:[PRESS ,0038]P  +5353mbar,T +4038mdegC
1593925636:[PRESS ,0038]P  +5423mbar,T +4038mdegC
1593925636:[MAIN  ,0140]stage[1] complete 3631s after mission start
1593925636:[MRMAID,0188]acq already stopped
1593925697:[MSSION,0192]mission stopped, 2 stage(s) done
1593925697:[MAIN  ,0065]surfacing
1593925698:[PRESS ,0038]P  +5493mbar,T+31617mdegC
1593925698:[SURFIN,0036]P  +5493mbar
1593925707:[PUMP  ,0207]battery 15510mV,   18544uA (warmup), P  +5493mbar
1593925707:[PUMP  ,0016]pump during 60000ms
1593925766:[PUMP  ,0212]battery 15328mV,  331718uA (steady state), P  +5493mbar
1593925823:[PRESS ,0038]P  +5183mbar,T +4038mdegC
1593925829:[PRESS ,0038]P  +5163mbar,T+31617mdegC
1593925830:[PRESS ,0038]P  +5153mbar,T +4038mdegC
1593925832:[PRESS ,0038]P  +5133mbar,T+31617mdegC
1593925834:[PRESS ,0038]P  +5133mbar,T +4038mdegC
1593925836:[PRESS ,0038]P  +5123mbar,T+31617mdegC
1593925838:[PRESS ,0038]P  +5103mbar,T +4038mdegC
1593925843:[PRESS ,0038]P  +5073mbar,T+31617mdegC
1593925845:[PRESS ,0038]P  +5063mbar,T +4038mdegC
1593925847:[PRESS ,0038]P  +5063mbar,T-23544mdegC
1593925848:[PRESS ,0038]P  +5053mbar,T+31617mdegC
1593925857:[PUMP  ,0207]battery 15421mV,   18544uA (warmup), P  +5053mbar
1593925857:[PUMP  ,0016]pump during 60000ms
1593925916:[PUMP  ,0212]battery 15245mV,  325496uA (steady state), P  +5053mbar
1593925973:[PRESS ,0038]P  +4383mbar,T +4038mdegC
1593925977:[PRESS ,0038]P  +4343mbar,T+31617mdegC
1593925980:[PRESS ,0038]P  +4333mbar,T +4038mdegC
1593925984:[PRESS ,0038]P  +4323mbar,T+31617mdegC
1593925986:[PRESS ,0038]P  +4303mbar,T +4038mdegC
1593925989:[PRESS ,0038]P  +4293mbar,T-23544mdegC
1593925991:[PRESS ,0038]P  +4273mbar,T +4038mdegC
1593926006:[PUMP  ,0207]battery 15358mV,   18544uA (warmup), P  +4253mbar
1593926006:[PUMP  ,0016]pump during 60000ms
1593926065:[PUMP  ,0212]battery 15186mV,  316712uA (steady state), P  +4253mbar
1593926123:[PRESS ,0038]P  +3583mbar,T+31617mdegC
1593926125:[PRESS ,0038]P  +3563mbar,T +4038mdegC
1593926127:[PRESS ,0038]P  +3553mbar,T+31617mdegC
1593926129:[PRESS ,0038]P  +3553mbar,T +4038mdegC
1593926132:[PRESS ,0038]P  +3523mbar,T+31617mdegC
1593926134:[PRESS ,0038]P  +3513mbar,T +4038mdegC
1593926145:[PRESS ,0038]P  +3443mbar,T +4038mdegC
1593926146:[PRESS ,0038]P  +3433mbar,T-23544mdegC
1593926148:[PRESS ,0038]P  +3423mbar,T +4038mdegC
1593926156:[PUMP  ,0207]battery 15315mV,   18544uA (warmup), P  +3423mbar
1593926156:[PUMP  ,0016]pump during 60000ms
1593926215:[PUMP  ,0212]battery 15142mV,  321348uA (steady state), P  +3423mbar
1593926273:[PRESS ,0038]P  +2483mbar,T +4038mdegC
1593926275:[PRESS ,0038]P  +2473mbar,T+31617mdegC
1593926277:[PRESS ,0038]P  +2443mbar,T +4038mdegC
1593926278:[PRESS ,0038]P  +2443mbar,T+31617mdegC
1593926280:[PRESS ,0038]P  +2423mbar,T +4038mdegC
1593926282:[PRESS ,0038]P  +2413mbar,T+31617mdegC
1593926284:[PRESS ,0038]P  +2413mbar,T +4038mdegC
1593926289:[PRESS ,0038]P  +2353mbar,T +4038mdegC
1593926293:[PRESS ,0038]P  +2333mbar,T-23544mdegC
1593926295:[PRESS ,0038]P  +2323mbar,T +4038mdegC
1593926296:[PRESS ,0038]P  +2303mbar,T-23544mdegC
1593926298:[PRESS ,0038]P  +2283mbar,T +4038mdegC
1593926420:[PRESS ,0038]P  +1613mbar,T +4038mdegC
1593926428:[PUMP  ,0207]battery 15335mV,   18666uA (warmup), P  +1613mbar
1593926428:[PUMP  ,0016]pump during 60000ms
1593926487:[PUMP  ,0212]battery 15165mV,  311100uA (steady state), P  +1613mbar
1593926545:[PRESS ,0038]P  +1053mbar,T+31617mdegC
1593926546:[PRESS ,0038]P  +1043mbar,T +4038mdegC
1593926550:[PRESS ,0038]P  +1013mbar,T+31617mdegC
1593926552:[PRESS ,0038]P  +1003mbar,T +4038mdegC
1593926554:[PRESS ,0038]P   +983mbar,T+31617mdegC
1593926555:[PRESS ,0038]P   +963mbar,T +4038mdegC
1593926559:[PRESS ,0038]P   +953mbar,T+31617mdegC
1593926561:[PRESS ,0038]P   +943mbar,T +4038mdegC
1593926566:[PRESS ,0038]P   +903mbar,T-23544mdegC
1593926568:[PRESS ,0038]P   +893mbar,T+31617mdegC
1593926578:[PUMP  ,0207]battery 15297mV,   18666uA (warmup), P   +873mbar
1593926578:[PUMP  ,0016]pump during 60000ms
1593926637:[PUMP  ,0212]battery 15127mV,  312564uA (steady state), P   +873mbar
1593926695:[PRESS ,0038]P    -67mbar,T +4038mdegC
1593926700:[PRESS ,0038]P   -107mbar,T+31617mdegC
1593926703:[PRESS ,0038]P   -107mbar,T +4038mdegC
1593926705:[PRESS ,0038]P    -97mbar,T-23544mdegC
1593926709:[PRESS ,0038]P    -97mbar,T +4038mdegC
1593926711:[PRESS ,0038]P    -87mbar,T-23544mdegC
1593926712:[PRESS ,0038]P    -77mbar,T +4038mdegC
1593926716:[PRESS ,0038]P    -97mbar,T+31617mdegC
1593926718:[PRESS ,0038]P   -107mbar,T +4038mdegC
1593926723:[SURFIN,0020]filling external bladder
1593926731:[PUMP  ,0207]battery 15277mV,   18666uA (warmup), P    -97mbar
1593926731:[PUMP  ,0016]pump during 300000ms
1593927030:[PUMP  ,0212]battery 14863mV, 1000278uA (steady state), P    -97mbar
1593927041:[PUMP  ,0207]battery 14772mV,   18910uA (warmup), P    -97mbar
1593927041:[PUMP  ,0016]pump during 300000ms
1593927174:[PUMP  ,0212]battery 14446mV,  939156uA (steady state), P    -97mbar
1593927176:[SURFIN,0019]external bladder full
1593927178:[PRESS ,0038]P    +10mbar,T +4038mdegC
1593927181:[PRESS ,0038]P    +10mbar,T-23544mdegC
1593927187:[PRESS ,0038]P    +10mbar,T+31617mdegC
1593927192:[PRESS ,0038]P    +30mbar,T +4038mdegC
1593927194:[PRESS ,0038]P    +20mbar,T-23544mdegC
1593927195:[PRESS ,0038]P    +20mbar,T +4038mdegC
1593927197:[PRESS ,0038]P    +20mbar,T+31617mdegC
1593927199:[PRESS ,0038]P    +10mbar,T +4038mdegC
1593927203:[PRESS ,0038]P    +30mbar,T-23544mdegC
1593927238:[MAIN  ,0272]Vbat 14983mV (min 14920mV)
1593927240:[MAIN  ,0024]internal pressure 79988Pa
1593927240:[MAIN  ,0043]Pext 18mbar (rng 20mbar)
1593927240:[MAIN  ,0064]surface
1593927251:[SURF  ,0022]GPS fix...
1593927271:[SURF  ,0015]10 PPS detected...
1593927272:[MRMAID,0052]Mermaid $GPSACK:+0,+0,+0,+0,+0,+0,-915;
1593927282:[MRMAID,0052]Mermaid $GPSOFF:3686322;
1593927282:[GPSFIX,0179]-1s diff
1593927283:[SURF  ,0222]2020-07-05T05:34:43
1593927283:[SURF  ,0082]Latitude : N43deg40.938mn, Longitude :E007deg19.178mn
1593927283:[SURF  ,0223]fix3D,8satellites
1593927283:[SURF  ,0084]GPS fix GPGSA : hdop0.930,vdop1.470
1593927293:[SURF  ,0274]last almanac : 68532
1593927306:[MRMAID,0026]1567 bytes in 0063/5F016682.MER
1593927312:[MAIN  ,0320]New pressure offset: 18mbar
1593927312:[LOGBIN,0078]*** switching to 0063/5F016690 ***
