1593879897:[MAIN  ,0007]buoy 452.120-R-0063
1593879897:[MAIN  ,0055]soft pilotage 452.012.300_V2.20-20200612
1593879897:[MAIN  ,0010]cycle 4
1593879897:[SURF  ,0225]surface2
1593879917:[SURF  ,0022]GPS fix...
1593879938:[SURF  ,0015]10 PPS detected...
1593879939:[MRMAID,0052]Mermaid $GPSACK:+0,+0,+0,+0,+0,+0,-30;
1593879949:[MRMAID,0052]Mermaid $GPSOFF:3686321;
1593879950:[GPSFIX,0179]-1s diff
1593879951:[SURF  ,0222]2020-07-04T16:25:51
1593879951:[SURF  ,0082]Latitude : N43deg40.940mn, Longitude :E007deg19.179mn
1593879951:[SURF  ,0223]fix3D,10satellites
1593879951:[SURF  ,0084]GPS fix GPGSA : hdop0.720,vdop0.980
1593879961:[SURF  ,0025]Iridium...
1593880005:[SURF  ,0009]connected in 44s, signal quality 3
1593880072:[SURF  ,0218]prompt received, remote cmd end
1593880072:[SURF  ,0012]16 cmd(s) received
1593880096:[UPLOAD,0248]Upload data files...
1593880136:[UPLOAD,0231]"0063/5F00AD4C.MER" uploaded at 66bytes/s
1593880406:[UPLOAD,0231]"0063/5F0093B7.BIN" uploaded at 52bytes/s
1593880422:[MAIN  ,0013]2 file(s) uploaded
1593880456:[SURF  ,0014]disconnected after 495s
1593880461:[SURFIN,0020]filling external bladder
1593880469:[PUMP  ,0207]battery 15147mV,   18422uA (warmup), P    +20mbar
1593880469:[PUMP  ,0016]pump during 300000ms
1593880478:[PUMP  ,0212]battery 14738mV,  965874uA (steady state), P    +20mbar
1593880480:[SURFIN,0019]external bladder full
1593880480:[SURF  ,0227]1st complete transfer
1593880494:[SURF  ,0022]GPS fix...
1593880515:[SURF  ,0015]10 PPS detected...
1593880516:[MRMAID,0052]Mermaid $GPSACK:+0,+0,+0,+0,+0,+0,-30;
1593880526:[MRMAID,0052]Mermaid $GPSOFF:3686321;
1593880528:[GPSFIX,0179]+0s diff
1593880528:[SURF  ,0222]2020-07-04T16:35:28
1593880528:[SURF  ,0082]Latitude : N43deg40.940mn, Longitude :E007deg19.180mn
1593880528:[SURF  ,0223]fix3D,10satellites
1593880528:[SURF  ,0084]GPS fix GPGSA : hdop0.630,vdop0.800
1593880545:[MAIN  ,0024]internal pressure 80561Pa
1593880546:[BYCMD ,0107]    FreeRTOS V8.2.3
1593880546:[BYCMD ,0108]    FatFS v11a
1593880546:[BYCMD ,0120]    bypass 10000ms 60000ms (20000ms 60000ms stored)
1593880546:[BYCMD ,0121]    valve 60000ms 12750 (60000ms 12750 stored)
1593880546:[BYCMD ,0122]    pump 60000ms 30% 10750 80% (60000ms 30% 10750 80% stored)
1593880546:[BYCMD ,0123]    rate 2mbar/s (2mbar/s stored)
1593880546:[BYCMD ,0124]    surface 500mbar (500mbar stored)
1593880546:[BYCMD ,0125]    near 1500mbar 3mbar/s (15000mbar 3mbar/s stored)
1593880546:[BYCMD ,0126]    far 2500mbar 4mbar/s (25000mbar 4mbar/s stored)
1593880546:[BYCMD ,0127]    ascent 8mbar/s (8mbar/s stored)
1593880546:[BYCMD ,0128]    dead 60s (300s stored)
1593880546:[BYCMD ,0129]    coeff 16/10 (16/10 stored)
1593880546:[BYCMD ,0130]    stab 10 (10 stored)
1593880546:[BYCMD ,0131]    delay 900s 3600s (900s 3600s stored)
1593880546:[BYCMD ,0132]    mmtime 2880min (2880min stored)
1593880546:[BYCMD ,0133]    dv_landing 100ml (100ml stored)
1593880546:[MKDCMD,0150]    p2t37: 15x2000ms, offset 20mbar
1593880546:[P2TCMD,0151]    p2t37: dp 50mbar, dt 5000mdegC
1593880547:[STAGE ,0080]Stage [0] 5000mbar (+/-500mbar) 1800s (<1800s) 
1593880547:[STAGE ,0080]Stage [1] 5000mbar (+/-500mbar) 1800s (<3600s) 
1593880547:[MAIN  ,0070]turn off bluetooth
1593880549:[PRESS ,0038]P    -10mbar,T+31617mdegC
1593880551:[PRESS ,0038]P     +0mbar,T-23544mdegC
1593880553:[PRESS ,0038]P     +0mbar,T +4038mdegC
1593880557:[PRESS ,0038]P     +0mbar,T+31617mdegC
1593880558:[PRESS ,0038]P    -10mbar,T +4038mdegC
1593880560:[PRESS ,0038]P    -10mbar,T+31617mdegC
1593880562:[PRESS ,0038]P    -10mbar,T-23544mdegC
1593880564:[PRESS ,0038]P    -10mbar,T +4038mdegC
1593880574:[DIVING,0141]diving from -10mbar, +0mbar/s
1593880574:[BYPASS,0035]bypass opening 60000ms
1593880580:[BYPASS,0104]battery 15048mV,  248026uA (bypass opening), P    -10mbar
1593880644:[BYPASS,0106]battery 15066mV,  294996uA (bypass closing), P    -10mbar
1593880646:[PRESS ,0038]P   -110mbar,T +4038mdegC
1593880648:[PRESS ,0038]P   -110mbar,T+31617mdegC
1593880650:[PRESS ,0038]P   -110mbar,T +4038mdegC
1593880653:[PRESS ,0038]P   -110mbar,T+31617mdegC
1593880655:[PRESS ,0038]P   -110mbar,T-23544mdegC
1593880657:[PRESS ,0038]P   -110mbar,T +4038mdegC
1593880659:[PRESS ,0038]P   -110mbar,T+31617mdegC
1593880661:[PRESS ,0038]P   -100mbar,T +4038mdegC
1593880664:[PRESS ,0038]P   -110mbar,T-23544mdegC
1593880666:[PRESS ,0038]P   -100mbar,T +4038mdegC
1593880670:[PRESS ,0038]P   -100mbar,T -6340mdegC
1593880671:[PRESS ,0038]P   -100mbar,T +4038mdegC
1593880672:[BYPASS,0035]bypass opening 10000ms
1593880677:[BYPASS,0104]battery 15097mV,  247294uA (bypass opening), P   -100mbar
1593880692:[BYPASS,0106]battery 15077mV,  293776uA (bypass closing), P   -100mbar
1593880693:[PRESS ,0038]P   -110mbar,T-23544mdegC
1593880695:[PRESS ,0038]P   -110mbar,T +4038mdegC
1593880701:[PRESS ,0038]P   -110mbar,T+31617mdegC
1593880702:[PRESS ,0038]P   -110mbar,T +4038mdegC
1593880704:[PRESS ,0038]P   -110mbar,T-23544mdegC
1593880706:[PRESS ,0038]P   -110mbar,T +4038mdegC
1593880708:[PRESS ,0038]P   -120mbar,T-23544mdegC
1593880710:[PRESS ,0038]P   -100mbar,T +4038mdegC
1593880718:[BYPASS,0035]bypass opening 10000ms
1593880724:[BYPASS,0104]battery 15108mV,  246440uA (bypass opening), P   -110mbar
1593880739:[BYPASS,0106]battery 15088mV,  293044uA (bypass closing), P   -110mbar
1593880742:[PRESS ,0038]P   -120mbar,T+31617mdegC
1593880744:[PRESS ,0038]P   -120mbar,T +4038mdegC
1593880748:[PRESS ,0038]P   -120mbar,T+31617mdegC
1593880749:[PRESS ,0038]P   -120mbar,T-23544mdegC
1593880751:[PRESS ,0038]P   -120mbar,T +4038mdegC
1593880753:[PRESS ,0038]P   -120mbar,T-23544mdegC
1593880755:[PRESS ,0038]P   -120mbar,T +4038mdegC
1593880764:[PRESS ,0038]P   -110mbar,T+31617mdegC
1593880765:[PRESS ,0038]P   -110mbar,T +4038mdegC
1593880765:[BYPASS,0035]bypass opening 10000ms
1593880771:[BYPASS,0104]battery 15117mV,  246196uA (bypass opening), P   -110mbar
1593880786:[BYPASS,0106]battery 15097mV,  292312uA (bypass closing), P   -110mbar
1593880789:[PRESS ,0038]P   -100mbar,T+31617mdegC
1593880791:[PRESS ,0038]P   -110mbar,T +4038mdegC
1593880802:[PRESS ,0038]P   -120mbar,T+31617mdegC
1593880805:[PRESS ,0038]P   -110mbar,T +4038mdegC
1593880807:[PRESS ,0038]P   -110mbar,T-23544mdegC
1593880809:[PRESS ,0038]P   -110mbar,T +4038mdegC
1593880812:[BYPASS,0035]bypass opening 10000ms
1593880817:[BYPASS,0104]battery 15126mV,  243878uA (bypass opening), P   -120mbar
1593880833:[BYPASS,0106]battery 15105mV,  291824uA (bypass closing), P   -120mbar
1593880836:[PRESS ,0038]P   -100mbar,T-23544mdegC
1593880838:[PRESS ,0038]P   -100mbar,T +4038mdegC
1593880841:[PRESS ,0038]P   -100mbar,T-23544mdegC
1593880843:[PRESS ,0038]P   -100mbar,T +4038mdegC
1593880845:[PRESS ,0038]P    -90mbar,T-23544mdegC
1593880847:[PRESS ,0038]P    -90mbar,T +4038mdegC
1593880849:[PRESS ,0038]P   -100mbar,T+31617mdegC
1593880850:[PRESS ,0038]P   -100mbar,T +4038mdegC
1593880852:[PRESS ,0038]P    -80mbar,T+31617mdegC
1593880856:[PRESS ,0038]P    -90mbar,T +4038mdegC
1593880859:[BYPASS,0035]bypass opening 10000ms
1593880865:[BYPASS,0104]battery 15132mV,  244488uA (bypass opening), P   -100mbar
1593880880:[BYPASS,0106]battery 15112mV,  291214uA (bypass closing), P   -100mbar
1593880881:[PRESS ,0038]P    -90mbar,T+31617mdegC
1593880883:[PRESS ,0038]P    -80mbar,T-23544mdegC
1593880885:[PRESS ,0038]P    -80mbar,T +4038mdegC
1593880890:[PRESS ,0038]P    -90mbar,T+31617mdegC
1593880892:[PRESS ,0038]P   -100mbar,T +4038mdegC
1593880896:[PRESS ,0038]P    -90mbar,T+31617mdegC
1593880898:[PRESS ,0038]P   -100mbar,T +4038mdegC
1593880905:[PRESS ,0038]P    -80mbar,T-23544mdegC
1593880906:[PRESS ,0038]P    -80mbar,T +4038mdegC
1593880906:[BYPASS,0035]bypass opening 10000ms
1593880912:[BYPASS,0104]battery 15138mV,  246806uA (bypass opening), P    -80mbar
1593880927:[BYPASS,0106]battery 15117mV,  290726uA (bypass closing), P    -80mbar
1593880935:[PRESS ,0038]P    -80mbar,T-23544mdegC
1593880937:[PRESS ,0038]P    -70mbar,T+31617mdegC
1593880939:[PRESS ,0038]P    -80mbar,T-23544mdegC
1593880941:[PRESS ,0038]P    -90mbar,T +4038mdegC
1593880953:[BYPASS,0035]bypass opening 10000ms
1593880958:[BYPASS,0104]battery 15143mV,  245830uA (bypass opening), P    -90mbar
1593880973:[BYPASS,0106]battery 15123mV,  290238uA (bypass closing), P    -90mbar
1593880979:[PRESS ,0038]P    -80mbar,T+31617mdegC
1593880981:[PRESS ,0038]P    -80mbar,T +4038mdegC
1593880982:[PRESS ,0038]P    -70mbar,T-23544mdegC
1593880984:[PRESS ,0038]P    -80mbar,T +4038mdegC
1593880989:[PRESS ,0038]P    -80mbar,T-23544mdegC
1593880991:[PRESS ,0038]P    -80mbar,T+31617mdegC
1593880993:[PRESS ,0038]P    -80mbar,T +4038mdegC
1593881000:[BYPASS,0035]bypass opening 10000ms
1593881005:[BYPASS,0104]battery 15150mV,  244244uA (bypass opening), P    -70mbar
1593881020:[BYPASS,0106]battery 15127mV,  289750uA (bypass closing), P    -70mbar
1593881022:[PRESS ,0038]P    -70mbar,T+31617mdegC
1593881026:[PRESS ,0038]P    -80mbar,T +4038mdegC
1593881040:[PRESS ,0038]P    -80mbar,T+31617mdegC
1593881042:[PRESS ,0038]P    -80mbar,T +4038mdegC
1593881045:[PRESS ,0038]P    -80mbar,T-23544mdegC
1593881047:[PRESS ,0038]P    -80mbar,T +4038mdegC
1593881047:[BYPASS,0035]bypass opening 10000ms
1593881052:[BYPASS,0104]battery 15152mV,  247416uA (bypass opening), P    -80mbar
1593881067:[BYPASS,0106]battery 15132mV,  289140uA (bypass closing), P    -80mbar
1593881080:[PRESS ,0038]P    -50mbar,T+31617mdegC
1593881081:[PRESS ,0038]P    -50mbar,T-23544mdegC
1593881083:[PRESS ,0038]P    -50mbar,T +4038mdegC
1593881089:[PRESS ,0038]P    -50mbar,T+31617mdegC
1593881090:[PRESS ,0038]P    -50mbar,T +4038mdegC
1593881092:[PRESS ,0038]P    -30mbar,T+31617mdegC
1593881094:[BYPASS,0035]bypass opening 10000ms
1593881099:[BYPASS,0104]battery 15157mV,  245708uA (bypass opening), P    -30mbar
1593881114:[BYPASS,0106]battery 15136mV,  288652uA (bypass closing), P    -30mbar
1593881116:[PRESS ,0038]P    +60mbar,T +4038mdegC
1593881118:[PRESS ,0038]P    +70mbar,T-23544mdegC
1593881121:[PRESS ,0038]P    +80mbar,T +4038mdegC
1593881123:[PRESS ,0038]P    +90mbar,T+31617mdegC
1593881125:[PRESS ,0038]P   +110mbar,T-23544mdegC
1593881127:[PRESS ,0038]P   +120mbar,T+31617mdegC
1593881130:[PRESS ,0038]P   +140mbar,T +4038mdegC
1593881136:[PRESS ,0038]P   +180mbar,T+31617mdegC
1593881137:[PRESS ,0038]P   +190mbar,T +4038mdegC
1593881141:[PRESS ,0038]P   +200mbar,T+31617mdegC
1593881144:[PRESS ,0038]P   +220mbar,T +4038mdegC
1593881152:[PRESS ,0038]P   +290mbar,T +4038mdegC
1593881155:[PRESS ,0038]P   +310mbar,T+31617mdegC
1593881158:[PRESS ,0038]P   +330mbar,T +4038mdegC
1593881166:[PRESS ,0038]P   +390mbar,T +4038mdegC
1593881172:[PRESS ,0038]P   +430mbar,T+31617mdegC
1593881174:[PRESS ,0038]P   +430mbar,T +4038mdegC
1593881180:[PRESS ,0038]P   +480mbar,T+31617mdegC
1593881183:[PRESS ,0038]P   +490mbar,T +4038mdegC
1593881187:[DIVING,0028]510mbar reached (+6mbar/s), 11 bypass done
1593881188:[MAIN  ,0056]stage[0]
1593881190:[MAIN  ,0024]internal pressure 84211Pa
1593881191:[PRESS ,0038]P   +530mbar,T+31617mdegC
1593881191:[BUOY  ,0037]P   +530mbar
1593881191:[STAGE ,0080]Stage [0] 5000mbar (+/-500mbar) 1800s (<1593882987s) 
1593881193:[PRESS ,0038]P   +550mbar,T +4038mdegC
1593881254:[PRESS ,0038]P   +910mbar,T -6340mdegC
1593881255:[PRESS ,0038]P   +920mbar,T +4038mdegC
1593881259:[PRESS ,0038]P   +930mbar,T+31617mdegC
1593881268:[PRESS ,0038]P  +1000mbar,T +4038mdegC
1593881271:[PRESS ,0038]P  +1030mbar,T+31617mdegC
1593881273:[PRESS ,0038]P  +1030mbar,T +4038mdegC
1593881275:[PRESS ,0038]P  +1040mbar,T+31617mdegC
1593881277:[PRESS ,0038]P  +1060mbar,T +4038mdegC
1593881279:[PRESS ,0038]P  +1060mbar,T+31617mdegC
1593881339:[PRESS ,0038]P  +1460mbar,T +4038mdegC
1593881345:[PRESS ,0038]P  +1480mbar,T+31617mdegC
1593881346:[PRESS ,0038]P  +1490mbar,T -6340mdegC
1593881350:[PRESS ,0038]P  +1520mbar,T +4038mdegC
1593881352:[PRESS ,0038]P  +1530mbar,T+31617mdegC
1593881359:[PRESS ,0038]P  +1590mbar,T+31617mdegC
1593881364:[PRESS ,0038]P  +1610mbar,T +4038mdegC
1593881425:[PRESS ,0038]P  +1920mbar,T+31617mdegC
1593881432:[PRESS ,0038]P  +1930mbar,T +4038mdegC
1593881437:[PRESS ,0038]P  +1960mbar,T+31617mdegC
1593881448:[PRESS ,0038]P  +1990mbar,T +4038mdegC
1593881510:[PRESS ,0038]P  +2230mbar,T+31617mdegC
1593881512:[PRESS ,0038]P  +2240mbar,T +4038mdegC
1593881514:[PRESS ,0038]P  +2250mbar,T+31617mdegC
1593881516:[PRESS ,0038]P  +2260mbar,T +4038mdegC
1593881518:[PRESS ,0038]P  +2260mbar,T -6340mdegC
1593881519:[PRESS ,0038]P  +2260mbar,T +4038mdegC
1593881527:[PRESS ,0038]P  +2290mbar,T+31617mdegC
1593881532:[PRESS ,0038]P  +2330mbar,T -6340mdegC
1593881534:[PRESS ,0038]P  +2340mbar,T+31617mdegC
1593881536:[PRESS ,0038]P  +2340mbar,T +4038mdegC
1593881596:[PRESS ,0038]P  +2440mbar,T +4038mdegC
1593881598:[PRESS ,0038]P  +2440mbar,T+31617mdegC
1593881602:[PRESS ,0038]P  +2450mbar,T +4038mdegC
1593881603:[PRESS ,0038]P  +2450mbar,T -6340mdegC
1593881605:[PRESS ,0038]P  +2460mbar,T +4038mdegC
1593881607:[PRESS ,0038]P  +2460mbar,T+31617mdegC
1593881616:[PRESS ,0038]P  +2480mbar,T +4038mdegC
1593881618:[PRESS ,0038]P  +2490mbar,T+31617mdegC
1593881621:[PRESS ,0038]P  +2510mbar,T +4038mdegC
1593881682:[PRESS ,0038]P  +2600mbar,T +4038mdegC
1593881686:[PRESS ,0038]P  +2610mbar,T+31617mdegC
1593881691:[PRESS ,0038]P  +2610mbar,T +4038mdegC
1593881693:[PRESS ,0038]P  +2620mbar,T+31617mdegC
1593881696:[PRESS ,0038]P  +2630mbar,T +4038mdegC
1593881700:[PRESS ,0038]P  +2620mbar,T+31617mdegC
1593881702:[PRESS ,0038]P  +2630mbar,T +4038mdegC
1593881703:[PRESS ,0038]P  +2640mbar,T+31617mdegC
1593881707:[PRESS ,0038]P  +2640mbar,T +4038mdegC
1593881707:[BUOY  ,0087]from +1mbar/s to +3mbar/s
1593881707:[BUOY  ,0090]need to transfer -12mL (valve during 3000ms)
1593881707:[VALVE ,0034]valve opening 3000ms
1593881710:[VALVE ,0234]battery 15170mV,  502152uA, P  +2640mbar
1593881768:[PRESS ,0038]P  +2800mbar,T +4038mdegC
1593881771:[PRESS ,0038]P  +2830mbar,T+31617mdegC
1593881773:[PRESS ,0038]P  +2830mbar,T +4038mdegC
1593881775:[PRESS ,0038]P  +2830mbar,T+31617mdegC
1593881780:[PRESS ,0038]P  +2860mbar,T -6340mdegC
1593881782:[PRESS ,0038]P  +2860mbar,T+31617mdegC
1593881784:[PRESS ,0038]P  +2860mbar,T +4038mdegC
1593881786:[PRESS ,0038]P  +2870mbar,T+31617mdegC
1593881789:[PRESS ,0038]P  +2880mbar,T +4038mdegC
1593881791:[PRESS ,0038]P  +2900mbar,T-23544mdegC
1593881793:[PRESS ,0038]P  +2900mbar,T+31617mdegC
1593881854:[PRESS ,0038]P  +3150mbar,T+31617mdegC
1593881856:[PRESS ,0038]P  +3150mbar,T +4038mdegC
1593881859:[PRESS ,0038]P  +3160mbar,T-23544mdegC
1593881861:[PRESS ,0038]P  +3170mbar,T +4038mdegC
1593881864:[PRESS ,0038]P  +3190mbar,T+31617mdegC
1593881870:[PRESS ,0038]P  +3190mbar,T +4038mdegC
1593881872:[PRESS ,0038]P  +3200mbar,T+31617mdegC
1593881877:[PRESS ,0038]P  +3220mbar,T +4038mdegC
1593881879:[PRESS ,0038]P  +3210mbar,T+31617mdegC
1593881939:[PRESS ,0038]P  +3420mbar,T+31617mdegC
1593881947:[PRESS ,0038]P  +3440mbar,T +4038mdegC
1593881948:[PRESS ,0038]P  +3440mbar,T+31617mdegC
1593881950:[PRESS ,0038]P  +3440mbar,T +4038mdegC
1593881954:[PRESS ,0038]P  +3450mbar,T+31617mdegC
1593881956:[PRESS ,0038]P  +3460mbar,T -6340mdegC
1593881959:[PRESS ,0038]P  +3470mbar,T+31617mdegC
1593882025:[PRESS ,0038]P  +3650mbar,T+31617mdegC
1593882027:[PRESS ,0038]P  +3660mbar,T -6340mdegC
1593882029:[PRESS ,0038]P  +3660mbar,T+31617mdegC
1593882038:[PRESS ,0038]P  +3690mbar,T-23544mdegC
1593882039:[PRESS ,0038]P  +3700mbar,T +4038mdegC
1593882041:[PRESS ,0038]P  +3710mbar,T+31617mdegC
1593882043:[PRESS ,0038]P  +3700mbar,T -6340mdegC
1593882045:[PRESS ,0038]P  +3710mbar,T +4038mdegC
1593882047:[PRESS ,0038]P  +3720mbar,T+31617mdegC
1593882050:[PRESS ,0038]P  +3720mbar,T -6340mdegC
1593882111:[PRESS ,0038]P  +3900mbar,T+31617mdegC
1593882113:[PRESS ,0038]P  +3910mbar,T -6340mdegC
1593882116:[PRESS ,0038]P  +3920mbar,T +4038mdegC
1593882120:[PRESS ,0038]P  +3930mbar,T+31617mdegC
1593882125:[PRESS ,0038]P  +3950mbar,T +4038mdegC
1593882127:[PRESS ,0038]P  +3960mbar,T -6340mdegC
1593882129:[PRESS ,0038]P  +3960mbar,T+31617mdegC
1593882131:[PRESS ,0038]P  +3970mbar,T -6340mdegC
1593882132:[PRESS ,0038]P  +3970mbar,T+31617mdegC
1593882197:[PRESS ,0038]P  +4180mbar,T +4038mdegC
1593882200:[PRESS ,0038]P  +4190mbar,T+31617mdegC
1593882206:[PRESS ,0038]P  +4200mbar,T -6340mdegC
1593882207:[PRESS ,0038]P  +4220mbar,T+31617mdegC
1593882211:[PRESS ,0038]P  +4220mbar,T +4038mdegC
1593882214:[PRESS ,0038]P  +4230mbar,T+31617mdegC
1593882282:[PRESS ,0038]P  +4410mbar,T+31617mdegC
1593882293:[PRESS ,0038]P  +4430mbar,T +4038mdegC
1593882295:[PRESS ,0038]P  +4450mbar,T+31617mdegC
1593882298:[PRESS ,0038]P  +4460mbar,T +4038mdegC
1593882302:[PRESS ,0038]P  +4460mbar,T+31617mdegC
1593882305:[PRESS ,0038]P  +4480mbar,T +4038mdegC
1593882307:[PRESS ,0038]P  +4480mbar,T+31617mdegC
1593882368:[PRESS ,0038]P  +4610mbar,T+31617mdegC
1593882370:[PRESS ,0038]P  +4620mbar,T +4038mdegC
1593882371:[PRESS ,0038]P  +4630mbar,T+31617mdegC
1593882389:[PRESS ,0038]P  +4670mbar,T +4038mdegC
1593882391:[PRESS ,0038]P  +4680mbar,T+31617mdegC
1593882393:[PRESS ,0038]P  +4670mbar,T +4038mdegC
1593882393:[STAGE ,0213]4670mbar reached at 1593882393s, ref 5000mbar +/-500mbar
1593882453:[PRESS ,0038]P  +4840mbar,T+31617mdegC
1593882454:[BUOY  ,0087]from +3mbar/s to +0mbar/s
1593882454:[BUOY  ,0089]need to transfer +14mL (pump during 16764ms)
1593882462:[PUMP  ,0207]battery 15478mV,   18788uA (warmup), P  +4840mbar
1593882462:[PUMP  ,0016]pump during 16764ms
1593882478:[PUMP  ,0212]battery 15285mV,  329034uA (steady state), P  +4840mbar
1593882518:[PRESS ,0038]P  +4980mbar,T+31617mdegC
1593882521:[PRESS ,0038]P  +4990mbar,T +4038mdegC
1593882525:[PRESS ,0038]P  +4990mbar,T+31617mdegC
1593882528:[PRESS ,0038]P  +5000mbar,T +4038mdegC
1593882537:[PRESS ,0038]P  +5010mbar,T+31617mdegC
1593882539:[PRESS ,0038]P  +5020mbar,T +4038mdegC
1593882543:[PRESS ,0038]P  +5020mbar,T+31617mdegC
1593882543:[BUOY  ,0087]from +1mbar/s to +0mbar/s
1593882543:[BUOY  ,0089]need to transfer +2mL (pump during 2395ms)
1593882551:[PUMP  ,0207]battery 15455mV,   18666uA (warmup), P  +5020mbar
1593882551:[PUMP  ,0016]pump during 2395ms
1593882606:[PRESS ,0038]P  +5110mbar,T+31617mdegC
1593882619:[PRESS ,0038]P  +5110mbar,T -6340mdegC
1593882621:[PRESS ,0038]P  +5120mbar,T +4038mdegC
1593882622:[PRESS ,0038]P  +5120mbar,T+31617mdegC
1593882624:[PRESS ,0038]P  +5120mbar,T +4038mdegC
1593882626:[PRESS ,0038]P  +5120mbar,T+31617mdegC
1593882630:[PRESS ,0038]P  +5130mbar,T +4038mdegC
1593882631:[PRESS ,0038]P  +5130mbar,T+31617mdegC
1593882632:[BUOY  ,0087]from +1mbar/s to +0mbar/s
1593882632:[BUOY  ,0089]need to transfer +2mL (pump during 2395ms)
1593882640:[PUMP  ,0207]battery 15460mV,   18666uA (warmup), P  +5130mbar
1593882640:[PUMP  ,0016]pump during 2395ms
1593882695:[PRESS ,0038]P  +5250mbar,T +4038mdegC
1593882699:[PRESS ,0038]P  +5260mbar,T -6340mdegC
1593882701:[PRESS ,0038]P  +5260mbar,T+31617mdegC
1593882703:[PRESS ,0038]P  +5270mbar,T +4038mdegC
1593882704:[PRESS ,0038]P  +5260mbar,T+31617mdegC
1593882706:[PRESS ,0038]P  +5280mbar,T -6340mdegC
1593882708:[PRESS ,0038]P  +5270mbar,T+31617mdegC
1593882713:[PRESS ,0038]P  +5290mbar,T +4038mdegC
1593882715:[PRESS ,0038]P  +5290mbar,T+31617mdegC
1593882719:[PRESS ,0038]P  +5300mbar,T +4038mdegC
1593882721:[BUOY  ,0087]from +2mbar/s to +0mbar/s
1593882721:[BUOY  ,0089]need to transfer +6mL (pump during 7185ms)
1593882729:[PUMP  ,0207]battery 15462mV,   18666uA (warmup), P  +5290mbar
1593882729:[PUMP  ,0016]pump during 7185ms
1593882736:[PUMP  ,0212]battery 15263mV,  342088uA (steady state), P  +5290mbar
1593882785:[PRESS ,0038]P  +5340mbar,T+31617mdegC
1593882786:[PRESS ,0038]P  +5340mbar,T +4038mdegC
1593882788:[PRESS ,0038]P  +5340mbar,T+31617mdegC
1593882794:[PRESS ,0038]P  +5330mbar,T +4038mdegC
1593882795:[PRESS ,0038]P  +5340mbar,T+31617mdegC
1593882804:[PRESS ,0038]P  +5320mbar,T +4038mdegC
1593882870:[PRESS ,0038]P  +5290mbar,T+31617mdegC
1593882992:[PRESS ,0038]P  +5230mbar,T+31617mdegC
1593882992:[MAIN  ,0140]stage[0] complete 1805s after mission start
1593882992:[MAIN  ,0056]stage[1]
1593882994:[MAIN  ,0024]internal pressure 83058Pa
1593882995:[BUOY  ,0037]P  +5230mbar
1593882995:[STAGE ,0080]Stage [1] 5000mbar (+/-500mbar) 1800s (<1593884787s) 
1593882996:[PRESS ,0038]P  +5230mbar,T +4038mdegC
1593882997:[STAGE ,0213]5230mbar reached at 1593882997s, ref 5000mbar +/-500mbar
1593883118:[PRESS ,0038]P  +5250mbar,T+31617mdegC
1593883179:[PRESS ,0038]P  +5300mbar,T -6340mdegC
1593883239:[PRESS ,0038]P  +5350mbar,T-23544mdegC
1593883300:[PRESS ,0038]P  +5420mbar,T +4038mdegC
1593883361:[PRESS ,0038]P  +5490mbar,T+31617mdegC
1593883421:[PRESS ,0038]P  +5560mbar,T -6340mdegC
1593883421:<WARN>[BUOY  ,0094]stage[1] should ASCENT, stuck at 5560mbar for the #1 time
1593883421:[BUOY  ,0087]from +0mbar/s to -2mbar/s
1593883421:[BUOY  ,0089]need to transfer +6mL (pump during 7188ms)
1593883430:[PUMP  ,0207]battery 15492mV,   18788uA (warmup), P  +5560mbar
1593883430:[PUMP  ,0016]pump during 7188ms
1593883437:[PUMP  ,0212]battery 15297mV,  326594uA (steady state), P  +5560mbar
1593883485:[PRESS ,0038]P  +5620mbar,T -6340mdegC
1593883487:[PRESS ,0038]P  +5620mbar,T+31617mdegC
1593883489:[PRESS ,0038]P  +5630mbar,T -6340mdegC
1593883493:[PRESS ,0038]P  +5620mbar,T+31617mdegC
1593883496:[PRESS ,0038]P  +5630mbar,T +4038mdegC
1593883498:[PRESS ,0038]P  +5630mbar,T+31617mdegC
1593883501:[PRESS ,0038]P  +5630mbar,T +4038mdegC
1593883503:[PRESS ,0038]P  +5630mbar,T+31617mdegC
1593883510:[PRESS ,0038]P  +5620mbar,T +4038mdegC
1593883510:<WARN>[BUOY  ,0094]stage[1] should ASCENT, stuck at 5620mbar for the #2 time
1593883510:[BUOY  ,0087]from +0mbar/s to -2mbar/s
1593883511:[BUOY  ,0089]need to transfer +6mL (pump during 7188ms)
1593883519:[PUMP  ,0207]battery 15483mV,   18666uA (warmup), P  +5620mbar
1593883519:[PUMP  ,0016]pump during 7188ms
1593883526:[PUMP  ,0212]battery 15283mV,  337330uA (steady state), P  +5620mbar
1593883576:[PRESS ,0038]P  +5580mbar,T+31617mdegC
1593883580:[PRESS ,0038]P  +5590mbar,T +4038mdegC
1593883583:[PRESS ,0038]P  +5570mbar,T+31617mdegC
1593883587:[PRESS ,0038]P  +5570mbar,T +4038mdegC
1593883589:[PRESS ,0038]P  +5570mbar,T+31617mdegC
1593883594:[PRESS ,0038]P  +5550mbar,T +4038mdegC
1593883660:[PRESS ,0038]P  +5480mbar,T+31617mdegC
1593883662:[PRESS ,0038]P  +5480mbar,T -6340mdegC
1593883664:[PRESS ,0038]P  +5480mbar,T+31617mdegC
1593883666:[PRESS ,0038]P  +5490mbar,T +4038mdegC
1593883669:[PRESS ,0038]P  +5480mbar,T+31617mdegC
1593883676:[PRESS ,0038]P  +5470mbar,T +4038mdegC
1593883678:[PRESS ,0038]P  +5470mbar,T+31617mdegC
1593883682:[PRESS ,0038]P  +5460mbar,T -6340mdegC
1593883683:[PRESS ,0038]P  +5460mbar,T +4038mdegC
1593883685:[PRESS ,0038]P  +5460mbar,T+31617mdegC
1593883746:[PRESS ,0038]P  +5380mbar,T +4038mdegC
1593883807:[PRESS ,0038]P  +5300mbar,T+31617mdegC
1593883867:[PRESS ,0038]P  +5220mbar,T +4038mdegC
1593883928:[PRESS ,0038]P  +5130mbar,T +4038mdegC
1593883989:[PRESS ,0038]P  +5090mbar,T+31617mdegC
1593884049:[PRESS ,0038]P  +5030mbar,T+31617mdegC
1593884110:[PRESS ,0038]P  +4970mbar,T +4038mdegC
1593884110:[BUOY  ,0087]from -1mbar/s to +0mbar/s
1593884110:[BUOY  ,0090]need to transfer -2mL (valve during 364ms)
1593884110:[VALVE ,0034]valve opening 364ms
1593884173:[PRESS ,0038]P  +4950mbar,T+31617mdegC
1593884192:[PRESS ,0038]P  +4940mbar,T +4038mdegC
1593884194:[PRESS ,0038]P  +4940mbar,T+31617mdegC
1593884256:[PRESS ,0038]P  +4980mbar,T -6340mdegC
1593884317:[PRESS ,0038]P  +4980mbar,T+31617mdegC
1593884378:[PRESS ,0038]P  +4990mbar,T +4038mdegC
1593884438:[PRESS ,0038]P  +4990mbar,T+31617mdegC
1593884499:[PRESS ,0038]P  +4980mbar,T -6340mdegC
1593884560:[PRESS ,0038]P  +4950mbar,T +4038mdegC
1593884620:[PRESS ,0038]P  +4950mbar,T+31617mdegC
1593884681:[PRESS ,0038]P  +4920mbar,T +4038mdegC
1593884742:[PRESS ,0038]P  +4900mbar,T -6340mdegC
1593884802:[PRESS ,0038]P  +4900mbar,T+31617mdegC
1593884802:[MAIN  ,0140]stage[1] complete 3615s after mission start
1593884803:[MRMAID,0188]acq already stopped
1593884863:[MSSION,0192]mission stopped, 2 stage(s) done
1593884863:[MAIN  ,0065]surfacing
1593884865:[PRESS ,0038]P  +4880mbar,T +4038mdegC
1593884865:[SURFIN,0036]P  +4880mbar
1593884873:[PUMP  ,0207]battery 15510mV,   18788uA (warmup), P  +4880mbar
1593884873:[PUMP  ,0016]pump during 60000ms
1593884932:[PUMP  ,0212]battery 15313mV,  321470uA (steady state), P  +4880mbar
1593884990:[PRESS ,0038]P  +4510mbar,T+31617mdegC
1593884991:[PRESS ,0038]P  +4510mbar,T +4038mdegC
1593884997:[PRESS ,0038]P  +4490mbar,T+31617mdegC
1593884999:[PRESS ,0038]P  +4470mbar,T +4038mdegC
1593885000:[PRESS ,0038]P  +4470mbar,T+31617mdegC
1593885006:[PRESS ,0038]P  +4430mbar,T +4038mdegC
1593885013:[PRESS ,0038]P  +4400mbar,T+31617mdegC
1593885023:[PUMP  ,0207]battery 15422mV,   18666uA (warmup), P  +4400mbar
1593885023:[PUMP  ,0016]pump during 60000ms
1593885082:[PUMP  ,0212]battery 15228mV,  326350uA (steady state), P  +4400mbar
1593885139:[PRESS ,0038]P  +3670mbar,T+31617mdegC
1593885145:[PRESS ,0038]P  +3650mbar,T +4038mdegC
1593885147:[PRESS ,0038]P  +3640mbar,T+31617mdegC
1593885148:[PRESS ,0038]P  +3630mbar,T +4038mdegC
1593885157:[PRESS ,0038]P  +3580mbar,T+31617mdegC
1593885159:[PRESS ,0038]P  +3560mbar,T-23544mdegC
1593885161:[PRESS ,0038]P  +3560mbar,T +4038mdegC
1593885163:[PRESS ,0038]P  +3540mbar,T+31617mdegC
1593885164:[PRESS ,0038]P  +3530mbar,T +4038mdegC
1593885173:[PUMP  ,0207]battery 15361mV,   18788uA (warmup), P  +3530mbar
1593885173:[PUMP  ,0016]pump during 60000ms
1593885232:[PUMP  ,0212]battery 15167mV,  324520uA (steady state), P  +3530mbar
1593885289:[PRESS ,0038]P  +2790mbar,T +4038mdegC
1593885291:[PRESS ,0038]P  +2780mbar,T+31617mdegC
1593885293:[PRESS ,0038]P  +2770mbar,T +4038mdegC
1593885300:[PRESS ,0038]P  +2720mbar,T+31617mdegC
1593885307:[PRESS ,0038]P  +2690mbar,T +4038mdegC
1593885312:[PRESS ,0038]P  +2660mbar,T+31617mdegC
1593885314:[PRESS ,0038]P  +2670mbar,T +4038mdegC
1593885322:[PUMP  ,0207]battery 15317mV,   18788uA (warmup), P  +2670mbar
1593885322:[PUMP  ,0016]pump during 60000ms
1593885381:[PUMP  ,0212]battery 15125mV,  325618uA (steady state), P  +2670mbar
1593885439:[PRESS ,0038]P  +1980mbar,T +4038mdegC
1593885441:[PRESS ,0038]P  +1970mbar,T+31617mdegC
1593885448:[PRESS ,0038]P  +1940mbar,T +4038mdegC
1593885452:[PRESS ,0038]P  +1920mbar,T+31617mdegC
1593885455:[PRESS ,0038]P  +1920mbar,T +4038mdegC
1593885464:[PRESS ,0038]P  +1880mbar,T-23544mdegC
1593885472:[PUMP  ,0207]battery 15290mV,   18788uA (warmup), P  +1880mbar
1593885472:[PUMP  ,0016]pump during 60000ms
1593885531:[PUMP  ,0212]battery 15107mV,  302682uA (steady state), P  +1880mbar
1593885589:[PRESS ,0038]P  +1610mbar,T+31617mdegC
1593885591:[PRESS ,0038]P  +1590mbar,T +4038mdegC
1593885594:[PRESS ,0038]P  +1570mbar,T+31617mdegC
1593885598:[PRESS ,0038]P  +1560mbar,T-23544mdegC
1593885600:[PRESS ,0038]P  +1550mbar,T +4038mdegC
1593885601:[PRESS ,0038]P  +1550mbar,T-23544mdegC
1593885603:[PRESS ,0038]P  +1540mbar,T +4038mdegC
1593885605:[PRESS ,0038]P  +1530mbar,T+31617mdegC
1593885607:[PRESS ,0038]P  +1530mbar,T-23544mdegC
1593885609:[PRESS ,0038]P  +1520mbar,T +4038mdegC
1593885611:[PRESS ,0038]P  +1520mbar,T+31617mdegC
1593885612:[PRESS ,0038]P  +1520mbar,T +4038mdegC
1593885622:[PUMP  ,0207]battery 15273mV,   18910uA (warmup), P  +1500mbar
1593885622:[PUMP  ,0016]pump during 60000ms
1593885681:[PUMP  ,0212]battery 15090mV,  304268uA (steady state), P  +1500mbar
1593885739:[PRESS ,0038]P   +750mbar,T+31617mdegC
1593885748:[PRESS ,0038]P   +680mbar,T+31617mdegC
1593885750:[PRESS ,0038]P   +670mbar,T +4038mdegC
1593885755:[PRESS ,0038]P   +630mbar,T+31617mdegC
1593885757:[PRESS ,0038]P   +610mbar,T +4038mdegC
1593885759:[PRESS ,0038]P   +600mbar,T+31617mdegC
1593885760:[PRESS ,0038]P   +600mbar,T +4038mdegC
1593885885:[PRESS ,0038]P    -80mbar,T+31617mdegC
1593885887:[PRESS ,0038]P   -100mbar,T +4038mdegC
1593885889:[SURFIN,0020]filling external bladder
1593885897:[PUMP  ,0207]battery 15320mV,   18910uA (warmup), P    -90mbar
1593885897:[PUMP  ,0016]pump during 300000ms
1593886196:[PUMP  ,0212]battery 14853mV, 1012234uA (steady state), P    -90mbar
1593886207:[PUMP  ,0207]battery 14800mV,   19032uA (warmup), P    -90mbar
1593886207:[PUMP  ,0016]pump during 300000ms
1593886335:[PUMP  ,0212]battery 14451mV,  963312uA (steady state), P    -90mbar
1593886337:[SURFIN,0019]external bladder full
1593886339:[PRESS ,0038]P    +30mbar,T+31617mdegC
1593886340:[PRESS ,0038]P    +30mbar,T-23544mdegC
1593886342:[PRESS ,0038]P    +30mbar,T +4038mdegC
1593886344:[PRESS ,0038]P    +30mbar,T-23544mdegC
1593886346:[PRESS ,0038]P    +20mbar,T+31617mdegC
1593886348:[PRESS ,0038]P    +20mbar,T-23544mdegC
1593886349:[PRESS ,0038]P    +20mbar,T +4038mdegC
1593886353:[PRESS ,0038]P    +10mbar,T+31617mdegC
1593886355:[PRESS ,0038]P    +30mbar,T +4038mdegC
1593886360:[PRESS ,0038]P    +10mbar,T-23544mdegC
1593886362:[PRESS ,0038]P    +20mbar,T +4038mdegC
1593886364:[PRESS ,0038]P    +20mbar,T+31617mdegC
1593886399:[MAIN  ,0272]Vbat 15008mV (min 14956mV)
1593886401:[MAIN  ,0024]internal pressure 80233Pa
1593886401:[MAIN  ,0043]Pext 21mbar (rng 20mbar)
1593886401:[MAIN  ,0064]surface
1593886413:[SURF  ,0022]GPS fix...
1593886433:[SURF  ,0015]10 PPS detected...
1593886434:[MRMAID,0052]Mermaid $GPSACK:+0,+0,+0,+0,+0,+0,-427;
1593886444:[MRMAID,0052]Mermaid $GPSOFF:3686322;
1593886445:[GPSFIX,0179]-1s diff
1593886446:[SURF  ,0222]2020-07-04T18:14:06
1593886446:[SURF  ,0082]Latitude : N43deg40.939mn, Longitude :E007deg19.176mn
1593886446:[SURF  ,0223]fix3D,9satellites
1593886446:[SURF  ,0084]GPS fix GPGSA : hdop0.810,vdop1.010
1593886456:[SURF  ,0274]last almanac : 27695
1593886468:[MRMAID,0026]1444 bytes in 0063/5F00C6FD.MER
1593886474:[MAIN  ,0320]New pressure offset: 21mbar
1593886474:[LOGBIN,0078]*** switching to 0063/5F00C70A ***
