1593166702:[MONITR,0197]reboot code 0x0000, src/monitor.c@520
1593166702:[MAIN  ,0007]buoy 452.120-R-0063
1593166702:[MAIN  ,0055]soft pilotage 452.012.300_V2.20-20200612
1593166702:[MAIN  ,0011]date 2020-06-26T10:18:22
1593166708:[MAIN  ,0006]battery 15508mV,    8174uA
1593166711:[MAIN  ,0024]internal pressure 81490Pa
1593166712:[PRESS ,0038]P    +10mbar,T+31617mdegC
1593166712:[MRMAID,0182]thread started
1593166714:[MRMAID,0186]no wake-up
1593166715:[MRMAID,0188]acq already stopped
1593166715:[MRMAID,0052]Mermaid $BOARD:452116600-63;
1593166716:[MRMAID,0052]Mermaid $SOFT:2.1344;
1593166716:[TESTMD,0053]Enter in test mode? yes/no
1593166716:[TESTMD,0252]0063>
1593166719:[TESTMD,0050]"yes"
1593166719:[TESTMD,0249]
Command list
pext    : Get external pressure
pint    : Get internal vacuum
ui      : Get voltage/current
act     : Test actuators
fillb   : Pump until filling the bladder
bpopen  : Open bypass
bpclose : Close bypass
date    : Get date
gps     : GPS synchronization
iridium : Iridium transfer
mstart  : Start mermaid acq
mstop   : Stop mermaid acq
mdata   : Get mermaid datas
mchecksd  : Start mermaid acq
mdump  : Send data REQUEST command with date and duration
s41dumpa : Get averaged CTD datas
s41dumpr : Get raw CTD datas
ls      : List files
cp      : Copy file or directory content on the desktop
rm      : Remove a file
h       : Print command list
q       : Quit

Advanced
pumps X : pompe Xs (lent)
pumpf X : pompe Xs (rapide)
evh     : ouvre l'electrovalve 30s
bypass  : ouvre le bypass 30s
dvmine  : deverminage de la carte
nominal : mode nominal pour mesure de conso
cychydr : test du circuit hydraulique
mkdir   : creer un repertoire
mv      : deplacer un fichier
ps      : liste les processus

Set params
stage   : Stage settings
buoy    : Buoy settings
p2t     : Pressure sensor settings
log     : Verb cfg
mermaid : Mermaid cfg
upload  : On/Off Irid transfer
sys  : system param settings


1593166719:[TESTMD,0252]0063>
1593166725:[TESTMD,0050]"gps"
1593166734:[SURF  ,0022]GPS fix...
1593166754:[SURF  ,0015]10 PPS detected...
1593166755:[MRMAID,0052]Mermaid $GPSACK:+0,+0,+0,+0,+0,+0,+0;
1593166765:[MRMAID,0052]Mermaid $GPSOFF:3686318;
1593166766:[GPSFIX,0179]-1s diff
1593166767:[SURF  ,0222]2020-06-26T10:19:27
1593166767:[SURF  ,0082]Latitude : N43deg06.497mn, Longitude :E006deg02.278mn
1593166767:[SURF  ,0223]fix3D,7satellites
1593166767:[SURF  ,0084]GPS fix GPGSA : hdop1.020,vdop1.390
1593166782:[TESTMD,0252]0063>
1593166796:[TESTMD,0050]"rmall"
1593166797:[TESTMD,0252]0063>
1593166806:[TESTMD,0050]"iridium"
1593166816:[SURF  ,0025]Iridium...
1593166859:[SURF  ,0009]connected in 43s, signal quality 5
1593166918:[SURF  ,0218]prompt received, remote cmd end
1593166918:[SURF  ,0012]16 cmd(s) received
1593166956:[SURF  ,0014]disconnected after 140s
1593166961:[TESTMD,0252]0063>
