1593893440:[MAIN  ,0007]buoy 452.120-R-0063
1593893440:[MAIN  ,0055]soft pilotage 452.012.300_V2.20-20200612
1593893440:[MAIN  ,0010]cycle 6
1593893440:[SURF  ,0225]surface2
1593893458:[SURF  ,0022]GPS fix...
1593893479:[SURF  ,0015]10 PPS detected...
1593893480:[MRMAID,0052]Mermaid $GPSACK:+0,+0,+0,+0,+0,+0,+0;
1593893490:[MRMAID,0052]Mermaid $GPSOFF:3686322;
1593893491:[GPSFIX,0179]-1s diff
1593893492:[SURF  ,0222]2020-07-04T20:11:32
1593893492:[SURF  ,0082]Latitude : N43deg40.937mn, Longitude :E007deg19.176mn
1593893492:[SURF  ,0223]fix3D,7satellites
1593893492:[SURF  ,0084]GPS fix GPGSA : hdop0.730,vdop1.190
1593893502:[SURF  ,0025]Iridium...
1593893561:[SURF  ,0009]connected in 59s, signal quality 5
1593893634:[SURF  ,0218]prompt received, remote cmd end
1593893634:[SURF  ,0012]16 cmd(s) received
1593893655:[UPLOAD,0248]Upload data files...
1593893671:[UPLOAD,0231]"0063/5F00E233.MER" uploaded at 131bytes/s
1593893757:[UPLOAD,0231]"0063/5F00AD59.BIN" uploaded at 125bytes/s
1593893853:[UPLOAD,0231]"0063/5F00C70A.BIN" uploaded at 132bytes/s
1593893874:[MAIN  ,0013]3 file(s) uploaded
1593893905:[SURF  ,0014]disconnected after 403s
1593893910:[SURFIN,0020]filling external bladder
1593893918:[PUMP  ,0207]battery 15152mV,   18544uA (warmup), P    +30mbar
1593893918:[PUMP  ,0016]pump during 300000ms
1593893925:[PUMP  ,0212]battery 14758mV,  969900uA (steady state), P    +30mbar
1593893927:[SURFIN,0019]external bladder full
1593893927:[SURF  ,0227]1st complete transfer
1593893947:[SURF  ,0022]GPS fix...
1593893967:[SURF  ,0015]10 PPS detected...
1593893968:[MRMAID,0052]Mermaid $GPSACK:+0,+0,+0,+0,+0,+1,-999908;
1593893978:[MRMAID,0052]Mermaid $GPSOFF:3686321;
1593893979:[GPSFIX,0179]-1s diff
1593893980:[SURF  ,0222]2020-07-04T20:19:40
1593893980:[SURF  ,0082]Latitude : N43deg40.937mn, Longitude :E007deg19.177mn
1593893980:[SURF  ,0223]fix3D,8satellites
1593893980:[SURF  ,0084]GPS fix GPGSA : hdop0.650,vdop1.130
1593893997:[MAIN  ,0024]internal pressure 80345Pa
1593893998:[BYCMD ,0107]    FreeRTOS V8.2.3
1593893998:[BYCMD ,0108]    FatFS v11a
1593893998:[BYCMD ,0120]    bypass 10000ms 60000ms (20000ms 60000ms stored)
1593893998:[BYCMD ,0121]    valve 60000ms 12750 (60000ms 12750 stored)
1593893998:[BYCMD ,0122]    pump 60000ms 30% 10750 80% (60000ms 30% 10750 80% stored)
1593893998:[BYCMD ,0123]    rate 2mbar/s (2mbar/s stored)
1593893998:[BYCMD ,0124]    surface 500mbar (500mbar stored)
1593893998:[BYCMD ,0125]    near 1500mbar 3mbar/s (15000mbar 3mbar/s stored)
1593893998:[BYCMD ,0126]    far 2500mbar 4mbar/s (25000mbar 4mbar/s stored)
1593893998:[BYCMD ,0127]    ascent 8mbar/s (8mbar/s stored)
1593893998:[BYCMD ,0128]    dead 60s (300s stored)
1593893998:[BYCMD ,0129]    coeff 16/10 (16/10 stored)
1593893998:[BYCMD ,0130]    stab 10 (10 stored)
1593893998:[BYCMD ,0131]    delay 900s 3600s (900s 3600s stored)
1593893998:[BYCMD ,0132]    mmtime 2880min (2880min stored)
1593893998:[BYCMD ,0133]    dv_landing 100ml (100ml stored)
1593893998:[MKDCMD,0150]    p2t37: 15x2000ms, offset 19mbar
1593893998:[P2TCMD,0151]    p2t37: dp 50mbar, dt 5000mdegC
1593893999:[STAGE ,0080]Stage [0] 5000mbar (+/-500mbar) 1800s (<1800s) 
1593893999:[STAGE ,0080]Stage [1] 5000mbar (+/-500mbar) 1800s (<3600s) 
1593893999:[MAIN  ,0070]turn off bluetooth
1593894001:[PRESS ,0038]P     +1mbar,T+31617mdegC
1593894003:[PRESS ,0038]P     -9mbar,T -6340mdegC
1593894005:[PRESS ,0038]P     +1mbar,T +4038mdegC
1593894024:[PRESS ,0038]P     -9mbar,T+31617mdegC
1593894026:[PRESS ,0038]P     -9mbar,T +4038mdegC
1593894026:[DIVING,0141]diving from -9mbar, +0mbar/s
1593894026:[BYPASS,0035]bypass opening 60000ms
1593894031:[BYPASS,0104]battery 15062mV,  246318uA (bypass opening), P     -9mbar
1593894096:[BYPASS,0106]battery 15077mV,  295728uA (bypass closing), P     -9mbar
1593894098:[PRESS ,0038]P   -109mbar,T-23544mdegC
1593894100:[PRESS ,0038]P   -109mbar,T +4038mdegC
1593894104:[PRESS ,0038]P   -119mbar,T-23544mdegC
1593894105:[PRESS ,0038]P    -99mbar,T +4038mdegC
1593894107:[PRESS ,0038]P   -119mbar,T+31617mdegC
1593894114:[PRESS ,0038]P   -119mbar,T-23544mdegC
1593894116:[PRESS ,0038]P   -109mbar,T +4038mdegC
1593894120:[PRESS ,0038]P   -119mbar,T-23544mdegC
1593894123:[PRESS ,0038]P   -109mbar,T+31617mdegC
1593894123:[BYPASS,0035]bypass opening 10000ms
1593894128:[BYPASS,0104]battery 15107mV,  248392uA (bypass opening), P   -109mbar
1593894143:[BYPASS,0106]battery 15088mV,  294508uA (bypass closing), P   -109mbar
1593894149:[PRESS ,0038]P   -109mbar,T -6340mdegC
1593894151:[PRESS ,0038]P   -119mbar,T+31617mdegC
1593894152:[PRESS ,0038]P   -109mbar,T +4038mdegC
1593894154:[PRESS ,0038]P   -119mbar,T-23544mdegC
1593894156:[PRESS ,0038]P   -109mbar,T +4038mdegC
1593894167:[PRESS ,0038]P   -119mbar,T-23544mdegC
1593894168:[PRESS ,0038]P   -109mbar,T -6340mdegC
1593894170:[PRESS ,0038]P   -109mbar,T-23544mdegC
1593894170:[BYPASS,0035]bypass opening 10000ms
1593894175:[BYPASS,0104]battery 15116mV,  247172uA (bypass opening), P   -109mbar
1593894190:[BYPASS,0106]battery 15097mV,  293654uA (bypass closing), P   -109mbar
1593894192:[PRESS ,0038]P   -129mbar,T+31617mdegC
1593894194:[PRESS ,0038]P   -119mbar,T +4038mdegC
1593894198:[PRESS ,0038]P   -119mbar,T-23544mdegC
1593894199:[PRESS ,0038]P   -109mbar,T +4038mdegC
1593894205:[PRESS ,0038]P   -119mbar,T-23544mdegC
1593894206:[PRESS ,0038]P   -109mbar,T +4038mdegC
1593894208:[PRESS ,0038]P   -109mbar,T+31617mdegC
1593894210:[PRESS ,0038]P   -119mbar,T +4038mdegC
1593894212:[PRESS ,0038]P   -119mbar,T+31617mdegC
1593894214:[PRESS ,0038]P   -109mbar,T +4038mdegC
1593894217:[BYPASS,0035]bypass opening 10000ms
1593894222:[BYPASS,0104]battery 15126mV,  245464uA (bypass opening), P   -109mbar
1593894237:[BYPASS,0106]battery 15106mV,  292922uA (bypass closing), P   -109mbar
1593894239:[PRESS ,0038]P   -109mbar,T+31617mdegC
1593894241:[PRESS ,0038]P   -109mbar,T +4038mdegC
1593894245:[PRESS ,0038]P    -99mbar,T-23544mdegC
1593894248:[PRESS ,0038]P   -109mbar,T +4038mdegC
1593894250:[PRESS ,0038]P   -119mbar,T-23544mdegC
1593894252:[PRESS ,0038]P   -119mbar,T +4038mdegC
1593894254:[PRESS ,0038]P   -109mbar,T+31617mdegC
1593894255:[PRESS ,0038]P   -109mbar,T-23544mdegC
1593894257:[PRESS ,0038]P   -109mbar,T +4038mdegC
1593894261:[PRESS ,0038]P   -109mbar,T+31617mdegC
1593894263:[PRESS ,0038]P   -109mbar,T +4038mdegC
1593894264:[PRESS ,0038]P   -109mbar,T+31617mdegC
1593894264:[BYPASS,0035]bypass opening 10000ms
1593894269:[BYPASS,0104]battery 15133mV,  246928uA (bypass opening), P   -109mbar
1593894285:[BYPASS,0106]battery 15113mV,  292312uA (bypass closing), P   -109mbar
1593894290:[PRESS ,0038]P    -89mbar,T +4038mdegC
1593894293:[PRESS ,0038]P    -99mbar,T-23544mdegC
1593894295:[PRESS ,0038]P    -99mbar,T+31617mdegC
1593894297:[PRESS ,0038]P    -99mbar,T +4038mdegC
1593894299:[PRESS ,0038]P    -99mbar,T+31617mdegC
1593894301:[PRESS ,0038]P    -99mbar,T-23544mdegC
1593894304:[PRESS ,0038]P    -99mbar,T +4038mdegC
1593894306:[PRESS ,0038]P    -99mbar,T+31617mdegC
1593894308:[PRESS ,0038]P    -99mbar,T +4038mdegC
1593894310:[PRESS ,0038]P    -99mbar,T+31617mdegC
1593894311:[PRESS ,0038]P    -99mbar,T +4038mdegC
1593894311:[BYPASS,0035]bypass opening 10000ms
1593894317:[BYPASS,0104]battery 15138mV,  245464uA (bypass opening), P    -99mbar
1593894332:[BYPASS,0106]battery 15120mV,  291824uA (bypass closing), P    -99mbar
1593894333:[PRESS ,0038]P    -89mbar,T-23544mdegC
1593894335:[PRESS ,0038]P    -89mbar,T +4038mdegC
1593894341:[PRESS ,0038]P    -89mbar,T+31617mdegC
1593894342:[PRESS ,0038]P    -79mbar,T +4038mdegC
1593894351:[PRESS ,0038]P    -89mbar,T-23544mdegC
1593894353:[PRESS ,0038]P    -89mbar,T +4038mdegC
1593894358:[BYPASS,0035]bypass opening 10000ms
1593894363:[BYPASS,0104]battery 15145mV,  245830uA (bypass opening), P    -89mbar
1593894378:[BYPASS,0106]battery 15125mV,  291336uA (bypass closing), P    -89mbar
1593894382:[PRESS ,0038]P    -79mbar,T-23544mdegC
1593894384:[PRESS ,0038]P    -89mbar,T +4038mdegC
1593894387:[PRESS ,0038]P    -79mbar,T+31617mdegC
1593894393:[PRESS ,0038]P    -79mbar,T +4038mdegC
1593894398:[PRESS ,0038]P    -79mbar,T+31617mdegC
1593894400:[PRESS ,0038]P    -89mbar,T +4038mdegC
1593894405:[BYPASS,0035]bypass opening 10000ms
1593894410:[BYPASS,0104]battery 15150mV,  246928uA (bypass opening), P    -79mbar
1593894425:[BYPASS,0106]battery 15130mV,  290848uA (bypass closing), P    -79mbar
1593894427:[PRESS ,0038]P    -89mbar,T -6340mdegC
1593894429:[PRESS ,0038]P    -99mbar,T+31617mdegC
1593894433:[PRESS ,0038]P    -89mbar,T +4038mdegC
1593894438:[PRESS ,0038]P    -89mbar,T+31617mdegC
1593894443:[PRESS ,0038]P    -89mbar,T +4038mdegC
1593894447:[PRESS ,0038]P    -79mbar,T+31617mdegC
1593894450:[PRESS ,0038]P    -69mbar,T +4038mdegC
1593894452:[BYPASS,0035]bypass opening 10000ms
1593894457:[BYPASS,0104]battery 15155mV,  246806uA (bypass opening), P    -79mbar
1593894472:[BYPASS,0106]battery 15135mV,  290238uA (bypass closing), P    -79mbar
1593894474:[PRESS ,0038]P    -69mbar,T+31617mdegC
1593894476:[PRESS ,0038]P    -79mbar,T-23544mdegC
1593894480:[PRESS ,0038]P    -79mbar,T +4038mdegC
1593894499:[PRESS ,0038]P    -79mbar,T+31617mdegC
1593894499:[BYPASS,0035]bypass opening 10000ms
1593894504:[BYPASS,0104]battery 15157mV,  243634uA (bypass opening), P    -79mbar
1593894519:[BYPASS,0106]battery 15138mV,  289750uA (bypass closing), P    -79mbar
1593894521:[PRESS ,0038]P    -69mbar,T +4038mdegC
1593894530:[PRESS ,0038]P    -59mbar,T-23544mdegC
1593894533:[PRESS ,0038]P    -59mbar,T +4038mdegC
1593894537:[PRESS ,0038]P    -69mbar,T+31617mdegC
1593894539:[PRESS ,0038]P    -49mbar,T-23544mdegC
1593894541:[PRESS ,0038]P    -59mbar,T +4038mdegC
1593894542:[PRESS ,0038]P    -49mbar,T-23544mdegC
1593894544:[PRESS ,0038]P    -59mbar,T +4038mdegC
1593894546:[PRESS ,0038]P    -59mbar,T-23544mdegC
1593894546:[BYPASS,0035]bypass opening 10000ms
1593894551:[BYPASS,0104]battery 15161mV,  245830uA (bypass opening), P    -59mbar
1593894566:[BYPASS,0106]battery 15142mV,  289384uA (bypass closing), P    -59mbar
1593894570:[PRESS ,0038]P     +1mbar,T +4038mdegC
1593894573:[PRESS ,0038]P    +11mbar,T-23544mdegC
1593894577:[PRESS ,0038]P    +41mbar,T +4038mdegC
1593894586:[PRESS ,0038]P   +101mbar,T +4038mdegC
1593894588:[PRESS ,0038]P   +101mbar,T-23544mdegC
1593894589:[PRESS ,0038]P   +111mbar,T +4038mdegC
1593894591:[PRESS ,0038]P   +121mbar,T-23544mdegC
1593894593:[PRESS ,0038]P   +141mbar,T +4038mdegC
1593894596:[PRESS ,0038]P   +151mbar,T-23544mdegC
1593894604:[PRESS ,0038]P   +191mbar,T +4038mdegC
1593894607:[PRESS ,0038]P   +201mbar,T+31617mdegC
1593894610:[PRESS ,0038]P   +221mbar,T +4038mdegC
1593894618:[PRESS ,0038]P   +261mbar,T-23544mdegC
1593894621:[PRESS ,0038]P   +291mbar,T +4038mdegC
1593894624:[PRESS ,0038]P   +291mbar,T+31617mdegC
1593894626:[PRESS ,0038]P   +301mbar,T +4038mdegC
1593894629:[PRESS ,0038]P   +311mbar,T-23544mdegC
1593894632:[PRESS ,0038]P   +321mbar,T +4038mdegC
1593894635:[PRESS ,0038]P   +351mbar,T+31617mdegC
1593894638:[PRESS ,0038]P   +371mbar,T +4038mdegC
1593894640:[PRESS ,0038]P   +381mbar,T+31617mdegC
1593894649:[PRESS ,0038]P   +421mbar,T +4038mdegC
1593894660:[PRESS ,0038]P   +481mbar,T +4038mdegC
1593894667:[DIVING,0028]531mbar reached (+6mbar/s), 11 bypass done
1593894668:[MAIN  ,0056]stage[0]
1593894670:[MAIN  ,0024]internal pressure 84029Pa
1593894671:[PRESS ,0038]P   +551mbar,T+31617mdegC
1593894671:[BUOY  ,0037]P   +551mbar
1593894671:[STAGE ,0080]Stage [0] 5000mbar (+/-500mbar) 1800s (<1593896467s) 
1593894673:[PRESS ,0038]P   +551mbar,T +4038mdegC
1593894733:[PRESS ,0038]P   +921mbar,T +4038mdegC
1593894742:[PRESS ,0038]P   +981mbar,T +4038mdegC
1593894748:[PRESS ,0038]P  +1011mbar,T+31617mdegC
1593894749:[PRESS ,0038]P  +1011mbar,T +4038mdegC
1593894819:[PRESS ,0038]P  +1431mbar,T +4038mdegC
1593894821:[PRESS ,0038]P  +1441mbar,T -6340mdegC
1593894822:[PRESS ,0038]P  +1451mbar,T +4038mdegC
1593894824:[PRESS ,0038]P  +1461mbar,T+31617mdegC
1593894826:[PRESS ,0038]P  +1461mbar,T +4038mdegC
1593894828:[PRESS ,0038]P  +1471mbar,T+31617mdegC
1593894830:[PRESS ,0038]P  +1491mbar,T +4038mdegC
1593894832:[PRESS ,0038]P  +1481mbar,T+31617mdegC
1593894833:[PRESS ,0038]P  +1501mbar,T +4038mdegC
1593894835:[PRESS ,0038]P  +1511mbar,T+31617mdegC
1593894839:[PRESS ,0038]P  +1521mbar,T +4038mdegC
1593894841:[PRESS ,0038]P  +1531mbar,T+31617mdegC
1593894842:[PRESS ,0038]P  +1541mbar,T +4038mdegC
1593894844:[PRESS ,0038]P  +1541mbar,T+31617mdegC
1593894905:[PRESS ,0038]P  +1781mbar,T +4038mdegC
1593894907:[PRESS ,0038]P  +1781mbar,T+31617mdegC
1593894915:[PRESS ,0038]P  +1811mbar,T +4038mdegC
1593894919:[PRESS ,0038]P  +1821mbar,T+31617mdegC
1593894924:[PRESS ,0038]P  +1841mbar,T-23544mdegC
1593894926:[PRESS ,0038]P  +1841mbar,T +4038mdegC
1593894990:[PRESS ,0038]P  +2011mbar,T+31617mdegC
1593894992:[PRESS ,0038]P  +2021mbar,T-23544mdegC
1593894994:[PRESS ,0038]P  +2031mbar,T+31617mdegC
1593894998:[PRESS ,0038]P  +2031mbar,T +4038mdegC
1593894999:[PRESS ,0038]P  +2041mbar,T+31617mdegC
1593895003:[PRESS ,0038]P  +2061mbar,T +4038mdegC
1593895005:[PRESS ,0038]P  +2071mbar,T+31617mdegC
1593895007:[PRESS ,0038]P  +2081mbar,T +4038mdegC
1593895010:[PRESS ,0038]P  +2091mbar,T+31617mdegC
1593895014:[PRESS ,0038]P  +2111mbar,T +4038mdegC
1593895016:[PRESS ,0038]P  +2121mbar,T+31617mdegC
1593895076:[PRESS ,0038]P  +2251mbar,T +4038mdegC
1593895078:[PRESS ,0038]P  +2251mbar,T-23544mdegC
1593895080:[PRESS ,0038]P  +2261mbar,T+31617mdegC
1593895085:[PRESS ,0038]P  +2261mbar,T +4038mdegC
1593895087:[PRESS ,0038]P  +2261mbar,T+31617mdegC
1593895089:[PRESS ,0038]P  +2251mbar,T +4038mdegC
1593895091:[PRESS ,0038]P  +2271mbar,T+31617mdegC
1593895092:[PRESS ,0038]P  +2261mbar,T +4038mdegC
1593895096:[PRESS ,0038]P  +2271mbar,T+31617mdegC
1593895098:[PRESS ,0038]P  +2281mbar,T +4038mdegC
1593895101:[PRESS ,0038]P  +2281mbar,T+31617mdegC
1593895101:[BUOY  ,0087]from +1mbar/s to +4mbar/s
1593895101:[BUOY  ,0090]need to transfer -24mL (valve during 6511ms)
1593895101:[VALVE ,0034]valve opening 6511ms
1593895108:[VALVE ,0234]battery 15175mV,  503128uA, P  +2281mbar
1593895162:[PRESS ,0038]P  +2361mbar,T+31617mdegC
1593895166:[PRESS ,0038]P  +2371mbar,T +4038mdegC
1593895168:[PRESS ,0038]P  +2381mbar,T+31617mdegC
1593895171:[PRESS ,0038]P  +2381mbar,T +4038mdegC
1593895173:[PRESS ,0038]P  +2381mbar,T+31617mdegC
1593895175:[PRESS ,0038]P  +2391mbar,T +4038mdegC
1593895177:[PRESS ,0038]P  +2391mbar,T+31617mdegC
1593895178:[PRESS ,0038]P  +2401mbar,T +4038mdegC
1593895182:[PRESS ,0038]P  +2401mbar,T+31617mdegC
1593895187:[BUOY  ,0087]from +2mbar/s to +4mbar/s
1593895187:[BUOY  ,0090]need to transfer -20mL (valve during 5204ms)
1593895187:[VALVE ,0034]valve opening 5204ms
1593895193:[VALVE ,0234]battery 15172mV,  499956uA, P  +2411mbar
1593895248:[PRESS ,0038]P  +2681mbar,T+31617mdegC
1593895252:[PRESS ,0038]P  +2711mbar,T +4038mdegC
1593895254:[PRESS ,0038]P  +2721mbar,T -6340mdegC
1593895255:[PRESS ,0038]P  +2721mbar,T +4038mdegC
1593895261:[PRESS ,0038]P  +2761mbar,T+31617mdegC
1593895264:[PRESS ,0038]P  +2761mbar,T +4038mdegC
1593895268:[PRESS ,0038]P  +2791mbar,T+31617mdegC
1593895270:[PRESS ,0038]P  +2791mbar,T +4038mdegC
1593895273:[PRESS ,0038]P  +2811mbar,T+31617mdegC
1593895273:[BUOY  ,0087]from +5mbar/s to +3mbar/s
1593895273:[BUOY  ,0089]need to transfer +26mL (pump during 31485ms)
1593895281:[PUMP  ,0207]battery 15417mV,   18788uA (warmup), P  +2811mbar
1593895281:[PUMP  ,0016]pump during 31485ms
1593895312:[PUMP  ,0212]battery 15238mV,  323056uA (steady state), P  +2811mbar
1593895337:[PRESS ,0038]P  +2961mbar,T+31617mdegC
1593895341:[PRESS ,0038]P  +2971mbar,T -6340mdegC
1593895344:[PRESS ,0038]P  +2981mbar,T +4038mdegC
1593895346:[PRESS ,0038]P  +2991mbar,T+31617mdegC
1593895348:[PRESS ,0038]P  +2971mbar,T +4038mdegC
1593895350:[PRESS ,0038]P  +2971mbar,T+31617mdegC
1593895352:[PRESS ,0038]P  +2981mbar,T +4038mdegC
1593895353:[PRESS ,0038]P  +2981mbar,T+31617mdegC
1593895361:[PRESS ,0038]P  +2981mbar,T +4038mdegC
1593895362:[PRESS ,0038]P  +2981mbar,T+31617mdegC
1593895362:<WARN>[BUOY  ,0094]stage[0] should DESCENT, stuck at 2981mbar for the #1 time
1593895362:[BUOY  ,0087]from +0mbar/s to +3mbar/s
1593895362:[BUOY  ,0090]need to transfer -14mL (valve during 3306ms)
1593895362:[VALVE ,0034]valve opening 3306ms
1593895366:[VALVE ,0234]battery 15136mV,  500566uA, P  +2981mbar
1593895423:[PRESS ,0038]P  +3081mbar,T+31617mdegC
1593895427:[PRESS ,0038]P  +3081mbar,T +4038mdegC
1593895429:[PRESS ,0038]P  +3081mbar,T+31617mdegC
1593895430:[PRESS ,0038]P  +3091mbar,T +4038mdegC
1593895434:[PRESS ,0038]P  +3101mbar,T-23544mdegC
1593895436:[PRESS ,0038]P  +3101mbar,T -6340mdegC
1593895438:[PRESS ,0038]P  +3111mbar,T +4038mdegC
1593895439:[PRESS ,0038]P  +3111mbar,T+31617mdegC
1593895441:[PRESS ,0038]P  +3121mbar,T-23544mdegC
1593895443:[PRESS ,0038]P  +3131mbar,T +4038mdegC
1593895448:[PRESS ,0038]P  +3141mbar,T+31617mdegC
1593895509:[PRESS ,0038]P  +3331mbar,T+31617mdegC
1593895511:[PRESS ,0038]P  +3331mbar,T -6340mdegC
1593895513:[PRESS ,0038]P  +3341mbar,T +4038mdegC
1593895514:[PRESS ,0038]P  +3351mbar,T+31617mdegC
1593895516:[PRESS ,0038]P  +3361mbar,T +4038mdegC
1593895520:[PRESS ,0038]P  +3361mbar,T -6340mdegC
1593895522:[PRESS ,0038]P  +3371mbar,T+31617mdegC
1593895529:[PRESS ,0038]P  +3391mbar,T +4038mdegC
1593895534:[PRESS ,0038]P  +3411mbar,T+31617mdegC
1593895595:[PRESS ,0038]P  +3601mbar,T +4038mdegC
1593895597:[PRESS ,0038]P  +3611mbar,T+31617mdegC
1593895598:[PRESS ,0038]P  +3621mbar,T +4038mdegC
1593895600:[PRESS ,0038]P  +3631mbar,T+31617mdegC
1593895604:[PRESS ,0038]P  +3641mbar,T +4038mdegC
1593895606:[PRESS ,0038]P  +3641mbar,T+31617mdegC
1593895607:[PRESS ,0038]P  +3651mbar,T +4038mdegC
1593895609:[PRESS ,0038]P  +3661mbar,T+31617mdegC
1593895611:[PRESS ,0038]P  +3651mbar,T -6340mdegC
1593895613:[PRESS ,0038]P  +3651mbar,T+31617mdegC
1593895615:[PRESS ,0038]P  +3671mbar,T +4038mdegC
1593895616:[PRESS ,0038]P  +3671mbar,T+31617mdegC
1593895620:[PRESS ,0038]P  +3681mbar,T +4038mdegC
1593895681:[PRESS ,0038]P  +3881mbar,T+31617mdegC
1593895682:[PRESS ,0038]P  +3891mbar,T +4038mdegC
1593895684:[PRESS ,0038]P  +3901mbar,T+31617mdegC
1593895686:[PRESS ,0038]P  +3911mbar,T +4038mdegC
1593895688:[PRESS ,0038]P  +3901mbar,T+31617mdegC
1593895690:[PRESS ,0038]P  +3921mbar,T -6340mdegC
1593895692:[PRESS ,0038]P  +3921mbar,T +4038mdegC
1593895695:[PRESS ,0038]P  +3931mbar,T+31617mdegC
1593895700:[PRESS ,0038]P  +3951mbar,T +4038mdegC
1593895766:[PRESS ,0038]P  +4181mbar,T+31617mdegC
1593895768:[PRESS ,0038]P  +4181mbar,T +4038mdegC
1593895774:[PRESS ,0038]P  +4211mbar,T+31617mdegC
1593895775:[PRESS ,0038]P  +4211mbar,T +4038mdegC
1593895782:[PRESS ,0038]P  +4221mbar,T+31617mdegC
1593895784:[PRESS ,0038]P  +4241mbar,T +4038mdegC
1593895790:[PRESS ,0038]P  +4251mbar,T+31617mdegC
1593895791:[PRESS ,0038]P  +4251mbar,T +4038mdegC
1593895852:[PRESS ,0038]P  +4461mbar,T+31617mdegC
1593895854:[PRESS ,0038]P  +4451mbar,T +4038mdegC
1593895856:[PRESS ,0038]P  +4461mbar,T+31617mdegC
1593895858:[PRESS ,0038]P  +4471mbar,T +4038mdegC
1593895859:[PRESS ,0038]P  +4471mbar,T-23544mdegC
1593895861:[PRESS ,0038]P  +4481mbar,T+31617mdegC
1593895866:[PRESS ,0038]P  +4501mbar,T +4038mdegC
1593895870:[PRESS ,0038]P  +4501mbar,T-23544mdegC
1593895872:[PRESS ,0038]P  +4511mbar,T +4038mdegC
1593895874:[PRESS ,0038]P  +4521mbar,T -6340mdegC
1593895875:[PRESS ,0038]P  +4531mbar,T+31617mdegC
1593895877:[STAGE ,0213]4531mbar reached at 1593895877s, ref 5000mbar +/-500mbar
1593895877:[BUOY  ,0087]from +3mbar/s to +0mbar/s
1593895877:[BUOY  ,0089]need to transfer +14mL (pump during 16811ms)
1593895886:[PUMP  ,0207]battery 15452mV,   18666uA (warmup), P  +4531mbar
1593895886:[PUMP  ,0016]pump during 16811ms
1593895902:[PUMP  ,0212]battery 15268mV,  327448uA (steady state), P  +4531mbar
1593895941:[PRESS ,0038]P  +4681mbar,T -6340mdegC
1593895945:[PRESS ,0038]P  +4691mbar,T+31617mdegC
1593895948:[PRESS ,0038]P  +4701mbar,T +4038mdegC
1593895950:[PRESS ,0038]P  +4701mbar,T+31617mdegC
1593895961:[PRESS ,0038]P  +4731mbar,T +4038mdegC
1593895964:[PRESS ,0038]P  +4741mbar,T+31617mdegC
1593895966:[BUOY  ,0087]from +3mbar/s to +0mbar/s
1593895966:[BUOY  ,0089]need to transfer +14mL (pump during 16811ms)
1593895974:[PUMP  ,0207]battery 15432mV,   18544uA (warmup), P  +4741mbar
1593895975:[PUMP  ,0016]pump during 16811ms
1593895991:[PUMP  ,0212]battery 15252mV,  322324uA (steady state), P  +4741mbar
1593896030:[PRESS ,0038]P  +4821mbar,T+31617mdegC
1593896032:[PRESS ,0038]P  +4811mbar,T -6340mdegC
1593896034:[PRESS ,0038]P  +4821mbar,T+31617mdegC
1593896036:[PRESS ,0038]P  +4821mbar,T +4038mdegC
1593896038:[PRESS ,0038]P  +4811mbar,T+31617mdegC
1593896039:[PRESS ,0038]P  +4811mbar,T +4038mdegC
1593896041:[PRESS ,0038]P  +4821mbar,T+31617mdegC
1593896046:[PRESS ,0038]P  +4811mbar,T +4038mdegC
1593896050:[PRESS ,0038]P  +4821mbar,T+31617mdegC
1593896052:[PRESS ,0038]P  +4821mbar,T +4038mdegC
1593896054:[PRESS ,0038]P  +4821mbar,T+31617mdegC
1593896055:[PRESS ,0038]P  +4811mbar,T +4038mdegC
1593896116:[PRESS ,0038]P  +4801mbar,T -6340mdegC
1593896177:[PRESS ,0038]P  +4781mbar,T +4038mdegC
1593896238:[PRESS ,0038]P  +4781mbar,T+31617mdegC
1593896298:[PRESS ,0038]P  +4821mbar,T-23544mdegC
1593896359:[PRESS ,0038]P  +4841mbar,T +4038mdegC
1593896480:[PRESS ,0038]P  +4921mbar,T -6340mdegC
1593896480:[MAIN  ,0140]stage[0] complete 1813s after mission start
1593896480:[MAIN  ,0056]stage[1]
1593896483:[MAIN  ,0024]internal pressure 82993Pa
1593896483:[PRESS ,0038]P  +4921mbar,T+31617mdegC
1593896483:[BUOY  ,0037]P  +4921mbar
1593896483:[STAGE ,0080]Stage [1] 5000mbar (+/-500mbar) 1800s (<1593898267s) 
1593896485:[STAGE ,0213]4921mbar reached at 1593896485s, ref 5000mbar +/-500mbar
1593896667:[PRESS ,0038]P  +4991mbar,T+31617mdegC
1593896849:[PRESS ,0038]P  +5051mbar,T+31617mdegC
1593896970:[PRESS ,0038]P  +5151mbar,T+31617mdegC
1593897092:[PRESS ,0038]P  +5251mbar,T+31617mdegC
1593897152:[PRESS ,0038]P  +5311mbar,T+31617mdegC
1593897153:[BUOY  ,0087]from +1mbar/s to +0mbar/s
1593897153:[BUOY  ,0089]need to transfer +2mL (pump during 2392ms)
1593897161:[PUMP  ,0207]battery 15495mV,   18666uA (warmup), P  +5311mbar
1593897161:[PUMP  ,0016]pump during 2392ms
1593897218:[PRESS ,0038]P  +5371mbar,T+31617mdegC
1593897225:[PRESS ,0038]P  +5381mbar,T +4038mdegC
1593897227:[PRESS ,0038]P  +5371mbar,T-23544mdegC
1593897229:[PRESS ,0038]P  +5371mbar,T -6340mdegC
1593897231:[PRESS ,0038]P  +5371mbar,T+31617mdegC
1593897236:[PRESS ,0038]P  +5381mbar,T +4038mdegC
1593897241:[PRESS ,0038]P  +5381mbar,T+31617mdegC
1593897241:[BUOY  ,0087]from +1mbar/s to +0mbar/s
1593897241:[BUOY  ,0089]need to transfer +2mL (pump during 2392ms)
1593897250:[PUMP  ,0207]battery 15492mV,   18544uA (warmup), P  +5381mbar
1593897250:[PUMP  ,0016]pump during 2392ms
1593897311:[PRESS ,0038]P  +5401mbar,T +4038mdegC
1593897318:[PRESS ,0038]P  +5401mbar,T+31617mdegC
1593897320:[PRESS ,0038]P  +5401mbar,T +4038mdegC
1593897321:[PRESS ,0038]P  +5401mbar,T+31617mdegC
1593897323:[PRESS ,0038]P  +5411mbar,T +4038mdegC
1593897325:[PRESS ,0038]P  +5401mbar,T-23544mdegC
1593897327:[PRESS ,0038]P  +5401mbar,T +4038mdegC
1593897330:[PRESS ,0038]P  +5411mbar,T-23544mdegC
1593897391:[PRESS ,0038]P  +5421mbar,T+31617mdegC
1593897816:[PRESS ,0038]P  +5421mbar,T +4038mdegC
1593897876:[PRESS ,0038]P  +5441mbar,T+31617mdegC
1593898119:[PRESS ,0038]P  +5531mbar,T+31617mdegC
1593898119:<WARN>[BUOY  ,0094]stage[1] should ASCENT, stuck at 5531mbar for the #1 time
1593898119:[BUOY  ,0087]from +0mbar/s to -2mbar/s
1593898119:[BUOY  ,0089]need to transfer +6mL (pump during 7174ms)
1593898127:[PUMP  ,0207]battery 15508mV,   18666uA (warmup), P  +5531mbar
1593898127:[PUMP  ,0016]pump during 7174ms
1593898134:[PUMP  ,0212]battery 15325mV,  318298uA (steady state), P  +5531mbar
1593898183:[PRESS ,0038]P  +5501mbar,T +4038mdegC
1593898185:[PRESS ,0038]P  +5511mbar,T+31617mdegC
1593898187:[PRESS ,0038]P  +5511mbar,T -6340mdegC
1593898188:[PRESS ,0038]P  +5491mbar,T+31617mdegC
1593898190:[PRESS ,0038]P  +5501mbar,T +4038mdegC
1593898199:[PRESS ,0038]P  +5491mbar,T+31617mdegC
1593898201:[PRESS ,0038]P  +5491mbar,T +4038mdegC
1593898203:[PRESS ,0038]P  +5491mbar,T-23544mdegC
1593898205:[PRESS ,0038]P  +5491mbar,T +4038mdegC
1593898269:[MAIN  ,0140]stage[1] complete 3602s after mission start
1593898269:[MRMAID,0188]acq already stopped
1593898329:[MSSION,0192]mission stopped, 2 stage(s) done
1593898329:[MAIN  ,0065]surfacing
1593898331:[PRESS ,0038]P  +5401mbar,T +4038mdegC
1593898331:[SURFIN,0036]P  +5401mbar
1593898339:[PUMP  ,0207]battery 15501mV,   18666uA (warmup), P  +5401mbar
1593898339:[PUMP  ,0016]pump during 60000ms
1593898398:[PUMP  ,0212]battery 15315mV,  324276uA (steady state), P  +5401mbar
1593898456:[PRESS ,0038]P  +5061mbar,T+31617mdegC
1593898458:[PRESS ,0038]P  +5061mbar,T +4038mdegC
1593898463:[PRESS ,0038]P  +5041mbar,T+31617mdegC
1593898467:[PRESS ,0038]P  +5031mbar,T-23544mdegC
1593898468:[PRESS ,0038]P  +5011mbar,T +4038mdegC
1593898472:[PRESS ,0038]P  +5001mbar,T-23544mdegC
1593898474:[PRESS ,0038]P  +4991mbar,T+31617mdegC
1593898476:[PRESS ,0038]P  +4991mbar,T +4038mdegC
1593898477:[PRESS ,0038]P  +4981mbar,T-23544mdegC
1593898479:[PRESS ,0038]P  +4981mbar,T+31617mdegC
1593898481:[PRESS ,0038]P  +4981mbar,T-23544mdegC
1593898489:[PUMP  ,0207]battery 15416mV,   18666uA (warmup), P  +4981mbar
1593898489:[PUMP  ,0016]pump during 60000ms
1593898548:[PUMP  ,0212]battery 15230mV,  329034uA (steady state), P  +4981mbar
1593898606:[PRESS ,0038]P  +4341mbar,T+31617mdegC
1593898613:[PRESS ,0038]P  +4311mbar,T -6340mdegC
1593898615:[PRESS ,0038]P  +4281mbar,T+31617mdegC
1593898617:[PRESS ,0038]P  +4271mbar,T +4038mdegC
1593898618:[PRESS ,0038]P  +4271mbar,T+31617mdegC
1593898620:[PRESS ,0038]P  +4251mbar,T +4038mdegC
1593898626:[PRESS ,0038]P  +4231mbar,T+31617mdegC
1593898627:[PRESS ,0038]P  +4201mbar,T-23544mdegC
1593898629:[PRESS ,0038]P  +4221mbar,T+31617mdegC
1593898631:[PRESS ,0038]P  +4191mbar,T-23544mdegC
1593898639:[PUMP  ,0207]battery 15355mV,   18666uA (warmup), P  +4191mbar
1593898639:[PUMP  ,0016]pump during 60000ms
1593898698:[PUMP  ,0212]battery 15171mV,  325130uA (steady state), P  +4191mbar
1593898756:[PRESS ,0038]P  +3341mbar,T+31617mdegC
1593898759:[PRESS ,0038]P  +3331mbar,T -6340mdegC
1593898761:[PRESS ,0038]P  +3311mbar,T +4038mdegC
1593898763:[PRESS ,0038]P  +3291mbar,T+31617mdegC
1593898765:[PRESS ,0038]P  +3291mbar,T +4038mdegC
1593898770:[PRESS ,0038]P  +3241mbar,T+31617mdegC
1593898772:[PRESS ,0038]P  +3221mbar,T +4038mdegC
1593898774:[PRESS ,0038]P  +3211mbar,T-23544mdegC
1593898777:[PRESS ,0038]P  +3161mbar,T +4038mdegC
1593898779:[PRESS ,0038]P  +3161mbar,T-23544mdegC
1593898781:[PRESS ,0038]P  +3151mbar,T +4038mdegC
1593898902:[PRESS ,0038]P  +2381mbar,T+31617mdegC
1593898911:[PUMP  ,0207]battery 15357mV,   18788uA (warmup), P  +2381mbar
1593898911:[PUMP  ,0016]pump during 60000ms
1593898970:[PUMP  ,0212]battery 15175mV,  315370uA (steady state), P  +2381mbar
1593899027:[PRESS ,0038]P  +1751mbar,T +4038mdegC
1593899029:[PRESS ,0038]P  +1741mbar,T+31617mdegC
1593899031:[PRESS ,0038]P  +1731mbar,T +4038mdegC
1593899035:[PRESS ,0038]P  +1731mbar,T+31617mdegC
1593899038:[PRESS ,0038]P  +1711mbar,T +4038mdegC
1593899060:[PUMP  ,0207]battery 15313mV,   18666uA (warmup), P  +1661mbar
1593899060:[PUMP  ,0016]pump during 60000ms
1593899119:[PUMP  ,0212]battery 15136mV,  306342uA (steady state), P  +1661mbar
1593899177:[PRESS ,0038]P   +921mbar,T +4038mdegC
1593899182:[PRESS ,0038]P   +891mbar,T+31617mdegC
1593899184:[PRESS ,0038]P   +871mbar,T +4038mdegC
1593899193:[PRESS ,0038]P   +801mbar,T +4038mdegC
1593899198:[PRESS ,0038]P   +771mbar,T-23544mdegC
1593899202:[PRESS ,0038]P   +741mbar,T +4038mdegC
1593899210:[PUMP  ,0207]battery 15286mV,   18788uA (warmup), P   +741mbar
1593899210:[PUMP  ,0016]pump during 60000ms
1593899269:[PUMP  ,0212]battery 15112mV,  298900uA (steady state), P   +741mbar
1593899327:[PRESS ,0038]P    -79mbar,T+31617mdegC
1593899330:[PRESS ,0038]P    -89mbar,T +4038mdegC
1593899332:[PRESS ,0038]P    -99mbar,T+31617mdegC
1593899336:[PRESS ,0038]P    -89mbar,T +4038mdegC
1593899341:[PRESS ,0038]P    -89mbar,T+31617mdegC
1593899343:[PRESS ,0038]P    -79mbar,T +4038mdegC
1593899348:[PRESS ,0038]P    -99mbar,T-23544mdegC
1593899350:[PRESS ,0038]P    -99mbar,T +4038mdegC
1593899354:[PRESS ,0038]P   -109mbar,T+31617mdegC
1593899355:[PRESS ,0038]P    -99mbar,T +4038mdegC
1593899356:[SURFIN,0020]filling external bladder
1593899364:[PUMP  ,0207]battery 15272mV,   18788uA (warmup), P    -99mbar
1593899364:[PUMP  ,0016]pump during 300000ms
1593899662:[PUMP  ,0212]battery 14838mV,  998082uA (steady state), P    -99mbar
1593899673:[PUMP  ,0207]battery 14787mV,   19032uA (warmup), P    -99mbar
1593899673:[PUMP  ,0016]pump during 300000ms
1593899802:[PUMP  ,0212]battery 14452mV,  941230uA (steady state), P    -99mbar
1593899804:[SURFIN,0019]external bladder full
1593899806:[PRESS ,0038]P    +20mbar,T+31617mdegC
1593899811:[PRESS ,0038]P    +20mbar,T +4038mdegC
1593899813:[PRESS ,0038]P    +20mbar,T-23544mdegC
1593899815:[PRESS ,0038]P    +30mbar,T +4038mdegC
1593899817:[PRESS ,0038]P    +20mbar,T+31617mdegC
1593899819:[PRESS ,0038]P    +20mbar,T +4038mdegC
1593899820:[PRESS ,0038]P    +20mbar,T+31617mdegC
1593899824:[PRESS ,0038]P    +30mbar,T +4038mdegC
1593899831:[PRESS ,0038]P    +30mbar,T+31617mdegC
1593899866:[MAIN  ,0272]Vbat 14999mV (min 14933mV)
1593899868:[MAIN  ,0024]internal pressure 80076Pa
1593899868:[MAIN  ,0043]Pext 21mbar (rng 20mbar)
1593899868:[MAIN  ,0064]surface
1593899879:[SURF  ,0022]GPS fix...
1593899899:[SURF  ,0015]10 PPS detected...
1593899900:[MRMAID,0052]Mermaid $GPSACK:+0,+0,+0,+0,+0,+0,-671;
1593899910:[MRMAID,0052]Mermaid $GPSOFF:3686322;
1593899910:[GPSFIX,0179]-1s diff
1593899911:[SURF  ,0222]2020-07-04T21:58:31
1593899911:[SURF  ,0082]Latitude : N43deg40.939mn, Longitude :E007deg19.177mn
1593899911:[SURF  ,0223]fix3D,8satellites
1593899911:[SURF  ,0084]GPS fix GPGSA : hdop0.950,vdop1.280
1593899921:[SURF  ,0274]last almanac : 41160
1593899933:[MRMAID,0026]1452 bytes in 0063/5F00FB96.MER
1593899939:[MAIN  ,0320]New pressure offset: 21mbar
1593899939:[LOGBIN,0078]*** switching to 0063/5F00FBA3 ***
