1593873335:[MAIN  ,0007]buoy 452.120-R-0063
1593873335:[MAIN  ,0055]soft pilotage 452.012.300_V2.20-20200612
1593873335:[MAIN  ,0010]cycle 3
1593873335:[SURF  ,0225]surface2
1593873353:[SURF  ,0022]GPS fix...
1593873374:[SURF  ,0015]10 PPS detected...
1593873375:[MRMAID,0052]Mermaid $GPSACK:+0,+0,+0,+0,+0,+0,-30;
1593873385:[MRMAID,0052]Mermaid $GPSOFF:3686321;
1593873385:[GPSFIX,0179]-1s diff
1593873386:[SURF  ,0222]2020-07-04T14:36:26
1593873386:[SURF  ,0082]Latitude : N43deg40.942mn, Longitude :E007deg19.180mn
1593873386:[SURF  ,0223]fix3D,11satellites
1593873386:[SURF  ,0084]GPS fix GPGSA : hdop0.730,vdop1.110
1593873396:[SURF  ,0025]Iridium...
1593873436:[SURF  ,0009]connected in 40s, signal quality 5
1593873507:[SURF  ,0218]prompt received, remote cmd end
1593873507:[SURF  ,0012]16 cmd(s) received
1593873528:[UPLOAD,0248]Upload data files...
1593873702:[UPLOAD,0231]"0063/5F00936A.MER" uploaded at 155bytes/s
1593873815:[UPLOAD,0231]"0063/5F00766C.BIN" uploaded at 132bytes/s
1593873831:[MAIN  ,0013]2 file(s) uploaded
1593873864:[SURF  ,0014]disconnected after 468s
1593873869:[SURFIN,0020]filling external bladder
1593873877:[PUMP  ,0207]battery 15151mV,   18544uA (warmup), P    +20mbar
1593873877:[PUMP  ,0016]pump during 300000ms
1593873885:[PUMP  ,0212]battery 14728mV,  960872uA (steady state), P    +20mbar
1593873887:[SURFIN,0019]external bladder full
1593873887:[SURF  ,0227]1st complete transfer
1593873901:[SURF  ,0022]GPS fix...
1593873922:[SURF  ,0015]10 PPS detected...
1593873923:[MRMAID,0052]Mermaid $GPSACK:+0,+0,+0,+0,+0,+0,+0;
1593873933:[MRMAID,0052]Mermaid $GPSOFF:3686321;
1593873934:[GPSFIX,0179]-1s diff
1593873935:[SURF  ,0222]2020-07-04T14:45:35
1593873935:[SURF  ,0082]Latitude : N43deg40.943mn, Longitude :E007deg19.180mn
1593873935:[SURF  ,0223]fix3D,10satellites
1593873935:[SURF  ,0084]GPS fix GPGSA : hdop0.710,vdop0.970
1593873952:[MAIN  ,0024]internal pressure 80646Pa
1593873953:[BYCMD ,0107]    FreeRTOS V8.2.3
1593873953:[BYCMD ,0108]    FatFS v11a
1593873953:[BYCMD ,0120]    bypass 10000ms 60000ms (20000ms 60000ms stored)
1593873953:[BYCMD ,0121]    valve 60000ms 12750 (60000ms 12750 stored)
1593873953:[BYCMD ,0122]    pump 60000ms 30% 10750 80% (60000ms 30% 10750 80% stored)
1593873953:[BYCMD ,0123]    rate 2mbar/s (2mbar/s stored)
1593873953:[BYCMD ,0124]    surface 500mbar (500mbar stored)
1593873953:[BYCMD ,0125]    near 1500mbar 3mbar/s (15000mbar 3mbar/s stored)
1593873953:[BYCMD ,0126]    far 2500mbar 4mbar/s (25000mbar 4mbar/s stored)
1593873953:[BYCMD ,0127]    ascent 8mbar/s (8mbar/s stored)
1593873953:[BYCMD ,0128]    dead 60s (300s stored)
1593873953:[BYCMD ,0129]    coeff 16/10 (16/10 stored)
1593873953:[BYCMD ,0130]    stab 10 (10 stored)
1593873953:[BYCMD ,0131]    delay 900s 3600s (900s 3600s stored)
1593873953:[BYCMD ,0132]    mmtime 2880min (2880min stored)
1593873953:[BYCMD ,0133]    dv_landing 100ml (100ml stored)
1593873953:[MKDCMD,0150]    p2t37: 15x2000ms, offset 22mbar
1593873953:[P2TCMD,0151]    p2t37: dp 50mbar, dt 5000mdegC
1593873954:[STAGE ,0080]Stage [0] 5000mbar (+/-500mbar) 1800s (<1800s) 
1593873954:[STAGE ,0080]Stage [1] 5000mbar (+/-500mbar) 1800s (<3600s) 
1593873954:[MAIN  ,0070]turn off bluetooth
1593873956:[PRESS ,0038]P     -2mbar,T +4038mdegC
1593873958:[PRESS ,0038]P    -12mbar,T+31617mdegC
1593873962:[PRESS ,0038]P     -2mbar,T +4038mdegC
1593873971:[PRESS ,0038]P    -12mbar,T+31617mdegC
1593873972:[PRESS ,0038]P    -12mbar,T +4038mdegC
1593873974:[PRESS ,0038]P    -12mbar,T+31617mdegC
1593873978:[PRESS ,0038]P    -12mbar,T +4038mdegC
1593873981:[DIVING,0141]diving from -2mbar, +0mbar/s
1593873981:[BYPASS,0035]bypass opening 60000ms
1593873987:[BYPASS,0104]battery 15050mV,  246684uA (bypass opening), P     -2mbar
1593874051:[BYPASS,0106]battery 15065mV,  294996uA (bypass closing), P     -2mbar
1593874053:[PRESS ,0038]P   -102mbar,T +4038mdegC
1593874060:[PRESS ,0038]P   -102mbar,T-23544mdegC
1593874062:[PRESS ,0038]P   -102mbar,T +4038mdegC
1593874064:[PRESS ,0038]P   -122mbar,T-23544mdegC
1593874066:[PRESS ,0038]P   -112mbar,T +4038mdegC
1593874068:[PRESS ,0038]P   -112mbar,T-23544mdegC
1593874071:[PRESS ,0038]P   -112mbar,T +4038mdegC
1593874073:[PRESS ,0038]P   -112mbar,T-23544mdegC
1593874075:[PRESS ,0038]P   -112mbar,T+31617mdegC
1593874077:[PRESS ,0038]P   -112mbar,T +4038mdegC
1593874078:[BYPASS,0035]bypass opening 10000ms
1593874083:[BYPASS,0104]battery 15098mV,  245586uA (bypass opening), P   -112mbar
1593874098:[BYPASS,0106]battery 15077mV,  293654uA (bypass closing), P   -112mbar
1593874100:[PRESS ,0038]P   -112mbar,T-23544mdegC
1593874102:[PRESS ,0038]P   -102mbar,T +4038mdegC
1593874106:[PRESS ,0038]P   -112mbar,T-23544mdegC
1593874107:[PRESS ,0038]P   -112mbar,T +4038mdegC
1593874113:[PRESS ,0038]P   -112mbar,T-23544mdegC
1593874115:[PRESS ,0038]P   -102mbar,T+31617mdegC
1593874116:[PRESS ,0038]P   -112mbar,T +4038mdegC
1593874120:[PRESS ,0038]P   -102mbar,T-23544mdegC
1593874122:[PRESS ,0038]P   -112mbar,T +4038mdegC
1593874125:[PRESS ,0038]P   -132mbar,T-23544mdegC
1593874125:[BYPASS,0035]bypass opening 10000ms
1593874130:[BYPASS,0104]battery 15110mV,  245952uA (bypass opening), P   -132mbar
1593874146:[BYPASS,0106]battery 15087mV,  292922uA (bypass closing), P   -132mbar
1593874147:[PRESS ,0038]P   -122mbar,T+31617mdegC
1593874149:[PRESS ,0038]P   -112mbar,T +4038mdegC
1593874156:[PRESS ,0038]P   -112mbar,T+31617mdegC
1593874160:[PRESS ,0038]P   -122mbar,T-23544mdegC
1593874162:[PRESS ,0038]P   -112mbar,T +4038mdegC
1593874163:[PRESS ,0038]P   -112mbar,T -6340mdegC
1593874165:[PRESS ,0038]P   -112mbar,T +4038mdegC
1593874171:[PRESS ,0038]P   -112mbar,T-23544mdegC
1593874172:[PRESS ,0038]P   -102mbar,T +4038mdegC
1593874172:[BYPASS,0035]bypass opening 10000ms
1593874177:[BYPASS,0104]battery 15117mV,  245830uA (bypass opening), P   -102mbar
1593874193:[BYPASS,0106]battery 15096mV,  292312uA (bypass closing), P   -102mbar
1593874194:[PRESS ,0038]P   -112mbar,T-23544mdegC
1593874196:[PRESS ,0038]P   -102mbar,T +4038mdegC
1593874203:[PRESS ,0038]P    -92mbar,T-23544mdegC
1593874205:[PRESS ,0038]P   -102mbar,T +4038mdegC
1593874210:[PRESS ,0038]P   -102mbar,T-23544mdegC
1593874214:[PRESS ,0038]P   -102mbar,T +4038mdegC
1593874219:[PRESS ,0038]P    -92mbar,T-23544mdegC
1593874219:[BYPASS,0035]bypass opening 10000ms
1593874224:[BYPASS,0104]battery 15126mV,  245830uA (bypass opening), P    -92mbar
1593874239:[BYPASS,0106]battery 15103mV,  291702uA (bypass closing), P    -92mbar
1593874241:[PRESS ,0038]P    -92mbar,T +4038mdegC
1593874247:[PRESS ,0038]P    -82mbar,T+31617mdegC
1593874248:[PRESS ,0038]P    -82mbar,T +4038mdegC
1593874252:[PRESS ,0038]P    -82mbar,T+31617mdegC
1593874254:[PRESS ,0038]P    -92mbar,T +4038mdegC
1593874256:[PRESS ,0038]P   -102mbar,T-23544mdegC
1593874257:[PRESS ,0038]P   -102mbar,T +4038mdegC
1593874263:[PRESS ,0038]P   -112mbar,T+31617mdegC
1593874265:[PRESS ,0038]P   -112mbar,T-23544mdegC
1593874266:[PRESS ,0038]P   -102mbar,T +4038mdegC
1593874266:[BYPASS,0035]bypass opening 10000ms
1593874271:[BYPASS,0104]battery 15131mV,  245952uA (bypass opening), P   -102mbar
1593874287:[BYPASS,0106]battery 15110mV,  291092uA (bypass closing), P   -102mbar
1593874288:[PRESS ,0038]P    -92mbar,T -6340mdegC
1593874290:[PRESS ,0038]P    -82mbar,T+31617mdegC
1593874292:[PRESS ,0038]P    -82mbar,T +4038mdegC
1593874296:[PRESS ,0038]P    -82mbar,T-23544mdegC
1593874297:[PRESS ,0038]P    -82mbar,T +4038mdegC
1593874299:[PRESS ,0038]P    -92mbar,T-23544mdegC
1593874301:[PRESS ,0038]P   -102mbar,T +4038mdegC
1593874304:[PRESS ,0038]P    -82mbar,T-23544mdegC
1593874308:[PRESS ,0038]P    -92mbar,T +4038mdegC
1593874313:[BYPASS,0035]bypass opening 10000ms
1593874318:[BYPASS,0104]battery 15137mV,  245220uA (bypass opening), P    -82mbar
1593874334:[BYPASS,0106]battery 15116mV,  290604uA (bypass closing), P    -82mbar
1593874341:[PRESS ,0038]P    -82mbar,T+31617mdegC
1593874342:[PRESS ,0038]P    -82mbar,T +4038mdegC
1593874346:[PRESS ,0038]P    -82mbar,T+31617mdegC
1593874348:[PRESS ,0038]P    -82mbar,T-23544mdegC
1593874350:[PRESS ,0038]P    -82mbar,T +4038mdegC
1593874355:[PRESS ,0038]P    -82mbar,T+31617mdegC
1593874357:[PRESS ,0038]P    -82mbar,T +4038mdegC
1593874360:[BYPASS,0035]bypass opening 10000ms
1593874365:[BYPASS,0104]battery 15141mV,  244366uA (bypass opening), P    -92mbar
1593874380:[BYPASS,0106]battery 15121mV,  290116uA (bypass closing), P    -92mbar
1593874388:[PRESS ,0038]P    -82mbar,T-23544mdegC
1593874391:[PRESS ,0038]P    -92mbar,T+31617mdegC
1593874393:[PRESS ,0038]P    -82mbar,T +4038mdegC
1593874398:[PRESS ,0038]P    -82mbar,T+31617mdegC
1593874400:[PRESS ,0038]P    -72mbar,T +4038mdegC
1593874407:[PRESS ,0038]P    -72mbar,T+31617mdegC
1593874407:[BYPASS,0035]bypass opening 10000ms
1593874412:[BYPASS,0104]battery 15146mV,  244488uA (bypass opening), P    -72mbar
1593874427:[BYPASS,0106]battery 15125mV,  289628uA (bypass closing), P    -72mbar
1593874429:[PRESS ,0038]P    -62mbar,T +4038mdegC
1593874443:[PRESS ,0038]P    -72mbar,T+31617mdegC
1593874445:[PRESS ,0038]P    -82mbar,T-23544mdegC
1593874447:[PRESS ,0038]P    -82mbar,T +4038mdegC
1593874452:[PRESS ,0038]P    -72mbar,T+31617mdegC
1593874454:[PRESS ,0038]P    -72mbar,T +4038mdegC
1593874454:[BYPASS,0035]bypass opening 10000ms
1593874459:[BYPASS,0104]battery 15150mV,  245830uA (bypass opening), P    -72mbar
1593874474:[BYPASS,0106]battery 15128mV,  289018uA (bypass closing), P    -72mbar
1593874481:[PRESS ,0038]P    -42mbar,T+31617mdegC
1593874483:[PRESS ,0038]P    -42mbar,T +4038mdegC
1593874485:[PRESS ,0038]P    -32mbar,T+31617mdegC
1593874489:[PRESS ,0038]P    -22mbar,T +4038mdegC
1593874506:[PRESS ,0038]P    +48mbar,T +4038mdegC
1593874512:[PRESS ,0038]P    +48mbar,T-23544mdegC
1593874515:[PRESS ,0038]P    +48mbar,T +4038mdegC
1593874518:[PRESS ,0038]P    +78mbar,T+31617mdegC
1593874520:[PRESS ,0038]P    +88mbar,T +4038mdegC
1593874526:[PRESS ,0038]P    +98mbar,T-23544mdegC
1593874529:[PRESS ,0038]P    +98mbar,T +4038mdegC
1593874537:[PRESS ,0038]P   +118mbar,T-23544mdegC
1593874540:[PRESS ,0038]P   +118mbar,T +4038mdegC
1593874551:[PRESS ,0038]P   +118mbar,T+31617mdegC
1593874557:[BYPASS,0035]bypass opening 10000ms
1593874562:[BYPASS,0104]battery 15173mV,  245586uA (bypass opening), P   +128mbar
1593874577:[BYPASS,0106]battery 15151mV,  289750uA (bypass closing), P   +128mbar
1593874579:[PRESS ,0038]P   +208mbar,T-23544mdegC
1593874580:[PRESS ,0038]P   +228mbar,T +4038mdegC
1593874582:[PRESS ,0038]P   +228mbar,T+31617mdegC
1593874584:[PRESS ,0038]P   +248mbar,T +4038mdegC
1593874586:[PRESS ,0038]P   +258mbar,T+31617mdegC
1593874588:[PRESS ,0038]P   +278mbar,T +4038mdegC
1593874593:[PRESS ,0038]P   +308mbar,T+31617mdegC
1593874596:[PRESS ,0038]P   +348mbar,T +4038mdegC
1593874606:[PRESS ,0038]P   +428mbar,T-23544mdegC
1593874609:[PRESS ,0038]P   +448mbar,T +4038mdegC
1593874617:[PRESS ,0038]P   +518mbar,T-23544mdegC
1593874619:[PRESS ,0038]P   +528mbar,T +4038mdegC
1593874619:[DIVING,0028]528mbar reached (+8mbar/s), 11 bypass done
1593874620:[MAIN  ,0056]stage[0]
1593874622:[MAIN  ,0024]internal pressure 84418Pa
1593874623:[BUOY  ,0037]P   +568mbar
1593874623:[STAGE ,0080]Stage [0] 5000mbar (+/-500mbar) 1800s (<1593876419s) 
1593874685:[PRESS ,0038]P  +1068mbar,T +4038mdegC
1593874687:[PRESS ,0038]P  +1078mbar,T+31617mdegC
1593874691:[PRESS ,0038]P  +1108mbar,T +4038mdegC
1593874693:[PRESS ,0038]P  +1138mbar,T+31617mdegC
1593874696:[PRESS ,0038]P  +1158mbar,T +4038mdegC
1593874700:[PRESS ,0038]P  +1198mbar,T+31617mdegC
1593874702:[PRESS ,0038]P  +1208mbar,T +4038mdegC
1593874710:[PRESS ,0038]P  +1268mbar,T+31617mdegC
1593874771:[PRESS ,0038]P  +1748mbar,T +4038mdegC
1593874773:[PRESS ,0038]P  +1748mbar,T+31617mdegC
1593874775:[PRESS ,0038]P  +1768mbar,T +4038mdegC
1593874776:[PRESS ,0038]P  +1758mbar,T+31617mdegC
1593874778:[PRESS ,0038]P  +1768mbar,T +4038mdegC
1593874780:[PRESS ,0038]P  +1788mbar,T+31617mdegC
1593874782:[PRESS ,0038]P  +1768mbar,T +4038mdegC
1593874784:[PRESS ,0038]P  +1778mbar,T+31617mdegC
1593874789:[PRESS ,0038]P  +1768mbar,T +4038mdegC
1593874793:[PRESS ,0038]P  +1758mbar,T+31617mdegC
1593874794:[PRESS ,0038]P  +1758mbar,T +4038mdegC
1593874796:[PRESS ,0038]P  +1748mbar,T+31617mdegC
1593874796:<WARN>[BUOY  ,0094]stage[0] should DESCENT, stuck at 1748mbar for the #1 time
1593874796:[BUOY  ,0087]from +0mbar/s to +4mbar/s
1593874796:[BUOY  ,0090]need to transfer -26mL (valve during 8085ms)
1593874796:[VALVE ,0034]valve opening 8085ms
1593874805:[VALVE ,0234]battery 15113mV,  499956uA, P  +1748mbar
1593874857:[PRESS ,0038]P  +1838mbar,T+31617mdegC
1593874861:[PRESS ,0038]P  +1838mbar,T-23544mdegC
1593874863:[PRESS ,0038]P  +1848mbar,T +4038mdegC
1593874866:[PRESS ,0038]P  +1828mbar,T+31617mdegC
1593874877:[PRESS ,0038]P  +1818mbar,T +4038mdegC
1593874882:<WARN>[BUOY  ,0094]stage[0] should DESCENT, stuck at 1828mbar for the #2 time
1593874882:[BUOY  ,0087]from -1mbar/s to +4mbar/s
1593874882:[BUOY  ,0090]need to transfer -28mL (valve during 8500ms)
1593874882:[VALVE ,0034]valve opening 8500ms
1593874891:[VALVE ,0234]battery 15115mV,  496174uA, P  +1828mbar
1593874943:[PRESS ,0038]P  +1858mbar,T+31617mdegC
1593874945:[PRESS ,0038]P  +1838mbar,T +4038mdegC
1593874948:[PRESS ,0038]P  +1848mbar,T+31617mdegC
1593874950:[PRESS ,0038]P  +1848mbar,T +4038mdegC
1593874961:[PRESS ,0038]P  +1848mbar,T+31617mdegC
1593874964:[PRESS ,0038]P  +1858mbar,T +4038mdegC
1593874966:[PRESS ,0038]P  +1848mbar,T+31617mdegC
1593874968:[PRESS ,0038]P  +1868mbar,T +4038mdegC
1593874968:<WARN>[BUOY  ,0094]stage[0] should DESCENT, stuck at 1868mbar for the #3 time
1593874968:[BUOY  ,0087]from +0mbar/s to +4mbar/s
1593874968:[BUOY  ,0090]need to transfer -26mL (valve during 7709ms)
1593874968:[VALVE ,0034]valve opening 7709ms
1593874976:[VALVE ,0234]battery 15115mV,  494710uA, P  +1868mbar
1593875029:[PRESS ,0038]P  +1938mbar,T+31617mdegC
1593875031:[PRESS ,0038]P  +1928mbar,T +4038mdegC
1593875032:[PRESS ,0038]P  +1928mbar,T+31617mdegC
1593875034:[PRESS ,0038]P  +1928mbar,T +4038mdegC
1593875036:[PRESS ,0038]P  +1928mbar,T+31617mdegC
1593875043:[PRESS ,0038]P  +1938mbar,T +4038mdegC
1593875047:[PRESS ,0038]P  +1928mbar,T-23544mdegC
1593875049:[PRESS ,0038]P  +1938mbar,T +4038mdegC
1593875050:[PRESS ,0038]P  +1948mbar,T+31617mdegC
1593875052:[PRESS ,0038]P  +1948mbar,T +4038mdegC
1593875054:[PRESS ,0038]P  +1948mbar,T+31617mdegC
1593875054:[BUOY  ,0087]from +1mbar/s to +4mbar/s
1593875054:[BUOY  ,0090]need to transfer -24mL (valve during 6955ms)
1593875054:[VALVE ,0034]valve opening 6955ms
1593875061:[VALVE ,0234]battery 15116mV,  494466uA, P  +1948mbar
1593875115:[PRESS ,0038]P  +2008mbar,T +4038mdegC
1593875122:[PRESS ,0038]P  +2008mbar,T+31617mdegC
1593875124:[PRESS ,0038]P  +1998mbar,T +4038mdegC
1593875126:[PRESS ,0038]P  +2008mbar,T+31617mdegC
1593875129:[PRESS ,0038]P  +2008mbar,T +4038mdegC
1593875136:[PRESS ,0038]P  +2028mbar,T+31617mdegC
1593875138:[PRESS ,0038]P  +2038mbar,T-23544mdegC
1593875140:[PRESS ,0038]P  +2028mbar,T +4038mdegC
1593875140:[BUOY  ,0087]from +1mbar/s to +4mbar/s
1593875140:[BUOY  ,0090]need to transfer -24mL (valve during 6800ms)
1593875140:[VALVE ,0034]valve opening 6800ms
1593875147:[VALVE ,0234]battery 15118mV,  494832uA, P  +2028mbar
1593875201:[PRESS ,0038]P  +2448mbar,T +4038mdegC
1593875204:[PRESS ,0038]P  +2458mbar,T+31617mdegC
1593875206:[PRESS ,0038]P  +2458mbar,T +4038mdegC
1593875210:[PRESS ,0038]P  +2488mbar,T+31617mdegC
1593875213:[PRESS ,0038]P  +2498mbar,T -6340mdegC
1593875215:[PRESS ,0038]P  +2498mbar,T+31617mdegC
1593875224:[PRESS ,0038]P  +2558mbar,T +4038mdegC
1593875226:[BUOY  ,0087]from +5mbar/s to +3mbar/s
1593875226:[BUOY  ,0089]need to transfer +26mL (pump during 31438ms)
1593875234:[PUMP  ,0207]battery 15387mV,   19032uA (warmup), P  +2568mbar
1593875234:[PUMP  ,0016]pump during 31438ms
1593875265:[PUMP  ,0212]battery 15197mV,  312564uA (steady state), P  +2568mbar
1593875290:[PRESS ,0038]P  +3128mbar,T +4038mdegC
1593875293:[PRESS ,0038]P  +3148mbar,T+31617mdegC
1593875295:[PRESS ,0038]P  +3168mbar,T +4038mdegC
1593875302:[PRESS ,0038]P  +3238mbar,T+31617mdegC
1593875304:[PRESS ,0038]P  +3248mbar,T +4038mdegC
1593875309:[PRESS ,0038]P  +3298mbar,T-23544mdegC
1593875313:[PRESS ,0038]P  +3328mbar,T +4038mdegC
1593875315:[BUOY  ,0087]from +9mbar/s to +3mbar/s
1593875315:[BUOY  ,0089]need to transfer +116mL (pump during 140266ms)
1593875323:[PUMP  ,0207]battery 15357mV,   18910uA (warmup), P  +3338mbar
1593875323:[PUMP  ,0016]pump during 60000ms
1593875382:[PUMP  ,0212]battery 15161mV,  327570uA (steady state), P  +3338mbar
1593875387:[PRESS ,0038]P  +3948mbar,T +4038mdegC
1593875390:[PRESS ,0038]P  +3968mbar,T-23544mdegC
1593875392:[PRESS ,0038]P  +3988mbar,T +4038mdegC
1593875397:[PRESS ,0038]P  +4008mbar,T-23544mdegC
1593875399:[PRESS ,0038]P  +4028mbar,T +4038mdegC
1593875401:[PRESS ,0038]P  +4058mbar,T+31617mdegC
1593875403:[PRESS ,0038]P  +4068mbar,T-23544mdegC
1593875405:[PRESS ,0038]P  +4078mbar,T +4038mdegC
1593875407:[PRESS ,0038]P  +4088mbar,T+14411mdegC
1593875408:[PRESS ,0038]P  +4108mbar,T +4038mdegC
1593875412:[PRESS ,0038]P  +4128mbar,T-23544mdegC
1593875412:[BUOY  ,0087]from +7mbar/s to +2mbar/s
1593875412:[BUOY  ,0089]need to transfer +72mL (pump during 87062ms)
1593875420:[PUMP  ,0207]battery 15292mV,   18910uA (warmup), P  +4128mbar
1593875420:[PUMP  ,0016]pump during 60000ms
1593875479:[PUMP  ,0212]battery 15103mV,  316468uA (steady state), P  +4128mbar
1593875484:[PRESS ,0038]P  +4638mbar,T +4038mdegC
1593875486:[PRESS ,0038]P  +4638mbar,T+31617mdegC
1593875488:[PRESS ,0038]P  +4648mbar,T +4038mdegC
1593875489:[PRESS ,0038]P  +4658mbar,T-23544mdegC
1593875493:[PRESS ,0038]P  +4688mbar,T +4038mdegC
1593875496:[PRESS ,0038]P  +4698mbar,T-23544mdegC
1593875498:[PRESS ,0038]P  +4718mbar,T +4038mdegC
1593875504:[PRESS ,0038]P  +4748mbar,T-23544mdegC
1593875505:[PRESS ,0038]P  +4758mbar,T+31617mdegC
1593875507:[PRESS ,0038]P  +4768mbar,T +4038mdegC
1593875509:[STAGE ,0213]4778mbar reached at 1593875509s, ref 5000mbar +/-500mbar
1593875509:[BUOY  ,0087]from +6mbar/s to +0mbar/s
1593875509:[BUOY  ,0089]need to transfer +58mL (pump during 70133ms)
1593875517:[PUMP  ,0207]battery 15248mV,   18910uA (warmup), P  +4778mbar
1593875517:[PUMP  ,0016]pump during 60000ms
1593875576:[PUMP  ,0212]battery 15055mV,  331230uA (steady state), P  +4778mbar
1593875581:[PRESS ,0038]P  +5108mbar,T+31617mdegC
1593875583:[PRESS ,0038]P  +5108mbar,T +4038mdegC
1593875585:[PRESS ,0038]P  +5118mbar,T+31617mdegC
1593875590:[PRESS ,0038]P  +5128mbar,T +4038mdegC
1593875594:[PRESS ,0038]P  +5128mbar,T+31617mdegC
1593875595:[PRESS ,0038]P  +5138mbar,T-23544mdegC
1593875597:[PRESS ,0038]P  +5148mbar,T +4038mdegC
1593875606:[BUOY  ,0087]from +3mbar/s to +0mbar/s
1593875606:[BUOY  ,0089]need to transfer +14mL (pump during 16928ms)
1593875614:[PUMP  ,0207]battery 15217mV,   18910uA (warmup), P  +5178mbar
1593875614:[PUMP  ,0016]pump during 16928ms
1593875630:[PUMP  ,0212]battery 15031mV,  315858uA (steady state), P  +5178mbar
1593875670:[PRESS ,0038]P  +5318mbar,T-23544mdegC
1593875672:[PRESS ,0038]P  +5318mbar,T +4038mdegC
1593875675:[PRESS ,0038]P  +5328mbar,T+31617mdegC
1593875679:[PRESS ,0038]P  +5338mbar,T +4038mdegC
1593875683:[PRESS ,0038]P  +5338mbar,T-23544mdegC
1593875684:[PRESS ,0038]P  +5338mbar,T+31617mdegC
1593875688:[PRESS ,0038]P  +5358mbar,T +4038mdegC
1593875693:[PRESS ,0038]P  +5368mbar,T+31617mdegC
1593875695:[PRESS ,0038]P  +5368mbar,T-23544mdegC
1593875695:[BUOY  ,0087]from +2mbar/s to +0mbar/s
1593875695:[BUOY  ,0089]need to transfer +6mL (pump during 7255ms)
1593875703:[PUMP  ,0207]battery 15257mV,   19032uA (warmup), P  +5368mbar
1593875703:[PUMP  ,0016]pump during 7255ms
1593875710:[PUMP  ,0212]battery 15058mV,  338306uA (steady state), P  +5368mbar
1593875759:[PRESS ,0038]P  +5488mbar,T+31617mdegC
1593875763:[PRESS ,0038]P  +5508mbar,T +4038mdegC
1593875765:[PRESS ,0038]P  +5498mbar,T+31617mdegC
1593875768:[PRESS ,0038]P  +5508mbar,T +4038mdegC
1593875773:[PRESS ,0038]P  +5518mbar,T+31617mdegC
1593875775:[PRESS ,0038]P  +5518mbar,T-23544mdegC
1593875777:[PRESS ,0038]P  +5528mbar,T+31617mdegC
1593875779:[PRESS ,0038]P  +5528mbar,T +4038mdegC
1593875784:<WARN>[BUOY  ,0094]stage[0] should ASCENT, stuck at 5538mbar for the #1 time
1593875784:[BUOY  ,0087]from +2mbar/s to -2mbar/s
1593875784:[BUOY  ,0089]need to transfer +12mL (pump during 14557ms)
1593875792:[PUMP  ,0207]battery 15295mV,   18910uA (warmup), P  +5538mbar
1593875793:[PUMP  ,0016]pump during 14557ms
1593875807:[PUMP  ,0212]battery 15092mV,  341112uA (steady state), P  +5538mbar
1593875848:[PRESS ,0038]P  +5638mbar,T+31617mdegC
1593875850:[PRESS ,0038]P  +5628mbar,T +4038mdegC
1593875861:[PRESS ,0038]P  +5648mbar,T+31617mdegC
1593875864:[PRESS ,0038]P  +5648mbar,T +4038mdegC
1593875870:[PRESS ,0038]P  +5658mbar,T+31617mdegC
1593875871:[PRESS ,0038]P  +5648mbar,T +4038mdegC
1593875873:[PRESS ,0038]P  +5648mbar,T-23544mdegC
1593875873:<WARN>[BUOY  ,0094]stage[0] should ASCENT, stuck at 5648mbar for the #2 time
1593875873:[BUOY  ,0087]from +1mbar/s to -2mbar/s
1593875873:[BUOY  ,0089]need to transfer +8mL (pump during 9705ms)
1593875882:[PUMP  ,0207]battery 15311mV,   18910uA (warmup), P  +5648mbar
1593875882:[PUMP  ,0016]pump during 9705ms
1593875891:[PUMP  ,0212]battery 15110mV,  337696uA (steady state), P  +5648mbar
1593875937:[PRESS ,0038]P  +5648mbar,T+31617mdegC
1593875941:[PRESS ,0038]P  +5658mbar,T +4038mdegC
1593875948:[PRESS ,0038]P  +5638mbar,T-23544mdegC
1593875950:[PRESS ,0038]P  +5638mbar,T+31617mdegC
1593875953:[PRESS ,0038]P  +5628mbar,T +4038mdegC
1593875955:[PRESS ,0038]P  +5628mbar,T+31617mdegC
1593875957:[PRESS ,0038]P  +5638mbar,T +4038mdegC
1593875959:[PRESS ,0038]P  +5628mbar,T+31617mdegC
1593875961:[PRESS ,0038]P  +5628mbar,T +4038mdegC
1593876023:[PRESS ,0038]P  +5548mbar,T -6340mdegC
1593876025:[PRESS ,0038]P  +5548mbar,T+31617mdegC
1593876032:[PRESS ,0038]P  +5538mbar,T +4038mdegC
1593876034:[PRESS ,0038]P  +5518mbar,T+31617mdegC
1593876036:[PRESS ,0038]P  +5528mbar,T +4038mdegC
1593876037:[PRESS ,0038]P  +5528mbar,T+31617mdegC
1593876039:[PRESS ,0038]P  +5538mbar,T +4038mdegC
1593876043:[PRESS ,0038]P  +5518mbar,T+31617mdegC
1593876045:[PRESS ,0038]P  +5528mbar,T -6340mdegC
1593876046:[PRESS ,0038]P  +5518mbar,T +4038mdegC
1593876048:[PRESS ,0038]P  +5528mbar,T+31617mdegC
1593876109:[PRESS ,0038]P  +5468mbar,T+31617mdegC
1593876114:[PRESS ,0038]P  +5448mbar,T -6340mdegC
1593876116:[PRESS ,0038]P  +5448mbar,T +4038mdegC
1593876118:[PRESS ,0038]P  +5448mbar,T+31617mdegC
1593876120:[PRESS ,0038]P  +5448mbar,T +4038mdegC
1593876121:[PRESS ,0038]P  +5438mbar,T+31617mdegC
1593876125:[PRESS ,0038]P  +5448mbar,T +4038mdegC
1593876127:[PRESS ,0038]P  +5438mbar,T -6340mdegC
1593876129:[PRESS ,0038]P  +5428mbar,T +4038mdegC
1593876132:[PRESS ,0038]P  +5428mbar,T+31617mdegC
1593876195:[PRESS ,0038]P  +5338mbar,T +4038mdegC
1593876255:[PRESS ,0038]P  +5278mbar,T -6340mdegC
1593876316:[PRESS ,0038]P  +5248mbar,T+31617mdegC
1593876437:[MAIN  ,0140]stage[0] complete 1818s after mission start
1593876437:[MAIN  ,0056]stage[1]
1593876440:[MAIN  ,0024]internal pressure 83108Pa
1593876440:[BUOY  ,0037]P  +5268mbar
1593876440:[STAGE ,0080]Stage [1] 5000mbar (+/-500mbar) 1800s (<1593878219s) 
1593876442:[STAGE ,0213]5268mbar reached at 1593876442s, ref 5000mbar +/-500mbar
1593876503:[PRESS ,0038]P  +5298mbar,T +4038mdegC
1593876564:[PRESS ,0038]P  +5308mbar,T -6340mdegC
1593876624:[PRESS ,0038]P  +5348mbar,T+31617mdegC
1593876685:[PRESS ,0038]P  +5398mbar,T +4038mdegC
1593876928:[PRESS ,0038]P  +5468mbar,T+31617mdegC
1593876988:[PRESS ,0038]P  +5498mbar,T +4038mdegC
1593877049:<WARN>[BUOY  ,0094]stage[1] should ASCENT, stuck at 5518mbar for the #1 time
1593877049:[BUOY  ,0087]from +0mbar/s to -2mbar/s
1593877049:[BUOY  ,0089]need to transfer +6mL (pump during 7185ms)
1593877057:[PUMP  ,0207]battery 15476mV,   18910uA (warmup), P  +5518mbar
1593877057:[PUMP  ,0016]pump during 7185ms
1593877064:[PUMP  ,0212]battery 15262mV,  341478uA (steady state), P  +5518mbar
1593877113:[PRESS ,0038]P  +5518mbar,T+31617mdegC
1593877117:[PRESS ,0038]P  +5518mbar,T +4038mdegC
1593877124:[PRESS ,0038]P  +5508mbar,T+31617mdegC
1593877126:[PRESS ,0038]P  +5498mbar,T +4038mdegC
1593877131:[PRESS ,0038]P  +5508mbar,T+31617mdegC
1593877133:[PRESS ,0038]P  +5508mbar,T +4038mdegC
1593877135:[PRESS ,0038]P  +5508mbar,T+31617mdegC
1593877136:[PRESS ,0038]P  +5498mbar,T +4038mdegC
1593877199:[PRESS ,0038]P  +5428mbar,T+31617mdegC
1593877259:[PRESS ,0038]P  +5368mbar,T-23544mdegC
1593877320:[PRESS ,0038]P  +5318mbar,T +4038mdegC
1593877381:[PRESS ,0038]P  +5298mbar,T+31617mdegC
1593877623:[PRESS ,0038]P  +5278mbar,T -6340mdegC
1593877684:[PRESS ,0038]P  +5258mbar,T +4038mdegC
1593877745:[PRESS ,0038]P  +5278mbar,T+31617mdegC
1593877987:[PRESS ,0038]P  +5298mbar,T +4038mdegC
1593878048:[PRESS ,0038]P  +5328mbar,T+31617mdegC
1593878109:[PRESS ,0038]P  +5328mbar,T +4038mdegC
1593878230:[PRESS ,0038]P  +5358mbar,T+31617mdegC
1593878230:[MAIN  ,0140]stage[1] complete 3611s after mission start
1593878230:[MRMAID,0188]acq already stopped
1593878291:[MSSION,0192]mission stopped, 2 stage(s) done
1593878291:[MAIN  ,0065]surfacing
1593878292:[PRESS ,0038]P  +5348mbar,T +4038mdegC
1593878292:[SURFIN,0036]P  +5348mbar
1593878301:[PUMP  ,0207]battery 15503mV,   18910uA (warmup), P  +5348mbar
1593878301:[PUMP  ,0016]pump during 60000ms
1593878360:[PUMP  ,0212]battery 15290mV,  334036uA (steady state), P  +5348mbar
1593878417:[PRESS ,0038]P  +4978mbar,T +4038mdegC
1593878423:[PRESS ,0038]P  +4948mbar,T+31617mdegC
1593878424:[PRESS ,0038]P  +4938mbar,T-23544mdegC
1593878426:[PRESS ,0038]P  +4938mbar,T +4038mdegC
1593878428:[PRESS ,0038]P  +4928mbar,T+31617mdegC
1593878430:[PRESS ,0038]P  +4918mbar,T +4038mdegC
1593878433:[PRESS ,0038]P  +4908mbar,T+31617mdegC
1593878435:[PRESS ,0038]P  +4888mbar,T-23544mdegC
1593878437:[PRESS ,0038]P  +4888mbar,T +4038mdegC
1593878441:[PRESS ,0038]P  +4868mbar,T-23544mdegC
1593878442:[PRESS ,0038]P  +4858mbar,T+31617mdegC
1593878451:[PUMP  ,0207]battery 15415mV,   18788uA (warmup), P  +4858mbar
1593878451:[PUMP  ,0016]pump during 60000ms
1593878510:[PUMP  ,0212]battery 15202mV,  337696uA (steady state), P  +4858mbar
1593878567:[PRESS ,0038]P  +4168mbar,T +4038mdegC
1593878569:[PRESS ,0038]P  +4158mbar,T+31617mdegC
1593878574:[PRESS ,0038]P  +4118mbar,T -6340mdegC
1593878576:[PRESS ,0038]P  +4118mbar,T-23544mdegC
1593878578:[PRESS ,0038]P  +4098mbar,T -6340mdegC
1593878580:[PRESS ,0038]P  +4088mbar,T +4038mdegC
1593878592:[PRESS ,0038]P  +4018mbar,T-23544mdegC
1593878600:[PUMP  ,0207]battery 15352mV,   18910uA (warmup), P  +4018mbar
1593878600:[PUMP  ,0016]pump during 60000ms
1593878659:[PUMP  ,0212]battery 15146mV,  326472uA (steady state), P  +4018mbar
1593878717:[PRESS ,0038]P  +3188mbar,T +4038mdegC
1593878719:[PRESS ,0038]P  +3178mbar,T+31617mdegC
1593878722:[PRESS ,0038]P  +3158mbar,T +4038mdegC
1593878724:[PRESS ,0038]P  +3148mbar,T+31617mdegC
1593878731:[PRESS ,0038]P  +3098mbar,T +4038mdegC
1593878733:[PRESS ,0038]P  +3078mbar,T-23544mdegC
1593878735:[PRESS ,0038]P  +3048mbar,T +4038mdegC
1593878739:[PRESS ,0038]P  +3038mbar,T-23544mdegC
1593878740:[PRESS ,0038]P  +3028mbar,T +4038mdegC
1593878750:[PUMP  ,0207]battery 15310mV,   18910uA (warmup), P  +3008mbar
1593878750:[PUMP  ,0016]pump during 60000ms
1593878809:[PUMP  ,0212]battery 15111mV,  311954uA (steady state), P  +3008mbar
1593878867:[PRESS ,0038]P  +2208mbar,T+31617mdegC
1593878871:[PRESS ,0038]P  +2198mbar,T-23544mdegC
1593878872:[PRESS ,0038]P  +2178mbar,T +4038mdegC
1593878876:[PRESS ,0038]P  +2188mbar,T+31617mdegC
1593878878:[PRESS ,0038]P  +2178mbar,T-23544mdegC
1593878880:[PRESS ,0038]P  +2158mbar,T +4038mdegC
1593878881:[PRESS ,0038]P  +2168mbar,T+31617mdegC
1593878883:[PRESS ,0038]P  +2158mbar,T +4038mdegC
1593878885:[PRESS ,0038]P  +2148mbar,T+31617mdegC
1593878889:[PRESS ,0038]P  +2138mbar,T +4038mdegC
1593878892:[PRESS ,0038]P  +2118mbar,T-23544mdegC
1593878900:[PUMP  ,0207]battery 15285mV,   18910uA (warmup), P  +2118mbar
1593878900:[PUMP  ,0016]pump during 60000ms
1593878959:[PUMP  ,0212]battery 15081mV,  325252uA (steady state), P  +2118mbar
1593879017:[PRESS ,0038]P  +1728mbar,T +4038mdegC
1593879021:[PRESS ,0038]P  +1718mbar,T+31617mdegC
1593879026:[PRESS ,0038]P  +1728mbar,T +4038mdegC
1593879028:[PRESS ,0038]P  +1718mbar,T+31617mdegC
1593879029:[PRESS ,0038]P  +1708mbar,T +4038mdegC
1593879040:[PRESS ,0038]P  +1678mbar,T+31617mdegC
1593879042:[PRESS ,0038]P  +1678mbar,T-23544mdegC
1593879050:[PUMP  ,0207]battery 15268mV,   19032uA (warmup), P  +1678mbar
1593879050:[PUMP  ,0016]pump during 60000ms
1593879109:[PUMP  ,0212]battery 15067mV,  319030uA (steady state), P  +1678mbar
1593879167:[PRESS ,0038]P   +928mbar,T +4038mdegC
1593879169:[PRESS ,0038]P   +908mbar,T+31617mdegC
1593879172:[PRESS ,0038]P   +878mbar,T +4038mdegC
1593879174:[PRESS ,0038]P   +868mbar,T+31617mdegC
1593879176:[PRESS ,0038]P   +848mbar,T +4038mdegC
1593879178:[PRESS ,0038]P   +838mbar,T+31617mdegC
1593879179:[PRESS ,0038]P   +828mbar,T +4038mdegC
1593879185:[PRESS ,0038]P   +758mbar,T-23544mdegC
1593879187:[PRESS ,0038]P   +758mbar,T +4038mdegC
1593879192:[PRESS ,0038]P   +708mbar,T-23544mdegC
1593879313:[PRESS ,0038]P    -92mbar,T +4038mdegC
1593879315:[PRESS ,0038]P   -102mbar,T+31617mdegC
1593879317:[PRESS ,0038]P    -92mbar,T +4038mdegC
1593879317:[SURFIN,0020]filling external bladder
1593879325:[PUMP  ,0207]battery 15317mV,   19032uA (warmup), P    -92mbar
1593879325:[PUMP  ,0016]pump during 300000ms
1593879624:[PUMP  ,0212]battery 14825mV, 1018456uA (steady state), P    -92mbar
1593879635:[PUMP  ,0207]battery 14803mV,   19032uA (warmup), P    -92mbar
1593879635:[PUMP  ,0016]pump during 300000ms
1593879758:[PUMP  ,0212]battery 14457mV,  948794uA (steady state), P    -92mbar
1593879760:[SURFIN,0019]external bladder full
1593879762:[PRESS ,0038]P    +20mbar,T-23544mdegC
1593879763:[PRESS ,0038]P    +20mbar,T +4038mdegC
1593879765:[PRESS ,0038]P    +20mbar,T-23544mdegC
1593879769:[PRESS ,0038]P    +20mbar,T +4038mdegC
1593879778:[PRESS ,0038]P    +20mbar,T+14411mdegC
1593879779:[PRESS ,0038]P    +20mbar,T +4038mdegC
1593879783:[PRESS ,0038]P    +20mbar,T-23544mdegC
1593879785:[PRESS ,0038]P    +30mbar,T +4038mdegC
1593879822:[MAIN  ,0272]Vbat 15016mV (min 14957mV)
1593879824:[MAIN  ,0024]internal pressure 80297Pa
1593879824:[MAIN  ,0043]Pext 20mbar (rng 20mbar)
1593879824:[MAIN  ,0064]surface
1593879834:[SURF  ,0022]GPS fix...
1593879835:<WARN>[GPSFIX,0123]GPRMC ms=990 #1
1593879835:<WARN>[GPSFIX,0123]GPRMC ms=990 #1
1593879856:[SURF  ,0015]10 PPS detected...
1593879857:[MRMAID,0052]Mermaid $GPSACK:+0,+0,+0,+0,+0,+0,-213;
1593879867:[MRMAID,0052]Mermaid $GPSOFF:3686321;
1593879868:[GPSFIX,0179]-1s diff
1593879869:[SURF  ,0222]2020-07-04T16:24:29
1593879869:[SURF  ,0082]Latitude : N43deg40.940mn, Longitude :E007deg19.180mn
1593879869:[SURF  ,0223]fix3D,9satellites
1593879869:[SURF  ,0084]GPS fix GPGSA : hdop0.810,vdop1.060
1593879879:[SURF  ,0274]last almanac : 21118
1593879891:[MRMAID,0026]1442 bytes in 0063/5F00AD4C.MER
1593879897:[MAIN  ,0320]New pressure offset: 20mbar
1593879897:[LOGBIN,0078]*** switching to 0063/5F00AD59 ***
