1595491884:[MONITR,0197]reboot code 0x0000, src/monitor.c@520
1595491884:[MAIN  ,0007]buoy 452.020-P-0064
1595491884:[MAIN  ,0055]soft pilotage 452.012.300_V2.22-20200709
1595491884:[MAIN  ,0011]date 2020-07-23T08:11:24
1595491890:[MAIN  ,0006]battery 15083mV,    4636uA
1595491893:[MAIN  ,0024]internal pressure 100975Pa
1595491894:[PRESS ,0038]P -96320mbar,T+26478mdegC
1595491894:[MRMAID,0182]thread started
1595491896:[MRMAID,0186]no wake-up
1595491896:[MRMAID,0188]acq already stopped
1595491897:[MRMAID,0052]Mermaid $BOARD:452116600-64;
1595491898:[MRMAID,0052]Mermaid $SOFT:2.1344;
1595491898:[TESTMD,0053]Enter in test mode? yes/no
1595491898:[TESTMD,0252]0064>
1595491928:[BYCMD ,0107]    FreeRTOS V8.2.3
1595491928:[BYCMD ,0108]    FatFS v11a
1595491928:[BYCMD ,0117]    valve is running
1595491928:[BYCMD ,0120]    bypass 20000ms 60000ms (20000ms 60000ms stored)
1595491928:[BYCMD ,0121]    valve 60000ms 12750 (60000ms 12750 stored)
1595491928:[BYCMD ,0122]    pump 60000ms 30% 10750 80% (60000ms 30% 10750 80% stored)
1595491928:[BYCMD ,0123]    rate 2mbar/s (2mbar/s stored)
1595491928:[BYCMD ,0124]    surface 500mbar (500mbar stored)
1595491928:[BYCMD ,0125]    near 15000mbar 3mbar/s (15000mbar 3mbar/s stored)
1595491928:[BYCMD ,0126]    far 25000mbar 4mbar/s (25000mbar 4mbar/s stored)
1595491928:[BYCMD ,0127]    ascent 8mbar/s (8mbar/s stored)
1595491928:[BYCMD ,0128]    dead 300s (300s stored)
1595491928:[BYCMD ,0129]    coeff 16/10 (16/10 stored)
1595491928:[BYCMD ,0130]    stab 10 (10 stored)
1595491928:[BYCMD ,0131]    delay 900s 3600s (900s 3600s stored)
1595491929:[BYCMD ,0132]    mmtime 2880min (2880min stored)
1595491929:[BYCMD ,0133]    dv_landing 100ml (100ml stored)
1595491929:[MKDCMD,0150]    p2t37: 15x2000ms, offset 0mbar
1595491929:[P2TCMD,0151]    p2t37: dp 5000mbar, dt 5000mdegC
1595491929:[STACMD,0077]    mission empty
1595491929:[MAIN  ,0065]surfacing
1595491931:[PRESS ,0038]P  -2060mbar,T+26478mdegC
1595491932:[PRESS ,0038]P -96320mbar,T+26463mdegC
1595491936:[PRESS ,0038]P  -2060mbar,T+26453mdegC
1595491938:[PRESS ,0038]P-102790mbar,T+26448mdegC
1595491939:[PRESS ,0038]P -96320mbar,T+26444mdegC
1595491943:[PRESS ,0038]P  -1910mbar,T+26442mdegC
1595491945:[PRESS ,0038]P -96320mbar,T+26441mdegC
1595491948:[PRESS ,0038]P  -2060mbar,T+26434mdegC
1595491950:[PRESS ,0038]P -96320mbar,T+26436mdegC
1595491952:[PRESS ,0038]P  -2060mbar,T+26438mdegC
1595491954:[PRESS ,0038]P -96320mbar,T+26439mdegC
1595491954:[SURFIN,0036]P -96320mbar
1595491956:[PRESS ,0038]P-102740mbar,T+26443mdegC
1595491958:[PRESS ,0038]P  -2060mbar,T+26448mdegC
1595491958:[SURFIN,0020]filling external bladder
1595491966:[PUMP  ,0016]pump during 300000ms
1595492275:[PUMP  ,0016]pump during 300000ms
1595492585:[PUMP  ,0016]pump during 300000ms
