946797977:[MONITR,0197]reboot code 0x0000, src/monitor.c@520
946797977:[MAIN  ,0007]buoy 452.020-R-0064
946797977:[MAIN  ,0055]soft pilotage 452.012.300_V2.18-20200518
946797977:[MAIN  ,0011]date 2000-01-02T07:26:17
946797983:[MAIN  ,0006]battery 14976mV,   40992uA
946797986:[MAIN  ,0024]internal pressure 101023Pa
946797987:[PRESS ,0038]P    -10mbar,T +1987mdegC
946797987:[MRMAID,0182]thread started
946797989:[MRMAID,0186]no wake-up
946797990:[MRMAID,0188]acq already stopped
946797990:[MRMAID,0052]Mermaid $BOARD:452116600-64;
946797991:[MRMAID,0052]Mermaid $SOFT:2.1338;
946797991:[TESTMD,0053]Enter in test mode? yes/no
946797991:[TESTMD,0252]0064>
946797992:[TESTMD,0050]"yes"
946797992:[TESTMD,0249]
Command list
pext    : Get external pressure
pint    : Get internal vacuum
ui      : Get voltage/current
act     : Test actuators
fillb   : Pump until filling the bladder
bpopen  : Open bypass
bpclose : Close bypass
date    : Get date
gps     : GPS synchronization
iridium : Iridium transfer
mstart  : Start mermaid acq
mstop   : Stop mermaid acq
mdata   : Get mermaid datas
mchecksd  : Start mermaid acq
mdump  : Send data REQUEST command with date and duration
s41dumpa : Get averaged CTD datas
s41dumpr : Get raw CTD datas
ls      : List files
cp      : Copy file or directory content on the desktop
rm      : Remove a file
h       : Print command list
q       : Quit

Advanced
pumps X : pompe Xs (lent)
pumpf X : pompe Xs (rapide)
evh     : ouvre l'electrovalve 30s
bypass  : ouvre le bypass 30s
dvmine  : deverminage de la carte
nominal : mode nominal pour mesure de conso
cychydr : test du circuit hydraulique
mkdir   : creer un repertoire
mv      : deplacer un fichier
ps      : liste les processus

Set params
stage   : Stage settings
buoy    : Buoy settings
p2t     : Pressure sensor settings
log     : Verb cfg
mermaid : Mermaid cfg
upload  : On/Off Irid transfer
sys  : system param settings


946797992:[TESTMD,0252]0064>
946798007:[TESTMD,0050]"pumps300"
946798015:[PUMP  ,0016]pump during 300000ms
946798317:[TESTMD,0252]0064>
946798358:[TESTMD,0050]"pumps300"
946798366:[PUMP  ,0016]pump during 300000ms
946798668:[TESTMD,0252]0064>
