1595490651:[MONITR,0197]reboot code 0x0000, src/monitor.c@520
1595490651:[MAIN  ,0007]buoy 452.020-P-0064
1595490651:[MAIN  ,0055]soft pilotage 452.012.300_V2.22-20200709
1595490651:[MAIN  ,0011]date 2020-07-23T07:50:51
1595490657:[MAIN  ,0006]battery 15082mV,   10126uA
1595490660:[MAIN  ,0024]internal pressure 100961Pa
1595490661:[PRESS ,0038]P -96320mbar,T+26430mdegC
1595490661:[MRMAID,0182]thread started
1595490663:[MRMAID,0186]no wake-up
1595490664:[MRMAID,0188]acq already stopped
1595490664:[MRMAID,0052]Mermaid $BOARD:452116600-64;
1595490665:[MRMAID,0052]Mermaid $SOFT:2.1344;
1595490665:[TESTMD,0053]Enter in test mode? yes/no
1595490665:[TESTMD,0252]0064>
1595490670:[TESTMD,0050]"yes"
1595490670:[TESTMD,0249]
Command list
pext    : Get external pressure
pint    : Get internal vacuum
ui      : Get voltage/current
act     : Test actuators
fillb   : Pump until filling the bladder
bpopen  : Open bypass
bpclose : Close bypass
date    : Get date
gps     : GPS synchronization
iridium : Iridium transfer
mstart  : Start mermaid acq
mstop   : Stop mermaid acq
mdata   : Get mermaid datas
mchecksd  : Start mermaid acq
mdump  : Send data REQUEST command with date and duration
s41dumpa : Get averaged CTD datas
s41dumpr : Get raw CTD datas
ls      : List files
cp      : Copy file or directory content on the desktop
rm      : Remove a file
h       : Print command list
q       : Quit

Advanced
pumps X : pompe Xs (lent)
pumpf X : pompe Xs (rapide)
evh     : ouvre l'electrovalve 30s
bypass  : ouvre le bypass 30s
dvmine  : deverminage de la carte
nominal : mode nominal pour mesure de conso
cychydr : test du circuit hydraulique
mkdir   : creer un repertoire
mv      : deplacer un fichier
ps      : liste les processus

Set params
stage   : Stage settings
buoy    : Buoy settings
p2t     : Pressure sensor settings
log     : Verb cfg
mermaid : Mermaid cfg
upload  : On/Off Irid transfer
sys  : system param settings


1595490670:[TESTMD,0252]0064>
1595490818:[TESTMD,0050]"iridium"
1595490825:[SURF  ,0025]Iridium...
1595490945:<ERR>[MODEM ,0347]ping error
1595490945:<WARN>[SURF  ,0023]failed to connect #1, code -1, net -1, qual -1, dial -1
1595491070:<ERR>[MODEM ,0347]ping error
1595491070:<WARN>[SURF  ,0023]failed to connect #2, code -1, net -1, qual -1, dial -1
1595491195:<ERR>[MODEM ,0347]ping error
1595491195:<WARN>[SURF  ,0023]failed to connect #3, code -1, net -1, qual -1, dial -1
1595491320:<ERR>[MODEM ,0347]ping error
1595491320:<WARN>[SURF  ,0023]failed to connect #4, code -1, net -1, qual -1, dial -1
1595491445:<ERR>[MODEM ,0347]ping error
1595491445:<WARN>[SURF  ,0023]failed to connect #5, code -1, net -1, qual -1, dial -1
1595491450:<ERR>[SURF  ,0117]no connection after 624s
1595491455:[TESTMD,0252]0064>
1595491542:[TESTMD,0050]"syslog"
1595491542:[SYSCMD,0261]iridium (Number:0088160000544 user:osean password:005eAN%)
1595491542:[SYSCMD,0267]iridium stored (Number:0088160000544 user:osean password:005eAN%)
1595491542:[SYSCMD,0263]prompteur: osean@mermaid:~>
1595491542:[SYSCMD,0269]prompteur stored: osean@mermaid:~>
1595491542:[TESTMD,0252]0064>
