1594446077:[MAIN  ,0007]buoy 452.120-R-0064
1594446077:[MAIN  ,0055]soft pilotage 452.012.300_V2.21-20200701
1594446077:[MAIN  ,0010]cycle 10
1594446077:[SURF  ,0225]surface2
1594446092:[SURF  ,0022]GPS fix...
1594446112:[SURF  ,0015]10 PPS detected...
1594446113:[MRMAID,0052]Mermaid $GPSACK:+0,+0,+0,+0,+0,+0,+0;
1594446123:[MRMAID,0052]Mermaid $GPSOFF:3686321;
1594446124:[GPSFIX,0179]-1s diff
1594446125:[SURF  ,0222]2020-07-11T05:42:05
1594446125:[SURF  ,0082]Latitude : N43deg40.938mn, Longitude :E007deg19.179mn
1594446125:[SURF  ,0223]fix3D,8satellites
1594446125:[SURF  ,0084]GPS fix GPGSA : hdop0.690,vdop1.130
1594446135:[SURF  ,0025]Iridium...
1594446175:[SURF  ,0009]connected in 40s, signal quality 5
1594446249:[SURF  ,0218]prompt received, remote cmd end
1594446249:[SURF  ,0012]16 cmd(s) received
1594446270:[UPLOAD,0248]Upload data files...
1594446519:[ZIO   ,0240]"NO CARRIER" received, aborting
1594446534:[SURF  ,0014]disconnected after 399s
1594446539:[SURFIN,0020]filling external bladder
1594446548:[PUMP  ,0207]battery 15165mV,   18422uA (warmup), P   +180mbar
1594446548:[PUMP  ,0016]pump during 300000ms
1594446556:[PUMP  ,0212]battery 14822mV,  805444uA (steady state), P   +180mbar
1594446558:[SURFIN,0019]external bladder full
1594446558:[SURF  ,0319]transfer interrupted
1594446573:[SURF  ,0022]GPS fix...
1594446593:[SURF  ,0015]10 PPS detected...
1594446594:[MRMAID,0052]Mermaid $GPSACK:+0,+0,+0,+0,+0,+0,-30;
1594446604:[MRMAID,0052]Mermaid $GPSOFF:3686321;
1594446605:[GPSFIX,0179]-1s diff
1594446606:[SURF  ,0222]2020-07-11T05:50:06
1594446606:[SURF  ,0082]Latitude : N43deg40.938mn, Longitude :E007deg19.178mn
1594446606:[SURF  ,0223]fix3D,8satellites
1594446606:[SURF  ,0084]GPS fix GPGSA : hdop0.690,vdop1.100
1594446623:[MAIN  ,0024]internal pressure 79361Pa
1594446624:[BYCMD ,0107]    FreeRTOS V8.2.3
1594446624:[BYCMD ,0108]    FatFS v11a
1594446624:[BYCMD ,0120]    bypass 10000ms 60000ms (20000ms 60000ms stored)
1594446624:[BYCMD ,0121]    valve 60000ms 12750 (60000ms 12750 stored)
1594446624:[BYCMD ,0122]    pump 60000ms 30% 10750 80% (60000ms 30% 10750 80% stored)
1594446624:[BYCMD ,0123]    rate 2mbar/s (2mbar/s stored)
1594446624:[BYCMD ,0124]    surface 500mbar (500mbar stored)
1594446624:[BYCMD ,0125]    near 1500mbar 3mbar/s (15000mbar 3mbar/s stored)
1594446624:[BYCMD ,0126]    far 2500mbar 4mbar/s (25000mbar 4mbar/s stored)
1594446624:[BYCMD ,0127]    ascent 8mbar/s (8mbar/s stored)
1594446624:[BYCMD ,0128]    dead 60s (300s stored)
1594446624:[BYCMD ,0129]    coeff 16/10 (16/10 stored)
1594446624:[BYCMD ,0130]    stab 10 (10 stored)
1594446624:[BYCMD ,0131]    delay 900s 3600s (900s 3600s stored)
1594446624:[BYCMD ,0132]    mmtime 2880min (2880min stored)
1594446624:[BYCMD ,0133]    dv_landing 100ml (100ml stored)
1594446624:[MKDCMD,0150]    p2t37: 15x2000ms, offset 170mbar
1594446624:[P2TCMD,0151]    p2t37: dp 50mbar, dt 5000mdegC
1594446625:[STAGE ,0080]Stage [0] 5000mbar (+/-500mbar) 1800s (<1800s) 
1594446625:[STAGE ,0080]Stage [1] 5000mbar (+/-500mbar) 1800s (<3600s) MERMAID
1594446625:[MAIN  ,0070]turn off bluetooth
1594446627:[PRESS ,0038]P     +0mbar,T-14411mdegC
1594446631:[PRESS ,0038]P     +0mbar,T+12902mdegC
1594446635:[PRESS ,0038]P     +0mbar,T-14411mdegC
1594446638:[PRESS ,0038]P    -10mbar,T+23812mdegC
1594446640:[PRESS ,0038]P    -10mbar,T-14411mdegC
1594446643:[PRESS ,0038]P     +0mbar,T+12902mdegC
1594446645:[PRESS ,0038]P    -10mbar,T-14411mdegC
1594446647:[PRESS ,0038]P    -20mbar,T+12902mdegC
1594446649:[PRESS ,0038]P    -10mbar,T-14411mdegC
1594446652:[DIVING,0141]diving from -10mbar, +0mbar/s
1594446653:[BYPASS,0035]bypass opening 60000ms
1594446658:[BYPASS,0104]battery 15075mV,  236070uA (bypass opening), P    -10mbar
1594446723:[BYPASS,0106]battery 15078mV,  296338uA (bypass closing), P    -10mbar
1594446724:[PRESS ,0038]P   -100mbar,T+12902mdegC
1594446726:[PRESS ,0038]P    -90mbar,T-14411mdegC
1594446733:[PRESS ,0038]P   -120mbar,T+12902mdegC
1594446735:[PRESS ,0038]P   -110mbar,T-14411mdegC
1594446737:[PRESS ,0038]P   -110mbar,T+12902mdegC
1594446742:[PRESS ,0038]P   -110mbar,T+23812mdegC
1594446744:[PRESS ,0038]P   -100mbar,T-14411mdegC
1594446746:[PRESS ,0038]P   -100mbar,T+12902mdegC
1594446748:[PRESS ,0038]P   -100mbar,T-14411mdegC
1594446749:[PRESS ,0038]P    -90mbar,T+12902mdegC
1594446749:[BYPASS,0035]bypass opening 10000ms
1594446755:[BYPASS,0104]battery 15115mV,  225090uA (bypass opening), P    -90mbar
1594446770:[BYPASS,0106]battery 15088mV,  295118uA (bypass closing), P    -90mbar
1594446771:[PRESS ,0038]P   -120mbar,T-14411mdegC
1594446773:[PRESS ,0038]P   -110mbar,T+12902mdegC
1594446777:[PRESS ,0038]P   -130mbar,T-14411mdegC
1594446779:[PRESS ,0038]P   -120mbar,T+12902mdegC
1594446780:[PRESS ,0038]P   -130mbar,T-14411mdegC
1594446782:[PRESS ,0038]P   -120mbar,T-25323mdegC
1594446784:[PRESS ,0038]P   -120mbar,T+12902mdegC
1594446789:[PRESS ,0038]P   -120mbar,T-14411mdegC
1594446793:[PRESS ,0038]P   -120mbar,T+12902mdegC
1594446796:[PRESS ,0038]P   -120mbar,T-14411mdegC
1594446796:[BYPASS,0035]bypass opening 10000ms
1594446802:[BYPASS,0104]battery 15123mV,  223748uA (bypass opening), P   -120mbar
1594446817:[BYPASS,0106]battery 15097mV,  294264uA (bypass closing), P   -120mbar
1594446818:[PRESS ,0038]P   -140mbar,T+12902mdegC
1594446822:[PRESS ,0038]P   -130mbar,T-25323mdegC
1594446824:[PRESS ,0038]P   -140mbar,T+12902mdegC
1594446826:[PRESS ,0038]P   -130mbar,T-14411mdegC
1594446827:[PRESS ,0038]P   -140mbar,T-25323mdegC
1594446829:[PRESS ,0038]P   -130mbar,T+12902mdegC
1594446835:[PRESS ,0038]P   -120mbar,T-14411mdegC
1594446842:[PRESS ,0038]P   -130mbar,T-25323mdegC
1594446843:[PRESS ,0038]P   -140mbar,T+12902mdegC
1594446843:[BYPASS,0035]bypass opening 10000ms
1594446849:[BYPASS,0104]battery 15132mV,  223382uA (bypass opening), P   -140mbar
1594446864:[BYPASS,0106]battery 15106mV,  293532uA (bypass closing), P   -140mbar
1594446865:[PRESS ,0038]P   -140mbar,T-14411mdegC
1594446871:[PRESS ,0038]P   -160mbar,T+12902mdegC
1594446873:[PRESS ,0038]P   -150mbar,T-14411mdegC
1594446874:[PRESS ,0038]P   -150mbar,T+12902mdegC
1594446880:[PRESS ,0038]P   -150mbar,T-14411mdegC
1594446890:[BYPASS,0035]bypass opening 10000ms
1594446895:[BYPASS,0104]battery 15141mV,  231922uA (bypass opening), P   -130mbar
1594446910:[BYPASS,0106]battery 15112mV,  292922uA (bypass closing), P   -130mbar
1594446914:[PRESS ,0038]P   -130mbar,T+12902mdegC
1594446918:[PRESS ,0038]P   -140mbar,T-14411mdegC
1594446921:[PRESS ,0038]P   -150mbar,T+12902mdegC
1594446923:[PRESS ,0038]P   -150mbar,T-14411mdegC
1594446927:[PRESS ,0038]P   -140mbar,T+12902mdegC
1594446928:[PRESS ,0038]P   -150mbar,T+23812mdegC
1594446930:[PRESS ,0038]P   -160mbar,T+12902mdegC
1594446934:[PRESS ,0038]P   -150mbar,T-25323mdegC
1594446936:[PRESS ,0038]P   -140mbar,T-14411mdegC
1594446937:[BYPASS,0035]bypass opening 10000ms
1594446942:[BYPASS,0104]battery 15147mV,  231678uA (bypass opening), P   -140mbar
1594446957:[BYPASS,0106]battery 15118mV,  292312uA (bypass closing), P   -140mbar
1594446963:[PRESS ,0038]P   -130mbar,T+12902mdegC
1594446965:[PRESS ,0038]P   -150mbar,T-14411mdegC
1594446968:[PRESS ,0038]P   -140mbar,T+12902mdegC
1594446970:[PRESS ,0038]P   -140mbar,T-14411mdegC
1594446974:[PRESS ,0038]P   -130mbar,T+12902mdegC
1594446981:[PRESS ,0038]P   -130mbar,T-14411mdegC
1594446982:[PRESS ,0038]P   -140mbar,T-25323mdegC
1594446984:[PRESS ,0038]P   -140mbar,T+12902mdegC
1594446984:[BYPASS,0035]bypass opening 10000ms
1594446989:[BYPASS,0104]battery 15152mV,  228018uA (bypass opening), P   -140mbar
1594447004:[BYPASS,0106]battery 15123mV,  291702uA (bypass closing), P   -140mbar
1594447010:[PRESS ,0038]P   -130mbar,T-14411mdegC
1594447024:[PRESS ,0038]P   -130mbar,T+12902mdegC
1594447028:[PRESS ,0038]P   -140mbar,T-14411mdegC
1594447031:[BYPASS,0035]bypass opening 10000ms
1594447036:[BYPASS,0104]battery 15157mV,  230214uA (bypass opening), P   -140mbar
1594447051:[BYPASS,0106]battery 15128mV,  291214uA (bypass closing), P   -140mbar
1594447053:[PRESS ,0038]P   -130mbar,T+12902mdegC
1594447058:[PRESS ,0038]P   -140mbar,T-14411mdegC
1594447060:[PRESS ,0038]P   -140mbar,T+12902mdegC
1594447062:[PRESS ,0038]P   -140mbar,T-14411mdegC
1594447066:[PRESS ,0038]P   -120mbar,T+12902mdegC
1594447067:[PRESS ,0038]P   -120mbar,T-14411mdegC
1594447071:[PRESS ,0038]P   -120mbar,T+12902mdegC
1594447078:[PRESS ,0038]P   -120mbar,T-14411mdegC
1594447078:[BYPASS,0035]bypass opening 10000ms
1594447083:[BYPASS,0104]battery 15162mV,  230458uA (bypass opening), P   -120mbar
1594447098:[BYPASS,0106]battery 15133mV,  290726uA (bypass closing), P   -120mbar
1594447105:[PRESS ,0038]P   -130mbar,T+12902mdegC
1594447125:[BYPASS,0035]bypass opening 10000ms
1594447130:[BYPASS,0104]battery 15163mV,  227042uA (bypass opening), P   -130mbar
1594447145:[BYPASS,0106]battery 15137mV,  290238uA (bypass closing), P   -130mbar
1594447148:[PRESS ,0038]P   -110mbar,T-14411mdegC
1594447150:[PRESS ,0038]P   -120mbar,T+12902mdegC
1594447163:[PRESS ,0038]P   -120mbar,T-14411mdegC
1594447164:[PRESS ,0038]P   -120mbar,T+12902mdegC
1594447166:[PRESS ,0038]P   -130mbar,T-14411mdegC
1594447168:[PRESS ,0038]P   -110mbar,T+23812mdegC
1594447170:[PRESS ,0038]P   -110mbar,T+12902mdegC
1594447172:[PRESS ,0038]P   -120mbar,T-14411mdegC
1594447172:[BYPASS,0035]bypass opening 10000ms
1594447177:[BYPASS,0104]battery 15170mV,  230946uA (bypass opening), P   -120mbar
1594447192:[BYPASS,0106]battery 15141mV,  289750uA (bypass closing), P   -120mbar
1594447194:[PRESS ,0038]P    -80mbar,T+12902mdegC
1594447203:[PRESS ,0038]P    -30mbar,T+23812mdegC
1594447204:[PRESS ,0038]P    -30mbar,T-14411mdegC
1594447211:[PRESS ,0038]P    +20mbar,T+12902mdegC
1594447217:[PRESS ,0038]P    +40mbar,T-14411mdegC
1594447221:[PRESS ,0038]P    +60mbar,T+12902mdegC
1594447224:[PRESS ,0038]P    +80mbar,T-14411mdegC
1594447230:[PRESS ,0038]P   +110mbar,T+12902mdegC
1594447235:[PRESS ,0038]P   +130mbar,T+23812mdegC
1594447238:[PRESS ,0038]P   +150mbar,T+12902mdegC
1594447241:[PRESS ,0038]P   +170mbar,T-14411mdegC
1594447244:[PRESS ,0038]P   +190mbar,T-25323mdegC
1594447246:[PRESS ,0038]P   +210mbar,T-14411mdegC
1594447249:[PRESS ,0038]P   +210mbar,T+12902mdegC
1594447252:[PRESS ,0038]P   +230mbar,T-14411mdegC
1594447258:[PRESS ,0038]P   +250mbar,T+12902mdegC
1594447269:[PRESS ,0038]P   +290mbar,T-14411mdegC
1594447272:[PRESS ,0038]P   +300mbar,T+12902mdegC
1594447274:[PRESS ,0038]P   +290mbar,T-14411mdegC
1594447280:[PRESS ,0038]P   +330mbar,T+12902mdegC
1594447283:[PRESS ,0038]P   +330mbar,T-25323mdegC
1594447286:[PRESS ,0038]P   +330mbar,T+12902mdegC
1594447288:[PRESS ,0038]P   +340mbar,T-14411mdegC
1594447291:[PRESS ,0038]P   +340mbar,T+12902mdegC
1594447302:[PRESS ,0038]P   +370mbar,T-25323mdegC
1594447305:[PRESS ,0038]P   +370mbar,T+12902mdegC
1594447311:[PRESS ,0038]P   +400mbar,T-25323mdegC
1594447316:[PRESS ,0038]P   +410mbar,T+12902mdegC
1594447319:[PRESS ,0038]P   +410mbar,T-14411mdegC
1594447325:[PRESS ,0038]P   +440mbar,T+12902mdegC
1594447327:[PRESS ,0038]P   +430mbar,T-14411mdegC
1594447330:[PRESS ,0038]P   +460mbar,T+12902mdegC
1594447333:[PRESS ,0038]P   +470mbar,T-25323mdegC
1594447336:[PRESS ,0038]P   +480mbar,T-14411mdegC
1594447339:[PRESS ,0038]P   +480mbar,T+12902mdegC
1594447346:[DIVING,0028]500mbar reached (+3mbar/s), 11 bypass done
1594447346:[MAIN  ,0056]stage[0]
1594447349:[MAIN  ,0024]internal pressure 83230Pa
1594447349:[BUOY  ,0037]P   +500mbar
1594447350:[STAGE ,0080]Stage [0] 5000mbar (+/-500mbar) 1800s (<1594449146s) 
1594447351:[PRESS ,0038]P   +520mbar,T-14411mdegC
1594447412:[PRESS ,0038]P   +630mbar,T-25323mdegC
1594447414:[PRESS ,0038]P   +640mbar,T+12902mdegC
1594447419:[PRESS ,0038]P   +640mbar,T-25323mdegC
1594447424:[PRESS ,0038]P   +640mbar,T+12902mdegC
1594447428:[PRESS ,0038]P   +660mbar,T-14411mdegC
1594447430:[PRESS ,0038]P   +660mbar,T-25323mdegC
1594447432:[PRESS ,0038]P   +660mbar,T+12902mdegC
1594447433:[PRESS ,0038]P   +680mbar,T-14411mdegC
1594447435:[PRESS ,0038]P   +670mbar,T+12902mdegC
1594447437:[BUOY  ,0087]from +2mbar/s to +4mbar/s
1594447437:[BUOY  ,0090]need to transfer -20mL (valve during 10200ms)
1594447437:[VALVE ,0034]valve opening 10200ms
1594447447:[VALVE ,0234]battery 15128mV,  503738uA, P   +670mbar
1594447498:[PRESS ,0038]P   +830mbar,T+12902mdegC
1594447509:[PRESS ,0038]P   +870mbar,T-25323mdegC
1594447510:[PRESS ,0038]P   +870mbar,T+12902mdegC
1594447514:[PRESS ,0038]P   +880mbar,T-25323mdegC
1594447516:[PRESS ,0038]P   +880mbar,T-14411mdegC
1594447518:[PRESS ,0038]P   +890mbar,T+12902mdegC
1594447519:[PRESS ,0038]P   +890mbar,T-25323mdegC
1594447521:[PRESS ,0038]P   +900mbar,T+12902mdegC
1594447584:[PRESS ,0038]P  +1080mbar,T+12902mdegC
1594447589:[PRESS ,0038]P  +1090mbar,T-25323mdegC
1594447591:[PRESS ,0038]P  +1080mbar,T+12902mdegC
1594447598:[PRESS ,0038]P  +1090mbar,T-25323mdegC
1594447603:[PRESS ,0038]P  +1100mbar,T-14411mdegC
1594447605:[PRESS ,0038]P  +1110mbar,T+12902mdegC
1594447609:[BUOY  ,0087]from +1mbar/s to +4mbar/s
1594447609:[BUOY  ,0090]need to transfer -24mL (valve during 9273ms)
1594447609:[VALVE ,0034]valve opening 9273ms
1594447618:[VALVE ,0234]battery 15143mV,  501908uA, P  +1110mbar
1594447669:[PRESS ,0038]P  +1200mbar,T-14411mdegC
1594447671:[PRESS ,0038]P  +1210mbar,T-25323mdegC
1594447673:[PRESS ,0038]P  +1210mbar,T-14411mdegC
1594447675:[PRESS ,0038]P  +1220mbar,T-25323mdegC
1594447677:[PRESS ,0038]P  +1210mbar,T+12902mdegC
1594447680:[PRESS ,0038]P  +1210mbar,T-14411mdegC
1594447682:[PRESS ,0038]P  +1220mbar,T+12902mdegC
1594447687:[PRESS ,0038]P  +1230mbar,T-25323mdegC
1594447689:[PRESS ,0038]P  +1230mbar,T-14411mdegC
1594447691:[PRESS ,0038]P  +1240mbar,T+12902mdegC
1594447695:[BUOY  ,0087]from +1mbar/s to +4mbar/s
1594447695:[BUOY  ,0090]need to transfer -24mL (valve during 8743ms)
1594447695:[VALVE ,0034]valve opening 8743ms
1594447703:[VALVE ,0234]battery 15140mV,  498370uA, P  +1230mbar
1594447755:[PRESS ,0038]P  +1420mbar,T+12902mdegC
1594447761:[PRESS ,0038]P  +1430mbar,T-25323mdegC
1594447763:[PRESS ,0038]P  +1440mbar,T+12902mdegC
1594447764:[PRESS ,0038]P  +1450mbar,T-25323mdegC
1594447766:[PRESS ,0038]P  +1460mbar,T+12902mdegC
1594447768:[PRESS ,0038]P  +1450mbar,T-25323mdegC
1594447770:[PRESS ,0038]P  +1460mbar,T+12902mdegC
1594447775:[PRESS ,0038]P  +1480mbar,T-25323mdegC
1594447777:[PRESS ,0038]P  +1490mbar,T-14411mdegC
1594447779:[PRESS ,0038]P  +1500mbar,T+12902mdegC
1594447781:[PRESS ,0038]P  +1500mbar,T-14411mdegC
1594447841:[PRESS ,0038]P  +1670mbar,T-25323mdegC
1594447843:[PRESS ,0038]P  +1670mbar,T+12902mdegC
1594447854:[PRESS ,0038]P  +1680mbar,T-25323mdegC
1594447855:[PRESS ,0038]P  +1690mbar,T+12902mdegC
1594447859:[PRESS ,0038]P  +1700mbar,T-25323mdegC
1594447861:[PRESS ,0038]P  +1700mbar,T+12902mdegC
1594447864:[PRESS ,0038]P  +1700mbar,T-14411mdegC
1594447866:[PRESS ,0038]P  +1710mbar,T+12902mdegC
1594447866:[BUOY  ,0087]from +2mbar/s to +4mbar/s
1594447866:[BUOY  ,0090]need to transfer -20mL (valve during 6220ms)
1594447866:[VALVE ,0034]valve opening 6220ms
1594447873:[VALVE ,0234]battery 15155mV,  501542uA, P  +1710mbar
1594447927:[PRESS ,0038]P  +1850mbar,T-14411mdegC
1594447929:[PRESS ,0038]P  +1870mbar,T+12902mdegC
1594447931:[PRESS ,0038]P  +1880mbar,T-25323mdegC
1594447933:[PRESS ,0038]P  +1880mbar,T+12902mdegC
1594447934:[PRESS ,0038]P  +1890mbar,T-25323mdegC
1594447938:[PRESS ,0038]P  +1890mbar,T+12902mdegC
1594447940:[PRESS ,0038]P  +1900mbar,T-25323mdegC
1594447942:[PRESS ,0038]P  +1900mbar,T-14411mdegC
1594447943:[PRESS ,0038]P  +1910mbar,T+12902mdegC
1594447950:[PRESS ,0038]P  +1920mbar,T-14411mdegC
1594448013:[PRESS ,0038]P  +2120mbar,T+12902mdegC
1594448022:[PRESS ,0038]P  +2150mbar,T-25323mdegC
1594448024:[PRESS ,0038]P  +2160mbar,T-14411mdegC
1594448025:[PRESS ,0038]P  +2150mbar,T+12902mdegC
1594448029:[PRESS ,0038]P  +2160mbar,T-25323mdegC
1594448031:[PRESS ,0038]P  +2170mbar,T-14411mdegC
1594448033:[PRESS ,0038]P  +2190mbar,T+12902mdegC
1594448038:[PRESS ,0038]P  +2180mbar,T-14411mdegC
1594448099:[PRESS ,0038]P  +2300mbar,T-25323mdegC
1594448100:[PRESS ,0038]P  +2300mbar,T+12902mdegC
1594448104:[PRESS ,0038]P  +2320mbar,T-25323mdegC
1594448108:[PRESS ,0038]P  +2320mbar,T-14411mdegC
1594448109:[PRESS ,0038]P  +2320mbar,T+12902mdegC
1594448120:[PRESS ,0038]P  +2330mbar,T-25323mdegC
1594448122:[PRESS ,0038]P  +2340mbar,T-14411mdegC
1594448124:[PRESS ,0038]P  +2350mbar,T+12902mdegC
1594448124:[BUOY  ,0087]from +2mbar/s to +4mbar/s
1594448124:[BUOY  ,0090]need to transfer -20mL (valve during 5313ms)
1594448124:[VALVE ,0034]valve opening 5313ms
1594448129:[VALVE ,0234]battery 15181mV,  504714uA, P  +2350mbar
1594448184:[PRESS ,0038]P  +2490mbar,T-25323mdegC
1594448188:[PRESS ,0038]P  +2510mbar,T+12902mdegC
1594448207:[PRESS ,0038]P  +2560mbar,T-25323mdegC
1594448209:[PRESS ,0038]P  +2560mbar,T+12902mdegC
1594448270:[PRESS ,0038]P  +2730mbar,T-14411mdegC
1594448272:[PRESS ,0038]P  +2730mbar,T+12902mdegC
1594448281:[PRESS ,0038]P  +2760mbar,T-14411mdegC
1594448282:[PRESS ,0038]P  +2760mbar,T+12902mdegC
1594448286:[PRESS ,0038]P  +2770mbar,T-14411mdegC
1594448288:[PRESS ,0038]P  +2780mbar,T+12902mdegC
1594448295:[PRESS ,0038]P  +2820mbar,T-14411mdegC
1594448356:[PRESS ,0038]P  +3020mbar,T+12902mdegC
1594448361:[PRESS ,0038]P  +3050mbar,T-25323mdegC
1594448363:[PRESS ,0038]P  +3050mbar,T+12902mdegC
1594448366:[PRESS ,0038]P  +3060mbar,T-14411mdegC
1594448370:[PRESS ,0038]P  +3060mbar,T+12902mdegC
1594448372:[PRESS ,0038]P  +3060mbar,T-14411mdegC
1594448375:[PRESS ,0038]P  +3080mbar,T+12902mdegC
1594448381:[PRESS ,0038]P  +3090mbar,T-14411mdegC
1594448441:[PRESS ,0038]P  +3230mbar,T-25323mdegC
1594448443:[PRESS ,0038]P  +3220mbar,T+12902mdegC
1594448445:[PRESS ,0038]P  +3240mbar,T-14411mdegC
1594448447:[PRESS ,0038]P  +3250mbar,T+12902mdegC
1594448449:[PRESS ,0038]P  +3250mbar,T-14411mdegC
1594448450:[PRESS ,0038]P  +3250mbar,T+12902mdegC
1594448456:[PRESS ,0038]P  +3270mbar,T-14411mdegC
1594448457:[PRESS ,0038]P  +3270mbar,T+12902mdegC
1594448459:[PRESS ,0038]P  +3270mbar,T-14411mdegC
1594448527:[PRESS ,0038]P  +3460mbar,T-14411mdegC
1594448529:[PRESS ,0038]P  +3470mbar,T+12902mdegC
1594448532:[PRESS ,0038]P  +3480mbar,T-14411mdegC
1594448534:[PRESS ,0038]P  +3480mbar,T+12902mdegC
1594448536:[PRESS ,0038]P  +3490mbar,T-14411mdegC
1594448540:[PRESS ,0038]P  +3500mbar,T+12902mdegC
1594448541:[PRESS ,0038]P  +3510mbar,T-14411mdegC
1594448545:[PRESS ,0038]P  +3520mbar,T+12902mdegC
1594448547:[PRESS ,0038]P  +3520mbar,T-14411mdegC
1594448550:[PRESS ,0038]P  +3540mbar,T+12902mdegC
1594448552:[PRESS ,0038]P  +3540mbar,T-14411mdegC
1594448613:[PRESS ,0038]P  +3710mbar,T-14411mdegC
1594448615:[PRESS ,0038]P  +3710mbar,T+23812mdegC
1594448616:[PRESS ,0038]P  +3720mbar,T+12902mdegC
1594448622:[PRESS ,0038]P  +3730mbar,T-14411mdegC
1594448627:[PRESS ,0038]P  +3740mbar,T+12902mdegC
1594448632:[PRESS ,0038]P  +3740mbar,T-14411mdegC
1594448638:[PRESS ,0038]P  +3760mbar,T+12902mdegC
1594448698:[PRESS ,0038]P  +3900mbar,T+12902mdegC
1594448700:[PRESS ,0038]P  +3910mbar,T-14411mdegC
1594448707:[PRESS ,0038]P  +3910mbar,T+12902mdegC
1594448709:[PRESS ,0038]P  +3920mbar,T-14411mdegC
1594448713:[PRESS ,0038]P  +3930mbar,T+12902mdegC
1594448716:[PRESS ,0038]P  +3950mbar,T-14411mdegC
1594448720:[PRESS ,0038]P  +3950mbar,T+23812mdegC
1594448724:[PRESS ,0038]P  +3960mbar,T-14411mdegC
1594448784:[PRESS ,0038]P  +4120mbar,T-14411mdegC
1594448788:[PRESS ,0038]P  +4120mbar,T+23812mdegC
1594448790:[PRESS ,0038]P  +4130mbar,T-14411mdegC
1594448791:[PRESS ,0038]P  +4120mbar,T+23812mdegC
1594448793:[PRESS ,0038]P  +4140mbar,T-14411mdegC
1594448800:[PRESS ,0038]P  +4160mbar,T+23812mdegC
1594448802:[PRESS ,0038]P  +4150mbar,T-14411mdegC
1594448806:[PRESS ,0038]P  +4160mbar,T -3504mdegC
1594448807:[PRESS ,0038]P  +4170mbar,T+23812mdegC
1594448809:[PRESS ,0038]P  +4170mbar,T-14411mdegC
1594448870:[PRESS ,0038]P  +4290mbar,T+12902mdegC
1594448872:[PRESS ,0038]P  +4300mbar,T-14411mdegC
1594448874:[PRESS ,0038]P  +4300mbar,T+12902mdegC
1594448875:[PRESS ,0038]P  +4300mbar,T-14411mdegC
1594448881:[PRESS ,0038]P  +4300mbar,T+23812mdegC
1594448883:[PRESS ,0038]P  +4310mbar,T-14411mdegC
1594448884:[PRESS ,0038]P  +4320mbar,T+23812mdegC
1594448886:[PRESS ,0038]P  +4330mbar,T+12902mdegC
1594448888:[PRESS ,0038]P  +4330mbar,T-14411mdegC
1594448892:[PRESS ,0038]P  +4340mbar,T+23812mdegC
1594448956:[PRESS ,0038]P  +4480mbar,T+23812mdegC
1594448958:[PRESS ,0038]P  +4490mbar,T-14411mdegC
1594448959:[PRESS ,0038]P  +4490mbar,T+12902mdegC
1594448963:[PRESS ,0038]P  +4500mbar,T-14411mdegC
1594448966:[PRESS ,0038]P  +4500mbar,T+23812mdegC
1594448968:[PRESS ,0038]P  +4510mbar,T-30820mdegC
1594448970:[PRESS ,0038]P  +4520mbar,T-14411mdegC
1594448972:[PRESS ,0038]P  +4520mbar,T+23812mdegC
1594448974:[PRESS ,0038]P  +4520mbar,T+12902mdegC
1594448976:[PRESS ,0038]P  +4530mbar,T-14411mdegC
1594448977:[PRESS ,0038]P  +4540mbar,T+23812mdegC
1594448981:[STAGE ,0213]4550mbar reached at 1594448981s, ref 5000mbar +/-500mbar
1594448981:[BUOY  ,0087]from +3mbar/s to +0mbar/s
1594448981:[BUOY  ,0089]need to transfer +14mL (pump during 16797ms)
1594448989:[PUMP  ,0207]battery 15478mV,   18666uA (warmup), P  +4550mbar
1594448989:[PUMP  ,0016]pump during 16797ms
1594449005:[PUMP  ,0212]battery 15322mV,  275598uA (steady state), P  +4550mbar
1594449045:[PRESS ,0038]P  +4710mbar,T-14411mdegC
1594449049:[PRESS ,0038]P  +4710mbar,T+23812mdegC
1594449063:[PRESS ,0038]P  +4740mbar,T-14411mdegC
1594449064:[PRESS ,0038]P  +4750mbar,T -3504mdegC
1594449066:[PRESS ,0038]P  +4750mbar,T+23812mdegC
1594449070:[PRESS ,0038]P  +4750mbar,T-14411mdegC
1594449131:[PRESS ,0038]P  +4870mbar,T+23812mdegC
1594449191:[PRESS ,0038]P  +5000mbar,T-14411mdegC
1594449191:[MAIN  ,0140]stage[0] complete 1845s after mission start
1594449191:[MAIN  ,0056]stage[1]
1594449194:[MAIN  ,0024]internal pressure 82356Pa
1594449195:[MRMAID,0002]acq started
1594449205:[BUOY  ,0037]P  +5010mbar
1594449205:[STAGE ,0080]Stage [1] 5000mbar (+/-500mbar) 1800s (<1594450946s) MERMAID
1594449207:[PRESS ,0038]P  +5030mbar,T+23812mdegC
1594449207:[STAGE ,0213]5030mbar reached at 1594449207s, ref 5000mbar +/-500mbar
1594449207:[BUOY  ,0087]from +2mbar/s to +0mbar/s
1594449207:[BUOY  ,0089]need to transfer +6mL (pump during 7194ms)
1594449215:[PUMP  ,0207]battery 15470mV,   18666uA (warmup), P  +5030mbar
1594449215:[PUMP  ,0016]pump during 7194ms
1594449223:[PUMP  ,0212]battery 15310mV,  284870uA (steady state), P  +5030mbar
1594449235:[MRMAID,0184]acq already started
1594449248:[MRMAID,0059]stop canceled
1594449283:[PRESS ,0038]P  +5060mbar,T-14411mdegC
1594449285:[PRESS ,0038]P  +5050mbar,T+23812mdegC
1594449288:[PRESS ,0038]P  +5060mbar,T-14411mdegC
1594449290:[PRESS ,0038]P  +5060mbar,T+23812mdegC
1594449294:[PRESS ,0038]P  +5060mbar,T-14411mdegC
1594449296:[PRESS ,0038]P  +5070mbar,T+23812mdegC
1594449299:[PRESS ,0038]P  +5070mbar,T-14411mdegC
1594449301:[PRESS ,0038]P  +5090mbar,T+23812mdegC
1594449306:[PRESS ,0038]P  +5090mbar,T-14411mdegC
1594449306:[BUOY  ,0087]from +2mbar/s to +0mbar/s
1594449306:[BUOY  ,0089]need to transfer +6mL (pump during 7194ms)
1594449306:[MRMAID,0003]acq stopped
1594449315:[PUMP  ,0207]battery 15466mV,   18422uA (warmup), P  +5090mbar
1594449315:[PUMP  ,0016]pump during 7194ms
1594449322:[PUMP  ,0212]battery 15306mV,  280966uA (steady state), P  +5090mbar
1594449326:[MRMAID,0002]acq started
1594449386:[PRESS ,0038]P  +5130mbar,T -3504mdegC
1594449387:[PRESS ,0038]P  +5140mbar,T-14411mdegC
1594449389:[PRESS ,0038]P  +5140mbar,T+23812mdegC
1594449400:[PRESS ,0038]P  +5160mbar,T -3504mdegC
1594449402:[PRESS ,0038]P  +5160mbar,T+23812mdegC
1594449405:[PRESS ,0038]P  +5170mbar,T-14411mdegC
1594449405:[BUOY  ,0087]from +2mbar/s to +0mbar/s
1594449405:[BUOY  ,0089]need to transfer +6mL (pump during 7194ms)
1594449405:[MRMAID,0003]acq stopped
1594449414:[PUMP  ,0207]battery 15462mV,   18422uA (warmup), P  +5170mbar
1594449414:[PUMP  ,0016]pump during 7194ms
1594449421:[PUMP  ,0212]battery 15302mV,  282186uA (steady state), P  +5170mbar
1594449425:[MRMAID,0002]acq started
1594449481:[PRESS ,0038]P  +5170mbar,T+23812mdegC
1594449483:[PRESS ,0038]P  +5170mbar,T-14411mdegC
1594449485:[PRESS ,0038]P  +5170mbar,T+23812mdegC
1594449494:[PRESS ,0038]P  +5170mbar,T -3504mdegC
1594449495:[PRESS ,0038]P  +5170mbar,T+23812mdegC
1594449501:[PRESS ,0038]P  +5180mbar,T -3504mdegC
1594449502:[PRESS ,0038]P  +5180mbar,T-14411mdegC
1594449504:[PRESS ,0038]P  +5170mbar,T+23812mdegC
1594449565:[PRESS ,0038]P  +5200mbar,T-14411mdegC
1594449578:[MRMAID,0027]52dbar, -14degC
1594449626:[PRESS ,0038]P  +5220mbar,T+23812mdegC
1594449808:[PRESS ,0038]P  +5280mbar,T+23812mdegC
1594449868:[PRESS ,0038]P  +5320mbar,T-14411mdegC
1594449990:[PRESS ,0038]P  +5420mbar,T+23812mdegC
1594450111:[PRESS ,0038]P  +5500mbar,T+23812mdegC
1594450111:<WARN>[BUOY  ,0094]stage[1] should ASCENT, stuck at 5500mbar for the #1 time
1594450111:[BUOY  ,0087]from +0mbar/s to -2mbar/s
1594450111:[BUOY  ,0089]need to transfer +6mL (pump during 7189ms)
1594450120:[PUMP  ,0207]battery 15491mV,   18910uA (warmup), P  +5500mbar
1594450120:[PUMP  ,0016]pump during 7189ms
1594450127:[PUMP  ,0212]battery 15326mV,  290726uA (steady state), P  +5500mbar
1594450140:[MRMAID,0184]acq already started
1594450186:[PRESS ,0038]P  +5530mbar,T -3504mdegC
1594450187:[PRESS ,0038]P  +5530mbar,T+23812mdegC
1594450189:[PRESS ,0038]P  +5520mbar,T-14411mdegC
1594450191:[PRESS ,0038]P  +5510mbar,T+23812mdegC
1594450193:[PRESS ,0038]P  +5520mbar,T -3504mdegC
1594450195:[PRESS ,0038]P  +5510mbar,T+23812mdegC
1594450207:[PRESS ,0038]P  +5530mbar,T -3504mdegC
1594450209:[PRESS ,0038]P  +5520mbar,T+23812mdegC
1594450211:<WARN>[BUOY  ,0094]stage[1] should ASCENT, stuck at 5530mbar for the #2 time
1594450211:[BUOY  ,0087]from +0mbar/s to -2mbar/s
1594450211:[BUOY  ,0089]need to transfer +6mL (pump during 7189ms)
1594450219:[PUMP  ,0207]battery 15482mV,   18788uA (warmup), P  +5530mbar
1594450219:[PUMP  ,0016]pump during 7189ms
1594450226:[PUMP  ,0212]battery 15321mV,  285358uA (steady state), P  +5530mbar
1594450239:[MRMAID,0184]acq already started
1594450285:[PRESS ,0038]P  +5510mbar,T-14411mdegC
1594450287:[PRESS ,0038]P  +5500mbar,T+23812mdegC
1594450296:[PRESS ,0038]P  +5500mbar,T-30820mdegC
1594450298:[PRESS ,0038]P  +5500mbar,T -3504mdegC
1594450299:[PRESS ,0038]P  +5490mbar,T-14411mdegC
1594450301:[PRESS ,0038]P  +5500mbar,T+23812mdegC
1594450303:[PRESS ,0038]P  +5500mbar,T -3504mdegC
1594450307:[PRESS ,0038]P  +5490mbar,T+23812mdegC
1594450308:[PRESS ,0038]P  +5500mbar,T -3504mdegC
1594450371:[PRESS ,0038]P  +5490mbar,T+23812mdegC
1594450432:[PRESS ,0038]P  +5470mbar,T -3504mdegC
1594450492:[PRESS ,0038]P  +5480mbar,T+23812mdegC
1594450614:[PRESS ,0038]P  +5420mbar,T -3504mdegC
1594450674:[PRESS ,0038]P  +5430mbar,T+23812mdegC
1594450679:[MRMAID,0059]stop canceled
1594450693:[MRMAID,0005]ascent request rejected
1594450779:[MRMAID,0027]54dbar, 24degC
1594450796:[PRESS ,0038]P  +5420mbar,T -3504mdegC
1594450978:[MAIN  ,0140]stage[1] complete 3632s after mission start
1594451581:<ERR>[MRMAID,0008]acq not stopped
1594451880:[MRMAID,0003]acq stopped
1594451880:[MRMAID,0052]Mermaid $MEASFS,96141,2402.685974,40.013968;
1594451883:[MSSION,0192]mission stopped, 2 stage(s) done
1594451883:[MAIN  ,0065]surfacing
1594451885:[SURFIN,0036]P  +5370mbar
1594451893:[PUMP  ,0207]battery 15502mV,   22814uA (warmup), P  +5370mbar
1594451893:[PUMP  ,0016]pump during 60000ms
1594451895:<WARN>[MERCMD,0006]ascent request while not in mission
1594451895:[MRMAID,0003]acq stopped
1594451952:[PUMP  ,0212]battery 15342mV,  287188uA (steady state), P  +5370mbar
1594452010:[PRESS ,0038]P  +5160mbar,T -3504mdegC
1594452015:[PRESS ,0038]P  +5140mbar,T-30820mdegC
1594452019:[PRESS ,0038]P  +5120mbar,T -3504mdegC
1594452021:[PRESS ,0038]P  +5120mbar,T-30820mdegC
1594452024:[PRESS ,0038]P  +5110mbar,T -3504mdegC
1594452026:[PRESS ,0038]P  +5100mbar,T-30820mdegC
1594452028:[PRESS ,0038]P  +5090mbar,T -3504mdegC
1594452031:[PRESS ,0038]P  +5080mbar,T-30820mdegC
1594452033:[PRESS ,0038]P  +5070mbar,T -3504mdegC
1594452035:[PRESS ,0038]P  +5070mbar,T +7399mdegC
1594452043:[PUMP  ,0207]battery 15432mV,   18544uA (warmup), P  +5070mbar
1594452043:[PUMP  ,0016]pump during 60000ms
1594452102:[PUMP  ,0212]battery 15267mV,  287798uA (steady state), P  +5070mbar
1594452160:[PRESS ,0038]P  +4560mbar,T -3504mdegC
1594452167:[PRESS ,0038]P  +4520mbar,T-30820mdegC
1594452169:[PRESS ,0038]P  +4510mbar,T -3504mdegC
1594452172:[PRESS ,0038]P  +4490mbar,T-30820mdegC
1594452176:[PRESS ,0038]P  +4460mbar,T -3504mdegC
1594452179:[PRESS ,0038]P  +4440mbar,T-30820mdegC
1594452181:[PRESS ,0038]P  +4450mbar,T +7399mdegC
1594452183:[PRESS ,0038]P  +4440mbar,T -3504mdegC
1594452185:[PRESS ,0038]P  +4430mbar,T+23812mdegC
1594452193:[PUMP  ,0207]battery 15376mV,   18544uA (warmup), P  +4430mbar
1594452193:[PUMP  ,0016]pump during 60000ms
1594452252:[PUMP  ,0212]battery 15215mV,  280844uA (steady state), P  +4430mbar
1594452310:[PRESS ,0038]P  +3580mbar,T-30820mdegC
1594452312:[PRESS ,0038]P  +3570mbar,T -3504mdegC
1594452313:[PRESS ,0038]P  +3570mbar,T-30820mdegC
1594452315:[PRESS ,0038]P  +3550mbar,T -3504mdegC
1594452319:[PRESS ,0038]P  +3530mbar,T-30820mdegC
1594452324:[PRESS ,0038]P  +3480mbar,T -3504mdegC
1594452326:[PRESS ,0038]P  +3480mbar,T-30820mdegC
1594452331:[PRESS ,0038]P  +3420mbar,T+23812mdegC
1594452333:[PRESS ,0038]P  +3410mbar,T-30820mdegC
1594452335:[PRESS ,0038]P  +3400mbar,T -3504mdegC
1594452456:[PRESS ,0038]P  +2530mbar,T -3504mdegC
1594452465:[PUMP  ,0207]battery 15372mV,   18666uA (warmup), P  +2530mbar
1594452465:[PUMP  ,0016]pump during 60000ms
1594452524:[PUMP  ,0212]battery 15213mV,  269376uA (steady state), P  +2530mbar
1594452581:[PRESS ,0038]P  +1700mbar,T -3504mdegC
1594452583:[PRESS ,0038]P  +1690mbar,T-30820mdegC
1594452585:[PRESS ,0038]P  +1670mbar,T -3504mdegC
1594452588:[PRESS ,0038]P  +1660mbar,T-30820mdegC
1594452590:[PRESS ,0038]P  +1640mbar,T -3504mdegC
1594452596:[PRESS ,0038]P  +1600mbar,T-30820mdegC
1594452603:[PRESS ,0038]P  +1550mbar,T -3504mdegC
1594452605:[PRESS ,0038]P  +1540mbar,T-30820mdegC
1594452614:[PUMP  ,0207]battery 15331mV,   18666uA (warmup), P  +1530mbar
1594452614:[PUMP  ,0016]pump during 60000ms
1594452673:[PUMP  ,0212]battery 15173mV,  270718uA (steady state), P  +1530mbar
1594452731:[PRESS ,0038]P   +710mbar,T -3504mdegC
1594452740:[PRESS ,0038]P   +630mbar,T-30820mdegC
1594452742:[PRESS ,0038]P   +630mbar,T -3504mdegC
1594452744:[PRESS ,0038]P   +620mbar,T-30820mdegC
1594452751:[PRESS ,0038]P   +560mbar,T-30820mdegC
1594452753:[PRESS ,0038]P   +540mbar,T -3504mdegC
1594452756:[PRESS ,0038]P   +520mbar,T-30820mdegC
1594452878:[PRESS ,0038]P    +50mbar,T-30820mdegC
1594452879:[PRESS ,0038]P    +40mbar,T -3504mdegC
1594452881:[PRESS ,0038]P    +30mbar,T+23812mdegC
1594452881:[SURFIN,0020]filling external bladder
1594452889:[PUMP  ,0207]battery 15346mV,   18666uA (warmup), P    +30mbar
1594452889:[PUMP  ,0016]pump during 300000ms
1594453188:[PUMP  ,0212]battery 14965mV,  856562uA (steady state), P    +30mbar
1594453199:[PUMP  ,0207]battery 14811mV,   18910uA (warmup), P    +30mbar
1594453199:[PUMP  ,0016]pump during 300000ms
1594453384:[PUMP  ,0212]battery 14505mV,  821304uA (steady state), P    +30mbar
1594453386:[SURFIN,0019]external bladder full
1594453388:[PRESS ,0038]P   +170mbar,T+23812mdegC
1594453389:[PRESS ,0038]P   +170mbar,T-30820mdegC
1594453391:[PRESS ,0038]P   +170mbar,T+23812mdegC
1594453393:[PRESS ,0038]P   +180mbar,T -3504mdegC
1594453395:[PRESS ,0038]P   +180mbar,T+23812mdegC
1594453397:[PRESS ,0038]P   +180mbar,T-30820mdegC
1594453399:[PRESS ,0038]P   +180mbar,T+23812mdegC
1594453404:[PRESS ,0038]P   +180mbar,T -3504mdegC
1594453406:[PRESS ,0038]P   +180mbar,T+23812mdegC
1594453407:[PRESS ,0038]P   +180mbar,T -3504mdegC
1594453409:[PRESS ,0038]P   +170mbar,T+23812mdegC
1594453411:[PRESS ,0038]P   +170mbar,T -3504mdegC
1594453413:[PRESS ,0038]P   +180mbar,T+23812mdegC
1594453449:[MAIN  ,0272]Vbat 14996mV (min 14921mV)
1594453451:[MAIN  ,0024]internal pressure 79073Pa
1594453451:[MAIN  ,0043]Pext 177mbar (rng 10mbar)
1594453451:[MAIN  ,0064]surface
1594453462:[SURF  ,0022]GPS fix...
1594453482:[SURF  ,0015]10 PPS detected...
1594453483:[MRMAID,0052]Mermaid $GPSACK:+0,+0,+0,+0,+0,+0,-579;
1594453493:[MRMAID,0052]Mermaid $GPSOFF:3686322;
1594453495:[GPSFIX,0179]+0s diff
1594453495:[SURF  ,0222]2020-07-11T07:44:55
1594453495:[SURF  ,0082]Latitude : N43deg40.938mn, Longitude :E007deg19.176mn
1594453495:[SURF  ,0223]fix3D,7satellites
1594453495:[SURF  ,0084]GPS fix GPGSA : hdop0.860,vdop1.220
1594453505:[SURF  ,0274]last almanac : 74286
1594453581:[MRMAID,0026]25999 bytes in 0064/5F096E06.MER
1594453587:[MAIN  ,0320]New pressure offset: 177mbar
1594453587:[LOGBIN,0078]*** switching to 0064/5F096E53 ***
