1594423537:[MAIN  ,0007]buoy 452.120-R-0064
1594423537:[MAIN  ,0055]soft pilotage 452.012.300_V2.21-20200701
1594423537:[MAIN  ,0010]cycle 7
1594423537:[SURF  ,0225]surface2
1594423552:[SURF  ,0022]GPS fix...
1594423572:[SURF  ,0015]10 PPS detected...
1594423573:[MRMAID,0052]Mermaid $GPSACK:+0,+0,+0,+0,+0,+0,+0;
1594423583:[MRMAID,0052]Mermaid $GPSOFF:3686321;
1594423584:[GPSFIX,0179]-1s diff
1594423585:[SURF  ,0222]2020-07-10T23:26:25
1594423585:[SURF  ,0082]Latitude : N43deg40.936mn, Longitude :E007deg19.177mn
1594423585:[SURF  ,0223]fix3D,7satellites
1594423585:[SURF  ,0084]GPS fix GPGSA : hdop0.840,vdop1.190
1594423595:[SURF  ,0025]Iridium...
1594423636:[SURF  ,0009]connected in 41s, signal quality 5
1594423698:[SURF  ,0218]prompt received, remote cmd end
1594423698:[SURF  ,0012]16 cmd(s) received
1594423718:[UPLOAD,0248]Upload data files...
1594423997:[UPLOAD,0231]"0064/5F08F8A4.MER" uploaded at 95bytes/s
1594424003:[UPLOAD,0231]"0064/5F08BF54.BIN" uploaded at 62bytes/s
1594424279:[SURF  ,0014]disconnected after 684s
1594424284:[SURFIN,0020]filling external bladder
1594424292:[PUMP  ,0207]battery 15093mV,   18544uA (warmup), P   +180mbar
1594424292:[PUMP  ,0016]pump during 300000ms
1594424300:[PUMP  ,0212]battery 14746mV,  810934uA (steady state), P   +180mbar
1594424302:[SURFIN,0019]external bladder full
1594424302:[SURF  ,0319]transfer interrupted
1594424313:[SURF  ,0022]GPS fix...
1594424333:[SURF  ,0015]10 PPS detected...
1594424334:[MRMAID,0052]Mermaid $GPSACK:+0,+0,+0,+0,+0,+0,-30;
1594424344:[MRMAID,0052]Mermaid $GPSOFF:3686321;
1594424345:[GPSFIX,0179]-1s diff
1594424346:[SURF  ,0222]2020-07-10T23:39:06
1594424346:[SURF  ,0082]Latitude : N43deg40.936mn, Longitude :E007deg19.176mn
1594424346:[SURF  ,0223]fix3D,7satellites
1594424346:[SURF  ,0084]GPS fix GPGSA : hdop0.840,vdop1.240
1594424363:[MAIN  ,0024]internal pressure 79414Pa
1594424364:[BYCMD ,0107]    FreeRTOS V8.2.3
1594424364:[BYCMD ,0108]    FatFS v11a
1594424364:[BYCMD ,0120]    bypass 10000ms 60000ms (20000ms 60000ms stored)
1594424364:[BYCMD ,0121]    valve 60000ms 12750 (60000ms 12750 stored)
1594424364:[BYCMD ,0122]    pump 60000ms 30% 10750 80% (60000ms 30% 10750 80% stored)
1594424364:[BYCMD ,0123]    rate 2mbar/s (2mbar/s stored)
1594424364:[BYCMD ,0124]    surface 500mbar (500mbar stored)
1594424364:[BYCMD ,0125]    near 1500mbar 3mbar/s (15000mbar 3mbar/s stored)
1594424364:[BYCMD ,0126]    far 2500mbar 4mbar/s (25000mbar 4mbar/s stored)
1594424364:[BYCMD ,0127]    ascent 8mbar/s (8mbar/s stored)
1594424364:[BYCMD ,0128]    dead 60s (300s stored)
1594424364:[BYCMD ,0129]    coeff 16/10 (16/10 stored)
1594424364:[BYCMD ,0130]    stab 10 (10 stored)
1594424364:[BYCMD ,0131]    delay 900s 3600s (900s 3600s stored)
1594424364:[BYCMD ,0132]    mmtime 2880min (2880min stored)
1594424364:[BYCMD ,0133]    dv_landing 100ml (100ml stored)
1594424364:[MKDCMD,0150]    p2t37: 15x2000ms, offset 173mbar
1594424364:[P2TCMD,0151]    p2t37: dp 50mbar, dt 5000mdegC
1594424365:[STAGE ,0080]Stage [0] 5000mbar (+/-500mbar) 1800s (<1800s) 
1594424365:[STAGE ,0080]Stage [1] 5000mbar (+/-500mbar) 1800s (<3600s) MERMAID
1594424365:[MAIN  ,0070]turn off bluetooth
1594424367:[PRESS ,0038]P    -13mbar,T+12902mdegC
1594424369:[PRESS ,0038]P     -3mbar,T-14411mdegC
1594424371:[PRESS ,0038]P     -3mbar,T+12902mdegC
1594424375:[PRESS ,0038]P    -13mbar,T+23812mdegC
1594424376:[PRESS ,0038]P     -3mbar,T+12902mdegC
1594424378:[PRESS ,0038]P     -3mbar,T-14411mdegC
1594424380:[PRESS ,0038]P     -3mbar,T+12902mdegC
1594424385:[PRESS ,0038]P     -3mbar,T-25323mdegC
1594424387:[PRESS ,0038]P     -3mbar,T+12902mdegC
1594424392:[DIVING,0141]diving from -13mbar, +0mbar/s
1594424393:[BYPASS,0035]bypass opening 60000ms
1594424398:[BYPASS,0104]battery 15025mV,  224968uA (bypass opening), P    -13mbar
1594424463:[BYPASS,0106]battery 15041mV,  295240uA (bypass closing), P    -13mbar
1594424464:[PRESS ,0038]P   -103mbar,T-14411mdegC
1594424466:[PRESS ,0038]P   -103mbar,T+12902mdegC
1594424471:[PRESS ,0038]P   -103mbar,T-14411mdegC
1594424475:[PRESS ,0038]P   -103mbar,T+23812mdegC
1594424477:[PRESS ,0038]P   -103mbar,T+12902mdegC
1594424487:[PRESS ,0038]P   -103mbar,T-14411mdegC
1594424489:[PRESS ,0038]P   -103mbar,T+12902mdegC
1594424489:[BYPASS,0035]bypass opening 10000ms
1594424494:[BYPASS,0104]battery 15083mV,  231312uA (bypass opening), P   -103mbar
1594424509:[BYPASS,0106]battery 15055mV,  294020uA (bypass closing), P   -103mbar
1594424515:[PRESS ,0038]P   -113mbar,T-14411mdegC
1594424517:[PRESS ,0038]P   -113mbar,T+12902mdegC
1594424520:[PRESS ,0038]P   -123mbar,T-14411mdegC
1594424522:[PRESS ,0038]P   -113mbar,T+12902mdegC
1594424524:[PRESS ,0038]P   -113mbar,T-25323mdegC
1594424526:[PRESS ,0038]P   -123mbar,T+12902mdegC
1594424527:[PRESS ,0038]P   -123mbar,T-14411mdegC
1594424529:[PRESS ,0038]P   -133mbar,T+12902mdegC
1594424531:[PRESS ,0038]P   -123mbar,T-14411mdegC
1594424533:[PRESS ,0038]P   -123mbar,T+12902mdegC
1594424535:[PRESS ,0038]P   -123mbar,T-25323mdegC
1594424536:[PRESS ,0038]P   -133mbar,T+12902mdegC
1594424536:[BYPASS,0035]bypass opening 10000ms
1594424542:[BYPASS,0104]battery 15097mV,  232044uA (bypass opening), P   -133mbar
1594424557:[BYPASS,0106]battery 15068mV,  293288uA (bypass closing), P   -133mbar
1594424562:[PRESS ,0038]P   -133mbar,T-14411mdegC
1594424564:[PRESS ,0038]P   -123mbar,T+12902mdegC
1594424569:[PRESS ,0038]P   -123mbar,T-14411mdegC
1594424573:[PRESS ,0038]P   -133mbar,T+12902mdegC
1594424576:[PRESS ,0038]P   -133mbar,T-14411mdegC
1594424580:[PRESS ,0038]P   -143mbar,T+12902mdegC
1594424583:[BYPASS,0035]bypass opening 10000ms
1594424588:[BYPASS,0104]battery 15105mV,  226188uA (bypass opening), P   -133mbar
1594424603:[BYPASS,0106]battery 15078mV,  292678uA (bypass closing), P   -133mbar
1594424607:[PRESS ,0038]P   -143mbar,T-14411mdegC
1594424609:[PRESS ,0038]P   -153mbar,T+12902mdegC
1594424612:[PRESS ,0038]P   -153mbar,T-14411mdegC
1594424616:[PRESS ,0038]P   -153mbar,T+12902mdegC
1594424618:[PRESS ,0038]P   -163mbar,T-14411mdegC
1594424620:[PRESS ,0038]P   -143mbar,T+12902mdegC
1594424623:[PRESS ,0038]P   -143mbar,T-14411mdegC
1594424625:[PRESS ,0038]P   -143mbar,T+12902mdegC
1594424627:[PRESS ,0038]P   -143mbar,T-14411mdegC
1594424629:[PRESS ,0038]P   -143mbar,T+12902mdegC
1594424630:[PRESS ,0038]P   -143mbar,T-14411mdegC
1594424630:[BYPASS,0035]bypass opening 10000ms
1594424635:[BYPASS,0104]battery 15115mV,  226066uA (bypass opening), P   -143mbar
1594424651:[BYPASS,0106]battery 15088mV,  292068uA (bypass closing), P   -143mbar
1594424652:[PRESS ,0038]P   -143mbar,T+12902mdegC
1594424659:[PRESS ,0038]P   -143mbar,T-14411mdegC
1594424665:[PRESS ,0038]P   -143mbar,T+12902mdegC
1594424670:[PRESS ,0038]P   -143mbar,T-14411mdegC
1594424675:[PRESS ,0038]P   -143mbar,T+12902mdegC
1594424677:[BYPASS,0035]bypass opening 10000ms
1594424682:[BYPASS,0104]battery 15125mV,  230580uA (bypass opening), P   -143mbar
1594424697:[BYPASS,0106]battery 15097mV,  291580uA (bypass closing), P   -143mbar
1594424701:[PRESS ,0038]P   -143mbar,T-14411mdegC
1594424703:[PRESS ,0038]P   -143mbar,T+12902mdegC
1594424706:[PRESS ,0038]P   -133mbar,T-14411mdegC
1594424708:[PRESS ,0038]P   -143mbar,T-25323mdegC
1594424710:[PRESS ,0038]P   -113mbar,T+12902mdegC
1594424715:[PRESS ,0038]P   -123mbar,T-25323mdegC
1594424717:[PRESS ,0038]P   -123mbar,T-14411mdegC
1594424722:[PRESS ,0038]P   -133mbar,T+12902mdegC
1594424724:[PRESS ,0038]P   -133mbar,T-14411mdegC
1594424724:[BYPASS,0035]bypass opening 10000ms
1594424729:[BYPASS,0104]battery 15130mV,  223992uA (bypass opening), P   -133mbar
1594424744:[BYPASS,0106]battery 15103mV,  291092uA (bypass closing), P   -133mbar
1594424746:[PRESS ,0038]P   -133mbar,T+12902mdegC
1594424752:[PRESS ,0038]P   -133mbar,T-25323mdegC
1594424753:[PRESS ,0038]P   -133mbar,T+12902mdegC
1594424755:[PRESS ,0038]P   -133mbar,T-14411mdegC
1594424759:[PRESS ,0038]P   -123mbar,T+12902mdegC
1594424764:[PRESS ,0038]P   -133mbar,T-14411mdegC
1594424766:[PRESS ,0038]P   -123mbar,T+12902mdegC
1594424771:[BYPASS,0035]bypass opening 10000ms
1594424776:[BYPASS,0104]battery 15140mV,  231678uA (bypass opening), P   -133mbar
1594424791:[BYPASS,0106]battery 15111mV,  290604uA (bypass closing), P   -133mbar
1594424798:[PRESS ,0038]P   -133mbar,T-25323mdegC
1594424800:[PRESS ,0038]P   -133mbar,T+12902mdegC
1594424806:[PRESS ,0038]P   -123mbar,T-14411mdegC
1594424807:[PRESS ,0038]P   -123mbar,T+12902mdegC
1594424809:[PRESS ,0038]P   -133mbar,T-14411mdegC
1594424813:[PRESS ,0038]P   -123mbar,T+12902mdegC
1594424818:[BYPASS,0035]bypass opening 10000ms
1594424823:[BYPASS,0104]battery 15145mV,  233386uA (bypass opening), P   -123mbar
1594424838:[BYPASS,0106]battery 15116mV,  290116uA (bypass closing), P   -123mbar
1594424840:[PRESS ,0038]P   -113mbar,T-25323mdegC
1594424842:[PRESS ,0038]P   -123mbar,T+12902mdegC
1594424844:[PRESS ,0038]P   -113mbar,T-14411mdegC
1594424845:[PRESS ,0038]P   -113mbar,T+12902mdegC
1594424847:[PRESS ,0038]P   -123mbar,T-25323mdegC
1594424851:[PRESS ,0038]P   -123mbar,T+12902mdegC
1594424853:[PRESS ,0038]P   -133mbar,T-14411mdegC
1594424858:[PRESS ,0038]P   -133mbar,T+12902mdegC
1594424862:[PRESS ,0038]P   -123mbar,T-14411mdegC
1594424863:[PRESS ,0038]P   -123mbar,T-25323mdegC
1594424865:[BYPASS,0035]bypass opening 10000ms
1594424870:[BYPASS,0104]battery 15151mV,  233508uA (bypass opening), P   -113mbar
1594424885:[BYPASS,0106]battery 15121mV,  289628uA (bypass closing), P   -113mbar
1594424889:[PRESS ,0038]P    -93mbar,T-14411mdegC
1594424894:[PRESS ,0038]P   -103mbar,T-25323mdegC
1594424896:[PRESS ,0038]P   -103mbar,T-14411mdegC
1594424898:[PRESS ,0038]P    -93mbar,T+12902mdegC
1594424900:[PRESS ,0038]P    -93mbar,T-14411mdegC
1594424903:[PRESS ,0038]P   -103mbar,T+12902mdegC
1594424909:[PRESS ,0038]P    -83mbar,T-14411mdegC
1594424910:[PRESS ,0038]P    -93mbar,T+12902mdegC
1594424912:[PRESS ,0038]P    -83mbar,T-14411mdegC
1594424912:[BYPASS,0035]bypass opening 10000ms
1594424917:[BYPASS,0104]battery 15153mV,  228384uA (bypass opening), P    -83mbar
1594424932:[BYPASS,0106]battery 15126mV,  289018uA (bypass closing), P    -83mbar
1594424934:[PRESS ,0038]P     -3mbar,T-14411mdegC
1594424936:[PRESS ,0038]P     +7mbar,T-25323mdegC
1594424938:[PRESS ,0038]P     +7mbar,T+12902mdegC
1594424940:[PRESS ,0038]P    +27mbar,T-14411mdegC
1594424941:[PRESS ,0038]P    +27mbar,T+12902mdegC
1594424943:[PRESS ,0038]P    +57mbar,T-14411mdegC
1594424945:[PRESS ,0038]P    +67mbar,T+12902mdegC
1594424947:[PRESS ,0038]P    +77mbar,T-14411mdegC
1594424949:[PRESS ,0038]P    +77mbar,T+12902mdegC
1594424950:[PRESS ,0038]P    +97mbar,T-14411mdegC
1594424952:[PRESS ,0038]P    +97mbar,T-25323mdegC
1594424954:[PRESS ,0038]P   +107mbar,T+12902mdegC
1594424958:[PRESS ,0038]P   +147mbar,T-25323mdegC
1594424959:[PRESS ,0038]P   +157mbar,T+12902mdegC
1594424965:[PRESS ,0038]P   +177mbar,T-14411mdegC
1594424968:[PRESS ,0038]P   +217mbar,T+12902mdegC
1594424971:[PRESS ,0038]P   +227mbar,T+23812mdegC
1594424973:[PRESS ,0038]P   +237mbar,T-14411mdegC
1594424976:[PRESS ,0038]P   +247mbar,T+12902mdegC
1594424982:[PRESS ,0038]P   +267mbar,T-14411mdegC
1594424985:[PRESS ,0038]P   +287mbar,T+12902mdegC
1594424987:[PRESS ,0038]P   +297mbar,T-25323mdegC
1594424990:[PRESS ,0038]P   +307mbar,T+12902mdegC
1594424996:[PRESS ,0038]P   +327mbar,T-14411mdegC
1594424998:[PRESS ,0038]P   +337mbar,T+12902mdegC
1594425007:[PRESS ,0038]P   +367mbar,T-14411mdegC
1594425010:[PRESS ,0038]P   +377mbar,T+12902mdegC
1594425012:[PRESS ,0038]P   +387mbar,T-14411mdegC
1594425021:[PRESS ,0038]P   +427mbar,T-25323mdegC
1594425024:[PRESS ,0038]P   +437mbar,T+12902mdegC
1594425032:[PRESS ,0038]P   +457mbar,T-25323mdegC
1594425035:[PRESS ,0038]P   +477mbar,T+12902mdegC
1594425038:[PRESS ,0038]P   +477mbar,T-14411mdegC
1594425043:[PRESS ,0038]P   +497mbar,T-25323mdegC
1594425046:[PRESS ,0038]P   +507mbar,T+12902mdegC
1594425048:[DIVING,0028]507mbar reached (+3mbar/s), 11 bypass done
1594425048:[MAIN  ,0056]stage[0]
1594425050:[MAIN  ,0024]internal pressure 83361Pa
1594425051:[PRESS ,0038]P   +507mbar,T-25323mdegC
1594425051:[BUOY  ,0037]P   +507mbar
1594425051:[STAGE ,0080]Stage [0] 5000mbar (+/-500mbar) 1800s (<1594426848s) 
1594425053:[PRESS ,0038]P   +517mbar,T+12902mdegC
1594425114:[PRESS ,0038]P   +637mbar,T-25323mdegC
1594425116:[PRESS ,0038]P   +637mbar,T+12902mdegC
1594425121:[PRESS ,0038]P   +647mbar,T-25323mdegC
1594425123:[PRESS ,0038]P   +657mbar,T+12902mdegC
1594425125:[PRESS ,0038]P   +647mbar,T-25323mdegC
1594425126:[PRESS ,0038]P   +647mbar,T+12902mdegC
1594425132:[PRESS ,0038]P   +657mbar,T-14411mdegC
1594425134:[PRESS ,0038]P   +657mbar,T+12902mdegC
1594425137:[PRESS ,0038]P   +667mbar,T-14411mdegC
1594425139:[BUOY  ,0087]from +1mbar/s to +4mbar/s
1594425139:[BUOY  ,0090]need to transfer -24mL (valve during 12240ms)
1594425139:[VALVE ,0034]valve opening 12240ms
1594425151:[VALVE ,0234]battery 15105mV,  502518uA, P   +667mbar
1594425200:[PRESS ,0038]P   +817mbar,T-25323mdegC
1594425202:[PRESS ,0038]P   +827mbar,T+12902mdegC
1594425205:[PRESS ,0038]P   +837mbar,T-25323mdegC
1594425209:[PRESS ,0038]P   +847mbar,T+12902mdegC
1594425212:[PRESS ,0038]P   +847mbar,T-25323mdegC
1594425214:[PRESS ,0038]P   +857mbar,T+12902mdegC
1594425219:[PRESS ,0038]P   +867mbar,T-25323mdegC
1594425221:[PRESS ,0038]P   +877mbar,T+12902mdegC
1594425223:[PRESS ,0038]P   +887mbar,T-25323mdegC
1594425225:[PRESS ,0038]P   +887mbar,T+12902mdegC
1594425286:[PRESS ,0038]P  +1047mbar,T+12902mdegC
1594425294:[PRESS ,0038]P  +1057mbar,T-14411mdegC
1594425296:[PRESS ,0038]P  +1047mbar,T+23812mdegC
1594425298:[PRESS ,0038]P  +1057mbar,T-25323mdegC
1594425300:[PRESS ,0038]P  +1057mbar,T+12902mdegC
1594425309:[PRESS ,0038]P  +1067mbar,T-14411mdegC
1594425310:[BUOY  ,0087]from +1mbar/s to +4mbar/s
1594425311:[BUOY  ,0090]need to transfer -24mL (valve during 9563ms)
1594425311:[VALVE ,0034]valve opening 9563ms
1594425320:[VALVE ,0234]battery 15120mV,  500444uA, P  +1077mbar
1594425371:[PRESS ,0038]P  +1257mbar,T-25323mdegC
1594425377:[PRESS ,0038]P  +1277mbar,T+12902mdegC
1594425378:[PRESS ,0038]P  +1287mbar,T-25323mdegC
1594425380:[PRESS ,0038]P  +1297mbar,T+12902mdegC
1594425382:[PRESS ,0038]P  +1317mbar,T-25323mdegC
1594425384:[PRESS ,0038]P  +1317mbar,T+12902mdegC
1594425386:[PRESS ,0038]P  +1317mbar,T-25323mdegC
1594425387:[PRESS ,0038]P  +1317mbar,T+12902mdegC
1594425393:[PRESS ,0038]P  +1337mbar,T-25323mdegC
1594425396:[PRESS ,0038]P  +1347mbar,T+12902mdegC
1594425457:[PRESS ,0038]P  +1527mbar,T+12902mdegC
1594425462:[PRESS ,0038]P  +1547mbar,T-25323mdegC
1594425464:[PRESS ,0038]P  +1567mbar,T +1987mdegC
1594425466:[PRESS ,0038]P  +1547mbar,T-25323mdegC
1594425468:[PRESS ,0038]P  +1557mbar,T+12902mdegC
1594425471:[PRESS ,0038]P  +1567mbar,T-25323mdegC
1594425473:[PRESS ,0038]P  +1567mbar,T-14411mdegC
1594425475:[PRESS ,0038]P  +1567mbar,T+12902mdegC
1594425479:[PRESS ,0038]P  +1587mbar,T-25323mdegC
1594425482:[PRESS ,0038]P  +1587mbar,T+12902mdegC
1594425482:[BUOY  ,0087]from +2mbar/s to +4mbar/s
1594425482:[BUOY  ,0090]need to transfer -20mL (valve during 6538ms)
1594425482:[VALVE ,0034]valve opening 6538ms
1594425489:[VALVE ,0234]battery 15135mV,  500932uA, P  +1587mbar
1594425543:[PRESS ,0038]P  +1767mbar,T-25323mdegC
1594425552:[PRESS ,0038]P  +1817mbar,T+12902mdegC
1594425564:[PRESS ,0038]P  +1847mbar,T-25323mdegC
1594425566:[PRESS ,0038]P  +1857mbar,T+12902mdegC
1594425629:[PRESS ,0038]P  +2087mbar,T-25323mdegC
1594425630:[PRESS ,0038]P  +2087mbar,T+12902mdegC
1594425632:[PRESS ,0038]P  +2087mbar,T-25323mdegC
1594425634:[PRESS ,0038]P  +2097mbar,T+12902mdegC
1594425636:[PRESS ,0038]P  +2107mbar,T-25323mdegC
1594425638:[PRESS ,0038]P  +2117mbar,T+12902mdegC
1594425648:[PRESS ,0038]P  +2147mbar,T-25323mdegC
1594425650:[PRESS ,0038]P  +2157mbar,T+12902mdegC
1594425654:[PRESS ,0038]P  +2167mbar,T-14411mdegC
1594425714:[PRESS ,0038]P  +2377mbar,T-25323mdegC
1594425716:[PRESS ,0038]P  +2397mbar,T+12902mdegC
1594425721:[PRESS ,0038]P  +2407mbar,T-25323mdegC
1594425725:[PRESS ,0038]P  +2407mbar,T-14411mdegC
1594425727:[PRESS ,0038]P  +2417mbar,T+12902mdegC
1594425737:[PRESS ,0038]P  +2447mbar,T-14411mdegC
1594425739:[PRESS ,0038]P  +2457mbar,T+12902mdegC
1594425800:[PRESS ,0038]P  +2637mbar,T+12902mdegC
1594425802:[PRESS ,0038]P  +2637mbar,T-14411mdegC
1594425804:[PRESS ,0038]P  +2647mbar,T+12902mdegC
1594425805:[PRESS ,0038]P  +2657mbar,T-14411mdegC
1594425807:[PRESS ,0038]P  +2657mbar,T-25323mdegC
1594425809:[PRESS ,0038]P  +2657mbar,T+12902mdegC
1594425813:[PRESS ,0038]P  +2667mbar,T-25323mdegC
1594425814:[PRESS ,0038]P  +2677mbar,T-14411mdegC
1594425816:[PRESS ,0038]P  +2677mbar,T+12902mdegC
1594425818:[PRESS ,0038]P  +2687mbar,T-14411mdegC
1594425820:[PRESS ,0038]P  +2687mbar,T+12902mdegC
1594425825:[PRESS ,0038]P  +2717mbar,T-14411mdegC
1594425886:[PRESS ,0038]P  +2887mbar,T+12902mdegC
1594425891:[PRESS ,0038]P  +2897mbar,T-14411mdegC
1594425893:[PRESS ,0038]P  +2897mbar,T+12902mdegC
1594425902:[PRESS ,0038]P  +2927mbar,T-14411mdegC
1594425904:[PRESS ,0038]P  +2937mbar,T+12902mdegC
1594425905:[PRESS ,0038]P  +2937mbar,T-25323mdegC
1594425907:[PRESS ,0038]P  +2947mbar,T+12902mdegC
1594425971:[PRESS ,0038]P  +3107mbar,T-14411mdegC
1594425973:[PRESS ,0038]P  +3117mbar,T+12902mdegC
1594425977:[PRESS ,0038]P  +3117mbar,T+23812mdegC
1594425979:[PRESS ,0038]P  +3117mbar,T-25323mdegC
1594425980:[PRESS ,0038]P  +3127mbar,T-14411mdegC
1594425982:[PRESS ,0038]P  +3127mbar,T+12902mdegC
1594425986:[PRESS ,0038]P  +3137mbar,T-14411mdegC
1594425989:[PRESS ,0038]P  +3147mbar,T+12902mdegC
1594426057:[PRESS ,0038]P  +3287mbar,T-25323mdegC
1594426059:[PRESS ,0038]P  +3297mbar,T+12902mdegC
1594426061:[PRESS ,0038]P  +3297mbar,T-25323mdegC
1594426063:[PRESS ,0038]P  +3297mbar,T-14411mdegC
1594426066:[PRESS ,0038]P  +3317mbar,T+12902mdegC
1594426070:[PRESS ,0038]P  +3327mbar,T-14411mdegC
1594426072:[PRESS ,0038]P  +3327mbar,T+12902mdegC
1594426073:[PRESS ,0038]P  +3337mbar,T-14411mdegC
1594426075:[PRESS ,0038]P  +3337mbar,T+23812mdegC
1594426077:[PRESS ,0038]P  +3337mbar,T-14411mdegC
1594426143:[PRESS ,0038]P  +3537mbar,T+12902mdegC
1594426146:[PRESS ,0038]P  +3547mbar,T-25323mdegC
1594426148:[PRESS ,0038]P  +3537mbar,T+12902mdegC
1594426150:[PRESS ,0038]P  +3547mbar,T-14411mdegC
1594426154:[PRESS ,0038]P  +3567mbar,T+12902mdegC
1594426155:[PRESS ,0038]P  +3567mbar,T+23812mdegC
1594426157:[PRESS ,0038]P  +3577mbar,T+12902mdegC
1594426161:[PRESS ,0038]P  +3587mbar,T-14411mdegC
1594426164:[PRESS ,0038]P  +3597mbar,T-25323mdegC
1594426166:[PRESS ,0038]P  +3607mbar,T-14411mdegC
1594426168:[PRESS ,0038]P  +3607mbar,T+12902mdegC
1594426229:[PRESS ,0038]P  +3807mbar,T-14411mdegC
1594426232:[PRESS ,0038]P  +3817mbar,T+12902mdegC
1594426234:[PRESS ,0038]P  +3827mbar,T-14411mdegC
1594426243:[PRESS ,0038]P  +3857mbar,T+12902mdegC
1594426245:[PRESS ,0038]P  +3867mbar,T+23812mdegC
1594426248:[PRESS ,0038]P  +3877mbar,T+12902mdegC
1594426250:[PRESS ,0038]P  +3887mbar,T-14411mdegC
1594426254:[BUOY  ,0087]from +4mbar/s to +2mbar/s
1594426254:[BUOY  ,0089]need to transfer +20mL (pump during 24001ms)
1594426262:[PUMP  ,0207]battery 15461mV,   18788uA (warmup), P  +3887mbar
1594426262:[PUMP  ,0016]pump during 24001ms
1594426285:[PUMP  ,0212]battery 15300mV,  273158uA (steady state), P  +3887mbar
1594426318:[PRESS ,0038]P  +3997mbar,T+12902mdegC
1594426321:[PRESS ,0038]P  +3997mbar,T-14411mdegC
1594426325:[PRESS ,0038]P  +4007mbar,T+23812mdegC
1594426327:[PRESS ,0038]P  +4007mbar,T-14411mdegC
1594426332:[PRESS ,0038]P  +4007mbar,T+23812mdegC
1594426336:[PRESS ,0038]P  +3997mbar,T-14411mdegC
1594426339:[PRESS ,0038]P  +3997mbar,T+12902mdegC
1594426341:[PRESS ,0038]P  +3997mbar,T+23812mdegC
1594426343:[PRESS ,0038]P  +3997mbar,T-14411mdegC
1594426343:<WARN>[BUOY  ,0094]stage[0] should DESCENT, stuck at 3997mbar for the #1 time
1594426343:[BUOY  ,0087]from +0mbar/s to +2mbar/s
1594426343:[BUOY  ,0090]need to transfer -6mL (valve during 1214ms)
1594426343:[VALVE ,0034]valve opening 1214ms
1594426344:[VALVE ,0234]battery 15183mV,  506056uA, P  +3997mbar
1594426404:[PRESS ,0038]P  +4027mbar,T+12902mdegC
1594426406:[PRESS ,0038]P  +4017mbar,T-14411mdegC
1594426407:[PRESS ,0038]P  +4027mbar,T+23812mdegC
1594426409:[PRESS ,0038]P  +4027mbar,T-14411mdegC
1594426411:[PRESS ,0038]P  +4027mbar,T+12902mdegC
1594426413:[PRESS ,0038]P  +4027mbar,T-14411mdegC
1594426415:[PRESS ,0038]P  +4017mbar,T+12902mdegC
1594426416:[PRESS ,0038]P  +4027mbar,T+23812mdegC
1594426418:[PRESS ,0038]P  +4037mbar,T-14411mdegC
1594426424:[PRESS ,0038]P  +4037mbar,T+23812mdegC
1594426425:[PRESS ,0038]P  +4037mbar,T-14411mdegC
1594426491:[PRESS ,0038]P  +4037mbar,T+12902mdegC
1594426493:[PRESS ,0038]P  +4037mbar,T-14411mdegC
1594426505:[PRESS ,0038]P  +4057mbar,T+23812mdegC
1594426507:[PRESS ,0038]P  +4037mbar,T+12902mdegC
1594426509:[PRESS ,0038]P  +4047mbar,T-14411mdegC
1594426511:[PRESS ,0038]P  +4047mbar,T+23812mdegC
1594426514:[PRESS ,0038]P  +4057mbar,T-14411mdegC
1594426515:<WARN>[BUOY  ,0094]stage[0] should DESCENT, stuck at 4057mbar for the #1 time
1594426515:[BUOY  ,0087]from +0mbar/s to +2mbar/s
1594426515:[BUOY  ,0090]need to transfer -6mL (valve during 1214ms)
1594426515:[VALVE ,0034]valve opening 1214ms
1594426516:[VALVE ,0234]battery 15198mV,  506422uA, P  +4057mbar
1594426579:[PRESS ,0038]P  +4097mbar,T+23812mdegC
1594426581:[PRESS ,0038]P  +4097mbar,T-14411mdegC
1594426591:[PRESS ,0038]P  +4107mbar,T+23812mdegC
1594426593:[PRESS ,0038]P  +4117mbar,T-14411mdegC
1594426661:[PRESS ,0038]P  +4187mbar,T-14411mdegC
1594426666:[PRESS ,0038]P  +4187mbar,T+12902mdegC
1594426668:[PRESS ,0038]P  +4197mbar,T-14411mdegC
1594426673:[PRESS ,0038]P  +4187mbar,T+23812mdegC
1594426675:[PRESS ,0038]P  +4197mbar,T-14411mdegC
1594426682:[PRESS ,0038]P  +4207mbar,T+23812mdegC
1594426684:[PRESS ,0038]P  +4197mbar,T-14411mdegC
1594426747:[PRESS ,0038]P  +4287mbar,T-14411mdegC
1594426752:[PRESS ,0038]P  +4297mbar,T+23812mdegC
1594426754:[PRESS ,0038]P  +4287mbar,T+12902mdegC
1594426757:[PRESS ,0038]P  +4297mbar,T+23812mdegC
1594426759:[PRESS ,0038]P  +4297mbar,T+12902mdegC
1594426761:[PRESS ,0038]P  +4297mbar,T+23812mdegC
1594426764:[PRESS ,0038]P  +4317mbar,T-14411mdegC
1594426766:[PRESS ,0038]P  +4307mbar,T+12902mdegC
1594426768:[PRESS ,0038]P  +4297mbar,T-14411mdegC
1594426832:[PRESS ,0038]P  +4397mbar,T-14411mdegC
1594426834:[PRESS ,0038]P  +4397mbar,T+23812mdegC
1594426839:[PRESS ,0038]P  +4407mbar,T-14411mdegC
1594426843:[PRESS ,0038]P  +4417mbar,T+23812mdegC
1594426845:[PRESS ,0038]P  +4417mbar,T -3504mdegC
1594426847:[PRESS ,0038]P  +4417mbar,T-14411mdegC
1594426848:[PRESS ,0038]P  +4417mbar,T -3504mdegC
1594426850:[PRESS ,0038]P  +4427mbar,T+23812mdegC
1594426854:[PRESS ,0038]P  +4427mbar,T-14411mdegC
1594426856:[PRESS ,0038]P  +4427mbar,T+23812mdegC
1594426857:[MAIN  ,0140]stage[0] complete 1809s after mission start
1594426857:[MAIN  ,0056]stage[1]
1594426860:[MAIN  ,0024]internal pressure 82344Pa
1594426861:[MRMAID,0002]acq started
1594426871:[BUOY  ,0037]P  +4457mbar
1594426871:[STAGE ,0080]Stage [1] 5000mbar (+/-500mbar) 1800s (<1594428648s) MERMAID
1594426873:[PRESS ,0038]P  +4467mbar,T -3504mdegC
1594426934:[PRESS ,0038]P  +4577mbar,T -3504mdegC
1594426937:[PRESS ,0038]P  +4577mbar,T-14411mdegC
1594426939:[PRESS ,0038]P  +4577mbar,T -3504mdegC
1594426941:[PRESS ,0038]P  +4587mbar,T-14411mdegC
1594426943:[PRESS ,0038]P  +4587mbar,T+23812mdegC
1594426944:[PRESS ,0038]P  +4597mbar,T-14411mdegC
1594426946:[PRESS ,0038]P  +4597mbar,T -3504mdegC
1594426948:[PRESS ,0038]P  +4597mbar,T+23812mdegC
1594426950:[PRESS ,0038]P  +4607mbar,T-14411mdegC
1594426952:[PRESS ,0038]P  +4607mbar,T+23812mdegC
1594426953:[PRESS ,0038]P  +4607mbar,T+12902mdegC
1594426955:[PRESS ,0038]P  +4607mbar,T+23812mdegC
1594426957:[PRESS ,0038]P  +4617mbar,T-14411mdegC
1594426959:[PRESS ,0038]P  +4617mbar,T+23812mdegC
1594426959:[STAGE ,0213]4617mbar reached at 1594426959s, ref 5000mbar +/-500mbar
1594427019:[PRESS ,0038]P  +4737mbar,T+23812mdegC
1594427020:[MRMAID,0027]47dbar, 24degC
1594427080:[PRESS ,0038]P  +4787mbar,T-14411mdegC
1594427141:[PRESS ,0038]P  +4877mbar,T-14411mdegC
1594427202:[PRESS ,0038]P  +4977mbar,T-14411mdegC
1594427262:[PRESS ,0038]P  +5067mbar,T+23812mdegC
1594427262:[BUOY  ,0087]from +1mbar/s to +0mbar/s
1594427262:[BUOY  ,0089]need to transfer +2mL (pump during 2398ms)
1594427271:[PUMP  ,0207]battery 15487mV,   19032uA (warmup), P  +5067mbar
1594427271:[PUMP  ,0016]pump during 2398ms
1594427286:[MRMAID,0184]acq already started
1594427337:[PRESS ,0038]P  +5187mbar,T+23812mdegC
1594427340:[PRESS ,0038]P  +5197mbar,T-14411mdegC
1594427342:[PRESS ,0038]P  +5197mbar,T+23812mdegC
1594427344:[PRESS ,0038]P  +5197mbar,T-14411mdegC
1594427346:[PRESS ,0038]P  +5197mbar,T+23812mdegC
1594427347:[PRESS ,0038]P  +5197mbar,T-14411mdegC
1594427349:[PRESS ,0038]P  +5207mbar,T+23812mdegC
1594427356:[PRESS ,0038]P  +5207mbar,T -3504mdegC
1594427358:[PRESS ,0038]P  +5217mbar,T+23812mdegC
1594427360:[PRESS ,0038]P  +5207mbar,T-14411mdegC
1594427362:[PRESS ,0038]P  +5217mbar,T-30820mdegC
1594427362:[BUOY  ,0087]from +1mbar/s to +0mbar/s
1594427362:[BUOY  ,0089]need to transfer +2mL (pump during 2395ms)
1594427371:[PUMP  ,0207]battery 15486mV,   18910uA (warmup), P  +5217mbar
1594427371:[PUMP  ,0016]pump during 2395ms
1594427386:[MRMAID,0184]acq already started
1594427436:[PRESS ,0038]P  +5277mbar,T+23812mdegC
1594427438:[PRESS ,0038]P  +5287mbar,T-14411mdegC
1594427440:[PRESS ,0038]P  +5287mbar,T+23812mdegC
1594427443:[PRESS ,0038]P  +5297mbar,T -3504mdegC
1594427445:[PRESS ,0038]P  +5287mbar,T+23812mdegC
1594427447:[PRESS ,0038]P  +5287mbar,T-14411mdegC
1594427449:[PRESS ,0038]P  +5287mbar,T -3504mdegC
1594427451:[PRESS ,0038]P  +5287mbar,T+23812mdegC
1594427454:[PRESS ,0038]P  +5287mbar,T -3504mdegC
1594427456:[PRESS ,0038]P  +5297mbar,T+23812mdegC
1594427522:[PRESS ,0038]P  +5317mbar,T-14411mdegC
1594427583:[PRESS ,0038]P  +5367mbar,T+23812mdegC
1594427583:[BUOY  ,0087]from +1mbar/s to +0mbar/s
1594427583:[BUOY  ,0089]need to transfer +2mL (pump during 2395ms)
1594427591:[PUMP  ,0207]battery 15490mV,   19032uA (warmup), P  +5367mbar
1594427591:[PUMP  ,0016]pump during 2395ms
1594427606:[MRMAID,0184]acq already started
1594427661:[PRESS ,0038]P  +5417mbar,T-14411mdegC
1594427663:[PRESS ,0038]P  +5417mbar,T+23812mdegC
1594427668:[PRESS ,0038]P  +5417mbar,T -3504mdegC
1594427678:[PRESS ,0038]P  +5427mbar,T+23812mdegC
1594427682:[PRESS ,0038]P  +5427mbar,T-30820mdegC
1594427682:[BUOY  ,0087]from +1mbar/s to +0mbar/s
1594427682:[BUOY  ,0089]need to transfer +2mL (pump during 2395ms)
1594427691:[PUMP  ,0207]battery 15488mV,   18910uA (warmup), P  +5427mbar
1594427691:[PUMP  ,0016]pump during 2395ms
1594427706:[MRMAID,0184]acq already started
1594427757:[PRESS ,0038]P  +5467mbar,T -3504mdegC
1594427758:[PRESS ,0038]P  +5477mbar,T-14411mdegC
1594427760:[PRESS ,0038]P  +5487mbar,T+23812mdegC
1594427762:[PRESS ,0038]P  +5487mbar,T -3504mdegC
1594427767:[PRESS ,0038]P  +5487mbar,T+23812mdegC
1594427769:[PRESS ,0038]P  +5487mbar,T-14411mdegC
1594427771:[PRESS ,0038]P  +5507mbar,T+23812mdegC
1594427773:[PRESS ,0038]P  +5487mbar,T-30820mdegC
1594427775:[PRESS ,0038]P  +5497mbar,T -3504mdegC
1594427776:[PRESS ,0038]P  +5487mbar,T+23812mdegC
1594427780:[PRESS ,0038]P  +5487mbar,T -3504mdegC
1594427842:[PRESS ,0038]P  +5507mbar,T+23812mdegC
1594427842:<WARN>[BUOY  ,0094]stage[1] should ASCENT, stuck at 5507mbar for the #1 time
1594427842:[BUOY  ,0087]from +0mbar/s to -2mbar/s
1594427842:[BUOY  ,0089]need to transfer +6mL (pump during 7185ms)
1594427851:[PUMP  ,0207]battery 15490mV,   18910uA (warmup), P  +5507mbar
1594427851:[PUMP  ,0016]pump during 7185ms
1594427858:[PUMP  ,0212]battery 15318mV,  290848uA (steady state), P  +5507mbar
1594427871:[MRMAID,0184]acq already started
1594427928:[PRESS ,0038]P  +5457mbar,T -3504mdegC
1594427929:[PRESS ,0038]P  +5457mbar,T+23812mdegC
1594427933:[PRESS ,0038]P  +5447mbar,T -3504mdegC
1594427938:[PRESS ,0038]P  +5447mbar,T+23812mdegC
1594427942:[PRESS ,0038]P  +5447mbar,T -3504mdegC
1594428002:[PRESS ,0038]P  +5377mbar,T+23812mdegC
1594428063:[PRESS ,0038]P  +5367mbar,T -3504mdegC
1594428121:[MRMAID,0059]stop canceled
1594428136:[MRMAID,0005]ascent request rejected
1594428184:[PRESS ,0038]P  +5297mbar,T+23812mdegC
1594428222:[MRMAID,0027]53dbar, 24degC
1594428306:[PRESS ,0038]P  +5267mbar,T-30820mdegC
1594428366:[PRESS ,0038]P  +5237mbar,T -3504mdegC
1594428488:[PRESS ,0038]P  +5157mbar,T+23812mdegC
1594428549:[PRESS ,0038]P  +5117mbar,T -3504mdegC
1594428670:[PRESS ,0038]P  +5107mbar,T+23812mdegC
1594428670:[MAIN  ,0140]stage[1] complete 3622s after mission start
1594429274:<ERR>[MRMAID,0008]acq not stopped
1594429323:[MRMAID,0003]acq stopped
1594429323:[MRMAID,0052]Mermaid $MEASFS,96410,2409.408691,40.013967;
1594429334:[MSSION,0192]mission stopped, 2 stage(s) done
1594429334:[MAIN  ,0065]surfacing
1594429336:[PRESS ,0038]P  +4927mbar,T -3504mdegC
1594429336:[SURFIN,0036]P  +4927mbar
1594429341:<WARN>[MERCMD,0006]ascent request while not in mission
1594429341:[MRMAID,0003]acq stopped
1594429344:[PUMP  ,0207]battery 15503mV,   21350uA (warmup), P  +4927mbar
1594429344:[PUMP  ,0016]pump during 60000ms
1594429403:[PUMP  ,0212]battery 15336mV,  287554uA (steady state), P  +4927mbar
1594429461:[PRESS ,0038]P  +4667mbar,T+23812mdegC
1594429463:[PRESS ,0038]P  +4667mbar,T -3504mdegC
1594429464:[PRESS ,0038]P  +4677mbar,T+23812mdegC
1594429466:[PRESS ,0038]P  +4667mbar,T -3504mdegC
1594429468:[PRESS ,0038]P  +4657mbar,T+23812mdegC
1594429472:[PRESS ,0038]P  +4647mbar,T -3504mdegC
1594429475:[PRESS ,0038]P  +4637mbar,T-30820mdegC
1594429477:[PRESS ,0038]P  +4617mbar,T -3504mdegC
1594429482:[PRESS ,0038]P  +4607mbar,T-30820mdegC
1594429484:[PRESS ,0038]P  +4607mbar,T -3504mdegC
1594429494:[PUMP  ,0207]battery 15432mV,   18666uA (warmup), P  +4597mbar
1594429494:[PUMP  ,0016]pump during 60000ms
1594429553:[PUMP  ,0212]battery 15262mV,  284382uA (steady state), P  +4597mbar
1594429611:[PRESS ,0038]P  +4037mbar,T-30820mdegC
1594429613:[PRESS ,0038]P  +4027mbar,T+23812mdegC
1594429614:[PRESS ,0038]P  +4027mbar,T-30820mdegC
1594429616:[PRESS ,0038]P  +4007mbar,T+23812mdegC
1594429618:[PRESS ,0038]P  +3997mbar,T -3504mdegC
1594429620:[PRESS ,0038]P  +3987mbar,T+23812mdegC
1594429622:[PRESS ,0038]P  +3987mbar,T -3504mdegC
1594429629:[PRESS ,0038]P  +3927mbar,T-30820mdegC
1594429630:[PRESS ,0038]P  +3937mbar,T -3504mdegC
1594429634:[PRESS ,0038]P  +3917mbar,T+23812mdegC
1594429636:[PRESS ,0038]P  +3897mbar,T -3504mdegC
1594429644:[PUMP  ,0207]battery 15376mV,   18666uA (warmup), P  +3897mbar
1594429644:[PUMP  ,0016]pump during 60000ms
1594429703:[PUMP  ,0212]battery 15208mV,  283650uA (steady state), P  +3897mbar
1594429761:[PRESS ,0038]P  +3237mbar,T -3504mdegC
1594429764:[PRESS ,0038]P  +3207mbar,T+23812mdegC
1594429768:[PRESS ,0038]P  +3197mbar,T -3504mdegC
1594429770:[PRESS ,0038]P  +3177mbar,T+23812mdegC
1594429771:[PRESS ,0038]P  +3167mbar,T-30820mdegC
1594429777:[PRESS ,0038]P  +3127mbar,T -3504mdegC
1594429779:[PRESS ,0038]P  +3117mbar,T+23812mdegC
1594429780:[PRESS ,0038]P  +3107mbar,T -3504mdegC
1594429794:[PUMP  ,0207]battery 15336mV,   18666uA (warmup), P  +3077mbar
1594429794:[PUMP  ,0016]pump during 60000ms
1594429853:[PUMP  ,0212]battery 15168mV,  280722uA (steady state), P  +3077mbar
1594429911:[PRESS ,0038]P  +2157mbar,T -3504mdegC
1594429918:[PRESS ,0038]P  +2097mbar,T -3504mdegC
1594429919:[PRESS ,0038]P  +2087mbar,T+23812mdegC
1594429921:[PRESS ,0038]P  +2077mbar,T-30820mdegC
1594429923:[PRESS ,0038]P  +2067mbar,T -3504mdegC
1594429930:[PRESS ,0038]P  +1997mbar,T-30820mdegC
1594429932:[PRESS ,0038]P  +1987mbar,T -3504mdegC
1594429934:[PRESS ,0038]P  +1987mbar,T-30820mdegC
1594430057:[PRESS ,0038]P  +1217mbar,T -3504mdegC
1594430065:[PUMP  ,0207]battery 15350mV,   18788uA (warmup), P  +1217mbar
1594430065:[PUMP  ,0016]pump during 60000ms
1594430124:[PUMP  ,0212]battery 15185mV,  269376uA (steady state), P  +1217mbar
1594430182:[PRESS ,0038]P   +457mbar,T+23812mdegC
1594430184:[PRESS ,0038]P   +447mbar,T -3504mdegC
1594430186:[PRESS ,0038]P   +427mbar,T-30820mdegC
1594430187:[PRESS ,0038]P   +417mbar,T -3504mdegC
1594430194:[PRESS ,0038]P   +377mbar,T-30820mdegC
1594430196:[PRESS ,0038]P   +357mbar,T -3504mdegC
1594430202:[PRESS ,0038]P   +337mbar,T-30820mdegC
1594430203:[PRESS ,0038]P   +317mbar,T -3504mdegC
1594430211:[PRESS ,0038]P   +267mbar,T-30820mdegC
1594430211:[SURFIN,0020]filling external bladder
1594430219:[PUMP  ,0207]battery 15317mV,   18788uA (warmup), P   +267mbar
1594430219:[PUMP  ,0016]pump during 300000ms
1594430517:[PUMP  ,0212]battery 14923mV,  854610uA (steady state), P   +267mbar
1594430528:[PUMP  ,0207]battery 14816mV,   18910uA (warmup), P   +267mbar
1594430528:[PUMP  ,0016]pump during 300000ms
1594430715:[PUMP  ,0212]battery 14507mV,  808006uA (steady state), P   +267mbar
1594430717:[SURFIN,0019]external bladder full
1594430719:[PRESS ,0038]P   +170mbar,T+23812mdegC
1594430724:[PRESS ,0038]P   +160mbar,T-14411mdegC
1594430726:[PRESS ,0038]P   +160mbar,T+23812mdegC
1594430733:[PRESS ,0038]P   +170mbar,T -3504mdegC
1594430735:[PRESS ,0038]P   +170mbar,T+23812mdegC
1594430737:[PRESS ,0038]P   +170mbar,T-14411mdegC
1594430739:[PRESS ,0038]P   +170mbar,T+23812mdegC
1594430780:[MAIN  ,0272]Vbat 15002mV (min 14922mV)
1594430782:[MAIN  ,0024]internal pressure 79080Pa
1594430782:[MAIN  ,0043]Pext 169mbar (rng 20mbar)
1594430782:[MAIN  ,0064]surface
1594430794:[SURF  ,0022]GPS fix...
1594430814:[SURF  ,0015]10 PPS detected...
1594430815:[MRMAID,0052]Mermaid $GPSACK:+0,+0,+0,+0,+0,+0,-396;
1594430825:[MRMAID,0052]Mermaid $GPSOFF:3686322;
1594430827:[GPSFIX,0179]+0s diff
1594430827:[SURF  ,0222]2020-07-11T01:27:07
1594430827:[SURF  ,0082]Latitude : N43deg40.937mn, Longitude :E007deg19.177mn
1594430827:[SURF  ,0223]fix3D,10satellites
1594430827:[SURF  ,0084]GPS fix GPGSA : hdop0.710,vdop0.980
1594430837:[SURF  ,0274]last almanac : 51618
1594430913:[MRMAID,0026]25998 bytes in 0064/5F09157A.MER
1594430919:[MAIN  ,0320]New pressure offset: 169mbar
1594430919:[LOGBIN,0078]*** switching to 0064/5F0915C7 ***
