946684888:[MONITR,0197]reboot code 0x0000, src/monitor.c@520
946684888:[MAIN  ,0007]buoy 452.020-R-0064
946684888:[MAIN  ,0055]soft pilotage 452.012.300_V2.18-20200518
946684888:[MAIN  ,0011]date 2000-01-01T00:01:28
946684894:[MAIN  ,0006]battery 14987mV,    8052uA
946684897:[MAIN  ,0024]internal pressure 100816Pa
946684898:[PRESS ,0038]P  -8720mbar,T+29296mdegC
946684898:[MRMAID,0182]thread started
946684900:[MRMAID,0186]no wake-up
946684901:[MRMAID,0188]acq already stopped
946684901:[MRMAID,0052]Mermaid $BOARD:452116600-64;
946684902:[MRMAID,0052]Mermaid $SOFT:2.1338;
946684902:[TESTMD,0053]Enter in test mode? yes/no
946684902:[TESTMD,0252]0064>
946684903:[TESTMD,0050]"yes"
946684903:[TESTMD,0249]
Command list
pext    : Get external pressure
pint    : Get internal vacuum
ui      : Get voltage/current
act     : Test actuators
fillb   : Pump until filling the bladder
bpopen  : Open bypass
bpclose : Close bypass
date    : Get date
gps     : GPS synchronization
iridium : Iridium transfer
mstart  : Start mermaid acq
mstop   : Stop mermaid acq
mdata   : Get mermaid datas
mchecksd  : Start mermaid acq
mdump  : Send data REQUEST command with date and duration
s41dumpa : Get averaged CTD datas
s41dumpr : Get raw CTD datas
ls      : List files
cp      : Copy file or directory content on the desktop
rm      : Remove a file
h       : Print command list
q       : Quit

Advanced
pumps X : pompe Xs (lent)
pumpf X : pompe Xs (rapide)
evh     : ouvre l'electrovalve 30s
bypass  : ouvre le bypass 30s
dvmine  : deverminage de la carte
nominal : mode nominal pour mesure de conso
cychydr : test du circuit hydraulique
mkdir   : creer un repertoire
mv      : deplacer un fichier
ps      : liste les processus

Set params
stage   : Stage settings
buoy    : Buoy settings
p2t     : Pressure sensor settings
log     : Verb cfg
mermaid : Mermaid cfg
upload  : On/Off Irid transfer
sys  : system param settings


946684903:[TESTMD,0252]0064>
