1594378006:[MONITR,0197]reboot code 0x0000, src/monitor.c@520
1594378006:[MAIN  ,0007]buoy 452.120-R-0064
1594378006:[MAIN  ,0055]soft pilotage 452.012.300_V2.21-20200701
1594378006:[MAIN  ,0011]date 2020-07-10T10:46:46
1594378012:[MAIN  ,0006]battery 15577mV,    1830uA
1594378015:[MAIN  ,0024]internal pressure 81200Pa
1594378016:[PRESS ,0038]P   +140mbar,T-19857mdegC
1594378016:[MRMAID,0182]thread started
1594378018:[MRMAID,0186]no wake-up
1594378019:[MRMAID,0188]acq already stopped
1594378019:[MRMAID,0052]Mermaid $BOARD:452116600-64;
1594378020:[MRMAID,0052]Mermaid $SOFT:2.1344;
1594378020:[TESTMD,0053]Enter in test mode? yes/no
1594378020:[TESTMD,0252]0064>
1594378050:[BYCMD ,0107]    FreeRTOS V8.2.3
1594378050:[BYCMD ,0108]    FatFS v11a
1594378050:[BYCMD ,0117]    valve is running
1594378050:[BYCMD ,0120]    bypass 20000ms 60000ms (20000ms 60000ms stored)
1594378050:[BYCMD ,0121]    valve 60000ms 12750 (60000ms 12750 stored)
1594378050:[BYCMD ,0122]    pump 60000ms 30% 10750 80% (60000ms 30% 10750 80% stored)
1594378050:[BYCMD ,0123]    rate 2mbar/s (2mbar/s stored)
1594378050:[BYCMD ,0124]    surface 500mbar (500mbar stored)
1594378050:[BYCMD ,0125]    near 15000mbar 3mbar/s (15000mbar 3mbar/s stored)
1594378050:[BYCMD ,0126]    far 25000mbar 4mbar/s (25000mbar 4mbar/s stored)
1594378050:[BYCMD ,0127]    ascent 8mbar/s (8mbar/s stored)
1594378050:[BYCMD ,0128]    dead 300s (300s stored)
1594378050:[BYCMD ,0129]    coeff 16/10 (16/10 stored)
1594378050:[BYCMD ,0130]    stab 10 (10 stored)
1594378051:[BYCMD ,0131]    delay 900s 3600s (900s 3600s stored)
1594378051:[BYCMD ,0132]    mmtime 2880min (2880min stored)
1594378051:[BYCMD ,0133]    dv_landing 100ml (100ml stored)
1594378051:[MKDCMD,0150]    p2t37: 15x2000ms, offset 0mbar
1594378051:[P2TCMD,0151]    p2t37: dp 5000mbar, dt 5000mdegC
1594378051:[STAGE ,0080]Stage [0] 5000mbar (+/-500mbar) 1800s (<1800s) 
1594378051:[STAGE ,0080]Stage [1] 5000mbar (+/-500mbar) 1800s (<3600s) MERMAID
1594378051:[MAIN  ,0065]surfacing
1594378054:[PRESS ,0038]P   +130mbar,T +7447mdegC
1594378063:[PRESS ,0038]P   +130mbar,T-30786mdegC
1594378065:[PRESS ,0038]P   +140mbar,T +7447mdegC
1594378072:[PRESS ,0038]P   +140mbar,T-30786mdegC
1594378074:[PRESS ,0038]P   +140mbar,T-19857mdegC
1594378076:[PRESS ,0038]P   +140mbar,T +7447mdegC
1594378076:[SURFIN,0036]P   +140mbar
1594378079:[SURFIN,0020]filling external bladder
1594378087:[PUMP  ,0016]pump during 300000ms
1594378179:[SURFIN,0019]external bladder full
1594378185:[PRESS ,0038]P   +150mbar,T-19857mdegC
1594378186:[PRESS ,0038]P   +140mbar,T +7447mdegC
1594378194:[PRESS ,0038]P   +140mbar,T-30786mdegC
1594378195:[PRESS ,0038]P   +150mbar,T +7447mdegC
1594378241:[MAIN  ,0272]Vbat 15314mV (min 15283mV)
1594378243:[MAIN  ,0024]internal pressure 81038Pa
1594378243:[MAIN  ,0043]Pext 147mbar (rng 20mbar)
1594378243:[MAIN  ,0064]surface
1594378243:[CMD   ,0276]0064>
1594378252:[SURF  ,0022]GPS fix...
1594378296:[SURF  ,0015]10 PPS detected...
1594378298:[MRMAID,0052]Mermaid $GPSACK:+50,+6,+9,+10,+43,-2,-512359;
1594378308:[MRMAID,0052]Mermaid $GPSOFF:3686317;
1594378309:[GPSFIX,0179]-2s diff
1594378311:[SURF  ,0222]2020-07-10T10:51:51
1594378311:[SURF  ,0082]Latitude : N43deg40.947mn, Longitude :E007deg19.176mn
1594378311:[SURF  ,0223]fix3D,6satellites
1594378311:[SURF  ,0084]GPS fix GPGSA : hdop2.170,vdop3.930
1594378321:[SURF  ,0274]last almanac : 1593722961
1594379233:[MRMAID,0026]1263 bytes in 0064/5F084BDA.MER
1594379238:[MAIN  ,0320]New pressure offset: 147mbar
1594379238:[LOGBIN,0078]*** switching to 0064/5F084BE6 ***
