1595237837:[MONITR,0197]reboot code 0x0000, src/monitor.c@520
1595237837:[MAIN  ,0007]buoy 452.120-R-0065
1595237837:[MAIN  ,0055]soft pilotage 452.012.300_V2.22-20200709
1595237837:[MAIN  ,0011]date 2020-07-20T09:37:17
1595237843:[MAIN  ,0006]battery 15448mV,   40626uA
1595237846:[MAIN  ,0024]internal pressure 81178Pa
1595237847:[PRESS ,0038]P   -109mbar,T+24695mdegC
1595237847:[MRMAID,0182]thread started
1595237849:[MRMAID,0186]no wake-up
1595237849:[MRMAID,0188]acq already stopped
1595237850:[MRMAID,0052]Mermaid $BOARD:452116600-65;
1595237851:[MRMAID,0052]Mermaid $SOFT:2.1344;
1595237851:[TESTMD,0053]Enter in test mode? yes/no
1595237851:[TESTMD,0252]0065>
1595237865:[TESTMD,0050]"yes"
1595237865:[TESTMD,0249]
Command list
pext    : Get external pressure
pint    : Get internal vacuum
ui      : Get voltage/current
act     : Test actuators
fillb   : Pump until filling the bladder
bpopen  : Open bypass
bpclose : Close bypass
date    : Get date
gps     : GPS synchronization
iridium : Iridium transfer
mstart  : Start mermaid acq
mstop   : Stop mermaid acq
mdata   : Get mermaid datas
mchecksd  : Start mermaid acq
mdump  : Send data REQUEST command with date and duration
s41dumpa : Get averaged CTD datas
s41dumpr : Get raw CTD datas
ls      : List files
cp      : Copy file or directory content on the desktop
rm      : Remove a file
h       : Print command list
q       : Quit

Advanced
pumps X : pompe Xs (lent)
pumpf X : pompe Xs (rapide)
evh     : ouvre l'electrovalve 30s
bypass  : ouvre le bypass 30s
dvmine  : deverminage de la carte
nominal : mode nominal pour mesure de conso
cychydr : test du circuit hydraulique
mkdir   : creer un repertoire
mv      : deplacer un fichier
ps      : liste les processus

Set params
stage   : Stage settings
buoy    : Buoy settings
p2t     : Pressure sensor settings
log     : Verb cfg
mermaid : Mermaid cfg
upload  : On/Off Irid transfer
sys  : system param settings


1595237865:[TESTMD,0252]0065>
1595237868:[TESTMD,0050]"act"
1595237868:[SURFIN,0020]filling external bladder
1595237871:[SURFIN,0019]external bladder full
1595237876:[VALVE ,0034]valve opening 30000ms
1595237911:[SURFIN,0020]filling external bladder
1595237919:[PUMP  ,0016]pump during 300000ms
1595237930:[SURFIN,0019]external bladder full
1595237930:[TESTMD,0045]pump run 9s
1595237935:[BYPASS,0035]bypass opening 30000ms
1595237980:[SURFIN,0020]filling external bladder
1595237988:[PUMP  ,0016]pump during 300000ms
1595238082:[SURFIN,0019]external bladder full
1595238082:[TESTMD,0045]pump run 92s
1595238087:[TESTMD,0066]test done
1595238087:[TESTMD,0252]0065>
1595238089:[TESTMD,0050]"gps"
1595238097:[SURF  ,0022]GPS fix...
1595238120:<WARN>[GPSFIX,0123]GPRMC ms=10 #1
1595238140:[SURF  ,0015]10 PPS detected...
1595238141:[MRMAID,0052]Mermaid $GPSACK:+50,+6,+19,+9,+36,+5,-171875;
1595238151:[MRMAID,0052]Mermaid $GPSOFF:3686321;
1595238152:[GPSFIX,0179]-1s diff
1595238153:[SURF  ,0222]2020-07-20T09:42:33
1595238153:[SURF  ,0082]Latitude : N43deg41.965mn, Longitude :E007deg18.506mn
1595238153:[SURF  ,0223]fix3D,7satellites
1595238153:[SURF  ,0084]GPS fix GPGSA : hdop1.460,vdop2.250
1595238168:[TESTMD,0252]0065>
1595238169:[TESTMD,0050]"gps"
1595238179:[SURF  ,0022]GPS fix...
1595238199:[SURF  ,0015]10 PPS detected...
1595238200:[MRMAID,0052]Mermaid $GPSACK:+0,+0,+0,+0,+0,+0,+0;
1595238210:[MRMAID,0052]Mermaid $GPSOFF:3686321;
1595238212:[GPSFIX,0179]-1s diff
1595238213:[SURF  ,0222]2020-07-20T09:43:33
1595238213:[SURF  ,0082]Latitude : N43deg41.965mn, Longitude :E007deg18.504mn
1595238213:[SURF  ,0223]fix3D,7satellites
1595238213:[SURF  ,0084]GPS fix GPGSA : hdop1.450,vdop2.270
1595238228:[TESTMD,0252]0065>
1595238229:[TESTMD,0050]"iridium"
1595238239:[SURF  ,0025]Iridium...
1595238277:[SURF  ,0009]connected in 37s, signal quality 5
1595238345:[SURF  ,0218]prompt received, remote cmd end
1595238345:[SURF  ,0012]16 cmd(s) received
1595238366:[UPLOAD,0248]Upload data files...
1595238398:[UPLOAD,0231]"0065/5F116424.BIN" uploaded at 115bytes/s
1595238419:[MAIN  ,0013]1 file(s) uploaded
1595238449:[SURF  ,0014]disconnected after 209s
1595238454:[TESTMD,0252]0065>
