1594502639:[MONITR,0197]reboot code 0x0000, src/monitor.c@520
1594502639:[MAIN  ,0007]buoy 452.120-R-0065
1594502639:[MAIN  ,0055]soft pilotage 452.012.300_V2.21-20200701
1594502639:[MAIN  ,0011]date 2020-07-11T21:23:59
1594502645:[MAIN  ,0006]battery 15335mV,   37210uA
1594502648:[MAIN  ,0024]internal pressure 80935Pa
1594502649:[PRESS ,0038]P    +17mbar,T+24695mdegC
1594502649:[MRMAID,0182]thread started
1594502651:[MRMAID,0186]no wake-up
1594502651:[MRMAID,0188]acq already stopped
1594502652:[MRMAID,0052]Mermaid $BOARD:452116600-65;
1594502653:[MRMAID,0052]Mermaid $SOFT:2.1344;
1594502653:[TESTMD,0053]Enter in test mode? yes/no
1594502653:[TESTMD,0252]0065>
1594502683:[BYCMD ,0107]    FreeRTOS V8.2.3
1594502683:[BYCMD ,0108]    FatFS v11a
1594502683:[BYCMD ,0117]    valve is running
1594502683:[BYCMD ,0120]    bypass 20000ms 60000ms (20000ms 60000ms stored)
1594502683:[BYCMD ,0121]    valve 60000ms 12750 (60000ms 12750 stored)
1594502683:[BYCMD ,0122]    pump 60000ms 30% 10750 80% (60000ms 30% 10750 80% stored)
1594502683:[BYCMD ,0123]    rate 2mbar/s (2mbar/s stored)
1594502683:[BYCMD ,0124]    surface 500mbar (500mbar stored)
1594502683:[BYCMD ,0125]    near 15000mbar 3mbar/s (15000mbar 3mbar/s stored)
1594502683:[BYCMD ,0126]    far 25000mbar 4mbar/s (25000mbar 4mbar/s stored)
1594502683:[BYCMD ,0127]    ascent 8mbar/s (8mbar/s stored)
1594502683:[BYCMD ,0128]    dead 300s (300s stored)
1594502683:[BYCMD ,0129]    coeff 16/10 (16/10 stored)
1594502683:[BYCMD ,0130]    stab 10 (10 stored)
1594502683:[BYCMD ,0131]    delay 900s 3600s (900s 3600s stored)
1594502684:[BYCMD ,0132]    mmtime 2880min (2880min stored)
1594502684:[BYCMD ,0133]    dv_landing 100ml (100ml stored)
1594502684:[MKDCMD,0150]    p2t37: 15x2000ms, offset 93mbar
1594502684:[P2TCMD,0151]    p2t37: dp 5000mbar, dt 5000mdegC
1594502684:[STAGE ,0080]Stage [0] 5000mbar (+/-500mbar) 1800s (<1800s) 
1594502684:[STAGE ,0080]Stage [1] 5000mbar (+/-500mbar) 1800s (<3600s) MERMAID
1594502684:[MAIN  ,0065]surfacing
1594502689:[PRESS ,0038]P    +17mbar,T-13378mdegC
1594502691:[PRESS ,0038]P    +17mbar,T+24695mdegC
1594502694:[PRESS ,0038]P     +7mbar,T -2769mdegC
1594502696:[PRESS ,0038]P    +17mbar,T+24695mdegC
1594502698:[PRESS ,0038]P    +17mbar,T -2769mdegC
1594502700:[PRESS ,0038]P    +17mbar,T+24695mdegC
1594502709:[SURFIN,0036]P     +7mbar
1594502712:[SURFIN,0020]filling external bladder
1594502715:[SURFIN,0019]external bladder full
1594502717:[PRESS ,0038]P   +110mbar,T -2769mdegC
1594502719:[PRESS ,0038]P   +100mbar,T+24695mdegC
1594502723:[PRESS ,0038]P   +110mbar,T -2769mdegC
1594502724:[PRESS ,0038]P   +100mbar,T+24695mdegC
1594502726:[PRESS ,0038]P   +110mbar,T -2769mdegC
1594502728:[PRESS ,0038]P   +110mbar,T-30234mdegC
1594502730:[PRESS ,0038]P   +110mbar,T+24695mdegC
1594502732:[PRESS ,0038]P   +110mbar,T -2769mdegC
1594502733:[PRESS ,0038]P   +110mbar,T+24695mdegC
1594502737:[PRESS ,0038]P   +100mbar,T -2769mdegC
1594502739:[PRESS ,0038]P   +120mbar,T+24695mdegC
1594502741:[PRESS ,0038]P   +100mbar,T -2769mdegC
1594502742:[PRESS ,0038]P    +90mbar,T+24695mdegC
1594502777:[MAIN  ,0272]Vbat 15349mV (min 15330mV)
1594502780:[MAIN  ,0024]internal pressure 80915Pa
1594502780:[MAIN  ,0043]Pext 106mbar (rng 30mbar)
1594502780:[MAIN  ,0064]surface
1594502780:[CMD   ,0276]0065>
1594502797:[SURF  ,0022]GPS fix...
1594502817:[SURF  ,0015]10 PPS detected...
1594502819:[MRMAID,0052]Mermaid $GPSACK:+0,+0,+0,+0,+1,-59,-999420;
1594502829:[MRMAID,0052]Mermaid $GPSOFF:3686322;
1594502830:[GPSFIX,0179]-1s diff
1594502831:[SURF  ,0222]2020-07-11T21:27:11
1594502831:[SURF  ,0082]Latitude : N43deg40.938mn, Longitude :E007deg19.178mn
1594502831:[SURF  ,0223]fix3D,8satellites
1594502831:[SURF  ,0084]GPS fix GPGSA : hdop0.650,vdop1.040
1594502841:[SURF  ,0274]last almanac : 38440
1594502853:[MRMAID,0026]1469 bytes in 0065/5F0A2EBE.MER
1594502859:[MAIN  ,0320]New pressure offset: 106mbar
1594502859:[LOGBIN,0078]*** switching to 0065/5F0A2ECB ***
