1594885204:[MONITR,0197]reboot code 0x0000, src/monitor.c@520
1594885205:[MAIN  ,0007]buoy 452.120-R-0065
1594885205:[MAIN  ,0055]soft pilotage 452.012.300_V2.21-20200701
1594885205:[MAIN  ,0011]date 2020-07-16T07:40:05
1594885211:[MAIN  ,0006]battery 15458mV,   40260uA
1594885213:[MAIN  ,0024]internal pressure 81228Pa
1594885215:[PRESS ,0038]P   -139mbar,T+24695mdegC
1594885215:[MRMAID,0182]thread started
1594885216:[MRMAID,0186]no wake-up
1594885217:[MRMAID,0188]acq already stopped
1594885217:[MRMAID,0052]Mermaid $BOARD:452116600-65;
1594885218:[MRMAID,0052]Mermaid $SOFT:2.1344;
1594885218:[TESTMD,0053]Enter in test mode? yes/no
1594885218:[TESTMD,0252]0065>
1594885222:[TESTMD,0050]"yes"
1594885222:[TESTMD,0249]
Command list
pext    : Get external pressure
pint    : Get internal vacuum
ui      : Get voltage/current
act     : Test actuators
fillb   : Pump until filling the bladder
bpopen  : Open bypass
bpclose : Close bypass
date    : Get date
gps     : GPS synchronization
iridium : Iridium transfer
mstart  : Start mermaid acq
mstop   : Stop mermaid acq
mdata   : Get mermaid datas
mchecksd  : Start mermaid acq
mdump  : Send data REQUEST command with date and duration
s41dumpa : Get averaged CTD datas
s41dumpr : Get raw CTD datas
ls      : List files
cp      : Copy file or directory content on the desktop
rm      : Remove a file
h       : Print command list
q       : Quit

Advanced
pumps X : pompe Xs (lent)
pumpf X : pompe Xs (rapide)
evh     : ouvre l'electrovalve 30s
bypass  : ouvre le bypass 30s
dvmine  : deverminage de la carte
nominal : mode nominal pour mesure de conso
cychydr : test du circuit hydraulique
mkdir   : creer un repertoire
mv      : deplacer un fichier
ps      : liste les processus

Set params
stage   : Stage settings
buoy    : Buoy settings
p2t     : Pressure sensor settings
log     : Verb cfg
mermaid : Mermaid cfg
upload  : On/Off Irid transfer
sys  : system param settings


1594885222:[TESTMD,0252]0065>
1594885240:[TESTMD,0050]"bpopen"
1594885248:[TESTMD,0252]0065>
1594885281:[TESTMD,0050]"bpclose"
1594885289:[TESTMD,0252]0065>
1594885291:[TESTMD,0050]"fillb"
1594885291:[SURFIN,0020]filling external bladder
1594885299:[PUMP  ,0016]pump during 300000ms
1594885399:[SURFIN,0019]external bladder full
1594885399:[TESTMD,0252]0065>
