1595256540:[MAIN  ,0007]buoy 452.120-R-0065
1595256540:[MAIN  ,0055]soft pilotage 452.012.300_V2.22-20200709
1595256540:[MAIN  ,0010]cycle 3
1595256540:[SURF  ,0225]surface2
1595256556:[SURF  ,0022]GPS fix...
1595256576:[SURF  ,0015]10 PPS detected...
1595256577:[MRMAID,0052]Mermaid $GPSACK:+0,+0,+0,+0,+0,+0,+0;
1595256587:[MRMAID,0052]Mermaid $GPSOFF:3686323;
1595256587:[GPSFIX,0179]-1s diff
1595256588:[SURF  ,0222]2020-07-20T14:49:48
1595256588:[SURF  ,0082]Latitude : N43deg40.943mn, Longitude :E007deg19.179mn
1595256588:[SURF  ,0223]fix3D,9satellites
1595256588:[SURF  ,0084]GPS fix GPGSA : hdop0.750,vdop0.970
1595256598:[SURF  ,0025]Iridium...
1595256644:[SURF  ,0009]connected in 46s, signal quality 5
1595256709:[SURF  ,0218]prompt received, remote cmd end
1595256709:[SURF  ,0012]13 cmd(s) received
1595256729:[UPLOAD,0248]Upload data files...
1595256946:[ZIO   ,0240]"NO CARRIER" received, aborting
1595256961:[SURF  ,0014]disconnected after 363s
1595256966:[SURFIN,0020]filling external bladder
1595256974:[PUMP  ,0207]battery 15152mV,   37210uA (warmup), P   +100mbar
1595256975:[PUMP  ,0016]pump during 300000ms
1595256983:[PUMP  ,0212]battery 14787mV,  924638uA (steady state), P   +100mbar
1595256985:[SURFIN,0019]external bladder full
1595256985:[SURF  ,0069]transfer interrupted , retry
1595257003:[SURF  ,0022]GPS fix...
1595257024:[SURF  ,0015]10 PPS detected...
1595257025:[MRMAID,0052]Mermaid $GPSACK:+0,+0,+0,+0,+0,+0,-30;
1595257035:[MRMAID,0052]Mermaid $GPSOFF:3686323;
1595257036:[GPSFIX,0179]-1s diff
1595257037:[SURF  ,0222]2020-07-20T14:57:17
1595257037:[SURF  ,0082]Latitude : N43deg40.943mn, Longitude :E007deg19.180mn
1595257037:[SURF  ,0223]fix3D,8satellites
1595257037:[SURF  ,0084]GPS fix GPGSA : hdop0.800,vdop1.150
1595257047:[SURF  ,0025]Iridium...
1595257090:[SURF  ,0009]connected in 43s, signal quality 5
1595257160:[SURF  ,0218]prompt received, remote cmd end
1595257160:[SURF  ,0012]13 cmd(s) received
1595257181:[UPLOAD,0248]Upload data files...
1595257201:[UPLOAD,0231]"0065/5F15AE9E.MER" uploaded at 105bytes/s
1595257309:[UPLOAD,0231]"0065/5F158F5B.BIN" uploaded at 134bytes/s
1595257325:[MAIN  ,0013]2 file(s) uploaded
1595257356:[SURF  ,0014]disconnected after 309s
1595257361:[SURFIN,0020]filling external bladder
1595257364:[SURFIN,0019]external bladder full
1595257364:[SURF  ,0227]1st complete transfer
1595257364:[SURF  ,0226]Go dive (Minimum surface delay expired and no more file to upload)
1595257384:[SURF  ,0022]GPS fix...
1595257405:[SURF  ,0015]10 PPS detected...
1595257406:[MRMAID,0052]Mermaid $GPSACK:+0,+0,+0,+0,+0,+0,+0;
1595257416:[MRMAID,0052]Mermaid $GPSOFF:3686322;
1595257417:[GPSFIX,0179]-1s diff
1595257418:[SURF  ,0222]2020-07-20T15:03:38
1595257418:[SURF  ,0082]Latitude : N43deg40.942mn, Longitude :E007deg19.178mn
1595257418:[SURF  ,0223]fix3D,8satellites
1595257418:[SURF  ,0084]GPS fix GPGSA : hdop0.730,vdop0.950
1595257435:[MAIN  ,0024]internal pressure 80899Pa
1595257436:[BYCMD ,0107]    FreeRTOS V8.2.3
1595257436:[BYCMD ,0108]    FatFS v11a
1595257436:[BYCMD ,0120]    bypass 10000ms 60000ms (20000ms 60000ms stored)
1595257436:[BYCMD ,0121]    valve 60000ms 12750 (60000ms 12750 stored)
1595257436:[BYCMD ,0122]    pump 60000ms 30% 10750 80% (60000ms 30% 10750 80% stored)
1595257436:[BYCMD ,0123]    rate 2mbar/s (2mbar/s stored)
1595257436:[BYCMD ,0124]    surface 500mbar (500mbar stored)
1595257436:[BYCMD ,0125]    near 1500mbar 3mbar/s (15000mbar 3mbar/s stored)
1595257436:[BYCMD ,0126]    far 2500mbar 4mbar/s (25000mbar 4mbar/s stored)
1595257436:[BYCMD ,0127]    ascent 8mbar/s (8mbar/s stored)
1595257436:[BYCMD ,0128]    dead 60s (300s stored)
1595257436:[BYCMD ,0129]    coeff 16/10 (16/10 stored)
1595257436:[BYCMD ,0130]    stab 10 (10 stored)
1595257436:[BYCMD ,0131]    delay 900s 3600s (900s 3600s stored)
1595257436:[BYCMD ,0132]    mmtime 2880min (2880min stored)
1595257436:[BYCMD ,0133]    dv_landing 100ml (100ml stored)
1595257436:[MKDCMD,0150]    p2t37: 15x2000ms, offset 85mbar
1595257436:[P2TCMD,0151]    p2t37: dp 50mbar, dt 5000mdegC
1595257437:[STAGE ,0080]Stage [0] 5000mbar (+/-500mbar) 1800s (<1800s) 
1595257437:[STAGE ,0080]Stage [1] 5000mbar (+/-500mbar) 1800s (<3600s) MERMAID
1595257437:[MAIN  ,0070]turn off bluetooth
1595257439:[PRESS ,0038]P     +5mbar,T+24695mdegC
1595257448:[PRESS ,0038]P     -5mbar,T-13378mdegC
1595257450:[PRESS ,0038]P     +5mbar,T+24695mdegC
1595257464:[DIVING,0141]diving from -5mbar, +0mbar/s
1595257464:[BYPASS,0035]bypass opening 60000ms
1595257469:[BYPASS,0104]battery 15042mV,  317078uA (bypass opening), P     -5mbar
1595257534:[BYPASS,0106]battery 15063mV,  327570uA (bypass closing), P     -5mbar
1595257536:[PRESS ,0038]P   -115mbar,T+24695mdegC
1595257541:[PRESS ,0038]P   -105mbar,T-13378mdegC
1595257543:[PRESS ,0038]P   -105mbar,T+24695mdegC
1595257549:[PRESS ,0038]P   -115mbar,T -2769mdegC
1595257550:[PRESS ,0038]P   -105mbar,T+24695mdegC
1595257561:[BYPASS,0035]bypass opening 10000ms
1595257566:[BYPASS,0104]battery 15075mV,  312686uA (bypass opening), P   -105mbar
1595257581:[BYPASS,0106]battery 15067mV,  327326uA (bypass closing), P   -105mbar
1595257583:[PRESS ,0038]P   -115mbar,T-13378mdegC
1595257585:[PRESS ,0038]P    -95mbar,T+24695mdegC
1595257588:[PRESS ,0038]P   -105mbar,T -2769mdegC
1595257590:[PRESS ,0038]P   -115mbar,T+24695mdegC
1595257594:[PRESS ,0038]P   -115mbar,T-13378mdegC
1595257596:[PRESS ,0038]P   -115mbar,T+24695mdegC
1595257603:[PRESS ,0038]P   -105mbar,T -2769mdegC
1595257606:[PRESS ,0038]P   -115mbar,T+24695mdegC
1595257608:[BYPASS,0035]bypass opening 10000ms
1595257613:[BYPASS,0104]battery 15080mV,  312930uA (bypass opening), P   -105mbar
1595257628:[BYPASS,0106]battery 15073mV,  325130uA (bypass closing), P   -105mbar
1595257630:[PRESS ,0038]P   -105mbar,T -2769mdegC
1595257632:[PRESS ,0038]P   -105mbar,T+24695mdegC
1595257634:[PRESS ,0038]P    -95mbar,T-13378mdegC
1595257635:[PRESS ,0038]P   -105mbar,T -2769mdegC
1595257637:[PRESS ,0038]P   -105mbar,T+24695mdegC
1595257642:[PRESS ,0038]P   -115mbar,T -2769mdegC
1595257650:[PRESS ,0038]P   -115mbar,T+24695mdegC
1595257655:[BYPASS,0035]bypass opening 10000ms
1595257660:[BYPASS,0104]battery 15083mV,  314516uA (bypass opening), P   -115mbar
1595257675:[BYPASS,0106]battery 15076mV,  325862uA (bypass closing), P   -115mbar
1595257677:[PRESS ,0038]P    -95mbar,T -2769mdegC
1595257679:[PRESS ,0038]P    -95mbar,T+24695mdegC
1595257684:[PRESS ,0038]P   -105mbar,T -2769mdegC
1595257686:[PRESS ,0038]P    -95mbar,T+24695mdegC
1595257688:[PRESS ,0038]P    -95mbar,T -2769mdegC
1595257689:[PRESS ,0038]P    -95mbar,T+24695mdegC
1595257691:[PRESS ,0038]P    -95mbar,T -2769mdegC
1595257693:[PRESS ,0038]P    -95mbar,T+24695mdegC
1595257698:[PRESS ,0038]P    -95mbar,T -2769mdegC
1595257702:[PRESS ,0038]P    -95mbar,T-13378mdegC
1595257702:[BYPASS,0035]bypass opening 10000ms
1595257707:[BYPASS,0104]battery 15087mV,  312808uA (bypass opening), P    -95mbar
1595257722:[BYPASS,0106]battery 15081mV,  323910uA (bypass closing), P    -95mbar
1595257724:[PRESS ,0038]P   -105mbar,T+24695mdegC
1595257726:[PRESS ,0038]P   -105mbar,T-13378mdegC
1595257728:[PRESS ,0038]P    -95mbar,T -2769mdegC
1595257729:[PRESS ,0038]P    -95mbar,T+24695mdegC
1595257731:[PRESS ,0038]P    -95mbar,T -2769mdegC
1595257733:[PRESS ,0038]P    -95mbar,T+24695mdegC
1595257735:[PRESS ,0038]P   -105mbar,T-13378mdegC
1595257737:[PRESS ,0038]P    -95mbar,T+24695mdegC
1595257738:[PRESS ,0038]P   -105mbar,T -2769mdegC
1595257740:[PRESS ,0038]P   -105mbar,T+24695mdegC
1595257742:[PRESS ,0038]P    -95mbar,T -2769mdegC
1595257744:[PRESS ,0038]P   -105mbar,T-13378mdegC
1595257746:[PRESS ,0038]P   -105mbar,T+24695mdegC
1595257747:[PRESS ,0038]P    -95mbar,T -2769mdegC
1595257749:[PRESS ,0038]P   -105mbar,T+24695mdegC
1595257749:[BYPASS,0035]bypass opening 10000ms
1595257754:[BYPASS,0104]battery 15088mV,  313418uA (bypass opening), P   -105mbar
1595257769:[BYPASS,0106]battery 15083mV,  323422uA (bypass closing), P   -105mbar
1595257776:[PRESS ,0038]P    -95mbar,T -2769mdegC
1595257778:[PRESS ,0038]P    -95mbar,T+24695mdegC
1595257782:[PRESS ,0038]P    -85mbar,T-13378mdegC
1595257784:[PRESS ,0038]P    -75mbar,T -2769mdegC
1595257787:[PRESS ,0038]P    -85mbar,T+24695mdegC
1595257789:[PRESS ,0038]P    -95mbar,T -2769mdegC
1595257791:[PRESS ,0038]P    -85mbar,T+24695mdegC
1595257793:[PRESS ,0038]P    -95mbar,T -2769mdegC
1595257794:[PRESS ,0038]P    -85mbar,T+24695mdegC
1595257796:[BYPASS,0035]bypass opening 10000ms
1595257801:[BYPASS,0104]battery 15093mV,  312808uA (bypass opening), P    -95mbar
1595257816:[BYPASS,0106]battery 15086mV,  322934uA (bypass closing), P    -95mbar
1595257827:[PRESS ,0038]P    -75mbar,T -2769mdegC
1595257829:[PRESS ,0038]P    -75mbar,T+24695mdegC
1595257831:[PRESS ,0038]P    -75mbar,T -2769mdegC
1595257833:[PRESS ,0038]P    -65mbar,T+24695mdegC
1595257835:[PRESS ,0038]P    -55mbar,T -2769mdegC
1595257837:[PRESS ,0038]P    -45mbar,T+24695mdegC
1595257841:[PRESS ,0038]P    -55mbar,T -2769mdegC
1595257843:[PRESS ,0038]P    -55mbar,T+24695mdegC
1595257844:[BYPASS,0035]bypass opening 10000ms
1595257850:[BYPASS,0104]battery 15095mV,  315248uA (bypass opening), P    -55mbar
1595257865:[BYPASS,0106]battery 15090mV,  322446uA (bypass closing), P    -55mbar
1595257866:[PRESS ,0038]P    +15mbar,T+24695mdegC
1595257870:[PRESS ,0038]P    +25mbar,T -2769mdegC
1595257872:[PRESS ,0038]P    +55mbar,T+24695mdegC
1595257874:[PRESS ,0038]P    +55mbar,T -2769mdegC
1595257881:[PRESS ,0038]P   +105mbar,T+24695mdegC
1595257897:[PRESS ,0038]P   +175mbar,T+24695mdegC
1595257900:[PRESS ,0038]P   +175mbar,T -2769mdegC
1595257905:[PRESS ,0038]P   +215mbar,T+24695mdegC
1595257911:[PRESS ,0038]P   +215mbar,T -2769mdegC
1595257919:[PRESS ,0038]P   +235mbar,T+24695mdegC
1595257922:[PRESS ,0038]P   +265mbar,T -2769mdegC
1595257928:[PRESS ,0038]P   +285mbar,T+24695mdegC
1595257930:[PRESS ,0038]P   +295mbar,T -2769mdegC
1595257933:[PRESS ,0038]P   +295mbar,T+24695mdegC
1595257939:[PRESS ,0038]P   +305mbar,T -2769mdegC
1595257950:[PRESS ,0038]P   +345mbar,T+24695mdegC
1595257953:[PRESS ,0038]P   +345mbar,T -2769mdegC
1595257955:[PRESS ,0038]P   +365mbar,T+24695mdegC
1595257961:[PRESS ,0038]P   +385mbar,T -2769mdegC
1595257964:[PRESS ,0038]P   +395mbar,T+24695mdegC
1595257967:[PRESS ,0038]P   +405mbar,T -2769mdegC
1595257972:[PRESS ,0038]P   +415mbar,T+24695mdegC
1595257975:[PRESS ,0038]P   +425mbar,T -2769mdegC
1595257978:[PRESS ,0038]P   +435mbar,T+24695mdegC
1595257981:[PRESS ,0038]P   +445mbar,T -2769mdegC
1595257983:[PRESS ,0038]P   +465mbar,T+24695mdegC
1595257989:[PRESS ,0038]P   +465mbar,T -2769mdegC
1595257992:[PRESS ,0038]P   +485mbar,T+24695mdegC
1595257995:[PRESS ,0038]P   +495mbar,T -2769mdegC
1595257999:[PRESS ,0038]P   +495mbar,T+24695mdegC
1595257999:[DIVING,0028]495mbar reached (+3mbar/s), 8 bypass done
1595258000:[MAIN  ,0056]stage[0]
1595258002:[MAIN  ,0024]internal pressure 84093Pa
1595258003:[PRESS ,0038]P   +525mbar,T -2769mdegC
1595258003:[BUOY  ,0037]P   +525mbar
1595258003:[STAGE ,0080]Stage [0] 5000mbar (+/-500mbar) 1800s (<1595259799s) 
1595258005:[PRESS ,0038]P   +525mbar,T+24695mdegC
1595258065:[PRESS ,0038]P   +745mbar,T-13378mdegC
1595258067:[PRESS ,0038]P   +755mbar,T+24695mdegC
1595258071:[PRESS ,0038]P   +785mbar,T -2769mdegC
1595258072:[PRESS ,0038]P   +785mbar,T+24695mdegC
1595258087:[PRESS ,0038]P   +845mbar,T-13378mdegC
1595258088:[PRESS ,0038]P   +855mbar,T-30234mdegC
1595258090:[PRESS ,0038]P   +855mbar,T+24695mdegC
1595258151:[PRESS ,0038]P  +1085mbar,T-13378mdegC
1595258154:[PRESS ,0038]P  +1095mbar,T+24695mdegC
1595258160:[PRESS ,0038]P  +1105mbar,T -2769mdegC
1595258162:[PRESS ,0038]P  +1115mbar,T+24695mdegC
1595258163:[PRESS ,0038]P  +1125mbar,T-13378mdegC
1595258165:[PRESS ,0038]P  +1125mbar,T+24695mdegC
1595258172:[PRESS ,0038]P  +1155mbar,T -2769mdegC
1595258174:[PRESS ,0038]P  +1165mbar,T+24695mdegC
1595258176:[PRESS ,0038]P  +1165mbar,T -2769mdegC
1595258237:[PRESS ,0038]P  +1335mbar,T-13378mdegC
1595258238:[PRESS ,0038]P  +1335mbar,T+24695mdegC
1595258240:[PRESS ,0038]P  +1335mbar,T-13378mdegC
1595258242:[PRESS ,0038]P  +1325mbar,T+24695mdegC
1595258246:[PRESS ,0038]P  +1365mbar,T -2769mdegC
1595258247:[PRESS ,0038]P  +1365mbar,T+24695mdegC
1595258249:[PRESS ,0038]P  +1365mbar,T -2769mdegC
1595258251:[PRESS ,0038]P  +1375mbar,T+24695mdegC
1595258260:[PRESS ,0038]P  +1395mbar,T-13378mdegC
1595258262:[PRESS ,0038]P  +1405mbar,T+24695mdegC
1595258322:[PRESS ,0038]P  +1555mbar,T-13378mdegC
1595258326:[PRESS ,0038]P  +1555mbar,T+24695mdegC
1595258333:[PRESS ,0038]P  +1555mbar,T-13378mdegC
1595258335:[PRESS ,0038]P  +1575mbar,T+24695mdegC
1595258340:[PRESS ,0038]P  +1565mbar,T-13378mdegC
1595258342:[PRESS ,0038]P  +1565mbar,T+24695mdegC
1595258344:[PRESS ,0038]P  +1585mbar,T -2769mdegC
1595258346:[PRESS ,0038]P  +1575mbar,T-13378mdegC
1595258347:[BUOY  ,0087]from +1mbar/s to +4mbar/s
1595258348:[BUOY  ,0090]need to transfer -24mL (valve during 7846ms)
1595258348:[VALVE ,0034]valve opening 7846ms
1595258355:[VALVE ,0234]battery 15097mV,  531310uA, P  +1575mbar
1595258408:[PRESS ,0038]P  +1655mbar,T+24695mdegC
1595258414:[PRESS ,0038]P  +1675mbar,T-13378mdegC
1595258415:[PRESS ,0038]P  +1685mbar,T+24695mdegC
1595258419:[PRESS ,0038]P  +1685mbar,T-13378mdegC
1595258421:[PRESS ,0038]P  +1685mbar,T+24695mdegC
1595258431:[PRESS ,0038]P  +1695mbar,T-13378mdegC
1595258433:[PRESS ,0038]P  +1695mbar,T+24695mdegC
1595258433:[BUOY  ,0087]from +2mbar/s to +4mbar/s
1595258433:[BUOY  ,0090]need to transfer -20mL (valve during 6220ms)
1595258433:[VALVE ,0034]valve opening 6220ms
1595258440:[VALVE ,0234]battery 15090mV,  528626uA, P  +1695mbar
1595258494:[PRESS ,0038]P  +1795mbar,T-13378mdegC
1595258496:[PRESS ,0038]P  +1785mbar,T+24695mdegC
1595258501:[PRESS ,0038]P  +1805mbar,T-13378mdegC
1595258503:[PRESS ,0038]P  +1805mbar,T+24695mdegC
1595258505:[PRESS ,0038]P  +1795mbar,T-13378mdegC
1595258508:[PRESS ,0038]P  +1805mbar,T+24695mdegC
1595258514:[PRESS ,0038]P  +1815mbar,T-13378mdegC
1595258516:[PRESS ,0038]P  +1805mbar,T+24695mdegC
1595258519:[PRESS ,0038]P  +1805mbar,T -2769mdegC
1595258519:[BUOY  ,0087]from +1mbar/s to +4mbar/s
1595258519:[BUOY  ,0090]need to transfer -24mL (valve during 7286ms)
1595258519:[VALVE ,0034]valve opening 7286ms
1595258527:[VALVE ,0234]battery 15088mV,  526430uA, P  +1805mbar
1595258580:[PRESS ,0038]P  +1985mbar,T-13378mdegC
1595258584:[PRESS ,0038]P  +2015mbar,T+24695mdegC
1595258585:[PRESS ,0038]P  +2015mbar,T-13378mdegC
1595258593:[PRESS ,0038]P  +2025mbar,T+24695mdegC
1595258594:[PRESS ,0038]P  +2035mbar,T-13378mdegC
1595258600:[PRESS ,0038]P  +2035mbar,T+24695mdegC
1595258603:[PRESS ,0038]P  +2045mbar,T-13378mdegC
1595258605:[PRESS ,0038]P  +2055mbar,T -2769mdegC
1595258605:[BUOY  ,0087]from +2mbar/s to +4mbar/s
1595258605:[BUOY  ,0090]need to transfer -20mL (valve during 5667ms)
1595258605:[VALVE ,0034]valve opening 5667ms
1595258611:[VALVE ,0234]battery 15085mV,  526918uA, P  +2055mbar
1595258666:[PRESS ,0038]P  +2275mbar,T+24695mdegC
1595258668:[PRESS ,0038]P  +2295mbar,T-13378mdegC
1595258675:[PRESS ,0038]P  +2315mbar,T+24695mdegC
1595258686:[PRESS ,0038]P  +2355mbar,T-13378mdegC
1595258687:[PRESS ,0038]P  +2365mbar,T+24695mdegC
1595258689:[PRESS ,0038]P  +2365mbar,T-13378mdegC
1595258752:[PRESS ,0038]P  +2615mbar,T-13378mdegC
1595258768:[PRESS ,0038]P  +2675mbar,T+24695mdegC
1595258769:[PRESS ,0038]P  +2675mbar,T -2769mdegC
1595258773:[PRESS ,0038]P  +2705mbar,T+24695mdegC
1595258775:[PRESS ,0038]P  +2705mbar,T-13378mdegC
1595258837:[PRESS ,0038]P  +2995mbar,T-13378mdegC
1595258841:[PRESS ,0038]P  +3005mbar,T+24695mdegC
1595258843:[PRESS ,0038]P  +3005mbar,T+14084mdegC
1595258844:[PRESS ,0038]P  +3025mbar,T-13378mdegC
1595258850:[PRESS ,0038]P  +3045mbar,T+24695mdegC
1595258851:[PRESS ,0038]P  +3045mbar,T-13378mdegC
1595258853:[PRESS ,0038]P  +3065mbar,T+24695mdegC
1595258855:[PRESS ,0038]P  +3055mbar,T-13378mdegC
1595258857:[PRESS ,0038]P  +3065mbar,T+24695mdegC
1595258859:[PRESS ,0038]P  +3075mbar,T-13378mdegC
1595258862:[PRESS ,0038]P  +3095mbar,T+24695mdegC
1595258923:[PRESS ,0038]P  +3335mbar,T-13378mdegC
1595258925:[PRESS ,0038]P  +3345mbar,T+24695mdegC
1595258927:[PRESS ,0038]P  +3355mbar,T+14084mdegC
1595258928:[PRESS ,0038]P  +3365mbar,T-13378mdegC
1595258935:[PRESS ,0038]P  +3395mbar,T+14084mdegC
1595258937:[PRESS ,0038]P  +3405mbar,T-13378mdegC
1595258939:[PRESS ,0038]P  +3425mbar,T+14084mdegC
1595258943:[PRESS ,0038]P  +3445mbar,T-13378mdegC
1595258946:[PRESS ,0038]P  +3455mbar,T+24695mdegC
1595258948:[PRESS ,0038]P  +3465mbar,T-13378mdegC
1595258948:[BUOY  ,0087]from +5mbar/s to +3mbar/s
1595258948:[BUOY  ,0089]need to transfer +26mL (pump during 31582ms)
1595258956:[PUMP  ,0207]battery 15356mV,   37820uA (warmup), P  +3465mbar
1595258956:[PUMP  ,0016]pump during 31582ms
1595258987:[PUMP  ,0212]battery 15202mV,  303780uA (steady state), P  +3465mbar
1595259012:[PRESS ,0038]P  +3725mbar,T-13378mdegC
1595259016:[PRESS ,0038]P  +3745mbar,T+24695mdegC
1595259017:[PRESS ,0038]P  +3745mbar,T+14084mdegC
1595259019:[PRESS ,0038]P  +3755mbar,T-13378mdegC
1595259021:[PRESS ,0038]P  +3755mbar,T+24695mdegC
1595259026:[PRESS ,0038]P  +3775mbar,T -2769mdegC
1595259028:[PRESS ,0038]P  +3795mbar,T+14084mdegC
1595259030:[PRESS ,0038]P  +3785mbar,T-13378mdegC
1595259037:[PRESS ,0038]P  +3805mbar,T+24695mdegC
1595259098:[PRESS ,0038]P  +3965mbar,T-13378mdegC
1595259100:[PRESS ,0038]P  +3975mbar,T+14084mdegC
1595259110:[PRESS ,0038]P  +4025mbar,T-13378mdegC
1595259112:[PRESS ,0038]P  +4015mbar,T+14084mdegC
1595259114:[PRESS ,0038]P  +4025mbar,T-13378mdegC
1595259116:[PRESS ,0038]P  +4035mbar,T+14084mdegC
1595259119:[PRESS ,0038]P  +4035mbar,T-13378mdegC
1595259123:[BUOY  ,0087]from +4mbar/s to +2mbar/s
1595259123:[BUOY  ,0089]need to transfer +20mL (pump during 24293ms)
1595259131:[PUMP  ,0207]battery 15336mV,   37820uA (warmup), P  +4065mbar
1595259131:[PUMP  ,0016]pump during 24293ms
1595259155:[PUMP  ,0212]battery 15180mV,  310002uA (steady state), P  +4065mbar
1595259187:[PRESS ,0038]P  +4175mbar,T+14084mdegC
1595259190:[PRESS ,0038]P  +4185mbar,T-13378mdegC
1595259206:[PRESS ,0038]P  +4195mbar,T+14084mdegC
1595259208:[PRESS ,0038]P  +4205mbar,T-13378mdegC
1595259272:[PRESS ,0038]P  +4285mbar,T-13378mdegC
1595259274:[PRESS ,0038]P  +4285mbar,T+14084mdegC
1595259280:[PRESS ,0038]P  +4285mbar,T-13378mdegC
1595259281:[PRESS ,0038]P  +4295mbar,T-23992mdegC
1595259283:[PRESS ,0038]P  +4305mbar,T+14084mdegC
1595259287:[PRESS ,0038]P  +4305mbar,T-23992mdegC
1595259289:[PRESS ,0038]P  +4305mbar,T+24695mdegC
1595259290:[PRESS ,0038]P  +4315mbar,T+14084mdegC
1595259292:[PRESS ,0038]P  +4315mbar,T-13378mdegC
1595259294:[PRESS ,0038]P  +4315mbar,T+14084mdegC
1595259358:[PRESS ,0038]P  +4455mbar,T+14084mdegC
1595259372:[PRESS ,0038]P  +4495mbar,T-13378mdegC
1595259376:[PRESS ,0038]P  +4495mbar,T+14084mdegC
1595259379:[PRESS ,0038]P  +4515mbar,T-13378mdegC
1595259383:[PRESS ,0038]P  +4535mbar,T+14084mdegC
1595259383:[STAGE ,0213]4535mbar reached at 1595259383s, ref 5000mbar +/-500mbar
1595259383:[BUOY  ,0087]from +3mbar/s to +0mbar/s
1595259383:[BUOY  ,0089]need to transfer +14mL (pump during 16998ms)
1595259391:[PUMP  ,0207]battery 15343mV,   37210uA (warmup), P  +4535mbar
1595259391:[PUMP  ,0016]pump during 16998ms
1595259407:[PUMP  ,0212]battery 15183mV,  311100uA (steady state), P  +4535mbar
1595259447:[PRESS ,0038]P  +4615mbar,T+14084mdegC
1595259449:[PRESS ,0038]P  +4615mbar,T-23992mdegC
1595259452:[PRESS ,0038]P  +4605mbar,T+14084mdegC
1595259454:[PRESS ,0038]P  +4615mbar,T-13378mdegC
1595259460:[PRESS ,0038]P  +4615mbar,T+24695mdegC
1595259461:[PRESS ,0038]P  +4605mbar,T-13378mdegC
1595259463:[PRESS ,0038]P  +4615mbar,T+14084mdegC
1595259465:[PRESS ,0038]P  +4615mbar,T-13378mdegC
1595259472:[PRESS ,0038]P  +4605mbar,T+14084mdegC
1595259654:[PRESS ,0038]P  +4675mbar,T-23992mdegC
1595259715:[PRESS ,0038]P  +4705mbar,T+14084mdegC
1595259776:[PRESS ,0038]P  +4675mbar,T-23992mdegC
1595259836:[PRESS ,0038]P  +4655mbar,T+14084mdegC
1595259836:[MAIN  ,0140]stage[0] complete 1837s after mission start
1595259836:[MAIN  ,0056]stage[1]
1595259838:[MAIN  ,0024]internal pressure 82915Pa
1595259840:[MRMAID,0002]acq started
1595259850:[BUOY  ,0037]P  +4655mbar
1595259850:[STAGE ,0080]Stage [1] 5000mbar (+/-500mbar) 1800s (<1595261599s) MERMAID
1595259852:[PRESS ,0038]P  +4645mbar,T-23992mdegC
1595259852:[STAGE ,0213]4645mbar reached at 1595259852s, ref 5000mbar +/-500mbar
1595259973:[PRESS ,0038]P  +4625mbar,T+14084mdegC
1595259992:[MRMAID,0027]46dbar, 14degC
1595260034:[PRESS ,0038]P  +4605mbar,T-23992mdegC
1595260216:[PRESS ,0038]P  +4635mbar,T+14084mdegC
1595260276:[PRESS ,0038]P  +4675mbar,T +3467mdegC
1595260337:[PRESS ,0038]P  +4705mbar,T-23992mdegC
1595260640:[PRESS ,0038]P  +4775mbar,T-23992mdegC
1595260762:[PRESS ,0038]P  +4895mbar,T-23992mdegC
1595260822:[PRESS ,0038]P  +5015mbar,T-23992mdegC
1595260883:[PRESS ,0038]P  +5095mbar,T-23992mdegC
1595260944:[PRESS ,0038]P  +5175mbar,T +3467mdegC
1595260944:[BUOY  ,0087]from +1mbar/s to +0mbar/s
1595260944:[BUOY  ,0089]need to transfer +2mL (pump during 2419ms)
1595260952:[PUMP  ,0207]battery 15382mV,   38308uA (warmup), P  +5175mbar
1595260952:[PUMP  ,0016]pump during 2419ms
1595260967:[MRMAID,0184]acq already started
1595261022:[PRESS ,0038]P  +5195mbar,T-23992mdegC
1595261025:[PRESS ,0038]P  +5195mbar,T +3467mdegC
1595261029:[PRESS ,0038]P  +5195mbar,T-23992mdegC
1595261041:[PRESS ,0038]P  +5215mbar,T+14084mdegC
1595261043:[PRESS ,0038]P  +5215mbar,T-23992mdegC
1595261094:[MRMAID,0059]stop canceled
1595261104:[BUOY  ,0087]from +1mbar/s to +0mbar/s
1595261104:[BUOY  ,0089]need to transfer +2mL (pump during 2419ms)
1595261109:[MRMAID,0005]ascent request rejected
1595261112:[PUMP  ,0207]battery 15375mV,   42578uA (warmup), P  +5265mbar
1595261112:[PUMP  ,0016]pump during 2419ms
1595261118:[MRMAID,0002]acq started
1595261178:[PRESS ,0038]P  +5325mbar,T-23992mdegC
1595261179:[PRESS ,0038]P  +5335mbar,T +3467mdegC
1595261181:[PRESS ,0038]P  +5335mbar,T-23992mdegC
1595261183:[PRESS ,0038]P  +5345mbar,T +3467mdegC
1595261185:[PRESS ,0038]P  +5335mbar,T-23992mdegC
1595261203:[BUOY  ,0087]from +1mbar/s to +0mbar/s
1595261203:[BUOY  ,0089]need to transfer +2mL (pump during 2419ms)
1595261203:[MRMAID,0003]acq stopped
1595261211:[PUMP  ,0207]battery 15377mV,   37820uA (warmup), P  +5355mbar
1595261211:[PUMP  ,0016]pump during 2419ms
1595261217:[MRMAID,0002]acq started
1595261276:[PRESS ,0038]P  +5365mbar,T +3467mdegC
1595261278:[PRESS ,0038]P  +5375mbar,T-23992mdegC
1595261282:[PRESS ,0038]P  +5375mbar,T +3467mdegC
1595261285:[PRESS ,0038]P  +5365mbar,T-23992mdegC
1595261289:[PRESS ,0038]P  +5365mbar,T +3467mdegC
1595261293:[PRESS ,0038]P  +5365mbar,T-23992mdegC
1595261296:[PRESS ,0038]P  +5375mbar,T+14084mdegC
1595261301:[PRESS ,0038]P  +5375mbar,T +3467mdegC
1595261369:[MRMAID,0027]54dbar, 3degC
1595261423:[PRESS ,0038]P  +5405mbar,T-23992mdegC
1595261483:[PRESS ,0038]P  +5395mbar,T +3467mdegC
1595261544:[PRESS ,0038]P  +5425mbar,T+30925mdegC
1595261605:[PRESS ,0038]P  +5425mbar,T +3467mdegC
1595261605:[MAIN  ,0140]stage[1] complete 3606s after mission start
1595262209:<ERR>[MRMAID,0008]acq not stopped
1595262471:[MRMAID,0003]acq stopped
1595262471:[MRMAID,0183]dropping spurious '0x34'
1595262471:[MRMAID,0183]dropping spurious '0x38'
1595262471:[MRMAID,0183]dropping spurious '0x30'
1595262471:[MRMAID,0183]dropping spurious '0x38'
1595262471:[MRMAID,0183]dropping spurious '0x32'
1595262471:[MRMAID,0183]dropping spurious '0x2C'
1595262471:[MRMAID,0183]dropping spurious '0x31'
1595262471:[MRMAID,0183]dropping spurious '0x32'
1595262471:[MRMAID,0183]dropping spurious '0x30'
1595262471:[MRMAID,0183]dropping spurious '0x31'
1595262471:[MRMAID,0183]dropping spurious '0x2E'
1595262471:[MRMAID,0183]dropping spurious '0x36'
1595262472:[MRMAID,0183]dropping spurious '0x33'
1595262472:[MRMAID,0183]dropping spurious '0x30'
1595262472:[MRMAID,0183]dropping spurious '0x39'
1595262472:[MRMAID,0183]dropping spurious '0x32'
1595262472:[MRMAID,0183]dropping spurious '0x30'
1595262472:[MRMAID,0183]dropping spurious '0x2C'
1595262472:[MRMAID,0183]dropping spurious '0x34'
1595262472:[MRMAID,0183]dropping spurious '0x30'
1595262472:[MRMAID,0183]dropping spurious '0x2E'
1595262472:[MRMAID,0183]dropping spurious '0x30'
1595262472:[MRMAID,0183]dropping spurious '0x31'
1595262472:[MRMAID,0183]dropping spurious '0x33'
1595262472:[MRMAID,0183]dropping spurious '0x39'
1595262472:[MRMAID,0183]dropping spurious '0x35'
1595262472:[MRMAID,0183]dropping spurious '0x30'
1595262472:[MRMAID,0183]dropping spurious '0x3B'
1595262472:[MRMAID,0185]28 spurious byte(s) received
1595262486:[MRMAID,0005]ascent request rejected
1595262511:[MSSION,0192]mission stopped, 2 stage(s) done
1595262511:[MAIN  ,0065]surfacing
1595262512:[PRESS ,0038]P  +5685mbar,T +3467mdegC
1595262512:[SURFIN,0036]P  +5685mbar
1595262521:[PUMP  ,0207]battery 15376mV,   36844uA (warmup), P  +5685mbar
1595262521:[PUMP  ,0016]pump during 60000ms
1595262580:[PUMP  ,0212]battery 15200mV,  318908uA (steady state), P  +5685mbar
1595262637:[PRESS ,0038]P  +5315mbar,T+30925mdegC
1595262639:[PRESS ,0038]P  +5305mbar,T +3467mdegC
1595262643:[PRESS ,0038]P  +5295mbar,T-23992mdegC
1595262644:[PRESS ,0038]P  +5285mbar,T +3467mdegC
1595262646:[PRESS ,0038]P  +5285mbar,T-23992mdegC
1595262650:[PRESS ,0038]P  +5265mbar,T +3467mdegC
1595262652:[PRESS ,0038]P  +5245mbar,T+30925mdegC
1595262653:[PRESS ,0038]P  +5245mbar,T-23992mdegC
1595262659:[PRESS ,0038]P  +5225mbar,T +3467mdegC
1595262661:[PRESS ,0038]P  +5205mbar,T-23992mdegC
1595262671:[PUMP  ,0207]battery 15302mV,   37088uA (warmup), P  +5205mbar
1595262671:[PUMP  ,0016]pump during 60000ms
1595262730:[PUMP  ,0212]battery 15130mV,  317932uA (steady state), P  +5205mbar
1595262787:[PRESS ,0038]P  +4485mbar,T +3467mdegC
1595262793:[PRESS ,0038]P  +4445mbar,T+30925mdegC
1595262794:[PRESS ,0038]P  +4425mbar,T +3467mdegC
1595262798:[PRESS ,0038]P  +4415mbar,T-23992mdegC
1595262800:[PRESS ,0038]P  +4385mbar,T+30925mdegC
1595262802:[PRESS ,0038]P  +4375mbar,T-23992mdegC
1595262805:[PRESS ,0038]P  +4365mbar,T +3467mdegC
1595262810:[PRESS ,0038]P  +4315mbar,T-23992mdegC
1595262812:[PRESS ,0038]P  +4315mbar,T +3467mdegC
1595262820:[PUMP  ,0207]battery 15257mV,   36478uA (warmup), P  +4315mbar
1595262820:[PUMP  ,0016]pump during 60000ms
1595262879:[PUMP  ,0212]battery 15083mV,  320372uA (steady state), P  +4315mbar
1595262937:[PRESS ,0038]P  +3365mbar,T +3467mdegC
1595262942:[PRESS ,0038]P  +3325mbar,T-23992mdegC
1595262944:[PRESS ,0038]P  +3315mbar,T +3467mdegC
1595262946:[PRESS ,0038]P  +3325mbar,T-23992mdegC
1595262950:[PRESS ,0038]P  +3265mbar,T +3467mdegC
1595262951:[PRESS ,0038]P  +3265mbar,T-23992mdegC
1595262959:[PRESS ,0038]P  +3205mbar,T-23992mdegC
1595262962:[PRESS ,0038]P  +3175mbar,T +3467mdegC
1595263084:[PRESS ,0038]P  +2255mbar,T+30925mdegC
1595263205:[PRESS ,0038]P  +1585mbar,T +3467mdegC
1595263213:[PUMP  ,0207]battery 15292mV,   37820uA (warmup), P  +1585mbar
1595263213:[PUMP  ,0016]pump during 60000ms
1595263272:[PUMP  ,0212]battery 15128mV,  297436uA (steady state), P  +1585mbar
1595263330:[PRESS ,0038]P  +1175mbar,T-23992mdegC
1595263332:[PRESS ,0038]P  +1165mbar,T +3467mdegC
1595263334:[PRESS ,0038]P  +1155mbar,T+30925mdegC
1595263337:[PRESS ,0038]P  +1145mbar,T +3467mdegC
1595263339:[PRESS ,0038]P  +1135mbar,T-23992mdegC
1595263348:[PRESS ,0038]P  +1075mbar,T +3467mdegC
1595263350:[PRESS ,0038]P  +1065mbar,T+14084mdegC
1595263352:[PRESS ,0038]P  +1065mbar,T-23992mdegC
1595263353:[PRESS ,0038]P  +1055mbar,T +3467mdegC
1595263363:[PUMP  ,0207]battery 15252mV,   37210uA (warmup), P  +1045mbar
1595263363:[PUMP  ,0016]pump during 60000ms
1595263422:[PUMP  ,0212]battery 15090mV,  293288uA (steady state), P  +1045mbar
1595263480:[PRESS ,0038]P   +375mbar,T +3467mdegC
1595263487:[PRESS ,0038]P   +335mbar,T-23992mdegC
1595263491:[PRESS ,0038]P   +315mbar,T +3467mdegC
1595263492:[PRESS ,0038]P   +305mbar,T-23992mdegC
1595263498:[PRESS ,0038]P   +275mbar,T +3467mdegC
1595263500:[PRESS ,0038]P   +275mbar,T-23992mdegC
1595263503:[PRESS ,0038]P   +255mbar,T +3467mdegC
1595263509:[SURFIN,0020]filling external bladder
1595263517:[PUMP  ,0207]battery 15227mV,   37820uA (warmup), P   +215mbar
1595263517:[PUMP  ,0016]pump during 300000ms
1595263815:[PUMP  ,0212]battery 14801mV,  950502uA (steady state), P   +215mbar
1595263826:[PUMP  ,0207]battery 14785mV,   39040uA (warmup), P   +215mbar
1595263826:[PUMP  ,0016]pump during 300000ms
1595263928:[PUMP  ,0212]battery 14485mV,  887794uA (steady state), P   +215mbar
1595263930:[SURFIN,0019]external bladder full
1595263932:[PRESS ,0038]P    +90mbar,T+14084mdegC
1595263936:[PRESS ,0038]P    +70mbar,T-13378mdegC
1595263943:[PRESS ,0038]P    +80mbar,T+14084mdegC
1595263946:[PRESS ,0038]P    +90mbar,T-13378mdegC
1595263953:[PRESS ,0038]P    +90mbar,T+14084mdegC
1595263993:[MAIN  ,0272]Vbat 14924mV (min 14880mV)
1595263995:[MAIN  ,0024]internal pressure 80189Pa
1595263995:[MAIN  ,0043]Pext 85mbar (rng 20mbar)
1595263995:[MAIN  ,0064]surface
1595264008:[SURF  ,0022]GPS fix...
1595264028:[SURF  ,0015]10 PPS detected...
1595264029:[MRMAID,0052]Mermaid $GPSACK:+0,+0,+0,+0,+0,+0,-2563;
1595264039:[MRMAID,0052]Mermaid $GPSOFF:3686324;
1595264041:[GPSFIX,0179]+0s diff
1595264041:[SURF  ,0222]2020-07-20T16:54:01
1595264041:[SURF  ,0082]Latitude : N43deg40.941mn, Longitude :E007deg19.179mn
1595264041:[SURF  ,0223]fix3D,6satellites
1595264041:[SURF  ,0084]GPS fix GPGSA : hdop0.980,vdop1.470
1595264051:[SURF  ,0274]last almanac : 799650
1595264128:[MRMAID,0026]26141 bytes in 0065/5F15CC38.MER
1595264134:[MAIN  ,0320]New pressure offset: 85mbar
1595264134:[LOGBIN,0078]*** switching to 0065/5F15CC86 ***
