1594530755:[MONITR,0197]reboot code 0x0000, src/monitor.c@520
1594530755:[MAIN  ,0007]buoy 452.120-R-0065
1594530755:[MAIN  ,0055]soft pilotage 452.012.300_V2.21-20200701
1594530755:[MAIN  ,0011]date 2020-07-12T05:12:35
1594530761:[MAIN  ,0006]battery 15350mV,   35014uA
1594530764:[MAIN  ,0024]internal pressure 81261Pa
1594530765:[PRESS ,0038]P    -14mbar,T -2769mdegC
1594530765:[MRMAID,0182]thread started
1594530767:[MRMAID,0186]no wake-up
1594530767:[MRMAID,0188]acq already stopped
1594530768:[MRMAID,0052]Mermaid $BOARD:452116600-65;
1594530769:[MRMAID,0052]Mermaid $SOFT:2.1344;
1594530769:[TESTMD,0053]Enter in test mode? yes/no
1594530769:[TESTMD,0252]0065>
1594530799:[BYCMD ,0107]    FreeRTOS V8.2.3
1594530799:[BYCMD ,0108]    FatFS v11a
1594530799:[BYCMD ,0117]    valve is running
1594530799:[BYCMD ,0120]    bypass 20000ms 60000ms (20000ms 60000ms stored)
1594530799:[BYCMD ,0121]    valve 60000ms 12750 (60000ms 12750 stored)
1594530799:[BYCMD ,0122]    pump 60000ms 30% 10750 80% (60000ms 30% 10750 80% stored)
1594530799:[BYCMD ,0123]    rate 2mbar/s (2mbar/s stored)
1594530799:[BYCMD ,0124]    surface 500mbar (500mbar stored)
1594530799:[BYCMD ,0125]    near 15000mbar 3mbar/s (15000mbar 3mbar/s stored)
1594530799:[BYCMD ,0126]    far 25000mbar 4mbar/s (25000mbar 4mbar/s stored)
1594530799:[BYCMD ,0127]    ascent 8mbar/s (8mbar/s stored)
1594530799:[BYCMD ,0128]    dead 300s (300s stored)
1594530799:[BYCMD ,0129]    coeff 16/10 (16/10 stored)
1594530799:[BYCMD ,0130]    stab 10 (10 stored)
1594530799:[BYCMD ,0131]    delay 900s 3600s (900s 3600s stored)
1594530800:[BYCMD ,0132]    mmtime 2880min (2880min stored)
1594530800:[BYCMD ,0133]    dv_landing 100ml (100ml stored)
1594530800:[MKDCMD,0150]    p2t37: 15x2000ms, offset 124mbar
1594530800:[P2TCMD,0151]    p2t37: dp 5000mbar, dt 5000mdegC
1594530800:[STAGE ,0080]Stage [0] 5000mbar (+/-500mbar) 1800s (<1800s) 
1594530800:[STAGE ,0080]Stage [1] 5000mbar (+/-500mbar) 1800s (<3600s) MERMAID
1594530800:[MAIN  ,0065]surfacing
1594530803:[PRESS ,0038]P     -4mbar,T+24695mdegC
1594530805:[PRESS ,0038]P    -14mbar,T -2769mdegC
1594530818:[PRESS ,0038]P     -4mbar,T-30234mdegC
1594530819:[PRESS ,0038]P    -14mbar,T -2769mdegC
1594530825:[SURFIN,0036]P     -4mbar
1594530828:[PRESS ,0038]P     -4mbar,T+24695mdegC
1594530828:[SURFIN,0020]filling external bladder
1594530831:[SURFIN,0019]external bladder full
1594530835:[PRESS ,0038]P   +120mbar,T -2769mdegC
1594530838:[PRESS ,0038]P   +120mbar,T+24695mdegC
1594530840:[PRESS ,0038]P   +120mbar,T -2769mdegC
1594530842:[PRESS ,0038]P   +110mbar,T+24695mdegC
1594530844:[PRESS ,0038]P   +120mbar,T-13378mdegC
1594530846:[PRESS ,0038]P   +120mbar,T+24695mdegC
1594530847:[PRESS ,0038]P   +120mbar,T -2769mdegC
1594530894:[MAIN  ,0272]Vbat 15364mV (min 15343mV)
1594530896:[MAIN  ,0024]internal pressure 81256Pa
1594530896:[MAIN  ,0043]Pext 118mbar (rng 10mbar)
1594530896:[MAIN  ,0064]surface
1594530896:[CMD   ,0276]0065>
1594530913:[SURF  ,0022]GPS fix...
1594530932:[SURF  ,0015]10 PPS detected...
1594530934:[MRMAID,0052]Mermaid $GPSACK:+0,+0,+0,+0,+0,+0,-335;
1594530944:[MRMAID,0052]Mermaid $GPSOFF:3686321;
1594530945:[GPSFIX,0179]-1s diff
1594530946:[SURF  ,0222]2020-07-12T05:15:46
1594530946:[SURF  ,0082]Latitude : N43deg40.936mn, Longitude :E007deg19.179mn
1594530946:[SURF  ,0223]fix3D,8satellites
1594530946:[SURF  ,0084]GPS fix GPGSA : hdop0.640,vdop1.030
1594530956:[SURF  ,0274]last almanac : 66555
1594530968:[MRMAID,0026]1440 bytes in 0065/5F0A9C91.MER
1594530974:[MAIN  ,0320]New pressure offset: 118mbar
1594530974:[LOGBIN,0078]*** switching to 0065/5F0A9C9E ***
