1594502859:[MAIN  ,0007]buoy 452.120-R-0065
1594502859:[MAIN  ,0055]soft pilotage 452.012.300_V2.21-20200701
1594502859:[MAIN  ,0010]cycle 1
1594502859:[SURF  ,0225]surface2
1594502875:[SURF  ,0022]GPS fix...
1594502896:[SURF  ,0015]10 PPS detected...
1594502897:[MRMAID,0052]Mermaid $GPSACK:+0,+0,+0,+0,+0,+0,+0;
1594502907:[MRMAID,0052]Mermaid $GPSOFF:3686322;
1594502908:[GPSFIX,0179]-1s diff
1594502909:[SURF  ,0222]2020-07-11T21:28:29
1594502909:[SURF  ,0082]Latitude : N43deg40.938mn, Longitude :E007deg19.179mn
1594502909:[SURF  ,0223]fix3D,8satellites
1594502909:[SURF  ,0084]GPS fix GPGSA : hdop0.650,vdop1.030
1594502919:[SURF  ,0025]Iridium...
1594503000:[SURF  ,0009]connected in 81s, signal quality 2
1594503070:[SURF  ,0218]prompt received, remote cmd end
1594503070:[SURF  ,0012]16 cmd(s) received
1594503092:[UPLOAD,0248]Upload data files...
1594503122:[UPLOAD,0231]"0065/5F0A0C2E.MER" uploaded at 108bytes/s
1594503248:[UPLOAD,0231]"0065/5F09EE25.BIN" uploaded at 133bytes/s
1594503629:[UPLOAD,0231]"0065/5F0A0C7B.BIN" uploaded at 90bytes/s
1594503635:[UPLOAD,0231]"0065/5F0A2951.BIN" uploaded at 38bytes/s
1594503655:[UPLOAD,0231]"0065/5F0A2DEF.BIN" uploaded at 101bytes/s
1594503669:[UPLOAD,0231]"0065/5F0A2EBE.MER" uploaded at 122bytes/s
1594503686:[MAIN  ,0013]6 file(s) uploaded
1594503720:[SURF  ,0014]disconnected after 801s
1594503725:[SURFIN,0020]filling external bladder
1594503728:[SURFIN,0019]external bladder full
1594503728:[SURF  ,0227]1st complete transfer
1594503741:[SURF  ,0022]GPS fix...
1594503761:[SURF  ,0015]10 PPS detected...
1594503762:[MRMAID,0052]Mermaid $GPSACK:+0,+0,+0,+0,+0,+1,-999969;
1594503772:[MRMAID,0052]Mermaid $GPSOFF:3686321;
1594503773:[GPSFIX,0179]-1s diff
1594503774:[SURF  ,0222]2020-07-11T21:42:54
1594503774:[SURF  ,0082]Latitude : N43deg40.936mn, Longitude :E007deg19.180mn
1594503774:[SURF  ,0223]fix3D,7satellites
1594503774:[SURF  ,0084]GPS fix GPGSA : hdop0.700,vdop1.160
1594503791:[MAIN  ,0024]internal pressure 81009Pa
1594503792:[BYCMD ,0107]    FreeRTOS V8.2.3
1594503792:[BYCMD ,0108]    FatFS v11a
1594503792:[BYCMD ,0117]    valve is running
1594503792:[BYCMD ,0120]    bypass 10000ms 60000ms (20000ms 60000ms stored)
1594503792:[BYCMD ,0121]    valve 60000ms 12750 (60000ms 12750 stored)
1594503792:[BYCMD ,0122]    pump 60000ms 30% 10750 80% (60000ms 30% 10750 80% stored)
1594503792:[BYCMD ,0123]    rate 2mbar/s (2mbar/s stored)
1594503792:[BYCMD ,0124]    surface 500mbar (500mbar stored)
1594503792:[BYCMD ,0125]    near 1500mbar 3mbar/s (15000mbar 3mbar/s stored)
1594503792:[BYCMD ,0126]    far 2500mbar 4mbar/s (25000mbar 4mbar/s stored)
1594503792:[BYCMD ,0127]    ascent 8mbar/s (8mbar/s stored)
1594503792:[BYCMD ,0128]    dead 60s (300s stored)
1594503792:[BYCMD ,0129]    coeff 16/10 (16/10 stored)
1594503792:[BYCMD ,0130]    stab 10 (10 stored)
1594503792:[BYCMD ,0131]    delay 900s 3600s (900s 3600s stored)
1594503792:[BYCMD ,0132]    mmtime 2880min (2880min stored)
1594503792:[BYCMD ,0133]    dv_landing 100ml (100ml stored)
1594503793:[MKDCMD,0150]    p2t37: 15x2000ms, offset 106mbar
1594503793:[P2TCMD,0151]    p2t37: dp 50mbar, dt 5000mdegC
1594503793:[STAGE ,0080]Stage [0] 5000mbar (+/-500mbar) 1800s (<1800s) 
1594503793:[STAGE ,0080]Stage [1] 5000mbar (+/-500mbar) 1800s (<3600s) MERMAID
1594503793:[MAIN  ,0070]turn off bluetooth
1594503795:[PRESS ,0038]P     -6mbar,T+24695mdegC
1594503797:[PRESS ,0038]P     -6mbar,T -2769mdegC
1594503801:[PRESS ,0038]P     -6mbar,T-13378mdegC
1594503803:[PRESS ,0038]P     -6mbar,T -2769mdegC
1594503804:[PRESS ,0038]P     -6mbar,T+24695mdegC
1594503808:[PRESS ,0038]P     -6mbar,T -2769mdegC
1594503812:[PRESS ,0038]P     -6mbar,T+24695mdegC
1594503817:[PRESS ,0038]P     -6mbar,T -2769mdegC
1594503819:[PRESS ,0038]P    -16mbar,T+24695mdegC
1594503821:[PRESS ,0038]P     -6mbar,T -2769mdegC
1594503821:[DIVING,0141]diving from -6mbar, +0mbar/s
1594503821:[BYPASS,0035]bypass opening 60000ms
1594503826:[BYPASS,0104]battery 15057mV,  323666uA (bypass opening), P     -6mbar
1594503891:[BYPASS,0106]battery 15087mV,  324642uA (bypass closing), P     -6mbar
1594503894:[PRESS ,0038]P     -6mbar,T+24695mdegC
1594503900:[PRESS ,0038]P     -6mbar,T -2769mdegC
1594503901:[PRESS ,0038]P     -6mbar,T+24695mdegC
1594503907:[PRESS ,0038]P     -6mbar,T -2769mdegC
1594503917:[PRESS ,0038]P    -16mbar,T+24695mdegC
1594503917:[BYPASS,0035]bypass opening 10000ms
1594503922:[BYPASS,0104]battery 15095mV,  326472uA (bypass opening), P    -16mbar
1594503938:[BYPASS,0106]battery 15093mV,  323788uA (bypass closing), P    -16mbar
1594503943:[PRESS ,0038]P     -6mbar,T -2769mdegC
1594503946:[PRESS ,0038]P     -6mbar,T+24695mdegC
1594503950:[PRESS ,0038]P     -6mbar,T -2769mdegC
1594503952:[PRESS ,0038]P     +4mbar,T+24695mdegC
1594503955:[PRESS ,0038]P    -16mbar,T -2769mdegC
1594503957:[PRESS ,0038]P     +4mbar,T+24695mdegC
1594503959:[PRESS ,0038]P     -6mbar,T -2769mdegC
1594503964:[PRESS ,0038]P     -6mbar,T+24695mdegC
1594503964:[BYPASS,0035]bypass opening 10000ms
1594503969:[BYPASS,0104]battery 15100mV,  322812uA (bypass opening), P     -6mbar
1594503984:[BYPASS,0106]battery 15101mV,  322080uA (bypass closing), P     -6mbar
1594503988:[PRESS ,0038]P     -6mbar,T -2769mdegC
1594503990:[PRESS ,0038]P     -6mbar,T+24695mdegC
1594503992:[PRESS ,0038]P     -6mbar,T-13378mdegC
1594503995:[PRESS ,0038]P     +4mbar,T+24695mdegC
1594503997:[PRESS ,0038]P    -16mbar,T-13378mdegC
1594503999:[PRESS ,0038]P    -16mbar,T+24695mdegC
1594504001:[PRESS ,0038]P     -6mbar,T -2769mdegC
1594504002:[PRESS ,0038]P     -6mbar,T+24695mdegC
1594504004:[PRESS ,0038]P     +4mbar,T -2769mdegC
1594504008:[PRESS ,0038]P     -6mbar,T+24695mdegC
1594504010:[PRESS ,0038]P    -16mbar,T -2769mdegC
1594504011:[BYPASS,0035]bypass opening 10000ms
1594504017:[BYPASS,0104]battery 15105mV,  322934uA (bypass opening), P    +14mbar
1594504032:[BYPASS,0106]battery 15106mV,  321226uA (bypass closing), P    +14mbar
1594504033:[PRESS ,0038]P     +4mbar,T+24695mdegC
1594504039:[PRESS ,0038]P     +4mbar,T -2769mdegC
1594504046:[PRESS ,0038]P     -6mbar,T+24695mdegC
1594504048:[PRESS ,0038]P     -6mbar,T -2769mdegC
1594504049:[PRESS ,0038]P     +4mbar,T+24695mdegC
1594504053:[PRESS ,0038]P     +4mbar,T -2769mdegC
1594504055:[PRESS ,0038]P     +4mbar,T+24695mdegC
1594504057:[PRESS ,0038]P     +4mbar,T -2769mdegC
1594504058:[BYPASS,0035]bypass opening 10000ms
1594504064:[BYPASS,0104]battery 15110mV,  323544uA (bypass opening), P     +4mbar
1594504079:[BYPASS,0106]battery 15110mV,  322202uA (bypass closing), P     +4mbar
1594504080:[PRESS ,0038]P     -6mbar,T-30234mdegC
1594504082:[PRESS ,0038]P     -6mbar,T+24695mdegC
1594504086:[PRESS ,0038]P     +4mbar,T -2769mdegC
1594504088:[PRESS ,0038]P     +4mbar,T-30234mdegC
1594504089:[PRESS ,0038]P     +4mbar,T -2769mdegC
1594504093:[PRESS ,0038]P     +4mbar,T+24695mdegC
1594504098:[PRESS ,0038]P     +4mbar,T -2769mdegC
1594504104:[PRESS ,0038]P     +4mbar,T+24695mdegC
1594504105:[PRESS ,0038]P     +4mbar,T -2769mdegC
1594504105:[BYPASS,0035]bypass opening 10000ms
1594504111:[BYPASS,0104]battery 15115mV,  325496uA (bypass opening), P     +4mbar
1594504126:[BYPASS,0106]battery 15113mV,  320250uA (bypass closing), P     +4mbar
1594504131:[PRESS ,0038]P    +14mbar,T+24695mdegC
1594504133:[PRESS ,0038]P     +4mbar,T -2769mdegC
1594504135:[PRESS ,0038]P     +4mbar,T+24695mdegC
1594504136:[PRESS ,0038]P     +4mbar,T -2769mdegC
1594504142:[PRESS ,0038]P    +14mbar,T-13378mdegC
1594504143:[PRESS ,0038]P     +4mbar,T+24695mdegC
1594504145:[PRESS ,0038]P     +4mbar,T -2769mdegC
1594504147:[PRESS ,0038]P     +4mbar,T+24695mdegC
1594504149:[PRESS ,0038]P     +4mbar,T -2769mdegC
1594504151:[PRESS ,0038]P    +14mbar,T+24695mdegC
1594504152:[PRESS ,0038]P     -6mbar,T -2769mdegC
1594504153:[BYPASS,0035]bypass opening 10000ms
1594504158:[BYPASS,0104]battery 15117mV,  324764uA (bypass opening), P     -6mbar
1594504173:[BYPASS,0106]battery 15117mV,  320494uA (bypass closing), P     -6mbar
1594504174:[PRESS ,0038]P     +4mbar,T-13378mdegC
1594504176:[PRESS ,0038]P    +14mbar,T -2769mdegC
1594504183:[PRESS ,0038]P    +14mbar,T+24695mdegC
1594504185:[PRESS ,0038]P    +14mbar,T -2769mdegC
1594504187:[PRESS ,0038]P     +4mbar,T+24695mdegC
1594504189:[PRESS ,0038]P     +4mbar,T -2769mdegC
1594504192:[PRESS ,0038]P    +14mbar,T+24695mdegC
1594504198:[PRESS ,0038]P    +14mbar,T -2769mdegC
1594504199:[PRESS ,0038]P     +4mbar,T+24695mdegC
1594504200:[BYPASS,0035]bypass opening 10000ms
1594504205:[BYPASS,0104]battery 15120mV,  323788uA (bypass opening), P     +4mbar
1594504220:[BYPASS,0106]battery 15118mV,  320616uA (bypass closing), P     +4mbar
1594504221:[PRESS ,0038]P     +4mbar,T -2769mdegC
1594504223:[PRESS ,0038]P     +4mbar,T+24695mdegC
1594504225:[PRESS ,0038]P     +4mbar,T -2769mdegC
1594504230:[PRESS ,0038]P     +4mbar,T+24695mdegC
1594504232:[PRESS ,0038]P    +14mbar,T -2769mdegC
1594504236:[PRESS ,0038]P     +4mbar,T+24695mdegC
1594504243:[PRESS ,0038]P     -6mbar,T -2769mdegC
1594504245:[PRESS ,0038]P     +4mbar,T+24695mdegC
1594504246:[PRESS ,0038]P    +14mbar,T -2769mdegC
1594504247:[BYPASS,0035]bypass opening 10000ms
1594504252:[BYPASS,0104]battery 15122mV,  324032uA (bypass opening), P    +14mbar
1594504267:[BYPASS,0106]battery 15122mV,  318664uA (bypass closing), P    +14mbar
1594504268:[PRESS ,0038]P    +14mbar,T+24695mdegC
1594504272:[PRESS ,0038]P     +4mbar,T-30234mdegC
1594504274:[PRESS ,0038]P     -6mbar,T -2769mdegC
1594504281:[PRESS ,0038]P     +4mbar,T+24695mdegC
1594504285:[PRESS ,0038]P     +4mbar,T -2769mdegC
1594504293:[BYPASS,0035]bypass opening 10000ms
1594504298:[BYPASS,0104]battery 15125mV,  322934uA (bypass opening), P     -6mbar
1594504314:[BYPASS,0106]battery 15123mV,  319518uA (bypass closing), P     -6mbar
1594504315:[PRESS ,0038]P    +14mbar,T+24695mdegC
1594504319:[PRESS ,0038]P     -6mbar,T -2769mdegC
1594504321:[PRESS ,0038]P     -6mbar,T+24695mdegC
1594504326:[PRESS ,0038]P     +4mbar,T -2769mdegC
1594504337:[PRESS ,0038]P     -6mbar,T-13378mdegC
1594504338:[PRESS ,0038]P     -6mbar,T -2769mdegC
1594504340:[BYPASS,0035]bypass opening 10000ms
1594504345:[BYPASS,0104]battery 15125mV,  323544uA (bypass opening), P     -6mbar
1594504360:[BYPASS,0106]battery 15125mV,  319030uA (bypass closing), P     -6mbar
1594504362:[PRESS ,0038]P     +4mbar,T+24695mdegC
1594504366:[PRESS ,0038]P     -6mbar,T -2769mdegC
1594504368:[PRESS ,0038]P     -6mbar,T+24695mdegC
1594504369:[PRESS ,0038]P     +4mbar,T -2769mdegC
1594504371:[PRESS ,0038]P     -6mbar,T+24695mdegC
1594504377:[PRESS ,0038]P     +4mbar,T -2769mdegC
1594504380:[PRESS ,0038]P     +4mbar,T+24695mdegC
1594504384:[PRESS ,0038]P     +4mbar,T-13378mdegC
1594504387:[PRESS ,0038]P     +4mbar,T -2769mdegC
1594504387:[BYPASS,0035]bypass opening 10000ms
1594504392:[BYPASS,0104]battery 15127mV,  322690uA (bypass opening), P     +4mbar
1594504407:[BYPASS,0106]battery 15127mV,  318420uA (bypass closing), P     +4mbar
1594504413:[PRESS ,0038]P     -6mbar,T+24695mdegC
1594504415:[PRESS ,0038]P    -16mbar,T -2769mdegC
1594504416:[PRESS ,0038]P     +4mbar,T+24695mdegC
1594504418:[PRESS ,0038]P     +4mbar,T -2769mdegC
1594504425:[PRESS ,0038]P     -6mbar,T+24695mdegC
1594504427:[PRESS ,0038]P     +4mbar,T -2769mdegC
1594504429:[PRESS ,0038]P     +4mbar,T+24695mdegC
1594504431:[PRESS ,0038]P     +4mbar,T -2769mdegC
1594504434:[BYPASS,0035]bypass opening 10000ms
1594504439:[BYPASS,0104]battery 15128mV,  323300uA (bypass opening), P     +4mbar
1594504454:[BYPASS,0106]battery 15128mV,  317932uA (bypass closing), P     +4mbar
1594504456:[PRESS ,0038]P     -6mbar,T+24695mdegC
1594504463:[PRESS ,0038]P    -16mbar,T -2769mdegC
1594504467:[PRESS ,0038]P     +4mbar,T+24695mdegC
1594504470:[PRESS ,0038]P     -6mbar,T -2769mdegC
1594504474:[PRESS ,0038]P     +4mbar,T+24695mdegC
1594504478:[PRESS ,0038]P     -6mbar,T -2769mdegC
1594504479:[PRESS ,0038]P     +4mbar,T+24695mdegC
1594504481:[BYPASS,0035]bypass opening 10000ms
1594504486:[BYPASS,0104]battery 15130mV,  322812uA (bypass opening), P     +4mbar
1594504501:[BYPASS,0106]battery 15130mV,  317810uA (bypass closing), P     +4mbar
1594504505:[PRESS ,0038]P     -6mbar,T -2769mdegC
1594504507:[PRESS ,0038]P     -6mbar,T+24695mdegC
1594504510:[PRESS ,0038]P     +4mbar,T -2769mdegC
1594504514:[PRESS ,0038]P     -6mbar,T+24695mdegC
1594504516:[PRESS ,0038]P     +4mbar,T -2769mdegC
1594504517:[PRESS ,0038]P     +4mbar,T+24695mdegC
1594504521:[PRESS ,0038]P     -6mbar,T -2769mdegC
1594504523:[PRESS ,0038]P     +4mbar,T+24695mdegC
1594504525:[PRESS ,0038]P     +4mbar,T-13378mdegC
1594504526:[PRESS ,0038]P     -6mbar,T+24695mdegC
1594504528:[BYPASS,0035]bypass opening 10000ms
1594504533:[BYPASS,0104]battery 15131mV,  322446uA (bypass opening), P     +4mbar
1594504548:[BYPASS,0106]battery 15131mV,  316834uA (bypass closing), P     +4mbar
1594504550:[PRESS ,0038]P     -6mbar,T -2769mdegC
1594504556:[PRESS ,0038]P     -6mbar,T+24695mdegC
1594504561:[PRESS ,0038]P     -6mbar,T -2769mdegC
1594504563:[PRESS ,0038]P     -6mbar,T+24695mdegC
1594504564:[PRESS ,0038]P     -6mbar,T -2769mdegC
1594504566:[PRESS ,0038]P    +14mbar,T+24695mdegC
1594504568:[PRESS ,0038]P     +4mbar,T -2769mdegC
1594504570:[PRESS ,0038]P     -6mbar,T+24695mdegC
1594504572:[PRESS ,0038]P     -6mbar,T -2769mdegC
1594504575:[BYPASS,0035]bypass opening 10000ms
1594504580:[BYPASS,0104]battery 15131mV,  323178uA (bypass opening), P     +4mbar
1594504595:[BYPASS,0106]battery 15131mV,  317810uA (bypass closing), P     +4mbar
1594504597:[PRESS ,0038]P     -6mbar,T+24695mdegC
1594504603:[PRESS ,0038]P     +4mbar,T -2769mdegC
1594504604:[PRESS ,0038]P     -6mbar,T+24695mdegC
1594504610:[PRESS ,0038]P     -6mbar,T -2769mdegC
1594504611:[PRESS ,0038]P     -6mbar,T+24695mdegC
1594504615:[PRESS ,0038]P     +4mbar,T -2769mdegC
1594504617:[PRESS ,0038]P     +4mbar,T+24695mdegC
1594504619:[PRESS ,0038]P     -6mbar,T -2769mdegC
1594504622:[BYPASS,0035]bypass opening 10000ms
1594504627:[BYPASS,0104]battery 15133mV,  321470uA (bypass opening), P     -6mbar
1594504642:[BYPASS,0106]battery 15132mV,  316712uA (bypass closing), P     -6mbar
1594504644:[PRESS ,0038]P     -6mbar,T+24695mdegC
1594504650:[PRESS ,0038]P     -6mbar,T -2769mdegC
1594504655:[PRESS ,0038]P     -6mbar,T-13378mdegC
1594504657:[PRESS ,0038]P     +4mbar,T -2769mdegC
1594504658:[PRESS ,0038]P     +4mbar,T+24695mdegC
1594504660:[PRESS ,0038]P     -6mbar,T -2769mdegC
1594504664:[PRESS ,0038]P     -6mbar,T+24695mdegC
1594504667:[PRESS ,0038]P    -16mbar,T -2769mdegC
1594504669:[BYPASS,0035]bypass opening 10000ms
1594504674:[BYPASS,0104]battery 15133mV,  322324uA (bypass opening), P     -6mbar
1594504689:[BYPASS,0106]battery 15132mV,  317078uA (bypass closing), P     -6mbar
1594504691:[PRESS ,0038]P     -6mbar,T-13378mdegC
1594504693:[PRESS ,0038]P     -6mbar,T+24695mdegC
1594504697:[PRESS ,0038]P     +4mbar,T -2769mdegC
1594504700:[PRESS ,0038]P     +4mbar,T+24695mdegC
1594504702:[PRESS ,0038]P     -6mbar,T -2769mdegC
1594504705:[PRESS ,0038]P     -6mbar,T+24695mdegC
1594504711:[PRESS ,0038]P     +4mbar,T -2769mdegC
1594504713:[PRESS ,0038]P     +4mbar,T-13378mdegC
1594504714:[PRESS ,0038]P     +4mbar,T -2769mdegC
1594504716:[BYPASS,0035]bypass opening 10000ms
1594504721:[BYPASS,0104]battery 15133mV,  323056uA (bypass opening), P     +4mbar
1594504736:[BYPASS,0106]battery 15132mV,  316468uA (bypass closing), P     +4mbar
1594504738:[PRESS ,0038]P     -6mbar,T-13378mdegC
1594504740:[PRESS ,0038]P     +4mbar,T -2769mdegC
1594504747:[PRESS ,0038]P     -6mbar,T+24695mdegC
1594504752:[PRESS ,0038]P     -6mbar,T -2769mdegC
1594504758:[PRESS ,0038]P     +4mbar,T+24695mdegC
1594504761:[PRESS ,0038]P     +4mbar,T -2769mdegC
1594504763:[PRESS ,0038]P     -6mbar,T+24695mdegC
1594504763:[BYPASS,0035]bypass opening 10000ms
1594504768:[BYPASS,0104]battery 15133mV,  322446uA (bypass opening), P     -6mbar
1594504783:[BYPASS,0106]battery 15133mV,  316468uA (bypass closing), P     -6mbar
1594504785:[PRESS ,0038]P     +4mbar,T -2769mdegC
1594504790:[PRESS ,0038]P     +4mbar,T+24695mdegC
1594504794:[PRESS ,0038]P     -6mbar,T -2769mdegC
1594504799:[PRESS ,0038]P     +4mbar,T+24695mdegC
1594504803:[PRESS ,0038]P     +4mbar,T -2769mdegC
1594504806:[PRESS ,0038]P     -6mbar,T+24695mdegC
1594504808:[PRESS ,0038]P     +4mbar,T -2769mdegC
1594504810:[BYPASS,0035]bypass opening 10000ms
1594504815:[BYPASS,0104]battery 15135mV,  321714uA (bypass opening), P     +4mbar
1594504830:[BYPASS,0106]battery 15133mV,  315736uA (bypass closing), P     +4mbar
1594504834:[PRESS ,0038]P    +14mbar,T+24695mdegC
1594504836:[PRESS ,0038]P     +4mbar,T -2769mdegC
1594504839:[PRESS ,0038]P     +4mbar,T+24695mdegC
1594504841:[PRESS ,0038]P     +4mbar,T -2769mdegC
1594504843:[PRESS ,0038]P     -6mbar,T+24695mdegC
1594504845:[PRESS ,0038]P     -6mbar,T -2769mdegC
1594504846:[PRESS ,0038]P     +4mbar,T+24695mdegC
1594504848:[PRESS ,0038]P     -6mbar,T-30234mdegC
1594504850:[PRESS ,0038]P     +4mbar,T+24695mdegC
1594504852:[PRESS ,0038]P     +4mbar,T -2769mdegC
1594504854:[PRESS ,0038]P     +4mbar,T+24695mdegC
1594504855:[PRESS ,0038]P     +4mbar,T -2769mdegC
1594504857:[PRESS ,0038]P     +4mbar,T+24695mdegC
1594504857:[BYPASS,0035]bypass opening 10000ms
1594504862:[BYPASS,0104]battery 15135mV,  321714uA (bypass opening), P     +4mbar
1594504877:[BYPASS,0106]battery 15135mV,  315126uA (bypass closing), P     +4mbar
1594504881:[PRESS ,0038]P     +4mbar,T -2769mdegC
1594504883:[PRESS ,0038]P     +4mbar,T-30234mdegC
1594504885:[PRESS ,0038]P     +4mbar,T-13378mdegC
1594504886:[PRESS ,0038]P     +4mbar,T -2769mdegC
1594504888:[PRESS ,0038]P     +4mbar,T+24695mdegC
1594504890:[PRESS ,0038]P     +4mbar,T -2769mdegC
1594504894:[PRESS ,0038]P     -6mbar,T+24695mdegC
1594504895:[PRESS ,0038]P     +4mbar,T -2769mdegC
1594504897:[PRESS ,0038]P     +4mbar,T+24695mdegC
1594504901:[PRESS ,0038]P     -6mbar,T -2769mdegC
1594504903:[PRESS ,0038]P     +4mbar,T-30234mdegC
1594504904:[PRESS ,0038]P     +4mbar,T+24695mdegC
1594504904:[BYPASS,0035]bypass opening 10000ms
1594504909:[BYPASS,0104]battery 15135mV,  320616uA (bypass opening), P     +4mbar
1594504925:[BYPASS,0106]battery 15135mV,  315004uA (bypass closing), P     +4mbar
1594504930:[PRESS ,0038]P    +14mbar,T -2769mdegC
1594504932:[PRESS ,0038]P     -6mbar,T+24695mdegC
1594504933:[PRESS ,0038]P     +4mbar,T-13378mdegC
1594504935:[PRESS ,0038]P     -6mbar,T -2769mdegC
1594504941:[PRESS ,0038]P     +4mbar,T+24695mdegC
1594504948:[PRESS ,0038]P     -6mbar,T -2769mdegC
1594504950:[PRESS ,0038]P    -16mbar,T+24695mdegC
1594504951:[BYPASS,0035]bypass opening 10000ms
1594504956:[BYPASS,0104]battery 15135mV,  323910uA (bypass opening), P    -16mbar
1594504971:[BYPASS,0106]battery 15135mV,  315736uA (bypass closing), P    -16mbar
1594504973:[PRESS ,0038]P     +4mbar,T-13378mdegC
1594504975:[PRESS ,0038]P     +4mbar,T -2769mdegC
1594504977:[PRESS ,0038]P    +14mbar,T+24695mdegC
1594504980:[PRESS ,0038]P     -6mbar,T -2769mdegC
1594504984:[PRESS ,0038]P     -6mbar,T+24695mdegC
1594504986:[PRESS ,0038]P     -6mbar,T -2769mdegC
1594504988:[PRESS ,0038]P    -16mbar,T+24695mdegC
1594504996:[PRESS ,0038]P     -6mbar,T -2769mdegC
1594504998:[BYPASS,0035]bypass opening 10000ms
1594505003:[BYPASS,0104]battery 15136mV,  321104uA (bypass opening), P     -6mbar
1594505018:[BYPASS,0106]battery 15135mV,  314638uA (bypass closing), P     -6mbar
1594505024:[PRESS ,0038]P     -6mbar,T+24695mdegC
1594505027:[PRESS ,0038]P    -16mbar,T -2769mdegC
1594505031:[PRESS ,0038]P     -6mbar,T+24695mdegC
1594505033:[PRESS ,0038]P     +4mbar,T -2769mdegC
1594505035:[PRESS ,0038]P     -6mbar,T+24695mdegC
1594505036:[PRESS ,0038]P    -16mbar,T -2769mdegC
1594505038:[PRESS ,0038]P     -6mbar,T+24695mdegC
1594505043:[PRESS ,0038]P    -16mbar,T -2769mdegC
1594505045:[BYPASS,0035]bypass opening 10000ms
1594505050:[BYPASS,0104]battery 15135mV,  323666uA (bypass opening), P     -6mbar
1594505065:[BYPASS,0106]battery 15135mV,  315614uA (bypass closing), P     -6mbar
1594505067:[PRESS ,0038]P     -6mbar,T+24695mdegC
1594505073:[PRESS ,0038]P     -6mbar,T -2769mdegC
1594505074:[PRESS ,0038]P     -6mbar,T+24695mdegC
1594505080:[PRESS ,0038]P    -16mbar,T -2769mdegC
1594505081:[PRESS ,0038]P    -16mbar,T+24695mdegC
1594505083:[PRESS ,0038]P    -16mbar,T -2769mdegC
1594505087:[PRESS ,0038]P    +14mbar,T+24695mdegC
1594505092:[PRESS ,0038]P     +4mbar,T -2769mdegC
1594505092:[BYPASS,0035]bypass opening 10000ms
1594505097:[BYPASS,0104]battery 15136mV,  319762uA (bypass opening), P     +4mbar
1594505112:[BYPASS,0106]battery 15136mV,  314272uA (bypass closing), P     +4mbar
1594505114:[PRESS ,0038]P     -6mbar,T+24695mdegC
1594505118:[PRESS ,0038]P     -6mbar,T -2769mdegC
1594505125:[PRESS ,0038]P     +4mbar,T+24695mdegC
1594505127:[PRESS ,0038]P    +14mbar,T -2769mdegC
1594505130:[PRESS ,0038]P     -6mbar,T+24695mdegC
1594505136:[PRESS ,0038]P     +4mbar,T -2769mdegC
1594505137:[PRESS ,0038]P     +4mbar,T+24695mdegC
1594505139:[BYPASS,0035]bypass opening 10000ms
1594505144:[BYPASS,0104]battery 15136mV,  322690uA (bypass opening), P     +4mbar
1594505159:[BYPASS,0106]battery 15136mV,  315248uA (bypass closing), P     +4mbar
1594505161:[PRESS ,0038]P     +4mbar,T-13378mdegC
1594505163:[PRESS ,0038]P     +4mbar,T -2769mdegC
1594505165:[PRESS ,0038]P     +4mbar,T-13378mdegC
1594505167:[PRESS ,0038]P     +4mbar,T+24695mdegC
1594505174:[PRESS ,0038]P    -16mbar,T -2769mdegC
1594505179:[PRESS ,0038]P     +4mbar,T+24695mdegC
1594505183:[PRESS ,0038]P     +4mbar,T -2769mdegC
1594505184:[PRESS ,0038]P     -6mbar,T+24695mdegC
1594505186:[PRESS ,0038]P     +4mbar,T -2769mdegC
1594505186:[BYPASS,0035]bypass opening 10000ms
1594505191:[BYPASS,0104]battery 15136mV,  321958uA (bypass opening), P     +4mbar
1594505206:[BYPASS,0106]battery 15136mV,  313540uA (bypass closing), P     +4mbar
1594505212:[PRESS ,0038]P     -6mbar,T+24695mdegC
1594505215:[PRESS ,0038]P     +4mbar,T -2769mdegC
1594505217:[PRESS ,0038]P     +4mbar,T+24695mdegC
1594505219:[PRESS ,0038]P     +4mbar,T -2769mdegC
1594505221:[PRESS ,0038]P     +4mbar,T+24695mdegC
1594505229:[PRESS ,0038]P     +4mbar,T -2769mdegC
1594505231:[PRESS ,0038]P     +4mbar,T+24695mdegC
1594505233:[PRESS ,0038]P     +4mbar,T -2769mdegC
1594505233:[BYPASS,0035]bypass opening 10000ms
1594505238:[BYPASS,0104]battery 15136mV,  323788uA (bypass opening), P     +4mbar
1594505253:[BYPASS,0106]battery 15136mV,  315370uA (bypass closing), P     +4mbar
1594505255:[PRESS ,0038]P     -6mbar,T+24695mdegC
1594505257:[PRESS ,0038]P     +4mbar,T-13378mdegC
1594505259:[PRESS ,0038]P     +4mbar,T+24695mdegC
1594505260:[PRESS ,0038]P    +14mbar,T -2769mdegC
1594505262:[PRESS ,0038]P    +14mbar,T+24695mdegC
1594505276:[PRESS ,0038]P     +4mbar,T -2769mdegC
1594505280:[BYPASS,0035]bypass opening 10000ms
1594505285:[BYPASS,0104]battery 15136mV,  323056uA (bypass opening), P     -6mbar
1594505300:[BYPASS,0106]battery 15137mV,  313784uA (bypass closing), P     -6mbar
1594505304:[PRESS ,0038]P     +4mbar,T+24695mdegC
1594505309:[PRESS ,0038]P     +4mbar,T -2769mdegC
1594505313:[PRESS ,0038]P     -6mbar,T+24695mdegC
1594505320:[PRESS ,0038]P     +4mbar,T -2769mdegC
1594505322:[PRESS ,0038]P     -6mbar,T+24695mdegC
1594505325:[PRESS ,0038]P     -6mbar,T -2769mdegC
1594505327:[PRESS ,0038]P     +4mbar,T+24695mdegC
1594505327:[BYPASS,0035]bypass opening 10000ms
1594505332:[BYPASS,0104]battery 15136mV,  321348uA (bypass opening), P     +4mbar
1594505347:[BYPASS,0106]battery 15136mV,  314394uA (bypass closing), P     +4mbar
1594505349:[PRESS ,0038]P     +4mbar,T-13378mdegC
1594505351:[PRESS ,0038]P     +4mbar,T+24695mdegC
1594505352:[PRESS ,0038]P     +4mbar,T -2769mdegC
1594505356:[PRESS ,0038]P     +4mbar,T+24695mdegC
1594505358:[PRESS ,0038]P     +4mbar,T -2769mdegC
1594505363:[PRESS ,0038]P     +4mbar,T-30234mdegC
1594505365:[PRESS ,0038]P     +4mbar,T+24695mdegC
1594505372:[PRESS ,0038]P     +4mbar,T -2769mdegC
1594505374:[BYPASS,0035]bypass opening 10000ms
1594505379:[BYPASS,0104]battery 15137mV,  321958uA (bypass opening), P     +4mbar
1594505394:[BYPASS,0106]battery 15137mV,  313662uA (bypass closing), P     +4mbar
1594505396:[PRESS ,0038]P     +4mbar,T+24695mdegC
1594505399:[PRESS ,0038]P     +4mbar,T -2769mdegC
1594505401:[PRESS ,0038]P     +4mbar,T+24695mdegC
1594505407:[PRESS ,0038]P     +4mbar,T -2769mdegC
1594505412:[PRESS ,0038]P     +4mbar,T+24695mdegC
1594505415:[PRESS ,0038]P     +4mbar,T-13378mdegC
1594505417:[PRESS ,0038]P     +4mbar,T+24695mdegC
1594505421:[BYPASS,0035]bypass opening 10000ms
1594505426:[BYPASS,0104]battery 15136mV,  322812uA (bypass opening), P     +4mbar
1594505441:[BYPASS,0106]battery 15137mV,  314150uA (bypass closing), P     +4mbar
1594505445:[PRESS ,0038]P     +4mbar,T -2769mdegC
1594505446:[PRESS ,0038]P    +14mbar,T+24695mdegC
1594505462:[PRESS ,0038]P     +4mbar,T -2769mdegC
1594505464:[PRESS ,0038]P     -6mbar,T+24695mdegC
1594505468:[PRESS ,0038]P     +4mbar,T-13378mdegC
1594505468:[BYPASS,0035]bypass opening 10000ms
1594505473:[BYPASS,0104]battery 15136mV,  321470uA (bypass opening), P     +4mbar
1594505488:[BYPASS,0106]battery 15137mV,  314150uA (bypass closing), P     +4mbar
1594505490:[PRESS ,0038]P    +14mbar,T+24695mdegC
1594505509:[PRESS ,0038]P     +4mbar,T -2769mdegC
1594505513:[PRESS ,0038]P     +4mbar,T+24695mdegC
1594505514:[BYPASS,0035]bypass opening 10000ms
1594505520:[BYPASS,0104]battery 15136mV,  323910uA (bypass opening), P     +4mbar
1594505535:[BYPASS,0106]battery 15137mV,  313662uA (bypass closing), P     +4mbar
1594505542:[PRESS ,0038]P     +4mbar,T -2769mdegC
1594505544:[PRESS ,0038]P     +4mbar,T-13378mdegC
1594505545:[PRESS ,0038]P     +4mbar,T -2769mdegC
1594505547:[PRESS ,0038]P     +4mbar,T-13378mdegC
1594505549:[PRESS ,0038]P    +14mbar,T -2769mdegC
1594505551:[PRESS ,0038]P    +14mbar,T+24695mdegC
1594505556:[PRESS ,0038]P     +4mbar,T -2769mdegC
1594505558:[PRESS ,0038]P     +4mbar,T+24695mdegC
1594505561:[PRESS ,0038]P     +4mbar,T -2769mdegC
1594505561:[BYPASS,0035]bypass opening 10000ms
1594505567:[BYPASS,0104]battery 15137mV,  323300uA (bypass opening), P     +4mbar
1594505582:[BYPASS,0106]battery 15137mV,  313906uA (bypass closing), P     +4mbar
1594505585:[PRESS ,0038]P     +4mbar,T+24695mdegC
1594505592:[PRESS ,0038]P     +4mbar,T -2769mdegC
1594505594:[PRESS ,0038]P    +14mbar,T+24695mdegC
1594505596:[PRESS ,0038]P     +4mbar,T -2769mdegC
1594505603:[PRESS ,0038]P     +4mbar,T+24695mdegC
1594505605:[PRESS ,0038]P     +4mbar,T -2769mdegC
1594505607:[PRESS ,0038]P     +4mbar,T+24695mdegC
1594505608:[BYPASS,0035]bypass opening 10000ms
1594505613:[BYPASS,0104]battery 15137mV,  321714uA (bypass opening), P     +4mbar
1594505629:[BYPASS,0106]battery 15137mV,  313296uA (bypass closing), P     +4mbar
1594505630:[PRESS ,0038]P     +4mbar,T -2769mdegC
1594505634:[PRESS ,0038]P    +14mbar,T+24695mdegC
1594505643:[PRESS ,0038]P     +4mbar,T -2769mdegC
1594505645:[PRESS ,0038]P     +4mbar,T-13378mdegC
1594505646:[PRESS ,0038]P     +4mbar,T+24695mdegC
1594505652:[PRESS ,0038]P    +14mbar,T -2769mdegC
1594505654:[PRESS ,0038]P    +14mbar,T-30234mdegC
1594505655:[PRESS ,0038]P     +4mbar,T+24695mdegC
1594505655:[BYPASS,0035]bypass opening 10000ms
1594505660:[BYPASS,0104]battery 15137mV,  323544uA (bypass opening), P     +4mbar
1594505676:[BYPASS,0106]battery 15137mV,  313784uA (bypass closing), P     +4mbar
1594505681:[PRESS ,0038]P     +4mbar,T -2769mdegC
1594505683:[PRESS ,0038]P     +4mbar,T+24695mdegC
1594505690:[PRESS ,0038]P    +14mbar,T -2769mdegC
1594505697:[PRESS ,0038]P     +4mbar,T+24695mdegC
1594505702:[BYPASS,0035]bypass opening 10000ms
1594505707:[BYPASS,0104]battery 15137mV,  323422uA (bypass opening), P    +14mbar
1594505722:[BYPASS,0106]battery 15137mV,  314028uA (bypass closing), P    +14mbar
1594505724:[PRESS ,0038]P     +4mbar,T -2769mdegC
1594505729:[PRESS ,0038]P    +14mbar,T+24695mdegC
1594505731:[PRESS ,0038]P     +4mbar,T -2769mdegC
1594505733:[PRESS ,0038]P     +4mbar,T+24695mdegC
1594505745:[PRESS ,0038]P     -6mbar,T-30234mdegC
1594505747:[PRESS ,0038]P     -6mbar,T+24695mdegC
1594505749:[BYPASS,0035]bypass opening 10000ms
1594505754:[BYPASS,0104]battery 15137mV,  321958uA (bypass opening), P    -16mbar
1594505769:[BYPASS,0106]battery 15138mV,  312564uA (bypass closing), P    -16mbar
1594505775:[PRESS ,0038]P     +4mbar,T -2769mdegC
1594505776:[PRESS ,0038]P    -16mbar,T+24695mdegC
1594505783:[PRESS ,0038]P     -6mbar,T -2769mdegC
1594505785:[PRESS ,0038]P     -6mbar,T+24695mdegC
1594505789:[PRESS ,0038]P     -6mbar,T -2769mdegC
1594505794:[PRESS ,0038]P     -6mbar,T+24695mdegC
1594505796:[PRESS ,0038]P     -6mbar,T -2769mdegC
1594505796:[BYPASS,0035]bypass opening 10000ms
1594505801:[BYPASS,0104]battery 15137mV,  322568uA (bypass opening), P     -6mbar
1594505816:[BYPASS,0106]battery 15138mV,  313784uA (bypass closing), P     -6mbar
1594505818:[PRESS ,0038]P     -6mbar,T-13378mdegC
1594505820:[PRESS ,0038]P     -6mbar,T+24695mdegC
1594505822:[PRESS ,0038]P     -6mbar,T -2769mdegC
1594505823:[PRESS ,0038]P     -6mbar,T+24695mdegC
1594505825:[PRESS ,0038]P     +4mbar,T -2769mdegC
1594505827:[PRESS ,0038]P     -6mbar,T+24695mdegC
1594505829:[PRESS ,0038]P     -6mbar,T -2769mdegC
1594505832:[PRESS ,0038]P     +4mbar,T+24695mdegC
1594505834:[PRESS ,0038]P     -6mbar,T -2769mdegC
1594505836:[PRESS ,0038]P     +4mbar,T+24695mdegC
1594505838:[PRESS ,0038]P     -6mbar,T -2769mdegC
1594505840:[PRESS ,0038]P     +4mbar,T+24695mdegC
1594505841:[PRESS ,0038]P     -6mbar,T -2769mdegC
1594505843:[PRESS ,0038]P     -6mbar,T+24695mdegC
1594505843:[BYPASS,0035]bypass opening 10000ms
1594505848:[BYPASS,0104]battery 15137mV,  322568uA (bypass opening), P     -6mbar
1594505863:[BYPASS,0106]battery 15138mV,  314028uA (bypass closing), P     -6mbar
1594505867:[PRESS ,0038]P     -6mbar,T -2769mdegC
1594505869:[PRESS ,0038]P     -6mbar,T+24695mdegC
1594505871:[PRESS ,0038]P     -6mbar,T -2769mdegC
1594505874:[PRESS ,0038]P     -6mbar,T+24695mdegC
1594505878:[PRESS ,0038]P     -6mbar,T -2769mdegC
1594505881:[PRESS ,0038]P     +4mbar,T+24695mdegC
1594505885:[PRESS ,0038]P     -6mbar,T -2769mdegC
1594505890:[PRESS ,0038]P     -6mbar,T+24695mdegC
1594505890:[BYPASS,0035]bypass opening 10000ms
1594505895:[BYPASS,0104]battery 15138mV,  320982uA (bypass opening), P     -6mbar
1594505910:[BYPASS,0106]battery 15138mV,  312320uA (bypass closing), P     -6mbar
1594505914:[PRESS ,0038]P     -6mbar,T -2769mdegC
1594505916:[PRESS ,0038]P     -6mbar,T-13378mdegC
1594505918:[PRESS ,0038]P     +4mbar,T+24695mdegC
1594505919:[PRESS ,0038]P     +4mbar,T-13378mdegC
1594505921:[PRESS ,0038]P    -16mbar,T+24695mdegC
1594505925:[PRESS ,0038]P     -6mbar,T -2769mdegC
1594505928:[PRESS ,0038]P     -6mbar,T+24695mdegC
1594505930:[PRESS ,0038]P     +4mbar,T -2769mdegC
1594505932:[PRESS ,0038]P     -6mbar,T+24695mdegC
1594505934:[PRESS ,0038]P     -6mbar,T-30234mdegC
1594505936:[PRESS ,0038]P     -6mbar,T -2769mdegC
1594505937:[BYPASS,0035]bypass opening 10000ms
1594505942:[BYPASS,0104]battery 15138mV,  321836uA (bypass opening), P     -6mbar
1594505957:[BYPASS,0106]battery 15138mV,  312808uA (bypass closing), P     -6mbar
1594505959:[PRESS ,0038]P    -16mbar,T+24695mdegC
1594505963:[PRESS ,0038]P    -16mbar,T-30234mdegC
1594505965:[PRESS ,0038]P     +4mbar,T+24695mdegC
1594505975:[PRESS ,0038]P     -6mbar,T -2769mdegC
1594505977:[PRESS ,0038]P     -6mbar,T+24695mdegC
1594505981:[PRESS ,0038]P     +4mbar,T -2769mdegC
1594505982:[PRESS ,0038]P     +4mbar,T+24695mdegC
1594505984:[BYPASS,0035]bypass opening 10000ms
1594505989:[BYPASS,0104]battery 15138mV,  322568uA (bypass opening), P     -6mbar
1594506004:[BYPASS,0106]battery 15138mV,  312930uA (bypass closing), P     -6mbar
1594506013:[PRESS ,0038]P    -16mbar,T -2769mdegC
1594506015:[PRESS ,0038]P     -6mbar,T+24695mdegC
1594506026:[PRESS ,0038]P     -6mbar,T -2769mdegC
1594506029:[PRESS ,0038]P     +4mbar,T+24695mdegC
1594506031:[BYPASS,0035]bypass opening 10000ms
1594506036:[BYPASS,0104]battery 15137mV,  325496uA (bypass opening), P     -6mbar
1594506051:[BYPASS,0106]battery 15138mV,  313540uA (bypass closing), P     -6mbar
1594506053:[PRESS ,0038]P     -6mbar,T -2769mdegC
1594506057:[PRESS ,0038]P     -6mbar,T+24695mdegC
1594506060:[PRESS ,0038]P     -6mbar,T -2769mdegC
1594506064:[PRESS ,0038]P     -6mbar,T+24695mdegC
1594506069:[PRESS ,0038]P     -6mbar,T -2769mdegC
1594506073:[PRESS ,0038]P     +4mbar,T+24695mdegC
1594506074:[PRESS ,0038]P     -6mbar,T -2769mdegC
1594506076:[PRESS ,0038]P     +4mbar,T+24695mdegC
1594506078:[PRESS ,0038]P     +4mbar,T -2769mdegC
1594506078:[BYPASS,0035]bypass opening 10000ms
1594506083:[BYPASS,0104]battery 15140mV,  319762uA (bypass opening), P     +4mbar
1594506098:[BYPASS,0106]battery 15140mV,  312442uA (bypass closing), P     +4mbar
1594506102:[PRESS ,0038]P    -16mbar,T+24695mdegC
1594506105:[PRESS ,0038]P     +4mbar,T -2769mdegC
1594506107:[PRESS ,0038]P     -6mbar,T+24695mdegC
1594506109:[PRESS ,0038]P     +4mbar,T -2769mdegC
1594506111:[PRESS ,0038]P    -16mbar,T+24695mdegC
1594506113:[PRESS ,0038]P     -6mbar,T -2769mdegC
1594506114:[PRESS ,0038]P     +4mbar,T+24695mdegC
1594506125:[BYPASS,0035]bypass opening 10000ms
1594506130:[BYPASS,0104]battery 15137mV,  323910uA (bypass opening), P    -16mbar
1594506145:[BYPASS,0106]battery 15138mV,  313662uA (bypass closing), P    -16mbar
1594506147:[PRESS ,0038]P     -6mbar,T -2769mdegC
1594506149:[PRESS ,0038]P     -6mbar,T+24695mdegC
1594506158:[PRESS ,0038]P     +4mbar,T-13378mdegC
1594506159:[PRESS ,0038]P     -6mbar,T -2769mdegC
1594506163:[PRESS ,0038]P     -6mbar,T+24695mdegC
1594506168:[PRESS ,0038]P     -6mbar,T -2769mdegC
1594506170:[PRESS ,0038]P     -6mbar,T+24695mdegC
1594506172:[BYPASS,0035]bypass opening 10000ms
1594506177:[BYPASS,0104]battery 15138mV,  323788uA (bypass opening), P     -6mbar
1594506192:[BYPASS,0106]battery 15140mV,  311954uA (bypass closing), P     -6mbar
1594506194:[PRESS ,0038]P     +4mbar,T-13378mdegC
1594506196:[PRESS ,0038]P     -6mbar,T+24695mdegC
1594506197:[PRESS ,0038]P     -6mbar,T-30234mdegC
1594506199:[PRESS ,0038]P     +4mbar,T+24695mdegC
1594506201:[PRESS ,0038]P     -6mbar,T -2769mdegC
1594506203:[PRESS ,0038]P    -16mbar,T+24695mdegC
1594506205:[PRESS ,0038]P     -6mbar,T -2769mdegC
1594506207:[PRESS ,0038]P     -6mbar,T+24695mdegC
1594506212:[PRESS ,0038]P     -6mbar,T -2769mdegC
1594506214:[PRESS ,0038]P     -6mbar,T+24695mdegC
1594506219:[BYPASS,0035]bypass opening 10000ms
1594506224:[BYPASS,0104]battery 15138mV,  321958uA (bypass opening), P     +4mbar
1594506239:[BYPASS,0106]battery 15140mV,  312808uA (bypass closing), P     +4mbar
1594506244:[PRESS ,0038]P     +4mbar,T -2769mdegC
1594506246:[PRESS ,0038]P     +4mbar,T+24695mdegC
1594506248:[PRESS ,0038]P     -6mbar,T -2769mdegC
1594506250:[PRESS ,0038]P    +14mbar,T+24695mdegC
1594506257:[PRESS ,0038]P     -6mbar,T -2769mdegC
1594506261:[PRESS ,0038]P     -6mbar,T+24695mdegC
1594506266:[BYPASS,0035]bypass opening 10000ms
1594506271:[BYPASS,0104]battery 15138mV,  320372uA (bypass opening), P     -6mbar
1594506286:[BYPASS,0106]battery 15140mV,  312198uA (bypass closing), P     -6mbar
1594506291:[PRESS ,0038]P     +4mbar,T -2769mdegC
1594506293:[PRESS ,0038]P     -6mbar,T+24695mdegC
1594506295:[PRESS ,0038]P     +4mbar,T -2769mdegC
1594506297:[PRESS ,0038]P     -6mbar,T+24695mdegC
1594506302:[PRESS ,0038]P    +14mbar,T -2769mdegC
1594506304:[PRESS ,0038]P    +14mbar,T+24695mdegC
1594506306:[PRESS ,0038]P     -6mbar,T -2769mdegC
1594506308:[PRESS ,0038]P    +14mbar,T+24695mdegC
1594506309:[PRESS ,0038]P     -6mbar,T -2769mdegC
1594506313:[BYPASS,0035]bypass opening 10000ms
1594506318:[BYPASS,0104]battery 15138mV,  323056uA (bypass opening), P    +14mbar
1594506333:[BYPASS,0106]battery 15140mV,  312808uA (bypass closing), P    +14mbar
1594506335:[PRESS ,0038]P     +4mbar,T+24695mdegC
1594506338:[PRESS ,0038]P     -6mbar,T -2769mdegC
1594506344:[PRESS ,0038]P     -6mbar,T+24695mdegC
1594506347:[PRESS ,0038]P     +4mbar,T -2769mdegC
1594506351:[PRESS ,0038]P    +14mbar,T+24695mdegC
1594506354:[PRESS ,0038]P    +14mbar,T -2769mdegC
1594506356:[PRESS ,0038]P     +4mbar,T+24695mdegC
1594506358:[PRESS ,0038]P    +14mbar,T -2769mdegC
1594506360:[PRESS ,0038]P     +4mbar,T+24695mdegC
1594506360:[BYPASS,0035]bypass opening 10000ms
1594506365:[BYPASS,0104]battery 15138mV,  322690uA (bypass opening), P     +4mbar
1594506380:[BYPASS,0106]battery 15140mV,  312808uA (bypass closing), P     +4mbar
1594506384:[PRESS ,0038]P    +14mbar,T-13378mdegC
1594506385:[PRESS ,0038]P     +4mbar,T+24695mdegC
1594506391:[PRESS ,0038]P    +14mbar,T -2769mdegC
1594506394:[PRESS ,0038]P    +14mbar,T+24695mdegC
1594506407:[BYPASS,0035]bypass opening 10000ms
1594506412:[BYPASS,0104]battery 15138mV,  321470uA (bypass opening), P    +14mbar
1594506427:[BYPASS,0106]battery 15140mV,  313296uA (bypass closing), P    +14mbar
1594506432:[PRESS ,0038]P     +4mbar,T -2769mdegC
1594506436:[PRESS ,0038]P    +14mbar,T+24695mdegC
1594506438:[PRESS ,0038]P     -6mbar,T -2769mdegC
1594506441:[PRESS ,0038]P     +4mbar,T+24695mdegC
1594506443:[PRESS ,0038]P     +4mbar,T -2769mdegC
1594506445:[PRESS ,0038]P    +14mbar,T+24695mdegC
1594506448:[PRESS ,0038]P    +14mbar,T -2769mdegC
1594506452:[PRESS ,0038]P     +4mbar,T+24695mdegC
1594506454:[BYPASS,0035]bypass opening 10000ms
1594506459:[BYPASS,0104]battery 15140mV,  320128uA (bypass opening), P    +14mbar
1594506474:[BYPASS,0106]battery 15141mV,  311710uA (bypass closing), P    +14mbar
1594506476:[PRESS ,0038]P    +14mbar,T -2769mdegC
1594506481:[PRESS ,0038]P     +4mbar,T+24695mdegC
1594506483:[PRESS ,0038]P     +4mbar,T -2769mdegC
1594506485:[PRESS ,0038]P    +14mbar,T+24695mdegC
1594506490:[PRESS ,0038]P     +4mbar,T -2769mdegC
1594506501:[PRESS ,0038]P     +4mbar,T-30234mdegC
1594506501:[BYPASS,0035]bypass opening 10000ms
1594506506:[BYPASS,0104]battery 15140mV,  321470uA (bypass opening), P     +4mbar
1594506521:[BYPASS,0106]battery 15140mV,  313174uA (bypass closing), P     +4mbar
1594506523:[PRESS ,0038]P    +14mbar,T+24695mdegC
1594506531:[PRESS ,0038]P     +4mbar,T -2769mdegC
1594506533:[PRESS ,0038]P    +14mbar,T-13378mdegC
1594506535:[PRESS ,0038]P     +4mbar,T -2769mdegC
1594506537:[PRESS ,0038]P    +14mbar,T+24695mdegC
1594506540:[PRESS ,0038]P    +14mbar,T -2769mdegC
1594506542:[PRESS ,0038]P     +4mbar,T+24695mdegC
1594506546:[PRESS ,0038]P     +4mbar,T -2769mdegC
1594506548:[PRESS ,0038]P    +14mbar,T+24695mdegC
1594506548:[BYPASS,0035]bypass opening 10000ms
1594506553:[BYPASS,0104]battery 15140mV,  320860uA (bypass opening), P    +14mbar
1594506568:[BYPASS,0106]battery 15141mV,  311710uA (bypass closing), P    +14mbar
1594506580:[PRESS ,0038]P    +14mbar,T -2769mdegC
1594506584:[PRESS ,0038]P     +4mbar,T+24695mdegC
1594506586:[PRESS ,0038]P     +4mbar,T -2769mdegC
1594506587:[PRESS ,0038]P     +4mbar,T+24695mdegC
1594506589:[PRESS ,0038]P     -6mbar,T-13378mdegC
1594506591:[PRESS ,0038]P     -6mbar,T+24695mdegC
1594506593:[PRESS ,0038]P     +4mbar,T -2769mdegC
1594506595:[BYPASS,0035]bypass opening 10000ms
1594506600:[BYPASS,0104]battery 15140mV,  321714uA (bypass opening), P     +4mbar
1594506615:[BYPASS,0106]battery 15140mV,  313418uA (bypass closing), P     +4mbar
1594506618:[PRESS ,0038]P    +14mbar,T+24695mdegC
1594506625:[PRESS ,0038]P     -6mbar,T -2769mdegC
1594506629:[PRESS ,0038]P     +4mbar,T+24695mdegC
1594506636:[PRESS ,0038]P     -6mbar,T -2769mdegC
1594506638:[PRESS ,0038]P     +4mbar,T+24695mdegC
1594506640:[PRESS ,0038]P     -6mbar,T -2769mdegC
1594506641:[PRESS ,0038]P     -6mbar,T+24695mdegC
1594506641:[BYPASS,0035]bypass opening 10000ms
1594506647:[BYPASS,0104]battery 15140mV,  320250uA (bypass opening), P     -6mbar
1594506662:[BYPASS,0106]battery 15141mV,  311710uA (bypass closing), P     -6mbar
1594506663:[PRESS ,0038]P     +4mbar,T -2769mdegC
1594506667:[PRESS ,0038]P     +4mbar,T+24695mdegC
1594506681:[PRESS ,0038]P     -6mbar,T-30234mdegC
1594506683:[PRESS ,0038]P     -6mbar,T+24695mdegC
1594506685:[PRESS ,0038]P     +4mbar,T -2769mdegC
1594506688:[BYPASS,0035]bypass opening 10000ms
1594506693:[BYPASS,0104]battery 15140mV,  321592uA (bypass opening), P     +4mbar
1594506708:[BYPASS,0106]battery 15141mV,  312198uA (bypass closing), P     +4mbar
1594506712:[PRESS ,0038]P     +4mbar,T+24695mdegC
1594506714:[PRESS ,0038]P     -6mbar,T -2769mdegC
1594506717:[PRESS ,0038]P     +4mbar,T+24695mdegC
1594506719:[PRESS ,0038]P     +4mbar,T-30234mdegC
1594506721:[PRESS ,0038]P     +4mbar,T+24695mdegC
1594506725:[PRESS ,0038]P     -6mbar,T -2769mdegC
1594506726:[PRESS ,0038]P     -6mbar,T+24695mdegC
1594506732:[PRESS ,0038]P     +4mbar,T -2769mdegC
1594506734:[PRESS ,0038]P     -6mbar,T+24695mdegC
1594506735:[PRESS ,0038]P     +4mbar,T-13378mdegC
1594506735:[BYPASS,0035]bypass opening 10000ms
1594506740:[BYPASS,0104]battery 15140mV,  321470uA (bypass opening), P     +4mbar
1594506756:[BYPASS,0106]battery 15141mV,  311832uA (bypass closing), P     +4mbar
1594506757:[PRESS ,0038]P     +4mbar,T -2769mdegC
1594506759:[PRESS ,0038]P     +4mbar,T-13378mdegC
1594506761:[PRESS ,0038]P     +4mbar,T+24695mdegC
1594506763:[PRESS ,0038]P     -6mbar,T -2769mdegC
1594506765:[PRESS ,0038]P     +4mbar,T+24695mdegC
1594506766:[PRESS ,0038]P     -6mbar,T -2769mdegC
1594506768:[PRESS ,0038]P    +14mbar,T+24695mdegC
1594506770:[PRESS ,0038]P     +4mbar,T -2769mdegC
1594506772:[PRESS ,0038]P     +4mbar,T+24695mdegC
1594506779:[PRESS ,0038]P     +4mbar,T -2769mdegC
1594506782:[PRESS ,0038]P     -6mbar,T+24695mdegC
1594506782:[BYPASS,0035]bypass opening 10000ms
1594506788:[BYPASS,0104]battery 15140mV,  322202uA (bypass opening), P     -6mbar
1594506803:[BYPASS,0106]battery 15141mV,  312564uA (bypass closing), P     -6mbar
1594506810:[PRESS ,0038]P     +4mbar,T-13378mdegC
1594506811:[PRESS ,0038]P     +4mbar,T+24695mdegC
1594506813:[PRESS ,0038]P     +4mbar,T -2769mdegC
1594506817:[PRESS ,0038]P     -6mbar,T+24695mdegC
1594506819:[PRESS ,0038]P     -6mbar,T -2769mdegC
1594506820:[PRESS ,0038]P     -6mbar,T-30234mdegC
1594506822:[PRESS ,0038]P     -6mbar,T+24695mdegC
1594506824:[PRESS ,0038]P     -6mbar,T -2769mdegC
1594506829:[PRESS ,0038]P     -6mbar,T+24695mdegC
1594506829:[BYPASS,0035]bypass opening 10000ms
1594506835:[BYPASS,0104]battery 15140mV,  322202uA (bypass opening), P     -6mbar
1594506850:[BYPASS,0106]battery 15141mV,  312320uA (bypass closing), P     -6mbar
1594506853:[PRESS ,0038]P     +4mbar,T -2769mdegC
1594506855:[PRESS ,0038]P     +4mbar,T+24695mdegC
1594506857:[PRESS ,0038]P     +4mbar,T -2769mdegC
1594506860:[PRESS ,0038]P     +4mbar,T+24695mdegC
1594506864:[PRESS ,0038]P     +4mbar,T -2769mdegC
1594506866:[PRESS ,0038]P     +4mbar,T+24695mdegC
1594506871:[PRESS ,0038]P     +4mbar,T-13378mdegC
1594506873:[PRESS ,0038]P     +4mbar,T -2769mdegC
1594506875:[PRESS ,0038]P     +4mbar,T+24695mdegC
1594506876:[PRESS ,0038]P    +14mbar,T -2769mdegC
1594506877:[BYPASS,0035]bypass opening 10000ms
1594506882:[BYPASS,0104]battery 15140mV,  322324uA (bypass opening), P    +14mbar
1594506897:[BYPASS,0106]battery 15141mV,  311710uA (bypass closing), P    +14mbar
1594506898:[PRESS ,0038]P     +4mbar,T+24695mdegC
1594506907:[PRESS ,0038]P     +4mbar,T -2769mdegC
1594506909:[PRESS ,0038]P     -6mbar,T+24695mdegC
1594506918:[PRESS ,0038]P     +4mbar,T-13378mdegC
1594506920:[PRESS ,0038]P     -6mbar,T+24695mdegC
1594506923:[BYPASS,0035]bypass opening 10000ms
1594506928:[BYPASS,0104]battery 15141mV,  320250uA (bypass opening), P     +4mbar
1594506943:[BYPASS,0106]battery 15141mV,  312076uA (bypass closing), P     +4mbar
1594506945:[PRESS ,0038]P     -6mbar,T -2769mdegC
1594506949:[PRESS ,0038]P    +14mbar,T+24695mdegC
1594506951:[PRESS ,0038]P     +4mbar,T -2769mdegC
1594506954:[PRESS ,0038]P     +4mbar,T-30234mdegC
1594506956:[PRESS ,0038]P     +4mbar,T -2769mdegC
1594506960:[PRESS ,0038]P     +4mbar,T-30234mdegC
1594506961:[PRESS ,0038]P     +4mbar,T-13378mdegC
1594506963:[PRESS ,0038]P     -6mbar,T+24695mdegC
1594506967:[PRESS ,0038]P     +4mbar,T -2769mdegC
1594506970:[PRESS ,0038]P    +14mbar,T+24695mdegC
1594506970:[BYPASS,0035]bypass opening 10000ms
1594506975:[BYPASS,0104]battery 15141mV,  320372uA (bypass opening), P    +14mbar
1594506991:[BYPASS,0106]battery 15141mV,  311832uA (bypass closing), P    +14mbar
1594506994:[PRESS ,0038]P     -6mbar,T -2769mdegC
1594506996:[PRESS ,0038]P     -6mbar,T-30234mdegC
1594506998:[PRESS ,0038]P     +4mbar,T+24695mdegC
1594507000:[PRESS ,0038]P     +4mbar,T -2769mdegC
1594507003:[PRESS ,0038]P     +4mbar,T+24695mdegC
1594507008:[PRESS ,0038]P     +4mbar,T -2769mdegC
1594507010:[PRESS ,0038]P     -6mbar,T+24695mdegC
1594507012:[PRESS ,0038]P     +4mbar,T -2769mdegC
1594507017:[PRESS ,0038]P     +4mbar,T+24695mdegC
1594507017:[BYPASS,0035]bypass opening 10000ms
1594507022:[BYPASS,0104]battery 15141mV,  321958uA (bypass opening), P     +4mbar
1594507038:[BYPASS,0106]battery 15141mV,  313052uA (bypass closing), P     +4mbar
1594507048:[PRESS ,0038]P     +4mbar,T -2769mdegC
1594507052:[PRESS ,0038]P     -6mbar,T+24695mdegC
1594507055:[PRESS ,0038]P     -6mbar,T -2769mdegC
1594507057:[PRESS ,0038]P     -6mbar,T+24695mdegC
1594507059:[PRESS ,0038]P     +4mbar,T -2769mdegC
1594507063:[PRESS ,0038]P     +4mbar,T+24695mdegC
1594507064:[PRESS ,0038]P     +4mbar,T -2769mdegC
1594507064:[BYPASS,0035]bypass opening 10000ms
1594507069:[BYPASS,0104]battery 15141mV,  320982uA (bypass opening), P     +4mbar
1594507084:[BYPASS,0106]battery 15142mV,  311710uA (bypass closing), P     +4mbar
1594507086:[PRESS ,0038]P     -6mbar,T+24695mdegC
1594507088:[PRESS ,0038]P     +4mbar,T -2769mdegC
1594507090:[PRESS ,0038]P    +14mbar,T+24695mdegC
1594507092:[PRESS ,0038]P     -6mbar,T -2769mdegC
1594507093:[PRESS ,0038]P     +4mbar,T+24695mdegC
1594507097:[PRESS ,0038]P     +4mbar,T -2769mdegC
1594507099:[PRESS ,0038]P     -6mbar,T+24695mdegC
1594507104:[PRESS ,0038]P     -6mbar,T -2769mdegC
1594507108:[PRESS ,0038]P     +4mbar,T+24695mdegC
1594507110:[PRESS ,0038]P     +4mbar,T -2769mdegC
1594507111:[PRESS ,0038]P     +4mbar,T+24695mdegC
1594507111:[BYPASS,0035]bypass opening 10000ms
1594507117:[BYPASS,0104]battery 15141mV,  321226uA (bypass opening), P     +4mbar
1594507132:[BYPASS,0106]battery 15141mV,  312442uA (bypass closing), P     +4mbar
1594507135:[PRESS ,0038]P     +4mbar,T -2769mdegC
1594507144:[PRESS ,0038]P     +4mbar,T+24695mdegC
1594507146:[PRESS ,0038]P     +4mbar,T -2769mdegC
1594507149:[PRESS ,0038]P     +4mbar,T+24695mdegC
1594507153:[PRESS ,0038]P     -6mbar,T -2769mdegC
1594507158:[BYPASS,0035]bypass opening 10000ms
1594507163:[BYPASS,0104]battery 15141mV,  321104uA (bypass opening), P    +14mbar
1594507178:[BYPASS,0106]battery 15142mV,  311344uA (bypass closing), P    +14mbar
1594507182:[PRESS ,0038]P     -6mbar,T+24695mdegC
1594507184:[PRESS ,0038]P     +4mbar,T -2769mdegC
1594507186:[PRESS ,0038]P     +4mbar,T+24695mdegC
1594507187:[PRESS ,0038]P     +4mbar,T -2769mdegC
1594507189:[PRESS ,0038]P     -6mbar,T+24695mdegC
1594507191:[PRESS ,0038]P     +4mbar,T-30234mdegC
1594507193:[PRESS ,0038]P     +4mbar,T -2769mdegC
1594507198:[PRESS ,0038]P     -6mbar,T+24695mdegC
1594507202:[PRESS ,0038]P     +4mbar,T -2769mdegC
1594507205:[BYPASS,0035]bypass opening 10000ms
1594507210:[BYPASS,0104]battery 15140mV,  322934uA (bypass opening), P     +4mbar
1594507225:[BYPASS,0106]battery 15141mV,  312808uA (bypass closing), P     +4mbar
1594507227:[PRESS ,0038]P     +4mbar,T+24695mdegC
1594507229:[PRESS ,0038]P     +4mbar,T -2769mdegC
1594507231:[PRESS ,0038]P     -6mbar,T+24695mdegC
1594507236:[PRESS ,0038]P     +4mbar,T -2769mdegC
1594507240:[PRESS ,0038]P     +4mbar,T+24695mdegC
1594507243:[PRESS ,0038]P     +4mbar,T -2769mdegC
1594507249:[PRESS ,0038]P     +4mbar,T+24695mdegC
1594507250:[PRESS ,0038]P     +4mbar,T -2769mdegC
1594507252:[PRESS ,0038]P     +4mbar,T+24695mdegC
1594507252:[BYPASS,0035]bypass opening 10000ms
1594507257:[BYPASS,0104]battery 15141mV,  321836uA (bypass opening), P     +4mbar
1594507272:[BYPASS,0106]battery 15142mV,  311832uA (bypass closing), P     +4mbar
1594507274:[PRESS ,0038]P     +4mbar,T -2769mdegC
1594507276:[PRESS ,0038]P     +4mbar,T+24695mdegC
1594507280:[PRESS ,0038]P     +4mbar,T -2769mdegC
1594507283:[PRESS ,0038]P     +4mbar,T+24695mdegC
1594507285:[PRESS ,0038]P     +4mbar,T -2769mdegC
1594507287:[PRESS ,0038]P     -6mbar,T-30234mdegC
1594507289:[PRESS ,0038]P     +4mbar,T+24695mdegC
1594507290:[PRESS ,0038]P     -6mbar,T-13378mdegC
1594507292:[PRESS ,0038]P     +4mbar,T -2769mdegC
1594507299:[PRESS ,0038]P    +14mbar,T+24695mdegC
1594507299:[BYPASS,0035]bypass opening 10000ms
1594507304:[BYPASS,0104]battery 15141mV,  321226uA (bypass opening), P    +14mbar
1594507319:[BYPASS,0106]battery 15142mV,  311954uA (bypass closing), P    +14mbar
1594507323:[PRESS ,0038]P     +4mbar,T -2769mdegC
1594507328:[PRESS ,0038]P     +4mbar,T+24695mdegC
1594507334:[PRESS ,0038]P     -6mbar,T-13378mdegC
1594507336:[PRESS ,0038]P     +4mbar,T -2769mdegC
1594507339:[PRESS ,0038]P     +4mbar,T+24695mdegC
1594507343:[PRESS ,0038]P     -6mbar,T-13378mdegC
1594507344:[PRESS ,0038]P     +4mbar,T+24695mdegC
1594507346:[PRESS ,0038]P    +14mbar,T -2769mdegC
1594507346:[BYPASS,0035]bypass opening 10000ms
1594507351:[BYPASS,0104]battery 15141mV,  324032uA (bypass opening), P    +14mbar
1594507366:[BYPASS,0106]battery 15142mV,  312564uA (bypass closing), P    +14mbar
1594507368:[PRESS ,0038]P     +4mbar,T+24695mdegC
1594507374:[PRESS ,0038]P     +4mbar,T -2769mdegC
1594507379:[PRESS ,0038]P     -6mbar,T+24695mdegC
1594507382:[PRESS ,0038]P     +4mbar,T -2769mdegC
1594507386:[PRESS ,0038]P     +4mbar,T+24695mdegC
1594507390:[PRESS ,0038]P     +4mbar,T -2769mdegC
1594507393:[PRESS ,0038]P    +14mbar,T+24695mdegC
1594507393:[BYPASS,0035]bypass opening 10000ms
1594507398:[BYPASS,0104]battery 15141mV,  322934uA (bypass opening), P    +14mbar
1594507413:[BYPASS,0106]battery 15142mV,  311832uA (bypass closing), P    +14mbar
1594507417:[PRESS ,0038]P     -6mbar,T -2769mdegC
1594507422:[PRESS ,0038]P     +4mbar,T+24695mdegC
1594507424:[PRESS ,0038]P     +4mbar,T -2769mdegC
1594507426:[PRESS ,0038]P     +4mbar,T+24695mdegC
1594507429:[PRESS ,0038]P     +4mbar,T -2769mdegC
1594507431:[PRESS ,0038]P     +4mbar,T+24695mdegC
1594507438:[PRESS ,0038]P     +4mbar,T -2769mdegC
1594507440:[BYPASS,0035]bypass opening 10000ms
1594507445:[BYPASS,0104]battery 15141mV,  322934uA (bypass opening), P     +4mbar
1594507460:[BYPASS,0106]battery 15142mV,  312198uA (bypass closing), P     +4mbar
1594507462:[PRESS ,0038]P     +4mbar,T+24695mdegC
1594507467:[PRESS ,0038]P     +4mbar,T-13378mdegC
1594507469:[PRESS ,0038]P     +4mbar,T+24695mdegC
1594507478:[PRESS ,0038]P     +4mbar,T -2769mdegC
1594507480:[PRESS ,0038]P     +4mbar,T+24695mdegC
1594507483:[PRESS ,0038]P     +4mbar,T -2769mdegC
1594507485:[PRESS ,0038]P     -6mbar,T+24695mdegC
1594507487:[PRESS ,0038]P     -6mbar,T -2769mdegC
1594507487:[BYPASS,0035]bypass opening 10000ms
1594507492:[BYPASS,0104]battery 15142mV,  321348uA (bypass opening), P     -6mbar
1594507507:[BYPASS,0106]battery 15142mV,  311954uA (bypass closing), P     -6mbar
1594507513:[PRESS ,0038]P     -6mbar,T+24695mdegC
1594507521:[PRESS ,0038]P     +4mbar,T -2769mdegC
1594507525:[PRESS ,0038]P     +4mbar,T+24695mdegC
1594507532:[PRESS ,0038]P     +4mbar,T -2769mdegC
1594507534:[BYPASS,0035]bypass opening 10000ms
1594507539:[BYPASS,0104]battery 15141mV,  320494uA (bypass opening), P     -6mbar
1594507554:[BYPASS,0106]battery 15142mV,  311344uA (bypass closing), P     -6mbar
1594507556:[PRESS ,0038]P     +4mbar,T-13378mdegC
1594507558:[PRESS ,0038]P    +14mbar,T+24695mdegC
1594507561:[PRESS ,0038]P     +4mbar,T-13378mdegC
1594507563:[PRESS ,0038]P     +4mbar,T -2769mdegC
1594507565:[PRESS ,0038]P     +4mbar,T+24695mdegC
1594507572:[PRESS ,0038]P    +14mbar,T -2769mdegC
1594507574:[PRESS ,0038]P     -6mbar,T+24695mdegC
1594507577:[PRESS ,0038]P     -6mbar,T-13378mdegC
1594507579:[PRESS ,0038]P    +14mbar,T -2769mdegC
1594507581:[BYPASS,0035]bypass opening 10000ms
1594507586:[BYPASS,0104]battery 15141mV,  322080uA (bypass opening), P     -6mbar
1594507601:[BYPASS,0106]battery 15142mV,  312564uA (bypass closing), P     -6mbar
1594507605:[PRESS ,0038]P     +4mbar,T+24695mdegC
1594507614:[PRESS ,0038]P     +4mbar,T -2769mdegC
1594507617:[PRESS ,0038]P    -16mbar,T+24695mdegC
1594507619:[PRESS ,0038]P     +4mbar,T -2769mdegC
1594507622:[PRESS ,0038]P     +4mbar,T+24695mdegC
1594507628:[BYPASS,0035]bypass opening 10000ms
1594507633:[BYPASS,0104]battery 15142mV,  319762uA (bypass opening), P     -6mbar
1594507648:[BYPASS,0106]battery 15142mV,  311222uA (bypass closing), P     -6mbar
1594507652:[PRESS ,0038]P     +4mbar,T -2769mdegC
1594507653:[PRESS ,0038]P     +4mbar,T+24695mdegC
1594507662:[PRESS ,0038]P     -6mbar,T -2769mdegC
1594507666:[PRESS ,0038]P     -6mbar,T-13378mdegC
1594507668:[PRESS ,0038]P    -16mbar,T -2769mdegC
1594507669:[PRESS ,0038]P     -6mbar,T+24695mdegC
1594507671:[PRESS ,0038]P     -6mbar,T -2769mdegC
1594507673:[PRESS ,0038]P     -6mbar,T+24695mdegC
1594507675:[BYPASS,0035]bypass opening 10000ms
1594507680:[BYPASS,0104]battery 15141mV,  321958uA (bypass opening), P     -6mbar
1594507695:[BYPASS,0106]battery 15142mV,  312930uA (bypass closing), P     -6mbar
1594507697:[PRESS ,0038]P     +4mbar,T -2769mdegC
1594507699:[PRESS ,0038]P     -6mbar,T+24695mdegC
1594507706:[PRESS ,0038]P     -6mbar,T -2769mdegC
1594507707:[PRESS ,0038]P    -16mbar,T+24695mdegC
1594507720:[PRESS ,0038]P     -6mbar,T -2769mdegC
1594507722:[PRESS ,0038]P     -6mbar,T+24695mdegC
1594507722:[BYPASS,0035]bypass opening 10000ms
1594507727:[BYPASS,0104]battery 15142mV,  320616uA (bypass opening), P     -6mbar
1594507742:[BYPASS,0106]battery 15142mV,  311710uA (bypass closing), P     -6mbar
1594507749:[PRESS ,0038]P     -6mbar,T -2769mdegC
1594507751:[PRESS ,0038]P    -16mbar,T+24695mdegC
1594507754:[PRESS ,0038]P     -6mbar,T -2769mdegC
1594507756:[PRESS ,0038]P     +4mbar,T-13378mdegC
1594507758:[PRESS ,0038]P     -6mbar,T+24695mdegC
1594507769:[BYPASS,0035]bypass opening 10000ms
1594507774:[BYPASS,0104]battery 15143mV,  317688uA (bypass opening), P    +14mbar
1594507789:[BYPASS,0106]battery 15143mV,  311466uA (bypass closing), P    +14mbar
1594507794:[PRESS ,0038]P    -16mbar,T -2769mdegC
1594507796:[PRESS ,0038]P     -6mbar,T+24695mdegC
1594507798:[PRESS ,0038]P     -6mbar,T -2769mdegC
1594507803:[PRESS ,0038]P     -6mbar,T+24695mdegC
1594507805:[PRESS ,0038]P     -6mbar,T -2769mdegC
1594507807:[PRESS ,0038]P     -6mbar,T+24695mdegC
1594507808:[PRESS ,0038]P     -6mbar,T -2769mdegC
1594507810:[PRESS ,0038]P     -6mbar,T+24695mdegC
1594507812:[PRESS ,0038]P    -16mbar,T-30234mdegC
1594507814:[PRESS ,0038]P    +14mbar,T+24695mdegC
1594507816:[PRESS ,0038]P    +14mbar,T -2769mdegC
1594507816:[BYPASS,0035]bypass opening 10000ms
1594507821:[BYPASS,0104]battery 15142mV,  321958uA (bypass opening), P    +14mbar
1594507836:[BYPASS,0106]battery 15143mV,  311710uA (bypass closing), P    +14mbar
1594507841:[PRESS ,0038]P     -6mbar,T+24695mdegC
1594507845:[PRESS ,0038]P     -6mbar,T -2769mdegC
1594507846:[PRESS ,0038]P     -6mbar,T+24695mdegC
1594507855:[PRESS ,0038]P    -16mbar,T -2769mdegC
1594507861:[PRESS ,0038]P     +4mbar,T+24695mdegC
1594507862:[BYPASS,0035]bypass opening 10000ms
1594507868:[BYPASS,0104]battery 15141mV,  321714uA (bypass opening), P     +4mbar
1594507883:[BYPASS,0106]battery 15143mV,  311710uA (bypass closing), P     +4mbar
1594507886:[PRESS ,0038]P    +14mbar,T-13378mdegC
1594507888:[PRESS ,0038]P     -6mbar,T+24695mdegC
1594507890:[PRESS ,0038]P     -6mbar,T-13378mdegC
1594507892:[PRESS ,0038]P     -6mbar,T -2769mdegC
1594507893:[PRESS ,0038]P    +14mbar,T+24695mdegC
1594507902:[PRESS ,0038]P    +14mbar,T -2769mdegC
1594507908:[PRESS ,0038]P     +4mbar,T+24695mdegC
1594507909:[PRESS ,0038]P     +4mbar,T -2769mdegC
1594507909:[BYPASS,0035]bypass opening 10000ms
1594507914:[BYPASS,0104]battery 15142mV,  321592uA (bypass opening), P     +4mbar
1594507930:[BYPASS,0106]battery 15143mV,  312320uA (bypass closing), P     +4mbar
1594507931:[PRESS ,0038]P     -6mbar,T+24695mdegC
1594507937:[PRESS ,0038]P     +4mbar,T -2769mdegC
1594507938:[PRESS ,0038]P    -16mbar,T+24695mdegC
1594507940:[PRESS ,0038]P     +4mbar,T -2769mdegC
1594507942:[PRESS ,0038]P     +4mbar,T+24695mdegC
1594507944:[PRESS ,0038]P     +4mbar,T -2769mdegC
1594507946:[PRESS ,0038]P     -6mbar,T+24695mdegC
1594507948:[PRESS ,0038]P    +14mbar,T -2769mdegC
1594507951:[PRESS ,0038]P     +4mbar,T+24695mdegC
1594507955:[PRESS ,0038]P    +14mbar,T -2769mdegC
1594507956:[BYPASS,0035]bypass opening 10000ms
1594507962:[BYPASS,0104]battery 15142mV,  320250uA (bypass opening), P     +4mbar
1594507977:[BYPASS,0106]battery 15142mV,  312564uA (bypass closing), P     +4mbar
1594507980:[PRESS ,0038]P     +4mbar,T+24695mdegC
1594507982:[PRESS ,0038]P     +4mbar,T -2769mdegC
1594507986:[PRESS ,0038]P     +4mbar,T-30234mdegC
1594507987:[PRESS ,0038]P     +4mbar,T+24695mdegC
1594507991:[PRESS ,0038]P     -6mbar,T-13378mdegC
1594507993:[PRESS ,0038]P     +4mbar,T -2769mdegC
1594507996:[PRESS ,0038]P    +14mbar,T-13378mdegC
1594507998:[PRESS ,0038]P     +4mbar,T -2769mdegC
1594508000:[PRESS ,0038]P     +4mbar,T+24695mdegC
1594508002:[PRESS ,0038]P     +4mbar,T -2769mdegC
1594508004:[BYPASS,0035]bypass opening 10000ms
1594508009:[BYPASS,0104]battery 15142mV,  320738uA (bypass opening), P     -6mbar
1594508024:[BYPASS,0106]battery 15143mV,  311344uA (bypass closing), P     -6mbar
1594508031:[PRESS ,0038]P     -6mbar,T+24695mdegC
1594508036:[PRESS ,0038]P     +4mbar,T -2769mdegC
1594508040:[PRESS ,0038]P     +4mbar,T+24695mdegC
1594508041:[PRESS ,0038]P     +4mbar,T -2769mdegC
1594508043:[PRESS ,0038]P     +4mbar,T+24695mdegC
1594508045:[PRESS ,0038]P     +4mbar,T -2769mdegC
1594508047:[PRESS ,0038]P     +4mbar,T+24695mdegC
1594508049:[PRESS ,0038]P     -6mbar,T -2769mdegC
1594508051:[BYPASS,0035]bypass opening 10000ms
1594508056:[BYPASS,0104]battery 15142mV,  321470uA (bypass opening), P     +4mbar
1594508071:[BYPASS,0106]battery 15143mV,  312564uA (bypass closing), P     +4mbar
1594508072:[PRESS ,0038]P     +4mbar,T+24695mdegC
1594508074:[PRESS ,0038]P     -6mbar,T-13378mdegC
1594508076:[PRESS ,0038]P     +4mbar,T -2769mdegC
1594508078:[PRESS ,0038]P     +4mbar,T+24695mdegC
1594508081:[PRESS ,0038]P     +4mbar,T-30234mdegC
1594508083:[PRESS ,0038]P     +4mbar,T+24695mdegC
1594508089:[PRESS ,0038]P     +4mbar,T-30234mdegC
1594508090:[PRESS ,0038]P    +14mbar,T+24695mdegC
1594508092:[PRESS ,0038]P    +24mbar,T -2769mdegC
1594508094:[PRESS ,0038]P    +14mbar,T+24695mdegC
1594508096:[PRESS ,0038]P     +4mbar,T -2769mdegC
1594508098:[PRESS ,0038]P    +14mbar,T+24695mdegC
1594508098:[BYPASS,0035]bypass opening 10000ms
1594508103:[BYPASS,0104]battery 15142mV,  322568uA (bypass opening), P    +14mbar
1594508118:[BYPASS,0106]battery 15143mV,  312564uA (bypass closing), P    +14mbar
1594508120:[PRESS ,0038]P     +4mbar,T -2769mdegC
1594508121:[PRESS ,0038]P     +4mbar,T+24695mdegC
1594508123:[PRESS ,0038]P     +4mbar,T -2769mdegC
1594508127:[PRESS ,0038]P     +4mbar,T+24695mdegC
1594508132:[PRESS ,0038]P     -6mbar,T -2769mdegC
1594508136:[PRESS ,0038]P     +4mbar,T+24695mdegC
1594508143:[PRESS ,0038]P     -6mbar,T -2769mdegC
1594508145:[PRESS ,0038]P     +4mbar,T-13378mdegC
1594508145:[BYPASS,0035]bypass opening 10000ms
1594508150:[BYPASS,0104]battery 15143mV,  320128uA (bypass opening), P     +4mbar
1594508165:[BYPASS,0106]battery 15143mV,  311344uA (bypass closing), P     +4mbar
1594508167:[PRESS ,0038]P     +4mbar,T+24695mdegC
1594508172:[PRESS ,0038]P     +4mbar,T -2769mdegC
1594508179:[PRESS ,0038]P     +4mbar,T+24695mdegC
1594508186:[PRESS ,0038]P     +4mbar,T -2769mdegC
1594508191:[BYPASS,0035]bypass opening 10000ms
1594508196:[BYPASS,0104]battery 15143mV,  319274uA (bypass opening), P    +14mbar
1594508212:[BYPASS,0106]battery 15143mV,  311832uA (bypass closing), P    +14mbar
1594508213:[PRESS ,0038]P    +14mbar,T+24695mdegC
1594508215:[PRESS ,0038]P     +4mbar,T -2769mdegC
1594508217:[PRESS ,0038]P    +14mbar,T+24695mdegC
1594508219:[PRESS ,0038]P     +4mbar,T-30234mdegC
1594508221:[PRESS ,0038]P    +14mbar,T -2769mdegC
1594508222:[PRESS ,0038]P     +4mbar,T+24695mdegC
1594508224:[PRESS ,0038]P    +14mbar,T -2769mdegC
1594508226:[PRESS ,0038]P     +4mbar,T+24695mdegC
1594508228:[PRESS ,0038]P     -6mbar,T -2769mdegC
1594508230:[PRESS ,0038]P    +14mbar,T+24695mdegC
1594508231:[PRESS ,0038]P     +4mbar,T -2769mdegC
1594508235:[PRESS ,0038]P    +14mbar,T+24695mdegC
1594508237:[PRESS ,0038]P     +4mbar,T-13378mdegC
1594508239:[BYPASS,0035]bypass opening 10000ms
1594508244:[BYPASS,0104]battery 15143mV,  319152uA (bypass opening), P    +14mbar
1594508259:[BYPASS,0106]battery 15145mV,  311344uA (bypass closing), P    +14mbar
1594508261:[PRESS ,0038]P    +14mbar,T -2769mdegC
1594508262:[PRESS ,0038]P     +4mbar,T+24695mdegC
1594508264:[PRESS ,0038]P     +4mbar,T -2769mdegC
1594508266:[PRESS ,0038]P     +4mbar,T+24695mdegC
1594508269:[PRESS ,0038]P     -6mbar,T -2769mdegC
1594508271:[PRESS ,0038]P    +14mbar,T+24695mdegC
1594508275:[PRESS ,0038]P     +4mbar,T -2769mdegC
1594508280:[PRESS ,0038]P    +14mbar,T+24695mdegC
1594508282:[PRESS ,0038]P     -6mbar,T -2769mdegC
1594508286:[PRESS ,0038]P    +14mbar,T+24695mdegC
1594508286:[BYPASS,0035]bypass opening 10000ms
1594508291:[BYPASS,0104]battery 15143mV,  320006uA (bypass opening), P    +14mbar
1594508306:[BYPASS,0106]battery 15143mV,  311832uA (bypass closing), P    +14mbar
1594508313:[PRESS ,0038]P     -6mbar,T -2769mdegC
1594508315:[PRESS ,0038]P     -6mbar,T+24695mdegC
1594508324:[PRESS ,0038]P    +14mbar,T -2769mdegC
1594508332:[PRESS ,0038]P     +4mbar,T+24695mdegC
1594508332:[BYPASS,0035]bypass opening 10000ms
1594508338:[BYPASS,0104]battery 15143mV,  319640uA (bypass opening), P     +4mbar
1594508353:[BYPASS,0106]battery 15145mV,  311100uA (bypass closing), P     +4mbar
1594508361:[PRESS ,0038]P     +4mbar,T -2769mdegC
1594508365:[PRESS ,0038]P    +14mbar,T+24695mdegC
1594508370:[PRESS ,0038]P     +4mbar,T -2769mdegC
1594508372:[PRESS ,0038]P     +4mbar,T+24695mdegC
1594508374:[PRESS ,0038]P    +14mbar,T-30234mdegC
1594508376:[PRESS ,0038]P     +4mbar,T -2769mdegC
1594508379:[BYPASS,0035]bypass opening 10000ms
1594508384:[BYPASS,0104]battery 15143mV,  320250uA (bypass opening), P     +4mbar
1594508399:[BYPASS,0106]battery 15143mV,  312564uA (bypass closing), P     +4mbar
1594508401:[PRESS ,0038]P     +4mbar,T+24695mdegC
1594508407:[PRESS ,0038]P     +4mbar,T -2769mdegC
1594508410:[PRESS ,0038]P     +4mbar,T+24695mdegC
1594508412:[PRESS ,0038]P     +4mbar,T -2769mdegC
1594508416:[PRESS ,0038]P     +4mbar,T+24695mdegC
1594508417:[PRESS ,0038]P    +14mbar,T -2769mdegC
1594508419:[PRESS ,0038]P     +4mbar,T+24695mdegC
1594508421:[PRESS ,0038]P     +4mbar,T -2769mdegC
1594508423:[PRESS ,0038]P     +4mbar,T+24695mdegC
1594508426:[PRESS ,0038]P     +4mbar,T -2769mdegC
1594508426:[BYPASS,0035]bypass opening 10000ms
1594508431:[BYPASS,0104]battery 15145mV,  318176uA (bypass opening), P     +4mbar
1594508446:[BYPASS,0106]battery 15145mV,  311222uA (bypass closing), P     +4mbar
1594508448:[PRESS ,0038]P    +14mbar,T+24695mdegC
1594508455:[PRESS ,0038]P     +4mbar,T -2769mdegC
1594508457:[PRESS ,0038]P    +14mbar,T+24695mdegC
1594508459:[PRESS ,0038]P     -6mbar,T -2769mdegC
1594508464:[PRESS ,0038]P    +14mbar,T+24695mdegC
1594508466:[PRESS ,0038]P    +14mbar,T -2769mdegC
1594508468:[PRESS ,0038]P     +4mbar,T+24695mdegC
1594508473:[PRESS ,0038]P     +4mbar,T -2769mdegC
1594508473:[BYPASS,0035]bypass opening 10000ms
1594508478:[BYPASS,0104]battery 15143mV,  322934uA (bypass opening), P     +4mbar
1594508493:[BYPASS,0106]battery 15143mV,  312442uA (bypass closing), P     +4mbar
1594508501:[PRESS ,0038]P     +4mbar,T+24695mdegC
1594508504:[PRESS ,0038]P     +4mbar,T-30234mdegC
1594508506:[PRESS ,0038]P     +4mbar,T -2769mdegC
1594508508:[PRESS ,0038]P    +14mbar,T+24695mdegC
1594508513:[PRESS ,0038]P     +4mbar,T -2769mdegC
1594508515:[PRESS ,0038]P     +4mbar,T-30234mdegC
1594508517:[PRESS ,0038]P    +14mbar,T -2769mdegC
1594508519:[PRESS ,0038]P     +4mbar,T+24695mdegC
1594508520:[PRESS ,0038]P    +14mbar,T -2769mdegC
1594508520:[BYPASS,0035]bypass opening 10000ms
1594508525:[BYPASS,0104]battery 15143mV,  322202uA (bypass opening), P    +14mbar
1594508540:[BYPASS,0106]battery 15145mV,  311588uA (bypass closing), P    +14mbar
1594508544:[PRESS ,0038]P     +4mbar,T+24695mdegC
1594508546:[PRESS ,0038]P     +4mbar,T -2769mdegC
1594508556:[PRESS ,0038]P    +14mbar,T+24695mdegC
1594508558:[PRESS ,0038]P     +4mbar,T -2769mdegC
1594508564:[PRESS ,0038]P     +4mbar,T+24695mdegC
1594508565:[PRESS ,0038]P     +4mbar,T -2769mdegC
1594508567:[BYPASS,0035]bypass opening 10000ms
1594508572:[BYPASS,0104]battery 15143mV,  319640uA (bypass opening), P    +14mbar
1594508587:[BYPASS,0106]battery 15145mV,  312564uA (bypass closing), P    +14mbar
1594508591:[PRESS ,0038]P     +4mbar,T+24695mdegC
1594508595:[PRESS ,0038]P     +4mbar,T -2769mdegC
1594508600:[PRESS ,0038]P     +4mbar,T+24695mdegC
1594508602:[PRESS ,0038]P     +4mbar,T -2769mdegC
1594508603:[PRESS ,0038]P    +14mbar,T+24695mdegC
1594508607:[PRESS ,0038]P     +4mbar,T -2769mdegC
1594508609:[PRESS ,0038]P     +4mbar,T+24695mdegC
1594508611:[PRESS ,0038]P    +14mbar,T -2769mdegC
1594508612:[PRESS ,0038]P    +14mbar,T+24695mdegC
1594508614:[PRESS ,0038]P     +4mbar,T -2769mdegC
1594508614:[BYPASS,0035]bypass opening 10000ms
1594508619:[BYPASS,0104]battery 15145mV,  319762uA (bypass opening), P     +4mbar
1594508634:[BYPASS,0106]battery 15145mV,  311954uA (bypass closing), P     +4mbar
1594508638:[PRESS ,0038]P     +4mbar,T+24695mdegC
1594508640:[PRESS ,0038]P     +4mbar,T -2769mdegC
1594508642:[PRESS ,0038]P     +4mbar,T+24695mdegC
1594508647:[PRESS ,0038]P     +4mbar,T -2769mdegC
1594508650:[PRESS ,0038]P     +4mbar,T+24695mdegC
1594508656:[PRESS ,0038]P     +4mbar,T -2769mdegC
1594508658:[PRESS ,0038]P     +4mbar,T+24695mdegC
1594508659:[PRESS ,0038]P    +14mbar,T -2769mdegC
1594508661:[BYPASS,0035]bypass opening 10000ms
1594508666:[BYPASS,0104]battery 15145mV,  317932uA (bypass opening), P    +14mbar
1594508681:[BYPASS,0106]battery 15145mV,  311832uA (bypass closing), P    +14mbar
1594508685:[PRESS ,0038]P     +4mbar,T+24695mdegC
1594508687:[PRESS ,0038]P     +4mbar,T-13378mdegC
1594508689:[PRESS ,0038]P    +14mbar,T+24695mdegC
1594508690:[PRESS ,0038]P     +4mbar,T -2769mdegC
1594508696:[PRESS ,0038]P    +14mbar,T+24695mdegC
1594508698:[PRESS ,0038]P     +4mbar,T -2769mdegC
1594508699:[PRESS ,0038]P    +14mbar,T+24695mdegC
1594508705:[PRESS ,0038]P     +4mbar,T -2769mdegC
1594508706:[PRESS ,0038]P     +4mbar,T+24695mdegC
1594508708:[BYPASS,0035]bypass opening 10000ms
1594508713:[BYPASS,0104]battery 15143mV,  320372uA (bypass opening), P     +4mbar
1594508728:[BYPASS,0106]battery 15145mV,  312198uA (bypass closing), P     +4mbar
1594508730:[PRESS ,0038]P    +14mbar,T -2769mdegC
1594508732:[PRESS ,0038]P     +4mbar,T+24695mdegC
1594508734:[PRESS ,0038]P    +14mbar,T -2769mdegC
1594508748:[PRESS ,0038]P    +14mbar,T+24695mdegC
1594508753:[PRESS ,0038]P    +14mbar,T -2769mdegC
1594508755:[PRESS ,0038]P     +4mbar,T+24695mdegC
1594508755:[BYPASS,0035]bypass opening 10000ms
1594508760:[BYPASS,0104]battery 15145mV,  320006uA (bypass opening), P     +4mbar
1594508775:[BYPASS,0106]battery 15145mV,  311954uA (bypass closing), P     +4mbar
1594508779:[PRESS ,0038]P    +14mbar,T-13378mdegC
1594508781:[PRESS ,0038]P     +4mbar,T+24695mdegC
1594508782:[PRESS ,0038]P     +4mbar,T -2769mdegC
1594508784:[PRESS ,0038]P     +4mbar,T+24695mdegC
1594508788:[PRESS ,0038]P     +4mbar,T -2769mdegC
1594508790:[PRESS ,0038]P     +4mbar,T+24695mdegC
1594508791:[PRESS ,0038]P    +14mbar,T -2769mdegC
1594508795:[PRESS ,0038]P     +4mbar,T+24695mdegC
1594508799:[PRESS ,0038]P     -6mbar,T -2769mdegC
1594508802:[PRESS ,0038]P     +4mbar,T-30234mdegC
1594508802:[BYPASS,0035]bypass opening 10000ms
1594508807:[BYPASS,0104]battery 15146mV,  316834uA (bypass opening), P     +4mbar
1594508822:[BYPASS,0106]battery 15145mV,  312442uA (bypass closing), P     +4mbar
1594508824:[PRESS ,0038]P     +4mbar,T -2769mdegC
1594508826:[PRESS ,0038]P    +14mbar,T-30234mdegC
1594508828:[PRESS ,0038]P    +14mbar,T -2769mdegC
1594508830:[PRESS ,0038]P     +4mbar,T+24695mdegC
1594508831:[PRESS ,0038]P    +14mbar,T -2769mdegC
1594508838:[PRESS ,0038]P     -6mbar,T+24695mdegC
1594508840:[PRESS ,0038]P     -6mbar,T -2769mdegC
1594508844:[PRESS ,0038]P     +4mbar,T-30234mdegC
1594508846:[PRESS ,0038]P     -6mbar,T+24695mdegC
1594508847:[PRESS ,0038]P     +4mbar,T -2769mdegC
1594508849:[PRESS ,0038]P     -6mbar,T-30234mdegC
1594508849:[BYPASS,0035]bypass opening 10000ms
1594508854:[BYPASS,0104]battery 15146mV,  319152uA (bypass opening), P     -6mbar
1594508869:[BYPASS,0106]battery 15145mV,  311710uA (bypass closing), P     -6mbar
1594508871:[PRESS ,0038]P     +4mbar,T -2769mdegC
1594508878:[PRESS ,0038]P     -6mbar,T+24695mdegC
1594508882:[PRESS ,0038]P     -6mbar,T -2769mdegC
1594508887:[PRESS ,0038]P     -6mbar,T+24695mdegC
1594508889:[PRESS ,0038]P     +4mbar,T-30234mdegC
1594508891:[PRESS ,0038]P     -6mbar,T+24695mdegC
1594508893:[PRESS ,0038]P     -6mbar,T -2769mdegC
1594508896:[BYPASS,0035]bypass opening 10000ms
1594508901:[BYPASS,0104]battery 15145mV,  319640uA (bypass opening), P     +4mbar
1594508916:[BYPASS,0106]battery 15145mV,  312320uA (bypass closing), P     +4mbar
1594508918:[PRESS ,0038]P     -6mbar,T+24695mdegC
1594508920:[PRESS ,0038]P    -16mbar,T -2769mdegC
1594508922:[PRESS ,0038]P     -6mbar,T+24695mdegC
1594508929:[PRESS ,0038]P     +4mbar,T -2769mdegC
1594508932:[PRESS ,0038]P     +4mbar,T-30234mdegC
1594508934:[PRESS ,0038]P     -6mbar,T -2769mdegC
1594508943:[PRESS ,0038]P     -6mbar,T+24695mdegC
1594508943:[BYPASS,0035]bypass opening 10000ms
1594508948:[BYPASS,0104]battery 15146mV,  318298uA (bypass opening), P     -6mbar
1594508963:[BYPASS,0106]battery 15146mV,  311100uA (bypass closing), P     -6mbar
1594508970:[PRESS ,0038]P     -6mbar,T -2769mdegC
1594508972:[PRESS ,0038]P     +4mbar,T-30234mdegC
1594508974:[PRESS ,0038]P     -6mbar,T+24695mdegC
1594508986:[PRESS ,0038]P     -6mbar,T -2769mdegC
1594508988:[PRESS ,0038]P     -6mbar,T+24695mdegC
1594508990:[BYPASS,0035]bypass opening 10000ms
1594508995:[BYPASS,0104]battery 15145mV,  319640uA (bypass opening), P     -6mbar
1594509010:[BYPASS,0106]battery 15145mV,  312564uA (bypass closing), P     -6mbar
1594509012:[PRESS ,0038]P     +4mbar,T -2769mdegC
1594509014:[PRESS ,0038]P     +4mbar,T+24695mdegC
1594509019:[PRESS ,0038]P    -16mbar,T -2769mdegC
1594509021:[PRESS ,0038]P     +4mbar,T+24695mdegC
1594509023:[PRESS ,0038]P     +4mbar,T -2769mdegC
1594509026:[PRESS ,0038]P     -6mbar,T+24695mdegC
1594509035:[PRESS ,0038]P     -6mbar,T -2769mdegC
1594509037:[PRESS ,0038]P     +4mbar,T+24695mdegC
1594509037:[BYPASS,0035]bypass opening 10000ms
1594509042:[BYPASS,0104]battery 15145mV,  320250uA (bypass opening), P     +4mbar
1594509057:[BYPASS,0106]battery 15146mV,  311344uA (bypass closing), P     +4mbar
1594509059:[PRESS ,0038]P    -16mbar,T -2769mdegC
1594509061:[PRESS ,0038]P     +4mbar,T+24695mdegC
1594509064:[PRESS ,0038]P     +4mbar,T -2769mdegC
1594509073:[PRESS ,0038]P     +4mbar,T+24695mdegC
1594509075:[PRESS ,0038]P     -6mbar,T -2769mdegC
1594509079:[PRESS ,0038]P     +4mbar,T-13378mdegC
1594509080:[PRESS ,0038]P     +4mbar,T+24695mdegC
1594509084:[BYPASS,0035]bypass opening 10000ms
1594509089:[BYPASS,0104]battery 15145mV,  320128uA (bypass opening), P     -6mbar
1594509104:[BYPASS,0106]battery 15145mV,  312076uA (bypass closing), P     -6mbar
1594509109:[PRESS ,0038]P     -6mbar,T-30234mdegC
1594509111:[PRESS ,0038]P     +4mbar,T+24695mdegC
1594509113:[PRESS ,0038]P     -6mbar,T -2769mdegC
1594509115:[PRESS ,0038]P     +4mbar,T+24695mdegC
1594509117:[PRESS ,0038]P     +4mbar,T -2769mdegC
1594509118:[PRESS ,0038]P     +4mbar,T+24695mdegC
1594509122:[PRESS ,0038]P     -6mbar,T -2769mdegC
1594509124:[PRESS ,0038]P     +4mbar,T-30234mdegC
1594509126:[PRESS ,0038]P     +4mbar,T+24695mdegC
1594509131:[PRESS ,0038]P     -6mbar,T -2769mdegC
1594509131:[BYPASS,0035]bypass opening 10000ms
1594509136:[BYPASS,0104]battery 15145mV,  319152uA (bypass opening), P     -6mbar
1594509151:[BYPASS,0106]battery 15146mV,  311100uA (bypass closing), P     -6mbar
1594509153:[PRESS ,0038]P     -6mbar,T+24695mdegC
1594509155:[PRESS ,0038]P     +4mbar,T-30234mdegC
1594509156:[PRESS ,0038]P     -6mbar,T+24695mdegC
1594509158:[PRESS ,0038]P     +4mbar,T-30234mdegC
1594509160:[PRESS ,0038]P     -6mbar,T+24695mdegC
1594509164:[PRESS ,0038]P     -6mbar,T -2769mdegC
1594509169:[PRESS ,0038]P     -6mbar,T+24695mdegC
1594509171:[PRESS ,0038]P     -6mbar,T-30234mdegC
1594509173:[PRESS ,0038]P     -6mbar,T+24695mdegC
1594509174:[PRESS ,0038]P     +4mbar,T -2769mdegC
1594509176:[PRESS ,0038]P     +4mbar,T+24695mdegC
1594509178:[BYPASS,0035]bypass opening 10000ms
1594509183:[BYPASS,0104]battery 15145mV,  320372uA (bypass opening), P     -6mbar
1594509198:[BYPASS,0106]battery 15145mV,  311954uA (bypass closing), P     -6mbar
1594509200:[PRESS ,0038]P     -6mbar,T -2769mdegC
1594509202:[PRESS ,0038]P     +4mbar,T-30234mdegC
1594509204:[PRESS ,0038]P     -6mbar,T -2769mdegC
1594509205:[PRESS ,0038]P     +4mbar,T+24695mdegC
1594509209:[PRESS ,0038]P    +14mbar,T -2769mdegC
1594509211:[PRESS ,0038]P     +4mbar,T+24695mdegC
1594509213:[PRESS ,0038]P     -6mbar,T -2769mdegC
1594509218:[PRESS ,0038]P     -6mbar,T+24695mdegC
1594509220:[PRESS ,0038]P     +4mbar,T -2769mdegC
1594509225:[PRESS ,0038]P     -6mbar,T+24695mdegC
1594509225:[BYPASS,0035]bypass opening 10000ms
1594509230:[BYPASS,0104]battery 15147mV,  316956uA (bypass opening), P     -6mbar
1594509245:[BYPASS,0106]battery 15145mV,  312686uA (bypass closing), P     -6mbar
1594509249:[PRESS ,0038]P    -16mbar,T -2769mdegC
1594509256:[PRESS ,0038]P     +4mbar,T+24695mdegC
1594509261:[PRESS ,0038]P     -6mbar,T -2769mdegC
1594509263:[PRESS ,0038]P     -6mbar,T+24695mdegC
1594509267:[PRESS ,0038]P     -6mbar,T -2769mdegC
1594509268:[PRESS ,0038]P     +4mbar,T+24695mdegC
1594509270:[PRESS ,0038]P     +4mbar,T-30234mdegC
1594509272:[PRESS ,0038]P     +4mbar,T+24695mdegC
1594509272:[BYPASS,0035]bypass opening 10000ms
1594509277:[BYPASS,0104]battery 15146mV,  318420uA (bypass opening), P     +4mbar
1594509292:[BYPASS,0106]battery 15146mV,  311100uA (bypass closing), P     +4mbar
1594509294:[PRESS ,0038]P     +4mbar,T -2769mdegC
1594509296:[PRESS ,0038]P     +4mbar,T+24695mdegC
1594509298:[PRESS ,0038]P     -6mbar,T -2769mdegC
1594509299:[PRESS ,0038]P     +4mbar,T+24695mdegC
1594509305:[PRESS ,0038]P     +4mbar,T -2769mdegC
1594509310:[PRESS ,0038]P     -6mbar,T+24695mdegC
1594509314:[PRESS ,0038]P     -6mbar,T -2769mdegC
1594509315:[PRESS ,0038]P     +4mbar,T-30234mdegC
1594509317:[PRESS ,0038]P     -6mbar,T -2769mdegC
1594509319:[PRESS ,0038]P     -6mbar,T+24695mdegC
1594509319:[BYPASS,0035]bypass opening 10000ms
1594509324:[BYPASS,0104]battery 15145mV,  321104uA (bypass opening), P     -6mbar
1594509339:[BYPASS,0106]battery 15145mV,  312320uA (bypass closing), P     -6mbar
1594509341:[PRESS ,0038]P     +4mbar,T -2769mdegC
1594509343:[PRESS ,0038]P     +4mbar,T+24695mdegC
1594509352:[PRESS ,0038]P     -6mbar,T -2769mdegC
1594509357:[PRESS ,0038]P     +4mbar,T+24695mdegC
1594509361:[PRESS ,0038]P     +4mbar,T -2769mdegC
1594509362:[PRESS ,0038]P     -6mbar,T+24695mdegC
1594509364:[PRESS ,0038]P     +4mbar,T -2769mdegC
1594509366:[PRESS ,0038]P     +4mbar,T-30234mdegC
1594509366:[BYPASS,0035]bypass opening 10000ms
1594509371:[BYPASS,0104]battery 15145mV,  321470uA (bypass opening), P     +4mbar
1594509386:[BYPASS,0106]battery 15146mV,  311588uA (bypass closing), P     +4mbar
1594509388:[PRESS ,0038]P     -6mbar,T+24695mdegC
1594509393:[PRESS ,0038]P     +4mbar,T -2769mdegC
1594509395:[PRESS ,0038]P     -6mbar,T+24695mdegC
1594509397:[PRESS ,0038]P     -6mbar,T -2769mdegC
1594509401:[PRESS ,0038]P     +4mbar,T+24695mdegC
1594509404:[PRESS ,0038]P     +4mbar,T-13378mdegC
1594509406:[PRESS ,0038]P     +4mbar,T+24695mdegC
1594509411:[PRESS ,0038]P     -6mbar,T-30234mdegC
1594509413:[PRESS ,0038]P     -6mbar,T -2769mdegC
1594509413:[BYPASS,0035]bypass opening 10000ms
1594509418:[BYPASS,0104]battery 15146mV,  320250uA (bypass opening), P     -6mbar
1594509433:[BYPASS,0106]battery 15146mV,  311100uA (bypass closing), P     -6mbar
1594509435:[PRESS ,0038]P     +4mbar,T+24695mdegC
1594509437:[PRESS ,0038]P     +4mbar,T -2769mdegC
1594509442:[PRESS ,0038]P     -6mbar,T+24695mdegC
1594509448:[PRESS ,0038]P     +4mbar,T -2769mdegC
1594509453:[PRESS ,0038]P     -6mbar,T+24695mdegC
1594509458:[PRESS ,0038]P     -6mbar,T-13378mdegC
1594509460:[PRESS ,0038]P     +4mbar,T -2769mdegC
1594509460:[BYPASS,0035]bypass opening 10000ms
1594509465:[BYPASS,0104]battery 15145mV,  320738uA (bypass opening), P     +4mbar
1594509480:[BYPASS,0106]battery 15146mV,  312564uA (bypass closing), P     +4mbar
1594509482:[PRESS ,0038]P     +4mbar,T+24695mdegC
1594509484:[PRESS ,0038]P     +4mbar,T -2769mdegC
1594509486:[PRESS ,0038]P     +4mbar,T+24695mdegC
1594509487:[PRESS ,0038]P     +4mbar,T -2769mdegC
1594509491:[PRESS ,0038]P     +4mbar,T+24695mdegC
1594509497:[PRESS ,0038]P     +4mbar,T -2769mdegC
1594509499:[PRESS ,0038]P     +4mbar,T+24695mdegC
1594509502:[PRESS ,0038]P     -6mbar,T -2769mdegC
1594509504:[PRESS ,0038]P     -6mbar,T-13378mdegC
1594509506:[PRESS ,0038]P     +4mbar,T+24695mdegC
1594509509:[BYPASS,0035]bypass opening 10000ms
1594509514:[BYPASS,0104]battery 15146mV,  319762uA (bypass opening), P     +4mbar
1594509529:[BYPASS,0106]battery 15146mV,  311954uA (bypass closing), P     +4mbar
1594509531:[PRESS ,0038]P     -6mbar,T -2769mdegC
1594509534:[PRESS ,0038]P     -6mbar,T-13378mdegC
1594509538:[PRESS ,0038]P     +4mbar,T+24695mdegC
1594509541:[PRESS ,0038]P     +4mbar,T-13378mdegC
1594509543:[PRESS ,0038]P     +4mbar,T -2769mdegC
1594509545:[PRESS ,0038]P     -6mbar,T+24695mdegC
1594509549:[PRESS ,0038]P     +4mbar,T -2769mdegC
1594509552:[PRESS ,0038]P    +14mbar,T+24695mdegC
1594509554:[PRESS ,0038]P     +4mbar,T -2769mdegC
1594509556:[PRESS ,0038]P     -6mbar,T+24695mdegC
1594509556:[BYPASS,0035]bypass opening 10000ms
1594509561:[BYPASS,0104]battery 15146mV,  318786uA (bypass opening), P     -6mbar
1594509576:[BYPASS,0106]battery 15146mV,  311466uA (bypass closing), P     -6mbar
1594509578:[PRESS ,0038]P     -6mbar,T-13378mdegC
1594509581:[PRESS ,0038]P     -6mbar,T -2769mdegC
1594509587:[PRESS ,0038]P     +4mbar,T+24695mdegC
1594509594:[PRESS ,0038]P     +4mbar,T-13378mdegC
1594509596:[PRESS ,0038]P     +4mbar,T+24695mdegC
1594509599:[PRESS ,0038]P     -6mbar,T -2769mdegC
1594509601:[PRESS ,0038]P     +4mbar,T+24695mdegC
1594509603:[PRESS ,0038]P     +4mbar,T -2769mdegC
1594509603:[BYPASS,0035]bypass opening 10000ms
1594509608:[BYPASS,0104]battery 15146mV,  321470uA (bypass opening), P     +4mbar
1594509623:[BYPASS,0106]battery 15146mV,  312320uA (bypass closing), P     +4mbar
1594509625:[PRESS ,0038]P     +4mbar,T+24695mdegC
1594509628:[PRESS ,0038]P     -6mbar,T -2769mdegC
1594509630:[PRESS ,0038]P     +4mbar,T+24695mdegC
1594509632:[PRESS ,0038]P     +4mbar,T -2769mdegC
1594509639:[PRESS ,0038]P     +4mbar,T+24695mdegC
1594509643:[PRESS ,0038]P     +4mbar,T -2769mdegC
1594509644:[PRESS ,0038]P     -6mbar,T+24695mdegC
1594509646:[PRESS ,0038]P     +4mbar,T -2769mdegC
1594509650:[BYPASS,0035]bypass opening 10000ms
1594509655:[BYPASS,0104]battery 15146mV,  320494uA (bypass opening), P     +4mbar
1594509670:[BYPASS,0106]battery 15147mV,  311344uA (bypass closing), P     +4mbar
1594509677:[PRESS ,0038]P     +4mbar,T+24695mdegC
1594509682:[PRESS ,0038]P     -6mbar,T -2769mdegC
1594509684:[PRESS ,0038]P     -6mbar,T+24695mdegC
1594509686:[PRESS ,0038]P     +4mbar,T-30234mdegC
1594509688:[PRESS ,0038]P     +4mbar,T -2769mdegC
1594509691:[PRESS ,0038]P     -6mbar,T+24695mdegC
1594509693:[PRESS ,0038]P     -6mbar,T -2769mdegC
1594509695:[PRESS ,0038]P    +24mbar,T+24695mdegC
1594509697:[BYPASS,0035]bypass opening 10000ms
1594509702:[BYPASS,0104]battery 15145mV,  322080uA (bypass opening), P     +4mbar
1594509717:[BYPASS,0106]battery 15146mV,  312564uA (bypass closing), P     +4mbar
1594509719:[PRESS ,0038]P    +14mbar,T -2769mdegC
1594509724:[PRESS ,0038]P    +14mbar,T+24695mdegC
1594509729:[PRESS ,0038]P     -6mbar,T-30234mdegC
1594509731:[PRESS ,0038]P     +4mbar,T -2769mdegC
1594509736:[PRESS ,0038]P     +4mbar,T+24695mdegC
1594509738:[PRESS ,0038]P     -6mbar,T -2769mdegC
1594509740:[PRESS ,0038]P     +4mbar,T+24695mdegC
1594509744:[PRESS ,0038]P     -6mbar,T-30234mdegC
1594509744:[BYPASS,0035]bypass opening 10000ms
1594509749:[BYPASS,0104]battery 15146mV,  319030uA (bypass opening), P     -6mbar
1594509764:[BYPASS,0106]battery 15147mV,  311100uA (bypass closing), P     -6mbar
1594509766:[PRESS ,0038]P     +4mbar,T+24695mdegC
1594509773:[PRESS ,0038]P     -6mbar,T -2769mdegC
1594509782:[PRESS ,0038]P     +4mbar,T+24695mdegC
1594509787:[PRESS ,0038]P    +14mbar,T -2769mdegC
1594509789:[PRESS ,0038]P    +14mbar,T+24695mdegC
1594509791:[PRESS ,0038]P    +14mbar,T -2769mdegC
1594509791:[BYPASS,0035]bypass opening 10000ms
1594509796:[BYPASS,0104]battery 15146mV,  320982uA (bypass opening), P    +14mbar
1594509811:[BYPASS,0106]battery 15146mV,  312564uA (bypass closing), P    +14mbar
1594509813:[PRESS ,0038]P    +14mbar,T+24695mdegC
1594509814:[PRESS ,0038]P     -6mbar,T -2769mdegC
1594509816:[PRESS ,0038]P     +4mbar,T+24695mdegC
1594509818:[PRESS ,0038]P     +4mbar,T-30234mdegC
1594509822:[PRESS ,0038]P     +4mbar,T -2769mdegC
1594509825:[PRESS ,0038]P    +14mbar,T+24695mdegC
1594509827:[PRESS ,0038]P    +14mbar,T -2769mdegC
1594509832:[PRESS ,0038]P    +14mbar,T+24695mdegC
1594509834:[PRESS ,0038]P     +4mbar,T -2769mdegC
1594509836:[PRESS ,0038]P     +4mbar,T+24695mdegC
1594509838:[PRESS ,0038]P    +14mbar,T -2769mdegC
1594509838:[BYPASS,0035]bypass opening 10000ms
1594509843:[BYPASS,0104]battery 15146mV,  320372uA (bypass opening), P    +14mbar
1594509858:[BYPASS,0106]battery 15146mV,  311954uA (bypass closing), P    +14mbar
1594509861:[PRESS ,0038]P     +4mbar,T+24695mdegC
1594509863:[PRESS ,0038]P     +4mbar,T-30234mdegC
1594509865:[PRESS ,0038]P    +14mbar,T+24695mdegC
1594509869:[PRESS ,0038]P     -6mbar,T -2769mdegC
1594509870:[PRESS ,0038]P     +4mbar,T+24695mdegC
1594509872:[PRESS ,0038]P    +24mbar,T -2769mdegC
1594509881:[PRESS ,0038]P    +14mbar,T+24695mdegC
1594509885:[BYPASS,0035]bypass opening 10000ms
1594509890:[BYPASS,0104]battery 15147mV,  318542uA (bypass opening), P    +24mbar
1594509905:[BYPASS,0106]battery 15147mV,  311832uA (bypass closing), P    +24mbar
1594509908:[PRESS ,0038]P     -6mbar,T -2769mdegC
1594509917:[PRESS ,0038]P     +4mbar,T+24695mdegC
1594509919:[PRESS ,0038]P    +14mbar,T-13378mdegC
1594509921:[PRESS ,0038]P    +14mbar,T -2769mdegC
1594509923:[PRESS ,0038]P     +4mbar,T+24695mdegC
1594509925:[PRESS ,0038]P    +14mbar,T -2769mdegC
1594509928:[PRESS ,0038]P    +14mbar,T+24695mdegC
1594509930:[PRESS ,0038]P     +4mbar,T-30234mdegC
1594509932:[PRESS ,0038]P     +4mbar,T+24695mdegC
1594509932:<ERR>[DIVING,0229]still at 4mbar (+0mbar/s) after 129 bypass done in 128 loop rounds
1594509932:<ERR>[SOS   ,0199]TRIGGERED BY src/diving.c@111
1594509932:<ERR>[SOS   ,0153]REBOOT
