1594471583:[MAIN  ,0007]buoy 452.120-R-0065
1594471583:[MAIN  ,0055]soft pilotage 452.012.300_V2.21-20200701
1594471583:[MAIN  ,0010]cycle 2
1594471583:[SURF  ,0225]surface2
1594471605:[SURF  ,0022]GPS fix...
1594471626:[SURF  ,0015]10 PPS detected...
1594471627:[MRMAID,0052]Mermaid $GPSACK:+0,+0,+0,+0,+0,+0,-30;
1594471637:[MRMAID,0052]Mermaid $GPSOFF:3686323;
1594471637:[GPSFIX,0179]-1s diff
1594471638:[SURF  ,0222]2020-07-11T12:47:18
1594471638:[SURF  ,0082]Latitude : N43deg40.937mn, Longitude :E007deg19.179mn
1594471638:[SURF  ,0223]fix3D,9satellites
1594471638:[SURF  ,0084]GPS fix GPGSA : hdop0.660,vdop0.980
1594471648:[SURF  ,0025]Iridium...
1594471688:[SURF  ,0009]connected in 40s, signal quality 5
1594471725:<WARN>[SURF  ,0071]timeout
1594471725:<WARN>[SURF  ,0056]peer mute
1594471730:[SURF  ,0014]disconnected after 82s
1594471735:[SURFIN,0020]filling external bladder
1594471743:[PUMP  ,0207]battery 15220mV,   36478uA (warmup), P   +110mbar
1594471743:[PUMP  ,0016]pump during 300000ms
1594471750:[PUMP  ,0212]battery 14821mV,  927444uA (steady state), P   +110mbar
1594471752:[SURFIN,0019]external bladder full
1594471752:[SURF  ,0069]transfer interrupted , retry
1594471766:[SURF  ,0022]GPS fix...
1594471787:[SURF  ,0015]10 PPS detected...
1594471788:[MRMAID,0052]Mermaid $GPSACK:+0,+0,+0,+0,+0,+0,-30;
1594471798:[MRMAID,0052]Mermaid $GPSOFF:3686323;
1594471799:[GPSFIX,0179]-1s diff
1594471800:[SURF  ,0222]2020-07-11T12:50:00
1594471800:[SURF  ,0082]Latitude : N43deg40.940mn, Longitude :E007deg19.179mn
1594471800:[SURF  ,0223]fix3D,9satellites
1594471800:[SURF  ,0084]GPS fix GPGSA : hdop0.690,vdop1.160
1594471810:[SURF  ,0025]Iridium...
1594471845:[SURF  ,0009]connected in 35s, signal quality 5
1594471927:[SURF  ,0218]prompt received, remote cmd end
1594471927:[SURF  ,0012]16 cmd(s) received
1594471951:[UPLOAD,0248]Upload data files...
1594472137:[UPLOAD,0231]"0065/5F09B452.MER" uploaded at 150bytes/s
1594472237:[UPLOAD,0231]"0065/5F0998A4.BIN" uploaded at 133bytes/s
1594472253:[MAIN  ,0013]2 file(s) uploaded
1594472284:[SURF  ,0014]disconnected after 474s
1594472289:[SURFIN,0020]filling external bladder
1594472292:[SURFIN,0019]external bladder full
1594472292:[SURF  ,0227]1st complete transfer
1594472308:[SURF  ,0022]GPS fix...
1594472328:[SURF  ,0015]10 PPS detected...
1594472329:[MRMAID,0052]Mermaid $GPSACK:+0,+0,+0,+0,+0,+1,-999969;
1594472339:[MRMAID,0052]Mermaid $GPSOFF:3686322;
1594472339:[GPSFIX,0179]-1s diff
1594472340:[SURF  ,0222]2020-07-11T12:59:00
1594472340:[SURF  ,0082]Latitude : N43deg40.938mn, Longitude :E007deg19.177mn
1594472340:[SURF  ,0223]fix3D,10satellites
1594472340:[SURF  ,0084]GPS fix GPGSA : hdop0.650,vdop1.150
1594472357:[MAIN  ,0024]internal pressure 80860Pa
1594472358:[BYCMD ,0107]    FreeRTOS V8.2.3
1594472358:[BYCMD ,0108]    FatFS v11a
1594472358:[BYCMD ,0120]    bypass 10000ms 60000ms (20000ms 60000ms stored)
1594472358:[BYCMD ,0121]    valve 60000ms 12750 (60000ms 12750 stored)
1594472358:[BYCMD ,0122]    pump 60000ms 30% 10750 80% (60000ms 30% 10750 80% stored)
1594472358:[BYCMD ,0123]    rate 2mbar/s (2mbar/s stored)
1594472358:[BYCMD ,0124]    surface 500mbar (500mbar stored)
1594472358:[BYCMD ,0125]    near 1500mbar 3mbar/s (15000mbar 3mbar/s stored)
1594472358:[BYCMD ,0126]    far 2500mbar 4mbar/s (25000mbar 4mbar/s stored)
1594472358:[BYCMD ,0127]    ascent 8mbar/s (8mbar/s stored)
1594472358:[BYCMD ,0128]    dead 60s (300s stored)
1594472358:[BYCMD ,0129]    coeff 16/10 (16/10 stored)
1594472358:[BYCMD ,0130]    stab 10 (10 stored)
1594472358:[BYCMD ,0131]    delay 900s 3600s (900s 3600s stored)
1594472358:[BYCMD ,0132]    mmtime 2880min (2880min stored)
1594472358:[BYCMD ,0133]    dv_landing 100ml (100ml stored)
1594472358:[MKDCMD,0150]    p2t37: 15x2000ms, offset 111mbar
1594472358:[P2TCMD,0151]    p2t37: dp 50mbar, dt 5000mdegC
1594472359:[STAGE ,0080]Stage [0] 5000mbar (+/-500mbar) 1800s (<1800s) 
1594472359:[STAGE ,0080]Stage [1] 5000mbar (+/-500mbar) 1800s (<3600s) MERMAID
1594472359:[MAIN  ,0070]turn off bluetooth
1594472361:[PRESS ,0038]P    -11mbar,T-13378mdegC
1594472365:[PRESS ,0038]P    -21mbar,T+24695mdegC
1594472370:[PRESS ,0038]P    -11mbar,T-13378mdegC
1594472372:[PRESS ,0038]P    -21mbar,T+24695mdegC
1594472376:[PRESS ,0038]P    -11mbar,T-13378mdegC
1594472377:[PRESS ,0038]P    -11mbar,T+24695mdegC
1594472386:[DIVING,0141]diving from -1mbar, +0mbar/s
1594472386:[BYPASS,0035]bypass opening 60000ms
1594472391:[BYPASS,0104]battery 15028mV,  327082uA (bypass opening), P     -1mbar
1594472456:[BYPASS,0106]battery 15056mV,  328180uA (bypass closing), P     -1mbar
1594472458:[PRESS ,0038]P   -131mbar,T-13378mdegC
1594472460:[PRESS ,0038]P   -121mbar,T+24695mdegC
1594472462:[PRESS ,0038]P   -111mbar,T -2769mdegC
1594472465:[PRESS ,0038]P   -101mbar,T-13378mdegC
1594472467:[PRESS ,0038]P   -111mbar,T+24695mdegC
1594472471:[PRESS ,0038]P   -101mbar,T -2769mdegC
1594472473:[PRESS ,0038]P   -111mbar,T+24695mdegC
1594472481:[PRESS ,0038]P   -101mbar,T-13378mdegC
1594472483:[PRESS ,0038]P   -111mbar,T -2769mdegC
1594472483:[BYPASS,0035]bypass opening 10000ms
1594472488:[BYPASS,0104]battery 15065mV,  327082uA (bypass opening), P   -111mbar
1594472503:[BYPASS,0106]battery 15062mV,  325740uA (bypass closing), P   -111mbar
1594472505:[PRESS ,0038]P   -121mbar,T+24695mdegC
1594472516:[PRESS ,0038]P   -121mbar,T -2769mdegC
1594472519:[PRESS ,0038]P   -111mbar,T+24695mdegC
1594472523:[PRESS ,0038]P   -121mbar,T -2769mdegC
1594472528:[PRESS ,0038]P   -121mbar,T-13378mdegC
1594472530:[PRESS ,0038]P   -131mbar,T+24695mdegC
1594472530:[BYPASS,0035]bypass opening 10000ms
1594472535:[BYPASS,0104]battery 15068mV,  327692uA (bypass opening), P   -131mbar
1594472550:[BYPASS,0106]battery 15067mV,  325740uA (bypass closing), P   -131mbar
1594472559:[PRESS ,0038]P   -121mbar,T -2769mdegC
1594472563:[PRESS ,0038]P   -121mbar,T+24695mdegC
1594472568:[PRESS ,0038]P   -121mbar,T-13378mdegC
1594472570:[PRESS ,0038]P   -121mbar,T -2769mdegC
1594472575:[PRESS ,0038]P   -121mbar,T-13378mdegC
1594472577:[PRESS ,0038]P   -121mbar,T+24695mdegC
1594472577:[BYPASS,0035]bypass opening 10000ms
1594472582:[BYPASS,0104]battery 15071mV,  323666uA (bypass opening), P   -121mbar
1594472597:[BYPASS,0106]battery 15071mV,  324764uA (bypass closing), P   -121mbar
1594472601:[PRESS ,0038]P   -101mbar,T-13378mdegC
1594472603:[PRESS ,0038]P   -101mbar,T-30234mdegC
1594472604:[PRESS ,0038]P   -101mbar,T+24695mdegC
1594472606:[PRESS ,0038]P   -101mbar,T -2769mdegC
1594472608:[PRESS ,0038]P   -111mbar,T+24695mdegC
1594472613:[PRESS ,0038]P   -111mbar,T-13378mdegC
1594472615:[PRESS ,0038]P   -111mbar,T+24695mdegC
1594472617:[PRESS ,0038]P   -101mbar,T -2769mdegC
1594472622:[PRESS ,0038]P   -101mbar,T+24695mdegC
1594472624:[PRESS ,0038]P   -111mbar,T -2769mdegC
1594472624:[BYPASS,0035]bypass opening 10000ms
1594472629:[BYPASS,0104]battery 15075mV,  323666uA (bypass opening), P   -111mbar
1594472644:[BYPASS,0106]battery 15073mV,  324520uA (bypass closing), P   -111mbar
1594472646:[PRESS ,0038]P   -111mbar,T+24695mdegC
1594472660:[PRESS ,0038]P   -101mbar,T -2769mdegC
1594472662:[PRESS ,0038]P   -111mbar,T+24695mdegC
1594472666:[PRESS ,0038]P   -111mbar,T -2769mdegC
1594472669:[PRESS ,0038]P   -111mbar,T+24695mdegC
1594472671:[BYPASS,0035]bypass opening 10000ms
1594472676:[BYPASS,0104]battery 15080mV,  325984uA (bypass opening), P   -111mbar
1594472691:[BYPASS,0106]battery 15077mV,  323788uA (bypass closing), P   -111mbar
1594472698:[PRESS ,0038]P   -101mbar,T -2769mdegC
1594472700:[PRESS ,0038]P   -101mbar,T+24695mdegC
1594472704:[PRESS ,0038]P   -101mbar,T-13378mdegC
1594472705:[PRESS ,0038]P   -101mbar,T+24695mdegC
1594472707:[PRESS ,0038]P   -101mbar,T -2769mdegC
1594472709:[PRESS ,0038]P   -111mbar,T+24695mdegC
1594472718:[BYPASS,0035]bypass opening 10000ms
1594472723:[BYPASS,0104]battery 15082mV,  323300uA (bypass opening), P   -111mbar
1594472738:[BYPASS,0106]battery 15080mV,  322080uA (bypass closing), P   -111mbar
1594472740:[PRESS ,0038]P    -81mbar,T -2769mdegC
1594472742:[PRESS ,0038]P    -81mbar,T+24695mdegC
1594472749:[PRESS ,0038]P   -101mbar,T -2769mdegC
1594472752:[PRESS ,0038]P   -101mbar,T+24695mdegC
1594472756:[PRESS ,0038]P   -101mbar,T -2769mdegC
1594472758:[PRESS ,0038]P    -81mbar,T-13378mdegC
1594472759:[PRESS ,0038]P   -101mbar,T+24695mdegC
1594472765:[BYPASS,0035]bypass opening 10000ms
1594472770:[BYPASS,0104]battery 15083mV,  326838uA (bypass opening), P   -101mbar
1594472785:[BYPASS,0106]battery 15082mV,  323056uA (bypass closing), P   -101mbar
1594472788:[PRESS ,0038]P    -81mbar,T-13378mdegC
1594472790:[PRESS ,0038]P    -61mbar,T -2769mdegC
1594472792:[PRESS ,0038]P    -71mbar,T-13378mdegC
1594472794:[PRESS ,0038]P    -61mbar,T -2769mdegC
1594472796:[PRESS ,0038]P    -61mbar,T+24695mdegC
1594472799:[PRESS ,0038]P    -51mbar,T -2769mdegC
1594472801:[PRESS ,0038]P    -51mbar,T+24695mdegC
1594472803:[PRESS ,0038]P    -51mbar,T -2769mdegC
1594472806:[PRESS ,0038]P    -41mbar,T+24695mdegC
1594472810:[PRESS ,0038]P    -21mbar,T -2769mdegC
1594472812:[PRESS ,0038]P    -21mbar,T+24695mdegC
1594472815:[PRESS ,0038]P    -11mbar,T-13378mdegC
1594472817:[PRESS ,0038]P     -1mbar,T -2769mdegC
1594472820:[PRESS ,0038]P     -1mbar,T-13378mdegC
1594472823:[PRESS ,0038]P    +19mbar,T+24695mdegC
1594472826:[PRESS ,0038]P    +19mbar,T -2769mdegC
1594472829:[PRESS ,0038]P    +39mbar,T+24695mdegC
1594472834:[PRESS ,0038]P    +59mbar,T -2769mdegC
1594472837:[PRESS ,0038]P    +69mbar,T+24695mdegC
1594472856:[PRESS ,0038]P   +129mbar,T+24695mdegC
1594472862:[PRESS ,0038]P   +149mbar,T -2769mdegC
1594472865:[PRESS ,0038]P   +159mbar,T+24695mdegC
1594472873:[PRESS ,0038]P   +189mbar,T -2769mdegC
1594472876:[PRESS ,0038]P   +189mbar,T-13378mdegC
1594472879:[PRESS ,0038]P   +199mbar,T -2769mdegC
1594472884:[PRESS ,0038]P   +219mbar,T-30234mdegC
1594472887:[PRESS ,0038]P   +219mbar,T -2769mdegC
1594472895:[PRESS ,0038]P   +249mbar,T+24695mdegC
1594472901:[PRESS ,0038]P   +279mbar,T -2769mdegC
1594472904:[PRESS ,0038]P   +289mbar,T+24695mdegC
1594472907:[PRESS ,0038]P   +309mbar,T -2769mdegC
1594472909:[PRESS ,0038]P   +309mbar,T+24695mdegC
1594472923:[PRESS ,0038]P   +369mbar,T+24695mdegC
1594472929:[PRESS ,0038]P   +389mbar,T -2769mdegC
1594472934:[PRESS ,0038]P   +409mbar,T+24695mdegC
1594472937:[PRESS ,0038]P   +419mbar,T -2769mdegC
1594472943:[PRESS ,0038]P   +429mbar,T+24695mdegC
1594472959:[PRESS ,0038]P   +479mbar,T -2769mdegC
1594472968:[PRESS ,0038]P   +499mbar,T-13378mdegC
1594472971:[PRESS ,0038]P   +509mbar,T+24695mdegC
1594472972:[DIVING,0028]509mbar reached (+3mbar/s), 8 bypass done
1594472973:[MAIN  ,0056]stage[0]
1594472975:[MAIN  ,0024]internal pressure 83946Pa
1594472976:[PRESS ,0038]P   +519mbar,T -2769mdegC
1594472976:[BUOY  ,0037]P   +519mbar
1594472976:[STAGE ,0080]Stage [0] 5000mbar (+/-500mbar) 1800s (<1594474772s) 
1594472978:[PRESS ,0038]P   +519mbar,T+24695mdegC
1594473038:[PRESS ,0038]P   +589mbar,T+24695mdegC
1594473042:[PRESS ,0038]P   +589mbar,T-13378mdegC
1594473046:[PRESS ,0038]P   +609mbar,T+24695mdegC
1594473055:[PRESS ,0038]P   +609mbar,T -2769mdegC
1594473058:[PRESS ,0038]P   +619mbar,T-13378mdegC
1594473060:[PRESS ,0038]P   +629mbar,T+24695mdegC
1594473062:[PRESS ,0038]P   +629mbar,T -2769mdegC
1594473063:[PRESS ,0038]P   +629mbar,T+24695mdegC
1594473064:[BUOY  ,0087]from +1mbar/s to +4mbar/s
1594473064:[BUOY  ,0090]need to transfer -24mL (valve during 12240ms)
1594473064:[VALVE ,0034]valve opening 12240ms
1594473076:[VALVE ,0234]battery 15055mV,  529358uA, P   +629mbar
1594473124:[PRESS ,0038]P   +769mbar,T+24695mdegC
1594473130:[PRESS ,0038]P   +769mbar,T-13378mdegC
1594473132:[PRESS ,0038]P   +779mbar,T+24695mdegC
1594473133:[PRESS ,0038]P   +779mbar,T+14084mdegC
1594473135:[PRESS ,0038]P   +789mbar,T -2769mdegC
1594473137:[PRESS ,0038]P   +789mbar,T-13378mdegC
1594473141:[PRESS ,0038]P   +779mbar,T+24695mdegC
1594473146:[PRESS ,0038]P   +809mbar,T-13378mdegC
1594473149:[PRESS ,0038]P   +819mbar,T+14084mdegC
1594473149:[BUOY  ,0087]from +2mbar/s to +4mbar/s
1594473150:[BUOY  ,0090]need to transfer -20mL (valve during 9107ms)
1594473150:[VALVE ,0034]valve opening 9107ms
1594473159:[VALVE ,0234]battery 15045mV,  523990uA, P   +819mbar
1594473210:[PRESS ,0038]P   +999mbar,T-13378mdegC
1594473214:[PRESS ,0038]P   +999mbar,T+24695mdegC
1594473216:[PRESS ,0038]P  +1009mbar,T-13378mdegC
1594473219:[PRESS ,0038]P  +1029mbar,T+24695mdegC
1594473221:[PRESS ,0038]P  +1039mbar,T-13378mdegC
1594473225:[PRESS ,0038]P  +1059mbar,T+24695mdegC
1594473226:[PRESS ,0038]P  +1079mbar,T-13378mdegC
1594473232:[PRESS ,0038]P  +1109mbar,T+24695mdegC
1594473235:[PRESS ,0038]P  +1119mbar,T-13378mdegC
1594473296:[PRESS ,0038]P  +1389mbar,T-13378mdegC
1594473301:[PRESS ,0038]P  +1419mbar,T+24695mdegC
1594473307:[PRESS ,0038]P  +1429mbar,T-13378mdegC
1594473309:[PRESS ,0038]P  +1449mbar,T+24695mdegC
1594473310:[PRESS ,0038]P  +1439mbar,T -2769mdegC
1594473312:[PRESS ,0038]P  +1459mbar,T+24695mdegC
1594473317:[PRESS ,0038]P  +1459mbar,T-13378mdegC
1594473319:[PRESS ,0038]P  +1469mbar,T+24695mdegC
1594473321:[PRESS ,0038]P  +1469mbar,T-13378mdegC
1594473382:[PRESS ,0038]P  +1539mbar,T+24695mdegC
1594473384:[PRESS ,0038]P  +1529mbar,T-13378mdegC
1594473387:[PRESS ,0038]P  +1529mbar,T+24695mdegC
1594473389:[PRESS ,0038]P  +1539mbar,T-13378mdegC
1594473396:[PRESS ,0038]P  +1549mbar,T+24695mdegC
1594473398:[PRESS ,0038]P  +1539mbar,T-13378mdegC
1594473401:[PRESS ,0038]P  +1549mbar,T+24695mdegC
1594473405:[PRESS ,0038]P  +1549mbar,T-13378mdegC
1594473407:[PRESS ,0038]P  +1559mbar,T+24695mdegC
1594473407:[BUOY  ,0087]from +1mbar/s to +4mbar/s
1594473407:[BUOY  ,0090]need to transfer -24mL (valve during 7846ms)
1594473407:[VALVE ,0034]valve opening 7846ms
1594473415:[VALVE ,0234]battery 15067mV,  529236uA, P  +1559mbar
1594473468:[PRESS ,0038]P  +1619mbar,T-13378mdegC
1594473469:[PRESS ,0038]P  +1629mbar,T+24695mdegC
1594473473:[PRESS ,0038]P  +1619mbar,T-13378mdegC
1594473477:[PRESS ,0038]P  +1629mbar,T+14084mdegC
1594473478:[PRESS ,0038]P  +1639mbar,T+24695mdegC
1594473482:[PRESS ,0038]P  +1629mbar,T-13378mdegC
1594473487:[PRESS ,0038]P  +1659mbar,T+24695mdegC
1594473491:[PRESS ,0038]P  +1659mbar,T-13378mdegC
1594473493:[PRESS ,0038]P  +1659mbar,T+24695mdegC
1594473493:[BUOY  ,0087]from +2mbar/s to +4mbar/s
1594473493:[BUOY  ,0090]need to transfer -20mL (valve during 6375ms)
1594473493:[VALVE ,0034]valve opening 6375ms
1594473499:[VALVE ,0234]battery 15062mV,  526430uA, P  +1659mbar
1594473554:[PRESS ,0038]P  +1799mbar,T+24695mdegC
1594473561:[PRESS ,0038]P  +1829mbar,T-13378mdegC
1594473563:[PRESS ,0038]P  +1829mbar,T+24695mdegC
1594473564:[PRESS ,0038]P  +1839mbar,T-13378mdegC
1594473566:[PRESS ,0038]P  +1839mbar,T -2769mdegC
1594473568:[PRESS ,0038]P  +1849mbar,T-13378mdegC
1594473570:[PRESS ,0038]P  +1859mbar,T+24695mdegC
1594473572:[PRESS ,0038]P  +1859mbar,T-13378mdegC
1594473573:[PRESS ,0038]P  +1869mbar,T+24695mdegC
1594473575:[PRESS ,0038]P  +1869mbar,T-13378mdegC
1594473639:[PRESS ,0038]P  +2079mbar,T-13378mdegC
1594473643:[PRESS ,0038]P  +2089mbar,T+24695mdegC
1594473645:[PRESS ,0038]P  +2099mbar,T-13378mdegC
1594473648:[PRESS ,0038]P  +2109mbar,T+24695mdegC
1594473650:[PRESS ,0038]P  +2109mbar,T-13378mdegC
1594473657:[PRESS ,0038]P  +2129mbar,T+24695mdegC
1594473663:[PRESS ,0038]P  +2139mbar,T-13378mdegC
1594473664:[BUOY  ,0087]from +2mbar/s to +4mbar/s
1594473664:[BUOY  ,0090]need to transfer -20mL (valve during 5543ms)
1594473664:[VALVE ,0034]valve opening 5543ms
1594473670:[VALVE ,0234]battery 15071mV,  528138uA, P  +2139mbar
1594473725:[PRESS ,0038]P  +2399mbar,T-13378mdegC
1594473727:[PRESS ,0038]P  +2409mbar,T+24695mdegC
1594473729:[PRESS ,0038]P  +2419mbar,T+14084mdegC
1594473731:[PRESS ,0038]P  +2409mbar,T-13378mdegC
1594473736:[PRESS ,0038]P  +2419mbar,T+24695mdegC
1594473740:[PRESS ,0038]P  +2439mbar,T-13378mdegC
1594473741:[PRESS ,0038]P  +2449mbar,T+24695mdegC
1594473743:[PRESS ,0038]P  +2449mbar,T-13378mdegC
1594473749:[PRESS ,0038]P  +2469mbar,T -2769mdegC
1594473750:[PRESS ,0038]P  +2469mbar,T+24695mdegC
1594473811:[PRESS ,0038]P  +2609mbar,T-13378mdegC
1594473813:[PRESS ,0038]P  +2609mbar,T+24695mdegC
1594473815:[PRESS ,0038]P  +2609mbar,T-13378mdegC
1594473816:[PRESS ,0038]P  +2619mbar,T+24695mdegC
1594473818:[PRESS ,0038]P  +2629mbar,T-13378mdegC
1594473820:[PRESS ,0038]P  +2629mbar,T+24695mdegC
1594473824:[PRESS ,0038]P  +2659mbar,T+14084mdegC
1594473825:[PRESS ,0038]P  +2659mbar,T-13378mdegC
1594473829:[PRESS ,0038]P  +2679mbar,T+14084mdegC
1594473833:[PRESS ,0038]P  +2699mbar,T+24695mdegC
1594473834:[PRESS ,0038]P  +2709mbar,T-13378mdegC
1594473836:[PRESS ,0038]P  +2699mbar,T+14084mdegC
1594473897:[PRESS ,0038]P  +2899mbar,T+24695mdegC
1594473899:[PRESS ,0038]P  +2909mbar,T-13378mdegC
1594473908:[PRESS ,0038]P  +2899mbar,T+24695mdegC
1594473909:[PRESS ,0038]P  +2909mbar,T-13378mdegC
1594473911:[PRESS ,0038]P  +2909mbar,T+24695mdegC
1594473913:[PRESS ,0038]P  +2909mbar,T-13378mdegC
1594473922:<WARN>[BUOY  ,0094]stage[0] should DESCENT, stuck at 2909mbar for the #1 time
1594473922:[BUOY  ,0087]from +0mbar/s to +3mbar/s
1594473922:[BUOY  ,0090]need to transfer -14mL (valve during 3368ms)
1594473922:[VALVE ,0034]valve opening 3368ms
1594473925:[VALVE ,0234]battery 15082mV,  530944uA, P  +2909mbar
1594473983:[PRESS ,0038]P  +3139mbar,T-13378mdegC
1594473988:[PRESS ,0038]P  +3159mbar,T+14084mdegC
1594473990:[PRESS ,0038]P  +3169mbar,T-13378mdegC
1594473999:[PRESS ,0038]P  +3209mbar,T+14084mdegC
1594474001:[PRESS ,0038]P  +3229mbar,T+24695mdegC
1594474002:[PRESS ,0038]P  +3229mbar,T+14084mdegC
1594474004:[PRESS ,0038]P  +3239mbar,T-13378mdegC
1594474008:[PRESS ,0038]P  +3249mbar,T+14084mdegC
1594474068:[PRESS ,0038]P  +3559mbar,T+14084mdegC
1594474070:[PRESS ,0038]P  +3569mbar,T-13378mdegC
1594474074:[PRESS ,0038]P  +3579mbar,T+24695mdegC
1594474076:[PRESS ,0038]P  +3599mbar,T-13378mdegC
1594474081:[PRESS ,0038]P  +3609mbar,T+14084mdegC
1594474086:[PRESS ,0038]P  +3639mbar,T-13378mdegC
1594474088:[PRESS ,0038]P  +3639mbar,T+14084mdegC
1594474090:[PRESS ,0038]P  +3649mbar,T-13378mdegC
1594474093:[BUOY  ,0087]from +4mbar/s to +2mbar/s
1594474093:[BUOY  ,0089]need to transfer +20mL (pump during 24272ms)
1594474102:[PUMP  ,0207]battery 15365mV,   37454uA (warmup), P  +3659mbar
1594474102:[PUMP  ,0016]pump during 24272ms
1594474126:[PUMP  ,0212]battery 15190mV,  307806uA (steady state), P  +3659mbar
1594474157:[PRESS ,0038]P  +3859mbar,T+14084mdegC
1594474159:[PRESS ,0038]P  +3869mbar,T-13378mdegC
1594474166:[PRESS ,0038]P  +3879mbar,T-23992mdegC
1594474168:[PRESS ,0038]P  +3879mbar,T-13378mdegC
1594474170:[PRESS ,0038]P  +3889mbar,T+14084mdegC
1594474172:[PRESS ,0038]P  +3899mbar,T-13378mdegC
1594474174:[PRESS ,0038]P  +3899mbar,T+14084mdegC
1594474175:[PRESS ,0038]P  +3899mbar,T-13378mdegC
1594474177:[PRESS ,0038]P  +3899mbar,T+14084mdegC
1594474179:[PRESS ,0038]P  +3909mbar,T-13378mdegC
1594474243:[PRESS ,0038]P  +4079mbar,T-13378mdegC
1594474245:[PRESS ,0038]P  +4069mbar,T+14084mdegC
1594474249:[PRESS ,0038]P  +4079mbar,T-13378mdegC
1594474250:[PRESS ,0038]P  +4079mbar,T+24695mdegC
1594474252:[PRESS ,0038]P  +4099mbar,T-13378mdegC
1594474254:[PRESS ,0038]P  +4089mbar,T+14084mdegC
1594474258:[PRESS ,0038]P  +4099mbar,T+24695mdegC
1594474259:[PRESS ,0038]P  +4109mbar,T+14084mdegC
1594474265:[PRESS ,0038]P  +4139mbar,T-13378mdegC
1594474267:[PRESS ,0038]P  +4139mbar,T+14084mdegC
1594474268:[PRESS ,0038]P  +4139mbar,T-13378mdegC
1594474329:[PRESS ,0038]P  +4309mbar,T+24695mdegC
1594474331:[PRESS ,0038]P  +4329mbar,T+14084mdegC
1594474333:[PRESS ,0038]P  +4329mbar,T-13378mdegC
1594474334:[PRESS ,0038]P  +4329mbar,T+14084mdegC
1594474336:[PRESS ,0038]P  +4339mbar,T-13378mdegC
1594474340:[PRESS ,0038]P  +4359mbar,T+14084mdegC
1594474342:[PRESS ,0038]P  +4359mbar,T-13378mdegC
1594474343:[PRESS ,0038]P  +4359mbar,T+14084mdegC
1594474345:[PRESS ,0038]P  +4369mbar,T-13378mdegC
1594474347:[PRESS ,0038]P  +4379mbar,T+14084mdegC
1594474349:[PRESS ,0038]P  +4389mbar,T-13378mdegC
1594474351:[PRESS ,0038]P  +4379mbar,T-23992mdegC
1594474353:[PRESS ,0038]P  +4399mbar,T-13378mdegC
1594474415:[PRESS ,0038]P  +4579mbar,T-13378mdegC
1594474417:[PRESS ,0038]P  +4589mbar,T+14084mdegC
1594474419:[PRESS ,0038]P  +4599mbar,T-13378mdegC
1594474422:[PRESS ,0038]P  +4619mbar,T+14084mdegC
1594474424:[PRESS ,0038]P  +4619mbar,T-13378mdegC
1594474428:[PRESS ,0038]P  +4629mbar,T+14084mdegC
1594474429:[PRESS ,0038]P  +4649mbar,T-13378mdegC
1594474431:[PRESS ,0038]P  +4659mbar,T+14084mdegC
1594474435:[PRESS ,0038]P  +4669mbar,T-13378mdegC
1594474438:[PRESS ,0038]P  +4679mbar,T+14084mdegC
1594474440:[PRESS ,0038]P  +4689mbar,T-13378mdegC
1594474440:[STAGE ,0213]4689mbar reached at 1594474440s, ref 5000mbar +/-500mbar
1594474440:[BUOY  ,0087]from +4mbar/s to +0mbar/s
1594474440:[BUOY  ,0089]need to transfer +26mL (pump during 31540ms)
1594474448:[PUMP  ,0207]battery 15365mV,   37820uA (warmup), P  +4689mbar
1594474448:[PUMP  ,0016]pump during 31540ms
1594474479:[PUMP  ,0212]battery 15185mV,  315248uA (steady state), P  +4689mbar
1594474504:[PRESS ,0038]P  +4849mbar,T+14084mdegC
1594474510:[PRESS ,0038]P  +4849mbar,T-13378mdegC
1594474513:[PRESS ,0038]P  +4859mbar,T+14084mdegC
1594474515:[PRESS ,0038]P  +4869mbar,T-13378mdegC
1594474518:[PRESS ,0038]P  +4869mbar,T+14084mdegC
1594474520:[PRESS ,0038]P  +4859mbar,T-13378mdegC
1594474522:[PRESS ,0038]P  +4869mbar,T+14084mdegC
1594474590:[PRESS ,0038]P  +5009mbar,T-23992mdegC
1594474590:[BUOY  ,0087]from +2mbar/s to +0mbar/s
1594474590:[BUOY  ,0089]need to transfer +6mL (pump during 7278ms)
1594474598:[PUMP  ,0207]battery 15340mV,   36600uA (warmup), P  +5009mbar
1594474598:[PUMP  ,0016]pump during 7278ms
1594474605:[PUMP  ,0212]battery 15157mV,  317810uA (steady state), P  +5009mbar
1594474654:[PRESS ,0038]P  +5079mbar,T-13378mdegC
1594474656:[PRESS ,0038]P  +5069mbar,T+14084mdegC
1594474657:[PRESS ,0038]P  +5059mbar,T-23992mdegC
1594474659:[PRESS ,0038]P  +5079mbar,T+14084mdegC
1594474661:[PRESS ,0038]P  +5079mbar,T-23992mdegC
1594474663:[PRESS ,0038]P  +5079mbar,T+14084mdegC
1594474672:[PRESS ,0038]P  +5079mbar,T-23992mdegC
1594474674:[PRESS ,0038]P  +5079mbar,T-13378mdegC
1594474675:[PRESS ,0038]P  +5079mbar,T+14084mdegC
1594474800:[PRESS ,0038]P  +5149mbar,T-23992mdegC
1594474800:[MAIN  ,0140]stage[0] complete 1828s after mission start
1594474800:[MAIN  ,0056]stage[1]
1594474803:[MAIN  ,0024]internal pressure 82973Pa
1594474804:[MRMAID,0002]acq started
1594474814:[PRESS ,0038]P  +5149mbar,T+14084mdegC
1594474814:[BUOY  ,0037]P  +5149mbar
1594474814:[STAGE ,0080]Stage [1] 5000mbar (+/-500mbar) 1800s (<1594476572s) MERMAID
1594474816:[PRESS ,0038]P  +5149mbar,T-13378mdegC
1594474816:[STAGE ,0213]5149mbar reached at 1594474816s, ref 5000mbar +/-500mbar
1594474876:[PRESS ,0038]P  +5129mbar,T-23992mdegC
1594474937:[PRESS ,0038]P  +5139mbar,T+14084mdegC
1594474963:[MRMAID,0027]51dbar, 14degC
1594475119:[PRESS ,0038]P  +5219mbar,T-23992mdegC
1594475240:[PRESS ,0038]P  +5319mbar,T-23992mdegC
1594475301:[PRESS ,0038]P  +5329mbar,T+14084mdegC
1594475362:[PRESS ,0038]P  +5369mbar,T-23992mdegC
1594475483:[PRESS ,0038]P  +5419mbar,T+14084mdegC
1594475544:[PRESS ,0038]P  +5489mbar,T-23992mdegC
1594475605:[PRESS ,0038]P  +5569mbar,T-23992mdegC
1594475605:<WARN>[BUOY  ,0094]stage[1] should ASCENT, stuck at 5569mbar for the #1 time
1594475605:[BUOY  ,0087]from +1mbar/s to -2mbar/s
1594475605:[BUOY  ,0089]need to transfer +8mL (pump during 9677ms)
1594475613:[PUMP  ,0207]battery 15381mV,   38064uA (warmup), P  +5569mbar
1594475613:[PUMP  ,0016]pump during 9677ms
1594475622:[PUMP  ,0212]battery 15191mV,  320860uA (steady state), P  +5569mbar
1594475636:[MRMAID,0184]acq already started
1594475690:[PRESS ,0038]P  +5579mbar,T +3467mdegC
1594475691:[PRESS ,0038]P  +5569mbar,T-23992mdegC
1594475697:[PRESS ,0038]P  +5569mbar,T+14084mdegC
1594475699:[PRESS ,0038]P  +5569mbar,T-23992mdegC
1594475700:[PRESS ,0038]P  +5559mbar,T+14084mdegC
1594475704:[PRESS ,0038]P  +5559mbar,T-13378mdegC
1594475765:[PRESS ,0038]P  +5539mbar,T-23992mdegC
1594475770:[PRESS ,0038]P  +5539mbar,T +3467mdegC
1594475775:[PRESS ,0038]P  +5529mbar,T-23992mdegC
1594475781:[PRESS ,0038]P  +5529mbar,T-13378mdegC
1594475783:[PRESS ,0038]P  +5529mbar,T+14084mdegC
1594475784:[PRESS ,0038]P  +5519mbar,T-23992mdegC
1594475786:[PRESS ,0038]P  +5519mbar,T+14084mdegC
1594475850:[PRESS ,0038]P  +5439mbar,T-23992mdegC
1594475854:[PRESS ,0038]P  +5449mbar,T +3467mdegC
1594475856:[PRESS ,0038]P  +5449mbar,T+14084mdegC
1594475858:[PRESS ,0038]P  +5439mbar,T-23992mdegC
1594475859:[PRESS ,0038]P  +5429mbar,T +3467mdegC
1594475861:[PRESS ,0038]P  +5429mbar,T+14084mdegC
1594475863:[PRESS ,0038]P  +5429mbar,T +3467mdegC
1594475865:[PRESS ,0038]P  +5439mbar,T-23992mdegC
1594475874:[PRESS ,0038]P  +5429mbar,T +3467mdegC
1594475875:[PRESS ,0038]P  +5429mbar,T+14084mdegC
1594475936:[PRESS ,0038]P  +5429mbar,T-23992mdegC
1594476057:[PRESS ,0038]P  +5419mbar,T +3467mdegC
1594476065:[MRMAID,0059]stop canceled
1594476079:[MRMAID,0005]ascent request rejected
1594476118:[PRESS ,0038]P  +5389mbar,T-23992mdegC
1594476166:[MRMAID,0027]54dbar, -24degC
1594476179:[PRESS ,0038]P  +5369mbar,T +3467mdegC
1594476239:[PRESS ,0038]P  +5359mbar,T-23992mdegC
1594476361:[PRESS ,0038]P  +5349mbar,T +3467mdegC
1594476482:[PRESS ,0038]P  +5349mbar,T-23992mdegC
1594476543:[PRESS ,0038]P  +5339mbar,T +3467mdegC
1594476604:[MAIN  ,0140]stage[1] complete 3632s after mission start
1594477207:<ERR>[MRMAID,0008]acq not stopped
1594477268:[MRMAID,0003]acq stopped
1594477283:[MRMAID,0005]ascent request rejected
1594477328:[MSSION,0192]mission stopped, 2 stage(s) done
1594477328:[MAIN  ,0065]surfacing
1594477330:[PRESS ,0038]P  +5489mbar,T-23992mdegC
1594477330:[SURFIN,0036]P  +5489mbar
1594477338:[PUMP  ,0207]battery 15377mV,   36234uA (warmup), P  +5489mbar
1594477338:[PUMP  ,0016]pump during 60000ms
1594477397:[PUMP  ,0212]battery 15175mV,  324398uA (steady state), P  +5489mbar
1594477455:[PRESS ,0038]P  +5259mbar,T-23992mdegC
1594477457:[PRESS ,0038]P  +5239mbar,T +3467mdegC
1594477464:[PRESS ,0038]P  +5229mbar,T-23992mdegC
1594477467:[PRESS ,0038]P  +5219mbar,T +3467mdegC
1594477471:[PRESS ,0038]P  +5199mbar,T-23992mdegC
1594477474:[PRESS ,0038]P  +5199mbar,T +3467mdegC
1594477476:[PRESS ,0038]P  +5199mbar,T-23992mdegC
1594477488:[PUMP  ,0207]battery 15301mV,   37942uA (warmup), P  +5179mbar
1594477488:[PUMP  ,0016]pump during 60000ms
1594477547:[PUMP  ,0212]battery 15105mV,  322812uA (steady state), P  +5179mbar
1594477605:[PRESS ,0038]P  +4549mbar,T +3467mdegC
1594477608:[PRESS ,0038]P  +4539mbar,T-23992mdegC
1594477610:[PRESS ,0038]P  +4519mbar,T +3467mdegC
1594477612:[PRESS ,0038]P  +4509mbar,T-23992mdegC
1594477615:[PRESS ,0038]P  +4489mbar,T +3467mdegC
1594477617:[PRESS ,0038]P  +4479mbar,T-23992mdegC
1594477619:[PRESS ,0038]P  +4469mbar,T +3467mdegC
1594477623:[PRESS ,0038]P  +4439mbar,T+14084mdegC
1594477624:[PRESS ,0038]P  +4439mbar,T-23992mdegC
1594477626:[PRESS ,0038]P  +4419mbar,T +3467mdegC
1594477630:[PRESS ,0038]P  +4399mbar,T-23992mdegC
1594477638:[PUMP  ,0207]battery 15257mV,   37820uA (warmup), P  +4399mbar
1594477638:[PUMP  ,0016]pump during 60000ms
1594477697:[PUMP  ,0212]battery 15060mV,  325252uA (steady state), P  +4399mbar
1594477755:[PRESS ,0038]P  +3529mbar,T +3467mdegC
1594477758:[PRESS ,0038]P  +3479mbar,T-23992mdegC
1594477762:[PRESS ,0038]P  +3469mbar,T +3467mdegC
1594477764:[PRESS ,0038]P  +3469mbar,T-23992mdegC
1594477765:[PRESS ,0038]P  +3459mbar,T +3467mdegC
1594477767:[PRESS ,0038]P  +3449mbar,T-23992mdegC
1594477769:[PRESS ,0038]P  +3449mbar,T +3467mdegC
1594477771:[PRESS ,0038]P  +3429mbar,T-23992mdegC
1594477776:[PRESS ,0038]P  +3409mbar,T +3467mdegC
1594477780:[PRESS ,0038]P  +3389mbar,T-23992mdegC
1594477788:[PUMP  ,0207]battery 15233mV,   38064uA (warmup), P  +3389mbar
1594477788:[PUMP  ,0016]pump during 60000ms
1594477847:[PUMP  ,0212]battery 15036mV,  323422uA (steady state), P  +3389mbar
1594477905:[PRESS ,0038]P  +2669mbar,T +3467mdegC
1594477910:[PRESS ,0038]P  +2619mbar,T-23992mdegC
1594477915:[PRESS ,0038]P  +2599mbar,T +3467mdegC
1594477922:[PRESS ,0038]P  +2559mbar,T+30925mdegC
1594477924:[PRESS ,0038]P  +2569mbar,T +3467mdegC
1594477928:[PRESS ,0038]P  +2529mbar,T-23992mdegC
1594477938:[PUMP  ,0207]battery 15220mV,   37576uA (warmup), P  +2519mbar
1594477938:[PUMP  ,0016]pump during 60000ms
1594477997:[PUMP  ,0212]battery 15035mV,  306220uA (steady state), P  +2519mbar
1594478054:[PRESS ,0038]P  +1449mbar,T-23992mdegC
1594478056:[PRESS ,0038]P  +1439mbar,T +3467mdegC
1594478058:[PRESS ,0038]P  +1429mbar,T-23992mdegC
1594478060:[PRESS ,0038]P  +1409mbar,T +3467mdegC
1594478065:[PRESS ,0038]P  +1359mbar,T-23992mdegC
1594478070:[PRESS ,0038]P  +1329mbar,T +3467mdegC
1594478076:[PRESS ,0038]P  +1299mbar,T-23992mdegC
1594478078:[PRESS ,0038]P  +1299mbar,T +3467mdegC
1594478079:[PRESS ,0038]P  +1279mbar,T-23992mdegC
1594478088:[PUMP  ,0207]battery 15213mV,   37210uA (warmup), P  +1279mbar
1594478088:[PUMP  ,0016]pump during 60000ms
1594478147:[PUMP  ,0212]battery 15030mV,  298656uA (steady state), P  +1279mbar
1594478204:[PRESS ,0038]P   +539mbar,T +3467mdegC
1594478206:[PRESS ,0038]P   +539mbar,T-23992mdegC
1594478208:[PRESS ,0038]P   +519mbar,T +3467mdegC
1594478211:[PRESS ,0038]P   +489mbar,T-23992mdegC
1594478217:[PRESS ,0038]P   +459mbar,T +3467mdegC
1594478220:[PRESS ,0038]P   +439mbar,T+30925mdegC
1594478222:[PRESS ,0038]P   +429mbar,T +3467mdegC
1594478224:[PRESS ,0038]P   +419mbar,T+14084mdegC
1594478228:[PRESS ,0038]P   +389mbar,T +3467mdegC
1594478229:[PRESS ,0038]P   +389mbar,T-23992mdegC
1594478233:[PRESS ,0038]P   +359mbar,T +3467mdegC
1594478233:[SURFIN,0020]filling external bladder
1594478241:[PUMP  ,0207]battery 15212mV,   36966uA (warmup), P   +359mbar
1594478241:[PUMP  ,0016]pump during 300000ms
1594478540:[PUMP  ,0212]battery 14731mV,  986004uA (steady state), P   +359mbar
1594478551:[PUMP  ,0207]battery 14800mV,   37088uA (warmup), P   +359mbar
1594478551:[PUMP  ,0016]pump during 300000ms
1594478636:[PUMP  ,0212]battery 14468mV,  957944uA (steady state), P   +359mbar
1594478638:[SURFIN,0019]external bladder full
1594478640:[PRESS ,0038]P   +100mbar,T-13378mdegC
1594478641:[PRESS ,0038]P   +110mbar,T+14084mdegC
1594478648:[PRESS ,0038]P   +100mbar,T-13378mdegC
1594478652:[PRESS ,0038]P   +100mbar,T+14084mdegC
1594478654:[PRESS ,0038]P   +100mbar,T-13378mdegC
1594478656:[PRESS ,0038]P   +100mbar,T+14084mdegC
1594478657:[PRESS ,0038]P   +100mbar,T-13378mdegC
1594478661:[PRESS ,0038]P   +110mbar,T+14084mdegC
1594478663:[PRESS ,0038]P   +100mbar,T-23992mdegC
1594478665:[PRESS ,0038]P   +110mbar,T+14084mdegC
1594478701:[MAIN  ,0272]Vbat 14947mV (min 14902mV)
1594478703:[MAIN  ,0024]internal pressure 80073Pa
1594478703:[MAIN  ,0043]Pext 103mbar (rng 20mbar)
1594478703:[MAIN  ,0064]surface
1594478715:[SURF  ,0022]GPS fix...
1594478735:[SURF  ,0015]10 PPS detected...
1594478736:[MRMAID,0052]Mermaid $GPSACK:+0,+0,+0,+0,+0,+0,-2410;
1594478746:[MRMAID,0052]Mermaid $GPSOFF:3686324;
1594478746:[GPSFIX,0179]-1s diff
1594478747:[SURF  ,0222]2020-07-11T14:45:47
1594478747:[SURF  ,0082]Latitude : N43deg40.940mn, Longitude :E007deg19.180mn
1594478747:[SURF  ,0223]fix3D,8satellites
1594478747:[SURF  ,0084]GPS fix GPGSA : hdop0.850,vdop1.100
1594478757:[SURF  ,0274]last almanac : 14356
1594478834:[MRMAID,0026]26125 bytes in 0065/5F09D0AA.MER
1594478840:[MAIN  ,0320]New pressure offset: 103mbar
1594478840:[LOGBIN,0078]*** switching to 0065/5F09D0F8 ***
