1594886306:[MONITR,0197]reboot code 0x0000, src/monitor.c@520
1594886306:[MAIN  ,0007]buoy 452.120-R-0065
1594886306:[MAIN  ,0055]soft pilotage 452.012.300_V2.21-20200701
1594886306:[MAIN  ,0011]date 2020-07-16T07:58:26
1594886312:[MAIN  ,0006]battery 15385mV,   40504uA
1594886315:[MAIN  ,0024]internal pressure 91589Pa
1594886316:[PRESS ,0038]P   -149mbar,T+24695mdegC
1594886316:[MRMAID,0182]thread started
1594886318:[MRMAID,0186]no wake-up
1594886318:[MRMAID,0188]acq already stopped
1594886319:[MRMAID,0052]Mermaid $BOARD:452116600-65;
1594886320:[MRMAID,0052]Mermaid $SOFT:2.1344;
1594886320:[TESTMD,0053]Enter in test mode? yes/no
1594886320:[TESTMD,0252]0065>
1594886322:[TESTMD,0050]"yes"
1594886322:[TESTMD,0249]
Command list
pext    : Get external pressure
pint    : Get internal vacuum
ui      : Get voltage/current
act     : Test actuators
fillb   : Pump until filling the bladder
bpopen  : Open bypass
bpclose : Close bypass
date    : Get date
gps     : GPS synchronization
iridium : Iridium transfer
mstart  : Start mermaid acq
mstop   : Stop mermaid acq
mdata   : Get mermaid datas
mchecksd  : Start mermaid acq
mdump  : Send data REQUEST command with date and duration
s41dumpa : Get averaged CTD datas
s41dumpr : Get raw CTD datas
ls      : List files
cp      : Copy file or directory content on the desktop
rm      : Remove a file
h       : Print command list
q       : Quit

Advanced
pumps X : pompe Xs (lent)
pumpf X : pompe Xs (rapide)
evh     : ouvre l'electrovalve 30s
bypass  : ouvre le bypass 30s
dvmine  : deverminage de la carte
nominal : mode nominal pour mesure de conso
cychydr : test du circuit hydraulique
mkdir   : creer un repertoire
mv      : deplacer un fichier
ps      : liste les processus

Set params
stage   : Stage settings
buoy    : Buoy settings
p2t     : Pressure sensor settings
log     : Verb cfg
mermaid : Mermaid cfg
upload  : On/Off Irid transfer
sys  : system param settings


1594886322:[TESTMD,0252]0065>
1594886326:[TESTMD,0050]"pint"
1594886328:[TESTMD,0029]91571Pa
1594886328:[TESTMD,0252]0065>
1594886335:[TESTMD,0050]"pint"
1594886337:[TESTMD,0029]84219Pa
1594886337:[TESTMD,0252]0065>
1594886339:[TESTMD,0050]"pint"
1594886341:[TESTMD,0029]78062Pa
1594886341:[TESTMD,0252]0065>
1594886345:[TESTMD,0050]"pint"
1594886347:[TESTMD,0029]70192Pa
1594886347:[TESTMD,0252]0065>
1594886349:[TESTMD,0050]"pint"
1594886351:[TESTMD,0029]64758Pa
1594886351:[TESTMD,0252]0065>
1594886463:[TESTMD,0050]"pint"
1594886465:[TESTMD,0029]82090Pa
1594886465:[TESTMD,0252]0065>
1594886485:[TESTMD,0050]"pint"
1594886488:[TESTMD,0029]91103Pa
1594886488:[TESTMD,0252]0065>
1594886489:[TESTMD,0050]"pint"
1594886492:[TESTMD,0029]84024Pa
1594886492:[TESTMD,0252]0065>
1594886493:[TESTMD,0050]"pint"
1594886495:[TESTMD,0029]78720Pa
1594886495:[TESTMD,0252]0065>
1594886496:[TESTMD,0050]"pint"
1594886499:[TESTMD,0029]73928Pa
1594886499:[TESTMD,0252]0065>
1594886520:[TESTMD,0050]"pint"
1594886523:[TESTMD,0029]74042Pa
1594886523:[TESTMD,0252]0065>
1594886535:[TESTMD,0050]"pint"
1594886537:[TESTMD,0029]78632Pa
1594886537:[TESTMD,0252]0065>
1594886546:[TESTMD,0050]"pint"
1594886548:[TESTMD,0029]80147Pa
1594886548:[TESTMD,0252]0065>
1594886553:[TESTMD,0050]"pint"
1594886556:[TESTMD,0029]80095Pa
1594886556:[TESTMD,0252]0065>
