1594521059:[MAIN  ,0007]buoy 452.120-R-0065
1594521059:[MAIN  ,0055]soft pilotage 452.012.300_V2.21-20200701
1594521059:[MAIN  ,0010]cycle 1
1594521059:[SURF  ,0225]surface2
1594521078:[SURF  ,0022]GPS fix...
1594521098:[SURF  ,0015]10 PPS detected...
1594521099:[MRMAID,0052]Mermaid $GPSACK:+0,+0,+0,+0,+0,+0,+0;
1594521109:[MRMAID,0052]Mermaid $GPSOFF:3686321;
1594521110:[GPSFIX,0179]+0s diff
1594521110:[SURF  ,0222]2020-07-12T02:31:50
1594521110:[SURF  ,0082]Latitude : N43deg40.936mn, Longitude :E007deg19.177mn
1594521110:[SURF  ,0223]fix3D,9satellites
1594521110:[SURF  ,0084]GPS fix GPGSA : hdop0.670,vdop1.230
1594521120:[SURF  ,0025]Iridium...
1594521201:[SURF  ,0009]connected in 81s, signal quality 4
1594521295:[SURF  ,0218]prompt received, remote cmd end
1594521295:[SURF  ,0012]16 cmd(s) received
1594521317:[UPLOAD,0248]Upload data files...
1594521331:[UPLOAD,0231]"0065/5F0A6F98.BIN" uploaded at 53bytes/s
1594521350:[UPLOAD,0231]"0065/5F0A7509.BIN" uploaded at 101bytes/s
1594521366:[UPLOAD,0231]"0065/5F0A75D6.MER" uploaded at 111bytes/s
1594521830:[UPLOAD,0231]"0065/5F0A529D.BIN" uploaded at 73bytes/s
1594522444:[SURF  ,0014]disconnected after 1324s
1594522450:[SURFIN,0020]filling external bladder
1594522453:[SURFIN,0019]external bladder full
1594522453:[SURF  ,0319]transfer interrupted
1594522468:[SURF  ,0022]GPS fix...
1594522488:[SURF  ,0015]10 PPS detected...
1594522489:[MRMAID,0052]Mermaid $GPSACK:+0,+0,+0,+0,+0,+0,+0;
1594522499:[MRMAID,0052]Mermaid $GPSOFF:3686321;
1594522500:[GPSFIX,0179]-1s diff
1594522501:[SURF  ,0222]2020-07-12T02:55:01
1594522501:[SURF  ,0082]Latitude : N43deg40.934mn, Longitude :E007deg19.178mn
1594522501:[SURF  ,0223]fix3D,10satellites
1594522501:[SURF  ,0084]GPS fix GPGSA : hdop0.610,vdop1.050
1594522518:[MAIN  ,0024]internal pressure 81260Pa
1594522519:[BYCMD ,0107]    FreeRTOS V8.2.3
1594522519:[BYCMD ,0108]    FatFS v11a
1594522519:[BYCMD ,0117]    valve is running
1594522519:[BYCMD ,0120]    bypass 10000ms 60000ms (20000ms 60000ms stored)
1594522519:[BYCMD ,0121]    valve 60000ms 12750 (60000ms 12750 stored)
1594522519:[BYCMD ,0122]    pump 60000ms 30% 10750 80% (60000ms 30% 10750 80% stored)
1594522519:[BYCMD ,0123]    rate 2mbar/s (2mbar/s stored)
1594522519:[BYCMD ,0124]    surface 500mbar (500mbar stored)
1594522519:[BYCMD ,0125]    near 1500mbar 3mbar/s (15000mbar 3mbar/s stored)
1594522519:[BYCMD ,0126]    far 2500mbar 4mbar/s (25000mbar 4mbar/s stored)
1594522519:[BYCMD ,0127]    ascent 8mbar/s (8mbar/s stored)
1594522519:[BYCMD ,0128]    dead 60s (300s stored)
1594522519:[BYCMD ,0129]    coeff 16/10 (16/10 stored)
1594522519:[BYCMD ,0130]    stab 10 (10 stored)
1594522519:[BYCMD ,0131]    delay 900s 3600s (900s 3600s stored)
1594522519:[BYCMD ,0132]    mmtime 2880min (2880min stored)
1594522519:[BYCMD ,0133]    dv_landing 100ml (100ml stored)
1594522520:[MKDCMD,0150]    p2t37: 15x2000ms, offset 124mbar
1594522520:[P2TCMD,0151]    p2t37: dp 50mbar, dt 5000mdegC
1594522520:[STAGE ,0080]Stage [0] 5000mbar (+/-500mbar) 1800s (<1800s) 
1594522520:[STAGE ,0080]Stage [1] 5000mbar (+/-500mbar) 1800s (<3600s) MERMAID
1594522520:[MAIN  ,0070]turn off bluetooth
1594522522:[PRESS ,0038]P     -4mbar,T -2769mdegC
1594522526:[PRESS ,0038]P    -14mbar,T+24695mdegC
1594522530:[PRESS ,0038]P    -14mbar,T -2769mdegC
1594522531:[PRESS ,0038]P     -4mbar,T-13378mdegC
1594522533:[PRESS ,0038]P    -14mbar,T+24695mdegC
1594522539:[PRESS ,0038]P     -4mbar,T -2769mdegC
1594522547:[DIVING,0141]diving from -14mbar, +0mbar/s
1594522547:[BYPASS,0035]bypass opening 60000ms
1594522553:[BYPASS,0104]battery 15161mV,  318786uA (bypass opening), P    -14mbar
1594522617:[BYPASS,0106]battery 15168mV,  325374uA (bypass closing), P    -14mbar
1594522625:[PRESS ,0038]P    -14mbar,T-30234mdegC
1594522626:[PRESS ,0038]P     -4mbar,T -2769mdegC
1594522634:[PRESS ,0038]P    -14mbar,T-30234mdegC
1594522639:[PRESS ,0038]P    -14mbar,T -2769mdegC
1594522642:[PRESS ,0038]P     +6mbar,T-30234mdegC
1594522644:[PRESS ,0038]P     +6mbar,T -2769mdegC
1594522644:[BYPASS,0035]bypass opening 10000ms
1594522649:[BYPASS,0104]battery 15170mV,  321958uA (bypass opening), P     +6mbar
1594522664:[BYPASS,0106]battery 15165mV,  324276uA (bypass closing), P     +6mbar
1594522668:[PRESS ,0038]P    -14mbar,T-30234mdegC
1594522670:[PRESS ,0038]P    -14mbar,T -2769mdegC
1594522672:[PRESS ,0038]P    -14mbar,T-30234mdegC
1594522673:[PRESS ,0038]P    -14mbar,T -2769mdegC
1594522679:[PRESS ,0038]P     +6mbar,T-30234mdegC
1594522684:[PRESS ,0038]P    -14mbar,T -2769mdegC
1594522689:[PRESS ,0038]P     +6mbar,T+24695mdegC
1594522691:[PRESS ,0038]P     +6mbar,T-30234mdegC
1594522691:[BYPASS,0035]bypass opening 10000ms
1594522696:[BYPASS,0104]battery 15170mV,  314272uA (bypass opening), P     +6mbar
1594522711:[BYPASS,0106]battery 15162mV,  323300uA (bypass closing), P     +6mbar
1594522713:[PRESS ,0038]P    -14mbar,T -2769mdegC
1594522726:[PRESS ,0038]P     +6mbar,T+24695mdegC
1594522727:[PRESS ,0038]P    +16mbar,T -2769mdegC
1594522733:[PRESS ,0038]P     +6mbar,T-30234mdegC
1594522735:[PRESS ,0038]P     +6mbar,T -2769mdegC
1594522738:[BYPASS,0035]bypass opening 10000ms
1594522743:[BYPASS,0104]battery 15166mV,  318298uA (bypass opening), P     -4mbar
1594522758:[BYPASS,0106]battery 15161mV,  322202uA (bypass closing), P     -4mbar
1594522778:[PRESS ,0038]P     -4mbar,T +7835mdegC
1594522779:[PRESS ,0038]P     -4mbar,T -2769mdegC
1594522785:[BYPASS,0035]bypass opening 10000ms
1594522790:[BYPASS,0104]battery 15167mV,  312564uA (bypass opening), P     -4mbar
1594522805:[BYPASS,0106]battery 15160mV,  321714uA (bypass closing), P     -4mbar
1594522807:[PRESS ,0038]P    -14mbar,T-30234mdegC
1594522809:[PRESS ,0038]P     -4mbar,T -2769mdegC
1594522812:[PRESS ,0038]P    -14mbar,T-30234mdegC
1594522814:[PRESS ,0038]P    -14mbar,T+24695mdegC
1594522816:[PRESS ,0038]P     +6mbar,T-30234mdegC
1594522819:[PRESS ,0038]P     -4mbar,T -2769mdegC
1594522821:[PRESS ,0038]P    -24mbar,T+24695mdegC
1594522823:[PRESS ,0038]P     +6mbar,T-30234mdegC
1594522825:[PRESS ,0038]P     +6mbar,T +7835mdegC
1594522827:[PRESS ,0038]P     -4mbar,T-30234mdegC
1594522832:[PRESS ,0038]P     +6mbar,T+24695mdegC
1594522832:[BYPASS,0035]bypass opening 10000ms
1594522837:[BYPASS,0104]battery 15165mV,  311710uA (bypass opening), P     +6mbar
1594522852:[BYPASS,0106]battery 15158mV,  320860uA (bypass closing), P     +6mbar
1594522854:[PRESS ,0038]P     -4mbar,T -2769mdegC
1594522856:[PRESS ,0038]P    -14mbar,T+24695mdegC
1594522857:[PRESS ,0038]P     +6mbar,T-30234mdegC
1594522859:[PRESS ,0038]P    -14mbar,T -2769mdegC
1594522866:[PRESS ,0038]P     +6mbar,T+24695mdegC
1594522868:[PRESS ,0038]P     -4mbar,T -2769mdegC
1594522874:[PRESS ,0038]P     +6mbar,T-30234mdegC
1594522877:[PRESS ,0038]P     -4mbar,T -2769mdegC
1594522879:[BYPASS,0035]bypass opening 10000ms
1594522884:[BYPASS,0104]battery 15163mV,  315126uA (bypass opening), P     +6mbar
1594522899:[BYPASS,0106]battery 15157mV,  321348uA (bypass closing), P     +6mbar
1594522924:[PRESS ,0038]P     -4mbar,T+24695mdegC
1594522926:[PRESS ,0038]P     -4mbar,T-30234mdegC
1594522926:[BYPASS,0035]bypass opening 10000ms
1594522931:[BYPASS,0104]battery 15160mV,  320006uA (bypass opening), P     -4mbar
1594522946:[BYPASS,0106]battery 15156mV,  321348uA (bypass closing), P     -4mbar
1594522948:[PRESS ,0038]P    -14mbar,T -2769mdegC
1594522949:[PRESS ,0038]P     +6mbar,T-30234mdegC
1594522951:[PRESS ,0038]P    -14mbar,T -2769mdegC
1594522955:[PRESS ,0038]P     +6mbar,T-30234mdegC
1594522957:[PRESS ,0038]P     +6mbar,T -2769mdegC
1594522958:[PRESS ,0038]P     -4mbar,T+24695mdegC
1594522960:[PRESS ,0038]P     -4mbar,T -2769mdegC
1594522966:[PRESS ,0038]P     -4mbar,T-30234mdegC
1594522967:[PRESS ,0038]P     +6mbar,T -2769mdegC
1594522969:[PRESS ,0038]P     -4mbar,T-30234mdegC
1594522973:[PRESS ,0038]P     -4mbar,T -2769mdegC
1594522973:[BYPASS,0035]bypass opening 10000ms
1594522978:[BYPASS,0104]battery 15161mV,  315980uA (bypass opening), P     -4mbar
1594522993:[BYPASS,0106]battery 15156mV,  320128uA (bypass closing), P     -4mbar
1594522995:[PRESS ,0038]P    -14mbar,T+24695mdegC
1594522996:[PRESS ,0038]P    -14mbar,T -2769mdegC
1594523009:[PRESS ,0038]P     +6mbar,T+24695mdegC
1594523011:[PRESS ,0038]P     -4mbar,T -2769mdegC
1594523014:[PRESS ,0038]P     -4mbar,T +7835mdegC
1594523016:[PRESS ,0038]P     -4mbar,T -2769mdegC
1594523018:[PRESS ,0038]P     +6mbar,T-30234mdegC
1594523020:[PRESS ,0038]P     +6mbar,T -2769mdegC
1594523020:[BYPASS,0035]bypass opening 10000ms
1594523025:[BYPASS,0104]battery 15160mV,  318786uA (bypass opening), P     +6mbar
1594523040:[BYPASS,0106]battery 15156mV,  319030uA (bypass closing), P     +6mbar
1594523042:[PRESS ,0038]P    -14mbar,T+24695mdegC
1594523045:[PRESS ,0038]P     -4mbar,T -2769mdegC
1594523049:[PRESS ,0038]P     -4mbar,T+24695mdegC
1594523052:[PRESS ,0038]P     -4mbar,T -2769mdegC
1594523067:[PRESS ,0038]P     +6mbar,T-30234mdegC
1594523067:[BYPASS,0035]bypass opening 10000ms
1594523072:[BYPASS,0104]battery 15160mV,  316834uA (bypass opening), P     +6mbar
1594523087:[BYPASS,0106]battery 15156mV,  318664uA (bypass closing), P     +6mbar
1594523090:[PRESS ,0038]P    -14mbar,T+24695mdegC
1594523092:[PRESS ,0038]P    +16mbar,T -2769mdegC
1594523094:[PRESS ,0038]P     -4mbar,T-30234mdegC
1594523096:[PRESS ,0038]P     -4mbar,T+24695mdegC
1594523099:[PRESS ,0038]P     -4mbar,T -2769mdegC
1594523101:[PRESS ,0038]P     +6mbar,T-30234mdegC
1594523105:[PRESS ,0038]P     -4mbar,T -2769mdegC
1594523112:[PRESS ,0038]P     -4mbar,T+24695mdegC
1594523114:[PRESS ,0038]P     +6mbar,T -2769mdegC
1594523114:[BYPASS,0035]bypass opening 10000ms
1594523121:[BYPASS,0104]battery 15158mV,  319152uA (bypass opening), P     +6mbar
1594523136:[BYPASS,0106]battery 15156mV,  317932uA (bypass closing), P     +6mbar
1594523139:[PRESS ,0038]P     -4mbar,T-30234mdegC
1594523141:[PRESS ,0038]P    -24mbar,T -2769mdegC
1594523147:[PRESS ,0038]P     -4mbar,T+24695mdegC
1594523148:[PRESS ,0038]P     -4mbar,T -2769mdegC
1594523150:[PRESS ,0038]P     +6mbar,T-30234mdegC
1594523152:[PRESS ,0038]P     -4mbar,T -2769mdegC
1594523157:[PRESS ,0038]P     -4mbar,T-13378mdegC
1594523159:[PRESS ,0038]P     +6mbar,T-30234mdegC
1594523161:[PRESS ,0038]P     -4mbar,T -2769mdegC
1594523163:[BYPASS,0035]bypass opening 10000ms
1594523168:[BYPASS,0104]battery 15160mV,  314760uA (bypass opening), P    -14mbar
1594523183:[BYPASS,0106]battery 15155mV,  319030uA (bypass closing), P    -14mbar
1594523186:[PRESS ,0038]P     -4mbar,T+24695mdegC
1594523188:[PRESS ,0038]P     -4mbar,T -2769mdegC
1594523190:[PRESS ,0038]P     +6mbar,T+24695mdegC
1594523192:[PRESS ,0038]P    -24mbar,T-30234mdegC
1594523194:[PRESS ,0038]P     -4mbar,T -2769mdegC
1594523201:[PRESS ,0038]P     -4mbar,T-30234mdegC
1594523203:[PRESS ,0038]P     +6mbar,T -2769mdegC
1594523210:[BYPASS,0035]bypass opening 10000ms
1594523215:[BYPASS,0104]battery 15158mV,  317200uA (bypass opening), P     -4mbar
1594523230:[BYPASS,0106]battery 15155mV,  317200uA (bypass closing), P     -4mbar
1594523237:[PRESS ,0038]P     -4mbar,T+24695mdegC
1594523241:[PRESS ,0038]P     +6mbar,T -2769mdegC
1594523242:[PRESS ,0038]P     -4mbar,T+24695mdegC
1594523244:[PRESS ,0038]P     -4mbar,T -2769mdegC
1594523248:[PRESS ,0038]P     +6mbar,T-30234mdegC
1594523249:[PRESS ,0038]P     +6mbar,T -2769mdegC
1594523253:[PRESS ,0038]P     +6mbar,T-30234mdegC
1594523255:[PRESS ,0038]P    -14mbar,T -2769mdegC
1594523257:[BYPASS,0035]bypass opening 10000ms
1594523262:[BYPASS,0104]battery 15157mV,  316834uA (bypass opening), P     +6mbar
1594523277:[BYPASS,0106]battery 15153mV,  318054uA (bypass closing), P     +6mbar
1594523282:[PRESS ,0038]P     -4mbar,T+24695mdegC
1594523286:[PRESS ,0038]P     -4mbar,T -2769mdegC
1594523293:[PRESS ,0038]P     +6mbar,T+24695mdegC
1594523300:[PRESS ,0038]P     +6mbar,T -2769mdegC
1594523302:[PRESS ,0038]P     -4mbar,T+24695mdegC
1594523304:[BYPASS,0035]bypass opening 10000ms
1594523309:[BYPASS,0104]battery 15157mV,  315492uA (bypass opening), P     +6mbar
1594523324:[BYPASS,0106]battery 15155mV,  316956uA (bypass closing), P     +6mbar
1594523325:[PRESS ,0038]P     -4mbar,T -2769mdegC
1594523327:[PRESS ,0038]P     -4mbar,T+24695mdegC
1594523331:[PRESS ,0038]P     -4mbar,T-30234mdegC
1594523333:[PRESS ,0038]P     -4mbar,T+24695mdegC
1594523334:[PRESS ,0038]P     +6mbar,T -2769mdegC
1594523345:[PRESS ,0038]P     +6mbar,T+24695mdegC
1594523347:[PRESS ,0038]P     -4mbar,T-30234mdegC
1594523349:[PRESS ,0038]P     +6mbar,T -2769mdegC
1594523351:[PRESS ,0038]P    -14mbar,T-30234mdegC
1594523351:[BYPASS,0035]bypass opening 10000ms
1594523356:[BYPASS,0104]battery 15157mV,  315736uA (bypass opening), P    -14mbar
1594523371:[BYPASS,0106]battery 15153mV,  317810uA (bypass closing), P    -14mbar
1594523372:[PRESS ,0038]P     -4mbar,T -2769mdegC
1594523376:[PRESS ,0038]P     +6mbar,T+24695mdegC
1594523378:[PRESS ,0038]P     +6mbar,T-30234mdegC
1594523381:[PRESS ,0038]P     -4mbar,T -2769mdegC
1594523392:[PRESS ,0038]P     -4mbar,T-30234mdegC
1594523394:[PRESS ,0038]P     +6mbar,T+24695mdegC
1594523397:[PRESS ,0038]P     -4mbar,T -2769mdegC
1594523397:[BYPASS,0035]bypass opening 10000ms
1594523403:[BYPASS,0104]battery 15157mV,  314760uA (bypass opening), P     -4mbar
1594523418:[BYPASS,0106]battery 15153mV,  316102uA (bypass closing), P     -4mbar
1594523434:[PRESS ,0038]P     -4mbar,T-30234mdegC
1594523435:[PRESS ,0038]P     -4mbar,T -2769mdegC
1594523439:[PRESS ,0038]P     -4mbar,T-30234mdegC
1594523441:[PRESS ,0038]P     +6mbar,T -2769mdegC
1594523443:[PRESS ,0038]P     +6mbar,T-30234mdegC
1594523444:[BYPASS,0035]bypass opening 10000ms
1594523449:[BYPASS,0104]battery 15155mV,  318054uA (bypass opening), P     -4mbar
1594523464:[BYPASS,0106]battery 15153mV,  316224uA (bypass closing), P     -4mbar
1594523466:[PRESS ,0038]P     -4mbar,T -2769mdegC
1594523482:[PRESS ,0038]P     -4mbar,T-30234mdegC
1594523484:[PRESS ,0038]P     +6mbar,T+24695mdegC
1594523486:[PRESS ,0038]P     -4mbar,T -2769mdegC
1594523488:[PRESS ,0038]P     -4mbar,T-30234mdegC
1594523489:[PRESS ,0038]P     -4mbar,T -2769mdegC
1594523491:[BYPASS,0035]bypass opening 10000ms
1594523496:[BYPASS,0104]battery 15155mV,  318664uA (bypass opening), P     +6mbar
1594523511:[BYPASS,0106]battery 15152mV,  316834uA (bypass closing), P     +6mbar
1594523515:[PRESS ,0038]P     -4mbar,T-30234mdegC
1594523517:[PRESS ,0038]P     -4mbar,T+24695mdegC
1594523520:[PRESS ,0038]P     -4mbar,T -2769mdegC
1594523524:[PRESS ,0038]P     +6mbar,T+24695mdegC
1594523526:[PRESS ,0038]P     -4mbar,T -2769mdegC
1594523531:[PRESS ,0038]P     -4mbar,T+24695mdegC
1594523533:[PRESS ,0038]P     -4mbar,T -2769mdegC
1594523535:[PRESS ,0038]P     -4mbar,T+24695mdegC
1594523536:[PRESS ,0038]P     +6mbar,T -2769mdegC
1594523538:[PRESS ,0038]P    -14mbar,T+24695mdegC
1594523538:[BYPASS,0035]bypass opening 10000ms
1594523543:[BYPASS,0104]battery 15155mV,  317566uA (bypass opening), P    -14mbar
1594523558:[BYPASS,0106]battery 15152mV,  316102uA (bypass closing), P    -14mbar
1594523562:[PRESS ,0038]P     -4mbar,T -2769mdegC
1594523585:[BYPASS,0035]bypass opening 10000ms
1594523590:[BYPASS,0104]battery 15152mV,  321470uA (bypass opening), P     -4mbar
1594523605:[BYPASS,0106]battery 15152mV,  315736uA (bypass closing), P     -4mbar
1594523612:[PRESS ,0038]P     -4mbar,T+24695mdegC
1594523614:[PRESS ,0038]P     -4mbar,T -2769mdegC
1594523618:[PRESS ,0038]P     -4mbar,T+24695mdegC
1594523619:[PRESS ,0038]P    -14mbar,T -2769mdegC
1594523621:[PRESS ,0038]P     -4mbar,T+24695mdegC
1594523625:[PRESS ,0038]P     -4mbar,T -2769mdegC
1594523627:[PRESS ,0038]P     -4mbar,T+24695mdegC
1594523630:[PRESS ,0038]P     +6mbar,T -2769mdegC
1594523632:[BYPASS,0035]bypass opening 10000ms
1594523637:[BYPASS,0104]battery 15155mV,  317444uA (bypass opening), P     -4mbar
1594523652:[BYPASS,0106]battery 15152mV,  315370uA (bypass closing), P     -4mbar
1594523654:[PRESS ,0038]P     +6mbar,T+24695mdegC
1594523656:[PRESS ,0038]P     -4mbar,T -2769mdegC
1594523668:[PRESS ,0038]P     +6mbar,T-30234mdegC
1594523670:[PRESS ,0038]P     +6mbar,T -2769mdegC
1594523672:[PRESS ,0038]P    -14mbar,T-30234mdegC
1594523675:[PRESS ,0038]P     -4mbar,T -2769mdegC
1594523677:[PRESS ,0038]P     +6mbar,T+24695mdegC
1594523679:[PRESS ,0038]P     -4mbar,T -2769mdegC
1594523679:[BYPASS,0035]bypass opening 10000ms
1594523684:[BYPASS,0104]battery 15153mV,  319396uA (bypass opening), P     -4mbar
1594523699:[BYPASS,0106]battery 15152mV,  315736uA (bypass closing), P     -4mbar
1594523708:[PRESS ,0038]P     +6mbar,T+24695mdegC
1594523711:[PRESS ,0038]P     -4mbar,T -2769mdegC
1594523715:[PRESS ,0038]P     +6mbar,T-30234mdegC
1594523717:[PRESS ,0038]P     -4mbar,T -2769mdegC
1594523720:[PRESS ,0038]P     -4mbar,T+24695mdegC
1594523724:[PRESS ,0038]P     +6mbar,T -2769mdegC
1594523726:[PRESS ,0038]P     -4mbar,T+24695mdegC
1594523726:[BYPASS,0035]bypass opening 10000ms
1594523731:[BYPASS,0104]battery 15153mV,  317444uA (bypass opening), P     -4mbar
1594523746:[BYPASS,0106]battery 15152mV,  315004uA (bypass closing), P     -4mbar
1594523748:[PRESS ,0038]P     -4mbar,T-30234mdegC
1594523750:[PRESS ,0038]P     -4mbar,T+24695mdegC
1594523751:[PRESS ,0038]P     -4mbar,T-30234mdegC
1594523753:[PRESS ,0038]P     -4mbar,T-13378mdegC
1594523755:[PRESS ,0038]P     -4mbar,T -2769mdegC
1594523757:[PRESS ,0038]P     -4mbar,T+24695mdegC
1594523759:[PRESS ,0038]P     -4mbar,T -2769mdegC
1594523764:[PRESS ,0038]P     -4mbar,T+24695mdegC
1594523766:[PRESS ,0038]P     -4mbar,T -2769mdegC
1594523773:[BYPASS,0035]bypass opening 10000ms
1594523778:[BYPASS,0104]battery 15155mV,  314516uA (bypass opening), P     -4mbar
1594523793:[BYPASS,0106]battery 15151mV,  315370uA (bypass closing), P     -4mbar
1594523797:[PRESS ,0038]P     -4mbar,T+24695mdegC
1594523798:[PRESS ,0038]P     -4mbar,T -2769mdegC
1594523800:[PRESS ,0038]P     +6mbar,T+24695mdegC
1594523805:[PRESS ,0038]P     +6mbar,T-30234mdegC
1594523807:[PRESS ,0038]P     +6mbar,T+24695mdegC
1594523809:[PRESS ,0038]P     -4mbar,T -2769mdegC
1594523811:[PRESS ,0038]P     -4mbar,T+24695mdegC
1594523814:[PRESS ,0038]P     +6mbar,T -2769mdegC
1594523820:[BYPASS,0035]bypass opening 10000ms
1594523825:[BYPASS,0104]battery 15153mV,  316834uA (bypass opening), P    -14mbar
1594523840:[BYPASS,0106]battery 15152mV,  314150uA (bypass closing), P    -14mbar
1594523843:[PRESS ,0038]P    -14mbar,T+24695mdegC
1594523845:[PRESS ,0038]P     +6mbar,T -2769mdegC
1594523847:[PRESS ,0038]P     -4mbar,T-30234mdegC
1594523849:[PRESS ,0038]P    -14mbar,T+24695mdegC
1594523851:[PRESS ,0038]P     -4mbar,T -2769mdegC
1594523856:[PRESS ,0038]P     -4mbar,T+24695mdegC
1594523860:[PRESS ,0038]P     +6mbar,T -2769mdegC
1594523861:[PRESS ,0038]P     +6mbar,T-30234mdegC
1594523863:[PRESS ,0038]P     +6mbar,T -2769mdegC
1594523867:[BYPASS,0035]bypass opening 10000ms
1594523872:[BYPASS,0104]battery 15153mV,  317200uA (bypass opening), P     -4mbar
1594523887:[BYPASS,0106]battery 15151mV,  315492uA (bypass closing), P     -4mbar
1594523889:[PRESS ,0038]P     +6mbar,T+24695mdegC
1594523892:[PRESS ,0038]P     -4mbar,T -2769mdegC
1594523894:[PRESS ,0038]P     -4mbar,T+24695mdegC
1594523896:[PRESS ,0038]P     -4mbar,T -2769mdegC
1594523899:[PRESS ,0038]P     -4mbar,T+24695mdegC
1594523905:[PRESS ,0038]P     -4mbar,T -2769mdegC
1594523907:[PRESS ,0038]P     -4mbar,T-30234mdegC
1594523908:[PRESS ,0038]P     +6mbar,T+24695mdegC
1594523910:[PRESS ,0038]P     +6mbar,T -2769mdegC
1594523914:[BYPASS,0035]bypass opening 10000ms
1594523919:[BYPASS,0104]battery 15152mV,  316956uA (bypass opening), P     +6mbar
1594523934:[BYPASS,0106]battery 15152mV,  313906uA (bypass closing), P     +6mbar
1594523936:[PRESS ,0038]P     +6mbar,T+24695mdegC
1594523938:[PRESS ,0038]P     -4mbar,T -2769mdegC
1594523950:[PRESS ,0038]P     +6mbar,T-30234mdegC
1594523952:[PRESS ,0038]P     +6mbar,T+24695mdegC
1594523954:[PRESS ,0038]P     -4mbar,T -2769mdegC
1594523961:[BYPASS,0035]bypass opening 10000ms
1594523966:[BYPASS,0104]battery 15153mV,  314272uA (bypass opening), P    -14mbar
1594523981:[BYPASS,0106]battery 15151mV,  314760uA (bypass closing), P    -14mbar
1594523986:[PRESS ,0038]P     -4mbar,T+24695mdegC
1594523988:[PRESS ,0038]P     +6mbar,T -2769mdegC
1594523997:[PRESS ,0038]P     +6mbar,T+24695mdegC
1594523999:[PRESS ,0038]P     +6mbar,T -2769mdegC
1594524000:[PRESS ,0038]P     -4mbar,T+24695mdegC
1594524002:[PRESS ,0038]P     -4mbar,T -2769mdegC
1594524004:[PRESS ,0038]P     +6mbar,T+24695mdegC
1594524006:[PRESS ,0038]P     +6mbar,T -2769mdegC
1594524008:[BYPASS,0035]bypass opening 10000ms
1594524013:[BYPASS,0104]battery 15152mV,  319274uA (bypass opening), P     -4mbar
1594524028:[BYPASS,0106]battery 15151mV,  313418uA (bypass closing), P     -4mbar
1594524030:[PRESS ,0038]P     -4mbar,T-30234mdegC
1594524031:[PRESS ,0038]P     -4mbar,T+24695mdegC
1594524033:[PRESS ,0038]P     -4mbar,T -2769mdegC
1594524035:[PRESS ,0038]P     -4mbar,T+24695mdegC
1594524037:[PRESS ,0038]P     +6mbar,T -2769mdegC
1594524039:[PRESS ,0038]P     -4mbar,T-30234mdegC
1594524040:[PRESS ,0038]P     +6mbar,T+24695mdegC
1594524042:[PRESS ,0038]P     -4mbar,T -2769mdegC
1594524051:[PRESS ,0038]P     -4mbar,T-30234mdegC
1594524053:[PRESS ,0038]P     -4mbar,T+24695mdegC
1594524055:[PRESS ,0038]P     -4mbar,T -2769mdegC
1594524055:[BYPASS,0035]bypass opening 10000ms
1594524060:[BYPASS,0104]battery 15155mV,  310856uA (bypass opening), P     -4mbar
1594524075:[BYPASS,0106]battery 15151mV,  314028uA (bypass closing), P     -4mbar
1594524087:[PRESS ,0038]P     -4mbar,T-30234mdegC
1594524089:[PRESS ,0038]P    -14mbar,T -2769mdegC
1594524093:[PRESS ,0038]P     -4mbar,T-30234mdegC
1594524094:[PRESS ,0038]P     -4mbar,T -2769mdegC
1594524098:[PRESS ,0038]P    +16mbar,T-30234mdegC
1594524100:[PRESS ,0038]P     -4mbar,T -2769mdegC
1594524102:[BYPASS,0035]bypass opening 10000ms
1594524107:[BYPASS,0104]battery 15152mV,  316468uA (bypass opening), P     -4mbar
1594524122:[BYPASS,0106]battery 15151mV,  313418uA (bypass closing), P     -4mbar
1594524125:[PRESS ,0038]P     +6mbar,T+24695mdegC
1594524127:[PRESS ,0038]P     -4mbar,T -2769mdegC
1594524136:[PRESS ,0038]P     -4mbar,T-30234mdegC
1594524140:[PRESS ,0038]P     -4mbar,T -2769mdegC
1594524147:[PRESS ,0038]P    -14mbar,T-30234mdegC
1594524148:[PRESS ,0038]P     -4mbar,T -2769mdegC
1594524149:[BYPASS,0035]bypass opening 10000ms
1594524154:[BYPASS,0104]battery 15151mV,  319152uA (bypass opening), P     -4mbar
1594524169:[BYPASS,0106]battery 15151mV,  314516uA (bypass closing), P     -4mbar
1594524176:[PRESS ,0038]P     +6mbar,T+24695mdegC
1594524178:[PRESS ,0038]P    -14mbar,T-30234mdegC
1594524181:[PRESS ,0038]P     +6mbar,T -2769mdegC
1594524185:[PRESS ,0038]P     +6mbar,T-30234mdegC
1594524186:[PRESS ,0038]P     -4mbar,T -2769mdegC
1594524188:[PRESS ,0038]P     +6mbar,T+24695mdegC
1594524192:[PRESS ,0038]P    -14mbar,T -2769mdegC
1594524194:[PRESS ,0038]P     +6mbar,T+24695mdegC
1594524195:[PRESS ,0038]P     +6mbar,T -2769mdegC
1594524196:[BYPASS,0035]bypass opening 10000ms
1594524201:[BYPASS,0104]battery 15152mV,  315980uA (bypass opening), P     +6mbar
1594524216:[BYPASS,0106]battery 15151mV,  313052uA (bypass closing), P     +6mbar
1594524223:[PRESS ,0038]P    +16mbar,T-30234mdegC
1594524226:[PRESS ,0038]P     -4mbar,T -2769mdegC
1594524237:[PRESS ,0038]P    -14mbar,T-30234mdegC
1594524239:[PRESS ,0038]P     -4mbar,T+24695mdegC
1594524242:[PRESS ,0038]P    -14mbar,T -2769mdegC
1594524242:[BYPASS,0035]bypass opening 10000ms
1594524247:[BYPASS,0104]battery 15152mV,  317200uA (bypass opening), P    -14mbar
1594524262:[BYPASS,0106]battery 15150mV,  313906uA (bypass closing), P    -14mbar
1594524266:[PRESS ,0038]P     -4mbar,T+24695mdegC
1594524270:[PRESS ,0038]P     -4mbar,T-30234mdegC
1594524271:[PRESS ,0038]P     +6mbar,T -2769mdegC
1594524275:[PRESS ,0038]P    -14mbar,T+24695mdegC
1594524279:[PRESS ,0038]P     -4mbar,T -2769mdegC
1594524282:[PRESS ,0038]P     -4mbar,T+24695mdegC
1594524284:[PRESS ,0038]P    -14mbar,T -2769mdegC
1594524288:[PRESS ,0038]P     -4mbar,T+24695mdegC
1594524289:[PRESS ,0038]P    -14mbar,T -2769mdegC
1594524289:[BYPASS,0035]bypass opening 10000ms
1594524294:[BYPASS,0104]battery 15152mV,  317200uA (bypass opening), P    -14mbar
1594524309:[BYPASS,0106]battery 15151mV,  312930uA (bypass closing), P    -14mbar
1594524311:[PRESS ,0038]P     -4mbar,T+24695mdegC
1594524313:[PRESS ,0038]P     -4mbar,T -2769mdegC
1594524322:[PRESS ,0038]P     -4mbar,T-30234mdegC
1594524324:[PRESS ,0038]P     -4mbar,T -2769mdegC
1594524331:[PRESS ,0038]P    -14mbar,T+24695mdegC
1594524336:[BYPASS,0035]bypass opening 10000ms
1594524341:[BYPASS,0104]battery 15151mV,  319396uA (bypass opening), P    -14mbar
1594524356:[BYPASS,0106]battery 15150mV,  313418uA (bypass closing), P    -14mbar
1594524358:[PRESS ,0038]P     +6mbar,T -2769mdegC
1594524372:[PRESS ,0038]P    -14mbar,T+24695mdegC
1594524374:[PRESS ,0038]P     -4mbar,T -2769mdegC
1594524379:[PRESS ,0038]P    -14mbar,T-30234mdegC
1594524383:[PRESS ,0038]P    -14mbar,T -2769mdegC
1594524383:[BYPASS,0035]bypass opening 10000ms
1594524388:[BYPASS,0104]battery 15151mV,  316590uA (bypass opening), P    -14mbar
1594524403:[BYPASS,0106]battery 15150mV,  313784uA (bypass closing), P    -14mbar
1594524405:[PRESS ,0038]P     +6mbar,T-30234mdegC
1594524407:[PRESS ,0038]P     -4mbar,T -2769mdegC
1594524409:[PRESS ,0038]P     +6mbar,T+24695mdegC
1594524410:[PRESS ,0038]P     +6mbar,T -2769mdegC
1594524414:[PRESS ,0038]P    -14mbar,T+24695mdegC
1594524416:[PRESS ,0038]P    -14mbar,T -2769mdegC
1594524421:[PRESS ,0038]P     -4mbar,T+24695mdegC
1594524423:[PRESS ,0038]P     -4mbar,T -2769mdegC
1594524425:[PRESS ,0038]P    -14mbar,T +7835mdegC
1594524427:[PRESS ,0038]P     -4mbar,T+24695mdegC
1594524428:[PRESS ,0038]P     -4mbar,T -2769mdegC
1594524430:[BYPASS,0035]bypass opening 10000ms
1594524435:[BYPASS,0104]battery 15152mV,  314638uA (bypass opening), P    -14mbar
1594524450:[BYPASS,0106]battery 15150mV,  313540uA (bypass closing), P    -14mbar
1594524459:[PRESS ,0038]P    -14mbar,T+24695mdegC
1594524466:[PRESS ,0038]P    -14mbar,T -2769mdegC
1594524470:[PRESS ,0038]P    -14mbar,T+24695mdegC
1594524472:[PRESS ,0038]P     -4mbar,T -2769mdegC
1594524473:[PRESS ,0038]P    -14mbar,T+24695mdegC
1594524475:[PRESS ,0038]P    -14mbar,T -2769mdegC
1594524477:[PRESS ,0038]P     -4mbar,T+24695mdegC
1594524477:[BYPASS,0035]bypass opening 10000ms
1594524482:[BYPASS,0104]battery 15153mV,  312198uA (bypass opening), P     -4mbar
1594524497:[BYPASS,0106]battery 15150mV,  312930uA (bypass closing), P     -4mbar
1594524499:[PRESS ,0038]P     -4mbar,T -2769mdegC
1594524501:[PRESS ,0038]P     -4mbar,T+24695mdegC
1594524503:[PRESS ,0038]P     +6mbar,T -2769mdegC
1594524504:[PRESS ,0038]P     +6mbar,T+24695mdegC
1594524506:[PRESS ,0038]P    -14mbar,T -2769mdegC
1594524510:[PRESS ,0038]P    -14mbar,T+24695mdegC
1594524513:[PRESS ,0038]P    -14mbar,T -2769mdegC
1594524519:[PRESS ,0038]P    -14mbar,T+24695mdegC
1594524521:[PRESS ,0038]P     -4mbar,T -2769mdegC
1594524524:[BYPASS,0035]bypass opening 10000ms
1594524529:[BYPASS,0104]battery 15151mV,  317566uA (bypass opening), P     -4mbar
1594524544:[BYPASS,0106]battery 15150mV,  313662uA (bypass closing), P     -4mbar
1594524546:[PRESS ,0038]P    +16mbar,T+24695mdegC
1594524548:[PRESS ,0038]P     -4mbar,T -2769mdegC
1594524551:[PRESS ,0038]P    -14mbar,T+24695mdegC
1594524553:[PRESS ,0038]P     -4mbar,T -2769mdegC
1594524557:[PRESS ,0038]P    -14mbar,T+24695mdegC
1594524559:[PRESS ,0038]P    -24mbar,T -2769mdegC
1594524562:[PRESS ,0038]P    -14mbar,T+24695mdegC
1594524566:[PRESS ,0038]P     -4mbar,T -2769mdegC
1594524568:[PRESS ,0038]P     -4mbar,T+24695mdegC
1594524569:[PRESS ,0038]P    -14mbar,T-30234mdegC
1594524571:[PRESS ,0038]P    -14mbar,T -2769mdegC
1594524571:[BYPASS,0035]bypass opening 10000ms
1594524576:[BYPASS,0104]battery 15152mV,  315980uA (bypass opening), P    -14mbar
1594524591:[BYPASS,0106]battery 15150mV,  312564uA (bypass closing), P    -14mbar
1594524604:[PRESS ,0038]P    -14mbar,T+24695mdegC
1594524606:[PRESS ,0038]P    -14mbar,T -2769mdegC
1594524607:[PRESS ,0038]P     -4mbar,T-30234mdegC
1594524609:[PRESS ,0038]P     -4mbar,T -2769mdegC
1594524613:[PRESS ,0038]P     -4mbar,T+24695mdegC
1594524615:[PRESS ,0038]P    -14mbar,T -2769mdegC
1594524618:[BYPASS,0035]bypass opening 10000ms
1594524623:[BYPASS,0104]battery 15151mV,  316590uA (bypass opening), P    -14mbar
1594524638:[BYPASS,0106]battery 15150mV,  313662uA (bypass closing), P    -14mbar
1594524652:[PRESS ,0038]P    -14mbar,T-30234mdegC
1594524654:[PRESS ,0038]P    -14mbar,T -2769mdegC
1594524661:[PRESS ,0038]P    -14mbar,T+24695mdegC
1594524665:[PRESS ,0038]P     -4mbar,T -2769mdegC
1594524665:[BYPASS,0035]bypass opening 10000ms
1594524670:[BYPASS,0104]battery 15151mV,  317688uA (bypass opening), P     -4mbar
1594524685:[BYPASS,0106]battery 15150mV,  312686uA (bypass closing), P     -4mbar
1594524689:[PRESS ,0038]P    -14mbar,T+24695mdegC
1594524694:[PRESS ,0038]P     -4mbar,T -2769mdegC
1594524696:[PRESS ,0038]P     -4mbar,T+24695mdegC
1594524698:[PRESS ,0038]P     -4mbar,T -2769mdegC
1594524705:[PRESS ,0038]P     -4mbar,T+24695mdegC
1594524706:[PRESS ,0038]P     -4mbar,T -2769mdegC
1594524712:[BYPASS,0035]bypass opening 10000ms
1594524717:[BYPASS,0104]battery 15151mV,  317932uA (bypass opening), P    -14mbar
1594524732:[BYPASS,0106]battery 15150mV,  312442uA (bypass closing), P    -14mbar
1594524735:[PRESS ,0038]P    -14mbar,T+24695mdegC
1594524739:[PRESS ,0038]P    -14mbar,T -2769mdegC
1594524744:[PRESS ,0038]P     -4mbar,T+24695mdegC
1594524748:[PRESS ,0038]P    -24mbar,T -2769mdegC
1594524753:[PRESS ,0038]P    -14mbar,T-30234mdegC
1594524755:[PRESS ,0038]P    -14mbar,T+24695mdegC
1594524757:[PRESS ,0038]P     -4mbar,T -2769mdegC
1594524759:[BYPASS,0035]bypass opening 10000ms
1594524764:[BYPASS,0104]battery 15150mV,  320250uA (bypass opening), P    -14mbar
1594524779:[BYPASS,0106]battery 15150mV,  313174uA (bypass closing), P    -14mbar
1594524782:[PRESS ,0038]P    -14mbar,T+24695mdegC
1594524784:[PRESS ,0038]P     -4mbar,T -2769mdegC
1594524788:[PRESS ,0038]P    -14mbar,T+24695mdegC
1594524790:[PRESS ,0038]P     -4mbar,T -2769mdegC
1594524793:[PRESS ,0038]P     -4mbar,T+24695mdegC
1594524795:[PRESS ,0038]P     -4mbar,T -2769mdegC
1594524797:[PRESS ,0038]P    -14mbar,T+24695mdegC
1594524799:[PRESS ,0038]P    -14mbar,T -2769mdegC
1594524806:[BYPASS,0035]bypass opening 10000ms
1594524811:[BYPASS,0104]battery 15151mV,  315980uA (bypass opening), P    -14mbar
1594524826:[BYPASS,0106]battery 15150mV,  312320uA (bypass closing), P    -14mbar
1594524831:[PRESS ,0038]P     -4mbar,T-30234mdegC
1594524833:[PRESS ,0038]P     -4mbar,T -2769mdegC
1594524837:[PRESS ,0038]P    -14mbar,T-30234mdegC
1594524838:[PRESS ,0038]P     -4mbar,T+24695mdegC
1594524840:[PRESS ,0038]P     -4mbar,T-30234mdegC
1594524842:[PRESS ,0038]P    -14mbar,T -2769mdegC
1594524844:[PRESS ,0038]P    -14mbar,T+24695mdegC
1594524846:[PRESS ,0038]P     -4mbar,T -2769mdegC
1594524847:[PRESS ,0038]P    -14mbar,T-30234mdegC
1594524849:[PRESS ,0038]P    -24mbar,T -2769mdegC
1594524853:[PRESS ,0038]P     -4mbar,T+24695mdegC
1594524853:[BYPASS,0035]bypass opening 10000ms
1594524858:[BYPASS,0104]battery 15152mV,  311954uA (bypass opening), P     -4mbar
1594524873:[BYPASS,0106]battery 15150mV,  312076uA (bypass closing), P     -4mbar
1594524875:[PRESS ,0038]P     -4mbar,T -2769mdegC
1594524878:[PRESS ,0038]P    -14mbar,T+24695mdegC
1594524885:[PRESS ,0038]P    -24mbar,T -2769mdegC
1594524891:[PRESS ,0038]P    -14mbar,T+24695mdegC
1594524893:[PRESS ,0038]P    -14mbar,T-30234mdegC
1594524894:[PRESS ,0038]P    -14mbar,T+24695mdegC
1594524896:[PRESS ,0038]P     -4mbar,T -2769mdegC
1594524900:[BYPASS,0035]bypass opening 10000ms
1594524905:[BYPASS,0104]battery 15152mV,  313296uA (bypass opening), P     -4mbar
1594524920:[BYPASS,0106]battery 15150mV,  313052uA (bypass closing), P     -4mbar
1594524922:[PRESS ,0038]P     -4mbar,T-30234mdegC
1594524923:[PRESS ,0038]P    -14mbar,T -2769mdegC
1594524931:[PRESS ,0038]P     -4mbar,T-30234mdegC
1594524932:[PRESS ,0038]P     -4mbar,T -2769mdegC
1594524934:[PRESS ,0038]P    -14mbar,T-30234mdegC
1594524936:[PRESS ,0038]P     -4mbar,T+24695mdegC
1594524938:[PRESS ,0038]P    -14mbar,T -2769mdegC
1594524940:[PRESS ,0038]P     -4mbar,T-30234mdegC
1594524941:[PRESS ,0038]P    -14mbar,T -2769mdegC
1594524947:[PRESS ,0038]P    -14mbar,T+24695mdegC
1594524947:[BYPASS,0035]bypass opening 10000ms
1594524952:[BYPASS,0104]battery 15151mV,  315736uA (bypass opening), P    -14mbar
1594524967:[BYPASS,0106]battery 15150mV,  311710uA (bypass closing), P    -14mbar
1594524970:[PRESS ,0038]P     -4mbar,T -2769mdegC
1594524974:[PRESS ,0038]P     -4mbar,T+24695mdegC
1594524976:[PRESS ,0038]P     -4mbar,T -2769mdegC
1594524978:[PRESS ,0038]P    -14mbar,T-30234mdegC
1594524979:[PRESS ,0038]P    -14mbar,T+24695mdegC
1594524981:[PRESS ,0038]P    -14mbar,T -2769mdegC
1594524987:[PRESS ,0038]P    -24mbar,T+24695mdegC
1594524988:[PRESS ,0038]P    -14mbar,T -2769mdegC
1594524990:[PRESS ,0038]P    -14mbar,T+24695mdegC
1594524992:[PRESS ,0038]P     -4mbar,T -2769mdegC
1594524994:[BYPASS,0035]bypass opening 10000ms
1594524999:[BYPASS,0104]battery 15150mV,  320494uA (bypass opening), P     -4mbar
1594525014:[BYPASS,0106]battery 15150mV,  312564uA (bypass closing), P     -4mbar
1594525016:[PRESS ,0038]P    -14mbar,T+24695mdegC
1594525018:[PRESS ,0038]P     -4mbar,T -2769mdegC
1594525019:[PRESS ,0038]P    -14mbar,T+24695mdegC
1594525021:[PRESS ,0038]P     -4mbar,T -2769mdegC
1594525023:[PRESS ,0038]P     -4mbar,T+24695mdegC
1594525025:[PRESS ,0038]P     -4mbar,T -2769mdegC
1594525027:[PRESS ,0038]P    -14mbar,T+24695mdegC
1594525028:[PRESS ,0038]P    -14mbar,T -2769mdegC
1594525030:[PRESS ,0038]P    -14mbar,T+24695mdegC
1594525032:[PRESS ,0038]P    -14mbar,T-13378mdegC
1594525034:[PRESS ,0038]P    -14mbar,T+24695mdegC
1594525036:[PRESS ,0038]P     -4mbar,T -2769mdegC
1594525037:[PRESS ,0038]P     -4mbar,T+24695mdegC
1594525039:[PRESS ,0038]P    -14mbar,T -2769mdegC
1594525041:[BYPASS,0035]bypass opening 10000ms
1594525046:[BYPASS,0104]battery 15150mV,  320250uA (bypass opening), P    -14mbar
1594525061:[BYPASS,0106]battery 15150mV,  312442uA (bypass closing), P    -14mbar
1594525063:[PRESS ,0038]P     -4mbar,T+24695mdegC
1594525065:[PRESS ,0038]P     -4mbar,T -2769mdegC
1594525068:[PRESS ,0038]P     -4mbar,T+24695mdegC
1594525070:[PRESS ,0038]P    -14mbar,T -2769mdegC
1594525072:[PRESS ,0038]P     -4mbar,T+24695mdegC
1594525074:[PRESS ,0038]P    -14mbar,T-30234mdegC
1594525076:[PRESS ,0038]P     -4mbar,T+24695mdegC
1594525077:[PRESS ,0038]P     -4mbar,T -2769mdegC
1594525088:[PRESS ,0038]P    -14mbar,T+24695mdegC
1594525088:[BYPASS,0035]bypass opening 10000ms
1594525093:[BYPASS,0104]battery 15150mV,  320494uA (bypass opening), P    -14mbar
1594525108:[BYPASS,0106]battery 15150mV,  312808uA (bypass closing), P    -14mbar
1594525110:[PRESS ,0038]P    -14mbar,T -2769mdegC
1594525114:[PRESS ,0038]P    -14mbar,T+24695mdegC
1594525117:[PRESS ,0038]P    -24mbar,T -2769mdegC
1594525130:[PRESS ,0038]P     -4mbar,T+24695mdegC
1594525133:[PRESS ,0038]P    -14mbar,T -2769mdegC
1594525135:[BYPASS,0035]bypass opening 10000ms
1594525140:[BYPASS,0104]battery 15151mV,  316468uA (bypass opening), P     -4mbar
1594525155:[BYPASS,0106]battery 15150mV,  312808uA (bypass closing), P     -4mbar
1594525159:[PRESS ,0038]P    -14mbar,T-30234mdegC
1594525160:[PRESS ,0038]P     -4mbar,T -2769mdegC
1594525168:[PRESS ,0038]P     -4mbar,T+24695mdegC
1594525169:[PRESS ,0038]P    -14mbar,T -2769mdegC
1594525173:[PRESS ,0038]P     -4mbar,T+24695mdegC
1594525175:[PRESS ,0038]P    -14mbar,T -2769mdegC
1594525178:[PRESS ,0038]P    -14mbar,T-30234mdegC
1594525180:[PRESS ,0038]P    -14mbar,T -2769mdegC
1594525182:[BYPASS,0035]bypass opening 10000ms
1594525187:[BYPASS,0104]battery 15150mV,  319640uA (bypass opening), P    -14mbar
1594525202:[BYPASS,0106]battery 15150mV,  312076uA (bypass closing), P    -14mbar
1594525204:[PRESS ,0038]P    -24mbar,T+24695mdegC
1594525206:[PRESS ,0038]P    -14mbar,T -2769mdegC
1594525207:[PRESS ,0038]P    -14mbar,T-30234mdegC
1594525209:[PRESS ,0038]P    -14mbar,T -2769mdegC
1594525211:[PRESS ,0038]P     -4mbar,T-30234mdegC
1594525213:[PRESS ,0038]P     -4mbar,T -2769mdegC
1594525216:[PRESS ,0038]P     -4mbar,T+24695mdegC
1594525218:[PRESS ,0038]P    -14mbar,T -2769mdegC
1594525220:[PRESS ,0038]P     -4mbar,T+24695mdegC
1594525222:[PRESS ,0038]P    -14mbar,T -2769mdegC
1594525225:[PRESS ,0038]P    -14mbar,T+24695mdegC
1594525229:[PRESS ,0038]P     -4mbar,T -2769mdegC
1594525229:[BYPASS,0035]bypass opening 10000ms
1594525234:[BYPASS,0104]battery 15151mV,  316468uA (bypass opening), P     -4mbar
1594525249:[BYPASS,0106]battery 15150mV,  311466uA (bypass closing), P     -4mbar
1594525251:[PRESS ,0038]P     -4mbar,T+24695mdegC
1594525253:[PRESS ,0038]P     -4mbar,T -2769mdegC
1594525255:[PRESS ,0038]P    -14mbar,T-30234mdegC
1594525256:[PRESS ,0038]P     -4mbar,T -2769mdegC
1594525258:[PRESS ,0038]P    -14mbar,T+24695mdegC
1594525263:[PRESS ,0038]P    -14mbar,T -2769mdegC
1594525274:[PRESS ,0038]P    -14mbar,T+24695mdegC
1594525276:[PRESS ,0038]P    -14mbar,T -2769mdegC
1594525276:[BYPASS,0035]bypass opening 10000ms
1594525281:[BYPASS,0104]battery 15151mV,  315858uA (bypass opening), P    -14mbar
1594525296:[BYPASS,0106]battery 15150mV,  313052uA (bypass closing), P    -14mbar
1594525298:[PRESS ,0038]P     -4mbar,T+24695mdegC
1594525301:[PRESS ,0038]P    -14mbar,T -2769mdegC
1594525303:[PRESS ,0038]P    -14mbar,T+24695mdegC
1594525305:[PRESS ,0038]P    -14mbar,T -2769mdegC
1594525307:[PRESS ,0038]P     -4mbar,T+24695mdegC
1594525309:[PRESS ,0038]P    -14mbar,T -2769mdegC
1594525310:[PRESS ,0038]P     -4mbar,T+24695mdegC
1594525314:[PRESS ,0038]P     -4mbar,T -2769mdegC
1594525316:[PRESS ,0038]P     -4mbar,T+24695mdegC
1594525319:[PRESS ,0038]P     -4mbar,T -2769mdegC
1594525323:[BYPASS,0035]bypass opening 10000ms
1594525328:[BYPASS,0104]battery 15150mV,  318786uA (bypass opening), P     -4mbar
1594525343:[BYPASS,0106]battery 15150mV,  311954uA (bypass closing), P     -4mbar
1594525347:[PRESS ,0038]P     -4mbar,T+24695mdegC
1594525354:[PRESS ,0038]P    -14mbar,T -2769mdegC
1594525356:[PRESS ,0038]P    -14mbar,T-30234mdegC
1594525357:[PRESS ,0038]P     +6mbar,T -2769mdegC
1594525363:[PRESS ,0038]P    -14mbar,T-30234mdegC
1594525365:[PRESS ,0038]P     -4mbar,T -2769mdegC
1594525368:[PRESS ,0038]P    -24mbar,T+24695mdegC
1594525370:[PRESS ,0038]P     -4mbar,T -2769mdegC
1594525370:[BYPASS,0035]bypass opening 10000ms
1594525375:[BYPASS,0104]battery 15150mV,  319640uA (bypass opening), P     -4mbar
1594525390:[BYPASS,0106]battery 15150mV,  312320uA (bypass closing), P     -4mbar
1594525395:[PRESS ,0038]P    -14mbar,T+24695mdegC
1594525397:[PRESS ,0038]P     -4mbar,T -2769mdegC
1594525415:[PRESS ,0038]P    -14mbar,T+24695mdegC
1594525417:[PRESS ,0038]P     -4mbar,T -2769mdegC
1594525417:[BYPASS,0035]bypass opening 10000ms
1594525422:[BYPASS,0104]battery 15151mV,  312686uA (bypass opening), P     -4mbar
1594525437:[BYPASS,0106]battery 15150mV,  311710uA (bypass closing), P     -4mbar
1594525440:[PRESS ,0038]P    -14mbar,T-30234mdegC
1594525444:[PRESS ,0038]P     -4mbar,T+24695mdegC
1594525446:[PRESS ,0038]P    -14mbar,T-30234mdegC
1594525448:[PRESS ,0038]P     -4mbar,T -2769mdegC
1594525451:[PRESS ,0038]P    -14mbar,T+24695mdegC
1594525455:[PRESS ,0038]P    -14mbar,T -2769mdegC
1594525457:[PRESS ,0038]P     -4mbar,T+24695mdegC
1594525458:[PRESS ,0038]P    -14mbar,T -2769mdegC
1594525460:[PRESS ,0038]P    -14mbar,T+24695mdegC
1594525462:[PRESS ,0038]P     -4mbar,T -2769mdegC
1594525464:[PRESS ,0038]P     -4mbar,T+24695mdegC
1594525464:[BYPASS,0035]bypass opening 10000ms
1594525469:[BYPASS,0104]battery 15150mV,  316834uA (bypass opening), P     -4mbar
1594525484:[BYPASS,0106]battery 15150mV,  312320uA (bypass closing), P     -4mbar
1594525486:[PRESS ,0038]P     -4mbar,T -2769mdegC
1594525488:[PRESS ,0038]P     -4mbar,T-30234mdegC
1594525489:[PRESS ,0038]P    -14mbar,T -2769mdegC
1594525495:[PRESS ,0038]P    -14mbar,T+24695mdegC
1594525498:[PRESS ,0038]P     -4mbar,T -2769mdegC
1594525500:[PRESS ,0038]P     -4mbar,T-30234mdegC
1594525504:[PRESS ,0038]P     -4mbar,T -2769mdegC
1594525505:[PRESS ,0038]P    -14mbar,T-30234mdegC
1594525507:[PRESS ,0038]P     -4mbar,T -2769mdegC
1594525511:[BYPASS,0035]bypass opening 10000ms
1594525516:[BYPASS,0104]battery 15151mV,  316468uA (bypass opening), P     -4mbar
1594525531:[BYPASS,0106]battery 15150mV,  312320uA (bypass closing), P     -4mbar
1594525535:[PRESS ,0038]P    -14mbar,T+24695mdegC
1594525536:[PRESS ,0038]P    -14mbar,T -2769mdegC
1594525551:[PRESS ,0038]P    -14mbar,T+24695mdegC
1594525554:[PRESS ,0038]P     -4mbar,T -2769mdegC
1594525556:[PRESS ,0038]P    -24mbar,T+24695mdegC
1594525558:[PRESS ,0038]P     -4mbar,T -2769mdegC
1594525558:[BYPASS,0035]bypass opening 10000ms
1594525563:[BYPASS,0104]battery 15148mV,  319762uA (bypass opening), P     -4mbar
1594525578:[BYPASS,0106]battery 15150mV,  312564uA (bypass closing), P     -4mbar
1594525585:[PRESS ,0038]P     -4mbar,T+24695mdegC
1594525587:[PRESS ,0038]P    -14mbar,T -2769mdegC
1594525594:[PRESS ,0038]P     -4mbar,T+24695mdegC
1594525596:[PRESS ,0038]P    -14mbar,T -2769mdegC
1594525599:[PRESS ,0038]P     -4mbar,T+24695mdegC
1594525601:[PRESS ,0038]P    -14mbar,T-30234mdegC
1594525603:[PRESS ,0038]P    -14mbar,T -2769mdegC
1594525605:[BYPASS,0035]bypass opening 10000ms
1594525610:[BYPASS,0104]battery 15151mV,  312198uA (bypass opening), P    -14mbar
1594525625:[BYPASS,0106]battery 15150mV,  311344uA (bypass closing), P    -14mbar
1594525627:[PRESS ,0038]P     -4mbar,T+24695mdegC
1594525630:[PRESS ,0038]P     -4mbar,T -2769mdegC
1594525636:[PRESS ,0038]P    -14mbar,T-30234mdegC
1594525639:[PRESS ,0038]P    -14mbar,T -2769mdegC
1594525641:[PRESS ,0038]P     -4mbar,T+24695mdegC
1594525644:[PRESS ,0038]P    -14mbar,T-30234mdegC
1594525646:[PRESS ,0038]P    -14mbar,T -2769mdegC
1594525648:[PRESS ,0038]P    -14mbar,T+24695mdegC
1594525652:[BYPASS,0035]bypass opening 10000ms
1594525657:[BYPASS,0104]battery 15152mV,  312930uA (bypass opening), P    -14mbar
1594525672:[BYPASS,0106]battery 15150mV,  312564uA (bypass closing), P    -14mbar
1594525675:[PRESS ,0038]P     -4mbar,T -2769mdegC
1594525679:[PRESS ,0038]P     -4mbar,T+24695mdegC
1594525682:[PRESS ,0038]P    -14mbar,T -2769mdegC
1594525684:[PRESS ,0038]P     -4mbar,T+24695mdegC
1594525686:[PRESS ,0038]P     -4mbar,T -2769mdegC
1594525690:[PRESS ,0038]P     -4mbar,T+24695mdegC
1594525693:[PRESS ,0038]P    -14mbar,T -2769mdegC
1594525699:[BYPASS,0035]bypass opening 10000ms
1594525704:[BYPASS,0104]battery 15152mV,  312442uA (bypass opening), P    -14mbar
1594525719:[BYPASS,0106]battery 15150mV,  311466uA (bypass closing), P    -14mbar
1594525721:[PRESS ,0038]P    -14mbar,T+24695mdegC
1594525729:[PRESS ,0038]P    -14mbar,T -2769mdegC
1594525736:[PRESS ,0038]P     -4mbar,T-30234mdegC
1594525738:[PRESS ,0038]P     -4mbar,T -2769mdegC
1594525740:[PRESS ,0038]P    -14mbar,T-30234mdegC
1594525742:[PRESS ,0038]P     -4mbar,T+24695mdegC
1594525744:[PRESS ,0038]P     -4mbar,T-30234mdegC
1594525746:[BYPASS,0035]bypass opening 10000ms
1594525751:[BYPASS,0104]battery 15150mV,  317078uA (bypass opening), P     -4mbar
1594525766:[BYPASS,0106]battery 15148mV,  312686uA (bypass closing), P     -4mbar
1594525767:[PRESS ,0038]P    -14mbar,T -2769mdegC
1594525769:[PRESS ,0038]P     -4mbar,T+24695mdegC
1594525773:[PRESS ,0038]P    -14mbar,T -2769mdegC
1594525778:[PRESS ,0038]P     -4mbar,T-13378mdegC
1594525780:[PRESS ,0038]P    -14mbar,T -2769mdegC
1594525782:[PRESS ,0038]P    -14mbar,T+24695mdegC
1594525785:[PRESS ,0038]P    -14mbar,T-30234mdegC
1594525787:[PRESS ,0038]P    -14mbar,T -2769mdegC
1594525789:[PRESS ,0038]P    -14mbar,T+24695mdegC
1594525793:[BYPASS,0035]bypass opening 10000ms
1594525798:[BYPASS,0104]battery 15150mV,  316346uA (bypass opening), P    -14mbar
1594525813:[BYPASS,0106]battery 15150mV,  312076uA (bypass closing), P    -14mbar
1594525815:[PRESS ,0038]P     -4mbar,T -2769mdegC
1594525829:[PRESS ,0038]P     -4mbar,T+24695mdegC
1594525830:[PRESS ,0038]P    -14mbar,T -2769mdegC
1594525839:[PRESS ,0038]P     -4mbar,T+24695mdegC
1594525839:[BYPASS,0035]bypass opening 10000ms
1594525844:[BYPASS,0104]battery 15150mV,  317444uA (bypass opening), P     -4mbar
1594525860:[BYPASS,0106]battery 15148mV,  312686uA (bypass closing), P     -4mbar
1594525861:[PRESS ,0038]P    -14mbar,T -2769mdegC
1594525870:[PRESS ,0038]P    -14mbar,T+24695mdegC
1594525872:[PRESS ,0038]P     -4mbar,T -2769mdegC
1594525877:[PRESS ,0038]P     -4mbar,T-30234mdegC
1594525879:[PRESS ,0038]P     -4mbar,T -2769mdegC
1594525886:[PRESS ,0038]P    -14mbar,T+24695mdegC
1594525886:[BYPASS,0035]bypass opening 10000ms
1594525891:[BYPASS,0104]battery 15150mV,  317078uA (bypass opening), P    -14mbar
1594525906:[BYPASS,0106]battery 15150mV,  311588uA (bypass closing), P    -14mbar
1594525908:[PRESS ,0038]P     -4mbar,T -2769mdegC
1594525912:[PRESS ,0038]P    -14mbar,T+24695mdegC
1594525914:[PRESS ,0038]P     -4mbar,T -2769mdegC
1594525917:[PRESS ,0038]P    -14mbar,T+24695mdegC
1594525919:[PRESS ,0038]P    -14mbar,T -2769mdegC
1594525921:[PRESS ,0038]P    -24mbar,T-30234mdegC
1594525923:[PRESS ,0038]P     -4mbar,T -2769mdegC
1594525931:[PRESS ,0038]P    -14mbar,T+24695mdegC
1594525933:[PRESS ,0038]P    -14mbar,T-30234mdegC
1594525933:[BYPASS,0035]bypass opening 10000ms
1594525938:[BYPASS,0104]battery 15148mV,  320128uA (bypass opening), P    -14mbar
1594525953:[BYPASS,0106]battery 15148mV,  312686uA (bypass closing), P    -14mbar
1594525955:[PRESS ,0038]P    -14mbar,T -2769mdegC
1594525961:[PRESS ,0038]P    -14mbar,T-30234mdegC
1594525962:[PRESS ,0038]P    -14mbar,T -2769mdegC
1594525973:[PRESS ,0038]P    -14mbar,T+24695mdegC
1594525975:[PRESS ,0038]P    -14mbar,T -2769mdegC
1594525980:[PRESS ,0038]P     -4mbar,T+24695mdegC
1594525980:[BYPASS,0035]bypass opening 10000ms
1594525985:[BYPASS,0104]battery 15150mV,  315980uA (bypass opening), P     -4mbar
1594526000:[BYPASS,0106]battery 15150mV,  311832uA (bypass closing), P     -4mbar
1594526004:[PRESS ,0038]P    -14mbar,T -2769mdegC
1594526006:[PRESS ,0038]P     -4mbar,T-30234mdegC
1594526009:[PRESS ,0038]P    -14mbar,T+24695mdegC
1594526011:[PRESS ,0038]P     +6mbar,T -2769mdegC
1594526013:[PRESS ,0038]P    -14mbar,T-30234mdegC
1594526015:[PRESS ,0038]P    -14mbar,T -2769mdegC
1594526016:[PRESS ,0038]P     -4mbar,T+24695mdegC
1594526018:[PRESS ,0038]P    -14mbar,T -2769mdegC
1594526020:[PRESS ,0038]P    -14mbar,T+24695mdegC
1594526024:[PRESS ,0038]P    -14mbar,T -2769mdegC
1594526027:[BYPASS,0035]bypass opening 10000ms
1594526032:[BYPASS,0104]battery 15151mV,  314516uA (bypass opening), P     +6mbar
1594526047:[BYPASS,0106]battery 15148mV,  312808uA (bypass closing), P     +6mbar
1594526049:[PRESS ,0038]P     -4mbar,T+24695mdegC
1594526051:[PRESS ,0038]P     -4mbar,T -2769mdegC
1594526060:[PRESS ,0038]P     -4mbar,T-30234mdegC
1594526062:[PRESS ,0038]P     -4mbar,T -2769mdegC
1594526065:[PRESS ,0038]P     -4mbar,T-30234mdegC
1594526069:[PRESS ,0038]P     -4mbar,T -2769mdegC
1594526071:[PRESS ,0038]P     -4mbar,T+24695mdegC
1594526072:[PRESS ,0038]P     -4mbar,T -2769mdegC
1594526074:[BYPASS,0035]bypass opening 10000ms
1594526079:[BYPASS,0104]battery 15151mV,  314638uA (bypass opening), P     -4mbar
1594526094:[BYPASS,0106]battery 15150mV,  311100uA (bypass closing), P     -4mbar
1594526098:[PRESS ,0038]P     -4mbar,T+24695mdegC
1594526105:[PRESS ,0038]P    -14mbar,T -2769mdegC
1594526107:[PRESS ,0038]P     -4mbar,T+24695mdegC
1594526109:[PRESS ,0038]P    -14mbar,T-13378mdegC
1594526110:[PRESS ,0038]P     -4mbar,T+24695mdegC
1594526112:[PRESS ,0038]P    -14mbar,T -2769mdegC
1594526121:[PRESS ,0038]P     -4mbar,T+24695mdegC
1594526121:[BYPASS,0035]bypass opening 10000ms
1594526126:[BYPASS,0104]battery 15150mV,  316834uA (bypass opening), P     -4mbar
1594526141:[BYPASS,0106]battery 15148mV,  312442uA (bypass closing), P     -4mbar
1594526143:[PRESS ,0038]P     -4mbar,T -2769mdegC
1594526147:[PRESS ,0038]P    -14mbar,T+24695mdegC
1594526148:[PRESS ,0038]P    -14mbar,T-30234mdegC
1594526150:[PRESS ,0038]P    -14mbar,T+24695mdegC
1594526152:[PRESS ,0038]P     -4mbar,T -2769mdegC
1594526154:[PRESS ,0038]P     -4mbar,T+24695mdegC
1594526163:[PRESS ,0038]P     -4mbar,T-13378mdegC
1594526165:[PRESS ,0038]P    -14mbar,T+24695mdegC
1594526166:[PRESS ,0038]P     -4mbar,T -2769mdegC
1594526168:[BYPASS,0035]bypass opening 10000ms
1594526173:[BYPASS,0104]battery 15151mV,  315736uA (bypass opening), P    -14mbar
1594526188:[BYPASS,0106]battery 15150mV,  311222uA (bypass closing), P    -14mbar
1594526194:[PRESS ,0038]P    -14mbar,T-30234mdegC
1594526195:[PRESS ,0038]P     -4mbar,T -2769mdegC
1594526197:[PRESS ,0038]P    -14mbar,T+24695mdegC
1594526201:[PRESS ,0038]P     +6mbar,T -2769mdegC
1594526203:[PRESS ,0038]P     -4mbar,T+24695mdegC
1594526206:[PRESS ,0038]P    -14mbar,T-30234mdegC
1594526208:[PRESS ,0038]P     -4mbar,T -2769mdegC
1594526215:[BYPASS,0035]bypass opening 10000ms
1594526220:[BYPASS,0104]battery 15152mV,  312564uA (bypass opening), P    -14mbar
1594526235:[BYPASS,0106]battery 15148mV,  312442uA (bypass closing), P    -14mbar
1594526241:[PRESS ,0038]P    -14mbar,T+24695mdegC
1594526242:[PRESS ,0038]P    -14mbar,T-30234mdegC
1594526248:[PRESS ,0038]P     -4mbar,T+24695mdegC
1594526249:[PRESS ,0038]P     -4mbar,T-30234mdegC
1594526251:[PRESS ,0038]P    -14mbar,T -2769mdegC
1594526257:[PRESS ,0038]P     -4mbar,T+24695mdegC
1594526260:[PRESS ,0038]P    -14mbar,T -2769mdegC
1594526262:[PRESS ,0038]P     -4mbar,T-30234mdegC
1594526262:[BYPASS,0035]bypass opening 10000ms
1594526267:[BYPASS,0104]battery 15151mV,  312808uA (bypass opening), P     -4mbar
1594526282:[BYPASS,0106]battery 15150mV,  311222uA (bypass closing), P     -4mbar
1594526284:[PRESS ,0038]P     -4mbar,T -2769mdegC
1594526288:[PRESS ,0038]P    -14mbar,T+24695mdegC
1594526298:[PRESS ,0038]P     -4mbar,T -2769mdegC
1594526300:[PRESS ,0038]P    -14mbar,T-30234mdegC
1594526302:[PRESS ,0038]P    -14mbar,T -2769mdegC
1594526304:[PRESS ,0038]P    -14mbar,T+24695mdegC
1594526305:[PRESS ,0038]P    -14mbar,T -2769mdegC
1594526307:[PRESS ,0038]P    -14mbar,T+24695mdegC
1594526309:[BYPASS,0035]bypass opening 10000ms
1594526314:[BYPASS,0104]battery 15150mV,  317688uA (bypass opening), P     -4mbar
1594526329:[BYPASS,0106]battery 15148mV,  312198uA (bypass closing), P     -4mbar
1594526331:[PRESS ,0038]P    -14mbar,T -2769mdegC
1594526336:[PRESS ,0038]P    -14mbar,T+24695mdegC
1594526338:[PRESS ,0038]P    -14mbar,T -2769mdegC
1594526354:[PRESS ,0038]P    -14mbar,T+24695mdegC
1594526356:[BYPASS,0035]bypass opening 10000ms
1594526361:[BYPASS,0104]battery 15148mV,  318908uA (bypass opening), P    -14mbar
1594526376:[BYPASS,0106]battery 15148mV,  311588uA (bypass closing), P    -14mbar
1594526378:[PRESS ,0038]P     -4mbar,T -2769mdegC
1594526380:[PRESS ,0038]P     -4mbar,T-30234mdegC
1594526381:[PRESS ,0038]P     -4mbar,T -2769mdegC
1594526399:[PRESS ,0038]P     -4mbar,T+24695mdegC
1594526401:[PRESS ,0038]P    -14mbar,T-30234mdegC
1594526403:[PRESS ,0038]P     -4mbar,T -2769mdegC
1594526403:[BYPASS,0035]bypass opening 10000ms
1594526408:[BYPASS,0104]battery 15151mV,  313296uA (bypass opening), P     -4mbar
1594526423:[BYPASS,0106]battery 15150mV,  311466uA (bypass closing), P     -4mbar
1594526425:[PRESS ,0038]P     -4mbar,T+24695mdegC
1594526426:[PRESS ,0038]P    -14mbar,T-13378mdegC
1594526428:[PRESS ,0038]P     -4mbar,T -2769mdegC
1594526430:[PRESS ,0038]P     -4mbar,T+24695mdegC
1594526434:[PRESS ,0038]P     -4mbar,T -2769mdegC
1594526441:[PRESS ,0038]P    -14mbar,T+24695mdegC
1594526443:[PRESS ,0038]P     -4mbar,T -2769mdegC
1594526446:[PRESS ,0038]P    -14mbar,T-30234mdegC
1594526448:[PRESS ,0038]P     +6mbar,T+24695mdegC
1594526450:[PRESS ,0038]P     -4mbar,T-30234mdegC
1594526450:[BYPASS,0035]bypass opening 10000ms
1594526455:[BYPASS,0104]battery 15152mV,  308538uA (bypass opening), P     -4mbar
1594526470:[BYPASS,0106]battery 15148mV,  311466uA (bypass closing), P     -4mbar
1594526472:[PRESS ,0038]P     -4mbar,T -2769mdegC
1594526473:[PRESS ,0038]P     -4mbar,T+24695mdegC
1594526475:[PRESS ,0038]P    -14mbar,T -2769mdegC
1594526477:[PRESS ,0038]P     -4mbar,T-30234mdegC
1594526479:[PRESS ,0038]P     +6mbar,T -2769mdegC
1594526481:[PRESS ,0038]P    -14mbar,T+24695mdegC
1594526483:[PRESS ,0038]P    -14mbar,T -2769mdegC
1594526486:[PRESS ,0038]P    -14mbar,T+24695mdegC
1594526488:[PRESS ,0038]P     -4mbar,T -2769mdegC
1594526490:[PRESS ,0038]P     -4mbar,T+24695mdegC
1594526492:[PRESS ,0038]P    -14mbar,T -2769mdegC
1594526497:[PRESS ,0038]P    -14mbar,T+24695mdegC
1594526497:[BYPASS,0035]bypass opening 10000ms
1594526502:[BYPASS,0104]battery 15151mV,  315736uA (bypass opening), P    -14mbar
1594526517:[BYPASS,0106]battery 15148mV,  311832uA (bypass closing), P    -14mbar
1594526522:[PRESS ,0038]P     -4mbar,T -2769mdegC
1594526535:[PRESS ,0038]P    -14mbar,T+24695mdegC
1594526538:[PRESS ,0038]P    -14mbar,T-30234mdegC
1594526540:[PRESS ,0038]P     -4mbar,T -2769mdegC
1594526544:[BYPASS,0035]bypass opening 10000ms
1594526549:[BYPASS,0104]battery 15150mV,  318298uA (bypass opening), P     -4mbar
1594526564:[BYPASS,0106]battery 15148mV,  311222uA (bypass closing), P     -4mbar
1594526582:[PRESS ,0038]P    -14mbar,T+24695mdegC
1594526583:[PRESS ,0038]P    -14mbar,T -2769mdegC
1594526587:[PRESS ,0038]P    -14mbar,T+24695mdegC
1594526590:[PRESS ,0038]P     -4mbar,T -2769mdegC
1594526591:[BYPASS,0035]bypass opening 10000ms
1594526596:[BYPASS,0104]battery 15148mV,  316102uA (bypass opening), P     -4mbar
1594526611:[BYPASS,0106]battery 15148mV,  311344uA (bypass closing), P     -4mbar
1594526612:[PRESS ,0038]P     -4mbar,T+24695mdegC
1594526614:[PRESS ,0038]P    -14mbar,T -2769mdegC
1594526620:[PRESS ,0038]P     +6mbar,T-30234mdegC
1594526623:[PRESS ,0038]P    -14mbar,T -2769mdegC
1594526628:[PRESS ,0038]P    -14mbar,T+24695mdegC
1594526630:[PRESS ,0038]P     -4mbar,T -2769mdegC
1594526632:[PRESS ,0038]P     -4mbar,T+24695mdegC
1594526634:[PRESS ,0038]P    -14mbar,T -2769mdegC
1594526636:[PRESS ,0038]P     -4mbar,T+24695mdegC
1594526638:[PRESS ,0038]P    -14mbar,T -2769mdegC
1594526638:[BYPASS,0035]bypass opening 10000ms
1594526643:[BYPASS,0104]battery 15150mV,  317078uA (bypass opening), P    -14mbar
1594526658:[BYPASS,0106]battery 15148mV,  311588uA (bypass closing), P    -14mbar
1594526667:[PRESS ,0038]P     -4mbar,T+24695mdegC
1594526670:[PRESS ,0038]P    -14mbar,T -2769mdegC
1594526674:[PRESS ,0038]P    -14mbar,T-30234mdegC
1594526675:[PRESS ,0038]P    -14mbar,T+24695mdegC
1594526677:[PRESS ,0038]P     -4mbar,T -2769mdegC
1594526684:[PRESS ,0038]P    -14mbar,T-30234mdegC
1594526684:[BYPASS,0035]bypass opening 10000ms
1594526690:[BYPASS,0104]battery 15150mV,  315004uA (bypass opening), P    -14mbar
1594526705:[BYPASS,0106]battery 15148mV,  311344uA (bypass closing), P    -14mbar
1594526708:[PRESS ,0038]P     -4mbar,T+24695mdegC
1594526710:[PRESS ,0038]P     -4mbar,T -2769mdegC
1594526712:[PRESS ,0038]P     -4mbar,T-30234mdegC
1594526714:[PRESS ,0038]P    -14mbar,T -2769mdegC
1594526715:[PRESS ,0038]P     -4mbar,T+24695mdegC
1594526717:[PRESS ,0038]P    -14mbar,T -2769mdegC
1594526730:[PRESS ,0038]P     -4mbar,T-30234mdegC
1594526731:[PRESS ,0038]P     -4mbar,T -2769mdegC
1594526731:[BYPASS,0035]bypass opening 10000ms
1594526736:[BYPASS,0104]battery 15151mV,  315248uA (bypass opening), P     -4mbar
1594526752:[BYPASS,0106]battery 15148mV,  311832uA (bypass closing), P     -4mbar
1594526764:[PRESS ,0038]P     -4mbar,T+24695mdegC
1594526768:[PRESS ,0038]P    -14mbar,T -2769mdegC
1594526771:[PRESS ,0038]P     -4mbar,T-30234mdegC
1594526773:[PRESS ,0038]P     -4mbar,T+24695mdegC
1594526776:[PRESS ,0038]P    -14mbar,T-30234mdegC
1594526778:[PRESS ,0038]P    -14mbar,T+24695mdegC
1594526778:[BYPASS,0035]bypass opening 10000ms
1594526783:[BYPASS,0104]battery 15150mV,  315492uA (bypass opening), P    -14mbar
1594526798:[BYPASS,0106]battery 15148mV,  311100uA (bypass closing), P    -14mbar
1594526800:[PRESS ,0038]P    -14mbar,T -2769mdegC
1594526806:[PRESS ,0038]P     -4mbar,T-30234mdegC
1594526807:[PRESS ,0038]P     -4mbar,T+24695mdegC
1594526809:[PRESS ,0038]P     -4mbar,T -2769mdegC
1594526816:[PRESS ,0038]P    -14mbar,T+24695mdegC
1594526818:[PRESS ,0038]P    -14mbar,T-30234mdegC
1594526820:[PRESS ,0038]P     -4mbar,T -2769mdegC
1594526822:[PRESS ,0038]P    -14mbar,T-30234mdegC
1594526825:[PRESS ,0038]P    -14mbar,T -2769mdegC
1594526825:[BYPASS,0035]bypass opening 10000ms
1594526830:[BYPASS,0104]battery 15150mV,  315858uA (bypass opening), P    -14mbar
1594526845:[BYPASS,0106]battery 15148mV,  311954uA (bypass closing), P    -14mbar
1594526847:[PRESS ,0038]P    -14mbar,T+24695mdegC
1594526849:[PRESS ,0038]P     -4mbar,T -2769mdegC
1594526851:[PRESS ,0038]P     -4mbar,T-30234mdegC
1594526854:[PRESS ,0038]P    -14mbar,T -2769mdegC
1594526863:[PRESS ,0038]P    -14mbar,T+24695mdegC
1594526865:[PRESS ,0038]P     -4mbar,T -2769mdegC
1594526872:[BYPASS,0035]bypass opening 10000ms
1594526877:[BYPASS,0104]battery 15148mV,  317688uA (bypass opening), P     +6mbar
1594526892:[BYPASS,0106]battery 15148mV,  310978uA (bypass closing), P     +6mbar
1594526894:[PRESS ,0038]P     -4mbar,T+24695mdegC
1594526896:[PRESS ,0038]P    -14mbar,T -2769mdegC
1594526901:[PRESS ,0038]P     -4mbar,T-13378mdegC
1594526903:[PRESS ,0038]P    -14mbar,T+24695mdegC
1594526905:[PRESS ,0038]P    -14mbar,T-30234mdegC
1594526907:[PRESS ,0038]P     -4mbar,T -2769mdegC
1594526910:[PRESS ,0038]P    -14mbar,T-30234mdegC
1594526914:[PRESS ,0038]P     -4mbar,T+24695mdegC
1594526916:[PRESS ,0038]P    -14mbar,T -2769mdegC
1594526919:[PRESS ,0038]P     -4mbar,T+24695mdegC
1594526919:[BYPASS,0035]bypass opening 10000ms
1594526924:[BYPASS,0104]battery 15150mV,  314028uA (bypass opening), P     -4mbar
1594526939:[BYPASS,0106]battery 15148mV,  311710uA (bypass closing), P     -4mbar
1594526941:[PRESS ,0038]P     -4mbar,T -2769mdegC
1594526943:[PRESS ,0038]P     -4mbar,T+24695mdegC
1594526945:[PRESS ,0038]P     -4mbar,T-30234mdegC
1594526947:[PRESS ,0038]P    -14mbar,T -2769mdegC
1594526952:[PRESS ,0038]P     -4mbar,T-30234mdegC
1594526954:[PRESS ,0038]P    -14mbar,T -2769mdegC
1594526956:[PRESS ,0038]P    -14mbar,T-30234mdegC
1594526957:[PRESS ,0038]P    -24mbar,T -2769mdegC
1594526959:[PRESS ,0038]P    -14mbar,T+24695mdegC
1594526961:[PRESS ,0038]P    -14mbar,T -2769mdegC
1594526966:[BYPASS,0035]bypass opening 10000ms
1594526971:[BYPASS,0104]battery 15151mV,  314028uA (bypass opening), P     -4mbar
1594526986:[BYPASS,0106]battery 15148mV,  312320uA (bypass closing), P     -4mbar
1594526997:[PRESS ,0038]P     -4mbar,T+24695mdegC
1594526999:[PRESS ,0038]P     -4mbar,T -2769mdegC
1594527013:[BYPASS,0035]bypass opening 10000ms
1594527018:[BYPASS,0104]battery 15148mV,  317200uA (bypass opening), P    -14mbar
1594527033:[BYPASS,0106]battery 15147mV,  312686uA (bypass closing), P    -14mbar
1594527035:[PRESS ,0038]P     -4mbar,T-13378mdegC
1594527037:[PRESS ,0038]P    -14mbar,T -2769mdegC
1594527039:[PRESS ,0038]P     -4mbar,T-30234mdegC
1594527040:[PRESS ,0038]P    -14mbar,T -2769mdegC
1594527042:[PRESS ,0038]P    -14mbar,T-13378mdegC
1594527044:[PRESS ,0038]P     -4mbar,T -2769mdegC
1594527046:[PRESS ,0038]P     -4mbar,T+24695mdegC
1594527049:[PRESS ,0038]P     -4mbar,T -2769mdegC
1594527058:[PRESS ,0038]P     -4mbar,T+24695mdegC
1594527060:[PRESS ,0038]P     -4mbar,T -2769mdegC
1594527060:[BYPASS,0035]bypass opening 10000ms
1594527065:[BYPASS,0104]battery 15151mV,  309636uA (bypass opening), P     -4mbar
1594527080:[BYPASS,0106]battery 15148mV,  311466uA (bypass closing), P     -4mbar
1594527087:[PRESS ,0038]P    -14mbar,T+24695mdegC
1594527089:[PRESS ,0038]P     -4mbar,T -2769mdegC
1594527098:[PRESS ,0038]P    -14mbar,T-30234mdegC
1594527102:[PRESS ,0038]P    -14mbar,T+24695mdegC
1594527103:[PRESS ,0038]P    -14mbar,T-30234mdegC
1594527105:[PRESS ,0038]P    -14mbar,T -2769mdegC
1594527107:[PRESS ,0038]P    -14mbar,T-30234mdegC
1594527107:[BYPASS,0035]bypass opening 10000ms
1594527112:[BYPASS,0104]battery 15148mV,  315980uA (bypass opening), P    -14mbar
1594527127:[BYPASS,0106]battery 15148mV,  312076uA (bypass closing), P    -14mbar
1594527129:[PRESS ,0038]P     -4mbar,T+24695mdegC
1594527131:[PRESS ,0038]P     -4mbar,T -2769mdegC
1594527138:[PRESS ,0038]P     -4mbar,T-30234mdegC
1594527140:[PRESS ,0038]P    -14mbar,T -2769mdegC
1594527145:[PRESS ,0038]P     -4mbar,T-30234mdegC
1594527147:[PRESS ,0038]P     -4mbar,T+24695mdegC
1594527149:[PRESS ,0038]P    -14mbar,T-30234mdegC
1594527150:[PRESS ,0038]P     -4mbar,T -2769mdegC
1594527154:[BYPASS,0035]bypass opening 10000ms
1594527159:[BYPASS,0104]battery 15150mV,  315980uA (bypass opening), P    -14mbar
1594527174:[BYPASS,0106]battery 15148mV,  311466uA (bypass closing), P    -14mbar
1594527176:[PRESS ,0038]P    -14mbar,T-30234mdegC
1594527178:[PRESS ,0038]P     -4mbar,T+24695mdegC
1594527180:[PRESS ,0038]P    -14mbar,T -2769mdegC
1594527183:[PRESS ,0038]P     -4mbar,T-30234mdegC
1594527188:[PRESS ,0038]P    -14mbar,T -2769mdegC
1594527190:[PRESS ,0038]P    -14mbar,T+24695mdegC
1594527192:[PRESS ,0038]P    -14mbar,T-30234mdegC
1594527197:[PRESS ,0038]P     -4mbar,T -2769mdegC
1594527199:[PRESS ,0038]P     -4mbar,T-30234mdegC
1594527201:[PRESS ,0038]P     -4mbar,T -2769mdegC
1594527201:[BYPASS,0035]bypass opening 10000ms
1594527206:[BYPASS,0104]battery 15150mV,  312808uA (bypass opening), P     -4mbar
1594527221:[BYPASS,0106]battery 15148mV,  311344uA (bypass closing), P     -4mbar
1594527225:[PRESS ,0038]P     -4mbar,T+24695mdegC
1594527228:[PRESS ,0038]P    -14mbar,T -2769mdegC
1594527246:[PRESS ,0038]P    -14mbar,T-30234mdegC
1594527248:[BYPASS,0035]bypass opening 10000ms
1594527253:[BYPASS,0104]battery 15152mV,  310612uA (bypass opening), P    -14mbar
1594527268:[BYPASS,0106]battery 15148mV,  310856uA (bypass closing), P    -14mbar
1594527270:[PRESS ,0038]P    -14mbar,T -2769mdegC
1594527277:[PRESS ,0038]P    -14mbar,T+24695mdegC
1594527279:[PRESS ,0038]P    -14mbar,T-30234mdegC
1594527280:[PRESS ,0038]P     -4mbar,T -2769mdegC
1594527282:[PRESS ,0038]P    -14mbar,T-30234mdegC
1594527284:[PRESS ,0038]P     -4mbar,T+24695mdegC
1594527286:[PRESS ,0038]P     -4mbar,T -2769mdegC
1594527288:[PRESS ,0038]P    -14mbar,T+24695mdegC
1594527289:[PRESS ,0038]P     -4mbar,T-30234mdegC
1594527291:[PRESS ,0038]P     -4mbar,T -2769mdegC
1594527295:[PRESS ,0038]P     -4mbar,T-30234mdegC
1594527295:[BYPASS,0035]bypass opening 10000ms
1594527300:[BYPASS,0104]battery 15151mV,  312686uA (bypass opening), P     -4mbar
1594527315:[BYPASS,0106]battery 15148mV,  311710uA (bypass closing), P     -4mbar
1594527317:[PRESS ,0038]P    -14mbar,T -2769mdegC
1594527320:[PRESS ,0038]P     -4mbar,T-30234mdegC
1594527322:[PRESS ,0038]P     -4mbar,T -2769mdegC
1594527324:[PRESS ,0038]P     -4mbar,T+24695mdegC
1594527326:[PRESS ,0038]P     -4mbar,T -2769mdegC
1594527331:[PRESS ,0038]P     -4mbar,T-30234mdegC
1594527335:[PRESS ,0038]P    -14mbar,T -2769mdegC
1594527338:[PRESS ,0038]P     -4mbar,T+24695mdegC
1594527340:[PRESS ,0038]P     -4mbar,T -2769mdegC
1594527342:[BYPASS,0035]bypass opening 10000ms
1594527347:[BYPASS,0104]battery 15150mV,  314272uA (bypass opening), P     -4mbar
1594527362:[BYPASS,0106]battery 15148mV,  312076uA (bypass closing), P     -4mbar
1594527367:[PRESS ,0038]P     -4mbar,T+24695mdegC
1594527369:[PRESS ,0038]P    -14mbar,T -2769mdegC
1594527373:[PRESS ,0038]P    -14mbar,T+24695mdegC
1594527375:[PRESS ,0038]P     -4mbar,T -2769mdegC
1594527376:[PRESS ,0038]P     +6mbar,T+24695mdegC
1594527378:[PRESS ,0038]P    -14mbar,T -2769mdegC
1594527380:[PRESS ,0038]P    -14mbar,T+24695mdegC
1594527382:[PRESS ,0038]P    -14mbar,T -2769mdegC
1594527385:[PRESS ,0038]P     -4mbar,T+24695mdegC
1594527387:[PRESS ,0038]P     -4mbar,T -2769mdegC
1594527389:[PRESS ,0038]P     -4mbar,T+24695mdegC
1594527389:[BYPASS,0035]bypass opening 10000ms
1594527394:[BYPASS,0104]battery 15148mV,  316468uA (bypass opening), P     -4mbar
1594527409:[BYPASS,0106]battery 15148mV,  311100uA (bypass closing), P     -4mbar
1594527411:[PRESS ,0038]P    -14mbar,T -2769mdegC
1594527418:[PRESS ,0038]P    -14mbar,T+24695mdegC
1594527420:[PRESS ,0038]P     -4mbar,T-30234mdegC
1594527422:[PRESS ,0038]P    -14mbar,T -2769mdegC
1594527425:[PRESS ,0038]P    -14mbar,T+24695mdegC
1594527427:[PRESS ,0038]P     -4mbar,T -2769mdegC
1594527431:[PRESS ,0038]P    -14mbar,T-30234mdegC
1594527432:[PRESS ,0038]P    -14mbar,T -2769mdegC
1594527436:[PRESS ,0038]P    -14mbar,T-30234mdegC
1594527436:[BYPASS,0035]bypass opening 10000ms
1594527441:[BYPASS,0104]battery 15151mV,  310490uA (bypass opening), P    -14mbar
1594527456:[BYPASS,0106]battery 15147mV,  312076uA (bypass closing), P    -14mbar
1594527458:[PRESS ,0038]P     -4mbar,T -2769mdegC
1594527469:[PRESS ,0038]P    -14mbar,T+24695mdegC
1594527470:[PRESS ,0038]P     -4mbar,T -2769mdegC
1594527481:[PRESS ,0038]P     -4mbar,T+24695mdegC
1594527483:[PRESS ,0038]P     -4mbar,T -2769mdegC
1594527483:[BYPASS,0035]bypass opening 10000ms
1594527488:[BYPASS,0104]battery 15148mV,  315492uA (bypass opening), P     -4mbar
1594527503:[BYPASS,0106]battery 15148mV,  310856uA (bypass closing), P     -4mbar
1594527507:[PRESS ,0038]P     -4mbar,T+24695mdegC
1594527510:[PRESS ,0038]P     -4mbar,T -2769mdegC
1594527515:[PRESS ,0038]P     -4mbar,T-30234mdegC
1594527517:[PRESS ,0038]P     -4mbar,T -2769mdegC
1594527530:[BYPASS,0035]bypass opening 10000ms
1594527535:[BYPASS,0104]battery 15148mV,  318420uA (bypass opening), P     +6mbar
1594527550:[BYPASS,0106]battery 15148mV,  311588uA (bypass closing), P     +6mbar
1594527553:[PRESS ,0038]P     -4mbar,T-30234mdegC
1594527555:[PRESS ,0038]P    -14mbar,T -2769mdegC
1594527560:[PRESS ,0038]P     -4mbar,T+24695mdegC
1594527562:[PRESS ,0038]P     -4mbar,T -2769mdegC
1594527576:[BYPASS,0035]bypass opening 10000ms
1594527582:[BYPASS,0104]battery 15148mV,  316224uA (bypass opening), P     -4mbar
1594527597:[BYPASS,0106]battery 15147mV,  312320uA (bypass closing), P     -4mbar
1594527598:[PRESS ,0038]P    -14mbar,T+24695mdegC
1594527600:[PRESS ,0038]P     -4mbar,T -2769mdegC
1594527602:[PRESS ,0038]P    -14mbar,T+24695mdegC
1594527604:[PRESS ,0038]P    -14mbar,T -2769mdegC
1594527606:[PRESS ,0038]P     -4mbar,T+24695mdegC
1594527609:[PRESS ,0038]P     -4mbar,T -2769mdegC
1594527615:[PRESS ,0038]P     -4mbar,T+24695mdegC
1594527616:[PRESS ,0038]P     -4mbar,T -2769mdegC
1594527620:[PRESS ,0038]P     -4mbar,T+24695mdegC
1594527622:[PRESS ,0038]P    -14mbar,T -2769mdegC
1594527624:[BYPASS,0035]bypass opening 10000ms
1594527629:[BYPASS,0104]battery 15148mV,  317200uA (bypass opening), P     -4mbar
1594527644:[BYPASS,0106]battery 15148mV,  311100uA (bypass closing), P     -4mbar
1594527645:[PRESS ,0038]P     -4mbar,T+24695mdegC
1594527647:[PRESS ,0038]P    -14mbar,T -2769mdegC
1594527660:[PRESS ,0038]P     -4mbar,T+24695mdegC
1594527665:[PRESS ,0038]P    -14mbar,T -2769mdegC
1594527669:[PRESS ,0038]P     -4mbar,T+24695mdegC
1594527670:[BYPASS,0035]bypass opening 10000ms
1594527675:[BYPASS,0104]battery 15151mV,  312198uA (bypass opening), P     -4mbar
1594527691:[BYPASS,0106]battery 15147mV,  312442uA (bypass closing), P     -4mbar
1594527694:[PRESS ,0038]P    -14mbar,T -2769mdegC
1594527701:[PRESS ,0038]P     -4mbar,T+24695mdegC
1594527703:[PRESS ,0038]P    -14mbar,T -2769mdegC
1594527707:[PRESS ,0038]P     -4mbar,T+24695mdegC
1594527708:[PRESS ,0038]P     -4mbar,T-30234mdegC
1594527710:[PRESS ,0038]P     -4mbar,T+24695mdegC
1594527712:[PRESS ,0038]P     -4mbar,T -2769mdegC
1594527714:[PRESS ,0038]P    -14mbar,T+24695mdegC
1594527716:[PRESS ,0038]P     +6mbar,T -2769mdegC
1594527717:[BYPASS,0035]bypass opening 10000ms
1594527722:[BYPASS,0104]battery 15150mV,  315736uA (bypass opening), P     -4mbar
1594527738:[BYPASS,0106]battery 15147mV,  310978uA (bypass closing), P     -4mbar
1594527746:[PRESS ,0038]P     -4mbar,T+24695mdegC
1594527748:[PRESS ,0038]P    -14mbar,T -2769mdegC
1594527755:[PRESS ,0038]P     -4mbar,T+24695mdegC
1594527757:[PRESS ,0038]P     -4mbar,T -2769mdegC
1594527764:[BYPASS,0035]bypass opening 10000ms
1594527769:[BYPASS,0104]battery 15148mV,  315980uA (bypass opening), P     -4mbar
1594527784:[BYPASS,0106]battery 15147mV,  311710uA (bypass closing), P     -4mbar
1594527788:[PRESS ,0038]P     -4mbar,T+24695mdegC
1594527790:[PRESS ,0038]P    -14mbar,T -2769mdegC
1594527799:[PRESS ,0038]P    -14mbar,T-30234mdegC
1594527800:[PRESS ,0038]P    -14mbar,T -2769mdegC
1594527804:[PRESS ,0038]P     -4mbar,T+24695mdegC
1594527806:[PRESS ,0038]P    -14mbar,T -2769mdegC
1594527811:[BYPASS,0035]bypass opening 10000ms
1594527816:[BYPASS,0104]battery 15148mV,  318664uA (bypass opening), P    -14mbar
1594527831:[BYPASS,0106]battery 15147mV,  311832uA (bypass closing), P    -14mbar
1594527837:[PRESS ,0038]P     -4mbar,T-30234mdegC
1594527838:[PRESS ,0038]P     -4mbar,T -2769mdegC
1594527842:[PRESS ,0038]P     -4mbar,T+24695mdegC
1594527846:[PRESS ,0038]P    -14mbar,T -2769mdegC
1594527849:[PRESS ,0038]P     -4mbar,T+24695mdegC
1594527851:[PRESS ,0038]P     -4mbar,T -2769mdegC
1594527858:[BYPASS,0035]bypass opening 10000ms
1594527863:[BYPASS,0104]battery 15147mV,  319518uA (bypass opening), P     -4mbar
1594527878:[BYPASS,0106]battery 15147mV,  310978uA (bypass closing), P     -4mbar
1594527882:[PRESS ,0038]P    -14mbar,T-30234mdegC
1594527883:[PRESS ,0038]P    -14mbar,T+24695mdegC
1594527885:[PRESS ,0038]P    -14mbar,T -2769mdegC
1594527891:[PRESS ,0038]P     -4mbar,T-30234mdegC
1594527892:[PRESS ,0038]P     -4mbar,T -2769mdegC
1594527898:[PRESS ,0038]P    -14mbar,T+24695mdegC
1594527900:[PRESS ,0038]P    -14mbar,T-30234mdegC
1594527901:[PRESS ,0038]P     -4mbar,T -2769mdegC
1594527905:[PRESS ,0038]P    -14mbar,T+24695mdegC
1594527905:[BYPASS,0035]bypass opening 10000ms
1594527910:[BYPASS,0104]battery 15147mV,  318298uA (bypass opening), P    -14mbar
1594527925:[BYPASS,0106]battery 15147mV,  311832uA (bypass closing), P    -14mbar
1594527927:[PRESS ,0038]P    -14mbar,T -2769mdegC
1594527934:[PRESS ,0038]P     -4mbar,T+24695mdegC
1594527936:[PRESS ,0038]P     -4mbar,T -2769mdegC
1594527938:[PRESS ,0038]P    -14mbar,T+24695mdegC
1594527941:[PRESS ,0038]P    -14mbar,T -2769mdegC
1594527943:[PRESS ,0038]P     -4mbar,T+24695mdegC
1594527945:[PRESS ,0038]P    -14mbar,T -2769mdegC
1594527947:[PRESS ,0038]P     -4mbar,T-30234mdegC
1594527948:[PRESS ,0038]P     -4mbar,T+24695mdegC
1594527952:[PRESS ,0038]P     -4mbar,T -2769mdegC
1594527952:[BYPASS,0035]bypass opening 10000ms
1594527957:[BYPASS,0104]battery 15148mV,  316224uA (bypass opening), P     -4mbar
1594527972:[BYPASS,0106]battery 15147mV,  312076uA (bypass closing), P     -4mbar
1594527976:[PRESS ,0038]P    -14mbar,T+24695mdegC
1594527978:[PRESS ,0038]P     +6mbar,T -2769mdegC
1594527983:[PRESS ,0038]P     -4mbar,T-30234mdegC
1594527985:[PRESS ,0038]P     -4mbar,T+24695mdegC
1594527990:[PRESS ,0038]P    -14mbar,T -2769mdegC
1594527992:[PRESS ,0038]P     -4mbar,T+24695mdegC
1594527995:[PRESS ,0038]P     -4mbar,T -2769mdegC
1594527997:[PRESS ,0038]P     -4mbar,T-30234mdegC
1594527999:[BYPASS,0035]bypass opening 10000ms
1594528004:[BYPASS,0104]battery 15147mV,  320128uA (bypass opening), P     -4mbar
1594528019:[BYPASS,0106]battery 15147mV,  311222uA (bypass closing), P     -4mbar
1594528021:[PRESS ,0038]P     -4mbar,T -2769mdegC
1594528023:[PRESS ,0038]P     -4mbar,T+24695mdegC
1594528025:[PRESS ,0038]P     -4mbar,T -2769mdegC
1594528030:[PRESS ,0038]P     -4mbar,T+24695mdegC
1594528033:[PRESS ,0038]P     -4mbar,T -2769mdegC
1594528039:[PRESS ,0038]P     -4mbar,T-30234mdegC
1594528041:[PRESS ,0038]P    -14mbar,T -2769mdegC
1594528046:[PRESS ,0038]P    -14mbar,T+24695mdegC
1594528046:[BYPASS,0035]bypass opening 10000ms
1594528051:[BYPASS,0104]battery 15150mV,  310612uA (bypass opening), P    -14mbar
1594528066:[BYPASS,0106]battery 15147mV,  312442uA (bypass closing), P    -14mbar
1594528068:[PRESS ,0038]P     -4mbar,T -2769mdegC
1594528070:[PRESS ,0038]P    -14mbar,T+24695mdegC
1594528072:[PRESS ,0038]P     -4mbar,T -2769mdegC
1594528077:[PRESS ,0038]P     -4mbar,T+24695mdegC
1594528080:[PRESS ,0038]P    -14mbar,T -2769mdegC
1594528082:[PRESS ,0038]P     -4mbar,T+24695mdegC
1594528084:[PRESS ,0038]P     -4mbar,T -2769mdegC
1594528089:[PRESS ,0038]P     -4mbar,T-30234mdegC
1594528091:[PRESS ,0038]P     -4mbar,T -2769mdegC
1594528093:[BYPASS,0035]bypass opening 10000ms
1594528098:[BYPASS,0104]battery 15148mV,  316224uA (bypass opening), P    -14mbar
1594528113:[BYPASS,0106]battery 15147mV,  310856uA (bypass closing), P    -14mbar
1594528122:[PRESS ,0038]P     -4mbar,T+24695mdegC
1594528124:[PRESS ,0038]P     -4mbar,T-30234mdegC
1594528126:[PRESS ,0038]P     -4mbar,T -2769mdegC
1594528127:[PRESS ,0038]P    -24mbar,T-30234mdegC
1594528129:[PRESS ,0038]P    -14mbar,T+24695mdegC
1594528131:[PRESS ,0038]P     -4mbar,T -2769mdegC
1594528135:[PRESS ,0038]P     -4mbar,T+24695mdegC
1594528136:[PRESS ,0038]P    -14mbar,T -2769mdegC
1594528140:[PRESS ,0038]P     -4mbar,T+24695mdegC
1594528140:[BYPASS,0035]bypass opening 10000ms
1594528145:[BYPASS,0104]battery 15150mV,  314638uA (bypass opening), P     -4mbar
1594528160:[BYPASS,0106]battery 15147mV,  312198uA (bypass closing), P     -4mbar
1594528164:[PRESS ,0038]P    -14mbar,T -2769mdegC
1594528169:[PRESS ,0038]P     -4mbar,T+24695mdegC
1594528171:[PRESS ,0038]P     -4mbar,T -2769mdegC
1594528174:[PRESS ,0038]P     -4mbar,T+24695mdegC
1594528178:[PRESS ,0038]P     -4mbar,T -2769mdegC
1594528180:[PRESS ,0038]P    -14mbar,T+24695mdegC
1594528182:[PRESS ,0038]P    -14mbar,T -2769mdegC
1594528185:[PRESS ,0038]P    -14mbar,T+24695mdegC
1594528187:[PRESS ,0038]P     -4mbar,T -2769mdegC
1594528187:[BYPASS,0035]bypass opening 10000ms
1594528192:[BYPASS,0104]battery 15150mV,  312564uA (bypass opening), P     -4mbar
1594528207:[BYPASS,0106]battery 15147mV,  311588uA (bypass closing), P     -4mbar
1594528212:[PRESS ,0038]P     +6mbar,T+24695mdegC
1594528216:[PRESS ,0038]P     -4mbar,T -2769mdegC
1594528232:[PRESS ,0038]P     -4mbar,T+24695mdegC
1594528234:[BYPASS,0035]bypass opening 10000ms
1594528239:[BYPASS,0104]battery 15147mV,  318054uA (bypass opening), P     -4mbar
1594528254:[BYPASS,0106]battery 15147mV,  312076uA (bypass closing), P     -4mbar
1594528256:[PRESS ,0038]P    -14mbar,T-30234mdegC
1594528258:[PRESS ,0038]P    -14mbar,T -2769mdegC
1594528266:[PRESS ,0038]P    -14mbar,T+24695mdegC
1594528268:[PRESS ,0038]P     -4mbar,T -2769mdegC
1594528270:[PRESS ,0038]P     -4mbar,T+24695mdegC
1594528272:[PRESS ,0038]P    -14mbar,T -2769mdegC
1594528274:[PRESS ,0038]P     -4mbar,T-30234mdegC
1594528275:[PRESS ,0038]P    -14mbar,T -2769mdegC
1594528277:[PRESS ,0038]P     -4mbar,T+24695mdegC
1594528281:[PRESS ,0038]P    -14mbar,T -2769mdegC
1594528281:[BYPASS,0035]bypass opening 10000ms
1594528286:[BYPASS,0104]battery 15148mV,  314516uA (bypass opening), P    -14mbar
1594528301:[BYPASS,0106]battery 15147mV,  311100uA (bypass closing), P    -14mbar
1594528313:[PRESS ,0038]P    -14mbar,T+24695mdegC
1594528315:[PRESS ,0038]P     -4mbar,T -2769mdegC
1594528317:[PRESS ,0038]P    -14mbar,T+24695mdegC
1594528319:[PRESS ,0038]P     -4mbar,T -2769mdegC
1594528321:[PRESS ,0038]P     -4mbar,T+24695mdegC
1594528322:[PRESS ,0038]P     -4mbar,T -2769mdegC
1594528328:[PRESS ,0038]P    -14mbar,T+24695mdegC
1594528328:[BYPASS,0035]bypass opening 10000ms
1594528333:[BYPASS,0104]battery 15148mV,  315248uA (bypass opening), P    -14mbar
1594528348:[BYPASS,0106]battery 15147mV,  312442uA (bypass closing), P    -14mbar
1594528350:[PRESS ,0038]P    -14mbar,T-30234mdegC
1594528352:[PRESS ,0038]P    -14mbar,T -2769mdegC
1594528353:[PRESS ,0038]P     -4mbar,T-30234mdegC
1594528355:[PRESS ,0038]P     -4mbar,T -2769mdegC
1594528366:[PRESS ,0038]P     -4mbar,T-30234mdegC
1594528368:[PRESS ,0038]P     -4mbar,T -2769mdegC
1594528375:[PRESS ,0038]P     -4mbar,T+24695mdegC
1594528375:[BYPASS,0035]bypass opening 10000ms
1594528380:[BYPASS,0104]battery 15148mV,  313174uA (bypass opening), P     -4mbar
1594528395:[BYPASS,0106]battery 15147mV,  311222uA (bypass closing), P     -4mbar
1594528400:[PRESS ,0038]P    -14mbar,T -2769mdegC
1594528402:[PRESS ,0038]P    -14mbar,T+24695mdegC
1594528404:[PRESS ,0038]P     -4mbar,T -2769mdegC
1594528409:[PRESS ,0038]P    -14mbar,T+24695mdegC
1594528414:[PRESS ,0038]P     -4mbar,T -2769mdegC
1594528416:[PRESS ,0038]P     -4mbar,T+24695mdegC
1594528418:[PRESS ,0038]P     -4mbar,T -2769mdegC
1594528422:[BYPASS,0035]bypass opening 10000ms
1594528427:[BYPASS,0104]battery 15148mV,  315248uA (bypass opening), P    -14mbar
1594528442:[BYPASS,0106]battery 15147mV,  312198uA (bypass closing), P    -14mbar
1594528451:[PRESS ,0038]P    -14mbar,T+24695mdegC
1594528452:[PRESS ,0038]P     -4mbar,T -2769mdegC
1594528456:[PRESS ,0038]P     -4mbar,T+24695mdegC
1594528458:[PRESS ,0038]P     -4mbar,T -2769mdegC
1594528461:[PRESS ,0038]P    -14mbar,T-30234mdegC
1594528463:[PRESS ,0038]P    -14mbar,T -2769mdegC
1594528467:[PRESS ,0038]P     -4mbar,T+24695mdegC
1594528469:[PRESS ,0038]P     -4mbar,T -2769mdegC
1594528469:[BYPASS,0035]bypass opening 10000ms
1594528474:[BYPASS,0104]battery 15150mV,  314272uA (bypass opening), P     -4mbar
1594528489:[BYPASS,0106]battery 15147mV,  310978uA (bypass closing), P     -4mbar
1594528491:[PRESS ,0038]P     -4mbar,T+24695mdegC
1594528496:[PRESS ,0038]P    -14mbar,T -2769mdegC
1594528498:[PRESS ,0038]P    -14mbar,T-30234mdegC
1594528499:[PRESS ,0038]P    -14mbar,T+24695mdegC
1594528501:[PRESS ,0038]P     +6mbar,T -2769mdegC
1594528515:[BYPASS,0035]bypass opening 10000ms
1594528521:[BYPASS,0104]battery 15147mV,  316712uA (bypass opening), P     -4mbar
1594528536:[BYPASS,0106]battery 15147mV,  311588uA (bypass closing), P     -4mbar
1594528546:[PRESS ,0038]P     -4mbar,T+24695mdegC
1594528550:[PRESS ,0038]P    -14mbar,T-30234mdegC
1594528552:[PRESS ,0038]P    -14mbar,T+24695mdegC
1594528553:[PRESS ,0038]P    -14mbar,T -2769mdegC
1594528557:[PRESS ,0038]P    -14mbar,T-30234mdegC
1594528559:[PRESS ,0038]P     -4mbar,T+24695mdegC
1594528562:[PRESS ,0038]P     -4mbar,T-30234mdegC
1594528562:[BYPASS,0035]bypass opening 10000ms
1594528567:[BYPASS,0104]battery 15148mV,  316102uA (bypass opening), P     -4mbar
1594528583:[BYPASS,0106]battery 15147mV,  311832uA (bypass closing), P     -4mbar
1594528584:[PRESS ,0038]P     -4mbar,T+24695mdegC
1594528590:[PRESS ,0038]P     -4mbar,T-30234mdegC
1594528593:[PRESS ,0038]P    -14mbar,T+24695mdegC
1594528597:[PRESS ,0038]P     -4mbar,T -2769mdegC
1594528599:[PRESS ,0038]P     -4mbar,T+24695mdegC
1594528600:[PRESS ,0038]P     -4mbar,T -2769mdegC
1594528602:[PRESS ,0038]P     -4mbar,T+24695mdegC
1594528604:[PRESS ,0038]P    -14mbar,T -2769mdegC
1594528606:[PRESS ,0038]P    -14mbar,T+24695mdegC
1594528608:[PRESS ,0038]P     -4mbar,T -2769mdegC
1594528609:[BYPASS,0035]bypass opening 10000ms
1594528615:[BYPASS,0104]battery 15148mV,  314638uA (bypass opening), P     -4mbar
1594528630:[BYPASS,0106]battery 15147mV,  312076uA (bypass closing), P     -4mbar
1594528640:[PRESS ,0038]P    -14mbar,T+24695mdegC
1594528642:[PRESS ,0038]P     -4mbar,T-30234mdegC
1594528644:[PRESS ,0038]P    -14mbar,T+24695mdegC
1594528646:[PRESS ,0038]P     -4mbar,T -2769mdegC
1594528656:<ERR>[DIVING,0229]still at -14mbar (+0mbar/s) after 129 bypass done in 128 loop rounds
1594528656:<ERR>[SOS   ,0199]TRIGGERED BY src/diving.c@111
1594528656:<ERR>[SOS   ,0153]REBOOT
