1594593014:[MAIN  ,0007]buoy 452.120-R-0066
1594593014:[MAIN  ,0055]soft pilotage 452.012.300_V2.21-20200701
1594593014:[MAIN  ,0010]cycle 7
1594593014:[SURF  ,0225]surface2
1594593031:[SURF  ,0022]GPS fix...
1594593051:[SURF  ,0015]10 PPS detected...
1594593052:[MRMAID,0052]Mermaid $GPSACK:+0,+0,+0,+0,+0,+0,-30;
1594593062:[MRMAID,0052]Mermaid $GPSOFF:3686328;
1594593063:[GPSFIX,0179]-1s diff
1594593064:[SURF  ,0222]2020-07-12T22:31:04
1594593064:[SURF  ,0082]Latitude : N43deg40.937mn, Longitude :E007deg19.179mn
1594593064:[SURF  ,0223]fix3D,8satellites
1594593064:[SURF  ,0084]GPS fix GPGSA : hdop0.780,vdop1.020
1594593074:[SURF  ,0025]Iridium...
1594593141:[SURF  ,0009]connected in 67s, signal quality 5
1594593202:[SURF  ,0218]prompt received, remote cmd end
1594593202:[SURF  ,0012]16 cmd(s) received
1594593225:[UPLOAD,0248]Upload data files...
1594593533:[SURF  ,0014]disconnected after 459s
1594593538:[SURFIN,0020]filling external bladder
1594593546:[PUMP  ,0207]battery 15140mV,   18422uA (warmup), P    -10mbar
1594593546:[PUMP  ,0016]pump during 300000ms
1594593552:[PUMP  ,0212]battery 14748mV, 1023092uA (steady state), P    -10mbar
1594593554:[SURFIN,0019]external bladder full
1594593554:[SURF  ,0319]transfer interrupted
1594593568:[SURF  ,0022]GPS fix...
1594593588:[SURF  ,0015]10 PPS detected...
1594593589:[MRMAID,0052]Mermaid $GPSACK:+0,+0,+0,+0,+0,+0,+0;
1594593599:[MRMAID,0052]Mermaid $GPSOFF:3686328;
1594593601:[GPSFIX,0179]+0s diff
1594593601:[SURF  ,0222]2020-07-12T22:40:01
1594593601:[SURF  ,0082]Latitude : N43deg40.937mn, Longitude :E007deg19.180mn
1594593601:[SURF  ,0223]fix3D,8satellites
1594593601:[SURF  ,0084]GPS fix GPGSA : hdop0.760,vdop1.030
1594593618:[MAIN  ,0024]internal pressure 78895Pa
1594593619:[BYCMD ,0107]    FreeRTOS V8.2.3
1594593619:[BYCMD ,0108]    FatFS v11a
1594593619:[BYCMD ,0120]    bypass 10000ms 60000ms (20000ms 60000ms stored)
1594593619:[BYCMD ,0121]    valve 60000ms 12750 (60000ms 12750 stored)
1594593619:[BYCMD ,0122]    pump 60000ms 30% 10750 80% (60000ms 30% 10750 80% stored)
1594593619:[BYCMD ,0123]    rate 2mbar/s (2mbar/s stored)
1594593619:[BYCMD ,0124]    surface 500mbar (500mbar stored)
1594593619:[BYCMD ,0125]    near 1500mbar 3mbar/s (15000mbar 3mbar/s stored)
1594593619:[BYCMD ,0126]    far 2500mbar 4mbar/s (25000mbar 4mbar/s stored)
1594593619:[BYCMD ,0127]    ascent 8mbar/s (8mbar/s stored)
1594593619:[BYCMD ,0128]    dead 60s (300s stored)
1594593619:[BYCMD ,0129]    coeff 16/10 (16/10 stored)
1594593619:[BYCMD ,0130]    stab 10 (10 stored)
1594593619:[BYCMD ,0131]    delay 900s 3600s (900s 3600s stored)
1594593619:[BYCMD ,0132]    mmtime 2880min (2880min stored)
1594593619:[BYCMD ,0133]    dv_landing 100ml (100ml stored)
1594593619:[MKDCMD,0150]    p2t37: 15x2000ms, offset -5mbar
1594593619:[P2TCMD,0151]    p2t37: dp 50mbar, dt 5000mdegC
1594593620:[STAGE ,0080]Stage [0] 5000mbar (+/-500mbar) 1800s (<1800s) 
1594593620:[STAGE ,0080]Stage [1] 5000mbar (+/-500mbar) 1800s (<3600s) MERMAID
1594593620:[MAIN  ,0070]turn off bluetooth
1594593624:[PRESS ,0038]P     -5mbar,T-25579mdegC
1594593626:[PRESS ,0038]P    -15mbar,T+12675mdegC
1594593635:[PRESS ,0038]P    -25mbar,T-14608mdegC
1594593637:[PRESS ,0038]P    -15mbar,T+12675mdegC
1594593642:[PRESS ,0038]P    -25mbar,T-14608mdegC
1594593644:[PRESS ,0038]P     +5mbar,T+12675mdegC
1594593647:[DIVING,0141]diving from 5mbar, +0mbar/s
1594593647:[BYPASS,0035]bypass opening 60000ms
1594593652:[BYPASS,0104]battery 15057mV,  246684uA (bypass opening), P     +5mbar
1594593717:[BYPASS,0106]battery 15080mV,  294142uA (bypass closing), P     +5mbar
1594593719:[PRESS ,0038]P   -115mbar,T-14608mdegC
1594593723:[PRESS ,0038]P    -95mbar,T+12675mdegC
1594593725:[PRESS ,0038]P   -105mbar,T-25579mdegC
1594593726:[PRESS ,0038]P   -105mbar,T+12675mdegC
1594593730:[PRESS ,0038]P   -115mbar,T-14608mdegC
1594593732:[PRESS ,0038]P   -115mbar,T+12675mdegC
1594593735:[PRESS ,0038]P   -115mbar,T-14608mdegC
1594593739:[PRESS ,0038]P   -105mbar,T-25579mdegC
1594593741:[PRESS ,0038]P    -95mbar,T+12675mdegC
1594593744:[PRESS ,0038]P   -105mbar,T-14608mdegC
1594593744:[BYPASS,0035]bypass opening 10000ms
1594593749:[BYPASS,0104]battery 15108mV,  251930uA (bypass opening), P   -105mbar
1594593764:[BYPASS,0106]battery 15091mV,  293044uA (bypass closing), P   -105mbar
1594593766:[PRESS ,0038]P   -115mbar,T+12675mdegC
1594593770:[PRESS ,0038]P   -125mbar,T-14608mdegC
1594593772:[PRESS ,0038]P   -125mbar,T+12675mdegC
1594593773:[PRESS ,0038]P   -125mbar,T+23644mdegC
1594593775:[PRESS ,0038]P   -125mbar,T+12675mdegC
1594593777:[PRESS ,0038]P   -135mbar,T-25579mdegC
1594593779:[PRESS ,0038]P   -125mbar,T+12675mdegC
1594593782:[PRESS ,0038]P   -125mbar,T-14608mdegC
1594593784:[PRESS ,0038]P   -125mbar,T+12675mdegC
1594593791:[BYPASS,0035]bypass opening 10000ms
1594593796:[BYPASS,0104]battery 15118mV,  250466uA (bypass opening), P   -135mbar
1594593811:[BYPASS,0106]battery 15101mV,  292190uA (bypass closing), P   -135mbar
1594593813:[PRESS ,0038]P   -125mbar,T-14608mdegC
1594593815:[PRESS ,0038]P   -125mbar,T+12675mdegC
1594593817:[PRESS ,0038]P   -125mbar,T-14608mdegC
1594593819:[PRESS ,0038]P   -125mbar,T+12675mdegC
1594593822:[PRESS ,0038]P   -125mbar,T-14608mdegC
1594593831:[PRESS ,0038]P   -135mbar,T-25579mdegC
1594593833:[PRESS ,0038]P   -125mbar,T+12675mdegC
1594593835:[PRESS ,0038]P   -125mbar,T-25579mdegC
1594593837:[PRESS ,0038]P   -135mbar,T+12675mdegC
1594593838:[PRESS ,0038]P   -125mbar,T-14608mdegC
1594593838:[BYPASS,0035]bypass opening 10000ms
1594593843:[BYPASS,0104]battery 15127mV,  248514uA (bypass opening), P   -125mbar
1594593859:[BYPASS,0106]battery 15110mV,  291458uA (bypass closing), P   -125mbar
1594593862:[PRESS ,0038]P   -115mbar,T+12675mdegC
1594593869:[PRESS ,0038]P   -115mbar,T-14608mdegC
1594593871:[PRESS ,0038]P   -115mbar,T+12675mdegC
1594593873:[PRESS ,0038]P   -115mbar,T-14608mdegC
1594593875:[PRESS ,0038]P   -115mbar,T+12675mdegC
1594593880:[PRESS ,0038]P   -115mbar,T-14608mdegC
1594593885:[BYPASS,0035]bypass opening 10000ms
1594593890:[BYPASS,0104]battery 15136mV,  250100uA (bypass opening), P   -115mbar
1594593905:[BYPASS,0106]battery 15118mV,  290970uA (bypass closing), P   -115mbar
1594593907:[PRESS ,0038]P   -105mbar,T+12675mdegC
1594593920:[PRESS ,0038]P   -105mbar,T-14608mdegC
1594593921:[PRESS ,0038]P   -105mbar,T+12675mdegC
1594593925:[PRESS ,0038]P   -105mbar,T-14608mdegC
1594593927:[PRESS ,0038]P    -95mbar,T-25579mdegC
1594593929:[PRESS ,0038]P   -115mbar,T-14608mdegC
1594593930:[PRESS ,0038]P   -105mbar,T+12675mdegC
1594593932:[PRESS ,0038]P   -115mbar,T-14608mdegC
1594593932:[BYPASS,0035]bypass opening 10000ms
1594593937:[BYPASS,0104]battery 15141mV,  246684uA (bypass opening), P   -115mbar
1594593952:[BYPASS,0106]battery 15125mV,  290482uA (bypass closing), P   -115mbar
1594593954:[PRESS ,0038]P   -105mbar,T+12675mdegC
1594593956:[PRESS ,0038]P   -105mbar,T-14608mdegC
1594593958:[PRESS ,0038]P    -95mbar,T+12675mdegC
1594593960:[PRESS ,0038]P   -105mbar,T-14608mdegC
1594593961:[PRESS ,0038]P   -105mbar,T+12675mdegC
1594593963:[PRESS ,0038]P   -105mbar,T-14608mdegC
1594593965:[PRESS ,0038]P    -95mbar,T+12675mdegC
1594593967:[PRESS ,0038]P   -105mbar,T-14608mdegC
1594593969:[PRESS ,0038]P   -105mbar,T+12675mdegC
1594593976:[PRESS ,0038]P    -95mbar,T-14608mdegC
1594593978:[PRESS ,0038]P   -105mbar,T+12675mdegC
1594593979:[BYPASS,0035]bypass opening 10000ms
1594593984:[BYPASS,0104]battery 15148mV,  246928uA (bypass opening), P   -105mbar
1594593999:[BYPASS,0106]battery 15131mV,  289872uA (bypass closing), P   -105mbar
1594594005:[PRESS ,0038]P   -105mbar,T-14608mdegC
1594594007:[PRESS ,0038]P   -105mbar,T+12675mdegC
1594594008:[PRESS ,0038]P   -105mbar,T-14608mdegC
1594594010:[PRESS ,0038]P   -115mbar,T+12675mdegC
1594594012:[PRESS ,0038]P   -105mbar,T-14608mdegC
1594594014:[PRESS ,0038]P   -105mbar,T-25579mdegC
1594594016:[PRESS ,0038]P   -105mbar,T+23644mdegC
1594594017:[PRESS ,0038]P   -115mbar,T+12675mdegC
1594594023:[PRESS ,0038]P    -95mbar,T-25579mdegC
1594594025:[PRESS ,0038]P    -95mbar,T-14608mdegC
1594594026:[BYPASS,0035]bypass opening 10000ms
1594594031:[BYPASS,0104]battery 15153mV,  246684uA (bypass opening), P    -95mbar
1594594047:[BYPASS,0106]battery 15136mV,  289384uA (bypass closing), P    -95mbar
1594594048:[PRESS ,0038]P    -85mbar,T+12675mdegC
1594594057:[PRESS ,0038]P    -85mbar,T-14608mdegC
1594594059:[PRESS ,0038]P    -95mbar,T+12675mdegC
1594594061:[PRESS ,0038]P    -85mbar,T-14608mdegC
1594594063:[PRESS ,0038]P    -85mbar,T+12675mdegC
1594594064:[PRESS ,0038]P    -85mbar,T-25579mdegC
1594594066:[PRESS ,0038]P    -85mbar,T+12675mdegC
1594594068:[PRESS ,0038]P    -85mbar,T-14608mdegC
1594594072:[PRESS ,0038]P    -85mbar,T+12675mdegC
1594594073:[BYPASS,0035]bypass opening 10000ms
1594594079:[BYPASS,0104]battery 15158mV,  246562uA (bypass opening), P    -95mbar
1594594094:[BYPASS,0106]battery 15141mV,  288774uA (bypass closing), P    -95mbar
1594594097:[PRESS ,0038]P    -75mbar,T-14608mdegC
1594594101:[PRESS ,0038]P    -95mbar,T-25579mdegC
1594594102:[PRESS ,0038]P    -85mbar,T-14608mdegC
1594594104:[PRESS ,0038]P    -95mbar,T+12675mdegC
1594594115:[PRESS ,0038]P    -85mbar,T+23644mdegC
1594594117:[PRESS ,0038]P    -85mbar,T-14608mdegC
1594594119:[PRESS ,0038]P    -85mbar,T+12675mdegC
1594594120:[PRESS ,0038]P    -85mbar,T-14608mdegC
1594594120:[BYPASS,0035]bypass opening 10000ms
1594594125:[BYPASS,0104]battery 15163mV,  249978uA (bypass opening), P    -85mbar
1594594141:[BYPASS,0106]battery 15146mV,  288286uA (bypass closing), P    -85mbar
1594594142:[PRESS ,0038]P    -55mbar,T+12675mdegC
1594594144:[PRESS ,0038]P    -55mbar,T-14608mdegC
1594594146:[PRESS ,0038]P    -45mbar,T+23644mdegC
1594594148:[PRESS ,0038]P    -35mbar,T+12675mdegC
1594594151:[PRESS ,0038]P    -15mbar,T-14608mdegC
1594594153:[PRESS ,0038]P     -5mbar,T+12675mdegC
1594594158:[PRESS ,0038]P    +15mbar,T-14608mdegC
1594594160:[PRESS ,0038]P    +15mbar,T+12675mdegC
1594594167:[PRESS ,0038]P    +45mbar,T-25579mdegC
1594594170:[PRESS ,0038]P    +75mbar,T+12675mdegC
1594594173:[PRESS ,0038]P    +95mbar,T-14608mdegC
1594594179:[PRESS ,0038]P   +115mbar,T+12675mdegC
1594594190:[PRESS ,0038]P   +175mbar,T-14608mdegC
1594594192:[PRESS ,0038]P   +185mbar,T+12675mdegC
1594594195:[PRESS ,0038]P   +205mbar,T-25579mdegC
1594594198:[PRESS ,0038]P   +215mbar,T+12675mdegC
1594594212:[PRESS ,0038]P   +285mbar,T+12675mdegC
1594594217:[PRESS ,0038]P   +295mbar,T-14608mdegC
1594594220:[PRESS ,0038]P   +315mbar,T+12675mdegC
1594594231:[PRESS ,0038]P   +375mbar,T+12675mdegC
1594594240:[PRESS ,0038]P   +435mbar,T+12675mdegC
1594594243:[PRESS ,0038]P   +435mbar,T-25579mdegC
1594594245:[PRESS ,0038]P   +455mbar,T+12675mdegC
1594594251:[PRESS ,0038]P   +475mbar,T-14608mdegC
1594594254:[PRESS ,0038]P   +505mbar,T-25579mdegC
1594594256:[PRESS ,0038]P   +495mbar,T+12675mdegC
1594594256:[DIVING,0028]495mbar reached (+5mbar/s), 10 bypass done
1594594256:[MAIN  ,0056]stage[0]
1594594258:[MAIN  ,0024]internal pressure 82365Pa
1594594259:[BUOY  ,0037]P   +515mbar
1594594259:[STAGE ,0080]Stage [0] 5000mbar (+/-500mbar) 1800s (<1594596056s) 
1594594261:[PRESS ,0038]P   +525mbar,T-25579mdegC
1594594322:[PRESS ,0038]P   +735mbar,T-25579mdegC
1594594325:[PRESS ,0038]P   +755mbar,T+12675mdegC
1594594327:[PRESS ,0038]P   +755mbar,T-25579mdegC
1594594329:[PRESS ,0038]P   +765mbar,T-14608mdegC
1594594331:[PRESS ,0038]P   +765mbar,T-25579mdegC
1594594332:[PRESS ,0038]P   +775mbar,T-14608mdegC
1594594334:[PRESS ,0038]P   +795mbar,T-25579mdegC
1594594336:[PRESS ,0038]P   +815mbar,T+12675mdegC
1594594340:[PRESS ,0038]P   +815mbar,T-25579mdegC
1594594343:[PRESS ,0038]P   +825mbar,T+12675mdegC
1594594347:[PRESS ,0038]P   +845mbar,T-14608mdegC
1594594407:[PRESS ,0038]P  +1095mbar,T-25579mdegC
1594594409:[PRESS ,0038]P  +1095mbar,T+12675mdegC
1594594411:[PRESS ,0038]P  +1095mbar,T-25579mdegC
1594594415:[PRESS ,0038]P  +1105mbar,T+12675mdegC
1594594418:[PRESS ,0038]P  +1135mbar,T-25579mdegC
1594594425:[PRESS ,0038]P  +1155mbar,T+12675mdegC
1594594429:[PRESS ,0038]P  +1165mbar,T-25579mdegC
1594594431:[PRESS ,0038]P  +1165mbar,T+12675mdegC
1594594493:[PRESS ,0038]P  +1355mbar,T-25579mdegC
1594594497:[PRESS ,0038]P  +1365mbar,T-14608mdegC
1594594499:[PRESS ,0038]P  +1375mbar,T-25579mdegC
1594594500:[PRESS ,0038]P  +1355mbar,T+12675mdegC
1594594502:[PRESS ,0038]P  +1375mbar,T-25579mdegC
1594594504:[PRESS ,0038]P  +1375mbar,T+12675mdegC
1594594508:[PRESS ,0038]P  +1385mbar,T-25579mdegC
1594594509:[PRESS ,0038]P  +1385mbar,T+12675mdegC
1594594515:[PRESS ,0038]P  +1395mbar,T-14608mdegC
1594594516:[PRESS ,0038]P  +1395mbar,T+12675mdegC
1594594518:[BUOY  ,0087]from +2mbar/s to +4mbar/s
1594594518:[BUOY  ,0090]need to transfer -20mL (valve during 6892ms)
1594594518:[VALVE ,0034]valve opening 6892ms
1594594525:[VALVE ,0234]battery 15163mV,  503738uA, P  +1395mbar
1594594579:[PRESS ,0038]P  +1545mbar,T+12675mdegC
1594594581:[PRESS ,0038]P  +1565mbar,T-25579mdegC
1594594584:[PRESS ,0038]P  +1565mbar,T+12675mdegC
1594594588:[PRESS ,0038]P  +1575mbar,T-25579mdegC
1594594593:[PRESS ,0038]P  +1585mbar,T+12675mdegC
1594594599:[PRESS ,0038]P  +1605mbar,T-25579mdegC
1594594601:[PRESS ,0038]P  +1595mbar,T+12675mdegC
1594594602:[PRESS ,0038]P  +1605mbar,T-25579mdegC
1594594604:[PRESS ,0038]P  +1605mbar,T+12675mdegC
1594594604:[BUOY  ,0087]from +2mbar/s to +4mbar/s
1594594604:[BUOY  ,0090]need to transfer -20mL (valve during 6375ms)
1594594604:[VALVE ,0034]valve opening 6375ms
1594594611:[VALVE ,0234]battery 15163mV,  500688uA, P  +1605mbar
1594594665:[PRESS ,0038]P  +1795mbar,T+12675mdegC
1594594667:[PRESS ,0038]P  +1795mbar,T-25579mdegC
1594594669:[PRESS ,0038]P  +1795mbar,T+12675mdegC
1594594676:[PRESS ,0038]P  +1825mbar,T-25579mdegC
1594594679:[PRESS ,0038]P  +1825mbar,T+12675mdegC
1594594683:[PRESS ,0038]P  +1835mbar,T-25579mdegC
1594594687:[PRESS ,0038]P  +1855mbar,T +1702mdegC
1594594688:[PRESS ,0038]P  +1845mbar,T+12675mdegC
1594594690:[PRESS ,0038]P  +1855mbar,T-25579mdegC
1594594751:[PRESS ,0038]P  +1995mbar,T+12675mdegC
1594594758:[PRESS ,0038]P  +2015mbar,T-25579mdegC
1594594760:[PRESS ,0038]P  +2015mbar,T-14608mdegC
1594594762:[PRESS ,0038]P  +2025mbar,T-25579mdegC
1594594763:[PRESS ,0038]P  +2015mbar,T+12675mdegC
1594594769:[PRESS ,0038]P  +2035mbar,T-14608mdegC
1594594770:[PRESS ,0038]P  +2015mbar,T-25579mdegC
1594594772:[PRESS ,0038]P  +2045mbar,T+12675mdegC
1594594774:[PRESS ,0038]P  +2035mbar,T-25579mdegC
1594594776:[PRESS ,0038]P  +2045mbar,T-14608mdegC
1594594776:[BUOY  ,0087]from +2mbar/s to +4mbar/s
1594594776:[BUOY  ,0090]need to transfer -20mL (valve during 5667ms)
1594594776:[VALVE ,0034]valve opening 5667ms
1594594782:[VALVE ,0234]battery 15177mV,  502640uA, P  +2045mbar
1594594837:[PRESS ,0038]P  +2235mbar,T+12675mdegC
1594594839:[PRESS ,0038]P  +2235mbar,T-25579mdegC
1594594840:[PRESS ,0038]P  +2235mbar,T+12675mdegC
1594594846:[PRESS ,0038]P  +2255mbar,T-25579mdegC
1594594848:[PRESS ,0038]P  +2255mbar,T-14608mdegC
1594594849:[PRESS ,0038]P  +2255mbar,T+12675mdegC
1594594855:[PRESS ,0038]P  +2275mbar,T-25579mdegC
1594594858:[PRESS ,0038]P  +2295mbar,T+12675mdegC
1594594860:[PRESS ,0038]P  +2295mbar,T-14608mdegC
1594594862:[PRESS ,0038]P  +2295mbar,T-25579mdegC
1594594923:[PRESS ,0038]P  +2485mbar,T-25579mdegC
1594594924:[PRESS ,0038]P  +2495mbar,T+12675mdegC
1594594926:[PRESS ,0038]P  +2495mbar,T-25579mdegC
1594594930:[PRESS ,0038]P  +2505mbar,T+12675mdegC
1594594935:[PRESS ,0038]P  +2525mbar,T-25579mdegC
1594594937:[PRESS ,0038]P  +2535mbar,T+12675mdegC
1594594940:[PRESS ,0038]P  +2535mbar,T-25579mdegC
1594594942:[PRESS ,0038]P  +2545mbar,T-14608mdegC
1594594944:[PRESS ,0038]P  +2555mbar,T-25579mdegC
1594594946:[PRESS ,0038]P  +2555mbar,T+12675mdegC
1594595008:[PRESS ,0038]P  +2695mbar,T-25579mdegC
1594595010:[PRESS ,0038]P  +2695mbar,T+12675mdegC
1594595012:[PRESS ,0038]P  +2705mbar,T-25579mdegC
1594595014:[PRESS ,0038]P  +2685mbar,T+12675mdegC
1594595017:[PRESS ,0038]P  +2695mbar,T-25579mdegC
1594595019:[PRESS ,0038]P  +2705mbar,T+12675mdegC
1594595024:[PRESS ,0038]P  +2715mbar,T-14608mdegC
1594595026:[PRESS ,0038]P  +2705mbar,T+12675mdegC
1594595030:[PRESS ,0038]P  +2705mbar,T-25579mdegC
1594595032:[PRESS ,0038]P  +2715mbar,T+12675mdegC
1594595033:[BUOY  ,0087]from +1mbar/s to +3mbar/s
1594595033:[BUOY  ,0090]need to transfer -12mL (valve during 2942ms)
1594595034:[VALVE ,0034]valve opening 2942ms
1594595037:[VALVE ,0234]battery 15200mV,  504470uA, P  +2725mbar
1594595094:[PRESS ,0038]P  +2865mbar,T+23644mdegC
1594595096:[PRESS ,0038]P  +2865mbar,T+12675mdegC
1594595101:[PRESS ,0038]P  +2875mbar,T-14608mdegC
1594595103:[PRESS ,0038]P  +2885mbar,T+12675mdegC
1594595119:[PRESS ,0038]P  +2925mbar,T-25579mdegC
1594595180:[PRESS ,0038]P  +3115mbar,T+12675mdegC
1594595185:[PRESS ,0038]P  +3135mbar,T-25579mdegC
1594595189:[PRESS ,0038]P  +3125mbar,T+12675mdegC
1594595194:[PRESS ,0038]P  +3145mbar,T-14608mdegC
1594595196:[PRESS ,0038]P  +3165mbar,T+12675mdegC
1594595203:[PRESS ,0038]P  +3185mbar,T-14608mdegC
1594595205:[PRESS ,0038]P  +3195mbar,T+12675mdegC
1594595265:[PRESS ,0038]P  +3385mbar,T+12675mdegC
1594595267:[PRESS ,0038]P  +3385mbar,T-14608mdegC
1594595269:[PRESS ,0038]P  +3385mbar,T-25579mdegC
1594595273:[PRESS ,0038]P  +3405mbar,T+12675mdegC
1594595276:[PRESS ,0038]P  +3405mbar,T-14608mdegC
1594595278:[PRESS ,0038]P  +3405mbar,T+12675mdegC
1594595289:[PRESS ,0038]P  +3445mbar,T-14608mdegC
1594595351:[PRESS ,0038]P  +3635mbar,T+12675mdegC
1594595353:[PRESS ,0038]P  +3635mbar,T-14608mdegC
1594595357:[PRESS ,0038]P  +3655mbar,T+12675mdegC
1594595358:[PRESS ,0038]P  +3645mbar,T-25579mdegC
1594595360:[PRESS ,0038]P  +3665mbar,T-14608mdegC
1594595362:[PRESS ,0038]P  +3665mbar,T+12675mdegC
1594595371:[PRESS ,0038]P  +3695mbar,T-25579mdegC
1594595374:[PRESS ,0038]P  +3685mbar,T+12675mdegC
1594595376:[PRESS ,0038]P  +3695mbar,T-14608mdegC
1594595437:[PRESS ,0038]P  +3885mbar,T+12675mdegC
1594595439:[PRESS ,0038]P  +3885mbar,T-25579mdegC
1594595440:[PRESS ,0038]P  +3905mbar,T-14608mdegC
1594595442:[PRESS ,0038]P  +3915mbar,T+12675mdegC
1594595451:[PRESS ,0038]P  +3935mbar,T-14608mdegC
1594595458:[PRESS ,0038]P  +3945mbar,T+12675mdegC
1594595460:[PRESS ,0038]P  +3945mbar,T-14608mdegC
1594595523:[PRESS ,0038]P  +4155mbar,T-14608mdegC
1594595526:[PRESS ,0038]P  +4155mbar,T+12675mdegC
1594595530:[PRESS ,0038]P  +4175mbar,T-14608mdegC
1594595533:[PRESS ,0038]P  +4175mbar,T+12675mdegC
1594595535:[PRESS ,0038]P  +4195mbar,T-14608mdegC
1594595537:[PRESS ,0038]P  +4195mbar,T+12675mdegC
1594595539:[PRESS ,0038]P  +4195mbar,T-14608mdegC
1594595540:[PRESS ,0038]P  +4205mbar,T+12675mdegC
1594595542:[PRESS ,0038]P  +4205mbar,T-14608mdegC
1594595546:[PRESS ,0038]P  +4215mbar,T+12675mdegC
1594595548:[PRESS ,0038]P  +4225mbar,T+23644mdegC
1594595608:[PRESS ,0038]P  +4385mbar,T+12675mdegC
1594595610:[PRESS ,0038]P  +4385mbar,T-14608mdegC
1594595612:[PRESS ,0038]P  +4395mbar,T+12675mdegC
1594595626:[PRESS ,0038]P  +4445mbar,T-14608mdegC
1594595628:[PRESS ,0038]P  +4455mbar,T+12675mdegC
1594595630:[PRESS ,0038]P  +4455mbar,T-14608mdegC
1594595632:[PRESS ,0038]P  +4465mbar,T+12675mdegC
1594595694:[PRESS ,0038]P  +4615mbar,T+12675mdegC
1594595696:[PRESS ,0038]P  +4615mbar,T-25579mdegC
1594595698:[PRESS ,0038]P  +4605mbar,T+12675mdegC
1594595699:[PRESS ,0038]P  +4615mbar,T-25579mdegC
1594595701:[PRESS ,0038]P  +4605mbar,T-14608mdegC
1594595703:[PRESS ,0038]P  +4625mbar,T+23644mdegC
1594595705:[PRESS ,0038]P  +4625mbar,T-14608mdegC
1594595708:[PRESS ,0038]P  +4625mbar,T+12675mdegC
1594595710:[PRESS ,0038]P  +4635mbar,T-14608mdegC
1594595712:[PRESS ,0038]P  +4635mbar,T+12675mdegC
1594595714:[PRESS ,0038]P  +4625mbar,T-14608mdegC
1594595716:[PRESS ,0038]P  +4635mbar,T+12675mdegC
1594595717:[PRESS ,0038]P  +4635mbar,T-14608mdegC
1594595719:[STAGE ,0213]4635mbar reached at 1594595719s, ref 5000mbar +/-500mbar
1594595841:[PRESS ,0038]P  +4785mbar,T-14608mdegC
1594595901:[PRESS ,0038]P  +4955mbar,T-14608mdegC
1594595962:[PRESS ,0038]P  +5145mbar,T-14608mdegC
1594595962:[BUOY  ,0087]from +2mbar/s to +0mbar/s
1594595962:[BUOY  ,0089]need to transfer +6mL (pump during 7189ms)
1594595970:[PUMP  ,0207]battery 15488mV,   18544uA (warmup), P  +5145mbar
1594595970:[PUMP  ,0016]pump during 7189ms
1594595977:[PUMP  ,0212]battery 15308mV,  338062uA (steady state), P  +5145mbar
1594596026:[PRESS ,0038]P  +5315mbar,T+12675mdegC
1594596028:[PRESS ,0038]P  +5325mbar,T-14608mdegC
1594596031:[PRESS ,0038]P  +5345mbar,T+12675mdegC
1594596033:[PRESS ,0038]P  +5335mbar,T-14608mdegC
1594596035:[PRESS ,0038]P  +5345mbar,T+12675mdegC
1594596037:[PRESS ,0038]P  +5355mbar,T-14608mdegC
1594596039:[PRESS ,0038]P  +5365mbar,T+12675mdegC
1594596042:[PRESS ,0038]P  +5375mbar,T+23644mdegC
1594596044:[PRESS ,0038]P  +5375mbar,T-14608mdegC
1594596046:[PRESS ,0038]P  +5375mbar,T+12675mdegC
1594596048:[PRESS ,0038]P  +5385mbar,T-14608mdegC
1594596051:[PRESS ,0038]P  +5405mbar,T+12675mdegC
1594596051:[BUOY  ,0087]from +3mbar/s to +0mbar/s
1594596051:[BUOY  ,0089]need to transfer +14mL (pump during 16761ms)
1594596059:[PUMP  ,0207]battery 15480mV,   18422uA (warmup), P  +5405mbar
1594596059:[PUMP  ,0016]pump during 16761ms
1594596075:[PUMP  ,0212]battery 15293mV,  351604uA (steady state), P  +5405mbar
1594596115:[PRESS ,0038]P  +5515mbar,T+23644mdegC
1594596117:[PRESS ,0038]P  +5515mbar,T+12675mdegC
1594596121:[PRESS ,0038]P  +5515mbar,T-25579mdegC
1594596122:[PRESS ,0038]P  +5515mbar,T-14608mdegC
1594596128:[PRESS ,0038]P  +5525mbar,T+23644mdegC
1594596131:[PRESS ,0038]P  +5525mbar,T+12675mdegC
1594596133:[PRESS ,0038]P  +5515mbar,T-14608mdegC
1594596140:[MAIN  ,0140]stage[0] complete 1884s after mission start
1594596140:[MAIN  ,0056]stage[1]
1594596142:[MAIN  ,0024]internal pressure 81487Pa
1594596144:[MRMAID,0002]acq started
1594596154:[BUOY  ,0037]P  +5535mbar
1594596154:[STAGE ,0080]Stage [1] 5000mbar (+/-500mbar) 1800s (<1594597856s) MERMAID
1594596156:<WARN>[BUOY  ,0094]stage[1] should ASCENT, stuck at 5545mbar for the #1 time
1594596156:[BUOY  ,0087]from +1mbar/s to -2mbar/s
1594596156:[BUOY  ,0089]need to transfer +8mL (pump during 9578ms)
1594596164:[PUMP  ,0207]battery 15457mV,   18544uA (warmup), P  +5545mbar
1594596164:[PUMP  ,0016]pump during 9578ms
1594596173:[PUMP  ,0212]battery 15275mV,  345260uA (steady state), P  +5545mbar
1594596187:[MRMAID,0184]acq already started
1594596197:[MRMAID,0059]stop canceled
1594596230:[PRESS ,0038]P  +5615mbar,T-14608mdegC
1594596234:[PRESS ,0038]P  +5615mbar,T+12675mdegC
1594596236:[PRESS ,0038]P  +5625mbar,T-14608mdegC
1594596246:[PRESS ,0038]P  +5615mbar,T+23644mdegC
1594596248:[PRESS ,0038]P  +5625mbar,T-14608mdegC
1594596250:[PRESS ,0038]P  +5615mbar,T+12675mdegC
1594596252:[PRESS ,0038]P  +5625mbar,T-14608mdegC
1594596255:<WARN>[BUOY  ,0094]stage[1] should ASCENT, stuck at 5625mbar for the #2 time
1594596255:[BUOY  ,0087]from +0mbar/s to -2mbar/s
1594596255:[BUOY  ,0089]need to transfer +6mL (pump during 7183ms)
1594596255:[MRMAID,0003]acq stopped
1594596264:[PUMP  ,0207]battery 15450mV,   18300uA (warmup), P  +5625mbar
1594596264:[PUMP  ,0016]pump during 7183ms
1594596271:[PUMP  ,0212]battery 15270mV,  342698uA (steady state), P  +5625mbar
1594596274:[MRMAID,0002]acq started
1594596329:[PRESS ,0038]P  +5605mbar,T+12675mdegC
1594596331:[PRESS ,0038]P  +5615mbar,T-14608mdegC
1594596335:[PRESS ,0038]P  +5615mbar,T+12675mdegC
1594596340:[PRESS ,0038]P  +5595mbar,T-14608mdegC
1594596352:[PRESS ,0038]P  +5595mbar,T+23644mdegC
1594596415:[PRESS ,0038]P  +5545mbar,T-14608mdegC
1594596417:[PRESS ,0038]P  +5545mbar,T+12675mdegC
1594596424:[PRESS ,0038]P  +5535mbar,T-14608mdegC
1594596425:[PRESS ,0038]P  +5535mbar,T+12675mdegC
1594596427:[PRESS ,0038]P  +5535mbar,T-14608mdegC
1594596431:[PRESS ,0038]P  +5535mbar,T+12675mdegC
1594596433:[PRESS ,0038]P  +5525mbar,T-14608mdegC
1594596440:[PRESS ,0038]P  +5525mbar,T+12675mdegC
1594596441:[MRMAID,0027]55dbar, 13degC
1594596500:[PRESS ,0038]P  +5465mbar,T+12675mdegC
1594596504:[PRESS ,0038]P  +5455mbar,T-14608mdegC
1594596508:[PRESS ,0038]P  +5455mbar,T+12675mdegC
1594596509:[PRESS ,0038]P  +5455mbar,T-14608mdegC
1594596513:[PRESS ,0038]P  +5445mbar,T+23644mdegC
1594596515:[PRESS ,0038]P  +5465mbar,T+12675mdegC
1594596522:[PRESS ,0038]P  +5445mbar,T-14608mdegC
1594596525:[PRESS ,0038]P  +5445mbar,T+23644mdegC
1594596525:[STAGE ,0213]5445mbar reached at 1594596525s, ref 5000mbar +/-500mbar
1594596586:[PRESS ,0038]P  +5405mbar,T+12675mdegC
1594596708:[PRESS ,0038]P  +5295mbar,T-14608mdegC
1594596768:[PRESS ,0038]P  +5245mbar,T+12675mdegC
1594596829:[PRESS ,0038]P  +5185mbar,T+23644mdegC
1594596890:[PRESS ,0038]P  +5125mbar,T+12675mdegC
1594597011:[PRESS ,0038]P  +5015mbar,T-14608mdegC
1594597072:[BUOY  ,0087]from -1mbar/s to +0mbar/s
1594597072:[BUOY  ,0090]need to transfer -2mL (valve during 364ms)
1594597072:[VALVE ,0034]valve opening 364ms
1594597083:[MRMAID,0184]acq already started
1594597143:[PRESS ,0038]P  +4965mbar,T+23644mdegC
1594597145:[PRESS ,0038]P  +4965mbar,T-14608mdegC
1594597150:[PRESS ,0038]P  +4955mbar,T+12675mdegC
1594597154:[PRESS ,0038]P  +4965mbar,T+23644mdegC
1594597157:[PRESS ,0038]P  +4975mbar,T+12675mdegC
1594597159:[PRESS ,0038]P  +4975mbar,T+23644mdegC
1594597161:[PRESS ,0038]P  +4975mbar,T-14608mdegC
1594597164:[PRESS ,0038]P  +4965mbar,T+23644mdegC
1594597166:[PRESS ,0038]P  +4965mbar,T+12675mdegC
1594597168:[PRESS ,0038]P  +4955mbar,T-14608mdegC
1594597229:[PRESS ,0038]P  +4955mbar,T+12675mdegC
1594597289:[PRESS ,0038]P  +4985mbar,T-14608mdegC
1594597411:[PRESS ,0038]P  +5045mbar,T+23644mdegC
1594597471:[PRESS ,0038]P  +5085mbar,T+12675mdegC
1594597532:[PRESS ,0038]P  +5135mbar,T+23644mdegC
1594597542:[MRMAID,0059]stop canceled
1594597556:[MRMAID,0005]ascent request rejected
1594597593:[PRESS ,0038]P  +5155mbar,T-25579mdegC
1594597641:[MRMAID,0027]52dbar, -26degC
1594597653:[PRESS ,0038]P  +5165mbar,T+12675mdegC
1594597714:[PRESS ,0038]P  +5215mbar,T-14608mdegC
1594597896:[PRESS ,0038]P  +5275mbar,T-14608mdegC
1594597896:[MAIN  ,0140]stage[1] complete 3640s after mission start
1594598500:<ERR>[MRMAID,0008]acq not stopped
1594598742:[MRMAID,0003]acq stopped
1594598742:[MRMAID,0052]Mermaid $MEASFS,96645,2415.273712,40.014098;
1594598758:[MRMAID,0005]ascent request rejected
1594598802:[MSSION,0192]mission stopped, 2 stage(s) done
1594598802:[MAIN  ,0065]surfacing
1594598804:[PRESS ,0038]P  +5705mbar,T-14608mdegC
1594598804:[SURFIN,0036]P  +5705mbar
1594598812:[PUMP  ,0207]battery 15512mV,   18544uA (warmup), P  +5705mbar
1594598812:[PUMP  ,0016]pump during 60000ms
1594598871:[PUMP  ,0212]battery 15325mV,  346602uA (steady state), P  +5705mbar
1594598928:[PRESS ,0038]P  +5385mbar,T+12675mdegC
1594598930:[PRESS ,0038]P  +5375mbar,T-14608mdegC
1594598937:[PRESS ,0038]P  +5355mbar,T+12675mdegC
1594598939:[PRESS ,0038]P  +5345mbar,T-14608mdegC
1594598948:[PRESS ,0038]P  +5305mbar,T+12675mdegC
1594598950:[PRESS ,0038]P  +5305mbar,T+23644mdegC
1594598952:[PRESS ,0038]P  +5295mbar,T+12675mdegC
1594598953:[PRESS ,0038]P  +5285mbar,T+23644mdegC
1594598962:[PUMP  ,0207]battery 15420mV,   18544uA (warmup), P  +5285mbar
1594598962:[PUMP  ,0016]pump during 60000ms
1594599021:[PUMP  ,0212]battery 15231mV,  351726uA (steady state), P  +5285mbar
1594599078:[PRESS ,0038]P  +4595mbar,T-14608mdegC
1594599084:[PRESS ,0038]P  +4575mbar,T+12675mdegC
1594599085:[PRESS ,0038]P  +4565mbar,T-14608mdegC
1594599087:[PRESS ,0038]P  +4555mbar,T+12675mdegC
1594599091:[PRESS ,0038]P  +4535mbar,T-14608mdegC
1594599094:[PRESS ,0038]P  +4535mbar,T+23644mdegC
1594599096:[PRESS ,0038]P  +4515mbar,T-14608mdegC
1594599100:[PRESS ,0038]P  +4525mbar,T+23644mdegC
1594599102:[PRESS ,0038]P  +4505mbar,T-14608mdegC
1594599111:[PUMP  ,0207]battery 15353mV,   18544uA (warmup), P  +4495mbar
1594599112:[PUMP  ,0016]pump during 60000ms
1594599170:[PUMP  ,0212]battery 15172mV,  336232uA (steady state), P  +4495mbar
1594599228:[PRESS ,0038]P  +3755mbar,T-14608mdegC
1594599232:[PRESS ,0038]P  +3725mbar,T+12675mdegC
1594599234:[PRESS ,0038]P  +3715mbar,T-14608mdegC
1594599237:[PRESS ,0038]P  +3685mbar,T+12675mdegC
1594599239:[PRESS ,0038]P  +3665mbar,T-14608mdegC
1594599244:[PRESS ,0038]P  +3635mbar,T+23644mdegC
1594599248:[PRESS ,0038]P  +3605mbar,T-14608mdegC
1594599375:[PRESS ,0038]P  +2715mbar,T-14608mdegC
1594599383:[PUMP  ,0207]battery 15352mV,   18666uA (warmup), P  +2715mbar
1594599383:[PUMP  ,0016]pump during 60000ms
1594599442:[PUMP  ,0212]battery 15168mV,  336842uA (steady state), P  +2715mbar
1594599500:[PRESS ,0038]P  +2035mbar,T-14608mdegC
1594599503:[PRESS ,0038]P  +2015mbar,T+12675mdegC
1594599505:[PRESS ,0038]P  +1995mbar,T-14608mdegC
1594599507:[PRESS ,0038]P  +2005mbar,T+12675mdegC
1594599509:[PRESS ,0038]P  +1975mbar,T-14608mdegC
1594599519:[PRESS ,0038]P  +1925mbar,T+23644mdegC
1594599521:[PRESS ,0038]P  +1905mbar,T-14608mdegC
1594599533:[PUMP  ,0207]battery 15303mV,   18666uA (warmup), P  +1885mbar
1594599533:[PUMP  ,0016]pump during 60000ms
1594599592:[PUMP  ,0212]battery 15126mV,  326350uA (steady state), P  +1885mbar
1594599649:[PRESS ,0038]P  +1175mbar,T-14608mdegC
1594599651:[PRESS ,0038]P  +1175mbar,T+23644mdegC
1594599653:[PRESS ,0038]P  +1165mbar,T-14608mdegC
1594599657:[PRESS ,0038]P  +1155mbar,T+23644mdegC
1594599658:[PRESS ,0038]P  +1155mbar,T+12675mdegC
1594599660:[PRESS ,0038]P  +1155mbar,T+23644mdegC
1594599662:[PRESS ,0038]P  +1145mbar,T-14608mdegC
1594599664:[PRESS ,0038]P  +1125mbar,T+23644mdegC
1594599666:[PRESS ,0038]P  +1125mbar,T-14608mdegC
1594599669:[PRESS ,0038]P  +1125mbar,T+23644mdegC
1594599671:[PRESS ,0038]P  +1125mbar,T-14608mdegC
1594599675:[PRESS ,0038]P  +1115mbar,T+23644mdegC
1594599683:[PUMP  ,0207]battery 15276mV,   18666uA (warmup), P  +1115mbar
1594599683:[PUMP  ,0016]pump during 60000ms
1594599742:[PUMP  ,0212]battery 15101mV,  321226uA (steady state), P  +1115mbar
1594599799:[PRESS ,0038]P   +335mbar,T+12675mdegC
1594599801:[PRESS ,0038]P   +305mbar,T-14608mdegC
1594599805:[PRESS ,0038]P   +265mbar,T+12675mdegC
1594599807:[PRESS ,0038]P   +255mbar,T-14608mdegC
1594599810:[PRESS ,0038]P   +225mbar,T+23644mdegC
1594599812:[PRESS ,0038]P   +205mbar,T-14608mdegC
1594599814:[PRESS ,0038]P   +195mbar,T+12675mdegC
1594599816:[PRESS ,0038]P   +185mbar,T-14608mdegC
1594599819:[PRESS ,0038]P   +165mbar,T+23644mdegC
1594599823:[PRESS ,0038]P   +135mbar,T-14608mdegC
1594599828:[SURFIN,0020]filling external bladder
1594599836:[PUMP  ,0207]battery 15261mV,   18666uA (warmup), P   +115mbar
1594599836:[PUMP  ,0016]pump during 300000ms
1594600135:[PUMP  ,0212]battery 14826mV, 1064816uA (steady state), P   +115mbar
1594600146:[PUMP  ,0207]battery 14757mV,   18910uA (warmup), P   +115mbar
1594600146:[PUMP  ,0016]pump during 300000ms
1594600281:[PUMP  ,0212]battery 14420mV, 1014918uA (steady state), P   +115mbar
1594600283:[SURFIN,0019]external bladder full
1594600285:[PRESS ,0038]P    -10mbar,T-25579mdegC
1594600286:[PRESS ,0038]P    -20mbar,T-14608mdegC
1594600288:[PRESS ,0038]P     +0mbar,T+12675mdegC
1594600290:[PRESS ,0038]P    -20mbar,T-14608mdegC
1594600292:[PRESS ,0038]P    -10mbar,T+12675mdegC
1594600295:[PRESS ,0038]P    -20mbar,T-14608mdegC
1594600302:[PRESS ,0038]P     +0mbar,T+12675mdegC
1594600306:[PRESS ,0038]P    +10mbar,T-14608mdegC
1594600310:[PRESS ,0038]P    -10mbar,T+12675mdegC
1594600346:[MAIN  ,0272]Vbat 14975mV (min 14887mV)
1594600348:[MAIN  ,0024]internal pressure 78469Pa
1594600348:[MAIN  ,0043]Pext -10mbar (rng 30mbar)
1594600348:[MAIN  ,0064]surface
1594600362:[SURF  ,0022]GPS fix...
1594600382:[SURF  ,0015]10 PPS detected...
1594600383:[MRMAID,0052]Mermaid $GPSACK:+0,+0,+0,+0,+0,+0,-91;
1594600393:[MRMAID,0052]Mermaid $GPSOFF:3686328;
1594600395:[GPSFIX,0179]+0s diff
1594600395:[SURF  ,0222]2020-07-13T00:33:15
1594600395:[SURF  ,0082]Latitude : N43deg40.939mn, Longitude :E007deg19.179mn
1594600395:[SURF  ,0223]fix3D,8satellites
1594600395:[SURF  ,0084]GPS fix GPGSA : hdop0.730,vdop0.990
1594600405:[SURF  ,0274]last almanac : 51583
1594600481:[MRMAID,0026]26013 bytes in 0066/5F0BABDA.MER
1594600487:[MAIN  ,0320]New pressure offset: -10mbar
1594600487:[LOGBIN,0078]*** switching to 0066/5F0BAC27 ***
