1594272563:[MAIN  ,0007]buoy 452.120-R-0067
1594272563:[MAIN  ,0055]soft pilotage 452.012.300_V2.21-20200701
1594272563:[MAIN  ,0010]cycle 11
1594272563:[SURF  ,0225]surface2
1594272580:[SURF  ,0022]GPS fix...
1594272600:[SURF  ,0015]10 PPS detected...
1594272601:[MRMAID,0052]Mermaid $GPSACK:+0,+0,+0,+0,+0,+0,+0;
1594272611:[MRMAID,0052]Mermaid $GPSOFF:3686341;
1594272612:[GPSFIX,0179]-1s diff
1594272613:[SURF  ,0222]2020-07-09T05:30:13
1594272613:[SURF  ,0082]Latitude : N43deg40.937mn, Longitude :E007deg19.179mn
1594272613:[SURF  ,0223]fix3D,9satellites
1594272613:[SURF  ,0084]GPS fix GPGSA : hdop0.630,vdop1.030
1594272623:[SURF  ,0025]Iridium...
1594272724:[SURF  ,0009]connected in 101s, signal quality 5
1594272787:[SURF  ,0218]prompt received, remote cmd end
1594272787:[SURF  ,0012]13 cmd(s) received
1594272808:[UPLOAD,0248]Upload data files...
1594272825:[UPLOAD,0231]"0067/5F06AB26.MER" uploaded at 142bytes/s
1594272953:[UPLOAD,0231]"0067/5F069115.BIN" uploaded at 109bytes/s
1594272973:[MAIN  ,0013]2 file(s) uploaded
1594273009:[SURF  ,0014]disconnected after 386s
1594273014:[SURFIN,0020]filling external bladder
1594273022:[PUMP  ,0207]battery 15170mV,   18178uA (warmup), P   +100mbar
1594273022:[PUMP  ,0016]pump during 300000ms
1594273027:[PUMP  ,0212]battery 14790mV,  984174uA (steady state), P   +100mbar
1594273029:[SURFIN,0019]external bladder full
1594273029:[SURF  ,0227]1st complete transfer
1594273213:[SURF  ,0022]GPS fix...
1594273233:[SURF  ,0015]10 PPS detected...
1594273234:[MRMAID,0052]Mermaid $GPSACK:+0,+0,+0,+0,+0,+1,-999877;
1594273244:[MRMAID,0052]Mermaid $GPSOFF:3686340;
1594273245:[GPSFIX,0179]-1s diff
1594273246:[SURF  ,0222]2020-07-09T05:40:46
1594273246:[SURF  ,0082]Latitude : N43deg40.937mn, Longitude :E007deg19.179mn
1594273246:[SURF  ,0223]fix3D,9satellites
1594273246:[SURF  ,0084]GPS fix GPGSA : hdop0.620,vdop1.060
1594273256:[SURF  ,0025]Iridium...
1594273305:[SURF  ,0009]connected in 49s, signal quality 5
1594273352:<WARN>[SURF  ,0071]timeout
1594273352:<WARN>[SURF  ,0056]peer mute
1594273357:[SURF  ,0014]disconnected after 101s
1594273362:[SURFIN,0020]filling external bladder
1594273365:[SURFIN,0019]external bladder full
1594273365:[SURF  ,0227]1st complete transfer
1594273365:[SURF  ,0226]Go dive (Minimum surface delay expired and no more file to upload)
1594273378:[SURF  ,0022]GPS fix...
1594273399:[SURF  ,0015]10 PPS detected...
1594273400:[MRMAID,0052]Mermaid $GPSACK:+0,+0,+0,+0,+0,+0,+0;
1594273410:[MRMAID,0052]Mermaid $GPSOFF:3686340;
1594273410:[GPSFIX,0179]-1s diff
1594273411:[SURF  ,0222]2020-07-09T05:43:31
1594273411:[SURF  ,0082]Latitude : N43deg40.937mn, Longitude :E007deg19.179mn
1594273411:[SURF  ,0223]fix3D,9satellites
1594273411:[SURF  ,0084]GPS fix GPGSA : hdop0.620,vdop1.060
1594273428:[MAIN  ,0024]internal pressure 80205Pa
1594273429:[BYCMD ,0107]    FreeRTOS V8.2.3
1594273429:[BYCMD ,0108]    FatFS v11a
1594273429:[BYCMD ,0120]    bypass 10000ms 60000ms (20000ms 60000ms stored)
1594273429:[BYCMD ,0121]    valve 60000ms 12750 (60000ms 12750 stored)
1594273429:[BYCMD ,0122]    pump 60000ms 30% 10750 80% (60000ms 30% 10750 80% stored)
1594273429:[BYCMD ,0123]    rate 2mbar/s (2mbar/s stored)
1594273429:[BYCMD ,0124]    surface 500mbar (500mbar stored)
1594273429:[BYCMD ,0125]    near 1500mbar 3mbar/s (15000mbar 3mbar/s stored)
1594273429:[BYCMD ,0126]    far 2500mbar 4mbar/s (25000mbar 4mbar/s stored)
1594273429:[BYCMD ,0127]    ascent 8mbar/s (8mbar/s stored)
1594273429:[BYCMD ,0128]    dead 60s (300s stored)
1594273429:[BYCMD ,0129]    coeff 16/10 (16/10 stored)
1594273429:[BYCMD ,0130]    stab 10 (10 stored)
1594273429:[BYCMD ,0131]    delay 900s 3600s (900s 3600s stored)
1594273429:[BYCMD ,0132]    mmtime 2880min (2880min stored)
1594273429:[BYCMD ,0133]    dv_landing 100ml (100ml stored)
1594273429:[MKDCMD,0150]    p2t37: 15x2000ms, offset 100mbar
1594273429:[P2TCMD,0151]    p2t37: dp 50mbar, dt 5000mdegC
1594273430:[STAGE ,0080]Stage [0] 5000mbar (+/-500mbar) 1800s (<1800s) 
1594273430:[STAGE ,0080]Stage [1] 5000mbar (+/-500mbar) 1800s (<3600s) 
1594273430:[MAIN  ,0070]turn off bluetooth
1594273432:[PRESS ,0038]P    -10mbar,T  +710mdegC
1594273434:[PRESS ,0038]P    -20mbar,T-26541mdegC
1594273436:[PRESS ,0038]P    -20mbar,T  +710mdegC
1594273440:[PRESS ,0038]P    -20mbar,T+27960mdegC
1594273441:[PRESS ,0038]P    -20mbar,T+11743mdegC
1594273443:[PRESS ,0038]P    -20mbar,T-26541mdegC
1594273447:[PRESS ,0038]P    -20mbar,T+11743mdegC
1594273450:[PRESS ,0038]P    -30mbar,T-26541mdegC
1594273452:[PRESS ,0038]P    -20mbar,T+11743mdegC
1594273454:[PRESS ,0038]P    -10mbar,T  +710mdegC
1594273456:[PRESS ,0038]P    -10mbar,T-26541mdegC
1594273458:[DIVING,0141]diving from -10mbar, +0mbar/s
1594273458:[BYPASS,0035]bypass opening 60000ms
1594273463:[BYPASS,0104]battery 15177mV,  248392uA (bypass opening), P    -10mbar
1594273528:[BYPASS,0106]battery 15172mV,  296826uA (bypass closing), P    -10mbar
1594273529:[PRESS ,0038]P   -110mbar,T-26541mdegC
1594273531:[PRESS ,0038]P   -120mbar,T+11743mdegC
1594273538:[PRESS ,0038]P   -110mbar,T-26541mdegC
1594273540:[PRESS ,0038]P   -120mbar,T+11743mdegC
1594273542:[PRESS ,0038]P   -120mbar,T-26541mdegC
1594273547:[PRESS ,0038]P   -110mbar,T  +710mdegC
1594273549:[PRESS ,0038]P   -120mbar,T+11743mdegC
1594273553:[PRESS ,0038]P   -110mbar,T-26541mdegC
1594273554:[BYPASS,0035]bypass opening 10000ms
1594273560:[BYPASS,0104]battery 15195mV,  247416uA (bypass opening), P   -110mbar
1594273575:[BYPASS,0106]battery 15172mV,  295484uA (bypass closing), P   -110mbar
1594273576:[PRESS ,0038]P   -140mbar,T  +710mdegC
1594273578:[PRESS ,0038]P   -140mbar,T+11743mdegC
1594273580:[PRESS ,0038]P   -140mbar,T+27960mdegC
1594273582:[PRESS ,0038]P   -150mbar,T-26541mdegC
1594273584:[PRESS ,0038]P   -130mbar,T+11743mdegC
1594273585:[PRESS ,0038]P   -140mbar,T-26541mdegC
1594273587:[PRESS ,0038]P   -130mbar,T+11743mdegC
1594273591:[PRESS ,0038]P   -140mbar,T-26541mdegC
1594273593:[PRESS ,0038]P   -130mbar,T+11743mdegC
1594273594:[PRESS ,0038]P   -130mbar,T-26541mdegC
1594273596:[PRESS ,0038]P   -130mbar,T  +710mdegC
1594273598:[PRESS ,0038]P   -130mbar,T-26541mdegC
1594273602:[PRESS ,0038]P   -120mbar,T+11743mdegC
1594273602:[BYPASS,0035]bypass opening 10000ms
1594273607:[BYPASS,0104]battery 15193mV,  241926uA (bypass opening), P   -120mbar
1594273622:[BYPASS,0106]battery 15173mV,  294508uA (bypass closing), P   -120mbar
1594273624:[PRESS ,0038]P   -120mbar,T  +710mdegC
1594273625:[PRESS ,0038]P   -120mbar,T+11743mdegC
1594273627:[PRESS ,0038]P   -120mbar,T-26541mdegC
1594273629:[PRESS ,0038]P   -130mbar,T  +710mdegC
1594273631:[PRESS ,0038]P   -130mbar,T+11743mdegC
1594273633:[PRESS ,0038]P   -120mbar,T-26541mdegC
1594273634:[PRESS ,0038]P   -130mbar,T  +710mdegC
1594273636:[PRESS ,0038]P   -130mbar,T+11743mdegC
1594273640:[PRESS ,0038]P   -130mbar,T-26541mdegC
1594273642:[PRESS ,0038]P   -120mbar,T+11743mdegC
1594273645:[PRESS ,0038]P   -130mbar,T-26541mdegC
1594273647:[PRESS ,0038]P   -120mbar,T+11743mdegC
1594273649:[BYPASS,0035]bypass opening 10000ms
1594273654:[BYPASS,0104]battery 15196mV,  251442uA (bypass opening), P   -130mbar
1594273669:[BYPASS,0106]battery 15175mV,  293654uA (bypass closing), P   -130mbar
1594273671:[PRESS ,0038]P   -120mbar,T-26541mdegC
1594273674:[PRESS ,0038]P   -110mbar,T+11743mdegC
1594273676:[PRESS ,0038]P   -110mbar,T  +710mdegC
1594273678:[PRESS ,0038]P   -120mbar,T-26541mdegC
1594273681:[PRESS ,0038]P   -120mbar,T+11743mdegC
1594273685:[PRESS ,0038]P   -140mbar,T-26541mdegC
1594273687:[PRESS ,0038]P   -130mbar,T+11743mdegC
1594273689:[PRESS ,0038]P   -120mbar,T-26541mdegC
1594273690:[PRESS ,0038]P   -120mbar,T+11743mdegC
1594273692:[PRESS ,0038]P   -130mbar,T-26541mdegC
1594273694:[PRESS ,0038]P   -130mbar,T+11743mdegC
1594273696:[BYPASS,0035]bypass opening 10000ms
1594273701:[BYPASS,0104]battery 15198mV,  249002uA (bypass opening), P   -120mbar
1594273716:[BYPASS,0106]battery 15176mV,  292922uA (bypass closing), P   -120mbar
1594273720:[PRESS ,0038]P   -130mbar,T-26541mdegC
1594273723:[PRESS ,0038]P   -120mbar,T+11743mdegC
1594273725:[PRESS ,0038]P   -120mbar,T-26541mdegC
1594273728:[PRESS ,0038]P   -110mbar,T+11743mdegC
1594273732:[PRESS ,0038]P   -120mbar,T-26541mdegC
1594273743:[BYPASS,0035]bypass opening 10000ms
1594273748:[BYPASS,0104]battery 15197mV,  246806uA (bypass opening), P   -120mbar
1594273763:[BYPASS,0106]battery 15177mV,  292190uA (bypass closing), P   -120mbar
1594273772:[PRESS ,0038]P   -100mbar,T+11743mdegC
1594273775:[PRESS ,0038]P   -120mbar,T  +710mdegC
1594273777:[PRESS ,0038]P   -110mbar,T+11743mdegC
1594273779:[PRESS ,0038]P   -120mbar,T-26541mdegC
1594273781:[PRESS ,0038]P   -120mbar,T+11743mdegC
1594273783:[PRESS ,0038]P   -110mbar,T-26541mdegC
1594273788:[PRESS ,0038]P   -110mbar,T  +710mdegC
1594273790:[PRESS ,0038]P   -110mbar,T-26541mdegC
1594273790:[BYPASS,0035]bypass opening 10000ms
1594273795:[BYPASS,0104]battery 15197mV,  240950uA (bypass opening), P   -110mbar
1594273810:[BYPASS,0106]battery 15178mV,  291702uA (bypass closing), P   -110mbar
1594273815:[PRESS ,0038]P   -100mbar,T  +710mdegC
1594273817:[PRESS ,0038]P   -110mbar,T-26541mdegC
1594273821:[PRESS ,0038]P   -110mbar,T+11743mdegC
1594273822:[PRESS ,0038]P   -100mbar,T  +710mdegC
1594273826:[PRESS ,0038]P   -100mbar,T-26541mdegC
1594273828:[PRESS ,0038]P   -100mbar,T+11743mdegC
1594273830:[PRESS ,0038]P   -100mbar,T-26541mdegC
1594273837:[BYPASS,0035]bypass opening 10000ms
1594273842:[BYPASS,0104]battery 15201mV,  247660uA (bypass opening), P   -110mbar
1594273857:[BYPASS,0106]battery 15180mV,  291092uA (bypass closing), P   -110mbar
1594273869:[PRESS ,0038]P   -110mbar,T+11743mdegC
1594273871:[PRESS ,0038]P   -100mbar,T  +710mdegC
1594273875:[PRESS ,0038]P   -100mbar,T+11743mdegC
1594273880:[PRESS ,0038]P   -110mbar,T-26541mdegC
1594273883:[BYPASS,0035]bypass opening 10000ms
1594273889:[BYPASS,0104]battery 15201mV,  249124uA (bypass opening), P   -120mbar
1594273904:[BYPASS,0106]battery 15180mV,  290482uA (bypass closing), P   -120mbar
1594273909:[PRESS ,0038]P    -60mbar,T+11743mdegC
1594273911:[PRESS ,0038]P    -70mbar,T  +710mdegC
1594273912:[PRESS ,0038]P    -60mbar,T-26541mdegC
1594273916:[PRESS ,0038]P    -40mbar,T+11743mdegC
1594273918:[PRESS ,0038]P    -40mbar,T  +710mdegC
1594273920:[PRESS ,0038]P    -30mbar,T-26541mdegC
1594273921:[PRESS ,0038]P    -10mbar,T  +710mdegC
1594273923:[PRESS ,0038]P    -10mbar,T-26541mdegC
1594273929:[PRESS ,0038]P    +10mbar,T  +710mdegC
1594273930:[PRESS ,0038]P    +20mbar,T-15511mdegC
1594273933:[PRESS ,0038]P    +30mbar,T-26541mdegC
1594273936:[PRESS ,0038]P    +40mbar,T+11743mdegC
1594273939:[PRESS ,0038]P    +50mbar,T-26541mdegC
1594273942:[PRESS ,0038]P    +70mbar,T+11743mdegC
1594273944:[PRESS ,0038]P    +70mbar,T  +710mdegC
1594273947:[PRESS ,0038]P    +70mbar,T-26541mdegC
1594273953:[PRESS ,0038]P   +100mbar,T+11743mdegC
1594273956:[PRESS ,0038]P   +100mbar,T  +710mdegC
1594273958:[PRESS ,0038]P   +110mbar,T-26541mdegC
1594273961:[PRESS ,0038]P   +120mbar,T+11743mdegC
1594273970:[PRESS ,0038]P   +140mbar,T-26541mdegC
1594273972:[PRESS ,0038]P   +140mbar,T  +710mdegC
1594273978:[PRESS ,0038]P   +150mbar,T-26541mdegC
1594273981:[PRESS ,0038]P   +150mbar,T+11743mdegC
1594273984:[PRESS ,0038]P   +170mbar,T-26541mdegC
1594273989:[PRESS ,0038]P   +180mbar,T+11743mdegC
1594273992:[PRESS ,0038]P   +200mbar,T-26541mdegC
1594273995:[PRESS ,0038]P   +210mbar,T  +710mdegC
1594273998:[PRESS ,0038]P   +210mbar,T-26541mdegC
1594274000:[PRESS ,0038]P   +220mbar,T+11743mdegC
1594274003:[PRESS ,0038]P   +230mbar,T-26541mdegC
1594274006:[PRESS ,0038]P   +230mbar,T  +710mdegC
1594274009:[PRESS ,0038]P   +240mbar,T+11743mdegC
1594274012:[PRESS ,0038]P   +250mbar,T-26541mdegC
1594274014:[PRESS ,0038]P   +260mbar,T+11743mdegC
1594274017:[PRESS ,0038]P   +270mbar,T-26541mdegC
1594274020:[PRESS ,0038]P   +270mbar,T+11743mdegC
1594274026:[PRESS ,0038]P   +310mbar,T-26541mdegC
1594274031:[PRESS ,0038]P   +320mbar,T  +710mdegC
1594274039:[PRESS ,0038]P   +350mbar,T-26541mdegC
1594274056:[PRESS ,0038]P   +410mbar,T+11743mdegC
1594274059:[PRESS ,0038]P   +420mbar,T-26541mdegC
1594274064:[PRESS ,0038]P   +430mbar,T+27960mdegC
1594274067:[PRESS ,0038]P   +450mbar,T+11743mdegC
1594274070:[PRESS ,0038]P   +460mbar,T-26541mdegC
1594274076:[PRESS ,0038]P   +470mbar,T+11743mdegC
1594274078:[PRESS ,0038]P   +480mbar,T-26541mdegC
1594274081:[PRESS ,0038]P   +480mbar,T  +710mdegC
1594274090:[PRESS ,0038]P   +490mbar,T-26541mdegC
1594274092:[PRESS ,0038]P   +500mbar,T  +710mdegC
1594274094:[PRESS ,0038]P   +490mbar,T-26541mdegC
1594274094:[DIVING,0028]490mbar reached (+2mbar/s), 9 bypass done
1594274095:[MAIN  ,0056]stage[0]
1594274097:[MAIN  ,0024]internal pressure 83469Pa
1594274098:[BUOY  ,0037]P   +510mbar
1594274098:[STAGE ,0080]Stage [0] 5000mbar (+/-500mbar) 1800s (<1594275894s) 
1594274100:[BUOY  ,0087]from +2mbar/s to +4mbar/s
1594274100:[BUOY  ,0090]need to transfer -20mL (valve during 11591ms)
1594274100:[VALVE ,0034]valve opening 11591ms
1594274111:[VALVE ,0234]battery 15160mV,  493002uA, P   +510mbar
1594274160:[PRESS ,0038]P   +720mbar,T-26541mdegC
1594274164:[PRESS ,0038]P   +740mbar,T  +710mdegC
1594274169:[PRESS ,0038]P   +740mbar,T-26541mdegC
1594274173:[PRESS ,0038]P   +750mbar,T  +710mdegC
1594274175:[PRESS ,0038]P   +750mbar,T+11743mdegC
1594274177:[PRESS ,0038]P   +760mbar,T  +710mdegC
1594274178:[PRESS ,0038]P   +750mbar,T+11743mdegC
1594274180:[PRESS ,0038]P   +760mbar,T-26541mdegC
1594274182:[PRESS ,0038]P   +770mbar,T+11743mdegC
1594274184:[PRESS ,0038]P   +770mbar,T-26541mdegC
1594274186:[PRESS ,0038]P   +770mbar,T  +710mdegC
1594274186:[BUOY  ,0087]from +2mbar/s to +4mbar/s
1594274186:[BUOY  ,0090]need to transfer -20mL (valve during 9444ms)
1594274186:[VALVE ,0034]valve opening 9444ms
1594274195:[VALVE ,0234]battery 15155mV,  487756uA, P   +770mbar
1594274246:[PRESS ,0038]P   +960mbar,T-26541mdegC
1594274248:[PRESS ,0038]P   +960mbar,T  +710mdegC
1594274250:[PRESS ,0038]P   +960mbar,T-26541mdegC
1594274254:[PRESS ,0038]P   +970mbar,T  +710mdegC
1594274255:[PRESS ,0038]P   +990mbar,T-15511mdegC
1594274257:[PRESS ,0038]P   +980mbar,T-26541mdegC
1594274259:[PRESS ,0038]P   +980mbar,T+11743mdegC
1594274261:[PRESS ,0038]P  +1000mbar,T  +710mdegC
1594274263:[PRESS ,0038]P  +1000mbar,T-26541mdegC
1594274268:[PRESS ,0038]P  +1010mbar,T  +710mdegC
1594274270:[PRESS ,0038]P  +1000mbar,T-26541mdegC
1594274272:[BUOY  ,0087]from +2mbar/s to +4mbar/s
1594274272:[BUOY  ,0090]need to transfer -20mL (valve during 8226ms)
1594274272:[VALVE ,0034]valve opening 8226ms
1594274280:[VALVE ,0234]battery 15155mV,  487024uA, P  +1010mbar
1594274332:[PRESS ,0038]P  +1230mbar,T+11743mdegC
1594274334:[PRESS ,0038]P  +1230mbar,T-26541mdegC
1594274338:[PRESS ,0038]P  +1230mbar,T+11743mdegC
1594274340:[PRESS ,0038]P  +1250mbar,T-26541mdegC
1594274345:[PRESS ,0038]P  +1270mbar,T  +710mdegC
1594274347:[PRESS ,0038]P  +1270mbar,T-26541mdegC
1594274349:[PRESS ,0038]P  +1280mbar,T  +710mdegC
1594274350:[PRESS ,0038]P  +1280mbar,T-26541mdegC
1594274352:[PRESS ,0038]P  +1290mbar,T+11743mdegC
1594274354:[PRESS ,0038]P  +1290mbar,T  +710mdegC
1594274356:[PRESS ,0038]P  +1300mbar,T+11743mdegC
1594274358:[PRESS ,0038]P  +1310mbar,T-26541mdegC
1594274418:[PRESS ,0038]P  +1540mbar,T+11743mdegC
1594274420:[PRESS ,0038]P  +1560mbar,T-26541mdegC
1594274424:[PRESS ,0038]P  +1570mbar,T  +710mdegC
1594274426:[PRESS ,0038]P  +1580mbar,T-26541mdegC
1594274431:[PRESS ,0038]P  +1600mbar,T  +710mdegC
1594274433:[PRESS ,0038]P  +1610mbar,T-26541mdegC
1594274434:[PRESS ,0038]P  +1620mbar,T+27960mdegC
1594274436:[PRESS ,0038]P  +1620mbar,T-26541mdegC
1594274442:[PRESS ,0038]P  +1630mbar,T  +710mdegC
1594274443:[PRESS ,0038]P  +1640mbar,T-26541mdegC
1594274504:[PRESS ,0038]P  +1800mbar,T  +710mdegC
1594274506:[PRESS ,0038]P  +1820mbar,T-26541mdegC
1594274511:[PRESS ,0038]P  +1830mbar,T  +710mdegC
1594274515:[PRESS ,0038]P  +1840mbar,T-26541mdegC
1594274518:[PRESS ,0038]P  +1860mbar,T  +710mdegC
1594274522:[PRESS ,0038]P  +1870mbar,T-26541mdegC
1594274526:[PRESS ,0038]P  +1870mbar,T  +710mdegC
1594274527:[PRESS ,0038]P  +1880mbar,T-26541mdegC
1594274590:[PRESS ,0038]P  +2100mbar,T  +710mdegC
1594274593:[PRESS ,0038]P  +2100mbar,T-26541mdegC
1594274597:[PRESS ,0038]P  +2120mbar,T+11743mdegC
1594274599:[PRESS ,0038]P  +2130mbar,T-26541mdegC
1594274601:[PRESS ,0038]P  +2140mbar,T  +710mdegC
1594274604:[PRESS ,0038]P  +2150mbar,T-26541mdegC
1594274606:[PRESS ,0038]P  +2140mbar,T  +710mdegC
1594274609:[PRESS ,0038]P  +2150mbar,T-26541mdegC
1594274611:[PRESS ,0038]P  +2170mbar,T  +710mdegC
1594274613:[PRESS ,0038]P  +2170mbar,T-26541mdegC
1594274676:[PRESS ,0038]P  +2340mbar,T  +710mdegC
1594274677:[PRESS ,0038]P  +2330mbar,T-26541mdegC
1594274679:[PRESS ,0038]P  +2340mbar,T+27960mdegC
1594274681:[PRESS ,0038]P  +2350mbar,T-26541mdegC
1594274685:[PRESS ,0038]P  +2370mbar,T  +710mdegC
1594274686:[PRESS ,0038]P  +2360mbar,T-26541mdegC
1594274688:[PRESS ,0038]P  +2370mbar,T  +710mdegC
1594274690:[PRESS ,0038]P  +2370mbar,T+11743mdegC
1594274692:[PRESS ,0038]P  +2380mbar,T-26541mdegC
1594274695:[PRESS ,0038]P  +2390mbar,T+11743mdegC
1594274697:[PRESS ,0038]P  +2400mbar,T  +710mdegC
1594274699:[PRESS ,0038]P  +2410mbar,T-26541mdegC
1594274701:[PRESS ,0038]P  +2400mbar,T  +710mdegC
1594274761:[PRESS ,0038]P  +2580mbar,T-26541mdegC
1594274763:[PRESS ,0038]P  +2570mbar,T  +710mdegC
1594274765:[PRESS ,0038]P  +2580mbar,T-26541mdegC
1594274767:[PRESS ,0038]P  +2580mbar,T+11743mdegC
1594274769:[PRESS ,0038]P  +2590mbar,T-26541mdegC
1594274772:[PRESS ,0038]P  +2590mbar,T+11743mdegC
1594274774:[PRESS ,0038]P  +2600mbar,T  +710mdegC
1594274776:[PRESS ,0038]P  +2600mbar,T-26541mdegC
1594274778:[PRESS ,0038]P  +2610mbar,T  +710mdegC
1594274779:[PRESS ,0038]P  +2610mbar,T+11743mdegC
1594274783:[PRESS ,0038]P  +2610mbar,T-26541mdegC
1594274787:[PRESS ,0038]P  +2610mbar,T  +710mdegC
1594274847:[PRESS ,0038]P  +2750mbar,T-26541mdegC
1594274851:[PRESS ,0038]P  +2750mbar,T  +710mdegC
1594274854:[PRESS ,0038]P  +2770mbar,T-26541mdegC
1594274856:[PRESS ,0038]P  +2780mbar,T  +710mdegC
1594274858:[PRESS ,0038]P  +2770mbar,T+11743mdegC
1594274862:[PRESS ,0038]P  +2780mbar,T-26541mdegC
1594274863:[PRESS ,0038]P  +2790mbar,T  +710mdegC
1594274865:[PRESS ,0038]P  +2790mbar,T-26541mdegC
1594274869:[PRESS ,0038]P  +2800mbar,T-15511mdegC
1594274871:[PRESS ,0038]P  +2800mbar,T+11743mdegC
1594274872:[PRESS ,0038]P  +2810mbar,T  +710mdegC
1594274933:[PRESS ,0038]P  +2960mbar,T  +710mdegC
1594274937:[PRESS ,0038]P  +2960mbar,T-26541mdegC
1594274938:[PRESS ,0038]P  +2960mbar,T  +710mdegC
1594274940:[PRESS ,0038]P  +2960mbar,T-26541mdegC
1594274946:[PRESS ,0038]P  +2980mbar,T+11743mdegC
1594274947:[PRESS ,0038]P  +2970mbar,T-26541mdegC
1594274949:[PRESS ,0038]P  +2980mbar,T+11743mdegC
1594274955:[PRESS ,0038]P  +2990mbar,T-26541mdegC
1594275019:[PRESS ,0038]P  +3130mbar,T+11743mdegC
1594275021:[PRESS ,0038]P  +3140mbar,T-26541mdegC
1594275037:[PRESS ,0038]P  +3160mbar,T+11743mdegC
1594275038:[PRESS ,0038]P  +3170mbar,T  +710mdegC
1594275040:[PRESS ,0038]P  +3180mbar,T+11743mdegC
1594275042:[PRESS ,0038]P  +3180mbar,T-26541mdegC
1594275104:[PRESS ,0038]P  +3300mbar,T+11743mdegC
1594275106:[PRESS ,0038]P  +3310mbar,T-26541mdegC
1594275108:[PRESS ,0038]P  +3320mbar,T+11743mdegC
1594275110:[PRESS ,0038]P  +3320mbar,T-26541mdegC
1594275119:[PRESS ,0038]P  +3350mbar,T+11743mdegC
1594275124:[PRESS ,0038]P  +3360mbar,T-26541mdegC
1594275129:[PRESS ,0038]P  +3370mbar,T+11743mdegC
1594275190:[PRESS ,0038]P  +3550mbar,T-26541mdegC
1594275192:[PRESS ,0038]P  +3560mbar,T+11743mdegC
1594275194:[PRESS ,0038]P  +3580mbar,T  +710mdegC
1594275195:[PRESS ,0038]P  +3580mbar,T+11743mdegC
1594275201:[PRESS ,0038]P  +3590mbar,T-26541mdegC
1594275203:[PRESS ,0038]P  +3590mbar,T  +710mdegC
1594275204:[PRESS ,0038]P  +3590mbar,T+11743mdegC
1594275208:[PRESS ,0038]P  +3610mbar,T-26541mdegC
1594275212:[PRESS ,0038]P  +3620mbar,T+11743mdegC
1594275276:[PRESS ,0038]P  +3830mbar,T-26541mdegC
1594275279:[PRESS ,0038]P  +3840mbar,T  +710mdegC
1594275281:[PRESS ,0038]P  +3840mbar,T+11743mdegC
1594275283:[PRESS ,0038]P  +3850mbar,T-26541mdegC
1594275285:[PRESS ,0038]P  +3850mbar,T-15511mdegC
1594275287:[PRESS ,0038]P  +3850mbar,T-26541mdegC
1594275288:[PRESS ,0038]P  +3860mbar,T+11743mdegC
1594275290:[PRESS ,0038]P  +3860mbar,T-26541mdegC
1594275292:[PRESS ,0038]P  +3860mbar,T-15511mdegC
1594275296:[PRESS ,0038]P  +3870mbar,T-26541mdegC
1594275297:[PRESS ,0038]P  +3890mbar,T+11743mdegC
1594275301:[PRESS ,0038]P  +3900mbar,T-15511mdegC
1594275362:[PRESS ,0038]P  +4060mbar,T+11743mdegC
1594275372:[PRESS ,0038]P  +4080mbar,T-15511mdegC
1594275374:[PRESS ,0038]P  +4080mbar,T+11743mdegC
1594275447:[PRESS ,0038]P  +4250mbar,T+11743mdegC
1594275449:[PRESS ,0038]P  +4240mbar,T-15511mdegC
1594275451:[PRESS ,0038]P  +4250mbar,T-26541mdegC
1594275453:[PRESS ,0038]P  +4260mbar,T+11743mdegC
1594275456:[PRESS ,0038]P  +4260mbar,T-26541mdegC
1594275458:[PRESS ,0038]P  +4260mbar,T+11743mdegC
1594275462:[PRESS ,0038]P  +4280mbar,T-15511mdegC
1594275463:[PRESS ,0038]P  +4270mbar,T+11743mdegC
1594275465:[PRESS ,0038]P  +4280mbar,T-15511mdegC
1594275467:[PRESS ,0038]P  +4280mbar,T+11743mdegC
1594275471:[PRESS ,0038]P  +4280mbar,T-15511mdegC
1594275472:[PRESS ,0038]P  +4280mbar,T+11743mdegC
1594275533:[PRESS ,0038]P  +4360mbar,T-15511mdegC
1594275535:[PRESS ,0038]P  +4370mbar,T-26541mdegC
1594275537:[PRESS ,0038]P  +4370mbar,T+11743mdegC
1594275538:[PRESS ,0038]P  +4370mbar,T-26541mdegC
1594275540:[PRESS ,0038]P  +4370mbar,T+11743mdegC
1594275546:[PRESS ,0038]P  +4380mbar,T+22770mdegC
1594275547:[PRESS ,0038]P  +4380mbar,T-15511mdegC
1594275549:[PRESS ,0038]P  +4390mbar,T+11743mdegC
1594275551:[PRESS ,0038]P  +4390mbar,T-26541mdegC
1594275553:[PRESS ,0038]P  +4390mbar,T+11743mdegC
1594275555:[PRESS ,0038]P  +4390mbar,T-15511mdegC
1594275619:[PRESS ,0038]P  +4490mbar,T+11743mdegC
1594275621:[PRESS ,0038]P  +4490mbar,T-26541mdegC
1594275622:[PRESS ,0038]P  +4490mbar,T+11743mdegC
1594275624:[PRESS ,0038]P  +4500mbar,T-15511mdegC
1594275626:[PRESS ,0038]P  +4500mbar,T-26541mdegC
1594275628:[PRESS ,0038]P  +4500mbar,T+11743mdegC
1594275631:[PRESS ,0038]P  +4510mbar,T-15511mdegC
1594275644:[PRESS ,0038]P  +4540mbar,T-26541mdegC
1594275644:[STAGE ,0213]4540mbar reached at 1594275644s, ref 5000mbar +/-500mbar
1594275705:[PRESS ,0038]P  +4680mbar,T+11743mdegC
1594275765:[PRESS ,0038]P  +4790mbar,T+11743mdegC
1594275826:[PRESS ,0038]P  +4930mbar,T-15511mdegC
1594275887:[PRESS ,0038]P  +5030mbar,T-15511mdegC
1594275887:[BUOY  ,0087]from +2mbar/s to +0mbar/s
1594275887:[BUOY  ,0089]need to transfer +6mL (pump during 7172ms)
1594275895:[PUMP  ,0207]battery 15502mV,   18422uA (warmup), P  +5030mbar
1594275895:[PUMP  ,0016]pump during 7172ms
1594275902:[PUMP  ,0212]battery 15326mV,  337086uA (steady state), P  +5030mbar
1594275951:[PRESS ,0038]P  +5090mbar,T-15511mdegC
1594275954:[PRESS ,0038]P  +5100mbar,T+11743mdegC
1594275958:[PRESS ,0038]P  +5100mbar,T-15511mdegC
1594275960:[PRESS ,0038]P  +5100mbar,T+22770mdegC
1594275961:[PRESS ,0038]P  +5100mbar,T-15511mdegC
1594275965:[PRESS ,0038]P  +5120mbar,T+11743mdegC
1594275969:[PRESS ,0038]P  +5120mbar,T+22770mdegC
1594275972:[PRESS ,0038]P  +5110mbar,T-15511mdegC
1594275976:[MAIN  ,0140]stage[0] complete 1882s after mission start
1594275976:[MAIN  ,0056]stage[1]
1594275978:[MAIN  ,0024]internal pressure 82770Pa
1594275979:[BUOY  ,0037]P  +5120mbar
1594275979:[STAGE ,0080]Stage [1] 5000mbar (+/-500mbar) 1800s (<1594277694s) 
1594275981:[STAGE ,0213]5110mbar reached at 1594275981s, ref 5000mbar +/-500mbar
1594275981:[BUOY  ,0087]from +1mbar/s to +0mbar/s
1594275981:[BUOY  ,0089]need to transfer +2mL (pump during 2391ms)
1594275989:[PUMP  ,0207]battery 15492mV,   18300uA (warmup), P  +5110mbar
1594275989:[PUMP  ,0016]pump during 2391ms
1594276045:[PRESS ,0038]P  +5130mbar,T+11743mdegC
1594276046:[PRESS ,0038]P  +5140mbar,T-15511mdegC
1594276048:[PRESS ,0038]P  +5130mbar,T-26541mdegC
1594276050:[PRESS ,0038]P  +5140mbar,T+11743mdegC
1594276054:[PRESS ,0038]P  +5130mbar,T+22770mdegC
1594276055:[PRESS ,0038]P  +5140mbar,T-15511mdegC
1594276057:[PRESS ,0038]P  +5140mbar,T-26541mdegC
1594276059:[PRESS ,0038]P  +5140mbar,T-15511mdegC
1594276061:[PRESS ,0038]P  +5140mbar,T+22770mdegC
1594276063:[PRESS ,0038]P  +5130mbar,T-15511mdegC
1594276064:[PRESS ,0038]P  +5150mbar,T+22770mdegC
1594276066:[PRESS ,0038]P  +5150mbar,T-15511mdegC
1594276070:[PRESS ,0038]P  +5140mbar,T+22770mdegC
1594276130:[PRESS ,0038]P  +5180mbar,T-26541mdegC
1594276131:[BUOY  ,0087]from +1mbar/s to +0mbar/s
1594276131:[BUOY  ,0089]need to transfer +2mL (pump during 2391ms)
1594276139:[PUMP  ,0207]battery 15493mV,   18300uA (warmup), P  +5180mbar
1594276139:[PUMP  ,0016]pump during 2391ms
1594276194:[PRESS ,0038]P  +5190mbar,T+11743mdegC
1594276196:[PRESS ,0038]P  +5180mbar,T-15511mdegC
1594276202:[PRESS ,0038]P  +5170mbar,T+11743mdegC
1594276203:[PRESS ,0038]P  +5170mbar,T-15511mdegC
1594276205:[PRESS ,0038]P  +5170mbar,T+11743mdegC
1594276207:[PRESS ,0038]P  +5170mbar,T+22770mdegC
1594276212:[PRESS ,0038]P  +5180mbar,T-15511mdegC
1594276280:[PRESS ,0038]P  +5160mbar,T+22770mdegC
1594276341:[PRESS ,0038]P  +5170mbar,T+11743mdegC
1594276401:[PRESS ,0038]P  +5160mbar,T-15511mdegC
1594276523:[PRESS ,0038]P  +5220mbar,T-15511mdegC
1594276583:[PRESS ,0038]P  +5240mbar,T+11743mdegC
1594276644:[PRESS ,0038]P  +5270mbar,T-15511mdegC
1594276826:[PRESS ,0038]P  +5350mbar,T+22770mdegC
1594277008:[PRESS ,0038]P  +5410mbar,T+22770mdegC
1594277069:[PRESS ,0038]P  +5450mbar,T-15511mdegC
1594277190:[PRESS ,0038]P  +5460mbar,T+22770mdegC
1594277251:[PRESS ,0038]P  +5480mbar,T-15511mdegC
1594277312:<WARN>[BUOY  ,0094]stage[1] should ASCENT, stuck at 5520mbar for the #1 time
1594277312:[BUOY  ,0087]from +1mbar/s to +1mbar/s
1594277312:[BUOY  ,0089]need to transfer +6mL (pump during 7166ms)
1594277320:[PUMP  ,0207]battery 15516mV,   18422uA (warmup), P  +5520mbar
1594277320:[PUMP  ,0016]pump during 7166ms
1594277327:[PUMP  ,0212]battery 15340mV,  334158uA (steady state), P  +5520mbar
1594277379:[PRESS ,0038]P  +5500mbar,T+11743mdegC
1594277383:[PRESS ,0038]P  +5490mbar,T-15511mdegC
1594277384:[PRESS ,0038]P  +5490mbar,T+22770mdegC
1594277388:[PRESS ,0038]P  +5490mbar,T -4486mdegC
1594277390:[PRESS ,0038]P  +5490mbar,T-15511mdegC
1594277392:[PRESS ,0038]P  +5480mbar,T -4486mdegC
1594277393:[PRESS ,0038]P  +5480mbar,T+22770mdegC
1594277397:[PRESS ,0038]P  +5480mbar,T+11743mdegC
1594277399:[PRESS ,0038]P  +5480mbar,T+22770mdegC
1594277401:[PRESS ,0038]P  +5470mbar,T-15511mdegC
1594277522:[PRESS ,0038]P  +5410mbar,T-15511mdegC
1594277583:[PRESS ,0038]P  +5400mbar,T+22770mdegC
1594277704:[MAIN  ,0140]stage[1] complete 3610s after mission start
1594277704:[MRMAID,0188]acq already stopped
1594277764:[MSSION,0192]mission stopped, 2 stage(s) done
1594277764:[MAIN  ,0065]surfacing
1594277766:[PRESS ,0038]P  +5330mbar,T-15511mdegC
1594277766:[SURFIN,0036]P  +5330mbar
1594277774:[PUMP  ,0207]battery 15512mV,   18422uA (warmup), P  +5330mbar
1594277774:[PUMP  ,0016]pump during 60000ms
1594277833:[PUMP  ,0212]battery 15335mV,  336720uA (steady state), P  +5330mbar
1594277891:[PRESS ,0038]P  +4950mbar,T-15511mdegC
1594277895:[PRESS ,0038]P  +4930mbar,T -4486mdegC
1594277896:[PRESS ,0038]P  +4930mbar,T+22770mdegC
1594277898:[PRESS ,0038]P  +4920mbar,T+11743mdegC
1594277900:[PRESS ,0038]P  +4910mbar,T-15511mdegC
1594277902:[PRESS ,0038]P  +4910mbar,T -4486mdegC
1594277904:[PRESS ,0038]P  +4890mbar,T+22770mdegC
1594277906:[PRESS ,0038]P  +4890mbar,T -4486mdegC
1594277909:[PRESS ,0038]P  +4880mbar,T+22770mdegC
1594277914:[PRESS ,0038]P  +4860mbar,T -4486mdegC
1594277916:[PRESS ,0038]P  +4860mbar,T+22770mdegC
1594277924:[PUMP  ,0207]battery 15425mV,   18300uA (warmup), P  +4860mbar
1594277924:[PUMP  ,0016]pump during 60000ms
1594277983:[PUMP  ,0212]battery 15247mV,  339770uA (steady state), P  +4860mbar
1594278041:[PRESS ,0038]P  +4270mbar,T-15511mdegC
1594278043:[PRESS ,0038]P  +4260mbar,T -4486mdegC
1594278045:[PRESS ,0038]P  +4250mbar,T-15511mdegC
1594278047:[PRESS ,0038]P  +4250mbar,T+22770mdegC
1594278048:[PRESS ,0038]P  +4230mbar,T-15511mdegC
1594278050:[PRESS ,0038]P  +4220mbar,T+22770mdegC
1594278054:[PRESS ,0038]P  +4210mbar,T -4486mdegC
1594278056:[PRESS ,0038]P  +4190mbar,T+22770mdegC
1594278074:[PUMP  ,0207]battery 15363mV,   18300uA (warmup), P  +4140mbar
1594278074:[PUMP  ,0016]pump during 60000ms
1594278133:[PUMP  ,0212]battery 15192mV,  327570uA (steady state), P  +4140mbar
1594278191:[PRESS ,0038]P  +3460mbar,T+22770mdegC
1594278198:[PRESS ,0038]P  +3400mbar,T -4486mdegC
1594278200:[PRESS ,0038]P  +3380mbar,T-31744mdegC
1594278202:[PRESS ,0038]P  +3370mbar,T+22770mdegC
1594278203:[PRESS ,0038]P  +3360mbar,T-15511mdegC
1594278207:[PRESS ,0038]P  +3340mbar,T+22770mdegC
1594278216:[PRESS ,0038]P  +3280mbar,T+22770mdegC
1594278224:[PUMP  ,0207]battery 15323mV,   18422uA (warmup), P  +3280mbar
1594278224:[PUMP  ,0016]pump during 60000ms
1594278283:[PUMP  ,0212]battery 15152mV,  325740uA (steady state), P  +3280mbar
1594278341:[PRESS ,0038]P  +2240mbar,T+22770mdegC
1594278348:[PRESS ,0038]P  +2190mbar,T -4486mdegC
1594278351:[PRESS ,0038]P  +2160mbar,T+22770mdegC
1594278359:[PRESS ,0038]P  +2100mbar,T+22770mdegC
1594278362:[PRESS ,0038]P  +2080mbar,T-15511mdegC
1594278364:[PRESS ,0038]P  +2070mbar,T -4486mdegC
1594278366:[PRESS ,0038]P  +2050mbar,T+22770mdegC
1594278487:[PRESS ,0038]P  +1280mbar,T+22770mdegC
1594278495:[PUMP  ,0207]battery 15346mV,   18544uA (warmup), P  +1280mbar
1594278496:[PUMP  ,0016]pump during 60000ms
1594278554:[PUMP  ,0212]battery 15177mV,  315492uA (steady state), P  +1280mbar
1594278612:[PRESS ,0038]P   +660mbar,T+22770mdegC
1594278616:[PRESS ,0038]P   +640mbar,T-15511mdegC
1594278618:[PRESS ,0038]P   +650mbar,T+22770mdegC
1594278628:[PRESS ,0038]P   +600mbar,T -4486mdegC
1594278630:[PRESS ,0038]P   +590mbar,T+22770mdegC
1594278637:[PRESS ,0038]P   +570mbar,T -4486mdegC
1594278645:[PUMP  ,0207]battery 15308mV,   18422uA (warmup), P   +570mbar
1594278645:[PUMP  ,0016]pump during 60000ms
1594278704:[PUMP  ,0212]battery 15140mV,  315492uA (steady state), P   +570mbar
1594278762:[PRESS ,0038]P    -60mbar,T+22770mdegC
1594278766:[PRESS ,0038]P    -80mbar,T-15511mdegC
1594278769:[PRESS ,0038]P    -90mbar,T+22770mdegC
1594278773:[PRESS ,0038]P   -110mbar,T -4486mdegC
1594278774:[PRESS ,0038]P   -120mbar,T+22770mdegC
1594278780:[PRESS ,0038]P   -130mbar,T -4486mdegC
1594278783:[PRESS ,0038]P   -110mbar,T+22770mdegC
1594278789:[PRESS ,0038]P   -100mbar,T+11743mdegC
1594278791:[PRESS ,0038]P   -110mbar,T+22770mdegC
1594278791:[SURFIN,0020]filling external bladder
1594278799:[PUMP  ,0207]battery 15288mV,   18422uA (warmup), P   -110mbar
1594278799:[PUMP  ,0016]pump during 300000ms
1594279097:[PUMP  ,0212]battery 14877mV, 1037244uA (steady state), P   -110mbar
1594279108:[PUMP  ,0207]battery 14793mV,   18788uA (warmup), P   -110mbar
1594279108:[PUMP  ,0016]pump during 300000ms
1594279218:[PUMP  ,0212]battery 14468mV,  953674uA (steady state), P   -110mbar
1594279220:[SURFIN,0019]external bladder full
1594279222:[PRESS ,0038]P    +90mbar,T-15511mdegC
1594279226:[PRESS ,0038]P   +100mbar,T+11743mdegC
1594279227:[PRESS ,0038]P   +100mbar,T-15511mdegC
1594279233:[PRESS ,0038]P    +90mbar,T+22770mdegC
1594279235:[PRESS ,0038]P    +90mbar,T+11743mdegC
1594279236:[PRESS ,0038]P   +100mbar,T-15511mdegC
1594279240:[PRESS ,0038]P    +90mbar,T+22770mdegC
1594279242:[PRESS ,0038]P    +90mbar,T-26541mdegC
1594279244:[PRESS ,0038]P   +100mbar,T-15511mdegC
1594279247:[PRESS ,0038]P    +90mbar,T+22770mdegC
1594279283:[MAIN  ,0272]Vbat 15002mV (min 14937mV)
1594279285:[MAIN  ,0024]internal pressure 79950Pa
1594279285:[MAIN  ,0043]Pext 95mbar (rng 10mbar)
1594279285:[MAIN  ,0064]surface
1594279298:[SURF  ,0022]GPS fix...
1594279318:[SURF  ,0015]10 PPS detected...
1594279319:[MRMAID,0052]Mermaid $GPSACK:+0,+0,+0,+0,+0,+0,-457;
1594279329:[MRMAID,0052]Mermaid $GPSOFF:3686341;
1594279331:[GPSFIX,0179]+0s diff
1594279331:[SURF  ,0222]2020-07-09T07:22:11
1594279331:[SURF  ,0082]Latitude : N43deg40.937mn, Longitude :E007deg19.178mn
1594279331:[SURF  ,0223]fix3D,9satellites
1594279331:[SURF  ,0084]GPS fix GPGSA : hdop0.690,vdop1.050
1594279341:[SURF  ,0274]last almanac : 76150
1594279354:[MRMAID,0026]1565 bytes in 0067/5F06C5B2.MER
1594279359:[MAIN  ,0320]New pressure offset: 95mbar
1594279359:[LOGBIN,0078]*** switching to 0067/5F06C5BF ***
