1594225294:[MAIN  ,0007]buoy 452.120-R-0067
1594225294:[MAIN  ,0055]soft pilotage 452.012.300_V2.21-20200701
1594225294:[MAIN  ,0010]cycle 4
1594225294:[SURF  ,0225]surface2
1594225310:[SURF  ,0022]GPS fix...
1594225331:[SURF  ,0015]10 PPS detected...
1594225332:[MRMAID,0052]Mermaid $GPSACK:+0,+0,+0,+0,+0,+0,-30;
1594225342:[MRMAID,0052]Mermaid $GPSOFF:3686340;
1594225343:[GPSFIX,0179]-1s diff
1594225344:[SURF  ,0222]2020-07-08T16:22:24
1594225344:[SURF  ,0082]Latitude : N43deg40.938mn, Longitude :E007deg19.181mn
1594225344:[SURF  ,0223]fix3D,12satellites
1594225344:[SURF  ,0084]GPS fix GPGSA : hdop0.610,vdop0.780
1594225354:[SURF  ,0025]Iridium...
1594225567:<WARN>[SURF  ,0023]failed to connect #1, code -8, net 1, qual 5, dial 1
1594225630:[SURF  ,0009]connected in 276s, signal quality 5
1594225689:[SURF  ,0218]prompt received, remote cmd end
1594225689:[SURF  ,0012]13 cmd(s) received
1594225709:[UPLOAD,0248]Upload data files...
1594225885:[UPLOAD,0231]"0067/5F05F240.MER" uploaded at 153bytes/s
1594226003:[ZIO   ,0240]"NO CARRIER" received, aborting
1594226019:[SURF  ,0014]disconnected after 665s
1594226024:[SURFIN,0020]filling external bladder
1594226032:[PUMP  ,0207]battery 15190mV,   18300uA (warmup), P   +100mbar
1594226032:[PUMP  ,0016]pump during 300000ms
1594226040:[PUMP  ,0212]battery 14780mV,  975756uA (steady state), P   +100mbar
1594226042:[SURFIN,0019]external bladder full
1594226042:[SURF  ,0069]transfer interrupted , retry
1594226062:[SURF  ,0022]GPS fix...
1594226082:[SURF  ,0015]10 PPS detected...
1594226083:[MRMAID,0052]Mermaid $GPSACK:+0,+0,+0,+0,+0,+1,-999938;
1594226093:[MRMAID,0052]Mermaid $GPSOFF:3686339;
1594226094:[GPSFIX,0179]+0s diff
1594226094:[SURF  ,0222]2020-07-08T16:34:54
1594226094:[SURF  ,0082]Latitude : N43deg40.938mn, Longitude :E007deg19.181mn
1594226094:[SURF  ,0223]fix3D,12satellites
1594226094:[SURF  ,0084]GPS fix GPGSA : hdop0.620,vdop0.790
1594226104:[SURF  ,0025]Iridium...
1594226145:[SURF  ,0009]connected in 41s, signal quality 5
1594226199:[SURF  ,0218]prompt received, remote cmd end
1594226199:[SURF  ,0012]13 cmd(s) received
1594226219:[UPLOAD,0248]Upload data files...
1594226298:[UPLOAD,0231]"0067/5F05D325.BIN" uploaded at 129bytes/s
1594226314:[MAIN  ,0013]1 file(s) uploaded
1594226344:[SURF  ,0014]disconnected after 240s
1594226349:[SURFIN,0020]filling external bladder
1594226352:[SURFIN,0019]external bladder full
1594226352:[SURF  ,0227]1st complete transfer
1594226352:[SURF  ,0226]Go dive (Minimum surface delay expired and no more file to upload)
1594226368:[SURF  ,0022]GPS fix...
1594226388:[SURF  ,0015]10 PPS detected...
1594226389:[MRMAID,0052]Mermaid $GPSACK:+0,+0,+0,+0,+0,+0,+0;
1594226399:[MRMAID,0052]Mermaid $GPSOFF:3686339;
1594226400:[GPSFIX,0179]-1s diff
1594226401:[SURF  ,0222]2020-07-08T16:40:01
1594226401:[SURF  ,0082]Latitude : N43deg40.937mn, Longitude :E007deg19.180mn
1594226401:[SURF  ,0223]fix3D,12satellites
1594226401:[SURF  ,0084]GPS fix GPGSA : hdop0.620,vdop0.790
1594226418:[MAIN  ,0024]internal pressure 80646Pa
1594226419:[BYCMD ,0107]    FreeRTOS V8.2.3
1594226419:[BYCMD ,0108]    FatFS v11a
1594226419:[BYCMD ,0120]    bypass 10000ms 60000ms (20000ms 60000ms stored)
1594226419:[BYCMD ,0121]    valve 60000ms 12750 (60000ms 12750 stored)
1594226419:[BYCMD ,0122]    pump 60000ms 30% 10750 80% (60000ms 30% 10750 80% stored)
1594226419:[BYCMD ,0123]    rate 2mbar/s (2mbar/s stored)
1594226419:[BYCMD ,0124]    surface 500mbar (500mbar stored)
1594226419:[BYCMD ,0125]    near 1500mbar 3mbar/s (15000mbar 3mbar/s stored)
1594226419:[BYCMD ,0126]    far 2500mbar 4mbar/s (25000mbar 4mbar/s stored)
1594226419:[BYCMD ,0127]    ascent 8mbar/s (8mbar/s stored)
1594226419:[BYCMD ,0128]    dead 60s (300s stored)
1594226419:[BYCMD ,0129]    coeff 16/10 (16/10 stored)
1594226419:[BYCMD ,0130]    stab 10 (10 stored)
1594226419:[BYCMD ,0131]    delay 900s 3600s (900s 3600s stored)
1594226419:[BYCMD ,0132]    mmtime 2880min (2880min stored)
1594226419:[BYCMD ,0133]    dv_landing 100ml (100ml stored)
1594226419:[MKDCMD,0150]    p2t37: 15x2000ms, offset 98mbar
1594226419:[P2TCMD,0151]    p2t37: dp 50mbar, dt 5000mdegC
1594226420:[STAGE ,0080]Stage [0] 5000mbar (+/-500mbar) 1800s (<1800s) 
1594226420:[STAGE ,0080]Stage [1] 5000mbar (+/-500mbar) 1800s (<3600s) 
1594226420:[MAIN  ,0070]turn off bluetooth
1594226422:[PRESS ,0038]P     +2mbar,T  +710mdegC
1594226431:[PRESS ,0038]P     -8mbar,T-26541mdegC
1594226435:[PRESS ,0038]P    -18mbar,T  +710mdegC
1594226438:[PRESS ,0038]P    -18mbar,T-26541mdegC
1594226440:[PRESS ,0038]P    -18mbar,T  +710mdegC
1594226446:[PRESS ,0038]P    -18mbar,T+27960mdegC
1594226447:[PRESS ,0038]P     -8mbar,T  +710mdegC
1594226447:[DIVING,0141]diving from -8mbar, -1mbar/s
1594226447:[BYPASS,0035]bypass opening 60000ms
1594226452:[BYPASS,0104]battery 15107mV,  252174uA (bypass opening), P     -8mbar
1594226517:[BYPASS,0106]battery 15115mV,  294508uA (bypass closing), P     -8mbar
1594226519:[PRESS ,0038]P   -118mbar,T  +710mdegC
1594226530:[PRESS ,0038]P   -118mbar,T-26541mdegC
1594226533:[PRESS ,0038]P   -108mbar,T  +710mdegC
1594226541:[PRESS ,0038]P   -118mbar,T-26541mdegC
1594226544:[PRESS ,0038]P   -118mbar,T  +710mdegC
1594226544:[BYPASS,0035]bypass opening 10000ms
1594226549:[BYPASS,0104]battery 15140mV,  244488uA (bypass opening), P   -118mbar
1594226564:[BYPASS,0106]battery 15121mV,  293288uA (bypass closing), P   -118mbar
1594226566:[PRESS ,0038]P   -138mbar,T+27960mdegC
1594226568:[PRESS ,0038]P   -138mbar,T  +710mdegC
1594226577:[PRESS ,0038]P   -128mbar,T+27960mdegC
1594226579:[PRESS ,0038]P   -138mbar,T  +710mdegC
1594226580:[PRESS ,0038]P   -128mbar,T-10327mdegC
1594226582:[PRESS ,0038]P   -108mbar,T  +710mdegC
1594226586:[PRESS ,0038]P   -118mbar,T+27960mdegC
1594226588:[PRESS ,0038]P   -118mbar,T-26541mdegC
1594226589:[PRESS ,0038]P   -118mbar,T  +710mdegC
1594226591:[BYPASS,0035]bypass opening 10000ms
1594226596:[BYPASS,0104]battery 15150mV,  251930uA (bypass opening), P   -128mbar
1594226611:[BYPASS,0106]battery 15127mV,  292434uA (bypass closing), P   -128mbar
1594226625:[PRESS ,0038]P   -118mbar,T-26541mdegC
1594226627:[PRESS ,0038]P   -118mbar,T  +710mdegC
1594226629:[PRESS ,0038]P   -128mbar,T+27960mdegC
1594226631:[PRESS ,0038]P   -118mbar,T  +710mdegC
1594226633:[PRESS ,0038]P   -118mbar,T-26541mdegC
1594226634:[PRESS ,0038]P   -128mbar,T  +710mdegC
1594226638:[BYPASS,0035]bypass opening 10000ms
1594226643:[BYPASS,0104]battery 15155mV,  249490uA (bypass opening), P   -108mbar
1594226658:[BYPASS,0106]battery 15133mV,  291702uA (bypass closing), P   -108mbar
1594226660:[PRESS ,0038]P   -108mbar,T+27960mdegC
1594226662:[PRESS ,0038]P   -118mbar,T  +710mdegC
1594226664:[PRESS ,0038]P   -118mbar,T+27960mdegC
1594226665:[PRESS ,0038]P   -108mbar,T  +710mdegC
1594226667:[PRESS ,0038]P   -118mbar,T-26541mdegC
1594226669:[PRESS ,0038]P   -108mbar,T  +710mdegC
1594226678:[PRESS ,0038]P   -108mbar,T-26541mdegC
1594226680:[PRESS ,0038]P   -118mbar,T  +710mdegC
1594226682:[PRESS ,0038]P   -118mbar,T-26541mdegC
1594226683:[PRESS ,0038]P   -118mbar,T  +710mdegC
1594226685:[BYPASS,0035]bypass opening 10000ms
1594226690:[BYPASS,0104]battery 15161mV,  250466uA (bypass opening), P   -118mbar
1594226705:[BYPASS,0106]battery 15138mV,  291092uA (bypass closing), P   -118mbar
1594226707:[PRESS ,0038]P   -118mbar,T+27960mdegC
1594226709:[PRESS ,0038]P    -88mbar,T  +710mdegC
1594226712:[PRESS ,0038]P    -98mbar,T+11743mdegC
1594226714:[PRESS ,0038]P    -88mbar,T  +710mdegC
1594226720:[PRESS ,0038]P    -98mbar,T+27960mdegC
1594226721:[PRESS ,0038]P    -98mbar,T  +710mdegC
1594226727:[PRESS ,0038]P    -98mbar,T-26541mdegC
1594226729:[PRESS ,0038]P   -108mbar,T  +710mdegC
1594226732:[PRESS ,0038]P    -98mbar,T+27960mdegC
1594226732:[BYPASS,0035]bypass opening 10000ms
1594226737:[BYPASS,0104]battery 15161mV,  245342uA (bypass opening), P    -98mbar
1594226752:[BYPASS,0106]battery 15142mV,  290482uA (bypass closing), P    -98mbar
1594226754:[PRESS ,0038]P   -108mbar,T  +710mdegC
1594226770:[PRESS ,0038]P    -88mbar,T-26541mdegC
1594226774:[PRESS ,0038]P    -98mbar,T  +710mdegC
1594226779:[BYPASS,0035]bypass opening 10000ms
1594226784:[BYPASS,0104]battery 15168mV,  251686uA (bypass opening), P    -88mbar
1594226799:[BYPASS,0106]battery 15147mV,  289994uA (bypass closing), P    -88mbar
1594226804:[PRESS ,0038]P   -108mbar,T-26541mdegC
1594226806:[PRESS ,0038]P   -108mbar,T  +710mdegC
1594226808:[PRESS ,0038]P    -98mbar,T-26541mdegC
1594226810:[PRESS ,0038]P   -108mbar,T  +710mdegC
1594226815:[PRESS ,0038]P    -98mbar,T+27960mdegC
1594226817:[PRESS ,0038]P   -108mbar,T  +710mdegC
1594226819:[PRESS ,0038]P    -98mbar,T+11743mdegC
1594226821:[PRESS ,0038]P    -98mbar,T+27960mdegC
1594226824:[PRESS ,0038]P    -88mbar,T  +710mdegC
1594226826:[BYPASS,0035]bypass opening 10000ms
1594226831:[BYPASS,0104]battery 15172mV,  247904uA (bypass opening), P   -108mbar
1594226846:[BYPASS,0106]battery 15151mV,  289506uA (bypass closing), P   -108mbar
1594226858:[PRESS ,0038]P    -78mbar,T+27960mdegC
1594226862:[PRESS ,0038]P    -78mbar,T  +710mdegC
1594226864:[PRESS ,0038]P    -88mbar,T-26541mdegC
1594226871:[PRESS ,0038]P    -78mbar,T+27960mdegC
1594226873:[PRESS ,0038]P    -78mbar,T  +710mdegC
1594226873:[BYPASS,0035]bypass opening 10000ms
1594226878:[BYPASS,0104]battery 15172mV,  244244uA (bypass opening), P    -78mbar
1594226893:[BYPASS,0106]battery 15153mV,  288774uA (bypass closing), P    -78mbar
1594226895:[PRESS ,0038]P    -58mbar,T+27960mdegC
1594226896:[PRESS ,0038]P    -58mbar,T  +710mdegC
1594226900:[PRESS ,0038]P    -48mbar,T+27960mdegC
1594226902:[PRESS ,0038]P    -38mbar,T-26541mdegC
1594226904:[PRESS ,0038]P    -28mbar,T  +710mdegC
1594226907:[PRESS ,0038]P     -8mbar,T-26541mdegC
1594226911:[PRESS ,0038]P     +2mbar,T  +710mdegC
1594226913:[PRESS ,0038]P    +12mbar,T-26541mdegC
1594226914:[PRESS ,0038]P    +12mbar,T+27960mdegC
1594226918:[PRESS ,0038]P    +32mbar,T-26541mdegC
1594226920:[PRESS ,0038]P    +42mbar,T  +710mdegC
1594226923:[PRESS ,0038]P    +52mbar,T-26541mdegC
1594226925:[PRESS ,0038]P    +52mbar,T  +710mdegC
1594226928:[PRESS ,0038]P    +72mbar,T+27960mdegC
1594226934:[PRESS ,0038]P    +92mbar,T  +710mdegC
1594226942:[PRESS ,0038]P   +142mbar,T+27960mdegC
1594226945:[PRESS ,0038]P   +142mbar,T  +710mdegC
1594226948:[PRESS ,0038]P   +162mbar,T+27960mdegC
1594226951:[PRESS ,0038]P   +182mbar,T  +710mdegC
1594226953:[PRESS ,0038]P   +192mbar,T+27960mdegC
1594226956:[PRESS ,0038]P   +202mbar,T  +710mdegC
1594226959:[PRESS ,0038]P   +222mbar,T+27960mdegC
1594226965:[PRESS ,0038]P   +252mbar,T  +710mdegC
1594226967:[PRESS ,0038]P   +252mbar,T+27960mdegC
1594226976:[PRESS ,0038]P   +312mbar,T+27960mdegC
1594226981:[PRESS ,0038]P   +342mbar,T  +710mdegC
1594226984:[PRESS ,0038]P   +372mbar,T+27960mdegC
1594226992:[PRESS ,0038]P   +412mbar,T-10327mdegC
1594226995:[PRESS ,0038]P   +432mbar,T  +710mdegC
1594227003:[PRESS ,0038]P   +492mbar,T  +710mdegC
1594227006:[PRESS ,0038]P   +522mbar,T-26541mdegC
1594227008:[PRESS ,0038]P   +522mbar,T  +710mdegC
1594227008:[DIVING,0028]522mbar reached (+7mbar/s), 9 bypass done
1594227009:[MAIN  ,0056]stage[0]
1594227011:[MAIN  ,0024]internal pressure 83971Pa
1594227012:[BUOY  ,0037]P   +542mbar
1594227012:[STAGE ,0080]Stage [0] 5000mbar (+/-500mbar) 1800s (<1594228808s) 
1594227074:[PRESS ,0038]P   +802mbar,T+27960mdegC
1594227081:[PRESS ,0038]P   +802mbar,T  +710mdegC
1594227083:[PRESS ,0038]P   +822mbar,T+27960mdegC
1594227085:[PRESS ,0038]P   +812mbar,T  +710mdegC
1594227090:[PRESS ,0038]P   +832mbar,T+27960mdegC
1594227096:[PRESS ,0038]P   +832mbar,T  +710mdegC
1594227097:[PRESS ,0038]P   +832mbar,T+27960mdegC
1594227099:[PRESS ,0038]P   +842mbar,T  +710mdegC
1594227099:[BUOY  ,0087]from +2mbar/s to +4mbar/s
1594227099:[BUOY  ,0090]need to transfer -20mL (valve during 8793ms)
1594227099:[VALVE ,0034]valve opening 8793ms
1594227108:[VALVE ,0234]battery 15130mV,  489830uA, P   +842mbar
1594227160:[PRESS ,0038]P  +1022mbar,T+27960mdegC
1594227165:[PRESS ,0038]P  +1032mbar,T-10327mdegC
1594227167:[PRESS ,0038]P  +1052mbar,T  +710mdegC
1594227173:[PRESS ,0038]P  +1052mbar,T+27960mdegC
1594227174:[PRESS ,0038]P  +1062mbar,T  +710mdegC
1594227176:[PRESS ,0038]P  +1052mbar,T+27960mdegC
1594227178:[PRESS ,0038]P  +1062mbar,T  +710mdegC
1594227183:[PRESS ,0038]P  +1082mbar,T-26541mdegC
1594227185:[PRESS ,0038]P  +1072mbar,T  +710mdegC
1594227185:[BUOY  ,0087]from +2mbar/s to +4mbar/s
1594227185:[BUOY  ,0090]need to transfer -20mL (valve during 7969ms)
1594227185:[VALVE ,0034]valve opening 7969ms
1594227193:[VALVE ,0234]battery 15131mV,  486292uA, P  +1072mbar
1594227246:[PRESS ,0038]P  +1302mbar,T+27960mdegC
1594227250:[PRESS ,0038]P  +1312mbar,T  +710mdegC
1594227251:[PRESS ,0038]P  +1342mbar,T+27960mdegC
1594227253:[PRESS ,0038]P  +1342mbar,T-26541mdegC
1594227257:[PRESS ,0038]P  +1362mbar,T  +710mdegC
1594227260:[PRESS ,0038]P  +1372mbar,T+27960mdegC
1594227262:[PRESS ,0038]P  +1392mbar,T  +710mdegC
1594227266:[PRESS ,0038]P  +1402mbar,T+27960mdegC
1594227269:[PRESS ,0038]P  +1422mbar,T-10327mdegC
1594227271:[PRESS ,0038]P  +1422mbar,T+27960mdegC
1594227332:[PRESS ,0038]P  +1702mbar,T  +710mdegC
1594227334:[PRESS ,0038]P  +1702mbar,T+27960mdegC
1594227337:[PRESS ,0038]P  +1722mbar,T-10327mdegC
1594227339:[PRESS ,0038]P  +1722mbar,T+27960mdegC
1594227343:[PRESS ,0038]P  +1732mbar,T  +710mdegC
1594227344:[PRESS ,0038]P  +1752mbar,T+27960mdegC
1594227353:[PRESS ,0038]P  +1782mbar,T  +710mdegC
1594227417:[PRESS ,0038]P  +1942mbar,T+27960mdegC
1594227419:[PRESS ,0038]P  +1952mbar,T  +710mdegC
1594227421:[PRESS ,0038]P  +1942mbar,T+27960mdegC
1594227423:[PRESS ,0038]P  +1962mbar,T  +710mdegC
1594227430:[PRESS ,0038]P  +1962mbar,T-26541mdegC
1594227432:[PRESS ,0038]P  +1972mbar,T+27960mdegC
1594227439:[PRESS ,0038]P  +1992mbar,T  +710mdegC
1594227441:[PRESS ,0038]P  +1992mbar,T-10327mdegC
1594227442:[PRESS ,0038]P  +1992mbar,T  +710mdegC
1594227443:[BUOY  ,0087]from +2mbar/s to +4mbar/s
1594227443:[BUOY  ,0090]need to transfer -20mL (valve during 5795ms)
1594227443:[VALVE ,0034]valve opening 5795ms
1594227448:[VALVE ,0234]battery 15163mV,  490318uA, P  +1992mbar
1594227503:[PRESS ,0038]P  +2202mbar,T  +710mdegC
1594227505:[PRESS ,0038]P  +2212mbar,T+27960mdegC
1594227507:[PRESS ,0038]P  +2212mbar,T  +710mdegC
1594227509:[PRESS ,0038]P  +2212mbar,T-26541mdegC
1594227511:[PRESS ,0038]P  +2232mbar,T+27960mdegC
1594227514:[PRESS ,0038]P  +2242mbar,T  +710mdegC
1594227516:[PRESS ,0038]P  +2242mbar,T-26541mdegC
1594227518:[PRESS ,0038]P  +2252mbar,T  +710mdegC
1594227520:[PRESS ,0038]P  +2252mbar,T+27960mdegC
1594227521:[PRESS ,0038]P  +2262mbar,T  +710mdegC
1594227527:[PRESS ,0038]P  +2282mbar,T+27960mdegC
1594227529:[PRESS ,0038]P  +2292mbar,T  +710mdegC
1594227589:[PRESS ,0038]P  +2532mbar,T  +710mdegC
1594227591:[PRESS ,0038]P  +2532mbar,T+27960mdegC
1594227593:[PRESS ,0038]P  +2552mbar,T  +710mdegC
1594227596:[PRESS ,0038]P  +2552mbar,T+27960mdegC
1594227598:[PRESS ,0038]P  +2562mbar,T  +710mdegC
1594227602:[PRESS ,0038]P  +2582mbar,T-26541mdegC
1594227605:[PRESS ,0038]P  +2582mbar,T+27960mdegC
1594227607:[PRESS ,0038]P  +2602mbar,T  +710mdegC
1594227614:[PRESS ,0038]P  +2632mbar,T-26541mdegC
1594227675:[PRESS ,0038]P  +2852mbar,T  +710mdegC
1594227682:[PRESS ,0038]P  +2872mbar,T+27960mdegC
1594227684:[PRESS ,0038]P  +2872mbar,T-26541mdegC
1594227686:[PRESS ,0038]P  +2882mbar,T  +710mdegC
1594227689:[PRESS ,0038]P  +2912mbar,T+27960mdegC
1594227691:[PRESS ,0038]P  +2892mbar,T  +710mdegC
1594227761:[PRESS ,0038]P  +3132mbar,T  +710mdegC
1594227762:[PRESS ,0038]P  +3132mbar,T+27960mdegC
1594227764:[PRESS ,0038]P  +3152mbar,T  +710mdegC
1594227769:[PRESS ,0038]P  +3162mbar,T+27960mdegC
1594227771:[PRESS ,0038]P  +3162mbar,T  +710mdegC
1594227773:[PRESS ,0038]P  +3172mbar,T+27960mdegC
1594227775:[PRESS ,0038]P  +3182mbar,T  +710mdegC
1594227777:[PRESS ,0038]P  +3182mbar,T-26541mdegC
1594227780:[PRESS ,0038]P  +3192mbar,T  +710mdegC
1594227846:[PRESS ,0038]P  +3412mbar,T  +710mdegC
1594227853:[PRESS ,0038]P  +3442mbar,T+27960mdegC
1594227855:[PRESS ,0038]P  +3432mbar,T-26541mdegC
1594227857:[PRESS ,0038]P  +3442mbar,T+27960mdegC
1594227859:[PRESS ,0038]P  +3452mbar,T  +710mdegC
1594227862:[PRESS ,0038]P  +3462mbar,T-26541mdegC
1594227864:[PRESS ,0038]P  +3472mbar,T  +710mdegC
1594227866:[PRESS ,0038]P  +3472mbar,T-26541mdegC
1594227868:[PRESS ,0038]P  +3482mbar,T  +710mdegC
1594227871:[PRESS ,0038]P  +3492mbar,T-26541mdegC
1594227932:[PRESS ,0038]P  +3692mbar,T-26541mdegC
1594227936:[PRESS ,0038]P  +3692mbar,T  +710mdegC
1594227937:[PRESS ,0038]P  +3702mbar,T-26541mdegC
1594227939:[PRESS ,0038]P  +3722mbar,T  +710mdegC
1594227943:[PRESS ,0038]P  +3722mbar,T-26541mdegC
1594227945:[PRESS ,0038]P  +3732mbar,T  +710mdegC
1594227948:[PRESS ,0038]P  +3742mbar,T-26541mdegC
1594227950:[PRESS ,0038]P  +3742mbar,T  +710mdegC
1594227954:[PRESS ,0038]P  +3752mbar,T-26541mdegC
1594228018:[PRESS ,0038]P  +3942mbar,T  +710mdegC
1594228020:[PRESS ,0038]P  +3962mbar,T-26541mdegC
1594228021:[PRESS ,0038]P  +3952mbar,T+27960mdegC
1594228023:[PRESS ,0038]P  +3962mbar,T-26541mdegC
1594228025:[PRESS ,0038]P  +3982mbar,T  +710mdegC
1594228030:[PRESS ,0038]P  +3982mbar,T-26541mdegC
1594228034:[PRESS ,0038]P  +3992mbar,T+11743mdegC
1594228036:[PRESS ,0038]P  +4002mbar,T-26541mdegC
1594228039:[PRESS ,0038]P  +4012mbar,T  +710mdegC
1594228043:[PRESS ,0038]P  +4022mbar,T-26541mdegC
1594228104:[PRESS ,0038]P  +4182mbar,T-26541mdegC
1594228107:[PRESS ,0038]P  +4182mbar,T  +710mdegC
1594228111:[PRESS ,0038]P  +4182mbar,T-26541mdegC
1594228114:[PRESS ,0038]P  +4202mbar,T  +710mdegC
1594228116:[PRESS ,0038]P  +4202mbar,T-26541mdegC
1594228123:[PRESS ,0038]P  +4222mbar,T+11743mdegC
1594228125:[PRESS ,0038]P  +4232mbar,T  +710mdegC
1594228127:[PRESS ,0038]P  +4232mbar,T+11743mdegC
1594228189:[PRESS ,0038]P  +4422mbar,T  +710mdegC
1594228191:[PRESS ,0038]P  +4412mbar,T-26541mdegC
1594228203:[PRESS ,0038]P  +4462mbar,T  +710mdegC
1594228205:[PRESS ,0038]P  +4452mbar,T-26541mdegC
1594228211:[PRESS ,0038]P  +4462mbar,T+11743mdegC
1594228214:[PRESS ,0038]P  +4482mbar,T-26541mdegC
1594228275:[PRESS ,0038]P  +4632mbar,T-26541mdegC
1594228285:[PRESS ,0038]P  +4652mbar,T+11743mdegC
1594228287:[PRESS ,0038]P  +4662mbar,T-26541mdegC
1594228291:[PRESS ,0038]P  +4672mbar,T+11743mdegC
1594228293:[PRESS ,0038]P  +4672mbar,T  +710mdegC
1594228294:[PRESS ,0038]P  +4672mbar,T+11743mdegC
1594228296:[PRESS ,0038]P  +4672mbar,T  +710mdegC
1594228298:[PRESS ,0038]P  +4682mbar,T+11743mdegC
1594228300:[PRESS ,0038]P  +4692mbar,T-26541mdegC
1594228300:[STAGE ,0213]4692mbar reached at 1594228300s, ref 5000mbar +/-500mbar
1594228361:[PRESS ,0038]P  +4812mbar,T-26541mdegC
1594228421:[PRESS ,0038]P  +4972mbar,T-26541mdegC
1594228482:[PRESS ,0038]P  +5152mbar,T+11743mdegC
1594228482:[BUOY  ,0087]from +2mbar/s to +0mbar/s
1594228482:[BUOY  ,0089]need to transfer +6mL (pump during 7186ms)
1594228490:[PUMP  ,0207]battery 15491mV,   18666uA (warmup), P  +5152mbar
1594228490:[PUMP  ,0016]pump during 7186ms
1594228497:[PUMP  ,0212]battery 15298mV,  324886uA (steady state), P  +5152mbar
1594228546:[PRESS ,0038]P  +5262mbar,T-26541mdegC
1594228551:[PRESS ,0038]P  +5282mbar,T+11743mdegC
1594228553:[PRESS ,0038]P  +5282mbar,T-26541mdegC
1594228555:[PRESS ,0038]P  +5272mbar,T+11743mdegC
1594228564:[PRESS ,0038]P  +5292mbar,T-26541mdegC
1594228566:[PRESS ,0038]P  +5302mbar,T+11743mdegC
1594228567:[PRESS ,0038]P  +5302mbar,T-26541mdegC
1594228569:[PRESS ,0038]P  +5312mbar,T+11743mdegC
1594228571:[BUOY  ,0087]from +2mbar/s to +0mbar/s
1594228571:[BUOY  ,0089]need to transfer +6mL (pump during 7186ms)
1594228579:[PUMP  ,0207]battery 15482mV,   18544uA (warmup), P  +5322mbar
1594228579:[PUMP  ,0016]pump during 7186ms
1594228586:[PUMP  ,0212]battery 15287mV,  331108uA (steady state), P  +5322mbar
1594228635:[PRESS ,0038]P  +5412mbar,T+11743mdegC
1594228637:[PRESS ,0038]P  +5412mbar,T-26541mdegC
1594228640:[PRESS ,0038]P  +5422mbar,T+11743mdegC
1594228644:[PRESS ,0038]P  +5422mbar,T-26541mdegC
1594228646:[PRESS ,0038]P  +5432mbar,T+11743mdegC
1594228649:[PRESS ,0038]P  +5432mbar,T-15511mdegC
1594228651:[PRESS ,0038]P  +5422mbar,T-26541mdegC
1594228653:[PRESS ,0038]P  +5432mbar,T-15511mdegC
1594228655:[PRESS ,0038]P  +5432mbar,T-26541mdegC
1594228657:[PRESS ,0038]P  +5432mbar,T+11743mdegC
1594228660:[BUOY  ,0087]from +1mbar/s to +0mbar/s
1594228660:[BUOY  ,0089]need to transfer +2mL (pump during 2395ms)
1594228668:[PUMP  ,0207]battery 15475mV,   18544uA (warmup), P  +5442mbar
1594228668:[PUMP  ,0016]pump during 2395ms
1594228724:[PRESS ,0038]P  +5532mbar,T  +710mdegC
1594228726:[PRESS ,0038]P  +5532mbar,T+11743mdegC
1594228730:[PRESS ,0038]P  +5522mbar,T-26541mdegC
1594228733:[PRESS ,0038]P  +5542mbar,T+11743mdegC
1594228735:[PRESS ,0038]P  +5532mbar,T-15511mdegC
1594228738:[PRESS ,0038]P  +5542mbar,T+11743mdegC
1594228746:[PRESS ,0038]P  +5532mbar,T-26541mdegC
1594228747:[PRESS ,0038]P  +5532mbar,T+11743mdegC
1594228749:<WARN>[BUOY  ,0094]stage[0] should ASCENT, stuck at 5542mbar for the #1 time
1594228749:[BUOY  ,0087]from +0mbar/s to -2mbar/s
1594228749:[BUOY  ,0089]need to transfer +6mL (pump during 7186ms)
1594228757:[PUMP  ,0207]battery 15476mV,   18544uA (warmup), P  +5542mbar
1594228757:[PUMP  ,0016]pump during 7186ms
1594228765:[PUMP  ,0212]battery 15282mV,  328912uA (steady state), P  +5542mbar
1594228813:[PRESS ,0038]P  +5532mbar,T  +710mdegC
1594228815:[PRESS ,0038]P  +5522mbar,T-26541mdegC
1594228819:[PRESS ,0038]P  +5522mbar,T+11743mdegC
1594228822:[PRESS ,0038]P  +5522mbar,T-26541mdegC
1594228824:[PRESS ,0038]P  +5512mbar,T+11743mdegC
1594228835:[PRESS ,0038]P  +5512mbar,T-26541mdegC
1594228836:[PRESS ,0038]P  +5502mbar,T+11743mdegC
1594228838:[PRESS ,0038]P  +5492mbar,T-15511mdegC
1594228838:[MAIN  ,0140]stage[0] complete 1830s after mission start
1594228838:[MAIN  ,0056]stage[1]
1594228841:[MAIN  ,0024]internal pressure 82904Pa
1594228841:[PRESS ,0038]P  +5492mbar,T-26541mdegC
1594228841:[BUOY  ,0037]P  +5492mbar
1594228841:[STAGE ,0080]Stage [1] 5000mbar (+/-500mbar) 1800s (<1594230608s) 
1594228843:[PRESS ,0038]P  +5492mbar,T-15511mdegC
1594228843:[STAGE ,0213]5492mbar reached at 1594228843s, ref 5000mbar +/-500mbar
1594228965:[PRESS ,0038]P  +5402mbar,T+11743mdegC
1594229025:[PRESS ,0038]P  +5392mbar,T-26541mdegC
1594229086:[PRESS ,0038]P  +5412mbar,T+11743mdegC
1594229207:[PRESS ,0038]P  +5432mbar,T-15511mdegC
1594229268:[PRESS ,0038]P  +5472mbar,T+11743mdegC
1594229329:[PRESS ,0038]P  +5522mbar,T-15511mdegC
1594229329:<WARN>[BUOY  ,0094]stage[1] should ASCENT, stuck at 5522mbar for the #1 time
1594229329:[BUOY  ,0087]from +0mbar/s to -2mbar/s
1594229329:[BUOY  ,0089]need to transfer +6mL (pump during 7188ms)
1594229337:[PUMP  ,0207]battery 15497mV,   18544uA (warmup), P  +5522mbar
1594229337:[PUMP  ,0016]pump during 7188ms
1594229344:[PUMP  ,0212]battery 15301mV,  329766uA (steady state), P  +5522mbar
1594229397:[PRESS ,0038]P  +5552mbar,T+11743mdegC
1594229401:[PRESS ,0038]P  +5552mbar,T-26541mdegC
1594229403:[PRESS ,0038]P  +5552mbar,T-15511mdegC
1594229410:[PRESS ,0038]P  +5532mbar,T-26541mdegC
1594229412:[PRESS ,0038]P  +5532mbar,T+22770mdegC
1594229419:[PRESS ,0038]P  +5552mbar,T+11743mdegC
1594229485:[PRESS ,0038]P  +5532mbar,T-15511mdegC
1594229489:[PRESS ,0038]P  +5532mbar,T+11743mdegC
1594229491:[PRESS ,0038]P  +5532mbar,T+22770mdegC
1594229492:[PRESS ,0038]P  +5522mbar,T-15511mdegC
1594229496:[PRESS ,0038]P  +5532mbar,T+11743mdegC
1594229500:[PRESS ,0038]P  +5532mbar,T-15511mdegC
1594229501:[PRESS ,0038]P  +5542mbar,T+11743mdegC
1594229503:[PRESS ,0038]P  +5522mbar,T-15511mdegC
1594229505:[PRESS ,0038]P  +5532mbar,T+11743mdegC
1594229505:<WARN>[BUOY  ,0094]stage[1] should ASCENT, stuck at 5532mbar for the #1 time
1594229505:[BUOY  ,0087]from +0mbar/s to -2mbar/s
1594229505:[BUOY  ,0089]need to transfer +6mL (pump during 7185ms)
1594229513:[PUMP  ,0207]battery 15491mV,   18544uA (warmup), P  +5532mbar
1594229513:[PUMP  ,0016]pump during 7185ms
1594229520:[PUMP  ,0212]battery 15295mV,  332206uA (steady state), P  +5532mbar
1594229571:[PRESS ,0038]P  +5482mbar,T+22770mdegC
1594229573:[PRESS ,0038]P  +5482mbar,T+11743mdegC
1594229574:[PRESS ,0038]P  +5482mbar,T-26541mdegC
1594229576:[PRESS ,0038]P  +5472mbar,T+11743mdegC
1594229578:[PRESS ,0038]P  +5472mbar,T-15511mdegC
1594229587:[PRESS ,0038]P  +5472mbar,T+11743mdegC
1594229589:[PRESS ,0038]P  +5462mbar,T-15511mdegC
1594229590:[PRESS ,0038]P  +5462mbar,T+11743mdegC
1594229592:[PRESS ,0038]P  +5462mbar,T+22770mdegC
1594229594:[PRESS ,0038]P  +5452mbar,T-15511mdegC
1594229655:[PRESS ,0038]P  +5382mbar,T-15511mdegC
1594229715:[PRESS ,0038]P  +5332mbar,T+11743mdegC
1594229776:[PRESS ,0038]P  +5282mbar,T-15511mdegC
1594229897:[PRESS ,0038]P  +5182mbar,T+11743mdegC
1594229958:[PRESS ,0038]P  +5152mbar,T-15511mdegC
1594230019:[PRESS ,0038]P  +5122mbar,T-26541mdegC
1594230080:[PRESS ,0038]P  +5092mbar,T+22770mdegC
1594230140:[PRESS ,0038]P  +5102mbar,T+11743mdegC
1594230201:[PRESS ,0038]P  +5072mbar,T-15511mdegC
1594230444:[PRESS ,0038]P  +5112mbar,T+22770mdegC
1594230504:[PRESS ,0038]P  +5112mbar,T+11743mdegC
1594230626:[PRESS ,0038]P  +5052mbar,T-15511mdegC
1594230626:[MAIN  ,0140]stage[1] complete 3618s after mission start
1594230626:[MRMAID,0188]acq already stopped
1594230686:[MSSION,0192]mission stopped, 2 stage(s) done
1594230686:[MAIN  ,0065]surfacing
1594230688:[PRESS ,0038]P  +5052mbar,T+22770mdegC
1594230688:[SURFIN,0036]P  +5052mbar
1594230696:[PUMP  ,0207]battery 15513mV,   18666uA (warmup), P  +5052mbar
1594230696:[PUMP  ,0016]pump during 60000ms
1594230755:[PUMP  ,0212]battery 15308mV,  337086uA (steady state), P  +5052mbar
1594230813:[PRESS ,0038]P  +4702mbar,T+22770mdegC
1594230816:[PRESS ,0038]P  +4692mbar,T -4486mdegC
1594230818:[PRESS ,0038]P  +4682mbar,T-15511mdegC
1594230830:[PRESS ,0038]P  +4632mbar,T+22770mdegC
1594230836:[PRESS ,0038]P  +4612mbar,T-15511mdegC
1594230838:[PRESS ,0038]P  +4602mbar,T+22770mdegC
1594230846:[PUMP  ,0207]battery 15427mV,   18544uA (warmup), P  +4602mbar
1594230846:[PUMP  ,0016]pump during 60000ms
1594230905:[PUMP  ,0212]battery 15232mV,  323666uA (steady state), P  +4602mbar
1594230962:[PRESS ,0038]P  +3842mbar,T-15511mdegC
1594230964:[PRESS ,0038]P  +3832mbar,T+22770mdegC
1594230966:[PRESS ,0038]P  +3832mbar,T-15511mdegC
1594230968:[PRESS ,0038]P  +3812mbar,T+22770mdegC
1594230970:[PRESS ,0038]P  +3812mbar,T-15511mdegC
1594230973:[PRESS ,0038]P  +3782mbar,T+22770mdegC
1594230975:[PRESS ,0038]P  +3772mbar,T-15511mdegC
1594230980:[PRESS ,0038]P  +3742mbar,T -4486mdegC
1594230982:[PRESS ,0038]P  +3732mbar,T+11743mdegC
1594230984:[PRESS ,0038]P  +3722mbar,T+22770mdegC
1594230986:[PRESS ,0038]P  +3722mbar,T-15511mdegC
1594230988:[PRESS ,0038]P  +3712mbar,T+22770mdegC
1594230996:[PUMP  ,0207]battery 15366mV,   18666uA (warmup), P  +3712mbar
1594230996:[PUMP  ,0016]pump during 60000ms
1594231055:[PUMP  ,0212]battery 15173mV,  322690uA (steady state), P  +3712mbar
1594231113:[PRESS ,0038]P  +2922mbar,T-15511mdegC
1594231116:[PRESS ,0038]P  +2902mbar,T+22770mdegC
1594231120:[PRESS ,0038]P  +2872mbar,T-15511mdegC
1594231121:[PRESS ,0038]P  +2862mbar,T+22770mdegC
1594231123:[PRESS ,0038]P  +2852mbar,T-15511mdegC
1594231127:[PRESS ,0038]P  +2822mbar,T -4486mdegC
1594231129:[PRESS ,0038]P  +2822mbar,T-15511mdegC
1594231132:[PRESS ,0038]P  +2792mbar,T+22770mdegC
1594231146:[PUMP  ,0207]battery 15326mV,   18666uA (warmup), P  +2762mbar
1594231146:[PUMP  ,0016]pump during 60000ms
1594231205:[PUMP  ,0212]battery 15135mV,  322324uA (steady state), P  +2762mbar
1594231262:[PRESS ,0038]P  +1982mbar,T-15511mdegC
1594231264:[PRESS ,0038]P  +1962mbar,T+11743mdegC
1594231266:[PRESS ,0038]P  +1962mbar,T+22770mdegC
1594231268:[PRESS ,0038]P  +1942mbar,T-15511mdegC
1594231270:[PRESS ,0038]P  +1922mbar,T+22770mdegC
1594231273:[PRESS ,0038]P  +1892mbar,T-15511mdegC
1594231275:[PRESS ,0038]P  +1882mbar,T+22770mdegC
1594231277:[PRESS ,0038]P  +1872mbar,T-15511mdegC
1594231280:[PRESS ,0038]P  +1862mbar,T+22770mdegC
1594231282:[PRESS ,0038]P  +1842mbar,T -4486mdegC
1594231286:[PRESS ,0038]P  +1812mbar,T-15511mdegC
1594231288:[PRESS ,0038]P  +1802mbar,T+22770mdegC
1594231296:[PUMP  ,0207]battery 15301mV,   18666uA (warmup), P  +1802mbar
1594231296:[PUMP  ,0016]pump during 60000ms
1594231355:[PUMP  ,0212]battery 15111mV,  318664uA (steady state), P  +1802mbar
1594231412:[PRESS ,0038]P   +892mbar,T-15511mdegC
1594231414:[PRESS ,0038]P   +872mbar,T+22770mdegC
1594231418:[PRESS ,0038]P   +862mbar,T-15511mdegC
1594231420:[PRESS ,0038]P   +842mbar,T+11743mdegC
1594231421:[PRESS ,0038]P   +832mbar,T+22770mdegC
1594231423:[PRESS ,0038]P   +812mbar,T-15511mdegC
1594231425:[PRESS ,0038]P   +792mbar,T -4486mdegC
1594231427:[PRESS ,0038]P   +772mbar,T+22770mdegC
1594231429:[PRESS ,0038]P   +762mbar,T -4486mdegC
1594231432:[PRESS ,0038]P   +732mbar,T+22770mdegC
1594231559:[PRESS ,0038]P   +242mbar,T+11743mdegC
1594231561:[PRESS ,0038]P   +222mbar,T+22770mdegC
1594231563:[PRESS ,0038]P   +222mbar,T-15511mdegC
1594231563:[SURFIN,0020]filling external bladder
1594231571:[PUMP  ,0207]battery 15338mV,   18788uA (warmup), P   +222mbar
1594231571:[PUMP  ,0016]pump during 300000ms
1594231869:[PUMP  ,0212]battery 14878mV, 1003084uA (steady state), P   +222mbar
1594231881:[PUMP  ,0207]battery 14831mV,   18788uA (warmup), P   +222mbar
1594231881:[PUMP  ,0016]pump during 300000ms
1594232007:[PUMP  ,0212]battery 14493mV,  938424uA (steady state), P   +222mbar
1594232009:[SURFIN,0019]external bladder full
1594232011:[PRESS ,0038]P   +100mbar,T-15511mdegC
1594232013:[PRESS ,0038]P   +100mbar,T+11743mdegC
1594232015:[PRESS ,0038]P   +100mbar,T-15511mdegC
1594232017:[PRESS ,0038]P    +90mbar,T+22770mdegC
1594232018:[PRESS ,0038]P   +100mbar,T-15511mdegC
1594232020:[PRESS ,0038]P    +90mbar,T+11743mdegC
1594232027:[PRESS ,0038]P   +110mbar,T-15511mdegC
1594232031:[PRESS ,0038]P    +90mbar,T+11743mdegC
1594232034:[PRESS ,0038]P    +90mbar,T-15511mdegC
1594232036:[PRESS ,0038]P   +110mbar,T+11743mdegC
1594232072:[MAIN  ,0272]Vbat 15034mV (min 14958mV)
1594232074:[MAIN  ,0024]internal pressure 80085Pa
1594232075:[MAIN  ,0043]Pext 99mbar (rng 20mbar)
1594232075:[MAIN  ,0064]surface
1594232085:[SURF  ,0022]GPS fix...
1594232105:[SURF  ,0015]10 PPS detected...
1594232106:[MRMAID,0052]Mermaid $GPSACK:+0,+0,+0,+0,+0,+0,-1251;
1594232116:[MRMAID,0052]Mermaid $GPSOFF:3686340;
1594232117:[GPSFIX,0179]+0s diff
1594232117:[SURF  ,0222]2020-07-08T18:15:17
1594232117:[SURF  ,0082]Latitude : N43deg40.938mn, Longitude :E007deg19.180mn
1594232117:[SURF  ,0223]fix3D,9satellites
1594232117:[SURF  ,0084]GPS fix GPGSA : hdop0.790,vdop1.210
1594232127:[SURF  ,0274]last almanac : 28936
1594232140:[MRMAID,0026]1567 bytes in 0067/5F060D44.MER
1594232146:[MAIN  ,0320]New pressure offset: 99mbar
1594232146:[LOGBIN,0078]*** switching to 0067/5F060D52 ***
