1594116751:[MONITR,0197]reboot code 0x0000, src/monitor.c@520
1594116751:[MAIN  ,0007]buoy 452.120-R-0067
1594116751:[MAIN  ,0055]soft pilotage 452.012.300_V2.21-20200701
1594116751:[MAIN  ,0011]date 2020-07-07T10:12:31
1594116757:[MAIN  ,0006]battery 15537mV,    7930uA
1594116760:[MAIN  ,0024]internal pressure 82333Pa
1594116761:[PRESS ,0038]P    +30mbar,T -5174mdegC
1594116761:[MRMAID,0182]thread started
1594116763:[MRMAID,0186]no wake-up
1594116763:[MRMAID,0188]acq already stopped
1594116764:[MRMAID,0052]Mermaid $BOARD:452116600-67;
1594116765:[MRMAID,0052]Mermaid $SOFT:2.1344;
1594116765:[TESTMD,0053]Enter in test mode? yes/no
1594116765:[TESTMD,0252]0067>
1594116776:[TESTMD,0050]"yes"
1594116776:[TESTMD,0249]
Command list
pext    : Get external pressure
pint    : Get internal vacuum
ui      : Get voltage/current
act     : Test actuators
fillb   : Pump until filling the bladder
bpopen  : Open bypass
bpclose : Close bypass
date    : Get date
gps     : GPS synchronization
iridium : Iridium transfer
mstart  : Start mermaid acq
mstop   : Stop mermaid acq
mdata   : Get mermaid datas
mchecksd  : Start mermaid acq
mdump  : Send data REQUEST command with date and duration
s41dumpa : Get averaged CTD datas
s41dumpr : Get raw CTD datas
ls      : List files
cp      : Copy file or directory content on the desktop
rm      : Remove a file
h       : Print command list
q       : Quit

Advanced
pumps X : pompe Xs (lent)
pumpf X : pompe Xs (rapide)
evh     : ouvre l'electrovalve 30s
bypass  : ouvre le bypass 30s
dvmine  : deverminage de la carte
nominal : mode nominal pour mesure de conso
cychydr : test du circuit hydraulique
mkdir   : creer un repertoire
mv      : deplacer un fichier
ps      : liste les processus

Set params
stage   : Stage settings
buoy    : Buoy settings
p2t     : Pressure sensor settings
log     : Verb cfg
mermaid : Mermaid cfg
upload  : On/Off Irid transfer
sys  : system param settings


1594116776:[TESTMD,0252]0067>
1594116780:[TESTMD,0050]"act"
1594116780:[SURFIN,0020]filling external bladder
1594116788:[PUMP  ,0016]pump during 300000ms
1594116794:[SURFIN,0019]external bladder full
1594116799:[VALVE ,0034]valve opening 30000ms
1594116834:[SURFIN,0020]filling external bladder
1594116842:[PUMP  ,0016]pump during 300000ms
1594116853:[SURFIN,0019]external bladder full
1594116853:[TESTMD,0045]pump run 9s
1594116858:[BYPASS,0035]bypass opening 30000ms
1594116903:[SURFIN,0020]filling external bladder
1594116911:[PUMP  ,0016]pump during 300000ms
1594117004:[SURFIN,0019]external bladder full
1594117004:[TESTMD,0045]pump run 91s
1594117009:[TESTMD,0066]test done
1594117009:[TESTMD,0252]0067>
1594117121:[TESTMD,0050]"gps"
1594117128:[SURF  ,0022]GPS fix...
1594117177:[SURF  ,0015]10 PPS detected...
1594117178:[MRMAID,0052]Mermaid $GPSACK:+50,+6,+6,+10,+11,+20,-699157;
1594117188:[MRMAID,0052]Mermaid $GPSOFF:3686335;
1594117189:[GPSFIX,0179]-2s diff
1594117191:[SURF  ,0222]2020-07-07T10:19:51
1594117191:[SURF  ,0082]Latitude : N43deg41.965mn, Longitude :E007deg18.501mn
1594117191:[SURF  ,0223]fix3D,8satellites
1594117191:[SURF  ,0084]GPS fix GPGSA : hdop0.970,vdop1.270
1594117206:[TESTMD,0252]0067>
1594117265:[TESTMD,0050]"gps"
1594117276:[SURF  ,0022]GPS fix...
1594117296:[SURF  ,0015]10 PPS detected...
1594117297:[MRMAID,0052]Mermaid $GPSACK:+0,+0,+0,+0,+0,-1,-30;
1594117307:[MRMAID,0052]Mermaid $GPSOFF:3686335;
1594117308:[GPSFIX,0179]-1s diff
1594117309:[SURF  ,0222]2020-07-07T10:21:49
1594117309:[SURF  ,0082]Latitude : N43deg41.966mn, Longitude :E007deg18.501mn
1594117309:[SURF  ,0223]fix3D,8satellites
1594117309:[SURF  ,0084]GPS fix GPGSA : hdop1.050,vdop1.390
1594117324:[TESTMD,0252]0067>
1594117386:[TESTMD,0050]"iridium"
1594117397:[SURF  ,0025]Iridium...
1594117432:[SURF  ,0009]connected in 35s, signal quality 5
1594117460:<WARN>[SURF  ,0071]timeout
1594117460:<WARN>[SURF  ,0056]peer mute
1594117466:[SURF  ,0014]disconnected after 69s
1594117471:[TESTMD,0252]0067>
