1594245519:[MAIN  ,0007]buoy 452.120-R-0067
1594245519:[MAIN  ,0055]soft pilotage 452.012.300_V2.21-20200701
1594245519:[MAIN  ,0010]cycle 7
1594245519:[SURF  ,0225]surface2
1594245536:[SURF  ,0022]GPS fix...
1594245556:[SURF  ,0015]10 PPS detected...
1594245557:[MRMAID,0052]Mermaid $GPSACK:+0,+0,+0,+0,+0,+0,+0;
1594245567:[MRMAID,0052]Mermaid $GPSOFF:3686341;
1594245568:[GPSFIX,0179]-1s diff
1594245569:[SURF  ,0222]2020-07-08T21:59:29
1594245569:[SURF  ,0082]Latitude : N43deg40.938mn, Longitude :E007deg19.180mn
1594245569:[SURF  ,0223]fix3D,8satellites
1594245569:[SURF  ,0084]GPS fix GPGSA : hdop0.670,vdop0.960
1594245579:[SURF  ,0025]Iridium...
1594245787:<WARN>[SURF  ,0023]failed to connect #1, code -8, net 1, qual 5, dial 1
1594245902:[SURF  ,0009]connected in 323s, signal quality 4
1594245967:[SURF  ,0218]prompt received, remote cmd end
1594245967:[SURF  ,0012]13 cmd(s) received
1594245988:[UPLOAD,0248]Upload data files...
1594246006:[UPLOAD,0231]"0067/5F064182.MER" uploaded at 130bytes/s
1594246120:[UPLOAD,0231]"0067/5F06277F.BIN" uploaded at 132bytes/s
1594246140:[MAIN  ,0013]2 file(s) uploaded
1594246174:[SURF  ,0014]disconnected after 595s
1594246179:[SURFIN,0020]filling external bladder
1594246187:[PUMP  ,0207]battery 15185mV,   18300uA (warmup), P    +90mbar
1594246187:[PUMP  ,0016]pump during 300000ms
1594246195:[PUMP  ,0212]battery 14791mV,  989786uA (steady state), P    +90mbar
1594246197:[SURFIN,0019]external bladder full
1594246197:[SURF  ,0227]1st complete transfer
1594246210:[SURF  ,0022]GPS fix...
1594246230:[SURF  ,0015]10 PPS detected...
1594246231:[MRMAID,0052]Mermaid $GPSACK:+0,+0,+0,+0,+0,+1,-999877;
1594246241:[MRMAID,0052]Mermaid $GPSOFF:3686340;
1594246242:[GPSFIX,0179]-1s diff
1594246243:[SURF  ,0222]2020-07-08T22:10:43
1594246243:[SURF  ,0082]Latitude : N43deg40.937mn, Longitude :E007deg19.181mn
1594246243:[SURF  ,0223]fix3D,8satellites
1594246243:[SURF  ,0084]GPS fix GPGSA : hdop0.670,vdop0.940
1594246253:[SURF  ,0025]Iridium...
1594246300:[SURF  ,0009]connected in 47s, signal quality 5
1594246369:[SURF  ,0218]prompt received, remote cmd end
1594246369:[SURF  ,0012]14 cmd(s) received
1594246410:[SURF  ,0014]disconnected after 157s
1594246415:[SURFIN,0020]filling external bladder
1594246418:[SURFIN,0019]external bladder full
1594246418:[SURF  ,0226]Go dive (Minimum surface delay expired and no more file to upload)
1594246431:[SURF  ,0022]GPS fix...
1594246451:[SURF  ,0015]10 PPS detected...
1594246452:[MRMAID,0052]Mermaid $GPSACK:+0,+0,+0,+0,+0,+0,+0;
1594246462:[MRMAID,0052]Mermaid $GPSOFF:3686340;
1594246463:[GPSFIX,0179]-1s diff
1594246464:[SURF  ,0222]2020-07-08T22:14:24
1594246464:[SURF  ,0082]Latitude : N43deg40.937mn, Longitude :E007deg19.181mn
1594246464:[SURF  ,0223]fix3D,8satellites
1594246464:[SURF  ,0084]GPS fix GPGSA : hdop0.670,vdop0.930
1594246481:[MAIN  ,0024]internal pressure 80346Pa
1594246482:[BYCMD ,0107]    FreeRTOS V8.2.3
1594246482:[BYCMD ,0108]    FatFS v11a
1594246482:[BYCMD ,0120]    bypass 10000ms 60000ms (20000ms 60000ms stored)
1594246482:[BYCMD ,0121]    valve 60000ms 12750 (60000ms 12750 stored)
1594246482:[BYCMD ,0122]    pump 60000ms 30% 10750 80% (60000ms 30% 10750 80% stored)
1594246482:[BYCMD ,0123]    rate 2mbar/s (2mbar/s stored)
1594246482:[BYCMD ,0124]    surface 500mbar (500mbar stored)
1594246482:[BYCMD ,0125]    near 1500mbar 3mbar/s (15000mbar 3mbar/s stored)
1594246482:[BYCMD ,0126]    far 2500mbar 4mbar/s (25000mbar 4mbar/s stored)
1594246482:[BYCMD ,0127]    ascent 8mbar/s (8mbar/s stored)
1594246482:[BYCMD ,0128]    dead 60s (300s stored)
1594246482:[BYCMD ,0129]    coeff 16/10 (16/10 stored)
1594246482:[BYCMD ,0130]    stab 10 (10 stored)
1594246482:[BYCMD ,0131]    delay 900s 3600s (900s 3600s stored)
1594246482:[BYCMD ,0132]    mmtime 2880min (2880min stored)
1594246482:[BYCMD ,0133]    dv_landing 100ml (100ml stored)
1594246482:[MKDCMD,0150]    p2t37: 15x2000ms, offset 95mbar
1594246482:[P2TCMD,0151]    p2t37: dp 50mbar, dt 5000mdegC
1594246483:[STAGE ,0080]Stage [0] 5000mbar (+/-500mbar) 1800s (<1800s) 
1594246483:[STAGE ,0080]Stage [1] 5000mbar (+/-500mbar) 1800s (<3600s) 
1594246483:[MAIN  ,0070]turn off bluetooth
1594246485:[PRESS ,0038]P    -15mbar,T-26541mdegC
1594246487:[PRESS ,0038]P    -15mbar,T  +710mdegC
1594246489:[PRESS ,0038]P    -15mbar,T-26541mdegC
1594246493:[PRESS ,0038]P    -15mbar,T+11743mdegC
1594246494:[PRESS ,0038]P    -15mbar,T-26541mdegC
1594246496:[PRESS ,0038]P     -5mbar,T+11743mdegC
1594246498:[PRESS ,0038]P     -5mbar,T-26541mdegC
1594246502:[PRESS ,0038]P     -5mbar,T+11743mdegC
1594246503:[PRESS ,0038]P     -5mbar,T-26541mdegC
1594246510:[DIVING,0141]diving from -25mbar, +0mbar/s
1594246511:[BYPASS,0035]bypass opening 60000ms
1594246516:[BYPASS,0104]battery 15118mV,  248514uA (bypass opening), P    -25mbar
1594246581:[BYPASS,0106]battery 15125mV,  295728uA (bypass closing), P    -25mbar
1594246582:[PRESS ,0038]P   -115mbar,T-26541mdegC
1594246586:[PRESS ,0038]P   -105mbar,T  +710mdegC
1594246588:[PRESS ,0038]P   -115mbar,T-26541mdegC
1594246590:[PRESS ,0038]P   -125mbar,T+11743mdegC
1594246591:[PRESS ,0038]P   -115mbar,T-26541mdegC
1594246593:[PRESS ,0038]P   -105mbar,T  +710mdegC
1594246595:[PRESS ,0038]P   -115mbar,T+11743mdegC
1594246597:[PRESS ,0038]P   -105mbar,T  +710mdegC
1594246599:[PRESS ,0038]P   -115mbar,T-26541mdegC
1594246607:[PRESS ,0038]P   -105mbar,T  +710mdegC
1594246607:[BYPASS,0035]bypass opening 10000ms
1594246613:[BYPASS,0104]battery 15148mV,  242902uA (bypass opening), P   -105mbar
1594246628:[BYPASS,0106]battery 15130mV,  294508uA (bypass closing), P   -105mbar
1594246629:[PRESS ,0038]P   -125mbar,T-26541mdegC
1594246631:[PRESS ,0038]P   -135mbar,T  +710mdegC
1594246633:[PRESS ,0038]P   -135mbar,T-26541mdegC
1594246645:[PRESS ,0038]P   -135mbar,T+11743mdegC
1594246649:[PRESS ,0038]P   -135mbar,T  +710mdegC
1594246653:[PRESS ,0038]P   -135mbar,T+11743mdegC
1594246654:[PRESS ,0038]P   -135mbar,T  +710mdegC
1594246654:[BYPASS,0035]bypass opening 10000ms
1594246659:[BYPASS,0104]battery 15156mV,  249124uA (bypass opening), P   -135mbar
1594246675:[BYPASS,0106]battery 15135mV,  293532uA (bypass closing), P   -135mbar
1594246676:[PRESS ,0038]P   -135mbar,T-26541mdegC
1594246689:[PRESS ,0038]P   -125mbar,T  +710mdegC
1594246692:[PRESS ,0038]P   -125mbar,T-26541mdegC
1594246696:[PRESS ,0038]P   -125mbar,T  +710mdegC
1594246699:[PRESS ,0038]P   -125mbar,T+11743mdegC
1594246701:[PRESS ,0038]P   -125mbar,T-26541mdegC
1594246701:[BYPASS,0035]bypass opening 10000ms
1594246706:[BYPASS,0104]battery 15157mV,  243756uA (bypass opening), P   -125mbar
1594246721:[BYPASS,0106]battery 15138mV,  292678uA (bypass closing), P   -125mbar
1594246723:[PRESS ,0038]P   -115mbar,T  +710mdegC
1594246725:[PRESS ,0038]P   -115mbar,T+11743mdegC
1594246727:[PRESS ,0038]P   -115mbar,T-26541mdegC
1594246730:[PRESS ,0038]P   -115mbar,T  +710mdegC
1594246734:[PRESS ,0038]P   -105mbar,T-26541mdegC
1594246739:[PRESS ,0038]P   -115mbar,T+11743mdegC
1594246741:[PRESS ,0038]P   -105mbar,T  +710mdegC
1594246743:[PRESS ,0038]P   -105mbar,T-26541mdegC
1594246745:[PRESS ,0038]P   -115mbar,T  +710mdegC
1594246747:[PRESS ,0038]P   -115mbar,T-26541mdegC
1594246748:[BYPASS,0035]bypass opening 10000ms
1594246753:[BYPASS,0104]battery 15162mV,  245952uA (bypass opening), P   -115mbar
1594246768:[BYPASS,0106]battery 15142mV,  292068uA (bypass closing), P   -115mbar
1594246770:[PRESS ,0038]P   -115mbar,T  +710mdegC
1594246779:[PRESS ,0038]P   -105mbar,T-26541mdegC
1594246781:[PRESS ,0038]P   -115mbar,T+11743mdegC
1594246783:[PRESS ,0038]P   -115mbar,T-26541mdegC
1594246786:[PRESS ,0038]P   -115mbar,T+11743mdegC
1594246790:[PRESS ,0038]P   -105mbar,T-26541mdegC
1594246793:[PRESS ,0038]P   -115mbar,T  +710mdegC
1594246795:[PRESS ,0038]P   -115mbar,T-26541mdegC
1594246795:[BYPASS,0035]bypass opening 10000ms
1594246800:[BYPASS,0104]battery 15165mV,  244732uA (bypass opening), P   -115mbar
1594246815:[BYPASS,0106]battery 15146mV,  291458uA (bypass closing), P   -115mbar
1594246819:[PRESS ,0038]P   -115mbar,T  +710mdegC
1594246821:[PRESS ,0038]P    -95mbar,T-26541mdegC
1594246826:[PRESS ,0038]P   -115mbar,T+11743mdegC
1594246828:[PRESS ,0038]P   -105mbar,T-26541mdegC
1594246830:[PRESS ,0038]P    -95mbar,T  +710mdegC
1594246832:[PRESS ,0038]P    -95mbar,T+11743mdegC
1594246835:[PRESS ,0038]P   -105mbar,T+27960mdegC
1594246837:[PRESS ,0038]P    -95mbar,T-26541mdegC
1594246840:[PRESS ,0038]P   -105mbar,T  +710mdegC
1594246842:[PRESS ,0038]P    -95mbar,T+11743mdegC
1594246842:[BYPASS,0035]bypass opening 10000ms
1594246847:[BYPASS,0104]battery 15168mV,  243878uA (bypass opening), P    -95mbar
1594246862:[BYPASS,0106]battery 15150mV,  290848uA (bypass closing), P    -95mbar
1594246864:[PRESS ,0038]P    -95mbar,T  +710mdegC
1594246868:[PRESS ,0038]P    -95mbar,T-26541mdegC
1594246873:[PRESS ,0038]P    -95mbar,T  +710mdegC
1594246877:[PRESS ,0038]P    -95mbar,T-26541mdegC
1594246884:[PRESS ,0038]P   -105mbar,T  +710mdegC
1594246886:[PRESS ,0038]P   -105mbar,T-26541mdegC
1594246887:[PRESS ,0038]P   -105mbar,T  +710mdegC
1594246889:[PRESS ,0038]P   -105mbar,T-26541mdegC
1594246889:[BYPASS,0035]bypass opening 10000ms
1594246894:[BYPASS,0104]battery 15171mV,  244610uA (bypass opening), P   -105mbar
1594246909:[BYPASS,0106]battery 15153mV,  290360uA (bypass closing), P   -105mbar
1594246924:[PRESS ,0038]P   -105mbar,T  +710mdegC
1594246925:[PRESS ,0038]P    -95mbar,T-26541mdegC
1594246929:[PRESS ,0038]P    -85mbar,T  +710mdegC
1594246931:[PRESS ,0038]P   -105mbar,T-26541mdegC
1594246933:[PRESS ,0038]P    -95mbar,T  +710mdegC
1594246934:[PRESS ,0038]P    -95mbar,T-26541mdegC
1594246936:[BYPASS,0035]bypass opening 10000ms
1594246941:[BYPASS,0104]battery 15176mV,  248636uA (bypass opening), P    -95mbar
1594246956:[BYPASS,0106]battery 15156mV,  289872uA (bypass closing), P    -95mbar
1594246958:[PRESS ,0038]P    -55mbar,T  +710mdegC
1594246960:[PRESS ,0038]P    -55mbar,T-26541mdegC
1594246972:[PRESS ,0038]P     +5mbar,T+27960mdegC
1594246974:[PRESS ,0038]P     +5mbar,T-26541mdegC
1594246978:[PRESS ,0038]P    +25mbar,T  +710mdegC
1594246980:[PRESS ,0038]P    +35mbar,T-26541mdegC
1594246989:[PRESS ,0038]P    +95mbar,T  +710mdegC
1594247002:[PRESS ,0038]P   +165mbar,T-26541mdegC
1594247005:[PRESS ,0038]P   +185mbar,T  +710mdegC
1594247008:[PRESS ,0038]P   +205mbar,T-26541mdegC
1594247014:[PRESS ,0038]P   +215mbar,T+11743mdegC
1594247016:[PRESS ,0038]P   +235mbar,T  +710mdegC
1594247022:[PRESS ,0038]P   +265mbar,T-26541mdegC
1594247025:[PRESS ,0038]P   +295mbar,T  +710mdegC
1594247030:[PRESS ,0038]P   +305mbar,T-26541mdegC
1594247039:[PRESS ,0038]P   +345mbar,T+11743mdegC
1594247042:[PRESS ,0038]P   +365mbar,T-26541mdegC
1594247050:[PRESS ,0038]P   +385mbar,T  +710mdegC
1594247055:[PRESS ,0038]P   +405mbar,T-26541mdegC
1594247058:[PRESS ,0038]P   +415mbar,T  +710mdegC
1594247064:[PRESS ,0038]P   +445mbar,T-26541mdegC
1594247075:[PRESS ,0038]P   +475mbar,T+11743mdegC
1594247078:[PRESS ,0038]P   +485mbar,T-26541mdegC
1594247083:[PRESS ,0038]P   +485mbar,T+11743mdegC
1594247086:[PRESS ,0038]P   +515mbar,T-26541mdegC
1594247088:[DIVING,0028]525mbar reached (+3mbar/s), 9 bypass done
1594247088:[MAIN  ,0056]stage[0]
1594247091:[MAIN  ,0024]internal pressure 83708Pa
1594247091:[BUOY  ,0037]P   +525mbar
1594247091:[STAGE ,0080]Stage [0] 5000mbar (+/-500mbar) 1800s (<1594248888s) 
1594247154:[PRESS ,0038]P   +595mbar,T-26541mdegC
1594247158:[PRESS ,0038]P   +595mbar,T  +710mdegC
1594247165:[PRESS ,0038]P   +595mbar,T-26541mdegC
1594247166:[PRESS ,0038]P   +605mbar,T+27960mdegC
1594247168:[PRESS ,0038]P   +605mbar,T-26541mdegC
1594247172:[PRESS ,0038]P   +605mbar,T+27960mdegC
1594247174:[PRESS ,0038]P   +605mbar,T-26541mdegC
1594247175:[PRESS ,0038]P   +615mbar,T  +710mdegC
1594247177:[PRESS ,0038]P   +605mbar,T-26541mdegC
1594247179:[BUOY  ,0087]from +1mbar/s to +4mbar/s
1594247179:[BUOY  ,0090]need to transfer -24mL (valve during 12750ms)
1594247179:[VALVE ,0034]valve opening 12750ms
1594247192:[VALVE ,0234]battery 15141mV,  491660uA, P   +605mbar
1594247240:[PRESS ,0038]P   +765mbar,T  +710mdegC
1594247249:[PRESS ,0038]P   +795mbar,T-26541mdegC
1594247251:[PRESS ,0038]P   +805mbar,T  +710mdegC
1594247252:[PRESS ,0038]P   +825mbar,T-26541mdegC
1594247254:[PRESS ,0038]P   +825mbar,T+11743mdegC
1594247256:[PRESS ,0038]P   +835mbar,T  +710mdegC
1594247258:[PRESS ,0038]P   +835mbar,T-26541mdegC
1594247261:[PRESS ,0038]P   +855mbar,T  +710mdegC
1594247263:[PRESS ,0038]P   +855mbar,T-26541mdegC
1594247326:[PRESS ,0038]P  +1105mbar,T-26541mdegC
1594247327:[PRESS ,0038]P  +1105mbar,T  +710mdegC
1594247333:[PRESS ,0038]P  +1135mbar,T-26541mdegC
1594247335:[PRESS ,0038]P  +1135mbar,T  +710mdegC
1594247342:[PRESS ,0038]P  +1165mbar,T+11743mdegC
1594247343:[PRESS ,0038]P  +1165mbar,T  +710mdegC
1594247347:[PRESS ,0038]P  +1165mbar,T-26541mdegC
1594247349:[PRESS ,0038]P  +1175mbar,T  +710mdegC
1594247411:[PRESS ,0038]P  +1385mbar,T  +710mdegC
1594247413:[PRESS ,0038]P  +1385mbar,T-26541mdegC
1594247415:[PRESS ,0038]P  +1385mbar,T  +710mdegC
1594247418:[PRESS ,0038]P  +1395mbar,T-26541mdegC
1594247420:[PRESS ,0038]P  +1405mbar,T  +710mdegC
1594247424:[PRESS ,0038]P  +1395mbar,T-26541mdegC
1594247426:[PRESS ,0038]P  +1415mbar,T  +710mdegC
1594247427:[PRESS ,0038]P  +1415mbar,T-26541mdegC
1594247429:[PRESS ,0038]P  +1405mbar,T  +710mdegC
1594247436:[PRESS ,0038]P  +1415mbar,T-26541mdegC
1594247436:[BUOY  ,0087]from +1mbar/s to +4mbar/s
1594247436:[BUOY  ,0090]need to transfer -24mL (valve during 8270ms)
1594247436:[VALVE ,0034]valve opening 8270ms
1594247445:[VALVE ,0234]battery 15167mV,  491782uA, P  +1415mbar
1594247497:[PRESS ,0038]P  +1595mbar,T  +710mdegC
1594247499:[PRESS ,0038]P  +1595mbar,T+27960mdegC
1594247501:[PRESS ,0038]P  +1605mbar,T  +710mdegC
1594247510:[PRESS ,0038]P  +1625mbar,T+27960mdegC
1594247512:[PRESS ,0038]P  +1635mbar,T-26541mdegC
1594247519:[PRESS ,0038]P  +1645mbar,T  +710mdegC
1594247520:[PRESS ,0038]P  +1655mbar,T+11743mdegC
1594247522:[PRESS ,0038]P  +1655mbar,T  +710mdegC
1594247522:[BUOY  ,0087]from +2mbar/s to +4mbar/s
1594247522:[BUOY  ,0090]need to transfer -20mL (valve during 6375ms)
1594247522:[VALVE ,0034]valve opening 6375ms
1594247529:[VALVE ,0234]battery 15165mV,  488610uA, P  +1655mbar
1594247583:[PRESS ,0038]P  +1925mbar,T-26541mdegC
1594247585:[PRESS ,0038]P  +1935mbar,T  +710mdegC
1594247587:[PRESS ,0038]P  +1935mbar,T+27960mdegC
1594247589:[PRESS ,0038]P  +1945mbar,T-26541mdegC
1594247590:[PRESS ,0038]P  +1965mbar,T  +710mdegC
1594247592:[PRESS ,0038]P  +1965mbar,T-26541mdegC
1594247594:[PRESS ,0038]P  +1975mbar,T  +710mdegC
1594247596:[PRESS ,0038]P  +1975mbar,T+27960mdegC
1594247598:[PRESS ,0038]P  +1985mbar,T  +710mdegC
1594247599:[PRESS ,0038]P  +2005mbar,T-26541mdegC
1594247601:[PRESS ,0038]P  +2005mbar,T  +710mdegC
1594247603:[PRESS ,0038]P  +2025mbar,T-26541mdegC
1594247605:[PRESS ,0038]P  +2025mbar,T  +710mdegC
1594247607:[PRESS ,0038]P  +2025mbar,T-26541mdegC
1594247608:[PRESS ,0038]P  +2045mbar,T+27960mdegC
1594247669:[PRESS ,0038]P  +2325mbar,T-26541mdegC
1594247683:[PRESS ,0038]P  +2385mbar,T-26541mdegC
1594247687:[PRESS ,0038]P  +2405mbar,T+27960mdegC
1594247689:[PRESS ,0038]P  +2415mbar,T  +710mdegC
1594247692:[PRESS ,0038]P  +2435mbar,T-26541mdegC
1594247694:[PRESS ,0038]P  +2435mbar,T+11743mdegC
1594247755:[PRESS ,0038]P  +2705mbar,T-26541mdegC
1594247757:[PRESS ,0038]P  +2715mbar,T  +710mdegC
1594247758:[PRESS ,0038]P  +2725mbar,T-26541mdegC
1594247760:[PRESS ,0038]P  +2715mbar,T  +710mdegC
1594247762:[PRESS ,0038]P  +2725mbar,T+27960mdegC
1594247764:[PRESS ,0038]P  +2745mbar,T  +710mdegC
1594247766:[PRESS ,0038]P  +2745mbar,T+11743mdegC
1594247767:[PRESS ,0038]P  +2755mbar,T-26541mdegC
1594247771:[PRESS ,0038]P  +2765mbar,T  +710mdegC
1594247773:[PRESS ,0038]P  +2775mbar,T-26541mdegC
1594247778:[PRESS ,0038]P  +2795mbar,T  +710mdegC
1594247780:[PRESS ,0038]P  +2795mbar,T-26541mdegC
1594247841:[PRESS ,0038]P  +2965mbar,T-26541mdegC
1594247842:[PRESS ,0038]P  +2965mbar,T  +710mdegC
1594247850:[PRESS ,0038]P  +2985mbar,T-26541mdegC
1594247851:[PRESS ,0038]P  +2985mbar,T  +710mdegC
1594247853:[PRESS ,0038]P  +2985mbar,T-26541mdegC
1594247862:[PRESS ,0038]P  +3015mbar,T+27960mdegC
1594247864:[PRESS ,0038]P  +3015mbar,T  +710mdegC
1594247866:[PRESS ,0038]P  +3015mbar,T-26541mdegC
1594247926:[PRESS ,0038]P  +3195mbar,T  +710mdegC
1594247928:[PRESS ,0038]P  +3215mbar,T+11743mdegC
1594247930:[PRESS ,0038]P  +3205mbar,T  +710mdegC
1594247932:[PRESS ,0038]P  +3215mbar,T-26541mdegC
1594247937:[PRESS ,0038]P  +3235mbar,T+11743mdegC
1594247939:[PRESS ,0038]P  +3245mbar,T  +710mdegC
1594247941:[PRESS ,0038]P  +3255mbar,T-26541mdegC
1594247951:[PRESS ,0038]P  +3275mbar,T  +710mdegC
1594248012:[PRESS ,0038]P  +3495mbar,T-26541mdegC
1594248014:[PRESS ,0038]P  +3495mbar,T+11743mdegC
1594248017:[PRESS ,0038]P  +3505mbar,T-26541mdegC
1594248019:[PRESS ,0038]P  +3505mbar,T+11743mdegC
1594248021:[PRESS ,0038]P  +3515mbar,T-26541mdegC
1594248028:[PRESS ,0038]P  +3535mbar,T+11743mdegC
1594248030:[PRESS ,0038]P  +3545mbar,T-26541mdegC
1594248037:[PRESS ,0038]P  +3565mbar,T  +710mdegC
1594248098:[PRESS ,0038]P  +3775mbar,T-26541mdegC
1594248101:[PRESS ,0038]P  +3785mbar,T+11743mdegC
1594248103:[PRESS ,0038]P  +3785mbar,T  +710mdegC
1594248105:[PRESS ,0038]P  +3795mbar,T-26541mdegC
1594248107:[PRESS ,0038]P  +3805mbar,T-15511mdegC
1594248108:[PRESS ,0038]P  +3805mbar,T+11743mdegC
1594248110:[PRESS ,0038]P  +3825mbar,T-26541mdegC
1594248112:[PRESS ,0038]P  +3825mbar,T+11743mdegC
1594248116:[PRESS ,0038]P  +3835mbar,T-26541mdegC
1594248117:[PRESS ,0038]P  +3845mbar,T+11743mdegC
1594248121:[PRESS ,0038]P  +3855mbar,T-15511mdegC
1594248123:[PRESS ,0038]P  +3855mbar,T-26541mdegC
1594248123:[BUOY  ,0087]from +4mbar/s to +2mbar/s
1594248123:[BUOY  ,0089]need to transfer +20mL (pump during 24058ms)
1594248131:[PUMP  ,0207]battery 15462mV,   18666uA (warmup), P  +3855mbar
1594248131:[PUMP  ,0016]pump during 24058ms
1594248155:[PUMP  ,0212]battery 15282mV,  325130uA (steady state), P  +3855mbar
1594248187:[PRESS ,0038]P  +4055mbar,T+11743mdegC
1594248190:[PRESS ,0038]P  +4065mbar,T-26541mdegC
1594248194:[PRESS ,0038]P  +4085mbar,T+11743mdegC
1594248196:[PRESS ,0038]P  +4075mbar,T-26541mdegC
1594248198:[PRESS ,0038]P  +4085mbar,T  +710mdegC
1594248199:[PRESS ,0038]P  +4085mbar,T+11743mdegC
1594248207:[PRESS ,0038]P  +4105mbar,T-15511mdegC
1594248208:[PRESS ,0038]P  +4115mbar,T+11743mdegC
1594248273:[PRESS ,0038]P  +4255mbar,T-26541mdegC
1594248278:[PRESS ,0038]P  +4275mbar,T+11743mdegC
1594248283:[PRESS ,0038]P  +4285mbar,T-15511mdegC
1594248285:[PRESS ,0038]P  +4295mbar,T+11743mdegC
1594248287:[PRESS ,0038]P  +4295mbar,T-26541mdegC
1594248289:[PRESS ,0038]P  +4305mbar,T+11743mdegC
1594248292:[PRESS ,0038]P  +4295mbar,T-15511mdegC
1594248294:[PRESS ,0038]P  +4315mbar,T+11743mdegC
1594248358:[PRESS ,0038]P  +4425mbar,T+11743mdegC
1594248360:[PRESS ,0038]P  +4425mbar,T-26541mdegC
1594248364:[PRESS ,0038]P  +4425mbar,T+11743mdegC
1594248365:[PRESS ,0038]P  +4425mbar,T-15511mdegC
1594248369:[PRESS ,0038]P  +4435mbar,T+11743mdegC
1594248371:[PRESS ,0038]P  +4435mbar,T-15511mdegC
1594248374:[PRESS ,0038]P  +4445mbar,T+11743mdegC
1594248376:[PRESS ,0038]P  +4445mbar,T-15511mdegC
1594248378:[PRESS ,0038]P  +4445mbar,T+11743mdegC
1594248380:[PRESS ,0038]P  +4445mbar,T-26541mdegC
1594248382:[PRESS ,0038]P  +4445mbar,T-15511mdegC
1594248383:[PRESS ,0038]P  +4445mbar,T+11743mdegC
1594248444:[PRESS ,0038]P  +4515mbar,T+11743mdegC
1594248449:[PRESS ,0038]P  +4515mbar,T-15511mdegC
1594248453:[PRESS ,0038]P  +4525mbar,T+11743mdegC
1594248457:[PRESS ,0038]P  +4525mbar,T-15511mdegC
1594248458:[PRESS ,0038]P  +4545mbar,T+11743mdegC
1594248462:[PRESS ,0038]P  +4545mbar,T-15511mdegC
1594248467:[PRESS ,0038]P  +4535mbar,T+11743mdegC
1594248469:[STAGE ,0213]4535mbar reached at 1594248469s, ref 5000mbar +/-500mbar
1594248530:[PRESS ,0038]P  +4615mbar,T+11743mdegC
1594248591:[PRESS ,0038]P  +4725mbar,T+11743mdegC
1594248651:[PRESS ,0038]P  +4835mbar,T-15511mdegC
1594248712:[PRESS ,0038]P  +4935mbar,T-15511mdegC
1594248773:[PRESS ,0038]P  +5065mbar,T-15511mdegC
1594248773:[BUOY  ,0087]from +2mbar/s to +0mbar/s
1594248773:[BUOY  ,0089]need to transfer +6mL (pump during 7205ms)
1594248781:[PUMP  ,0207]battery 15480mV,   18422uA (warmup), P  +5065mbar
1594248781:[PUMP  ,0016]pump during 7205ms
1594248788:[PUMP  ,0212]battery 15298mV,  328546uA (steady state), P  +5065mbar
1594248837:[PRESS ,0038]P  +5145mbar,T+11743mdegC
1594248842:[PRESS ,0038]P  +5145mbar,T-15511mdegC
1594248849:[PRESS ,0038]P  +5155mbar,T+22770mdegC
1594248851:[PRESS ,0038]P  +5165mbar,T+11743mdegC
1594248853:[PRESS ,0038]P  +5165mbar,T-15511mdegC
1594248854:[PRESS ,0038]P  +5165mbar,T+11743mdegC
1594248856:[PRESS ,0038]P  +5165mbar,T-15511mdegC
1594248862:[BUOY  ,0087]from +1mbar/s to +0mbar/s
1594248862:[BUOY  ,0089]need to transfer +2mL (pump during 2402ms)
1594248870:[PUMP  ,0207]battery 15472mV,   18422uA (warmup), P  +5175mbar
1594248870:[PUMP  ,0016]pump during 2402ms
1594248926:[PRESS ,0038]P  +5265mbar,T-15511mdegC
1594248927:[PRESS ,0038]P  +5265mbar,T-26541mdegC
1594248929:[PRESS ,0038]P  +5265mbar,T-15511mdegC
1594248931:[PRESS ,0038]P  +5275mbar,T+11743mdegC
1594248935:[PRESS ,0038]P  +5275mbar,T-15511mdegC
1594248947:[PRESS ,0038]P  +5295mbar,T+11743mdegC
1594248949:[PRESS ,0038]P  +5285mbar,T-15511mdegC
1594248951:[PRESS ,0038]P  +5305mbar,T+11743mdegC
1594248951:[MAIN  ,0140]stage[0] complete 1863s after mission start
1594248951:[MAIN  ,0056]stage[1]
1594248953:[MAIN  ,0024]internal pressure 82761Pa
1594248954:[PRESS ,0038]P  +5305mbar,T-15511mdegC
1594248954:[BUOY  ,0037]P  +5305mbar
1594248954:[STAGE ,0080]Stage [1] 5000mbar (+/-500mbar) 1800s (<1594250688s) 
1594248956:[STAGE ,0213]5305mbar reached at 1594248956s, ref 5000mbar +/-500mbar
1594248956:[BUOY  ,0087]from +1mbar/s to +0mbar/s
1594248956:[BUOY  ,0089]need to transfer +2mL (pump during 2402ms)
1594248964:[PUMP  ,0207]battery 15473mV,   18422uA (warmup), P  +5305mbar
1594248964:[PUMP  ,0016]pump during 2402ms
1594249020:[PRESS ,0038]P  +5365mbar,T-15511mdegC
1594249021:[PRESS ,0038]P  +5365mbar,T+11743mdegC
1594249023:[PRESS ,0038]P  +5355mbar,T+22770mdegC
1594249025:[PRESS ,0038]P  +5365mbar,T-15511mdegC
1594249027:[PRESS ,0038]P  +5355mbar,T+11743mdegC
1594249030:[PRESS ,0038]P  +5365mbar,T+22770mdegC
1594249034:[PRESS ,0038]P  +5375mbar,T+11743mdegC
1594249036:[PRESS ,0038]P  +5365mbar,T-15511mdegC
1594249039:[PRESS ,0038]P  +5375mbar,T+22770mdegC
1594249041:[PRESS ,0038]P  +5375mbar,T-15511mdegC
1594249045:[BUOY  ,0087]from +1mbar/s to +0mbar/s
1594249045:[BUOY  ,0089]need to transfer +2mL (pump during 2402ms)
1594249053:[PUMP  ,0207]battery 15475mV,   18422uA (warmup), P  +5375mbar
1594249053:[PUMP  ,0016]pump during 2402ms
1594249112:[PRESS ,0038]P  +5395mbar,T+11743mdegC
1594249117:[PRESS ,0038]P  +5405mbar,T-15511mdegC
1594249121:[PRESS ,0038]P  +5405mbar,T+11743mdegC
1594249123:[PRESS ,0038]P  +5405mbar,T-15511mdegC
1594249125:[PRESS ,0038]P  +5405mbar,T+22770mdegC
1594249128:[PRESS ,0038]P  +5405mbar,T-15511mdegC
1594249194:[PRESS ,0038]P  +5435mbar,T+11743mdegC
1594249255:[PRESS ,0038]P  +5445mbar,T+22770mdegC
1594249316:[PRESS ,0038]P  +5445mbar,T-15511mdegC
1594249437:[PRESS ,0038]P  +5415mbar,T+11743mdegC
1594249498:[PRESS ,0038]P  +5415mbar,T-15511mdegC
1594249619:[PRESS ,0038]P  +5445mbar,T+11743mdegC
1594249680:[PRESS ,0038]P  +5455mbar,T-15511mdegC
1594249740:[PRESS ,0038]P  +5535mbar,T+11743mdegC
1594249740:<WARN>[BUOY  ,0094]stage[1] should ASCENT, stuck at 5535mbar for the #1 time
1594249740:[BUOY  ,0087]from +0mbar/s to -2mbar/s
1594249740:[BUOY  ,0089]need to transfer +6mL (pump during 7176ms)
1594249749:[PUMP  ,0207]battery 15501mV,   18422uA (warmup), P  +5535mbar
1594249749:[PUMP  ,0016]pump during 7176ms
1594249756:[PUMP  ,0212]battery 15317mV,  329034uA (steady state), P  +5535mbar
1594249804:[PRESS ,0038]P  +5575mbar,T-15511mdegC
1594249806:[PRESS ,0038]P  +5575mbar,T+22770mdegC
1594249810:[PRESS ,0038]P  +5565mbar,T-15511mdegC
1594249813:[PRESS ,0038]P  +5555mbar,T+22770mdegC
1594249817:[PRESS ,0038]P  +5555mbar,T-15511mdegC
1594249820:[PRESS ,0038]P  +5555mbar,T -4486mdegC
1594249822:[PRESS ,0038]P  +5555mbar,T+22770mdegC
1594249824:[PRESS ,0038]P  +5565mbar,T-15511mdegC
1594249826:[PRESS ,0038]P  +5555mbar,T+22770mdegC
1594249890:[PRESS ,0038]P  +5555mbar,T-15511mdegC
1594249894:[PRESS ,0038]P  +5555mbar,T+11743mdegC
1594249895:[PRESS ,0038]P  +5555mbar,T-15511mdegC
1594249899:[PRESS ,0038]P  +5545mbar,T+22770mdegC
1594249903:[PRESS ,0038]P  +5545mbar,T-15511mdegC
1594249906:[PRESS ,0038]P  +5565mbar,T+22770mdegC
1594249915:<WARN>[BUOY  ,0094]stage[1] should ASCENT, stuck at 5555mbar for the #1 time
1594249915:[BUOY  ,0087]from +0mbar/s to -2mbar/s
1594249915:[BUOY  ,0089]need to transfer +6mL (pump during 7176ms)
1594249923:[PUMP  ,0207]battery 15495mV,   18422uA (warmup), P  +5555mbar
1594249923:[PUMP  ,0016]pump during 7176ms
1594249930:[PUMP  ,0212]battery 15308mV,  331962uA (steady state), P  +5555mbar
1594249979:[PRESS ,0038]P  +5565mbar,T-15511mdegC
1594249981:[PRESS ,0038]P  +5555mbar,T+22770mdegC
1594249984:[PRESS ,0038]P  +5545mbar,T-15511mdegC
1594249992:[PRESS ,0038]P  +5555mbar,T -4486mdegC
1594249993:[PRESS ,0038]P  +5545mbar,T-15511mdegC
1594249999:[PRESS ,0038]P  +5545mbar,T -4486mdegC
1594250001:[PRESS ,0038]P  +5545mbar,T+22770mdegC
1594250065:[PRESS ,0038]P  +5485mbar,T+22770mdegC
1594250068:[PRESS ,0038]P  +5485mbar,T-15511mdegC
1594250072:[PRESS ,0038]P  +5485mbar,T+11743mdegC
1594250074:[PRESS ,0038]P  +5485mbar,T-15511mdegC
1594250077:[PRESS ,0038]P  +5485mbar,T+22770mdegC
1594250079:[PRESS ,0038]P  +5485mbar,T -4486mdegC
1594250081:[PRESS ,0038]P  +5465mbar,T+22770mdegC
1594250088:[PRESS ,0038]P  +5455mbar,T-15511mdegC
1594250090:[PRESS ,0038]P  +5455mbar,T+22770mdegC
1594250150:[PRESS ,0038]P  +5395mbar,T+22770mdegC
1594250211:[PRESS ,0038]P  +5375mbar,T-15511mdegC
1594250333:[PRESS ,0038]P  +5315mbar,T-15511mdegC
1594250454:[PRESS ,0038]P  +5305mbar,T+22770mdegC
1594250515:[PRESS ,0038]P  +5315mbar,T-15511mdegC
1594250575:[PRESS ,0038]P  +5325mbar,T+11743mdegC
1594250636:[PRESS ,0038]P  +5315mbar,T+22770mdegC
1594250697:[MAIN  ,0140]stage[1] complete 3609s after mission start
1594250697:[MRMAID,0188]acq already stopped
1594250757:[MSSION,0192]mission stopped, 2 stage(s) done
1594250757:[MAIN  ,0065]surfacing
1594250759:[PRESS ,0038]P  +5285mbar,T-15511mdegC
1594250759:[SURFIN,0036]P  +5285mbar
1594250767:[PUMP  ,0207]battery 15508mV,   18422uA (warmup), P  +5285mbar
1594250767:[PUMP  ,0016]pump during 60000ms
1594250826:[PUMP  ,0212]battery 15321mV,  332694uA (steady state), P  +5285mbar
1594250884:[PRESS ,0038]P  +4855mbar,T -4486mdegC
1594250886:[PRESS ,0038]P  +4855mbar,T+22770mdegC
1594250891:[PRESS ,0038]P  +4825mbar,T-15511mdegC
1594250893:[PRESS ,0038]P  +4815mbar,T+22770mdegC
1594250894:[PRESS ,0038]P  +4815mbar,T -4486mdegC
1594250896:[PRESS ,0038]P  +4795mbar,T+22770mdegC
1594250907:[PRESS ,0038]P  +4745mbar,T -4486mdegC
1594250909:[PRESS ,0038]P  +4745mbar,T+22770mdegC
1594250917:[PUMP  ,0207]battery 15421mV,   18422uA (warmup), P  +4745mbar
1594250917:[PUMP  ,0016]pump during 60000ms
1594250976:[PUMP  ,0212]battery 15237mV,  329644uA (steady state), P  +4745mbar
1594251034:[PRESS ,0038]P  +4055mbar,T-15511mdegC
1594251037:[PRESS ,0038]P  +4035mbar,T+22770mdegC
1594251039:[PRESS ,0038]P  +4015mbar,T-15511mdegC
1594251041:[PRESS ,0038]P  +4015mbar,T+22770mdegC
1594251043:[PRESS ,0038]P  +4005mbar,T-15511mdegC
1594251044:[PRESS ,0038]P  +3985mbar,T+22770mdegC
1594251048:[PRESS ,0038]P  +3965mbar,T -4486mdegC
1594251050:[PRESS ,0038]P  +3955mbar,T-15511mdegC
1594251052:[PRESS ,0038]P  +3945mbar,T+22770mdegC
1594251055:[PRESS ,0038]P  +3935mbar,T -4486mdegC
1594251057:[PRESS ,0038]P  +3915mbar,T+22770mdegC
1594251067:[PUMP  ,0207]battery 15360mV,   18422uA (warmup), P  +3905mbar
1594251067:[PUMP  ,0016]pump during 60000ms
1594251126:[PUMP  ,0212]battery 15177mV,  332206uA (steady state), P  +3905mbar
1594251184:[PRESS ,0038]P  +3065mbar,T+22770mdegC
1594251187:[PRESS ,0038]P  +3045mbar,T-15511mdegC
1594251192:[PRESS ,0038]P  +3005mbar,T -4486mdegC
1594251194:[PRESS ,0038]P  +2975mbar,T-15511mdegC
1594251198:[PRESS ,0038]P  +2955mbar,T -4486mdegC
1594251200:[PRESS ,0038]P  +2945mbar,T+22770mdegC
1594251203:[PRESS ,0038]P  +2915mbar,T -4486mdegC
1594251205:[PRESS ,0038]P  +2895mbar,T+22770mdegC
1594251207:[PRESS ,0038]P  +2885mbar,T-15511mdegC
1594251209:[PRESS ,0038]P  +2865mbar,T+22770mdegC
1594251330:[PRESS ,0038]P  +2095mbar,T+22770mdegC
1594251338:[PUMP  ,0207]battery 15361mV,   18544uA (warmup), P  +2095mbar
1594251338:[PUMP  ,0016]pump during 60000ms
1594251397:[PUMP  ,0212]battery 15180mV,  319762uA (steady state), P  +2095mbar
1594251455:[PRESS ,0038]P  +1425mbar,T+22770mdegC
1594251457:[PRESS ,0038]P  +1395mbar,T -4486mdegC
1594251459:[PRESS ,0038]P  +1385mbar,T+22770mdegC
1594251468:[PRESS ,0038]P  +1335mbar,T-15511mdegC
1594251469:[PRESS ,0038]P  +1315mbar,T -4486mdegC
1594251473:[PRESS ,0038]P  +1295mbar,T+22770mdegC
1594251478:[PRESS ,0038]P  +1275mbar,T -4486mdegC
1594251480:[PRESS ,0038]P  +1255mbar,T+22770mdegC
1594251488:[PUMP  ,0207]battery 15317mV,   18544uA (warmup), P  +1255mbar
1594251488:[PUMP  ,0016]pump during 60000ms
1594251547:[PUMP  ,0212]battery 15141mV,  315370uA (steady state), P  +1255mbar
1594251605:[PRESS ,0038]P   +435mbar,T-15511mdegC
1594251608:[PRESS ,0038]P   +415mbar,T+22770mdegC
1594251610:[PRESS ,0038]P   +415mbar,T+11743mdegC
1594251612:[PRESS ,0038]P   +395mbar,T+22770mdegC
1594251626:[PRESS ,0038]P   +335mbar,T+22770mdegC
1594251632:[PRESS ,0038]P   +295mbar,T -4486mdegC
1594251633:[PRESS ,0038]P   +295mbar,T+22770mdegC
1594251633:[SURFIN,0020]filling external bladder
1594251642:[PUMP  ,0207]battery 15292mV,   18544uA (warmup), P   +295mbar
1594251642:[PUMP  ,0016]pump during 300000ms
1594251940:[PUMP  ,0212]battery 14867mV, 1003450uA (steady state), P   +295mbar
1594251951:[PUMP  ,0207]battery 14801mV,   18788uA (warmup), P   +295mbar
1594251951:[PUMP  ,0016]pump during 300000ms
1594252078:[PUMP  ,0212]battery 14463mV,  975512uA (steady state), P   +295mbar
1594252080:[SURFIN,0019]external bladder full
1594252082:[PRESS ,0038]P   +100mbar,T-15511mdegC
1594252084:[PRESS ,0038]P   +100mbar,T+22770mdegC
1594252086:[PRESS ,0038]P   +100mbar,T-15511mdegC
1594252087:[PRESS ,0038]P   +110mbar,T+22770mdegC
1594252089:[PRESS ,0038]P    +90mbar,T+11743mdegC
1594252091:[PRESS ,0038]P   +110mbar,T-15511mdegC
1594252093:[PRESS ,0038]P   +100mbar,T+11743mdegC
1594252095:[PRESS ,0038]P    +80mbar,T-15511mdegC
1594252096:[PRESS ,0038]P    +90mbar,T+22770mdegC
1594252100:[PRESS ,0038]P   +100mbar,T-15511mdegC
1594252104:[PRESS ,0038]P    +90mbar,T+22770mdegC
1594252105:[PRESS ,0038]P    +90mbar,T-15511mdegC
1594252107:[PRESS ,0038]P   +100mbar,T+11743mdegC
1594252142:[MAIN  ,0272]Vbat 15006mV (min 14957mV)
1594252144:[MAIN  ,0024]internal pressure 79917Pa
1594252144:[MAIN  ,0043]Pext 97mbar (rng 30mbar)
1594252144:[MAIN  ,0064]surface
1594252155:[SURF  ,0022]GPS fix...
1594252175:[SURF  ,0015]10 PPS detected...
1594252176:[MRMAID,0052]Mermaid $GPSACK:+0,+0,+0,+0,+0,+0,-396;
1594252186:[MRMAID,0052]Mermaid $GPSOFF:3686341;
1594252187:[GPSFIX,0179]+0s diff
1594252187:[SURF  ,0222]2020-07-08T23:49:47
1594252187:[SURF  ,0082]Latitude : N43deg40.939mn, Longitude :E007deg19.179mn
1594252187:[SURF  ,0223]fix3D,7satellites
1594252187:[SURF  ,0084]GPS fix GPGSA : hdop0.970,vdop1.290
1594252197:[SURF  ,0274]last almanac : 49006
1594252210:[MRMAID,0026]1564 bytes in 0067/5F065BAA.MER
1594252216:[MAIN  ,0320]New pressure offset: 97mbar
1594252216:[LOGBIN,0078]*** switching to 0067/5F065BB8 ***
