1594203210:[MAIN  ,0007]buoy 452.120-R-0067
1594203210:[MAIN  ,0055]soft pilotage 452.012.300_V2.21-20200701
1594203210:[MAIN  ,0010]cycle 1
1594203210:[SURF  ,0225]surface2
1594203223:[SURF  ,0022]GPS fix...
1594203243:[SURF  ,0015]10 PPS detected...
1594203244:[MRMAID,0052]Mermaid $GPSACK:+0,+0,+0,+0,+0,+0,+0;
1594203254:[MRMAID,0052]Mermaid $GPSOFF:3686336;
1594203256:[GPSFIX,0179]+0s diff
1594203256:[SURF  ,0222]2020-07-08T10:14:16
1594203256:[SURF  ,0082]Latitude : N43deg40.940mn, Longitude :E007deg19.178mn
1594203256:[SURF  ,0223]fix3D,9satellites
1594203256:[SURF  ,0084]GPS fix GPGSA : hdop0.650,vdop0.840
1594203266:[SURF  ,0025]Iridium...
1594203312:[SURF  ,0009]connected in 46s, signal quality 5
1594203381:[SURF  ,0218]prompt received, remote cmd end
1594203381:[SURF  ,0012]17 cmd(s) received
1594203402:[UPLOAD,0248]Upload data files...
1594203419:[UPLOAD,0231]"0067/5EFDCF74.BIN" uploaded at 113bytes/s
1594203433:[UPLOAD,0231]"0067/5F044A8F.BIN" uploaded at 110bytes/s
1594203455:[UPLOAD,0231]"0067/5F0597BB.BIN" uploaded at 101bytes/s
1594203468:[UPLOAD,0231]"0067/5EFCA521.BIN" uploaded at 111bytes/s
1594203479:[UPLOAD,0231]"0067/5F059C3E.MER" uploaded at 140bytes/s
1594203495:[MAIN  ,0013]5 file(s) uploaded
1594203529:[SURF  ,0014]disconnected after 263s
1594203534:[SURFIN,0020]filling external bladder
1594203542:[PUMP  ,0207]battery 15328mV,   19642uA (warmup), P    +70mbar
1594203542:[PUMP  ,0016]pump during 300000ms
1594203549:[PUMP  ,0212]battery 14778mV,  920002uA (steady state), P    +70mbar
1594203551:[SURFIN,0019]external bladder full
1594203551:[SURF  ,0227]1st complete transfer
1594203567:[SURF  ,0022]GPS fix...
1594203588:[SURF  ,0015]10 PPS detected...
1594203589:[MRMAID,0052]Mermaid $GPSACK:+0,+0,+0,+0,+0,+1,-999969;
1594203599:[MRMAID,0052]Mermaid $GPSOFF:3686335;
1594203600:[GPSFIX,0179]+0s diff
1594203600:[SURF  ,0222]2020-07-08T10:20:00
1594203600:[SURF  ,0082]Latitude : N43deg40.941mn, Longitude :E007deg19.178mn
1594203600:[SURF  ,0223]fix3D,9satellites
1594203600:[SURF  ,0084]GPS fix GPGSA : hdop0.650,vdop0.860
1594203617:[MAIN  ,0024]internal pressure 82134Pa
1594203618:[BYCMD ,0107]    FreeRTOS V8.2.3
1594203618:[BYCMD ,0108]    FatFS v11a
1594203618:[BYCMD ,0117]    valve is running
1594203618:[BYCMD ,0120]    bypass 10000ms 60000ms (20000ms 60000ms stored)
1594203618:[BYCMD ,0121]    valve 60000ms 12750 (60000ms 12750 stored)
1594203618:[BYCMD ,0122]    pump 60000ms 30% 10750 80% (60000ms 30% 10750 80% stored)
1594203618:[BYCMD ,0123]    rate 2mbar/s (2mbar/s stored)
1594203618:[BYCMD ,0124]    surface 500mbar (500mbar stored)
1594203618:[BYCMD ,0125]    near 1500mbar 3mbar/s (15000mbar 3mbar/s stored)
1594203618:[BYCMD ,0126]    far 2500mbar 4mbar/s (25000mbar 4mbar/s stored)
1594203618:[BYCMD ,0127]    ascent 8mbar/s (8mbar/s stored)
1594203618:[BYCMD ,0128]    dead 60s (300s stored)
1594203618:[BYCMD ,0129]    coeff 16/10 (16/10 stored)
1594203618:[BYCMD ,0130]    stab 10 (10 stored)
1594203618:[BYCMD ,0131]    delay 900s 3600s (900s 3600s stored)
1594203618:[BYCMD ,0132]    mmtime 2880min (2880min stored)
1594203618:[BYCMD ,0133]    dv_landing 100ml (100ml stored)
1594203619:[MKDCMD,0150]    p2t37: 15x2000ms, offset 59mbar
1594203619:[P2TCMD,0151]    p2t37: dp 50mbar, dt 5000mdegC
1594203619:[STAGE ,0080]Stage [0] 5000mbar (+/-500mbar) 1800s (<1800s) 
1594203619:[STAGE ,0080]Stage [1] 5000mbar (+/-500mbar) 1800s (<3600s) MERMAID
1594203619:[MAIN  ,0070]turn off bluetooth
1594203621:[PRESS ,0038]P    +71mbar,T-21369mdegC
1594203623:[PRESS ,0038]P    +71mbar,T +5876mdegC
1594203627:[PRESS ,0038]P    +61mbar,T-32416mdegC
1594203629:[PRESS ,0038]P    +61mbar,T +5876mdegC
1594203634:[PRESS ,0038]P    +71mbar,T-21369mdegC
1594203636:[PRESS ,0038]P    +61mbar,T +5876mdegC
1594203639:[PRESS ,0038]P    +71mbar,T-21369mdegC
1594203646:[PRESS ,0038]P    +71mbar,T +5876mdegC
1594203647:[DIVING,0141]diving from 71mbar, +0mbar/s
1594203647:[BYPASS,0035]bypass opening 60000ms
1594203652:[BYPASS,0104]battery 15158mV,  245952uA (bypass opening), P    +71mbar
1594203717:[BYPASS,0106]battery 15150mV,  288774uA (bypass closing), P    +71mbar
1594203718:[PRESS ,0038]P    -49mbar,T +5876mdegC
1594203724:[PRESS ,0038]P    -39mbar,T-21369mdegC
1594203729:[PRESS ,0038]P    -39mbar,T +5876mdegC
1594203733:[PRESS ,0038]P    -39mbar,T-21369mdegC
1594203743:[BYPASS,0035]bypass opening 10000ms
1594203748:[BYPASS,0104]battery 15186mV,  244000uA (bypass opening), P    -39mbar
1594203763:[BYPASS,0106]battery 15155mV,  287676uA (bypass closing), P    -39mbar
1594203765:[PRESS ,0038]P    -59mbar,T +5876mdegC
1594203767:[PRESS ,0038]P    -49mbar,T-21369mdegC
1594203769:[PRESS ,0038]P    -59mbar,T +5876mdegC
1594203771:[PRESS ,0038]P    -59mbar,T+16920mdegC
1594203772:[PRESS ,0038]P    -69mbar,T-21369mdegC
1594203774:[PRESS ,0038]P    -59mbar,T +5876mdegC
1594203780:[PRESS ,0038]P    -49mbar,T-21369mdegC
1594203788:[PRESS ,0038]P    -59mbar,T +5876mdegC
1594203790:[PRESS ,0038]P    -49mbar,T-21369mdegC
1594203790:[BYPASS,0035]bypass opening 10000ms
1594203795:[BYPASS,0104]battery 15186mV,  240218uA (bypass opening), P    -49mbar
1594203810:[BYPASS,0106]battery 15157mV,  286944uA (bypass closing), P    -49mbar
1594203812:[PRESS ,0038]P    -49mbar,T +5876mdegC
1594203814:[PRESS ,0038]P    -49mbar,T-21369mdegC
1594203818:[PRESS ,0038]P    -39mbar,T-32416mdegC
1594203819:[PRESS ,0038]P    -59mbar,T-21369mdegC
1594203823:[PRESS ,0038]P    -49mbar,T +5876mdegC
1594203825:[PRESS ,0038]P    -59mbar,T-21369mdegC
1594203827:[PRESS ,0038]P    -49mbar,T+16920mdegC
1594203828:[PRESS ,0038]P    -49mbar,T-21369mdegC
1594203837:[PRESS ,0038]P    -59mbar,T-32416mdegC
1594203837:[BYPASS,0035]bypass opening 10000ms
1594203842:[BYPASS,0104]battery 15191mV,  244488uA (bypass opening), P    -59mbar
1594203857:[BYPASS,0106]battery 15160mV,  286334uA (bypass closing), P    -59mbar
1594203859:[PRESS ,0038]P    -29mbar,T +5876mdegC
1594203861:[PRESS ,0038]P    -29mbar,T-21369mdegC
1594203868:[PRESS ,0038]P    -29mbar,T +5876mdegC
1594203872:[PRESS ,0038]P    -29mbar,T-21369mdegC
1594203873:[PRESS ,0038]P    -39mbar,T +5876mdegC
1594203875:[PRESS ,0038]P    -49mbar,T+16920mdegC
1594203877:[PRESS ,0038]P    -49mbar,T-21369mdegC
1594203882:[PRESS ,0038]P    -39mbar,T +5876mdegC
1594203884:[PRESS ,0038]P    -39mbar,T-21369mdegC
1594203884:[BYPASS,0035]bypass opening 10000ms
1594203889:[BYPASS,0104]battery 15192mV,  244000uA (bypass opening), P    -39mbar
1594203904:[BYPASS,0106]battery 15162mV,  285724uA (bypass closing), P    -39mbar
1594203906:[PRESS ,0038]P    -29mbar,T +5876mdegC
1594203908:[PRESS ,0038]P    -29mbar,T-21369mdegC
1594203910:[PRESS ,0038]P    -29mbar,T +5876mdegC
1594203913:[PRESS ,0038]P    -19mbar,T-21369mdegC
1594203915:[PRESS ,0038]P    -29mbar,T-32416mdegC
1594203917:[PRESS ,0038]P    -29mbar,T+16920mdegC
1594203919:[PRESS ,0038]P    -29mbar,T-21369mdegC
1594203921:[PRESS ,0038]P    -29mbar,T +5876mdegC
1594203922:[PRESS ,0038]P    -29mbar,T-21369mdegC
1594203931:[BYPASS,0035]bypass opening 10000ms
1594203936:[BYPASS,0104]battery 15192mV,  241072uA (bypass opening), P    -19mbar
1594203951:[BYPASS,0106]battery 15165mV,  285236uA (bypass closing), P    -19mbar
1594203953:[PRESS ,0038]P    -39mbar,T +5876mdegC
1594203955:[PRESS ,0038]P    -29mbar,T-21369mdegC
1594203959:[PRESS ,0038]P    -29mbar,T +5876mdegC
1594203960:[PRESS ,0038]P    -29mbar,T-21369mdegC
1594203964:[PRESS ,0038]P    -29mbar,T +5876mdegC
1594203966:[PRESS ,0038]P    -19mbar,T-21369mdegC
1594203968:[PRESS ,0038]P    -19mbar,T +5876mdegC
1594203973:[PRESS ,0038]P    -29mbar,T+16920mdegC
1594203975:[PRESS ,0038]P    -29mbar,T +5876mdegC
1594203977:[PRESS ,0038]P    -29mbar,T-21369mdegC
1594203978:[PRESS ,0038]P    -29mbar,T+16920mdegC
1594203978:[BYPASS,0035]bypass opening 10000ms
1594203983:[BYPASS,0104]battery 15192mV,  242414uA (bypass opening), P    -29mbar
1594203999:[BYPASS,0106]battery 15166mV,  284870uA (bypass closing), P    -29mbar
1594204000:[PRESS ,0038]P    -29mbar,T-21369mdegC
1594204006:[PRESS ,0038]P    -19mbar,T +5876mdegC
1594204007:[PRESS ,0038]P    -19mbar,T-32416mdegC
1594204009:[PRESS ,0038]P    -29mbar,T-21369mdegC
1594204011:[PRESS ,0038]P    -39mbar,T +5876mdegC
1594204013:[PRESS ,0038]P    -29mbar,T-21369mdegC
1594204015:[PRESS ,0038]P    -29mbar,T+16920mdegC
1594204017:[PRESS ,0038]P    -29mbar,T-21369mdegC
1594204022:[PRESS ,0038]P    -19mbar,T +5876mdegC
1594204024:[PRESS ,0038]P    -29mbar,T-21369mdegC
1594204025:[PRESS ,0038]P    -29mbar,T +5876mdegC
1594204025:[BYPASS,0035]bypass opening 10000ms
1594204031:[BYPASS,0104]battery 15195mV,  242658uA (bypass opening), P    -29mbar
1594204046:[BYPASS,0106]battery 15167mV,  284382uA (bypass closing), P    -29mbar
1594204047:[PRESS ,0038]P    -19mbar,T-21369mdegC
1594204051:[PRESS ,0038]P    -19mbar,T +5876mdegC
1594204053:[PRESS ,0038]P    -19mbar,T-21369mdegC
1594204055:[PRESS ,0038]P    -19mbar,T+16920mdegC
1594204056:[PRESS ,0038]P    -19mbar,T-21369mdegC
1594204058:[PRESS ,0038]P    -19mbar,T +5876mdegC
1594204060:[PRESS ,0038]P    -19mbar,T-21369mdegC
1594204062:[PRESS ,0038]P    -19mbar,T +5876mdegC
1594204064:[PRESS ,0038]P    -29mbar,T-21369mdegC
1594204065:[PRESS ,0038]P    -29mbar,T +5876mdegC
1594204067:[PRESS ,0038]P    -29mbar,T-21369mdegC
1594204073:[BYPASS,0035]bypass opening 10000ms
1594204078:[BYPASS,0104]battery 15197mV,  242048uA (bypass opening), P    -29mbar
1594204093:[BYPASS,0106]battery 15168mV,  283894uA (bypass closing), P    -29mbar
1594204094:[PRESS ,0038]P     -9mbar,T+16920mdegC
1594204096:[PRESS ,0038]P     -9mbar,T-21369mdegC
1594204100:[PRESS ,0038]P     -9mbar,T+16920mdegC
1594204102:[PRESS ,0038]P     +1mbar,T-21369mdegC
1594204103:[PRESS ,0038]P     +1mbar,T+16920mdegC
1594204105:[PRESS ,0038]P     +1mbar,T-21369mdegC
1594204107:[PRESS ,0038]P    +11mbar,T +5876mdegC
1594204109:[PRESS ,0038]P     +1mbar,T-21369mdegC
1594204118:[PRESS ,0038]P    +31mbar,T +5876mdegC
1594204120:[PRESS ,0038]P    +41mbar,T+16920mdegC
1594204122:[PRESS ,0038]P    +41mbar,T-21369mdegC
1594204125:[PRESS ,0038]P    +41mbar,T+16920mdegC
1594204131:[PRESS ,0038]P    +61mbar,T-21369mdegC
1594204134:[PRESS ,0038]P    +71mbar,T+16920mdegC
1594204136:[PRESS ,0038]P    +81mbar,T-21369mdegC
1594204139:[PRESS ,0038]P   +111mbar,T+16920mdegC
1594204142:[PRESS ,0038]P   +121mbar,T +5876mdegC
1594204148:[PRESS ,0038]P   +161mbar,T-21369mdegC
1594204156:[PRESS ,0038]P   +211mbar,T+16920mdegC
1594204159:[PRESS ,0038]P   +231mbar,T-21369mdegC
1594204164:[PRESS ,0038]P   +251mbar,T-10327mdegC
1594204167:[PRESS ,0038]P   +271mbar,T-21369mdegC
1594204173:[PRESS ,0038]P   +301mbar,T +5876mdegC
1594204175:[PRESS ,0038]P   +321mbar,T-21369mdegC
1594204181:[PRESS ,0038]P   +341mbar,T +5876mdegC
1594204184:[PRESS ,0038]P   +341mbar,T-21369mdegC
1594204192:[PRESS ,0038]P   +371mbar,T +5876mdegC
1594204198:[PRESS ,0038]P   +381mbar,T-21369mdegC
1594204209:[PRESS ,0038]P   +421mbar,T+16920mdegC
1594204212:[PRESS ,0038]P   +421mbar,T +5876mdegC
1594204214:[PRESS ,0038]P   +441mbar,T-21369mdegC
1594204220:[PRESS ,0038]P   +471mbar,T+16920mdegC
1594204223:[PRESS ,0038]P   +481mbar,T-21369mdegC
1594204227:[DIVING,0028]501mbar reached (+4mbar/s), 9 bypass done
1594204228:[MAIN  ,0056]stage[0]
1594204230:[MAIN  ,0024]internal pressure 85167Pa
1594204231:[PRESS ,0038]P   +531mbar,T+16920mdegC
1594204231:[BUOY  ,0037]P   +531mbar
1594204231:[STAGE ,0080]Stage [0] 5000mbar (+/-500mbar) 1800s (<1594206027s) 
1594204233:[PRESS ,0038]P   +541mbar,T-21369mdegC
1594204293:[PRESS ,0038]P   +711mbar,T-21369mdegC
1594204297:[PRESS ,0038]P   +721mbar,T +5876mdegC
1594204299:[PRESS ,0038]P   +721mbar,T-21369mdegC
1594204302:[PRESS ,0038]P   +721mbar,T +5876mdegC
1594204304:[PRESS ,0038]P   +721mbar,T-21369mdegC
1594204310:[PRESS ,0038]P   +721mbar,T +5876mdegC
1594204311:[PRESS ,0038]P   +721mbar,T-21369mdegC
1594204317:[PRESS ,0038]P   +721mbar,T +5876mdegC
1594204319:<WARN>[BUOY  ,0094]stage[0] should DESCENT, stuck at 721mbar for the #1 time
1594204319:[BUOY  ,0087]from +0mbar/s to +4mbar/s
1594204319:[BUOY  ,0090]need to transfer -26mL (valve during 12750ms)
1594204319:[VALVE ,0034]valve opening 12750ms
1594204331:[VALVE ,0234]battery 15085mV,  480192uA, P   +721mbar
1594204379:[PRESS ,0038]P   +891mbar,T +5876mdegC
1594204383:[PRESS ,0038]P   +901mbar,T-21369mdegC
1594204387:[PRESS ,0038]P   +911mbar,T+16920mdegC
1594204388:[PRESS ,0038]P   +931mbar,T +5876mdegC
1594204394:[PRESS ,0038]P   +951mbar,T-21369mdegC
1594204401:[PRESS ,0038]P   +971mbar,T +5876mdegC
1594204403:[PRESS ,0038]P   +971mbar,T-21369mdegC
1594204404:[PRESS ,0038]P   +981mbar,T +5876mdegC
1594204465:[PRESS ,0038]P  +1111mbar,T-21369mdegC
1594204474:[PRESS ,0038]P  +1121mbar,T-32416mdegC
1594204476:[PRESS ,0038]P  +1121mbar,T-21369mdegC
1594204478:[PRESS ,0038]P  +1141mbar,T +5876mdegC
1594204479:[PRESS ,0038]P  +1131mbar,T-21369mdegC
1594204486:[PRESS ,0038]P  +1141mbar,T +5876mdegC
1594204488:[PRESS ,0038]P  +1151mbar,T-21369mdegC
1594204490:[BUOY  ,0087]from +2mbar/s to +4mbar/s
1594204490:[BUOY  ,0090]need to transfer -20mL (valve during 7727ms)
1594204490:[VALVE ,0034]valve opening 7727ms
1594204498:[VALVE ,0234]battery 15098mV,  478850uA, P  +1151mbar
1594204551:[PRESS ,0038]P  +1291mbar,T-21369mdegC
1594204555:[PRESS ,0038]P  +1291mbar,T +5876mdegC
1594204558:[PRESS ,0038]P  +1311mbar,T-21369mdegC
1594204570:[PRESS ,0038]P  +1341mbar,T +5876mdegC
1594204572:[PRESS ,0038]P  +1331mbar,T-21369mdegC
1594204576:[PRESS ,0038]P  +1341mbar,T+16920mdegC
1594204576:[BUOY  ,0087]from +2mbar/s to +4mbar/s
1594204576:[BUOY  ,0090]need to transfer -20mL (valve during 7083ms)
1594204576:[VALVE ,0034]valve opening 7083ms
1594204583:[VALVE ,0234]battery 15101mV,  477020uA, P  +1341mbar
1594204637:[PRESS ,0038]P  +1591mbar,T-21369mdegC
1594204642:[PRESS ,0038]P  +1601mbar,T +5876mdegC
1594204646:[PRESS ,0038]P  +1621mbar,T-21369mdegC
1594204647:[PRESS ,0038]P  +1631mbar,T +5876mdegC
1594204649:[PRESS ,0038]P  +1631mbar,T-21369mdegC
1594204651:[PRESS ,0038]P  +1641mbar,T +5876mdegC
1594204656:[PRESS ,0038]P  +1661mbar,T-21369mdegC
1594204722:[PRESS ,0038]P  +1871mbar,T +5876mdegC
1594204724:[PRESS ,0038]P  +1891mbar,T-21369mdegC
1594204726:[PRESS ,0038]P  +1881mbar,T +5876mdegC
1594204730:[PRESS ,0038]P  +1901mbar,T-21369mdegC
1594204731:[PRESS ,0038]P  +1911mbar,T +5876mdegC
1594204735:[PRESS ,0038]P  +1921mbar,T-21369mdegC
1594204737:[PRESS ,0038]P  +1931mbar,T+16920mdegC
1594204739:[PRESS ,0038]P  +1931mbar,T-21369mdegC
1594204747:[PRESS ,0038]P  +1961mbar,T+16920mdegC
1594204808:[PRESS ,0038]P  +2171mbar,T-21369mdegC
1594204813:[PRESS ,0038]P  +2181mbar,T +5876mdegC
1594204815:[PRESS ,0038]P  +2201mbar,T-21369mdegC
1594204821:[PRESS ,0038]P  +2201mbar,T+16920mdegC
1594204826:[PRESS ,0038]P  +2221mbar,T-21369mdegC
1594204828:[PRESS ,0038]P  +2231mbar,T+16920mdegC
1594204830:[PRESS ,0038]P  +2231mbar,T +5876mdegC
1594204831:[PRESS ,0038]P  +2261mbar,T-21369mdegC
1594204833:[PRESS ,0038]P  +2241mbar,T+16920mdegC
1594204894:[PRESS ,0038]P  +2501mbar,T-21369mdegC
1594204896:[PRESS ,0038]P  +2501mbar,T +5876mdegC
1594204897:[PRESS ,0038]P  +2521mbar,T+16920mdegC
1594204899:[PRESS ,0038]P  +2531mbar,T-21369mdegC
1594204908:[PRESS ,0038]P  +2561mbar,T+16920mdegC
1594204910:[PRESS ,0038]P  +2571mbar,T-21369mdegC
1594204914:[PRESS ,0038]P  +2591mbar,T +5876mdegC
1594204915:[PRESS ,0038]P  +2591mbar,T+16920mdegC
1594204917:[PRESS ,0038]P  +2611mbar,T-21369mdegC
1594204919:[PRESS ,0038]P  +2611mbar,T +5876mdegC
1594204919:[BUOY  ,0087]from +5mbar/s to +3mbar/s
1594204919:[BUOY  ,0089]need to transfer +26mL (pump during 31141ms)
1594204927:[PUMP  ,0207]battery 15483mV,   19398uA (warmup), P  +2611mbar
1594204927:[PUMP  ,0016]pump during 31141ms
1594204958:[PUMP  ,0212]battery 15232mV,  299632uA (steady state), P  +2611mbar
1594204983:[PRESS ,0038]P  +2751mbar,T+16920mdegC
1594204987:[PRESS ,0038]P  +2741mbar,T-21369mdegC
1594204988:[PRESS ,0038]P  +2751mbar,T-10327mdegC
1594204990:[PRESS ,0038]P  +2751mbar,T+16920mdegC
1594204992:[PRESS ,0038]P  +2751mbar,T-21369mdegC
1594205001:[PRESS ,0038]P  +2761mbar,T+16920mdegC
1594205003:[PRESS ,0038]P  +2761mbar,T-10327mdegC
1594205004:[PRESS ,0038]P  +2761mbar,T+16920mdegC
1594205006:[PRESS ,0038]P  +2751mbar,T-21369mdegC
1594205008:[PRESS ,0038]P  +2761mbar,T-10327mdegC
1594205008:[BUOY  ,0087]from +1mbar/s to +3mbar/s
1594205008:[BUOY  ,0090]need to transfer -12mL (valve during 2942ms)
1594205008:[VALVE ,0034]valve opening 2942ms
1594205011:[VALVE ,0234]battery 15095mV,  480680uA, P  +2761mbar
1594205069:[PRESS ,0038]P  +2861mbar,T+16920mdegC
1594205071:[PRESS ,0038]P  +2881mbar,T-21369mdegC
1594205073:[PRESS ,0038]P  +2881mbar,T +5876mdegC
1594205074:[PRESS ,0038]P  +2881mbar,T+16920mdegC
1594205078:[PRESS ,0038]P  +2881mbar,T-10327mdegC
1594205080:[PRESS ,0038]P  +2891mbar,T-21369mdegC
1594205083:[PRESS ,0038]P  +2901mbar,T-10327mdegC
1594205085:[PRESS ,0038]P  +2901mbar,T+16920mdegC
1594205087:[PRESS ,0038]P  +2901mbar,T-21369mdegC
1594205089:[PRESS ,0038]P  +2911mbar,T-10327mdegC
1594205091:[PRESS ,0038]P  +2921mbar,T+16920mdegC
1594205092:[PRESS ,0038]P  +2921mbar,T-21369mdegC
1594205094:[PRESS ,0038]P  +2921mbar,T+16920mdegC
1594205155:[PRESS ,0038]P  +3101mbar,T+16920mdegC
1594205157:[PRESS ,0038]P  +3091mbar,T-21369mdegC
1594205158:[PRESS ,0038]P  +3111mbar,T+16920mdegC
1594205160:[PRESS ,0038]P  +3101mbar,T-10327mdegC
1594205162:[PRESS ,0038]P  +3101mbar,T+16920mdegC
1594205164:[PRESS ,0038]P  +3111mbar,T-10327mdegC
1594205166:[PRESS ,0038]P  +3121mbar,T+16920mdegC
1594205167:[PRESS ,0038]P  +3111mbar,T-21369mdegC
1594205169:[PRESS ,0038]P  +3131mbar,T+16920mdegC
1594205175:[PRESS ,0038]P  +3141mbar,T-21369mdegC
1594205176:[PRESS ,0038]P  +3141mbar,T+16920mdegC
1594205180:[PRESS ,0038]P  +3161mbar,T-21369mdegC
1594205241:[PRESS ,0038]P  +3351mbar,T+16920mdegC
1594205257:[PRESS ,0038]P  +3401mbar,T-10327mdegC
1594205258:[PRESS ,0038]P  +3411mbar,T+16920mdegC
1594205262:[PRESS ,0038]P  +3411mbar,T-10327mdegC
1594205264:[PRESS ,0038]P  +3411mbar,T+16920mdegC
1594205266:[PRESS ,0038]P  +3421mbar,T-10327mdegC
1594205326:[PRESS ,0038]P  +3621mbar,T+16920mdegC
1594205330:[PRESS ,0038]P  +3631mbar,T-10327mdegC
1594205333:[PRESS ,0038]P  +3651mbar,T+16920mdegC
1594205337:[PRESS ,0038]P  +3651mbar,T-10327mdegC
1594205339:[PRESS ,0038]P  +3641mbar,T+16920mdegC
1594205342:[PRESS ,0038]P  +3671mbar,T-10327mdegC
1594205344:[PRESS ,0038]P  +3661mbar,T+16920mdegC
1594205346:[PRESS ,0038]P  +3671mbar,T-21369mdegC
1594205350:[PRESS ,0038]P  +3681mbar,T+16920mdegC
1594205351:[PRESS ,0038]P  +3681mbar,T-10327mdegC
1594205412:[PRESS ,0038]P  +3781mbar,T-10327mdegC
1594205414:[PRESS ,0038]P  +3781mbar,T+16920mdegC
1594205432:[PRESS ,0038]P  +3811mbar,T-10327mdegC
1594205433:[PRESS ,0038]P  +3821mbar,T+16920mdegC
1594205435:[PRESS ,0038]P  +3821mbar,T-10327mdegC
1594205437:[PRESS ,0038]P  +3841mbar,T+16920mdegC
1594205498:[PRESS ,0038]P  +3991mbar,T+16920mdegC
1594205501:[PRESS ,0038]P  +4001mbar,T-10327mdegC
1594205503:[PRESS ,0038]P  +4011mbar,T+16920mdegC
1594205505:[PRESS ,0038]P  +4011mbar,T-10327mdegC
1594205510:[PRESS ,0038]P  +4021mbar,T+16920mdegC
1594205514:[PRESS ,0038]P  +4021mbar,T-10327mdegC
1594205516:[PRESS ,0038]P  +4031mbar,T+16920mdegC
1594205519:[PRESS ,0038]P  +4031mbar,T-10327mdegC
1594205521:[PRESS ,0038]P  +4041mbar,T+16920mdegC
1594205583:[PRESS ,0038]P  +4151mbar,T-10327mdegC
1594205585:[PRESS ,0038]P  +4161mbar,T+16920mdegC
1594205589:[PRESS ,0038]P  +4151mbar,T-10327mdegC
1594205591:[PRESS ,0038]P  +4161mbar,T+16920mdegC
1594205592:[PRESS ,0038]P  +4171mbar,T-10327mdegC
1594205594:[PRESS ,0038]P  +4171mbar,T+16920mdegC
1594205596:[PRESS ,0038]P  +4181mbar,T-10327mdegC
1594205603:[PRESS ,0038]P  +4191mbar,T+16920mdegC
1594205605:[PRESS ,0038]P  +4191mbar,T-10327mdegC
1594205609:[PRESS ,0038]P  +4201mbar,T+27960mdegC
1594205669:[PRESS ,0038]P  +4291mbar,T-10327mdegC
1594205675:[PRESS ,0038]P  +4301mbar,T+16920mdegC
1594205680:[PRESS ,0038]P  +4311mbar,T-10327mdegC
1594205683:[PRESS ,0038]P  +4321mbar,T+27960mdegC
1594205685:[PRESS ,0038]P  +4321mbar,T-10327mdegC
1594205694:[PRESS ,0038]P  +4331mbar,T+27960mdegC
1594205755:[PRESS ,0038]P  +4491mbar,T+16920mdegC
1594205757:[PRESS ,0038]P  +4501mbar,T-10327mdegC
1594205765:[PRESS ,0038]P  +4521mbar,T+27960mdegC
1594205767:[PRESS ,0038]P  +4531mbar,T-10327mdegC
1594205769:[PRESS ,0038]P  +4531mbar,T+16920mdegC
1594205771:[PRESS ,0038]P  +4531mbar,T+27960mdegC
1594205773:[PRESS ,0038]P  +4531mbar,T-10327mdegC
1594205778:[PRESS ,0038]P  +4551mbar,T+27960mdegC
1594205780:[PRESS ,0038]P  +4551mbar,T-10327mdegC
1594205780:[STAGE ,0213]4551mbar reached at 1594205780s, ref 5000mbar +/-500mbar
1594205841:[PRESS ,0038]P  +4661mbar,T-10327mdegC
1594205901:[PRESS ,0038]P  +4781mbar,T+27960mdegC
1594205962:[PRESS ,0038]P  +4931mbar,T-10327mdegC
1594206023:[PRESS ,0038]P  +5051mbar,T-10327mdegC
1594206023:[BUOY  ,0087]from +2mbar/s to +0mbar/s
1594206023:[BUOY  ,0089]need to transfer +6mL (pump during 7162ms)
1594206031:[PUMP  ,0207]battery 15512mV,   19398uA (warmup), P  +5051mbar
1594206031:[PUMP  ,0016]pump during 7162ms
1594206038:[PUMP  ,0212]battery 15232mV,  324398uA (steady state), P  +5051mbar
1594206087:[PRESS ,0038]P  +5121mbar,T+27960mdegC
1594206092:[PRESS ,0038]P  +5121mbar,T-10327mdegC
1594206094:[PRESS ,0038]P  +5121mbar,T+27960mdegC
1594206101:[PRESS ,0038]P  +5131mbar,T  +710mdegC
1594206103:[PRESS ,0038]P  +5131mbar,T-10327mdegC
1594206105:[PRESS ,0038]P  +5121mbar,T-26541mdegC
1594206106:[PRESS ,0038]P  +5131mbar,T  +710mdegC
1594206108:[PRESS ,0038]P  +5131mbar,T+27960mdegC
1594206112:[MAIN  ,0140]stage[0] complete 1885s after mission start
1594206112:[MAIN  ,0056]stage[1]
1594206114:[MAIN  ,0024]internal pressure 83935Pa
1594206115:[MRMAID,0002]acq started
1594206125:[BUOY  ,0037]P  +5151mbar
1594206125:[STAGE ,0080]Stage [1] 5000mbar (+/-500mbar) 1800s (<1594207827s) MERMAID
1594206127:[STAGE ,0213]5151mbar reached at 1594206127s, ref 5000mbar +/-500mbar
1594206127:[BUOY  ,0087]from +1mbar/s to +0mbar/s
1594206127:[BUOY  ,0089]need to transfer +2mL (pump during 2387ms)
1594206136:[PUMP  ,0207]battery 15502mV,   19520uA (warmup), P  +5151mbar
1594206136:[PUMP  ,0016]pump during 2387ms
1594206151:[MRMAID,0184]acq already started
1594206168:[MRMAID,0059]stop canceled
1594206202:[PRESS ,0038]P  +5181mbar,T  +710mdegC
1594206203:[PRESS ,0038]P  +5171mbar,T+27960mdegC
1594206205:[PRESS ,0038]P  +5171mbar,T-10327mdegC
1594206212:[PRESS ,0038]P  +5181mbar,T+27960mdegC
1594206214:[PRESS ,0038]P  +5171mbar,T-10327mdegC
1594206216:[PRESS ,0038]P  +5181mbar,T  +710mdegC
1594206218:[PRESS ,0038]P  +5171mbar,T+27960mdegC
1594206223:[PRESS ,0038]P  +5171mbar,T  +710mdegC
1594206227:[PRESS ,0038]P  +5181mbar,T+27960mdegC
1594206278:[MRMAID,0027]52dbar, 28degC
1594206348:[PRESS ,0038]P  +5231mbar,T  +710mdegC
1594206409:[PRESS ,0038]P  +5301mbar,T+27960mdegC
1594206409:[BUOY  ,0087]from +1mbar/s to +0mbar/s
1594206409:[BUOY  ,0089]need to transfer +2mL (pump during 2387ms)
1594206417:[PUMP  ,0207]battery 15507mV,   19886uA (warmup), P  +5301mbar
1594206417:[PUMP  ,0016]pump during 2387ms
1594206432:[MRMAID,0184]acq already started
1594206483:[PRESS ,0038]P  +5341mbar,T  +710mdegC
1594206485:[PRESS ,0038]P  +5361mbar,T+27960mdegC
1594206487:[PRESS ,0038]P  +5351mbar,T  +710mdegC
1594206488:[PRESS ,0038]P  +5351mbar,T+27960mdegC
1594206497:[PRESS ,0038]P  +5371mbar,T  +710mdegC
1594206503:[PRESS ,0038]P  +5371mbar,T+27960mdegC
1594206505:[PRESS ,0038]P  +5371mbar,T-26541mdegC
1594206506:[PRESS ,0038]P  +5371mbar,T  +710mdegC
1594206508:[PRESS ,0038]P  +5371mbar,T+27960mdegC
1594206508:[BUOY  ,0087]from +1mbar/s to +0mbar/s
1594206508:[BUOY  ,0089]need to transfer +2mL (pump during 2387ms)
1594206517:[PUMP  ,0207]battery 15505mV,   19764uA (warmup), P  +5371mbar
1594206517:[PUMP  ,0016]pump during 2387ms
1594206532:[MRMAID,0184]acq already started
1594206583:[PRESS ,0038]P  +5401mbar,T  +710mdegC
1594206584:[PRESS ,0038]P  +5411mbar,T+27960mdegC
1594206588:[PRESS ,0038]P  +5411mbar,T  +710mdegC
1594206590:[PRESS ,0038]P  +5411mbar,T+27960mdegC
1594206592:[PRESS ,0038]P  +5401mbar,T  +710mdegC
1594206593:[PRESS ,0038]P  +5411mbar,T+27960mdegC
1594206599:[PRESS ,0038]P  +5401mbar,T  +710mdegC
1594206608:[PRESS ,0038]P  +5411mbar,T+27960mdegC
1594206729:[PRESS ,0038]P  +5451mbar,T  +710mdegC
1594206850:[PRESS ,0038]P  +5551mbar,T  +710mdegC
1594206850:<WARN>[BUOY  ,0094]stage[1] should ASCENT, stuck at 5551mbar for the #1 time
1594206850:[BUOY  ,0087]from +0mbar/s to -2mbar/s
1594206850:[BUOY  ,0089]need to transfer +6mL (pump during 7174ms)
1594206859:[PUMP  ,0207]battery 15508mV,   20008uA (warmup), P  +5551mbar
1594206859:[PUMP  ,0016]pump during 7174ms
1594206866:[PUMP  ,0212]battery 15217mV,  336232uA (steady state), P  +5551mbar
1594206879:[MRMAID,0184]acq already started
1594206925:[PRESS ,0038]P  +5591mbar,T+27960mdegC
1594206927:[PRESS ,0038]P  +5591mbar,T  +710mdegC
1594206928:[PRESS ,0038]P  +5591mbar,T+27960mdegC
1594206930:[PRESS ,0038]P  +5591mbar,T  +710mdegC
1594206932:[PRESS ,0038]P  +5581mbar,T+27960mdegC
1594206934:[PRESS ,0038]P  +5601mbar,T  +710mdegC
1594206939:[PRESS ,0038]P  +5581mbar,T-26541mdegC
1594206943:[PRESS ,0038]P  +5591mbar,T  +710mdegC
1594206945:[PRESS ,0038]P  +5591mbar,T-26541mdegC
1594206946:[PRESS ,0038]P  +5581mbar,T  +710mdegC
1594206948:[PRESS ,0038]P  +5591mbar,T-26541mdegC
1594206950:[PRESS ,0038]P  +5581mbar,T  +710mdegC
1594206950:<WARN>[BUOY  ,0094]stage[1] should ASCENT, stuck at 5581mbar for the #2 time
1594206950:[BUOY  ,0087]from +0mbar/s to -2mbar/s
1594206950:[BUOY  ,0089]need to transfer +6mL (pump during 7174ms)
1594206959:[PUMP  ,0207]battery 15498mV,   19764uA (warmup), P  +5581mbar
1594206959:[PUMP  ,0016]pump during 7174ms
1594206966:[PUMP  ,0212]battery 15218mV,  329034uA (steady state), P  +5581mbar
1594206979:[MRMAID,0184]acq already started
1594207025:[PRESS ,0038]P  +5521mbar,T  +710mdegC
1594207026:[PRESS ,0038]P  +5531mbar,T+27960mdegC
1594207028:[PRESS ,0038]P  +5521mbar,T  +710mdegC
1594207042:[PRESS ,0038]P  +5501mbar,T+11743mdegC
1594207044:[PRESS ,0038]P  +5501mbar,T-26541mdegC
1594207049:[PRESS ,0038]P  +5491mbar,T  +710mdegC
1594207110:[PRESS ,0038]P  +5431mbar,T+27960mdegC
1594207171:[PRESS ,0038]P  +5381mbar,T  +710mdegC
1594207232:[PRESS ,0038]P  +5311mbar,T  +710mdegC
1594207292:[PRESS ,0038]P  +5281mbar,T+27960mdegC
1594207353:[PRESS ,0038]P  +5221mbar,T  +710mdegC
1594207379:[MRMAID,0059]stop canceled
1594207394:[MRMAID,0005]ascent request rejected
1594207480:[MRMAID,0027]52dbar, 1degC
1594207535:[PRESS ,0038]P  +5171mbar,T+27960mdegC
1594207596:[PRESS ,0038]P  +5181mbar,T  +710mdegC
1594207717:[PRESS ,0038]P  +5161mbar,T+11743mdegC
1594207778:[PRESS ,0038]P  +5151mbar,T-26541mdegC
1594207838:[MAIN  ,0140]stage[1] complete 3611s after mission start
1594208442:<ERR>[MRMAID,0008]acq not stopped
1594208580:[MRMAID,0003]acq stopped
1594208580:[MRMAID,0052]Mermaid $MEASFS,96534,2412.503418,40.014037;
1594208602:[MRMAID,0005]ascent request rejected
1594208623:[MSSION,0192]mission stopped, 2 stage(s) done
1594208623:[MAIN  ,0065]surfacing
1594208625:[SURFIN,0036]P  +5101mbar
1594208633:[PUMP  ,0207]battery 15511mV,   20008uA (warmup), P  +5101mbar
1594208633:[PUMP  ,0016]pump during 60000ms
1594208692:[PUMP  ,0212]battery 15205mV,  324154uA (steady state), P  +5101mbar
1594208750:[PRESS ,0038]P  +4821mbar,T+11743mdegC
1594208752:[PRESS ,0038]P  +4811mbar,T  +710mdegC
1594208753:[PRESS ,0038]P  +4801mbar,T-26541mdegC
1594208761:[PRESS ,0038]P  +4771mbar,T+11743mdegC
1594208769:[PRESS ,0038]P  +4741mbar,T+27960mdegC
1594208771:[PRESS ,0038]P  +4741mbar,T-26541mdegC
1594208783:[PUMP  ,0207]battery 15428mV,   19520uA (warmup), P  +4721mbar
1594208783:[PUMP  ,0016]pump during 60000ms
1594208842:[PUMP  ,0212]battery 15155mV,  328912uA (steady state), P  +4721mbar
1594208900:[PRESS ,0038]P  +4061mbar,T-26541mdegC
1594208903:[PRESS ,0038]P  +4051mbar,T+11743mdegC
1594208905:[PRESS ,0038]P  +4041mbar,T  +710mdegC
1594208907:[PRESS ,0038]P  +4031mbar,T-26541mdegC
1594208910:[PRESS ,0038]P  +4001mbar,T+11743mdegC
1594208912:[PRESS ,0038]P  +3991mbar,T-26541mdegC
1594208914:[PRESS ,0038]P  +3981mbar,T  +710mdegC
1594208916:[PRESS ,0038]P  +3971mbar,T+11743mdegC
1594208919:[PRESS ,0038]P  +3961mbar,T-26541mdegC
1594208921:[PRESS ,0038]P  +3941mbar,T+11743mdegC
1594208923:[PRESS ,0038]P  +3931mbar,T-26541mdegC
1594208925:[PRESS ,0038]P  +3901mbar,T+11743mdegC
1594208933:[PUMP  ,0207]battery 15375mV,   19520uA (warmup), P  +3901mbar
1594208933:[PUMP  ,0016]pump during 60000ms
1594208992:[PUMP  ,0212]battery 15112mV,  324032uA (steady state), P  +3901mbar
1594209050:[PRESS ,0038]P  +3191mbar,T  +710mdegC
1594209051:[PRESS ,0038]P  +3181mbar,T-26541mdegC
1594209053:[PRESS ,0038]P  +3181mbar,T  +710mdegC
1594209055:[PRESS ,0038]P  +3161mbar,T-26541mdegC
1594209059:[PRESS ,0038]P  +3151mbar,T+11743mdegC
1594209062:[PRESS ,0038]P  +3121mbar,T-26541mdegC
1594209066:[PRESS ,0038]P  +3101mbar,T+11743mdegC
1594209069:[PRESS ,0038]P  +3081mbar,T-26541mdegC
1594209071:[PRESS ,0038]P  +3081mbar,T+11743mdegC
1594209083:[PUMP  ,0207]battery 15343mV,   19520uA (warmup), P  +3061mbar
1594209083:[PUMP  ,0016]pump during 60000ms
1594209142:[PUMP  ,0212]battery 15086mV,  317444uA (steady state), P  +3061mbar
1594209200:[PRESS ,0038]P  +2211mbar,T-26541mdegC
1594209203:[PRESS ,0038]P  +2171mbar,T  +710mdegC
1594209205:[PRESS ,0038]P  +2171mbar,T+11743mdegC
1594209207:[PRESS ,0038]P  +2141mbar,T-26541mdegC
1594209210:[PRESS ,0038]P  +2121mbar,T+11743mdegC
1594209216:[PRESS ,0038]P  +2071mbar,T-15511mdegC
1594209217:[PRESS ,0038]P  +2071mbar,T-26541mdegC
1594209219:[PRESS ,0038]P  +2051mbar,T+11743mdegC
1594209221:[PRESS ,0038]P  +2031mbar,T-26541mdegC
1594209346:[PRESS ,0038]P  +1211mbar,T+11743mdegC
1594209354:[PUMP  ,0207]battery 15375mV,   19642uA (warmup), P  +1211mbar
1594209354:[PUMP  ,0016]pump during 60000ms
1594209413:[PUMP  ,0212]battery 15118mV,  304146uA (steady state), P  +1211mbar
1594209471:[PRESS ,0038]P   +611mbar,T  +710mdegC
1594209473:[PRESS ,0038]P   +591mbar,T-26541mdegC
1594209475:[PRESS ,0038]P   +591mbar,T  +710mdegC
1594209476:[PRESS ,0038]P   +581mbar,T-26541mdegC
1594209478:[PRESS ,0038]P   +561mbar,T+11743mdegC
1594209480:[PRESS ,0038]P   +561mbar,T-26541mdegC
1594209484:[PRESS ,0038]P   +531mbar,T+11743mdegC
1594209489:[PRESS ,0038]P   +501mbar,T-26541mdegC
1594209491:[PRESS ,0038]P   +471mbar,T+11743mdegC
1594209493:[PRESS ,0038]P   +481mbar,T-26541mdegC
1594209494:[PRESS ,0038]P   +451mbar,T+11743mdegC
1594209496:[PRESS ,0038]P   +461mbar,T-15511mdegC
1594209498:[PRESS ,0038]P   +431mbar,T+11743mdegC
1594209500:[PRESS ,0038]P   +431mbar,T-26541mdegC
1594209500:[SURFIN,0020]filling external bladder
1594209508:[PUMP  ,0207]battery 15343mV,   19520uA (warmup), P   +431mbar
1594209508:[PUMP  ,0016]pump during 300000ms
1594209807:[PUMP  ,0212]battery 14788mV,  990396uA (steady state), P   +431mbar
1594209818:[PUMP  ,0207]battery 14913mV,   18788uA (warmup), P   +431mbar
1594209818:[PUMP  ,0016]pump during 300000ms
1594209942:[PUMP  ,0212]battery 14557mV,  911950uA (steady state), P   +431mbar
1594209944:[SURFIN,0019]external bladder full
1594209945:[PRESS ,0038]P   +120mbar,T+27960mdegC
1594209947:[PRESS ,0038]P   +120mbar,T  +710mdegC
1594209949:[PRESS ,0038]P   +120mbar,T-26541mdegC
1594209951:[PRESS ,0038]P   +120mbar,T  +710mdegC
1594209960:[PRESS ,0038]P   +120mbar,T-26541mdegC
1594209961:[PRESS ,0038]P   +120mbar,T  +710mdegC
1594209967:[PRESS ,0038]P   +120mbar,T-26541mdegC
1594210005:[MAIN  ,0272]Vbat 15115mV (min 15068mV)
1594210008:[MAIN  ,0024]internal pressure 80737Pa
1594210008:[MAIN  ,0043]Pext 119mbar (rng 30mbar)
1594210008:[MAIN  ,0064]surface
1594210025:[SURF  ,0022]GPS fix...
1594210045:[SURF  ,0015]10 PPS detected...
1594210046:[MRMAID,0052]Mermaid $GPSACK:+0,+0,+0,+0,+0,+0,-4791;
1594210056:[MRMAID,0052]Mermaid $GPSOFF:3686339;
1594210057:[GPSFIX,0179]-1s diff
1594210058:[SURF  ,0222]2020-07-08T12:07:38
1594210058:[SURF  ,0082]Latitude : N43deg40.941mn, Longitude :E007deg19.178mn
1594210058:[SURF  ,0223]fix3D,10satellites
1594210058:[SURF  ,0084]GPS fix GPGSA : hdop0.660,vdop0.970
1594210068:[SURF  ,0274]last almanac : 6877
1594210144:[MRMAID,0026]26008 bytes in 0067/5F05B719.MER
1594210150:[MAIN  ,0320]New pressure offset: 119mbar
1594210150:[LOGBIN,0078]*** switching to 0067/5F05B766 ***
