1594259224:[MAIN  ,0007]buoy 452.120-R-0067
1594259224:[MAIN  ,0055]soft pilotage 452.012.300_V2.21-20200701
1594259224:[MAIN  ,0010]cycle 9
1594259224:[SURF  ,0225]surface2
1594259243:[SURF  ,0022]GPS fix...
1594259263:[SURF  ,0015]10 PPS detected...
1594259264:[MRMAID,0052]Mermaid $GPSACK:+0,+0,+0,+0,+0,+0,+0;
1594259274:[MRMAID,0052]Mermaid $GPSOFF:3686341;
1594259276:[GPSFIX,0179]+0s diff
1594259276:[SURF  ,0222]2020-07-09T01:47:56
1594259276:[SURF  ,0082]Latitude : N43deg40.938mn, Longitude :E007deg19.176mn
1594259276:[SURF  ,0223]fix3D,11satellites
1594259276:[SURF  ,0084]GPS fix GPGSA : hdop0.610,vdop0.910
1594259286:[SURF  ,0025]Iridium...
1594259327:[SURF  ,0009]connected in 41s, signal quality 5
1594259405:[SURF  ,0218]prompt received, remote cmd end
1594259405:[SURF  ,0012]13 cmd(s) received
1594259430:[UPLOAD,0248]Upload data files...
1594259455:[UPLOAD,0231]"0067/5F06770A.MER" uploaded at 139bytes/s
1594259584:[UPLOAD,0231]"0067/5F065BB8.BIN" uploaded at 109bytes/s
1594259601:[MAIN  ,0013]2 file(s) uploaded
1594259634:[SURF  ,0014]disconnected after 348s
1594259639:[SURFIN,0020]filling external bladder
1594259647:[PUMP  ,0207]battery 15158mV,   18300uA (warmup), P    +90mbar
1594259647:[PUMP  ,0016]pump during 300000ms
1594259652:[PUMP  ,0212]battery 14778mV,  977342uA (steady state), P    +90mbar
1594259654:[SURFIN,0019]external bladder full
1594259654:[SURF  ,0227]1st complete transfer
1594259881:[SURF  ,0022]GPS fix...
1594259902:[SURF  ,0015]10 PPS detected...
1594259903:[MRMAID,0052]Mermaid $GPSACK:+0,+0,+0,+0,+0,+1,-999877;
1594259913:[MRMAID,0052]Mermaid $GPSOFF:3686340;
1594259914:[GPSFIX,0179]+0s diff
1594259914:[SURF  ,0222]2020-07-09T01:58:34
1594259914:[SURF  ,0082]Latitude : N43deg40.938mn, Longitude :E007deg19.176mn
1594259914:[SURF  ,0223]fix3D,9satellites
1594259914:[SURF  ,0084]GPS fix GPGSA : hdop0.640,vdop0.960
1594259924:[SURF  ,0025]Iridium...
1594259969:[SURF  ,0009]connected in 45s, signal quality 5
1594259997:[SURF  ,0218]prompt received, remote cmd end
1594259998:[SURF  ,0012]0 cmd(s) received
1594260024:[SURF  ,0014]disconnected after 100s
1594260029:[SURFIN,0020]filling external bladder
1594260032:[SURFIN,0019]external bladder full
1594260032:[SURF  ,0226]Go dive (Minimum surface delay expired and no more file to upload)
1594260048:[SURF  ,0022]GPS fix...
1594260068:[SURF  ,0015]10 PPS detected...
1594260069:[MRMAID,0052]Mermaid $GPSACK:+0,+0,+0,+0,+0,+0,+0;
1594260079:[MRMAID,0052]Mermaid $GPSOFF:3686340;
1594260080:[GPSFIX,0179]-1s diff
1594260081:[SURF  ,0222]2020-07-09T02:01:21
1594260081:[SURF  ,0082]Latitude : N43deg40.938mn, Longitude :E007deg19.176mn
1594260081:[SURF  ,0223]fix3D,9satellites
1594260081:[SURF  ,0084]GPS fix GPGSA : hdop0.620,vdop0.900
1594260098:[MAIN  ,0024]internal pressure 80254Pa
1594260099:[BYCMD ,0107]    FreeRTOS V8.2.3
1594260099:[BYCMD ,0108]    FatFS v11a
1594260099:[BYCMD ,0120]    bypass 10000ms 60000ms (20000ms 60000ms stored)
1594260099:[BYCMD ,0121]    valve 60000ms 12750 (0ms 3161 stored)
1594260099:[BYCMD ,0122]    pump 60000ms 30% 10750 80% (60000ms 30% 10750 80% stored)
1594260099:[BYCMD ,0123]    rate 2mbar/s (2mbar/s stored)
1594260099:[BYCMD ,0124]    surface 500mbar (500mbar stored)
1594260099:[BYCMD ,0125]    near 1500mbar 3mbar/s (15000mbar 3mbar/s stored)
1594260099:[BYCMD ,0126]    far 2500mbar 4mbar/s (25000mbar 4mbar/s stored)
1594260099:[BYCMD ,0127]    ascent 8mbar/s (8mbar/s stored)
1594260099:[BYCMD ,0128]    dead 60s (300s stored)
1594260099:[BYCMD ,0129]    coeff 16/10 (16/10 stored)
1594260099:[BYCMD ,0130]    stab 10 (10 stored)
1594260099:[BYCMD ,0131]    delay 900s 3600s (900s 3600s stored)
1594260099:[BYCMD ,0132]    mmtime 2880min (2880min stored)
1594260099:[BYCMD ,0133]    dv_landing 100ml (100ml stored)
1594260099:[MKDCMD,0150]    p2t37: 15x2000ms, offset 97mbar
1594260099:[P2TCMD,0151]    p2t37: dp 50mbar, dt 5000mdegC
1594260100:[STAGE ,0080]Stage [0] 5000mbar (+/-500mbar) 1800s (<1800s) 
1594260100:[STAGE ,0080]Stage [1] 5000mbar (+/-500mbar) 1800s (<3600s) 
1594260100:[MAIN  ,0070]turn off bluetooth
1594260102:[PRESS ,0038]P     -7mbar,T  +710mdegC
1594260104:[PRESS ,0038]P     +3mbar,T-26541mdegC
1594260108:[PRESS ,0038]P     -7mbar,T  +710mdegC
1594260110:[PRESS ,0038]P    -17mbar,T+11743mdegC
1594260113:[PRESS ,0038]P    -17mbar,T-26541mdegC
1594260115:[PRESS ,0038]P    -27mbar,T+11743mdegC
1594260117:[PRESS ,0038]P    -17mbar,T-26541mdegC
1594260119:[PRESS ,0038]P    -17mbar,T+11743mdegC
1594260120:[PRESS ,0038]P     -7mbar,T-26541mdegC
1594260124:[PRESS ,0038]P    -17mbar,T+11743mdegC
1594260126:[PRESS ,0038]P    -17mbar,T-26541mdegC
1594260128:[DIVING,0141]diving from -27mbar, -1mbar/s
1594260128:[BYPASS,0035]bypass opening 60000ms
1594260133:[BYPASS,0104]battery 15167mV,  250466uA (bypass opening), P    -27mbar
1594260198:[BYPASS,0106]battery 15163mV,  296704uA (bypass closing), P    -27mbar
1594260199:[PRESS ,0038]P   -117mbar,T+11743mdegC
1594260201:[PRESS ,0038]P   -127mbar,T-26541mdegC
1594260203:[PRESS ,0038]P   -117mbar,T+11743mdegC
1594260207:[PRESS ,0038]P   -117mbar,T  +710mdegC
1594260208:[PRESS ,0038]P   -117mbar,T-26541mdegC
1594260210:[PRESS ,0038]P   -117mbar,T  +710mdegC
1594260212:[PRESS ,0038]P   -107mbar,T-26541mdegC
1594260217:[PRESS ,0038]P   -137mbar,T+11743mdegC
1594260219:[PRESS ,0038]P   -117mbar,T-26541mdegC
1594260221:[PRESS ,0038]P   -127mbar,T+11743mdegC
1594260223:[PRESS ,0038]P   -117mbar,T-26541mdegC
1594260225:[BYPASS,0035]bypass opening 10000ms
1594260230:[BYPASS,0104]battery 15187mV,  249978uA (bypass opening), P   -117mbar
1594260245:[BYPASS,0106]battery 15165mV,  295240uA (bypass closing), P   -117mbar
1594260247:[PRESS ,0038]P   -147mbar,T+11743mdegC
1594260248:[PRESS ,0038]P   -127mbar,T  +710mdegC
1594260250:[PRESS ,0038]P   -127mbar,T+11743mdegC
1594260254:[PRESS ,0038]P   -127mbar,T-26541mdegC
1594260255:[PRESS ,0038]P   -137mbar,T+11743mdegC
1594260261:[PRESS ,0038]P   -137mbar,T-26541mdegC
1594260264:[PRESS ,0038]P   -127mbar,T+11743mdegC
1594260268:[PRESS ,0038]P   -147mbar,T-26541mdegC
1594260272:[BYPASS,0035]bypass opening 10000ms
1594260277:[BYPASS,0104]battery 15188mV,  247294uA (bypass opening), P   -137mbar
1594260292:[BYPASS,0106]battery 15166mV,  294264uA (bypass closing), P   -137mbar
1594260299:[PRESS ,0038]P   -127mbar,T+11743mdegC
1594260301:[PRESS ,0038]P   -117mbar,T-26541mdegC
1594260304:[PRESS ,0038]P   -127mbar,T+11743mdegC
1594260306:[PRESS ,0038]P   -127mbar,T  +710mdegC
1594260310:[PRESS ,0038]P   -117mbar,T-26541mdegC
1594260313:[PRESS ,0038]P   -127mbar,T+11743mdegC
1594260318:[PRESS ,0038]P   -117mbar,T-26541mdegC
1594260318:[BYPASS,0035]bypass opening 10000ms
1594260324:[BYPASS,0104]battery 15190mV,  250832uA (bypass opening), P   -117mbar
1594260339:[BYPASS,0106]battery 15167mV,  293410uA (bypass closing), P   -117mbar
1594260340:[PRESS ,0038]P   -117mbar,T+11743mdegC
1594260344:[PRESS ,0038]P   -117mbar,T-26541mdegC
1594260346:[PRESS ,0038]P   -127mbar,T+11743mdegC
1594260349:[PRESS ,0038]P   -127mbar,T  +710mdegC
1594260351:[PRESS ,0038]P   -117mbar,T-26541mdegC
1594260358:[PRESS ,0038]P   -127mbar,T+11743mdegC
1594260360:[PRESS ,0038]P   -117mbar,T-26541mdegC
1594260365:[BYPASS,0035]bypass opening 10000ms
1594260370:[BYPASS,0104]battery 15190mV,  247050uA (bypass opening), P   -127mbar
1594260386:[BYPASS,0106]battery 15168mV,  292678uA (bypass closing), P   -127mbar
1594260393:[PRESS ,0038]P   -107mbar,T+11743mdegC
1594260396:[PRESS ,0038]P   -117mbar,T-26541mdegC
1594260398:[PRESS ,0038]P   -117mbar,T  +710mdegC
1594260400:[PRESS ,0038]P   -117mbar,T+11743mdegC
1594260402:[PRESS ,0038]P   -117mbar,T-26541mdegC
1594260412:[BYPASS,0035]bypass opening 10000ms
1594260417:[BYPASS,0104]battery 15192mV,  249978uA (bypass opening), P   -117mbar
1594260432:[BYPASS,0106]battery 15170mV,  292068uA (bypass closing), P   -117mbar
1594260438:[PRESS ,0038]P   -107mbar,T+11743mdegC
1594260440:[PRESS ,0038]P   -107mbar,T-26541mdegC
1594260445:[PRESS ,0038]P    -97mbar,T+11743mdegC
1594260448:[PRESS ,0038]P   -107mbar,T-26541mdegC
1594260452:[PRESS ,0038]P    -97mbar,T+11743mdegC
1594260454:[PRESS ,0038]P   -117mbar,T-26541mdegC
1594260456:[PRESS ,0038]P   -117mbar,T+11743mdegC
1594260457:[PRESS ,0038]P   -117mbar,T-26541mdegC
1594260459:[PRESS ,0038]P   -117mbar,T  +710mdegC
1594260459:[BYPASS,0035]bypass opening 10000ms
1594260464:[BYPASS,0104]battery 15192mV,  244122uA (bypass opening), P   -117mbar
1594260479:[BYPASS,0106]battery 15172mV,  291458uA (bypass closing), P   -117mbar
1594260481:[PRESS ,0038]P   -107mbar,T-26541mdegC
1594260483:[PRESS ,0038]P   -107mbar,T+11743mdegC
1594260487:[PRESS ,0038]P   -107mbar,T  +710mdegC
1594260488:[PRESS ,0038]P   -117mbar,T-26541mdegC
1594260490:[PRESS ,0038]P   -107mbar,T  +710mdegC
1594260492:[PRESS ,0038]P   -107mbar,T+11743mdegC
1594260497:[PRESS ,0038]P   -107mbar,T-26541mdegC
1594260499:[PRESS ,0038]P   -117mbar,T+11743mdegC
1594260506:[PRESS ,0038]P   -107mbar,T-26541mdegC
1594260506:[BYPASS,0035]bypass opening 10000ms
1594260511:[BYPASS,0104]battery 15192mV,  241804uA (bypass opening), P   -107mbar
1594260526:[BYPASS,0106]battery 15173mV,  290848uA (bypass closing), P   -107mbar
1594260530:[PRESS ,0038]P   -107mbar,T+11743mdegC
1594260532:[PRESS ,0038]P    -87mbar,T-26541mdegC
1594260537:[PRESS ,0038]P   -107mbar,T+11743mdegC
1594260539:[PRESS ,0038]P    -97mbar,T-26541mdegC
1594260541:[PRESS ,0038]P   -107mbar,T+11743mdegC
1594260543:[PRESS ,0038]P    -97mbar,T-26541mdegC
1594260544:[PRESS ,0038]P    -97mbar,T+11743mdegC
1594260546:[PRESS ,0038]P    -97mbar,T-26541mdegC
1594260550:[PRESS ,0038]P    -97mbar,T  +710mdegC
1594260552:[PRESS ,0038]P   -107mbar,T+11743mdegC
1594260553:[PRESS ,0038]P    -97mbar,T-26541mdegC
1594260553:[BYPASS,0035]bypass opening 10000ms
1594260558:[BYPASS,0104]battery 15192mV,  242170uA (bypass opening), P    -97mbar
1594260573:[BYPASS,0106]battery 15175mV,  290238uA (bypass closing), P    -97mbar
1594260581:[PRESS ,0038]P    -67mbar,T+11743mdegC
1594260582:[PRESS ,0038]P    -47mbar,T-26541mdegC
1594260586:[PRESS ,0038]P    -47mbar,T+11743mdegC
1594260591:[PRESS ,0038]P    -27mbar,T-26541mdegC
1594260597:[PRESS ,0038]P     -7mbar,T+11743mdegC
1594260600:[PRESS ,0038]P     -7mbar,T-26541mdegC
1594260606:[PRESS ,0038]P    +23mbar,T+11743mdegC
1594260611:[PRESS ,0038]P    +33mbar,T-26541mdegC
1594260622:[PRESS ,0038]P    +63mbar,T+11743mdegC
1594260625:[PRESS ,0038]P    +83mbar,T-26541mdegC
1594260631:[PRESS ,0038]P   +113mbar,T+11743mdegC
1594260634:[PRESS ,0038]P   +113mbar,T-26541mdegC
1594260636:[PRESS ,0038]P   +123mbar,T  +710mdegC
1594260639:[PRESS ,0038]P   +133mbar,T-26541mdegC
1594260648:[PRESS ,0038]P   +163mbar,T+11743mdegC
1594260653:[PRESS ,0038]P   +173mbar,T-26541mdegC
1594260656:[PRESS ,0038]P   +193mbar,T  +710mdegC
1594260659:[PRESS ,0038]P   +203mbar,T-26541mdegC
1594260673:[PRESS ,0038]P   +263mbar,T-26541mdegC
1594260686:[PRESS ,0038]P   +323mbar,T-26541mdegC
1594260695:[PRESS ,0038]P   +373mbar,T+11743mdegC
1594260700:[PRESS ,0038]P   +403mbar,T-26541mdegC
1594260709:[PRESS ,0038]P   +453mbar,T+11743mdegC
1594260712:[PRESS ,0038]P   +463mbar,T-26541mdegC
1594260714:[PRESS ,0038]P   +463mbar,T  +710mdegC
1594260717:[PRESS ,0038]P   +473mbar,T-26541mdegC
1594260731:[PRESS ,0038]P   +503mbar,T+11743mdegC
1594260733:[PRESS ,0038]P   +513mbar,T-26541mdegC
1594260733:[DIVING,0028]513mbar reached (+3mbar/s), 9 bypass done
1594260733:[MAIN  ,0056]stage[0]
1594260736:[MAIN  ,0024]internal pressure 83565Pa
1594260736:[BUOY  ,0037]P   +523mbar
1594260736:[STAGE ,0080]Stage [0] 5000mbar (+/-500mbar) 1800s (<1594262533s) 
1594260799:[PRESS ,0038]P   +603mbar,T  +710mdegC
1594260801:[PRESS ,0038]P   +603mbar,T-26541mdegC
1594260802:[PRESS ,0038]P   +603mbar,T  +710mdegC
1594260804:[PRESS ,0038]P   +603mbar,T-26541mdegC
1594260810:[PRESS ,0038]P   +633mbar,T+11743mdegC
1594260811:[PRESS ,0038]P   +613mbar,T-26541mdegC
1594260815:[PRESS ,0038]P   +623mbar,T+27960mdegC
1594260817:[PRESS ,0038]P   +623mbar,T  +710mdegC
1594260819:[PRESS ,0038]P   +633mbar,T-26541mdegC
1594260820:[PRESS ,0038]P   +623mbar,T  +710mdegC
1594260822:[PRESS ,0038]P   +633mbar,T+11743mdegC
1594260824:[PRESS ,0038]P   +633mbar,T  +710mdegC
1594260824:[BUOY  ,0087]from +1mbar/s to +4mbar/s
1594260824:[BUOY  ,0090]need to transfer -24mL (valve during 12240ms)
1594260824:[VALVE ,0034]valve opening 12240ms
1594260836:[VALVE ,0234]battery 15163mV,  492758uA, P   +633mbar
1594260885:[PRESS ,0038]P   +823mbar,T  +710mdegC
1594260890:[PRESS ,0038]P   +833mbar,T+27960mdegC
1594260892:[PRESS ,0038]P   +843mbar,T-26541mdegC
1594260899:[PRESS ,0038]P   +883mbar,T+11743mdegC
1594260903:[PRESS ,0038]P   +893mbar,T  +710mdegC
1594260905:[PRESS ,0038]P   +893mbar,T-26541mdegC
1594260906:[PRESS ,0038]P   +903mbar,T  +710mdegC
1594260908:[PRESS ,0038]P   +913mbar,T-26541mdegC
1594260910:[PRESS ,0038]P   +923mbar,T+11743mdegC
1594260971:[PRESS ,0038]P  +1133mbar,T-26541mdegC
1594260974:[PRESS ,0038]P  +1133mbar,T  +710mdegC
1594260978:[PRESS ,0038]P  +1133mbar,T-26541mdegC
1594260980:[PRESS ,0038]P  +1143mbar,T  +710mdegC
1594260983:[PRESS ,0038]P  +1153mbar,T-26541mdegC
1594260985:[PRESS ,0038]P  +1163mbar,T  +710mdegC
1594260987:[PRESS ,0038]P  +1163mbar,T-26541mdegC
1594260989:[PRESS ,0038]P  +1173mbar,T+11743mdegC
1594260990:[PRESS ,0038]P  +1173mbar,T-26541mdegC
1594261056:[PRESS ,0038]P  +1353mbar,T-26541mdegC
1594261058:[PRESS ,0038]P  +1353mbar,T+11743mdegC
1594261060:[PRESS ,0038]P  +1363mbar,T-26541mdegC
1594261069:[PRESS ,0038]P  +1393mbar,T  +710mdegC
1594261071:[PRESS ,0038]P  +1403mbar,T-26541mdegC
1594261072:[PRESS ,0038]P  +1403mbar,T+11743mdegC
1594261074:[PRESS ,0038]P  +1413mbar,T  +710mdegC
1594261076:[PRESS ,0038]P  +1413mbar,T-10327mdegC
1594261078:[PRESS ,0038]P  +1413mbar,T-26541mdegC
1594261080:[PRESS ,0038]P  +1433mbar,T  +710mdegC
1594261081:[PRESS ,0038]P  +1433mbar,T-26541mdegC
1594261142:[PRESS ,0038]P  +1483mbar,T  +710mdegC
1594261144:[PRESS ,0038]P  +1483mbar,T-26541mdegC
1594261146:[PRESS ,0038]P  +1493mbar,T  +710mdegC
1594261148:[PRESS ,0038]P  +1483mbar,T-26541mdegC
1594261149:[PRESS ,0038]P  +1483mbar,T  +710mdegC
1594261151:[PRESS ,0038]P  +1513mbar,T-26541mdegC
1594261157:[PRESS ,0038]P  +1513mbar,T  +710mdegC
1594261160:[PRESS ,0038]P  +1523mbar,T-26541mdegC
1594261162:[PRESS ,0038]P  +1513mbar,T  +710mdegC
1594261164:[PRESS ,0038]P  +1513mbar,T-26541mdegC
1594261166:[PRESS ,0038]P  +1523mbar,T+11743mdegC
1594261167:[PRESS ,0038]P  +1523mbar,T-26541mdegC
1594261167:[BUOY  ,0087]from +2mbar/s to +4mbar/s
1594261167:[BUOY  ,0090]need to transfer -20mL (valve during 6538ms)
1594261167:[VALVE ,0034]valve opening 6538ms
1594261174:[VALVE ,0234]battery 15197mV,  493490uA, P  +1523mbar
1594261228:[PRESS ,0038]P  +1643mbar,T-26541mdegC
1594261232:[PRESS ,0038]P  +1643mbar,T  +710mdegC
1594261237:[PRESS ,0038]P  +1653mbar,T-26541mdegC
1594261239:[PRESS ,0038]P  +1663mbar,T  +710mdegC
1594261243:[PRESS ,0038]P  +1663mbar,T-26541mdegC
1594261248:[PRESS ,0038]P  +1673mbar,T+11743mdegC
1594261250:[PRESS ,0038]P  +1693mbar,T-26541mdegC
1594261251:[PRESS ,0038]P  +1693mbar,T+11743mdegC
1594261253:[PRESS ,0038]P  +1693mbar,T-26541mdegC
1594261253:[BUOY  ,0087]from +2mbar/s to +4mbar/s
1594261253:[BUOY  ,0090]need to transfer -20mL (valve during 6220ms)
1594261253:[VALVE ,0034]valve opening 6220ms
1594261260:[VALVE ,0234]battery 15195mV,  490928uA, P  +1693mbar
1594261314:[PRESS ,0038]P  +1843mbar,T-26541mdegC
1594261316:[PRESS ,0038]P  +1843mbar,T  +710mdegC
1594261320:[PRESS ,0038]P  +1853mbar,T+11743mdegC
1594261321:[PRESS ,0038]P  +1843mbar,T-26541mdegC
1594261323:[PRESS ,0038]P  +1863mbar,T  +710mdegC
1594261327:[PRESS ,0038]P  +1873mbar,T-26541mdegC
1594261334:[PRESS ,0038]P  +1893mbar,T+11743mdegC
1594261336:[PRESS ,0038]P  +1903mbar,T-15511mdegC
1594261337:[PRESS ,0038]P  +1893mbar,T-26541mdegC
1594261400:[PRESS ,0038]P  +2123mbar,T  +710mdegC
1594261402:[PRESS ,0038]P  +2143mbar,T-26541mdegC
1594261405:[PRESS ,0038]P  +2153mbar,T  +710mdegC
1594261409:[PRESS ,0038]P  +2153mbar,T-26541mdegC
1594261411:[PRESS ,0038]P  +2163mbar,T  +710mdegC
1594261414:[PRESS ,0038]P  +2193mbar,T+11743mdegC
1594261416:[PRESS ,0038]P  +2203mbar,T-26541mdegC
1594261418:[PRESS ,0038]P  +2223mbar,T  +710mdegC
1594261420:[PRESS ,0038]P  +2223mbar,T-26541mdegC
1594261425:[PRESS ,0038]P  +2243mbar,T  +710mdegC
1594261486:[PRESS ,0038]P  +2383mbar,T-26541mdegC
1594261487:[PRESS ,0038]P  +2393mbar,T+11743mdegC
1594261489:[PRESS ,0038]P  +2393mbar,T-26541mdegC
1594261491:[PRESS ,0038]P  +2393mbar,T  +710mdegC
1594261493:[PRESS ,0038]P  +2403mbar,T-26541mdegC
1594261495:[PRESS ,0038]P  +2403mbar,T+11743mdegC
1594261496:[PRESS ,0038]P  +2413mbar,T-26541mdegC
1594261502:[PRESS ,0038]P  +2433mbar,T  +710mdegC
1594261505:[PRESS ,0038]P  +2433mbar,T-26541mdegC
1594261507:[PRESS ,0038]P  +2433mbar,T  +710mdegC
1594261509:[PRESS ,0038]P  +2453mbar,T-26541mdegC
1594261571:[PRESS ,0038]P  +2643mbar,T-26541mdegC
1594261573:[PRESS ,0038]P  +2643mbar,T  +710mdegC
1594261575:[PRESS ,0038]P  +2643mbar,T-26541mdegC
1594261577:[PRESS ,0038]P  +2653mbar,T+11743mdegC
1594261579:[PRESS ,0038]P  +2663mbar,T  +710mdegC
1594261580:[PRESS ,0038]P  +2653mbar,T-26541mdegC
1594261582:[PRESS ,0038]P  +2673mbar,T  +710mdegC
1594261586:[PRESS ,0038]P  +2673mbar,T+11743mdegC
1594261588:[PRESS ,0038]P  +2673mbar,T-26541mdegC
1594261657:[PRESS ,0038]P  +2833mbar,T-26541mdegC
1594261664:[PRESS ,0038]P  +2843mbar,T+11743mdegC
1594261668:[PRESS ,0038]P  +2853mbar,T-26541mdegC
1594261682:[PRESS ,0038]P  +2903mbar,T+11743mdegC
1594261743:[PRESS ,0038]P  +3043mbar,T-26541mdegC
1594261745:[PRESS ,0038]P  +3043mbar,T+11743mdegC
1594261748:[PRESS ,0038]P  +3043mbar,T  +710mdegC
1594261750:[PRESS ,0038]P  +3053mbar,T-26541mdegC
1594261752:[PRESS ,0038]P  +3063mbar,T  +710mdegC
1594261754:[PRESS ,0038]P  +3063mbar,T+11743mdegC
1594261757:[PRESS ,0038]P  +3073mbar,T-26541mdegC
1594261761:[PRESS ,0038]P  +3073mbar,T+11743mdegC
1594261766:[PRESS ,0038]P  +3093mbar,T-26541mdegC
1594261768:[PRESS ,0038]P  +3093mbar,T+11743mdegC
1594261828:[PRESS ,0038]P  +3243mbar,T-26541mdegC
1594261830:[PRESS ,0038]P  +3243mbar,T  +710mdegC
1594261832:[PRESS ,0038]P  +3243mbar,T+11743mdegC
1594261834:[PRESS ,0038]P  +3243mbar,T-26541mdegC
1594261837:[PRESS ,0038]P  +3253mbar,T+11743mdegC
1594261841:[PRESS ,0038]P  +3263mbar,T-26541mdegC
1594261843:[PRESS ,0038]P  +3283mbar,T+11743mdegC
1594261846:[PRESS ,0038]P  +3273mbar,T-26541mdegC
1594261852:[PRESS ,0038]P  +3303mbar,T-15511mdegC
1594261914:[PRESS ,0038]P  +3483mbar,T-26541mdegC
1594261916:[PRESS ,0038]P  +3493mbar,T+11743mdegC
1594261921:[PRESS ,0038]P  +3503mbar,T-26541mdegC
1594261923:[PRESS ,0038]P  +3503mbar,T-15511mdegC
1594261925:[PRESS ,0038]P  +3513mbar,T-26541mdegC
1594261927:[PRESS ,0038]P  +3523mbar,T+11743mdegC
1594261929:[PRESS ,0038]P  +3523mbar,T-26541mdegC
1594261932:[PRESS ,0038]P  +3533mbar,T-15511mdegC
1594261934:[PRESS ,0038]P  +3533mbar,T-26541mdegC
1594261936:[PRESS ,0038]P  +3553mbar,T+11743mdegC
1594261938:[PRESS ,0038]P  +3553mbar,T-26541mdegC
1594262000:[PRESS ,0038]P  +3733mbar,T-26541mdegC
1594262004:[PRESS ,0038]P  +3753mbar,T+11743mdegC
1594262005:[PRESS ,0038]P  +3753mbar,T-26541mdegC
1594262011:[PRESS ,0038]P  +3773mbar,T+11743mdegC
1594262014:[PRESS ,0038]P  +3773mbar,T-26541mdegC
1594262016:[PRESS ,0038]P  +3783mbar,T+11743mdegC
1594262018:[PRESS ,0038]P  +3783mbar,T-26541mdegC
1594262020:[PRESS ,0038]P  +3793mbar,T+11743mdegC
1594262022:[PRESS ,0038]P  +3793mbar,T-26541mdegC
1594262023:[PRESS ,0038]P  +3793mbar,T+11743mdegC
1594262025:[PRESS ,0038]P  +3803mbar,T-26541mdegC
1594262086:[PRESS ,0038]P  +3953mbar,T+11743mdegC
1594262088:[PRESS ,0038]P  +3953mbar,T  +710mdegC
1594262089:[PRESS ,0038]P  +3963mbar,T+11743mdegC
1594262093:[PRESS ,0038]P  +3973mbar,T-26541mdegC
1594262097:[PRESS ,0038]P  +3993mbar,T+11743mdegC
1594262104:[PRESS ,0038]P  +4023mbar,T-15511mdegC
1594262106:[PRESS ,0038]P  +4013mbar,T+11743mdegC
1594262109:[PRESS ,0038]P  +4023mbar,T-15511mdegC
1594262172:[PRESS ,0038]P  +4143mbar,T+22770mdegC
1594262173:[PRESS ,0038]P  +4143mbar,T-26541mdegC
1594262175:[PRESS ,0038]P  +4143mbar,T-15511mdegC
1594262177:[PRESS ,0038]P  +4153mbar,T-26541mdegC
1594262181:[PRESS ,0038]P  +4143mbar,T+11743mdegC
1594262182:[PRESS ,0038]P  +4163mbar,T-15511mdegC
1594262188:[PRESS ,0038]P  +4163mbar,T+11743mdegC
1594262189:[PRESS ,0038]P  +4163mbar,T-15511mdegC
1594262193:[PRESS ,0038]P  +4173mbar,T+11743mdegC
1594262197:[PRESS ,0038]P  +4173mbar,T-15511mdegC
1594262257:[PRESS ,0038]P  +4273mbar,T-26541mdegC
1594262259:[PRESS ,0038]P  +4283mbar,T-15511mdegC
1594262261:[PRESS ,0038]P  +4283mbar,T+11743mdegC
1594262263:[PRESS ,0038]P  +4293mbar,T-26541mdegC
1594262265:[PRESS ,0038]P  +4293mbar,T+11743mdegC
1594262266:[PRESS ,0038]P  +4293mbar,T-26541mdegC
1594262268:[PRESS ,0038]P  +4313mbar,T+11743mdegC
1594262270:[PRESS ,0038]P  +4303mbar,T-15511mdegC
1594262274:[PRESS ,0038]P  +4313mbar,T+11743mdegC
1594262275:[PRESS ,0038]P  +4323mbar,T-15511mdegC
1594262277:[PRESS ,0038]P  +4323mbar,T+11743mdegC
1594262279:[PRESS ,0038]P  +4323mbar,T -4486mdegC
1594262281:[PRESS ,0038]P  +4333mbar,T+11743mdegC
1594262283:[PRESS ,0038]P  +4353mbar,T-15511mdegC
1594262343:[PRESS ,0038]P  +4413mbar,T+11743mdegC
1594262345:[PRESS ,0038]P  +4403mbar,T-26541mdegC
1594262347:[PRESS ,0038]P  +4413mbar,T+11743mdegC
1594262356:[PRESS ,0038]P  +4433mbar,T-15511mdegC
1594262358:[PRESS ,0038]P  +4433mbar,T+11743mdegC
1594262359:[PRESS ,0038]P  +4433mbar,T-15511mdegC
1594262361:[PRESS ,0038]P  +4433mbar,T+11743mdegC
1594262363:[PRESS ,0038]P  +4433mbar,T-15511mdegC
1594262365:[PRESS ,0038]P  +4433mbar,T+11743mdegC
1594262367:[PRESS ,0038]P  +4443mbar,T-26541mdegC
1594262368:[PRESS ,0038]P  +4453mbar,T-15511mdegC
1594262429:[PRESS ,0038]P  +4503mbar,T+11743mdegC
1594262431:[PRESS ,0038]P  +4503mbar,T-15511mdegC
1594262433:[PRESS ,0038]P  +4503mbar,T+11743mdegC
1594262434:[PRESS ,0038]P  +4493mbar,T-15511mdegC
1594262436:[PRESS ,0038]P  +4503mbar,T+11743mdegC
1594262438:[PRESS ,0038]P  +4513mbar,T-15511mdegC
1594262440:[PRESS ,0038]P  +4523mbar,T+11743mdegC
1594262442:[PRESS ,0038]P  +4513mbar,T+22770mdegC
1594262445:[PRESS ,0038]P  +4533mbar,T-15511mdegC
1594262447:[PRESS ,0038]P  +4533mbar,T+11743mdegC
1594262449:[PRESS ,0038]P  +4533mbar,T-15511mdegC
1594262451:[PRESS ,0038]P  +4533mbar,T+11743mdegC
1594262452:[PRESS ,0038]P  +4523mbar,T-15511mdegC
1594262454:[PRESS ,0038]P  +4543mbar,T+22770mdegC
1594262454:[STAGE ,0213]4543mbar reached at 1594262454s, ref 5000mbar +/-500mbar
1594262515:[PRESS ,0038]P  +4603mbar,T-15511mdegC
1594262576:[PRESS ,0038]P  +4653mbar,T+11743mdegC
1594262576:[MAIN  ,0140]stage[0] complete 1843s after mission start
1594262576:[MAIN  ,0056]stage[1]
1594262578:[MAIN  ,0024]internal pressure 82836Pa
1594262579:[BUOY  ,0037]P  +4653mbar
1594262579:[STAGE ,0080]Stage [1] 5000mbar (+/-500mbar) 1800s (<1594264333s) 
1594262581:[PRESS ,0038]P  +4663mbar,T-15511mdegC
1594262581:[STAGE ,0213]4663mbar reached at 1594262581s, ref 5000mbar +/-500mbar
1594262641:[PRESS ,0038]P  +4733mbar,T+11743mdegC
1594262702:[PRESS ,0038]P  +4753mbar,T-15511mdegC
1594262763:[PRESS ,0038]P  +4773mbar,T+11743mdegC
1594262823:[PRESS ,0038]P  +4893mbar,T+11743mdegC
1594262884:[PRESS ,0038]P  +4953mbar,T-15511mdegC
1594262945:[PRESS ,0038]P  +5013mbar,T-15511mdegC
1594262945:[BUOY  ,0087]from +1mbar/s to +0mbar/s
1594262945:[BUOY  ,0089]need to transfer +2mL (pump during 2391ms)
1594262953:[PUMP  ,0207]battery 15508mV,   18422uA (warmup), P  +5013mbar
1594262953:[PUMP  ,0016]pump during 2391ms
1594263009:[PRESS ,0038]P  +5123mbar,T+11743mdegC
1594263011:[PRESS ,0038]P  +5133mbar,T-15511mdegC
1594263012:[PRESS ,0038]P  +5133mbar,T+11743mdegC
1594263014:[PRESS ,0038]P  +5133mbar,T-15511mdegC
1594263018:[PRESS ,0038]P  +5143mbar,T+22770mdegC
1594263020:[PRESS ,0038]P  +5153mbar,T-15511mdegC
1594263021:[PRESS ,0038]P  +5163mbar,T+11743mdegC
1594263023:[PRESS ,0038]P  +5153mbar,T+22770mdegC
1594263025:[PRESS ,0038]P  +5153mbar,T-15511mdegC
1594263027:[PRESS ,0038]P  +5163mbar,T+11743mdegC
1594263029:[PRESS ,0038]P  +5163mbar,T-15511mdegC
1594263030:[PRESS ,0038]P  +5173mbar,T+22770mdegC
1594263032:[PRESS ,0038]P  +5173mbar,T-15511mdegC
1594263034:[BUOY  ,0087]from +2mbar/s to +0mbar/s
1594263034:[BUOY  ,0089]need to transfer +6mL (pump during 7174ms)
1594263042:[PUMP  ,0207]battery 15505mV,   18300uA (warmup), P  +5183mbar
1594263042:[PUMP  ,0016]pump during 7174ms
1594263049:[PUMP  ,0212]battery 15327mV,  328424uA (steady state), P  +5183mbar
1594263098:[PRESS ,0038]P  +5313mbar,T-15511mdegC
1594263103:[PRESS ,0038]P  +5313mbar,T+11743mdegC
1594263105:[PRESS ,0038]P  +5323mbar,T+22770mdegC
1594263107:[PRESS ,0038]P  +5323mbar,T-15511mdegC
1594263109:[PRESS ,0038]P  +5323mbar,T+22770mdegC
1594263111:[PRESS ,0038]P  +5323mbar,T-15511mdegC
1594263114:[PRESS ,0038]P  +5333mbar,T+22770mdegC
1594263116:[PRESS ,0038]P  +5333mbar,T+11743mdegC
1594263118:[PRESS ,0038]P  +5333mbar,T+22770mdegC
1594263120:[PRESS ,0038]P  +5343mbar,T-15511mdegC
1594263123:[BUOY  ,0087]from +2mbar/s to +0mbar/s
1594263123:[BUOY  ,0089]need to transfer +6mL (pump during 7176ms)
1594263131:[PUMP  ,0207]battery 15495mV,   18300uA (warmup), P  +5363mbar
1594263131:[PUMP  ,0016]pump during 7176ms
1594263138:[PUMP  ,0212]battery 15317mV,  331962uA (steady state), P  +5363mbar
1594263187:[PRESS ,0038]P  +5453mbar,T+22770mdegC
1594263189:[PRESS ,0038]P  +5473mbar,T+11743mdegC
1594263191:[PRESS ,0038]P  +5473mbar,T-15511mdegC
1594263198:[PRESS ,0038]P  +5483mbar,T+11743mdegC
1594263200:[PRESS ,0038]P  +5483mbar,T-15511mdegC
1594263203:[PRESS ,0038]P  +5493mbar,T+22770mdegC
1594263209:[PRESS ,0038]P  +5493mbar,T-15511mdegC
1594263210:[PRESS ,0038]P  +5503mbar,T+22770mdegC
1594263212:[PRESS ,0038]P  +5503mbar,T-15511mdegC
1594263212:<WARN>[BUOY  ,0094]stage[1] should ASCENT, stuck at 5503mbar for the #1 time
1594263212:[BUOY  ,0087]from +2mbar/s to -2mbar/s
1594263212:[BUOY  ,0089]need to transfer +12mL (pump during 14351ms)
1594263221:[PUMP  ,0207]battery 15486mV,   18300uA (warmup), P  +5503mbar
1594263221:[PUMP  ,0016]pump during 14351ms
1594263235:[PUMP  ,0212]battery 15306mV,  338672uA (steady state), P  +5503mbar
1594263278:[PRESS ,0038]P  +5563mbar,T+22770mdegC
1594263280:[PRESS ,0038]P  +5553mbar,T-15511mdegC
1594263282:[PRESS ,0038]P  +5543mbar,T+11743mdegC
1594263285:[PRESS ,0038]P  +5543mbar,T-15511mdegC
1594263287:[PRESS ,0038]P  +5543mbar,T+22770mdegC
1594263289:[PRESS ,0038]P  +5543mbar,T-15511mdegC
1594263294:[PRESS ,0038]P  +5543mbar,T+22770mdegC
1594263296:[PRESS ,0038]P  +5543mbar,T-15511mdegC
1594263298:[PRESS ,0038]P  +5533mbar,T -4486mdegC
1594263300:[PRESS ,0038]P  +5533mbar,T+22770mdegC
1594263301:[PRESS ,0038]P  +5543mbar,T-15511mdegC
1594263364:[PRESS ,0038]P  +5533mbar,T+11743mdegC
1594263366:[PRESS ,0038]P  +5533mbar,T+22770mdegC
1594263368:[PRESS ,0038]P  +5533mbar,T-15511mdegC
1594263376:[PRESS ,0038]P  +5533mbar,T+22770mdegC
1594263378:[PRESS ,0038]P  +5533mbar,T-15511mdegC
1594263382:[PRESS ,0038]P  +5533mbar,T+22770mdegC
1594263384:[PRESS ,0038]P  +5523mbar,T-15511mdegC
1594263387:[PRESS ,0038]P  +5523mbar,T+11743mdegC
1594263387:<WARN>[BUOY  ,0094]stage[1] should ASCENT, stuck at 5523mbar for the #1 time
1594263387:[BUOY  ,0087]from +0mbar/s to -2mbar/s
1594263387:[BUOY  ,0089]need to transfer +6mL (pump during 7176ms)
1594263395:[PUMP  ,0207]battery 15476mV,   18422uA (warmup), P  +5523mbar
1594263395:[PUMP  ,0016]pump during 7176ms
1594263403:[PUMP  ,0212]battery 15292mV,  342332uA (steady state), P  +5523mbar
1594263451:[PRESS ,0038]P  +5473mbar,T-15511mdegC
1594263462:[PRESS ,0038]P  +5453mbar,T+22770mdegC
1594263464:[PRESS ,0038]P  +5453mbar,T -4486mdegC
1594263465:[PRESS ,0038]P  +5443mbar,T-15511mdegC
1594263467:[PRESS ,0038]P  +5453mbar,T -4486mdegC
1594263469:[PRESS ,0038]P  +5443mbar,T-15511mdegC
1594263473:[PRESS ,0038]P  +5443mbar,T+11743mdegC
1594263474:[PRESS ,0038]P  +5433mbar,T+22770mdegC
1594263476:[PRESS ,0038]P  +5433mbar,T-15511mdegC
1594263598:[PRESS ,0038]P  +5343mbar,T-15511mdegC
1594263719:[PRESS ,0038]P  +5233mbar,T-15511mdegC
1594263780:[PRESS ,0038]P  +5153mbar,T+22770mdegC
1594263901:[PRESS ,0038]P  +5063mbar,T-15511mdegC
1594263962:[PRESS ,0038]P  +4983mbar,T+22770mdegC
1594263962:[BUOY  ,0087]from -1mbar/s to +0mbar/s
1594263962:[BUOY  ,0090]need to transfer -2mL (valve during 364ms)
1594263962:[VALVE ,0034]valve opening 364ms
1594264022:[PRESS ,0038]P  +4913mbar,T-15511mdegC
1594264024:[PRESS ,0038]P  +4913mbar,T+22770mdegC
1594264026:[PRESS ,0038]P  +4913mbar,T-15511mdegC
1594264028:[PRESS ,0038]P  +4913mbar,T -4486mdegC
1594264030:[PRESS ,0038]P  +4903mbar,T+22770mdegC
1594264040:[PRESS ,0038]P  +4903mbar,T -4486mdegC
1594264042:[PRESS ,0038]P  +4893mbar,T+22770mdegC
1594264046:[PRESS ,0038]P  +4893mbar,T -4486mdegC
1594264047:[BUOY  ,0087]from -1mbar/s to +0mbar/s
1594264048:[BUOY  ,0090]need to transfer -2mL (valve during 370ms)
1594264048:[VALVE ,0034]valve opening 370ms
1594264108:[PRESS ,0038]P  +4853mbar,T-15511mdegC
1594264110:[PRESS ,0038]P  +4843mbar,T+22770mdegC
1594264112:[PRESS ,0038]P  +4853mbar,T+11743mdegC
1594264114:[PRESS ,0038]P  +4863mbar,T+22770mdegC
1594264115:[PRESS ,0038]P  +4853mbar,T -4486mdegC
1594264117:[PRESS ,0038]P  +4853mbar,T+22770mdegC
1594264121:[PRESS ,0038]P  +4853mbar,T -4486mdegC
1594264123:[PRESS ,0038]P  +4843mbar,T-15511mdegC
1594264124:[PRESS ,0038]P  +4853mbar,T+22770mdegC
1594264128:[PRESS ,0038]P  +4853mbar,T-15511mdegC
1594264132:[PRESS ,0038]P  +4843mbar,T+22770mdegC
1594264133:[BUOY  ,0087]from -1mbar/s to +0mbar/s
1594264133:[BUOY  ,0090]need to transfer -2mL (valve during 370ms)
1594264133:[VALVE ,0034]valve opening 370ms
1594264198:[PRESS ,0038]P  +4843mbar,T-15511mdegC
1594264199:[PRESS ,0038]P  +4843mbar,T+22770mdegC
1594264201:[PRESS ,0038]P  +4843mbar,T+11743mdegC
1594264203:[PRESS ,0038]P  +4843mbar,T-15511mdegC
1594264205:[PRESS ,0038]P  +4843mbar,T+22770mdegC
1594264212:[PRESS ,0038]P  +4853mbar,T -4486mdegC
1594264216:[PRESS ,0038]P  +4853mbar,T+22770mdegC
1594264219:[PRESS ,0038]P  +4863mbar,T -4486mdegC
1594264280:[PRESS ,0038]P  +4843mbar,T-15511mdegC
1594264341:[PRESS ,0038]P  +4813mbar,T+22770mdegC
1594264341:[MAIN  ,0140]stage[1] complete 3608s after mission start
1594264341:[MRMAID,0188]acq already stopped
1594264401:[MSSION,0192]mission stopped, 2 stage(s) done
1594264401:[MAIN  ,0065]surfacing
1594264403:[PRESS ,0038]P  +4793mbar,T-15511mdegC
1594264403:[SURFIN,0036]P  +4793mbar
1594264411:[PUMP  ,0207]battery 15506mV,   18422uA (warmup), P  +4793mbar
1594264411:[PUMP  ,0016]pump during 60000ms
1594264470:[PUMP  ,0212]battery 15321mV,  342088uA (steady state), P  +4793mbar
1594264528:[PRESS ,0038]P  +4543mbar,T-15511mdegC
1594264530:[PRESS ,0038]P  +4543mbar,T+22770mdegC
1594264531:[PRESS ,0038]P  +4523mbar,T-15511mdegC
1594264537:[PRESS ,0038]P  +4513mbar,T+22770mdegC
1594264538:[PRESS ,0038]P  +4513mbar,T-15511mdegC
1594264540:[PRESS ,0038]P  +4513mbar,T+22770mdegC
1594264547:[PRESS ,0038]P  +4493mbar,T -4486mdegC
1594264549:[PRESS ,0038]P  +4483mbar,T+22770mdegC
1594264561:[PUMP  ,0207]battery 15421mV,   18422uA (warmup), P  +4483mbar
1594264561:[PUMP  ,0016]pump during 60000ms
1594264620:[PUMP  ,0212]battery 15242mV,  331718uA (steady state), P  +4483mbar
1594264678:[PRESS ,0038]P  +4093mbar,T+22770mdegC
1594264681:[PRESS ,0038]P  +4073mbar,T-15511mdegC
1594264683:[PRESS ,0038]P  +4053mbar,T+22770mdegC
1594264692:[PRESS ,0038]P  +4013mbar,T -4486mdegC
1594264694:[PRESS ,0038]P  +4003mbar,T+22770mdegC
1594264695:[PRESS ,0038]P  +3993mbar,T -4486mdegC
1594264697:[PRESS ,0038]P  +3993mbar,T+22770mdegC
1594264711:[PUMP  ,0207]battery 15361mV,   18422uA (warmup), P  +3973mbar
1594264711:[PUMP  ,0016]pump during 60000ms
1594264770:[PUMP  ,0212]battery 15183mV,  331474uA (steady state), P  +3973mbar
1594264827:[PRESS ,0038]P  +3123mbar,T-15511mdegC
1594264831:[PRESS ,0038]P  +3093mbar,T+22770mdegC
1594264833:[PRESS ,0038]P  +3083mbar,T-15511mdegC
1594264835:[PRESS ,0038]P  +3073mbar,T+22770mdegC
1594264840:[PRESS ,0038]P  +3033mbar,T -4486mdegC
1594264843:[PRESS ,0038]P  +3013mbar,T+22770mdegC
1594264847:[PRESS ,0038]P  +2983mbar,T -4486mdegC
1594264861:[PUMP  ,0207]battery 15320mV,   18422uA (warmup), P  +2943mbar
1594264861:[PUMP  ,0016]pump during 60000ms
1594264920:[PUMP  ,0212]battery 15148mV,  319274uA (steady state), P  +2943mbar
1594264977:[PRESS ,0038]P  +2073mbar,T+22770mdegC
1594264983:[PRESS ,0038]P  +2043mbar,T-15511mdegC
1594264984:[PRESS ,0038]P  +2023mbar,T+22770mdegC
1594264990:[PRESS ,0038]P  +1983mbar,T -4486mdegC
1594264999:[PRESS ,0038]P  +1923mbar,T -4486mdegC
1594265002:[PRESS ,0038]P  +1893mbar,T+22770mdegC
1594265010:[PUMP  ,0207]battery 15295mV,   18422uA (warmup), P  +1893mbar
1594265010:[PUMP  ,0016]pump during 60000ms
1594265069:[PUMP  ,0212]battery 15123mV,  316102uA (steady state), P  +1893mbar
1594265127:[PRESS ,0038]P   +993mbar,T+22770mdegC
1594265129:[PRESS ,0038]P   +993mbar,T-15511mdegC
1594265132:[PRESS ,0038]P   +963mbar,T+22770mdegC
1594265134:[PRESS ,0038]P   +953mbar,T-15511mdegC
1594265136:[PRESS ,0038]P   +943mbar,T -4486mdegC
1594265138:[PRESS ,0038]P   +933mbar,T+22770mdegC
1594265140:[PRESS ,0038]P   +923mbar,T -4486mdegC
1594265141:[PRESS ,0038]P   +913mbar,T-15511mdegC
1594265143:[PRESS ,0038]P   +903mbar,T+22770mdegC
1594265145:[PRESS ,0038]P   +893mbar,T-31744mdegC
1594265147:[PRESS ,0038]P   +883mbar,T -4486mdegC
1594265149:[PRESS ,0038]P   +873mbar,T+22770mdegC
1594265150:[PRESS ,0038]P   +863mbar,T -4486mdegC
1594265152:[PRESS ,0038]P   +823mbar,T+22770mdegC
1594265160:[PUMP  ,0207]battery 15278mV,   18544uA (warmup), P   +823mbar
1594265160:[PUMP  ,0016]pump during 60000ms
1594265219:[PUMP  ,0212]battery 15110mV,  311954uA (steady state), P   +823mbar
1594265277:[PRESS ,0038]P   +133mbar,T-15511mdegC
1594265279:[PRESS ,0038]P   +103mbar,T+22770mdegC
1594265282:[PRESS ,0038]P    +93mbar,T-15511mdegC
1594265286:[PRESS ,0038]P    +73mbar,T -4486mdegC
1594265288:[PRESS ,0038]P    +53mbar,T-15511mdegC
1594265290:[PRESS ,0038]P    +53mbar,T -4486mdegC
1594265291:[PRESS ,0038]P    +33mbar,T+22770mdegC
1594265293:[PRESS ,0038]P    +13mbar,T -4486mdegC
1594265297:[PRESS ,0038]P     -7mbar,T+22770mdegC
1594265299:[PRESS ,0038]P    -27mbar,T -4486mdegC
1594265302:[PRESS ,0038]P    -37mbar,T+22770mdegC
1594265306:[PRESS ,0038]P    -67mbar,T -4486mdegC
1594265306:[SURFIN,0020]filling external bladder
1594265314:[PUMP  ,0207]battery 15271mV,   18544uA (warmup), P    -67mbar
1594265314:[PUMP  ,0016]pump during 300000ms
1594265612:[PUMP  ,0212]battery 14858mV, 1015406uA (steady state), P    -67mbar
1594265624:[PUMP  ,0207]battery 14800mV,   18788uA (warmup), P    -67mbar
1594265624:[PUMP  ,0016]pump during 300000ms
1594265734:[PUMP  ,0212]battery 14473mV,  952820uA (steady state), P    -67mbar
1594265736:[SURFIN,0019]external bladder full
1594265737:[PRESS ,0038]P   +100mbar,T-15511mdegC
1594265739:[PRESS ,0038]P   +100mbar,T+11743mdegC
1594265741:[PRESS ,0038]P   +100mbar,T-15511mdegC
1594265753:[PRESS ,0038]P   +100mbar,T+22770mdegC
1594265755:[PRESS ,0038]P   +100mbar,T-15511mdegC
1594265757:[PRESS ,0038]P    +90mbar,T+11743mdegC
1594265759:[PRESS ,0038]P    +90mbar,T-15511mdegC
1594265761:[PRESS ,0038]P   +110mbar,T+11743mdegC
1594265762:[PRESS ,0038]P   +100mbar,T-15511mdegC
1594265798:[MAIN  ,0272]Vbat 15007mV (min 14937mV)
1594265801:[MAIN  ,0024]internal pressure 79902Pa
1594265801:[MAIN  ,0043]Pext 99mbar (rng 30mbar)
1594265801:[MAIN  ,0064]surface
1594265815:[SURF  ,0022]GPS fix...
1594265836:[SURF  ,0015]10 PPS detected...
1594265837:[MRMAID,0052]Mermaid $GPSACK:+0,+0,+0,+0,+0,+0,-366;
1594265847:[MRMAID,0052]Mermaid $GPSOFF:3686341;
1594265849:[GPSFIX,0179]+0s diff
1594265849:[SURF  ,0222]2020-07-09T03:37:29
1594265849:[SURF  ,0082]Latitude : N43deg40.939mn, Longitude :E007deg19.176mn
1594265849:[SURF  ,0223]fix3D,10satellites
1594265849:[SURF  ,0084]GPS fix GPGSA : hdop0.650,vdop1.040
1594265859:[SURF  ,0274]last almanac : 62668
1594265872:[MRMAID,0026]1564 bytes in 0067/5F069108.MER
1594265877:[MAIN  ,0320]New pressure offset: 99mbar
1594265877:[LOGBIN,0078]*** switching to 0067/5F069115 ***
