1594332305:[MAIN  ,0007]buoy 452.120-R-0068
1594332305:[MAIN  ,0055]soft pilotage 452.012.300_V2.21-20200701
1594332305:[MAIN  ,0010]cycle 7
1594332305:[SURF  ,0225]surface2
1594332321:[SURF  ,0022]GPS fix...
1594332341:[SURF  ,0015]10 PPS detected...
1594332342:[MRMAID,0052]Mermaid $GPSACK:+0,+0,+0,+0,+0,+0,+0;
1594332352:[MRMAID,0052]Mermaid $GPSOFF:3686343;
1594332353:[GPSFIX,0179]-1s diff
1594332354:[SURF  ,0222]2020-07-09T22:05:54
1594332354:[SURF  ,0082]Latitude : N43deg40.939mn, Longitude :E007deg19.177mn
1594332354:[SURF  ,0223]fix3D,8satellites
1594332354:[SURF  ,0084]GPS fix GPGSA : hdop0.750,vdop1.030
1594332364:[SURF  ,0025]Iridium...
1594332408:[SURF  ,0009]connected in 44s, signal quality 5
1594332452:<WARN>[SURF  ,0071]timeout
1594332452:<WARN>[SURF  ,0056]peer mute
1594332458:[SURF  ,0014]disconnected after 94s
1594332463:[SURFIN,0020]filling external bladder
1594332471:[PUMP  ,0207]battery 15170mV,   18300uA (warmup), P    +60mbar
1594332471:[PUMP  ,0016]pump during 300000ms
1594332479:[PUMP  ,0212]battery 14787mV,  975756uA (steady state), P    +60mbar
1594332481:[SURFIN,0019]external bladder full
1594332481:[SURF  ,0069]transfer interrupted , retry
1594332493:[SURF  ,0022]GPS fix...
1594332513:[SURF  ,0015]10 PPS detected...
1594332514:[MRMAID,0052]Mermaid $GPSACK:+0,+0,+0,+0,+0,+0,-30;
1594332524:[MRMAID,0052]Mermaid $GPSOFF:3686343;
1594332525:[GPSFIX,0179]-1s diff
1594332526:[SURF  ,0222]2020-07-09T22:08:46
1594332526:[SURF  ,0082]Latitude : N43deg40.939mn, Longitude :E007deg19.177mn
1594332526:[SURF  ,0223]fix3D,8satellites
1594332526:[SURF  ,0084]GPS fix GPGSA : hdop0.640,vdop0.880
1594332536:[SURF  ,0025]Iridium...
1594332581:[SURF  ,0009]connected in 45s, signal quality 5
1594332658:[SURF  ,0218]prompt received, remote cmd end
1594332658:[SURF  ,0012]13 cmd(s) received
1594332679:[UPLOAD,0248]Upload data files...
1594332703:[UPLOAD,0231]"0068/5F079484.MER" uploaded at 97bytes/s
1594332853:[UPLOAD,0231]"0068/5F077A75.BIN" uploaded at 90bytes/s
1594332870:[MAIN  ,0013]2 file(s) uploaded
1594332903:[SURF  ,0014]disconnected after 367s
1594332908:[SURFIN,0020]filling external bladder
1594332911:[SURFIN,0019]external bladder full
1594332911:[SURF  ,0227]1st complete transfer
1594333114:[SURF  ,0022]GPS fix...
1594333134:[SURF  ,0015]10 PPS detected...
1594333135:[MRMAID,0052]Mermaid $GPSACK:+0,+0,+0,+0,+0,+0,+0;
1594333145:[MRMAID,0052]Mermaid $GPSOFF:3686342;
1594333147:[GPSFIX,0179]+0s diff
1594333147:[SURF  ,0222]2020-07-09T22:19:07
1594333147:[SURF  ,0082]Latitude : N43deg40.938mn, Longitude :E007deg19.179mn
1594333147:[SURF  ,0223]fix3D,8satellites
1594333147:[SURF  ,0084]GPS fix GPGSA : hdop0.640,vdop0.840
1594333157:[SURF  ,0025]Iridium...
1594333298:[SURF  ,0009]connected in 141s, signal quality 5
1594333365:[SURF  ,0218]prompt received, remote cmd end
1594333365:[SURF  ,0012]13 cmd(s) received
1594333407:[SURF  ,0014]disconnected after 250s
1594333412:[SURFIN,0020]filling external bladder
1594333415:[SURFIN,0019]external bladder full
1594333415:[SURF  ,0226]Go dive (Minimum surface delay expired and no more file to upload)
1594333429:[SURF  ,0022]GPS fix...
1594333450:[SURF  ,0015]10 PPS detected...
1594333451:[MRMAID,0052]Mermaid $GPSACK:+0,+0,+0,+0,+0,+0,-61;
1594333461:[MRMAID,0052]Mermaid $GPSOFF:3686342;
1594333462:[GPSFIX,0179]-1s diff
1594333463:[SURF  ,0222]2020-07-09T22:24:23
1594333463:[SURF  ,0082]Latitude : N43deg40.938mn, Longitude :E007deg19.179mn
1594333463:[SURF  ,0223]fix3D,8satellites
1594333463:[SURF  ,0084]GPS fix GPGSA : hdop0.640,vdop0.810
1594333480:[MAIN  ,0024]internal pressure 80069Pa
1594333481:[BYCMD ,0107]    FreeRTOS V8.2.3
1594333481:[BYCMD ,0108]    FatFS v11a
1594333481:[BYCMD ,0120]    bypass 10000ms 60000ms (20000ms 60000ms stored)
1594333481:[BYCMD ,0121]    valve 60000ms 12750 (60000ms 12750 stored)
1594333481:[BYCMD ,0122]    pump 60000ms 30% 10750 80% (60000ms 30% 10750 80% stored)
1594333481:[BYCMD ,0123]    rate 2mbar/s (2mbar/s stored)
1594333481:[BYCMD ,0124]    surface 500mbar (500mbar stored)
1594333481:[BYCMD ,0125]    near 1500mbar 3mbar/s (15000mbar 3mbar/s stored)
1594333481:[BYCMD ,0126]    far 2500mbar 4mbar/s (25000mbar 4mbar/s stored)
1594333481:[BYCMD ,0127]    ascent 8mbar/s (8mbar/s stored)
1594333481:[BYCMD ,0128]    dead 60s (300s stored)
1594333481:[BYCMD ,0129]    coeff 16/10 (16/10 stored)
1594333481:[BYCMD ,0130]    stab 10 (10 stored)
1594333481:[BYCMD ,0131]    delay 900s 3600s (900s 3600s stored)
1594333481:[BYCMD ,0132]    mmtime 2880min (2880min stored)
1594333481:[BYCMD ,0133]    dv_landing 100ml (100ml stored)
1594333481:[MKDCMD,0150]    p2t37: 15x2000ms, offset 65mbar
1594333481:[P2TCMD,0151]    p2t37: dp 50mbar, dt 5000mdegC
1594333482:[STAGE ,0080]Stage [0] 5000mbar (+/-500mbar) 1800s (<1800s) 
1594333482:[STAGE ,0080]Stage [1] 5000mbar (+/-500mbar) 1800s (<3600s) 
1594333482:[MAIN  ,0070]turn off bluetooth
1594333484:[PRESS ,0038]P    -15mbar,T+27960mdegC
1594333486:[PRESS ,0038]P     -5mbar,T+16920mdegC
1594333490:[PRESS ,0038]P    -15mbar,T-10327mdegC
1594333495:[PRESS ,0038]P    -15mbar,T+27960mdegC
1594333500:[PRESS ,0038]P    -15mbar,T-10327mdegC
1594333502:[PRESS ,0038]P    -15mbar,T+27960mdegC
1594333504:[PRESS ,0038]P    -15mbar,T  +710mdegC
1594333506:[PRESS ,0038]P    -15mbar,T-10327mdegC
1594333508:[PRESS ,0038]P    -15mbar,T+27960mdegC
1594333509:[PRESS ,0038]P     -5mbar,T-10327mdegC
1594333510:[DIVING,0141]diving from -5mbar, +0mbar/s
1594333510:[BYPASS,0035]bypass opening 60000ms
1594333515:[BYPASS,0104]battery 15132mV,  259982uA (bypass opening), P     -5mbar
1594333580:[BYPASS,0106]battery 15138mV,  295362uA (bypass closing), P     -5mbar
1594333581:[PRESS ,0038]P   -125mbar,T+16920mdegC
1594333583:[PRESS ,0038]P   -125mbar,T-10327mdegC
1594333587:[PRESS ,0038]P   -115mbar,T+27960mdegC
1594333590:[PRESS ,0038]P   -115mbar,T  +710mdegC
1594333594:[PRESS ,0038]P   -115mbar,T+27960mdegC
1594333596:[PRESS ,0038]P   -115mbar,T-10327mdegC
1594333597:[PRESS ,0038]P   -125mbar,T+16920mdegC
1594333599:[PRESS ,0038]P   -115mbar,T+27960mdegC
1594333605:[PRESS ,0038]P   -105mbar,T  +710mdegC
1594333606:[PRESS ,0038]P    -95mbar,T-10327mdegC
1594333606:[BYPASS,0035]bypass opening 10000ms
1594333612:[BYPASS,0104]battery 15158mV,  259616uA (bypass opening), P    -95mbar
1594333627:[BYPASS,0106]battery 15141mV,  293898uA (bypass closing), P    -95mbar
1594333628:[PRESS ,0038]P   -135mbar,T+27960mdegC
1594333630:[PRESS ,0038]P   -125mbar,T  +710mdegC
1594333634:[PRESS ,0038]P   -135mbar,T+27960mdegC
1594333637:[PRESS ,0038]P   -135mbar,T  +710mdegC
1594333641:[PRESS ,0038]P   -125mbar,T+27960mdegC
1594333644:[PRESS ,0038]P   -125mbar,T-10327mdegC
1594333646:[PRESS ,0038]P   -125mbar,T+27960mdegC
1594333652:[PRESS ,0038]P   -125mbar,T-10327mdegC
1594333653:[BYPASS,0035]bypass opening 10000ms
1594333659:[BYPASS,0104]battery 15158mV,  258640uA (bypass opening), P   -125mbar
1594333674:[BYPASS,0106]battery 15143mV,  292922uA (bypass closing), P   -125mbar
1594333675:[PRESS ,0038]P   -105mbar,T+27960mdegC
1594333677:[PRESS ,0038]P   -135mbar,T-10327mdegC
1594333679:[PRESS ,0038]P   -115mbar,T+27960mdegC
1594333683:[PRESS ,0038]P   -115mbar,T-10327mdegC
1594333688:[PRESS ,0038]P   -125mbar,T+27960mdegC
1594333690:[PRESS ,0038]P   -125mbar,T-10327mdegC
1594333692:[PRESS ,0038]P   -115mbar,T+27960mdegC
1594333695:[PRESS ,0038]P   -115mbar,T-10327mdegC
1594333700:[PRESS ,0038]P   -105mbar,T+27960mdegC
1594333700:[BYPASS,0035]bypass opening 10000ms
1594333706:[BYPASS,0104]battery 15160mV,  261202uA (bypass opening), P   -105mbar
1594333721:[BYPASS,0106]battery 15145mV,  292190uA (bypass closing), P   -105mbar
1594333724:[PRESS ,0038]P   -105mbar,T-10327mdegC
1594333726:[PRESS ,0038]P    -95mbar,T+27960mdegC
1594333735:[PRESS ,0038]P   -105mbar,T  +710mdegC
1594333737:[PRESS ,0038]P   -115mbar,T+27960mdegC
1594333742:[PRESS ,0038]P   -105mbar,T-10327mdegC
1594333746:[PRESS ,0038]P   -115mbar,T+27960mdegC
1594333747:[PRESS ,0038]P   -105mbar,T-10327mdegC
1594333747:[BYPASS,0035]bypass opening 10000ms
1594333752:[BYPASS,0104]battery 15162mV,  259128uA (bypass opening), P   -105mbar
1594333768:[BYPASS,0106]battery 15147mV,  291458uA (bypass closing), P   -105mbar
1594333769:[PRESS ,0038]P    -95mbar,T+27960mdegC
1594333771:[PRESS ,0038]P   -105mbar,T  +710mdegC
1594333773:[PRESS ,0038]P    -95mbar,T+27960mdegC
1594333780:[PRESS ,0038]P   -105mbar,T  +710mdegC
1594333782:[PRESS ,0038]P   -115mbar,T+27960mdegC
1594333784:[PRESS ,0038]P   -105mbar,T-10327mdegC
1594333787:[PRESS ,0038]P   -105mbar,T+27960mdegC
1594333791:[PRESS ,0038]P   -105mbar,T-10327mdegC
1594333793:[PRESS ,0038]P   -105mbar,T+27960mdegC
1594333794:[BYPASS,0035]bypass opening 10000ms
1594333799:[BYPASS,0104]battery 15163mV,  260470uA (bypass opening), P   -105mbar
1594333815:[BYPASS,0106]battery 15150mV,  290848uA (bypass closing), P   -105mbar
1594333816:[PRESS ,0038]P    -95mbar,T-10327mdegC
1594333818:[PRESS ,0038]P   -105mbar,T+27960mdegC
1594333820:[PRESS ,0038]P    -95mbar,T-10327mdegC
1594333822:[PRESS ,0038]P    -95mbar,T+27960mdegC
1594333824:[PRESS ,0038]P    -85mbar,T-10327mdegC
1594333825:[PRESS ,0038]P    -95mbar,T+27960mdegC
1594333827:[PRESS ,0038]P    -95mbar,T-10327mdegC
1594333829:[PRESS ,0038]P    -95mbar,T  +710mdegC
1594333831:[PRESS ,0038]P    -85mbar,T-10327mdegC
1594333833:[PRESS ,0038]P    -85mbar,T+27960mdegC
1594333841:[BYPASS,0035]bypass opening 10000ms
1594333847:[BYPASS,0104]battery 15165mV,  259860uA (bypass opening), P    -95mbar
1594333862:[BYPASS,0106]battery 15151mV,  290238uA (bypass closing), P    -95mbar
1594333863:[PRESS ,0038]P   -105mbar,T-10327mdegC
1594333869:[PRESS ,0038]P    -95mbar,T+27960mdegC
1594333872:[PRESS ,0038]P    -95mbar,T  +710mdegC
1594333874:[PRESS ,0038]P   -105mbar,T+27960mdegC
1594333876:[PRESS ,0038]P    -95mbar,T-10327mdegC
1594333878:[PRESS ,0038]P    -95mbar,T+27960mdegC
1594333881:[PRESS ,0038]P    -95mbar,T-10327mdegC
1594333883:[PRESS ,0038]P    -95mbar,T+27960mdegC
1594333887:[PRESS ,0038]P    -95mbar,T-10327mdegC
1594333888:[BYPASS,0035]bypass opening 10000ms
1594333894:[BYPASS,0104]battery 15167mV,  256566uA (bypass opening), P    -95mbar
1594333909:[BYPASS,0106]battery 15153mV,  289750uA (bypass closing), P    -95mbar
1594333910:[PRESS ,0038]P    -75mbar,T+27960mdegC
1594333919:[PRESS ,0038]P    -75mbar,T  +710mdegC
1594333921:[PRESS ,0038]P    -85mbar,T-10327mdegC
1594333923:[PRESS ,0038]P    -85mbar,T+27960mdegC
1594333925:[PRESS ,0038]P    -85mbar,T-10327mdegC
1594333926:[PRESS ,0038]P    -85mbar,T+27960mdegC
1594333928:[PRESS ,0038]P    -75mbar,T  +710mdegC
1594333930:[PRESS ,0038]P    -85mbar,T-10327mdegC
1594333932:[PRESS ,0038]P    -85mbar,T+16920mdegC
1594333935:[PRESS ,0038]P    -85mbar,T+27960mdegC
1594333936:[BYPASS,0035]bypass opening 10000ms
1594333941:[BYPASS,0104]battery 15170mV,  259494uA (bypass opening), P    -85mbar
1594333956:[BYPASS,0106]battery 15155mV,  289018uA (bypass closing), P    -85mbar
1594333957:[PRESS ,0038]P    -55mbar,T-10327mdegC
1594333959:[PRESS ,0038]P    -45mbar,T+27960mdegC
1594333963:[PRESS ,0038]P    -35mbar,T-10327mdegC
1594333970:[PRESS ,0038]P     -5mbar,T+27960mdegC
1594333972:[PRESS ,0038]P     -5mbar,T+16920mdegC
1594333974:[PRESS ,0038]P     +5mbar,T-10327mdegC
1594333975:[PRESS ,0038]P    +15mbar,T+27960mdegC
1594333981:[PRESS ,0038]P    +35mbar,T-10327mdegC
1594333982:[PRESS ,0038]P    +35mbar,T+27960mdegC
1594333985:[PRESS ,0038]P    +45mbar,T-10327mdegC
1594333988:[PRESS ,0038]P    +55mbar,T  +710mdegC
1594333991:[PRESS ,0038]P    +75mbar,T-10327mdegC
1594333999:[PRESS ,0038]P   +125mbar,T+27960mdegC
1594334002:[PRESS ,0038]P   +135mbar,T-10327mdegC
1594334005:[PRESS ,0038]P   +145mbar,T+27960mdegC
1594334008:[PRESS ,0038]P   +155mbar,T  +710mdegC
1594334010:[PRESS ,0038]P   +165mbar,T+27960mdegC
1594334013:[PRESS ,0038]P   +185mbar,T+16920mdegC
1594334016:[PRESS ,0038]P   +195mbar,T+27960mdegC
1594334024:[PRESS ,0038]P   +225mbar,T-10327mdegC
1594334027:[PRESS ,0038]P   +235mbar,T  +710mdegC
1594334030:[PRESS ,0038]P   +255mbar,T+27960mdegC
1594334033:[PRESS ,0038]P   +245mbar,T-10327mdegC
1594334036:[PRESS ,0038]P   +255mbar,T+27960mdegC
1594334038:[PRESS ,0038]P   +275mbar,T+16920mdegC
1594334041:[PRESS ,0038]P   +275mbar,T  +710mdegC
1594334044:[PRESS ,0038]P   +285mbar,T+27960mdegC
1594334050:[PRESS ,0038]P   +295mbar,T-10327mdegC
1594334052:[PRESS ,0038]P   +305mbar,T+16920mdegC
1594334055:[PRESS ,0038]P   +315mbar,T+27960mdegC
1594334075:[PRESS ,0038]P   +355mbar,T-10327mdegC
1594334077:[PRESS ,0038]P   +365mbar,T+27960mdegC
1594334091:[PRESS ,0038]P   +385mbar,T+16920mdegC
1594334094:[PRESS ,0038]P   +375mbar,T-10327mdegC
1594334097:[PRESS ,0038]P   +395mbar,T+27960mdegC
1594334102:[PRESS ,0038]P   +415mbar,T  +710mdegC
1594334105:[PRESS ,0038]P   +415mbar,T-10327mdegC
1594334111:[PRESS ,0038]P   +425mbar,T  +710mdegC
1594334114:[PRESS ,0038]P   +435mbar,T-10327mdegC
1594334116:[PRESS ,0038]P   +445mbar,T+27960mdegC
1594334130:[PRESS ,0038]P   +475mbar,T-10327mdegC
1594334133:[PRESS ,0038]P   +485mbar,T+27960mdegC
1594334140:[PRESS ,0038]P   +525mbar,T-10327mdegC
1594334140:[DIVING,0028]525mbar reached (+3mbar/s), 9 bypass done
1594334141:[MAIN  ,0056]stage[0]
1594334143:[MAIN  ,0024]internal pressure 83274Pa
1594334144:[BUOY  ,0037]P   +525mbar
1594334144:[STAGE ,0080]Stage [0] 5000mbar (+/-500mbar) 1800s (<1594335940s) 
1594334146:[PRESS ,0038]P   +515mbar,T  +710mdegC
1594334207:[PRESS ,0038]P   +705mbar,T+16920mdegC
1594334208:[PRESS ,0038]P   +715mbar,T-10327mdegC
1594334210:[PRESS ,0038]P   +725mbar,T+16920mdegC
1594334214:[PRESS ,0038]P   +715mbar,T  +710mdegC
1594334216:[PRESS ,0038]P   +735mbar,T+27960mdegC
1594334221:[PRESS ,0038]P   +755mbar,T-10327mdegC
1594334223:[PRESS ,0038]P   +745mbar,T+27960mdegC
1594334232:[BUOY  ,0087]from +2mbar/s to +4mbar/s
1594334232:[BUOY  ,0090]need to transfer -20mL (valve during 9444ms)
1594334232:[VALVE ,0034]valve opening 9444ms
1594334241:[VALVE ,0234]battery 15147mV,  500322uA, P   +765mbar
1594334292:[PRESS ,0038]P   +855mbar,T+27960mdegC
1594334294:[PRESS ,0038]P   +865mbar,T-10327mdegC
1594334298:[PRESS ,0038]P   +875mbar,T+16920mdegC
1594334300:[PRESS ,0038]P   +865mbar,T+27960mdegC
1594334303:[PRESS ,0038]P   +885mbar,T-10327mdegC
1594334305:[PRESS ,0038]P   +885mbar,T+16920mdegC
1594334309:[PRESS ,0038]P   +895mbar,T-10327mdegC
1594334314:[PRESS ,0038]P   +895mbar,T+27960mdegC
1594334317:[BUOY  ,0087]from +2mbar/s to +4mbar/s
1594334317:[BUOY  ,0090]need to transfer -20mL (valve during 8793ms)
1594334318:[VALVE ,0034]valve opening 8793ms
1594334326:[VALVE ,0234]battery 15143mV,  496052uA, P   +895mbar
1594334378:[PRESS ,0038]P  +1045mbar,T+16920mdegC
1594334380:[PRESS ,0038]P  +1055mbar,T-10327mdegC
1594334387:[PRESS ,0038]P  +1075mbar,T+27960mdegC
1594334391:[PRESS ,0038]P  +1075mbar,T-10327mdegC
1594334393:[PRESS ,0038]P  +1095mbar,T+27960mdegC
1594334400:[PRESS ,0038]P  +1115mbar,T-10327mdegC
1594334401:[PRESS ,0038]P  +1125mbar,T  +710mdegC
1594334403:[PRESS ,0038]P  +1125mbar,T+27960mdegC
1594334464:[PRESS ,0038]P  +1315mbar,T-10327mdegC
1594334466:[PRESS ,0038]P  +1315mbar,T+16920mdegC
1594334468:[PRESS ,0038]P  +1325mbar,T-10327mdegC
1594334469:[PRESS ,0038]P  +1325mbar,T+16920mdegC
1594334473:[PRESS ,0038]P  +1335mbar,T-10327mdegC
1594334475:[PRESS ,0038]P  +1335mbar,T+27960mdegC
1594334477:[PRESS ,0038]P  +1345mbar,T  +710mdegC
1594334478:[PRESS ,0038]P  +1345mbar,T-10327mdegC
1594334480:[PRESS ,0038]P  +1345mbar,T+27960mdegC
1594334482:[PRESS ,0038]P  +1365mbar,T-10327mdegC
1594334489:[BUOY  ,0087]from +2mbar/s to +4mbar/s
1594334489:[BUOY  ,0090]need to transfer -20mL (valve during 7083ms)
1594334489:[VALVE ,0034]valve opening 7083ms
1594334496:[VALVE ,0234]battery 15157mV,  498614uA, P  +1365mbar
1594334550:[PRESS ,0038]P  +1505mbar,T-10327mdegC
1594334554:[PRESS ,0038]P  +1525mbar,T+16920mdegC
1594334557:[PRESS ,0038]P  +1525mbar,T-10327mdegC
1594334559:[PRESS ,0038]P  +1525mbar,T+16920mdegC
1594334562:[PRESS ,0038]P  +1535mbar,T-10327mdegC
1594334564:[PRESS ,0038]P  +1545mbar,T+16920mdegC
1594334566:[PRESS ,0038]P  +1535mbar,T+27960mdegC
1594334568:[PRESS ,0038]P  +1555mbar,T+16920mdegC
1594334570:[PRESS ,0038]P  +1555mbar,T-21369mdegC
1594334572:[PRESS ,0038]P  +1555mbar,T+16920mdegC
1594334573:[PRESS ,0038]P  +1555mbar,T-10327mdegC
1594334575:[BUOY  ,0087]from +2mbar/s to +4mbar/s
1594334575:[BUOY  ,0090]need to transfer -20mL (valve during 6538ms)
1594334575:[VALVE ,0034]valve opening 6538ms
1594334582:[VALVE ,0234]battery 15157mV,  496906uA, P  +1565mbar
1594334636:[PRESS ,0038]P  +1725mbar,T+16920mdegC
1594334638:[PRESS ,0038]P  +1735mbar,T-10327mdegC
1594334640:[PRESS ,0038]P  +1725mbar,T+16920mdegC
1594334643:[PRESS ,0038]P  +1745mbar,T-10327mdegC
1594334652:[PRESS ,0038]P  +1775mbar,T+16920mdegC
1594334654:[PRESS ,0038]P  +1785mbar,T-21369mdegC
1594334656:[PRESS ,0038]P  +1785mbar,T-10327mdegC
1594334661:[PRESS ,0038]P  +1805mbar,T+16920mdegC
1594334722:[PRESS ,0038]P  +1945mbar,T-10327mdegC
1594334725:[PRESS ,0038]P  +1955mbar,T+16920mdegC
1594334729:[PRESS ,0038]P  +1965mbar,T+27960mdegC
1594334731:[PRESS ,0038]P  +1965mbar,T-10327mdegC
1594334732:[PRESS ,0038]P  +1975mbar,T+27960mdegC
1594334734:[PRESS ,0038]P  +1975mbar,T-10327mdegC
1594334738:[PRESS ,0038]P  +2005mbar,T+16920mdegC
1594334741:[PRESS ,0038]P  +2005mbar,T-21369mdegC
1594334743:[PRESS ,0038]P  +2005mbar,T-10327mdegC
1594334807:[PRESS ,0038]P  +2205mbar,T-10327mdegC
1594334809:[PRESS ,0038]P  +2205mbar,T+27960mdegC
1594334811:[PRESS ,0038]P  +2205mbar,T-10327mdegC
1594334813:[PRESS ,0038]P  +2205mbar,T  +710mdegC
1594334815:[PRESS ,0038]P  +2225mbar,T+16920mdegC
1594334816:[PRESS ,0038]P  +2225mbar,T+27960mdegC
1594334820:[PRESS ,0038]P  +2235mbar,T-10327mdegC
1594334822:[PRESS ,0038]P  +2225mbar,T+27960mdegC
1594334825:[PRESS ,0038]P  +2245mbar,T+16920mdegC
1594334827:[PRESS ,0038]P  +2235mbar,T-10327mdegC
1594334829:[PRESS ,0038]P  +2245mbar,T+27960mdegC
1594334831:[PRESS ,0038]P  +2245mbar,T  +710mdegC
1594334833:[PRESS ,0038]P  +2255mbar,T+27960mdegC
1594334833:[BUOY  ,0087]from +2mbar/s to +4mbar/s
1594334833:[BUOY  ,0090]need to transfer -20mL (valve during 5426ms)
1594334833:[VALVE ,0034]valve opening 5426ms
1594334838:[VALVE ,0234]battery 15183mV,  500932uA, P  +2255mbar
1594334893:[PRESS ,0038]P  +2435mbar,T-10327mdegC
1594334895:[PRESS ,0038]P  +2445mbar,T+16920mdegC
1594334897:[PRESS ,0038]P  +2455mbar,T-10327mdegC
1594334899:[PRESS ,0038]P  +2465mbar,T+27960mdegC
1594334901:[PRESS ,0038]P  +2465mbar,T-10327mdegC
1594334904:[PRESS ,0038]P  +2475mbar,T+16920mdegC
1594334906:[PRESS ,0038]P  +2475mbar,T-10327mdegC
1594334908:[PRESS ,0038]P  +2485mbar,T+16920mdegC
1594334910:[PRESS ,0038]P  +2495mbar,T-10327mdegC
1594334911:[PRESS ,0038]P  +2505mbar,T+27960mdegC
1594334913:[PRESS ,0038]P  +2505mbar,T-10327mdegC
1594334915:[PRESS ,0038]P  +2505mbar,T+27960mdegC
1594334917:[PRESS ,0038]P  +2515mbar,T  +710mdegC
1594334919:[PRESS ,0038]P  +2535mbar,T+27960mdegC
1594334979:[PRESS ,0038]P  +2705mbar,T-10327mdegC
1594334981:[PRESS ,0038]P  +2715mbar,T+16920mdegC
1594334983:[PRESS ,0038]P  +2725mbar,T-10327mdegC
1594334987:[PRESS ,0038]P  +2745mbar,T+16920mdegC
1594334988:[PRESS ,0038]P  +2735mbar,T-10327mdegC
1594334990:[PRESS ,0038]P  +2745mbar,T+16920mdegC
1594334992:[PRESS ,0038]P  +2765mbar,T-10327mdegC
1594334994:[PRESS ,0038]P  +2755mbar,T+16920mdegC
1594334997:[PRESS ,0038]P  +2765mbar,T-10327mdegC
1594335003:[PRESS ,0038]P  +2775mbar,T+27960mdegC
1594335005:[PRESS ,0038]P  +2785mbar,T-10327mdegC
1594335065:[PRESS ,0038]P  +3005mbar,T-10327mdegC
1594335069:[PRESS ,0038]P  +3015mbar,T+16920mdegC
1594335071:[PRESS ,0038]P  +3025mbar,T-10327mdegC
1594335076:[PRESS ,0038]P  +3025mbar,T+27960mdegC
1594335078:[PRESS ,0038]P  +3035mbar,T+16920mdegC
1594335080:[PRESS ,0038]P  +3035mbar,T-10327mdegC
1594335085:[PRESS ,0038]P  +3045mbar,T  +710mdegC
1594335087:[PRESS ,0038]P  +3055mbar,T-10327mdegC
1594335090:[PRESS ,0038]P  +3065mbar,T+16920mdegC
1594335151:[PRESS ,0038]P  +3255mbar,T+27960mdegC
1594335153:[PRESS ,0038]P  +3265mbar,T+16920mdegC
1594335155:[PRESS ,0038]P  +3265mbar,T+27960mdegC
1594335158:[PRESS ,0038]P  +3285mbar,T-10327mdegC
1594335160:[PRESS ,0038]P  +3285mbar,T+27960mdegC
1594335163:[PRESS ,0038]P  +3305mbar,T-10327mdegC
1594335165:[PRESS ,0038]P  +3305mbar,T+27960mdegC
1594335167:[PRESS ,0038]P  +3305mbar,T+16920mdegC
1594335169:[PRESS ,0038]P  +3325mbar,T+27960mdegC
1594335172:[PRESS ,0038]P  +3315mbar,T-10327mdegC
1594335237:[PRESS ,0038]P  +3515mbar,T-10327mdegC
1594335242:[PRESS ,0038]P  +3525mbar,T+27960mdegC
1594335244:[PRESS ,0038]P  +3535mbar,T-10327mdegC
1594335249:[PRESS ,0038]P  +3555mbar,T+16920mdegC
1594335251:[PRESS ,0038]P  +3545mbar,T-10327mdegC
1594335253:[PRESS ,0038]P  +3555mbar,T+27960mdegC
1594335255:[PRESS ,0038]P  +3555mbar,T-10327mdegC
1594335256:[PRESS ,0038]P  +3565mbar,T+27960mdegC
1594335260:[PRESS ,0038]P  +3575mbar,T-10327mdegC
1594335262:[PRESS ,0038]P  +3585mbar,T+27960mdegC
1594335322:[PRESS ,0038]P  +3705mbar,T+16920mdegC
1594335326:[PRESS ,0038]P  +3715mbar,T+27960mdegC
1594335328:[PRESS ,0038]P  +3725mbar,T-10327mdegC
1594335333:[PRESS ,0038]P  +3735mbar,T+27960mdegC
1594335335:[PRESS ,0038]P  +3735mbar,T-10327mdegC
1594335346:[PRESS ,0038]P  +3775mbar,T+16920mdegC
1594335347:[PRESS ,0038]P  +3765mbar,T-10327mdegC
1594335408:[PRESS ,0038]P  +3865mbar,T+16920mdegC
1594335410:[PRESS ,0038]P  +3875mbar,T-10327mdegC
1594335412:[PRESS ,0038]P  +3885mbar,T+27960mdegC
1594335414:[PRESS ,0038]P  +3875mbar,T-10327mdegC
1594335415:[PRESS ,0038]P  +3875mbar,T+27960mdegC
1594335419:[PRESS ,0038]P  +3895mbar,T  +710mdegC
1594335421:[PRESS ,0038]P  +3885mbar,T+27960mdegC
1594335423:[PRESS ,0038]P  +3895mbar,T  +710mdegC
1594335424:[PRESS ,0038]P  +3895mbar,T+27960mdegC
1594335426:[PRESS ,0038]P  +3905mbar,T-10327mdegC
1594335428:[PRESS ,0038]P  +3905mbar,T+27960mdegC
1594335430:[PRESS ,0038]P  +3905mbar,T  +710mdegC
1594335432:[PRESS ,0038]P  +3905mbar,T-10327mdegC
1594335433:[PRESS ,0038]P  +3905mbar,T+27960mdegC
1594335494:[PRESS ,0038]P  +4035mbar,T-10327mdegC
1594335501:[PRESS ,0038]P  +4045mbar,T  +710mdegC
1594335503:[PRESS ,0038]P  +4045mbar,T+27960mdegC
1594335515:[PRESS ,0038]P  +4075mbar,T-10327mdegC
1594335517:[PRESS ,0038]P  +4075mbar,T  +710mdegC
1594335519:[PRESS ,0038]P  +4085mbar,T+27960mdegC
1594335580:[PRESS ,0038]P  +4195mbar,T-10327mdegC
1594335581:[PRESS ,0038]P  +4185mbar,T+27960mdegC
1594335589:[PRESS ,0038]P  +4195mbar,T-10327mdegC
1594335591:[PRESS ,0038]P  +4205mbar,T+27960mdegC
1594335594:[PRESS ,0038]P  +4205mbar,T-10327mdegC
1594335596:[PRESS ,0038]P  +4215mbar,T+27960mdegC
1594335602:[PRESS ,0038]P  +4215mbar,T-10327mdegC
1594335605:[PRESS ,0038]P  +4225mbar,T+27960mdegC
1594335666:[PRESS ,0038]P  +4365mbar,T-10327mdegC
1594335671:[PRESS ,0038]P  +4375mbar,T+27960mdegC
1594335677:[PRESS ,0038]P  +4385mbar,T-10327mdegC
1594335680:[PRESS ,0038]P  +4405mbar,T  +710mdegC
1594335682:[PRESS ,0038]P  +4405mbar,T-10327mdegC
1594335684:[PRESS ,0038]P  +4415mbar,T+27960mdegC
1594335686:[PRESS ,0038]P  +4415mbar,T-10327mdegC
1594335687:[PRESS ,0038]P  +4425mbar,T+27960mdegC
1594335689:[PRESS ,0038]P  +4425mbar,T-10327mdegC
1594335691:[PRESS ,0038]P  +4435mbar,T  +710mdegC
1594335752:[PRESS ,0038]P  +4595mbar,T+27960mdegC
1594335757:[PRESS ,0038]P  +4615mbar,T-10327mdegC
1594335759:[PRESS ,0038]P  +4605mbar,T+27960mdegC
1594335762:[PRESS ,0038]P  +4615mbar,T-10327mdegC
1594335764:[PRESS ,0038]P  +4625mbar,T+27960mdegC
1594335766:[PRESS ,0038]P  +4625mbar,T-10327mdegC
1594335770:[PRESS ,0038]P  +4635mbar,T+27960mdegC
1594335771:[PRESS ,0038]P  +4645mbar,T-10327mdegC
1594335773:[PRESS ,0038]P  +4635mbar,T+27960mdegC
1594335777:[STAGE ,0213]4645mbar reached at 1594335777s, ref 5000mbar +/-500mbar
1594335837:[PRESS ,0038]P  +4795mbar,T-10327mdegC
1594335898:[PRESS ,0038]P  +4935mbar,T-10327mdegC
1594335959:[PRESS ,0038]P  +5115mbar,T+27960mdegC
1594335959:[MAIN  ,0140]stage[0] complete 1819s after mission start
1594335959:[MAIN  ,0056]stage[1]
1594335961:[MAIN  ,0024]internal pressure 82398Pa
1594335962:[BUOY  ,0037]P  +5125mbar
1594335962:[STAGE ,0080]Stage [1] 5000mbar (+/-500mbar) 1800s (<1594337740s) 
1594335964:[PRESS ,0038]P  +5125mbar,T-10327mdegC
1594335964:[STAGE ,0213]5125mbar reached at 1594335964s, ref 5000mbar +/-500mbar
1594335964:[BUOY  ,0087]from +3mbar/s to +0mbar/s
1594335964:[BUOY  ,0089]need to transfer +14mL (pump during 16754ms)
1594335972:[PUMP  ,0207]battery 15488mV,   18666uA (warmup), P  +5125mbar
1594335972:[PUMP  ,0016]pump during 16754ms
1594335988:[PUMP  ,0212]battery 15316mV,  312442uA (steady state), P  +5125mbar
1594336028:[PRESS ,0038]P  +5275mbar,T+27960mdegC
1594336030:[PRESS ,0038]P  +5275mbar,T-10327mdegC
1594336031:[PRESS ,0038]P  +5275mbar,T  +710mdegC
1594336033:[PRESS ,0038]P  +5275mbar,T+27960mdegC
1594336035:[PRESS ,0038]P  +5285mbar,T  +710mdegC
1594336039:[PRESS ,0038]P  +5275mbar,T+27960mdegC
1594336040:[PRESS ,0038]P  +5295mbar,T  +710mdegC
1594336042:[PRESS ,0038]P  +5285mbar,T-26541mdegC
1594336046:[PRESS ,0038]P  +5295mbar,T+27960mdegC
1594336048:[PRESS ,0038]P  +5295mbar,T-26541mdegC
1594336049:[PRESS ,0038]P  +5295mbar,T  +710mdegC
1594336053:[PRESS ,0038]P  +5305mbar,T+27960mdegC
1594336053:[BUOY  ,0087]from +1mbar/s to +0mbar/s
1594336053:[BUOY  ,0089]need to transfer +2mL (pump during 2393ms)
1594336061:[PUMP  ,0207]battery 15465mV,   18422uA (warmup), P  +5305mbar
1594336061:[PUMP  ,0016]pump during 2393ms
1594336117:[PRESS ,0038]P  +5375mbar,T+27960mdegC
1594336119:[PRESS ,0038]P  +5365mbar,T  +710mdegC
1594336122:[PRESS ,0038]P  +5365mbar,T-26541mdegC
1594336124:[PRESS ,0038]P  +5365mbar,T  +710mdegC
1594336130:[PRESS ,0038]P  +5365mbar,T-26541mdegC
1594336131:[PRESS ,0038]P  +5375mbar,T  +710mdegC
1594336133:[PRESS ,0038]P  +5365mbar,T+27960mdegC
1594336135:[PRESS ,0038]P  +5355mbar,T  +710mdegC
1594336139:[PRESS ,0038]P  +5375mbar,T-26541mdegC
1594336142:[PRESS ,0038]P  +5365mbar,T+27960mdegC
1594336263:[PRESS ,0038]P  +5425mbar,T-10327mdegC
1594336385:[PRESS ,0038]P  +5435mbar,T+27960mdegC
1594336445:[PRESS ,0038]P  +5435mbar,T  +710mdegC
1594336506:[PRESS ,0038]P  +5445mbar,T-26541mdegC
1594336567:[PRESS ,0038]P  +5475mbar,T  +710mdegC
1594336627:<WARN>[BUOY  ,0094]stage[1] should ASCENT, stuck at 5515mbar for the #1 time
1594336628:[BUOY  ,0087]from +0mbar/s to -2mbar/s
1594336628:[BUOY  ,0089]need to transfer +6mL (pump during 7180ms)
1594336636:[PUMP  ,0207]battery 15492mV,   18544uA (warmup), P  +5515mbar
1594336636:[PUMP  ,0016]pump during 7180ms
1594336643:[PUMP  ,0212]battery 15316mV,  315492uA (steady state), P  +5515mbar
1594336692:[PRESS ,0038]P  +5555mbar,T  +710mdegC
1594336695:[PRESS ,0038]P  +5545mbar,T-10327mdegC
1594336697:[PRESS ,0038]P  +5545mbar,T+27960mdegC
1594336702:[PRESS ,0038]P  +5565mbar,T-26541mdegC
1594336706:[PRESS ,0038]P  +5555mbar,T  +710mdegC
1594336711:[PRESS ,0038]P  +5565mbar,T-26541mdegC
1594336713:[PRESS ,0038]P  +5565mbar,T  +710mdegC
1594336717:[PRESS ,0038]P  +5565mbar,T-26541mdegC
1594336717:<WARN>[BUOY  ,0094]stage[1] should ASCENT, stuck at 5565mbar for the #2 time
1594336717:[BUOY  ,0087]from +0mbar/s to -2mbar/s
1594336717:[BUOY  ,0089]need to transfer +6mL (pump during 7180ms)
1594336725:[PUMP  ,0207]battery 15482mV,   18422uA (warmup), P  +5565mbar
1594336725:[PUMP  ,0016]pump during 7180ms
1594336732:[PUMP  ,0212]battery 15306mV,  317444uA (steady state), P  +5565mbar
1594336781:[PRESS ,0038]P  +5545mbar,T+27960mdegC
1594336782:[PRESS ,0038]P  +5525mbar,T  +710mdegC
1594336786:[PRESS ,0038]P  +5525mbar,T+27960mdegC
1594336788:[PRESS ,0038]P  +5525mbar,T-26541mdegC
1594336791:[PRESS ,0038]P  +5525mbar,T  +710mdegC
1594336793:[PRESS ,0038]P  +5515mbar,T-26541mdegC
1594336799:[PRESS ,0038]P  +5515mbar,T  +710mdegC
1594336800:[PRESS ,0038]P  +5515mbar,T+27960mdegC
1594336802:[PRESS ,0038]P  +5525mbar,T  +710mdegC
1594336866:[PRESS ,0038]P  +5415mbar,T+27960mdegC
1594336868:[PRESS ,0038]P  +5425mbar,T-10327mdegC
1594336870:[PRESS ,0038]P  +5415mbar,T  +710mdegC
1594336874:[PRESS ,0038]P  +5415mbar,T+27960mdegC
1594336875:[PRESS ,0038]P  +5415mbar,T-26541mdegC
1594336877:[PRESS ,0038]P  +5415mbar,T+27960mdegC
1594336879:[PRESS ,0038]P  +5405mbar,T-26541mdegC
1594336881:[PRESS ,0038]P  +5405mbar,T  +710mdegC
1594336886:[PRESS ,0038]P  +5405mbar,T-26541mdegC
1594336888:[PRESS ,0038]P  +5405mbar,T+27960mdegC
1594336890:[PRESS ,0038]P  +5405mbar,T  +710mdegC
1594336892:[PRESS ,0038]P  +5385mbar,T-26541mdegC
1594336952:[PRESS ,0038]P  +5335mbar,T  +710mdegC
1594337074:[PRESS ,0038]P  +5275mbar,T  +710mdegC
1594337134:[PRESS ,0038]P  +5195mbar,T  +710mdegC
1594337195:[PRESS ,0038]P  +5135mbar,T  +710mdegC
1594337256:[PRESS ,0038]P  +5055mbar,T+11743mdegC
1594337316:[PRESS ,0038]P  +4975mbar,T  +710mdegC
1594337316:[BUOY  ,0087]from -1mbar/s to +0mbar/s
1594337316:[BUOY  ,0090]need to transfer -2mL (valve during 364ms)
1594337316:[VALVE ,0034]valve opening 364ms
1594337377:[PRESS ,0038]P  +4945mbar,T+27960mdegC
1594337384:[PRESS ,0038]P  +4955mbar,T  +710mdegC
1594337388:[PRESS ,0038]P  +4945mbar,T+27960mdegC
1594337390:[PRESS ,0038]P  +4945mbar,T-26541mdegC
1594337391:[PRESS ,0038]P  +4945mbar,T  +710mdegC
1594337393:[PRESS ,0038]P  +4945mbar,T+27960mdegC
1594337397:[PRESS ,0038]P  +4945mbar,T  +710mdegC
1594337400:[PRESS ,0038]P  +4945mbar,T-26541mdegC
1594337463:[PRESS ,0038]P  +4935mbar,T+27960mdegC
1594337523:[PRESS ,0038]P  +4945mbar,T  +710mdegC
1594337766:[PRESS ,0038]P  +4925mbar,T+27960mdegC
1594337766:[MAIN  ,0140]stage[1] complete 3626s after mission start
1594337766:[MRMAID,0188]acq already stopped
1594337827:[MSSION,0192]mission stopped, 2 stage(s) done
1594337827:[MAIN  ,0065]surfacing
1594337828:[PRESS ,0038]P  +4945mbar,T-26541mdegC
1594337828:[SURFIN,0036]P  +4945mbar
1594337837:[PUMP  ,0207]battery 15506mV,   18544uA (warmup), P  +4945mbar
1594337837:[PUMP  ,0016]pump during 60000ms
1594337896:[PUMP  ,0212]battery 15325mV,  318420uA (steady state), P  +4945mbar
1594337953:[PRESS ,0038]P  +4605mbar,T  +710mdegC
1594337959:[PRESS ,0038]P  +4585mbar,T+27960mdegC
1594337960:[PRESS ,0038]P  +4585mbar,T  +710mdegC
1594337964:[PRESS ,0038]P  +4565mbar,T-26541mdegC
1594337966:[PRESS ,0038]P  +4555mbar,T+27960mdegC
1594337968:[PRESS ,0038]P  +4565mbar,T-26541mdegC
1594337969:[PRESS ,0038]P  +4555mbar,T  +710mdegC
1594337971:[PRESS ,0038]P  +4545mbar,T+11743mdegC
1594337975:[PRESS ,0038]P  +4525mbar,T-26541mdegC
1594337978:[PRESS ,0038]P  +4525mbar,T  +710mdegC
1594337986:[PUMP  ,0207]battery 15420mV,   18422uA (warmup), P  +4525mbar
1594337987:[PUMP  ,0016]pump during 60000ms
1594338045:[PUMP  ,0212]battery 15245mV,  313052uA (steady state), P  +4525mbar
1594338103:[PRESS ,0038]P  +3925mbar,T  +710mdegC
1594338117:[PRESS ,0038]P  +3865mbar,T-26541mdegC
1594338126:[PRESS ,0038]P  +3825mbar,T  +710mdegC
1594338128:[PRESS ,0038]P  +3815mbar,T-26541mdegC
1594338136:[PUMP  ,0207]battery 15360mV,   18544uA (warmup), P  +3815mbar
1594338136:[PUMP  ,0016]pump during 60000ms
1594338195:[PUMP  ,0212]battery 15186mV,  310368uA (steady state), P  +3815mbar
1594338253:[PRESS ,0038]P  +3035mbar,T-26541mdegC
1594338256:[PRESS ,0038]P  +3015mbar,T  +710mdegC
1594338264:[PRESS ,0038]P  +2955mbar,T  +710mdegC
1594338265:[PRESS ,0038]P  +2935mbar,T-26541mdegC
1594338267:[PRESS ,0038]P  +2925mbar,T  +710mdegC
1594338271:[PRESS ,0038]P  +2905mbar,T-26541mdegC
1594338273:[PRESS ,0038]P  +2885mbar,T  +710mdegC
1594338274:[PRESS ,0038]P  +2875mbar,T-26541mdegC
1594338276:[PRESS ,0038]P  +2865mbar,T+11743mdegC
1594338278:[PRESS ,0038]P  +2835mbar,T-26541mdegC
1594338400:[PRESS ,0038]P  +2155mbar,T-26541mdegC
1594338408:[PUMP  ,0207]battery 15360mV,   18544uA (warmup), P  +2155mbar
1594338408:[PUMP  ,0016]pump during 60000ms
1594338467:[PUMP  ,0212]battery 15190mV,  298168uA (steady state), P  +2155mbar
1594338524:[PRESS ,0038]P  +1385mbar,T-26541mdegC
1594338530:[PRESS ,0038]P  +1355mbar,T  +710mdegC
1594338532:[PRESS ,0038]P  +1355mbar,T-26541mdegC
1594338533:[PRESS ,0038]P  +1355mbar,T  +710mdegC
1594338535:[PRESS ,0038]P  +1335mbar,T-26541mdegC
1594338544:[PRESS ,0038]P  +1275mbar,T-26541mdegC
1594338546:[PRESS ,0038]P  +1285mbar,T  +710mdegC
1594338549:[PRESS ,0038]P  +1255mbar,T-26541mdegC
1594338558:[PUMP  ,0207]battery 15316mV,   18666uA (warmup), P  +1255mbar
1594338558:[PUMP  ,0016]pump during 60000ms
1594338617:[PUMP  ,0212]battery 15147mV,  299632uA (steady state), P  +1255mbar
1594338674:[PRESS ,0038]P   +505mbar,T-26541mdegC
1594338678:[PRESS ,0038]P   +485mbar,T  +710mdegC
1594338680:[PRESS ,0038]P   +475mbar,T+27960mdegC
1594338681:[PRESS ,0038]P   +465mbar,T-26541mdegC
1594338685:[PRESS ,0038]P   +445mbar,T  +710mdegC
1594338689:[PRESS ,0038]P   +425mbar,T+11743mdegC
1594338690:[PRESS ,0038]P   +415mbar,T  +710mdegC
1594338692:[PRESS ,0038]P   +415mbar,T-26541mdegC
1594338694:[PRESS ,0038]P   +405mbar,T+11743mdegC
1594338696:[PRESS ,0038]P   +385mbar,T-26541mdegC
1594338698:[PRESS ,0038]P   +375mbar,T+27960mdegC
1594338699:[PRESS ,0038]P   +365mbar,T+11743mdegC
1594338701:[PRESS ,0038]P   +355mbar,T-26541mdegC
1594338703:[PRESS ,0038]P   +355mbar,T+11743mdegC
1594338703:[SURFIN,0020]filling external bladder
1594338711:[PUMP  ,0207]battery 15291mV,   18788uA (warmup), P   +355mbar
1594338711:[PUMP  ,0016]pump during 300000ms
1594339010:[PUMP  ,0212]battery 14882mV,  967948uA (steady state), P   +355mbar
1594339021:[PUMP  ,0207]battery 14790mV,   18910uA (warmup), P   +355mbar
1594339021:[PUMP  ,0016]pump during 300000ms
1594339117:[PUMP  ,0212]battery 14467mV,  921344uA (steady state), P   +355mbar
1594339119:[SURFIN,0019]external bladder full
1594339121:[PRESS ,0038]P    +60mbar,T  +710mdegC
1594339122:[PRESS ,0038]P    +70mbar,T+27960mdegC
1594339124:[PRESS ,0038]P    +60mbar,T  +710mdegC
1594339130:[PRESS ,0038]P    +70mbar,T-26541mdegC
1594339131:[PRESS ,0038]P    +60mbar,T+27960mdegC
1594339133:[PRESS ,0038]P    +70mbar,T  +710mdegC
1594339144:[PRESS ,0038]P    +60mbar,T-26541mdegC
1594339182:[MAIN  ,0272]Vbat 14999mV (min 14925mV)
1594339184:[MAIN  ,0024]internal pressure 79692Pa
1594339184:[MAIN  ,0043]Pext 63mbar (rng 20mbar)
1594339184:[MAIN  ,0064]surface
1594339195:[SURF  ,0022]GPS fix...
1594339215:[SURF  ,0015]10 PPS detected...
1594339216:[MRMAID,0052]Mermaid $GPSACK:+0,+0,+0,+0,+0,+0,-1403;
1594339226:[MRMAID,0052]Mermaid $GPSOFF:3686343;
1594339226:[GPSFIX,0179]-1s diff
1594339227:[SURF  ,0222]2020-07-10T00:00:27
1594339227:[SURF  ,0082]Latitude : N43deg40.938mn, Longitude :E007deg19.178mn
1594339227:[SURF  ,0223]fix3D,7satellites
1594339227:[SURF  ,0084]GPS fix GPGSA : hdop0.880,vdop1.140
1594339237:[SURF  ,0274]last almanac : 48686
1594339250:[MRMAID,0026]1669 bytes in 0068/5F07AFAA.MER
1594339256:[MAIN  ,0320]New pressure offset: 63mbar
1594339256:[LOGBIN,0078]*** switching to 0068/5F07AFB8 ***
