1594312265:[MAIN  ,0007]buoy 452.120-R-0068
1594312265:[MAIN  ,0055]soft pilotage 452.012.300_V2.21-20200701
1594312265:[MAIN  ,0010]cycle 4
1594312265:[SURF  ,0225]surface2
1594312285:[SURF  ,0022]GPS fix...
1594312306:[SURF  ,0015]10 PPS detected...
1594312307:[MRMAID,0052]Mermaid $GPSACK:+0,+0,+0,+0,+0,+0,+0;
1594312317:[MRMAID,0052]Mermaid $GPSOFF:3686343;
1594312318:[GPSFIX,0179]-1s diff
1594312319:[SURF  ,0222]2020-07-09T16:31:59
1594312319:[SURF  ,0082]Latitude : N43deg40.940mn, Longitude :E007deg19.180mn
1594312319:[SURF  ,0223]fix3D,12satellites
1594312319:[SURF  ,0084]GPS fix GPGSA : hdop0.670,vdop0.850
1594312329:[SURF  ,0025]Iridium...
1594312386:[SURF  ,0009]connected in 57s, signal quality 5
1594312441:[SURF  ,0218]prompt received, remote cmd end
1594312441:[SURF  ,0012]13 cmd(s) received
1594312462:[UPLOAD,0248]Upload data files...
1594312638:[UPLOAD,0231]"0068/5F0745FC.MER" uploaded at 153bytes/s
1594312726:[UPLOAD,0231]"0068/5F072980.BIN" uploaded at 128bytes/s
1594312744:[MAIN  ,0013]2 file(s) uploaded
1594312775:[SURF  ,0014]disconnected after 446s
1594312780:[SURFIN,0020]filling external bladder
1594312788:[PUMP  ,0207]battery 15132mV,   18422uA (warmup), P    +60mbar
1594312788:[PUMP  ,0016]pump during 300000ms
1594312795:[PUMP  ,0212]battery 14735mV,  970998uA (steady state), P    +60mbar
1594312797:[SURFIN,0019]external bladder full
1594312797:[SURF  ,0227]1st complete transfer
1594312923:[SURF  ,0022]GPS fix...
1594312944:[SURF  ,0015]10 PPS detected...
1594312945:[MRMAID,0052]Mermaid $GPSACK:+0,+0,+0,+0,+0,+0,-30;
1594312955:[MRMAID,0052]Mermaid $GPSOFF:3686343;
1594312956:[GPSFIX,0179]-1s diff
1594312957:[SURF  ,0222]2020-07-09T16:42:37
1594312957:[SURF  ,0082]Latitude : N43deg40.940mn, Longitude :E007deg19.179mn
1594312957:[SURF  ,0223]fix3D,12satellites
1594312957:[SURF  ,0084]GPS fix GPGSA : hdop0.680,vdop0.860
1594312967:[SURF  ,0025]Iridium...
1594313003:[SURF  ,0009]connected in 36s, signal quality 5
1594313063:[SURF  ,0218]prompt received, remote cmd end
1594313063:[SURF  ,0012]13 cmd(s) received
1594313104:[SURF  ,0014]disconnected after 137s
1594313109:[SURFIN,0020]filling external bladder
1594313112:[SURFIN,0019]external bladder full
1594313112:[SURF  ,0226]Go dive (Minimum surface delay expired and no more file to upload)
1594313126:[SURF  ,0022]GPS fix...
1594313147:[SURF  ,0015]10 PPS detected...
1594313148:[MRMAID,0052]Mermaid $GPSACK:+0,+0,+0,+0,+0,+0,+0;
1594313158:[MRMAID,0052]Mermaid $GPSOFF:3686342;
1594313160:[GPSFIX,0179]+0s diff
1594313160:[SURF  ,0222]2020-07-09T16:46:00
1594313160:[SURF  ,0082]Latitude : N43deg40.939mn, Longitude :E007deg19.179mn
1594313160:[SURF  ,0223]fix3D,11satellites
1594313160:[SURF  ,0084]GPS fix GPGSA : hdop0.720,vdop0.960
1594313177:[MAIN  ,0024]internal pressure 80048Pa
1594313178:[BYCMD ,0107]    FreeRTOS V8.2.3
1594313178:[BYCMD ,0108]    FatFS v11a
1594313178:[BYCMD ,0120]    bypass 10000ms 60000ms (20000ms 60000ms stored)
1594313178:[BYCMD ,0121]    valve 60000ms 12750 (60000ms 12750 stored)
1594313178:[BYCMD ,0122]    pump 60000ms 30% 10750 80% (60000ms 30% 10750 80% stored)
1594313178:[BYCMD ,0123]    rate 2mbar/s (2mbar/s stored)
1594313178:[BYCMD ,0124]    surface 500mbar (500mbar stored)
1594313178:[BYCMD ,0125]    near 1500mbar 3mbar/s (15000mbar 3mbar/s stored)
1594313178:[BYCMD ,0126]    far 2500mbar 4mbar/s (25000mbar 4mbar/s stored)
1594313178:[BYCMD ,0127]    ascent 8mbar/s (8mbar/s stored)
1594313178:[BYCMD ,0128]    dead 60s (300s stored)
1594313178:[BYCMD ,0129]    coeff 16/10 (16/10 stored)
1594313178:[BYCMD ,0130]    stab 10 (10 stored)
1594313178:[BYCMD ,0131]    delay 900s 3600s (900s 3600s stored)
1594313178:[BYCMD ,0132]    mmtime 2880min (2880min stored)
1594313178:[BYCMD ,0133]    dv_landing 100ml (100ml stored)
1594313178:[MKDCMD,0150]    p2t37: 15x2000ms, offset 60mbar
1594313178:[P2TCMD,0151]    p2t37: dp 50mbar, dt 5000mdegC
1594313179:[STAGE ,0080]Stage [0] 5000mbar (+/-500mbar) 1800s (<1800s) 
1594313179:[STAGE ,0080]Stage [1] 5000mbar (+/-500mbar) 1800s (<3600s) 
1594313179:[MAIN  ,0070]turn off bluetooth
1594313181:[PRESS ,0038]P    -10mbar,T+16920mdegC
1594313183:[PRESS ,0038]P     +0mbar,T-10327mdegC
1594313196:[PRESS ,0038]P    -10mbar,T+27960mdegC
1594313199:[PRESS ,0038]P    -10mbar,T  +710mdegC
1594313201:[PRESS ,0038]P    -10mbar,T+16920mdegC
1594313203:[PRESS ,0038]P    -10mbar,T-10327mdegC
1594313206:[PRESS ,0038]P    -10mbar,T+27960mdegC
1594313206:[DIVING,0141]diving from -10mbar, +0mbar/s
1594313206:[BYPASS,0035]bypass opening 60000ms
1594313211:[BYPASS,0104]battery 15107mV,  263032uA (bypass opening), P    -10mbar
1594313276:[BYPASS,0106]battery 15115mV,  295240uA (bypass closing), P    -10mbar
1594313278:[PRESS ,0038]P   -110mbar,T-10327mdegC
1594313280:[PRESS ,0038]P    -90mbar,T+27960mdegC
1594313282:[PRESS ,0038]P   -100mbar,T-10327mdegC
1594313285:[PRESS ,0038]P   -100mbar,T+16920mdegC
1594313287:[PRESS ,0038]P   -110mbar,T-10327mdegC
1594313289:[PRESS ,0038]P   -110mbar,T+16920mdegC
1594313291:[PRESS ,0038]P   -120mbar,T-10327mdegC
1594313294:[PRESS ,0038]P   -100mbar,T+27960mdegC
1594313302:[PRESS ,0038]P   -110mbar,T-26541mdegC
1594313303:[PRESS ,0038]P   -120mbar,T-10327mdegC
1594313303:[BYPASS,0035]bypass opening 10000ms
1594313308:[BYPASS,0104]battery 15133mV,  261446uA (bypass opening), P   -120mbar
1594313323:[BYPASS,0106]battery 15117mV,  293898uA (bypass closing), P   -120mbar
1594313325:[PRESS ,0038]P   -110mbar,T+27960mdegC
1594313332:[PRESS ,0038]P   -120mbar,T-10327mdegC
1594313338:[PRESS ,0038]P   -120mbar,T+27960mdegC
1594313341:[PRESS ,0038]P   -120mbar,T  +710mdegC
1594313343:[PRESS ,0038]P   -120mbar,T-10327mdegC
1594313347:[PRESS ,0038]P   -120mbar,T+27960mdegC
1594313350:[BYPASS,0035]bypass opening 10000ms
1594313355:[BYPASS,0104]battery 15137mV,  258640uA (bypass opening), P   -110mbar
1594313370:[BYPASS,0106]battery 15120mV,  292922uA (bypass closing), P   -110mbar
1594313372:[PRESS ,0038]P   -120mbar,T-10327mdegC
1594313374:[PRESS ,0038]P   -110mbar,T  +710mdegC
1594313376:[PRESS ,0038]P   -110mbar,T+16920mdegC
1594313378:[PRESS ,0038]P   -120mbar,T-10327mdegC
1594313383:[PRESS ,0038]P   -110mbar,T+27960mdegC
1594313388:[PRESS ,0038]P   -110mbar,T-10327mdegC
1594313390:[PRESS ,0038]P   -110mbar,T+27960mdegC
1594313397:[BYPASS,0035]bypass opening 10000ms
1594313402:[BYPASS,0104]battery 15138mV,  258396uA (bypass opening), P   -110mbar
1594313417:[BYPASS,0106]battery 15122mV,  292068uA (bypass closing), P   -110mbar
1594313424:[PRESS ,0038]P   -100mbar,T-10327mdegC
1594313426:[PRESS ,0038]P   -110mbar,T+27960mdegC
1594313428:[PRESS ,0038]P   -110mbar,T-10327mdegC
1594313430:[PRESS ,0038]P   -100mbar,T+27960mdegC
1594313433:[PRESS ,0038]P    -90mbar,T-10327mdegC
1594313439:[PRESS ,0038]P   -100mbar,T  +710mdegC
1594313441:[PRESS ,0038]P   -100mbar,T+27960mdegC
1594313442:[PRESS ,0038]P   -110mbar,T-10327mdegC
1594313444:[PRESS ,0038]P   -100mbar,T+27960mdegC
1594313444:[BYPASS,0035]bypass opening 10000ms
1594313449:[BYPASS,0104]battery 15140mV,  261812uA (bypass opening), P   -100mbar
1594313464:[BYPASS,0106]battery 15125mV,  291458uA (bypass closing), P   -100mbar
1594313468:[PRESS ,0038]P   -110mbar,T-10327mdegC
1594313470:[PRESS ,0038]P   -100mbar,T  +710mdegC
1594313471:[PRESS ,0038]P   -100mbar,T+27960mdegC
1594313473:[PRESS ,0038]P   -110mbar,T  +710mdegC
1594313475:[PRESS ,0038]P    -90mbar,T+27960mdegC
1594313479:[PRESS ,0038]P    -90mbar,T-10327mdegC
1594313480:[PRESS ,0038]P   -100mbar,T+27960mdegC
1594313482:[PRESS ,0038]P   -100mbar,T-10327mdegC
1594313484:[PRESS ,0038]P    -90mbar,T+27960mdegC
1594313491:[BYPASS,0035]bypass opening 10000ms
1594313496:[BYPASS,0104]battery 15142mV,  260592uA (bypass opening), P    -90mbar
1594313511:[BYPASS,0106]battery 15127mV,  290848uA (bypass closing), P    -90mbar
1594313515:[PRESS ,0038]P   -100mbar,T+16920mdegC
1594313517:[PRESS ,0038]P    -90mbar,T-10327mdegC
1594313519:[PRESS ,0038]P    -90mbar,T+16920mdegC
1594313520:[PRESS ,0038]P   -100mbar,T-10327mdegC
1594313522:[PRESS ,0038]P   -100mbar,T+16920mdegC
1594313526:[PRESS ,0038]P    -90mbar,T-10327mdegC
1594313531:[PRESS ,0038]P   -100mbar,T+16920mdegC
1594313535:[PRESS ,0038]P    -90mbar,T+27960mdegC
1594313538:[BYPASS,0035]bypass opening 10000ms
1594313543:[BYPASS,0104]battery 15146mV,  258762uA (bypass opening), P    -90mbar
1594313558:[BYPASS,0106]battery 15130mV,  290116uA (bypass closing), P    -90mbar
1594313560:[PRESS ,0038]P    -90mbar,T-10327mdegC
1594313565:[PRESS ,0038]P   -100mbar,T+27960mdegC
1594313567:[PRESS ,0038]P   -100mbar,T-10327mdegC
1594313573:[PRESS ,0038]P   -100mbar,T+16920mdegC
1594313574:[PRESS ,0038]P    -90mbar,T-10327mdegC
1594313576:[PRESS ,0038]P    -80mbar,T+27960mdegC
1594313583:[PRESS ,0038]P    -90mbar,T  +710mdegC
1594313585:[PRESS ,0038]P    -90mbar,T+27960mdegC
1594313585:[BYPASS,0035]bypass opening 10000ms
1594313590:[BYPASS,0104]battery 15147mV,  257786uA (bypass opening), P    -90mbar
1594313605:[BYPASS,0106]battery 15132mV,  289628uA (bypass closing), P    -90mbar
1594313607:[PRESS ,0038]P    -80mbar,T+16920mdegC
1594313612:[PRESS ,0038]P    -70mbar,T-10327mdegC
1594313616:[PRESS ,0038]P    -70mbar,T+16920mdegC
1594313618:[PRESS ,0038]P    -70mbar,T-10327mdegC
1594313620:[PRESS ,0038]P    -80mbar,T+27960mdegC
1594313621:[PRESS ,0038]P    -70mbar,T-10327mdegC
1594313625:[PRESS ,0038]P    -80mbar,T+27960mdegC
1594313627:[PRESS ,0038]P    -90mbar,T-10327mdegC
1594313629:[PRESS ,0038]P    -90mbar,T+27960mdegC
1594313630:[PRESS ,0038]P    -90mbar,T-10327mdegC
1594313632:[BYPASS,0035]bypass opening 10000ms
1594313637:[BYPASS,0104]battery 15150mV,  258396uA (bypass opening), P    -80mbar
1594313652:[BYPASS,0106]battery 15133mV,  288896uA (bypass closing), P    -80mbar
1594313656:[PRESS ,0038]P    -30mbar,T-10327mdegC
1594313659:[PRESS ,0038]P    -20mbar,T+27960mdegC
1594313663:[PRESS ,0038]P    +10mbar,T-10327mdegC
1594313667:[PRESS ,0038]P    +30mbar,T+16920mdegC
1594313668:[PRESS ,0038]P    +50mbar,T+27960mdegC
1594313677:[PRESS ,0038]P    +80mbar,T-10327mdegC
1594313679:[PRESS ,0038]P   +100mbar,T  +710mdegC
1594313682:[PRESS ,0038]P   +100mbar,T+27960mdegC
1594313685:[PRESS ,0038]P   +120mbar,T  +710mdegC
1594313688:[PRESS ,0038]P   +130mbar,T+27960mdegC
1594313696:[PRESS ,0038]P   +160mbar,T-10327mdegC
1594313701:[PRESS ,0038]P   +190mbar,T+16920mdegC
1594313704:[PRESS ,0038]P   +200mbar,T+27960mdegC
1594313707:[PRESS ,0038]P   +210mbar,T+16920mdegC
1594313710:[PRESS ,0038]P   +230mbar,T+27960mdegC
1594313713:[PRESS ,0038]P   +230mbar,T-10327mdegC
1594313718:[PRESS ,0038]P   +260mbar,T+16920mdegC
1594313721:[PRESS ,0038]P   +280mbar,T+27960mdegC
1594313727:[PRESS ,0038]P   +320mbar,T-10327mdegC
1594313729:[PRESS ,0038]P   +330mbar,T+16920mdegC
1594313732:[PRESS ,0038]P   +370mbar,T-10327mdegC
1594313735:[PRESS ,0038]P   +380mbar,T+16920mdegC
1594313738:[PRESS ,0038]P   +390mbar,T-10327mdegC
1594313741:[PRESS ,0038]P   +410mbar,T+16920mdegC
1594313746:[PRESS ,0038]P   +440mbar,T-10327mdegC
1594313749:[PRESS ,0038]P   +470mbar,T+27960mdegC
1594313755:[PRESS ,0038]P   +490mbar,T-10327mdegC
1594313759:[PRESS ,0038]P   +510mbar,T  +710mdegC
1594313759:[DIVING,0028]510mbar reached (+6mbar/s), 9 bypass done
1594313760:[MAIN  ,0056]stage[0]
1594313762:[MAIN  ,0024]internal pressure 83294Pa
1594313763:[PRESS ,0038]P   +550mbar,T-10327mdegC
1594313763:[BUOY  ,0037]P   +550mbar
1594313763:[STAGE ,0080]Stage [0] 5000mbar (+/-500mbar) 1800s (<1594315559s) 
1594313825:[PRESS ,0038]P   +690mbar,T+16920mdegC
1594313832:[PRESS ,0038]P   +700mbar,T-21369mdegC
1594313834:[PRESS ,0038]P   +700mbar,T+27960mdegC
1594313843:[PRESS ,0038]P   +730mbar,T-10327mdegC
1594313845:[PRESS ,0038]P   +710mbar,T+27960mdegC
1594313847:[PRESS ,0038]P   +730mbar,T  +710mdegC
1594313848:[PRESS ,0038]P   +730mbar,T+16920mdegC
1594313850:[BUOY  ,0087]from +2mbar/s to +4mbar/s
1594313850:[BUOY  ,0090]need to transfer -20mL (valve during 9444ms)
1594313850:[VALVE ,0034]valve opening 9444ms
1594313860:[VALVE ,0234]battery 15106mV,  499224uA, P   +730mbar
1594313911:[PRESS ,0038]P   +830mbar,T+16920mdegC
1594313913:[PRESS ,0038]P   +830mbar,T-21369mdegC
1594313915:[PRESS ,0038]P   +840mbar,T-10327mdegC
1594313922:[PRESS ,0038]P   +850mbar,T+16920mdegC
1594313924:[PRESS ,0038]P   +850mbar,T-10327mdegC
1594313925:[PRESS ,0038]P   +850mbar,T+27960mdegC
1594313929:[PRESS ,0038]P   +870mbar,T-10327mdegC
1594313931:[PRESS ,0038]P   +870mbar,T+16920mdegC
1594313933:[PRESS ,0038]P   +880mbar,T-10327mdegC
1594313934:[PRESS ,0038]P   +880mbar,T+27960mdegC
1594313936:[PRESS ,0038]P   +870mbar,T-10327mdegC
1594313936:[BUOY  ,0087]from +2mbar/s to +4mbar/s
1594313936:[BUOY  ,0090]need to transfer -20mL (valve during 8793ms)
1594313936:[VALVE ,0034]valve opening 8793ms
1594313945:[VALVE ,0234]battery 15106mV,  495076uA, P   +870mbar
1594313997:[PRESS ,0038]P  +1080mbar,T-21369mdegC
1594313999:[PRESS ,0038]P  +1070mbar,T+16920mdegC
1594314004:[PRESS ,0038]P  +1100mbar,T-10327mdegC
1594314006:[PRESS ,0038]P  +1110mbar,T+16920mdegC
1594314008:[PRESS ,0038]P  +1120mbar,T+27960mdegC
1594314010:[PRESS ,0038]P  +1120mbar,T+16920mdegC
1594314015:[PRESS ,0038]P  +1150mbar,T-10327mdegC
1594314083:[PRESS ,0038]P  +1300mbar,T-21369mdegC
1594314086:[PRESS ,0038]P  +1330mbar,T+16920mdegC
1594314088:[PRESS ,0038]P  +1320mbar,T-21369mdegC
1594314090:[PRESS ,0038]P  +1330mbar,T-10327mdegC
1594314092:[PRESS ,0038]P  +1340mbar,T+16920mdegC
1594314097:[PRESS ,0038]P  +1330mbar,T-10327mdegC
1594314099:[PRESS ,0038]P  +1340mbar,T+27960mdegC
1594314101:[PRESS ,0038]P  +1350mbar,T-10327mdegC
1594314102:[PRESS ,0038]P  +1350mbar,T+16920mdegC
1594314106:[PRESS ,0038]P  +1340mbar,T-10327mdegC
1594314108:[PRESS ,0038]P  +1360mbar,T+16920mdegC
1594314108:[BUOY  ,0087]from +2mbar/s to +4mbar/s
1594314108:[BUOY  ,0090]need to transfer -20mL (valve during 7083ms)
1594314108:[VALVE ,0034]valve opening 7083ms
1594314115:[VALVE ,0234]battery 15123mV,  497760uA, P  +1360mbar
1594314169:[PRESS ,0038]P  +1550mbar,T-21369mdegC
1594314174:[PRESS ,0038]P  +1570mbar,T+16920mdegC
1594314178:[PRESS ,0038]P  +1590mbar,T-10327mdegC
1594314183:[PRESS ,0038]P  +1590mbar,T+16920mdegC
1594314185:[PRESS ,0038]P  +1610mbar,T-10327mdegC
1594314187:[PRESS ,0038]P  +1610mbar,T+27960mdegC
1594314188:[PRESS ,0038]P  +1610mbar,T-10327mdegC
1594314192:[PRESS ,0038]P  +1630mbar,T+27960mdegC
1594314194:[PRESS ,0038]P  +1640mbar,T-10327mdegC
1594314254:[PRESS ,0038]P  +1810mbar,T+16920mdegC
1594314260:[PRESS ,0038]P  +1820mbar,T-21369mdegC
1594314262:[PRESS ,0038]P  +1830mbar,T+16920mdegC
1594314265:[PRESS ,0038]P  +1830mbar,T-21369mdegC
1594314267:[PRESS ,0038]P  +1840mbar,T+16920mdegC
1594314269:[PRESS ,0038]P  +1840mbar,T-21369mdegC
1594314271:[PRESS ,0038]P  +1840mbar,T+16920mdegC
1594314279:[PRESS ,0038]P  +1850mbar,T-10327mdegC
1594314279:[BUOY  ,0087]from +2mbar/s to +4mbar/s
1594314280:[BUOY  ,0090]need to transfer -20mL (valve during 5930ms)
1594314280:[VALVE ,0034]valve opening 5930ms
1594314286:[VALVE ,0234]battery 15140mV,  498858uA, P  +1850mbar
1594314340:[PRESS ,0038]P  +1970mbar,T-10327mdegC
1594314342:[PRESS ,0038]P  +1970mbar,T+16920mdegC
1594314346:[PRESS ,0038]P  +1980mbar,T-10327mdegC
1594314348:[PRESS ,0038]P  +1980mbar,T+27960mdegC
1594314349:[PRESS ,0038]P  +1990mbar,T-10327mdegC
1594314351:[PRESS ,0038]P  +2000mbar,T+16920mdegC
1594314358:[PRESS ,0038]P  +2010mbar,T-10327mdegC
1594314360:[PRESS ,0038]P  +2010mbar,T+16920mdegC
1594314362:[PRESS ,0038]P  +2010mbar,T-10327mdegC
1594314364:[PRESS ,0038]P  +2010mbar,T+27960mdegC
1594314365:[PRESS ,0038]P  +2020mbar,T-10327mdegC
1594314365:[BUOY  ,0087]from +2mbar/s to +4mbar/s
1594314366:[BUOY  ,0090]need to transfer -20mL (valve during 5795ms)
1594314366:[VALVE ,0034]valve opening 5795ms
1594314371:[VALVE ,0234]battery 15141mV,  497150uA, P  +2020mbar
1594314426:[PRESS ,0038]P  +2210mbar,T-10327mdegC
1594314437:[PRESS ,0038]P  +2270mbar,T-10327mdegC
1594314441:[PRESS ,0038]P  +2270mbar,T+27960mdegC
1594314442:[PRESS ,0038]P  +2280mbar,T-10327mdegC
1594314446:[PRESS ,0038]P  +2290mbar,T+27960mdegC
1594314448:[PRESS ,0038]P  +2290mbar,T-10327mdegC
1594314512:[PRESS ,0038]P  +2550mbar,T+16920mdegC
1594314516:[PRESS ,0038]P  +2560mbar,T-10327mdegC
1594314517:[PRESS ,0038]P  +2560mbar,T+16920mdegC
1594314521:[PRESS ,0038]P  +2570mbar,T  +710mdegC
1594314523:[PRESS ,0038]P  +2560mbar,T-10327mdegC
1594314533:[PRESS ,0038]P  +2600mbar,T+27960mdegC
1594314535:[PRESS ,0038]P  +2610mbar,T  +710mdegC
1594314537:[PRESS ,0038]P  +2610mbar,T+16920mdegC
1594314598:[PRESS ,0038]P  +2760mbar,T+16920mdegC
1594314599:[PRESS ,0038]P  +2770mbar,T-10327mdegC
1594314601:[PRESS ,0038]P  +2760mbar,T+27960mdegC
1594314603:[PRESS ,0038]P  +2770mbar,T+16920mdegC
1594314605:[PRESS ,0038]P  +2770mbar,T+27960mdegC
1594314607:[PRESS ,0038]P  +2780mbar,T+16920mdegC
1594314608:[PRESS ,0038]P  +2790mbar,T  +710mdegC
1594314610:[PRESS ,0038]P  +2790mbar,T-10327mdegC
1594314683:[PRESS ,0038]P  +2950mbar,T-10327mdegC
1594314687:[PRESS ,0038]P  +2960mbar,T+27960mdegC
1594314689:[PRESS ,0038]P  +2960mbar,T+16920mdegC
1594314691:[PRESS ,0038]P  +2970mbar,T-10327mdegC
1594314694:[PRESS ,0038]P  +2980mbar,T+27960mdegC
1594314696:[PRESS ,0038]P  +2980mbar,T-10327mdegC
1594314701:[PRESS ,0038]P  +2990mbar,T+16920mdegC
1594314703:[PRESS ,0038]P  +3000mbar,T-10327mdegC
1594314769:[PRESS ,0038]P  +3190mbar,T+27960mdegC
1594314771:[PRESS ,0038]P  +3200mbar,T-10327mdegC
1594314776:[PRESS ,0038]P  +3210mbar,T+27960mdegC
1594314780:[PRESS ,0038]P  +3220mbar,T-10327mdegC
1594314782:[PRESS ,0038]P  +3210mbar,T+16920mdegC
1594314783:[PRESS ,0038]P  +3220mbar,T-10327mdegC
1594314785:[PRESS ,0038]P  +3220mbar,T+27960mdegC
1594314787:[PRESS ,0038]P  +3240mbar,T-10327mdegC
1594314789:[PRESS ,0038]P  +3230mbar,T+27960mdegC
1594314791:[PRESS ,0038]P  +3230mbar,T-10327mdegC
1594314855:[PRESS ,0038]P  +3400mbar,T-10327mdegC
1594314858:[PRESS ,0038]P  +3410mbar,T+27960mdegC
1594314860:[PRESS ,0038]P  +3410mbar,T-10327mdegC
1594314864:[PRESS ,0038]P  +3420mbar,T+27960mdegC
1594314867:[PRESS ,0038]P  +3420mbar,T-10327mdegC
1594314873:[PRESS ,0038]P  +3450mbar,T+27960mdegC
1594314874:[PRESS ,0038]P  +3450mbar,T-10327mdegC
1594314876:[PRESS ,0038]P  +3460mbar,T+27960mdegC
1594314878:[PRESS ,0038]P  +3460mbar,T-10327mdegC
1594314880:[PRESS ,0038]P  +3480mbar,T+27960mdegC
1594314941:[PRESS ,0038]P  +3630mbar,T+16920mdegC
1594314942:[PRESS ,0038]P  +3630mbar,T+27960mdegC
1594314944:[PRESS ,0038]P  +3640mbar,T-10327mdegC
1594314948:[PRESS ,0038]P  +3640mbar,T+16920mdegC
1594314951:[PRESS ,0038]P  +3660mbar,T-10327mdegC
1594314957:[PRESS ,0038]P  +3660mbar,T+27960mdegC
1594314958:[PRESS ,0038]P  +3670mbar,T-10327mdegC
1594314960:[PRESS ,0038]P  +3690mbar,T+27960mdegC
1594314964:[PRESS ,0038]P  +3700mbar,T-10327mdegC
1594314966:[PRESS ,0038]P  +3700mbar,T+27960mdegC
1594315026:[PRESS ,0038]P  +3850mbar,T-10327mdegC
1594315028:[PRESS ,0038]P  +3840mbar,T+27960mdegC
1594315030:[PRESS ,0038]P  +3840mbar,T-10327mdegC
1594315034:[PRESS ,0038]P  +3860mbar,T+27960mdegC
1594315035:[PRESS ,0038]P  +3860mbar,T-10327mdegC
1594315046:[PRESS ,0038]P  +3890mbar,T+27960mdegC
1594315050:[PRESS ,0038]P  +3900mbar,T+16920mdegC
1594315051:[PRESS ,0038]P  +3910mbar,T-10327mdegC
1594315112:[PRESS ,0038]P  +4090mbar,T-10327mdegC
1594315114:[PRESS ,0038]P  +4090mbar,T+27960mdegC
1594315117:[PRESS ,0038]P  +4100mbar,T-10327mdegC
1594315119:[PRESS ,0038]P  +4110mbar,T+27960mdegC
1594315121:[PRESS ,0038]P  +4110mbar,T-10327mdegC
1594315123:[PRESS ,0038]P  +4120mbar,T+27960mdegC
1594315128:[PRESS ,0038]P  +4140mbar,T  +710mdegC
1594315130:[PRESS ,0038]P  +4140mbar,T-10327mdegC
1594315134:[PRESS ,0038]P  +4160mbar,T+27960mdegC
1594315135:[PRESS ,0038]P  +4160mbar,T  +710mdegC
1594315137:[PRESS ,0038]P  +4170mbar,T+27960mdegC
1594315198:[PRESS ,0038]P  +4380mbar,T-10327mdegC
1594315200:[PRESS ,0038]P  +4380mbar,T+27960mdegC
1594315201:[PRESS ,0038]P  +4380mbar,T  +710mdegC
1594315205:[PRESS ,0038]P  +4400mbar,T-10327mdegC
1594315207:[PRESS ,0038]P  +4410mbar,T+27960mdegC
1594315210:[PRESS ,0038]P  +4410mbar,T-10327mdegC
1594315212:[PRESS ,0038]P  +4420mbar,T+27960mdegC
1594315214:[PRESS ,0038]P  +4440mbar,T  +710mdegC
1594315218:[PRESS ,0038]P  +4440mbar,T+27960mdegC
1594315219:[PRESS ,0038]P  +4450mbar,T-10327mdegC
1594315221:[PRESS ,0038]P  +4460mbar,T+27960mdegC
1594315223:[BUOY  ,0087]from +4mbar/s to +2mbar/s
1594315223:[BUOY  ,0089]need to transfer +20mL (pump during 23980ms)
1594315231:[PUMP  ,0207]battery 15467mV,   18788uA (warmup), P  +4460mbar
1594315231:[PUMP  ,0016]pump during 23980ms
1594315254:[PUMP  ,0212]battery 15282mV,  313906uA (steady state), P  +4460mbar
1594315287:[PRESS ,0038]P  +4620mbar,T+16920mdegC
1594315289:[PRESS ,0038]P  +4630mbar,T+27960mdegC
1594315291:[PRESS ,0038]P  +4640mbar,T-10327mdegC
1594315294:[PRESS ,0038]P  +4630mbar,T+27960mdegC
1594315296:[PRESS ,0038]P  +4630mbar,T-10327mdegC
1594315298:[PRESS ,0038]P  +4630mbar,T+27960mdegC
1594315301:[PRESS ,0038]P  +4630mbar,T  +710mdegC
1594315303:[PRESS ,0038]P  +4640mbar,T+27960mdegC
1594315305:[PRESS ,0038]P  +4630mbar,T-26541mdegC
1594315307:[PRESS ,0038]P  +4630mbar,T  +710mdegC
1594315309:[PRESS ,0038]P  +4640mbar,T+27960mdegC
1594315312:[PRESS ,0038]P  +4640mbar,T  +710mdegC
1594315312:[STAGE ,0213]4640mbar reached at 1594315312s, ref 5000mbar +/-500mbar
1594315373:[PRESS ,0038]P  +4670mbar,T+27960mdegC
1594315434:[PRESS ,0038]P  +4690mbar,T-10327mdegC
1594315555:[PRESS ,0038]P  +4690mbar,T+16920mdegC
1594315616:[PRESS ,0038]P  +4720mbar,T-10327mdegC
1594315616:[MAIN  ,0140]stage[0] complete 1857s after mission start
1594315616:[MAIN  ,0056]stage[1]
1594315618:[MAIN  ,0024]internal pressure 82312Pa
1594315619:[PRESS ,0038]P  +4710mbar,T+27960mdegC
1594315619:[BUOY  ,0037]P  +4710mbar
1594315619:[STAGE ,0080]Stage [1] 5000mbar (+/-500mbar) 1800s (<1594317359s) 
1594315621:[STAGE ,0213]4720mbar reached at 1594315621s, ref 5000mbar +/-500mbar
1594315681:[PRESS ,0038]P  +4750mbar,T-10327mdegC
1594315742:[PRESS ,0038]P  +4780mbar,T+27960mdegC
1594315803:[PRESS ,0038]P  +4840mbar,T+27960mdegC
1594315863:[PRESS ,0038]P  +4890mbar,T  +710mdegC
1594315924:[PRESS ,0038]P  +4960mbar,T  +710mdegC
1594315985:[PRESS ,0038]P  +5020mbar,T  +710mdegC
1594315985:[BUOY  ,0087]from +1mbar/s to +0mbar/s
1594315985:[BUOY  ,0089]need to transfer +2mL (pump during 2397ms)
1594315993:[PUMP  ,0207]battery 15481mV,   18666uA (warmup), P  +5020mbar
1594315993:[PUMP  ,0016]pump during 2397ms
1594316049:[PRESS ,0038]P  +5060mbar,T-10327mdegC
1594316050:[PRESS ,0038]P  +5060mbar,T+27960mdegC
1594316052:[PRESS ,0038]P  +5050mbar,T-10327mdegC
1594316054:[PRESS ,0038]P  +5060mbar,T+27960mdegC
1594316058:[PRESS ,0038]P  +5050mbar,T  +710mdegC
1594316061:[PRESS ,0038]P  +5060mbar,T+27960mdegC
1594316063:[PRESS ,0038]P  +5060mbar,T-10327mdegC
1594316065:[PRESS ,0038]P  +5060mbar,T  +710mdegC
1594316067:[PRESS ,0038]P  +5070mbar,T+27960mdegC
1594316195:[PRESS ,0038]P  +5130mbar,T  +710mdegC
1594316256:[PRESS ,0038]P  +5150mbar,T+27960mdegC
1594316377:[PRESS ,0038]P  +5220mbar,T-26541mdegC
1594316438:[PRESS ,0038]P  +5250mbar,T+27960mdegC
1594316438:[BUOY  ,0087]from +1mbar/s to +0mbar/s
1594316438:[BUOY  ,0089]need to transfer +2mL (pump during 2393ms)
1594316446:[PUMP  ,0207]battery 15492mV,   18666uA (warmup), P  +5250mbar
1594316446:[PUMP  ,0016]pump during 2393ms
1594316503:[PRESS ,0038]P  +5260mbar,T-26541mdegC
1594316505:[PRESS ,0038]P  +5260mbar,T+27960mdegC
1594316507:[PRESS ,0038]P  +5250mbar,T  +710mdegC
1594316512:[PRESS ,0038]P  +5260mbar,T-26541mdegC
1594316523:[PRESS ,0038]P  +5250mbar,T  +710mdegC
1594316525:[PRESS ,0038]P  +5260mbar,T+27960mdegC
1594316527:[PRESS ,0038]P  +5240mbar,T-26541mdegC
1594316587:[PRESS ,0038]P  +5230mbar,T+27960mdegC
1594316648:[PRESS ,0038]P  +5170mbar,T  +710mdegC
1594316709:[PRESS ,0038]P  +5130mbar,T+27960mdegC
1594316951:[PRESS ,0038]P  +5110mbar,T-26541mdegC
1594317012:[PRESS ,0038]P  +5150mbar,T  +710mdegC
1594317073:[PRESS ,0038]P  +5180mbar,T+27960mdegC
1594317133:[PRESS ,0038]P  +5200mbar,T  +710mdegC
1594317194:[PRESS ,0038]P  +5200mbar,T+27960mdegC
1594317255:[PRESS ,0038]P  +5230mbar,T  +710mdegC
1594317315:[PRESS ,0038]P  +5200mbar,T+27960mdegC
1594317376:[PRESS ,0038]P  +5220mbar,T  +710mdegC
1594317376:[MAIN  ,0140]stage[1] complete 3617s after mission start
1594317376:[MRMAID,0188]acq already stopped
1594317437:[MSSION,0192]mission stopped, 2 stage(s) done
1594317437:[MAIN  ,0065]surfacing
1594317438:[SURFIN,0036]P  +5250mbar
1594317447:[PUMP  ,0207]battery 15506mV,   18666uA (warmup), P  +5250mbar
1594317447:[PUMP  ,0016]pump during 60000ms
1594317506:[PUMP  ,0212]battery 15312mV,  320738uA (steady state), P  +5250mbar
1594317563:[PRESS ,0038]P  +4990mbar,T  +710mdegC
1594317565:[PRESS ,0038]P  +4980mbar,T+27960mdegC
1594317570:[PRESS ,0038]P  +4960mbar,T  +710mdegC
1594317572:[PRESS ,0038]P  +4970mbar,T+27960mdegC
1594317574:[PRESS ,0038]P  +4950mbar,T  +710mdegC
1594317579:[PRESS ,0038]P  +4940mbar,T+27960mdegC
1594317581:[PRESS ,0038]P  +4930mbar,T  +710mdegC
1594317585:[PRESS ,0038]P  +4920mbar,T-26541mdegC
1594317587:[PRESS ,0038]P  +4910mbar,T  +710mdegC
1594317596:[PUMP  ,0207]battery 15418mV,   18544uA (warmup), P  +4900mbar
1594317597:[PUMP  ,0016]pump during 60000ms
1594317655:[PUMP  ,0212]battery 15231mV,  316712uA (steady state), P  +4900mbar
1594317713:[PRESS ,0038]P  +4280mbar,T  +710mdegC
1594317717:[PRESS ,0038]P  +4240mbar,T+27960mdegC
1594317720:[PRESS ,0038]P  +4220mbar,T  +710mdegC
1594317726:[PRESS ,0038]P  +4210mbar,T+27960mdegC
1594317727:[PRESS ,0038]P  +4190mbar,T  +710mdegC
1594317733:[PRESS ,0038]P  +4170mbar,T+27960mdegC
1594317735:[PRESS ,0038]P  +4160mbar,T+11743mdegC
1594317746:[PUMP  ,0207]battery 15356mV,   18666uA (warmup), P  +4140mbar
1594317746:[PUMP  ,0016]pump during 60000ms
1594317805:[PUMP  ,0212]battery 15171mV,  312686uA (steady state), P  +4140mbar
1594317863:[PRESS ,0038]P  +3330mbar,T+27960mdegC
1594317867:[PRESS ,0038]P  +3310mbar,T  +710mdegC
1594317870:[PRESS ,0038]P  +3290mbar,T+27960mdegC
1594317872:[PRESS ,0038]P  +3280mbar,T  +710mdegC
1594317874:[PRESS ,0038]P  +3260mbar,T-26541mdegC
1594317876:[PRESS ,0038]P  +3250mbar,T+11743mdegC
1594317877:[PRESS ,0038]P  +3260mbar,T-26541mdegC
1594317884:[PRESS ,0038]P  +3200mbar,T+11743mdegC
1594317886:[PRESS ,0038]P  +3190mbar,T-26541mdegC
1594317888:[PRESS ,0038]P  +3180mbar,T+11743mdegC
1594317896:[PUMP  ,0207]battery 15313mV,   18666uA (warmup), P  +3180mbar
1594317896:[PUMP  ,0016]pump during 60000ms
1594317955:[PUMP  ,0212]battery 15131mV,  306342uA (steady state), P  +3180mbar
1594318013:[PRESS ,0038]P  +2210mbar,T  +710mdegC
1594318017:[PRESS ,0038]P  +2200mbar,T+27960mdegC
1594318022:[PRESS ,0038]P  +2170mbar,T  +710mdegC
1594318030:[PRESS ,0038]P  +2140mbar,T-26541mdegC
1594318032:[PRESS ,0038]P  +2110mbar,T  +710mdegC
1594318037:[PRESS ,0038]P  +2080mbar,T+11743mdegC
1594318039:[PRESS ,0038]P  +2070mbar,T-26541mdegC
1594318047:[PUMP  ,0207]battery 15286mV,   18788uA (warmup), P  +2070mbar
1594318047:[PUMP  ,0016]pump during 2070ms
1594318106:[PUMP  ,0212]battery 15102mV,  309636uA (steady state), P  +2070mbar
1594318164:[PRESS ,0038]P  +1210mbar,T  +710mdegC
1594318165:[PRESS ,0038]P  +1200mbar,T+27960mdegC
1594318167:[PRESS ,0038]P  +1200mbar,T  +710mdegC
1594318169:[PRESS ,0038]P  +1180mbar,T+27960mdegC
1594318171:[PRESS ,0038]P  +1170mbar,T  +710mdegC
1594318176:[PRESS ,0038]P  +1140mbar,T-26541mdegC
1594318178:[PRESS ,0038]P  +1120mbar,T  +710mdegC
1594318181:[PRESS ,0038]P  +1100mbar,T-26541mdegC
1594318185:[PRESS ,0038]P  +1080mbar,T  +710mdegC
1594318197:[PUMP  ,0207]battery 15267mV,   18788uA (warmup), P  +1060mbar
1594318197:[PUMP  ,0016]pump during 60000ms
1594318256:[PUMP  ,0212]battery 15088mV,  301218uA (steady state), P  +1060mbar
1594318313:[PRESS ,0038]P   +240mbar,T  +710mdegC
1594318319:[PRESS ,0038]P   +210mbar,T+27960mdegC
1594318321:[PRESS ,0038]P   +200mbar,T-26541mdegC
1594318326:[PRESS ,0038]P   +180mbar,T+11743mdegC
1594318328:[PRESS ,0038]P   +170mbar,T  +710mdegC
1594318330:[PRESS ,0038]P   +150mbar,T+11743mdegC
1594318331:[PRESS ,0038]P   +140mbar,T-26541mdegC
1594318335:[PRESS ,0038]P   +130mbar,T+11743mdegC
1594318337:[PRESS ,0038]P   +110mbar,T-26541mdegC
1594318340:[PRESS ,0038]P    +90mbar,T+11743mdegC
1594318342:[PRESS ,0038]P    +60mbar,T  +710mdegC
1594318342:[SURFIN,0020]filling external bladder
1594318350:[PUMP  ,0207]battery 15258mV,   18910uA (warmup), P    +60mbar
1594318350:[PUMP  ,0016]pump during 300000ms
1594318649:[PUMP  ,0212]battery 14823mV,  989420uA (steady state), P    +60mbar
1594318660:[PUMP  ,0207]battery 14786mV,   19032uA (warmup), P    +60mbar
1594318660:[PUMP  ,0016]pump during 300000ms
1594318742:[PUMP  ,0212]battery 14455mV,  938058uA (steady state), P    +60mbar
1594318744:[SURFIN,0019]external bladder full
1594318753:[PRESS ,0038]P    +50mbar,T-26541mdegC
1594318760:[PRESS ,0038]P    +70mbar,T  +710mdegC
1594318762:[PRESS ,0038]P    +50mbar,T-26541mdegC
1594318769:[PRESS ,0038]P    +50mbar,T  +710mdegC
1594318806:[MAIN  ,0272]Vbat 14999mV (min 14925mV)
1594318808:[MAIN  ,0024]internal pressure 79676Pa
1594318808:[MAIN  ,0043]Pext 61mbar (rng 30mbar)
1594318808:[MAIN  ,0064]surface
1594318823:[SURF  ,0022]GPS fix...
1594318843:[SURF  ,0015]10 PPS detected...
1594318844:[MRMAID,0052]Mermaid $GPSACK:+0,+0,+0,+0,+0,+0,-1525;
1594318854:[MRMAID,0052]Mermaid $GPSOFF:3686343;
1594318855:[GPSFIX,0179]+0s diff
1594318855:[SURF  ,0222]2020-07-09T18:20:55
1594318855:[SURF  ,0082]Latitude : N43deg40.941mn, Longitude :E007deg19.179mn
1594318855:[SURF  ,0223]fix3D,9satellites
1594318855:[SURF  ,0084]GPS fix GPGSA : hdop0.810,vdop1.340
1594318865:[SURF  ,0274]last almanac : 28314
1594318878:[MRMAID,0026]1555 bytes in 0068/5F076016.MER
1594318883:[MAIN  ,0320]New pressure offset: 61mbar
1594318883:[LOGBIN,0078]*** switching to 0068/5F076023 ***
