947721243:[MONITR,0197]reboot code 0x0000, src/monitor.c@520
947721243:[MAIN  ,0007]buoy 452.120-R-0068
947721243:[MAIN  ,0055]soft pilotage 452.012.300_V2.20-20200612
947721243:[MAIN  ,0011]date 2000-01-12T23:54:03
947721249:[MAIN  ,0006]battery 15516mV,    8052uA
947721252:[MAIN  ,0024]internal pressure 80443Pa
947721253:[PRESS ,0038]P    +10mbar,T +5876mdegC
947721253:[MRMAID,0182]thread started
947721255:[MRMAID,0186]no wake-up
947721256:[MRMAID,0188]acq already stopped
947721256:[MRMAID,0052]Mermaid $BOARD:452116600-68;
947721257:[MRMAID,0052]Mermaid $SOFT:2.1344;
947721257:[TESTMD,0053]Enter in test mode? yes/no
947721257:[TESTMD,0252]0068>
947721259:[TESTMD,0050]"yes"
947721259:[TESTMD,0249]
Command list
pext    : Get external pressure
pint    : Get internal vacuum
ui      : Get voltage/current
act     : Test actuators
fillb   : Pump until filling the bladder
bpopen  : Open bypass
bpclose : Close bypass
date    : Get date
gps     : GPS synchronization
iridium : Iridium transfer
mstart  : Start mermaid acq
mstop   : Stop mermaid acq
mdata   : Get mermaid datas
mchecksd  : Start mermaid acq
mdump  : Send data REQUEST command with date and duration
s41dumpa : Get averaged CTD datas
s41dumpr : Get raw CTD datas
ls      : List files
cp      : Copy file or directory content on the desktop
rm      : Remove a file
h       : Print command list
q       : Quit

Advanced
pumps X : pompe Xs (lent)
pumpf X : pompe Xs (rapide)
evh     : ouvre l'electrovalve 30s
bypass  : ouvre le bypass 30s
dvmine  : deverminage de la carte
nominal : mode nominal pour mesure de conso
cychydr : test du circuit hydraulique
mkdir   : creer un repertoire
mv      : deplacer un fichier
ps      : liste les processus

Set params
stage   : Stage settings
buoy    : Buoy settings
p2t     : Pressure sensor settings
log     : Verb cfg
mermaid : Mermaid cfg
upload  : On/Off Irid transfer
sys  : system param settings


947721259:[TESTMD,0252]0068>
