1594113830:[MONITR,0197]reboot code 0x0000, src/monitor.c@520
1594113830:[MAIN  ,0007]buoy 452.120-R-0068
1594113830:[MAIN  ,0055]soft pilotage 452.012.300_V2.21-20200701
1594113831:[MAIN  ,0011]date 2020-07-07T09:23:51
1594113837:[MAIN  ,0006]battery 15528mV,    8296uA
1594113839:[MAIN  ,0024]internal pressure 80553Pa
1594113841:[PRESS ,0038]P    +20mbar,T +5876mdegC
1594113841:[MRMAID,0182]thread started
1594113842:[MRMAID,0186]no wake-up
1594113843:[MRMAID,0188]acq already stopped
1594113843:[MRMAID,0052]Mermaid $BOARD:452116600-68;
1594113844:[MRMAID,0052]Mermaid $SOFT:2.1344;
1594113844:[TESTMD,0053]Enter in test mode? yes/no
1594113844:[TESTMD,0252]0068>
1594113865:[TESTMD,0050]"yes"
1594113865:[TESTMD,0249]
Command list
pext    : Get external pressure
pint    : Get internal vacuum
ui      : Get voltage/current
act     : Test actuators
fillb   : Pump until filling the bladder
bpopen  : Open bypass
bpclose : Close bypass
date    : Get date
gps     : GPS synchronization
iridium : Iridium transfer
mstart  : Start mermaid acq
mstop   : Stop mermaid acq
mdata   : Get mermaid datas
mchecksd  : Start mermaid acq
mdump  : Send data REQUEST command with date and duration
s41dumpa : Get averaged CTD datas
s41dumpr : Get raw CTD datas
ls      : List files
cp      : Copy file or directory content on the desktop
rm      : Remove a file
h       : Print command list
q       : Quit

Advanced
pumps X : pompe Xs (lent)
pumpf X : pompe Xs (rapide)
evh     : ouvre l'electrovalve 30s
bypass  : ouvre le bypass 30s
dvmine  : deverminage de la carte
nominal : mode nominal pour mesure de conso
cychydr : test du circuit hydraulique
mkdir   : creer un repertoire
mv      : deplacer un fichier
ps      : liste les processus

Set params
stage   : Stage settings
buoy    : Buoy settings
p2t     : Pressure sensor settings
log     : Verb cfg
mermaid : Mermaid cfg
upload  : On/Off Irid transfer
sys  : system param settings


1594113865:[TESTMD,0252]0068>
1594113897:[TESTMD,0050]"gps"
1594113905:[SURF  ,0022]GPS fix...
1594113949:[SURF  ,0015]10 PPS detected...
1594113951:[MRMAID,0052]Mermaid $GPSACK:+50,+6,+6,+9,+22,+37,-807220;
1594113961:[MRMAID,0052]Mermaid $GPSOFF:3686341;
1594113963:[GPSFIX,0179]-1s diff
1594113964:[SURF  ,0222]2020-07-07T09:26:04
1594113964:[SURF  ,0082]Latitude : N43deg41.966mn, Longitude :E007deg18.499mn
1594113964:[SURF  ,0223]fix3D,7satellites
1594113964:[SURF  ,0084]GPS fix GPGSA : hdop1.400,vdop2.100
1594113979:[TESTMD,0252]0068>
1594113980:[TESTMD,0050]"gps"
1594113990:[SURF  ,0022]GPS fix...
1594114011:[SURF  ,0015]10 PPS detected...
1594114012:[MRMAID,0052]Mermaid $GPSACK:+0,+0,+0,+0,+0,+0,+0;
1594114022:[MRMAID,0052]Mermaid $GPSOFF:3686341;
1594114023:[GPSFIX,0179]-1s diff
1594114024:[SURF  ,0222]2020-07-07T09:27:04
1594114024:[SURF  ,0082]Latitude : N43deg41.965mn, Longitude :E007deg18.500mn
1594114024:[SURF  ,0223]fix3D,7satellites
1594114024:[SURF  ,0084]GPS fix GPGSA : hdop1.400,vdop2.090
1594114039:[TESTMD,0252]0068>
1594114040:[TESTMD,0050]"iridium"
1594114050:[SURF  ,0025]Iridium...
1594114105:[SURF  ,0009]connected in 55s, signal quality 1
1594114142:<WARN>[SURF  ,0071]timeout
1594114142:<WARN>[SURF  ,0056]peer mute
1594114147:[SURF  ,0014]disconnected after 97s
1594114152:[TESTMD,0252]0068>
1594114181:[TESTMD,0050]"iridium"
1594114192:[SURF  ,0025]Iridium...
