1594304896:[MAIN  ,0007]buoy 452.120-R-0068
1594304896:[MAIN  ,0055]soft pilotage 452.012.300_V2.21-20200701
1594304896:[MAIN  ,0010]cycle 3
1594304896:[SURF  ,0225]surface2
1594304912:[SURF  ,0022]GPS fix...
1594304933:[SURF  ,0015]10 PPS detected...
1594304934:[MRMAID,0052]Mermaid $GPSACK:+0,+0,+0,+0,+0,+0,-30;
1594304944:[MRMAID,0052]Mermaid $GPSOFF:3686343;
1594304945:[GPSFIX,0179]-1s diff
1594304946:[SURF  ,0222]2020-07-09T14:29:06
1594304946:[SURF  ,0082]Latitude : N43deg40.942mn, Longitude :E007deg19.180mn
1594304946:[SURF  ,0223]fix3D,11satellites
1594304946:[SURF  ,0084]GPS fix GPGSA : hdop0.630,vdop0.890
1594304956:[SURF  ,0025]Iridium...
1594305016:[SURF  ,0009]connected in 60s, signal quality 5
1594305096:[SURF  ,0218]prompt received, remote cmd end
1594305096:[SURF  ,0012]16 cmd(s) received
1594305115:[UPLOAD,0248]Upload data files...
1594305352:[UPLOAD,0231]"0068/5F07292B.MER" uploaded at 132bytes/s
1594305464:[UPLOAD,0231]"0068/5F070C51.BIN" uploaded at 132bytes/s
1594305480:[MAIN  ,0013]2 file(s) uploaded
1594305512:[SURF  ,0014]disconnected after 556s
1594305517:[SURFIN,0020]filling external bladder
1594305526:[PUMP  ,0207]battery 15141mV,   18544uA (warmup), P    +70mbar
1594305526:[PUMP  ,0016]pump during 300000ms
1594305535:[PUMP  ,0212]battery 14728mV,  979416uA (steady state), P    +70mbar
1594305537:[SURFIN,0019]external bladder full
1594305537:[SURF  ,0227]1st complete transfer
1594305557:[SURF  ,0022]GPS fix...
1594305578:[SURF  ,0015]10 PPS detected...
1594305579:[MRMAID,0052]Mermaid $GPSACK:+0,+0,+0,+0,+0,+1,-999969;
1594305589:[MRMAID,0052]Mermaid $GPSOFF:3686342;
1594305590:[GPSFIX,0179]-1s diff
1594305591:[SURF  ,0222]2020-07-09T14:39:51
1594305591:[SURF  ,0082]Latitude : N43deg40.942mn, Longitude :E007deg19.181mn
1594305591:[SURF  ,0223]fix3D,10satellites
1594305591:[SURF  ,0084]GPS fix GPGSA : hdop0.700,vdop1.000
1594305608:[MAIN  ,0024]internal pressure 80209Pa
1594305609:[BYCMD ,0107]    FreeRTOS V8.2.3
1594305609:[BYCMD ,0108]    FatFS v11a
1594305609:[BYCMD ,0120]    bypass 10000ms 60000ms (20000ms 60000ms stored)
1594305609:[BYCMD ,0121]    valve 60000ms 12750 (60000ms 12750 stored)
1594305609:[BYCMD ,0122]    pump 60000ms 30% 10750 80% (60000ms 30% 10750 80% stored)
1594305609:[BYCMD ,0123]    rate 2mbar/s (2mbar/s stored)
1594305609:[BYCMD ,0124]    surface 500mbar (500mbar stored)
1594305609:[BYCMD ,0125]    near 1500mbar 3mbar/s (15000mbar 3mbar/s stored)
1594305609:[BYCMD ,0126]    far 2500mbar 4mbar/s (25000mbar 4mbar/s stored)
1594305609:[BYCMD ,0127]    ascent 8mbar/s (8mbar/s stored)
1594305609:[BYCMD ,0128]    dead 60s (300s stored)
1594305609:[BYCMD ,0129]    coeff 16/10 (16/10 stored)
1594305609:[BYCMD ,0130]    stab 10 (10 stored)
1594305609:[BYCMD ,0131]    delay 900s 3600s (900s 3600s stored)
1594305609:[BYCMD ,0132]    mmtime 2880min (2880min stored)
1594305609:[BYCMD ,0133]    dv_landing 100ml (100ml stored)
1594305609:[MKDCMD,0150]    p2t37: 15x2000ms, offset 63mbar
1594305609:[P2TCMD,0151]    p2t37: dp 50mbar, dt 5000mdegC
1594305610:[STAGE ,0080]Stage [0] 5000mbar (+/-500mbar) 1800s (<1800s) 
1594305610:[STAGE ,0080]Stage [1] 5000mbar (+/-500mbar) 1800s (<3600s) MERMAID
1594305610:[MAIN  ,0070]turn off bluetooth
1594305612:[PRESS ,0038]P    -13mbar,T-10327mdegC
1594305614:[PRESS ,0038]P    -13mbar,T+16920mdegC
1594305616:[PRESS ,0038]P    -23mbar,T-10327mdegC
1594305620:[PRESS ,0038]P    -13mbar,T  +710mdegC
1594305621:[PRESS ,0038]P    -13mbar,T+27960mdegC
1594305628:[PRESS ,0038]P    -13mbar,T-10327mdegC
1594305630:[PRESS ,0038]P    -23mbar,T+27960mdegC
1594305632:[PRESS ,0038]P     -3mbar,T+16920mdegC
1594305636:[PRESS ,0038]P    -13mbar,T  +710mdegC
1594305637:[PRESS ,0038]P    -13mbar,T+27960mdegC
1594305638:[DIVING,0141]diving from -13mbar, +0mbar/s
1594305638:[BYPASS,0035]bypass opening 60000ms
1594305643:[BYPASS,0104]battery 15035mV,  259616uA (bypass opening), P    -13mbar
1594305708:[BYPASS,0106]battery 15061mV,  294020uA (bypass closing), P    -13mbar
1594305709:[PRESS ,0038]P   -103mbar,T+16920mdegC
1594305713:[PRESS ,0038]P   -113mbar,T-10327mdegC
1594305718:[PRESS ,0038]P   -103mbar,T+27960mdegC
1594305722:[PRESS ,0038]P   -103mbar,T-10327mdegC
1594305725:[PRESS ,0038]P   -103mbar,T+27960mdegC
1594305727:[PRESS ,0038]P    -93mbar,T-10327mdegC
1594305731:[PRESS ,0038]P    -93mbar,T+27960mdegC
1594305733:[PRESS ,0038]P   -103mbar,T-10327mdegC
1594305734:[PRESS ,0038]P   -103mbar,T+27960mdegC
1594305734:[BYPASS,0035]bypass opening 10000ms
1594305740:[BYPASS,0104]battery 15087mV,  258274uA (bypass opening), P   -103mbar
1594305755:[BYPASS,0106]battery 15072mV,  292922uA (bypass closing), P   -103mbar
1594305756:[PRESS ,0038]P   -103mbar,T-10327mdegC
1594305765:[PRESS ,0038]P   -123mbar,T+27960mdegC
1594305767:[PRESS ,0038]P   -123mbar,T-10327mdegC
1594305771:[PRESS ,0038]P   -103mbar,T+27960mdegC
1594305772:[PRESS ,0038]P   -113mbar,T+16920mdegC
1594305774:[PRESS ,0038]P   -103mbar,T+27960mdegC
1594305776:[PRESS ,0038]P   -103mbar,T-10327mdegC
1594305781:[BYPASS,0035]bypass opening 10000ms
1594305786:[BYPASS,0104]battery 15096mV,  265472uA (bypass opening), P    -93mbar
1594305802:[BYPASS,0106]battery 15082mV,  292068uA (bypass closing), P    -93mbar
1594305809:[PRESS ,0038]P   -103mbar,T+16920mdegC
1594305814:[PRESS ,0038]P   -103mbar,T-21369mdegC
1594305816:[PRESS ,0038]P   -103mbar,T+16920mdegC
1594305819:[PRESS ,0038]P    -93mbar,T-10327mdegC
1594305826:[PRESS ,0038]P   -103mbar,T+16920mdegC
1594305828:[BYPASS,0035]bypass opening 10000ms
1594305833:[BYPASS,0104]battery 15105mV,  260348uA (bypass opening), P    -93mbar
1594305848:[BYPASS,0106]battery 15091mV,  291458uA (bypass closing), P    -93mbar
1594305850:[PRESS ,0038]P   -103mbar,T-10327mdegC
1594305855:[PRESS ,0038]P    -93mbar,T+27960mdegC
1594305857:[PRESS ,0038]P    -93mbar,T-10327mdegC
1594305859:[PRESS ,0038]P    -93mbar,T+27960mdegC
1594305861:[PRESS ,0038]P    -93mbar,T+16920mdegC
1594305863:[PRESS ,0038]P    -93mbar,T+27960mdegC
1594305865:[PRESS ,0038]P   -103mbar,T-10327mdegC
1594305870:[PRESS ,0038]P    -93mbar,T+16920mdegC
1594305872:[PRESS ,0038]P    -93mbar,T-10327mdegC
1594305875:[BYPASS,0035]bypass opening 10000ms
1594305880:[BYPASS,0104]battery 15111mV,  263886uA (bypass opening), P    -93mbar
1594305895:[BYPASS,0106]battery 15097mV,  290848uA (bypass closing), P    -93mbar
1594305899:[PRESS ,0038]P    -93mbar,T+16920mdegC
1594305901:[PRESS ,0038]P    -83mbar,T+27960mdegC
1594305904:[PRESS ,0038]P    -93mbar,T-10327mdegC
1594305910:[PRESS ,0038]P   -103mbar,T+27960mdegC
1594305911:[PRESS ,0038]P   -103mbar,T-10327mdegC
1594305913:[PRESS ,0038]P    -93mbar,T+16920mdegC
1594305915:[PRESS ,0038]P    -93mbar,T-10327mdegC
1594305920:[PRESS ,0038]P   -103mbar,T+27960mdegC
1594305922:[PRESS ,0038]P   -103mbar,T-10327mdegC
1594305922:[BYPASS,0035]bypass opening 10000ms
1594305927:[BYPASS,0104]battery 15117mV,  263520uA (bypass opening), P   -103mbar
1594305942:[BYPASS,0106]battery 15103mV,  290238uA (bypass closing), P   -103mbar
1594305944:[PRESS ,0038]P    -83mbar,T+27960mdegC
1594305946:[PRESS ,0038]P    -83mbar,T-10327mdegC
1594305948:[PRESS ,0038]P    -83mbar,T+16920mdegC
1594305950:[PRESS ,0038]P    -73mbar,T-10327mdegC
1594305957:[PRESS ,0038]P    -93mbar,T+27960mdegC
1594305959:[PRESS ,0038]P    -93mbar,T-10327mdegC
1594305962:[PRESS ,0038]P   -103mbar,T+27960mdegC
1594305964:[PRESS ,0038]P    -83mbar,T-10327mdegC
1594305967:[PRESS ,0038]P    -83mbar,T+16920mdegC
1594305969:[PRESS ,0038]P    -73mbar,T+27960mdegC
1594305969:[BYPASS,0035]bypass opening 10000ms
1594305974:[BYPASS,0104]battery 15123mV,  262544uA (bypass opening), P    -73mbar
1594305989:[BYPASS,0106]battery 15110mV,  289628uA (bypass closing), P    -73mbar
1594305991:[PRESS ,0038]P    -83mbar,T-10327mdegC
1594305993:[PRESS ,0038]P    -83mbar,T+16920mdegC
1594305998:[PRESS ,0038]P    -73mbar,T-10327mdegC
1594306000:[PRESS ,0038]P    -63mbar,T+16920mdegC
1594306002:[PRESS ,0038]P    -73mbar,T-10327mdegC
1594306004:[PRESS ,0038]P    -73mbar,T+16920mdegC
1594306006:[PRESS ,0038]P    -73mbar,T+27960mdegC
1594306007:[PRESS ,0038]P    -53mbar,T-10327mdegC
1594306013:[PRESS ,0038]P    -63mbar,T+27960mdegC
1594306015:[PRESS ,0038]P    -53mbar,T-10327mdegC
1594306016:[PRESS ,0038]P    -63mbar,T+16920mdegC
1594306016:[BYPASS,0035]bypass opening 10000ms
1594306021:[BYPASS,0104]battery 15128mV,  261080uA (bypass opening), P    -63mbar
1594306036:[BYPASS,0106]battery 15115mV,  289018uA (bypass closing), P    -63mbar
1594306038:[PRESS ,0038]P    -13mbar,T-10327mdegC
1594306045:[PRESS ,0038]P    +47mbar,T+27960mdegC
1594306047:[PRESS ,0038]P    +57mbar,T+16920mdegC
1594306051:[PRESS ,0038]P    +77mbar,T-10327mdegC
1594306053:[PRESS ,0038]P    +87mbar,T+16920mdegC
1594306054:[PRESS ,0038]P    +87mbar,T-21369mdegC
1594306056:[PRESS ,0038]P    +97mbar,T-10327mdegC
1594306060:[PRESS ,0038]P   +107mbar,T+16920mdegC
1594306063:[PRESS ,0038]P   +117mbar,T-10327mdegC
1594306077:[PRESS ,0038]P   +147mbar,T+27960mdegC
1594306080:[PRESS ,0038]P   +157mbar,T-10327mdegC
1594306097:[PRESS ,0038]P   +167mbar,T+27960mdegC
1594306099:[PRESS ,0038]P   +177mbar,T-10327mdegC
1594306102:[PRESS ,0038]P   +187mbar,T+27960mdegC
1594306102:[BYPASS,0035]bypass opening 10000ms
1594306107:[BYPASS,0104]battery 15147mV,  262178uA (bypass opening), P   +187mbar
1594306122:[BYPASS,0106]battery 15133mV,  289506uA (bypass closing), P   +187mbar
1594306124:[PRESS ,0038]P   +297mbar,T+16920mdegC
1594306126:[PRESS ,0038]P   +307mbar,T-10327mdegC
1594306128:[PRESS ,0038]P   +317mbar,T+16920mdegC
1594306130:[PRESS ,0038]P   +337mbar,T-10327mdegC
1594306131:[PRESS ,0038]P   +347mbar,T+16920mdegC
1594306133:[PRESS ,0038]P   +357mbar,T-10327mdegC
1594306135:[PRESS ,0038]P   +377mbar,T+16920mdegC
1594306142:[PRESS ,0038]P   +427mbar,T-10327mdegC
1594306144:[PRESS ,0038]P   +437mbar,T+16920mdegC
1594306146:[PRESS ,0038]P   +457mbar,T-10327mdegC
1594306154:[PRESS ,0038]P   +527mbar,T-10327mdegC
1594306154:[DIVING,0028]527mbar reached (+8mbar/s), 9 bypass done
1594306154:[MAIN  ,0056]stage[0]
1594306157:[MAIN  ,0024]internal pressure 83725Pa
1594306158:[BUOY  ,0037]P   +557mbar
1594306158:[STAGE ,0080]Stage [0] 5000mbar (+/-500mbar) 1800s (<1594307954s) 
1594306220:[PRESS ,0038]P   +957mbar,T-10327mdegC
1594306222:[PRESS ,0038]P   +987mbar,T-21369mdegC
1594306224:[PRESS ,0038]P   +987mbar,T+16920mdegC
1594306231:[PRESS ,0038]P  +1047mbar,T+16920mdegC
1594306234:[PRESS ,0038]P  +1077mbar,T-10327mdegC
1594306238:[PRESS ,0038]P  +1087mbar,T+16920mdegC
1594306245:[PRESS ,0038]P  +1137mbar,T-10327mdegC
1594306306:[PRESS ,0038]P  +1467mbar,T+16920mdegC
1594306307:[PRESS ,0038]P  +1477mbar,T-21369mdegC
1594306309:[PRESS ,0038]P  +1477mbar,T+16920mdegC
1594306311:[PRESS ,0038]P  +1487mbar,T-21369mdegC
1594306316:[PRESS ,0038]P  +1507mbar,T+16920mdegC
1594306318:[PRESS ,0038]P  +1517mbar,T +5876mdegC
1594306320:[PRESS ,0038]P  +1527mbar,T-21369mdegC
1594306325:[PRESS ,0038]P  +1547mbar,T+16920mdegC
1594306391:[PRESS ,0038]P  +1917mbar,T-21369mdegC
1594306393:[PRESS ,0038]P  +1927mbar,T+16920mdegC
1594306395:[PRESS ,0038]P  +1937mbar,T-21369mdegC
1594306397:[PRESS ,0038]P  +1927mbar,T+16920mdegC
1594306399:[PRESS ,0038]P  +1937mbar,T-10327mdegC
1594306400:[PRESS ,0038]P  +1947mbar,T+16920mdegC
1594306404:[PRESS ,0038]P  +1967mbar,T-10327mdegC
1594306406:[PRESS ,0038]P  +1987mbar,T+27960mdegC
1594306408:[PRESS ,0038]P  +1997mbar,T-10327mdegC
1594306409:[PRESS ,0038]P  +1997mbar,T+16920mdegC
1594306413:[PRESS ,0038]P  +2007mbar,T+27960mdegC
1594306415:[PRESS ,0038]P  +2027mbar,T-10327mdegC
1594306477:[PRESS ,0038]P  +2327mbar,T-21369mdegC
1594306481:[PRESS ,0038]P  +2347mbar,T+16920mdegC
1594306483:[PRESS ,0038]P  +2347mbar,T-10327mdegC
1594306484:[PRESS ,0038]P  +2357mbar,T+16920mdegC
1594306488:[PRESS ,0038]P  +2377mbar,T-10327mdegC
1594306493:[PRESS ,0038]P  +2397mbar,T+27960mdegC
1594306497:[PRESS ,0038]P  +2407mbar,T+16920mdegC
1594306563:[PRESS ,0038]P  +2707mbar,T+16920mdegC
1594306565:[PRESS ,0038]P  +2717mbar,T-10327mdegC
1594306566:[PRESS ,0038]P  +2727mbar,T+16920mdegC
1594306577:[PRESS ,0038]P  +2757mbar,T-10327mdegC
1594306579:[PRESS ,0038]P  +2767mbar,T+16920mdegC
1594306584:[PRESS ,0038]P  +2777mbar,T-10327mdegC
1594306586:[PRESS ,0038]P  +2787mbar,T+16920mdegC
1594306588:[PRESS ,0038]P  +2797mbar,T-10327mdegC
1594306649:[PRESS ,0038]P  +3037mbar,T+16920mdegC
1594306650:[PRESS ,0038]P  +3047mbar,T-10327mdegC
1594306659:[PRESS ,0038]P  +3077mbar,T+16920mdegC
1594306661:[PRESS ,0038]P  +3087mbar,T-10327mdegC
1594306666:[PRESS ,0038]P  +3107mbar,T+27960mdegC
1594306668:[PRESS ,0038]P  +3117mbar,T+16920mdegC
1594306670:[PRESS ,0038]P  +3117mbar,T-10327mdegC
1594306734:[PRESS ,0038]P  +3347mbar,T+16920mdegC
1594306740:[PRESS ,0038]P  +3377mbar,T-10327mdegC
1594306741:[PRESS ,0038]P  +3377mbar,T+16920mdegC
1594306754:[PRESS ,0038]P  +3417mbar,T-21369mdegC
1594306756:[PRESS ,0038]P  +3437mbar,T+16920mdegC
1594306759:[PRESS ,0038]P  +3457mbar,T-10327mdegC
1594306820:[PRESS ,0038]P  +3777mbar,T-10327mdegC
1594306822:[PRESS ,0038]P  +3777mbar,T+16920mdegC
1594306823:[PRESS ,0038]P  +3797mbar,T+27960mdegC
1594306825:[PRESS ,0038]P  +3807mbar,T-10327mdegC
1594306827:[PRESS ,0038]P  +3797mbar,T+16920mdegC
1594306829:[PRESS ,0038]P  +3807mbar,T-10327mdegC
1594306831:[PRESS ,0038]P  +3827mbar,T+16920mdegC
1594306832:[PRESS ,0038]P  +3847mbar,T-10327mdegC
1594306834:[PRESS ,0038]P  +3857mbar,T+16920mdegC
1594306836:[PRESS ,0038]P  +3857mbar,T-10327mdegC
1594306838:[PRESS ,0038]P  +3877mbar,T+16920mdegC
1594306840:[PRESS ,0038]P  +3877mbar,T-10327mdegC
1594306841:[PRESS ,0038]P  +3887mbar,T-21369mdegC
1594306843:[PRESS ,0038]P  +3897mbar,T+16920mdegC
1594306845:[BUOY  ,0087]from +5mbar/s to +2mbar/s
1594306845:[BUOY  ,0089]need to transfer +34mL (pump during 40819ms)
1594306853:[PUMP  ,0207]battery 15437mV,   18910uA (warmup), P  +3897mbar
1594306853:[PUMP  ,0016]pump during 40819ms
1594306893:[PUMP  ,0212]battery 15248mV,  311344uA (steady state), P  +3897mbar
1594306909:[PRESS ,0038]P  +4137mbar,T+16920mdegC
1594306911:[PRESS ,0038]P  +4137mbar,T-10327mdegC
1594306913:[PRESS ,0038]P  +4147mbar,T+16920mdegC
1594306915:[PRESS ,0038]P  +4147mbar,T-10327mdegC
1594306920:[PRESS ,0038]P  +4167mbar,T+27960mdegC
1594306925:[PRESS ,0038]P  +4167mbar,T-10327mdegC
1594306932:[PRESS ,0038]P  +4187mbar,T+27960mdegC
1594306934:[PRESS ,0038]P  +4197mbar,T-10327mdegC
1594306995:[PRESS ,0038]P  +4357mbar,T+16920mdegC
1594307004:[PRESS ,0038]P  +4397mbar,T-10327mdegC
1594307005:[PRESS ,0038]P  +4397mbar,T-21369mdegC
1594307007:[PRESS ,0038]P  +4407mbar,T-10327mdegC
1594307009:[PRESS ,0038]P  +4417mbar,T+16920mdegC
1594307013:[PRESS ,0038]P  +4427mbar,T+27960mdegC
1594307014:[PRESS ,0038]P  +4437mbar,T-10327mdegC
1594307018:[PRESS ,0038]P  +4437mbar,T+27960mdegC
1594307020:[PRESS ,0038]P  +4447mbar,T-10327mdegC
1594307081:[PRESS ,0038]P  +4657mbar,T-10327mdegC
1594307082:[PRESS ,0038]P  +4667mbar,T+16920mdegC
1594307084:[PRESS ,0038]P  +4667mbar,T-10327mdegC
1594307086:[PRESS ,0038]P  +4667mbar,T+16920mdegC
1594307088:[PRESS ,0038]P  +4677mbar,T+27960mdegC
1594307090:[PRESS ,0038]P  +4687mbar,T-10327mdegC
1594307097:[PRESS ,0038]P  +4717mbar,T+27960mdegC
1594307098:[PRESS ,0038]P  +4717mbar,T-10327mdegC
1594307102:[PRESS ,0038]P  +4727mbar,T+27960mdegC
1594307106:[STAGE ,0213]4747mbar reached at 1594307106s, ref 5000mbar +/-500mbar
1594307106:[BUOY  ,0087]from +4mbar/s to +0mbar/s
1594307106:[BUOY  ,0089]need to transfer +26mL (pump during 31214ms)
1594307114:[PUMP  ,0207]battery 15416mV,   18788uA (warmup), P  +4747mbar
1594307114:[PUMP  ,0016]pump during 31214ms
1594307145:[PUMP  ,0212]battery 15225mV,  317444uA (steady state), P  +4747mbar
1594307170:[PRESS ,0038]P  +4897mbar,T+16920mdegC
1594307173:[PRESS ,0038]P  +4907mbar,T-10327mdegC
1594307175:[PRESS ,0038]P  +4917mbar,T+16920mdegC
1594307177:[PRESS ,0038]P  +4907mbar,T+27960mdegC
1594307180:[PRESS ,0038]P  +4907mbar,T  +710mdegC
1594307182:[PRESS ,0038]P  +4907mbar,T-10327mdegC
1594307186:[PRESS ,0038]P  +4907mbar,T+27960mdegC
1594307188:[PRESS ,0038]P  +4917mbar,T-10327mdegC
1594307189:[PRESS ,0038]P  +4907mbar,T+27960mdegC
1594307191:[PRESS ,0038]P  +4917mbar,T  +710mdegC
1594307193:[PRESS ,0038]P  +4917mbar,T+27960mdegC
1594307255:[PRESS ,0038]P  +4927mbar,T+16920mdegC
1594307377:[PRESS ,0038]P  +5027mbar,T-10327mdegC
1594307377:[BUOY  ,0087]from +1mbar/s to +0mbar/s
1594307377:[BUOY  ,0089]need to transfer +2mL (pump during 2401ms)
1594307385:[PUMP  ,0207]battery 15415mV,   18788uA (warmup), P  +5027mbar
1594307385:[PUMP  ,0016]pump during 2401ms
1594307441:[PRESS ,0038]P  +5097mbar,T-10327mdegC
1594307443:[PRESS ,0038]P  +5087mbar,T+16920mdegC
1594307444:[PRESS ,0038]P  +5077mbar,T-10327mdegC
1594307446:[PRESS ,0038]P  +5097mbar,T+16920mdegC
1594307448:[PRESS ,0038]P  +5087mbar,T-10327mdegC
1594307450:[PRESS ,0038]P  +5087mbar,T+16920mdegC
1594307452:[PRESS ,0038]P  +5087mbar,T-10327mdegC
1594307453:[PRESS ,0038]P  +5107mbar,T-21369mdegC
1594307455:[PRESS ,0038]P  +5097mbar,T+27960mdegC
1594307457:[PRESS ,0038]P  +5107mbar,T+16920mdegC
1594307459:[PRESS ,0038]P  +5107mbar,T-10327mdegC
1594307466:[PRESS ,0038]P  +5107mbar,T+16920mdegC
1594307466:[BUOY  ,0087]from +1mbar/s to +0mbar/s
1594307466:[BUOY  ,0089]need to transfer +2mL (pump during 2404ms)
1594307474:[PUMP  ,0207]battery 15422mV,   18666uA (warmup), P  +5107mbar
1594307474:[PUMP  ,0016]pump during 2404ms
1594307532:[PRESS ,0038]P  +5097mbar,T-10327mdegC
1594307533:[PRESS ,0038]P  +5097mbar,T-21369mdegC
1594307535:[PRESS ,0038]P  +5097mbar,T+27960mdegC
1594307537:[PRESS ,0038]P  +5097mbar,T-10327mdegC
1594307539:[PRESS ,0038]P  +5097mbar,T+16920mdegC
1594307541:[PRESS ,0038]P  +5097mbar,T  +710mdegC
1594307543:[PRESS ,0038]P  +5097mbar,T+27960mdegC
1594307546:[PRESS ,0038]P  +5107mbar,T-10327mdegC
1594307548:[PRESS ,0038]P  +5097mbar,T+27960mdegC
1594307616:[PRESS ,0038]P  +5107mbar,T+16920mdegC
1594307676:[PRESS ,0038]P  +5117mbar,T-10327mdegC
1594307798:[PRESS ,0038]P  +5137mbar,T+16920mdegC
1594307858:[PRESS ,0038]P  +5117mbar,T+27960mdegC
1594307919:[PRESS ,0038]P  +5107mbar,T-10327mdegC
1594307980:[MAIN  ,0140]stage[0] complete 1826s after mission start
1594307980:[MAIN  ,0056]stage[1]
1594307982:[MAIN  ,0024]internal pressure 82233Pa
1594307983:[MRMAID,0002]acq started
1594307993:[BUOY  ,0037]P  +5067mbar
1594307993:[STAGE ,0080]Stage [1] 5000mbar (+/-500mbar) 1800s (<1594309754s) MERMAID
1594307995:[PRESS ,0038]P  +5067mbar,T+27960mdegC
1594307995:[STAGE ,0213]5067mbar reached at 1594307995s, ref 5000mbar +/-500mbar
1594308116:[PRESS ,0038]P  +5057mbar,T-10327mdegC
1594308136:[MRMAID,0027]51dbar, -10degC
1594308238:[PRESS ,0038]P  +5077mbar,T+27960mdegC
1594308359:[PRESS ,0038]P  +5097mbar,T  +710mdegC
1594308420:[PRESS ,0038]P  +5087mbar,T+27960mdegC
1594308541:[PRESS ,0038]P  +5017mbar,T+27960mdegC
1594308723:[PRESS ,0038]P  +5017mbar,T-10327mdegC
1594308784:[PRESS ,0038]P  +5007mbar,T+27960mdegC
1594308844:[PRESS ,0038]P  +5017mbar,T-10327mdegC
1594308905:[PRESS ,0038]P  +5007mbar,T+27960mdegC
1594309026:[PRESS ,0038]P  +5117mbar,T+27960mdegC
1594309148:[PRESS ,0038]P  +5277mbar,T  +710mdegC
1594309208:[PRESS ,0038]P  +5377mbar,T-10327mdegC
1594309252:[MRMAID,0005]ascent request rejected
1594309269:[PRESS ,0038]P  +5447mbar,T+27960mdegC
1594309330:[PRESS ,0038]P  +5507mbar,T  +710mdegC
1594309330:<WARN>[BUOY  ,0094]stage[1] should ASCENT, stuck at 5507mbar for the #1 time
1594309330:[BUOY  ,0087]from +1mbar/s to -2mbar/s
1594309330:[BUOY  ,0089]need to transfer +8mL (pump during 9563ms)
1594309330:[MRMAID,0003]acq stopped
1594309330:[MRMAID,0052]Mermaid $MEASFS,51783,1294.127350,40.013836;
1594309339:[PUMP  ,0207]battery 15501mV,   18544uA (warmup), P  +5507mbar
1594309339:[PUMP  ,0016]pump during 9563ms
1594309348:[PUMP  ,0212]battery 15298mV,  321104uA (steady state), P  +5507mbar
1594309352:[MRMAID,0002]acq started
1594309406:[PRESS ,0038]P  +5477mbar,T-10327mdegC
1594309407:[PRESS ,0038]P  +5467mbar,T+27960mdegC
1594309411:[PRESS ,0038]P  +5467mbar,T  +710mdegC
1594309418:[PRESS ,0038]P  +5467mbar,T-26541mdegC
1594309420:[PRESS ,0038]P  +5467mbar,T  +710mdegC
1594309422:[PRESS ,0038]P  +5467mbar,T+11743mdegC
1594309424:[PRESS ,0038]P  +5457mbar,T  +710mdegC
1594309427:[PRESS ,0038]P  +5467mbar,T+27960mdegC
1594309429:[PRESS ,0038]P  +5467mbar,T-26541mdegC
1594309490:[PRESS ,0038]P  +5417mbar,T+27960mdegC
1594309548:[MRMAID,0027]54dbar, 28degC
1594309611:[PRESS ,0038]P  +5337mbar,T+27960mdegC
1594309672:[PRESS ,0038]P  +5277mbar,T+27960mdegC
1594309793:[PRESS ,0038]P  +5197mbar,T-26541mdegC
1594309793:[MAIN  ,0140]stage[1] complete 3639s after mission start
1594310397:<ERR>[MRMAID,0008]acq not stopped
1594310649:[MRMAID,0052]Mermaid $ST$MEASFS,49815,1244.944183,40.013842;
1594310651:[MRMAID,0183]dropping spurious '0x4F'
1594310651:[MRMAID,0183]dropping spurious '0x50'
1594310651:[MRMAID,0183]dropping spurious '0x41'
1594310651:[MRMAID,0183]dropping spurious '0x43'
1594310651:[MRMAID,0183]dropping spurious '0x4B'
1594310651:[MRMAID,0183]dropping spurious '0x3A'
1594310651:[MRMAID,0183]dropping spurious '0x2B'
1594310651:[MRMAID,0183]dropping spurious '0x31'
1594310651:[MRMAID,0183]dropping spurious '0x3B'
1594310651:[MRMAID,0185]9 spurious byte(s) received
1594310665:[MRMAID,0005]ascent request rejected
1594310699:[MRMAID,0188]acq already stopped
1594310759:[MSSION,0192]mission stopped, 2 stage(s) done
1594310759:[MAIN  ,0065]surfacing
1594310761:[PRESS ,0038]P  +5057mbar,T+27960mdegC
1594310761:[SURFIN,0036]P  +5057mbar
1594310769:[PUMP  ,0207]battery 15506mV,   18788uA (warmup), P  +5057mbar
1594310769:[PUMP  ,0016]pump during 60000ms
1594310828:[PUMP  ,0212]battery 15297mV,  325496uA (steady state), P  +5057mbar
1594310886:[PRESS ,0038]P  +4717mbar,T+27960mdegC
1594310889:[PRESS ,0038]P  +4697mbar,T  +710mdegC
1594310891:[PRESS ,0038]P  +4687mbar,T-26541mdegC
1594310895:[PRESS ,0038]P  +4677mbar,T  +710mdegC
1594310897:[PRESS ,0038]P  +4677mbar,T-26541mdegC
1594310898:[PRESS ,0038]P  +4667mbar,T  +710mdegC
1594310902:[PRESS ,0038]P  +4637mbar,T-26541mdegC
1594310904:[PRESS ,0038]P  +4637mbar,T  +710mdegC
1594310906:[PRESS ,0038]P  +4627mbar,T-26541mdegC
1594310907:[PRESS ,0038]P  +4627mbar,T  +710mdegC
1594310909:[PRESS ,0038]P  +4607mbar,T+11743mdegC
1594310911:[PRESS ,0038]P  +4597mbar,T-26541mdegC
1594310919:[PUMP  ,0207]battery 15417mV,   18788uA (warmup), P  +4597mbar
1594310919:[PUMP  ,0016]pump during 60000ms
1594310978:[PUMP  ,0212]battery 15211mV,  326960uA (steady state), P  +4597mbar
1594311036:[PRESS ,0038]P  +3937mbar,T+27960mdegC
1594311039:[PRESS ,0038]P  +3907mbar,T  +710mdegC
1594311045:[PRESS ,0038]P  +3877mbar,T-26541mdegC
1594311048:[PRESS ,0038]P  +3867mbar,T  +710mdegC
1594311050:[PRESS ,0038]P  +3847mbar,T-26541mdegC
1594311055:[PRESS ,0038]P  +3827mbar,T+11743mdegC
1594311057:[PRESS ,0038]P  +3797mbar,T  +710mdegC
1594311069:[PUMP  ,0207]battery 15351mV,   18788uA (warmup), P  +3787mbar
1594311069:[PUMP  ,0016]pump during 60000ms
1594311128:[PUMP  ,0212]battery 15151mV,  318176uA (steady state), P  +3787mbar
1594311186:[PRESS ,0038]P  +2957mbar,T  +710mdegC
1594311187:[PRESS ,0038]P  +2937mbar,T+27960mdegC
1594311189:[PRESS ,0038]P  +2927mbar,T  +710mdegC
1594311198:[PRESS ,0038]P  +2867mbar,T+27960mdegC
1594311200:[PRESS ,0038]P  +2847mbar,T-26541mdegC
1594311219:[PUMP  ,0207]battery 15306mV,   18788uA (warmup), P  +2797mbar
1594311219:[PUMP  ,0016]pump during 60000ms
1594311278:[PUMP  ,0212]battery 15110mV,  310612uA (steady state), P  +2797mbar
1594311335:[PRESS ,0038]P  +1997mbar,T-26541mdegC
1594311337:[PRESS ,0038]P  +1977mbar,T  +710mdegC
1594311343:[PRESS ,0038]P  +1947mbar,T-26541mdegC
1594311344:[PRESS ,0038]P  +1947mbar,T  +710mdegC
1594311346:[PRESS ,0038]P  +1927mbar,T-26541mdegC
1594311350:[PRESS ,0038]P  +1907mbar,T+11743mdegC
1594311353:[PRESS ,0038]P  +1887mbar,T-26541mdegC
1594311360:[PRESS ,0038]P  +1837mbar,T+11743mdegC
1594311369:[PUMP  ,0207]battery 15278mV,   18910uA (warmup), P  +1837mbar
1594311369:[PUMP  ,0016]pump during 60000ms
1594311428:[PUMP  ,0212]battery 15088mV,  297924uA (steady state), P  +1837mbar
1594311485:[PRESS ,0038]P   +957mbar,T+27960mdegC
1594311487:[PRESS ,0038]P   +947mbar,T  +710mdegC
1594311489:[PRESS ,0038]P   +937mbar,T+27960mdegC
1594311494:[PRESS ,0038]P   +917mbar,T-26541mdegC
1594311496:[PRESS ,0038]P   +897mbar,T  +710mdegC
1594311503:[PRESS ,0038]P   +857mbar,T-26541mdegC
1594311507:[PRESS ,0038]P   +847mbar,T  +710mdegC
1594311510:[PRESS ,0038]P   +807mbar,T-26541mdegC
1594311518:[PUMP  ,0207]battery 15262mV,   18910uA (warmup), P   +807mbar
1594311518:[PUMP  ,0016]pump during 60000ms
1594311577:[PUMP  ,0212]battery 15072mV,  295972uA (steady state), P   +807mbar
1594311635:[PRESS ,0038]P   +187mbar,T  +710mdegC
1594311646:[PRESS ,0038]P   +127mbar,T-26541mdegC
1594311653:[PRESS ,0038]P    +97mbar,T+11743mdegC
1594311655:[PRESS ,0038]P    +77mbar,T-26541mdegC
1594311662:[PRESS ,0038]P    +27mbar,T  +710mdegC
1594311664:[SURFIN,0020]filling external bladder
1594311672:[PUMP  ,0207]battery 15253mV,   18910uA (warmup), P    +17mbar
1594311672:[PUMP  ,0016]pump during 300000ms
1594311970:[PUMP  ,0212]battery 14790mV,  996740uA (steady state), P    +17mbar
1594311981:[PUMP  ,0207]battery 14780mV,   19032uA (warmup), P    +17mbar
1594311981:[PUMP  ,0016]pump during 300000ms
1594312063:[PUMP  ,0212]battery 14447mV,  937448uA (steady state), P    +17mbar
1594312065:[SURFIN,0019]external bladder full
1594312069:[PRESS ,0038]P    +60mbar,T+27960mdegC
1594312071:[PRESS ,0038]P    +70mbar,T-10327mdegC
1594312073:[PRESS ,0038]P    +70mbar,T  +710mdegC
1594312081:[PRESS ,0038]P    +60mbar,T+27960mdegC
1594312085:[PRESS ,0038]P    +60mbar,T  +710mdegC
1594312089:[PRESS ,0038]P    +50mbar,T-26541mdegC
1594312127:[MAIN  ,0272]Vbat 14994mV (min 14945mV)
1594312129:[MAIN  ,0024]internal pressure 79607Pa
1594312129:[MAIN  ,0043]Pext 60mbar (rng 20mbar)
1594312129:[MAIN  ,0064]surface
1594312141:[SURF  ,0022]GPS fix...
1594312161:[SURF  ,0015]10 PPS detected...
1594312162:[MRMAID,0052]Mermaid $GPSACK:+0,+0,+0,+0,+0,+0,-2014;
1594312172:[MRMAID,0052]Mermaid $GPSOFF:3686344;
1594312173:[GPSFIX,0179]+0s diff
1594312173:[SURF  ,0222]2020-07-09T16:29:33
1594312173:[SURF  ,0082]Latitude : N43deg40.940mn, Longitude :E007deg19.180mn
1594312173:[SURF  ,0223]fix3D,12satellites
1594312173:[SURF  ,0084]GPS fix GPGSA : hdop0.670,vdop0.850
1594312183:[SURF  ,0274]last almanac : 21632
1594312259:[MRMAID,0026]26027 bytes in 0068/5F0745FC.MER
1594312265:[MAIN  ,0320]New pressure offset: 60mbar
1594312265:[LOGBIN,0078]*** switching to 0068/5F074649 ***
