1594649997:[MAIN  ,0007]buoy 452.120-R-0069
1594649997:[MAIN  ,0055]soft pilotage 452.012.300_V2.22-20200709
1594649997:[MAIN  ,0010]cycle 3
1594649997:[SURF  ,0225]surface2
1594650017:[SURF  ,0022]GPS fix...
1594650038:[SURF  ,0015]10 PPS detected...
1594650039:[MRMAID,0052]Mermaid $GPSACK:+0,+0,+0,+0,+0,+0,+0;
1594650049:[MRMAID,0052]Mermaid $GPSOFF:3686290;
1594650050:[GPSFIX,0179]-1s diff
1594650051:[SURF  ,0222]2020-07-13T14:20:51
1594650051:[SURF  ,0082]Latitude : N43deg40.939mn, Longitude :E007deg19.182mn
1594650051:[SURF  ,0223]fix3D,10satellites
1594650051:[SURF  ,0084]GPS fix GPGSA : hdop0.640,vdop0.920
1594650061:[SURF  ,0025]Iridium...
1594650099:[SURF  ,0009]connected in 38s, signal quality 5
1594650168:[SURF  ,0218]prompt received, remote cmd end
1594650168:[SURF  ,0012]16 cmd(s) received
1594650189:[UPLOAD,0248]Upload data files...
1594650371:[UPLOAD,0231]"0069/5F0C6D40.MER" uploaded at 148bytes/s
1594650454:[UPLOAD,0231]"0069/5F0C51F5.BIN" uploaded at 75bytes/s
1594650475:[MAIN  ,0013]2 file(s) uploaded
1594650508:[SURF  ,0014]disconnected after 447s
1594650513:[SURFIN,0020]filling external bladder
1594650521:[PUMP  ,0207]battery 15166mV,   18422uA (warmup), P    +50mbar
1594650521:[PUMP  ,0016]pump during 300000ms
1594650529:[PUMP  ,0212]battery 14743mV,  993934uA (steady state), P    +50mbar
1594650531:[SURFIN,0019]external bladder full
1594650531:[SURF  ,0227]1st complete transfer
1594650546:[SURF  ,0022]GPS fix...
1594650567:[SURF  ,0015]10 PPS detected...
1594650568:[MRMAID,0052]Mermaid $GPSACK:+0,+0,+0,+0,+0,+0,-30;
1594650578:[MRMAID,0052]Mermaid $GPSOFF:3686290;
1594650579:[GPSFIX,0179]-1s diff
1594650580:[SURF  ,0222]2020-07-13T14:29:40
1594650580:[SURF  ,0082]Latitude : N43deg40.938mn, Longitude :E007deg19.181mn
1594650580:[SURF  ,0223]fix3D,9satellites
1594650580:[SURF  ,0084]GPS fix GPGSA : hdop0.720,vdop1.030
1594650597:[MAIN  ,0024]internal pressure 79723Pa
1594650598:[BYCMD ,0107]    FreeRTOS V8.2.3
1594650598:[BYCMD ,0108]    FatFS v11a
1594650598:[BYCMD ,0120]    bypass 10000ms 60000ms (20000ms 60000ms stored)
1594650598:[BYCMD ,0121]    valve 60000ms 12750 (60000ms 12750 stored)
1594650598:[BYCMD ,0122]    pump 60000ms 30% 10750 80% (60000ms 30% 10750 80% stored)
1594650598:[BYCMD ,0123]    rate 2mbar/s (2mbar/s stored)
1594650598:[BYCMD ,0124]    surface 500mbar (500mbar stored)
1594650598:[BYCMD ,0125]    near 1500mbar 3mbar/s (15000mbar 3mbar/s stored)
1594650598:[BYCMD ,0126]    far 2500mbar 4mbar/s (25000mbar 4mbar/s stored)
1594650598:[BYCMD ,0127]    ascent 8mbar/s (8mbar/s stored)
1594650598:[BYCMD ,0128]    dead 60s (300s stored)
1594650598:[BYCMD ,0129]    coeff 16/10 (16/10 stored)
1594650598:[BYCMD ,0130]    stab 10 (10 stored)
1594650598:[BYCMD ,0131]    delay 900s 3600s (900s 3600s stored)
1594650598:[BYCMD ,0132]    mmtime 2880min (2880min stored)
1594650598:[BYCMD ,0133]    dv_landing 100ml (100ml stored)
1594650598:[MKDCMD,0150]    p2t37: 15x2000ms, offset 56mbar
1594650599:[P2TCMD,0151]    p2t37: dp 50mbar, dt 5000mdegC
1594650599:[STAGE ,0080]Stage [0] 5000mbar (+/-500mbar) 1800s (<1800s) 
1594650599:[STAGE ,0080]Stage [1] 5000mbar (+/-500mbar) 1800s (<3600s) MERMAID
1594650599:[MAIN  ,0070]turn off bluetooth
1594650626:[DIVING,0141]diving from -6mbar, +0mbar/s
1594650626:[BYPASS,0035]bypass opening 60000ms
1594650631:[BYPASS,0104]battery 15065mV,  239120uA (bypass opening), P     -6mbar
1594650696:[BYPASS,0106]battery 15071mV,  296460uA (bypass closing), P     -6mbar
1594650698:[PRESS ,0038]P   -116mbar,T+22220mdegC
1594650723:[BYPASS,0035]bypass opening 10000ms
1594650728:[BYPASS,0104]battery 15110mV,  236802uA (bypass opening), P    -86mbar
1594650743:[BYPASS,0106]battery 15082mV,  295362uA (bypass closing), P    -86mbar
1594650769:[BYPASS,0035]bypass opening 10000ms
1594650774:[BYPASS,0104]battery 15118mV,  238876uA (bypass opening), P   -106mbar
1594650790:[BYPASS,0106]battery 15091mV,  294264uA (bypass closing), P   -106mbar
1594650816:[BYPASS,0035]bypass opening 10000ms
1594650821:[BYPASS,0104]battery 15127mV,  238998uA (bypass opening), P    -96mbar
1594650836:[BYPASS,0106]battery 15098mV,  293654uA (bypass closing), P    -96mbar
1594650863:[BYPASS,0035]bypass opening 10000ms
1594650868:[BYPASS,0104]battery 15133mV,  238998uA (bypass opening), P    -96mbar
1594650883:[BYPASS,0106]battery 15105mV,  293044uA (bypass closing), P    -96mbar
1594650909:[BYPASS,0035]bypass opening 10000ms
1594650914:[BYPASS,0104]battery 15138mV,  238266uA (bypass opening), P    -96mbar
1594650930:[BYPASS,0106]battery 15111mV,  292434uA (bypass closing), P    -96mbar
1594650931:[PRESS ,0038]P    -56mbar,T+23085mdegC
1594650956:[PRESS ,0038]P     +4mbar,T+22220mdegC
1594650973:[PRESS ,0038]P    +74mbar,T+23085mdegC
1594650987:[PRESS ,0038]P   +154mbar,T+22220mdegC
1594651003:[PRESS ,0038]P   +214mbar,T+22220mdegC
1594651017:[PRESS ,0038]P   +274mbar,T+23085mdegC
1594651039:[PRESS ,0038]P   +334mbar,T+23085mdegC
1594651056:[PRESS ,0038]P   +394mbar,T+22220mdegC
1594651072:[PRESS ,0038]P   +464mbar,T+22220mdegC
1594651088:[DIVING,0028]514mbar reached (+4mbar/s), 6 bypass done
1594651089:[MAIN  ,0056]stage[0]
1594651091:[MAIN  ,0024]internal pressure 82331Pa
1594651092:[PRESS ,0038]P   +524mbar,T+23085mdegC
1594651092:[BUOY  ,0037]P   +524mbar
1594651092:[STAGE ,0080]Stage [0] 5000mbar (+/-500mbar) 1800s (<1594652888s) 
1594651154:[PRESS ,0038]P   +714mbar,T+24812mdegC
1594651172:[PRESS ,0038]P   +774mbar,T+23085mdegC
1594651240:[PRESS ,0038]P   +954mbar,T+23948mdegC
1594651256:[PRESS ,0038]P  +1014mbar,T+23085mdegC
1594651325:[PRESS ,0038]P  +1174mbar,T+23948mdegC
1594651350:[BUOY  ,0087]from +1mbar/s to +4mbar/s
1594651350:[BUOY  ,0090]need to transfer -24mL (valve during 9000ms)
1594651350:[VALVE ,0034]valve opening 9000ms
1594651359:[VALVE ,0234]battery 15137mV,  480924uA, P  +1204mbar
1594651411:[PRESS ,0038]P  +1354mbar,T+23948mdegC
1594651435:[BUOY  ,0087]from +2mbar/s to +4mbar/s
1594651435:[BUOY  ,0090]need to transfer -20mL (valve during 6892ms)
1594651436:[VALVE ,0034]valve opening 6892ms
1594651442:[VALVE ,0234]battery 15133mV,  477020uA, P  +1394mbar
1594651496:[PRESS ,0038]P  +1564mbar,T+23948mdegC
1594651509:[PRESS ,0038]P  +1624mbar,T+23085mdegC
1594651521:[PRESS ,0038]P  +1684mbar,T+23948mdegC
1594651582:[PRESS ,0038]P  +1784mbar,T+23085mdegC
1594651607:[BUOY  ,0087]from +2mbar/s to +4mbar/s
1594651607:[BUOY  ,0090]need to transfer -20mL (valve during 6071ms)
1594651607:[VALVE ,0034]valve opening 6071ms
1594651613:[VALVE ,0234]battery 15147mV,  479582uA, P  +1834mbar
1594651667:[PRESS ,0038]P  +2044mbar,T+23948mdegC
1594651692:[BUOY  ,0087]from +2mbar/s to +4mbar/s
1594651692:[BUOY  ,0090]need to transfer -20mL (valve during 5667ms)
1594651692:[VALVE ,0034]valve opening 5667ms
1594651698:[VALVE ,0234]battery 15148mV,  477996uA, P  +2084mbar
1594651753:[PRESS ,0038]P  +2304mbar,T+22220mdegC
1594651771:[PRESS ,0038]P  +2364mbar,T+23948mdegC
1594651838:[PRESS ,0038]P  +2624mbar,T+23085mdegC
1594651863:[BUOY  ,0087]from +1mbar/s to +3mbar/s
1594651863:[BUOY  ,0090]need to transfer -12mL (valve during 3000ms)
1594651863:[VALVE ,0034]valve opening 3000ms
1594651866:[VALVE ,0234]battery 15161mV,  480070uA, P  +2654mbar
1594651924:[PRESS ,0038]P  +2764mbar,T+23085mdegC
1594651940:[PRESS ,0038]P  +2824mbar,T+23948mdegC
1594652010:[PRESS ,0038]P  +3104mbar,T+23085mdegC
1594652020:[PRESS ,0038]P  +3164mbar,T+23085mdegC
1594652095:[PRESS ,0038]P  +3474mbar,T+22220mdegC
1594652120:[PRESS ,0038]P  +3544mbar,T+22220mdegC
1594652180:[PRESS ,0038]P  +3694mbar,T+23085mdegC
1594652196:[PRESS ,0038]P  +3764mbar,T+22220mdegC
1594652205:[BUOY  ,0087]from +4mbar/s to +2mbar/s
1594652205:[BUOY  ,0089]need to transfer +20mL (pump during 24042ms)
1594652213:[PUMP  ,0207]battery 15451mV,   18910uA (warmup), P  +3784mbar
1594652213:[PUMP  ,0016]pump during 24042ms
1594652237:[PUMP  ,0212]battery 15248mV,  334280uA (steady state), P  +3784mbar
1594652269:[PRESS ,0038]P  +3944mbar,T+22220mdegC
1594652355:[PRESS ,0038]P  +4054mbar,T+23085mdegC
1594652440:[PRESS ,0038]P  +4164mbar,T+22220mdegC
1594652525:[PRESS ,0038]P  +4264mbar,T+22220mdegC
1594652611:[PRESS ,0038]P  +4414mbar,T+21356mdegC
1594652696:[PRESS ,0038]P  +4544mbar,T+21356mdegC
1594652721:[STAGE ,0213]4584mbar reached at 1594652721s, ref 5000mbar +/-500mbar
1594652782:[PRESS ,0038]P  +4664mbar,T+22220mdegC
1594652842:[PRESS ,0038]P  +4734mbar,T+21356mdegC
1594652903:[PRESS ,0038]P  +4844mbar,T+20493mdegC
1594652903:[MAIN  ,0140]stage[0] complete 1815s after mission start
1594652903:[MAIN  ,0056]stage[1]
1594652905:[MAIN  ,0024]internal pressure 81714Pa
1594652907:[MRMAID,0002]acq started
1594652917:[BUOY  ,0037]P  +4844mbar
1594652917:[STAGE ,0080]Stage [1] 5000mbar (+/-500mbar) 1800s (<1594654688s) MERMAID
1594652919:[STAGE ,0213]4864mbar reached at 1594652919s, ref 5000mbar +/-500mbar
1594652979:[PRESS ,0038]P  +4934mbar,T+21356mdegC
1594653040:[PRESS ,0038]P  +5014mbar,T+21356mdegC
1594653040:[BUOY  ,0087]from +1mbar/s to +0mbar/s
1594653040:[BUOY  ,0089]need to transfer +2mL (pump during 2395ms)
1594653040:[MRMAID,0003]acq stopped
1594653049:[PUMP  ,0207]battery 15480mV,   18666uA (warmup), P  +5014mbar
1594653049:[PUMP  ,0016]pump during 2395ms
1594653054:[MRMAID,0002]acq started
1594653139:[BUOY  ,0087]from +1mbar/s to +0mbar/s
1594653139:[BUOY  ,0089]need to transfer +2mL (pump during 2395ms)
1594653139:[MRMAID,0003]acq stopped
1594653147:[PUMP  ,0207]battery 15480mV,   18544uA (warmup), P  +5044mbar
1594653147:[PUMP  ,0016]pump during 2395ms
1594653153:[MRMAID,0002]acq started
1594653213:[PRESS ,0038]P  +5084mbar,T+20493mdegC
1594653298:[BUOY  ,0087]from +1mbar/s to +0mbar/s
1594653298:[BUOY  ,0089]need to transfer +2mL (pump during 2395ms)
1594653298:[MRMAID,0003]acq stopped
1594653307:[PUMP  ,0207]battery 15481mV,   18666uA (warmup), P  +5134mbar
1594653307:[PUMP  ,0016]pump during 2395ms
1594653312:[MRMAID,0002]acq started
1594653372:[PRESS ,0038]P  +5174mbar,T+20493mdegC
1594653397:[BUOY  ,0087]from +1mbar/s to +0mbar/s
1594653397:[BUOY  ,0089]need to transfer +2mL (pump during 2395ms)
1594653397:[MRMAID,0003]acq stopped
1594653405:[PUMP  ,0207]battery 15481mV,   18544uA (warmup), P  +5194mbar
1594653405:[PUMP  ,0016]pump during 2395ms
1594653411:[MRMAID,0002]acq started
1594653471:[PRESS ,0038]P  +5254mbar,T+20493mdegC
1594653495:[BUOY  ,0087]from +1mbar/s to +0mbar/s
1594653495:[BUOY  ,0089]need to transfer +2mL (pump during 2395ms)
1594653495:[MRMAID,0003]acq stopped
1594653504:[PUMP  ,0207]battery 15480mV,   18544uA (warmup), P  +5274mbar
1594653504:[PUMP  ,0016]pump during 2395ms
1594653510:[MRMAID,0002]acq started
1594653569:[PRESS ,0038]P  +5324mbar,T+21356mdegC
1594653665:[MRMAID,0027]53dbar, 20degC
1594654261:[PRESS ,0038]P  +5474mbar,T+20493mdegC
1594654322:[PRESS ,0038]P  +5534mbar,T+18765mdegC
1594654322:<WARN>[BUOY  ,0094]stage[1] should ASCENT, stuck at 5534mbar for the #1 time
1594654322:[BUOY  ,0087]from +0mbar/s to -2mbar/s
1594654322:[BUOY  ,0089]need to transfer +6mL (pump during 7176ms)
1594654331:[PUMP  ,0207]battery 15500mV,   19154uA (warmup), P  +5534mbar
1594654331:[PUMP  ,0016]pump during 7176ms
1594654338:[PUMP  ,0212]battery 15283mV,  349042uA (steady state), P  +5534mbar
1594654350:[MRMAID,0184]acq already started
1594654396:[PRESS ,0038]P  +5624mbar,T+19629mdegC
1594654421:<WARN>[BUOY  ,0094]stage[1] should ASCENT, stuck at 5614mbar for the #2 time
1594654421:[BUOY  ,0087]from +0mbar/s to -2mbar/s
1594654421:[BUOY  ,0089]need to transfer +6mL (pump during 7176ms)
1594654430:[PUMP  ,0207]battery 15488mV,   19154uA (warmup), P  +5614mbar
1594654430:[PUMP  ,0016]pump during 7176ms
1594654437:[PUMP  ,0212]battery 15273mV,  346114uA (steady state), P  +5614mbar
1594654450:[MRMAID,0184]acq already started
1594654496:[PRESS ,0038]P  +5534mbar,T+18765mdegC
1594654581:[PRESS ,0038]P  +5434mbar,T+19629mdegC
1594654666:[PRESS ,0038]P  +5334mbar,T+19629mdegC
1594654727:[PRESS ,0038]P  +5274mbar,T+18765mdegC
1594654727:[MAIN  ,0140]stage[1] complete 3639s after mission start
1594654765:[MRMAID,0003]acq stopped
1594654765:[MRMAID,0052]Mermaid $MEASFS,48132,1202.873504,40.014183;
1594654781:[MRMAID,0005]ascent request rejected
1594654788:[MRMAID,0188]acq already stopped
1594654848:[MSSION,0192]mission stopped, 2 stage(s) done
1594654848:[MAIN  ,0065]surfacing
1594654850:[PRESS ,0038]P  +5174mbar,T+19629mdegC
1594654850:[SURFIN,0036]P  +5174mbar
1594654858:[PUMP  ,0207]battery 15492mV,   18788uA (warmup), P  +5174mbar
1594654858:[PUMP  ,0016]pump during 60000ms
1594654917:[PUMP  ,0212]battery 15277mV,  342088uA (steady state), P  +5174mbar
1594654975:[PRESS ,0038]P  +4824mbar,T+20493mdegC
1594654992:[PRESS ,0038]P  +4754mbar,T+19629mdegC
1594655008:[PUMP  ,0207]battery 15402mV,   18788uA (warmup), P  +4734mbar
1594655008:[PUMP  ,0016]pump during 60000ms
1594655067:[PUMP  ,0212]battery 15190mV,  344772uA (steady state), P  +4734mbar
1594655124:[PRESS ,0038]P  +4024mbar,T+19629mdegC
1594655137:[PRESS ,0038]P  +3954mbar,T+19629mdegC
1594655157:[PUMP  ,0207]battery 15338mV,   18910uA (warmup), P  +3904mbar
1594655157:[PUMP  ,0016]pump during 60000ms
1594655216:[PUMP  ,0212]battery 15131mV,  336842uA (steady state), P  +3904mbar
1594655274:[PRESS ,0038]P  +3104mbar,T+18765mdegC
1594655283:[PRESS ,0038]P  +3044mbar,T+19629mdegC
1594655295:[PRESS ,0038]P  +2984mbar,T+18765mdegC
1594655307:[PUMP  ,0207]battery 15298mV,   18910uA (warmup), P  +2974mbar
1594655307:[PUMP  ,0016]pump during 60000ms
1594655366:[PUMP  ,0212]battery 15091mV,  335012uA (steady state), P  +2974mbar
1594655424:[PRESS ,0038]P  +2324mbar,T+19629mdegC
1594655434:[PRESS ,0038]P  +2264mbar,T+19629mdegC
1594655457:[PUMP  ,0207]battery 15272mV,   18910uA (warmup), P  +2214mbar
1594655457:[PUMP  ,0016]pump during 60000ms
1594655516:[PUMP  ,0212]battery 15068mV,  331352uA (steady state), P  +2214mbar
1594655573:[PRESS ,0038]P  +1384mbar,T+17902mdegC
1594655584:[PRESS ,0038]P  +1324mbar,T+18765mdegC
1594655594:[PRESS ,0038]P  +1264mbar,T+19629mdegC
1594655606:[PUMP  ,0207]battery 15257mV,   19032uA (warmup), P  +1254mbar
1594655606:[PUMP  ,0016]pump during 60000ms
1594655665:[PUMP  ,0212]battery 15055mV,  325740uA (steady state), P  +1254mbar
1594655723:[PRESS ,0038]P   +604mbar,T+19629mdegC
1594655748:[PRESS ,0038]P   +544mbar,T+20493mdegC
1594655756:[PUMP  ,0207]battery 15250mV,   19032uA (warmup), P   +544mbar
1594655756:[PUMP  ,0016]pump during 60000ms
1594655815:[PUMP  ,0212]battery 15051mV,  317688uA (steady state), P   +544mbar
1594655872:[PRESS ,0038]P   -116mbar,T+19629mdegC
1594655901:[SURFIN,0020]filling external bladder
1594655909:[PUMP  ,0207]battery 15248mV,   19032uA (warmup), P   -116mbar
1594655909:[PUMP  ,0016]pump during 300000ms
1594656203:[PUMP  ,0212]battery 14782mV, 1014430uA (steady state), P   -116mbar
1594656205:[SURFIN,0019]external bladder full
1594656207:[PRESS ,0038]P    +60mbar,T+21356mdegC
1594656268:[MAIN  ,0272]Vbat 15013mV (min 14963mV)
1594656270:[MAIN  ,0024]internal pressure 79405Pa
1594656270:[MAIN  ,0043]Pext 53mbar (rng 30mbar)
1594656270:[MAIN  ,0064]surface
1594656281:[SURF  ,0022]GPS fix...
1594656282:<WARN>[GPSFIX,0123]GPRMC ms=990 #1
1594656302:[SURF  ,0015]10 PPS detected...
1594656303:[MRMAID,0052]Mermaid $GPSACK:+0,+0,+0,+0,+0,+0,-366;
1594656313:[MRMAID,0052]Mermaid $GPSOFF:3686291;
1594656315:[GPSFIX,0179]+0s diff
1594656315:[SURF  ,0222]2020-07-13T16:05:15
1594656315:[SURF  ,0082]Latitude : N43deg40.939mn, Longitude :E007deg19.179mn
1594656315:[SURF  ,0223]fix3D,10satellites
1594656315:[SURF  ,0084]GPS fix GPGSA : hdop0.770,vdop0.840
1594656325:[SURF  ,0274]last almanac : 19610
1594656371:[MRMAID,0026]13720 bytes in 0069/5F0C864A.MER
1594656377:[MAIN  ,0320]New pressure offset: 53mbar
1594656377:[LOGBIN,0078]*** switching to 0069/5F0C8679 ***
