1594676934:[MAIN  ,0007]buoy 452.120-R-0069
1594676934:[MAIN  ,0055]soft pilotage 452.012.300_V2.22-20200709
1594676934:[MAIN  ,0010]cycle 7
1594676934:[SURF  ,0225]surface2
1594676950:[SURF  ,0022]GPS fix...
1594676970:[SURF  ,0015]10 PPS detected...
1594676971:[MRMAID,0052]Mermaid $GPSACK:+0,+0,+0,+0,+0,+0,+0;
1594676981:[MRMAID,0052]Mermaid $GPSOFF:3686291;
1594676983:[GPSFIX,0179]+0s diff
1594676983:[SURF  ,0222]2020-07-13T21:49:43
1594676983:[SURF  ,0082]Latitude : N43deg40.935mn, Longitude :E007deg19.180mn
1594676983:[SURF  ,0223]fix3D,8satellites
1594676983:[SURF  ,0084]GPS fix GPGSA : hdop0.750,vdop1.070
1594676993:[SURF  ,0025]Iridium...
1594677036:[SURF  ,0009]connected in 43s, signal quality 3
1594677106:[SURF  ,0218]prompt received, remote cmd end
1594677106:[SURF  ,0012]16 cmd(s) received
1594677129:[UPLOAD,0248]Upload data files...
1594677426:[SURF  ,0014]disconnected after 433s
1594677431:[SURFIN,0020]filling external bladder
1594677439:[PUMP  ,0207]battery 15110mV,   18422uA (warmup), P    +50mbar
1594677439:[PUMP  ,0016]pump during 300000ms
1594677445:[PUMP  ,0212]battery 14720mV,  983686uA (steady state), P    +50mbar
1594677447:[SURFIN,0019]external bladder full
1594677447:[SURF  ,0319]transfer interrupted
1594677459:[SURF  ,0022]GPS fix...
1594677480:[SURF  ,0015]10 PPS detected...
1594677481:[MRMAID,0052]Mermaid $GPSACK:+0,+0,+0,+0,+0,+1,-999969;
1594677491:[MRMAID,0052]Mermaid $GPSOFF:3686290;
1594677492:[GPSFIX,0179]-1s diff
1594677493:[SURF  ,0222]2020-07-13T21:58:13
1594677493:[SURF  ,0082]Latitude : N43deg40.934mn, Longitude :E007deg19.180mn
1594677493:[SURF  ,0223]fix3D,8satellites
1594677493:[SURF  ,0084]GPS fix GPGSA : hdop0.750,vdop1.020
1594677510:[MAIN  ,0024]internal pressure 79451Pa
1594677511:[BYCMD ,0107]    FreeRTOS V8.2.3
1594677511:[BYCMD ,0108]    FatFS v11a
1594677511:[BYCMD ,0120]    bypass 10000ms 60000ms (20000ms 60000ms stored)
1594677511:[BYCMD ,0121]    valve 60000ms 12750 (60000ms 12750 stored)
1594677511:[BYCMD ,0122]    pump 60000ms 30% 10750 80% (60000ms 30% 10750 80% stored)
1594677511:[BYCMD ,0123]    rate 2mbar/s (2mbar/s stored)
1594677511:[BYCMD ,0124]    surface 500mbar (500mbar stored)
1594677511:[BYCMD ,0125]    near 1500mbar 3mbar/s (15000mbar 3mbar/s stored)
1594677511:[BYCMD ,0126]    far 2500mbar 4mbar/s (25000mbar 4mbar/s stored)
1594677511:[BYCMD ,0127]    ascent 8mbar/s (8mbar/s stored)
1594677511:[BYCMD ,0128]    dead 60s (300s stored)
1594677511:[BYCMD ,0129]    coeff 16/10 (16/10 stored)
1594677511:[BYCMD ,0130]    stab 10 (10 stored)
1594677511:[BYCMD ,0131]    delay 900s 3600s (900s 3600s stored)
1594677511:[BYCMD ,0132]    mmtime 2880min (2880min stored)
1594677511:[BYCMD ,0133]    dv_landing 100ml (100ml stored)
1594677511:[MKDCMD,0150]    p2t37: 15x2000ms, offset 51mbar
1594677511:[P2TCMD,0151]    p2t37: dp 50mbar, dt 5000mdegC
1594677512:[STAGE ,0080]Stage [0] 5000mbar (+/-500mbar) 1800s (<1800s) 
1594677512:[STAGE ,0080]Stage [1] 5000mbar (+/-500mbar) 1800s (<3600s) MERMAID
1594677512:[MAIN  ,0070]turn off bluetooth
1594677514:[PRESS ,0038]P    -11mbar,T+22220mdegC
1594677539:[DIVING,0141]diving from -11mbar, +0mbar/s
1594677539:[BYPASS,0035]bypass opening 60000ms
1594677544:[BYPASS,0104]battery 15037mV,  236070uA (bypass opening), P    -11mbar
1594677609:[BYPASS,0106]battery 15051mV,  296948uA (bypass closing), P    -11mbar
1594677611:[PRESS ,0038]P    -91mbar,T+21356mdegC
1594677636:[BYPASS,0035]bypass opening 10000ms
1594677641:[BYPASS,0104]battery 15088mV,  232288uA (bypass opening), P   -101mbar
1594677656:[BYPASS,0106]battery 15063mV,  295850uA (bypass closing), P   -101mbar
1594677682:[BYPASS,0035]bypass opening 10000ms
1594677688:[BYPASS,0104]battery 15100mV,  235582uA (bypass opening), P   -111mbar
1594677703:[BYPASS,0106]battery 15075mV,  294996uA (bypass closing), P   -111mbar
1594677729:[BYPASS,0035]bypass opening 10000ms
1594677734:[BYPASS,0104]battery 15111mV,  238388uA (bypass opening), P    -91mbar
1594677749:[BYPASS,0106]battery 15085mV,  294264uA (bypass closing), P    -91mbar
1594677776:[BYPASS,0035]bypass opening 10000ms
1594677781:[BYPASS,0104]battery 15120mV,  238632uA (bypass opening), P   -101mbar
1594677796:[BYPASS,0106]battery 15092mV,  293654uA (bypass closing), P   -101mbar
1594677822:[BYPASS,0035]bypass opening 10000ms
1594677827:[BYPASS,0104]battery 15127mV,  238876uA (bypass opening), P    -81mbar
1594677843:[BYPASS,0106]battery 15100mV,  293044uA (bypass closing), P    -81mbar
1594677862:[PRESS ,0038]P    -31mbar,T+22220mdegC
1594677891:[PRESS ,0038]P    +29mbar,T+22220mdegC
1594677911:[BYPASS,0035]bypass opening 10000ms
1594677916:[BYPASS,0104]battery 15151mV,  238144uA (bypass opening), P    +29mbar
1594677931:[BYPASS,0106]battery 15123mV,  293410uA (bypass closing), P    +29mbar
1594677934:[PRESS ,0038]P   +109mbar,T+22220mdegC
1594677945:[PRESS ,0038]P   +169mbar,T+22220mdegC
1594677956:[PRESS ,0038]P   +229mbar,T+21356mdegC
1594677966:[PRESS ,0038]P   +289mbar,T+22220mdegC
1594677977:[PRESS ,0038]P   +359mbar,T+22220mdegC
1594677991:[PRESS ,0038]P   +439mbar,T+22220mdegC
1594678002:[PRESS ,0038]P   +499mbar,T+21356mdegC
1594678006:[DIVING,0028]519mbar reached (+6mbar/s), 7 bypass done
1594678007:[MAIN  ,0056]stage[0]
1594678009:[MAIN  ,0024]internal pressure 82351Pa
1594678010:[BUOY  ,0037]P   +539mbar
1594678010:[STAGE ,0080]Stage [0] 5000mbar (+/-500mbar) 1800s (<1594679806s) 
1594678072:[PRESS ,0038]P   +889mbar,T+22220mdegC
1594678097:[PRESS ,0038]P   +949mbar,T+22220mdegC
1594678097:[BUOY  ,0087]from +2mbar/s to +4mbar/s
1594678097:[BUOY  ,0090]need to transfer -20mL (valve during 8500ms)
1594678097:[VALVE ,0034]valve opening 8500ms
1594678106:[VALVE ,0234]battery 15103mV,  481290uA, P   +949mbar
1594678158:[PRESS ,0038]P  +1149mbar,T+21356mdegC
1594678172:[PRESS ,0038]P  +1209mbar,T+22220mdegC
1594678243:[PRESS ,0038]P  +1639mbar,T+22220mdegC
1594678251:[PRESS ,0038]P  +1699mbar,T+23085mdegC
1594678261:[PRESS ,0038]P  +1779mbar,T+23085mdegC
1594678329:[PRESS ,0038]P  +2139mbar,T+21356mdegC
1594678352:[PRESS ,0038]P  +2199mbar,T+22220mdegC
1594678354:[BUOY  ,0087]from +2mbar/s to +4mbar/s
1594678354:[BUOY  ,0090]need to transfer -20mL (valve during 5543ms)
1594678354:[VALVE ,0034]valve opening 5543ms
1594678359:[VALVE ,0234]battery 15143mV,  482022uA, P  +2179mbar
1594678439:<WARN>[BUOY  ,0094]stage[0] should DESCENT, stuck at 2219mbar for the #1 time
1594678439:[BUOY  ,0087]from +0mbar/s to +4mbar/s
1594678439:[BUOY  ,0090]need to transfer -26mL (valve during 7053ms)
1594678439:[VALVE ,0034]valve opening 7053ms
1594678446:[VALVE ,0234]battery 15147mV,  480192uA, P  +2219mbar
1594678500:[PRESS ,0038]P  +2339mbar,T+22220mdegC
1594678520:[PRESS ,0038]P  +2399mbar,T+21356mdegC
1594678586:[PRESS ,0038]P  +2809mbar,T+22220mdegC
1594678596:[PRESS ,0038]P  +2879mbar,T+22220mdegC
1594678609:[PRESS ,0038]P  +2939mbar,T+22220mdegC
1594678610:[BUOY  ,0087]from +6mbar/s to +3mbar/s
1594678610:[BUOY  ,0089]need to transfer +44mL (pump during 53790ms)
1594678619:[PUMP  ,0207]battery 15398mV,   18788uA (warmup), P  +2949mbar
1594678619:[PUMP  ,0016]pump during 53790ms
1594678672:[PUMP  ,0212]battery 15220mV,  321836uA (steady state), P  +2949mbar
1594678676:[PRESS ,0038]P  +3299mbar,T+21356mdegC
1594678694:[PRESS ,0038]P  +3369mbar,T+23085mdegC
1594678762:[PRESS ,0038]P  +3619mbar,T+22220mdegC
1594678779:[PRESS ,0038]P  +3689mbar,T+21356mdegC
1594678786:[BUOY  ,0087]from +4mbar/s to +2mbar/s
1594678787:[BUOY  ,0089]need to transfer +20mL (pump during 24183ms)
1594678795:[PUMP  ,0207]battery 15352mV,   18788uA (warmup), P  +3709mbar
1594678795:[PUMP  ,0016]pump during 24183ms
1594678819:[PUMP  ,0212]battery 15172mV,  328424uA (steady state), P  +3709mbar
1594678851:[PRESS ,0038]P  +3939mbar,T+21356mdegC
1594678872:[PRESS ,0038]P  +4009mbar,T+21356mdegC
1594678936:[PRESS ,0038]P  +4169mbar,T+21356mdegC
1594678954:[PRESS ,0038]P  +4229mbar,T+23085mdegC
1594679021:[PRESS ,0038]P  +4439mbar,T+21356mdegC
1594679039:[PRESS ,0038]P  +4499mbar,T+20493mdegC
1594679046:[STAGE ,0213]4509mbar reached at 1594679046s, ref 5000mbar +/-500mbar
1594679046:[BUOY  ,0087]from +3mbar/s to +0mbar/s
1594679046:[BUOY  ,0089]need to transfer +14mL (pump during 16928ms)
1594679054:[PUMP  ,0207]battery 15382mV,   18666uA (warmup), P  +4509mbar
1594679054:[PUMP  ,0016]pump during 16928ms
1594679071:[PUMP  ,0212]battery 15198mV,  332938uA (steady state), P  +4509mbar
1594679110:[PRESS ,0038]P  +4649mbar,T+21356mdegC
1594679196:[PRESS ,0038]P  +4829mbar,T+20493mdegC
1594679256:[PRESS ,0038]P  +4979mbar,T+21356mdegC
1594679317:[PRESS ,0038]P  +5139mbar,T+20493mdegC
1594679317:[BUOY  ,0087]from +2mbar/s to +0mbar/s
1594679317:[BUOY  ,0089]need to transfer +6mL (pump during 7217ms)
1594679325:[PUMP  ,0207]battery 15406mV,   18666uA (warmup), P  +5139mbar
1594679325:[PUMP  ,0016]pump during 7217ms
1594679332:[PUMP  ,0212]battery 15221mV,  335134uA (steady state), P  +5139mbar
1594679381:[PRESS ,0038]P  +5309mbar,T+21356mdegC
1594679406:[PRESS ,0038]P  +5369mbar,T+19629mdegC
1594679406:[BUOY  ,0087]from +2mbar/s to +0mbar/s
1594679406:[BUOY  ,0089]need to transfer +6mL (pump during 7217ms)
1594679414:[PUMP  ,0207]battery 15406mV,   18666uA (warmup), P  +5369mbar
1594679414:[PUMP  ,0016]pump during 7217ms
1594679421:[PUMP  ,0212]battery 15217mV,  345870uA (steady state), P  +5369mbar
1594679470:[PRESS ,0038]P  +5479mbar,T+21356mdegC
1594679495:<WARN>[BUOY  ,0094]stage[0] should ASCENT, stuck at 5509mbar for the #1 time
1594679495:[BUOY  ,0087]from +1mbar/s to -2mbar/s
1594679495:[BUOY  ,0089]need to transfer +8mL (pump during 9623ms)
1594679503:[PUMP  ,0207]battery 15406mV,   18666uA (warmup), P  +5509mbar
1594679503:[PUMP  ,0016]pump during 9623ms
1594679512:[PUMP  ,0212]battery 15215mV,  352946uA (steady state), P  +5509mbar
1594679559:[PRESS ,0038]P  +5549mbar,T+21356mdegC
1594679583:<WARN>[BUOY  ,0094]stage[0] should ASCENT, stuck at 5539mbar for the #2 time
1594679584:[BUOY  ,0087]from +0mbar/s to -2mbar/s
1594679584:[BUOY  ,0089]need to transfer +6mL (pump during 7217ms)
1594679592:[PUMP  ,0207]battery 15402mV,   18544uA (warmup), P  +5539mbar
1594679592:[PUMP  ,0016]pump during 7217ms
1594679599:[PUMP  ,0212]battery 15211mV,  352458uA (steady state), P  +5539mbar
1594679672:<WARN>[BUOY  ,0094]stage[0] should ASCENT, stuck at 5509mbar for the #3 time
1594679672:[BUOY  ,0087]from +0mbar/s to -2mbar/s
1594679672:[BUOY  ,0089]need to transfer +6mL (pump during 7217ms)
1594679681:[PUMP  ,0207]battery 15403mV,   18544uA (warmup), P  +5509mbar
1594679681:[PUMP  ,0016]pump during 7217ms
1594679688:[PUMP  ,0212]battery 15217mV,  337208uA (steady state), P  +5509mbar
1594679750:[PRESS ,0038]P  +5489mbar,T+19629mdegC
1594679822:[PRESS ,0038]P  +5379mbar,T+18765mdegC
1594679822:[MAIN  ,0140]stage[0] complete 1816s after mission start
1594679822:[MAIN  ,0056]stage[1]
1594679824:[MAIN  ,0024]internal pressure 81287Pa
1594679825:[MRMAID,0002]acq started
1594679835:[BUOY  ,0037]P  +5369mbar
1594679835:[STAGE ,0080]Stage [1] 5000mbar (+/-500mbar) 1800s (<1594681606s) MERMAID
1594679837:[STAGE ,0213]5359mbar reached at 1594679837s, ref 5000mbar +/-500mbar
1594679898:[PRESS ,0038]P  +5269mbar,T+19629mdegC
1594679959:[PRESS ,0038]P  +5199mbar,T+19629mdegC
1594679978:[MRMAID,0027]52dbar, 20degC
1594680019:[PRESS ,0038]P  +5119mbar,T+19629mdegC
1594680080:[PRESS ,0038]P  +5039mbar,T+19629mdegC
1594680141:[PRESS ,0038]P  +4979mbar,T+20493mdegC
1594680141:[BUOY  ,0087]from -1mbar/s to +0mbar/s
1594680141:[BUOY  ,0090]need to transfer -2mL (valve during 364ms)
1594680141:[VALVE ,0034]valve opening 364ms
1594680152:[MRMAID,0184]acq already started
1594680348:[MRMAID,0059]stop canceled
1594680353:[MRMAID,0005]ascent request rejected
1594680447:[MRMAID,0027]50dbar, 19degC
1594680600:[PRESS ,0038]P  +5059mbar,T+18765mdegC
1594680782:[PRESS ,0038]P  +5149mbar,T+17902mdegC
1594680904:[PRESS ,0038]P  +5209mbar,T+19629mdegC
1594681086:[PRESS ,0038]P  +5269mbar,T+18765mdegC
1594681563:[MRMAID,0005]ascent request rejected
1594681632:[MAIN  ,0140]stage[1] complete 3626s after mission start
1594681632:[MRMAID,0052]Mermaid $ST$MEASFS,70166,1753.528015,40.014188;
1594681633:[MRMAID,0183]dropping spurious '0x4F'
1594681633:[MRMAID,0183]dropping spurious '0x50'
1594681633:[MRMAID,0183]dropping spurious '0x41'
1594681633:[MRMAID,0183]dropping spurious '0x43'
1594681633:[MRMAID,0183]dropping spurious '0x4B'
1594681633:[MRMAID,0183]dropping spurious '0x3A'
1594681633:[MRMAID,0183]dropping spurious '0x2B'
1594681634:[MRMAID,0183]dropping spurious '0x31'
1594681634:[MRMAID,0183]dropping spurious '0x3B'
1594681634:[MRMAID,0185]9 spurious byte(s) received
1594681692:[MRMAID,0188]acq already stopped
1594681752:[MRMAID,0188]acq already stopped
1594681813:[MSSION,0192]mission stopped, 2 stage(s) done
1594681813:[MAIN  ,0065]surfacing
1594681815:[PRESS ,0038]P  +5339mbar,T+17902mdegC
1594681815:[SURFIN,0036]P  +5339mbar
1594681823:[PUMP  ,0207]battery 15501mV,   18544uA (warmup), P  +5339mbar
1594681823:[PUMP  ,0016]pump during 60000ms
1594681882:[PUMP  ,0212]battery 15307mV,  340258uA (steady state), P  +5339mbar
1594681939:[PRESS ,0038]P  +5029mbar,T+18765mdegC
1594681952:[PRESS ,0038]P  +4969mbar,T+18765mdegC
1594681964:[PRESS ,0038]P  +4909mbar,T+18765mdegC
1594681972:[PUMP  ,0207]battery 15408mV,   18544uA (warmup), P  +4909mbar
1594681972:[PUMP  ,0016]pump during 60000ms
1594682031:[PUMP  ,0212]battery 15217mV,  337696uA (steady state), P  +4909mbar
1594682089:[PRESS ,0038]P  +4189mbar,T+19629mdegC
1594682103:[PRESS ,0038]P  +4129mbar,T+18765mdegC
1594682122:[PUMP  ,0207]battery 15341mV,   18666uA (warmup), P  +4089mbar
1594682122:[PUMP  ,0016]pump during 60000ms
1594682181:[PUMP  ,0212]battery 15153mV,  335134uA (steady state), P  +4089mbar
1594682239:[PRESS ,0038]P  +3279mbar,T+17902mdegC
1594682248:[PRESS ,0038]P  +3219mbar,T+18765mdegC
1594682260:[PRESS ,0038]P  +3149mbar,T+18765mdegC
1594682272:[PUMP  ,0207]battery 15296mV,   18666uA (warmup), P  +3149mbar
1594682272:[PUMP  ,0016]pump during 60000ms
1594682331:[PUMP  ,0212]battery 15112mV,  327814uA (steady state), P  +3149mbar
1594682388:[PRESS ,0038]P  +2439mbar,T+17038mdegC
1594682399:[PRESS ,0038]P  +2369mbar,T+17902mdegC
1594682410:[PRESS ,0038]P  +2309mbar,T+17038mdegC
1594682421:[PUMP  ,0207]battery 15267mV,   18666uA (warmup), P  +2299mbar
1594682421:[PUMP  ,0016]pump during 60000ms
1594682480:[PUMP  ,0212]battery 15083mV,  324886uA (steady state), P  +2299mbar
1594682538:[PRESS ,0038]P  +1739mbar,T+18765mdegC
1594682550:[PRESS ,0038]P  +1679mbar,T+17038mdegC
1594682559:[PRESS ,0038]P  +1619mbar,T+17902mdegC
1594682571:[PUMP  ,0207]battery 15250mV,   18666uA (warmup), P  +1609mbar
1594682571:[PUMP  ,0016]pump during 60000ms
1594682630:[PUMP  ,0212]battery 15071mV,  315980uA (steady state), P  +1609mbar
1594682688:[PRESS ,0038]P   +709mbar,T+18765mdegC
1594682697:[PRESS ,0038]P   +649mbar,T+18765mdegC
1594682704:[PRESS ,0038]P   +589mbar,T+17902mdegC
1594682721:[PUMP  ,0207]battery 15240mV,   18788uA (warmup), P   +549mbar
1594682721:[PUMP  ,0016]pump during 60000ms
1594682780:[PUMP  ,0212]battery 15063mV,  309026uA (steady state), P   +549mbar
1594682837:[PRESS ,0038]P   -111mbar,T+17902mdegC
1594682866:[SURFIN,0020]filling external bladder
1594682874:[PUMP  ,0207]battery 15236mV,   18788uA (warmup), P   -111mbar
1594682874:[PUMP  ,0016]pump during 300000ms
1594683171:[PUMP  ,0212]battery 14806mV, 1014064uA (steady state), P   -111mbar
1594683173:[SURFIN,0019]external bladder full
1594683175:[PRESS ,0038]P    +50mbar,T+20493mdegC
1594683236:[MAIN  ,0272]Vbat 14982mV (min 14926mV)
1594683238:[MAIN  ,0024]internal pressure 79081Pa
1594683238:[MAIN  ,0043]Pext 47mbar (rng 20mbar)
1594683238:[MAIN  ,0064]surface
1594683248:[SURF  ,0022]GPS fix...
1594683268:[SURF  ,0015]10 PPS detected...
1594683269:[MRMAID,0052]Mermaid $GPSACK:+0,+0,+0,+0,+0,+0,-1342;
1594683279:[MRMAID,0052]Mermaid $GPSOFF:3686291;
1594683281:[GPSFIX,0179]+0s diff
1594683281:[SURF  ,0222]2020-07-13T23:34:41
1594683281:[SURF  ,0082]Latitude : N43deg40.937mn, Longitude :E007deg19.180mn
1594683281:[SURF  ,0223]fix3D,7satellites
1594683281:[SURF  ,0084]GPS fix GPGSA : hdop0.900,vdop1.210
1594683291:[SURF  ,0274]last almanac : 46576
1594683349:[MRMAID,0026]18709 bytes in 0069/5F0CEFA0.MER
1594683355:[MAIN  ,0320]New pressure offset: 47mbar
1594683355:[LOGBIN,0078]*** switching to 0069/5F0CEFDB ***
