1593694783:[MONITR,0197]reboot code 0x0000, src/monitor.c@520
1593694783:[MAIN  ,0007]buoy 452.120-R-0069
1593694783:[MAIN  ,0055]soft pilotage 452.012.300_V2.21-20200701
1593694783:[MAIN  ,0011]date 2020-07-02T12:59:43
1593694789:[MAIN  ,0006]battery 15501mV,    8174uA
1593694792:[MAIN  ,0024]internal pressure 80201Pa
1593694793:[PRESS ,0038]P    -30mbar,T+23948mdegC
1593694793:[MRMAID,0182]thread started
1593694795:[MRMAID,0186]no wake-up
1593694796:[MRMAID,0188]acq already stopped
1593694796:[MRMAID,0052]Mermaid $BOARD:452116600-69;
1593694797:[MRMAID,0052]Mermaid $SOFT:2.1344;
1593694797:[TESTMD,0053]Enter in test mode? yes/no
1593694797:[TESTMD,0252]0069>
1593694799:[TESTMD,0050]"yes"
1593694799:[TESTMD,0249]
Command list
pext    : Get external pressure
pint    : Get internal vacuum
ui      : Get voltage/current
act     : Test actuators
fillb   : Pump until filling the bladder
bpopen  : Open bypass
bpclose : Close bypass
date    : Get date
gps     : GPS synchronization
iridium : Iridium transfer
mstart  : Start mermaid acq
mstop   : Stop mermaid acq
mdata   : Get mermaid datas
mchecksd  : Start mermaid acq
mdump  : Send data REQUEST command with date and duration
s41dumpa : Get averaged CTD datas
s41dumpr : Get raw CTD datas
ls      : List files
cp      : Copy file or directory content on the desktop
rm      : Remove a file
h       : Print command list
q       : Quit

Advanced
pumps X : pompe Xs (lent)
pumpf X : pompe Xs (rapide)
evh     : ouvre l'electrovalve 30s
bypass  : ouvre le bypass 30s
dvmine  : deverminage de la carte
nominal : mode nominal pour mesure de conso
cychydr : test du circuit hydraulique
mkdir   : creer un repertoire
mv      : deplacer un fichier
ps      : liste les processus

Set params
stage   : Stage settings
buoy    : Buoy settings
p2t     : Pressure sensor settings
log     : Verb cfg
mermaid : Mermaid cfg
upload  : On/Off Irid transfer
sys  : system param settings


1593694799:[TESTMD,0252]0069>
1593694804:[TESTMD,0050]"gps"
1593694812:[SURF  ,0022]GPS fix...
1593694849:[SURF  ,0015]10 PPS detected...
1593694851:[MRMAID,0052]Mermaid $GPSACK:+50,+6,+1,+13,-2,+32,-937652;
1593694861:[MRMAID,0052]Mermaid $GPSOFF:3686288;
1593694862:[GPSFIX,0179]-1s diff
1593694863:[SURF  ,0222]2020-07-02T13:01:03
1593694863:[SURF  ,0082]Latitude : N43deg06.482mn, Longitude :E006deg02.285mn
1593694863:[SURF  ,0223]fix3D,6satellites
1593694863:[SURF  ,0084]GPS fix GPGSA : hdop2.020,vdop2.110
1593694878:[TESTMD,0252]0069>
1593694908:[TESTMD,0050]"gps"
1593694919:[SURF  ,0022]GPS fix...
1593694939:[SURF  ,0015]10 PPS detected...
1593694940:[MRMAID,0052]Mermaid $GPSACK:+0,+0,+0,+0,+0,-1,+0;
1593694950:[MRMAID,0052]Mermaid $GPSOFF:3686288;
1593694952:[GPSFIX,0179]-1s diff
1593694953:[SURF  ,0222]2020-07-02T13:02:33
1593694953:[SURF  ,0082]Latitude : N43deg06.483mn, Longitude :E006deg02.286mn
1593694953:[SURF  ,0223]fix3D,7satellites
1593694953:[SURF  ,0084]GPS fix GPGSA : hdop1.230,vdop1.460
1593694968:[TESTMD,0252]0069>
1593695052:[TESTMD,0050]"iridium"
1593695063:[SURF  ,0025]Iridium...
1593695106:[SURF  ,0009]connected in 43s, signal quality 5
1593695176:[SURF  ,0218]prompt received, remote cmd end
1593695176:[SURF  ,0012]17 cmd(s) received
1593695196:[UPLOAD,0248]Upload data files...
1593695210:[UPLOAD,0231]"0069/387E7621.BIN" uploaded at 109bytes/s
1593695217:[UPLOAD,0231]"0069/387EA92F.BIN" uploaded at 79bytes/s
1593695226:[UPLOAD,0231]"0069/387EB6D4.BIN" uploaded at 107bytes/s
1593695241:[UPLOAD,0231]"0069/5EFC98A4.BIN" uploaded at 101bytes/s
1593695254:[UPLOAD,0231]"0069/5EFDD94C.BIN" uploaded at 95bytes/s
1593695274:[MAIN  ,0013]5 file(s) uploaded
1593695305:[SURF  ,0014]disconnected after 242s
1593695310:[TESTMD,0252]0069>
