1594704433:[MAIN  ,0007]buoy 452.120-R-0069
1594704433:[MAIN  ,0055]soft pilotage 452.012.300_V2.22-20200709
1594704433:[MAIN  ,0010]cycle 11
1594704433:[SURF  ,0225]surface2
1594704448:[SURF  ,0022]GPS fix...
1594704468:[SURF  ,0015]10 PPS detected...
1594704469:[MRMAID,0052]Mermaid $GPSACK:+0,+0,+0,+0,+0,+0,-30;
1594704479:[MRMAID,0052]Mermaid $GPSOFF:3686291;
1594704480:[GPSFIX,0179]-1s diff
1594704481:[SURF  ,0222]2020-07-14T05:28:01
1594704481:[SURF  ,0082]Latitude : N43deg40.938mn, Longitude :E007deg19.180mn
1594704481:[SURF  ,0223]fix3D,8satellites
1594704481:[SURF  ,0084]GPS fix GPGSA : hdop0.660,vdop1.050
1594704491:[SURF  ,0025]Iridium...
1594704526:[SURF  ,0009]connected in 35s, signal quality 5
1594704600:[SURF  ,0218]prompt received, remote cmd end
1594704600:[SURF  ,0012]16 cmd(s) received
1594704620:[UPLOAD,0248]Upload data files...
1594704703:[ZIO   ,0240]"NO CARRIER" received, aborting
1594704719:[SURF  ,0014]disconnected after 228s
1594704724:[SURFIN,0020]filling external bladder
1594704727:[SURFIN,0019]external bladder full
1594704727:[SURF  ,0319]transfer interrupted
1594704742:[SURF  ,0022]GPS fix...
1594704762:[SURF  ,0015]10 PPS detected...
1594704763:[MRMAID,0052]Mermaid $GPSACK:+0,+0,+0,+0,+0,+0,-30;
1594704773:[MRMAID,0052]Mermaid $GPSOFF:3686291;
1594704774:[GPSFIX,0179]-1s diff
1594704775:[SURF  ,0222]2020-07-14T05:32:55
1594704775:[SURF  ,0082]Latitude : N43deg40.939mn, Longitude :E007deg19.179mn
1594704775:[SURF  ,0223]fix3D,8satellites
1594704775:[SURF  ,0084]GPS fix GPGSA : hdop0.690,vdop1.120
1594704792:[MAIN  ,0024]internal pressure 79277Pa
1594704793:[BYCMD ,0107]    FreeRTOS V8.2.3
1594704793:[BYCMD ,0108]    FatFS v11a
1594704793:[BYCMD ,0120]    bypass 10000ms 60000ms (20000ms 60000ms stored)
1594704793:[BYCMD ,0121]    valve 60000ms 12750 (60000ms 12750 stored)
1594704793:[BYCMD ,0122]    pump 60000ms 30% 10750 80% (60000ms 30% 10750 80% stored)
1594704793:[BYCMD ,0123]    rate 2mbar/s (2mbar/s stored)
1594704793:[BYCMD ,0124]    surface 500mbar (500mbar stored)
1594704793:[BYCMD ,0125]    near 1500mbar 3mbar/s (15000mbar 3mbar/s stored)
1594704793:[BYCMD ,0126]    far 2500mbar 4mbar/s (25000mbar 4mbar/s stored)
1594704793:[BYCMD ,0127]    ascent 8mbar/s (8mbar/s stored)
1594704793:[BYCMD ,0128]    dead 60s (300s stored)
1594704793:[BYCMD ,0129]    coeff 16/10 (16/10 stored)
1594704793:[BYCMD ,0130]    stab 10 (10 stored)
1594704793:[BYCMD ,0131]    delay 900s 3600s (900s 3600s stored)
1594704793:[BYCMD ,0132]    mmtime 2880min (2880min stored)
1594704793:[BYCMD ,0133]    dv_landing 100ml (100ml stored)
1594704793:[MKDCMD,0150]    p2t37: 15x2000ms, offset 45mbar
1594704793:[P2TCMD,0151]    p2t37: dp 50mbar, dt 5000mdegC
1594704794:[STAGE ,0080]Stage [0] 5000mbar (+/-500mbar) 1800s (<1800s) 
1594704794:[STAGE ,0080]Stage [1] 5000mbar (+/-500mbar) 1800s (<3600s) MERMAID
1594704794:[MAIN  ,0070]turn off bluetooth
1594704796:[PRESS ,0038]P    -15mbar,T+20493mdegC
1594704821:[DIVING,0141]diving from -5mbar, +0mbar/s
1594704821:[BYPASS,0035]bypass opening 60000ms
1594704826:[BYPASS,0104]battery 15108mV,  229116uA (bypass opening), P     -5mbar
1594704891:[BYPASS,0106]battery 15108mV,  298656uA (bypass closing), P     -5mbar
1594704893:[PRESS ,0038]P   -105mbar,T+20493mdegC
1594704918:[BYPASS,0035]bypass opening 10000ms
1594704923:[BYPASS,0104]battery 15141mV,  239120uA (bypass opening), P   -105mbar
1594704938:[BYPASS,0106]battery 15113mV,  297314uA (bypass closing), P   -105mbar
1594704964:[BYPASS,0035]bypass opening 10000ms
1594704969:[BYPASS,0104]battery 15145mV,  234362uA (bypass opening), P   -105mbar
1594704985:[BYPASS,0106]battery 15118mV,  296338uA (bypass closing), P   -105mbar
1594705011:[BYPASS,0035]bypass opening 10000ms
1594705016:[BYPASS,0104]battery 15150mV,  237046uA (bypass opening), P    -95mbar
1594705031:[BYPASS,0106]battery 15122mV,  295484uA (bypass closing), P    -95mbar
1594705058:[BYPASS,0035]bypass opening 10000ms
1594705063:[BYPASS,0104]battery 15151mV,  236558uA (bypass opening), P    -95mbar
1594705078:[BYPASS,0106]battery 15126mV,  294874uA (bypass closing), P    -95mbar
1594705104:[BYPASS,0035]bypass opening 10000ms
1594705109:[BYPASS,0104]battery 15156mV,  233020uA (bypass opening), P    -95mbar
1594705124:[BYPASS,0106]battery 15130mV,  294142uA (bypass closing), P    -95mbar
1594705151:[BYPASS,0035]bypass opening 10000ms
1594705156:[BYPASS,0104]battery 15160mV,  236558uA (bypass opening), P    -95mbar
1594705171:[BYPASS,0106]battery 15133mV,  293532uA (bypass closing), P    -95mbar
1594705175:[PRESS ,0038]P    -45mbar,T+20493mdegC
1594705185:[PRESS ,0038]P    +15mbar,T+21356mdegC
1594705196:[PRESS ,0038]P    +75mbar,T+21356mdegC
1594705209:[PRESS ,0038]P   +135mbar,T+19629mdegC
1594705220:[PRESS ,0038]P   +195mbar,T+19629mdegC
1594705234:[PRESS ,0038]P   +255mbar,T+20493mdegC
1594705250:[PRESS ,0038]P   +345mbar,T+21356mdegC
1594705267:[PRESS ,0038]P   +415mbar,T+20493mdegC
1594705281:[PRESS ,0038]P   +475mbar,T+20493mdegC
1594705288:[DIVING,0028]505mbar reached (+4mbar/s), 7 bypass done
1594705289:[MAIN  ,0056]stage[0]
1594705291:[MAIN  ,0024]internal pressure 82017Pa
1594705292:[BUOY  ,0037]P   +525mbar
1594705292:[STAGE ,0080]Stage [0] 5000mbar (+/-500mbar) 1800s (<1594707088s) 
1594705294:[PRESS ,0038]P   +535mbar,T+21356mdegC
1594705354:[PRESS ,0038]P   +795mbar,T+22220mdegC
1594705365:[PRESS ,0038]P   +855mbar,T+21356mdegC
1594705440:[PRESS ,0038]P  +1105mbar,T+21356mdegC
1594705459:[PRESS ,0038]P  +1165mbar,T+20493mdegC
1594705525:[PRESS ,0038]P  +1255mbar,T+21356mdegC
1594705550:[BUOY  ,0087]from +1mbar/s to +4mbar/s
1594705550:[BUOY  ,0090]need to transfer -24mL (valve during 8743ms)
1594705550:[VALVE ,0034]valve opening 8743ms
1594705559:[VALVE ,0234]battery 15162mV,  484218uA, P  +1285mbar
1594705611:[PRESS ,0038]P  +1485mbar,T+21356mdegC
1594705625:[PRESS ,0038]P  +1555mbar,T+22220mdegC
1594705696:[PRESS ,0038]P  +1735mbar,T+22220mdegC
1594705719:[PRESS ,0038]P  +1795mbar,T+20493mdegC
1594705782:[PRESS ,0038]P  +1985mbar,T+21356mdegC
1594705794:[PRESS ,0038]P  +2045mbar,T+21356mdegC
1594705807:[PRESS ,0038]P  +2105mbar,T+20493mdegC
1594705867:[PRESS ,0038]P  +2335mbar,T+22220mdegC
1594705887:[PRESS ,0038]P  +2395mbar,T+21356mdegC
1594705953:[PRESS ,0038]P  +2485mbar,T+21356mdegC
1594705977:[BUOY  ,0087]from +1mbar/s to +3mbar/s
1594705978:[BUOY  ,0090]need to transfer -12mL (valve during 3060ms)
1594705978:[VALVE ,0034]valve opening 3060ms
1594705981:[VALVE ,0234]battery 15205mV,  485316uA, P  +2525mbar
1594706038:[PRESS ,0038]P  +2575mbar,T+21356mdegC
1594706063:[BUOY  ,0087]from +1mbar/s to +3mbar/s
1594706063:[BUOY  ,0090]need to transfer -12mL (valve during 3060ms)
1594706063:[VALVE ,0034]valve opening 3060ms
1594706066:[VALVE ,0234]battery 15206mV,  484096uA, P  +2595mbar
1594706124:[PRESS ,0038]P  +2705mbar,T+21356mdegC
1594706209:[PRESS ,0038]P  +2865mbar,T+21356mdegC
1594706234:[PRESS ,0038]P  +2925mbar,T+21356mdegC
1594706295:[PRESS ,0038]P  +3055mbar,T+21356mdegC
1594706311:[PRESS ,0038]P  +3115mbar,T+20493mdegC
1594706380:[PRESS ,0038]P  +3355mbar,T+19629mdegC
1594706400:[PRESS ,0038]P  +3415mbar,T+21356mdegC
1594706466:[PRESS ,0038]P  +3595mbar,T+20493mdegC
1594706483:[PRESS ,0038]P  +3655mbar,T+20493mdegC
1594706551:[PRESS ,0038]P  +3825mbar,T+20493mdegC
1594706637:[PRESS ,0038]P  +3985mbar,T+20493mdegC
1594706658:[PRESS ,0038]P  +4045mbar,T+20493mdegC
1594706722:[PRESS ,0038]P  +4185mbar,T+20493mdegC
1594706807:[PRESS ,0038]P  +4415mbar,T+20493mdegC
1594706893:[PRESS ,0038]P  +4625mbar,T+20493mdegC
1594706918:[PRESS ,0038]P  +4685mbar,T+19629mdegC
1594706918:[STAGE ,0213]4685mbar reached at 1594706918s, ref 5000mbar +/-500mbar
1594706978:[PRESS ,0038]P  +4855mbar,T+20493mdegC
1594706978:[BUOY  ,0087]from +3mbar/s to +0mbar/s
1594706978:[BUOY  ,0089]need to transfer +14mL (pump during 16768ms)
1594706987:[PUMP  ,0207]battery 15485mV,   18422uA (warmup), P  +4855mbar
1594706987:[PUMP  ,0016]pump during 16768ms
1594707003:[PUMP  ,0212]battery 15311mV,  331230uA (steady state), P  +4855mbar
1594707042:[PRESS ,0038]P  +4995mbar,T+20493mdegC
1594707067:[BUOY  ,0087]from +1mbar/s to +0mbar/s
1594707067:[BUOY  ,0089]need to transfer +2mL (pump during 2395ms)
1594707075:[PUMP  ,0207]battery 15458mV,   18300uA (warmup), P  +5025mbar
1594707075:[PUMP  ,0016]pump during 2395ms
1594707131:[PRESS ,0038]P  +5105mbar,T+19629mdegC
1594707156:[MAIN  ,0140]stage[0] complete 1868s after mission start
1594707156:[MAIN  ,0056]stage[1]
1594707158:[MAIN  ,0024]internal pressure 81362Pa
1594707159:[MRMAID,0002]acq started
1594707169:[BUOY  ,0037]P  +5155mbar
1594707169:[STAGE ,0080]Stage [1] 5000mbar (+/-500mbar) 1800s (<1594708888s) MERMAID
1594707171:[STAGE ,0213]5155mbar reached at 1594707171s, ref 5000mbar +/-500mbar
1594707171:[BUOY  ,0087]from +1mbar/s to +0mbar/s
1594707171:[BUOY  ,0089]need to transfer +2mL (pump during 2395ms)
1594707180:[PUMP  ,0207]battery 15462mV,   18666uA (warmup), P  +5155mbar
1594707180:[PUMP  ,0016]pump during 2395ms
1594707195:[MRMAID,0184]acq already started
1594707212:[MRMAID,0059]stop canceled
1594707246:[PRESS ,0038]P  +5255mbar,T+20493mdegC
1594707270:[BUOY  ,0087]from +1mbar/s to +0mbar/s
1594707271:[BUOY  ,0089]need to transfer +2mL (pump during 2395ms)
1594707271:[MRMAID,0003]acq stopped
1594707279:[PUMP  ,0207]battery 15465mV,   18422uA (warmup), P  +5285mbar
1594707279:[PUMP  ,0016]pump during 2395ms
1594707285:[MRMAID,0002]acq started
1594707344:[PRESS ,0038]P  +5355mbar,T+18765mdegC
1594707369:[BUOY  ,0087]from +1mbar/s to +0mbar/s
1594707369:[BUOY  ,0089]need to transfer +2mL (pump during 2395ms)
1594707369:[MRMAID,0003]acq stopped
1594707378:[PUMP  ,0207]battery 15466mV,   18300uA (warmup), P  +5375mbar
1594707378:[PUMP  ,0016]pump during 2395ms
1594707383:[MRMAID,0002]acq started
1594707443:[PRESS ,0038]P  +5435mbar,T+18765mdegC
1594707468:[BUOY  ,0087]from +1mbar/s to +0mbar/s
1594707468:[BUOY  ,0089]need to transfer +2mL (pump during 2395ms)
1594707468:[MRMAID,0003]acq stopped
1594707477:[PUMP  ,0207]battery 15468mV,   18300uA (warmup), P  +5455mbar
1594707477:[PUMP  ,0016]pump during 2395ms
1594707482:[MRMAID,0002]acq started
1594707566:[PRESS ,0038]P  +5495mbar,T+18765mdegC
1594707567:[BUOY  ,0087]from +1mbar/s to +0mbar/s
1594707567:[BUOY  ,0089]need to transfer +2mL (pump during 2395ms)
1594707567:[MRMAID,0003]acq stopped
1594707575:[PUMP  ,0207]battery 15470mV,   18300uA (warmup), P  +5495mbar
1594707575:[PUMP  ,0016]pump during 2395ms
1594707581:[MRMAID,0002]acq started
1594707665:<WARN>[BUOY  ,0094]stage[1] should ASCENT, stuck at 5535mbar for the #1 time
1594707665:[BUOY  ,0087]from +1mbar/s to -2mbar/s
1594707665:[BUOY  ,0089]need to transfer +8mL (pump during 9582ms)
1594707665:[MRMAID,0003]acq stopped
1594707674:[PUMP  ,0207]battery 15471mV,   18300uA (warmup), P  +5535mbar
1594707674:[PUMP  ,0016]pump during 9582ms
1594707683:[PUMP  ,0212]battery 15295mV,  337330uA (steady state), P  +5535mbar
1594707687:[MRMAID,0002]acq started
1594707825:[PRESS ,0038]P  +5355mbar,T+19629mdegC
1594707841:[MRMAID,0027]54dbar, 20degC
1594707885:[PRESS ,0038]P  +5285mbar,T+17902mdegC
1594707946:[PRESS ,0038]P  +5195mbar,T+18765mdegC
1594708007:[PRESS ,0038]P  +5135mbar,T+18765mdegC
1594708128:[PRESS ,0038]P  +5075mbar,T+17902mdegC
1594708371:[PRESS ,0038]P  +4995mbar,T+19629mdegC
1594708371:[BUOY  ,0087]from -1mbar/s to +0mbar/s
1594708371:[BUOY  ,0090]need to transfer -2mL (valve during 364ms)
1594708371:[VALVE ,0034]valve opening 364ms
1594708382:[MRMAID,0184]acq already started
1594708891:[MAIN  ,0140]stage[1] complete 3603s after mission start
1594708941:[MRMAID,0003]acq stopped
1594708941:[MRMAID,0183]dropping spurious '0x34'
1594708941:[MRMAID,0183]dropping spurious '0x38'
1594708941:[MRMAID,0183]dropping spurious '0x30'
1594708941:[MRMAID,0183]dropping spurious '0x37'
1594708941:[MRMAID,0183]dropping spurious '0x36'
1594708941:[MRMAID,0183]dropping spurious '0x2C'
1594708941:[MRMAID,0183]dropping spurious '0x31'
1594708941:[MRMAID,0183]dropping spurious '0x32'
1594708941:[MRMAID,0183]dropping spurious '0x30'
1594708941:[MRMAID,0183]dropping spurious '0x31'
1594708941:[MRMAID,0183]dropping spurious '0x2E'
1594708941:[MRMAID,0183]dropping spurious '0x34'
1594708941:[MRMAID,0183]dropping spurious '0x37'
1594708941:[MRMAID,0183]dropping spurious '0x33'
1594708941:[MRMAID,0183]dropping spurious '0x34'
1594708941:[MRMAID,0183]dropping spurious '0x38'
1594708941:[MRMAID,0183]dropping spurious '0x30'
1594708941:[MRMAID,0183]dropping spurious '0x2C'
1594708942:[MRMAID,0183]dropping spurious '0x34'
1594708942:[MRMAID,0183]dropping spurious '0x30'
1594708942:[MRMAID,0183]dropping spurious '0x2E'
1594708942:[MRMAID,0183]dropping spurious '0x30'
1594708942:[MRMAID,0183]dropping spurious '0x31'
1594708942:[MRMAID,0183]dropping spurious '0x34'
1594708942:[MRMAID,0183]dropping spurious '0x32'
1594708942:[MRMAID,0183]dropping spurious '0x30'
1594708942:[MRMAID,0183]dropping spurious '0x30'
1594708942:[MRMAID,0183]dropping spurious '0x3B'
1594708942:[MRMAID,0185]28 spurious byte(s) received
1594708956:[MRMAID,0005]ascent request rejected
1594709012:[MRMAID,0188]acq already stopped
1594709072:[MSSION,0192]mission stopped, 2 stage(s) done
1594709072:[MAIN  ,0065]surfacing
1594709074:[PRESS ,0038]P  +5175mbar,T+17038mdegC
1594709074:[SURFIN,0036]P  +5175mbar
1594709082:[PUMP  ,0207]battery 15503mV,   18544uA (warmup), P  +5175mbar
1594709082:[PUMP  ,0016]pump during 60000ms
1594709141:[PUMP  ,0212]battery 15327mV,  334646uA (steady state), P  +5175mbar
1594709199:[PRESS ,0038]P  +4855mbar,T+18765mdegC
1594709213:[PRESS ,0038]P  +4795mbar,T+17902mdegC
1594709232:[PUMP  ,0207]battery 15412mV,   18544uA (warmup), P  +4765mbar
1594709232:[PUMP  ,0016]pump during 60000ms
1594709291:[PUMP  ,0212]battery 15236mV,  335744uA (steady state), P  +4765mbar
1594709349:[PRESS ,0038]P  +4105mbar,T+17038mdegC
1594709361:[PRESS ,0038]P  +4045mbar,T+17038mdegC
1594709370:[PRESS ,0038]P  +3985mbar,T+17902mdegC
1594709382:[PUMP  ,0207]battery 15346mV,   18666uA (warmup), P  +3985mbar
1594709382:[PUMP  ,0016]pump during 60000ms
1594709441:[PUMP  ,0212]battery 15172mV,  335988uA (steady state), P  +3985mbar
1594709498:[PRESS ,0038]P  +3245mbar,T+18765mdegC
1594709507:[PRESS ,0038]P  +3185mbar,T+17902mdegC
1594709518:[PRESS ,0038]P  +3125mbar,T+17038mdegC
1594709531:[PUMP  ,0207]battery 15301mV,   18666uA (warmup), P  +3105mbar
1594709531:[PUMP  ,0016]pump during 60000ms
1594709590:[PUMP  ,0212]battery 15126mV,  336232uA (steady state), P  +3105mbar
1594709648:[PRESS ,0038]P  +2465mbar,T+17902mdegC
1594709657:[PRESS ,0038]P  +2405mbar,T+17038mdegC
1594709669:[PRESS ,0038]P  +2345mbar,T+17902mdegC
1594709681:[PUMP  ,0207]battery 15271mV,   18666uA (warmup), P  +2325mbar
1594709681:[PUMP  ,0016]pump during 60000ms
1594709740:[PUMP  ,0212]battery 15101mV,  327814uA (steady state), P  +2325mbar
1594709798:[PRESS ,0038]P  +1575mbar,T+17902mdegC
1594709806:[PRESS ,0038]P  +1515mbar,T+17902mdegC
1594709814:[PRESS ,0038]P  +1455mbar,T+17038mdegC
1594709831:[PUMP  ,0207]battery 15252mV,   18788uA (warmup), P  +1405mbar
1594709831:[PUMP  ,0016]pump during 60000ms
1594709890:[PUMP  ,0212]battery 15086mV,  315614uA (steady state), P  +1405mbar
1594709947:[PRESS ,0038]P   +625mbar,T+17038mdegC
1594709958:[PRESS ,0038]P   +545mbar,T+17902mdegC
1594709968:[PRESS ,0038]P   +485mbar,T+17038mdegC
1594709976:[SURFIN,0020]filling external bladder
1594709984:[PUMP  ,0207]battery 15243mV,   18788uA (warmup), P   +445mbar
1594709984:[PUMP  ,0016]pump during 300000ms
1594710282:[PUMP  ,0212]battery 14843mV, 1016382uA (steady state), P   +445mbar
1594710293:[PUMP  ,0207]battery 14753mV,   18910uA (warmup), P   +445mbar
1594710293:[PUMP  ,0016]pump during 300000ms
1594710310:[PUMP  ,0212]battery 14436mV,  953918uA (steady state), P   +445mbar
1594710312:[SURFIN,0019]external bladder full
1594710313:[PRESS ,0038]P    +50mbar,T+19629mdegC
1594710374:[MAIN  ,0272]Vbat 14989mV (min 14911mV)
1594710376:[MAIN  ,0024]internal pressure 78978Pa
1594710376:[MAIN  ,0043]Pext 49mbar (rng 20mbar)
1594710376:[MAIN  ,0064]surface
1594710388:[SURF  ,0022]GPS fix...
1594710408:[SURF  ,0015]10 PPS detected...
1594710409:[MRMAID,0052]Mermaid $GPSACK:+0,+0,+0,+0,+0,+0,-61;
1594710419:[MRMAID,0052]Mermaid $GPSOFF:3686291;
1594710421:[GPSFIX,0179]+0s diff
1594710421:[SURF  ,0222]2020-07-14T07:07:01
1594710421:[SURF  ,0082]Latitude : N43deg40.940mn, Longitude :E007deg19.178mn
1594710421:[SURF  ,0223]fix3D,8satellites
1594710421:[SURF  ,0084]GPS fix GPGSA : hdop0.780,vdop1.160
1594710431:[SURF  ,0274]last almanac : 73716
1594710477:[MRMAID,0026]13721 bytes in 0069/5F0D59A4.MER
1594710483:[MAIN  ,0320]New pressure offset: 49mbar
1594710483:[LOGBIN,0078]*** switching to 0069/5F0D59D3 ***
