1594303647:[MONITR,0197]reboot code 0x0000, src/monitor.c@520
1594303647:[MAIN  ,0007]buoy 452.120-R-0069
1594303647:[MAIN  ,0055]soft pilotage 452.012.300_V2.22-20200709
1594303647:[MAIN  ,0011]date 2020-07-09T14:07:27
1594303653:[MAIN  ,0006]battery 15527mV,    7930uA
1594303656:[MAIN  ,0024]internal pressure 80134Pa
1594303657:[PRESS ,0038]P    -20mbar,T+24812mdegC
1594303657:[MRMAID,0182]thread started
1594303659:[MRMAID,0186]no wake-up
1594303660:[MRMAID,0188]acq already stopped
1594303660:[MRMAID,0052]Mermaid $BOARD:452116600-69;
1594303661:[MRMAID,0052]Mermaid $SOFT:2.1344;
1594303661:[TESTMD,0053]Enter in test mode? yes/no
1594303661:[TESTMD,0252]0069>
1594303670:[TESTMD,0050]"yes"
1594303670:[TESTMD,0249]
Command list
pext    : Get external pressure
pint    : Get internal vacuum
ui      : Get voltage/current
act     : Test actuators
fillb   : Pump until filling the bladder
bpopen  : Open bypass
bpclose : Close bypass
date    : Get date
gps     : GPS synchronization
iridium : Iridium transfer
mstart  : Start mermaid acq
mstop   : Stop mermaid acq
mdata   : Get mermaid datas
mchecksd  : Start mermaid acq
mdump  : Send data REQUEST command with date and duration
s41dumpa : Get averaged CTD datas
s41dumpr : Get raw CTD datas
ls      : List files
cp      : Copy file or directory content on the desktop
rm      : Remove a file
h       : Print command list
q       : Quit

Advanced
pumps X : pompe Xs (lent)
pumpf X : pompe Xs (rapide)
evh     : ouvre l'electrovalve 30s
bypass  : ouvre le bypass 30s
dvmine  : deverminage de la carte
nominal : mode nominal pour mesure de conso
cychydr : test du circuit hydraulique
mkdir   : creer un repertoire
mv      : deplacer un fichier
ps      : liste les processus

Set params
stage   : Stage settings
buoy    : Buoy settings
p2t     : Pressure sensor settings
log     : Verb cfg
mermaid : Mermaid cfg
upload  : On/Off Irid transfer
sys  : system param settings


1594303670:[TESTMD,0252]0069>
1594303673:[TESTMD,0050]"act"
1594303674:[SURFIN,0020]filling external bladder
1594303682:[PUMP  ,0016]pump during 300000ms
1594303689:[SURFIN,0019]external bladder full
1594303694:[VALVE ,0034]valve opening 30000ms
1594303729:[SURFIN,0020]filling external bladder
1594303737:[PUMP  ,0016]pump during 300000ms
1594303750:[SURFIN,0019]external bladder full
1594303750:[TESTMD,0045]pump run 11s
1594303755:[BYPASS,0035]bypass opening 30000ms
1594303800:[SURFIN,0020]filling external bladder
1594303808:[PUMP  ,0016]pump during 300000ms
1594303902:[SURFIN,0019]external bladder full
1594303902:[TESTMD,0045]pump run 92s
1594303907:[TESTMD,0066]test done
1594303907:[TESTMD,0252]0069>
1594304080:[TESTMD,0050]"iridium"
1594304088:[SURF  ,0025]Iridium...
1594304160:[SURF  ,0009]connected in 72s, signal quality 2
1594304231:[SURF  ,0218]prompt received, remote cmd end
1594304231:[SURF  ,0012]16 cmd(s) received
1594304252:[UPLOAD,0248]Upload data files...
1594304270:[UPLOAD,0231]"0069/5EFDDA3F.BIN" uploaded at 118bytes/s
1594304287:[MAIN  ,0013]1 file(s) uploaded
1594304320:[SURF  ,0014]disconnected after 232s
1594304325:[TESTMD,0252]0069>
1594304331:[TESTMD,0050]"gps"
1594304342:[SURF  ,0022]GPS fix...
1594304362:[SURF  ,0015]10 PPS detected...
1594304364:[MRMAID,0052]Mermaid $GPSACK:+50,+6,+8,+14,+5,-22,-154754;
1594304374:[MRMAID,0052]Mermaid $GPSOFF:3686288;
1594304375:[GPSFIX,0179]-1s diff
1594304376:[SURF  ,0222]2020-07-09T14:19:36
1594304376:[SURF  ,0082]Latitude : N43deg06.483mn, Longitude :E006deg02.287mn
1594304376:[SURF  ,0223]fix3D,8satellites
1594304376:[SURF  ,0084]GPS fix GPGSA : hdop0.870,vdop1.340
1594304391:[TESTMD,0252]0069>
1594304419:[TESTMD,0050]"gps"
1594304430:[SURF  ,0022]GPS fix...
1594304450:[SURF  ,0015]10 PPS detected...
1594304451:[MRMAID,0052]Mermaid $GPSACK:+0,+0,+0,+0,+0,+0,+0;
1594304461:[MRMAID,0052]Mermaid $GPSOFF:3686288;
1594304462:[GPSFIX,0179]-1s diff
1594304463:[SURF  ,0222]2020-07-09T14:21:03
1594304463:[SURF  ,0082]Latitude : N43deg06.483mn, Longitude :E006deg02.286mn
1594304463:[SURF  ,0223]fix3D,9satellites
1594304463:[SURF  ,0084]GPS fix GPGSA : hdop0.820,vdop1.320
1594304478:[TESTMD,0252]0069>
