1594663653:[MAIN  ,0007]buoy 452.120-R-0069
1594663653:[MAIN  ,0055]soft pilotage 452.012.300_V2.22-20200709
1594663653:[MAIN  ,0010]cycle 5
1594663653:[SURF  ,0225]surface2
1594663674:[SURF  ,0022]GPS fix...
1594663694:[SURF  ,0015]10 PPS detected...
1594663695:[MRMAID,0052]Mermaid $GPSACK:+0,+0,+0,+0,+0,+0,+0;
1594663705:[MRMAID,0052]Mermaid $GPSOFF:3686291;
1594663706:[GPSFIX,0179]-1s diff
1594663707:[SURF  ,0222]2020-07-13T18:08:27
1594663707:[SURF  ,0082]Latitude : N43deg40.940mn, Longitude :E007deg19.179mn
1594663707:[SURF  ,0223]fix3D,9satellites
1594663707:[SURF  ,0084]GPS fix GPGSA : hdop0.660,vdop1.080
1594663717:[SURF  ,0025]Iridium...
1594663757:[SURF  ,0009]connected in 40s, signal quality 5
1594663832:[SURF  ,0218]prompt received, remote cmd end
1594663832:[SURF  ,0012]16 cmd(s) received
1594663853:[UPLOAD,0248]Upload data files...
1594664068:[SURF  ,0014]disconnected after 351s
1594664074:[SURFIN,0020]filling external bladder
1594664082:[PUMP  ,0207]battery 15137mV,   18422uA (warmup), P    +40mbar
1594664082:[PUMP  ,0016]pump during 300000ms
1594664089:[PUMP  ,0212]battery 14732mV,  996374uA (steady state), P    +40mbar
1594664091:[SURFIN,0019]external bladder full
1594664091:[SURF  ,0319]transfer interrupted
1594664111:[SURF  ,0022]GPS fix...
1594664132:[SURF  ,0015]10 PPS detected...
1594664133:[MRMAID,0052]Mermaid $GPSACK:+0,+0,+0,+0,+0,+1,-999938;
1594664143:[MRMAID,0052]Mermaid $GPSOFF:3686290;
1594664144:[GPSFIX,0179]-1s diff
1594664145:[SURF  ,0222]2020-07-13T18:15:45
1594664145:[SURF  ,0082]Latitude : N43deg40.940mn, Longitude :E007deg19.179mn
1594664145:[SURF  ,0223]fix3D,9satellites
1594664145:[SURF  ,0084]GPS fix GPGSA : hdop0.650,vdop1.080
1594664162:[MAIN  ,0024]internal pressure 79549Pa
1594664163:[BYCMD ,0107]    FreeRTOS V8.2.3
1594664163:[BYCMD ,0108]    FatFS v11a
1594664163:[BYCMD ,0120]    bypass 10000ms 60000ms (20000ms 60000ms stored)
1594664163:[BYCMD ,0121]    valve 60000ms 12750 (60000ms 12750 stored)
1594664163:[BYCMD ,0122]    pump 60000ms 30% 10750 80% (60000ms 30% 10750 80% stored)
1594664163:[BYCMD ,0123]    rate 2mbar/s (2mbar/s stored)
1594664163:[BYCMD ,0124]    surface 500mbar (500mbar stored)
1594664163:[BYCMD ,0125]    near 1500mbar 3mbar/s (15000mbar 3mbar/s stored)
1594664163:[BYCMD ,0126]    far 2500mbar 4mbar/s (25000mbar 4mbar/s stored)
1594664163:[BYCMD ,0127]    ascent 8mbar/s (8mbar/s stored)
1594664163:[BYCMD ,0128]    dead 60s (300s stored)
1594664163:[BYCMD ,0129]    coeff 16/10 (16/10 stored)
1594664163:[BYCMD ,0130]    stab 10 (10 stored)
1594664163:[BYCMD ,0131]    delay 900s 3600s (900s 3600s stored)
1594664163:[BYCMD ,0132]    mmtime 2880min (2880min stored)
1594664163:[BYCMD ,0133]    dv_landing 100ml (100ml stored)
1594664163:[MKDCMD,0150]    p2t37: 15x2000ms, offset 51mbar
1594664163:[P2TCMD,0151]    p2t37: dp 50mbar, dt 5000mdegC
1594664164:[STAGE ,0080]Stage [0] 5000mbar (+/-500mbar) 1800s (<1800s) 
1594664164:[STAGE ,0080]Stage [1] 5000mbar (+/-500mbar) 1800s (<3600s) MERMAID
1594664164:[MAIN  ,0070]turn off bluetooth
1594664166:[PRESS ,0038]P    -11mbar,T+22220mdegC
1594664191:[DIVING,0141]diving from -11mbar, +0mbar/s
1594664191:[BYPASS,0035]bypass opening 60000ms
1594664196:[BYPASS,0104]battery 15055mV,  239364uA (bypass opening), P    -11mbar
1594664261:[BYPASS,0106]battery 15062mV,  296704uA (bypass closing), P    -11mbar
1594664263:[PRESS ,0038]P   -101mbar,T+23085mdegC
1594664288:[BYPASS,0035]bypass opening 10000ms
1594664293:[BYPASS,0104]battery 15098mV,  232532uA (bypass opening), P   -111mbar
1594664308:[BYPASS,0106]battery 15073mV,  295484uA (bypass closing), P   -111mbar
1594664334:[BYPASS,0035]bypass opening 10000ms
1594664340:[BYPASS,0104]battery 15107mV,  231678uA (bypass opening), P   -111mbar
1594664355:[BYPASS,0106]battery 15082mV,  294630uA (bypass closing), P   -111mbar
1594664381:[BYPASS,0035]bypass opening 10000ms
1594664386:[BYPASS,0104]battery 15118mV,  237900uA (bypass opening), P   -101mbar
1594664401:[BYPASS,0106]battery 15091mV,  293898uA (bypass closing), P   -101mbar
1594664428:[BYPASS,0035]bypass opening 10000ms
1594664433:[BYPASS,0104]battery 15126mV,  238998uA (bypass opening), P   -101mbar
1594664448:[BYPASS,0106]battery 15098mV,  293288uA (bypass closing), P   -101mbar
1594664474:[BYPASS,0035]bypass opening 10000ms
1594664479:[BYPASS,0104]battery 15132mV,  240584uA (bypass opening), P    -91mbar
1594664495:[BYPASS,0106]battery 15105mV,  292678uA (bypass closing), P    -91mbar
1594664509:[PRESS ,0038]P    -41mbar,T+21356mdegC
1594664529:[PRESS ,0038]P    +19mbar,T+22220mdegC
1594664549:[PRESS ,0038]P    +79mbar,T+21356mdegC
1594664568:[PRESS ,0038]P   +139mbar,T+22220mdegC
1594664599:[PRESS ,0038]P   +209mbar,T+23085mdegC
1594664624:[PRESS ,0038]P   +269mbar,T+21356mdegC
1594664643:[PRESS ,0038]P   +329mbar,T+21356mdegC
1594664671:[PRESS ,0038]P   +389mbar,T+22220mdegC
1594664693:[PRESS ,0038]P   +459mbar,T+22220mdegC
1594664711:[DIVING,0028]499mbar reached (+3mbar/s), 6 bypass done
1594664712:[MAIN  ,0056]stage[0]
1594664714:[MAIN  ,0024]internal pressure 82175Pa
1594664715:[PRESS ,0038]P   +519mbar,T+23085mdegC
1594664715:[BUOY  ,0037]P   +519mbar
1594664715:[STAGE ,0080]Stage [0] 5000mbar (+/-500mbar) 1800s (<1594666511s) 
1594664777:[PRESS ,0038]P   +809mbar,T+23085mdegC
1594664802:<WARN>[BUOY  ,0094]stage[0] should DESCENT, stuck at 779mbar for the #1 time
1594664802:[BUOY  ,0087]from -1mbar/s to +4mbar/s
1594664802:[BUOY  ,0090]need to transfer -28mL (valve during 13222ms)
1594664802:[VALVE ,0034]valve opening 13222ms
1594664815:[VALVE ,0234]battery 15120mV,  481412uA, P   +779mbar
1594664888:<WARN>[BUOY  ,0094]stage[0] should DESCENT, stuck at 849mbar for the #2 time
1594664888:[BUOY  ,0087]from +0mbar/s to +4mbar/s
1594664888:[BUOY  ,0090]need to transfer -26mL (valve during 11431ms)
1594664888:[VALVE ,0034]valve opening 11431ms
1594664899:[VALVE ,0234]battery 15112mV,  475678uA, P   +849mbar
1594664973:[BUOY  ,0087]from +1mbar/s to +4mbar/s
1594664973:[BUOY  ,0090]need to transfer -24mL (valve during 10552ms)
1594664973:[VALVE ,0034]valve opening 10552ms
1594664984:[VALVE ,0234]battery 15108mV,  474336uA, P   +849mbar
1594665034:[PRESS ,0038]P   +889mbar,T+23085mdegC
1594665059:<WARN>[BUOY  ,0094]stage[0] should DESCENT, stuck at 889mbar for the #1 time
1594665059:[BUOY  ,0087]from +0mbar/s to +4mbar/s
1594665059:[BUOY  ,0090]need to transfer -26mL (valve during 11431ms)
1594665059:[VALVE ,0034]valve opening 11431ms
1594665070:[VALVE ,0234]battery 15108mV,  474092uA, P   +889mbar
1594665144:<WARN>[BUOY  ,0094]stage[0] should DESCENT, stuck at 879mbar for the #2 time
1594665144:[BUOY  ,0087]from +0mbar/s to +4mbar/s
1594665144:[BUOY  ,0090]need to transfer -26mL (valve during 11431ms)
1594665145:[VALVE ,0034]valve opening 11431ms
1594665156:[VALVE ,0234]battery 15106mV,  473604uA, P   +879mbar
1594665230:<WARN>[BUOY  ,0094]stage[0] should DESCENT, stuck at 899mbar for the #3 time
1594665230:[BUOY  ,0087]from +0mbar/s to +4mbar/s
1594665230:[BUOY  ,0090]need to transfer -26mL (valve during 11431ms)
1594665230:[VALVE ,0034]valve opening 11431ms
1594665242:[VALVE ,0234]battery 15105mV,  473238uA, P   +899mbar
1594665316:<WARN>[BUOY  ,0094]stage[0] should DESCENT, stuck at 919mbar for the #4 time
1594665316:[BUOY  ,0087]from +0mbar/s to +4mbar/s
1594665316:[BUOY  ,0090]need to transfer -26mL (valve during 11050ms)
1594665316:[VALVE ,0034]valve opening 11050ms
1594665327:[VALVE ,0234]battery 15103mV,  473116uA, P   +919mbar
1594665376:[PRESS ,0038]P   +959mbar,T+22220mdegC
1594665401:[BUOY  ,0087]from +1mbar/s to +4mbar/s
1594665401:[BUOY  ,0090]need to transfer -24mL (valve during 9871ms)
1594665401:[VALVE ,0034]valve opening 9871ms
1594665411:[VALVE ,0234]battery 15103mV,  473116uA, P   +969mbar
1594665487:<WARN>[BUOY  ,0094]stage[0] should DESCENT, stuck at 969mbar for the #1 time
1594665487:[BUOY  ,0087]from +0mbar/s to +4mbar/s
1594665487:[BUOY  ,0090]need to transfer -26mL (valve during 10694ms)
1594665487:[VALVE ,0034]valve opening 10694ms
1594665498:[VALVE ,0234]battery 15106mV,  473848uA, P   +969mbar
1594665553:[PRESS ,0038]P  +1019mbar,T+23085mdegC
1594665572:<WARN>[BUOY  ,0094]stage[0] should DESCENT, stuck at 1019mbar for the #2 time
1594665572:[BUOY  ,0087]from +0mbar/s to +4mbar/s
1594665573:[BUOY  ,0090]need to transfer -26mL (valve during 10694ms)
1594665573:[VALVE ,0034]valve opening 10694ms
1594665583:[VALVE ,0234]battery 15107mV,  473604uA, P  +1019mbar
1594665633:[PRESS ,0038]P  +1089mbar,T+22220mdegC
1594665658:<WARN>[BUOY  ,0094]stage[0] should DESCENT, stuck at 1089mbar for the #3 time
1594665658:[BUOY  ,0087]from +0mbar/s to +4mbar/s
1594665658:[BUOY  ,0090]need to transfer -26mL (valve during 10045ms)
1594665658:[VALVE ,0034]valve opening 10045ms
1594665668:[VALVE ,0234]battery 15107mV,  473360uA, P  +1089mbar
1594665719:[PRESS ,0038]P  +1229mbar,T+23085mdegC
1594665738:[PRESS ,0038]P  +1299mbar,T+23085mdegC
1594665804:[PRESS ,0038]P  +1579mbar,T+23085mdegC
1594665812:[PRESS ,0038]P  +1649mbar,T+22220mdegC
1594665819:[PRESS ,0038]P  +1719mbar,T+22220mdegC
1594665826:[PRESS ,0038]P  +1779mbar,T+21356mdegC
1594665890:[PRESS ,0038]P  +2389mbar,T+22220mdegC
1594665897:[PRESS ,0038]P  +2449mbar,T+21356mdegC
1594665902:[PRESS ,0038]P  +2509mbar,T+22220mdegC
1594665909:[PRESS ,0038]P  +2589mbar,T+22220mdegC
1594665915:[PRESS ,0038]P  +2649mbar,T+23085mdegC
1594665915:[BUOY  ,0087]from +10mbar/s to +3mbar/s
1594665915:[BUOY  ,0089]need to transfer +146mL (pump during 176329ms)
1594665923:[PUMP  ,0207]battery 15391mV,   18910uA (warmup), P  +2649mbar
1594665923:[PUMP  ,0016]pump during 60000ms
1594665982:[PUMP  ,0212]battery 15206mV,  323056uA (steady state), P  +2649mbar
1594665987:[PRESS ,0038]P  +3349mbar,T+22220mdegC
1594665994:[PRESS ,0038]P  +3409mbar,T+21356mdegC
1594666003:[PRESS ,0038]P  +3469mbar,T+21356mdegC
1594666010:[PRESS ,0038]P  +3529mbar,T+22220mdegC
1594666012:[BUOY  ,0087]from +8mbar/s to +2mbar/s
1594666012:[BUOY  ,0089]need to transfer +96mL (pump during 115942ms)
1594666020:[PUMP  ,0207]battery 15308mV,   18666uA (warmup), P  +3539mbar
1594666020:[PUMP  ,0016]pump during 60000ms
1594666079:[PUMP  ,0212]battery 15125mV,  327448uA (steady state), P  +3539mbar
1594666084:[PRESS ,0038]P  +4189mbar,T+22220mdegC
1594666091:[PRESS ,0038]P  +4249mbar,T+21356mdegC
1594666098:[PRESS ,0038]P  +4309mbar,T+20493mdegC
1594666105:[PRESS ,0038]P  +4369mbar,T+21356mdegC
1594666109:[BUOY  ,0087]from +8mbar/s to +2mbar/s
1594666109:[BUOY  ,0089]need to transfer +96mL (pump during 115942ms)
1594666117:[PUMP  ,0207]battery 15250mV,   18788uA (warmup), P  +4389mbar
1594666117:[PUMP  ,0016]pump during 60000ms
1594666176:[PUMP  ,0212]battery 15063mV,  339404uA (steady state), P  +4389mbar
1594666181:[PRESS ,0038]P  +4959mbar,T+23085mdegC
1594666189:[PRESS ,0038]P  +5019mbar,T+21356mdegC
1594666198:[PRESS ,0038]P  +5089mbar,T+23085mdegC
1594666205:[STAGE ,0213]5139mbar reached at 1594666205s, ref 5000mbar +/-500mbar
1594666206:[BUOY  ,0087]from +7mbar/s to +0mbar/s
1594666206:[BUOY  ,0089]need to transfer +78mL (pump during 94203ms)
1594666214:[PUMP  ,0207]battery 15210mV,   18788uA (warmup), P  +5139mbar
1594666214:[PUMP  ,0016]pump during 60000ms
1594666273:[PUMP  ,0212]battery 15023mV,  340746uA (steady state), P  +5139mbar
1594666278:[PRESS ,0038]P  +5609mbar,T+21356mdegC
1594666290:[PRESS ,0038]P  +5669mbar,T+22220mdegC
1594666302:[PRESS ,0038]P  +5739mbar,T+21356mdegC
1594666302:<WARN>[BUOY  ,0094]stage[0] should ASCENT, stuck at 5739mbar for the #1 time
1594666302:[BUOY  ,0087]from +5mbar/s to -2mbar/s
1594666302:[BUOY  ,0089]need to transfer +46mL (pump during 55556ms)
1594666311:[PUMP  ,0207]battery 15182mV,   18788uA (warmup), P  +5739mbar
1594666311:[PUMP  ,0016]pump during 55556ms
1594666366:[PUMP  ,0212]battery 14992mV,  355264uA (steady state), P  +5739mbar
1594666370:[PRESS ,0038]P  +6049mbar,T+21356mdegC
1594666386:[PRESS ,0038]P  +6119mbar,T+20493mdegC
1594666395:<WARN>[BUOY  ,0094]stage[0] should ASCENT, stuck at 6129mbar for the #2 time
1594666395:[BUOY  ,0087]from +3mbar/s to -2mbar/s
1594666395:[BUOY  ,0089]need to transfer +20mL (pump during 24167ms)
1594666403:[PUMP  ,0207]battery 15167mV,   18788uA (warmup), P  +6129mbar
1594666403:[PUMP  ,0016]pump during 24167ms
1594666427:[PUMP  ,0212]battery 14981mV,  345138uA (steady state), P  +6129mbar
1594666459:[PRESS ,0038]P  +6229mbar,T+20493mdegC
1594666484:<WARN>[BUOY  ,0094]stage[0] should ASCENT, stuck at 6269mbar for the #3 time
1594666484:[BUOY  ,0087]from +1mbar/s to -2mbar/s
1594666484:[BUOY  ,0089]need to transfer +8mL (pump during 9667ms)
1594666492:[PUMP  ,0207]battery 15206mV,   18788uA (warmup), P  +6269mbar
1594666492:[PUMP  ,0016]pump during 9667ms
1594666501:[PUMP  ,0212]battery 15016mV,  347822uA (steady state), P  +6269mbar
1594666572:[MAIN  ,0140]stage[0] complete 1861s after mission start
1594666572:[MAIN  ,0056]stage[1]
1594666575:[MAIN  ,0024]internal pressure 81645Pa
1594666576:[MRMAID,0002]acq started
1594666586:[BUOY  ,0037]P  +6249mbar
1594666586:[STAGE ,0080]Stage [1] 5000mbar (+/-500mbar) 1800s (<1594668311s) MERMAID
1594666673:<WARN>[BUOY  ,0094]stage[1] should ASCENT, stuck at 6239mbar for the #1 time
1594666673:[BUOY  ,0087]from +0mbar/s to -2mbar/s
1594666673:[BUOY  ,0089]need to transfer +6mL (pump during 7301ms)
1594666673:[MRMAID,0003]acq stopped
1594666682:[PUMP  ,0207]battery 15302mV,   18666uA (warmup), P  +6239mbar
1594666682:[PUMP  ,0016]pump during 7301ms
1594666689:[PUMP  ,0212]battery 15108mV,  344162uA (steady state), P  +6239mbar
1594666692:[MRMAID,0002]acq started
1594666833:[PRESS ,0038]P  +6149mbar,T+21356mdegC
1594666845:[MRMAID,0027]61dbar, 20degC
1594666941:[PRESS ,0038]P  +6089mbar,T+20493mdegC
1594666943:<WARN>[BUOY  ,0094]stage[1] should ASCENT, stuck at 6109mbar for the #1 time
1594666943:[BUOY  ,0087]from +0mbar/s to -2mbar/s
1594666943:[BUOY  ,0089]need to transfer +6mL (pump during 7301ms)
1594666951:[PUMP  ,0207]battery 15370mV,   20618uA (warmup), P  +6109mbar
1594666951:[PUMP  ,0016]pump during 7301ms
1594666959:[PUMP  ,0212]battery 15172mV,  354898uA (steady state), P  +6109mbar
1594666971:[MRMAID,0184]acq already started
1594667035:[PRESS ,0038]P  +6029mbar,T+19629mdegC
1594667042:<WARN>[BUOY  ,0094]stage[1] should ASCENT, stuck at 6029mbar for the #2 time
1594667042:[BUOY  ,0087]from +0mbar/s to -2mbar/s
1594667042:[BUOY  ,0089]need to transfer +6mL (pump during 7301ms)
1594667051:[PUMP  ,0207]battery 15380mV,   19398uA (warmup), P  +6029mbar
1594667051:[PUMP  ,0016]pump during 7301ms
1594667058:[PUMP  ,0212]battery 15182mV,  346602uA (steady state), P  +6029mbar
1594667071:[MRMAID,0184]acq already started
1594667117:[PRESS ,0038]P  +5949mbar,T+20493mdegC
1594667202:[PRESS ,0038]P  +5849mbar,T+19629mdegC
1594667287:[PRESS ,0038]P  +5749mbar,T+19629mdegC
1594667373:[PRESS ,0038]P  +5659mbar,T+19629mdegC
1594667458:[PRESS ,0038]P  +5519mbar,T+20493mdegC
1594667483:[STAGE ,0213]5469mbar reached at 1594667483s, ref 5000mbar +/-500mbar
1594667544:[PRESS ,0038]P  +5409mbar,T+18765mdegC
1594667665:[PRESS ,0038]P  +5299mbar,T+19629mdegC
1594667726:[PRESS ,0038]P  +5229mbar,T+19629mdegC
1594667875:[MRMAID,0059]stop canceled
1594667888:[MRMAID,0005]ascent request rejected
1594667908:[PRESS ,0038]P  +5169mbar,T+17902mdegC
1594667974:[MRMAID,0027]51dbar, 20degC
1594668090:[PRESS ,0038]P  +5089mbar,T+19629mdegC
1594668332:[MAIN  ,0140]stage[1] complete 3621s after mission start
1594668364:[MRMAID,0003]acq stopped
1594668372:[MRMAID,0005]ascent request rejected
1594668393:[MRMAID,0188]acq already stopped
1594668453:[MSSION,0192]mission stopped, 2 stage(s) done
1594668453:[MAIN  ,0065]surfacing
1594668455:[SURFIN,0036]P  +5059mbar
1594668463:[PUMP  ,0207]battery 15487mV,   18666uA (warmup), P  +5059mbar
1594668463:[PUMP  ,0016]pump during 60000ms
1594668522:[PUMP  ,0212]battery 15287mV,  335500uA (steady state), P  +5059mbar
1594668580:[PRESS ,0038]P  +4759mbar,T+18765mdegC
1594668597:[PRESS ,0038]P  +4699mbar,T+19629mdegC
1594668613:[PUMP  ,0207]battery 15398mV,   18666uA (warmup), P  +4669mbar
1594668613:[PUMP  ,0016]pump during 60000ms
1594668672:[PUMP  ,0212]battery 15201mV,  339160uA (steady state), P  +4669mbar
1594668729:[PRESS ,0038]P  +3949mbar,T+18765mdegC
1594668738:[PRESS ,0038]P  +3889mbar,T+17902mdegC
1594668747:[PRESS ,0038]P  +3829mbar,T+17902mdegC
1594668762:[PUMP  ,0207]battery 15336mV,   18788uA (warmup), P  +3799mbar
1594668762:[PUMP  ,0016]pump during 60000ms
1594668821:[PUMP  ,0212]battery 15141mV,  338062uA (steady state), P  +3799mbar
1594668879:[PRESS ,0038]P  +2929mbar,T+18765mdegC
1594668888:[PRESS ,0038]P  +2859mbar,T+17902mdegC
1594668900:[PRESS ,0038]P  +2799mbar,T+17902mdegC
1594668912:[PUMP  ,0207]battery 15296mV,   18788uA (warmup), P  +2779mbar
1594668912:[PUMP  ,0016]pump during 60000ms
1594668971:[PUMP  ,0212]battery 15106mV,  325252uA (steady state), P  +2779mbar
1594669029:[PRESS ,0038]P  +2119mbar,T+18765mdegC
1594669041:[PRESS ,0038]P  +2049mbar,T+17902mdegC
1594669062:[PUMP  ,0207]battery 15270mV,   18788uA (warmup), P  +2019mbar
1594669062:[PUMP  ,0016]pump during 60000ms
1594669121:[PUMP  ,0212]battery 15082mV,  322812uA (steady state), P  +2019mbar
1594669178:[PRESS ,0038]P  +1899mbar,T+19629mdegC
1594669211:[PUMP  ,0207]battery 15253mV,   18910uA (warmup), P  +1859mbar
1594669211:[PUMP  ,0016]pump during 60000ms
1594669270:[PUMP  ,0212]battery 15066mV,  321958uA (steady state), P  +1859mbar
1594669328:[PRESS ,0038]P  +1559mbar,T+18765mdegC
1594669346:[PRESS ,0038]P  +1499mbar,T+18765mdegC
1594669361:[PUMP  ,0207]battery 15243mV,   18910uA (warmup), P  +1479mbar
1594669361:[PUMP  ,0016]pump during 60000ms
1594669420:[PUMP  ,0212]battery 15057mV,  319518uA (steady state), P  +1479mbar
1594669477:[PRESS ,0038]P   +999mbar,T+19629mdegC
1594669499:[PRESS ,0038]P   +939mbar,T+19629mdegC
1594669510:[PUMP  ,0207]battery 15238mV,   18910uA (warmup), P   +939mbar
1594669510:[PUMP  ,0016]pump during 60000ms
1594669569:[PUMP  ,0212]battery 15047mV,  327082uA (steady state), P   +939mbar
1594669627:[PRESS ,0038]P   +479mbar,T+20493mdegC
1594669632:[PRESS ,0038]P   +419mbar,T+20493mdegC
1594669638:[PRESS ,0038]P   +359mbar,T+20493mdegC
1594669645:[PRESS ,0038]P   +289mbar,T+19629mdegC
1594669650:[PRESS ,0038]P   +229mbar,T+19629mdegC
1594669656:[SURFIN,0020]filling external bladder
1594669664:[PUMP  ,0207]battery 15237mV,   18910uA (warmup), P   +179mbar
1594669664:[PUMP  ,0016]pump during 300000ms
1594669937:[PUMP  ,0212]battery 14791mV, 1018578uA (steady state), P   +179mbar
1594669939:[SURFIN,0019]external bladder full
1594669941:[PRESS ,0038]P    +50mbar,T+20493mdegC
1594670002:[MAIN  ,0272]Vbat 15002mV (min 14951mV)
1594670004:[MAIN  ,0024]internal pressure 79278Pa
1594670004:[MAIN  ,0043]Pext 52mbar (rng 20mbar)
1594670004:[MAIN  ,0064]surface
1594670017:[SURF  ,0022]GPS fix...
1594670037:[SURF  ,0015]10 PPS detected...
1594670038:[MRMAID,0052]Mermaid $GPSACK:+0,+0,+0,+0,+0,+0,-671;
1594670048:[MRMAID,0052]Mermaid $GPSOFF:3686291;
1594670050:[GPSFIX,0179]+0s diff
1594670050:[SURF  ,0222]2020-07-13T19:54:10
1594670050:[SURF  ,0082]Latitude : N43deg40.938mn, Longitude :E007deg19.182mn
1594670050:[SURF  ,0223]fix3D,8satellites
1594670050:[SURF  ,0084]GPS fix GPGSA : hdop0.670,vdop1.110
1594670060:[SURF  ,0274]last almanac : 33345
1594670117:[MRMAID,0026]18166 bytes in 0069/5F0CBBF1.MER
1594670123:[MAIN  ,0320]New pressure offset: 52mbar
1594670123:[LOGBIN,0078]*** switching to 0069/5F0CBC2B ***
