1594845789:[MAIN  ,0007]buoy 452.120-R-0070
1594845789:[MAIN  ,0055]soft pilotage 452.012.300_V2.21-20200701
1594845789:[MAIN  ,0010]cycle 1
1594845789:[SURF  ,0225]surface2
1594845806:[SURF  ,0022]GPS fix...
1594845826:[SURF  ,0015]10 PPS detected...
1594845827:[MRMAID,0052]Mermaid $GPSACK:+0,+0,+0,+0,+0,+0,+0;
1594845837:[MRMAID,0052]Mermaid $GPSOFF:3686351;
1594845838:[GPSFIX,0179]-1s diff
1594845839:[SURF  ,0222]2020-07-15T20:43:59
1594845839:[SURF  ,0082]Latitude : N43deg40.939mn, Longitude :E007deg19.177mn
1594845839:[SURF  ,0223]fix3D,8satellites
1594845839:[SURF  ,0084]GPS fix GPGSA : hdop0.650,vdop1.080
1594845849:[SURF  ,0025]Iridium...
1594845892:[SURF  ,0009]connected in 43s, signal quality 5
1594845961:[SURF  ,0218]prompt received, remote cmd end
1594845961:[SURF  ,0012]16 cmd(s) received
1594845988:[UPLOAD,0248]Upload data files...
1594846001:[UPLOAD,0231]"0070/5F0F64F6.BIN" uploaded at 38bytes/s
1594846020:[UPLOAD,0231]"0070/5F0F6983.BIN" uploaded at 102bytes/s
1594846031:[UPLOAD,0231]"0070/5F0F10A9.BIN" uploaded at 89bytes/s
1594846309:[UPLOAD,0231]"0070/5F0F48D2.MER" uploaded at 95bytes/s
1594846617:[UPLOAD,0231]"0070/5F0F491F.BIN" uploaded at 111bytes/s
1594846632:[UPLOAD,0231]"0070/5F0F6A50.MER" uploaded at 112bytes/s
1594846653:[MAIN  ,0013]6 file(s) uploaded
1594846686:[SURF  ,0014]disconnected after 837s
1594846691:[SURFIN,0020]filling external bladder
1594846694:[SURFIN,0019]external bladder full
1594846694:[SURF  ,0227]1st complete transfer
1594846707:[SURF  ,0022]GPS fix...
1594846727:[SURF  ,0015]10 PPS detected...
1594846728:[MRMAID,0052]Mermaid $GPSACK:+0,+0,+0,+0,+0,+1,-999938;
1594846738:[MRMAID,0052]Mermaid $GPSOFF:3686350;
1594846739:[GPSFIX,0179]-1s diff
1594846740:[SURF  ,0222]2020-07-15T20:59:00
1594846740:[SURF  ,0082]Latitude : N43deg40.939mn, Longitude :E007deg19.177mn
1594846740:[SURF  ,0223]fix3D,9satellites
1594846740:[SURF  ,0084]GPS fix GPGSA : hdop0.640,vdop0.990
1594846757:[MAIN  ,0024]internal pressure 80485Pa
1594846758:[BYCMD ,0107]    FreeRTOS V8.2.3
1594846758:[BYCMD ,0108]    FatFS v11a
1594846758:[BYCMD ,0117]    valve is running
1594846758:[BYCMD ,0120]    bypass 10000ms 60000ms (20000ms 60000ms stored)
1594846758:[BYCMD ,0121]    valve 60000ms 12750 (60000ms 12750 stored)
1594846758:[BYCMD ,0122]    pump 60000ms 30% 10750 80% (60000ms 30% 10750 80% stored)
1594846758:[BYCMD ,0123]    rate 2mbar/s (2mbar/s stored)
1594846758:[BYCMD ,0124]    surface 500mbar (500mbar stored)
1594846758:[BYCMD ,0125]    near 1500mbar 3mbar/s (15000mbar 3mbar/s stored)
1594846758:[BYCMD ,0126]    far 2500mbar 4mbar/s (25000mbar 4mbar/s stored)
1594846758:[BYCMD ,0127]    ascent 8mbar/s (8mbar/s stored)
1594846758:[BYCMD ,0128]    dead 60s (300s stored)
1594846758:[BYCMD ,0129]    coeff 16/10 (16/10 stored)
1594846758:[BYCMD ,0130]    stab 10 (10 stored)
1594846758:[BYCMD ,0131]    delay 900s 3600s (900s 3600s stored)
1594846758:[BYCMD ,0132]    mmtime 2880min (2880min stored)
1594846759:[BYCMD ,0133]    dv_landing 100ml (100ml stored)
1594846759:[MKDCMD,0150]    p2t37: 15x2000ms, offset 117mbar
1594846759:[P2TCMD,0151]    p2t37: dp 50mbar, dt 5000mdegC
1594846759:[STAGE ,0080]Stage [0] 5000mbar (+/-500mbar) 1800s (<1800s) 
1594846759:[STAGE ,0080]Stage [1] 5000mbar (+/-500mbar) 1800s (<3600s) MERMAID
1594846759:[MAIN  ,0070]turn off bluetooth
1594846761:[PRESS ,0038]P    +13mbar,T-31582mdegC
1594846763:[PRESS ,0038]P     -7mbar,T +7099mdegC
1594846767:[PRESS ,0038]P     +3mbar,T-31582mdegC
1594846769:[PRESS ,0038]P     +3mbar,T +7099mdegC
1594846770:[PRESS ,0038]P     +3mbar,T-19758mdegC
1594846772:[PRESS ,0038]P     +3mbar,T-31582mdegC
1594846776:[PRESS ,0038]P    +13mbar,T +7099mdegC
1594846785:[PRESS ,0038]P     +3mbar,T-31582mdegC
1594846787:[PRESS ,0038]P     +3mbar,T +7099mdegC
1594846787:[DIVING,0141]diving from 3mbar, +0mbar/s
1594846787:[BYPASS,0035]bypass opening 60000ms
1594846792:[BYPASS,0104]battery 15088mV,  264008uA (bypass opening), P     +3mbar
1594846857:[BYPASS,0106]battery 15111mV,  292190uA (bypass closing), P     +3mbar
1594846864:[PRESS ,0038]P     +3mbar,T-19758mdegC
1594846866:[PRESS ,0038]P     +3mbar,T-31582mdegC
1594846867:[PRESS ,0038]P     +3mbar,T +7099mdegC
1594846873:[PRESS ,0038]P    +13mbar,T-31582mdegC
1594846874:[PRESS ,0038]P     +3mbar,T +7099mdegC
1594846880:[PRESS ,0038]P     -7mbar,T-19758mdegC
1594846882:[PRESS ,0038]P     -7mbar,T +7099mdegC
1594846883:[BYPASS,0035]bypass opening 10000ms
1594846889:[BYPASS,0104]battery 15132mV,  264130uA (bypass opening), P     -7mbar
1594846904:[BYPASS,0106]battery 15121mV,  291214uA (bypass closing), P     -7mbar
1594846912:[PRESS ,0038]P     -7mbar,T-19758mdegC
1594846914:[PRESS ,0038]P     +3mbar,T +7099mdegC
1594846916:[PRESS ,0038]P     +3mbar,T-19758mdegC
1594846918:[PRESS ,0038]P     -7mbar,T +7099mdegC
1594846921:[PRESS ,0038]P     +3mbar,T-19758mdegC
1594846923:[PRESS ,0038]P     -7mbar,T +7099mdegC
1594846925:[PRESS ,0038]P     +3mbar,T-19758mdegC
1594846927:[PRESS ,0038]P     -7mbar,T +7099mdegC
1594846930:[BYPASS,0035]bypass opening 10000ms
1594846936:[BYPASS,0104]battery 15141mV,  263520uA (bypass opening), P     -7mbar
1594846951:[BYPASS,0106]battery 15130mV,  290482uA (bypass closing), P     -7mbar
1594846956:[PRESS ,0038]P     -7mbar,T-31582mdegC
1594846958:[PRESS ,0038]P    -17mbar,T +7099mdegC
1594846960:[PRESS ,0038]P     -7mbar,T-31582mdegC
1594846961:[PRESS ,0038]P     -7mbar,T +7099mdegC
1594846972:[PRESS ,0038]P     -7mbar,T-31582mdegC
1594846974:[PRESS ,0038]P     -7mbar,T +7099mdegC
1594846977:[BYPASS,0035]bypass opening 10000ms
1594846982:[BYPASS,0104]battery 15147mV,  267424uA (bypass opening), P     -7mbar
1594846997:[BYPASS,0106]battery 15137mV,  289994uA (bypass closing), P     -7mbar
1594847005:[PRESS ,0038]P     -7mbar,T-19758mdegC
1594847006:[PRESS ,0038]P     -7mbar,T +7099mdegC
1594847010:[PRESS ,0038]P     -7mbar,T-31582mdegC
1594847012:[PRESS ,0038]P     -7mbar,T +7099mdegC
1594847014:[PRESS ,0038]P     -7mbar,T-19758mdegC
1594847015:[PRESS ,0038]P     -7mbar,T +7099mdegC
1594847019:[PRESS ,0038]P     +3mbar,T-19758mdegC
1594847024:[BYPASS,0035]bypass opening 10000ms
1594847029:[BYPASS,0104]battery 15153mV,  268522uA (bypass opening), P     -7mbar
1594847044:[BYPASS,0106]battery 15143mV,  289506uA (bypass closing), P     -7mbar
1594847046:[PRESS ,0038]P     -7mbar,T +7099mdegC
1594847055:[PRESS ,0038]P     -7mbar,T+18921mdegC
1594847057:[PRESS ,0038]P     -7mbar,T +7099mdegC
1594847060:[PRESS ,0038]P     +3mbar,T+18921mdegC
1594847062:[PRESS ,0038]P     +3mbar,T-19758mdegC
1594847071:[PRESS ,0038]P    -17mbar,T+18921mdegC
1594847071:[BYPASS,0035]bypass opening 10000ms
1594847076:[BYPASS,0104]battery 15158mV,  267790uA (bypass opening), P    -17mbar
1594847091:[BYPASS,0106]battery 15148mV,  288896uA (bypass closing), P    -17mbar
1594847093:[PRESS ,0038]P     +3mbar,T-19758mdegC
1594847098:[PRESS ,0038]P    +13mbar,T +7099mdegC
1594847100:[PRESS ,0038]P     +3mbar,T-19758mdegC
1594847104:[PRESS ,0038]P    +13mbar,T +7099mdegC
1594847109:[PRESS ,0038]P     +3mbar,T-19758mdegC
1594847113:[PRESS ,0038]P     +3mbar,T +7099mdegC
1594847115:[PRESS ,0038]P     +3mbar,T-19758mdegC
1594847118:[PRESS ,0038]P     +3mbar,T +7099mdegC
1594847118:[BYPASS,0035]bypass opening 10000ms
1594847123:[BYPASS,0104]battery 15163mV,  267302uA (bypass opening), P     +3mbar
1594847138:[BYPASS,0106]battery 15153mV,  288530uA (bypass closing), P     +3mbar
1594847144:[PRESS ,0038]P     +3mbar,T-19758mdegC
1594847145:[PRESS ,0038]P    +13mbar,T+18921mdegC
1594847147:[PRESS ,0038]P     +3mbar,T +7099mdegC
1594847149:[PRESS ,0038]P     +3mbar,T-19758mdegC
1594847154:[PRESS ,0038]P     +3mbar,T +7099mdegC
1594847156:[PRESS ,0038]P     +3mbar,T+18921mdegC
1594847158:[PRESS ,0038]P     +3mbar,T +7099mdegC
1594847160:[PRESS ,0038]P     +3mbar,T-19758mdegC
1594847165:[PRESS ,0038]P    +13mbar,T +7099mdegC
1594847165:[BYPASS,0035]bypass opening 10000ms
1594847170:[BYPASS,0104]battery 15168mV,  268400uA (bypass opening), P    +13mbar
1594847185:[BYPASS,0106]battery 15158mV,  288164uA (bypass closing), P    +13mbar
1594847187:[PRESS ,0038]P     +3mbar,T-19758mdegC
1594847191:[PRESS ,0038]P    +13mbar,T +7099mdegC
1594847194:[PRESS ,0038]P     +3mbar,T-19758mdegC
1594847196:[PRESS ,0038]P    +13mbar,T +7099mdegC
1594847200:[PRESS ,0038]P    +13mbar,T-19758mdegC
1594847203:[PRESS ,0038]P     +3mbar,T +7099mdegC
1594847205:[PRESS ,0038]P    +13mbar,T-19758mdegC
1594847207:[PRESS ,0038]P     +3mbar,T +7099mdegC
1594847209:[PRESS ,0038]P     +3mbar,T-19758mdegC
1594847210:[PRESS ,0038]P     +3mbar,T +7099mdegC
1594847212:[BYPASS,0035]bypass opening 10000ms
1594847217:[BYPASS,0104]battery 15172mV,  266204uA (bypass opening), P    +13mbar
1594847232:[BYPASS,0106]battery 15162mV,  287676uA (bypass closing), P    +13mbar
1594847246:[PRESS ,0038]P    +13mbar,T-19758mdegC
1594847250:[PRESS ,0038]P     +3mbar,T-31582mdegC
1594847252:[PRESS ,0038]P     +3mbar,T +7099mdegC
1594847254:[PRESS ,0038]P     +3mbar,T-31582mdegC
1594847255:[PRESS ,0038]P     -7mbar,T-19758mdegC
1594847257:[PRESS ,0038]P    +13mbar,T +7099mdegC
1594847259:[BYPASS,0035]bypass opening 10000ms
1594847264:[BYPASS,0104]battery 15176mV,  268278uA (bypass opening), P     -7mbar
1594847279:[BYPASS,0106]battery 15166mV,  287310uA (bypass closing), P     -7mbar
1594847285:[PRESS ,0038]P    +13mbar,T-19758mdegC
1594847286:[PRESS ,0038]P     +3mbar,T +7099mdegC
1594847288:[PRESS ,0038]P     +3mbar,T-31582mdegC
1594847290:[PRESS ,0038]P    +13mbar,T +7099mdegC
1594847306:[BYPASS,0035]bypass opening 10000ms
1594847311:[BYPASS,0104]battery 15178mV,  267424uA (bypass opening), P     +3mbar
1594847326:[BYPASS,0106]battery 15168mV,  287066uA (bypass closing), P     +3mbar
1594847331:[PRESS ,0038]P     +3mbar,T-19758mdegC
1594847333:[PRESS ,0038]P     +3mbar,T +7099mdegC
1594847337:[PRESS ,0038]P     +3mbar,T-19758mdegC
1594847339:[PRESS ,0038]P     +3mbar,T +7099mdegC
1594847340:[PRESS ,0038]P     +3mbar,T-19758mdegC
1594847344:[PRESS ,0038]P     +3mbar,T +7099mdegC
1594847346:[PRESS ,0038]P     +3mbar,T+18921mdegC
1594847348:[PRESS ,0038]P    +13mbar,T-19758mdegC
1594847353:[PRESS ,0038]P     +3mbar,T +7099mdegC
1594847353:[BYPASS,0035]bypass opening 10000ms
1594847359:[BYPASS,0104]battery 15182mV,  265350uA (bypass opening), P     +3mbar
1594847374:[BYPASS,0106]battery 15171mV,  286700uA (bypass closing), P     +3mbar
1594847378:[PRESS ,0038]P     +3mbar,T-19758mdegC
1594847388:[PRESS ,0038]P    +13mbar,T +7099mdegC
1594847390:[PRESS ,0038]P    +13mbar,T-19758mdegC
1594847394:[PRESS ,0038]P     +3mbar,T +7099mdegC
1594847396:[PRESS ,0038]P     +3mbar,T-19758mdegC
1594847399:[PRESS ,0038]P     +3mbar,T +7099mdegC
1594847401:[BYPASS,0035]bypass opening 10000ms
1594847406:[BYPASS,0104]battery 15183mV,  267058uA (bypass opening), P    +13mbar
1594847421:[BYPASS,0106]battery 15173mV,  286456uA (bypass closing), P    +13mbar
1594847423:[PRESS ,0038]P    +13mbar,T-19758mdegC
1594847430:[PRESS ,0038]P     +3mbar,T +7099mdegC
1594847432:[PRESS ,0038]P     +3mbar,T-19758mdegC
1594847434:[PRESS ,0038]P     +3mbar,T +7099mdegC
1594847435:[PRESS ,0038]P    +13mbar,T+18921mdegC
1594847437:[PRESS ,0038]P    +13mbar,T-19758mdegC
1594847439:[PRESS ,0038]P     +3mbar,T +7099mdegC
1594847446:[PRESS ,0038]P     +3mbar,T-19758mdegC
1594847448:[PRESS ,0038]P    +13mbar,T +7099mdegC
1594847448:[BYPASS,0035]bypass opening 10000ms
1594847453:[BYPASS,0104]battery 15186mV,  265228uA (bypass opening), P    +13mbar
1594847468:[BYPASS,0106]battery 15176mV,  286090uA (bypass closing), P    +13mbar
1594847470:[PRESS ,0038]P     +3mbar,T-19758mdegC
1594847472:[PRESS ,0038]P     +3mbar,T +7099mdegC
1594847473:[PRESS ,0038]P     -7mbar,T-19758mdegC
1594847481:[PRESS ,0038]P    +13mbar,T +7099mdegC
1594847484:[PRESS ,0038]P     +3mbar,T-19758mdegC
1594847489:[PRESS ,0038]P     +3mbar,T +7099mdegC
1594847491:[PRESS ,0038]P     -7mbar,T-19758mdegC
1594847493:[PRESS ,0038]P     +3mbar,T +7099mdegC
1594847495:[PRESS ,0038]P     -7mbar,T+18921mdegC
1594847495:[BYPASS,0035]bypass opening 10000ms
1594847500:[BYPASS,0104]battery 15187mV,  269254uA (bypass opening), P     -7mbar
1594847515:[BYPASS,0106]battery 15177mV,  285846uA (bypass closing), P     -7mbar
1594847517:[PRESS ,0038]P    +13mbar,T-19758mdegC
1594847519:[PRESS ,0038]P     +3mbar,T +7099mdegC
1594847520:[PRESS ,0038]P     +3mbar,T-19758mdegC
1594847522:[PRESS ,0038]P     -7mbar,T+18921mdegC
1594847526:[PRESS ,0038]P     -7mbar,T-19758mdegC
1594847535:[PRESS ,0038]P     +3mbar,T +7099mdegC
1594847537:[PRESS ,0038]P     +3mbar,T-19758mdegC
1594847540:[PRESS ,0038]P     -7mbar,T +7099mdegC
1594847542:[PRESS ,0038]P     -7mbar,T-19758mdegC
1594847542:[BYPASS,0035]bypass opening 10000ms
1594847547:[BYPASS,0104]battery 15190mV,  265228uA (bypass opening), P     -7mbar
1594847562:[BYPASS,0106]battery 15180mV,  285602uA (bypass closing), P     -7mbar
1594847567:[PRESS ,0038]P     +3mbar,T +7099mdegC
1594847569:[PRESS ,0038]P     -7mbar,T-19758mdegC
1594847589:[BYPASS,0035]bypass opening 10000ms
1594847594:[BYPASS,0104]battery 15191mV,  267546uA (bypass opening), P     -7mbar
1594847610:[BYPASS,0106]battery 15181mV,  285358uA (bypass closing), P     -7mbar
1594847613:[PRESS ,0038]P     +3mbar,T-31582mdegC
1594847615:[PRESS ,0038]P     +3mbar,T-19758mdegC
1594847617:[PRESS ,0038]P     -7mbar,T+18921mdegC
1594847619:[PRESS ,0038]P     +3mbar,T +7099mdegC
1594847623:[PRESS ,0038]P     -7mbar,T-19758mdegC
1594847624:[PRESS ,0038]P     -7mbar,T +7099mdegC
1594847626:[PRESS ,0038]P     -7mbar,T-19758mdegC
1594847628:[PRESS ,0038]P     +3mbar,T +7099mdegC
1594847630:[PRESS ,0038]P     +3mbar,T-19758mdegC
1594847633:[PRESS ,0038]P     +3mbar,T +7099mdegC
1594847637:[PRESS ,0038]P     -7mbar,T-19758mdegC
1594847637:[BYPASS,0035]bypass opening 10000ms
1594847642:[BYPASS,0104]battery 15192mV,  266936uA (bypass opening), P     -7mbar
1594847657:[BYPASS,0106]battery 15182mV,  285114uA (bypass closing), P     -7mbar
1594847659:[PRESS ,0038]P     +3mbar,T +7099mdegC
1594847661:[PRESS ,0038]P     -7mbar,T-19758mdegC
1594847663:[PRESS ,0038]P     -7mbar,T-31582mdegC
1594847664:[PRESS ,0038]P     -7mbar,T-19758mdegC
1594847666:[PRESS ,0038]P     +3mbar,T +7099mdegC
1594847673:[PRESS ,0038]P     +3mbar,T-19758mdegC
1594847677:[PRESS ,0038]P    +13mbar,T +7099mdegC
1594847682:[PRESS ,0038]P     +3mbar,T-19758mdegC
1594847684:[PRESS ,0038]P     +3mbar,T +7099mdegC
1594847684:[BYPASS,0035]bypass opening 10000ms
1594847689:[BYPASS,0104]battery 15193mV,  269376uA (bypass opening), P     +3mbar
1594847704:[BYPASS,0106]battery 15183mV,  284870uA (bypass closing), P     +3mbar
1594847706:[PRESS ,0038]P     -7mbar,T-19758mdegC
1594847708:[PRESS ,0038]P     +3mbar,T +7099mdegC
1594847713:[PRESS ,0038]P     -7mbar,T-19758mdegC
1594847715:[PRESS ,0038]P     -7mbar,T +7099mdegC
1594847717:[PRESS ,0038]P     -7mbar,T-31582mdegC
1594847719:[PRESS ,0038]P     +3mbar,T +7099mdegC
1594847722:[PRESS ,0038]P     -7mbar,T-19758mdegC
1594847726:[PRESS ,0038]P     +3mbar,T +7099mdegC
1594847731:[BYPASS,0035]bypass opening 10000ms
1594847736:[BYPASS,0104]battery 15193mV,  267546uA (bypass opening), P     -7mbar
1594847751:[BYPASS,0106]battery 15185mV,  284626uA (bypass closing), P     -7mbar
1594847755:[PRESS ,0038]P    -17mbar,T-19758mdegC
1594847760:[PRESS ,0038]P     -7mbar,T +7099mdegC
1594847764:[PRESS ,0038]P     +3mbar,T-19758mdegC
1594847776:[PRESS ,0038]P     -7mbar,T +7099mdegC
1594847778:[BYPASS,0035]bypass opening 10000ms
1594847783:[BYPASS,0104]battery 15195mV,  268278uA (bypass opening), P     -7mbar
1594847798:[BYPASS,0106]battery 15185mV,  284382uA (bypass closing), P     -7mbar
1594847805:[PRESS ,0038]P    -17mbar,T+18921mdegC
1594847807:[PRESS ,0038]P     +3mbar,T +7099mdegC
1594847809:[PRESS ,0038]P     -7mbar,T-19758mdegC
1594847810:[PRESS ,0038]P     +3mbar,T +7099mdegC
1594847816:[PRESS ,0038]P     -7mbar,T+18921mdegC
1594847818:[PRESS ,0038]P     -7mbar,T-19758mdegC
1594847825:[PRESS ,0038]P     -7mbar,T +7099mdegC
1594847825:[BYPASS,0035]bypass opening 10000ms
1594847830:[BYPASS,0104]battery 15195mV,  268156uA (bypass opening), P     -7mbar
1594847845:[BYPASS,0106]battery 15186mV,  284016uA (bypass closing), P     -7mbar
1594847847:[PRESS ,0038]P     +3mbar,T-31582mdegC
1594847848:[PRESS ,0038]P    +13mbar,T-19758mdegC
1594847852:[PRESS ,0038]P     -7mbar,T +7099mdegC
1594847856:[PRESS ,0038]P     -7mbar,T-19758mdegC
1594847857:[PRESS ,0038]P     -7mbar,T +7099mdegC
1594847865:[PRESS ,0038]P     -7mbar,T-19758mdegC
1594847866:[PRESS ,0038]P     +3mbar,T+18921mdegC
1594847868:[PRESS ,0038]P     -7mbar,T +7099mdegC
1594847870:[PRESS ,0038]P     -7mbar,T+18921mdegC
1594847872:[PRESS ,0038]P     +3mbar,T +7099mdegC
1594847872:[BYPASS,0035]bypass opening 10000ms
1594847877:[BYPASS,0104]battery 15196mV,  267790uA (bypass opening), P     +3mbar
1594847892:[BYPASS,0106]battery 15187mV,  283772uA (bypass closing), P     +3mbar
1594847894:[PRESS ,0038]P     +3mbar,T-19758mdegC
1594847899:[PRESS ,0038]P     +3mbar,T +7099mdegC
1594847906:[PRESS ,0038]P     -7mbar,T-19758mdegC
1594847908:[PRESS ,0038]P     -7mbar,T +7099mdegC
1594847910:[PRESS ,0038]P     +3mbar,T-19758mdegC
1594847919:[BYPASS,0035]bypass opening 10000ms
1594847924:[BYPASS,0104]battery 15197mV,  265716uA (bypass opening), P     +3mbar
1594847939:[BYPASS,0106]battery 15187mV,  283650uA (bypass closing), P     +3mbar
1594847944:[PRESS ,0038]P     +3mbar,T +7099mdegC
1594847946:[PRESS ,0038]P     +3mbar,T-19758mdegC
1594847948:[PRESS ,0038]P     +3mbar,T +7099mdegC
1594847951:[PRESS ,0038]P     -7mbar,T+18921mdegC
1594847955:[PRESS ,0038]P     +3mbar,T-19758mdegC
1594847957:[PRESS ,0038]P     -7mbar,T +7099mdegC
1594847958:[PRESS ,0038]P     +3mbar,T-19758mdegC
1594847960:[PRESS ,0038]P     -7mbar,T +7099mdegC
1594847966:[PRESS ,0038]P     +3mbar,T-19758mdegC
1594847966:[BYPASS,0035]bypass opening 10000ms
1594847971:[BYPASS,0104]battery 15198mV,  266448uA (bypass opening), P     +3mbar
1594847986:[BYPASS,0106]battery 15188mV,  283528uA (bypass closing), P     +3mbar
1594847988:[PRESS ,0038]P     -7mbar,T +7099mdegC
1594847989:[PRESS ,0038]P     -7mbar,T-19758mdegC
1594847991:[PRESS ,0038]P     -7mbar,T +7099mdegC
1594847995:[PRESS ,0038]P     +3mbar,T-19758mdegC
1594847997:[PRESS ,0038]P     -7mbar,T +7099mdegC
1594847998:[PRESS ,0038]P    +23mbar,T-19758mdegC
1594848006:[PRESS ,0038]P     -7mbar,T +7099mdegC
1594848007:[PRESS ,0038]P     +3mbar,T-19758mdegC
1594848009:[PRESS ,0038]P    +13mbar,T +7099mdegC
1594848013:[PRESS ,0038]P     -7mbar,T-19758mdegC
1594848013:[BYPASS,0035]bypass opening 10000ms
1594848018:[BYPASS,0104]battery 15197mV,  267668uA (bypass opening), P     -7mbar
1594848033:[BYPASS,0106]battery 15188mV,  283284uA (bypass closing), P     -7mbar
1594848035:[PRESS ,0038]P     +3mbar,T +7099mdegC
1594848036:[PRESS ,0038]P     -7mbar,T-19758mdegC
1594848038:[PRESS ,0038]P     -7mbar,T+18921mdegC
1594848040:[PRESS ,0038]P     +3mbar,T +7099mdegC
1594848042:[PRESS ,0038]P     -7mbar,T-19758mdegC
1594848044:[PRESS ,0038]P     -7mbar,T +7099mdegC
1594848045:[PRESS ,0038]P     -7mbar,T-19758mdegC
1594848047:[PRESS ,0038]P    +23mbar,T +7099mdegC
1594848049:[PRESS ,0038]P     -7mbar,T-19758mdegC
1594848053:[PRESS ,0038]P    +13mbar,T +7099mdegC
1594848054:[PRESS ,0038]P    +13mbar,T-19758mdegC
1594848056:[PRESS ,0038]P    +13mbar,T +7099mdegC
1594848060:[BYPASS,0035]bypass opening 10000ms
1594848065:[BYPASS,0104]battery 15198mV,  268888uA (bypass opening), P    +13mbar
1594848080:[BYPASS,0106]battery 15190mV,  283162uA (bypass closing), P    +13mbar
1594848084:[PRESS ,0038]P    +13mbar,T-19758mdegC
1594848085:[PRESS ,0038]P     -7mbar,T +7099mdegC
1594848087:[PRESS ,0038]P    +13mbar,T-19758mdegC
1594848091:[PRESS ,0038]P    +13mbar,T +7099mdegC
1594848096:[PRESS ,0038]P    +13mbar,T-19758mdegC
1594848100:[PRESS ,0038]P    +13mbar,T +7099mdegC
1594848103:[PRESS ,0038]P     +3mbar,T+18921mdegC
1594848105:[PRESS ,0038]P    +13mbar,T-19758mdegC
1594848107:[PRESS ,0038]P    +13mbar,T +7099mdegC
1594848107:[BYPASS,0035]bypass opening 10000ms
1594848112:[BYPASS,0104]battery 15198mV,  268400uA (bypass opening), P    +13mbar
1594848127:[BYPASS,0106]battery 15190mV,  283040uA (bypass closing), P    +13mbar
1594848134:[PRESS ,0038]P     +3mbar,T+18921mdegC
1594848136:[PRESS ,0038]P    +13mbar,T-19758mdegC
1594848141:[PRESS ,0038]P    +13mbar,T +7099mdegC
1594848147:[PRESS ,0038]P     +3mbar,T-19758mdegC
1594848152:[PRESS ,0038]P    +13mbar,T +7099mdegC
1594848154:[PRESS ,0038]P    +13mbar,T-19758mdegC
1594848154:[BYPASS,0035]bypass opening 10000ms
1594848159:[BYPASS,0104]battery 15197mV,  269986uA (bypass opening), P    +13mbar
1594848174:[BYPASS,0106]battery 15190mV,  282918uA (bypass closing), P    +13mbar
1594848176:[PRESS ,0038]P    +13mbar,T+18921mdegC
1594848177:[PRESS ,0038]P    +23mbar,T-19758mdegC
1594848183:[PRESS ,0038]P    +23mbar,T +7099mdegC
1594848185:[PRESS ,0038]P     +3mbar,T-19758mdegC
1594848188:[PRESS ,0038]P    +13mbar,T +7099mdegC
1594848190:[PRESS ,0038]P    +13mbar,T-19758mdegC
1594848197:[PRESS ,0038]P    +13mbar,T +7099mdegC
1594848199:[PRESS ,0038]P     +3mbar,T-19758mdegC
1594848201:[BYPASS,0035]bypass opening 10000ms
1594848206:[BYPASS,0104]battery 15200mV,  266448uA (bypass opening), P     -7mbar
1594848221:[BYPASS,0106]battery 15191mV,  282796uA (bypass closing), P     -7mbar
1594848224:[PRESS ,0038]P    +13mbar,T +7099mdegC
1594848226:[PRESS ,0038]P     +3mbar,T-19758mdegC
1594848232:[PRESS ,0038]P     +3mbar,T +7099mdegC
1594848233:[PRESS ,0038]P    +13mbar,T-19758mdegC
1594848239:[PRESS ,0038]P     +3mbar,T+18921mdegC
1594848241:[PRESS ,0038]P     +3mbar,T-19758mdegC
1594848244:[PRESS ,0038]P     -7mbar,T +7099mdegC
1594848246:[PRESS ,0038]P     +3mbar,T-19758mdegC
1594848248:[PRESS ,0038]P     -7mbar,T+18921mdegC
1594848248:[BYPASS,0035]bypass opening 10000ms
1594848253:[BYPASS,0104]battery 15200mV,  270352uA (bypass opening), P     -7mbar
1594848268:[BYPASS,0106]battery 15191mV,  282552uA (bypass closing), P     -7mbar
1594848270:[PRESS ,0038]P     +3mbar,T +7099mdegC
1594848271:[PRESS ,0038]P     +3mbar,T-19758mdegC
1594848282:[PRESS ,0038]P     +3mbar,T+18921mdegC
1594848284:[PRESS ,0038]P     +3mbar,T +7099mdegC
1594848287:[PRESS ,0038]P     +3mbar,T-19758mdegC
1594848291:[PRESS ,0038]P     -7mbar,T +7099mdegC
1594848293:[PRESS ,0038]P     -7mbar,T-19758mdegC
1594848295:[BYPASS,0035]bypass opening 10000ms
1594848300:[BYPASS,0104]battery 15200mV,  268400uA (bypass opening), P     +3mbar
1594848315:[BYPASS,0106]battery 15191mV,  282430uA (bypass closing), P     +3mbar
1594848317:[PRESS ,0038]P     -7mbar,T +7099mdegC
1594848318:[PRESS ,0038]P     -7mbar,T-19758mdegC
1594848324:[PRESS ,0038]P     +3mbar,T +7099mdegC
1594848326:[PRESS ,0038]P     +3mbar,T-19758mdegC
1594848327:[PRESS ,0038]P     +3mbar,T +7099mdegC
1594848329:[PRESS ,0038]P     -7mbar,T-19758mdegC
1594848334:[PRESS ,0038]P     +3mbar,T +7099mdegC
1594848336:[PRESS ,0038]P     +3mbar,T-19758mdegC
1594848342:[BYPASS,0035]bypass opening 10000ms
1594848347:[BYPASS,0104]battery 15200mV,  267302uA (bypass opening), P     +3mbar
1594848362:[BYPASS,0106]battery 15191mV,  282308uA (bypass closing), P     +3mbar
1594848364:[PRESS ,0038]P     +3mbar,T +7099mdegC
1594848365:[PRESS ,0038]P     +3mbar,T-19758mdegC
1594848367:[PRESS ,0038]P     +3mbar,T +7099mdegC
1594848369:[PRESS ,0038]P     -7mbar,T-19758mdegC
1594848371:[PRESS ,0038]P     +3mbar,T+18921mdegC
1594848373:[PRESS ,0038]P     +3mbar,T +7099mdegC
1594848374:[PRESS ,0038]P    +13mbar,T-19758mdegC
1594848378:[PRESS ,0038]P     -7mbar,T +7099mdegC
1594848380:[PRESS ,0038]P     +3mbar,T-19758mdegC
1594848383:[PRESS ,0038]P     +3mbar,T +7099mdegC
1594848385:[PRESS ,0038]P    +13mbar,T-19758mdegC
1594848389:[PRESS ,0038]P     +3mbar,T +7099mdegC
1594848389:[BYPASS,0035]bypass opening 10000ms
1594848394:[BYPASS,0104]battery 15201mV,  264862uA (bypass opening), P     +3mbar
1594848409:[BYPASS,0106]battery 15192mV,  282308uA (bypass closing), P     +3mbar
1594848411:[PRESS ,0038]P     +3mbar,T-19758mdegC
1594848412:[PRESS ,0038]P     +3mbar,T +7099mdegC
1594848414:[PRESS ,0038]P     +3mbar,T-19758mdegC
1594848418:[PRESS ,0038]P     +3mbar,T +7099mdegC
1594848423:[PRESS ,0038]P     -7mbar,T-19758mdegC
1594848427:[PRESS ,0038]P     +3mbar,T +7099mdegC
1594848432:[PRESS ,0038]P     -7mbar,T -4728mdegC
1594848434:[PRESS ,0038]P     +3mbar,T +7099mdegC
1594848436:[BYPASS,0035]bypass opening 10000ms
1594848441:[BYPASS,0104]battery 15201mV,  266204uA (bypass opening), P    +13mbar
1594848456:[BYPASS,0106]battery 15192mV,  282064uA (bypass closing), P    +13mbar
1594848459:[PRESS ,0038]P     -7mbar,T-19758mdegC
1594848461:[PRESS ,0038]P     +3mbar,T +7099mdegC
1594848463:[PRESS ,0038]P     +3mbar,T-19758mdegC
1594848465:[PRESS ,0038]P     +3mbar,T +7099mdegC
1594848467:[PRESS ,0038]P     +3mbar,T-19758mdegC
1594848468:[PRESS ,0038]P     -7mbar,T +7099mdegC
1594848476:[PRESS ,0038]P     +3mbar,T-19758mdegC
1594848483:[PRESS ,0038]P     +3mbar,T +7099mdegC
1594848483:[BYPASS,0035]bypass opening 10000ms
1594848488:[BYPASS,0104]battery 15202mV,  266448uA (bypass opening), P     +3mbar
1594848503:[BYPASS,0106]battery 15192mV,  282064uA (bypass closing), P     +3mbar
1594848505:[PRESS ,0038]P     +3mbar,T-19758mdegC
1594848506:[PRESS ,0038]P    +13mbar,T +7099mdegC
1594848508:[PRESS ,0038]P     +3mbar,T-19758mdegC
1594848512:[PRESS ,0038]P     +3mbar,T +7099mdegC
1594848514:[PRESS ,0038]P     +3mbar,T-19758mdegC
1594848515:[PRESS ,0038]P     +3mbar,T +7099mdegC
1594848517:[PRESS ,0038]P     +3mbar,T-19758mdegC
1594848521:[PRESS ,0038]P     +3mbar,T +7099mdegC
1594848523:[PRESS ,0038]P     -7mbar,T-19758mdegC
1594848524:[PRESS ,0038]P     +3mbar,T +7099mdegC
1594848526:[PRESS ,0038]P     +3mbar,T-19758mdegC
1594848528:[PRESS ,0038]P    +13mbar,T +7099mdegC
1594848530:[PRESS ,0038]P     +3mbar,T-19758mdegC
1594848530:[BYPASS,0035]bypass opening 10000ms
1594848535:[BYPASS,0104]battery 15202mV,  266936uA (bypass opening), P     +3mbar
1594848550:[BYPASS,0106]battery 15193mV,  281942uA (bypass closing), P     +3mbar
1594848552:[PRESS ,0038]P     +3mbar,T +7099mdegC
1594848554:[PRESS ,0038]P    +13mbar,T-19758mdegC
1594848555:[PRESS ,0038]P     +3mbar,T +7099mdegC
1594848559:[PRESS ,0038]P     -7mbar,T-19758mdegC
1594848564:[PRESS ,0038]P     +3mbar,T +7099mdegC
1594848566:[PRESS ,0038]P     +3mbar,T-19758mdegC
1594848568:[PRESS ,0038]P     +3mbar,T +7099mdegC
1594848572:[PRESS ,0038]P     +3mbar,T-19758mdegC
1594848575:[PRESS ,0038]P     +3mbar,T +7099mdegC
1594848577:[PRESS ,0038]P     -7mbar,T-19758mdegC
1594848577:[BYPASS,0035]bypass opening 10000ms
1594848582:[BYPASS,0104]battery 15202mV,  268644uA (bypass opening), P     -7mbar
1594848597:[BYPASS,0106]battery 15193mV,  281820uA (bypass closing), P     -7mbar
1594848599:[PRESS ,0038]P     +3mbar,T +7099mdegC
1594848601:[PRESS ,0038]P     +3mbar,T-19758mdegC
1594848604:[PRESS ,0038]P    +13mbar,T +7099mdegC
1594848610:[PRESS ,0038]P     +3mbar,T-19758mdegC
1594848617:[PRESS ,0038]P     -7mbar,T +7099mdegC
1594848620:[PRESS ,0038]P     +3mbar,T-19758mdegC
1594848622:[PRESS ,0038]P     -7mbar,T +7099mdegC
1594848624:[PRESS ,0038]P     +3mbar,T+18921mdegC
1594848624:[BYPASS,0035]bypass opening 10000ms
1594848629:[BYPASS,0104]battery 15201mV,  270230uA (bypass opening), P     +3mbar
1594848644:[BYPASS,0106]battery 15193mV,  281820uA (bypass closing), P     +3mbar
1594848646:[PRESS ,0038]P     -7mbar,T-19758mdegC
1594848648:[PRESS ,0038]P     -7mbar,T +7099mdegC
1594848649:[PRESS ,0038]P     +3mbar,T-19758mdegC
1594848653:[PRESS ,0038]P     -7mbar,T +7099mdegC
1594848655:[PRESS ,0038]P     +3mbar,T-19758mdegC
1594848665:[PRESS ,0038]P     +3mbar,T +7099mdegC
1594848667:[PRESS ,0038]P     +3mbar,T-19758mdegC
1594848669:[PRESS ,0038]P     +3mbar,T+18921mdegC
1594848671:[PRESS ,0038]P     -7mbar,T +7099mdegC
1594848671:[BYPASS,0035]bypass opening 10000ms
1594848676:[BYPASS,0104]battery 15202mV,  269132uA (bypass opening), P     -7mbar
1594848691:[BYPASS,0106]battery 15193mV,  281698uA (bypass closing), P     -7mbar
1594848693:[PRESS ,0038]P     +3mbar,T-19758mdegC
1594848703:[PRESS ,0038]P     -7mbar,T+18921mdegC
1594848705:[PRESS ,0038]P     +3mbar,T +7099mdegC
1594848707:[PRESS ,0038]P     -7mbar,T-19758mdegC
1594848711:[PRESS ,0038]P     +3mbar,T +7099mdegC
1594848712:[PRESS ,0038]P     +3mbar,T-19758mdegC
1594848714:[PRESS ,0038]P     +3mbar,T +7099mdegC
1594848718:[PRESS ,0038]P     +3mbar,T-19758mdegC
1594848718:[BYPASS,0035]bypass opening 10000ms
1594848723:[BYPASS,0104]battery 15201mV,  269254uA (bypass opening), P     +3mbar
1594848738:[BYPASS,0106]battery 15193mV,  281576uA (bypass closing), P     +3mbar
1594848754:[PRESS ,0038]P     +3mbar,T+18921mdegC
1594848756:[PRESS ,0038]P     -7mbar,T-19758mdegC
1594848765:[BYPASS,0035]bypass opening 10000ms
1594848770:[BYPASS,0104]battery 15201mV,  268888uA (bypass opening), P     +3mbar
1594848785:[BYPASS,0106]battery 15193mV,  281576uA (bypass closing), P     +3mbar
1594848790:[PRESS ,0038]P     +3mbar,T +7099mdegC
1594848792:[PRESS ,0038]P     +3mbar,T-19758mdegC
1594848795:[PRESS ,0038]P     +3mbar,T +7099mdegC
1594848797:[PRESS ,0038]P     +3mbar,T-19758mdegC
1594848799:[PRESS ,0038]P     -7mbar,T +7099mdegC
1594848801:[PRESS ,0038]P     -7mbar,T+18921mdegC
1594848803:[PRESS ,0038]P     +3mbar,T +7099mdegC
1594848804:[PRESS ,0038]P     +3mbar,T-19758mdegC
1594848808:[PRESS ,0038]P     +3mbar,T +7099mdegC
1594848810:[PRESS ,0038]P     +3mbar,T-19758mdegC
1594848812:[PRESS ,0038]P     -7mbar,T +7099mdegC
1594848812:[BYPASS,0035]bypass opening 10000ms
1594848817:[BYPASS,0104]battery 15201mV,  272060uA (bypass opening), P     -7mbar
1594848832:[BYPASS,0106]battery 15193mV,  281454uA (bypass closing), P     -7mbar
1594848837:[PRESS ,0038]P    +13mbar,T-19758mdegC
1594848841:[PRESS ,0038]P     +3mbar,T +7099mdegC
1594848843:[PRESS ,0038]P     +3mbar,T-19758mdegC
1594848846:[PRESS ,0038]P     +3mbar,T +7099mdegC
1594848848:[PRESS ,0038]P     +3mbar,T-19758mdegC
1594848851:[PRESS ,0038]P     +3mbar,T +7099mdegC
1594848855:[PRESS ,0038]P    +13mbar,T-19758mdegC
1594848857:[PRESS ,0038]P     +3mbar,T +7099mdegC
1594848859:[PRESS ,0038]P     -7mbar,T-19758mdegC
1594848859:[BYPASS,0035]bypass opening 10000ms
1594848864:[BYPASS,0104]battery 15201mV,  270962uA (bypass opening), P     -7mbar
1594848879:[BYPASS,0106]battery 15193mV,  281454uA (bypass closing), P     -7mbar
1594848881:[PRESS ,0038]P     +3mbar,T +7099mdegC
1594848886:[PRESS ,0038]P     +3mbar,T-19758mdegC
1594848893:[PRESS ,0038]P     +3mbar,T +7099mdegC
1594848895:[PRESS ,0038]P     +3mbar,T-19758mdegC
1594848898:[PRESS ,0038]P    +13mbar,T +7099mdegC
1594848900:[PRESS ,0038]P    +13mbar,T-19758mdegC
1594848906:[BYPASS,0035]bypass opening 10000ms
1594848911:[BYPASS,0104]battery 15201mV,  269620uA (bypass opening), P     +3mbar
1594848926:[BYPASS,0106]battery 15193mV,  281332uA (bypass closing), P     +3mbar
1594848928:[PRESS ,0038]P     +3mbar,T +7099mdegC
1594848929:[PRESS ,0038]P     -7mbar,T-19758mdegC
1594848935:[PRESS ,0038]P    +13mbar,T +7099mdegC
1594848940:[PRESS ,0038]P     +3mbar,T-19758mdegC
1594848944:[PRESS ,0038]P     +3mbar,T +7099mdegC
1594848945:[PRESS ,0038]P     +3mbar,T-19758mdegC
1594848953:[PRESS ,0038]P     +3mbar,T +7099mdegC
1594848953:[BYPASS,0035]bypass opening 10000ms
1594848958:[BYPASS,0104]battery 15201mV,  268034uA (bypass opening), P     +3mbar
1594848973:[BYPASS,0106]battery 15193mV,  281332uA (bypass closing), P     +3mbar
1594848978:[PRESS ,0038]P     +3mbar,T-19758mdegC
1594848980:[PRESS ,0038]P     -7mbar,T +7099mdegC
1594848982:[PRESS ,0038]P    +13mbar,T-19758mdegC
1594848983:[PRESS ,0038]P     +3mbar,T +7099mdegC
1594848987:[PRESS ,0038]P     +3mbar,T+18921mdegC
1594848989:[PRESS ,0038]P    +13mbar,T-19758mdegC
1594848992:[PRESS ,0038]P     +3mbar,T +7099mdegC
1594848994:[PRESS ,0038]P    +13mbar,T-19758mdegC
1594848998:[PRESS ,0038]P     -7mbar,T +7099mdegC
1594849000:[BYPASS,0035]bypass opening 10000ms
1594849005:[BYPASS,0104]battery 15201mV,  271572uA (bypass opening), P     -7mbar
1594849020:[BYPASS,0106]battery 15193mV,  281332uA (bypass closing), P     -7mbar
1594849025:[PRESS ,0038]P     +3mbar,T-19758mdegC
1594849027:[PRESS ,0038]P     +3mbar,T +7099mdegC
1594849029:[PRESS ,0038]P     +3mbar,T-19758mdegC
1594849030:[PRESS ,0038]P     -7mbar,T +7099mdegC
1594849032:[PRESS ,0038]P     -7mbar,T-19758mdegC
1594849043:[PRESS ,0038]P     -7mbar,T +7099mdegC
1594849046:[PRESS ,0038]P     -7mbar,T-19758mdegC
1594849046:[BYPASS,0035]bypass opening 10000ms
1594849052:[BYPASS,0104]battery 15202mV,  270230uA (bypass opening), P     -7mbar
1594849067:[BYPASS,0106]battery 15195mV,  281210uA (bypass closing), P     -7mbar
1594849068:[PRESS ,0038]P     -7mbar,T+18921mdegC
1594849070:[PRESS ,0038]P     -7mbar,T +7099mdegC
1594849072:[PRESS ,0038]P     -7mbar,T-19758mdegC
1594849074:[PRESS ,0038]P     -7mbar,T +7099mdegC
1594849076:[PRESS ,0038]P     -7mbar,T-19758mdegC
1594849084:[PRESS ,0038]P     +3mbar,T+18921mdegC
1594849086:[PRESS ,0038]P     -7mbar,T-19758mdegC
1594849090:[PRESS ,0038]P     -7mbar,T +7099mdegC
1594849093:[PRESS ,0038]P    -17mbar,T-19758mdegC
1594849093:[BYPASS,0035]bypass opening 10000ms
1594849099:[BYPASS,0104]battery 15202mV,  270718uA (bypass opening), P    -17mbar
1594849114:[BYPASS,0106]battery 15195mV,  281088uA (bypass closing), P    -17mbar
1594849119:[PRESS ,0038]P     -7mbar,T +7099mdegC
1594849121:[PRESS ,0038]P     +3mbar,T-19758mdegC
1594849126:[PRESS ,0038]P    +13mbar,T +7099mdegC
1594849130:[PRESS ,0038]P     -7mbar,T-19758mdegC
1594849133:[PRESS ,0038]P     +3mbar,T+18921mdegC
1594849135:[PRESS ,0038]P     +3mbar,T +7099mdegC
1594849137:[PRESS ,0038]P     +3mbar,T-19758mdegC
1594849139:[PRESS ,0038]P     +3mbar,T+18921mdegC
1594849140:[PRESS ,0038]P     +3mbar,T-31582mdegC
1594849141:[BYPASS,0035]bypass opening 10000ms
1594849146:[BYPASS,0104]battery 15202mV,  272670uA (bypass opening), P     +3mbar
1594849161:[BYPASS,0106]battery 15195mV,  281088uA (bypass closing), P     +3mbar
1594849162:[PRESS ,0038]P     -7mbar,T+18921mdegC
1594849164:[PRESS ,0038]P     -7mbar,T +7099mdegC
1594849166:[PRESS ,0038]P    -17mbar,T-31582mdegC
1594849168:[PRESS ,0038]P    +13mbar,T-19758mdegC
1594849180:[PRESS ,0038]P     +3mbar,T +7099mdegC
1594849184:[PRESS ,0038]P     +3mbar,T-19758mdegC
1594849187:[PRESS ,0038]P     +3mbar,T +7099mdegC
1594849187:[BYPASS,0035]bypass opening 10000ms
1594849192:[BYPASS,0104]battery 15202mV,  268644uA (bypass opening), P     +3mbar
1594849208:[BYPASS,0106]battery 15195mV,  280966uA (bypass closing), P     +3mbar
1594849209:[PRESS ,0038]P    +13mbar,T-19758mdegC
1594849211:[PRESS ,0038]P     +3mbar,T +7099mdegC
1594849213:[PRESS ,0038]P     +3mbar,T-19758mdegC
1594849215:[PRESS ,0038]P     +3mbar,T +7099mdegC
1594849225:[PRESS ,0038]P     -7mbar,T-19758mdegC
1594849227:[PRESS ,0038]P     +3mbar,T +7099mdegC
1594849234:[BYPASS,0035]bypass opening 10000ms
1594849239:[BYPASS,0104]battery 15201mV,  271816uA (bypass opening), P     +3mbar
1594849254:[BYPASS,0106]battery 15195mV,  280966uA (bypass closing), P     +3mbar
1594849262:[PRESS ,0038]P     +3mbar,T-31582mdegC
1594849263:[PRESS ,0038]P    +13mbar,T +7099mdegC
1594849267:[PRESS ,0038]P     +3mbar,T-19758mdegC
1594849269:[PRESS ,0038]P     +3mbar,T-31582mdegC
1594849271:[PRESS ,0038]P     +3mbar,T +7099mdegC
1594849274:[PRESS ,0038]P     +3mbar,T-31582mdegC
1594849276:[PRESS ,0038]P     +3mbar,T +7099mdegC
1594849281:[BYPASS,0035]bypass opening 10000ms
1594849286:[BYPASS,0104]battery 15202mV,  270474uA (bypass opening), P     +3mbar
1594849301:[BYPASS,0106]battery 15195mV,  280966uA (bypass closing), P     +3mbar
1594849303:[PRESS ,0038]P    +13mbar,T-19758mdegC
1594849305:[PRESS ,0038]P     +3mbar,T-31582mdegC
1594849307:[PRESS ,0038]P     +3mbar,T +7099mdegC
1594849309:[PRESS ,0038]P     +3mbar,T-19758mdegC
1594849312:[PRESS ,0038]P     +3mbar,T +7099mdegC
1594849316:[PRESS ,0038]P     +3mbar,T-31582mdegC
1594849318:[PRESS ,0038]P     +3mbar,T +7099mdegC
1594849325:[PRESS ,0038]P     +3mbar,T-31582mdegC
1594849328:[PRESS ,0038]P     +3mbar,T-19758mdegC
1594849328:[BYPASS,0035]bypass opening 10000ms
1594849333:[BYPASS,0104]battery 15201mV,  271938uA (bypass opening), P     +3mbar
1594849348:[BYPASS,0106]battery 15195mV,  280966uA (bypass closing), P     +3mbar
1594849350:[PRESS ,0038]P     +3mbar,T +7099mdegC
1594849356:[PRESS ,0038]P     +3mbar,T-19758mdegC
1594849359:[PRESS ,0038]P    +13mbar,T-31582mdegC
1594849361:[PRESS ,0038]P     +3mbar,T +7099mdegC
1594849364:[PRESS ,0038]P    +13mbar,T-19758mdegC
1594849366:[PRESS ,0038]P     +3mbar,T +7099mdegC
1594849372:[PRESS ,0038]P     +3mbar,T-19758mdegC
1594849375:[BYPASS,0035]bypass opening 10000ms
1594849380:[BYPASS,0104]battery 15202mV,  270840uA (bypass opening), P    +13mbar
1594849395:[BYPASS,0106]battery 15195mV,  280844uA (bypass closing), P    +13mbar
1594849397:[PRESS ,0038]P     +3mbar,T +7099mdegC
1594849401:[PRESS ,0038]P    +13mbar,T-31582mdegC
1594849403:[PRESS ,0038]P    +13mbar,T +7099mdegC
1594849406:[PRESS ,0038]P     +3mbar,T-31582mdegC
1594849408:[PRESS ,0038]P     +3mbar,T +7099mdegC
1594849415:[PRESS ,0038]P    +13mbar,T-31582mdegC
1594849417:[PRESS ,0038]P     +3mbar,T-19758mdegC
1594849419:[PRESS ,0038]P    +13mbar,T +7099mdegC
1594849422:[PRESS ,0038]P    +13mbar,T-19758mdegC
1594849422:[BYPASS,0035]bypass opening 10000ms
1594849427:[BYPASS,0104]battery 15202mV,  273158uA (bypass opening), P    +13mbar
1594849442:[BYPASS,0106]battery 15195mV,  280844uA (bypass closing), P    +13mbar
1594849444:[PRESS ,0038]P    +13mbar,T +7099mdegC
1594849457:[PRESS ,0038]P     +3mbar,T-19758mdegC
1594849458:[PRESS ,0038]P     +3mbar,T-31582mdegC
1594849460:[PRESS ,0038]P     +3mbar,T +7099mdegC
1594849469:[BYPASS,0035]bypass opening 10000ms
1594849474:[BYPASS,0104]battery 15201mV,  271694uA (bypass opening), P    +13mbar
1594849489:[BYPASS,0106]battery 15195mV,  280844uA (bypass closing), P    +13mbar
1594849491:[PRESS ,0038]P     +3mbar,T-19758mdegC
1594849493:[PRESS ,0038]P     +3mbar,T-31582mdegC
1594849495:[PRESS ,0038]P     +3mbar,T +7099mdegC
1594849498:[PRESS ,0038]P     -7mbar,T-19758mdegC
1594849500:[PRESS ,0038]P     +3mbar,T +7099mdegC
1594849504:[PRESS ,0038]P    +13mbar,T-31582mdegC
1594849505:[PRESS ,0038]P     +3mbar,T +7099mdegC
1594849511:[PRESS ,0038]P     +3mbar,T-19758mdegC
1594849516:[BYPASS,0035]bypass opening 10000ms
1594849521:[BYPASS,0104]battery 15202mV,  269864uA (bypass opening), P     +3mbar
1594849536:[BYPASS,0106]battery 15195mV,  280844uA (bypass closing), P     +3mbar
1594849540:[PRESS ,0038]P     +3mbar,T +7099mdegC
1594849542:[PRESS ,0038]P    +13mbar,T-19758mdegC
1594849543:[PRESS ,0038]P     +3mbar,T+18921mdegC
1594849545:[PRESS ,0038]P     +3mbar,T +7099mdegC
1594849550:[PRESS ,0038]P     +3mbar,T-19758mdegC
1594849552:[PRESS ,0038]P     +3mbar,T +7099mdegC
1594849554:[PRESS ,0038]P     +3mbar,T-19758mdegC
1594849556:[PRESS ,0038]P    +13mbar,T +7099mdegC
1594849561:[PRESS ,0038]P     +3mbar,T-19758mdegC
1594849563:[BYPASS,0035]bypass opening 10000ms
1594849568:[BYPASS,0104]battery 15202mV,  269376uA (bypass opening), P     -7mbar
1594849583:[BYPASS,0106]battery 15195mV,  280722uA (bypass closing), P     -7mbar
1594849587:[PRESS ,0038]P    +13mbar,T +7099mdegC
1594849589:[PRESS ,0038]P     +3mbar,T-19758mdegC
1594849592:[PRESS ,0038]P    +13mbar,T +7099mdegC
1594849594:[PRESS ,0038]P    +13mbar,T-19758mdegC
1594849596:[PRESS ,0038]P    +13mbar,T +7099mdegC
1594849598:[PRESS ,0038]P     +3mbar,T-19758mdegC
1594849601:[PRESS ,0038]P     +3mbar,T +7099mdegC
1594849603:[PRESS ,0038]P    +13mbar,T-19758mdegC
1594849605:[PRESS ,0038]P     -7mbar,T +7099mdegC
1594849607:[PRESS ,0038]P     +3mbar,T-19758mdegC
1594849610:[PRESS ,0038]P    +13mbar,T +7099mdegC
1594849610:[BYPASS,0035]bypass opening 10000ms
1594849615:[BYPASS,0104]battery 15201mV,  271206uA (bypass opening), P    +13mbar
1594849630:[BYPASS,0106]battery 15195mV,  280722uA (bypass closing), P    +13mbar
1594849634:[PRESS ,0038]P     +3mbar,T-19758mdegC
1594849636:[PRESS ,0038]P    +13mbar,T +7099mdegC
1594849641:[PRESS ,0038]P    +13mbar,T-31582mdegC
1594849643:[PRESS ,0038]P     +3mbar,T-19758mdegC
1594849652:[PRESS ,0038]P    +13mbar,T +7099mdegC
1594849653:[PRESS ,0038]P    +13mbar,T-19758mdegC
1594849655:[PRESS ,0038]P     +3mbar,T +7099mdegC
1594849657:[BYPASS,0035]bypass opening 10000ms
1594849662:[BYPASS,0104]battery 15202mV,  272304uA (bypass opening), P    +13mbar
1594849677:[BYPASS,0106]battery 15195mV,  280722uA (bypass closing), P    +13mbar
1594849679:[PRESS ,0038]P    +13mbar,T-19758mdegC
1594849686:[PRESS ,0038]P     +3mbar,T +7099mdegC
1594849691:[PRESS ,0038]P     +3mbar,T-19758mdegC
1594849697:[PRESS ,0038]P     +3mbar,T +7099mdegC
1594849699:[PRESS ,0038]P     +3mbar,T-19758mdegC
1594849700:[PRESS ,0038]P     +3mbar,T +7099mdegC
1594849702:[PRESS ,0038]P    +13mbar,T-19758mdegC
1594849704:[BYPASS,0035]bypass opening 10000ms
1594849709:[BYPASS,0104]battery 15202mV,  270474uA (bypass opening), P    +13mbar
1594849724:[BYPASS,0106]battery 15195mV,  280722uA (bypass closing), P    +13mbar
1594849726:[PRESS ,0038]P     +3mbar,T +7099mdegC
1594849728:[PRESS ,0038]P     +3mbar,T-19758mdegC
1594849730:[PRESS ,0038]P     +3mbar,T +7099mdegC
1594849737:[PRESS ,0038]P     -7mbar,T-19758mdegC
1594849742:[PRESS ,0038]P    +13mbar,T +7099mdegC
1594849744:[PRESS ,0038]P    +13mbar,T-19758mdegC
1594849746:[PRESS ,0038]P    +13mbar,T +7099mdegC
1594849751:[BYPASS,0035]bypass opening 10000ms
1594849756:[BYPASS,0104]battery 15202mV,  271328uA (bypass opening), P     +3mbar
1594849771:[BYPASS,0106]battery 15195mV,  280600uA (bypass closing), P     +3mbar
1594849776:[PRESS ,0038]P     +3mbar,T-19758mdegC
1594849778:[PRESS ,0038]P     +3mbar,T +7099mdegC
1594849780:[PRESS ,0038]P     +3mbar,T-19758mdegC
1594849782:[PRESS ,0038]P    +13mbar,T+18921mdegC
1594849784:[PRESS ,0038]P     -7mbar,T +7099mdegC
1594849785:[PRESS ,0038]P    +13mbar,T-19758mdegC
1594849789:[PRESS ,0038]P     +3mbar,T +7099mdegC
1594849793:[PRESS ,0038]P    +13mbar,T-19758mdegC
1594849798:[PRESS ,0038]P    +13mbar,T-31582mdegC
1594849798:[BYPASS,0035]bypass opening 10000ms
1594849803:[BYPASS,0104]battery 15201mV,  272426uA (bypass opening), P    +13mbar
1594849818:[BYPASS,0106]battery 15195mV,  280600uA (bypass closing), P    +13mbar
1594849820:[PRESS ,0038]P     +3mbar,T +7099mdegC
1594849827:[PRESS ,0038]P     +3mbar,T-19758mdegC
1594849831:[PRESS ,0038]P    +23mbar,T +7099mdegC
1594849832:[PRESS ,0038]P     +3mbar,T-19758mdegC
1594849836:[PRESS ,0038]P    +13mbar,T +7099mdegC
1594849839:[PRESS ,0038]P    +13mbar,T-19758mdegC
1594849845:[BYPASS,0035]bypass opening 10000ms
1594849850:[BYPASS,0104]battery 15201mV,  273158uA (bypass opening), P    +13mbar
1594849865:[BYPASS,0106]battery 15196mV,  280600uA (bypass closing), P    +13mbar
1594849867:[PRESS ,0038]P     +3mbar,T+18921mdegC
1594849869:[PRESS ,0038]P    +13mbar,T-31582mdegC
1594849870:[PRESS ,0038]P     +3mbar,T +7099mdegC
1594849872:[PRESS ,0038]P     +3mbar,T-19758mdegC
1594849874:[PRESS ,0038]P     +3mbar,T +7099mdegC
1594849885:[PRESS ,0038]P     +3mbar,T-19758mdegC
1594849890:[PRESS ,0038]P     -7mbar,T +7099mdegC
1594849892:[PRESS ,0038]P     -7mbar,T-19758mdegC
1594849892:[BYPASS,0035]bypass opening 10000ms
1594849897:[BYPASS,0104]battery 15201mV,  273402uA (bypass opening), P     -7mbar
1594849912:[BYPASS,0106]battery 15196mV,  280600uA (bypass closing), P     -7mbar
1594849914:[PRESS ,0038]P     +3mbar,T +7099mdegC
1594849916:[PRESS ,0038]P     +3mbar,T-19758mdegC
1594849921:[PRESS ,0038]P    +13mbar,T +7099mdegC
1594849923:[PRESS ,0038]P     -7mbar,T-19758mdegC
1594849924:[PRESS ,0038]P     -7mbar,T-31582mdegC
1594849926:[PRESS ,0038]P     -7mbar,T +7099mdegC
1594849928:[PRESS ,0038]P     -7mbar,T-19758mdegC
1594849933:[PRESS ,0038]P     -7mbar,T +7099mdegC
1594849935:[PRESS ,0038]P     -7mbar,T-19758mdegC
1594849939:[BYPASS,0035]bypass opening 10000ms
1594849944:[BYPASS,0104]battery 15201mV,  272670uA (bypass opening), P     +3mbar
1594849959:[BYPASS,0106]battery 15196mV,  280600uA (bypass closing), P     +3mbar
1594849970:[PRESS ,0038]P     -7mbar,T+18921mdegC
1594849971:[PRESS ,0038]P     +3mbar,T +7099mdegC
1594849973:[PRESS ,0038]P     -7mbar,T-19758mdegC
1594849982:[PRESS ,0038]P     -7mbar,T +7099mdegC
1594849984:[PRESS ,0038]P     +3mbar,T-19758mdegC
1594849986:[BYPASS,0035]bypass opening 10000ms
1594849991:[BYPASS,0104]battery 15202mV,  270352uA (bypass opening), P     +3mbar
1594850006:[BYPASS,0106]battery 15196mV,  280478uA (bypass closing), P     +3mbar
1594850008:[PRESS ,0038]P     +3mbar,T +7099mdegC
1594850015:[PRESS ,0038]P     +3mbar,T-19758mdegC
1594850016:[PRESS ,0038]P     +3mbar,T +7099mdegC
1594850018:[PRESS ,0038]P     -7mbar,T-19758mdegC
1594850020:[PRESS ,0038]P     -7mbar,T +7099mdegC
1594850022:[PRESS ,0038]P     -7mbar,T-19758mdegC
1594850025:[PRESS ,0038]P     +3mbar,T +7099mdegC
1594850027:[PRESS ,0038]P     +3mbar,T-19758mdegC
1594850029:[PRESS ,0038]P     -7mbar,T +7099mdegC
1594850031:[PRESS ,0038]P     -7mbar,T-19758mdegC
1594850033:[PRESS ,0038]P     +3mbar,T +7099mdegC
1594850033:[BYPASS,0035]bypass opening 10000ms
1594850038:[BYPASS,0104]battery 15201mV,  273158uA (bypass opening), P     +3mbar
1594850053:[BYPASS,0106]battery 15196mV,  280600uA (bypass closing), P     +3mbar
1594850056:[PRESS ,0038]P     -7mbar,T-31582mdegC
1594850058:[PRESS ,0038]P     +3mbar,T +7099mdegC
1594850072:[PRESS ,0038]P     -7mbar,T-31582mdegC
1594850074:[PRESS ,0038]P     -7mbar,T +7099mdegC
1594850080:[BYPASS,0035]bypass opening 10000ms
1594850085:[BYPASS,0104]battery 15200mV,  275476uA (bypass opening), P     +3mbar
1594850100:[BYPASS,0106]battery 15196mV,  280478uA (bypass closing), P     +3mbar
1594850101:[PRESS ,0038]P     +3mbar,T-19758mdegC
1594850103:[PRESS ,0038]P     -7mbar,T +7099mdegC
1594850107:[PRESS ,0038]P     -7mbar,T-31582mdegC
1594850109:[PRESS ,0038]P     +3mbar,T +7099mdegC
1594850112:[PRESS ,0038]P     -7mbar,T-19758mdegC
1594850118:[PRESS ,0038]P     +3mbar,T +7099mdegC
1594850121:[PRESS ,0038]P     -7mbar,T-19758mdegC
1594850123:[PRESS ,0038]P     -7mbar,T +7099mdegC
1594850127:[PRESS ,0038]P     -7mbar,T-31582mdegC
1594850127:[BYPASS,0035]bypass opening 10000ms
1594850132:[BYPASS,0104]battery 15203mV,  271694uA (bypass opening), P     -7mbar
1594850147:[BYPASS,0106]battery 15196mV,  280478uA (bypass closing), P     -7mbar
1594850149:[PRESS ,0038]P     -7mbar,T +7099mdegC
1594850150:[PRESS ,0038]P     -7mbar,T-31582mdegC
1594850152:[PRESS ,0038]P     +3mbar,T-19758mdegC
1594850154:[PRESS ,0038]P     +3mbar,T +7099mdegC
1594850159:[PRESS ,0038]P     -7mbar,T-19758mdegC
1594850163:[PRESS ,0038]P     +3mbar,T-31582mdegC
1594850165:[PRESS ,0038]P     -7mbar,T +7099mdegC
1594850170:[PRESS ,0038]P     -7mbar,T-31582mdegC
1594850172:[PRESS ,0038]P     +3mbar,T +7099mdegC
1594850174:[BYPASS,0035]bypass opening 10000ms
1594850179:[BYPASS,0104]battery 15201mV,  274134uA (bypass opening), P     +3mbar
1594850194:[BYPASS,0106]battery 15196mV,  280478uA (bypass closing), P     +3mbar
1594850197:[PRESS ,0038]P     +3mbar,T-19758mdegC
1594850199:[PRESS ,0038]P     +3mbar,T +7099mdegC
1594850201:[PRESS ,0038]P     -7mbar,T-31582mdegC
1594850203:[PRESS ,0038]P     +3mbar,T +7099mdegC
1594850206:[PRESS ,0038]P     +3mbar,T-19758mdegC
1594850208:[PRESS ,0038]P     +3mbar,T +7099mdegC
1594850221:[BYPASS,0035]bypass opening 10000ms
1594850226:[BYPASS,0104]battery 15200mV,  275964uA (bypass opening), P     -7mbar
1594850241:[BYPASS,0106]battery 15196mV,  280478uA (bypass closing), P     -7mbar
1594850244:[PRESS ,0038]P     +3mbar,T-31582mdegC
1594850246:[PRESS ,0038]P     +3mbar,T +7099mdegC
1594850248:[PRESS ,0038]P     +3mbar,T-19758mdegC
1594850250:[PRESS ,0038]P     +3mbar,T +7099mdegC
1594850253:[PRESS ,0038]P     -7mbar,T-31582mdegC
1594850255:[PRESS ,0038]P     +3mbar,T +7099mdegC
1594850260:[PRESS ,0038]P     -7mbar,T-31582mdegC
1594850264:[PRESS ,0038]P     -7mbar,T +7099mdegC
1594850267:[PRESS ,0038]P    +13mbar,T-19758mdegC
1594850268:[BYPASS,0035]bypass opening 10000ms
1594850273:[BYPASS,0104]battery 15201mV,  274378uA (bypass opening), P    +13mbar
1594850288:[BYPASS,0106]battery 15196mV,  280478uA (bypass closing), P    +13mbar
1594850291:[PRESS ,0038]P    -17mbar,T +7099mdegC
1594850297:[PRESS ,0038]P     -7mbar,T-31582mdegC
1594850298:[PRESS ,0038]P     -7mbar,T-19758mdegC
1594850300:[PRESS ,0038]P     +3mbar,T +7099mdegC
1594850306:[PRESS ,0038]P     +3mbar,T-31582mdegC
1594850309:[PRESS ,0038]P     -7mbar,T +7099mdegC
1594850314:[BYPASS,0035]bypass opening 10000ms
1594850319:[BYPASS,0104]battery 15201mV,  272914uA (bypass opening), P     +3mbar
1594850335:[BYPASS,0106]battery 15196mV,  280356uA (bypass closing), P     +3mbar
1594850338:[PRESS ,0038]P     -7mbar,T-31582mdegC
1594850340:[PRESS ,0038]P     +3mbar,T +7099mdegC
1594850352:[PRESS ,0038]P    +13mbar,T-31582mdegC
1594850358:[PRESS ,0038]P     +3mbar,T +7099mdegC
1594850359:[PRESS ,0038]P     +3mbar,T-31582mdegC
1594850361:[BYPASS,0035]bypass opening 10000ms
1594850366:[BYPASS,0104]battery 15201mV,  273158uA (bypass opening), P     -7mbar
1594850381:[BYPASS,0106]battery 15196mV,  280356uA (bypass closing), P     -7mbar
1594850383:[PRESS ,0038]P     -7mbar,T +7099mdegC
1594850389:[PRESS ,0038]P     +3mbar,T-31582mdegC
1594850390:[PRESS ,0038]P     +3mbar,T +7099mdegC
1594850396:[PRESS ,0038]P     -7mbar,T-19758mdegC
1594850399:[PRESS ,0038]P     +3mbar,T-31582mdegC
1594850401:[PRESS ,0038]P     +3mbar,T +7099mdegC
1594850403:[PRESS ,0038]P     +3mbar,T-19758mdegC
1594850405:[PRESS ,0038]P     +3mbar,T +7099mdegC
1594850408:[PRESS ,0038]P     +3mbar,T-31582mdegC
1594850408:[BYPASS,0035]bypass opening 10000ms
1594850413:[BYPASS,0104]battery 15202mV,  275354uA (bypass opening), P     +3mbar
1594850428:[BYPASS,0106]battery 15196mV,  280356uA (bypass closing), P     +3mbar
1594850430:[PRESS ,0038]P     +3mbar,T +7099mdegC
1594850432:[PRESS ,0038]P     -7mbar,T-19758mdegC
1594850434:[PRESS ,0038]P     +3mbar,T +7099mdegC
1594850453:[PRESS ,0038]P     +3mbar,T-31582mdegC
1594850455:[PRESS ,0038]P     +3mbar,T +7099mdegC
1594850455:[BYPASS,0035]bypass opening 10000ms
1594850460:[BYPASS,0104]battery 15201mV,  273524uA (bypass opening), P     +3mbar
1594850475:[BYPASS,0106]battery 15196mV,  280356uA (bypass closing), P     +3mbar
1594850477:[PRESS ,0038]P     +3mbar,T-31582mdegC
1594850479:[PRESS ,0038]P     +3mbar,T +7099mdegC
1594850482:[PRESS ,0038]P     +3mbar,T-19758mdegC
1594850484:[PRESS ,0038]P     -7mbar,T-31582mdegC
1594850486:[PRESS ,0038]P     +3mbar,T +7099mdegC
1594850493:[PRESS ,0038]P    +13mbar,T-31582mdegC
1594850497:[PRESS ,0038]P     +3mbar,T +7099mdegC
1594850499:[PRESS ,0038]P    +13mbar,T-31582mdegC
1594850502:[PRESS ,0038]P    +13mbar,T +7099mdegC
1594850502:[BYPASS,0035]bypass opening 10000ms
1594850507:[BYPASS,0104]battery 15202mV,  273280uA (bypass opening), P    +13mbar
1594850522:[BYPASS,0106]battery 15196mV,  280356uA (bypass closing), P    +13mbar
1594850524:[PRESS ,0038]P     -7mbar,T-31582mdegC
1594850528:[PRESS ,0038]P     +3mbar,T +7099mdegC
1594850529:[PRESS ,0038]P     +3mbar,T-31582mdegC
1594850531:[PRESS ,0038]P     +3mbar,T +7099mdegC
1594850535:[PRESS ,0038]P    +13mbar,T-19758mdegC
1594850537:[PRESS ,0038]P    +13mbar,T-31582mdegC
1594850538:[PRESS ,0038]P    +13mbar,T +7099mdegC
1594850540:[PRESS ,0038]P     +3mbar,T-31582mdegC
1594850542:[PRESS ,0038]P     +3mbar,T-19758mdegC
1594850544:[PRESS ,0038]P    +13mbar,T +7099mdegC
1594850549:[BYPASS,0035]bypass opening 10000ms
1594850554:[BYPASS,0104]battery 15198mV,  280356uA (bypass opening), P     +3mbar
1594850569:[BYPASS,0106]battery 15196mV,  280356uA (bypass closing), P     +3mbar
1594850571:[PRESS ,0038]P     +3mbar,T-19758mdegC
1594850573:[PRESS ,0038]P     +3mbar,T +7099mdegC
1594850582:[PRESS ,0038]P    +23mbar,T-31582mdegC
1594850585:[PRESS ,0038]P     +3mbar,T +7099mdegC
1594850591:[PRESS ,0038]P    +13mbar,T-19758mdegC
1594850593:[PRESS ,0038]P    +13mbar,T +7099mdegC
1594850596:[PRESS ,0038]P    +13mbar,T -4728mdegC
1594850596:[BYPASS,0035]bypass opening 10000ms
1594850601:[BYPASS,0104]battery 15200mV,  277062uA (bypass opening), P    +13mbar
1594850616:[BYPASS,0106]battery 15196mV,  280356uA (bypass closing), P    +13mbar
1594850618:[PRESS ,0038]P    +13mbar,T +7099mdegC
1594850622:[PRESS ,0038]P    +13mbar,T-31582mdegC
1594850623:[PRESS ,0038]P     +3mbar,T +7099mdegC
1594850629:[PRESS ,0038]P    +23mbar,T -4728mdegC
1594850631:[PRESS ,0038]P    +13mbar,T +7099mdegC
1594850632:[PRESS ,0038]P    +13mbar,T-19758mdegC
1594850634:[PRESS ,0038]P     +3mbar,T +7099mdegC
1594850643:[PRESS ,0038]P     +3mbar,T-31582mdegC
1594850643:[BYPASS,0035]bypass opening 10000ms
1594850648:[BYPASS,0104]battery 15201mV,  274378uA (bypass opening), P     +3mbar
1594850663:[BYPASS,0106]battery 15196mV,  280356uA (bypass closing), P     +3mbar
1594850665:[PRESS ,0038]P    +13mbar,T +7099mdegC
1594850667:[PRESS ,0038]P     +3mbar,T-31582mdegC
1594850669:[PRESS ,0038]P     +3mbar,T-19758mdegC
1594850670:[PRESS ,0038]P     +3mbar,T-31582mdegC
1594850672:[PRESS ,0038]P     +3mbar,T +7099mdegC
1594850688:[PRESS ,0038]P    +23mbar,T-31582mdegC
1594850690:[BYPASS,0035]bypass opening 10000ms
1594850695:[BYPASS,0104]battery 15201mV,  274134uA (bypass opening), P     +3mbar
1594850710:[BYPASS,0106]battery 15196mV,  280356uA (bypass closing), P     +3mbar
1594850712:[PRESS ,0038]P    +13mbar,T +7099mdegC
1594850717:[PRESS ,0038]P     +3mbar,T-19758mdegC
1594850719:[PRESS ,0038]P     +3mbar,T +7099mdegC
1594850721:[PRESS ,0038]P    +13mbar,T-31582mdegC
1594850723:[PRESS ,0038]P    +23mbar,T +7099mdegC
1594850726:[PRESS ,0038]P     +3mbar,T-31582mdegC
1594850732:[PRESS ,0038]P    +13mbar,T +7099mdegC
1594850737:[BYPASS,0035]bypass opening 10000ms
1594850742:[BYPASS,0104]battery 15201mV,  277306uA (bypass opening), P    +23mbar
1594850757:[BYPASS,0106]battery 15196mV,  280356uA (bypass closing), P    +23mbar
1594850761:[PRESS ,0038]P    +23mbar,T-31582mdegC
1594850768:[PRESS ,0038]P    +13mbar,T +7099mdegC
1594850771:[PRESS ,0038]P     +3mbar,T-19758mdegC
1594850773:[PRESS ,0038]P    +13mbar,T +7099mdegC
1594850784:[PRESS ,0038]P     +3mbar,T-31582mdegC
1594850784:[BYPASS,0035]bypass opening 10000ms
1594850789:[BYPASS,0104]battery 15201mV,  277428uA (bypass opening), P     +3mbar
1594850804:[BYPASS,0106]battery 15196mV,  280356uA (bypass closing), P     +3mbar
1594850806:[PRESS ,0038]P    +13mbar,T -4728mdegC
1594850809:[PRESS ,0038]P     +3mbar,T-31582mdegC
1594850813:[PRESS ,0038]P    +13mbar,T +7099mdegC
1594850815:[PRESS ,0038]P    +13mbar,T-31582mdegC
1594850816:[PRESS ,0038]P    +13mbar,T +7099mdegC
1594850824:[PRESS ,0038]P    +13mbar,T-31582mdegC
1594850827:[PRESS ,0038]P    +23mbar,T +7099mdegC
1594850829:[PRESS ,0038]P    +13mbar,T-31582mdegC
1594850831:[PRESS ,0038]P    +13mbar,T +7099mdegC
1594850831:[BYPASS,0035]bypass opening 10000ms
1594850836:[BYPASS,0104]battery 15202mV,  276574uA (bypass opening), P    +13mbar
1594850851:[BYPASS,0106]battery 15196mV,  280234uA (bypass closing), P    +13mbar
1594850856:[PRESS ,0038]P     +3mbar,T-31582mdegC
1594850862:[PRESS ,0038]P     +3mbar,T +7099mdegC
1594850867:[PRESS ,0038]P    +23mbar,T-31582mdegC
1594850876:[PRESS ,0038]P     +3mbar,T +7099mdegC
1594850878:[PRESS ,0038]P     +3mbar,T-31582mdegC
1594850878:[BYPASS,0035]bypass opening 10000ms
1594850883:[BYPASS,0104]battery 15201mV,  275232uA (bypass opening), P     +3mbar
1594850898:[BYPASS,0106]battery 15196mV,  280356uA (bypass closing), P     +3mbar
1594850900:[PRESS ,0038]P     +3mbar,T -4728mdegC
1594850901:[PRESS ,0038]P    +13mbar,T +7099mdegC
1594850907:[PRESS ,0038]P     +3mbar,T-31582mdegC
1594850909:[PRESS ,0038]P    +13mbar,T +7099mdegC
1594850912:[PRESS ,0038]P     +3mbar,T-31582mdegC
1594850914:[PRESS ,0038]P     +3mbar,T +7099mdegC
1594850916:[PRESS ,0038]P    +13mbar,T-31582mdegC
1594850918:[PRESS ,0038]P     +3mbar,T +7099mdegC
1594850919:[PRESS ,0038]P     +3mbar,T-31582mdegC
1594850923:[PRESS ,0038]P     +3mbar,T +7099mdegC
1594850925:[BYPASS,0035]bypass opening 10000ms
1594850930:[BYPASS,0104]battery 15201mV,  275720uA (bypass opening), P    +13mbar
1594850945:[BYPASS,0106]battery 15196mV,  280234uA (bypass closing), P    +13mbar
1594850952:[PRESS ,0038]P    +13mbar,T -4728mdegC
1594850954:[PRESS ,0038]P     +3mbar,T +7099mdegC
1594850956:[PRESS ,0038]P     +3mbar,T-31582mdegC
1594850957:[PRESS ,0038]P    +13mbar,T +7099mdegC
1594850959:[PRESS ,0038]P     +3mbar,T-31582mdegC
1594850963:[PRESS ,0038]P     -7mbar,T +7099mdegC
1594850968:[PRESS ,0038]P     -7mbar,T -4728mdegC
1594850970:[PRESS ,0038]P     +3mbar,T-31582mdegC
1594850972:[BYPASS,0035]bypass opening 10000ms
1594850977:[BYPASS,0104]battery 15201mV,  274866uA (bypass opening), P     -7mbar
1594850992:[BYPASS,0106]battery 15196mV,  280234uA (bypass closing), P     -7mbar
1594850995:[PRESS ,0038]P     +3mbar,T +7099mdegC
1594851002:[PRESS ,0038]P     +3mbar,T-19758mdegC
1594851004:[PRESS ,0038]P     +3mbar,T +7099mdegC
1594851006:[PRESS ,0038]P     +3mbar,T-31582mdegC
1594851008:[PRESS ,0038]P     +3mbar,T-19758mdegC
1594851010:[PRESS ,0038]P     +3mbar,T +7099mdegC
1594851013:[PRESS ,0038]P     -7mbar,T-31582mdegC
1594851017:[PRESS ,0038]P     -7mbar,T +7099mdegC
1594851019:[PRESS ,0038]P     +3mbar,T-31582mdegC
1594851019:[BYPASS,0035]bypass opening 10000ms
1594851024:[BYPASS,0104]battery 15201mV,  274500uA (bypass opening), P     +3mbar
1594851039:[BYPASS,0106]battery 15196mV,  280234uA (bypass closing), P     +3mbar
1594851042:[PRESS ,0038]P     +3mbar,T +7099mdegC
1594851046:[PRESS ,0038]P     +3mbar,T-19758mdegC
1594851048:[PRESS ,0038]P     +3mbar,T +7099mdegC
1594851051:[PRESS ,0038]P    +13mbar,T-31582mdegC
1594851053:[PRESS ,0038]P     +3mbar,T +7099mdegC
1594851058:[PRESS ,0038]P     +3mbar,T-31582mdegC
1594851064:[PRESS ,0038]P     -7mbar,T -4728mdegC
1594851066:[PRESS ,0038]P    +13mbar,T-31582mdegC
1594851066:[BYPASS,0035]bypass opening 10000ms
1594851071:[BYPASS,0104]battery 15201mV,  275354uA (bypass opening), P    +13mbar
1594851086:[BYPASS,0106]battery 15196mV,  280234uA (bypass closing), P    +13mbar
1594851088:[PRESS ,0038]P     -7mbar,T +7099mdegC
1594851091:[PRESS ,0038]P     +3mbar,T-31582mdegC
1594851096:[PRESS ,0038]P     +3mbar,T +7099mdegC
1594851098:[PRESS ,0038]P     -7mbar,T-19758mdegC
1594851100:[PRESS ,0038]P     +3mbar,T +7099mdegC
1594851102:[PRESS ,0038]P     +3mbar,T-31582mdegC
1594851104:[PRESS ,0038]P     +3mbar,T +7099mdegC
1594851106:[PRESS ,0038]P     +3mbar,T-19758mdegC
1594851107:[PRESS ,0038]P     +3mbar,T-31582mdegC
1594851113:[PRESS ,0038]P     -7mbar,T +7099mdegC
1594851113:[BYPASS,0035]bypass opening 10000ms
1594851118:[BYPASS,0104]battery 15202mV,  275598uA (bypass opening), P     -7mbar
1594851133:[BYPASS,0106]battery 15197mV,  280234uA (bypass closing), P     -7mbar
1594851135:[PRESS ,0038]P     -7mbar,T-31582mdegC
1594851138:[PRESS ,0038]P     -7mbar,T +7099mdegC
1594851147:[PRESS ,0038]P     -7mbar,T-31582mdegC
1594851151:[PRESS ,0038]P    +13mbar,T +7099mdegC
1594851152:[PRESS ,0038]P     -7mbar,T-31582mdegC
1594851154:[PRESS ,0038]P    +13mbar,T +7099mdegC
1594851160:[BYPASS,0035]bypass opening 10000ms
1594851165:[BYPASS,0104]battery 15201mV,  275598uA (bypass opening), P     +3mbar
1594851180:[BYPASS,0106]battery 15197mV,  280234uA (bypass closing), P     +3mbar
1594851187:[PRESS ,0038]P     +3mbar,T-31582mdegC
1594851189:[PRESS ,0038]P     +3mbar,T +7099mdegC
1594851194:[PRESS ,0038]P     +3mbar,T-19758mdegC
1594851198:[PRESS ,0038]P     +3mbar,T +7099mdegC
1594851199:[PRESS ,0038]P     +3mbar,T-19758mdegC
1594851201:[PRESS ,0038]P     +3mbar,T +7099mdegC
1594851203:[PRESS ,0038]P     +3mbar,T-19758mdegC
1594851205:[PRESS ,0038]P     +3mbar,T +7099mdegC
1594851207:[PRESS ,0038]P     -7mbar,T-31582mdegC
1594851207:[BYPASS,0035]bypass opening 10000ms
1594851212:[BYPASS,0104]battery 15201mV,  276574uA (bypass opening), P     -7mbar
1594851227:[BYPASS,0106]battery 15196mV,  280234uA (bypass closing), P     -7mbar
1594851229:[PRESS ,0038]P    +13mbar,T +7099mdegC
1594851239:[PRESS ,0038]P     +3mbar,T-31582mdegC
1594851241:[PRESS ,0038]P     +3mbar,T +7099mdegC
1594851248:[PRESS ,0038]P    +13mbar,T-19758mdegC
1594851250:[PRESS ,0038]P     +3mbar,T-31582mdegC
1594851252:[PRESS ,0038]P     +3mbar,T +7099mdegC
1594851253:[BYPASS,0035]bypass opening 10000ms
1594851259:[BYPASS,0104]battery 15201mV,  275476uA (bypass opening), P     -7mbar
1594851274:[BYPASS,0106]battery 15197mV,  280234uA (bypass closing), P     -7mbar
1594851275:[PRESS ,0038]P     -7mbar,T-31582mdegC
1594851277:[PRESS ,0038]P     +3mbar,T +7099mdegC
1594851283:[PRESS ,0038]P     +3mbar,T-31582mdegC
1594851284:[PRESS ,0038]P     +3mbar,T +7099mdegC
1594851286:[PRESS ,0038]P     -7mbar,T-19758mdegC
1594851288:[PRESS ,0038]P     +3mbar,T +7099mdegC
1594851293:[PRESS ,0038]P     -7mbar,T -4728mdegC
1594851295:[PRESS ,0038]P     +3mbar,T +7099mdegC
1594851300:[BYPASS,0035]bypass opening 10000ms
1594851306:[BYPASS,0104]battery 15203mV,  271572uA (bypass opening), P     +3mbar
1594851321:[BYPASS,0106]battery 15197mV,  280234uA (bypass closing), P     +3mbar
1594851326:[PRESS ,0038]P     -7mbar,T-19758mdegC
1594851328:[PRESS ,0038]P     +3mbar,T-31582mdegC
1594851330:[PRESS ,0038]P     -7mbar,T +7099mdegC
1594851335:[PRESS ,0038]P     +3mbar,T-31582mdegC
1594851337:[PRESS ,0038]P     +3mbar,T +7099mdegC
1594851338:[PRESS ,0038]P     +3mbar,T-31582mdegC
1594851340:[PRESS ,0038]P     +3mbar,T +7099mdegC
1594851342:[PRESS ,0038]P     +3mbar,T-31582mdegC
1594851344:[PRESS ,0038]P     +3mbar,T +7099mdegC
1594851347:[PRESS ,0038]P    +13mbar,T-31582mdegC
1594851348:[BYPASS,0035]bypass opening 10000ms
1594851353:[BYPASS,0104]battery 15203mV,  271694uA (bypass opening), P    +13mbar
1594851368:[BYPASS,0106]battery 15197mV,  280234uA (bypass closing), P    +13mbar
1594851369:[PRESS ,0038]P     +3mbar,T +7099mdegC
1594851384:[PRESS ,0038]P     -7mbar,T-31582mdegC
1594851385:[PRESS ,0038]P     +3mbar,T +7099mdegC
1594851387:[PRESS ,0038]P     +3mbar,T-31582mdegC
1594851389:[PRESS ,0038]P     +3mbar,T +7099mdegC
1594851394:[BYPASS,0035]bypass opening 10000ms
1594851399:[BYPASS,0104]battery 15203mV,  271816uA (bypass opening), P     +3mbar
1594851415:[BYPASS,0106]battery 15197mV,  280234uA (bypass closing), P     +3mbar
1594851418:[PRESS ,0038]P     +3mbar,T-31582mdegC
1594851420:[PRESS ,0038]P     +3mbar,T +7099mdegC
1594851423:[PRESS ,0038]P     +3mbar,T-31582mdegC
1594851427:[PRESS ,0038]P     +3mbar,T +7099mdegC
1594851438:[PRESS ,0038]P     -7mbar,T-19758mdegC
1594851440:[PRESS ,0038]P     +3mbar,T-31582mdegC
1594851441:[PRESS ,0038]P     +3mbar,T +7099mdegC
1594851441:[BYPASS,0035]bypass opening 10000ms
1594851446:[BYPASS,0104]battery 15203mV,  273036uA (bypass opening), P     +3mbar
1594851461:[BYPASS,0106]battery 15197mV,  280234uA (bypass closing), P     +3mbar
1594851467:[PRESS ,0038]P     -7mbar,T-31582mdegC
1594851469:[PRESS ,0038]P     +3mbar,T +7099mdegC
1594851470:[PRESS ,0038]P     +3mbar,T-19758mdegC
1594851472:[PRESS ,0038]P     -7mbar,T +7099mdegC
1594851474:[PRESS ,0038]P     +3mbar,T-31582mdegC
1594851476:[PRESS ,0038]P     -7mbar,T +7099mdegC
1594851485:[PRESS ,0038]P     +3mbar,T-31582mdegC
1594851487:[PRESS ,0038]P     +3mbar,T +7099mdegC
1594851488:[BYPASS,0035]bypass opening 10000ms
1594851493:[BYPASS,0104]battery 15203mV,  272426uA (bypass opening), P     +3mbar
1594851508:[BYPASS,0106]battery 15197mV,  280234uA (bypass closing), P     +3mbar
1594851510:[PRESS ,0038]P     +3mbar,T-31582mdegC
1594851512:[PRESS ,0038]P     +3mbar,T-19758mdegC
1594851514:[PRESS ,0038]P     +3mbar,T +7099mdegC
1594851516:[PRESS ,0038]P     -7mbar,T-31582mdegC
1594851521:[PRESS ,0038]P     -7mbar,T +7099mdegC
1594851523:[PRESS ,0038]P     +3mbar,T-19758mdegC
1594851525:[PRESS ,0038]P     -7mbar,T +7099mdegC
1594851535:[BYPASS,0035]bypass opening 10000ms
1594851540:[BYPASS,0104]battery 15203mV,  273524uA (bypass opening), P     +3mbar
1594851555:[BYPASS,0106]battery 15197mV,  280234uA (bypass closing), P     +3mbar
1594851557:[PRESS ,0038]P     +3mbar,T-31582mdegC
1594851561:[PRESS ,0038]P     +3mbar,T +7099mdegC
1594851563:[PRESS ,0038]P     +3mbar,T-31582mdegC
1594851564:[PRESS ,0038]P     +3mbar,T +7099mdegC
1594851570:[PRESS ,0038]P     +3mbar,T-31582mdegC
1594851572:[PRESS ,0038]P     +3mbar,T +7099mdegC
1594851573:[PRESS ,0038]P     +3mbar,T-19758mdegC
1594851575:[PRESS ,0038]P     -7mbar,T -4728mdegC
1594851577:[PRESS ,0038]P     +3mbar,T +7099mdegC
1594851582:[BYPASS,0035]bypass opening 10000ms
1594851587:[BYPASS,0104]battery 15206mV,  270230uA (bypass opening), P     +3mbar
1594851602:[BYPASS,0106]battery 15197mV,  280234uA (bypass closing), P     +3mbar
1594851604:[PRESS ,0038]P     -7mbar,T-31582mdegC
1594851606:[PRESS ,0038]P     +3mbar,T +7099mdegC
1594851613:[PRESS ,0038]P     +3mbar,T-31582mdegC
1594851615:[PRESS ,0038]P     -7mbar,T +7099mdegC
1594851620:[PRESS ,0038]P     +3mbar,T-31582mdegC
1594851622:[PRESS ,0038]P     +3mbar,T +7099mdegC
1594851627:[PRESS ,0038]P     +3mbar,T-19758mdegC
1594851629:[PRESS ,0038]P     +3mbar,T +7099mdegC
1594851629:[BYPASS,0035]bypass opening 10000ms
1594851634:[BYPASS,0104]battery 15205mV,  268522uA (bypass opening), P     +3mbar
1594851649:[BYPASS,0106]battery 15198mV,  280234uA (bypass closing), P     +3mbar
1594851653:[PRESS ,0038]P     +3mbar,T-19758mdegC
1594851655:[PRESS ,0038]P     -7mbar,T-31582mdegC
1594851657:[PRESS ,0038]P     +3mbar,T +7099mdegC
1594851658:[PRESS ,0038]P     +3mbar,T-31582mdegC
1594851660:[PRESS ,0038]P     +3mbar,T +7099mdegC
1594851662:[PRESS ,0038]P     +3mbar,T-31582mdegC
1594851664:[PRESS ,0038]P    +23mbar,T +7099mdegC
1594851666:[PRESS ,0038]P    +13mbar,T-31582mdegC
1594851669:[PRESS ,0038]P     +3mbar,T +7099mdegC
1594851675:[PRESS ,0038]P     +3mbar,T-31582mdegC
1594851676:[BYPASS,0035]bypass opening 10000ms
1594851681:[BYPASS,0104]battery 15205mV,  274500uA (bypass opening), P     +3mbar
1594851696:[BYPASS,0106]battery 15198mV,  280234uA (bypass closing), P     +3mbar
1594851700:[PRESS ,0038]P     +3mbar,T +7099mdegC
1594851702:[PRESS ,0038]P    +13mbar,T-19758mdegC
1594851704:[PRESS ,0038]P     -7mbar,T-31582mdegC
1594851705:[PRESS ,0038]P     -7mbar,T-19758mdegC
1594851707:[PRESS ,0038]P     +3mbar,T +7099mdegC
1594851714:[PRESS ,0038]P     +3mbar,T-19758mdegC
1594851716:[PRESS ,0038]P     +3mbar,T +7099mdegC
1594851721:[PRESS ,0038]P     -7mbar,T-19758mdegC
1594851723:[PRESS ,0038]P     -7mbar,T +7099mdegC
1594851723:[BYPASS,0035]bypass opening 10000ms
1594851728:[BYPASS,0104]battery 15206mV,  271938uA (bypass opening), P     -7mbar
1594851743:[BYPASS,0106]battery 15198mV,  280234uA (bypass closing), P     -7mbar
1594851745:[PRESS ,0038]P     +3mbar,T-31582mdegC
1594851749:[PRESS ,0038]P     +3mbar,T-19758mdegC
1594851751:[PRESS ,0038]P     -7mbar,T +7099mdegC
1594851754:[PRESS ,0038]P     +3mbar,T-31582mdegC
1594851758:[PRESS ,0038]P     -7mbar,T +7099mdegC
1594851770:[BYPASS,0035]bypass opening 10000ms
1594851775:[BYPASS,0104]battery 15205mV,  272304uA (bypass opening), P     +3mbar
1594851790:[BYPASS,0106]battery 15198mV,  280234uA (bypass closing), P     +3mbar
1594851792:[PRESS ,0038]P    +13mbar,T-19758mdegC
1594851794:[PRESS ,0038]P     +3mbar,T +7099mdegC
1594851796:[PRESS ,0038]P     +3mbar,T-31582mdegC
1594851798:[PRESS ,0038]P     +3mbar,T-19758mdegC
1594851799:[PRESS ,0038]P     +3mbar,T-31582mdegC
1594851801:[PRESS ,0038]P     +3mbar,T -4728mdegC
1594851803:[PRESS ,0038]P     +3mbar,T-31582mdegC
1594851810:[PRESS ,0038]P    +23mbar,T +7099mdegC
1594851817:[PRESS ,0038]P    +13mbar,T-31582mdegC
1594851817:[BYPASS,0035]bypass opening 10000ms
1594851822:[BYPASS,0104]battery 15205mV,  273524uA (bypass opening), P    +13mbar
1594851837:[BYPASS,0106]battery 15198mV,  280234uA (bypass closing), P    +13mbar
1594851839:[PRESS ,0038]P     +3mbar,T +7099mdegC
1594851841:[PRESS ,0038]P     +3mbar,T-19758mdegC
1594851843:[PRESS ,0038]P     +3mbar,T +7099mdegC
1594851845:[PRESS ,0038]P     +3mbar,T-31582mdegC
1594851846:[PRESS ,0038]P     +3mbar,T +7099mdegC
1594851848:[PRESS ,0038]P     +3mbar,T-19758mdegC
1594851850:[PRESS ,0038]P     +3mbar,T +7099mdegC
1594851859:[PRESS ,0038]P     +3mbar,T-19758mdegC
1594851861:[PRESS ,0038]P     +3mbar,T +7099mdegC
1594851864:[BYPASS,0035]bypass opening 10000ms
1594851869:[BYPASS,0104]battery 15203mV,  274012uA (bypass opening), P     +3mbar
1594851884:[BYPASS,0106]battery 15198mV,  280234uA (bypass closing), P     +3mbar
1594851895:[PRESS ,0038]P     +3mbar,T-19758mdegC
1594851899:[PRESS ,0038]P     +3mbar,T-31582mdegC
1594851900:[PRESS ,0038]P     -7mbar,T +7099mdegC
1594851911:[BYPASS,0035]bypass opening 10000ms
1594851916:[BYPASS,0104]battery 15202mV,  277184uA (bypass opening), P     +3mbar
1594851931:[BYPASS,0106]battery 15198mV,  280234uA (bypass closing), P     +3mbar
1594851940:[PRESS ,0038]P     +3mbar,T-19758mdegC
1594851942:[PRESS ,0038]P     +3mbar,T +7099mdegC
1594851945:[PRESS ,0038]P     -7mbar,T-31582mdegC
1594851947:[PRESS ,0038]P     +3mbar,T +7099mdegC
1594851954:[PRESS ,0038]P     +3mbar,T-19758mdegC
1594851956:[PRESS ,0038]P     +3mbar,T +7099mdegC
1594851958:[BYPASS,0035]bypass opening 10000ms
1594851963:[BYPASS,0104]battery 15203mV,  276696uA (bypass opening), P    +13mbar
1594851978:[BYPASS,0106]battery 15198mV,  280234uA (bypass closing), P    +13mbar
1594851980:[PRESS ,0038]P     +3mbar,T-31582mdegC
1594851982:[PRESS ,0038]P     -7mbar,T -4728mdegC
1594851985:[PRESS ,0038]P     -7mbar,T +7099mdegC
1594851987:[PRESS ,0038]P    +13mbar,T-31582mdegC
1594851991:[PRESS ,0038]P     +3mbar,T -4728mdegC
1594851992:[PRESS ,0038]P     +3mbar,T +7099mdegC
1594851996:[PRESS ,0038]P     -7mbar,T-31582mdegC
1594852000:[PRESS ,0038]P     +3mbar,T-19758mdegC
1594852001:[PRESS ,0038]P     +3mbar,T-31582mdegC
1594852003:[PRESS ,0038]P     +3mbar,T +7099mdegC
1594852005:[PRESS ,0038]P     +3mbar,T-19758mdegC
1594852005:[BYPASS,0035]bypass opening 10000ms
1594852010:[BYPASS,0104]battery 15203mV,  275964uA (bypass opening), P     +3mbar
1594852025:[BYPASS,0106]battery 15198mV,  280112uA (bypass closing), P     +3mbar
1594852027:[PRESS ,0038]P     +3mbar,T +7099mdegC
1594852032:[PRESS ,0038]P     +3mbar,T-19758mdegC
1594852034:[PRESS ,0038]P     +3mbar,T-31582mdegC
1594852036:[PRESS ,0038]P     +3mbar,T +7099mdegC
1594852046:[PRESS ,0038]P     -7mbar,T-31582mdegC
1594852048:[PRESS ,0038]P     +3mbar,T-19758mdegC
1594852050:[PRESS ,0038]P     +3mbar,T +7099mdegC
1594852052:[BYPASS,0035]bypass opening 10000ms
1594852057:[BYPASS,0104]battery 15205mV,  273524uA (bypass opening), P    +13mbar
1594852072:[BYPASS,0106]battery 15198mV,  280112uA (bypass closing), P    +13mbar
1594852081:[PRESS ,0038]P     +3mbar,T-19758mdegC
1594852083:[PRESS ,0038]P     +3mbar,T-31582mdegC
1594852085:[PRESS ,0038]P     +3mbar,T +7099mdegC
1594852086:[PRESS ,0038]P     +3mbar,T-31582mdegC
1594852088:[PRESS ,0038]P     +3mbar,T-19758mdegC
1594852090:[PRESS ,0038]P    +13mbar,T +7099mdegC
1594852092:[PRESS ,0038]P     +3mbar,T-19758mdegC
1594852094:[PRESS ,0038]P     -7mbar,T +7099mdegC
1594852099:[PRESS ,0038]P     +3mbar,T-19758mdegC
1594852099:[BYPASS,0035]bypass opening 10000ms
1594852104:[BYPASS,0104]battery 15203mV,  274500uA (bypass opening), P     +3mbar
1594852119:[BYPASS,0106]battery 15198mV,  280112uA (bypass closing), P     +3mbar
1594852121:[PRESS ,0038]P     +3mbar,T +7099mdegC
1594852124:[PRESS ,0038]P     +3mbar,T-31582mdegC
1594852126:[PRESS ,0038]P     +3mbar,T-19758mdegC
1594852128:[PRESS ,0038]P    +13mbar,T +7099mdegC
1594852135:[PRESS ,0038]P     +3mbar,T-31582mdegC
1594852139:[PRESS ,0038]P     +3mbar,T +7099mdegC
1594852141:[PRESS ,0038]P    +23mbar,T-31582mdegC
1594852142:[PRESS ,0038]P     +3mbar,T +7099mdegC
1594852144:[PRESS ,0038]P     +3mbar,T-31582mdegC
1594852146:[PRESS ,0038]P     +3mbar,T +7099mdegC
1594852146:[BYPASS,0035]bypass opening 10000ms
1594852151:[BYPASS,0104]battery 15205mV,  272914uA (bypass opening), P     +3mbar
1594852166:[BYPASS,0106]battery 15198mV,  280112uA (bypass closing), P     +3mbar
1594852168:[PRESS ,0038]P    +13mbar,T-31582mdegC
1594852170:[PRESS ,0038]P     -7mbar,T +7099mdegC
1594852171:[PRESS ,0038]P     +3mbar,T-31582mdegC
1594852175:[PRESS ,0038]P     +3mbar,T +7099mdegC
1594852177:[PRESS ,0038]P     -7mbar,T-31582mdegC
1594852186:[PRESS ,0038]P     +3mbar,T +7099mdegC
1594852188:[PRESS ,0038]P    +13mbar,T-19758mdegC
1594852189:[PRESS ,0038]P    -17mbar,T-31582mdegC
1594852191:[PRESS ,0038]P     +3mbar,T +7099mdegC
1594852193:[PRESS ,0038]P     +3mbar,T-31582mdegC
1594852193:[BYPASS,0035]bypass opening 10000ms
1594852198:[BYPASS,0104]battery 15205mV,  272548uA (bypass opening), P     +3mbar
1594852213:[BYPASS,0106]battery 15198mV,  280112uA (bypass closing), P     +3mbar
1594852215:[PRESS ,0038]P     +3mbar,T +7099mdegC
1594852222:[PRESS ,0038]P     +3mbar,T-19758mdegC
1594852224:[PRESS ,0038]P     -7mbar,T-31582mdegC
1594852226:[PRESS ,0038]P     +3mbar,T +7099mdegC
1594852229:[PRESS ,0038]P     +3mbar,T-31582mdegC
1594852233:[PRESS ,0038]P    -17mbar,T +7099mdegC
1594852235:[PRESS ,0038]P     +3mbar,T-31582mdegC
1594852240:[BYPASS,0035]bypass opening 10000ms
1594852245:[BYPASS,0104]battery 15206mV,  272548uA (bypass opening), P     +3mbar
1594852260:[BYPASS,0106]battery 15198mV,  280112uA (bypass closing), P     +3mbar
1594852262:[PRESS ,0038]P     +3mbar,T +7099mdegC
1594852267:[PRESS ,0038]P    -17mbar,T-31582mdegC
1594852269:[PRESS ,0038]P     +3mbar,T +7099mdegC
1594852280:[PRESS ,0038]P     +3mbar,T-31582mdegC
1594852281:[PRESS ,0038]P     +3mbar,T +7099mdegC
1594852285:[PRESS ,0038]P     +3mbar,T-19758mdegC
1594852287:[BYPASS,0035]bypass opening 10000ms
1594852292:[BYPASS,0104]battery 15205mV,  274012uA (bypass opening), P     +3mbar
1594852307:[BYPASS,0106]battery 15198mV,  280112uA (bypass closing), P     +3mbar
1594852309:[PRESS ,0038]P     +3mbar,T-31582mdegC
1594852311:[PRESS ,0038]P     +3mbar,T +7099mdegC
1594852323:[PRESS ,0038]P    +13mbar,T-31582mdegC
1594852325:[PRESS ,0038]P     +3mbar,T +7099mdegC
1594852327:[PRESS ,0038]P     +3mbar,T-31582mdegC
1594852332:[PRESS ,0038]P     +3mbar,T +7099mdegC
1594852334:[PRESS ,0038]P     +3mbar,T-31582mdegC
1594852334:[BYPASS,0035]bypass opening 10000ms
1594852339:[BYPASS,0104]battery 15206mV,  269742uA (bypass opening), P     +3mbar
1594852354:[BYPASS,0106]battery 15198mV,  280112uA (bypass closing), P     +3mbar
1594852356:[PRESS ,0038]P    +13mbar,T +7099mdegC
1594852368:[PRESS ,0038]P    +13mbar,T-31582mdegC
1594852370:[PRESS ,0038]P     -7mbar,T +7099mdegC
1594852372:[PRESS ,0038]P    +13mbar,T-19758mdegC
1594852374:[PRESS ,0038]P     +3mbar,T +7099mdegC
1594852375:[PRESS ,0038]P     +3mbar,T-31582mdegC
1594852381:[PRESS ,0038]P     +3mbar,T +7099mdegC
1594852381:[BYPASS,0035]bypass opening 10000ms
1594852386:[BYPASS,0104]battery 15205mV,  270718uA (bypass opening), P     +3mbar
1594852401:[BYPASS,0106]battery 15198mV,  280112uA (bypass closing), P     +3mbar
1594852404:[PRESS ,0038]P     -7mbar,T-31582mdegC
1594852408:[PRESS ,0038]P     +3mbar,T-19758mdegC
1594852410:[PRESS ,0038]P     +3mbar,T +7099mdegC
1594852424:[PRESS ,0038]P     +3mbar,T-19758mdegC
1594852426:[PRESS ,0038]P    +13mbar,T +7099mdegC
1594852428:[BYPASS,0035]bypass opening 10000ms
1594852433:[BYPASS,0104]battery 15205mV,  273646uA (bypass opening), P     +3mbar
1594852448:[BYPASS,0106]battery 15198mV,  280112uA (bypass closing), P     +3mbar
1594852453:[PRESS ,0038]P     +3mbar,T-31582mdegC
1594852457:[PRESS ,0038]P     -7mbar,T -4728mdegC
1594852458:[PRESS ,0038]P     +3mbar,T-31582mdegC
1594852460:[PRESS ,0038]P     +3mbar,T +7099mdegC
1594852464:[PRESS ,0038]P     +3mbar,T-31582mdegC
1594852467:[PRESS ,0038]P     +3mbar,T +7099mdegC
1594852473:[PRESS ,0038]P     +3mbar,T-31582mdegC
1594852474:[BYPASS,0035]bypass opening 10000ms
1594852480:[BYPASS,0104]battery 15205mV,  272792uA (bypass opening), P     -7mbar
1594852495:[BYPASS,0106]battery 15198mV,  280112uA (bypass closing), P     -7mbar
1594852500:[PRESS ,0038]P    +13mbar,T +7099mdegC
1594852505:[PRESS ,0038]P     -7mbar,T -4728mdegC
1594852507:[PRESS ,0038]P     -7mbar,T-31582mdegC
1594852511:[PRESS ,0038]P     +3mbar,T +7099mdegC
1594852514:[PRESS ,0038]P     -7mbar,T-31582mdegC
1594852516:[PRESS ,0038]P     +3mbar,T +7099mdegC
1594852518:[PRESS ,0038]P     +3mbar,T-31582mdegC
1594852520:[PRESS ,0038]P     +3mbar,T +7099mdegC
1594852521:[BYPASS,0035]bypass opening 10000ms
1594852527:[BYPASS,0104]battery 15206mV,  271816uA (bypass opening), P     +3mbar
1594852542:[BYPASS,0106]battery 15198mV,  280112uA (bypass closing), P     +3mbar
1594852543:[PRESS ,0038]P    +13mbar,T-31582mdegC
1594852545:[PRESS ,0038]P     +3mbar,T -4728mdegC
1594852547:[PRESS ,0038]P     +3mbar,T +7099mdegC
1594852552:[PRESS ,0038]P     +3mbar,T-19758mdegC
1594852554:[PRESS ,0038]P     +3mbar,T-31582mdegC
1594852556:[PRESS ,0038]P     +3mbar,T +7099mdegC
1594852558:[PRESS ,0038]P    +13mbar,T-31582mdegC
1594852560:[PRESS ,0038]P    +13mbar,T +7099mdegC
1594852563:[PRESS ,0038]P     +3mbar,T -4728mdegC
1594852565:[PRESS ,0038]P     +3mbar,T +7099mdegC
1594852569:[PRESS ,0038]P     -7mbar,T-19758mdegC
1594852569:[BYPASS,0035]bypass opening 10000ms
1594852574:[BYPASS,0104]battery 15205mV,  275964uA (bypass opening), P     -7mbar
1594852589:[BYPASS,0106]battery 15198mV,  280112uA (bypass closing), P     -7mbar
1594852590:[PRESS ,0038]P     +3mbar,T +7099mdegC
1594852594:[PRESS ,0038]P     +3mbar,T-31582mdegC
1594852598:[PRESS ,0038]P     -7mbar,T +7099mdegC
1594852599:[PRESS ,0038]P    +13mbar,T-31582mdegC
1594852603:[PRESS ,0038]P     +3mbar,T +7099mdegC
1594852605:[PRESS ,0038]P     +3mbar,T-31582mdegC
1594852615:[BYPASS,0035]bypass opening 10000ms
1594852621:[BYPASS,0104]battery 15205mV,  274988uA (bypass opening), P     +3mbar
1594852636:[BYPASS,0106]battery 15198mV,  280112uA (bypass closing), P     +3mbar
1594852641:[PRESS ,0038]P    +13mbar,T +7099mdegC
1594852643:[PRESS ,0038]P    +13mbar,T-31582mdegC
1594852646:[PRESS ,0038]P     +3mbar,T +7099mdegC
1594852648:[PRESS ,0038]P    +13mbar,T -4728mdegC
1594852650:[PRESS ,0038]P     +3mbar,T +7099mdegC
1594852653:[PRESS ,0038]P     +3mbar,T-31582mdegC
1594852655:[PRESS ,0038]P     +3mbar,T+18921mdegC
1594852657:[PRESS ,0038]P     +3mbar,T-31582mdegC
1594852659:[PRESS ,0038]P    +13mbar,T +7099mdegC
1594852661:[PRESS ,0038]P     +3mbar,T-31582mdegC
1594852662:[PRESS ,0038]P     +3mbar,T +7099mdegC
1594852663:[BYPASS,0035]bypass opening 10000ms
1594852668:[BYPASS,0104]battery 15205mV,  271694uA (bypass opening), P     +3mbar
1594852683:[BYPASS,0106]battery 15200mV,  280112uA (bypass closing), P     +3mbar
1594852688:[PRESS ,0038]P     +3mbar,T-19758mdegC
1594852690:[PRESS ,0038]P     +3mbar,T +7099mdegC
1594852695:[PRESS ,0038]P     +3mbar,T-31582mdegC
1594852702:[PRESS ,0038]P     +3mbar,T +7099mdegC
1594852708:[PRESS ,0038]P     +3mbar,T-31582mdegC
1594852709:[PRESS ,0038]P     +3mbar,T +7099mdegC
1594852709:[BYPASS,0035]bypass opening 10000ms
1594852714:[BYPASS,0104]battery 15206mV,  269498uA (bypass opening), P     +3mbar
1594852730:[BYPASS,0106]battery 15200mV,  280112uA (bypass closing), P     +3mbar
1594852731:[PRESS ,0038]P     +3mbar,T-31582mdegC
1594852735:[PRESS ,0038]P    +13mbar,T +7099mdegC
1594852740:[PRESS ,0038]P    +13mbar,T-31582mdegC
1594852742:[PRESS ,0038]P    +13mbar,T +7099mdegC
1594852747:[PRESS ,0038]P     +3mbar,T-31582mdegC
1594852749:[PRESS ,0038]P    +13mbar,T +7099mdegC
1594852751:[PRESS ,0038]P     +3mbar,T-31582mdegC
1594852753:[PRESS ,0038]P    +13mbar,T +7099mdegC
1594852756:[BYPASS,0035]bypass opening 10000ms
1594852761:[BYPASS,0104]battery 15206mV,  274256uA (bypass opening), P     +3mbar
1594852777:[BYPASS,0106]battery 15200mV,  280112uA (bypass closing), P     +3mbar
1594852782:[PRESS ,0038]P     +3mbar,T-31582mdegC
1594852784:[PRESS ,0038]P     +3mbar,T+18921mdegC
1594852785:[PRESS ,0038]P     +3mbar,T +7099mdegC
1594852787:[PRESS ,0038]P    +13mbar,T-31582mdegC
1594852789:[PRESS ,0038]P    +13mbar,T +7099mdegC
1594852800:[PRESS ,0038]P     +3mbar,T-19758mdegC
1594852802:[PRESS ,0038]P     +3mbar,T +7099mdegC
1594852803:[PRESS ,0038]P     +3mbar,T-31582mdegC
1594852803:[BYPASS,0035]bypass opening 10000ms
1594852808:[BYPASS,0104]battery 15206mV,  270962uA (bypass opening), P     +3mbar
1594852823:[BYPASS,0106]battery 15200mV,  280112uA (bypass closing), P     +3mbar
1594852825:[PRESS ,0038]P    +13mbar,T +7099mdegC
1594852836:[PRESS ,0038]P     +3mbar,T-31582mdegC
1594852838:[PRESS ,0038]P     +3mbar,T +7099mdegC
1594852841:[PRESS ,0038]P     +3mbar,T-31582mdegC
1594852845:[PRESS ,0038]P     +3mbar,T +7099mdegC
1594852847:[PRESS ,0038]P     +3mbar,T-31582mdegC
1594852849:[PRESS ,0038]P     +3mbar,T +7099mdegC
1594852850:[PRESS ,0038]P     +3mbar,T-31582mdegC
1594852850:[BYPASS,0035]bypass opening 10000ms
1594852855:[BYPASS,0104]battery 15206mV,  270718uA (bypass opening), P     +3mbar
1594852870:[BYPASS,0106]battery 15200mV,  280112uA (bypass closing), P     +3mbar
1594852872:[PRESS ,0038]P     +3mbar,T +7099mdegC
1594852874:[PRESS ,0038]P     +3mbar,T-19758mdegC
1594852876:[PRESS ,0038]P     +3mbar,T +7099mdegC
1594852879:[PRESS ,0038]P     +3mbar,T-31582mdegC
1594852881:[PRESS ,0038]P     +3mbar,T +7099mdegC
1594852883:[PRESS ,0038]P     +3mbar,T-31582mdegC
1594852887:[PRESS ,0038]P    +13mbar,T +7099mdegC
1594852890:[PRESS ,0038]P     +3mbar,T-31582mdegC
1594852892:[PRESS ,0038]P     +3mbar,T +7099mdegC
1594852894:[PRESS ,0038]P    +13mbar,T-31582mdegC
1594852897:[PRESS ,0038]P    +13mbar,T-19758mdegC
1594852897:<ERR>[DIVING,0229]still at 13mbar (+0mbar/s) after 129 bypass done in 128 loop rounds
1594852898:<ERR>[SOS   ,0199]TRIGGERED BY src/diving.c@111
1594852898:<ERR>[SOS   ,0153]REBOOT
