1594830484:[MAIN  ,0007]buoy 452.120-R-0070
1594830484:[MAIN  ,0055]soft pilotage 452.012.300_V2.21-20200701
1594830484:[MAIN  ,0010]cycle 4
1594830484:[SURF  ,0225]surface2
1594830502:[SURF  ,0022]GPS fix...
1594830522:[SURF  ,0015]10 PPS detected...
1594830523:[MRMAID,0052]Mermaid $GPSACK:+0,+0,+0,+0,+0,+0,-30;
1594830533:[MRMAID,0052]Mermaid $GPSOFF:3686352;
1594830534:[GPSFIX,0179]-1s diff
1594830535:[SURF  ,0222]2020-07-15T16:28:55
1594830535:[SURF  ,0082]Latitude : N43deg40.940mn, Longitude :E007deg19.179mn
1594830535:[SURF  ,0223]fix3D,9satellites
1594830535:[SURF  ,0084]GPS fix GPGSA : hdop0.780,vdop1.100
1594830545:[SURF  ,0025]Iridium...
1594830584:[SURF  ,0009]connected in 39s, signal quality 5
1594830645:[SURF  ,0218]prompt received, remote cmd end
1594830645:[SURF  ,0012]16 cmd(s) received
1594830668:[UPLOAD,0248]Upload data files...
1594830819:[SURF  ,0014]disconnected after 274s
1594830824:[SURFIN,0020]filling external bladder
1594830832:[PUMP  ,0207]battery 15125mV,   18788uA (warmup), P   +130mbar
1594830832:[PUMP  ,0016]pump during 300000ms
1594830840:[PUMP  ,0212]battery 14690mV, 1086776uA (steady state), P   +130mbar
1594830842:[SURFIN,0019]external bladder full
1594830842:[SURF  ,0319]transfer interrupted
1594830855:[SURF  ,0022]GPS fix...
1594830875:[SURF  ,0015]10 PPS detected...
1594830876:[MRMAID,0052]Mermaid $GPSACK:+0,+0,+0,+0,+0,+0,-30;
1594830886:[MRMAID,0052]Mermaid $GPSOFF:3686352;
1594830888:[GPSFIX,0179]+0s diff
1594830888:[SURF  ,0222]2020-07-15T16:34:48
1594830888:[SURF  ,0082]Latitude : N43deg40.941mn, Longitude :E007deg19.178mn
1594830888:[SURF  ,0223]fix3D,9satellites
1594830888:[SURF  ,0084]GPS fix GPGSA : hdop0.730,vdop1.130
1594830905:[MAIN  ,0024]internal pressure 79690Pa
1594830906:[BYCMD ,0107]    FreeRTOS V8.2.3
1594830906:[BYCMD ,0108]    FatFS v11a
1594830906:[BYCMD ,0120]    bypass 10000ms 60000ms (20000ms 60000ms stored)
1594830906:[BYCMD ,0121]    valve 60000ms 12750 (60000ms 12750 stored)
1594830906:[BYCMD ,0122]    pump 60000ms 30% 10750 80% (60000ms 30% 10750 80% stored)
1594830906:[BYCMD ,0123]    rate 2mbar/s (2mbar/s stored)
1594830906:[BYCMD ,0124]    surface 500mbar (500mbar stored)
1594830906:[BYCMD ,0125]    near 1500mbar 3mbar/s (15000mbar 3mbar/s stored)
1594830906:[BYCMD ,0126]    far 2500mbar 4mbar/s (25000mbar 4mbar/s stored)
1594830906:[BYCMD ,0127]    ascent 8mbar/s (8mbar/s stored)
1594830906:[BYCMD ,0128]    dead 60s (300s stored)
1594830906:[BYCMD ,0129]    coeff 16/10 (16/10 stored)
1594830906:[BYCMD ,0130]    stab 10 (10 stored)
1594830906:[BYCMD ,0131]    delay 900s 3600s (900s 3600s stored)
1594830906:[BYCMD ,0132]    mmtime 2880min (2880min stored)
1594830906:[BYCMD ,0133]    dv_landing 100ml (100ml stored)
1594830906:[MKDCMD,0150]    p2t37: 15x2000ms, offset 132mbar
1594830906:[P2TCMD,0151]    p2t37: dp 50mbar, dt 5000mdegC
1594830907:[STAGE ,0080]Stage [0] 5000mbar (+/-500mbar) 1800s (<1800s) 
1594830907:[STAGE ,0080]Stage [1] 5000mbar (+/-500mbar) 1800s (<3600s) MERMAID
1594830907:[MAIN  ,0070]turn off bluetooth
1594830909:[PRESS ,0038]P    -12mbar,T +3877mdegC
1594830911:[PRESS ,0038]P    -12mbar,T-22986mdegC
1594830913:[PRESS ,0038]P    -12mbar,T +3877mdegC
1594830918:[PRESS ,0038]P     -2mbar,T+15686mdegC
1594830920:[PRESS ,0038]P    -12mbar,T-22986mdegC
1594830925:[PRESS ,0038]P    -12mbar,T +3877mdegC
1594830927:[PRESS ,0038]P    -12mbar,T-22986mdegC
1594830934:[DIVING,0141]diving from -2mbar, +0mbar/s
1594830934:[BYPASS,0035]bypass opening 60000ms
1594830940:[BYPASS,0104]battery 15015mV,  262178uA (bypass opening), P     -2mbar
1594831004:[BYPASS,0106]battery 15037mV,  296460uA (bypass closing), P     -2mbar
1594831006:[PRESS ,0038]P   -122mbar,T-22986mdegC
1594831010:[PRESS ,0038]P   -112mbar,T+15686mdegC
1594831012:[PRESS ,0038]P   -112mbar,T-22986mdegC
1594831013:[PRESS ,0038]P   -102mbar,T+15686mdegC
1594831015:[PRESS ,0038]P   -102mbar,T-22986mdegC
1594831017:[PRESS ,0038]P   -102mbar,T+15686mdegC
1594831019:[PRESS ,0038]P   -102mbar,T-22986mdegC
1594831024:[PRESS ,0038]P   -102mbar,T+15686mdegC
1594831026:[PRESS ,0038]P   -102mbar,T-22986mdegC
1594831031:[PRESS ,0038]P   -112mbar,T+15686mdegC
1594831031:[BYPASS,0035]bypass opening 10000ms
1594831036:[BYPASS,0104]battery 15061mV,  264130uA (bypass opening), P   -112mbar
1594831052:[BYPASS,0106]battery 15048mV,  295240uA (bypass closing), P   -112mbar
1594831053:[PRESS ,0038]P   -112mbar,T-22986mdegC
1594831060:[PRESS ,0038]P   -122mbar,T+15686mdegC
1594831062:[PRESS ,0038]P   -132mbar,T-22986mdegC
1594831064:[PRESS ,0038]P   -122mbar,T+15686mdegC
1594831066:[PRESS ,0038]P   -122mbar,T +3877mdegC
1594831068:[PRESS ,0038]P   -122mbar,T+15686mdegC
1594831069:[PRESS ,0038]P   -102mbar,T +3877mdegC
1594831071:[PRESS ,0038]P   -102mbar,T-22986mdegC
1594831077:[PRESS ,0038]P   -112mbar,T+15686mdegC
1594831078:[PRESS ,0038]P   -122mbar,T-22986mdegC
1594831078:[BYPASS,0035]bypass opening 10000ms
1594831084:[BYPASS,0104]battery 15075mV,  258884uA (bypass opening), P   -122mbar
1594831099:[BYPASS,0106]battery 15058mV,  294508uA (bypass closing), P   -122mbar
1594831102:[PRESS ,0038]P   -122mbar,T +3877mdegC
1594831104:[PRESS ,0038]P   -112mbar,T-22986mdegC
1594831108:[PRESS ,0038]P   -122mbar,T +3877mdegC
1594831109:[PRESS ,0038]P   -122mbar,T+30738mdegC
1594831111:[PRESS ,0038]P   -122mbar,T-22986mdegC
1594831118:[PRESS ,0038]P   -112mbar,T+15686mdegC
1594831120:[PRESS ,0038]P   -112mbar,T-22986mdegC
1594831122:[PRESS ,0038]P   -112mbar,T+15686mdegC
1594831124:[PRESS ,0038]P   -122mbar,T-22986mdegC
1594831125:[BYPASS,0035]bypass opening 10000ms
1594831131:[BYPASS,0104]battery 15085mV,  257298uA (bypass opening), P   -112mbar
1594831146:[BYPASS,0106]battery 15067mV,  293654uA (bypass closing), P   -112mbar
1594831147:[PRESS ,0038]P   -132mbar,T +3877mdegC
1594831149:[PRESS ,0038]P   -122mbar,T-22986mdegC
1594831160:[PRESS ,0038]P   -102mbar,T +3877mdegC
1594831163:[PRESS ,0038]P   -112mbar,T-22986mdegC
1594831165:[PRESS ,0038]P   -112mbar,T +3877mdegC
1594831169:[PRESS ,0038]P   -102mbar,T-22986mdegC
1594831171:[PRESS ,0038]P   -112mbar,T +3877mdegC
1594831172:[PRESS ,0038]P   -102mbar,T-22986mdegC
1594831172:[BYPASS,0035]bypass opening 10000ms
1594831177:[BYPASS,0104]battery 15091mV,  255834uA (bypass opening), P   -102mbar
1594831193:[BYPASS,0106]battery 15075mV,  293044uA (bypass closing), P   -102mbar
1594831194:[PRESS ,0038]P   -122mbar,T +3877mdegC
1594831196:[PRESS ,0038]P   -122mbar,T-22986mdegC
1594831198:[PRESS ,0038]P   -112mbar,T +3877mdegC
1594831203:[PRESS ,0038]P   -102mbar,T+30738mdegC
1594831205:[PRESS ,0038]P   -112mbar,T +3877mdegC
1594831207:[PRESS ,0038]P   -112mbar,T-22986mdegC
1594831210:[PRESS ,0038]P   -112mbar,T +3877mdegC
1594831214:[PRESS ,0038]P   -122mbar,T-22986mdegC
1594831216:[PRESS ,0038]P   -122mbar,T +3877mdegC
1594831218:[PRESS ,0038]P   -112mbar,T-22986mdegC
1594831219:[BYPASS,0035]bypass opening 10000ms
1594831225:[BYPASS,0104]battery 15100mV,  259616uA (bypass opening), P   -112mbar
1594831240:[BYPASS,0106]battery 15081mV,  292434uA (bypass closing), P   -112mbar
1594831241:[PRESS ,0038]P    -92mbar,T +3877mdegC
1594831243:[PRESS ,0038]P    -92mbar,T-22986mdegC
1594831245:[PRESS ,0038]P    -92mbar,T +3877mdegC
1594831247:[PRESS ,0038]P   -102mbar,T-22986mdegC
1594831249:[PRESS ,0038]P    -92mbar,T +3877mdegC
1594831254:[PRESS ,0038]P   -112mbar,T-22986mdegC
1594831256:[PRESS ,0038]P   -112mbar,T +3877mdegC
1594831258:[PRESS ,0038]P   -112mbar,T-22986mdegC
1594831259:[PRESS ,0038]P   -102mbar,T +3877mdegC
1594831261:[PRESS ,0038]P   -102mbar,T+30738mdegC
1594831263:[PRESS ,0038]P   -112mbar,T-22986mdegC
1594831267:[PRESS ,0038]P   -112mbar,T +3877mdegC
1594831267:[BYPASS,0035]bypass opening 10000ms
1594831272:[BYPASS,0104]battery 15102mV,  256688uA (bypass opening), P   -112mbar
1594831287:[BYPASS,0106]battery 15087mV,  291946uA (bypass closing), P   -112mbar
1594831292:[PRESS ,0038]P    -92mbar,T-22986mdegC
1594831294:[PRESS ,0038]P    -92mbar,T +3877mdegC
1594831297:[PRESS ,0038]P    -92mbar,T-22986mdegC
1594831299:[PRESS ,0038]P    -82mbar,T+30738mdegC
1594831301:[PRESS ,0038]P    -72mbar,T +3877mdegC
1594831303:[PRESS ,0038]P    -72mbar,T+30738mdegC
1594831305:[PRESS ,0038]P    -72mbar,T-22986mdegC
1594831306:[PRESS ,0038]P    -72mbar,T +3877mdegC
1594831312:[PRESS ,0038]P    -62mbar,T-22986mdegC
1594831314:[PRESS ,0038]P    -62mbar,T +3877mdegC
1594831314:[BYPASS,0035]bypass opening 10000ms
1594831319:[BYPASS,0104]battery 15108mV,  253150uA (bypass opening), P    -62mbar
1594831334:[BYPASS,0106]battery 15092mV,  291458uA (bypass closing), P    -62mbar
1594831336:[PRESS ,0038]P    +38mbar,T +3877mdegC
1594831341:[PRESS ,0038]P    +78mbar,T-22986mdegC
1594831343:[PRESS ,0038]P    +98mbar,T +3877mdegC
1594831348:[PRESS ,0038]P   +128mbar,T-22986mdegC
1594831350:[PRESS ,0038]P   +138mbar,T +3877mdegC
1594831353:[PRESS ,0038]P   +168mbar,T-22986mdegC
1594831355:[PRESS ,0038]P   +178mbar,T +3877mdegC
1594831357:[PRESS ,0038]P   +188mbar,T-22986mdegC
1594831359:[PRESS ,0038]P   +208mbar,T +3877mdegC
1594831361:[PRESS ,0038]P   +228mbar,T-22986mdegC
1594831366:[PRESS ,0038]P   +258mbar,T +3877mdegC
1594831369:[PRESS ,0038]P   +298mbar,T+15686mdegC
1594831372:[PRESS ,0038]P   +318mbar,T +3877mdegC
1594831377:[PRESS ,0038]P   +368mbar,T-22986mdegC
1594831380:[PRESS ,0038]P   +388mbar,T +3877mdegC
1594831383:[PRESS ,0038]P   +408mbar,T-22986mdegC
1594831389:[PRESS ,0038]P   +458mbar,T+15686mdegC
1594831391:[PRESS ,0038]P   +478mbar,T +3877mdegC
1594831397:[PRESS ,0038]P   +508mbar,T-22986mdegC
1594831399:[PRESS ,0038]P   +528mbar,T +3877mdegC
1594831399:[DIVING,0028]528mbar reached (+8mbar/s), 8 bypass done
1594831399:[MAIN  ,0056]stage[0]
1594831402:[MAIN  ,0024]internal pressure 82773Pa
1594831402:[PRESS ,0038]P   +558mbar,T-22986mdegC
1594831402:[BUOY  ,0037]P   +558mbar
1594831402:[STAGE ,0080]Stage [0] 5000mbar (+/-500mbar) 1800s (<1594833199s) 
1594831404:[PRESS ,0038]P   +568mbar,T +3877mdegC
1594831465:[PRESS ,0038]P  +1018mbar,T+30738mdegC
1594831469:[PRESS ,0038]P  +1058mbar,T -7938mdegC
1594831470:[PRESS ,0038]P  +1058mbar,T +3877mdegC
1594831472:[PRESS ,0038]P  +1078mbar,T+30738mdegC
1594831479:[PRESS ,0038]P  +1118mbar,T +3877mdegC
1594831481:[PRESS ,0038]P  +1138mbar,T+30738mdegC
1594831483:[PRESS ,0038]P  +1148mbar,T +3877mdegC
1594831485:[PRESS ,0038]P  +1148mbar,T+30738mdegC
1594831486:[PRESS ,0038]P  +1178mbar,T +3877mdegC
1594831488:[PRESS ,0038]P  +1178mbar,T-22986mdegC
1594831490:[PRESS ,0038]P  +1198mbar,T +3877mdegC
1594831551:[PRESS ,0038]P  +1538mbar,T +3877mdegC
1594831553:[PRESS ,0038]P  +1548mbar,T+30738mdegC
1594831556:[PRESS ,0038]P  +1558mbar,T +3877mdegC
1594831558:[PRESS ,0038]P  +1558mbar,T+30738mdegC
1594831562:[PRESS ,0038]P  +1578mbar,T +3877mdegC
1594831567:[PRESS ,0038]P  +1598mbar,T+30738mdegC
1594831569:[PRESS ,0038]P  +1618mbar,T +3877mdegC
1594831570:[PRESS ,0038]P  +1608mbar,T+30738mdegC
1594831572:[PRESS ,0038]P  +1628mbar,T +3877mdegC
1594831576:[PRESS ,0038]P  +1628mbar,T+30738mdegC
1594831637:[PRESS ,0038]P  +1908mbar,T +3877mdegC
1594831640:[PRESS ,0038]P  +1928mbar,T+30738mdegC
1594831644:[PRESS ,0038]P  +1938mbar,T +3877mdegC
1594831645:[PRESS ,0038]P  +1958mbar,T+30738mdegC
1594831647:[PRESS ,0038]P  +1958mbar,T +3877mdegC
1594831651:[PRESS ,0038]P  +1978mbar,T+30738mdegC
1594831653:[PRESS ,0038]P  +1988mbar,T +3877mdegC
1594831654:[PRESS ,0038]P  +1998mbar,T+30738mdegC
1594831660:[PRESS ,0038]P  +2018mbar,T +3877mdegC
1594831722:[PRESS ,0038]P  +2288mbar,T +3877mdegC
1594831724:[PRESS ,0038]P  +2278mbar,T+30738mdegC
1594831731:[PRESS ,0038]P  +2298mbar,T +3877mdegC
1594831733:[PRESS ,0038]P  +2308mbar,T+30738mdegC
1594831737:[PRESS ,0038]P  +2318mbar,T +3877mdegC
1594831738:[PRESS ,0038]P  +2328mbar,T -7938mdegC
1594831740:[PRESS ,0038]P  +2328mbar,T+30738mdegC
1594831744:[PRESS ,0038]P  +2328mbar,T -7938mdegC
1594831746:[PRESS ,0038]P  +2338mbar,T +3877mdegC
1594831747:[PRESS ,0038]P  +2348mbar,T+30738mdegC
1594831808:[PRESS ,0038]P  +2498mbar,T+30738mdegC
1594831817:[PRESS ,0038]P  +2518mbar,T +3877mdegC
1594831819:[PRESS ,0038]P  +2518mbar,T+30738mdegC
1594831821:[PRESS ,0038]P  +2528mbar,T +3877mdegC
1594831822:[PRESS ,0038]P  +2528mbar,T -7938mdegC
1594831824:[PRESS ,0038]P  +2528mbar,T+30738mdegC
1594831826:[PRESS ,0038]P  +2538mbar,T +3877mdegC
1594831828:[PRESS ,0038]P  +2538mbar,T+30738mdegC
1594831831:[PRESS ,0038]P  +2558mbar,T +3877mdegC
1594831833:[PRESS ,0038]P  +2558mbar,T+30738mdegC
1594831894:[PRESS ,0038]P  +2728mbar,T +3877mdegC
1594831896:[PRESS ,0038]P  +2738mbar,T+30738mdegC
1594831897:[PRESS ,0038]P  +2738mbar,T +3877mdegC
1594831906:[PRESS ,0038]P  +2768mbar,T+30738mdegC
1594831908:[PRESS ,0038]P  +2768mbar,T +3877mdegC
1594831910:[PRESS ,0038]P  +2768mbar,T+30738mdegC
1594831913:[PRESS ,0038]P  +2778mbar,T +3877mdegC
1594831979:[PRESS ,0038]P  +2948mbar,T +3877mdegC
1594831981:[PRESS ,0038]P  +2938mbar,T-22986mdegC
1594831985:[PRESS ,0038]P  +2958mbar,T +3877mdegC
1594831987:[PRESS ,0038]P  +2968mbar,T+30738mdegC
1594831988:[PRESS ,0038]P  +2978mbar,T +3877mdegC
1594831994:[PRESS ,0038]P  +2978mbar,T+30738mdegC
1594831996:[PRESS ,0038]P  +2988mbar,T +3877mdegC
1594831999:[PRESS ,0038]P  +2998mbar,T+30738mdegC
1594832001:[PRESS ,0038]P  +3008mbar,T +3877mdegC
1594832005:[PRESS ,0038]P  +3008mbar,T-22986mdegC
1594832065:[PRESS ,0038]P  +3178mbar,T +3877mdegC
1594832069:[PRESS ,0038]P  +3178mbar,T+30738mdegC
1594832071:[PRESS ,0038]P  +3188mbar,T +3877mdegC
1594832072:[PRESS ,0038]P  +3188mbar,T+30738mdegC
1594832074:[PRESS ,0038]P  +3178mbar,T +3877mdegC
1594832076:[PRESS ,0038]P  +3188mbar,T-22986mdegC
1594832078:[PRESS ,0038]P  +3188mbar,T +3877mdegC
1594832090:[PRESS ,0038]P  +3228mbar,T-22986mdegC
1594832151:[PRESS ,0038]P  +3368mbar,T +3877mdegC
1594832156:[PRESS ,0038]P  +3378mbar,T-22986mdegC
1594832158:[PRESS ,0038]P  +3368mbar,T +3877mdegC
1594832162:[PRESS ,0038]P  +3388mbar,T-22986mdegC
1594832165:[PRESS ,0038]P  +3398mbar,T +3877mdegC
1594832167:[PRESS ,0038]P  +3398mbar,T-22986mdegC
1594832171:[PRESS ,0038]P  +3408mbar,T +3877mdegC
1594832174:[PRESS ,0038]P  +3408mbar,T-22986mdegC
1594832237:[PRESS ,0038]P  +3548mbar,T +3877mdegC
1594832238:[PRESS ,0038]P  +3568mbar,T-22986mdegC
1594832251:[PRESS ,0038]P  +3588mbar,T +3877mdegC
1594832253:[PRESS ,0038]P  +3588mbar,T-22986mdegC
1594832261:[PRESS ,0038]P  +3608mbar,T +3877mdegC
1594832322:[PRESS ,0038]P  +3748mbar,T+15686mdegC
1594832324:[PRESS ,0038]P  +3758mbar,T-22986mdegC
1594832328:[PRESS ,0038]P  +3768mbar,T+15686mdegC
1594832329:[PRESS ,0038]P  +3768mbar,T-22986mdegC
1594832331:[PRESS ,0038]P  +3768mbar,T+15686mdegC
1594832333:[PRESS ,0038]P  +3778mbar,T +3877mdegC
1594832335:[PRESS ,0038]P  +3778mbar,T-22986mdegC
1594832345:[PRESS ,0038]P  +3808mbar,T +3877mdegC
1594832347:[PRESS ,0038]P  +3798mbar,T-22986mdegC
1594832408:[PRESS ,0038]P  +3948mbar,T-22986mdegC
1594832410:[PRESS ,0038]P  +3958mbar,T+15686mdegC
1594832413:[PRESS ,0038]P  +3958mbar,T-22986mdegC
1594832415:[PRESS ,0038]P  +3958mbar,T+15686mdegC
1594832417:[PRESS ,0038]P  +3958mbar,T-11178mdegC
1594832419:[PRESS ,0038]P  +3968mbar,T+15686mdegC
1594832422:[PRESS ,0038]P  +3978mbar,T-22986mdegC
1594832426:[PRESS ,0038]P  +3988mbar,T+15686mdegC
1594832494:[PRESS ,0038]P  +4178mbar,T+15686mdegC
1594832501:[PRESS ,0038]P  +4188mbar,T-11178mdegC
1594832503:[PRESS ,0038]P  +4188mbar,T+15686mdegC
1594832504:[PRESS ,0038]P  +4188mbar,T-22986mdegC
1594832506:[PRESS ,0038]P  +4198mbar,T+15686mdegC
1594832511:[PRESS ,0038]P  +4208mbar,T-11178mdegC
1594832513:[PRESS ,0038]P  +4218mbar,T+15686mdegC
1594832579:[PRESS ,0038]P  +4388mbar,T-11178mdegC
1594832581:[PRESS ,0038]P  +4398mbar,T+15686mdegC
1594832585:[PRESS ,0038]P  +4408mbar,T-11178mdegC
1594832586:[PRESS ,0038]P  +4418mbar,T+15686mdegC
1594832588:[PRESS ,0038]P  +4418mbar,T-22986mdegC
1594832590:[PRESS ,0038]P  +4428mbar,T+15686mdegC
1594832597:[PRESS ,0038]P  +4438mbar,T-11178mdegC
1594832599:[PRESS ,0038]P  +4448mbar,T+15686mdegC
1594832604:[PRESS ,0038]P  +4458mbar,T-11178mdegC
1594832665:[PRESS ,0038]P  +4618mbar,T+15686mdegC
1594832669:[PRESS ,0038]P  +4628mbar,T-11178mdegC
1594832679:[PRESS ,0038]P  +4658mbar,T+15686mdegC
1594832681:[PRESS ,0038]P  +4668mbar,T-11178mdegC
1594832685:[PRESS ,0038]P  +4668mbar,T+15686mdegC
1594832686:[PRESS ,0038]P  +4668mbar,T-11178mdegC
1594832688:[PRESS ,0038]P  +4678mbar,T-22986mdegC
1594832690:[PRESS ,0038]P  +4688mbar,T-11178mdegC
1594832690:[STAGE ,0213]4688mbar reached at 1594832690s, ref 5000mbar +/-500mbar
1594832690:[BUOY  ,0087]from +3mbar/s to +0mbar/s
1594832690:[BUOY  ,0089]need to transfer +14mL (pump during 16822ms)
1594832698:[PUMP  ,0207]battery 15460mV,   19032uA (warmup), P  +4688mbar
1594832698:[PUMP  ,0016]pump during 16822ms
1594832714:[PUMP  ,0212]battery 15248mV,  366122uA (steady state), P  +4688mbar
1594832754:[PRESS ,0038]P  +4778mbar,T-22986mdegC
1594832756:[PRESS ,0038]P  +4788mbar,T+15686mdegC
1594832761:[PRESS ,0038]P  +4788mbar,T-11178mdegC
1594832768:[PRESS ,0038]P  +4798mbar,T+27491mdegC
1594832770:[PRESS ,0038]P  +4798mbar,T-11178mdegC
1594832774:[PRESS ,0038]P  +4808mbar,T+27491mdegC
1594832777:[PRESS ,0038]P  +4818mbar,T-11178mdegC
1594832779:[PRESS ,0038]P  +4808mbar,T+27491mdegC
1594832840:[PRESS ,0038]P  +4888mbar,T-11178mdegC
1594832900:[PRESS ,0038]P  +4968mbar,T-11178mdegC
1594832961:[PRESS ,0038]P  +5048mbar,T+27491mdegC
1594832961:[BUOY  ,0087]from +1mbar/s to +0mbar/s
1594832961:[BUOY  ,0089]need to transfer +2mL (pump during 2403ms)
1594832969:[PUMP  ,0207]battery 15450mV,   18910uA (warmup), P  +5048mbar
1594832969:[PUMP  ,0016]pump during 2403ms
1594833025:[PRESS ,0038]P  +5128mbar,T-11178mdegC
1594833027:[PRESS ,0038]P  +5138mbar,T+27491mdegC
1594833043:[PRESS ,0038]P  +5148mbar,T-11178mdegC
1594833045:[PRESS ,0038]P  +5148mbar,T+27491mdegC
1594833048:[PRESS ,0038]P  +5158mbar,T  +624mdegC
1594833050:[PRESS ,0038]P  +5148mbar,T-11178mdegC
1594833050:[BUOY  ,0087]from +1mbar/s to +0mbar/s
1594833050:[BUOY  ,0089]need to transfer +2mL (pump during 2403ms)
1594833058:[PUMP  ,0207]battery 15451mV,   18910uA (warmup), P  +5148mbar
1594833058:[PUMP  ,0016]pump during 2403ms
1594833114:[PRESS ,0038]P  +5238mbar,T+27491mdegC
1594833118:[PRESS ,0038]P  +5228mbar,T  +624mdegC
1594833119:[PRESS ,0038]P  +5228mbar,T+27491mdegC
1594833123:[PRESS ,0038]P  +5238mbar,T  +624mdegC
1594833125:[PRESS ,0038]P  +5238mbar,T+27491mdegC
1594833127:[PRESS ,0038]P  +5238mbar,T  +624mdegC
1594833130:[PRESS ,0038]P  +5248mbar,T+27491mdegC
1594833135:[PRESS ,0038]P  +5258mbar,T  +624mdegC
1594833137:[PRESS ,0038]P  +5248mbar,T+27491mdegC
1594833139:[BUOY  ,0087]from +1mbar/s to +0mbar/s
1594833139:[BUOY  ,0089]need to transfer +2mL (pump during 2403ms)
1594833147:[PUMP  ,0207]battery 15452mV,   18910uA (warmup), P  +5248mbar
1594833147:[PUMP  ,0016]pump during 2403ms
1594833203:[PRESS ,0038]P  +5308mbar,T+27491mdegC
1594833205:[PRESS ,0038]P  +5308mbar,T-11178mdegC
1594833207:[PRESS ,0038]P  +5308mbar,T+27491mdegC
1594833210:[PRESS ,0038]P  +5308mbar,T-11178mdegC
1594833212:[PRESS ,0038]P  +5308mbar,T+27491mdegC
1594833216:[PRESS ,0038]P  +5298mbar,T-11178mdegC
1594833217:[PRESS ,0038]P  +5308mbar,T  +624mdegC
1594833219:[PRESS ,0038]P  +5308mbar,T+27491mdegC
1594833223:[PRESS ,0038]P  +5298mbar,T  +624mdegC
1594833225:[PRESS ,0038]P  +5308mbar,T+27491mdegC
1594833228:[PRESS ,0038]P  +5318mbar,T  +624mdegC
1594833228:[MAIN  ,0140]stage[0] complete 1829s after mission start
1594833228:[MAIN  ,0056]stage[1]
1594833230:[MAIN  ,0024]internal pressure 81791Pa
1594833232:[MRMAID,0002]acq started
1594833242:[PRESS ,0038]P  +5308mbar,T-11178mdegC
1594833242:[BUOY  ,0037]P  +5308mbar
1594833242:[STAGE ,0080]Stage [1] 5000mbar (+/-500mbar) 1800s (<1594834999s) MERMAID
1594833244:[STAGE ,0213]5328mbar reached at 1594833244s, ref 5000mbar +/-500mbar
1594833304:[PRESS ,0038]P  +5358mbar,T+27491mdegC
1594833304:[BUOY  ,0087]from +1mbar/s to +0mbar/s
1594833304:[BUOY  ,0089]need to transfer +2mL (pump during 2398ms)
1594833304:[MRMAID,0003]acq stopped
1594833313:[PUMP  ,0207]battery 15458mV,   18788uA (warmup), P  +5358mbar
1594833313:[PUMP  ,0016]pump during 2398ms
1594833319:[MRMAID,0002]acq started
1594833382:[PRESS ,0038]P  +5378mbar,T  +624mdegC
1594833384:[PRESS ,0038]P  +5368mbar,T+27491mdegC
1594833387:[PRESS ,0038]P  +5378mbar,T  +624mdegC
1594833389:[PRESS ,0038]P  +5368mbar,T+27491mdegC
1594833393:[PRESS ,0038]P  +5368mbar,T  +624mdegC
1594833396:[PRESS ,0038]P  +5378mbar,T+27491mdegC
1594833398:[PRESS ,0038]P  +5378mbar,T  +624mdegC
1594833400:[PRESS ,0038]P  +5358mbar,T+27491mdegC
1594833402:[PRESS ,0038]P  +5368mbar,T-26245mdegC
1594833403:[PRESS ,0038]P  +5378mbar,T+27491mdegC
1594833471:[MRMAID,0027]54dbar, 27degC
1594833525:[PRESS ,0038]P  +5408mbar,T  +624mdegC
1594833767:[PRESS ,0038]P  +5488mbar,T-26245mdegC
1594833828:[PRESS ,0038]P  +5528mbar,T  +624mdegC
1594833828:<WARN>[BUOY  ,0094]stage[1] should ASCENT, stuck at 5528mbar for the #1 time
1594833828:[BUOY  ,0087]from +0mbar/s to -2mbar/s
1594833828:[BUOY  ,0089]need to transfer +6mL (pump during 7194ms)
1594833837:[PUMP  ,0207]battery 15475mV,   20862uA (warmup), P  +5528mbar
1594833837:[PUMP  ,0016]pump during 7194ms
1594833844:[PUMP  ,0212]battery 15260mV,  379908uA (steady state), P  +5528mbar
1594833857:[MRMAID,0184]acq already started
1594833904:[PRESS ,0038]P  +5568mbar,T+27491mdegC
1594833906:[PRESS ,0038]P  +5568mbar,T  +624mdegC
1594833924:[PRESS ,0038]P  +5578mbar,T-26245mdegC
1594833926:[PRESS ,0038]P  +5558mbar,T  +624mdegC
1594833927:[PRESS ,0038]P  +5578mbar,T+27491mdegC
1594833927:<WARN>[BUOY  ,0094]stage[1] should ASCENT, stuck at 5578mbar for the #2 time
1594833927:[BUOY  ,0087]from +0mbar/s to -2mbar/s
1594833928:[BUOY  ,0089]need to transfer +6mL (pump during 7189ms)
1594833936:[PUMP  ,0207]battery 15467mV,   19276uA (warmup), P  +5578mbar
1594833936:[PUMP  ,0016]pump during 7189ms
1594833943:[PUMP  ,0212]battery 15255mV,  366366uA (steady state), P  +5578mbar
1594833956:[MRMAID,0184]acq already started
1594834002:[PRESS ,0038]P  +5498mbar,T-26245mdegC
1594834004:[PRESS ,0038]P  +5488mbar,T  +624mdegC
1594834014:[PRESS ,0038]P  +5478mbar,T+27491mdegC
1594834016:[PRESS ,0038]P  +5478mbar,T  +624mdegC
1594834018:[PRESS ,0038]P  +5478mbar,T-26245mdegC
1594834022:[PRESS ,0038]P  +5468mbar,T  +624mdegC
1594834088:[PRESS ,0038]P  +5378mbar,T-26245mdegC
1594834148:[PRESS ,0038]P  +5298mbar,T  +624mdegC
1594834209:[PRESS ,0038]P  +5198mbar,T-26245mdegC
1594834270:[PRESS ,0038]P  +5138mbar,T  +624mdegC
1594834330:[PRESS ,0038]P  +5098mbar,T-26245mdegC
1594834391:[PRESS ,0038]P  +5038mbar,T-26245mdegC
1594834452:[BUOY  ,0087]from -1mbar/s to +0mbar/s
1594834452:[BUOY  ,0090]need to transfer -2mL (valve during 364ms)
1594834452:[VALVE ,0034]valve opening 364ms
1594834463:[MRMAID,0184]acq already started
1594834525:[PRESS ,0038]P  +4978mbar,T-26245mdegC
1594834528:[PRESS ,0038]P  +4978mbar,T+12421mdegC
1594834530:[PRESS ,0038]P  +4978mbar,T-26245mdegC
1594834532:[PRESS ,0038]P  +4968mbar,T+12421mdegC
1594834534:[PRESS ,0038]P  +4968mbar,T  +624mdegC
1594834535:[PRESS ,0038]P  +4978mbar,T+12421mdegC
1594834539:[PRESS ,0038]P  +4978mbar,T-26245mdegC
1594834543:[PRESS ,0038]P  +4978mbar,T+12421mdegC
1594834544:[PRESS ,0038]P  +4978mbar,T-26245mdegC
1594834546:[PRESS ,0038]P  +4968mbar,T+12421mdegC
1594834548:[PRESS ,0038]P  +4968mbar,T-26245mdegC
1594834573:[MRMAID,0059]stop canceled
1594834587:[MRMAID,0005]ascent request rejected
1594834609:[PRESS ,0038]P  +4948mbar,T  +624mdegC
1594834669:[PRESS ,0038]P  +4928mbar,T-26245mdegC
1594834683:[MRMAID,0027]49dbar, -26degC
1594834791:[PRESS ,0038]P  +4918mbar,T+12421mdegC
1594834912:[PRESS ,0038]P  +4918mbar,T-14450mdegC
1594834973:[PRESS ,0038]P  +4908mbar,T-26245mdegC
1594835033:[MAIN  ,0140]stage[1] complete 3634s after mission start
1594835637:<ERR>[MRMAID,0008]acq not stopped
1594835784:[MRMAID,0003]acq stopped
1594835784:[MRMAID,0052]Mermaid $MEASFS,96532,2412.448212,40.014123;
1594835799:[MRMAID,0005]ascent request rejected
1594835818:[MSSION,0192]mission stopped, 2 stage(s) done
1594835818:[MAIN  ,0065]surfacing
1594835820:[SURFIN,0036]P  +4898mbar
1594835828:[PUMP  ,0207]battery 15500mV,   19032uA (warmup), P  +4898mbar
1594835828:[PUMP  ,0016]pump during 60000ms
1594835887:[PUMP  ,0212]battery 15281mV,  362828uA (steady state), P  +4898mbar
1594835945:[PRESS ,0038]P  +4618mbar,T-14450mdegC
1594835947:[PRESS ,0038]P  +4608mbar,T+12421mdegC
1594835952:[PRESS ,0038]P  +4588mbar,T-14450mdegC
1594835954:[PRESS ,0038]P  +4588mbar,T+12421mdegC
1594835956:[PRESS ,0038]P  +4578mbar,T-14450mdegC
1594835959:[PRESS ,0038]P  +4558mbar,T-26245mdegC
1594835961:[PRESS ,0038]P  +4558mbar,T+12421mdegC
1594835963:[PRESS ,0038]P  +4548mbar,T-14450mdegC
1594835965:[PRESS ,0038]P  +4538mbar,T+12421mdegC
1594835970:[PRESS ,0038]P  +4528mbar,T-14450mdegC
1594835978:[PUMP  ,0207]battery 15400mV,   19032uA (warmup), P  +4528mbar
1594835978:[PUMP  ,0016]pump during 60000ms
1594836037:[PUMP  ,0212]battery 15186mV,  365390uA (steady state), P  +4528mbar
1594836095:[PRESS ,0038]P  +3858mbar,T-14450mdegC
1594836097:[PRESS ,0038]P  +3868mbar,T+12421mdegC
1594836102:[PRESS ,0038]P  +3838mbar,T  +624mdegC
1594836104:[PRESS ,0038]P  +3818mbar,T+12421mdegC
1594836108:[PRESS ,0038]P  +3788mbar,T-14450mdegC
1594836109:[PRESS ,0038]P  +3778mbar,T+12421mdegC
1594836111:[PRESS ,0038]P  +3758mbar,T+24214mdegC
1594836113:[PRESS ,0038]P  +3748mbar,T-14450mdegC
1594836115:[PRESS ,0038]P  +3748mbar,T+12421mdegC
1594836118:[PRESS ,0038]P  +3718mbar,T-14450mdegC
1594836128:[PUMP  ,0207]battery 15327mV,   19032uA (warmup), P  +3708mbar
1594836128:[PUMP  ,0016]pump during 60000ms
1594836187:[PUMP  ,0212]battery 15117mV,  359412uA (steady state), P  +3708mbar
1594836245:[PRESS ,0038]P  +2978mbar,T+12421mdegC
1594836249:[PRESS ,0038]P  +2958mbar,T-14450mdegC
1594836254:[PRESS ,0038]P  +2928mbar,T+12421mdegC
1594836257:[PRESS ,0038]P  +2898mbar,T+24214mdegC
1594836259:[PRESS ,0038]P  +2898mbar,T+12421mdegC
1594836261:[PRESS ,0038]P  +2888mbar,T-14450mdegC
1594836263:[PRESS ,0038]P  +2868mbar,T+12421mdegC
1594836265:[PRESS ,0038]P  +2858mbar,T-14450mdegC
1594836278:[PUMP  ,0207]battery 15277mV,   19032uA (warmup), P  +2828mbar
1594836278:[PUMP  ,0016]pump during 60000ms
1594836337:[PUMP  ,0212]battery 15063mV,  367220uA (steady state), P  +2828mbar
1594836395:[PRESS ,0038]P  +2138mbar,T+12421mdegC
1594836400:[PRESS ,0038]P  +2098mbar,T-14450mdegC
1594836402:[PRESS ,0038]P  +2098mbar,T-26245mdegC
1594836404:[PRESS ,0038]P  +2088mbar,T+12421mdegC
1594836406:[PRESS ,0038]P  +2088mbar,T-14450mdegC
1594836411:[PRESS ,0038]P  +2068mbar,T+12421mdegC
1594836414:[PRESS ,0038]P  +2048mbar,T-14450mdegC
1594836416:[PRESS ,0038]P  +2028mbar,T-26245mdegC
1594836418:[PRESS ,0038]P  +2028mbar,T-14450mdegC
1594836420:[PRESS ,0038]P  +2028mbar,T+12421mdegC
1594836428:[PUMP  ,0207]battery 15245mV,   19032uA (warmup), P  +2028mbar
1594836428:[PUMP  ,0016]pump during 60000ms
1594836487:[PUMP  ,0212]battery 15037mV,  354532uA (steady state), P  +2028mbar
1594836545:[PRESS ,0038]P  +1358mbar,T+24214mdegC
1594836548:[PRESS ,0038]P  +1338mbar,T+12421mdegC
1594836552:[PRESS ,0038]P  +1318mbar,T-14450mdegC
1594836561:[PRESS ,0038]P  +1258mbar,T-14450mdegC
1594836570:[PRESS ,0038]P  +1188mbar,T-14450mdegC
1594836578:[PUMP  ,0207]battery 15225mV,   19154uA (warmup), P  +1188mbar
1594836578:[PUMP  ,0016]pump during 60000ms
1594836637:[PUMP  ,0212]battery 15016mV,  357948uA (steady state), P  +1188mbar
1594836694:[PRESS ,0038]P   +358mbar,T-14450mdegC
1594836698:[PRESS ,0038]P   +328mbar,T+12421mdegC
1594836705:[PRESS ,0038]P   +298mbar,T-14450mdegC
1594836709:[PRESS ,0038]P   +268mbar,T+12421mdegC
1594836712:[PRESS ,0038]P   +228mbar,T-14450mdegC
1594836714:[PRESS ,0038]P   +228mbar,T+24214mdegC
1594836716:[PRESS ,0038]P   +218mbar,T+12421mdegC
1594836719:[PRESS ,0038]P   +198mbar,T-14450mdegC
1594836721:[PRESS ,0038]P   +178mbar,T+12421mdegC
1594836723:[PRESS ,0038]P   +168mbar,T-14450mdegC
1594836723:[SURFIN,0020]filling external bladder
1594836731:[PUMP  ,0207]battery 15216mV,   19154uA (warmup), P   +168mbar
1594836731:[PUMP  ,0016]pump during 300000ms
1594837030:[PUMP  ,0212]battery 14723mV, 1139358uA (steady state), P   +168mbar
1594837041:[PUMP  ,0207]battery 14730mV,   19154uA (warmup), P   +168mbar
1594837041:[PUMP  ,0016]pump during 300000ms
1594837071:[PUMP  ,0212]battery 14372mV, 1065914uA (steady state), P   +168mbar
1594837073:[SURFIN,0019]external bladder full
1594837075:[PRESS ,0038]P   +130mbar,T  +624mdegC
1594837080:[PRESS ,0038]P   +130mbar,T+27491mdegC
1594837082:[PRESS ,0038]P   +130mbar,T-26245mdegC
1594837089:[PRESS ,0038]P   +120mbar,T+27491mdegC
1594837091:[PRESS ,0038]P   +130mbar,T  +624mdegC
1594837135:[MAIN  ,0272]Vbat 14964mV (min 14910mV)
1594837137:[MAIN  ,0024]internal pressure 79341Pa
1594837137:[MAIN  ,0043]Pext 128mbar (rng 20mbar)
1594837137:[MAIN  ,0064]surface
1594837154:[SURF  ,0022]GPS fix...
1594837174:[SURF  ,0015]10 PPS detected...
1594837175:[MRMAID,0052]Mermaid $GPSACK:+0,+0,+0,+0,+0,+0,-518;
1594837185:[MRMAID,0052]Mermaid $GPSOFF:3686353;
1594837186:[GPSFIX,0179]-1s diff
1594837187:[SURF  ,0222]2020-07-15T18:19:47
1594837187:[SURF  ,0082]Latitude : N43deg40.938mn, Longitude :E007deg19.179mn
1594837187:[SURF  ,0223]fix3D,10satellites
1594837187:[SURF  ,0084]GPS fix GPGSA : hdop0.620,vdop0.980
1594837197:[SURF  ,0274]last almanac : 27855
1594837273:[MRMAID,0026]26016 bytes in 0070/5F0F48D2.MER
1594837279:[MAIN  ,0320]New pressure offset: 128mbar
1594837279:[LOGBIN,0078]*** switching to 0070/5F0F491F ***
