1594815658:[MAIN  ,0007]buoy 452.120-R-0070
1594815658:[MAIN  ,0055]soft pilotage 452.012.300_V2.21-20200701
1594815658:[MAIN  ,0010]cycle 2
1594815658:[SURF  ,0225]surface2
1594815684:[SURF  ,0022]GPS fix...
1594815705:[SURF  ,0015]10 PPS detected...
1594815706:[MRMAID,0052]Mermaid $GPSACK:+0,+0,+0,+0,+0,+0,+0;
1594815716:[MRMAID,0052]Mermaid $GPSOFF:3686352;
1594815717:[GPSFIX,0179]-1s diff
1594815718:[SURF  ,0222]2020-07-15T12:21:58
1594815718:[SURF  ,0082]Latitude : N43deg40.940mn, Longitude :E007deg19.179mn
1594815718:[SURF  ,0223]fix3D,11satellites
1594815718:[SURF  ,0084]GPS fix GPGSA : hdop0.610,vdop0.920
1594815728:[SURF  ,0025]Iridium...
1594815766:[SURF  ,0009]connected in 38s, signal quality 5
1594815839:[SURF  ,0218]prompt received, remote cmd end
1594815839:[SURF  ,0012]16 cmd(s) received
1594815861:[UPLOAD,0248]Upload data files...
1594816007:[UPLOAD,0231]"0070/5F0EF468.MER" uploaded at 152bytes/s
1594816097:[UPLOAD,0231]"0070/5F0EDC11.BIN" uploaded at 131bytes/s
1594816114:[MAIN  ,0013]2 file(s) uploaded
1594816149:[SURF  ,0014]disconnected after 421s
1594816154:[SURFIN,0020]filling external bladder
1594816162:[PUMP  ,0207]battery 15171mV,   18910uA (warmup), P   +140mbar
1594816162:[PUMP  ,0016]pump during 300000ms
1594816170:[PUMP  ,0212]battery 14722mV,  982466uA (steady state), P   +140mbar
1594816172:[SURFIN,0019]external bladder full
1594816172:[SURF  ,0227]1st complete transfer
1594816188:[SURF  ,0022]GPS fix...
1594816209:[SURF  ,0015]10 PPS detected...
1594816210:[MRMAID,0052]Mermaid $GPSACK:+0,+0,+0,+0,+0,+1,-999938;
1594816220:[MRMAID,0052]Mermaid $GPSOFF:3686351;
1594816220:[GPSFIX,0179]-1s diff
1594816221:[SURF  ,0222]2020-07-15T12:30:21
1594816221:[SURF  ,0082]Latitude : N43deg40.940mn, Longitude :E007deg19.179mn
1594816221:[SURF  ,0223]fix3D,10satellites
1594816221:[SURF  ,0084]GPS fix GPGSA : hdop0.640,vdop0.970
1594816238:[MAIN  ,0024]internal pressure 80227Pa
1594816239:[BYCMD ,0107]    FreeRTOS V8.2.3
1594816239:[BYCMD ,0108]    FatFS v11a
1594816239:[BYCMD ,0120]    bypass 10000ms 60000ms (20000ms 60000ms stored)
1594816239:[BYCMD ,0121]    valve 60000ms 60000 (60000ms 60000 stored)
1594816239:[BYCMD ,0122]    pump 60000ms 30% 10750 80% (60000ms 30% 10750 80% stored)
1594816239:[BYCMD ,0123]    rate 2mbar/s (2mbar/s stored)
1594816239:[BYCMD ,0124]    surface 500mbar (500mbar stored)
1594816239:[BYCMD ,0125]    near 1500mbar 3mbar/s (15000mbar 3mbar/s stored)
1594816239:[BYCMD ,0126]    far 2500mbar 4mbar/s (25000mbar 4mbar/s stored)
1594816239:[BYCMD ,0127]    ascent 8mbar/s (8mbar/s stored)
1594816239:[BYCMD ,0128]    dead 60s (300s stored)
1594816239:[BYCMD ,0129]    coeff 16/10 (16/10 stored)
1594816239:[BYCMD ,0130]    stab 10 (10 stored)
1594816239:[BYCMD ,0131]    delay 900s 3600s (900s 3600s stored)
1594816239:[BYCMD ,0132]    mmtime 2880min (2880min stored)
1594816239:[BYCMD ,0133]    dv_landing 100ml (100ml stored)
1594816239:[MKDCMD,0150]    p2t37: 15x2000ms, offset 137mbar
1594816239:[P2TCMD,0151]    p2t37: dp 50mbar, dt 5000mdegC
1594816240:[STAGE ,0080]Stage [0] 5000mbar (+/-500mbar) 1800s (<1800s) 
1594816240:[STAGE ,0080]Stage [1] 5000mbar (+/-500mbar) 1800s (<3600s) MERMAID
1594816240:[MAIN  ,0070]turn off bluetooth
1594816242:[PRESS ,0038]P     -7mbar,T+18921mdegC
1594816251:[PRESS ,0038]P     -7mbar,T -7938mdegC
1594816253:[PRESS ,0038]P     +3mbar,T-19758mdegC
1594816255:[PRESS ,0038]P    +13mbar,T+18921mdegC
1594816257:[PRESS ,0038]P    -17mbar,T -7938mdegC
1594816260:[PRESS ,0038]P     -7mbar,T+18921mdegC
1594816262:[PRESS ,0038]P     -7mbar,T-19758mdegC
1594816264:[PRESS ,0038]P     -7mbar,T+18921mdegC
1594816266:[PRESS ,0038]P     -7mbar,T -7938mdegC
1594816267:[DIVING,0141]diving from -7mbar, +0mbar/s
1594816268:[BYPASS,0035]bypass opening 60000ms
1594816273:[BYPASS,0104]battery 15052mV,  253516uA (bypass opening), P     -7mbar
1594816338:[BYPASS,0106]battery 15065mV,  295118uA (bypass closing), P     -7mbar
1594816339:[PRESS ,0038]P   -117mbar,T -7938mdegC
1594816341:[PRESS ,0038]P   -117mbar,T+18921mdegC
1594816345:[PRESS ,0038]P   -117mbar,T-19758mdegC
1594816348:[PRESS ,0038]P   -107mbar,T+18921mdegC
1594816354:[PRESS ,0038]P   -107mbar,T -7938mdegC
1594816355:[PRESS ,0038]P   -107mbar,T+18921mdegC
1594816359:[PRESS ,0038]P   -117mbar,T -7938mdegC
1594816361:[PRESS ,0038]P   -107mbar,T+18921mdegC
1594816364:[BYPASS,0035]bypass opening 10000ms
1594816369:[BYPASS,0104]battery 15097mV,  253882uA (bypass opening), P   -117mbar
1594816385:[BYPASS,0106]battery 15075mV,  293776uA (bypass closing), P   -117mbar
1594816392:[PRESS ,0038]P   -117mbar,T -7938mdegC
1594816393:[PRESS ,0038]P   -127mbar,T+18921mdegC
1594816399:[PRESS ,0038]P   -137mbar,T-19758mdegC
1594816401:[PRESS ,0038]P   -127mbar,T+18921mdegC
1594816411:[PRESS ,0038]P   -137mbar,T-19758mdegC
1594816411:[BYPASS,0035]bypass opening 10000ms
1594816416:[BYPASS,0104]battery 15107mV,  252418uA (bypass opening), P   -137mbar
1594816431:[BYPASS,0106]battery 15083mV,  293044uA (bypass closing), P   -137mbar
1594816433:[PRESS ,0038]P   -137mbar,T+18921mdegC
1594816435:[PRESS ,0038]P   -127mbar,T -7938mdegC
1594816437:[PRESS ,0038]P   -127mbar,T+18921mdegC
1594816439:[PRESS ,0038]P   -127mbar,T-19758mdegC
1594816440:[PRESS ,0038]P   -127mbar,T+18921mdegC
1594816451:[PRESS ,0038]P   -117mbar,T-19758mdegC
1594816453:[PRESS ,0038]P   -107mbar,T -7938mdegC
1594816455:[PRESS ,0038]P   -117mbar,T+18921mdegC
1594816458:[BYPASS,0035]bypass opening 10000ms
1594816463:[BYPASS,0104]battery 15113mV,  249490uA (bypass opening), P   -107mbar
1594816478:[BYPASS,0106]battery 15091mV,  292312uA (bypass closing), P   -107mbar
1594816480:[PRESS ,0038]P   -107mbar,T-19758mdegC
1594816482:[PRESS ,0038]P   -107mbar,T+18921mdegC
1594816484:[PRESS ,0038]P   -117mbar,T -7938mdegC
1594816486:[PRESS ,0038]P   -107mbar,T+18921mdegC
1594816487:[PRESS ,0038]P   -107mbar,T -7938mdegC
1594816489:[PRESS ,0038]P   -107mbar,T-19758mdegC
1594816491:[PRESS ,0038]P   -107mbar,T -7938mdegC
1594816493:[PRESS ,0038]P   -117mbar,T-19758mdegC
1594816495:[PRESS ,0038]P   -117mbar,T+18921mdegC
1594816505:[PRESS ,0038]P   -117mbar,T -7938mdegC
1594816505:[BYPASS,0035]bypass opening 10000ms
1594816510:[BYPASS,0104]battery 15118mV,  243634uA (bypass opening), P   -117mbar
1594816525:[BYPASS,0106]battery 15097mV,  291702uA (bypass closing), P   -117mbar
1594816527:[PRESS ,0038]P    -97mbar,T+18921mdegC
1594816529:[PRESS ,0038]P   -117mbar,T -7938mdegC
1594816531:[PRESS ,0038]P   -117mbar,T+18921mdegC
1594816538:[PRESS ,0038]P   -117mbar,T -7938mdegC
1594816541:[PRESS ,0038]P   -117mbar,T+18921mdegC
1594816543:[PRESS ,0038]P   -117mbar,T-19758mdegC
1594816547:[PRESS ,0038]P   -107mbar,T+18921mdegC
1594816549:[PRESS ,0038]P   -117mbar,T-19758mdegC
1594816550:[PRESS ,0038]P   -107mbar,T -7938mdegC
1594816552:[PRESS ,0038]P   -117mbar,T+18921mdegC
1594816552:[BYPASS,0035]bypass opening 10000ms
1594816557:[BYPASS,0104]battery 15125mV,  243878uA (bypass opening), P   -117mbar
1594816572:[BYPASS,0106]battery 15103mV,  291214uA (bypass closing), P   -117mbar
1594816588:[PRESS ,0038]P    -97mbar,T -7938mdegC
1594816590:[PRESS ,0038]P   -107mbar,T+18921mdegC
1594816592:[PRESS ,0038]P   -107mbar,T-19758mdegC
1594816594:[PRESS ,0038]P   -107mbar,T +7099mdegC
1594816596:[PRESS ,0038]P   -107mbar,T+18921mdegC
1594816599:[BYPASS,0035]bypass opening 10000ms
1594816604:[BYPASS,0104]battery 15128mV,  247172uA (bypass opening), P    -87mbar
1594816619:[BYPASS,0106]battery 15107mV,  290604uA (bypass closing), P    -87mbar
1594816621:[PRESS ,0038]P    -97mbar,T-19758mdegC
1594816630:[PRESS ,0038]P    -87mbar,T+18921mdegC
1594816635:[PRESS ,0038]P    -87mbar,T-19758mdegC
1594816637:[PRESS ,0038]P    -87mbar,T+18921mdegC
1594816639:[PRESS ,0038]P    -87mbar,T -7938mdegC
1594816641:[PRESS ,0038]P    -87mbar,T-19758mdegC
1594816646:[PRESS ,0038]P    -77mbar,T+18921mdegC
1594816646:[BYPASS,0035]bypass opening 10000ms
1594816651:[BYPASS,0104]battery 15131mV,  247416uA (bypass opening), P    -77mbar
1594816666:[BYPASS,0106]battery 15112mV,  290116uA (bypass closing), P    -77mbar
1594816670:[PRESS ,0038]P    -17mbar,T+18921mdegC
1594816672:[PRESS ,0038]P     -7mbar,T +7099mdegC
1594816673:[PRESS ,0038]P    +13mbar,T-19758mdegC
1594816675:[PRESS ,0038]P    +13mbar,T+18921mdegC
1594816681:[PRESS ,0038]P    +53mbar,T-19758mdegC
1594816682:[PRESS ,0038]P    +63mbar,T+18921mdegC
1594816684:[PRESS ,0038]P    +63mbar,T-19758mdegC
1594816688:[PRESS ,0038]P    +93mbar,T+18921mdegC
1594816693:[PRESS ,0038]P   +133mbar,T -7938mdegC
1594816696:[PRESS ,0038]P   +143mbar,T-19758mdegC
1594816699:[PRESS ,0038]P   +163mbar,T +7099mdegC
1594816702:[PRESS ,0038]P   +183mbar,T+18921mdegC
1594816707:[PRESS ,0038]P   +223mbar,T-19758mdegC
1594816715:[PRESS ,0038]P   +283mbar,T-19758mdegC
1594816727:[PRESS ,0038]P   +353mbar,T +7099mdegC
1594816729:[PRESS ,0038]P   +363mbar,T-19758mdegC
1594816732:[PRESS ,0038]P   +393mbar,T+18921mdegC
1594816735:[PRESS ,0038]P   +393mbar,T-19758mdegC
1594816738:[PRESS ,0038]P   +423mbar,T+18921mdegC
1594816743:[PRESS ,0038]P   +453mbar,T-19758mdegC
1594816753:[PRESS ,0038]P   +523mbar,T-19758mdegC
1594816753:[DIVING,0028]523mbar reached (+6mbar/s), 8 bypass done
1594816754:[MAIN  ,0056]stage[0]
1594816756:[MAIN  ,0024]internal pressure 83262Pa
1594816757:[PRESS ,0038]P   +543mbar,T+18921mdegC
1594816757:[BUOY  ,0037]P   +543mbar
1594816757:[STAGE ,0080]Stage [0] 5000mbar (+/-500mbar) 1800s (<1594818553s) 
1594816759:[PRESS ,0038]P   +563mbar,T-19758mdegC
1594816820:[PRESS ,0038]P   +973mbar,T+18921mdegC
1594816821:[PRESS ,0038]P   +973mbar,T -7938mdegC
1594816823:[PRESS ,0038]P   +983mbar,T+18921mdegC
1594816825:[PRESS ,0038]P   +993mbar,T-19758mdegC
1594816829:[PRESS ,0038]P  +1013mbar,T +7099mdegC
1594816830:[PRESS ,0038]P  +1023mbar,T -7938mdegC
1594816832:[PRESS ,0038]P  +1033mbar,T-19758mdegC
1594816836:[PRESS ,0038]P  +1063mbar,T+18921mdegC
1594816839:[PRESS ,0038]P  +1083mbar,T-19758mdegC
1594816905:[PRESS ,0038]P  +1513mbar,T-19758mdegC
1594816909:[PRESS ,0038]P  +1543mbar,T +7099mdegC
1594816911:[PRESS ,0038]P  +1553mbar,T-19758mdegC
1594816914:[PRESS ,0038]P  +1573mbar,T+18921mdegC
1594816916:[PRESS ,0038]P  +1573mbar,T-19758mdegC
1594816918:[PRESS ,0038]P  +1593mbar,T +7099mdegC
1594816920:[PRESS ,0038]P  +1603mbar,T-19758mdegC
1594816922:[PRESS ,0038]P  +1633mbar,T+18921mdegC
1594816923:[PRESS ,0038]P  +1623mbar,T +7099mdegC
1594816925:[PRESS ,0038]P  +1643mbar,T-19758mdegC
1594816929:[PRESS ,0038]P  +1663mbar,T+18921mdegC
1594816991:[PRESS ,0038]P  +1953mbar,T-19758mdegC
1594816996:[PRESS ,0038]P  +1983mbar,T+18921mdegC
1594817000:[PRESS ,0038]P  +1983mbar,T-19758mdegC
1594817002:[PRESS ,0038]P  +1993mbar,T+18921mdegC
1594817004:[PRESS ,0038]P  +2003mbar,T-19758mdegC
1594817007:[PRESS ,0038]P  +2003mbar,T+18921mdegC
1594817009:[PRESS ,0038]P  +2013mbar,T-19758mdegC
1594817016:[PRESS ,0038]P  +2033mbar,T -7938mdegC
1594817077:[PRESS ,0038]P  +2253mbar,T-19758mdegC
1594817079:[PRESS ,0038]P  +2263mbar,T+18921mdegC
1594817080:[PRESS ,0038]P  +2283mbar,T-19758mdegC
1594817084:[PRESS ,0038]P  +2283mbar,T+18921mdegC
1594817086:[PRESS ,0038]P  +2293mbar,T-19758mdegC
1594817088:[PRESS ,0038]P  +2303mbar,T+18921mdegC
1594817089:[PRESS ,0038]P  +2303mbar,T-19758mdegC
1594817091:[PRESS ,0038]P  +2313mbar,T+18921mdegC
1594817093:[PRESS ,0038]P  +2313mbar,T-19758mdegC
1594817100:[PRESS ,0038]P  +2343mbar,T+18921mdegC
1594817102:[PRESS ,0038]P  +2343mbar,T-19758mdegC
1594817163:[PRESS ,0038]P  +2513mbar,T-19758mdegC
1594817164:[PRESS ,0038]P  +2523mbar,T -7938mdegC
1594817166:[PRESS ,0038]P  +2533mbar,T+18921mdegC
1594817168:[PRESS ,0038]P  +2543mbar,T-19758mdegC
1594817170:[PRESS ,0038]P  +2543mbar,T -7938mdegC
1594817172:[PRESS ,0038]P  +2553mbar,T+18921mdegC
1594817177:[PRESS ,0038]P  +2583mbar,T-19758mdegC
1594817182:[PRESS ,0038]P  +2603mbar,T+18921mdegC
1594817184:[PRESS ,0038]P  +2613mbar,T-19758mdegC
1594817188:[BUOY  ,0087]from +5mbar/s to +3mbar/s
1594817188:[BUOY  ,0089]need to transfer +26mL (pump during 31397ms)
1594817196:[PUMP  ,0207]battery 15417mV,   19398uA (warmup), P  +2643mbar
1594817196:[PUMP  ,0016]pump during 31397ms
1594817227:[PUMP  ,0212]battery 15202mV,  320738uA (steady state), P  +2643mbar
1594817252:[PRESS ,0038]P  +2723mbar,T +7099mdegC
1594817254:[PRESS ,0038]P  +2713mbar,T+18921mdegC
1594817257:[PRESS ,0038]P  +2713mbar,T-19758mdegC
1594817261:[PRESS ,0038]P  +2723mbar,T+18921mdegC
1594817263:[PRESS ,0038]P  +2723mbar,T-19758mdegC
1594817266:[PRESS ,0038]P  +2723mbar,T -7938mdegC
1594817268:[PRESS ,0038]P  +2723mbar,T-19758mdegC
1594817270:[PRESS ,0038]P  +2723mbar,T+18921mdegC
1594817277:[PRESS ,0038]P  +2743mbar,T-19758mdegC
1594817277:[BUOY  ,0087]from +1mbar/s to +3mbar/s
1594817277:[BUOY  ,0090]need to transfer -12mL (valve during 2942ms)
1594817277:[VALVE ,0034]valve opening 2942ms
1594817280:[VALVE ,0234]battery 15095mV,  479948uA, P  +2743mbar
1594817338:[PRESS ,0038]P  +2813mbar,T-19758mdegC
1594817345:[PRESS ,0038]P  +2823mbar,T+18921mdegC
1594817347:[PRESS ,0038]P  +2813mbar,T-19758mdegC
1594817348:[PRESS ,0038]P  +2813mbar,T+18921mdegC
1594817350:[PRESS ,0038]P  +2813mbar,T-19758mdegC
1594817352:[PRESS ,0038]P  +2813mbar,T+18921mdegC
1594817354:[PRESS ,0038]P  +2823mbar,T -7938mdegC
1594817356:[PRESS ,0038]P  +2823mbar,T+18921mdegC
1594817357:[PRESS ,0038]P  +2823mbar,T +7099mdegC
1594817359:[PRESS ,0038]P  +2833mbar,T-19758mdegC
1594817363:[PRESS ,0038]P  +2823mbar,T +7099mdegC
1594817363:<WARN>[BUOY  ,0094]stage[0] should DESCENT, stuck at 2823mbar for the #1 time
1594817363:[BUOY  ,0087]from +0mbar/s to +3mbar/s
1594817363:[BUOY  ,0090]need to transfer -14mL (valve during 3368ms)
1594817363:[VALVE ,0034]valve opening 3368ms
1594817366:[VALVE ,0234]battery 15106mV,  478972uA, P  +2823mbar
1594817424:[PRESS ,0038]P  +2893mbar,T-19758mdegC
1594817426:[PRESS ,0038]P  +2883mbar,T+18921mdegC
1594817427:[PRESS ,0038]P  +2883mbar,T -7938mdegC
1594817429:[PRESS ,0038]P  +2893mbar,T+18921mdegC
1594817442:[PRESS ,0038]P  +2913mbar,T-19758mdegC
1594817445:[PRESS ,0038]P  +2913mbar,T+18921mdegC
1594817449:[BUOY  ,0087]from +1mbar/s to +3mbar/s
1594817449:[BUOY  ,0090]need to transfer -12mL (valve during 2887ms)
1594817449:[VALVE ,0034]valve opening 2887ms
1594817452:[VALVE ,0234]battery 15115mV,  478362uA, P  +2913mbar
1594817509:[PRESS ,0038]P  +3043mbar,T+18921mdegC
1594817515:[PRESS ,0038]P  +3053mbar,T -7938mdegC
1594817517:[PRESS ,0038]P  +3053mbar,T+18921mdegC
1594817526:[PRESS ,0038]P  +3073mbar,T -7938mdegC
1594817527:[PRESS ,0038]P  +3073mbar,T+30738mdegC
1594817529:[PRESS ,0038]P  +3073mbar,T+18921mdegC
1594817531:[PRESS ,0038]P  +3083mbar,T-19758mdegC
1594817533:[PRESS ,0038]P  +3093mbar,T+18921mdegC
1594817535:[PRESS ,0038]P  +3083mbar,T -7938mdegC
1594817595:[PRESS ,0038]P  +3243mbar,T+18921mdegC
1594817597:[PRESS ,0038]P  +3253mbar,T -7938mdegC
1594817599:[PRESS ,0038]P  +3253mbar,T+18921mdegC
1594817606:[PRESS ,0038]P  +3283mbar,T -7938mdegC
1594817608:[PRESS ,0038]P  +3293mbar,T+18921mdegC
1594817615:[PRESS ,0038]P  +3313mbar,T -7938mdegC
1594817618:[PRESS ,0038]P  +3323mbar,T+18921mdegC
1594817620:[PRESS ,0038]P  +3333mbar,T -7938mdegC
1594817681:[PRESS ,0038]P  +3593mbar,T -7938mdegC
1594817683:[PRESS ,0038]P  +3593mbar,T+18921mdegC
1594817685:[PRESS ,0038]P  +3603mbar,T -7938mdegC
1594817686:[PRESS ,0038]P  +3613mbar,T+30738mdegC
1594817688:[PRESS ,0038]P  +3613mbar,T -7938mdegC
1594817690:[PRESS ,0038]P  +3623mbar,T+18921mdegC
1594817692:[PRESS ,0038]P  +3633mbar,T -7938mdegC
1594817697:[PRESS ,0038]P  +3643mbar,T+18921mdegC
1594817699:[PRESS ,0038]P  +3653mbar,T -7938mdegC
1594817701:[PRESS ,0038]P  +3663mbar,T-19758mdegC
1594817703:[PRESS ,0038]P  +3683mbar,T+30738mdegC
1594817704:[PRESS ,0038]P  +3673mbar,T -7938mdegC
1594817706:[PRESS ,0038]P  +3673mbar,T+18921mdegC
1594817706:[BUOY  ,0087]from +4mbar/s to +2mbar/s
1594817706:[BUOY  ,0089]need to transfer +20mL (pump during 24084ms)
1594817714:[PUMP  ,0207]battery 15430mV,   19276uA (warmup), P  +3673mbar
1594817714:[PUMP  ,0016]pump during 24084ms
1594817738:[PUMP  ,0212]battery 15210mV,  331840uA (steady state), P  +3673mbar
1594817770:[PRESS ,0038]P  +3853mbar,T -7938mdegC
1594817784:[PRESS ,0038]P  +3873mbar,T+30738mdegC
1594817786:[PRESS ,0038]P  +3863mbar,T -7938mdegC
1594817790:[PRESS ,0038]P  +3883mbar,T+30738mdegC
1594817792:[PRESS ,0038]P  +3883mbar,T -7938mdegC
1594817856:[PRESS ,0038]P  +4013mbar,T -7938mdegC
1594817859:[PRESS ,0038]P  +4023mbar,T+30738mdegC
1594817865:[PRESS ,0038]P  +4023mbar,T -7938mdegC
1594817868:[PRESS ,0038]P  +4033mbar,T+30738mdegC
1594817874:[PRESS ,0038]P  +4043mbar,T -7938mdegC
1594817875:[PRESS ,0038]P  +4043mbar,T+30738mdegC
1594817877:[PRESS ,0038]P  +4053mbar,T -7938mdegC
1594817879:[PRESS ,0038]P  +4063mbar,T+30738mdegC
1594817941:[PRESS ,0038]P  +4183mbar,T +3877mdegC
1594817943:[PRESS ,0038]P  +4193mbar,T+30738mdegC
1594817949:[PRESS ,0038]P  +4203mbar,T -7938mdegC
1594817952:[PRESS ,0038]P  +4203mbar,T-22986mdegC
1594817954:[PRESS ,0038]P  +4213mbar,T +3877mdegC
1594817959:[PRESS ,0038]P  +4223mbar,T+30738mdegC
1594817961:[PRESS ,0038]P  +4223mbar,T +3877mdegC
1594817963:[PRESS ,0038]P  +4223mbar,T+30738mdegC
1594817965:[PRESS ,0038]P  +4233mbar,T +3877mdegC
1594817967:[PRESS ,0038]P  +4243mbar,T -7938mdegC
1594818027:[PRESS ,0038]P  +4343mbar,T +3877mdegC
1594818029:[PRESS ,0038]P  +4343mbar,T+30738mdegC
1594818038:[PRESS ,0038]P  +4373mbar,T +3877mdegC
1594818040:[PRESS ,0038]P  +4363mbar,T+30738mdegC
1594818042:[PRESS ,0038]P  +4373mbar,T +3877mdegC
1594818043:[PRESS ,0038]P  +4373mbar,T+30738mdegC
1594818047:[PRESS ,0038]P  +4383mbar,T +3877mdegC
1594818113:[PRESS ,0038]P  +4493mbar,T +3877mdegC
1594818115:[PRESS ,0038]P  +4503mbar,T+30738mdegC
1594818120:[PRESS ,0038]P  +4493mbar,T +3877mdegC
1594818124:[PRESS ,0038]P  +4503mbar,T+30738mdegC
1594818125:[PRESS ,0038]P  +4493mbar,T +3877mdegC
1594818127:[PRESS ,0038]P  +4513mbar,T+30738mdegC
1594818129:[PRESS ,0038]P  +4513mbar,T +3877mdegC
1594818131:[PRESS ,0038]P  +4503mbar,T+30738mdegC
1594818134:[PRESS ,0038]P  +4513mbar,T +3877mdegC
1594818138:[PRESS ,0038]P  +4523mbar,T+30738mdegC
1594818138:[STAGE ,0213]4523mbar reached at 1594818138s, ref 5000mbar +/-500mbar
1594818199:[PRESS ,0038]P  +4623mbar,T +3877mdegC
1594818259:[PRESS ,0038]P  +4713mbar,T-22986mdegC
1594818320:[PRESS ,0038]P  +4823mbar,T +3877mdegC
1594818381:[PRESS ,0038]P  +4913mbar,T-22986mdegC
1594818441:[PRESS ,0038]P  +5033mbar,T-22986mdegC
1594818441:[BUOY  ,0087]from +2mbar/s to +0mbar/s
1594818441:[BUOY  ,0089]need to transfer +6mL (pump during 7208ms)
1594818450:[PUMP  ,0207]battery 15466mV,   19276uA (warmup), P  +5033mbar
1594818450:[PUMP  ,0016]pump during 7208ms
1594818457:[PUMP  ,0212]battery 15240mV,  335500uA (steady state), P  +5033mbar
1594818505:[PRESS ,0038]P  +5143mbar,T-22986mdegC
1594818509:[PRESS ,0038]P  +5153mbar,T+15686mdegC
1594818516:[PRESS ,0038]P  +5153mbar,T-22986mdegC
1594818518:[PRESS ,0038]P  +5173mbar,T+15686mdegC
1594818522:[PRESS ,0038]P  +5163mbar,T-11178mdegC
1594818523:[PRESS ,0038]P  +5163mbar,T+15686mdegC
1594818529:[PRESS ,0038]P  +5183mbar,T-22986mdegC
1594818530:[PRESS ,0038]P  +5183mbar,T+15686mdegC
1594818530:[BUOY  ,0087]from +1mbar/s to +0mbar/s
1594818531:[BUOY  ,0089]need to transfer +2mL (pump during 2403ms)
1594818539:[PUMP  ,0207]battery 15458mV,   19154uA (warmup), P  +5183mbar
1594818539:[PUMP  ,0016]pump during 2403ms
1594818594:[PRESS ,0038]P  +5283mbar,T+15686mdegC
1594818598:[PRESS ,0038]P  +5293mbar,T-22986mdegC
1594818600:[PRESS ,0038]P  +5293mbar,T+15686mdegC
1594818602:[PRESS ,0038]P  +5313mbar,T-22986mdegC
1594818603:[PRESS ,0038]P  +5303mbar,T+15686mdegC
1594818605:[PRESS ,0038]P  +5303mbar,T-22986mdegC
1594818611:[PRESS ,0038]P  +5313mbar,T+15686mdegC
1594818616:[PRESS ,0038]P  +5323mbar,T-22986mdegC
1594818619:[PRESS ,0038]P  +5323mbar,T+15686mdegC
1594818620:[MAIN  ,0140]stage[0] complete 1867s after mission start
1594818620:[MAIN  ,0056]stage[1]
1594818622:[MAIN  ,0024]internal pressure 82137Pa
1594818623:[MRMAID,0002]acq started
1594818633:[PRESS ,0038]P  +5353mbar,T-22986mdegC
1594818633:[BUOY  ,0037]P  +5353mbar
1594818633:[STAGE ,0080]Stage [1] 5000mbar (+/-500mbar) 1800s (<1594820353s) MERMAID
1594818635:[STAGE ,0213]5343mbar reached at 1594818635s, ref 5000mbar +/-500mbar
1594818635:[BUOY  ,0087]from +1mbar/s to +0mbar/s
1594818635:[BUOY  ,0089]need to transfer +2mL (pump during 2398ms)
1594818644:[PUMP  ,0207]battery 15460mV,   19276uA (warmup), P  +5343mbar
1594818644:[PUMP  ,0016]pump during 2398ms
1594818659:[MRMAID,0184]acq already started
1594818676:[MRMAID,0059]stop canceled
1594818709:[PRESS ,0038]P  +5473mbar,T+15686mdegC
1594818711:[PRESS ,0038]P  +5463mbar,T-22986mdegC
1594818713:[PRESS ,0038]P  +5473mbar,T+15686mdegC
1594818715:[PRESS ,0038]P  +5483mbar,T-22986mdegC
1594818717:[PRESS ,0038]P  +5483mbar,T+15686mdegC
1594818727:[PRESS ,0038]P  +5493mbar,T-22986mdegC
1594818729:[PRESS ,0038]P  +5513mbar,T+15686mdegC
1594818734:[PRESS ,0038]P  +5513mbar,T-11178mdegC
1594818734:<WARN>[BUOY  ,0094]stage[1] should ASCENT, stuck at 5513mbar for the #1 time
1594818734:[BUOY  ,0087]from +2mbar/s to -2mbar/s
1594818735:[BUOY  ,0089]need to transfer +12mL (pump during 14388ms)
1594818735:[MRMAID,0003]acq stopped
1594818743:[PUMP  ,0207]battery 15462mV,   19032uA (warmup), P  +5513mbar
1594818743:[PUMP  ,0016]pump during 14388ms
1594818757:[PUMP  ,0212]battery 15231mV,  342210uA (steady state), P  +5513mbar
1594818761:[MRMAID,0002]acq started
1594818808:[PRESS ,0038]P  +5553mbar,T+15686mdegC
1594818810:[PRESS ,0038]P  +5543mbar,T-22986mdegC
1594818812:[PRESS ,0038]P  +5543mbar,T-11178mdegC
1594818814:[PRESS ,0038]P  +5563mbar,T+15686mdegC
1594818816:[PRESS ,0038]P  +5543mbar,T-11178mdegC
1594818817:[PRESS ,0038]P  +5553mbar,T+15686mdegC
1594818825:[PRESS ,0038]P  +5533mbar,T-11178mdegC
1594818826:[PRESS ,0038]P  +5533mbar,T+15686mdegC
1594818828:[PRESS ,0038]P  +5533mbar,T-22986mdegC
1594818830:[PRESS ,0038]P  +5533mbar,T+15686mdegC
1594818834:[PRESS ,0038]P  +5523mbar,T-11178mdegC
1594818894:[PRESS ,0038]P  +5483mbar,T+15686mdegC
1594818898:[PRESS ,0038]P  +5463mbar,T-11178mdegC
1594818900:[PRESS ,0038]P  +5473mbar,T+15686mdegC
1594818901:[PRESS ,0038]P  +5463mbar,T-11178mdegC
1594818903:[PRESS ,0038]P  +5463mbar,T+15686mdegC
1594818909:[PRESS ,0038]P  +5453mbar,T-22986mdegC
1594818910:[PRESS ,0038]P  +5453mbar,T+15686mdegC
1594818914:[MRMAID,0027]55dbar, 16degC
1594818914:[PRESS ,0038]P  +5443mbar,T-11178mdegC
1594818916:[PRESS ,0038]P  +5443mbar,T+15686mdegC
1594818919:[PRESS ,0038]P  +5433mbar,T-11178mdegC
1594818980:[PRESS ,0038]P  +5333mbar,T+15686mdegC
1594819041:[PRESS ,0038]P  +5213mbar,T+15686mdegC
1594819101:[PRESS ,0038]P  +5113mbar,T-11178mdegC
1594819162:[PRESS ,0038]P  +5023mbar,T-11178mdegC
1594819223:[PRESS ,0038]P  +4963mbar,T-11178mdegC
1594819223:[BUOY  ,0087]from -2mbar/s to +0mbar/s
1594819223:[BUOY  ,0090]need to transfer -6mL (valve during 1093ms)
1594819223:[VALVE ,0034]valve opening 1093ms
1594819225:[VALVE ,0234]battery 15167mV,  485316uA, P  +4963mbar
1594819235:[MRMAID,0184]acq already started
1594819294:[PRESS ,0038]P  +4973mbar,T+15686mdegC
1594819298:[PRESS ,0038]P  +4973mbar,T-11178mdegC
1594819300:[PRESS ,0038]P  +4963mbar,T+15686mdegC
1594819305:[PRESS ,0038]P  +4973mbar,T-11178mdegC
1594819315:[PRESS ,0038]P  +4973mbar,T+15686mdegC
1594819319:[PRESS ,0038]P  +4983mbar,T-11178mdegC
1594819440:[PRESS ,0038]P  +5063mbar,T+27491mdegC
1594819440:[BUOY  ,0087]from +1mbar/s to +0mbar/s
1594819440:[BUOY  ,0089]need to transfer +2mL (pump during 2397ms)
1594819449:[PUMP  ,0207]battery 15476mV,   19642uA (warmup), P  +5063mbar
1594819449:[PUMP  ,0016]pump during 2397ms
1594819464:[MRMAID,0184]acq already started
1594819517:[PRESS ,0038]P  +5103mbar,T-11178mdegC
1594819518:[PRESS ,0038]P  +5103mbar,T+27491mdegC
1594819520:[PRESS ,0038]P  +5103mbar,T-11178mdegC
1594819522:[PRESS ,0038]P  +5113mbar,T+27491mdegC
1594819524:[PRESS ,0038]P  +5113mbar,T+15686mdegC
1594819526:[PRESS ,0038]P  +5103mbar,T-11178mdegC
1594819527:[PRESS ,0038]P  +5103mbar,T+27491mdegC
1594819529:[PRESS ,0038]P  +5113mbar,T-11178mdegC
1594819533:[PRESS ,0038]P  +5103mbar,T+27491mdegC
1594819536:[PRESS ,0038]P  +5113mbar,T-11178mdegC
1594819540:[PRESS ,0038]P  +5123mbar,T+27491mdegC
1594819601:[PRESS ,0038]P  +5143mbar,T-11178mdegC
1594819661:[PRESS ,0038]P  +5143mbar,T  +624mdegC
1594819722:[PRESS ,0038]P  +5113mbar,T-11178mdegC
1594819783:[PRESS ,0038]P  +5103mbar,T  +624mdegC
1594819843:[PRESS ,0038]P  +5133mbar,T+27491mdegC
1594819904:[PRESS ,0038]P  +5143mbar,T-11178mdegC
1594819965:[PRESS ,0038]P  +5163mbar,T  +624mdegC
1594820015:[MRMAID,0059]stop canceled
1594820025:[PRESS ,0038]P  +5143mbar,T+27491mdegC
1594820030:[MRMAID,0005]ascent request rejected
1594820086:[PRESS ,0038]P  +5163mbar,T  +624mdegC
1594820115:[MRMAID,0027]52dbar, 1degC
1594820268:[PRESS ,0038]P  +5243mbar,T+27491mdegC
1594820329:[PRESS ,0038]P  +5313mbar,T+27491mdegC
1594820389:[MAIN  ,0140]stage[1] complete 3636s after mission start
1594820993:<ERR>[MRMAID,0008]acq not stopped
1594821217:[MRMAID,0003]acq stopped
1594821217:[MRMAID,0052]Mermaid $MEASFS,96159,2403.127716,40.014103;
1594821232:[MRMAID,0005]ascent request rejected
1594821235:[MSSION,0192]mission stopped, 2 stage(s) done
1594821235:[MAIN  ,0065]surfacing
1594821237:[PRESS ,0038]P  +5933mbar,T  +624mdegC
1594821237:[SURFIN,0036]P  +5933mbar
1594821245:[PUMP  ,0207]battery 15501mV,   19398uA (warmup), P  +5933mbar
1594821245:[PUMP  ,0016]pump during 60000ms
1594821304:[PUMP  ,0212]battery 15251mV,  347700uA (steady state), P  +5933mbar
1594821361:[PRESS ,0038]P  +5643mbar,T  +624mdegC
1594821365:[PRESS ,0038]P  +5643mbar,T-26245mdegC
1594821367:[PRESS ,0038]P  +5613mbar,T  +624mdegC
1594821379:[PRESS ,0038]P  +5563mbar,T-26245mdegC
1594821383:[PRESS ,0038]P  +5543mbar,T  +624mdegC
1594821386:[PRESS ,0038]P  +5533mbar,T-26245mdegC
1594821395:[PUMP  ,0207]battery 15406mV,   19276uA (warmup), P  +5533mbar
1594821395:[PUMP  ,0016]pump during 60000ms
1594821454:[PUMP  ,0212]battery 15165mV,  347944uA (steady state), P  +5533mbar
1594821511:[PRESS ,0038]P  +4843mbar,T  +624mdegC
1594821518:[PRESS ,0038]P  +4793mbar,T-26245mdegC
1594821520:[PRESS ,0038]P  +4783mbar,T  +624mdegC
1594821522:[PRESS ,0038]P  +4773mbar,T-26245mdegC
1594821529:[PRESS ,0038]P  +4733mbar,T  +624mdegC
1594821531:[PRESS ,0038]P  +4733mbar,T-26245mdegC
1594821544:[PUMP  ,0207]battery 15340mV,   19398uA (warmup), P  +4703mbar
1594821544:[PUMP  ,0016]pump during 60000ms
1594821603:[PUMP  ,0212]battery 15106mV,  336598uA (steady state), P  +4703mbar
1594821661:[PRESS ,0038]P  +3933mbar,T-26245mdegC
1594821663:[PRESS ,0038]P  +3913mbar,T  +624mdegC
1594821668:[PRESS ,0038]P  +3883mbar,T+27491mdegC
1594821670:[PRESS ,0038]P  +3873mbar,T-26245mdegC
1594821672:[PRESS ,0038]P  +3863mbar,T  +624mdegC
1594821674:[PRESS ,0038]P  +3853mbar,T-26245mdegC
1594821675:[PRESS ,0038]P  +3833mbar,T  +624mdegC
1594821679:[PRESS ,0038]P  +3793mbar,T+27491mdegC
1594821681:[PRESS ,0038]P  +3783mbar,T  +624mdegC
1594821684:[PRESS ,0038]P  +3763mbar,T-26245mdegC
1594821694:[PUMP  ,0207]battery 15295mV,   19398uA (warmup), P  +3753mbar
1594821694:[PUMP  ,0016]pump during 60000ms
1594821753:[PUMP  ,0212]battery 15063mV,  336354uA (steady state), P  +3753mbar
1594821811:[PRESS ,0038]P  +2863mbar,T  +624mdegC
1594821813:[PRESS ,0038]P  +2853mbar,T-26245mdegC
1594821815:[PRESS ,0038]P  +2833mbar,T  +624mdegC
1594821818:[PRESS ,0038]P  +2813mbar,T-26245mdegC
1594821820:[PRESS ,0038]P  +2793mbar,T  +624mdegC
1594821824:[PRESS ,0038]P  +2783mbar,T-26245mdegC
1594821825:[PRESS ,0038]P  +2763mbar,T  +624mdegC
1594821829:[PRESS ,0038]P  +2743mbar,T-26245mdegC
1594821833:[PRESS ,0038]P  +2723mbar,T+12421mdegC
1594821834:[PRESS ,0038]P  +2703mbar,T-26245mdegC
1594821844:[PUMP  ,0207]battery 15267mV,   19398uA (warmup), P  +2693mbar
1594821844:[PUMP  ,0016]pump during 60000ms
1594821903:[PUMP  ,0212]battery 15040mV,  328790uA (steady state), P  +2693mbar
1594821961:[PRESS ,0038]P  +2033mbar,T  +624mdegC
1594821965:[PRESS ,0038]P  +2013mbar,T+27491mdegC
1594821966:[PRESS ,0038]P  +2013mbar,T  +624mdegC
1594821968:[PRESS ,0038]P  +2003mbar,T-26245mdegC
1594821972:[PRESS ,0038]P  +1963mbar,T  +624mdegC
1594821973:[PRESS ,0038]P  +1953mbar,T-26245mdegC
1594821975:[PRESS ,0038]P  +1943mbar,T  +624mdegC
1594821977:[PRESS ,0038]P  +1923mbar,T-26245mdegC
1594821979:[PRESS ,0038]P  +1923mbar,T+12421mdegC
1594821982:[PRESS ,0038]P  +1893mbar,T-26245mdegC
1594821994:[PUMP  ,0207]battery 15251mV,   19398uA (warmup), P  +1863mbar
1594821994:[PUMP  ,0016]pump during 60000ms
1594822053:[PUMP  ,0212]battery 15025mV,  324276uA (steady state), P  +1863mbar
1594822111:[PRESS ,0038]P  +1053mbar,T+27491mdegC
1594822113:[PRESS ,0038]P  +1043mbar,T  +624mdegC
1594822116:[PRESS ,0038]P  +1013mbar,T+27491mdegC
1594822118:[PRESS ,0038]P  +1013mbar,T  +624mdegC
1594822123:[PRESS ,0038]P   +983mbar,T-26245mdegC
1594822125:[PRESS ,0038]P   +963mbar,T  +624mdegC
1594822127:[PRESS ,0038]P   +953mbar,T-26245mdegC
1594822129:[PRESS ,0038]P   +963mbar,T  +624mdegC
1594822132:[PRESS ,0038]P   +943mbar,T-26245mdegC
1594822144:[PUMP  ,0207]battery 15242mV,   19520uA (warmup), P   +913mbar
1594822144:[PUMP  ,0016]pump during 60000ms
1594822203:[PUMP  ,0212]battery 15020mV,  316712uA (steady state), P   +913mbar
1594822261:[PRESS ,0038]P     +3mbar,T+27491mdegC
1594822263:[PRESS ,0038]P    -17mbar,T  +624mdegC
1594822268:[PRESS ,0038]P    -57mbar,T-11178mdegC
1594822270:[PRESS ,0038]P    -77mbar,T  +624mdegC
1594822275:[PRESS ,0038]P   -117mbar,T+27491mdegC
1594822277:[PRESS ,0038]P   -127mbar,T  +624mdegC
1594822282:[PRESS ,0038]P   -137mbar,T+27491mdegC
1594822286:[PRESS ,0038]P   -107mbar,T  +624mdegC
1594822289:[PRESS ,0038]P    -97mbar,T-26245mdegC
1594822289:[SURFIN,0020]filling external bladder
1594822298:[PUMP  ,0207]battery 15240mV,   19398uA (warmup), P    -97mbar
1594822298:[PUMP  ,0016]pump during 300000ms
1594822596:[PUMP  ,0212]battery 14717mV, 1038098uA (steady state), P    -97mbar
1594822607:[PUMP  ,0207]battery 14781mV,   19276uA (warmup), P    -97mbar
1594822607:[PUMP  ,0016]pump during 300000ms
1594822619:[PUMP  ,0212]battery 14415mV, 1011868uA (steady state), P    -97mbar
1594822621:[SURFIN,0019]external bladder full
1594822623:[PRESS ,0038]P   +130mbar,T-22986mdegC
1594822625:[PRESS ,0038]P   +130mbar,T+15686mdegC
1594822627:[PRESS ,0038]P   +130mbar,T-11178mdegC
1594822629:[PRESS ,0038]P   +120mbar,T+15686mdegC
1594822630:[PRESS ,0038]P   +130mbar,T-22986mdegC
1594822632:[PRESS ,0038]P   +130mbar,T+15686mdegC
1594822643:[PRESS ,0038]P   +130mbar,T-11178mdegC
1594822645:[PRESS ,0038]P   +140mbar,T+15686mdegC
1594822646:[PRESS ,0038]P   +140mbar,T-22986mdegC
1594822683:[MAIN  ,0272]Vbat 15018mV (min 14970mV)
1594822685:[MAIN  ,0024]internal pressure 79604Pa
1594822685:[MAIN  ,0043]Pext 133mbar (rng 30mbar)
1594822685:[MAIN  ,0064]surface
1594822700:[SURF  ,0022]GPS fix...
1594822720:[SURF  ,0015]10 PPS detected...
1594822721:[MRMAID,0052]Mermaid $GPSACK:+0,+0,+0,+0,+0,+0,-1373;
1594822731:[MRMAID,0052]Mermaid $GPSOFF:3686352;
1594822732:[GPSFIX,0179]-1s diff
1594822733:[SURF  ,0222]2020-07-15T14:18:53
1594822733:[SURF  ,0082]Latitude : N43deg40.939mn, Longitude :E007deg19.181mn
1594822733:[SURF  ,0223]fix3D,10satellites
1594822733:[SURF  ,0084]GPS fix GPGSA : hdop0.700,vdop0.910
1594822743:[SURF  ,0274]last almanac : 13401
1594822819:[MRMAID,0026]26024 bytes in 0070/5F0F105C.MER
1594822825:[MAIN  ,0320]New pressure offset: 133mbar
1594822825:[LOGBIN,0078]*** switching to 0070/5F0F10A9 ***
