1594888883:[MONITR,0197]reboot code 0x0000, src/monitor.c@520
1594888883:[MAIN  ,0007]buoy 452.120-R-0070
1594888883:[MAIN  ,0055]soft pilotage 452.012.300_V2.21-20200701
1594888883:[MAIN  ,0011]date 2020-07-16T08:41:23
1594888889:[MAIN  ,0006]battery 15477mV,    8052uA
1594888892:[MAIN  ,0024]internal pressure 81078Pa
1594888893:[PRESS ,0038]P    -11mbar,T -7938mdegC
1594888893:[MRMAID,0182]thread started
1594888895:[MRMAID,0186]no wake-up
1594888896:[MRMAID,0188]acq already stopped
1594888896:[MRMAID,0052]Mermaid $BOARD:452116600-70;
1594888897:[MRMAID,0052]Mermaid $SOFT:2.1344;
1594888897:[TESTMD,0053]Enter in test mode? yes/no
1594888897:[TESTMD,0252]0070>
1594888927:[BYCMD ,0107]    FreeRTOS V8.2.3
1594888927:[BYCMD ,0108]    FatFS v11a
1594888927:[BYCMD ,0117]    valve is running
1594888927:[BYCMD ,0120]    bypass 20000ms 60000ms (20000ms 60000ms stored)
1594888927:[BYCMD ,0121]    valve 60000ms 12750 (60000ms 12750 stored)
1594888927:[BYCMD ,0122]    pump 60000ms 30% 10750 80% (60000ms 30% 10750 80% stored)
1594888927:[BYCMD ,0123]    rate 2mbar/s (2mbar/s stored)
1594888927:[BYCMD ,0124]    surface 500mbar (500mbar stored)
1594888927:[BYCMD ,0125]    near 15000mbar 3mbar/s (15000mbar 3mbar/s stored)
1594888927:[BYCMD ,0126]    far 25000mbar 4mbar/s (25000mbar 4mbar/s stored)
1594888927:[BYCMD ,0127]    ascent 8mbar/s (8mbar/s stored)
1594888927:[BYCMD ,0128]    dead 300s (300s stored)
1594888927:[BYCMD ,0129]    coeff 16/10 (16/10 stored)
1594888927:[BYCMD ,0130]    stab 10 (10 stored)
1594888927:[BYCMD ,0131]    delay 900s 3600s (900s 3600s stored)
1594888928:[BYCMD ,0132]    mmtime 2880min (2880min stored)
1594888928:[BYCMD ,0133]    dv_landing 100ml (100ml stored)
1594888928:[MKDCMD,0150]    p2t37: 15x2000ms, offset 131mbar
1594888928:[P2TCMD,0151]    p2t37: dp 5000mbar, dt 5000mdegC
1594888928:[STAGE ,0080]Stage [0] 5000mbar (+/-500mbar) 1800s (<1800s) 
1594888928:[STAGE ,0080]Stage [1] 5000mbar (+/-500mbar) 1800s (<3600s) MERMAID
1594888928:[MAIN  ,0065]surfacing
1594888930:[PRESS ,0038]P     -1mbar,T+18921mdegC
1594888931:[PRESS ,0038]P     -1mbar,T -7938mdegC
1594888935:[PRESS ,0038]P     -1mbar,T+18921mdegC
1594888937:[PRESS ,0038]P     -1mbar,T -7938mdegC
1594888939:[PRESS ,0038]P     -1mbar,T+30738mdegC
1594888940:[PRESS ,0038]P    -11mbar,T -7938mdegC
1594888947:[PRESS ,0038]P     +9mbar,T+30738mdegC
1594888949:[PRESS ,0038]P     +9mbar,T -7938mdegC
1594888953:[SURFIN,0036]P     +9mbar
1594888956:[SURFIN,0020]filling external bladder
1594888959:[SURFIN,0019]external bladder full
1594888965:[PRESS ,0038]P   +130mbar,T+30738mdegC
1594888967:[PRESS ,0038]P   +140mbar,T -7938mdegC
1594888970:[PRESS ,0038]P   +140mbar,T+18921mdegC
1594888972:[PRESS ,0038]P   +140mbar,T -7938mdegC
1594888983:[PRESS ,0038]P   +140mbar,T+30738mdegC
1594888984:[PRESS ,0038]P   +130mbar,T -7938mdegC
1594889021:[MAIN  ,0272]Vbat 15508mV (min 15477mV)
1594889023:[MAIN  ,0024]internal pressure 81081Pa
1594889023:[MAIN  ,0043]Pext 137mbar (rng 30mbar)
1594889023:[MAIN  ,0064]surface
1594889023:[CMD   ,0276]0070>
1594889042:[SURF  ,0022]GPS fix...
1594889062:[SURF  ,0015]10 PPS detected...
1594889064:[MRMAID,0052]Mermaid $GPSACK:+0,+0,+0,+0,+0,+1,-999725;
1594889074:[MRMAID,0052]Mermaid $GPSOFF:3686350;
1594889075:[GPSFIX,0179]-1s diff
1594889076:[SURF  ,0222]2020-07-16T08:44:36
1594889076:[SURF  ,0082]Latitude : N43deg40.939mn, Longitude :E007deg19.179mn
1594889076:[SURF  ,0223]fix3D,10satellites
1594889076:[SURF  ,0084]GPS fix GPGSA : hdop0.650,vdop1.030
1594889086:[SURF  ,0274]last almanac : 79744
1594889098:[MRMAID,0026]1450 bytes in 0070/5F101383.MER
1594889104:[MAIN  ,0320]New pressure offset: 137mbar
1594889104:[LOGBIN,0078]*** switching to 0070/5F101390 ***
