1594879638:[MONITR,0197]reboot code 0x0000, src/monitor.c@520
1594879638:[MAIN  ,0007]buoy 452.120-R-0070
1594879638:[MAIN  ,0055]soft pilotage 452.012.300_V2.21-20200701
1594879638:[MAIN  ,0011]date 2020-07-16T06:07:18
1594879644:[MAIN  ,0006]battery 15487mV,    5856uA
1594879647:[MAIN  ,0024]internal pressure 80818Pa
1594879648:[PRESS ,0038]P    -11mbar,T+30738mdegC
1594879648:[MRMAID,0182]thread started
1594879650:[MRMAID,0186]no wake-up
1594879651:[MRMAID,0188]acq already stopped
1594879651:[MRMAID,0052]Mermaid $BOARD:452116600-70;
1594879652:[MRMAID,0052]Mermaid $SOFT:2.1344;
1594879652:[TESTMD,0053]Enter in test mode? yes/no
1594879652:[TESTMD,0252]0070>
1594879682:[BYCMD ,0107]    FreeRTOS V8.2.3
1594879682:[BYCMD ,0108]    FatFS v11a
1594879682:[BYCMD ,0117]    valve is running
1594879682:[BYCMD ,0120]    bypass 20000ms 60000ms (20000ms 60000ms stored)
1594879682:[BYCMD ,0121]    valve 60000ms 12750 (60000ms 12750 stored)
1594879682:[BYCMD ,0122]    pump 60000ms 30% 10750 80% (60000ms 30% 10750 80% stored)
1594879682:[BYCMD ,0123]    rate 2mbar/s (2mbar/s stored)
1594879682:[BYCMD ,0124]    surface 500mbar (500mbar stored)
1594879682:[BYCMD ,0125]    near 15000mbar 3mbar/s (15000mbar 3mbar/s stored)
1594879682:[BYCMD ,0126]    far 25000mbar 4mbar/s (25000mbar 4mbar/s stored)
1594879682:[BYCMD ,0127]    ascent 8mbar/s (8mbar/s stored)
1594879682:[BYCMD ,0128]    dead 300s (300s stored)
1594879682:[BYCMD ,0129]    coeff 16/10 (16/10 stored)
1594879682:[BYCMD ,0130]    stab 10 (10 stored)
1594879683:[BYCMD ,0131]    delay 900s 3600s (900s 3600s stored)
1594879683:[BYCMD ,0132]    mmtime 2880min (2880min stored)
1594879683:[BYCMD ,0133]    dv_landing 100ml (100ml stored)
1594879683:[MKDCMD,0150]    p2t37: 15x2000ms, offset 131mbar
1594879683:[P2TCMD,0151]    p2t37: dp 5000mbar, dt 5000mdegC
1594879683:[STAGE ,0080]Stage [0] 5000mbar (+/-500mbar) 1800s (<1800s) 
1594879683:[STAGE ,0080]Stage [1] 5000mbar (+/-500mbar) 1800s (<3600s) MERMAID
1594879683:[MAIN  ,0065]surfacing
1594879685:[PRESS ,0038]P    -11mbar,T +3877mdegC
1594879686:[PRESS ,0038]P     -1mbar,T+30738mdegC
1594879692:[PRESS ,0038]P     -1mbar,T +3877mdegC
1594879694:[PRESS ,0038]P    -11mbar,T-22986mdegC
1594879695:[PRESS ,0038]P    -11mbar,T+30738mdegC
1594879697:[PRESS ,0038]P     -1mbar,T +3877mdegC
1594879704:[PRESS ,0038]P     -1mbar,T+30738mdegC
1594879706:[PRESS ,0038]P     -1mbar,T +3877mdegC
1594879708:[PRESS ,0038]P    -11mbar,T+30738mdegC
1594879708:[SURFIN,0036]P    -11mbar
1594879710:[PRESS ,0038]P    -11mbar,T +3877mdegC
1594879712:[SURFIN,0020]filling external bladder
1594879715:[SURFIN,0019]external bladder full
1594879720:[PRESS ,0038]P   +130mbar,T+30738mdegC
1594879723:[PRESS ,0038]P   +120mbar,T +3877mdegC
1594879725:[PRESS ,0038]P   +120mbar,T-22986mdegC
1594879727:[PRESS ,0038]P   +120mbar,T+30738mdegC
1594879729:[PRESS ,0038]P   +120mbar,T +3877mdegC
1594879731:[PRESS ,0038]P   +130mbar,T+30738mdegC
1594879732:[PRESS ,0038]P   +130mbar,T +3877mdegC
1594879734:[PRESS ,0038]P   +130mbar,T+30738mdegC
1594879736:[PRESS ,0038]P   +130mbar,T +3877mdegC
1594879738:[PRESS ,0038]P   +120mbar,T+30738mdegC
1594879740:[PRESS ,0038]P   +120mbar,T +3877mdegC
1594879741:[PRESS ,0038]P   +120mbar,T+30738mdegC
1594879776:[MAIN  ,0272]Vbat 15505mV (min 15472mV)
1594879779:[MAIN  ,0024]internal pressure 80781Pa
1594879779:[MAIN  ,0043]Pext 125mbar (rng 10mbar)
1594879779:[MAIN  ,0064]surface
1594879779:[CMD   ,0276]0070>
1594879798:[SURF  ,0022]GPS fix...
1594879819:[SURF  ,0015]10 PPS detected...
1594879821:[MRMAID,0052]Mermaid $GPSACK:+0,+0,+0,+0,+0,+0,-305;
1594879831:[MRMAID,0052]Mermaid $GPSOFF:3686350;
1594879832:[GPSFIX,0179]-1s diff
1594879833:[SURF  ,0222]2020-07-16T06:10:33
1594879833:[SURF  ,0082]Latitude : N43deg40.938mn, Longitude :E007deg19.179mn
1594879833:[SURF  ,0223]fix3D,8satellites
1594879833:[SURF  ,0084]GPS fix GPGSA : hdop0.820,vdop1.010
1594879843:[SURF  ,0274]last almanac : 70501
1594879855:[MRMAID,0026]1442 bytes in 0070/5F0FEF68.MER
1594879861:[MAIN  ,0320]New pressure offset: 125mbar
1594879861:[LOGBIN,0078]*** switching to 0070/5F0FEF75 ***
