1594737860:[MAIN  ,0007]buoy 452.120-R-0071
1594737860:[MAIN  ,0055]soft pilotage 452.012.300_V2.21-20200701
1594737860:[MAIN  ,0010]cycle 3
1594737860:[SURF  ,0225]surface2
1594737873:[SURF  ,0022]GPS fix...
1594737893:[SURF  ,0015]10 PPS detected...
1594737894:[MRMAID,0052]Mermaid $GPSACK:+0,+0,+0,+0,+0,+0,-30;
1594737904:[MRMAID,0052]Mermaid $GPSOFF:3686331;
1594737906:[GPSFIX,0179]+0s diff
1594737906:[SURF  ,0222]2020-07-14T14:45:06
1594737906:[SURF  ,0082]Latitude : N43deg40.939mn, Longitude :E007deg19.179mn
1594737906:[SURF  ,0223]fix3D,9satellites
1594737906:[SURF  ,0084]GPS fix GPGSA : hdop0.700,vdop0.880
1594737916:[SURF  ,0025]Iridium...
1594737951:[SURF  ,0009]connected in 35s, signal quality 5
1594738012:[SURF  ,0218]prompt received, remote cmd end
1594738012:[SURF  ,0012]16 cmd(s) received
1594738038:[UPLOAD,0248]Upload data files...
1594738223:[UPLOAD,0231]"0071/5F0DC484.MER" uploaded at 121bytes/s
1594738400:[SURF  ,0014]disconnected after 484s
1594738405:[SURFIN,0020]filling external bladder
1594738413:[PUMP  ,0207]battery 15123mV,   19276uA (warmup), P   +180mbar
1594738413:[PUMP  ,0016]pump during 300000ms
1594738421:[PUMP  ,0212]battery 14690mV, 1087264uA (steady state), P   +180mbar
1594738423:[SURFIN,0019]external bladder full
1594738423:[SURF  ,0319]transfer interrupted
1594738438:[SURF  ,0022]GPS fix...
1594738459:[SURF  ,0015]10 PPS detected...
1594738460:[MRMAID,0052]Mermaid $GPSACK:+0,+0,+0,+0,+0,+0,-30;
1594738470:[MRMAID,0052]Mermaid $GPSOFF:3686331;
1594738471:[GPSFIX,0179]-1s diff
1594738472:[SURF  ,0222]2020-07-14T14:54:32
1594738472:[SURF  ,0082]Latitude : N43deg40.938mn, Longitude :E007deg19.179mn
1594738472:[SURF  ,0223]fix3D,9satellites
1594738472:[SURF  ,0084]GPS fix GPGSA : hdop0.770,vdop1.000
1594738489:[MAIN  ,0024]internal pressure 79129Pa
1594738490:[BYCMD ,0107]    FreeRTOS V8.2.3
1594738490:[BYCMD ,0108]    FatFS v11a
1594738490:[BYCMD ,0120]    bypass 10000ms 60000ms (20000ms 60000ms stored)
1594738490:[BYCMD ,0121]    valve 60000ms 12750 (60000ms 12750 stored)
1594738490:[BYCMD ,0122]    pump 60000ms 30% 10750 80% (60000ms 30% 10750 80% stored)
1594738490:[BYCMD ,0123]    rate 2mbar/s (2mbar/s stored)
1594738490:[BYCMD ,0124]    surface 500mbar (500mbar stored)
1594738490:[BYCMD ,0125]    near 1500mbar 3mbar/s (15000mbar 3mbar/s stored)
1594738490:[BYCMD ,0126]    far 2500mbar 4mbar/s (25000mbar 4mbar/s stored)
1594738490:[BYCMD ,0127]    ascent 8mbar/s (8mbar/s stored)
1594738490:[BYCMD ,0128]    dead 60s (300s stored)
1594738490:[BYCMD ,0129]    coeff 16/10 (16/10 stored)
1594738490:[BYCMD ,0130]    stab 10 (10 stored)
1594738490:[BYCMD ,0131]    delay 900s 3600s (900s 3600s stored)
1594738490:[BYCMD ,0132]    mmtime 2880min (2880min stored)
1594738490:[BYCMD ,0133]    dv_landing 100ml (100ml stored)
1594738490:[MKDCMD,0150]    p2t37: 15x2000ms, offset 193mbar
1594738490:[P2TCMD,0151]    p2t37: dp 50mbar, dt 5000mdegC
1594738491:[STAGE ,0080]Stage [0] 5000mbar (+/-500mbar) 1800s (<1800s) 
1594738491:[STAGE ,0080]Stage [1] 5000mbar (+/-500mbar) 1800s (<3600s) MERMAID
1594738491:[MAIN  ,0070]turn off bluetooth
1594738493:[PRESS ,0038]P    -13mbar,T -1567mdegC
1594738495:[PRESS ,0038]P    -13mbar,T+12347mdegC
1594738497:[PRESS ,0038]P    -13mbar,T-14136mdegC
1594738499:[PRESS ,0038]P     -3mbar,T+12347mdegC
1594738501:[PRESS ,0038]P    -13mbar,T+24918mdegC
1594738504:[PRESS ,0038]P    -13mbar,T-14136mdegC
1594738508:[PRESS ,0038]P    -13mbar,T -1567mdegC
1594738510:[PRESS ,0038]P    -13mbar,T+24918mdegC
1594738513:[PRESS ,0038]P    -13mbar,T-14136mdegC
1594738515:[PRESS ,0038]P    -13mbar,T+24918mdegC
1594738517:[PRESS ,0038]P     -3mbar,T-14136mdegC
1594738519:[PRESS ,0038]P    -13mbar,T -1567mdegC
1594738519:[DIVING,0141]diving from -13mbar, +0mbar/s
1594738519:[BYPASS,0035]bypass opening 60000ms
1594738524:[BYPASS,0104]battery 15036mV,  251076uA (bypass opening), P    -13mbar
1594738589:[BYPASS,0106]battery 15060mV,  295484uA (bypass closing), P    -13mbar
1594738590:[PRESS ,0038]P   -153mbar,T+24918mdegC
1594738592:[PRESS ,0038]P   -143mbar,T-14136mdegC
1594738596:[PRESS ,0038]P   -143mbar,T+24918mdegC
1594738598:[PRESS ,0038]P   -143mbar,T-14136mdegC
1594738599:[PRESS ,0038]P   -143mbar,T+24918mdegC
1594738605:[PRESS ,0038]P   -133mbar,T+12347mdegC
1594738607:[PRESS ,0038]P   -133mbar,T-14136mdegC
1594738608:[PRESS ,0038]P   -133mbar,T+24918mdegC
1594738615:[PRESS ,0038]P   -123mbar,T -1567mdegC
1594738616:[BYPASS,0035]bypass opening 10000ms
1594738621:[BYPASS,0104]battery 15090mV,  251442uA (bypass opening), P   -123mbar
1594738636:[BYPASS,0106]battery 15073mV,  294508uA (bypass closing), P   -123mbar
1594738637:[PRESS ,0038]P   -163mbar,T+24918mdegC
1594738639:[PRESS ,0038]P   -153mbar,T+12347mdegC
1594738641:[PRESS ,0038]P   -153mbar,T+24918mdegC
1594738645:[PRESS ,0038]P   -143mbar,T-14136mdegC
1594738646:[PRESS ,0038]P   -153mbar,T -1567mdegC
1594738650:[PRESS ,0038]P   -163mbar,T+24918mdegC
1594738652:[PRESS ,0038]P   -163mbar,T-14136mdegC
1594738657:[PRESS ,0038]P   -163mbar,T+24918mdegC
1594738662:[PRESS ,0038]P   -153mbar,T+12347mdegC
1594738663:[BYPASS,0035]bypass opening 10000ms
1594738668:[BYPASS,0104]battery 15105mV,  253150uA (bypass opening), P   -153mbar
1594738683:[BYPASS,0106]battery 15085mV,  293532uA (bypass closing), P   -153mbar
1594738684:[PRESS ,0038]P   -153mbar,T+24918mdegC
1594738688:[PRESS ,0038]P   -163mbar,T-14136mdegC
1594738690:[PRESS ,0038]P   -143mbar,T+24918mdegC
1594738693:[PRESS ,0038]P   -153mbar,T-14136mdegC
1594738695:[PRESS ,0038]P   -143mbar,T+24918mdegC
1594738699:[PRESS ,0038]P   -153mbar,T-14136mdegC
1594738701:[PRESS ,0038]P   -143mbar,T+24918mdegC
1594738702:[PRESS ,0038]P   -153mbar,T+12347mdegC
1594738704:[PRESS ,0038]P   -153mbar,T+24918mdegC
1594738706:[PRESS ,0038]P   -133mbar,T-14136mdegC
1594738710:[PRESS ,0038]P   -133mbar,T+24918mdegC
1594738710:[BYPASS,0035]bypass opening 10000ms
1594738715:[BYPASS,0104]battery 15111mV,  247782uA (bypass opening), P   -133mbar
1594738730:[BYPASS,0106]battery 15095mV,  292922uA (bypass closing), P   -133mbar
1594738735:[PRESS ,0038]P   -143mbar,T-14136mdegC
1594738739:[PRESS ,0038]P   -143mbar,T+12347mdegC
1594738740:[PRESS ,0038]P   -143mbar,T -1567mdegC
1594738742:[PRESS ,0038]P   -143mbar,T+24918mdegC
1594738749:[PRESS ,0038]P   -153mbar,T -1567mdegC
1594738751:[PRESS ,0038]P   -143mbar,T+24918mdegC
1594738753:[PRESS ,0038]P   -143mbar,T-14136mdegC
1594738755:[PRESS ,0038]P   -143mbar,T+24918mdegC
1594738757:[PRESS ,0038]P   -133mbar,T-14136mdegC
1594738757:[BYPASS,0035]bypass opening 10000ms
1594738762:[BYPASS,0104]battery 15120mV,  249002uA (bypass opening), P   -133mbar
1594738777:[BYPASS,0106]battery 15102mV,  292312uA (bypass closing), P   -133mbar
1594738779:[PRESS ,0038]P   -133mbar,T+24918mdegC
1594738782:[PRESS ,0038]P   -143mbar,T-14136mdegC
1594738787:[PRESS ,0038]P   -133mbar,T+12347mdegC
1594738789:[PRESS ,0038]P   -133mbar,T-14136mdegC
1594738791:[PRESS ,0038]P   -133mbar,T+24918mdegC
1594738793:[PRESS ,0038]P   -123mbar,T-14136mdegC
1594738795:[PRESS ,0038]P   -143mbar,T+24918mdegC
1594738796:[PRESS ,0038]P   -143mbar,T-14136mdegC
1594738802:[PRESS ,0038]P   -143mbar,T+24918mdegC
1594738804:[PRESS ,0038]P   -153mbar,T+12347mdegC
1594738804:[BYPASS,0035]bypass opening 10000ms
1594738809:[BYPASS,0104]battery 15128mV,  251442uA (bypass opening), P   -153mbar
1594738824:[BYPASS,0106]battery 15110mV,  291824uA (bypass closing), P   -153mbar
1594738829:[PRESS ,0038]P   -123mbar,T-14136mdegC
1594738838:[PRESS ,0038]P   -123mbar,T+24918mdegC
1594738842:[PRESS ,0038]P   -123mbar,T-14136mdegC
1594738845:[PRESS ,0038]P   -123mbar,T+12347mdegC
1594738847:[PRESS ,0038]P   -123mbar,T-14136mdegC
1594738851:[BYPASS,0035]bypass opening 10000ms
1594738856:[BYPASS,0104]battery 15132mV,  248148uA (bypass opening), P   -133mbar
1594738871:[BYPASS,0106]battery 15115mV,  291214uA (bypass closing), P   -133mbar
1594738872:[PRESS ,0038]P   -123mbar,T+24918mdegC
1594738874:[PRESS ,0038]P   -113mbar,T-14136mdegC
1594738876:[PRESS ,0038]P   -123mbar,T+24918mdegC
1594738878:[PRESS ,0038]P   -113mbar,T-14136mdegC
1594738880:[PRESS ,0038]P   -123mbar,T+24918mdegC
1594738881:[PRESS ,0038]P   -123mbar,T-14136mdegC
1594738890:[PRESS ,0038]P   -123mbar,T+12347mdegC
1594738892:[PRESS ,0038]P   -123mbar,T-14136mdegC
1594738896:[PRESS ,0038]P   -113mbar,T -1567mdegC
1594738898:[PRESS ,0038]P   -133mbar,T-14136mdegC
1594738898:[BYPASS,0035]bypass opening 10000ms
1594738903:[BYPASS,0104]battery 15138mV,  247660uA (bypass opening), P   -133mbar
1594738918:[BYPASS,0106]battery 15121mV,  290726uA (bypass closing), P   -133mbar
1594738919:[PRESS ,0038]P   -123mbar,T+24918mdegC
1594738921:[PRESS ,0038]P   -123mbar,T+12347mdegC
1594738923:[PRESS ,0038]P   -113mbar,T+24918mdegC
1594738925:[PRESS ,0038]P   -123mbar,T-14136mdegC
1594738927:[PRESS ,0038]P   -123mbar,T+24918mdegC
1594738930:[PRESS ,0038]P   -123mbar,T-14136mdegC
1594738932:[PRESS ,0038]P   -123mbar,T+24918mdegC
1594738934:[PRESS ,0038]P   -113mbar,T-14136mdegC
1594738936:[PRESS ,0038]P   -113mbar,T+24918mdegC
1594738938:[PRESS ,0038]P   -113mbar,T-14136mdegC
1594738939:[PRESS ,0038]P   -113mbar,T+24918mdegC
1594738941:[PRESS ,0038]P   -113mbar,T-14136mdegC
1594738945:[PRESS ,0038]P   -113mbar,T+12347mdegC
1594738945:[BYPASS,0035]bypass opening 10000ms
1594738950:[BYPASS,0104]battery 15143mV,  248026uA (bypass opening), P   -113mbar
1594738965:[BYPASS,0106]battery 15126mV,  290360uA (bypass closing), P   -113mbar
1594738967:[PRESS ,0038]P    -53mbar,T+24918mdegC
1594738968:[PRESS ,0038]P    -33mbar,T-14136mdegC
1594738970:[PRESS ,0038]P    -33mbar,T+12347mdegC
1594738974:[PRESS ,0038]P     -3mbar,T+24918mdegC
1594738976:[PRESS ,0038]P     -3mbar,T+12347mdegC
1594738977:[PRESS ,0038]P     +7mbar,T-14136mdegC
1594738985:[PRESS ,0038]P    +57mbar,T+24918mdegC
1594738990:[PRESS ,0038]P    +87mbar,T-14136mdegC
1594738997:[PRESS ,0038]P   +127mbar,T+24918mdegC
1594739003:[PRESS ,0038]P   +157mbar,T+12347mdegC
1594739006:[PRESS ,0038]P   +177mbar,T-14136mdegC
1594739011:[PRESS ,0038]P   +217mbar,T+24918mdegC
1594739020:[PRESS ,0038]P   +257mbar,T-14136mdegC
1594739025:[PRESS ,0038]P   +287mbar,T+24918mdegC
1594739028:[PRESS ,0038]P   +297mbar,T -1567mdegC
1594739031:[PRESS ,0038]P   +317mbar,T+12347mdegC
1594739033:[PRESS ,0038]P   +337mbar,T-14136mdegC
1594739042:[PRESS ,0038]P   +387mbar,T+24918mdegC
1594739047:[PRESS ,0038]P   +407mbar,T-14136mdegC
1594739058:[PRESS ,0038]P   +487mbar,T+12347mdegC
1594739061:[PRESS ,0038]P   +507mbar,T+24918mdegC
1594739063:[PRESS ,0038]P   +527mbar,T-14136mdegC
1594739063:[DIVING,0028]527mbar reached (+6mbar/s), 9 bypass done
1594739064:[MAIN  ,0056]stage[0]
1594739066:[MAIN  ,0024]internal pressure 82529Pa
1594739067:[BUOY  ,0037]P   +547mbar
1594739067:[STAGE ,0080]Stage [0] 5000mbar (+/-500mbar) 1800s (<1594740863s) 
1594739129:[PRESS ,0038]P   +937mbar,T-14136mdegC
1594739136:[PRESS ,0038]P   +987mbar,T+12347mdegC
1594739138:[PRESS ,0038]P   +997mbar,T-14136mdegC
1594739140:[PRESS ,0038]P   +997mbar,T-26709mdegC
1594739142:[PRESS ,0038]P  +1017mbar,T-14136mdegC
1594739144:[PRESS ,0038]P  +1017mbar,T+12347mdegC
1594739145:[PRESS ,0038]P  +1037mbar,T-14136mdegC
1594739154:[PRESS ,0038]P  +1087mbar,T+24918mdegC
1594739215:[PRESS ,0038]P  +1467mbar,T+24918mdegC
1594739217:[PRESS ,0038]P  +1477mbar,T-14136mdegC
1594739219:[PRESS ,0038]P  +1487mbar,T+12347mdegC
1594739222:[PRESS ,0038]P  +1527mbar,T-14136mdegC
1594739224:[PRESS ,0038]P  +1537mbar,T+24918mdegC
1594739226:[PRESS ,0038]P  +1547mbar,T-14136mdegC
1594739227:[PRESS ,0038]P  +1547mbar,T+12347mdegC
1594739231:[PRESS ,0038]P  +1587mbar,T+24918mdegC
1594739233:[PRESS ,0038]P  +1597mbar,T-14136mdegC
1594739236:[PRESS ,0038]P  +1617mbar,T+24918mdegC
1594739240:[PRESS ,0038]P  +1627mbar,T+12347mdegC
1594739301:[PRESS ,0038]P  +1837mbar,T-14136mdegC
1594739303:[PRESS ,0038]P  +1837mbar,T+12347mdegC
1594739304:[PRESS ,0038]P  +1847mbar,T-14136mdegC
1594739308:[PRESS ,0038]P  +1867mbar,T+12347mdegC
1594739310:[PRESS ,0038]P  +1877mbar,T-14136mdegC
1594739315:[PRESS ,0038]P  +1897mbar,T+12347mdegC
1594739317:[PRESS ,0038]P  +1917mbar,T-14136mdegC
1594739319:[PRESS ,0038]P  +1907mbar,T+12347mdegC
1594739320:[PRESS ,0038]P  +1927mbar,T-14136mdegC
1594739324:[PRESS ,0038]P  +1937mbar,T+12347mdegC
1594739386:[PRESS ,0038]P  +2217mbar,T-14136mdegC
1594739390:[PRESS ,0038]P  +2227mbar,T+24918mdegC
1594739392:[PRESS ,0038]P  +2237mbar,T-14136mdegC
1594739394:[PRESS ,0038]P  +2257mbar,T+12347mdegC
1594739397:[PRESS ,0038]P  +2267mbar,T-14136mdegC
1594739404:[PRESS ,0038]P  +2287mbar,T+12347mdegC
1594739410:[PRESS ,0038]P  +2287mbar,T+24918mdegC
1594739411:[PRESS ,0038]P  +2287mbar,T+12347mdegC
1594739472:[PRESS ,0038]P  +2437mbar,T-14136mdegC
1594739486:[PRESS ,0038]P  +2457mbar,T+24918mdegC
1594739488:[PRESS ,0038]P  +2467mbar,T+12347mdegC
1594739490:[PRESS ,0038]P  +2467mbar,T-14136mdegC
1594739494:[PRESS ,0038]P  +2467mbar,T+12347mdegC
1594739497:[PRESS ,0038]P  +2457mbar,T-14136mdegC
1594739497:[BUOY  ,0087]from +1mbar/s to +4mbar/s
1594739497:[BUOY  ,0090]need to transfer -24mL (valve during 6245ms)
1594739497:[VALVE ,0034]valve opening 6245ms
1594739504:[VALVE ,0234]battery 15157mV,  503250uA, P  +2457mbar
1594739558:[PRESS ,0038]P  +2667mbar,T-14136mdegC
1594739563:[PRESS ,0038]P  +2687mbar,T+12347mdegC
1594739565:[PRESS ,0038]P  +2687mbar,T+24918mdegC
1594739567:[PRESS ,0038]P  +2697mbar,T-14136mdegC
1594739571:[PRESS ,0038]P  +2707mbar,T+12347mdegC
1594739572:[PRESS ,0038]P  +2717mbar,T-14136mdegC
1594739576:[PRESS ,0038]P  +2727mbar,T+24918mdegC
1594739578:[PRESS ,0038]P  +2737mbar,T-14136mdegC
1594739581:[PRESS ,0038]P  +2747mbar,T+24918mdegC
1594739644:[PRESS ,0038]P  +2917mbar,T-14136mdegC
1594739646:[PRESS ,0038]P  +2907mbar,T+24918mdegC
1594739647:[PRESS ,0038]P  +2917mbar,T-14136mdegC
1594739649:[PRESS ,0038]P  +2917mbar,T+24918mdegC
1594739651:[PRESS ,0038]P  +2927mbar,T-14136mdegC
1594739662:[PRESS ,0038]P  +2937mbar,T+24918mdegC
1594739663:[PRESS ,0038]P  +2937mbar,T-14136mdegC
1594739667:[PRESS ,0038]P  +2947mbar,T+24918mdegC
1594739669:[PRESS ,0038]P  +2967mbar,T+12347mdegC
1594739729:[PRESS ,0038]P  +3007mbar,T-14136mdegC
1594739731:[PRESS ,0038]P  +3007mbar,T+24918mdegC
1594739735:[PRESS ,0038]P  +3007mbar,T-14136mdegC
1594739738:[PRESS ,0038]P  +3017mbar,T+12347mdegC
1594739740:[PRESS ,0038]P  +3007mbar,T-14136mdegC
1594739744:[PRESS ,0038]P  +3027mbar,T+24918mdegC
1594739746:[PRESS ,0038]P  +3017mbar,T-14136mdegC
1594739747:[PRESS ,0038]P  +3027mbar,T+12347mdegC
1594739749:[PRESS ,0038]P  +3037mbar,T-14136mdegC
1594739751:[PRESS ,0038]P  +3027mbar,T+12347mdegC
1594739753:[PRESS ,0038]P  +3037mbar,T+24918mdegC
1594739755:[PRESS ,0038]P  +3037mbar,T-14136mdegC
1594739755:[BUOY  ,0087]from +1mbar/s to +3mbar/s
1594739755:[BUOY  ,0090]need to transfer -12mL (valve during 2782ms)
1594739755:[VALVE ,0034]valve opening 2782ms
1594739758:[VALVE ,0234]battery 15175mV,  503372uA, P  +3037mbar
1594739815:[PRESS ,0038]P  +3197mbar,T-14136mdegC
1594739821:[PRESS ,0038]P  +3217mbar,T+24918mdegC
1594739823:[PRESS ,0038]P  +3207mbar,T-14136mdegC
1594739833:[PRESS ,0038]P  +3247mbar,T+24918mdegC
1594739835:[PRESS ,0038]P  +3247mbar,T-14136mdegC
1594739839:[PRESS ,0038]P  +3267mbar,T+24918mdegC
1594739840:[PRESS ,0038]P  +3267mbar,T+12347mdegC
1594739901:[PRESS ,0038]P  +3417mbar,T+24918mdegC
1594739903:[PRESS ,0038]P  +3427mbar,T-26709mdegC
1594739905:[PRESS ,0038]P  +3427mbar,T+12347mdegC
1594739907:[PRESS ,0038]P  +3437mbar,T+24918mdegC
1594739908:[PRESS ,0038]P  +3447mbar,T-14136mdegC
1594739910:[PRESS ,0038]P  +3437mbar,T+24918mdegC
1594739912:[PRESS ,0038]P  +3447mbar,T+12347mdegC
1594739914:[PRESS ,0038]P  +3467mbar,T-14136mdegC
1594739917:[PRESS ,0038]P  +3467mbar,T+24918mdegC
1594739921:[PRESS ,0038]P  +3467mbar,T-14136mdegC
1594739925:[PRESS ,0038]P  +3487mbar,T+24918mdegC
1594739926:[PRESS ,0038]P  +3487mbar,T+12347mdegC
1594739987:[PRESS ,0038]P  +3657mbar,T+24918mdegC
1594739989:[PRESS ,0038]P  +3657mbar,T-14136mdegC
1594739991:[PRESS ,0038]P  +3667mbar,T+24918mdegC
1594739992:[PRESS ,0038]P  +3667mbar,T -1567mdegC
1594739994:[PRESS ,0038]P  +3687mbar,T+24918mdegC
1594739998:[PRESS ,0038]P  +3677mbar,T-14136mdegC
1594740000:[PRESS ,0038]P  +3697mbar,T+24918mdegC
1594740001:[PRESS ,0038]P  +3697mbar,T-14136mdegC
1594740003:[PRESS ,0038]P  +3697mbar,T+24918mdegC
1594740005:[PRESS ,0038]P  +3707mbar,T-14136mdegC
1594740007:[PRESS ,0038]P  +3717mbar,T+24918mdegC
1594740009:[PRESS ,0038]P  +3727mbar,T-14136mdegC
1594740073:[PRESS ,0038]P  +3927mbar,T+24918mdegC
1594740075:[PRESS ,0038]P  +3927mbar,T-14136mdegC
1594740078:[PRESS ,0038]P  +3927mbar,T+24918mdegC
1594740080:[PRESS ,0038]P  +3937mbar,T+12347mdegC
1594740082:[PRESS ,0038]P  +3947mbar,T+24918mdegC
1594740084:[PRESS ,0038]P  +3947mbar,T-14136mdegC
1594740085:[PRESS ,0038]P  +3957mbar,T+24918mdegC
1594740087:[PRESS ,0038]P  +3957mbar,T -1567mdegC
1594740089:[PRESS ,0038]P  +3957mbar,T+24918mdegC
1594740096:[PRESS ,0038]P  +3987mbar,T+12347mdegC
1594740098:[PRESS ,0038]P  +3997mbar,T-14136mdegC
1594740159:[PRESS ,0038]P  +4197mbar,T-14136mdegC
1594740160:[PRESS ,0038]P  +4177mbar,T+24918mdegC
1594740162:[PRESS ,0038]P  +4197mbar,T-14136mdegC
1594740164:[PRESS ,0038]P  +4207mbar,T+24918mdegC
1594740168:[PRESS ,0038]P  +4217mbar,T-14136mdegC
1594740169:[PRESS ,0038]P  +4227mbar,T+24918mdegC
1594740173:[PRESS ,0038]P  +4237mbar,T-14136mdegC
1594740177:[PRESS ,0038]P  +4247mbar,T+24918mdegC
1594740178:[PRESS ,0038]P  +4257mbar,T-14136mdegC
1594740180:[PRESS ,0038]P  +4257mbar,T+24918mdegC
1594740184:[PRESS ,0038]P  +4277mbar,T-14136mdegC
1594740244:[PRESS ,0038]P  +4517mbar,T-14136mdegC
1594740246:[PRESS ,0038]P  +4537mbar,T+24918mdegC
1594740253:[PRESS ,0038]P  +4557mbar,T-14136mdegC
1594740255:[PRESS ,0038]P  +4577mbar,T -1567mdegC
1594740257:[PRESS ,0038]P  +4577mbar,T+24918mdegC
1594740261:[PRESS ,0038]P  +4587mbar,T-14136mdegC
1594740262:[PRESS ,0038]P  +4597mbar,T+24918mdegC
1594740268:[PRESS ,0038]P  +4617mbar,T -1567mdegC
1594740270:[PRESS ,0038]P  +4637mbar,T+24918mdegC
1594740270:[STAGE ,0213]4637mbar reached at 1594740270s, ref 5000mbar +/-500mbar
1594740270:[BUOY  ,0087]from +4mbar/s to +0mbar/s
1594740270:[BUOY  ,0089]need to transfer +26mL (pump during 31221ms)
1594740278:[PUMP  ,0207]battery 15467mV,   19642uA (warmup), P  +4637mbar
1594740278:[PUMP  ,0016]pump during 31221ms
1594740309:[PUMP  ,0212]battery 15267mV,  347456uA (steady state), P  +4637mbar
1594740334:[PRESS ,0038]P  +4797mbar,T -1567mdegC
1594740335:[PRESS ,0038]P  +4797mbar,T-14136mdegC
1594740337:[PRESS ,0038]P  +4807mbar,T+24918mdegC
1594740344:[PRESS ,0038]P  +4817mbar,T-14136mdegC
1594740346:[PRESS ,0038]P  +4807mbar,T -1567mdegC
1594740348:[PRESS ,0038]P  +4817mbar,T+24918mdegC
1594740350:[PRESS ,0038]P  +4817mbar,T -1567mdegC
1594740353:[PRESS ,0038]P  +4827mbar,T+24918mdegC
1594740357:[PRESS ,0038]P  +4817mbar,T -1567mdegC
1594740419:[PRESS ,0038]P  +4897mbar,T+24918mdegC
1594740480:[PRESS ,0038]P  +4957mbar,T+24918mdegC
1594740541:[PRESS ,0038]P  +5047mbar,T -1567mdegC
1594740541:[BUOY  ,0087]from +1mbar/s to +0mbar/s
1594740541:[BUOY  ,0089]need to transfer +2mL (pump during 2402ms)
1594740549:[PUMP  ,0207]battery 15445mV,   19520uA (warmup), P  +5047mbar
1594740549:[PUMP  ,0016]pump during 2402ms
1594740608:[PRESS ,0038]P  +5097mbar,T+24918mdegC
1594740610:[PRESS ,0038]P  +5087mbar,T -1567mdegC
1594740615:[PRESS ,0038]P  +5087mbar,T-28052mdegC
1594740617:[PRESS ,0038]P  +5087mbar,T+24918mdegC
1594740621:[PRESS ,0038]P  +5097mbar,T -1567mdegC
1594740624:[PRESS ,0038]P  +5097mbar,T+24918mdegC
1594740628:[PRESS ,0038]P  +5107mbar,T -1567mdegC
1594740630:[BUOY  ,0087]from +1mbar/s to +0mbar/s
1594740630:[BUOY  ,0089]need to transfer +2mL (pump during 2402ms)
1594740638:[PUMP  ,0207]battery 15448mV,   19398uA (warmup), P  +5107mbar
1594740638:[PUMP  ,0016]pump during 2402ms
1594740695:[PRESS ,0038]P  +5117mbar,T+24918mdegC
1594740708:[PRESS ,0038]P  +5107mbar,T -1567mdegC
1594740711:[PRESS ,0038]P  +5107mbar,T+24918mdegC
1594740713:[PRESS ,0038]P  +5107mbar,T -1567mdegC
1594740717:[PRESS ,0038]P  +5107mbar,T+24918mdegC
1594740719:[PRESS ,0038]P  +5097mbar,T -1567mdegC
1594740901:[MAIN  ,0140]stage[0] complete 1838s after mission start
1594740901:[MAIN  ,0056]stage[1]
1594740903:[MAIN  ,0024]internal pressure 81452Pa
1594740904:[MRMAID,0002]acq started
1594740914:[BUOY  ,0037]P  +5127mbar
1594740914:[STAGE ,0080]Stage [1] 5000mbar (+/-500mbar) 1800s (<1594742663s) MERMAID
1594740916:[STAGE ,0213]5107mbar reached at 1594740916s, ref 5000mbar +/-500mbar
1594740977:[PRESS ,0038]P  +5187mbar,T -1567mdegC
1594741037:[PRESS ,0038]P  +5277mbar,T-28052mdegC
1594741057:[MRMAID,0027]53dbar, -28degC
1594741098:[PRESS ,0038]P  +5367mbar,T -1567mdegC
1594741159:[PRESS ,0038]P  +5467mbar,T -1567mdegC
1594741159:[BUOY  ,0087]from +1mbar/s to +0mbar/s
1594741159:[BUOY  ,0089]need to transfer +2mL (pump during 2396ms)
1594741167:[PUMP  ,0207]battery 15478mV,   19886uA (warmup), P  +5467mbar
1594741167:[PUMP  ,0016]pump during 2396ms
1594741182:[MRMAID,0184]acq already started
1594741233:[PRESS ,0038]P  +5567mbar,T+24918mdegC
1594741235:[PRESS ,0038]P  +5557mbar,T -1567mdegC
1594741238:[PRESS ,0038]P  +5567mbar,T-28052mdegC
1594741249:[PRESS ,0038]P  +5587mbar,T+24918mdegC
1594741253:[PRESS ,0038]P  +5587mbar,T -1567mdegC
1594741254:[PRESS ,0038]P  +5597mbar,T-28052mdegC
1594741256:[PRESS ,0038]P  +5587mbar,T -1567mdegC
1594741258:<WARN>[BUOY  ,0094]stage[1] should ASCENT, stuck at 5587mbar for the #1 time
1594741258:[BUOY  ,0087]from +1mbar/s to -2mbar/s
1594741258:[BUOY  ,0089]need to transfer +8mL (pump during 9584ms)
1594741267:[PUMP  ,0207]battery 15477mV,   19764uA (warmup), P  +5587mbar
1594741267:[PUMP  ,0016]pump during 9584ms
1594741276:[PUMP  ,0212]battery 15273mV,  351116uA (steady state), P  +5587mbar
1594741289:[MRMAID,0184]acq already started
1594741333:[PRESS ,0038]P  +5597mbar,T-28052mdegC
1594741334:[PRESS ,0038]P  +5607mbar,T+24918mdegC
1594741336:[PRESS ,0038]P  +5587mbar,T -1567mdegC
1594741338:[PRESS ,0038]P  +5597mbar,T-28052mdegC
1594741340:[PRESS ,0038]P  +5587mbar,T -1567mdegC
1594741343:[PRESS ,0038]P  +5597mbar,T-28052mdegC
1594741345:[PRESS ,0038]P  +5587mbar,T+24918mdegC
1594741347:[PRESS ,0038]P  +5577mbar,T -1567mdegC
1594741351:[PRESS ,0038]P  +5577mbar,T+10997mdegC
1594741352:[PRESS ,0038]P  +5577mbar,T-28052mdegC
1594741356:[PRESS ,0038]P  +5577mbar,T+10997mdegC
1594741358:[PRESS ,0038]P  +5567mbar,T-28052mdegC
1594741418:[PRESS ,0038]P  +5517mbar,T -1567mdegC
1594741422:[PRESS ,0038]P  +5507mbar,T-28052mdegC
1594741424:[PRESS ,0038]P  +5517mbar,T -1567mdegC
1594741429:[PRESS ,0038]P  +5507mbar,T+24918mdegC
1594741431:[PRESS ,0038]P  +5507mbar,T -1567mdegC
1594741435:[PRESS ,0038]P  +5507mbar,T-28052mdegC
1594741436:[PRESS ,0038]P  +5507mbar,T -1567mdegC
1594741442:[PRESS ,0038]P  +5497mbar,T+24918mdegC
1594741444:[PRESS ,0038]P  +5487mbar,T -1567mdegC
1594741565:[PRESS ,0038]P  +5377mbar,T -1567mdegC
1594741626:[PRESS ,0038]P  +5337mbar,T+24918mdegC
1594741686:[PRESS ,0038]P  +5317mbar,T -1567mdegC
1594741808:[PRESS ,0038]P  +5257mbar,T -1567mdegC
1594741990:[PRESS ,0038]P  +5227mbar,T+10997mdegC
1594742050:[PRESS ,0038]P  +5207mbar,T -1567mdegC
1594742111:[PRESS ,0038]P  +5197mbar,T+10997mdegC
1594742159:[MRMAID,0059]stop canceled
1594742172:[PRESS ,0038]P  +5227mbar,T-28052mdegC
1594742173:[MRMAID,0005]ascent request rejected
1594742258:[MRMAID,0027]52dbar, -28degC
1594742293:[PRESS ,0038]P  +5227mbar,T -1567mdegC
1594742354:[PRESS ,0038]P  +5217mbar,T-28052mdegC
1594742475:[PRESS ,0038]P  +5217mbar,T -1567mdegC
1594742536:[PRESS ,0038]P  +5217mbar,T-28052mdegC
1594742718:[MAIN  ,0140]stage[1] complete 3655s after mission start
1594743321:<ERR>[MRMAID,0008]acq not stopped
1594743360:[MRMAID,0003]acq stopped
1594743360:[MRMAID,0052]Mermaid $MEASFS,96155,2403.041412,40.013876;
1594743375:[MRMAID,0005]ascent request rejected
1594743382:[MSSION,0192]mission stopped, 2 stage(s) done
1594743382:[MAIN  ,0065]surfacing
1594743384:[PRESS ,0038]P  +5407mbar,T+10997mdegC
1594743384:[SURFIN,0036]P  +5407mbar
1594743392:[PUMP  ,0207]battery 15508mV,   19520uA (warmup), P  +5407mbar
1594743392:[PUMP  ,0016]pump during 60000ms
1594743451:[PUMP  ,0212]battery 15288mV,  364536uA (steady state), P  +5407mbar
1594743509:[PRESS ,0038]P  +5147mbar,T+10997mdegC
1594743510:[PRESS ,0038]P  +5147mbar,T-28052mdegC
1594743512:[PRESS ,0038]P  +5137mbar,T+10997mdegC
1594743514:[PRESS ,0038]P  +5127mbar,T-28052mdegC
1594743516:[PRESS ,0038]P  +5117mbar,T -1567mdegC
1594743518:[PRESS ,0038]P  +5107mbar,T+10997mdegC
1594743521:[PRESS ,0038]P  +5097mbar,T-28052mdegC
1594743528:[PRESS ,0038]P  +5077mbar,T+10997mdegC
1594743542:[PUMP  ,0207]battery 15412mV,   19520uA (warmup), P  +5057mbar
1594743542:[PUMP  ,0016]pump during 60000ms
1594743601:[PUMP  ,0212]battery 15200mV,  356484uA (steady state), P  +5057mbar
1594743658:[PRESS ,0038]P  +4387mbar,T -1567mdegC
1594743662:[PRESS ,0038]P  +4357mbar,T+10997mdegC
1594743664:[PRESS ,0038]P  +4347mbar,T-28052mdegC
1594743666:[PRESS ,0038]P  +4337mbar,T -1567mdegC
1594743667:[PRESS ,0038]P  +4327mbar,T-28052mdegC
1594743673:[PRESS ,0038]P  +4277mbar,T+10997mdegC
1594743678:[PRESS ,0038]P  +4237mbar,T-28052mdegC
1594743683:[PRESS ,0038]P  +4207mbar,T+10997mdegC
1594743692:[PUMP  ,0207]battery 15342mV,   19642uA (warmup), P  +4207mbar
1594743692:[PUMP  ,0016]pump during 60000ms
1594743751:[PUMP  ,0212]battery 15132mV,  355264uA (steady state), P  +4207mbar
1594743808:[PRESS ,0038]P  +3417mbar,T+10997mdegC
1594743812:[PRESS ,0038]P  +3387mbar,T-28052mdegC
1594743814:[PRESS ,0038]P  +3377mbar,T -1567mdegC
1594743815:[PRESS ,0038]P  +3367mbar,T-28052mdegC
1594743821:[PRESS ,0038]P  +3327mbar,T+10997mdegC
1594743824:[PRESS ,0038]P  +3307mbar,T -1567mdegC
1594743826:[PRESS ,0038]P  +3287mbar,T-28052mdegC
1594743828:[PRESS ,0038]P  +3287mbar,T-15491mdegC
1594743830:[PRESS ,0038]P  +3267mbar,T+10997mdegC
1594743833:[PRESS ,0038]P  +3257mbar,T -1567mdegC
1594743841:[PUMP  ,0207]battery 15296mV,   19642uA (warmup), P  +3257mbar
1594743842:[PUMP  ,0016]pump during 60000ms
1594743900:[PUMP  ,0212]battery 15093mV,  339404uA (steady state), P  +3257mbar
1594743958:[PRESS ,0038]P  +2457mbar,T-28052mdegC
1594743960:[PRESS ,0038]P  +2457mbar,T -1567mdegC
1594743962:[PRESS ,0038]P  +2447mbar,T+10997mdegC
1594743964:[PRESS ,0038]P  +2437mbar,T -1567mdegC
1594743965:[PRESS ,0038]P  +2437mbar,T-28052mdegC
1594743967:[PRESS ,0038]P  +2427mbar,T+10997mdegC
1594743969:[PRESS ,0038]P  +2407mbar,T-28052mdegC
1594743971:[PRESS ,0038]P  +2397mbar,T+10997mdegC
1594743973:[PRESS ,0038]P  +2387mbar,T-28052mdegC
1594743978:[PRESS ,0038]P  +2357mbar,T+10997mdegC
1594743980:[PRESS ,0038]P  +2357mbar,T-28052mdegC
1594743991:[PUMP  ,0207]battery 15267mV,   19642uA (warmup), P  +2337mbar
1594743991:[PUMP  ,0016]pump during 60000ms
1594744050:[PUMP  ,0212]battery 15062mV,  348066uA (steady state), P  +2337mbar
1594744108:[PRESS ,0038]P  +1677mbar,T-28052mdegC
1594744113:[PRESS ,0038]P  +1627mbar,T+10997mdegC
1594744119:[PRESS ,0038]P  +1597mbar,T-28052mdegC
1594744121:[PRESS ,0038]P  +1587mbar,T+10997mdegC
1594744131:[PRESS ,0038]P  +1517mbar,T+10997mdegC
1594744141:[PUMP  ,0207]battery 15250mV,   19764uA (warmup), P  +1527mbar
1594744141:[PUMP  ,0016]pump during 60000ms
1594744200:[PUMP  ,0212]battery 15050mV,  333548uA (steady state), P  +1527mbar
1594744258:[PRESS ,0038]P   +667mbar,T -1567mdegC
1594744260:[PRESS ,0038]P   +647mbar,T-28052mdegC
1594744261:[PRESS ,0038]P   +637mbar,T+10997mdegC
1594744263:[PRESS ,0038]P   +637mbar,T-28052mdegC
1594744272:[PRESS ,0038]P   +567mbar,T+10997mdegC
1594744274:[PRESS ,0038]P   +557mbar,T-28052mdegC
1594744276:[PRESS ,0038]P   +537mbar,T+10997mdegC
1594744278:[PRESS ,0038]P   +527mbar,T-28052mdegC
1594744281:[PRESS ,0038]P   +507mbar,T -1567mdegC
1594744283:[PRESS ,0038]P   +477mbar,T+10997mdegC
1594744285:[PRESS ,0038]P   +487mbar,T-28052mdegC
1594744287:[PRESS ,0038]P   +467mbar,T+10997mdegC
1594744287:[SURFIN,0020]filling external bladder
1594744295:[PUMP  ,0207]battery 15243mV,   19764uA (warmup), P   +467mbar
1594744295:[PUMP  ,0016]pump during 300000ms
1594744593:[PUMP  ,0212]battery 14752mV, 1115080uA (steady state), P   +467mbar
1594744604:[PUMP  ,0207]battery 14765mV,   19764uA (warmup), P   +467mbar
1594744604:[PUMP  ,0016]pump during 300000ms
1594744728:[PUMP  ,0212]battery 14415mV, 1039440uA (steady state), P   +467mbar
1594744730:[SURFIN,0019]external bladder full
1594744732:[PRESS ,0038]P   +200mbar,T -1567mdegC
1594744737:[PRESS ,0038]P   +190mbar,T-28052mdegC
1594744739:[PRESS ,0038]P   +210mbar,T -1567mdegC
1594744741:[PRESS ,0038]P   +190mbar,T-28052mdegC
1594744743:[PRESS ,0038]P   +200mbar,T -1567mdegC
1594744745:[PRESS ,0038]P   +190mbar,T-28052mdegC
1594744748:[PRESS ,0038]P   +200mbar,T -1567mdegC
1594744755:[PRESS ,0038]P   +200mbar,T-28052mdegC
1594744792:[MAIN  ,0272]Vbat 14986mV (min 14933mV)
1594744794:[MAIN  ,0024]internal pressure 78572Pa
1594744794:[MAIN  ,0043]Pext 195mbar (rng 20mbar)
1594744794:[MAIN  ,0064]surface
1594744807:[SURF  ,0022]GPS fix...
1594744827:[SURF  ,0015]10 PPS detected...
1594744828:[MRMAID,0052]Mermaid $GPSACK:+0,+0,+0,+0,+0,+0,-701;
1594744838:[MRMAID,0052]Mermaid $GPSOFF:3686332;
1594744839:[GPSFIX,0179]+0s diff
1594744839:[SURF  ,0222]2020-07-14T16:40:39
1594744839:[SURF  ,0082]Latitude : N43deg40.936mn, Longitude :E007deg19.179mn
1594744839:[SURF  ,0223]fix3D,8satellites
1594744839:[SURF  ,0084]GPS fix GPGSA : hdop0.740,vdop1.100
1594744849:[SURF  ,0274]last almanac : 21328
1594744925:[MRMAID,0026]26017 bytes in 0071/5F0DE016.MER
1594744931:[MAIN  ,0320]New pressure offset: 195mbar
1594744931:[LOGBIN,0078]*** switching to 0071/5F0DE063 ***
