1594751737:[MAIN  ,0007]buoy 452.120-R-0071
1594751737:[MAIN  ,0055]soft pilotage 452.012.300_V2.21-20200701
1594751737:[MAIN  ,0010]cycle 5
1594751737:[SURF  ,0225]surface2
1594751753:[SURF  ,0022]GPS fix...
1594751774:[SURF  ,0015]10 PPS detected...
1594751775:[MRMAID,0052]Mermaid $GPSACK:+0,+0,+0,+0,+0,+0,+0;
1594751785:[MRMAID,0052]Mermaid $GPSOFF:3686332;
1594751785:[GPSFIX,0179]-1s diff
1594751786:[SURF  ,0222]2020-07-14T18:36:26
1594751786:[SURF  ,0082]Latitude : N43deg40.934mn, Longitude :E007deg19.182mn
1594751786:[SURF  ,0223]fix3D,10satellites
1594751786:[SURF  ,0084]GPS fix GPGSA : hdop0.600,vdop0.980
1594751796:[SURF  ,0025]Iridium...
1594751832:[SURF  ,0009]connected in 36s, signal quality 5
1594751904:[SURF  ,0218]prompt received, remote cmd end
1594751904:[SURF  ,0012]14 cmd(s) received
1594751930:[UPLOAD,0248]Upload data files...
1594751956:[UPLOAD,0231]"0071/5F0DFAEC.MER" uploaded at 112bytes/s
1594752057:[UPLOAD,0231]"0071/5F0DE063.BIN" uploaded at 135bytes/s
1594752073:[MAIN  ,0013]2 file(s) uploaded
1594752108:[SURF  ,0014]disconnected after 312s
1594752113:[SURFIN,0020]filling external bladder
1594752121:[PUMP  ,0207]battery 15143mV,   19276uA (warmup), P   +190mbar
1594752121:[PUMP  ,0016]pump during 300000ms
1594752129:[PUMP  ,0212]battery 14735mV, 1076284uA (steady state), P   +190mbar
1594752131:[SURFIN,0019]external bladder full
1594752131:[SURF  ,0227]1st complete transfer
1594752393:[SURF  ,0022]GPS fix...
1594752413:[SURF  ,0015]10 PPS detected...
1594752414:[MRMAID,0052]Mermaid $GPSACK:+0,+0,+0,+0,+0,+1,-999908;
1594752424:[MRMAID,0052]Mermaid $GPSOFF:3686331;
1594752425:[GPSFIX,0179]+0s diff
1594752425:[SURF  ,0222]2020-07-14T18:47:05
1594752425:[SURF  ,0082]Latitude : N43deg40.933mn, Longitude :E007deg19.182mn
1594752425:[SURF  ,0223]fix3D,10satellites
1594752425:[SURF  ,0084]GPS fix GPGSA : hdop0.600,vdop0.970
1594752435:[SURF  ,0025]Iridium...
1594752472:[SURF  ,0009]connected in 37s, signal quality 5
1594752541:[SURF  ,0218]prompt received, remote cmd end
1594752541:[SURF  ,0012]13 cmd(s) received
1594752581:[SURF  ,0014]disconnected after 146s
1594752586:[SURFIN,0020]filling external bladder
1594752589:[SURFIN,0019]external bladder full
1594752589:[SURF  ,0226]Go dive (Minimum surface delay expired and no more file to upload)
1594752606:[SURF  ,0022]GPS fix...
1594752626:[SURF  ,0015]10 PPS detected...
1594752627:[MRMAID,0052]Mermaid $GPSACK:+0,+0,+0,+0,+0,+0,-30;
1594752637:[MRMAID,0052]Mermaid $GPSOFF:3686331;
1594752638:[GPSFIX,0179]-1s diff
1594752639:[SURF  ,0222]2020-07-14T18:50:39
1594752639:[SURF  ,0082]Latitude : N43deg40.933mn, Longitude :E007deg19.182mn
1594752639:[SURF  ,0223]fix3D,9satellites
1594752639:[SURF  ,0084]GPS fix GPGSA : hdop0.630,vdop1.000
1594752656:[MAIN  ,0024]internal pressure 78780Pa
1594752657:[BYCMD ,0107]    FreeRTOS V8.2.3
1594752657:[BYCMD ,0108]    FatFS v11a
1594752657:[BYCMD ,0120]    bypass 10000ms 60000ms (20000ms 60000ms stored)
1594752657:[BYCMD ,0121]    valve 60000ms 12750 (60000ms 12750 stored)
1594752657:[BYCMD ,0122]    pump 60000ms 30% 10750 80% (60000ms 30% 10750 80% stored)
1594752657:[BYCMD ,0123]    rate 2mbar/s (2mbar/s stored)
1594752657:[BYCMD ,0124]    surface 500mbar (500mbar stored)
1594752657:[BYCMD ,0125]    near 1500mbar 3mbar/s (15000mbar 3mbar/s stored)
1594752657:[BYCMD ,0126]    far 2500mbar 4mbar/s (25000mbar 4mbar/s stored)
1594752657:[BYCMD ,0127]    ascent 8mbar/s (8mbar/s stored)
1594752657:[BYCMD ,0128]    dead 60s (300s stored)
1594752657:[BYCMD ,0129]    coeff 16/10 (16/10 stored)
1594752657:[BYCMD ,0130]    stab 10 (10 stored)
1594752657:[BYCMD ,0131]    delay 900s 3600s (900s 3600s stored)
1594752657:[BYCMD ,0132]    mmtime 2880min (2880min stored)
1594752657:[BYCMD ,0133]    dv_landing 100ml (100ml stored)
1594752657:[MKDCMD,0150]    p2t37: 15x2000ms, offset 190mbar
1594752657:[P2TCMD,0151]    p2t37: dp 50mbar, dt 5000mdegC
1594752658:[STAGE ,0080]Stage [0] 5000mbar (+/-500mbar) 1800s (<1800s) 
1594752658:[STAGE ,0080]Stage [1] 5000mbar (+/-500mbar) 1800s (<3600s) 
1594752658:[MAIN  ,0070]turn off bluetooth
1594752660:[PRESS ,0038]P    -10mbar,T+24918mdegC
1594752662:[PRESS ,0038]P    -10mbar,T -1567mdegC
1594752664:[PRESS ,0038]P    -10mbar,T+24918mdegC
1594752666:[PRESS ,0038]P    -10mbar,T-14136mdegC
1594752668:[PRESS ,0038]P    -10mbar,T+24918mdegC
1594752671:[PRESS ,0038]P    -10mbar,T -1567mdegC
1594752673:[PRESS ,0038]P     +0mbar,T+24918mdegC
1594752682:[PRESS ,0038]P    -10mbar,T -1567mdegC
1594752684:[PRESS ,0038]P    -10mbar,T+24918mdegC
1594752685:[PRESS ,0038]P    -10mbar,T-14136mdegC
1594752686:[DIVING,0141]diving from -10mbar, +0mbar/s
1594752686:[BYPASS,0035]bypass opening 60000ms
1594752691:[BYPASS,0104]battery 15147mV,  254614uA (bypass opening), P    -10mbar
1594752756:[BYPASS,0106]battery 15146mV,  297436uA (bypass closing), P    -10mbar
1594752757:[PRESS ,0038]P   -130mbar,T+24918mdegC
1594752759:[PRESS ,0038]P   -130mbar,T-14136mdegC
1594752763:[PRESS ,0038]P   -140mbar,T+24918mdegC
1594752765:[PRESS ,0038]P   -130mbar,T-14136mdegC
1594752766:[PRESS ,0038]P   -130mbar,T+24918mdegC
1594752768:[PRESS ,0038]P   -140mbar,T -1567mdegC
1594752770:[PRESS ,0038]P   -140mbar,T+24918mdegC
1594752772:[PRESS ,0038]P   -130mbar,T -1567mdegC
1594752779:[PRESS ,0038]P   -130mbar,T+24918mdegC
1594752782:[PRESS ,0038]P   -120mbar,T -1567mdegC
1594752782:[BYPASS,0035]bypass opening 10000ms
1594752788:[BYPASS,0104]battery 15165mV,  251930uA (bypass opening), P   -120mbar
1594752803:[BYPASS,0106]battery 15146mV,  296216uA (bypass closing), P   -120mbar
1594752804:[PRESS ,0038]P   -140mbar,T+24918mdegC
1594752813:[PRESS ,0038]P   -140mbar,T -1567mdegC
1594752822:[PRESS ,0038]P   -150mbar,T-28052mdegC
1594752824:[PRESS ,0038]P   -140mbar,T+24918mdegC
1594752828:[PRESS ,0038]P   -130mbar,T -1567mdegC
1594752829:[PRESS ,0038]P   -150mbar,T+24918mdegC
1594752829:[BYPASS,0035]bypass opening 10000ms
1594752834:[BYPASS,0104]battery 15167mV,  248880uA (bypass opening), P   -150mbar
1594752849:[BYPASS,0106]battery 15147mV,  295240uA (bypass closing), P   -150mbar
1594752855:[PRESS ,0038]P   -130mbar,T-14136mdegC
1594752857:[PRESS ,0038]P   -140mbar,T -1567mdegC
1594752858:[PRESS ,0038]P   -140mbar,T+24918mdegC
1594752860:[PRESS ,0038]P   -140mbar,T -1567mdegC
1594752864:[PRESS ,0038]P   -140mbar,T+24918mdegC
1594752867:[PRESS ,0038]P   -160mbar,T -1567mdegC
1594752873:[PRESS ,0038]P   -140mbar,T+24918mdegC
1594752875:[PRESS ,0038]P   -160mbar,T -1567mdegC
1594752876:[PRESS ,0038]P   -150mbar,T+24918mdegC
1594752876:[BYPASS,0035]bypass opening 10000ms
1594752881:[BYPASS,0104]battery 15167mV,  249612uA (bypass opening), P   -150mbar
1594752896:[BYPASS,0106]battery 15148mV,  294264uA (bypass closing), P   -150mbar
1594752900:[PRESS ,0038]P   -140mbar,T -1567mdegC
1594752902:[PRESS ,0038]P   -140mbar,T+24918mdegC
1594752904:[PRESS ,0038]P   -150mbar,T-28052mdegC
1594752905:[PRESS ,0038]P   -140mbar,T+24918mdegC
1594752911:[PRESS ,0038]P   -130mbar,T -1567mdegC
1594752913:[PRESS ,0038]P   -120mbar,T+24918mdegC
1594752914:[PRESS ,0038]P   -130mbar,T -1567mdegC
1594752920:[PRESS ,0038]P   -130mbar,T+24918mdegC
1594752922:[PRESS ,0038]P   -140mbar,T -1567mdegC
1594752923:[BYPASS,0035]bypass opening 10000ms
1594752928:[BYPASS,0104]battery 15168mV,  250466uA (bypass opening), P   -130mbar
1594752944:[BYPASS,0106]battery 15150mV,  293532uA (bypass closing), P   -130mbar
1594752945:[PRESS ,0038]P   -130mbar,T+24918mdegC
1594752949:[PRESS ,0038]P   -130mbar,T -1567mdegC
1594752951:[PRESS ,0038]P   -140mbar,T+24918mdegC
1594752956:[PRESS ,0038]P   -140mbar,T-14136mdegC
1594752958:[PRESS ,0038]P   -140mbar,T+24918mdegC
1594752960:[PRESS ,0038]P   -140mbar,T -1567mdegC
1594752961:[PRESS ,0038]P   -140mbar,T+24918mdegC
1594752965:[PRESS ,0038]P   -140mbar,T -1567mdegC
1594752967:[PRESS ,0038]P   -140mbar,T+24918mdegC
1594752969:[PRESS ,0038]P   -140mbar,T -1567mdegC
1594752970:[BYPASS,0035]bypass opening 10000ms
1594752976:[BYPASS,0104]battery 15171mV,  249978uA (bypass opening), P   -140mbar
1594752991:[BYPASS,0106]battery 15151mV,  292922uA (bypass closing), P   -140mbar
1594752994:[PRESS ,0038]P   -130mbar,T+24918mdegC
1594752998:[PRESS ,0038]P   -140mbar,T -1567mdegC
1594753000:[PRESS ,0038]P   -120mbar,T+24918mdegC
1594753003:[PRESS ,0038]P   -120mbar,T -1567mdegC
1594753005:[PRESS ,0038]P   -110mbar,T+24918mdegC
1594753007:[PRESS ,0038]P   -130mbar,T -1567mdegC
1594753010:[PRESS ,0038]P   -120mbar,T+24918mdegC
1594753012:[PRESS ,0038]P   -120mbar,T -1567mdegC
1594753014:[PRESS ,0038]P   -120mbar,T+24918mdegC
1594753016:[PRESS ,0038]P   -130mbar,T -1567mdegC
1594753017:[PRESS ,0038]P   -140mbar,T+24918mdegC
1594753018:[BYPASS,0035]bypass opening 10000ms
1594753023:[BYPASS,0104]battery 15168mV,  250588uA (bypass opening), P   -140mbar
1594753038:[BYPASS,0106]battery 15152mV,  292312uA (bypass closing), P   -140mbar
1594753043:[PRESS ,0038]P   -130mbar,T-14136mdegC
1594753045:[PRESS ,0038]P   -130mbar,T+24918mdegC
1594753050:[PRESS ,0038]P   -130mbar,T-14136mdegC
1594753052:[PRESS ,0038]P   -140mbar,T -1567mdegC
1594753054:[PRESS ,0038]P   -120mbar,T+24918mdegC
1594753056:[PRESS ,0038]P   -130mbar,T -1567mdegC
1594753059:[PRESS ,0038]P   -110mbar,T+24918mdegC
1594753064:[PRESS ,0038]P   -110mbar,T-14136mdegC
1594753064:[BYPASS,0035]bypass opening 10000ms
1594753070:[BYPASS,0104]battery 15172mV,  256078uA (bypass opening), P   -110mbar
1594753085:[BYPASS,0106]battery 15152mV,  291702uA (bypass closing), P   -110mbar
1594753086:[PRESS ,0038]P    -80mbar,T -1567mdegC
1594753088:[PRESS ,0038]P    -80mbar,T-14136mdegC
1594753090:[PRESS ,0038]P    -80mbar,T -1567mdegC
1594753092:[PRESS ,0038]P    -70mbar,T+24918mdegC
1594753095:[PRESS ,0038]P    -60mbar,T-14136mdegC
1594753097:[PRESS ,0038]P    -50mbar,T+24918mdegC
1594753106:[PRESS ,0038]P    -30mbar,T -1567mdegC
1594753108:[PRESS ,0038]P    -20mbar,T+24918mdegC
1594753110:[PRESS ,0038]P    -10mbar,T -1567mdegC
1594753114:[PRESS ,0038]P     +0mbar,T+24918mdegC
1594753123:[PRESS ,0038]P    +20mbar,T -1567mdegC
1594753131:[PRESS ,0038]P    +40mbar,T+24918mdegC
1594753134:[PRESS ,0038]P    +40mbar,T-14136mdegC
1594753137:[PRESS ,0038]P    +50mbar,T+24918mdegC
1594753142:[PRESS ,0038]P    +60mbar,T -1567mdegC
1594753148:[PRESS ,0038]P    +60mbar,T+24918mdegC
1594753150:[PRESS ,0038]P    +60mbar,T-14136mdegC
1594753153:[PRESS ,0038]P    +70mbar,T -1567mdegC
1594753156:[PRESS ,0038]P    +90mbar,T+24918mdegC
1594753159:[PRESS ,0038]P   +100mbar,T -1567mdegC
1594753162:[PRESS ,0038]P   +110mbar,T+24918mdegC
1594753165:[PRESS ,0038]P   +120mbar,T-14136mdegC
1594753170:[PRESS ,0038]P   +130mbar,T+24918mdegC
1594753173:[PRESS ,0038]P   +150mbar,T -1567mdegC
1594753176:[PRESS ,0038]P   +170mbar,T+24918mdegC
1594753184:[PRESS ,0038]P   +180mbar,T -1567mdegC
1594753187:[PRESS ,0038]P   +180mbar,T+24918mdegC
1594753201:[PRESS ,0038]P   +220mbar,T -1567mdegC
1594753203:[PRESS ,0038]P   +230mbar,T+24918mdegC
1594753206:[PRESS ,0038]P   +230mbar,T -1567mdegC
1594753212:[PRESS ,0038]P   +250mbar,T-14136mdegC
1594753215:[PRESS ,0038]P   +260mbar,T+24918mdegC
1594753217:[PRESS ,0038]P   +250mbar,T-14136mdegC
1594753223:[PRESS ,0038]P   +270mbar,T+24918mdegC
1594753226:[PRESS ,0038]P   +280mbar,T -1567mdegC
1594753229:[PRESS ,0038]P   +280mbar,T-28052mdegC
1594753231:[PRESS ,0038]P   +290mbar,T -1567mdegC
1594753234:[PRESS ,0038]P   +300mbar,T+24918mdegC
1594753240:[PRESS ,0038]P   +320mbar,T -1567mdegC
1594753243:[PRESS ,0038]P   +330mbar,T-14136mdegC
1594753245:[PRESS ,0038]P   +340mbar,T+24918mdegC
1594753254:[PRESS ,0038]P   +360mbar,T-14136mdegC
1594753257:[PRESS ,0038]P   +370mbar,T+24918mdegC
1594753262:[PRESS ,0038]P   +370mbar,T -1567mdegC
1594753265:[PRESS ,0038]P   +380mbar,T+24918mdegC
1594753276:[PRESS ,0038]P   +380mbar,T-14136mdegC
1594753279:[PRESS ,0038]P   +390mbar,T -1567mdegC
1594753279:[BYPASS,0035]bypass opening 10000ms
1594753284:[BYPASS,0104]battery 15220mV,  256810uA (bypass opening), P   +390mbar
1594753299:[BYPASS,0106]battery 15197mV,  293410uA (bypass closing), P   +390mbar
1594753303:[PRESS ,0038]P   +410mbar,T+24918mdegC
1594753308:[PRESS ,0038]P   +430mbar,T -1567mdegC
1594753310:[PRESS ,0038]P   +440mbar,T+24918mdegC
1594753313:[PRESS ,0038]P   +430mbar,T-14136mdegC
1594753315:[PRESS ,0038]P   +430mbar,T+24918mdegC
1594753319:[PRESS ,0038]P   +440mbar,T -1567mdegC
1594753320:[PRESS ,0038]P   +440mbar,T+24918mdegC
1594753326:[PRESS ,0038]P   +440mbar,T -1567mdegC
1594753326:[BYPASS,0035]bypass opening 10000ms
1594753331:[BYPASS,0104]battery 15215mV,  254980uA (bypass opening), P   +440mbar
1594753346:[BYPASS,0106]battery 15193mV,  292312uA (bypass closing), P   +440mbar
1594753348:[PRESS ,0038]P   +470mbar,T+24918mdegC
1594753350:[PRESS ,0038]P   +450mbar,T-14136mdegC
1594753351:[PRESS ,0038]P   +460mbar,T+24918mdegC
1594753364:[PRESS ,0038]P   +470mbar,T-28052mdegC
1594753366:[PRESS ,0038]P   +480mbar,T+24918mdegC
1594753371:[PRESS ,0038]P   +480mbar,T -1567mdegC
1594753373:[PRESS ,0038]P   +480mbar,T+24918mdegC
1594753373:[BYPASS,0035]bypass opening 10000ms
1594753378:[BYPASS,0104]battery 15210mV,  251198uA (bypass opening), P   +480mbar
1594753393:[BYPASS,0106]battery 15190mV,  291580uA (bypass closing), P   +480mbar
1594753395:[PRESS ,0038]P   +510mbar,T-14136mdegC
1594753396:[PRESS ,0038]P   +500mbar,T+24918mdegC
1594753400:[PRESS ,0038]P   +500mbar,T -1567mdegC
1594753402:[PRESS ,0038]P   +510mbar,T+24918mdegC
1594753407:[PRESS ,0038]P   +500mbar,T-14136mdegC
1594753411:[PRESS ,0038]P   +510mbar,T+24918mdegC
1594753414:[PRESS ,0038]P   +490mbar,T -1567mdegC
1594753416:[PRESS ,0038]P   +500mbar,T+24918mdegC
1594753422:[PRESS ,0038]P   +510mbar,T -1567mdegC
1594753422:[DIVING,0028]510mbar reached (+0mbar/s), 11 bypass done
1594753422:[MAIN  ,0056]stage[0]
1594753424:[MAIN  ,0024]internal pressure 81891Pa
1594753425:[PRESS ,0038]P   +520mbar,T+24918mdegC
1594753425:[BUOY  ,0037]P   +520mbar
1594753425:[STAGE ,0080]Stage [0] 5000mbar (+/-500mbar) 1800s (<1594755222s) 
1594753427:[PRESS ,0038]P   +520mbar,T -1567mdegC
1594753427:[BUOY  ,0087]from +1mbar/s to +4mbar/s
1594753427:[BUOY  ,0090]need to transfer -24mL (valve during 13909ms)
1594753427:[VALVE ,0034]valve opening 13909ms
1594753441:[VALVE ,0234]battery 15116mV,  503372uA, P   +520mbar
1594753488:[PRESS ,0038]P   +540mbar,T-14136mdegC
1594753491:[PRESS ,0038]P   +540mbar,T -1567mdegC
1594753493:[PRESS ,0038]P   +540mbar,T+24918mdegC
1594753495:[PRESS ,0038]P   +540mbar,T -1567mdegC
1594753497:[PRESS ,0038]P   +540mbar,T-14136mdegC
1594753499:[PRESS ,0038]P   +540mbar,T+24918mdegC
1594753502:[PRESS ,0038]P   +540mbar,T-14136mdegC
1594753504:[PRESS ,0038]P   +540mbar,T -1567mdegC
1594753506:[PRESS ,0038]P   +550mbar,T+24918mdegC
1594753511:[PRESS ,0038]P   +560mbar,T -1567mdegC
1594753513:[PRESS ,0038]P   +570mbar,T-14136mdegC
1594753513:[BUOY  ,0087]from +1mbar/s to +4mbar/s
1594753513:[BUOY  ,0090]need to transfer -24mL (valve during 13304ms)
1594753513:[VALVE ,0034]valve opening 13304ms
1594753526:[VALVE ,0234]battery 15110mV,  496662uA, P   +570mbar
1594753574:[PRESS ,0038]P   +710mbar,T-14136mdegC
1594753577:[PRESS ,0038]P   +730mbar,T+24918mdegC
1594753583:[PRESS ,0038]P   +760mbar,T-14136mdegC
1594753585:[PRESS ,0038]P   +750mbar,T -1567mdegC
1594753586:[PRESS ,0038]P   +760mbar,T+24918mdegC
1594753590:[PRESS ,0038]P   +780mbar,T-14136mdegC
1594753594:[PRESS ,0038]P   +780mbar,T+24918mdegC
1594753660:[PRESS ,0038]P  +1030mbar,T+24918mdegC
1594753663:[PRESS ,0038]P  +1050mbar,T-14136mdegC
1594753667:[PRESS ,0038]P  +1070mbar,T+24918mdegC
1594753670:[PRESS ,0038]P  +1080mbar,T-14136mdegC
1594753674:[PRESS ,0038]P  +1090mbar,T+24918mdegC
1594753679:[PRESS ,0038]P  +1110mbar,T-14136mdegC
1594753681:[PRESS ,0038]P  +1110mbar,T -1567mdegC
1594753683:[PRESS ,0038]P  +1120mbar,T-14136mdegC
1594753745:[PRESS ,0038]P  +1310mbar,T+24918mdegC
1594753756:[PRESS ,0038]P  +1350mbar,T-14136mdegC
1594753763:[PRESS ,0038]P  +1370mbar,T+24918mdegC
1594753765:[PRESS ,0038]P  +1380mbar,T-14136mdegC
1594753767:[PRESS ,0038]P  +1380mbar,T+24918mdegC
1594753831:[PRESS ,0038]P  +1620mbar,T-14136mdegC
1594753833:[PRESS ,0038]P  +1640mbar,T+24918mdegC
1594753838:[PRESS ,0038]P  +1660mbar,T+12347mdegC
1594753840:[PRESS ,0038]P  +1660mbar,T+24918mdegC
1594753849:[PRESS ,0038]P  +1690mbar,T -1567mdegC
1594753850:[PRESS ,0038]P  +1690mbar,T+12347mdegC
1594753852:[PRESS ,0038]P  +1700mbar,T+24918mdegC
1594753854:[PRESS ,0038]P  +1710mbar,T-14136mdegC
1594753856:[PRESS ,0038]P  +1710mbar,T -1567mdegC
1594753917:[PRESS ,0038]P  +1820mbar,T+24918mdegC
1594753920:[PRESS ,0038]P  +1830mbar,T-14136mdegC
1594753924:[PRESS ,0038]P  +1820mbar,T+24918mdegC
1594753927:[PRESS ,0038]P  +1830mbar,T-14136mdegC
1594753929:[PRESS ,0038]P  +1840mbar,T+24918mdegC
1594753933:[PRESS ,0038]P  +1840mbar,T-14136mdegC
1594753934:[PRESS ,0038]P  +1850mbar,T -1567mdegC
1594753936:[PRESS ,0038]P  +1850mbar,T-14136mdegC
1594753938:[PRESS ,0038]P  +1850mbar,T+24918mdegC
1594753940:[PRESS ,0038]P  +1850mbar,T-14136mdegC
1594753942:[PRESS ,0038]P  +1870mbar,T+24918mdegC
1594753942:[BUOY  ,0087]from +2mbar/s to +4mbar/s
1594753942:[BUOY  ,0090]need to transfer -20mL (valve during 5930ms)
1594753942:[VALVE ,0034]valve opening 5930ms
1594753948:[VALVE ,0234]battery 15171mV,  504714uA, P  +1870mbar
1594754003:[PRESS ,0038]P  +2080mbar,T+24918mdegC
1594754004:[PRESS ,0038]P  +2090mbar,T-14136mdegC
1594754010:[PRESS ,0038]P  +2120mbar,T+24918mdegC
1594754013:[PRESS ,0038]P  +2120mbar,T-14136mdegC
1594754015:[PRESS ,0038]P  +2140mbar,T+24918mdegC
1594754020:[PRESS ,0038]P  +2150mbar,T-14136mdegC
1594754024:[PRESS ,0038]P  +2170mbar,T -1567mdegC
1594754026:[PRESS ,0038]P  +2180mbar,T+24918mdegC
1594754028:[PRESS ,0038]P  +2190mbar,T+12347mdegC
1594754088:[PRESS ,0038]P  +2290mbar,T-14136mdegC
1594754090:[PRESS ,0038]P  +2300mbar,T+24918mdegC
1594754092:[PRESS ,0038]P  +2300mbar,T-14136mdegC
1594754094:[PRESS ,0038]P  +2300mbar,T+24918mdegC
1594754095:[PRESS ,0038]P  +2290mbar,T -1567mdegC
1594754097:[PRESS ,0038]P  +2300mbar,T+24918mdegC
1594754099:[PRESS ,0038]P  +2300mbar,T-14136mdegC
1594754103:[PRESS ,0038]P  +2300mbar,T+24918mdegC
1594754106:[PRESS ,0038]P  +2310mbar,T-14136mdegC
1594754108:[PRESS ,0038]P  +2300mbar,T+24918mdegC
1594754112:[PRESS ,0038]P  +2290mbar,T-14136mdegC
1594754113:[PRESS ,0038]P  +2300mbar,T+24918mdegC
1594754113:<WARN>[BUOY  ,0094]stage[0] should DESCENT, stuck at 2300mbar for the #1 time
1594754113:[BUOY  ,0087]from +0mbar/s to +4mbar/s
1594754114:[BUOY  ,0090]need to transfer -26mL (valve during 7053ms)
1594754114:[VALVE ,0034]valve opening 7053ms
1594754121:[VALVE ,0234]battery 15181mV,  504104uA, P  +2300mbar
1594754174:[PRESS ,0038]P  +2420mbar,T-14136mdegC
1594754176:[PRESS ,0038]P  +2420mbar,T -1567mdegC
1594754178:[PRESS ,0038]P  +2430mbar,T+24918mdegC
1594754180:[PRESS ,0038]P  +2440mbar,T-14136mdegC
1594754185:[PRESS ,0038]P  +2460mbar,T+24918mdegC
1594754189:[PRESS ,0038]P  +2470mbar,T-14136mdegC
1594754192:[PRESS ,0038]P  +2470mbar,T+12347mdegC
1594754194:[PRESS ,0038]P  +2480mbar,T-14136mdegC
1594754198:[PRESS ,0038]P  +2490mbar,T -1567mdegC
1594754199:[PRESS ,0038]P  +2480mbar,T+24918mdegC
1594754260:[PRESS ,0038]P  +2600mbar,T-14136mdegC
1594754264:[PRESS ,0038]P  +2610mbar,T+24918mdegC
1594754265:[PRESS ,0038]P  +2600mbar,T-14136mdegC
1594754267:[PRESS ,0038]P  +2600mbar,T+24918mdegC
1594754269:[PRESS ,0038]P  +2630mbar,T+12347mdegC
1594754271:[PRESS ,0038]P  +2610mbar,T+24918mdegC
1594754274:[PRESS ,0038]P  +2630mbar,T-14136mdegC
1594754276:[PRESS ,0038]P  +2630mbar,T -1567mdegC
1594754278:[PRESS ,0038]P  +2630mbar,T+24918mdegC
1594754282:[PRESS ,0038]P  +2640mbar,T-14136mdegC
1594754285:[PRESS ,0038]P  +2640mbar,T+24918mdegC
1594754346:[PRESS ,0038]P  +2820mbar,T+24918mdegC
1594754351:[PRESS ,0038]P  +2840mbar,T-14136mdegC
1594754353:[PRESS ,0038]P  +2850mbar,T+24918mdegC
1594754358:[PRESS ,0038]P  +2870mbar,T -1567mdegC
1594754360:[PRESS ,0038]P  +2870mbar,T-14136mdegC
1594754362:[PRESS ,0038]P  +2880mbar,T+24918mdegC
1594754366:[PRESS ,0038]P  +2900mbar,T -1567mdegC
1594754367:[PRESS ,0038]P  +2900mbar,T+24918mdegC
1594754371:[PRESS ,0038]P  +2910mbar,T-14136mdegC
1594754433:[PRESS ,0038]P  +2960mbar,T+24918mdegC
1594754437:[PRESS ,0038]P  +2950mbar,T-14136mdegC
1594754444:[PRESS ,0038]P  +2970mbar,T+24918mdegC
1594754446:[PRESS ,0038]P  +2960mbar,T-14136mdegC
1594754449:[PRESS ,0038]P  +2960mbar,T -1567mdegC
1594754451:[PRESS ,0038]P  +2960mbar,T-14136mdegC
1594754453:[PRESS ,0038]P  +2960mbar,T+24918mdegC
1594754455:[PRESS ,0038]P  +2970mbar,T-14136mdegC
1594754457:[BUOY  ,0087]from +1mbar/s to +3mbar/s
1594754457:[BUOY  ,0090]need to transfer -12mL (valve during 2833ms)
1594754457:[VALVE ,0034]valve opening 2833ms
1594754460:[VALVE ,0234]battery 15205mV,  505812uA, P  +2960mbar
1594754518:[PRESS ,0038]P  +3090mbar,T-14136mdegC
1594754521:[PRESS ,0038]P  +3100mbar,T+24918mdegC
1594754523:[PRESS ,0038]P  +3100mbar,T-14136mdegC
1594754525:[PRESS ,0038]P  +3120mbar,T+24918mdegC
1594754528:[PRESS ,0038]P  +3120mbar,T-14136mdegC
1594754530:[PRESS ,0038]P  +3120mbar,T -1567mdegC
1594754532:[PRESS ,0038]P  +3120mbar,T+24918mdegC
1594754535:[PRESS ,0038]P  +3140mbar,T-14136mdegC
1594754537:[PRESS ,0038]P  +3150mbar,T -1567mdegC
1594754539:[PRESS ,0038]P  +3150mbar,T+24918mdegC
1594754541:[PRESS ,0038]P  +3150mbar,T-14136mdegC
1594754543:[PRESS ,0038]P  +3150mbar,T+24918mdegC
1594754603:[PRESS ,0038]P  +3280mbar,T+24918mdegC
1594754614:[PRESS ,0038]P  +3290mbar,T-14136mdegC
1594754616:[PRESS ,0038]P  +3290mbar,T+24918mdegC
1594754618:[PRESS ,0038]P  +3290mbar,T-14136mdegC
1594754619:[PRESS ,0038]P  +3300mbar,T+24918mdegC
1594754625:[PRESS ,0038]P  +3300mbar,T-14136mdegC
1594754627:[PRESS ,0038]P  +3300mbar,T+24918mdegC
1594754628:[PRESS ,0038]P  +3300mbar,T-14136mdegC
1594754628:[BUOY  ,0087]from +1mbar/s to +3mbar/s
1594754628:[BUOY  ,0090]need to transfer -12mL (valve during 2684ms)
1594754628:[VALVE ,0034]valve opening 2684ms
1594754631:[VALVE ,0234]battery 15212mV,  505812uA, P  +3300mbar
1594754689:[PRESS ,0038]P  +3420mbar,T+24918mdegC
1594754691:[PRESS ,0038]P  +3430mbar,T -1567mdegC
1594754693:[PRESS ,0038]P  +3440mbar,T+24918mdegC
1594754695:[PRESS ,0038]P  +3440mbar,T -1567mdegC
1594754696:[PRESS ,0038]P  +3430mbar,T+24918mdegC
1594754698:[PRESS ,0038]P  +3440mbar,T-14136mdegC
1594754700:[PRESS ,0038]P  +3450mbar,T+24918mdegC
1594754704:[PRESS ,0038]P  +3450mbar,T -1567mdegC
1594754705:[PRESS ,0038]P  +3460mbar,T+24918mdegC
1594754711:[PRESS ,0038]P  +3460mbar,T -1567mdegC
1594754713:[PRESS ,0038]P  +3480mbar,T+24918mdegC
1594754775:[PRESS ,0038]P  +3580mbar,T+24918mdegC
1594754779:[PRESS ,0038]P  +3580mbar,T-14136mdegC
1594754780:[PRESS ,0038]P  +3590mbar,T-28052mdegC
1594754782:[PRESS ,0038]P  +3590mbar,T+24918mdegC
1594754784:[PRESS ,0038]P  +3600mbar,T-14136mdegC
1594754786:[PRESS ,0038]P  +3590mbar,T+24918mdegC
1594754791:[PRESS ,0038]P  +3610mbar,T -1567mdegC
1594754793:[PRESS ,0038]P  +3620mbar,T+24918mdegC
1594754795:[PRESS ,0038]P  +3620mbar,T -1567mdegC
1594754797:[PRESS ,0038]P  +3620mbar,T+24918mdegC
1594754861:[PRESS ,0038]P  +3740mbar,T -1567mdegC
1594754863:[PRESS ,0038]P  +3750mbar,T+24918mdegC
1594754868:[PRESS ,0038]P  +3750mbar,T-14136mdegC
1594754870:[PRESS ,0038]P  +3770mbar,T+24918mdegC
1594754873:[PRESS ,0038]P  +3760mbar,T -1567mdegC
1594754877:[PRESS ,0038]P  +3790mbar,T+24918mdegC
1594754884:[PRESS ,0038]P  +3790mbar,T -1567mdegC
1594754886:[PRESS ,0038]P  +3800mbar,T-28052mdegC
1594754947:[PRESS ,0038]P  +3970mbar,T -1567mdegC
1594754952:[PRESS ,0038]P  +3980mbar,T+24918mdegC
1594754954:[PRESS ,0038]P  +3980mbar,T-14136mdegC
1594754955:[PRESS ,0038]P  +3990mbar,T -1567mdegC
1594754957:[PRESS ,0038]P  +3990mbar,T+24918mdegC
1594754959:[PRESS ,0038]P  +4000mbar,T -1567mdegC
1594754961:[PRESS ,0038]P  +4010mbar,T+24918mdegC
1594754964:[PRESS ,0038]P  +4010mbar,T -1567mdegC
1594754966:[PRESS ,0038]P  +4010mbar,T+24918mdegC
1594754968:[PRESS ,0038]P  +4010mbar,T -1567mdegC
1594754970:[PRESS ,0038]P  +4030mbar,T+24918mdegC
1594755032:[PRESS ,0038]P  +4170mbar,T+24918mdegC
1594755034:[PRESS ,0038]P  +4180mbar,T-28052mdegC
1594755036:[PRESS ,0038]P  +4180mbar,T -1567mdegC
1594755038:[PRESS ,0038]P  +4190mbar,T+24918mdegC
1594755041:[PRESS ,0038]P  +4190mbar,T-14136mdegC
1594755043:[PRESS ,0038]P  +4200mbar,T -1567mdegC
1594755045:[PRESS ,0038]P  +4200mbar,T+24918mdegC
1594755052:[PRESS ,0038]P  +4210mbar,T -1567mdegC
1594755054:[PRESS ,0038]P  +4200mbar,T+24918mdegC
1594755057:[PRESS ,0038]P  +4220mbar,T -1567mdegC
1594755118:[PRESS ,0038]P  +4310mbar,T+24918mdegC
1594755120:[PRESS ,0038]P  +4300mbar,T -1567mdegC
1594755138:[PRESS ,0038]P  +4330mbar,T-28052mdegC
1594755139:[PRESS ,0038]P  +4350mbar,T -1567mdegC
1594755141:[PRESS ,0038]P  +4350mbar,T-14136mdegC
1594755143:[PRESS ,0038]P  +4350mbar,T+24918mdegC
1594755204:[PRESS ,0038]P  +4490mbar,T+24918mdegC
1594755206:[PRESS ,0038]P  +4510mbar,T -1567mdegC
1594755207:[PRESS ,0038]P  +4490mbar,T+24918mdegC
1594755209:[PRESS ,0038]P  +4500mbar,T -1567mdegC
1594755213:[PRESS ,0038]P  +4510mbar,T+24918mdegC
1594755215:[PRESS ,0038]P  +4510mbar,T -1567mdegC
1594755222:[PRESS ,0038]P  +4520mbar,T+24918mdegC
1594755223:[PRESS ,0038]P  +4530mbar,T -1567mdegC
1594755225:[PRESS ,0038]P  +4540mbar,T+24918mdegC
1594755227:[PRESS ,0038]P  +4550mbar,T -1567mdegC
1594755229:[STAGE ,0213]4550mbar reached at 1594755229s, ref 5000mbar +/-500mbar
1594755229:[MAIN  ,0140]stage[0] complete 1807s after mission start
1594755229:[MAIN  ,0056]stage[1]
1594755231:[MAIN  ,0024]internal pressure 81546Pa
1594755232:[BUOY  ,0037]P  +4550mbar
1594755232:[STAGE ,0080]Stage [1] 5000mbar (+/-500mbar) 1800s (<1594757022s) 
1594755234:[PRESS ,0038]P  +4560mbar,T-28052mdegC
1594755234:[STAGE ,0213]4560mbar reached at 1594755234s, ref 5000mbar +/-500mbar
1594755295:[PRESS ,0038]P  +4750mbar,T -1567mdegC
1594755295:[BUOY  ,0087]from +3mbar/s to +0mbar/s
1594755295:[BUOY  ,0089]need to transfer +14mL (pump during 16775ms)
1594755303:[PUMP  ,0207]battery 15483mV,   19520uA (warmup), P  +4750mbar
1594755303:[PUMP  ,0016]pump during 16775ms
1594755319:[PUMP  ,0212]battery 15295mV,  348676uA (steady state), P  +4750mbar
1594755359:[PRESS ,0038]P  +4870mbar,T+24918mdegC
1594755360:[PRESS ,0038]P  +4890mbar,T -1567mdegC
1594755364:[PRESS ,0038]P  +4880mbar,T+24918mdegC
1594755366:[PRESS ,0038]P  +4890mbar,T -1567mdegC
1594755368:[PRESS ,0038]P  +4890mbar,T-28052mdegC
1594755371:[PRESS ,0038]P  +4900mbar,T+24918mdegC
1594755373:[PRESS ,0038]P  +4890mbar,T-28052mdegC
1594755375:[PRESS ,0038]P  +4880mbar,T -1567mdegC
1594755377:[PRESS ,0038]P  +4900mbar,T-28052mdegC
1594755384:[PRESS ,0038]P  +4900mbar,T -1567mdegC
1594755444:[PRESS ,0038]P  +4950mbar,T+24918mdegC
1594755505:[PRESS ,0038]P  +5020mbar,T -1567mdegC
1594755505:[BUOY  ,0087]from +1mbar/s to +0mbar/s
1594755505:[BUOY  ,0089]need to transfer +2mL (pump during 2396ms)
1594755513:[PUMP  ,0207]battery 15467mV,   19398uA (warmup), P  +5020mbar
1594755513:[PUMP  ,0016]pump during 2396ms
1594755569:[PRESS ,0038]P  +5080mbar,T-28052mdegC
1594755571:[PRESS ,0038]P  +5090mbar,T -1567mdegC
1594755576:[PRESS ,0038]P  +5080mbar,T+24918mdegC
1594755585:[PRESS ,0038]P  +5110mbar,T -1567mdegC
1594755587:[PRESS ,0038]P  +5110mbar,T+24918mdegC
1594755590:[PRESS ,0038]P  +5120mbar,T -1567mdegC
1594755592:[PRESS ,0038]P  +5120mbar,T-28052mdegC
1594755594:[PRESS ,0038]P  +5120mbar,T -1567mdegC
1594755594:[BUOY  ,0087]from +2mbar/s to +0mbar/s
1594755594:[BUOY  ,0089]need to transfer +6mL (pump during 7189ms)
1594755602:[PUMP  ,0207]battery 15468mV,   19276uA (warmup), P  +5120mbar
1594755602:[PUMP  ,0016]pump during 7189ms
1594755609:[PUMP  ,0212]battery 15282mV,  345870uA (steady state), P  +5120mbar
1594755663:[PRESS ,0038]P  +5150mbar,T-28052mdegC
1594755665:[PRESS ,0038]P  +5170mbar,T -1567mdegC
1594755667:[PRESS ,0038]P  +5170mbar,T-28052mdegC
1594755669:[PRESS ,0038]P  +5160mbar,T+10997mdegC
1594755671:[PRESS ,0038]P  +5150mbar,T-28052mdegC
1594755672:[PRESS ,0038]P  +5160mbar,T+24918mdegC
1594755674:[PRESS ,0038]P  +5180mbar,T -1567mdegC
1594755676:[PRESS ,0038]P  +5180mbar,T-28052mdegC
1594755678:[PRESS ,0038]P  +5160mbar,T -1567mdegC
1594755680:[PRESS ,0038]P  +5170mbar,T-28052mdegC
1594755681:[PRESS ,0038]P  +5160mbar,T -1567mdegC
1594755744:[PRESS ,0038]P  +5140mbar,T-28052mdegC
1594755805:[PRESS ,0038]P  +5130mbar,T -1567mdegC
1594755926:[PRESS ,0038]P  +5150mbar,T-28052mdegC
1594755987:[PRESS ,0038]P  +5170mbar,T -1567mdegC
1594756169:[PRESS ,0038]P  +5200mbar,T+24918mdegC
1594756229:[PRESS ,0038]P  +5220mbar,T-28052mdegC
1594756351:[PRESS ,0038]P  +5310mbar,T -1567mdegC
1594756411:[PRESS ,0038]P  +5340mbar,T+24918mdegC
1594756472:[PRESS ,0038]P  +5330mbar,T -1567mdegC
1594756593:[PRESS ,0038]P  +5330mbar,T-28052mdegC
1594756775:[PRESS ,0038]P  +5340mbar,T+10997mdegC
1594756836:[PRESS ,0038]P  +5380mbar,T-28052mdegC
1594756897:[PRESS ,0038]P  +5430mbar,T+10997mdegC
1594757079:[PRESS ,0038]P  +5480mbar,T-28052mdegC
1594757079:[MAIN  ,0140]stage[1] complete 3657s after mission start
1594757079:[MRMAID,0188]acq already stopped
1594757139:[MSSION,0192]mission stopped, 2 stage(s) done
1594757139:[MAIN  ,0065]surfacing
1594757141:[SURFIN,0036]P  +5500mbar
1594757149:[PUMP  ,0207]battery 15507mV,   19398uA (warmup), P  +5500mbar
1594757149:[PUMP  ,0016]pump during 60000ms
1594757208:[PUMP  ,0212]battery 15315mV,  347578uA (steady state), P  +5500mbar
1594757266:[PRESS ,0038]P  +5210mbar,T -1567mdegC
1594757268:[PRESS ,0038]P  +5200mbar,T-28052mdegC
1594757269:[PRESS ,0038]P  +5190mbar,T+10997mdegC
1594757271:[PRESS ,0038]P  +5180mbar,T-28052mdegC
1594757276:[PRESS ,0038]P  +5170mbar,T -1567mdegC
1594757278:[PRESS ,0038]P  +5160mbar,T+10997mdegC
1594757280:[PRESS ,0038]P  +5150mbar,T-28052mdegC
1594757285:[PRESS ,0038]P  +5130mbar,T+10997mdegC
1594757287:[PRESS ,0038]P  +5120mbar,T-28052mdegC
1594757289:[PRESS ,0038]P  +5120mbar,T+10997mdegC
1594757299:[PUMP  ,0207]battery 15412mV,   19398uA (warmup), P  +5110mbar
1594757299:[PUMP  ,0016]pump during 60000ms
1594757358:[PUMP  ,0212]battery 15226mV,  343918uA (steady state), P  +5110mbar
1594757416:[PRESS ,0038]P  +4460mbar,T -1567mdegC
1594757417:[PRESS ,0038]P  +4450mbar,T-28052mdegC
1594757419:[PRESS ,0038]P  +4450mbar,T+10997mdegC
1594757421:[PRESS ,0038]P  +4430mbar,T-28052mdegC
1594757425:[PRESS ,0038]P  +4420mbar,T+10997mdegC
1594757428:[PRESS ,0038]P  +4400mbar,T-28052mdegC
1594757430:[PRESS ,0038]P  +4390mbar,T+10997mdegC
1594757434:[PRESS ,0038]P  +4370mbar,T-28052mdegC
1594757435:[PRESS ,0038]P  +4370mbar,T+10997mdegC
1594757439:[PRESS ,0038]P  +4360mbar,T-28052mdegC
1594757441:[PRESS ,0038]P  +4340mbar,T+10997mdegC
1594757449:[PUMP  ,0207]battery 15345mV,   19398uA (warmup), P  +4340mbar
1594757449:[PUMP  ,0016]pump during 60000ms
1594757508:[PUMP  ,0212]battery 15158mV,  344894uA (steady state), P  +4340mbar
1594757566:[PRESS ,0038]P  +3530mbar,T-28052mdegC
1594757576:[PRESS ,0038]P  +3470mbar,T-28052mdegC
1594757582:[PRESS ,0038]P  +3440mbar,T+10997mdegC
1594757585:[PRESS ,0038]P  +3420mbar,T-28052mdegC
1594757599:[PUMP  ,0207]battery 15300mV,   19520uA (warmup), P  +3390mbar
1594757599:[PUMP  ,0016]pump during 60000ms
1594757658:[PUMP  ,0212]battery 15116mV,  341600uA (steady state), P  +3390mbar
1594757715:[PRESS ,0038]P  +2790mbar,T-28052mdegC
1594757719:[PRESS ,0038]P  +2770mbar,T+10997mdegC
1594757721:[PRESS ,0038]P  +2760mbar,T -1567mdegC
1594757722:[PRESS ,0038]P  +2750mbar,T-28052mdegC
1594757730:[PRESS ,0038]P  +2700mbar,T-15491mdegC
1594757731:[PRESS ,0038]P  +2700mbar,T+10997mdegC
1594757733:[PRESS ,0038]P  +2690mbar,T-28052mdegC
1594757735:[PRESS ,0038]P  +2670mbar,T+10997mdegC
1594757737:[PRESS ,0038]P  +2660mbar,T-28052mdegC
1594757739:[PRESS ,0038]P  +2650mbar,T+10997mdegC
1594757740:[PRESS ,0038]P  +2630mbar,T-28052mdegC
1594757749:[PUMP  ,0207]battery 15271mV,   19520uA (warmup), P  +2630mbar
1594757749:[PUMP  ,0016]pump during 60000ms
1594757808:[PUMP  ,0212]battery 15087mV,  339282uA (steady state), P  +2630mbar
1594757865:[PRESS ,0038]P  +2080mbar,T-28052mdegC
1594757867:[PRESS ,0038]P  +2080mbar,T -1567mdegC
1594757869:[PRESS ,0038]P  +2070mbar,T-28052mdegC
1594757871:[PRESS ,0038]P  +2060mbar,T+10997mdegC
1594757874:[PRESS ,0038]P  +2030mbar,T-15491mdegC
1594757876:[PRESS ,0038]P  +2020mbar,T-28052mdegC
1594757888:[PRESS ,0038]P  +1960mbar,T+10997mdegC
1594757898:[PUMP  ,0207]battery 15253mV,   19642uA (warmup), P  +1950mbar
1594757898:[PUMP  ,0016]pump during 60000ms
1594757957:[PUMP  ,0212]battery 15073mV,  329400uA (steady state), P  +1950mbar
1594758015:[PRESS ,0038]P  +1090mbar,T -1567mdegC
1594758017:[PRESS ,0038]P  +1090mbar,T-28052mdegC
1594758020:[PRESS ,0038]P  +1070mbar,T -1567mdegC
1594758026:[PRESS ,0038]P  +1030mbar,T+10997mdegC
1594758028:[PRESS ,0038]P  +1030mbar,T-28052mdegC
1594758031:[PRESS ,0038]P  +1010mbar,T+10997mdegC
1594758035:[PRESS ,0038]P   +980mbar,T-28052mdegC
1594758038:[PRESS ,0038]P   +980mbar,T+10997mdegC
1594758040:[PRESS ,0038]P   +950mbar,T-28052mdegC
1594758048:[PUMP  ,0207]battery 15243mV,   19642uA (warmup), P   +950mbar
1594758048:[PUMP  ,0016]pump during 60000ms
1594758107:[PUMP  ,0212]battery 15063mV,  328668uA (steady state), P   +950mbar
1594758165:[PRESS ,0038]P    -30mbar,T-28052mdegC
1594758174:[PRESS ,0038]P    -80mbar,T -1567mdegC
1594758176:[PRESS ,0038]P    -90mbar,T-28052mdegC
1594758179:[PRESS ,0038]P   -120mbar,T+10997mdegC
1594758181:[PRESS ,0038]P   -120mbar,T-28052mdegC
1594758185:[PRESS ,0038]P   -140mbar,T -1567mdegC
1594758188:[PRESS ,0038]P   -140mbar,T+10997mdegC
1594758190:[PRESS ,0038]P   -120mbar,T-28052mdegC
1594758192:[PRESS ,0038]P   -130mbar,T+10997mdegC
1594758194:[PRESS ,0038]P   -120mbar,T-28052mdegC
1594758194:[SURFIN,0020]filling external bladder
1594758202:[PUMP  ,0207]battery 15240mV,   19642uA (warmup), P   -120mbar
1594758202:[PUMP  ,0016]pump during 300000ms
1594758500:[PUMP  ,0212]battery 14787mV, 1116666uA (steady state), P   -120mbar
1594758511:[PUMP  ,0207]battery 14761mV,   19764uA (warmup), P   -120mbar
1594758512:[PUMP  ,0016]pump during 300000ms
1594758617:[PUMP  ,0212]battery 14423mV, 1022482uA (steady state), P   -120mbar
1594758619:[SURFIN,0019]external bladder full
1594758621:[PRESS ,0038]P   +200mbar,T+24918mdegC
1594758623:[PRESS ,0038]P   +210mbar,T -1567mdegC
1594758627:[PRESS ,0038]P   +200mbar,T-28052mdegC
1594758628:[PRESS ,0038]P   +200mbar,T -1567mdegC
1594758634:[PRESS ,0038]P   +190mbar,T+24918mdegC
1594758636:[PRESS ,0038]P   +200mbar,T-28052mdegC
1594758639:[PRESS ,0038]P   +190mbar,T -1567mdegC
1594758682:[MAIN  ,0272]Vbat 14985mV (min 14882mV)
1594758684:[MAIN  ,0024]internal pressure 78571Pa
1594758684:[MAIN  ,0043]Pext 196mbar (rng 30mbar)
1594758684:[MAIN  ,0064]surface
1594758697:[SURF  ,0022]GPS fix...
1594758717:[SURF  ,0015]10 PPS detected...
1594758718:[MRMAID,0052]Mermaid $GPSACK:+0,+0,+0,+0,+0,+0,-732;
1594758728:[MRMAID,0052]Mermaid $GPSOFF:3686332;
1594758729:[GPSFIX,0179]+0s diff
1594758729:[SURF  ,0222]2020-07-14T20:32:09
1594758729:[SURF  ,0082]Latitude : N43deg40.935mn, Longitude :E007deg19.181mn
1594758729:[SURF  ,0223]fix3D,8satellites
1594758729:[SURF  ,0084]GPS fix GPGSA : hdop0.840,vdop1.480
1594758739:[SURF  ,0274]last almanac : 35218
1594758752:[MRMAID,0026]1566 bytes in 0071/5F0E1658.MER
1594758758:[MAIN  ,0320]New pressure offset: 196mbar
1594758758:[LOGBIN,0078]*** switching to 0071/5F0E1666 ***
