1594730803:[MAIN  ,0007]buoy 452.120-R-0071
1594730803:[MAIN  ,0055]soft pilotage 452.012.300_V2.21-20200701
1594730803:[MAIN  ,0010]cycle 2
1594730803:[SURF  ,0225]surface2
1594730818:[SURF  ,0022]GPS fix...
1594730838:[SURF  ,0015]10 PPS detected...
1594730839:[MRMAID,0052]Mermaid $GPSACK:+0,+0,+0,+0,+0,+0,+0;
1594730849:[MRMAID,0052]Mermaid $GPSOFF:3686331;
1594730849:[GPSFIX,0179]-1s diff
1594730850:[SURF  ,0222]2020-07-14T12:47:30
1594730850:[SURF  ,0082]Latitude : N43deg40.942mn, Longitude :E007deg19.179mn
1594730850:[SURF  ,0223]fix3D,10satellites
1594730850:[SURF  ,0084]GPS fix GPGSA : hdop0.690,vdop1.220
1594730860:[SURF  ,0025]Iridium...
1594730898:[SURF  ,0009]connected in 38s, signal quality 4
1594730969:[SURF  ,0218]prompt received, remote cmd end
1594730969:[SURF  ,0012]16 cmd(s) received
1594730990:[UPLOAD,0248]Upload data files...
1594731278:[UPLOAD,0231]"0071/5F0DA8DF.MER" uploaded at 101bytes/s
1594731378:[UPLOAD,0231]"0071/5F0D8CD4.BIN" uploaded at 132bytes/s
1594731394:[MAIN  ,0013]2 file(s) uploaded
1594731425:[SURF  ,0014]disconnected after 565s
1594731430:[SURFIN,0020]filling external bladder
1594731438:[PUMP  ,0207]battery 15173mV,   19276uA (warmup), P   +200mbar
1594731438:[PUMP  ,0016]pump during 300000ms
1594731447:[PUMP  ,0212]battery 14707mV, 1113982uA (steady state), P   +200mbar
1594731449:[SURFIN,0019]external bladder full
1594731449:[SURF  ,0227]1st complete transfer
1594731467:[SURF  ,0022]GPS fix...
1594731488:[SURF  ,0015]10 PPS detected...
1594731489:[MRMAID,0052]Mermaid $GPSACK:+0,+0,+0,+0,+0,+1,-999938;
1594731499:[MRMAID,0052]Mermaid $GPSOFF:3686330;
1594731500:[GPSFIX,0179]+0s diff
1594731500:[SURF  ,0222]2020-07-14T12:58:20
1594731500:[SURF  ,0082]Latitude : N43deg40.941mn, Longitude :E007deg19.177mn
1594731500:[SURF  ,0223]fix3D,10satellites
1594731500:[SURF  ,0084]GPS fix GPGSA : hdop0.600,vdop1.020
1594731517:[MAIN  ,0024]internal pressure 79476Pa
1594731518:[BYCMD ,0107]    FreeRTOS V8.2.3
1594731518:[BYCMD ,0108]    FatFS v11a
1594731518:[BYCMD ,0120]    bypass 10000ms 60000ms (20000ms 60000ms stored)
1594731518:[BYCMD ,0121]    valve 60000ms 12750 (60000ms 12750 stored)
1594731518:[BYCMD ,0122]    pump 60000ms 30% 10750 80% (60000ms 30% 10750 80% stored)
1594731518:[BYCMD ,0123]    rate 2mbar/s (2mbar/s stored)
1594731518:[BYCMD ,0124]    surface 500mbar (500mbar stored)
1594731518:[BYCMD ,0125]    near 1500mbar 3mbar/s (15000mbar 3mbar/s stored)
1594731518:[BYCMD ,0126]    far 2500mbar 4mbar/s (25000mbar 4mbar/s stored)
1594731518:[BYCMD ,0127]    ascent 8mbar/s (8mbar/s stored)
1594731518:[BYCMD ,0128]    dead 60s (300s stored)
1594731518:[BYCMD ,0129]    coeff 16/10 (16/10 stored)
1594731518:[BYCMD ,0130]    stab 10 (10 stored)
1594731518:[BYCMD ,0131]    delay 900s 3600s (900s 3600s stored)
1594731518:[BYCMD ,0132]    mmtime 2880min (2880min stored)
1594731518:[BYCMD ,0133]    dv_landing 100ml (100ml stored)
1594731518:[MKDCMD,0150]    p2t37: 15x2000ms, offset 199mbar
1594731518:[P2TCMD,0151]    p2t37: dp 50mbar, dt 5000mdegC
1594731519:[STAGE ,0080]Stage [0] 5000mbar (+/-500mbar) 1800s (<1800s) 
1594731519:[STAGE ,0080]Stage [1] 5000mbar (+/-500mbar) 1800s (<3600s) MERMAID
1594731519:[MAIN  ,0070]turn off bluetooth
1594731521:[PRESS ,0038]P     +1mbar,T+12347mdegC
1594731525:[PRESS ,0038]P     +1mbar,T+24918mdegC
1594731527:[PRESS ,0038]P     +1mbar,T+12347mdegC
1594731529:[PRESS ,0038]P     +1mbar,T-14136mdegC
1594731530:[PRESS ,0038]P     +1mbar,T+12347mdegC
1594731532:[PRESS ,0038]P     +1mbar,T-14136mdegC
1594731536:[PRESS ,0038]P     -9mbar,T+12347mdegC
1594731546:[DIVING,0141]diving from -9mbar, +0mbar/s
1594731546:[BYPASS,0035]bypass opening 60000ms
1594731551:[BYPASS,0104]battery 15071mV,  252540uA (bypass opening), P     -9mbar
1594731616:[BYPASS,0106]battery 15087mV,  294996uA (bypass closing), P     -9mbar
1594731618:[PRESS ,0038]P   -149mbar,T-14136mdegC
1594731622:[PRESS ,0038]P   -149mbar,T+12347mdegC
1594731624:[PRESS ,0038]P   -129mbar,T+24918mdegC
1594731625:[PRESS ,0038]P   -129mbar,T+12347mdegC
1594731627:[PRESS ,0038]P   -149mbar,T-14136mdegC
1594731631:[PRESS ,0038]P   -139mbar,T+12347mdegC
1594731633:[PRESS ,0038]P   -139mbar,T-14136mdegC
1594731636:[PRESS ,0038]P   -129mbar,T+12347mdegC
1594731638:[PRESS ,0038]P   -139mbar,T-14136mdegC
1594731640:[PRESS ,0038]P   -129mbar,T+12347mdegC
1594731642:[PRESS ,0038]P   -139mbar,T-14136mdegC
1594731643:[BYPASS,0035]bypass opening 10000ms
1594731648:[BYPASS,0104]battery 15115mV,  252906uA (bypass opening), P   -129mbar
1594731664:[BYPASS,0106]battery 15098mV,  293776uA (bypass closing), P   -129mbar
1594731667:[PRESS ,0038]P   -159mbar,T+12347mdegC
1594731671:[PRESS ,0038]P   -149mbar,T+24918mdegC
1594731672:[PRESS ,0038]P   -149mbar,T-14136mdegC
1594731681:[PRESS ,0038]P   -159mbar,T+12347mdegC
1594731687:[PRESS ,0038]P   -149mbar,T-14136mdegC
1594731690:[PRESS ,0038]P   -149mbar,T+12347mdegC
1594731690:[BYPASS,0035]bypass opening 10000ms
1594731695:[BYPASS,0104]battery 15125mV,  249002uA (bypass opening), P   -149mbar
1594731710:[BYPASS,0106]battery 15107mV,  293044uA (bypass closing), P   -149mbar
1594731714:[PRESS ,0038]P   -149mbar,T-26709mdegC
1594731716:[PRESS ,0038]P   -149mbar,T-14136mdegC
1594731719:[PRESS ,0038]P   -159mbar,T+12347mdegC
1594731725:[PRESS ,0038]P   -159mbar,T-14136mdegC
1594731727:[PRESS ,0038]P   -159mbar,T+12347mdegC
1594731730:[PRESS ,0038]P   -159mbar,T-14136mdegC
1594731732:[PRESS ,0038]P   -169mbar,T+12347mdegC
1594731737:[PRESS ,0038]P   -159mbar,T-26709mdegC
1594731737:[BYPASS,0035]bypass opening 10000ms
1594731742:[BYPASS,0104]battery 15135mV,  253760uA (bypass opening), P   -159mbar
1594731757:[BYPASS,0106]battery 15115mV,  292312uA (bypass closing), P   -159mbar
1594731759:[PRESS ,0038]P   -149mbar,T-14136mdegC
1594731761:[PRESS ,0038]P   -149mbar,T+12347mdegC
1594731763:[PRESS ,0038]P   -149mbar,T-14136mdegC
1594731765:[PRESS ,0038]P   -149mbar,T+12347mdegC
1594731768:[PRESS ,0038]P   -149mbar,T-14136mdegC
1594731775:[PRESS ,0038]P   -159mbar,T+12347mdegC
1594731777:[PRESS ,0038]P   -149mbar,T-14136mdegC
1594731779:[PRESS ,0038]P   -169mbar,T+12347mdegC
1594731784:[PRESS ,0038]P   -159mbar,T-14136mdegC
1594731784:[BYPASS,0035]bypass opening 10000ms
1594731789:[BYPASS,0104]battery 15142mV,  254614uA (bypass opening), P   -159mbar
1594731804:[BYPASS,0106]battery 15121mV,  291824uA (bypass closing), P   -159mbar
1594731808:[PRESS ,0038]P   -149mbar,T+12347mdegC
1594731810:[PRESS ,0038]P   -149mbar,T-14136mdegC
1594731812:[PRESS ,0038]P   -139mbar,T+12347mdegC
1594731817:[PRESS ,0038]P   -149mbar,T+24918mdegC
1594731819:[PRESS ,0038]P   -149mbar,T+12347mdegC
1594731824:[PRESS ,0038]P   -139mbar,T-14136mdegC
1594731828:[PRESS ,0038]P   -139mbar,T+12347mdegC
1594731829:[PRESS ,0038]P   -139mbar,T-14136mdegC
1594731831:[BYPASS,0035]bypass opening 10000ms
1594731836:[BYPASS,0104]battery 15148mV,  251442uA (bypass opening), P   -149mbar
1594731851:[BYPASS,0106]battery 15127mV,  291214uA (bypass closing), P   -149mbar
1594731860:[PRESS ,0038]P   -129mbar,T+12347mdegC
1594731862:[PRESS ,0038]P   -129mbar,T-14136mdegC
1594731866:[PRESS ,0038]P   -129mbar,T+12347mdegC
1594731874:[PRESS ,0038]P   -129mbar,T-14136mdegC
1594731876:[PRESS ,0038]P   -129mbar,T+12347mdegC
1594731878:[PRESS ,0038]P   -139mbar,T-14136mdegC
1594731878:[BYPASS,0035]bypass opening 10000ms
1594731883:[BYPASS,0104]battery 15152mV,  253638uA (bypass opening), P   -139mbar
1594731898:[BYPASS,0106]battery 15132mV,  290726uA (bypass closing), P   -139mbar
1594731902:[PRESS ,0038]P   -129mbar,T+12347mdegC
1594731916:[PRESS ,0038]P   -139mbar,T-26709mdegC
1594731918:[PRESS ,0038]P   -129mbar,T+12347mdegC
1594731921:[PRESS ,0038]P   -129mbar,T-14136mdegC
1594731923:[PRESS ,0038]P   -129mbar,T+12347mdegC
1594731925:[BYPASS,0035]bypass opening 10000ms
1594731930:[BYPASS,0104]battery 15158mV,  252784uA (bypass opening), P   -139mbar
1594731945:[BYPASS,0106]battery 15136mV,  290238uA (bypass closing), P   -139mbar
1594731950:[PRESS ,0038]P   -139mbar,T-26709mdegC
1594731954:[PRESS ,0038]P   -139mbar,T-14136mdegC
1594731956:[PRESS ,0038]P   -129mbar,T+12347mdegC
1594731959:[PRESS ,0038]P   -119mbar,T-14136mdegC
1594731961:[PRESS ,0038]P   -119mbar,T+12347mdegC
1594731963:[PRESS ,0038]P   -129mbar,T-14136mdegC
1594731965:[PRESS ,0038]P   -129mbar,T+12347mdegC
1594731972:[BYPASS,0035]bypass opening 10000ms
1594731977:[BYPASS,0104]battery 15162mV,  253028uA (bypass opening), P   -119mbar
1594731992:[BYPASS,0106]battery 15141mV,  289750uA (bypass closing), P   -119mbar
1594731999:[PRESS ,0038]P    -69mbar,T-14136mdegC
1594732001:[PRESS ,0038]P    -69mbar,T+12347mdegC
1594732006:[PRESS ,0038]P    -49mbar,T-14136mdegC
1594732008:[PRESS ,0038]P    -29mbar,T+24918mdegC
1594732010:[PRESS ,0038]P    -29mbar,T-14136mdegC
1594732012:[PRESS ,0038]P    -19mbar,T+12347mdegC
1594732015:[PRESS ,0038]P     +1mbar,T-14136mdegC
1594732017:[PRESS ,0038]P    +11mbar,T+12347mdegC
1594732019:[PRESS ,0038]P    +21mbar,T-14136mdegC
1594732022:[PRESS ,0038]P    +51mbar,T+12347mdegC
1594732025:[PRESS ,0038]P    +61mbar,T-14136mdegC
1594732027:[PRESS ,0038]P    +61mbar,T+12347mdegC
1594732030:[PRESS ,0038]P    +81mbar,T+24918mdegC
1594732033:[PRESS ,0038]P    +81mbar,T+12347mdegC
1594732047:[PRESS ,0038]P   +141mbar,T-14136mdegC
1594732050:[PRESS ,0038]P   +151mbar,T+12347mdegC
1594732052:[PRESS ,0038]P   +151mbar,T-14136mdegC
1594732055:[PRESS ,0038]P   +171mbar,T+12347mdegC
1594732061:[PRESS ,0038]P   +191mbar,T-14136mdegC
1594732064:[PRESS ,0038]P   +201mbar,T+12347mdegC
1594732066:[PRESS ,0038]P   +211mbar,T-14136mdegC
1594732069:[PRESS ,0038]P   +221mbar,T+12347mdegC
1594732072:[PRESS ,0038]P   +231mbar,T-26709mdegC
1594732075:[PRESS ,0038]P   +251mbar,T+12347mdegC
1594732078:[PRESS ,0038]P   +261mbar,T-14136mdegC
1594732080:[PRESS ,0038]P   +271mbar,T-26709mdegC
1594732083:[PRESS ,0038]P   +281mbar,T+12347mdegC
1594732094:[PRESS ,0038]P   +331mbar,T-14136mdegC
1594732097:[PRESS ,0038]P   +361mbar,T+12347mdegC
1594732103:[PRESS ,0038]P   +391mbar,T-14136mdegC
1594732105:[PRESS ,0038]P   +401mbar,T+12347mdegC
1594732114:[PRESS ,0038]P   +441mbar,T-14136mdegC
1594732119:[PRESS ,0038]P   +461mbar,T+12347mdegC
1594732127:[PRESS ,0038]P   +501mbar,T-14136mdegC
1594732127:[DIVING,0028]501mbar reached (+5mbar/s), 9 bypass done
1594732127:[MAIN  ,0056]stage[0]
1594732130:[MAIN  ,0024]internal pressure 82788Pa
1594732130:[BUOY  ,0037]P   +531mbar
1594732130:[STAGE ,0080]Stage [0] 5000mbar (+/-500mbar) 1800s (<1594733927s) 
1594732193:[PRESS ,0038]P   +861mbar,T+12347mdegC
1594732196:[PRESS ,0038]P   +881mbar,T-26709mdegC
1594732198:[PRESS ,0038]P   +901mbar,T+12347mdegC
1594732202:[PRESS ,0038]P   +931mbar,T-14136mdegC
1594732204:[PRESS ,0038]P   +941mbar,T+12347mdegC
1594732205:[PRESS ,0038]P   +961mbar,T-26709mdegC
1594732209:[PRESS ,0038]P   +961mbar,T+12347mdegC
1594732213:[PRESS ,0038]P   +991mbar,T-26709mdegC
1594732214:[PRESS ,0038]P  +1011mbar,T+12347mdegC
1594732279:[PRESS ,0038]P  +1321mbar,T+12347mdegC
1594732286:[PRESS ,0038]P  +1361mbar,T  -229mdegC
1594732287:[PRESS ,0038]P  +1381mbar,T-26709mdegC
1594732289:[PRESS ,0038]P  +1381mbar,T+12347mdegC
1594732296:[PRESS ,0038]P  +1411mbar,T-26709mdegC
1594732302:[PRESS ,0038]P  +1441mbar,T+12347mdegC
1594732364:[PRESS ,0038]P  +1601mbar,T-26709mdegC
1594732366:[PRESS ,0038]P  +1611mbar,T+12347mdegC
1594732371:[PRESS ,0038]P  +1601mbar,T-26709mdegC
1594732373:[PRESS ,0038]P  +1601mbar,T+12347mdegC
1594732389:[PRESS ,0038]P  +1641mbar,T-14136mdegC
1594732389:[BUOY  ,0087]from +2mbar/s to +4mbar/s
1594732389:[BUOY  ,0090]need to transfer -20mL (valve during 6375ms)
1594732389:[VALVE ,0034]valve opening 6375ms
1594732396:[VALVE ,0234]battery 15140mV,  500932uA, P  +1641mbar
1594732450:[PRESS ,0038]P  +1871mbar,T+12347mdegC
1594732461:[PRESS ,0038]P  +1931mbar,T-14136mdegC
1594732462:[PRESS ,0038]P  +1931mbar,T+12347mdegC
1594732468:[PRESS ,0038]P  +1971mbar,T-26709mdegC
1594732470:[PRESS ,0038]P  +1971mbar,T+12347mdegC
1594732536:[PRESS ,0038]P  +2191mbar,T-26709mdegC
1594732541:[PRESS ,0038]P  +2191mbar,T+12347mdegC
1594732544:[PRESS ,0038]P  +2211mbar,T-14136mdegC
1594732546:[PRESS ,0038]P  +2211mbar,T+12347mdegC
1594732548:[PRESS ,0038]P  +2211mbar,T-14136mdegC
1594732550:[PRESS ,0038]P  +2221mbar,T+12347mdegC
1594732557:[PRESS ,0038]P  +2231mbar,T-14136mdegC
1594732559:[PRESS ,0038]P  +2241mbar,T-26709mdegC
1594732621:[PRESS ,0038]P  +2391mbar,T+12347mdegC
1594732627:[PRESS ,0038]P  +2401mbar,T-26709mdegC
1594732628:[PRESS ,0038]P  +2401mbar,T+12347mdegC
1594732634:[PRESS ,0038]P  +2411mbar,T-14136mdegC
1594732637:[PRESS ,0038]P  +2431mbar,T+12347mdegC
1594732643:[PRESS ,0038]P  +2431mbar,T-26709mdegC
1594732644:[PRESS ,0038]P  +2431mbar,T+12347mdegC
1594732646:[BUOY  ,0087]from +2mbar/s to +4mbar/s
1594732646:[BUOY  ,0090]need to transfer -20mL (valve during 5204ms)
1594732646:[VALVE ,0034]valve opening 5204ms
1594732652:[VALVE ,0234]battery 15160mV,  501176uA, P  +2441mbar
1594732707:[PRESS ,0038]P  +2601mbar,T+12347mdegC
1594732709:[PRESS ,0038]P  +2621mbar,T-14136mdegC
1594732714:[PRESS ,0038]P  +2631mbar,T-26709mdegC
1594732716:[PRESS ,0038]P  +2621mbar,T+12347mdegC
1594732718:[PRESS ,0038]P  +2631mbar,T-14136mdegC
1594732720:[PRESS ,0038]P  +2631mbar,T+12347mdegC
1594732721:[PRESS ,0038]P  +2641mbar,T-14136mdegC
1594732723:[PRESS ,0038]P  +2641mbar,T+12347mdegC
1594732725:[PRESS ,0038]P  +2651mbar,T-14136mdegC
1594732727:[PRESS ,0038]P  +2651mbar,T+12347mdegC
1594732732:[PRESS ,0038]P  +2671mbar,T-14136mdegC
1594732793:[PRESS ,0038]P  +2761mbar,T-14136mdegC
1594732796:[PRESS ,0038]P  +2771mbar,T+12347mdegC
1594732798:[PRESS ,0038]P  +2771mbar,T+24918mdegC
1594732800:[PRESS ,0038]P  +2781mbar,T+12347mdegC
1594732805:[PRESS ,0038]P  +2781mbar,T-14136mdegC
1594732807:[PRESS ,0038]P  +2781mbar,T+12347mdegC
1594732813:[PRESS ,0038]P  +2781mbar,T-14136mdegC
1594732814:[PRESS ,0038]P  +2791mbar,T+12347mdegC
1594732818:[BUOY  ,0087]from +1mbar/s to +3mbar/s
1594732818:[BUOY  ,0090]need to transfer -12mL (valve during 2942ms)
1594732818:[VALVE ,0034]valve opening 2942ms
1594732821:[VALVE ,0234]battery 15167mV,  500932uA, P  +2791mbar
1594732879:[PRESS ,0038]P  +2911mbar,T-14136mdegC
1594732881:[PRESS ,0038]P  +2901mbar,T+12347mdegC
1594732882:[PRESS ,0038]P  +2911mbar,T-14136mdegC
1594732889:[PRESS ,0038]P  +2921mbar,T+12347mdegC
1594732893:[PRESS ,0038]P  +2931mbar,T-14136mdegC
1594732895:[PRESS ,0038]P  +2931mbar,T-26709mdegC
1594732897:[PRESS ,0038]P  +2931mbar,T+12347mdegC
1594732964:[PRESS ,0038]P  +3091mbar,T-14136mdegC
1594732968:[PRESS ,0038]P  +3091mbar,T+12347mdegC
1594732970:[PRESS ,0038]P  +3101mbar,T-14136mdegC
1594732972:[PRESS ,0038]P  +3101mbar,T-26709mdegC
1594732973:[PRESS ,0038]P  +3091mbar,T+12347mdegC
1594732977:[PRESS ,0038]P  +3121mbar,T-14136mdegC
1594732981:[PRESS ,0038]P  +3121mbar,T+12347mdegC
1594732984:[PRESS ,0038]P  +3131mbar,T-14136mdegC
1594732989:[PRESS ,0038]P  +3131mbar,T+12347mdegC
1594733050:[PRESS ,0038]P  +3301mbar,T+12347mdegC
1594733052:[PRESS ,0038]P  +3291mbar,T-14136mdegC
1594733057:[PRESS ,0038]P  +3311mbar,T+12347mdegC
1594733059:[PRESS ,0038]P  +3321mbar,T+24918mdegC
1594733061:[PRESS ,0038]P  +3331mbar,T-14136mdegC
1594733063:[PRESS ,0038]P  +3331mbar,T+12347mdegC
1594733066:[PRESS ,0038]P  +3331mbar,T-14136mdegC
1594733070:[PRESS ,0038]P  +3351mbar,T+12347mdegC
1594733072:[PRESS ,0038]P  +3361mbar,T+24918mdegC
1594733075:[PRESS ,0038]P  +3371mbar,T-14136mdegC
1594733136:[PRESS ,0038]P  +3541mbar,T+12347mdegC
1594733138:[PRESS ,0038]P  +3541mbar,T-14136mdegC
1594733140:[PRESS ,0038]P  +3561mbar,T+24918mdegC
1594733141:[PRESS ,0038]P  +3561mbar,T-14136mdegC
1594733145:[PRESS ,0038]P  +3571mbar,T+24918mdegC
1594733147:[PRESS ,0038]P  +3571mbar,T-14136mdegC
1594733148:[PRESS ,0038]P  +3581mbar,T+12347mdegC
1594733150:[PRESS ,0038]P  +3581mbar,T-14136mdegC
1594733152:[PRESS ,0038]P  +3581mbar,T+12347mdegC
1594733156:[PRESS ,0038]P  +3591mbar,T-14136mdegC
1594733161:[PRESS ,0038]P  +3611mbar,T+12347mdegC
1594733222:[PRESS ,0038]P  +3761mbar,T-14136mdegC
1594733224:[PRESS ,0038]P  +3771mbar,T+12347mdegC
1594733225:[PRESS ,0038]P  +3771mbar,T-14136mdegC
1594733229:[PRESS ,0038]P  +3771mbar,T+12347mdegC
1594733231:[PRESS ,0038]P  +3781mbar,T+24918mdegC
1594733234:[PRESS ,0038]P  +3791mbar,T-14136mdegC
1594733238:[PRESS ,0038]P  +3801mbar,T+12347mdegC
1594733240:[PRESS ,0038]P  +3821mbar,T-14136mdegC
1594733241:[PRESS ,0038]P  +3831mbar,T+12347mdegC
1594733243:[PRESS ,0038]P  +3831mbar,T-14136mdegC
1594733245:[PRESS ,0038]P  +3831mbar,T+12347mdegC
1594733247:[PRESS ,0038]P  +3841mbar,T-14136mdegC
1594733308:[PRESS ,0038]P  +4001mbar,T+24918mdegC
1594733309:[PRESS ,0038]P  +4001mbar,T+12347mdegC
1594733311:[PRESS ,0038]P  +4001mbar,T-14136mdegC
1594733315:[PRESS ,0038]P  +4011mbar,T+12347mdegC
1594733317:[PRESS ,0038]P  +4021mbar,T-14136mdegC
1594733318:[PRESS ,0038]P  +4031mbar,T+24918mdegC
1594733327:[PRESS ,0038]P  +4051mbar,T-14136mdegC
1594733329:[PRESS ,0038]P  +4061mbar,T+24918mdegC
1594733331:[PRESS ,0038]P  +4051mbar,T-14136mdegC
1594733393:[PRESS ,0038]P  +4241mbar,T-14136mdegC
1594733399:[PRESS ,0038]P  +4271mbar,T+12347mdegC
1594733400:[PRESS ,0038]P  +4271mbar,T-14136mdegC
1594733408:[PRESS ,0038]P  +4291mbar,T+12347mdegC
1594733409:[PRESS ,0038]P  +4291mbar,T-14136mdegC
1594733411:[PRESS ,0038]P  +4311mbar,T+24918mdegC
1594733413:[PRESS ,0038]P  +4301mbar,T-14136mdegC
1594733415:[PRESS ,0038]P  +4321mbar,T+24918mdegC
1594733417:[PRESS ,0038]P  +4321mbar,T-14136mdegC
1594733418:[PRESS ,0038]P  +4331mbar,T+24918mdegC
1594733479:[PRESS ,0038]P  +4521mbar,T+24918mdegC
1594733486:[PRESS ,0038]P  +4541mbar,T+12347mdegC
1594733488:[PRESS ,0038]P  +4541mbar,T-14136mdegC
1594733490:[PRESS ,0038]P  +4551mbar,T+24918mdegC
1594733493:[PRESS ,0038]P  +4561mbar,T-14136mdegC
1594733497:[PRESS ,0038]P  +4561mbar,T+24918mdegC
1594733499:[PRESS ,0038]P  +4581mbar,T-14136mdegC
1594733504:[PRESS ,0038]P  +4591mbar,T -1567mdegC
1594733504:[STAGE ,0213]4591mbar reached at 1594733504s, ref 5000mbar +/-500mbar
1594733504:[BUOY  ,0087]from +3mbar/s to +0mbar/s
1594733504:[BUOY  ,0089]need to transfer +14mL (pump during 16772ms)
1594733512:[PUMP  ,0207]battery 15483mV,   19642uA (warmup), P  +4591mbar
1594733512:[PUMP  ,0016]pump during 16772ms
1594733528:[PUMP  ,0212]battery 15271mV,  340258uA (steady state), P  +4591mbar
1594733568:[PRESS ,0038]P  +4761mbar,T+24918mdegC
1594733570:[PRESS ,0038]P  +4761mbar,T-14136mdegC
1594733575:[PRESS ,0038]P  +4761mbar,T+24918mdegC
1594733581:[PRESS ,0038]P  +4781mbar,T -1567mdegC
1594733582:[PRESS ,0038]P  +4791mbar,T+24918mdegC
1594733584:[PRESS ,0038]P  +4791mbar,T-14136mdegC
1594733588:[PRESS ,0038]P  +4811mbar,T+12347mdegC
1594733590:[PRESS ,0038]P  +4791mbar,T-14136mdegC
1594733654:[PRESS ,0038]P  +4961mbar,T+24918mdegC
1594733715:[PRESS ,0038]P  +5101mbar,T+24918mdegC
1594733715:[BUOY  ,0087]from +2mbar/s to +0mbar/s
1594733715:[BUOY  ,0089]need to transfer +6mL (pump during 7188ms)
1594733723:[PUMP  ,0207]battery 15470mV,   19642uA (warmup), P  +5101mbar
1594733723:[PUMP  ,0016]pump during 7188ms
1594733730:[PUMP  ,0212]battery 15252mV,  353068uA (steady state), P  +5101mbar
1594733779:[PRESS ,0038]P  +5241mbar,T+24918mdegC
1594733782:[PRESS ,0038]P  +5251mbar,T-14136mdegC
1594733786:[PRESS ,0038]P  +5251mbar,T+24918mdegC
1594733788:[PRESS ,0038]P  +5251mbar,T -1567mdegC
1594733789:[PRESS ,0038]P  +5271mbar,T+24918mdegC
1594733793:[PRESS ,0038]P  +5271mbar,T -1567mdegC
1594733795:[PRESS ,0038]P  +5261mbar,T+24918mdegC
1594733798:[PRESS ,0038]P  +5281mbar,T -1567mdegC
1594733800:[PRESS ,0038]P  +5291mbar,T+24918mdegC
1594733802:[PRESS ,0038]P  +5291mbar,T-14136mdegC
1594733804:[PRESS ,0038]P  +5291mbar,T -1567mdegC
1594733804:[BUOY  ,0087]from +2mbar/s to +0mbar/s
1594733804:[BUOY  ,0089]need to transfer +6mL (pump during 7188ms)
1594733812:[PUMP  ,0207]battery 15462mV,   19520uA (warmup), P  +5291mbar
1594733812:[PUMP  ,0016]pump during 7188ms
1594733819:[PUMP  ,0212]battery 15245mV,  353434uA (steady state), P  +5291mbar
1594733868:[PRESS ,0038]P  +5391mbar,T-14136mdegC
1594733870:[PRESS ,0038]P  +5391mbar,T+24918mdegC
1594733871:[PRESS ,0038]P  +5391mbar,T -1567mdegC
1594733873:[PRESS ,0038]P  +5391mbar,T-14136mdegC
1594733875:[PRESS ,0038]P  +5401mbar,T -1567mdegC
1594733877:[PRESS ,0038]P  +5401mbar,T+24918mdegC
1594733880:[PRESS ,0038]P  +5411mbar,T-14136mdegC
1594733884:[PRESS ,0038]P  +5401mbar,T+24918mdegC
1594733887:[PRESS ,0038]P  +5411mbar,T -1567mdegC
1594733889:[PRESS ,0038]P  +5431mbar,T+24918mdegC
1594733891:[PRESS ,0038]P  +5421mbar,T -1567mdegC
1594733893:[PRESS ,0038]P  +5421mbar,T+24918mdegC
1594733893:[BUOY  ,0087]from +1mbar/s to +0mbar/s
1594733893:[BUOY  ,0089]need to transfer +2mL (pump during 2396ms)
1594733901:[PUMP  ,0207]battery 15457mV,   19520uA (warmup), P  +5421mbar
1594733901:[PUMP  ,0016]pump during 2396ms
1594733957:[PRESS ,0038]P  +5491mbar,T -1567mdegC
1594733959:[PRESS ,0038]P  +5501mbar,T+24918mdegC
1594733966:[PRESS ,0038]P  +5501mbar,T-14136mdegC
1594733968:[PRESS ,0038]P  +5501mbar,T -1567mdegC
1594733969:[PRESS ,0038]P  +5491mbar,T+24918mdegC
1594733975:[PRESS ,0038]P  +5491mbar,T -1567mdegC
1594733977:[PRESS ,0038]P  +5491mbar,T+24918mdegC
1594733982:[PRESS ,0038]P  +5491mbar,T -1567mdegC
1594733982:[MAIN  ,0140]stage[0] complete 1855s after mission start
1594733982:[MAIN  ,0056]stage[1]
1594733984:[MAIN  ,0024]internal pressure 81684Pa
1594733985:[MRMAID,0002]acq started
1594733995:[PRESS ,0038]P  +5471mbar,T+24918mdegC
1594733996:[BUOY  ,0037]P  +5471mbar
1594733996:[STAGE ,0080]Stage [1] 5000mbar (+/-500mbar) 1800s (<1594735727s) MERMAID
1594733997:[STAGE ,0213]5471mbar reached at 1594733997s, ref 5000mbar +/-500mbar
1594734119:[PRESS ,0038]P  +5501mbar,T -1567mdegC
1594734119:<WARN>[BUOY  ,0094]stage[1] should ASCENT, stuck at 5501mbar for the #1 time
1594734119:[BUOY  ,0087]from +0mbar/s to -2mbar/s
1594734119:[BUOY  ,0089]need to transfer +6mL (pump during 7194ms)
1594734119:[MRMAID,0003]acq stopped
1594734127:[PUMP  ,0207]battery 15471mV,   19520uA (warmup), P  +5501mbar
1594734127:[PUMP  ,0016]pump during 7194ms
1594734135:[PUMP  ,0212]battery 15253mV,  346114uA (steady state), P  +5501mbar
1594734138:[MRMAID,0002]acq started
1594734193:[PRESS ,0038]P  +5491mbar,T+24918mdegC
1594734198:[PRESS ,0038]P  +5501mbar,T -1567mdegC
1594734203:[PRESS ,0038]P  +5501mbar,T+24918mdegC
1594734205:[PRESS ,0038]P  +5501mbar,T -1567mdegC
1594734209:[PRESS ,0038]P  +5491mbar,T+24918mdegC
1594734211:[PRESS ,0038]P  +5491mbar,T -1567mdegC
1594734212:[PRESS ,0038]P  +5491mbar,T-14136mdegC
1594734214:[PRESS ,0038]P  +5491mbar,T -1567mdegC
1594734216:[PRESS ,0038]P  +5491mbar,T-28052mdegC
1594734218:[PRESS ,0038]P  +5491mbar,T+24918mdegC
1594734308:[MRMAID,0027]55dbar, 25degC
1594734339:[PRESS ,0038]P  +5391mbar,T -1567mdegC
1594734400:[PRESS ,0038]P  +5331mbar,T+24918mdegC
1594734521:[PRESS ,0038]P  +5251mbar,T -1567mdegC
1594734703:[PRESS ,0038]P  +5221mbar,T+24918mdegC
1594734764:[PRESS ,0038]P  +5191mbar,T -1567mdegC
1594734885:[PRESS ,0038]P  +5251mbar,T -1567mdegC
1594734910:[MRMAID,0005]ascent request rejected
1594735006:[MRMAID,0027]53dbar, -2degC
1594735006:[PRESS ,0038]P  +5341mbar,T+24918mdegC
1594735067:[PRESS ,0038]P  +5391mbar,T -1567mdegC
1594735128:[PRESS ,0038]P  +5411mbar,T+24918mdegC
1594735310:[PRESS ,0038]P  +5401mbar,T -1567mdegC
1594735552:[PRESS ,0038]P  +5461mbar,T -1567mdegC
1594735613:<WARN>[BUOY  ,0094]stage[1] should ASCENT, stuck at 5501mbar for the #2 time
1594735613:[BUOY  ,0087]from +0mbar/s to -2mbar/s
1594735613:[BUOY  ,0089]need to transfer +6mL (pump during 7172ms)
1594735622:[PUMP  ,0207]battery 15506mV,   20008uA (warmup), P  +5501mbar
1594735622:[PUMP  ,0016]pump during 7172ms
1594735629:[PUMP  ,0212]battery 15275mV,  352092uA (steady state), P  +5501mbar
1594735642:[MRMAID,0184]acq already started
1594735689:[PRESS ,0038]P  +5491mbar,T-14136mdegC
1594735691:[PRESS ,0038]P  +5491mbar,T -1567mdegC
1594735693:[PRESS ,0038]P  +5491mbar,T+24918mdegC
1594735695:[PRESS ,0038]P  +5491mbar,T -1567mdegC
1594735697:[PRESS ,0038]P  +5491mbar,T+24918mdegC
1594735698:[PRESS ,0038]P  +5481mbar,T -1567mdegC
1594735700:[PRESS ,0038]P  +5481mbar,T-28052mdegC
1594735702:[PRESS ,0038]P  +5471mbar,T+24918mdegC
1594735704:[PRESS ,0038]P  +5481mbar,T -1567mdegC
1594735706:[PRESS ,0038]P  +5471mbar,T-28052mdegC
1594735707:[PRESS ,0038]P  +5481mbar,T -1567mdegC
1594735709:[PRESS ,0038]P  +5471mbar,T-28052mdegC
1594735713:[PRESS ,0038]P  +5481mbar,T -1567mdegC
1594735774:[PRESS ,0038]P  +5441mbar,T+24918mdegC
1594735774:[MAIN  ,0140]stage[1] complete 3647s after mission start
1594736107:[MRMAID,0003]acq stopped
1594736107:[MRMAID,0052]Mermaid $MEASFS,76700,1916.835937,40.013857;
1594736122:[MRMAID,0005]ascent request rejected
1594736136:[MRMAID,0188]acq already stopped
1594736196:[MSSION,0192]mission stopped, 2 stage(s) done
1594736196:[MAIN  ,0065]surfacing
1594736198:[PRESS ,0038]P  +5281mbar,T -1567mdegC
1594736198:[SURFIN,0036]P  +5281mbar
1594736206:[PUMP  ,0207]battery 15503mV,   19764uA (warmup), P  +5281mbar
1594736206:[PUMP  ,0016]pump during 60000ms
1594736265:[PUMP  ,0212]battery 15271mV,  349286uA (steady state), P  +5281mbar
1594736323:[PRESS ,0038]P  +4871mbar,T -1567mdegC
1594736332:[PRESS ,0038]P  +4831mbar,T-28052mdegC
1594736337:[PRESS ,0038]P  +4801mbar,T+24918mdegC
1594736339:[PRESS ,0038]P  +4791mbar,T-28052mdegC
1594736341:[PRESS ,0038]P  +4791mbar,T -1567mdegC
1594736343:[PRESS ,0038]P  +4791mbar,T-28052mdegC
1594736344:[PRESS ,0038]P  +4771mbar,T -1567mdegC
1594736348:[PRESS ,0038]P  +4751mbar,T-28052mdegC
1594736356:[PUMP  ,0207]battery 15410mV,   19642uA (warmup), P  +4751mbar
1594736356:[PUMP  ,0016]pump during 60000ms
1594736415:[PUMP  ,0212]battery 15185mV,  347578uA (steady state), P  +4751mbar
1594736473:[PRESS ,0038]P  +4081mbar,T-28052mdegC
1594736476:[PRESS ,0038]P  +4061mbar,T -1567mdegC
1594736482:[PRESS ,0038]P  +4031mbar,T-28052mdegC
1594736484:[PRESS ,0038]P  +4011mbar,T -1567mdegC
1594736485:[PRESS ,0038]P  +4001mbar,T+10997mdegC
1594736489:[PRESS ,0038]P  +3981mbar,T -1567mdegC
1594736492:[PRESS ,0038]P  +3961mbar,T-28052mdegC
1594736494:[PRESS ,0038]P  +3951mbar,T -1567mdegC
1594736496:[PRESS ,0038]P  +3941mbar,T-28052mdegC
1594736498:[PRESS ,0038]P  +3931mbar,T -1567mdegC
1594736506:[PUMP  ,0207]battery 15343mV,   19764uA (warmup), P  +3931mbar
1594736506:[PUMP  ,0016]pump during 60000ms
1594736565:[PUMP  ,0212]battery 15123mV,  340624uA (steady state), P  +3931mbar
1594736623:[PRESS ,0038]P  +3001mbar,T-28052mdegC
1594736625:[PRESS ,0038]P  +2981mbar,T -1567mdegC
1594736628:[PRESS ,0038]P  +2971mbar,T-28052mdegC
1594736630:[PRESS ,0038]P  +2951mbar,T -1567mdegC
1594736632:[PRESS ,0038]P  +2951mbar,T-28052mdegC
1594736641:[PRESS ,0038]P  +2881mbar,T-28052mdegC
1594736648:[PRESS ,0038]P  +2831mbar,T -1567mdegC
1594736656:[PUMP  ,0207]battery 15302mV,   19764uA (warmup), P  +2831mbar
1594736656:[PUMP  ,0016]pump during 60000ms
1594736715:[PUMP  ,0212]battery 15083mV,  340136uA (steady state), P  +2831mbar
1594736773:[PRESS ,0038]P  +2211mbar,T-28052mdegC
1594736774:[PRESS ,0038]P  +2211mbar,T -1567mdegC
1594736778:[PRESS ,0038]P  +2201mbar,T-28052mdegC
1594736780:[PRESS ,0038]P  +2191mbar,T -1567mdegC
1594736783:[PRESS ,0038]P  +2161mbar,T+24918mdegC
1594736785:[PRESS ,0038]P  +2161mbar,T -1567mdegC
1594736787:[PRESS ,0038]P  +2151mbar,T-28052mdegC
1594736794:[PRESS ,0038]P  +2131mbar,T -1567mdegC
1594736796:[PRESS ,0038]P  +2121mbar,T+10997mdegC
1594736798:[PRESS ,0038]P  +2121mbar,T-28052mdegC
1594736806:[PUMP  ,0207]battery 15277mV,   19886uA (warmup), P  +2121mbar
1594736806:[PUMP  ,0016]pump during 60000ms
1594736865:[PUMP  ,0212]battery 15058mV,  339038uA (steady state), P  +2121mbar
1594736923:[PRESS ,0038]P  +1561mbar,T -1567mdegC
1594736924:[PRESS ,0038]P  +1541mbar,T-28052mdegC
1594736926:[PRESS ,0038]P  +1551mbar,T -1567mdegC
1594736933:[PRESS ,0038]P  +1511mbar,T-28052mdegC
1594736939:[PRESS ,0038]P  +1501mbar,T -1567mdegC
1594736940:[PRESS ,0038]P  +1491mbar,T-28052mdegC
1594736942:[PRESS ,0038]P  +1481mbar,T -1567mdegC
1594736944:[PRESS ,0038]P  +1481mbar,T+10997mdegC
1594736946:[PRESS ,0038]P  +1471mbar,T -1567mdegC
1594736948:[PRESS ,0038]P  +1471mbar,T-28052mdegC
1594736956:[PUMP  ,0207]battery 15262mV,   19886uA (warmup), P  +1471mbar
1594736956:[PUMP  ,0016]pump during 60000ms
1594737015:[PUMP  ,0212]battery 15042mV,  340624uA (steady state), P  +1471mbar
1594737072:[PRESS ,0038]P   +801mbar,T-28052mdegC
1594737076:[PRESS ,0038]P   +761mbar,T -1567mdegC
1594737080:[PRESS ,0038]P   +741mbar,T+24918mdegC
1594737081:[PRESS ,0038]P   +741mbar,T -1567mdegC
1594737083:[PRESS ,0038]P   +731mbar,T-28052mdegC
1594737089:[PRESS ,0038]P   +681mbar,T -1567mdegC
1594737090:[PRESS ,0038]P   +671mbar,T-28052mdegC
1594737096:[PRESS ,0038]P   +651mbar,T -1567mdegC
1594737097:[PRESS ,0038]P   +631mbar,T+24918mdegC
1594737106:[PUMP  ,0207]battery 15255mV,   19886uA (warmup), P   +631mbar
1594737106:[PUMP  ,0016]pump during 60000ms
1594737165:[PUMP  ,0212]battery 15041mV,  327448uA (steady state), P   +631mbar
1594737222:[PRESS ,0038]P   -149mbar,T -1567mdegC
1594737224:[PRESS ,0038]P   -149mbar,T+24918mdegC
1594737226:[PRESS ,0038]P   -139mbar,T -1567mdegC
1594737237:[PRESS ,0038]P   -149mbar,T+24918mdegC
1594737238:[PRESS ,0038]P   -149mbar,T -1567mdegC
1594737240:[PRESS ,0038]P   -149mbar,T-28052mdegC
1594737242:[PRESS ,0038]P   -139mbar,T -1567mdegC
1594737249:[PRESS ,0038]P   -139mbar,T-28052mdegC
1594737251:[SURFIN,0020]filling external bladder
1594737259:[PUMP  ,0207]battery 15253mV,   19886uA (warmup), P   -129mbar
1594737259:[PUMP  ,0016]pump during 300000ms
1594737558:[PUMP  ,0212]battery 14728mV, 1115080uA (steady state), P   -129mbar
1594737569:[PUMP  ,0207]battery 14798mV,   19886uA (warmup), P   -129mbar
1594737569:[PUMP  ,0016]pump during 300000ms
1594737669:[PUMP  ,0212]battery 14441mV, 1031632uA (steady state), P   -129mbar
1594737671:[SURFIN,0019]external bladder full
1594737672:[PRESS ,0038]P   +210mbar,T+24918mdegC
1594737676:[PRESS ,0038]P   +200mbar,T -1567mdegC
1594737678:[PRESS ,0038]P   +200mbar,T+24918mdegC
1594737680:[PRESS ,0038]P   +190mbar,T -1567mdegC
1594737681:[PRESS ,0038]P   +200mbar,T-28052mdegC
1594737683:[PRESS ,0038]P   +200mbar,T+24918mdegC
1594737685:[PRESS ,0038]P   +190mbar,T -1567mdegC
1594737689:[PRESS ,0038]P   +200mbar,T-28052mdegC
1594737690:[PRESS ,0038]P   +190mbar,T -1567mdegC
1594737732:[MAIN  ,0272]Vbat 15019mV (min 14968mV)
1594737735:[MAIN  ,0024]internal pressure 78882Pa
1594737735:[MAIN  ,0043]Pext 193mbar (rng 30mbar)
1594737735:[MAIN  ,0064]surface
1594737748:[SURF  ,0022]GPS fix...
1594737768:[SURF  ,0015]10 PPS detected...
1594737769:[MRMAID,0052]Mermaid $GPSACK:+0,+0,+0,+0,+0,+0,-1739;
1594737779:[MRMAID,0052]Mermaid $GPSOFF:3686331;
1594737781:[GPSFIX,0179]+0s diff
1594737781:[SURF  ,0222]2020-07-14T14:43:01
1594737781:[SURF  ,0082]Latitude : N43deg40.939mn, Longitude :E007deg19.179mn
1594737781:[SURF  ,0223]fix3D,9satellites
1594737781:[SURF  ,0084]GPS fix GPGSA : hdop0.730,vdop0.980
1594737791:[SURF  ,0274]last almanac : 14270
1594737855:[MRMAID,0026]20919 bytes in 0071/5F0DC484.MER
1594737860:[MAIN  ,0320]New pressure offset: 193mbar
1594737860:[LOGBIN,0078]*** switching to 0071/5F0DC4C4 ***
