1594779057:[MAIN  ,0007]buoy 452.120-R-0071
1594779057:[MAIN  ,0055]soft pilotage 452.012.300_V2.21-20200701
1594779057:[MAIN  ,0010]cycle 9
1594779057:[SURF  ,0225]surface2
1594779073:[SURF  ,0022]GPS fix...
1594779094:[SURF  ,0015]10 PPS detected...
1594779095:[MRMAID,0052]Mermaid $GPSACK:+0,+0,+0,+0,+0,+0,+0;
1594779105:[MRMAID,0052]Mermaid $GPSOFF:3686332;
1594779106:[GPSFIX,0179]-1s diff
1594779107:[SURF  ,0222]2020-07-15T02:11:47
1594779107:[SURF  ,0082]Latitude : N43deg40.938mn, Longitude :E007deg19.179mn
1594779107:[SURF  ,0223]fix3D,9satellites
1594779107:[SURF  ,0084]GPS fix GPGSA : hdop0.670,vdop1.250
1594779117:[SURF  ,0025]Iridium...
1594779151:[SURF  ,0009]connected in 34s, signal quality 5
1594779225:[SURF  ,0218]prompt received, remote cmd end
1594779225:[SURF  ,0012]13 cmd(s) received
1594779247:[UPLOAD,0248]Upload data files...
1594779265:[UPLOAD,0231]"0071/5F0E65A4.MER" uploaded at 131bytes/s
1594779401:[UPLOAD,0231]"0071/5F0E4B0A.BIN" uploaded at 109bytes/s
1594779420:[MAIN  ,0013]2 file(s) uploaded
1594779453:[SURF  ,0014]disconnected after 336s
1594779458:[SURFIN,0020]filling external bladder
1594779467:[PUMP  ,0207]battery 15130mV,   19154uA (warmup), P   +190mbar
1594779467:[PUMP  ,0016]pump during 300000ms
1594779472:[PUMP  ,0212]battery 14733mV, 1078968uA (steady state), P   +190mbar
1594779474:[SURFIN,0019]external bladder full
1594779474:[SURF  ,0227]1st complete transfer
1594779713:[SURF  ,0022]GPS fix...
1594779733:[SURF  ,0015]10 PPS detected...
1594779734:[MRMAID,0052]Mermaid $GPSACK:+0,+0,+0,+0,+0,+1,-999938;
1594779744:[MRMAID,0052]Mermaid $GPSOFF:3686331;
1594779746:[GPSFIX,0179]+0s diff
1594779746:[SURF  ,0222]2020-07-15T02:22:26
1594779746:[SURF  ,0082]Latitude : N43deg40.939mn, Longitude :E007deg19.179mn
1594779746:[SURF  ,0223]fix3D,10satellites
1594779746:[SURF  ,0084]GPS fix GPGSA : hdop0.580,vdop0.990
1594779756:[SURF  ,0025]Iridium...
1594779800:[SURF  ,0009]connected in 44s, signal quality 5
1594779858:[SURF  ,0218]prompt received, remote cmd end
1594779858:[SURF  ,0012]13 cmd(s) received
1594779896:[SURF  ,0014]disconnected after 140s
1594779901:[SURFIN,0020]filling external bladder
1594779904:[SURFIN,0019]external bladder full
1594779904:[SURF  ,0226]Go dive (Minimum surface delay expired and no more file to upload)
1594779919:[SURF  ,0022]GPS fix...
1594779940:[SURF  ,0015]10 PPS detected...
1594779941:[MRMAID,0052]Mermaid $GPSACK:+0,+0,+0,+0,+0,+0,-30;
1594779951:[MRMAID,0052]Mermaid $GPSOFF:3686331;
1594779952:[GPSFIX,0179]-1s diff
1594779953:[SURF  ,0222]2020-07-15T02:25:53
1594779953:[SURF  ,0082]Latitude : N43deg40.939mn, Longitude :E007deg19.179mn
1594779953:[SURF  ,0223]fix3D,10satellites
1594779953:[SURF  ,0084]GPS fix GPGSA : hdop0.580,vdop1.000
1594779970:[MAIN  ,0024]internal pressure 78599Pa
1594779971:[BYCMD ,0107]    FreeRTOS V8.2.3
1594779971:[BYCMD ,0108]    FatFS v11a
1594779971:[BYCMD ,0120]    bypass 10000ms 60000ms (20000ms 60000ms stored)
1594779971:[BYCMD ,0121]    valve 60000ms 12750 (60000ms 12750 stored)
1594779971:[BYCMD ,0122]    pump 60000ms 30% 10750 80% (60000ms 30% 10750 80% stored)
1594779971:[BYCMD ,0123]    rate 2mbar/s (2mbar/s stored)
1594779971:[BYCMD ,0124]    surface 500mbar (500mbar stored)
1594779971:[BYCMD ,0125]    near 1500mbar 3mbar/s (15000mbar 3mbar/s stored)
1594779971:[BYCMD ,0126]    far 2500mbar 4mbar/s (25000mbar 4mbar/s stored)
1594779971:[BYCMD ,0127]    ascent 8mbar/s (8mbar/s stored)
1594779971:[BYCMD ,0128]    dead 60s (300s stored)
1594779971:[BYCMD ,0129]    coeff 16/10 (16/10 stored)
1594779971:[BYCMD ,0130]    stab 10 (10 stored)
1594779971:[BYCMD ,0131]    delay 900s 3600s (900s 3600s stored)
1594779971:[BYCMD ,0132]    mmtime 2880min (2880min stored)
1594779971:[BYCMD ,0133]    dv_landing 100ml (100ml stored)
1594779971:[MKDCMD,0150]    p2t37: 15x2000ms, offset 193mbar
1594779971:[P2TCMD,0151]    p2t37: dp 50mbar, dt 5000mdegC
1594779972:[STAGE ,0080]Stage [0] 5000mbar (+/-500mbar) 1800s (<1800s) 
1594779972:[STAGE ,0080]Stage [1] 5000mbar (+/-500mbar) 1800s (<3600s) 
1594779972:[MAIN  ,0070]turn off bluetooth
1594779974:[PRESS ,0038]P    -23mbar,T+24918mdegC
1594779976:[PRESS ,0038]P    -13mbar,T -1567mdegC
1594779980:[PRESS ,0038]P    -13mbar,T+24918mdegC
1594779982:[PRESS ,0038]P     -3mbar,T -1567mdegC
1594779983:[PRESS ,0038]P    -13mbar,T+24918mdegC
1594779985:[PRESS ,0038]P    -13mbar,T -1567mdegC
1594779991:[PRESS ,0038]P    -13mbar,T+24918mdegC
1594779992:[PRESS ,0038]P    -23mbar,T -1567mdegC
1594779999:[DIVING,0141]diving from -23mbar, +0mbar/s
1594779999:[BYPASS,0035]bypass opening 60000ms
1594780005:[BYPASS,0104]battery 15148mV,  259372uA (bypass opening), P    -23mbar
1594780069:[BYPASS,0106]battery 15148mV,  298168uA (bypass closing), P    -23mbar
1594780071:[PRESS ,0038]P   -143mbar,T -1567mdegC
1594780077:[PRESS ,0038]P   -123mbar,T+24918mdegC
1594780082:[PRESS ,0038]P   -133mbar,T -1567mdegC
1594780084:[PRESS ,0038]P   -143mbar,T+24918mdegC
1594780091:[PRESS ,0038]P   -133mbar,T -1567mdegC
1594780096:[PRESS ,0038]P   -143mbar,T+24918mdegC
1594780096:[BYPASS,0035]bypass opening 10000ms
1594780101:[BYPASS,0104]battery 15167mV,  255956uA (bypass opening), P   -143mbar
1594780116:[BYPASS,0106]battery 15148mV,  296826uA (bypass closing), P   -143mbar
1594780118:[PRESS ,0038]P   -153mbar,T -1567mdegC
1594780120:[PRESS ,0038]P   -163mbar,T+24918mdegC
1594780122:[PRESS ,0038]P   -153mbar,T -1567mdegC
1594780125:[PRESS ,0038]P   -153mbar,T+24918mdegC
1594780129:[PRESS ,0038]P   -143mbar,T-14136mdegC
1594780131:[PRESS ,0038]P   -153mbar,T+24918mdegC
1594780133:[PRESS ,0038]P   -133mbar,T -1567mdegC
1594780140:[PRESS ,0038]P   -133mbar,T+24918mdegC
1594780143:[PRESS ,0038]P   -153mbar,T -1567mdegC
1594780143:[BYPASS,0035]bypass opening 10000ms
1594780148:[BYPASS,0104]battery 15168mV,  252052uA (bypass opening), P   -153mbar
1594780163:[BYPASS,0106]battery 15150mV,  295850uA (bypass closing), P   -153mbar
1594780165:[PRESS ,0038]P   -153mbar,T+24918mdegC
1594780167:[PRESS ,0038]P   -153mbar,T-14136mdegC
1594780169:[PRESS ,0038]P   -153mbar,T -1567mdegC
1594780178:[PRESS ,0038]P   -163mbar,T+24918mdegC
1594780179:[PRESS ,0038]P   -163mbar,T-28052mdegC
1594780181:[PRESS ,0038]P   -153mbar,T+24918mdegC
1594780183:[PRESS ,0038]P   -153mbar,T -1567mdegC
1594780185:[PRESS ,0038]P   -163mbar,T+24918mdegC
1594780187:[PRESS ,0038]P   -153mbar,T -1567mdegC
1594780190:[PRESS ,0038]P   -153mbar,T-28052mdegC
1594780190:[BYPASS,0035]bypass opening 10000ms
1594780195:[BYPASS,0104]battery 15171mV,  255834uA (bypass opening), P   -153mbar
1594780210:[BYPASS,0106]battery 15151mV,  294996uA (bypass closing), P   -153mbar
1594780212:[PRESS ,0038]P   -143mbar,T+24918mdegC
1594780214:[PRESS ,0038]P   -143mbar,T -1567mdegC
1594780216:[PRESS ,0038]P   -153mbar,T+24918mdegC
1594780219:[PRESS ,0038]P   -143mbar,T -1567mdegC
1594780221:[PRESS ,0038]P   -143mbar,T+24918mdegC
1594780223:[PRESS ,0038]P   -143mbar,T -1567mdegC
1594780225:[PRESS ,0038]P   -143mbar,T+24918mdegC
1594780228:[PRESS ,0038]P   -143mbar,T -1567mdegC
1594780230:[PRESS ,0038]P   -143mbar,T+24918mdegC
1594780232:[PRESS ,0038]P   -143mbar,T -1567mdegC
1594780236:[PRESS ,0038]P   -143mbar,T+24918mdegC
1594780237:[PRESS ,0038]P   -143mbar,T-28052mdegC
1594780237:[BYPASS,0035]bypass opening 10000ms
1594780243:[BYPASS,0104]battery 15172mV,  258274uA (bypass opening), P   -143mbar
1594780258:[BYPASS,0106]battery 15153mV,  294264uA (bypass closing), P   -143mbar
1594780259:[PRESS ,0038]P   -143mbar,T -1567mdegC
1594780261:[PRESS ,0038]P   -153mbar,T+24918mdegC
1594780265:[PRESS ,0038]P   -133mbar,T -1567mdegC
1594780267:[PRESS ,0038]P   -143mbar,T+24918mdegC
1594780279:[PRESS ,0038]P   -133mbar,T -1567mdegC
1594780283:[PRESS ,0038]P   -133mbar,T+24918mdegC
1594780284:[BYPASS,0035]bypass opening 10000ms
1594780289:[BYPASS,0104]battery 15172mV,  252784uA (bypass opening), P   -133mbar
1594780304:[BYPASS,0106]battery 15155mV,  293532uA (bypass closing), P   -133mbar
1594780312:[PRESS ,0038]P   -143mbar,T -1567mdegC
1594780313:[PRESS ,0038]P   -143mbar,T+24918mdegC
1594780315:[PRESS ,0038]P   -143mbar,T -1567mdegC
1594780317:[PRESS ,0038]P   -143mbar,T-28052mdegC
1594780319:[PRESS ,0038]P   -133mbar,T -1567mdegC
1594780324:[PRESS ,0038]P   -133mbar,T+24918mdegC
1594780326:[PRESS ,0038]P   -133mbar,T-14136mdegC
1594780328:[PRESS ,0038]P   -123mbar,T -1567mdegC
1594780331:[PRESS ,0038]P   -133mbar,T-28052mdegC
1594780331:[BYPASS,0035]bypass opening 10000ms
1594780336:[BYPASS,0104]battery 15172mV,  252174uA (bypass opening), P   -133mbar
1594780351:[BYPASS,0106]battery 15156mV,  292922uA (bypass closing), P   -133mbar
1594780353:[PRESS ,0038]P   -123mbar,T -1567mdegC
1594780355:[PRESS ,0038]P   -133mbar,T+24918mdegC
1594780357:[PRESS ,0038]P   -123mbar,T -1567mdegC
1594780359:[PRESS ,0038]P   -133mbar,T-14136mdegC
1594780360:[PRESS ,0038]P   -133mbar,T -1567mdegC
1594780362:[PRESS ,0038]P   -123mbar,T+24918mdegC
1594780364:[PRESS ,0038]P   -123mbar,T -1567mdegC
1594780366:[PRESS ,0038]P   -133mbar,T+24918mdegC
1594780371:[PRESS ,0038]P   -133mbar,T -1567mdegC
1594780375:[PRESS ,0038]P   -123mbar,T+24918mdegC
1594780378:[BYPASS,0035]bypass opening 10000ms
1594780383:[BYPASS,0104]battery 15173mV,  251320uA (bypass opening), P   -123mbar
1594780399:[BYPASS,0106]battery 15157mV,  292434uA (bypass closing), P   -123mbar
1594780400:[PRESS ,0038]P   -133mbar,T -1567mdegC
1594780404:[PRESS ,0038]P   -133mbar,T+24918mdegC
1594780407:[PRESS ,0038]P   -133mbar,T -1567mdegC
1594780413:[PRESS ,0038]P   -123mbar,T+24918mdegC
1594780415:[PRESS ,0038]P   -133mbar,T -1567mdegC
1594780416:[PRESS ,0038]P   -133mbar,T+24918mdegC
1594780418:[PRESS ,0038]P   -133mbar,T -1567mdegC
1594780424:[PRESS ,0038]P   -133mbar,T+24918mdegC
1594780425:[BYPASS,0035]bypass opening 10000ms
1594780430:[BYPASS,0104]battery 15176mV,  251808uA (bypass opening), P   -133mbar
1594780445:[BYPASS,0106]battery 15158mV,  291824uA (bypass closing), P   -133mbar
1594780449:[PRESS ,0038]P   -103mbar,T -1567mdegC
1594780453:[PRESS ,0038]P    -73mbar,T+24918mdegC
1594780454:[PRESS ,0038]P    -73mbar,T -1567mdegC
1594780458:[PRESS ,0038]P    -63mbar,T+24918mdegC
1594780460:[PRESS ,0038]P    -53mbar,T -1567mdegC
1594780462:[PRESS ,0038]P    -43mbar,T+24918mdegC
1594780463:[PRESS ,0038]P    -33mbar,T-28052mdegC
1594780465:[PRESS ,0038]P    -33mbar,T -1567mdegC
1594780469:[PRESS ,0038]P    -23mbar,T-28052mdegC
1594780471:[PRESS ,0038]P     -3mbar,T+24918mdegC
1594780472:[PRESS ,0038]P     -3mbar,T -1567mdegC
1594780478:[PRESS ,0038]P    +27mbar,T-14136mdegC
1594780481:[PRESS ,0038]P    +37mbar,T -1567mdegC
1594780484:[PRESS ,0038]P    +47mbar,T+24918mdegC
1594780489:[PRESS ,0038]P    +57mbar,T -1567mdegC
1594780492:[PRESS ,0038]P    +67mbar,T+24918mdegC
1594780498:[PRESS ,0038]P    +87mbar,T -1567mdegC
1594780506:[PRESS ,0038]P    +97mbar,T+24918mdegC
1594780514:[PRESS ,0038]P   +127mbar,T -1567mdegC
1594780517:[PRESS ,0038]P   +147mbar,T+24918mdegC
1594780525:[PRESS ,0038]P   +177mbar,T -1567mdegC
1594780528:[PRESS ,0038]P   +177mbar,T+24918mdegC
1594780534:[PRESS ,0038]P   +197mbar,T -1567mdegC
1594780539:[PRESS ,0038]P   +207mbar,T+24918mdegC
1594780545:[PRESS ,0038]P   +227mbar,T -1567mdegC
1594780548:[PRESS ,0038]P   +227mbar,T+24918mdegC
1594780550:[PRESS ,0038]P   +237mbar,T -1567mdegC
1594780553:[PRESS ,0038]P   +237mbar,T-14136mdegC
1594780556:[PRESS ,0038]P   +247mbar,T+24918mdegC
1594780564:[PRESS ,0038]P   +257mbar,T-14136mdegC
1594780567:[PRESS ,0038]P   +267mbar,T+24918mdegC
1594780573:[PRESS ,0038]P   +277mbar,T -1567mdegC
1594780576:[PRESS ,0038]P   +277mbar,T+24918mdegC
1594780581:[PRESS ,0038]P   +307mbar,T -1567mdegC
1594780584:[PRESS ,0038]P   +307mbar,T+24918mdegC
1594780590:[PRESS ,0038]P   +317mbar,T -1567mdegC
1594780592:[PRESS ,0038]P   +317mbar,T-14136mdegC
1594780595:[PRESS ,0038]P   +337mbar,T -1567mdegC
1594780598:[PRESS ,0038]P   +337mbar,T+24918mdegC
1594780606:[PRESS ,0038]P   +357mbar,T-14136mdegC
1594780609:[PRESS ,0038]P   +367mbar,T+24918mdegC
1594780612:[PRESS ,0038]P   +377mbar,T-14136mdegC
1594780615:[PRESS ,0038]P   +377mbar,T+24918mdegC
1594780617:[PRESS ,0038]P   +387mbar,T -1567mdegC
1594780620:[PRESS ,0038]P   +407mbar,T-28052mdegC
1594780626:[PRESS ,0038]P   +427mbar,T -1567mdegC
1594780640:[PRESS ,0038]P   +487mbar,T+24918mdegC
1594780643:[PRESS ,0038]P   +497mbar,T -1567mdegC
1594780650:[DIVING,0028]517mbar reached (+4mbar/s), 9 bypass done
1594780650:[MAIN  ,0056]stage[0]
1594780653:[MAIN  ,0024]internal pressure 81900Pa
1594780653:[PRESS ,0038]P   +527mbar,T+24918mdegC
1594780653:[BUOY  ,0037]P   +527mbar
1594780654:[STAGE ,0080]Stage [0] 5000mbar (+/-500mbar) 1800s (<1594782450s) 
1594780655:[PRESS ,0038]P   +527mbar,T -1567mdegC
1594780716:[PRESS ,0038]P   +587mbar,T+24918mdegC
1594780723:[PRESS ,0038]P   +587mbar,T -1567mdegC
1594780725:[PRESS ,0038]P   +607mbar,T-14136mdegC
1594780727:[PRESS ,0038]P   +597mbar,T -1567mdegC
1594780729:[PRESS ,0038]P   +597mbar,T-28052mdegC
1594780730:[PRESS ,0038]P   +617mbar,T+24918mdegC
1594780736:[PRESS ,0038]P   +617mbar,T+12347mdegC
1594780737:[PRESS ,0038]P   +607mbar,T+24918mdegC
1594780741:[BUOY  ,0087]from +1mbar/s to +4mbar/s
1594780741:[BUOY  ,0090]need to transfer -24mL (valve during 12750ms)
1594780741:[VALVE ,0034]valve opening 12750ms
1594780754:[VALVE ,0234]battery 15157mV,  505690uA, P   +607mbar
1594780802:[PRESS ,0038]P   +747mbar,T-14136mdegC
1594780805:[PRESS ,0038]P   +767mbar,T+24918mdegC
1594780809:[PRESS ,0038]P   +757mbar,T -1567mdegC
1594780814:[PRESS ,0038]P   +767mbar,T+24918mdegC
1594780821:[PRESS ,0038]P   +787mbar,T -1567mdegC
1594780823:[PRESS ,0038]P   +797mbar,T+24918mdegC
1594780827:[BUOY  ,0087]from +2mbar/s to +4mbar/s
1594780827:[BUOY  ,0090]need to transfer -20mL (valve during 9107ms)
1594780827:[VALVE ,0034]valve opening 9107ms
1594780836:[VALVE ,0234]battery 15146mV,  499346uA, P   +807mbar
1594780888:[PRESS ,0038]P  +1127mbar,T+12347mdegC
1594780889:[PRESS ,0038]P  +1147mbar,T-14136mdegC
1594780891:[PRESS ,0038]P  +1147mbar,T -1567mdegC
1594780893:[PRESS ,0038]P  +1177mbar,T+24918mdegC
1594780895:[PRESS ,0038]P  +1187mbar,T-14136mdegC
1594780897:[PRESS ,0038]P  +1177mbar,T+24918mdegC
1594780904:[PRESS ,0038]P  +1227mbar,T-14136mdegC
1594780906:[PRESS ,0038]P  +1247mbar,T+24918mdegC
1594780909:[PRESS ,0038]P  +1267mbar,T-14136mdegC
1594780911:[PRESS ,0038]P  +1277mbar,T -1567mdegC
1594780913:[PRESS ,0038]P  +1287mbar,T+24918mdegC
1594780973:[PRESS ,0038]P  +1687mbar,T+24918mdegC
1594780988:[PRESS ,0038]P  +1747mbar,T+24918mdegC
1594780997:[PRESS ,0038]P  +1767mbar,T -1567mdegC
1594780998:[PRESS ,0038]P  +1777mbar,T+24918mdegC
1594781059:[PRESS ,0038]P  +1957mbar,T+24918mdegC
1594781063:[PRESS ,0038]P  +1967mbar,T -1567mdegC
1594781064:[PRESS ,0038]P  +1977mbar,T+24918mdegC
1594781066:[PRESS ,0038]P  +1977mbar,T -1567mdegC
1594781068:[PRESS ,0038]P  +1977mbar,T+24918mdegC
1594781070:[PRESS ,0038]P  +1967mbar,T -1567mdegC
1594781072:[PRESS ,0038]P  +1987mbar,T+24918mdegC
1594781079:[PRESS ,0038]P  +1977mbar,T -1567mdegC
1594781081:[PRESS ,0038]P  +1987mbar,T-14136mdegC
1594781082:[PRESS ,0038]P  +1987mbar,T+24918mdegC
1594781084:[PRESS ,0038]P  +1997mbar,T -1567mdegC
1594781084:[BUOY  ,0087]from +1mbar/s to +4mbar/s
1594781084:[BUOY  ,0090]need to transfer -24mL (valve during 6955ms)
1594781084:[VALVE ,0034]valve opening 6955ms
1594781091:[VALVE ,0234]battery 15175mV,  505080uA, P  +1997mbar
1594781145:[PRESS ,0038]P  +2037mbar,T+24918mdegC
1594781147:[PRESS ,0038]P  +2037mbar,T-14136mdegC
1594781149:[PRESS ,0038]P  +2037mbar,T+24918mdegC
1594781150:[PRESS ,0038]P  +2037mbar,T-14136mdegC
1594781154:[PRESS ,0038]P  +2047mbar,T+24918mdegC
1594781158:[PRESS ,0038]P  +2047mbar,T-14136mdegC
1594781159:[PRESS ,0038]P  +2047mbar,T+24918mdegC
1594781161:[PRESS ,0038]P  +2047mbar,T-14136mdegC
1594781165:[PRESS ,0038]P  +2047mbar,T+24918mdegC
1594781170:[PRESS ,0038]P  +2047mbar,T-14136mdegC
1594781170:<WARN>[BUOY  ,0094]stage[0] should DESCENT, stuck at 2047mbar for the #1 time
1594781170:[BUOY  ,0087]from +0mbar/s to +4mbar/s
1594781170:[BUOY  ,0090]need to transfer -26mL (valve during 7367ms)
1594781170:[VALVE ,0034]valve opening 7367ms
1594781178:[VALVE ,0234]battery 15172mV,  502396uA, P  +2047mbar
1594781231:[PRESS ,0038]P  +2127mbar,T+24918mdegC
1594781236:[PRESS ,0038]P  +2127mbar,T -1567mdegC
1594781238:[PRESS ,0038]P  +2137mbar,T+24918mdegC
1594781240:[PRESS ,0038]P  +2137mbar,T-14136mdegC
1594781242:[PRESS ,0038]P  +2127mbar,T+24918mdegC
1594781244:[PRESS ,0038]P  +2147mbar,T-14136mdegC
1594781245:[PRESS ,0038]P  +2147mbar,T+24918mdegC
1594781247:[PRESS ,0038]P  +2147mbar,T-14136mdegC
1594781251:[PRESS ,0038]P  +2147mbar,T+24918mdegC
1594781256:[PRESS ,0038]P  +2137mbar,T-14136mdegC
1594781256:[BUOY  ,0087]from +1mbar/s to +4mbar/s
1594781256:[BUOY  ,0090]need to transfer -24mL (valve during 6652ms)
1594781256:[VALVE ,0034]valve opening 6652ms
1594781263:[VALVE ,0234]battery 15170mV,  501054uA, P  +2137mbar
1594781317:[PRESS ,0038]P  +2327mbar,T+24918mdegC
1594781319:[PRESS ,0038]P  +2337mbar,T -1567mdegC
1594781321:[PRESS ,0038]P  +2327mbar,T+24918mdegC
1594781324:[PRESS ,0038]P  +2347mbar,T-14136mdegC
1594781326:[PRESS ,0038]P  +2347mbar,T -1567mdegC
1594781328:[PRESS ,0038]P  +2357mbar,T-14136mdegC
1594781330:[PRESS ,0038]P  +2357mbar,T -1567mdegC
1594781331:[PRESS ,0038]P  +2367mbar,T+24918mdegC
1594781335:[PRESS ,0038]P  +2387mbar,T -1567mdegC
1594781337:[PRESS ,0038]P  +2377mbar,T-14136mdegC
1594781339:[PRESS ,0038]P  +2387mbar,T -1567mdegC
1594781340:[PRESS ,0038]P  +2397mbar,T+24918mdegC
1594781403:[PRESS ,0038]P  +2707mbar,T -1567mdegC
1594781405:[PRESS ,0038]P  +2707mbar,T+24918mdegC
1594781406:[PRESS ,0038]P  +2727mbar,T -1567mdegC
1594781408:[PRESS ,0038]P  +2717mbar,T-14136mdegC
1594781410:[PRESS ,0038]P  +2737mbar,T+24918mdegC
1594781412:[PRESS ,0038]P  +2737mbar,T-28052mdegC
1594781414:[PRESS ,0038]P  +2747mbar,T+24918mdegC
1594781419:[PRESS ,0038]P  +2787mbar,T -1567mdegC
1594781421:[PRESS ,0038]P  +2777mbar,T-14136mdegC
1594781423:[PRESS ,0038]P  +2797mbar,T -1567mdegC
1594781424:[PRESS ,0038]P  +2807mbar,T+24918mdegC
1594781426:[PRESS ,0038]P  +2817mbar,T-14136mdegC
1594781428:[PRESS ,0038]P  +2827mbar,T+24918mdegC
1594781428:[BUOY  ,0087]from +5mbar/s to +3mbar/s
1594781428:[BUOY  ,0089]need to transfer +26mL (pump during 31309ms)
1594781436:[PUMP  ,0207]battery 15410mV,   19520uA (warmup), P  +2827mbar
1594781436:[PUMP  ,0016]pump during 31309ms
1594781467:[PUMP  ,0212]battery 15240mV,  332694uA (steady state), P  +2827mbar
1594781492:[PRESS ,0038]P  +3087mbar,T+24918mdegC
1594781499:[PRESS ,0038]P  +3087mbar,T -1567mdegC
1594781501:[PRESS ,0038]P  +3107mbar,T+24918mdegC
1594781503:[PRESS ,0038]P  +3097mbar,T-14136mdegC
1594781505:[PRESS ,0038]P  +3107mbar,T+24918mdegC
1594781508:[PRESS ,0038]P  +3107mbar,T -1567mdegC
1594781510:[PRESS ,0038]P  +3127mbar,T+24918mdegC
1594781512:[PRESS ,0038]P  +3117mbar,T-14136mdegC
1594781514:[PRESS ,0038]P  +3127mbar,T -1567mdegC
1594781515:[PRESS ,0038]P  +3127mbar,T+24918mdegC
1594781517:[PRESS ,0038]P  +3137mbar,T -1567mdegC
1594781578:[PRESS ,0038]P  +3267mbar,T -1567mdegC
1594781580:[PRESS ,0038]P  +3277mbar,T+24918mdegC
1594781587:[PRESS ,0038]P  +3287mbar,T -1567mdegC
1594781589:[PRESS ,0038]P  +3297mbar,T+24918mdegC
1594781590:[PRESS ,0038]P  +3307mbar,T-14136mdegC
1594781592:[PRESS ,0038]P  +3317mbar,T+24918mdegC
1594781594:[PRESS ,0038]P  +3317mbar,T -1567mdegC
1594781596:[PRESS ,0038]P  +3327mbar,T+24918mdegC
1594781599:[PRESS ,0038]P  +3337mbar,T -1567mdegC
1594781601:[PRESS ,0038]P  +3337mbar,T-14136mdegC
1594781603:[PRESS ,0038]P  +3337mbar,T+24918mdegC
1594781664:[PRESS ,0038]P  +3587mbar,T+24918mdegC
1594781674:[PRESS ,0038]P  +3637mbar,T -1567mdegC
1594781676:[PRESS ,0038]P  +3637mbar,T+24918mdegC
1594781680:[PRESS ,0038]P  +3657mbar,T -1567mdegC
1594781683:[PRESS ,0038]P  +3677mbar,T+24918mdegC
1594781687:[PRESS ,0038]P  +3677mbar,T -1567mdegC
1594781689:[BUOY  ,0087]from +4mbar/s to +2mbar/s
1594781689:[BUOY  ,0089]need to transfer +20mL (pump during 24084ms)
1594781697:[PUMP  ,0207]battery 15406mV,   19520uA (warmup), P  +3687mbar
1594781697:[PUMP  ,0016]pump during 24084ms
1594781721:[PUMP  ,0212]battery 15236mV,  333548uA (steady state), P  +3687mbar
1594781753:[PRESS ,0038]P  +3967mbar,T+24918mdegC
1594781758:[PRESS ,0038]P  +3997mbar,T -1567mdegC
1594781767:[PRESS ,0038]P  +4027mbar,T+24918mdegC
1594781769:[PRESS ,0038]P  +4037mbar,T -1567mdegC
1594781771:[PRESS ,0038]P  +4047mbar,T+24918mdegC
1594781772:[PRESS ,0038]P  +4057mbar,T -1567mdegC
1594781776:[PRESS ,0038]P  +4067mbar,T-28052mdegC
1594781778:[PRESS ,0038]P  +4077mbar,T -1567mdegC
1594781778:[BUOY  ,0087]from +4mbar/s to +2mbar/s
1594781778:[BUOY  ,0089]need to transfer +20mL (pump during 24115ms)
1594781786:[PUMP  ,0207]battery 15380mV,   19398uA (warmup), P  +4077mbar
1594781786:[PUMP  ,0016]pump during 24115ms
1594781810:[PUMP  ,0212]battery 15208mV,  337818uA (steady state), P  +4077mbar
1594781842:[PRESS ,0038]P  +4337mbar,T -1567mdegC
1594781845:[PRESS ,0038]P  +4357mbar,T+24918mdegC
1594781851:[PRESS ,0038]P  +4377mbar,T -1567mdegC
1594781861:[PRESS ,0038]P  +4417mbar,T+24918mdegC
1594781863:[PRESS ,0038]P  +4417mbar,T -1567mdegC
1594781867:[PRESS ,0038]P  +4417mbar,T+10997mdegC
1594781927:[PRESS ,0038]P  +4617mbar,T -1567mdegC
1594781929:[PRESS ,0038]P  +4617mbar,T+24918mdegC
1594781938:[PRESS ,0038]P  +4657mbar,T -1567mdegC
1594781940:[PRESS ,0038]P  +4667mbar,T+24918mdegC
1594781942:[PRESS ,0038]P  +4657mbar,T -1567mdegC
1594781947:[PRESS ,0038]P  +4677mbar,T-28052mdegC
1594781949:[PRESS ,0038]P  +4697mbar,T -1567mdegC
1594781952:[PRESS ,0038]P  +4707mbar,T+24918mdegC
1594781952:[STAGE ,0213]4707mbar reached at 1594781952s, ref 5000mbar +/-500mbar
1594781952:[BUOY  ,0087]from +4mbar/s to +0mbar/s
1594781953:[BUOY  ,0089]need to transfer +26mL (pump during 31349ms)
1594781961:[PUMP  ,0207]battery 15381mV,   19398uA (warmup), P  +4707mbar
1594781961:[PUMP  ,0016]pump during 31349ms
1594781992:[PUMP  ,0212]battery 15208mV,  340990uA (steady state), P  +4707mbar
1594782016:[PRESS ,0038]P  +4837mbar,T+24918mdegC
1594782018:[PRESS ,0038]P  +4847mbar,T -1567mdegC
1594782029:[PRESS ,0038]P  +4847mbar,T-28052mdegC
1594782031:[PRESS ,0038]P  +4847mbar,T+24918mdegC
1594782033:[PRESS ,0038]P  +4837mbar,T-28052mdegC
1594782034:[PRESS ,0038]P  +4857mbar,T -1567mdegC
1594782040:[PRESS ,0038]P  +4847mbar,T-28052mdegC
1594782041:[PRESS ,0038]P  +4837mbar,T -1567mdegC
1594782163:[PRESS ,0038]P  +4917mbar,T -1567mdegC
1594782223:[PRESS ,0038]P  +4977mbar,T -1567mdegC
1594782284:[PRESS ,0038]P  +5057mbar,T-28052mdegC
1594782284:[BUOY  ,0087]from +1mbar/s to +0mbar/s
1594782284:[BUOY  ,0089]need to transfer +2mL (pump during 2411ms)
1594782292:[PUMP  ,0207]battery 15405mV,   19398uA (warmup), P  +5057mbar
1594782292:[PUMP  ,0016]pump during 2411ms
1594782348:[PRESS ,0038]P  +5117mbar,T-28052mdegC
1594782352:[PRESS ,0038]P  +5117mbar,T+24918mdegC
1594782354:[PRESS ,0038]P  +5117mbar,T -1567mdegC
1594782359:[PRESS ,0038]P  +5127mbar,T-28052mdegC
1594782361:[PRESS ,0038]P  +5137mbar,T -1567mdegC
1594782362:[PRESS ,0038]P  +5127mbar,T-28052mdegC
1594782364:[PRESS ,0038]P  +5137mbar,T -1567mdegC
1594782366:[PRESS ,0038]P  +5137mbar,T-28052mdegC
1594782368:[PRESS ,0038]P  +5147mbar,T+10997mdegC
1594782370:[PRESS ,0038]P  +5137mbar,T -1567mdegC
1594782372:[PRESS ,0038]P  +5137mbar,T-28052mdegC
1594782373:[BUOY  ,0087]from +1mbar/s to +0mbar/s
1594782373:[BUOY  ,0089]need to transfer +2mL (pump during 2407ms)
1594782382:[PUMP  ,0207]battery 15413mV,   19276uA (warmup), P  +5137mbar
1594782382:[PUMP  ,0016]pump during 2407ms
1594782437:[PRESS ,0038]P  +5207mbar,T -1567mdegC
1594782439:[PRESS ,0038]P  +5207mbar,T-28052mdegC
1594782441:[PRESS ,0038]P  +5187mbar,T -1567mdegC
1594782448:[PRESS ,0038]P  +5207mbar,T+24918mdegC
1594782452:[PRESS ,0038]P  +5207mbar,T -1567mdegC
1594782453:[PRESS ,0038]P  +5217mbar,T-28052mdegC
1594782457:[PRESS ,0038]P  +5217mbar,T -1567mdegC
1594782462:[PRESS ,0038]P  +5197mbar,T-28052mdegC
1594782462:[MAIN  ,0140]stage[0] complete 1812s after mission start
1594782462:[MAIN  ,0056]stage[1]
1594782465:[MAIN  ,0024]internal pressure 81185Pa
1594782465:[BUOY  ,0037]P  +5197mbar
1594782465:[STAGE ,0080]Stage [1] 5000mbar (+/-500mbar) 1800s (<1594784250s) 
1594782467:[PRESS ,0038]P  +5197mbar,T -1567mdegC
1594782467:[STAGE ,0213]5197mbar reached at 1594782467s, ref 5000mbar +/-500mbar
1594782589:[PRESS ,0038]P  +5297mbar,T-28052mdegC
1594782589:[BUOY  ,0087]from +1mbar/s to +0mbar/s
1594782589:[BUOY  ,0089]need to transfer +2mL (pump during 2407ms)
1594782597:[PUMP  ,0207]battery 15436mV,   19276uA (warmup), P  +5297mbar
1594782597:[PUMP  ,0016]pump during 2407ms
1594782653:[PRESS ,0038]P  +5347mbar,T -1567mdegC
1594782654:[PRESS ,0038]P  +5347mbar,T-28052mdegC
1594782656:[PRESS ,0038]P  +5337mbar,T -1567mdegC
1594782658:[PRESS ,0038]P  +5347mbar,T+24918mdegC
1594782660:[PRESS ,0038]P  +5347mbar,T -1567mdegC
1594782663:[PRESS ,0038]P  +5347mbar,T-28052mdegC
1594782669:[PRESS ,0038]P  +5357mbar,T+24918mdegC
1594782670:[PRESS ,0038]P  +5357mbar,T -1567mdegC
1594782672:[PRESS ,0038]P  +5347mbar,T-28052mdegC
1594782674:[PRESS ,0038]P  +5347mbar,T -1567mdegC
1594782676:[PRESS ,0038]P  +5367mbar,T-28052mdegC
1594782678:[BUOY  ,0087]from +1mbar/s to +0mbar/s
1594782678:[BUOY  ,0089]need to transfer +2mL (pump during 2407ms)
1594782686:[PUMP  ,0207]battery 15440mV,   19276uA (warmup), P  +5357mbar
1594782686:[PUMP  ,0016]pump during 2407ms
1594782743:[PRESS ,0038]P  +5417mbar,T -1567mdegC
1594782745:[PRESS ,0038]P  +5407mbar,T-28052mdegC
1594782749:[PRESS ,0038]P  +5417mbar,T -1567mdegC
1594782752:[PRESS ,0038]P  +5427mbar,T-28052mdegC
1594782754:[PRESS ,0038]P  +5427mbar,T -1567mdegC
1594782756:[PRESS ,0038]P  +5427mbar,T-28052mdegC
1594782761:[PRESS ,0038]P  +5427mbar,T -1567mdegC
1594782763:[PRESS ,0038]P  +5427mbar,T-28052mdegC
1594782767:[PRESS ,0038]P  +5437mbar,T+10997mdegC
1594782767:[BUOY  ,0087]from +1mbar/s to +0mbar/s
1594782767:[BUOY  ,0089]need to transfer +2mL (pump during 2407ms)
1594782775:[PUMP  ,0207]battery 15442mV,   19276uA (warmup), P  +5437mbar
1594782775:[PUMP  ,0016]pump during 2407ms
1594782831:[PRESS ,0038]P  +5507mbar,T -1567mdegC
1594782832:[PRESS ,0038]P  +5507mbar,T-28052mdegC
1594782834:[PRESS ,0038]P  +5507mbar,T+24918mdegC
1594782836:[PRESS ,0038]P  +5507mbar,T-28052mdegC
1594782840:[PRESS ,0038]P  +5507mbar,T -1567mdegC
1594782843:[PRESS ,0038]P  +5507mbar,T-28052mdegC
1594782849:[PRESS ,0038]P  +5507mbar,T-15491mdegC
1594782850:[PRESS ,0038]P  +5517mbar,T-28052mdegC
1594782854:[PRESS ,0038]P  +5507mbar,T -1567mdegC
1594782856:[PRESS ,0038]P  +5517mbar,T-28052mdegC
1594782856:<WARN>[BUOY  ,0094]stage[1] should ASCENT, stuck at 5517mbar for the #1 time
1594782856:[BUOY  ,0087]from +0mbar/s to -2mbar/s
1594782856:[BUOY  ,0089]need to transfer +6mL (pump during 7220ms)
1594782864:[PUMP  ,0207]battery 15446mV,   19276uA (warmup), P  +5517mbar
1594782864:[PUMP  ,0016]pump during 7220ms
1594782871:[PUMP  ,0212]battery 15266mV,  350140uA (steady state), P  +5517mbar
1594782920:[PRESS ,0038]P  +5507mbar,T+10997mdegC
1594782922:[PRESS ,0038]P  +5497mbar,T-28052mdegC
1594782923:[PRESS ,0038]P  +5507mbar,T+10997mdegC
1594782925:[PRESS ,0038]P  +5497mbar,T -1567mdegC
1594782929:[PRESS ,0038]P  +5507mbar,T-28052mdegC
1594782941:[PRESS ,0038]P  +5487mbar,T -1567mdegC
1594782945:[PRESS ,0038]P  +5477mbar,T-28052mdegC
1594783005:[PRESS ,0038]P  +5417mbar,T-28052mdegC
1594783066:[PRESS ,0038]P  +5327mbar,T-28052mdegC
1594783127:[PRESS ,0038]P  +5227mbar,T-28052mdegC
1594783188:[PRESS ,0038]P  +5117mbar,T+10997mdegC
1594783248:[PRESS ,0038]P  +5007mbar,T-28052mdegC
1594783309:[PRESS ,0038]P  +4907mbar,T+10997mdegC
1594783309:[BUOY  ,0087]from -2mbar/s to +0mbar/s
1594783309:[BUOY  ,0090]need to transfer -6mL (valve during 1093ms)
1594783309:[VALVE ,0034]valve opening 1093ms
1594783310:[VALVE ,0234]battery 15236mV,  510448uA, P  +4907mbar
1594783372:[PRESS ,0038]P  +4897mbar,T-28052mdegC
1594783377:[PRESS ,0038]P  +4897mbar,T+24918mdegC
1594783379:[PRESS ,0038]P  +4907mbar,T-28052mdegC
1594783384:[PRESS ,0038]P  +4897mbar,T+10997mdegC
1594783386:[PRESS ,0038]P  +4887mbar,T-28052mdegC
1594783389:[PRESS ,0038]P  +4907mbar,T+10997mdegC
1594783391:[PRESS ,0038]P  +4907mbar,T-28052mdegC
1594783395:[PRESS ,0038]P  +4907mbar,T -1567mdegC
1594783455:[PRESS ,0038]P  +4927mbar,T+10997mdegC
1594783516:[PRESS ,0038]P  +4997mbar,T-28052mdegC
1594783577:[PRESS ,0038]P  +5047mbar,T -1567mdegC
1594783577:[BUOY  ,0087]from +1mbar/s to +0mbar/s
1594783577:[BUOY  ,0089]need to transfer +2mL (pump during 2394ms)
1594783585:[PUMP  ,0207]battery 15478mV,   19276uA (warmup), P  +5047mbar
1594783585:[PUMP  ,0016]pump during 2394ms
1594783641:[PRESS ,0038]P  +5077mbar,T+10997mdegC
1594783643:[PRESS ,0038]P  +5077mbar,T -1567mdegC
1594783644:[PRESS ,0038]P  +5077mbar,T-28052mdegC
1594783646:[PRESS ,0038]P  +5077mbar,T -1567mdegC
1594783648:[PRESS ,0038]P  +5077mbar,T+10997mdegC
1594783655:[PRESS ,0038]P  +5077mbar,T-28052mdegC
1594783659:[PRESS ,0038]P  +5077mbar,T+10997mdegC
1594783661:[PRESS ,0038]P  +5087mbar,T-28052mdegC
1594783662:[PRESS ,0038]P  +5087mbar,T+10997mdegC
1594783666:[PRESS ,0038]P  +5087mbar,T-28052mdegC
1594783848:[PRESS ,0038]P  +5127mbar,T+10997mdegC
1594783909:[PRESS ,0038]P  +5117mbar,T-28052mdegC
1594783969:[PRESS ,0038]P  +5097mbar,T -1567mdegC
1594784030:[PRESS ,0038]P  +5087mbar,T-28052mdegC
1594784091:[PRESS ,0038]P  +5047mbar,T+10997mdegC
1594784212:[PRESS ,0038]P  +5017mbar,T-28052mdegC
1594784273:[PRESS ,0038]P  +5017mbar,T+10997mdegC
1594784273:[MAIN  ,0140]stage[1] complete 3623s after mission start
1594784273:[MRMAID,0188]acq already stopped
1594784333:[MSSION,0192]mission stopped, 2 stage(s) done
1594784333:[MAIN  ,0065]surfacing
1594784335:[SURFIN,0036]P  +5017mbar
1594784343:[PUMP  ,0207]battery 15497mV,   19276uA (warmup), P  +5017mbar
1594784343:[PUMP  ,0016]pump during 60000ms
1594784402:[PUMP  ,0212]battery 15313mV,  350262uA (steady state), P  +5017mbar
1594784460:[PRESS ,0038]P  +4627mbar,T-15491mdegC
1594784462:[PRESS ,0038]P  +4607mbar,T+10997mdegC
1594784463:[PRESS ,0038]P  +4607mbar,T-28052mdegC
1594784470:[PRESS ,0038]P  +4577mbar,T+10997mdegC
1594784476:[PRESS ,0038]P  +4557mbar,T-15491mdegC
1594784478:[PRESS ,0038]P  +4537mbar,T+10997mdegC
1594784483:[PRESS ,0038]P  +4507mbar,T-15491mdegC
1594784485:[PRESS ,0038]P  +4507mbar,T+10997mdegC
1594784493:[PUMP  ,0207]battery 15403mV,   19276uA (warmup), P  +4507mbar
1594784493:[PUMP  ,0016]pump during 60000ms
1594784552:[PUMP  ,0212]battery 15223mV,  349042uA (steady state), P  +4507mbar
1594784610:[PRESS ,0038]P  +3867mbar,T+10997mdegC
1594784611:[PRESS ,0038]P  +3837mbar,T-28052mdegC
1594784615:[PRESS ,0038]P  +3837mbar,T -1567mdegC
1594784617:[PRESS ,0038]P  +3827mbar,T-15491mdegC
1594784620:[PRESS ,0038]P  +3807mbar,T+10997mdegC
1594784626:[PRESS ,0038]P  +3777mbar,T-15491mdegC
1594784631:[PRESS ,0038]P  +3757mbar,T+10997mdegC
1594784635:[PRESS ,0038]P  +3737mbar,T-15491mdegC
1594784643:[PUMP  ,0207]battery 15336mV,   19398uA (warmup), P  +3737mbar
1594784643:[PUMP  ,0016]pump during 60000ms
1594784702:[PUMP  ,0212]battery 15160mV,  346480uA (steady state), P  +3737mbar
1594784759:[PRESS ,0038]P  +2997mbar,T+10997mdegC
1594784761:[PRESS ,0038]P  +2987mbar,T-28052mdegC
1594784763:[PRESS ,0038]P  +2987mbar,T-15491mdegC
1594784765:[PRESS ,0038]P  +2977mbar,T-28052mdegC
1594784767:[PRESS ,0038]P  +2967mbar,T+10997mdegC
1594784769:[PRESS ,0038]P  +2957mbar,T-28052mdegC
1594784772:[PRESS ,0038]P  +2917mbar,T-15491mdegC
1594784774:[PRESS ,0038]P  +2927mbar,T+10997mdegC
1594784776:[PRESS ,0038]P  +2897mbar,T-15491mdegC
1594784778:[PRESS ,0038]P  +2897mbar,T+10997mdegC
1594784793:[PUMP  ,0207]battery 15292mV,   19398uA (warmup), P  +2847mbar
1594784793:[PUMP  ,0016]pump during 60000ms
1594784852:[PUMP  ,0212]battery 15113mV,  350506uA (steady state), P  +2847mbar
1594784909:[PRESS ,0038]P  +2187mbar,T-15491mdegC
1594784911:[PRESS ,0038]P  +2207mbar,T+10997mdegC
1594784915:[PRESS ,0038]P  +2207mbar,T-15491mdegC
1594784917:[PRESS ,0038]P  +2207mbar,T-28052mdegC
1594784920:[PRESS ,0038]P  +2197mbar,T+10997mdegC
1594784922:[PRESS ,0038]P  +2187mbar,T-15491mdegC
1594784924:[PRESS ,0038]P  +2187mbar,T+10997mdegC
1594784943:[PUMP  ,0207]battery 15263mV,   19398uA (warmup), P  +2187mbar
1594784943:[PUMP  ,0016]pump during 60000ms
1594785002:[PUMP  ,0212]battery 15090mV,  336232uA (steady state), P  +2187mbar
1594785059:[PRESS ,0038]P  +1727mbar,T+10997mdegC
1594785061:[PRESS ,0038]P  +1727mbar,T-28052mdegC
1594785065:[PRESS ,0038]P  +1707mbar,T+10997mdegC
1594785068:[PRESS ,0038]P  +1687mbar,T-28052mdegC
1594785070:[PRESS ,0038]P  +1677mbar,T+10997mdegC
1594785072:[PRESS ,0038]P  +1657mbar,T-15491mdegC
1594785075:[PRESS ,0038]P  +1647mbar,T-28052mdegC
1594785077:[PRESS ,0038]P  +1637mbar,T+10997mdegC
1594785081:[PRESS ,0038]P  +1607mbar,T-28052mdegC
1594785083:[PRESS ,0038]P  +1607mbar,T+10997mdegC
1594785084:[PRESS ,0038]P  +1597mbar,T-28052mdegC
1594785093:[PUMP  ,0207]battery 15246mV,   19520uA (warmup), P  +1597mbar
1594785093:[PUMP  ,0016]pump during 60000ms
1594785152:[PUMP  ,0212]battery 15072mV,  336232uA (steady state), P  +1597mbar
1594785209:[PRESS ,0038]P   +917mbar,T+10997mdegC
1594785211:[PRESS ,0038]P   +917mbar,T-28052mdegC
1594785213:[PRESS ,0038]P   +907mbar,T+10997mdegC
1594785216:[PRESS ,0038]P   +857mbar,T-28052mdegC
1594785218:[PRESS ,0038]P   +857mbar,T+10997mdegC
1594785220:[PRESS ,0038]P   +847mbar,T -1567mdegC
1594785222:[PRESS ,0038]P   +837mbar,T-28052mdegC
1594785224:[PRESS ,0038]P   +817mbar,T-15491mdegC
1594785227:[PRESS ,0038]P   +797mbar,T+10997mdegC
1594785231:[PRESS ,0038]P   +767mbar,T-15491mdegC
1594785233:[PRESS ,0038]P   +767mbar,T+10997mdegC
1594785234:[PRESS ,0038]P   +737mbar,T -1567mdegC
1594785243:[PUMP  ,0207]battery 15236mV,   19520uA (warmup), P   +737mbar
1594785243:[PUMP  ,0016]pump during 60000ms
1594785302:[PUMP  ,0212]battery 15066mV,  325862uA (steady state), P   +737mbar
1594785359:[PRESS ,0038]P   -153mbar,T-28052mdegC
1594785361:[PRESS ,0038]P   -133mbar,T -1567mdegC
1594785363:[PRESS ,0038]P   -133mbar,T-28052mdegC
1594785365:[PRESS ,0038]P   -143mbar,T+10997mdegC
1594785366:[PRESS ,0038]P   -133mbar,T-28052mdegC
1594785370:[PRESS ,0038]P   -133mbar,T+10997mdegC
1594785372:[PRESS ,0038]P   -133mbar,T-28052mdegC
1594785374:[PRESS ,0038]P   -143mbar,T+10997mdegC
1594785379:[PRESS ,0038]P   -133mbar,T-15491mdegC
1594785381:[PRESS ,0038]P   -143mbar,T -1567mdegC
1594785383:[PRESS ,0038]P   -133mbar,T-28052mdegC
1594785386:[PRESS ,0038]P   -143mbar,T+10997mdegC
1594785388:[SURFIN,0020]filling external bladder
1594785396:[PUMP  ,0207]battery 15232mV,   19642uA (warmup), P   -153mbar
1594785396:[PUMP  ,0016]pump during 300000ms
1594785695:[PUMP  ,0212]battery 14791mV, 1148874uA (steady state), P   -153mbar
1594785706:[PUMP  ,0207]battery 14736mV,   19886uA (warmup), P   -153mbar
1594785706:[PUMP  ,0016]pump during 300000ms
1594785812:[PUMP  ,0212]battery 14402mV, 1028948uA (steady state), P   -153mbar
1594785814:[SURFIN,0019]external bladder full
1594785816:[PRESS ,0038]P   +200mbar,T -1567mdegC
1594785823:[PRESS ,0038]P   +190mbar,T-28052mdegC
1594785824:[PRESS ,0038]P   +180mbar,T -1567mdegC
1594785826:[PRESS ,0038]P   +200mbar,T-28052mdegC
1594785840:[PRESS ,0038]P   +190mbar,T -1567mdegC
1594785876:[MAIN  ,0272]Vbat 14961mV (min 14882mV)
1594785879:[MAIN  ,0024]internal pressure 78381Pa
1594785879:[MAIN  ,0043]Pext 192mbar (rng 20mbar)
1594785879:[MAIN  ,0064]surface
1594785894:[SURF  ,0022]GPS fix...
1594785914:[SURF  ,0015]10 PPS detected...
1594785915:[MRMAID,0052]Mermaid $GPSACK:+0,+0,+0,+0,+0,+0,-1129;
1594785925:[MRMAID,0052]Mermaid $GPSOFF:3686332;
1594785927:[GPSFIX,0179]+0s diff
1594785927:[SURF  ,0222]2020-07-15T04:05:27
1594785927:[SURF  ,0082]Latitude : N43deg40.938mn, Longitude :E007deg19.181mn
1594785927:[SURF  ,0223]fix3D,10satellites
1594785927:[SURF  ,0084]GPS fix GPGSA : hdop0.580,vdop0.880
1594785937:[SURF  ,0274]last almanac : 62416
1594785950:[MRMAID,0026]1567 bytes in 0071/5F0E8096.MER
1594785956:[MAIN  ,0320]New pressure offset: 192mbar
1594785956:[LOGBIN,0078]*** switching to 0071/5F0E80A4 ***
