1594772234:[MAIN  ,0007]buoy 452.120-R-0071
1594772234:[MAIN  ,0055]soft pilotage 452.012.300_V2.21-20200701
1594772234:[MAIN  ,0010]cycle 8
1594772234:[SURF  ,0225]surface2
1594772250:[SURF  ,0022]GPS fix...
1594772271:[SURF  ,0015]10 PPS detected...
1594772272:[MRMAID,0052]Mermaid $GPSACK:+0,+0,+0,+0,+0,+0,+0;
1594772282:[MRMAID,0052]Mermaid $GPSOFF:3686332;
1594772284:[GPSFIX,0179]+0s diff
1594772284:[SURF  ,0222]2020-07-15T00:18:04
1594772284:[SURF  ,0082]Latitude : N43deg40.935mn, Longitude :E007deg19.178mn
1594772284:[SURF  ,0223]fix3D,9satellites
1594772284:[SURF  ,0084]GPS fix GPGSA : hdop0.720,vdop0.870
1594772294:[SURF  ,0025]Iridium...
1594772333:[SURF  ,0009]connected in 39s, signal quality 5
1594772391:[SURF  ,0218]prompt received, remote cmd end
1594772391:[SURF  ,0012]13 cmd(s) received
1594772412:[UPLOAD,0248]Upload data files...
1594772428:[UPLOAD,0231]"0071/5F0E4AFC.MER" uploaded at 142bytes/s
1594772580:[UPLOAD,0231]"0071/5F0E3107.BIN" uploaded at 90bytes/s
1594772596:[MAIN  ,0013]2 file(s) uploaded
1594772627:[SURF  ,0014]disconnected after 333s
1594772632:[SURFIN,0020]filling external bladder
1594772640:[PUMP  ,0207]battery 15140mV,   19154uA (warmup), P   +190mbar
1594772640:[PUMP  ,0016]pump during 300000ms
1594772645:[PUMP  ,0212]battery 14738mV, 1090436uA (steady state), P   +190mbar
1594772647:[SURFIN,0019]external bladder full
1594772647:[SURF  ,0227]1st complete transfer
1594772886:[SURF  ,0022]GPS fix...
1594772906:[SURF  ,0015]10 PPS detected...
1594772907:[MRMAID,0052]Mermaid $GPSACK:+0,+0,+0,+0,+0,+1,-999938;
1594772917:[MRMAID,0052]Mermaid $GPSOFF:3686331;
1594772918:[GPSFIX,0179]-1s diff
1594772919:[SURF  ,0222]2020-07-15T00:28:39
1594772919:[SURF  ,0082]Latitude : N43deg40.935mn, Longitude :E007deg19.178mn
1594772919:[SURF  ,0223]fix3D,8satellites
1594772919:[SURF  ,0084]GPS fix GPGSA : hdop0.730,vdop0.970
1594772929:[SURF  ,0025]Iridium...
1594772967:[SURF  ,0009]connected in 38s, signal quality 5
1594773033:<WARN>[SURF  ,0071]timeout
1594773033:<WARN>[SURF  ,0056]peer mute
1594773038:[SURF  ,0014]disconnected after 109s
1594773043:[SURFIN,0020]filling external bladder
1594773046:[SURFIN,0019]external bladder full
1594773046:[SURF  ,0227]1st complete transfer
1594773046:[SURF  ,0226]Go dive (Minimum surface delay expired and no more file to upload)
1594773065:[SURF  ,0022]GPS fix...
1594773086:[SURF  ,0015]10 PPS detected...
1594773087:[MRMAID,0052]Mermaid $GPSACK:+0,+0,+0,+0,+0,+0,-30;
1594773097:[MRMAID,0052]Mermaid $GPSOFF:3686331;
1594773098:[GPSFIX,0179]-1s diff
1594773099:[SURF  ,0222]2020-07-15T00:31:39
1594773099:[SURF  ,0082]Latitude : N43deg40.935mn, Longitude :E007deg19.178mn
1594773099:[SURF  ,0223]fix3D,8satellites
1594773099:[SURF  ,0084]GPS fix GPGSA : hdop0.720,vdop0.990
1594773116:[MAIN  ,0024]internal pressure 78631Pa
1594773117:[BYCMD ,0107]    FreeRTOS V8.2.3
1594773117:[BYCMD ,0108]    FatFS v11a
1594773117:[BYCMD ,0120]    bypass 10000ms 60000ms (20000ms 60000ms stored)
1594773117:[BYCMD ,0121]    valve 60000ms 12750 (60000ms 12750 stored)
1594773117:[BYCMD ,0122]    pump 60000ms 30% 10750 80% (60000ms 30% 10750 80% stored)
1594773117:[BYCMD ,0123]    rate 2mbar/s (2mbar/s stored)
1594773117:[BYCMD ,0124]    surface 500mbar (500mbar stored)
1594773117:[BYCMD ,0125]    near 1500mbar 3mbar/s (15000mbar 3mbar/s stored)
1594773117:[BYCMD ,0126]    far 2500mbar 4mbar/s (25000mbar 4mbar/s stored)
1594773117:[BYCMD ,0127]    ascent 8mbar/s (8mbar/s stored)
1594773117:[BYCMD ,0128]    dead 60s (300s stored)
1594773117:[BYCMD ,0129]    coeff 16/10 (16/10 stored)
1594773117:[BYCMD ,0130]    stab 10 (10 stored)
1594773117:[BYCMD ,0131]    delay 900s 3600s (900s 3600s stored)
1594773117:[BYCMD ,0132]    mmtime 2880min (2880min stored)
1594773117:[BYCMD ,0133]    dv_landing 100ml (100ml stored)
1594773117:[MKDCMD,0150]    p2t37: 15x2000ms, offset 191mbar
1594773117:[P2TCMD,0151]    p2t37: dp 50mbar, dt 5000mdegC
1594773118:[STAGE ,0080]Stage [0] 5000mbar (+/-500mbar) 1800s (<1800s) 
1594773118:[STAGE ,0080]Stage [1] 5000mbar (+/-500mbar) 1800s (<3600s) 
1594773118:[MAIN  ,0070]turn off bluetooth
1594773120:[PRESS ,0038]P    -11mbar,T+24918mdegC
1594773133:[PRESS ,0038]P    -11mbar,T -1567mdegC
1594773135:[PRESS ,0038]P    -11mbar,T+24918mdegC
1594773136:[PRESS ,0038]P    -11mbar,T -1567mdegC
1594773138:[PRESS ,0038]P    -11mbar,T+24918mdegC
1594773140:[PRESS ,0038]P    -11mbar,T -1567mdegC
1594773145:[DIVING,0141]diving from -11mbar, +0mbar/s
1594773145:[BYPASS,0035]bypass opening 60000ms
1594773150:[BYPASS,0104]battery 15152mV,  256810uA (bypass opening), P    -11mbar
1594773215:[BYPASS,0106]battery 15151mV,  298168uA (bypass closing), P    -11mbar
1594773217:[PRESS ,0038]P   -131mbar,T -1567mdegC
1594773219:[PRESS ,0038]P   -131mbar,T+24918mdegC
1594773224:[PRESS ,0038]P   -121mbar,T -1567mdegC
1594773226:[PRESS ,0038]P   -111mbar,T+24918mdegC
1594773228:[PRESS ,0038]P   -121mbar,T -1567mdegC
1594773235:[PRESS ,0038]P   -141mbar,T-28052mdegC
1594773237:[PRESS ,0038]P   -131mbar,T -1567mdegC
1594773242:[PRESS ,0038]P   -121mbar,T+24918mdegC
1594773242:[BYPASS,0035]bypass opening 10000ms
1594773247:[BYPASS,0104]battery 15170mV,  259494uA (bypass opening), P   -121mbar
1594773262:[BYPASS,0106]battery 15151mV,  296826uA (bypass closing), P   -121mbar
1594773266:[PRESS ,0038]P   -151mbar,T -1567mdegC
1594773268:[PRESS ,0038]P   -151mbar,T+24918mdegC
1594773273:[PRESS ,0038]P   -151mbar,T -1567mdegC
1594773275:[PRESS ,0038]P   -151mbar,T+24918mdegC
1594773278:[PRESS ,0038]P   -151mbar,T -1567mdegC
1594773284:[PRESS ,0038]P   -151mbar,T+24918mdegC
1594773286:[PRESS ,0038]P   -151mbar,T -1567mdegC
1594773287:[PRESS ,0038]P   -161mbar,T+24918mdegC
1594773289:[PRESS ,0038]P   -151mbar,T -1567mdegC
1594773289:[BYPASS,0035]bypass opening 10000ms
1594773294:[BYPASS,0104]battery 15170mV,  249856uA (bypass opening), P   -151mbar
1594773309:[BYPASS,0106]battery 15152mV,  295850uA (bypass closing), P   -151mbar
1594773311:[PRESS ,0038]P   -141mbar,T+24918mdegC
1594773318:[PRESS ,0038]P   -151mbar,T -1567mdegC
1594773320:[PRESS ,0038]P   -151mbar,T+24918mdegC
1594773322:[PRESS ,0038]P   -151mbar,T -1567mdegC
1594773324:[PRESS ,0038]P   -141mbar,T+24918mdegC
1594773329:[PRESS ,0038]P   -151mbar,T -1567mdegC
1594773333:[PRESS ,0038]P   -151mbar,T+24918mdegC
1594773336:[PRESS ,0038]P   -141mbar,T -1567mdegC
1594773336:[BYPASS,0035]bypass opening 10000ms
1594773341:[BYPASS,0104]battery 15171mV,  253760uA (bypass opening), P   -141mbar
1594773356:[BYPASS,0106]battery 15153mV,  294996uA (bypass closing), P   -141mbar
1594773362:[PRESS ,0038]P   -141mbar,T+24918mdegC
1594773365:[PRESS ,0038]P   -141mbar,T -1567mdegC
1594773369:[PRESS ,0038]P   -151mbar,T+24918mdegC
1594773371:[PRESS ,0038]P   -151mbar,T -1567mdegC
1594773372:[PRESS ,0038]P   -141mbar,T+24918mdegC
1594773376:[PRESS ,0038]P   -141mbar,T -1567mdegC
1594773383:[BYPASS,0035]bypass opening 10000ms
1594773388:[BYPASS,0104]battery 15172mV,  254004uA (bypass opening), P   -151mbar
1594773403:[BYPASS,0106]battery 15155mV,  294142uA (bypass closing), P   -151mbar
1594773405:[PRESS ,0038]P   -141mbar,T+24918mdegC
1594773410:[PRESS ,0038]P   -131mbar,T -1567mdegC
1594773412:[PRESS ,0038]P   -131mbar,T+24918mdegC
1594773416:[PRESS ,0038]P   -131mbar,T -1567mdegC
1594773418:[PRESS ,0038]P   -131mbar,T-14136mdegC
1594773419:[PRESS ,0038]P   -131mbar,T -1567mdegC
1594773421:[PRESS ,0038]P   -141mbar,T+24918mdegC
1594773423:[PRESS ,0038]P   -131mbar,T -1567mdegC
1594773430:[PRESS ,0038]P   -131mbar,T-28052mdegC
1594773430:[BYPASS,0035]bypass opening 10000ms
1594773435:[BYPASS,0104]battery 15175mV,  256810uA (bypass opening), P   -131mbar
1594773450:[BYPASS,0106]battery 15156mV,  293532uA (bypass closing), P   -131mbar
1594773452:[PRESS ,0038]P   -131mbar,T -1567mdegC
1594773454:[PRESS ,0038]P   -141mbar,T+24918mdegC
1594773456:[PRESS ,0038]P   -141mbar,T -1567mdegC
1594773459:[PRESS ,0038]P   -131mbar,T+24918mdegC
1594773463:[PRESS ,0038]P   -131mbar,T -1567mdegC
1594773465:[PRESS ,0038]P   -141mbar,T+24918mdegC
1594773466:[PRESS ,0038]P   -141mbar,T-14136mdegC
1594773468:[PRESS ,0038]P   -141mbar,T-28052mdegC
1594773470:[PRESS ,0038]P   -131mbar,T -1567mdegC
1594773477:[BYPASS,0035]bypass opening 10000ms
1594773482:[BYPASS,0104]battery 15175mV,  252540uA (bypass opening), P   -131mbar
1594773497:[BYPASS,0106]battery 15157mV,  292922uA (bypass closing), P   -131mbar
1594773499:[PRESS ,0038]P   -131mbar,T-28052mdegC
1594773501:[PRESS ,0038]P   -131mbar,T+24918mdegC
1594773503:[PRESS ,0038]P   -141mbar,T-28052mdegC
1594773504:[PRESS ,0038]P   -141mbar,T+24918mdegC
1594773506:[PRESS ,0038]P   -131mbar,T -1567mdegC
1594773508:[PRESS ,0038]P   -121mbar,T+24918mdegC
1594773510:[PRESS ,0038]P   -131mbar,T -1567mdegC
1594773512:[PRESS ,0038]P   -121mbar,T+24918mdegC
1594773517:[PRESS ,0038]P   -121mbar,T -1567mdegC
1594773521:[PRESS ,0038]P   -121mbar,T+24918mdegC
1594773524:[BYPASS,0035]bypass opening 10000ms
1594773529:[BYPASS,0104]battery 15176mV,  251198uA (bypass opening), P   -131mbar
1594773544:[BYPASS,0106]battery 15158mV,  292312uA (bypass closing), P   -131mbar
1594773546:[PRESS ,0038]P   -131mbar,T -1567mdegC
1594773548:[PRESS ,0038]P   -121mbar,T+24918mdegC
1594773551:[PRESS ,0038]P   -121mbar,T-14136mdegC
1594773553:[PRESS ,0038]P   -131mbar,T+24918mdegC
1594773559:[PRESS ,0038]P   -121mbar,T -1567mdegC
1594773560:[PRESS ,0038]P   -121mbar,T+24918mdegC
1594773562:[PRESS ,0038]P   -121mbar,T -1567mdegC
1594773566:[PRESS ,0038]P   -121mbar,T+24918mdegC
1594773568:[PRESS ,0038]P   -131mbar,T -1567mdegC
1594773569:[PRESS ,0038]P   -121mbar,T-28052mdegC
1594773571:[PRESS ,0038]P   -121mbar,T -1567mdegC
1594773571:[BYPASS,0035]bypass opening 10000ms
1594773576:[BYPASS,0104]battery 15177mV,  254736uA (bypass opening), P   -121mbar
1594773591:[BYPASS,0106]battery 15158mV,  291824uA (bypass closing), P   -121mbar
1594773593:[PRESS ,0038]P    -91mbar,T+24918mdegC
1594773595:[PRESS ,0038]P    -91mbar,T -1567mdegC
1594773597:[PRESS ,0038]P    -81mbar,T+24918mdegC
1594773599:[PRESS ,0038]P    -71mbar,T -1567mdegC
1594773600:[PRESS ,0038]P    -61mbar,T+24918mdegC
1594773613:[PRESS ,0038]P     +9mbar,T -1567mdegC
1594773616:[PRESS ,0038]P    +29mbar,T+24918mdegC
1594773618:[PRESS ,0038]P    +29mbar,T -1567mdegC
1594773627:[PRESS ,0038]P    +69mbar,T+24918mdegC
1594773629:[PRESS ,0038]P    +89mbar,T-14136mdegC
1594773632:[PRESS ,0038]P    +79mbar,T -1567mdegC
1594773635:[PRESS ,0038]P    +89mbar,T+24918mdegC
1594773638:[PRESS ,0038]P   +109mbar,T -1567mdegC
1594773641:[PRESS ,0038]P   +119mbar,T+24918mdegC
1594773643:[PRESS ,0038]P   +109mbar,T -1567mdegC
1594773646:[PRESS ,0038]P   +119mbar,T+24918mdegC
1594773652:[PRESS ,0038]P   +149mbar,T -1567mdegC
1594773655:[PRESS ,0038]P   +159mbar,T+24918mdegC
1594773657:[PRESS ,0038]P   +179mbar,T -1567mdegC
1594773660:[PRESS ,0038]P   +189mbar,T+24918mdegC
1594773663:[PRESS ,0038]P   +189mbar,T -1567mdegC
1594773666:[PRESS ,0038]P   +189mbar,T-14136mdegC
1594773669:[PRESS ,0038]P   +199mbar,T+24918mdegC
1594773671:[PRESS ,0038]P   +199mbar,T -1567mdegC
1594773674:[PRESS ,0038]P   +209mbar,T+24918mdegC
1594773677:[PRESS ,0038]P   +239mbar,T -1567mdegC
1594773680:[PRESS ,0038]P   +249mbar,T+24918mdegC
1594773683:[PRESS ,0038]P   +249mbar,T-28052mdegC
1594773685:[PRESS ,0038]P   +249mbar,T -1567mdegC
1594773699:[PRESS ,0038]P   +289mbar,T+24918mdegC
1594773702:[PRESS ,0038]P   +299mbar,T -1567mdegC
1594773713:[PRESS ,0038]P   +329mbar,T+24918mdegC
1594773724:[PRESS ,0038]P   +369mbar,T -1567mdegC
1594773730:[PRESS ,0038]P   +389mbar,T+24918mdegC
1594773733:[PRESS ,0038]P   +399mbar,T -1567mdegC
1594773738:[PRESS ,0038]P   +419mbar,T+24918mdegC
1594773747:[PRESS ,0038]P   +449mbar,T -1567mdegC
1594773749:[PRESS ,0038]P   +459mbar,T+24918mdegC
1594773752:[PRESS ,0038]P   +469mbar,T -1567mdegC
1594773755:[PRESS ,0038]P   +489mbar,T-28052mdegC
1594773758:[PRESS ,0038]P   +499mbar,T+24918mdegC
1594773762:[PRESS ,0038]P   +529mbar,T -1567mdegC
1594773762:[DIVING,0028]529mbar reached (+4mbar/s), 9 bypass done
1594773763:[MAIN  ,0056]stage[0]
1594773765:[MAIN  ,0024]internal pressure 82006Pa
1594773766:[PRESS ,0038]P   +549mbar,T+24918mdegC
1594773766:[BUOY  ,0037]P   +549mbar
1594773766:[STAGE ,0080]Stage [0] 5000mbar (+/-500mbar) 1800s (<1594775562s) 
1594773768:[PRESS ,0038]P   +549mbar,T -1567mdegC
1594773828:[PRESS ,0038]P   +779mbar,T -1567mdegC
1594773830:[PRESS ,0038]P   +779mbar,T+24918mdegC
1594773834:[PRESS ,0038]P   +799mbar,T-14136mdegC
1594773836:[PRESS ,0038]P   +799mbar,T+24918mdegC
1594773837:[PRESS ,0038]P   +809mbar,T-14136mdegC
1594773839:[PRESS ,0038]P   +809mbar,T -1567mdegC
1594773841:[PRESS ,0038]P   +829mbar,T-14136mdegC
1594773845:[PRESS ,0038]P   +839mbar,T+24918mdegC
1594773848:[PRESS ,0038]P   +849mbar,T-14136mdegC
1594773850:[PRESS ,0038]P   +869mbar,T+24918mdegC
1594773852:[PRESS ,0038]P   +879mbar,T-14136mdegC
1594773854:[PRESS ,0038]P   +869mbar,T+24918mdegC
1594773914:[PRESS ,0038]P  +1089mbar,T+24918mdegC
1594773927:[PRESS ,0038]P  +1129mbar,T-14136mdegC
1594773929:[PRESS ,0038]P  +1119mbar,T+24918mdegC
1594773932:[PRESS ,0038]P  +1129mbar,T-14136mdegC
1594773934:[PRESS ,0038]P  +1149mbar,T -1567mdegC
1594773936:[PRESS ,0038]P  +1159mbar,T+24918mdegC
1594773939:[PRESS ,0038]P  +1169mbar,T -1567mdegC
1594774000:[PRESS ,0038]P  +1379mbar,T+24918mdegC
1594774002:[PRESS ,0038]P  +1399mbar,T -1567mdegC
1594774004:[PRESS ,0038]P  +1399mbar,T+24918mdegC
1594774005:[PRESS ,0038]P  +1409mbar,T -1567mdegC
1594774007:[PRESS ,0038]P  +1399mbar,T+24918mdegC
1594774011:[PRESS ,0038]P  +1419mbar,T-14136mdegC
1594774013:[PRESS ,0038]P  +1409mbar,T -1567mdegC
1594774016:[PRESS ,0038]P  +1429mbar,T+24918mdegC
1594774020:[PRESS ,0038]P  +1439mbar,T-14136mdegC
1594774022:[PRESS ,0038]P  +1439mbar,T+24918mdegC
1594774023:[PRESS ,0038]P  +1449mbar,T -1567mdegC
1594774086:[PRESS ,0038]P  +1639mbar,T+24918mdegC
1594774088:[PRESS ,0038]P  +1639mbar,T-14136mdegC
1594774089:[PRESS ,0038]P  +1639mbar,T -1567mdegC
1594774091:[PRESS ,0038]P  +1639mbar,T-14136mdegC
1594774093:[PRESS ,0038]P  +1659mbar,T+24918mdegC
1594774098:[PRESS ,0038]P  +1659mbar,T-14136mdegC
1594774100:[PRESS ,0038]P  +1659mbar,T+24918mdegC
1594774107:[PRESS ,0038]P  +1689mbar,T -1567mdegC
1594774109:[PRESS ,0038]P  +1679mbar,T+24918mdegC
1594774111:[BUOY  ,0087]from +2mbar/s to +4mbar/s
1594774111:[BUOY  ,0090]need to transfer -20mL (valve during 6375ms)
1594774111:[VALVE ,0034]valve opening 6375ms
1594774117:[VALVE ,0234]battery 15188mV,  506422uA, P  +1679mbar
1594774172:[PRESS ,0038]P  +1829mbar,T-14136mdegC
1594774174:[PRESS ,0038]P  +1829mbar,T+24918mdegC
1594774179:[PRESS ,0038]P  +1849mbar,T -1567mdegC
1594774181:[PRESS ,0038]P  +1849mbar,T-14136mdegC
1594774184:[PRESS ,0038]P  +1859mbar,T+24918mdegC
1594774188:[PRESS ,0038]P  +1869mbar,T -1567mdegC
1594774190:[PRESS ,0038]P  +1879mbar,T-14136mdegC
1594774191:[PRESS ,0038]P  +1899mbar,T+24918mdegC
1594774193:[PRESS ,0038]P  +1889mbar,T -1567mdegC
1594774195:[PRESS ,0038]P  +1889mbar,T+24918mdegC
1594774258:[PRESS ,0038]P  +2039mbar,T+24918mdegC
1594774261:[PRESS ,0038]P  +2039mbar,T-14136mdegC
1594774265:[PRESS ,0038]P  +2039mbar,T+24918mdegC
1594774266:[PRESS ,0038]P  +2039mbar,T -1567mdegC
1594774270:[PRESS ,0038]P  +2049mbar,T-14136mdegC
1594774272:[PRESS ,0038]P  +2039mbar,T+24918mdegC
1594774277:[PRESS ,0038]P  +2039mbar,T-14136mdegC
1594774279:[PRESS ,0038]P  +2049mbar,T -1567mdegC
1594774283:[PRESS ,0038]P  +2049mbar,T-14136mdegC
1594774283:<WARN>[BUOY  ,0094]stage[0] should DESCENT, stuck at 2049mbar for the #1 time
1594774283:[BUOY  ,0087]from +0mbar/s to +4mbar/s
1594774283:[BUOY  ,0090]need to transfer -26mL (valve during 7367ms)
1594774283:[VALVE ,0034]valve opening 7367ms
1594774290:[VALVE ,0234]battery 15196mV,  505568uA, P  +2049mbar
1594774343:[PRESS ,0038]P  +2189mbar,T-14136mdegC
1594774347:[PRESS ,0038]P  +2189mbar,T+24918mdegC
1594774349:[PRESS ,0038]P  +2199mbar,T -1567mdegC
1594774352:[PRESS ,0038]P  +2179mbar,T+24918mdegC
1594774356:[PRESS ,0038]P  +2189mbar,T -1567mdegC
1594774358:[PRESS ,0038]P  +2199mbar,T-28052mdegC
1594774360:[PRESS ,0038]P  +2199mbar,T+24918mdegC
1594774365:[PRESS ,0038]P  +2209mbar,T -1567mdegC
1594774367:[PRESS ,0038]P  +2209mbar,T+24918mdegC
1594774369:[BUOY  ,0087]from +1mbar/s to +4mbar/s
1594774369:[BUOY  ,0090]need to transfer -24mL (valve during 6511ms)
1594774369:[VALVE ,0034]valve opening 6511ms
1594774375:[VALVE ,0234]battery 15188mV,  502640uA, P  +2209mbar
1594774429:[PRESS ,0038]P  +2419mbar,T-14136mdegC
1594774433:[PRESS ,0038]P  +2429mbar,T+24918mdegC
1594774437:[PRESS ,0038]P  +2459mbar,T -1567mdegC
1594774438:[PRESS ,0038]P  +2459mbar,T+24918mdegC
1594774444:[PRESS ,0038]P  +2479mbar,T-14136mdegC
1594774445:[PRESS ,0038]P  +2489mbar,T -1567mdegC
1594774447:[PRESS ,0038]P  +2499mbar,T+24918mdegC
1594774449:[PRESS ,0038]P  +2499mbar,T-14136mdegC
1594774451:[PRESS ,0038]P  +2509mbar,T -1567mdegC
1594774454:[PRESS ,0038]P  +2519mbar,T+24918mdegC
1594774515:[PRESS ,0038]P  +2779mbar,T -1567mdegC
1594774517:[PRESS ,0038]P  +2789mbar,T+24918mdegC
1594774519:[PRESS ,0038]P  +2789mbar,T -1567mdegC
1594774521:[PRESS ,0038]P  +2799mbar,T+24918mdegC
1594774524:[PRESS ,0038]P  +2809mbar,T -1567mdegC
1594774526:[PRESS ,0038]P  +2819mbar,T+24918mdegC
1594774530:[PRESS ,0038]P  +2819mbar,T+12347mdegC
1594774531:[PRESS ,0038]P  +2829mbar,T+24918mdegC
1594774533:[PRESS ,0038]P  +2839mbar,T-14136mdegC
1594774535:[PRESS ,0038]P  +2839mbar,T+24918mdegC
1594774537:[PRESS ,0038]P  +2839mbar,T -1567mdegC
1594774539:[PRESS ,0038]P  +2839mbar,T-14136mdegC
1594774540:[PRESS ,0038]P  +2849mbar,T+24918mdegC
1594774601:[PRESS ,0038]P  +3029mbar,T+24918mdegC
1594774603:[PRESS ,0038]P  +3019mbar,T -1567mdegC
1594774606:[PRESS ,0038]P  +3039mbar,T+24918mdegC
1594774610:[PRESS ,0038]P  +3049mbar,T -1567mdegC
1594774612:[PRESS ,0038]P  +3049mbar,T-14136mdegC
1594774614:[PRESS ,0038]P  +3059mbar,T -1567mdegC
1594774615:[PRESS ,0038]P  +3049mbar,T-14136mdegC
1594774617:[PRESS ,0038]P  +3059mbar,T -1567mdegC
1594774619:[PRESS ,0038]P  +3079mbar,T+24918mdegC
1594774623:[PRESS ,0038]P  +3089mbar,T -1567mdegC
1594774624:[PRESS ,0038]P  +3099mbar,T-14136mdegC
1594774626:[PRESS ,0038]P  +3099mbar,T+24918mdegC
1594774687:[PRESS ,0038]P  +3209mbar,T+24918mdegC
1594774692:[PRESS ,0038]P  +3199mbar,T+12347mdegC
1594774694:[PRESS ,0038]P  +3199mbar,T+24918mdegC
1594774699:[PRESS ,0038]P  +3199mbar,T -1567mdegC
1594774701:[PRESS ,0038]P  +3189mbar,T-14136mdegC
1594774703:[PRESS ,0038]P  +3199mbar,T+24918mdegC
1594774710:[PRESS ,0038]P  +3199mbar,T -1567mdegC
1594774712:<WARN>[BUOY  ,0094]stage[0] should DESCENT, stuck at 3189mbar for the #1 time
1594774712:[BUOY  ,0087]from -1mbar/s to +3mbar/s
1594774712:[BUOY  ,0090]need to transfer -16mL (valve during 3643ms)
1594774712:[VALVE ,0034]valve opening 3643ms
1594774716:[VALVE ,0234]battery 15213mV,  507032uA, P  +3189mbar
1594774776:[PRESS ,0038]P  +3219mbar,T-14136mdegC
1594774778:[PRESS ,0038]P  +3229mbar,T+24918mdegC
1594774787:[PRESS ,0038]P  +3219mbar,T -1567mdegC
1594774789:[PRESS ,0038]P  +3219mbar,T+24918mdegC
1594774791:[PRESS ,0038]P  +3219mbar,T -1567mdegC
1594774792:[PRESS ,0038]P  +3219mbar,T-14136mdegC
1594774794:[PRESS ,0038]P  +3219mbar,T+24918mdegC
1594774796:[PRESS ,0038]P  +3219mbar,T -1567mdegC
1594774798:[PRESS ,0038]P  +3219mbar,T+24918mdegC
1594774798:<WARN>[BUOY  ,0094]stage[0] should DESCENT, stuck at 3219mbar for the #2 time
1594774798:[BUOY  ,0087]from +0mbar/s to +3mbar/s
1594774798:[BUOY  ,0090]need to transfer -14mL (valve during 3188ms)
1594774798:[VALVE ,0034]valve opening 3188ms
1594774801:[VALVE ,0234]battery 15213mV,  505568uA, P  +3219mbar
1594774861:[PRESS ,0038]P  +3289mbar,T+24918mdegC
1594774862:[PRESS ,0038]P  +3269mbar,T -1567mdegC
1594774864:[PRESS ,0038]P  +3279mbar,T+24918mdegC
1594774866:[PRESS ,0038]P  +3279mbar,T -1567mdegC
1594774868:[PRESS ,0038]P  +3269mbar,T+24918mdegC
1594774870:[PRESS ,0038]P  +3279mbar,T -1567mdegC
1594774873:[PRESS ,0038]P  +3279mbar,T+24918mdegC
1594774877:[PRESS ,0038]P  +3289mbar,T -1567mdegC
1594774884:[BUOY  ,0087]from +1mbar/s to +3mbar/s
1594774884:[BUOY  ,0090]need to transfer -12mL (valve during 2684ms)
1594774884:[VALVE ,0034]valve opening 2684ms
1594774887:[VALVE ,0234]battery 15213mV,  505324uA, P  +3289mbar
1594774946:[PRESS ,0038]P  +3299mbar,T-28052mdegC
1594774948:[PRESS ,0038]P  +3279mbar,T+24918mdegC
1594774954:[PRESS ,0038]P  +3279mbar,T -1567mdegC
1594774964:[PRESS ,0038]P  +3289mbar,T+24918mdegC
1594774966:[PRESS ,0038]P  +3279mbar,T -1567mdegC
1594774968:[PRESS ,0038]P  +3289mbar,T-28052mdegC
1594774970:<WARN>[BUOY  ,0094]stage[0] should DESCENT, stuck at 3289mbar for the #1 time
1594774970:[BUOY  ,0087]from +0mbar/s to +3mbar/s
1594774970:[BUOY  ,0090]need to transfer -14mL (valve during 3132ms)
1594774970:[VALVE ,0034]valve opening 3132ms
1594774973:[VALVE ,0234]battery 15215mV,  505446uA, P  +3289mbar
1594775030:[PRESS ,0038]P  +3379mbar,T -1567mdegC
1594775034:[PRESS ,0038]P  +3379mbar,T+24918mdegC
1594775036:[PRESS ,0038]P  +3389mbar,T -1567mdegC
1594775045:[PRESS ,0038]P  +3409mbar,T+24918mdegC
1594775047:[PRESS ,0038]P  +3409mbar,T-28052mdegC
1594775048:[PRESS ,0038]P  +3409mbar,T-14136mdegC
1594775052:[PRESS ,0038]P  +3419mbar,T -1567mdegC
1594775055:[PRESS ,0038]P  +3429mbar,T+24918mdegC
1594775116:[PRESS ,0038]P  +3699mbar,T-28052mdegC
1594775118:[PRESS ,0038]P  +3719mbar,T -1567mdegC
1594775125:[PRESS ,0038]P  +3759mbar,T+24918mdegC
1594775127:[PRESS ,0038]P  +3759mbar,T -1567mdegC
1594775134:[PRESS ,0038]P  +3789mbar,T+24918mdegC
1594775136:[PRESS ,0038]P  +3819mbar,T-28052mdegC
1594775138:[PRESS ,0038]P  +3829mbar,T -1567mdegC
1594775139:[PRESS ,0038]P  +3839mbar,T+24918mdegC
1594775141:[PRESS ,0038]P  +3839mbar,T -1567mdegC
1594775141:[BUOY  ,0087]from +6mbar/s to +2mbar/s
1594775141:[BUOY  ,0089]need to transfer +52mL (pump during 62425ms)
1594775149:[PUMP  ,0207]battery 15452mV,   19398uA (warmup), P  +3839mbar
1594775149:[PUMP  ,0016]pump during 60000ms
1594775208:[PUMP  ,0212]battery 15277mV,  341234uA (steady state), P  +3839mbar
1594775213:[PRESS ,0038]P  +4239mbar,T -1567mdegC
1594775217:[PRESS ,0038]P  +4249mbar,T-28052mdegC
1594775222:[PRESS ,0038]P  +4269mbar,T -1567mdegC
1594775226:[PRESS ,0038]P  +4289mbar,T-28052mdegC
1594775229:[PRESS ,0038]P  +4309mbar,T -1567mdegC
1594775235:[PRESS ,0038]P  +4329mbar,T+24918mdegC
1594775236:[PRESS ,0038]P  +4329mbar,T-28052mdegC
1594775238:[BUOY  ,0087]from +4mbar/s to +2mbar/s
1594775238:[BUOY  ,0089]need to transfer +20mL (pump during 24006ms)
1594775246:[PUMP  ,0207]battery 15353mV,   19276uA (warmup), P  +4339mbar
1594775246:[PUMP  ,0016]pump during 24006ms
1594775271:[PUMP  ,0212]battery 15180mV,  345382uA (steady state), P  +4339mbar
1594775302:[PRESS ,0038]P  +4579mbar,T -1567mdegC
1594775308:[PRESS ,0038]P  +4599mbar,T+24918mdegC
1594775309:[PRESS ,0038]P  +4599mbar,T-28052mdegC
1594775311:[PRESS ,0038]P  +4609mbar,T+24918mdegC
1594775313:[PRESS ,0038]P  +4619mbar,T -1567mdegC
1594775315:[PRESS ,0038]P  +4619mbar,T-28052mdegC
1594775318:[PRESS ,0038]P  +4639mbar,T -1567mdegC
1594775320:[PRESS ,0038]P  +4639mbar,T-28052mdegC
1594775322:[PRESS ,0038]P  +4649mbar,T -1567mdegC
1594775326:[PRESS ,0038]P  +4659mbar,T-28052mdegC
1594775327:[PRESS ,0038]P  +4669mbar,T -1567mdegC
1594775327:[STAGE ,0213]4669mbar reached at 1594775327s, ref 5000mbar +/-500mbar
1594775327:[BUOY  ,0087]from +4mbar/s to +0mbar/s
1594775328:[BUOY  ,0089]need to transfer +26mL (pump during 31207ms)
1594775336:[PUMP  ,0207]battery 15341mV,   19398uA (warmup), P  +4669mbar
1594775336:[PUMP  ,0016]pump during 31207ms
1594775367:[PUMP  ,0212]battery 15170mV,  341722uA (steady state), P  +4669mbar
1594775391:[PRESS ,0038]P  +4809mbar,T-28052mdegC
1594775393:[PRESS ,0038]P  +4809mbar,T -1567mdegC
1594775395:[PRESS ,0038]P  +4809mbar,T+10997mdegC
1594775397:[PRESS ,0038]P  +4799mbar,T-28052mdegC
1594775400:[PRESS ,0038]P  +4809mbar,T -1567mdegC
1594775402:[PRESS ,0038]P  +4799mbar,T-28052mdegC
1594775404:[PRESS ,0038]P  +4809mbar,T -1567mdegC
1594775406:[PRESS ,0038]P  +4809mbar,T-28052mdegC
1594775408:[PRESS ,0038]P  +4809mbar,T -1567mdegC
1594775413:[PRESS ,0038]P  +4819mbar,T-28052mdegC
1594775477:[PRESS ,0038]P  +4819mbar,T -1567mdegC
1594775599:[PRESS ,0038]P  +4849mbar,T-28052mdegC
1594775599:[MAIN  ,0140]stage[0] complete 1837s after mission start
1594775599:[MAIN  ,0056]stage[1]
1594775601:[MAIN  ,0024]internal pressure 81271Pa
1594775602:[PRESS ,0038]P  +4829mbar,T -1567mdegC
1594775602:[BUOY  ,0037]P  +4829mbar
1594775602:[STAGE ,0080]Stage [1] 5000mbar (+/-500mbar) 1800s (<1594777362s) 
1594775604:[STAGE ,0213]4839mbar reached at 1594775604s, ref 5000mbar +/-500mbar
1594775786:[PRESS ,0038]P  +4889mbar,T-28052mdegC
1594775846:[PRESS ,0038]P  +4899mbar,T -1567mdegC
1594775968:[PRESS ,0038]P  +4959mbar,T-28052mdegC
1594776089:[PRESS ,0038]P  +5039mbar,T -1567mdegC
1594776150:[PRESS ,0038]P  +5089mbar,T-28052mdegC
1594776271:[PRESS ,0038]P  +5199mbar,T -1567mdegC
1594776332:[PRESS ,0038]P  +5249mbar,T+10997mdegC
1594776332:[BUOY  ,0087]from +1mbar/s to +0mbar/s
1594776332:[BUOY  ,0089]need to transfer +2mL (pump during 2399ms)
1594776340:[PUMP  ,0207]battery 15466mV,   19398uA (warmup), P  +5249mbar
1594776340:[PUMP  ,0016]pump during 2399ms
1594776396:[PRESS ,0038]P  +5289mbar,T-28052mdegC
1594776406:[PRESS ,0038]P  +5299mbar,T+10997mdegC
1594776408:[PRESS ,0038]P  +5299mbar,T-28052mdegC
1594776415:[PRESS ,0038]P  +5299mbar,T+10997mdegC
1594776420:[PRESS ,0038]P  +5309mbar,T-28052mdegC
1594776420:[BUOY  ,0087]from +1mbar/s to +0mbar/s
1594776421:[BUOY  ,0089]need to transfer +2mL (pump during 2399ms)
1594776429:[PUMP  ,0207]battery 15466mV,   19276uA (warmup), P  +5309mbar
1594776429:[PUMP  ,0016]pump during 2399ms
1594776484:[PRESS ,0038]P  +5379mbar,T -1567mdegC
1594776486:[PRESS ,0038]P  +5369mbar,T-28052mdegC
1594776488:[PRESS ,0038]P  +5379mbar,T+10997mdegC
1594776490:[PRESS ,0038]P  +5389mbar,T-28052mdegC
1594776492:[PRESS ,0038]P  +5389mbar,T -1567mdegC
1594776497:[PRESS ,0038]P  +5389mbar,T-28052mdegC
1594776501:[PRESS ,0038]P  +5409mbar,T+10997mdegC
1594776502:[PRESS ,0038]P  +5389mbar,T-28052mdegC
1594776506:[PRESS ,0038]P  +5409mbar,T+10997mdegC
1594776508:[PRESS ,0038]P  +5419mbar,T-28052mdegC
1594776510:[BUOY  ,0087]from +1mbar/s to +0mbar/s
1594776510:[BUOY  ,0089]need to transfer +2mL (pump during 2399ms)
1594776518:[PUMP  ,0207]battery 15466mV,   19276uA (warmup), P  +5399mbar
1594776518:[PUMP  ,0016]pump during 2399ms
1594776573:[PRESS ,0038]P  +5489mbar,T -1567mdegC
1594776577:[PRESS ,0038]P  +5489mbar,T+10997mdegC
1594776579:[PRESS ,0038]P  +5499mbar,T-28052mdegC
1594776582:[PRESS ,0038]P  +5499mbar,T -1567mdegC
1594776584:[PRESS ,0038]P  +5499mbar,T-28052mdegC
1594776588:[PRESS ,0038]P  +5489mbar,T+10997mdegC
1594776593:[PRESS ,0038]P  +5499mbar,T-15491mdegC
1594776595:[PRESS ,0038]P  +5499mbar,T-28052mdegC
1594776597:[PRESS ,0038]P  +5499mbar,T+10997mdegC
1594776659:[PRESS ,0038]P  +5499mbar,T-28052mdegC
1594776720:[PRESS ,0038]P  +5509mbar,T+10997mdegC
1594776720:<WARN>[BUOY  ,0094]stage[1] should ASCENT, stuck at 5509mbar for the #1 time
1594776720:[BUOY  ,0087]from +0mbar/s to -2mbar/s
1594776720:[BUOY  ,0089]need to transfer +6mL (pump during 7185ms)
1594776728:[PUMP  ,0207]battery 15472mV,   19276uA (warmup), P  +5509mbar
1594776728:[PUMP  ,0016]pump during 7185ms
1594776735:[PUMP  ,0212]battery 15288mV,  353312uA (steady state), P  +5509mbar
1594776784:[PRESS ,0038]P  +5489mbar,T-28052mdegC
1594776788:[PRESS ,0038]P  +5499mbar,T+10997mdegC
1594776789:[PRESS ,0038]P  +5499mbar,T-28052mdegC
1594776793:[PRESS ,0038]P  +5489mbar,T+10997mdegC
1594776797:[PRESS ,0038]P  +5489mbar,T-28052mdegC
1594776798:[PRESS ,0038]P  +5489mbar,T+10997mdegC
1594776802:[PRESS ,0038]P  +5489mbar,T-28052mdegC
1594776804:[PRESS ,0038]P  +5509mbar,T+10997mdegC
1594776807:[PRESS ,0038]P  +5499mbar,T-28052mdegC
1594776809:[PRESS ,0038]P  +5499mbar,T+10997mdegC
1594776870:[PRESS ,0038]P  +5509mbar,T-28052mdegC
1594776870:<WARN>[BUOY  ,0094]stage[1] should ASCENT, stuck at 5509mbar for the #2 time
1594776870:[BUOY  ,0087]from +0mbar/s to -2mbar/s
1594776870:[BUOY  ,0089]need to transfer +6mL (pump during 7185ms)
1594776878:[PUMP  ,0207]battery 15468mV,   19276uA (warmup), P  +5509mbar
1594776878:[PUMP  ,0016]pump during 7185ms
1594776885:[PUMP  ,0212]battery 15283mV,  352946uA (steady state), P  +5509mbar
1594776934:[PRESS ,0038]P  +5479mbar,T+10997mdegC
1594776936:[PRESS ,0038]P  +5489mbar,T-28052mdegC
1594776937:[PRESS ,0038]P  +5489mbar,T+10997mdegC
1594776941:[PRESS ,0038]P  +5489mbar,T-15491mdegC
1594776943:[PRESS ,0038]P  +5479mbar,T+10997mdegC
1594776948:[PRESS ,0038]P  +5489mbar,T-28052mdegC
1594776950:[PRESS ,0038]P  +5489mbar,T+10997mdegC
1594777080:[PRESS ,0038]P  +5489mbar,T-28052mdegC
1594777262:[PRESS ,0038]P  +5469mbar,T+10997mdegC
1594777383:[MAIN  ,0140]stage[1] complete 3621s after mission start
1594777384:[MRMAID,0188]acq already stopped
1594777444:[MSSION,0192]mission stopped, 2 stage(s) done
1594777444:[MAIN  ,0065]surfacing
1594777446:[PRESS ,0038]P  +5489mbar,T-28052mdegC
1594777446:[SURFIN,0036]P  +5489mbar
1594777454:[PUMP  ,0207]battery 15486mV,   19398uA (warmup), P  +5489mbar
1594777454:[PUMP  ,0016]pump during 60000ms
1594777513:[PUMP  ,0212]battery 15300mV,  354898uA (steady state), P  +5489mbar
1594777571:[PRESS ,0038]P  +5219mbar,T+10997mdegC
1594777572:[PRESS ,0038]P  +5209mbar,T-28052mdegC
1594777574:[PRESS ,0038]P  +5199mbar,T+10997mdegC
1594777576:[PRESS ,0038]P  +5179mbar,T-15491mdegC
1594777578:[PRESS ,0038]P  +5179mbar,T-28052mdegC
1594777580:[PRESS ,0038]P  +5169mbar,T -1567mdegC
1594777581:[PRESS ,0038]P  +5169mbar,T-15491mdegC
1594777583:[PRESS ,0038]P  +5169mbar,T+23555mdegC
1594777585:[PRESS ,0038]P  +5149mbar,T-15491mdegC
1594777587:[PRESS ,0038]P  +5149mbar,T+10997mdegC
1594777592:[PRESS ,0038]P  +5129mbar,T-28052mdegC
1594777596:[PRESS ,0038]P  +5089mbar,T-15491mdegC
1594777604:[PUMP  ,0207]battery 15392mV,   19276uA (warmup), P  +5089mbar
1594777604:[PUMP  ,0016]pump during 60000ms
1594777663:[PUMP  ,0212]battery 15211mV,  351116uA (steady state), P  +5089mbar
1594777721:[PRESS ,0038]P  +4519mbar,T-28052mdegC
1594777724:[PRESS ,0038]P  +4509mbar,T+10997mdegC
1594777726:[PRESS ,0038]P  +4489mbar,T-28052mdegC
1594777728:[PRESS ,0038]P  +4489mbar,T+10997mdegC
1594777730:[PRESS ,0038]P  +4479mbar,T-28052mdegC
1594777731:[PRESS ,0038]P  +4459mbar,T+10997mdegC
1594777742:[PRESS ,0038]P  +4399mbar,T+10997mdegC
1594777746:[PRESS ,0038]P  +4379mbar,T-15491mdegC
1594777754:[PUMP  ,0207]battery 15327mV,   19398uA (warmup), P  +4379mbar
1594777754:[PUMP  ,0016]pump during 60000ms
1594777813:[PUMP  ,0212]battery 15148mV,  349164uA (steady state), P  +4379mbar
1594777870:[PRESS ,0038]P  +3599mbar,T+10997mdegC
1594777872:[PRESS ,0038]P  +3569mbar,T-28052mdegC
1594777874:[PRESS ,0038]P  +3569mbar,T+10997mdegC
1594777879:[PRESS ,0038]P  +3519mbar,T-28052mdegC
1594777883:[PRESS ,0038]P  +3499mbar,T+10997mdegC
1594777890:[PRESS ,0038]P  +3449mbar,T-15491mdegC
1594777892:[PRESS ,0038]P  +3449mbar,T+10997mdegC
1594777904:[PUMP  ,0207]battery 15286mV,   19398uA (warmup), P  +3409mbar
1594777904:[PUMP  ,0016]pump during 60000ms
1594777963:[PUMP  ,0212]battery 15108mV,  343308uA (steady state), P  +3409mbar
1594778020:[PRESS ,0038]P  +2619mbar,T+10997mdegC
1594778022:[PRESS ,0038]P  +2609mbar,T-28052mdegC
1594778024:[PRESS ,0038]P  +2609mbar,T+10997mdegC
1594778027:[PRESS ,0038]P  +2589mbar,T-28052mdegC
1594778029:[PRESS ,0038]P  +2589mbar,T+10997mdegC
1594778036:[PRESS ,0038]P  +2559mbar,T-28052mdegC
1594778038:[PRESS ,0038]P  +2549mbar,T-15491mdegC
1594778040:[PRESS ,0038]P  +2529mbar,T+10997mdegC
1594778044:[PRESS ,0038]P  +2529mbar,T-28052mdegC
1594778045:[PRESS ,0038]P  +2519mbar,T+10997mdegC
1594778054:[PUMP  ,0207]battery 15260mV,   19520uA (warmup), P  +2519mbar
1594778054:[PUMP  ,0016]pump during 60000ms
1594778113:[PUMP  ,0212]battery 15081mV,  344162uA (steady state), P  +2519mbar
1594778170:[PRESS ,0038]P  +1939mbar,T+10997mdegC
1594778177:[PRESS ,0038]P  +1909mbar,T-28052mdegC
1594778179:[PRESS ,0038]P  +1899mbar,T+10997mdegC
1594778186:[PRESS ,0038]P  +1869mbar,T-15491mdegC
1594778188:[PRESS ,0038]P  +1849mbar,T-28052mdegC
1594778190:[PRESS ,0038]P  +1849mbar,T+10997mdegC
1594778193:[PRESS ,0038]P  +1839mbar,T-15491mdegC
1594778195:[PRESS ,0038]P  +1819mbar,T+10997mdegC
1594778203:[PUMP  ,0207]battery 15242mV,   19520uA (warmup), P  +1819mbar
1594778203:[PUMP  ,0016]pump during 60000ms
1594778262:[PUMP  ,0212]battery 15067mV,  336232uA (steady state), P  +1819mbar
1594778320:[PRESS ,0038]P  +1089mbar,T-28052mdegC
1594778327:[PRESS ,0038]P  +1039mbar,T+10997mdegC
1594778329:[PRESS ,0038]P  +1029mbar,T-28052mdegC
1594778331:[PRESS ,0038]P  +1009mbar,T-15491mdegC
1594778333:[PRESS ,0038]P   +999mbar,T+10997mdegC
1594778334:[PRESS ,0038]P   +989mbar,T-28052mdegC
1594778338:[PRESS ,0038]P   +959mbar,T+10997mdegC
1594778342:[PRESS ,0038]P   +939mbar,T-28052mdegC
1594778343:[PRESS ,0038]P   +919mbar,T-15491mdegC
1594778467:[PRESS ,0038]P    +49mbar,T-28052mdegC
1594778470:[PRESS ,0038]P    +19mbar,T+10997mdegC
1594778470:[SURFIN,0020]filling external bladder
1594778478:[PUMP  ,0207]battery 15295mV,   19642uA (warmup), P    +19mbar
1594778479:[PUMP  ,0016]pump during 300000ms
1594778777:[PUMP  ,0212]battery 14853mV, 1116178uA (steady state), P    +19mbar
1594778788:[PUMP  ,0207]battery 14743mV,   19764uA (warmup), P    +19mbar
1594778788:[PUMP  ,0016]pump during 300000ms
1594778915:[PUMP  ,0212]battery 14408mV, 1035780uA (steady state), P    +19mbar
1594778917:[SURFIN,0019]external bladder full
1594778919:[PRESS ,0038]P   +200mbar,T-28052mdegC
1594778924:[PRESS ,0038]P   +190mbar,T+10997mdegC
1594778928:[PRESS ,0038]P   +190mbar,T-28052mdegC
1594778933:[PRESS ,0038]P   +190mbar,T -1567mdegC
1594778935:[PRESS ,0038]P   +180mbar,T-28052mdegC
1594778937:[PRESS ,0038]P   +210mbar,T+10997mdegC
1594778940:[PRESS ,0038]P   +190mbar,T-28052mdegC
1594778944:[PRESS ,0038]P   +190mbar,T+10997mdegC
1594778980:[MAIN  ,0272]Vbat 14963mV (min 14882mV)
1594778982:[MAIN  ,0024]internal pressure 78328Pa
1594778982:[MAIN  ,0043]Pext 193mbar (rng 30mbar)
1594778982:[MAIN  ,0064]surface
1594778997:[SURF  ,0022]GPS fix...
1594779017:[SURF  ,0015]10 PPS detected...
1594779018:[MRMAID,0052]Mermaid $GPSACK:+0,+0,+0,+0,+0,+0,-1098;
1594779028:[MRMAID,0052]Mermaid $GPSOFF:3686332;
1594779029:[GPSFIX,0179]+0s diff
1594779029:[SURF  ,0222]2020-07-15T02:10:29
1594779029:[SURF  ,0082]Latitude : N43deg40.938mn, Longitude :E007deg19.180mn
1594779029:[SURF  ,0223]fix3D,9satellites
1594779029:[SURF  ,0084]GPS fix GPGSA : hdop0.670,vdop1.240
1594779039:[SURF  ,0274]last almanac : 55518
1594779052:[MRMAID,0026]1567 bytes in 0071/5F0E65A4.MER
1594779057:[MAIN  ,0320]New pressure offset: 193mbar
1594779057:[LOGBIN,0078]*** switching to 0071/5F0E65B1 ***
