1594723540:[MAIN  ,0007]buoy 452.120-R-0071
1594723540:[MAIN  ,0055]soft pilotage 452.012.300_V2.21-20200701
1594723540:[MAIN  ,0010]cycle 1
1594723540:[SURF  ,0225]surface2
1594723554:[SURF  ,0022]GPS fix...
1594723575:[SURF  ,0015]10 PPS detected...
1594723576:[MRMAID,0052]Mermaid $GPSACK:+0,+0,+0,+0,+0,+0,-30;
1594723586:[MRMAID,0052]Mermaid $GPSOFF:3686328;
1594723588:[GPSFIX,0179]+0s diff
1594723588:[SURF  ,0222]2020-07-14T10:46:28
1594723588:[SURF  ,0082]Latitude : N43deg40.942mn, Longitude :E007deg19.177mn
1594723588:[SURF  ,0223]fix3D,9satellites
1594723588:[SURF  ,0084]GPS fix GPGSA : hdop0.660,vdop0.950
1594723598:[SURF  ,0025]Iridium...
1594723636:[SURF  ,0009]connected in 38s, signal quality 5
1594723697:[SURF  ,0218]prompt received, remote cmd end
1594723697:[SURF  ,0012]16 cmd(s) received
1594723717:[UPLOAD,0248]Upload data files...
1594723742:[UPLOAD,0231]"0071/5F0D8860.BIN" uploaded at 87bytes/s
1594723763:[UPLOAD,0231]"0071/5F0D8CC8.MER" uploaded at 74bytes/s
1594723780:[UPLOAD,0231]"0071/5F0C3047.BIN" uploaded at 116bytes/s
1594723798:[MAIN  ,0013]3 file(s) uploaded
1594723830:[SURF  ,0014]disconnected after 232s
1594723835:[SURFIN,0020]filling external bladder
1594723843:[PUMP  ,0207]battery 15308mV,   30134uA (warmup), P   +130mbar
1594723843:[PUMP  ,0016]pump during 300000ms
1594723849:[PUMP  ,0212]battery 14727mV,  989542uA (steady state), P   +130mbar
1594723851:[SURFIN,0019]external bladder full
1594723851:[SURF  ,0227]1st complete transfer
1594723866:[SURF  ,0022]GPS fix...
1594723887:[SURF  ,0015]10 PPS detected...
1594723888:[MRMAID,0052]Mermaid $GPSACK:+0,+0,+0,+0,+0,+0,-30;
1594723898:[MRMAID,0052]Mermaid $GPSOFF:3686328;
1594723900:[GPSFIX,0179]+0s diff
1594723900:[SURF  ,0222]2020-07-14T10:51:40
1594723900:[SURF  ,0082]Latitude : N43deg40.942mn, Longitude :E007deg19.177mn
1594723900:[SURF  ,0223]fix3D,9satellites
1594723900:[SURF  ,0084]GPS fix GPGSA : hdop0.660,vdop0.970
1594723917:[MAIN  ,0024]internal pressure 80785Pa
1594723918:[BYCMD ,0107]    FreeRTOS V8.2.3
1594723918:[BYCMD ,0108]    FatFS v11a
1594723918:[BYCMD ,0117]    valve is running
1594723918:[BYCMD ,0120]    bypass 10000ms 60000ms (20000ms 60000ms stored)
1594723918:[BYCMD ,0121]    valve 60000ms 12750 (60000ms 12750 stored)
1594723918:[BYCMD ,0122]    pump 60000ms 30% 10750 80% (60000ms 30% 10750 80% stored)
1594723918:[BYCMD ,0123]    rate 2mbar/s (2mbar/s stored)
1594723918:[BYCMD ,0124]    surface 500mbar (500mbar stored)
1594723918:[BYCMD ,0125]    near 1500mbar 3mbar/s (15000mbar 3mbar/s stored)
1594723918:[BYCMD ,0126]    far 2500mbar 4mbar/s (25000mbar 4mbar/s stored)
1594723918:[BYCMD ,0127]    ascent 8mbar/s (8mbar/s stored)
1594723918:[BYCMD ,0128]    dead 60s (300s stored)
1594723918:[BYCMD ,0129]    coeff 16/10 (16/10 stored)
1594723918:[BYCMD ,0130]    stab 10 (10 stored)
1594723918:[BYCMD ,0131]    delay 900s 3600s (900s 3600s stored)
1594723918:[BYCMD ,0132]    mmtime 2880min (2880min stored)
1594723919:[BYCMD ,0133]    dv_landing 100ml (100ml stored)
1594723919:[MKDCMD,0150]    p2t37: 15x2000ms, offset 129mbar
1594723919:[P2TCMD,0151]    p2t37: dp 50mbar, dt 5000mdegC
1594723919:[STAGE ,0080]Stage [0] 5000mbar (+/-500mbar) 1800s (<1800s) 
1594723919:[STAGE ,0080]Stage [1] 5000mbar (+/-500mbar) 1800s (<3600s) MERMAID
1594723919:[MAIN  ,0070]turn off bluetooth
1594723921:[PRESS ,0038]P    +71mbar,T-12811mdegC
1594723923:[PRESS ,0038]P    +61mbar,T  -229mdegC
1594723925:[PRESS ,0038]P    +61mbar,T+26248mdegC
1594723927:[PRESS ,0038]P    +51mbar,T-26709mdegC
1594723929:[PRESS ,0038]P    +61mbar,T  -229mdegC
1594723931:[PRESS ,0038]P    +61mbar,T+26248mdegC
1594723932:[PRESS ,0038]P    +61mbar,T  -229mdegC
1594723934:[PRESS ,0038]P    +61mbar,T+26248mdegC
1594723936:[PRESS ,0038]P    +61mbar,T-26709mdegC
1594723941:[PRESS ,0038]P    +51mbar,T  -229mdegC
1594723945:[PRESS ,0038]P    +51mbar,T+26248mdegC
1594723947:[DIVING,0141]diving from 61mbar, +0mbar/s
1594723947:[BYPASS,0035]bypass opening 60000ms
1594723952:[BYPASS,0104]battery 15145mV,  244610uA (bypass opening), P    +61mbar
1594724017:[BYPASS,0106]battery 15137mV,  290360uA (bypass closing), P    +61mbar
1594724019:[PRESS ,0038]P    -59mbar,T  -229mdegC
1594724022:[PRESS ,0038]P    -69mbar,T-26709mdegC
1594724027:[PRESS ,0038]P    -49mbar,T  -229mdegC
1594724035:[PRESS ,0038]P    -59mbar,T-26709mdegC
1594724042:[PRESS ,0038]P    -49mbar,T+26248mdegC
1594724043:[PRESS ,0038]P    -59mbar,T  -229mdegC
1594724043:[BYPASS,0035]bypass opening 10000ms
1594724049:[BYPASS,0104]battery 15171mV,  247904uA (bypass opening), P    -59mbar
1594724064:[BYPASS,0106]battery 15142mV,  289140uA (bypass closing), P    -59mbar
1594724065:[PRESS ,0038]P    -79mbar,T+26248mdegC
1594724067:[PRESS ,0038]P    -79mbar,T  -229mdegC
1594724069:[PRESS ,0038]P    -89mbar,T+26248mdegC
1594724071:[PRESS ,0038]P    -79mbar,T  -229mdegC
1594724073:[PRESS ,0038]P    -89mbar,T+26248mdegC
1594724074:[PRESS ,0038]P    -79mbar,T  -229mdegC
1594724085:[PRESS ,0038]P    -79mbar,T+26248mdegC
1594724087:[PRESS ,0038]P    -79mbar,T  -229mdegC
1594724090:[BYPASS,0035]bypass opening 10000ms
1594724096:[BYPASS,0104]battery 15172mV,  242780uA (bypass opening), P    -89mbar
1594724111:[BYPASS,0106]battery 15145mV,  288408uA (bypass closing), P    -89mbar
1594724112:[PRESS ,0038]P    -69mbar,T-26709mdegC
1594724114:[PRESS ,0038]P    -69mbar,T  -229mdegC
1594724118:[PRESS ,0038]P    -79mbar,T+26248mdegC
1594724127:[PRESS ,0038]P    -79mbar,T  -229mdegC
1594724128:[PRESS ,0038]P    -79mbar,T+26248mdegC
1594724130:[PRESS ,0038]P    -69mbar,T-26709mdegC
1594724132:[PRESS ,0038]P    -79mbar,T  -229mdegC
1594724134:[PRESS ,0038]P    -79mbar,T-26709mdegC
1594724136:[PRESS ,0038]P    -59mbar,T+26248mdegC
1594724137:[PRESS ,0038]P    -79mbar,T  -229mdegC
1594724137:[BYPASS,0035]bypass opening 10000ms
1594724143:[BYPASS,0104]battery 15175mV,  248026uA (bypass opening), P    -79mbar
1594724158:[BYPASS,0106]battery 15146mV,  287798uA (bypass closing), P    -79mbar
1594724159:[PRESS ,0038]P    -69mbar,T-26709mdegC
1594724161:[PRESS ,0038]P    -59mbar,T  -229mdegC
1594724165:[PRESS ,0038]P    -59mbar,T-26709mdegC
1594724168:[PRESS ,0038]P    -69mbar,T  -229mdegC
1594724183:[PRESS ,0038]P    -69mbar,T-26709mdegC
1594724184:[PRESS ,0038]P    -59mbar,T  -229mdegC
1594724184:[BYPASS,0035]bypass opening 10000ms
1594724189:[BYPASS,0104]battery 15176mV,  249978uA (bypass opening), P    -59mbar
1594724205:[BYPASS,0106]battery 15147mV,  287188uA (bypass closing), P    -59mbar
1594724208:[PRESS ,0038]P    -49mbar,T-26709mdegC
1594724212:[PRESS ,0038]P    -59mbar,T+26248mdegC
1594724213:[PRESS ,0038]P    -49mbar,T  -229mdegC
1594724231:[BYPASS,0035]bypass opening 10000ms
1594724236:[BYPASS,0104]battery 15175mV,  245708uA (bypass opening), P    -59mbar
1594724251:[BYPASS,0106]battery 15148mV,  286700uA (bypass closing), P    -59mbar
1594724253:[PRESS ,0038]P    -59mbar,T-26709mdegC
1594724255:[PRESS ,0038]P    -49mbar,T  -229mdegC
1594724258:[PRESS ,0038]P    -59mbar,T+26248mdegC
1594724260:[PRESS ,0038]P    -49mbar,T-26709mdegC
1594724262:[PRESS ,0038]P    -59mbar,T  -229mdegC
1594724266:[PRESS ,0038]P    -59mbar,T+26248mdegC
1594724267:[PRESS ,0038]P    -59mbar,T  -229mdegC
1594724276:[PRESS ,0038]P    -39mbar,T+26248mdegC
1594724278:[PRESS ,0038]P    -59mbar,T  -229mdegC
1594724278:[BYPASS,0035]bypass opening 10000ms
1594724283:[BYPASS,0104]battery 15176mV,  246196uA (bypass opening), P    -59mbar
1594724298:[BYPASS,0106]battery 15150mV,  286212uA (bypass closing), P    -59mbar
1594724314:[PRESS ,0038]P    -59mbar,T+26248mdegC
1594724316:[PRESS ,0038]P    -39mbar,T  -229mdegC
1594724321:[PRESS ,0038]P    -39mbar,T+26248mdegC
1594724323:[PRESS ,0038]P    -49mbar,T  -229mdegC
1594724325:[PRESS ,0038]P    -49mbar,T-26709mdegC
1594724325:[BYPASS,0035]bypass opening 10000ms
1594724330:[BYPASS,0104]battery 15178mV,  247538uA (bypass opening), P    -49mbar
1594724345:[BYPASS,0106]battery 15151mV,  285846uA (bypass closing), P    -49mbar
1594724347:[PRESS ,0038]P    -49mbar,T+26248mdegC
1594724349:[PRESS ,0038]P    -59mbar,T-26709mdegC
1594724351:[PRESS ,0038]P    -49mbar,T+26248mdegC
1594724352:[PRESS ,0038]P    -49mbar,T-26709mdegC
1594724354:[PRESS ,0038]P    -49mbar,T+26248mdegC
1594724356:[PRESS ,0038]P    -39mbar,T  -229mdegC
1594724360:[PRESS ,0038]P    -39mbar,T-26709mdegC
1594724365:[PRESS ,0038]P    -59mbar,T  -229mdegC
1594724367:[PRESS ,0038]P    -49mbar,T+26248mdegC
1594724368:[PRESS ,0038]P    -49mbar,T  -229mdegC
1594724370:[PRESS ,0038]P    -49mbar,T-26709mdegC
1594724372:[PRESS ,0038]P    -49mbar,T  -229mdegC
1594724372:[BYPASS,0035]bypass opening 10000ms
1594724377:[BYPASS,0104]battery 15178mV,  245830uA (bypass opening), P    -49mbar
1594724392:[BYPASS,0106]battery 15151mV,  285358uA (bypass closing), P    -49mbar
1594724394:[PRESS ,0038]P    +21mbar,T  -229mdegC
1594724396:[PRESS ,0038]P    +41mbar,T+26248mdegC
1594724398:[PRESS ,0038]P    +51mbar,T  -229mdegC
1594724403:[PRESS ,0038]P    +81mbar,T+26248mdegC
1594724405:[PRESS ,0038]P    +91mbar,T-26709mdegC
1594724407:[PRESS ,0038]P    +91mbar,T  -229mdegC
1594724412:[PRESS ,0038]P   +131mbar,T-26709mdegC
1594724414:[PRESS ,0038]P   +161mbar,T  -229mdegC
1594724425:[PRESS ,0038]P   +221mbar,T  -229mdegC
1594724427:[PRESS ,0038]P   +231mbar,T+26248mdegC
1594724430:[PRESS ,0038]P   +241mbar,T-26709mdegC
1594724433:[PRESS ,0038]P   +261mbar,T  -229mdegC
1594724436:[PRESS ,0038]P   +281mbar,T+26248mdegC
1594724441:[PRESS ,0038]P   +291mbar,T  -229mdegC
1594724453:[PRESS ,0038]P   +351mbar,T  -229mdegC
1594724458:[PRESS ,0038]P   +371mbar,T-26709mdegC
1594724461:[PRESS ,0038]P   +381mbar,T  -229mdegC
1594724464:[PRESS ,0038]P   +391mbar,T-26709mdegC
1594724467:[PRESS ,0038]P   +401mbar,T  -229mdegC
1594724469:[PRESS ,0038]P   +411mbar,T-26709mdegC
1594724472:[PRESS ,0038]P   +421mbar,T  -229mdegC
1594724480:[PRESS ,0038]P   +471mbar,T+26248mdegC
1594724483:[PRESS ,0038]P   +501mbar,T  -229mdegC
1594724485:[PRESS ,0038]P   +491mbar,T+26248mdegC
1594724485:[DIVING,0028]491mbar reached (+5mbar/s), 9 bypass done
1594724486:[MAIN  ,0056]stage[0]
1594724488:[MAIN  ,0024]internal pressure 83784Pa
1594724489:[PRESS ,0038]P   +511mbar,T  -229mdegC
1594724489:[BUOY  ,0037]P   +511mbar
1594724489:[STAGE ,0080]Stage [0] 5000mbar (+/-500mbar) 1800s (<1594726285s) 
1594724491:[PRESS ,0038]P   +521mbar,T-26709mdegC
1594724551:[PRESS ,0038]P   +831mbar,T  -229mdegC
1594724557:[PRESS ,0038]P   +851mbar,T-26709mdegC
1594724558:[PRESS ,0038]P   +861mbar,T  -229mdegC
1594724564:[PRESS ,0038]P   +881mbar,T+26248mdegC
1594724566:[PRESS ,0038]P   +891mbar,T-26709mdegC
1594724571:[PRESS ,0038]P   +901mbar,T  -229mdegC
1594724573:[PRESS ,0038]P   +921mbar,T-26709mdegC
1594724574:[PRESS ,0038]P   +931mbar,T+26248mdegC
1594724576:[PRESS ,0038]P   +941mbar,T  -229mdegC
1594724637:[PRESS ,0038]P  +1201mbar,T-26709mdegC
1594724639:[PRESS ,0038]P  +1221mbar,T  -229mdegC
1594724641:[PRESS ,0038]P  +1231mbar,T-26709mdegC
1594724642:[PRESS ,0038]P  +1241mbar,T+26248mdegC
1594724648:[PRESS ,0038]P  +1251mbar,T  -229mdegC
1594724658:[PRESS ,0038]P  +1301mbar,T+26248mdegC
1594724662:[PRESS ,0038]P  +1311mbar,T  -229mdegC
1594724723:[PRESS ,0038]P  +1581mbar,T  -229mdegC
1594724726:[PRESS ,0038]P  +1601mbar,T+26248mdegC
1594724730:[PRESS ,0038]P  +1621mbar,T+12347mdegC
1594724732:[PRESS ,0038]P  +1631mbar,T+26248mdegC
1594724735:[PRESS ,0038]P  +1641mbar,T  -229mdegC
1594724740:[PRESS ,0038]P  +1661mbar,T-26709mdegC
1594724742:[PRESS ,0038]P  +1671mbar,T  -229mdegC
1594724744:[PRESS ,0038]P  +1681mbar,T-26709mdegC
1594724746:[PRESS ,0038]P  +1701mbar,T+26248mdegC
1594724808:[PRESS ,0038]P  +1931mbar,T-26709mdegC
1594724810:[PRESS ,0038]P  +1941mbar,T  -229mdegC
1594724821:[PRESS ,0038]P  +1951mbar,T-26709mdegC
1594724823:[PRESS ,0038]P  +1951mbar,T  -229mdegC
1594724826:[PRESS ,0038]P  +1961mbar,T-26709mdegC
1594724828:[PRESS ,0038]P  +1961mbar,T  -229mdegC
1594724830:[PRESS ,0038]P  +1961mbar,T-26709mdegC
1594724833:[PRESS ,0038]P  +1961mbar,T+26248mdegC
1594724833:[BUOY  ,0087]from +1mbar/s to +4mbar/s
1594724833:[BUOY  ,0090]need to transfer -24mL (valve during 6955ms)
1594724833:[VALVE ,0034]valve opening 6955ms
1594724840:[VALVE ,0234]battery 15083mV,  492880uA, P  +1961mbar
1594724894:[PRESS ,0038]P  +2211mbar,T-26709mdegC
1594724896:[PRESS ,0038]P  +2221mbar,T  -229mdegC
1594724898:[PRESS ,0038]P  +2211mbar,T+26248mdegC
1594724900:[PRESS ,0038]P  +2231mbar,T  -229mdegC
1594724912:[PRESS ,0038]P  +2291mbar,T  -229mdegC
1594724916:[PRESS ,0038]P  +2301mbar,T+26248mdegC
1594724917:[PRESS ,0038]P  +2311mbar,T  -229mdegC
1594724919:[PRESS ,0038]P  +2311mbar,T-26709mdegC
1594724980:[PRESS ,0038]P  +2551mbar,T  -229mdegC
1594724982:[PRESS ,0038]P  +2561mbar,T-12811mdegC
1594724984:[PRESS ,0038]P  +2571mbar,T  -229mdegC
1594724989:[PRESS ,0038]P  +2581mbar,T+12347mdegC
1594724991:[PRESS ,0038]P  +2591mbar,T  -229mdegC
1594724992:[PRESS ,0038]P  +2591mbar,T+26248mdegC
1594724996:[PRESS ,0038]P  +2601mbar,T  -229mdegC
1594724998:[PRESS ,0038]P  +2601mbar,T+26248mdegC
1594725001:[PRESS ,0038]P  +2621mbar,T  -229mdegC
1594725066:[PRESS ,0038]P  +2761mbar,T  -229mdegC
1594725069:[PRESS ,0038]P  +2771mbar,T+26248mdegC
1594725071:[PRESS ,0038]P  +2771mbar,T  -229mdegC
1594725075:[PRESS ,0038]P  +2771mbar,T-26709mdegC
1594725080:[PRESS ,0038]P  +2801mbar,T  -229mdegC
1594725082:[PRESS ,0038]P  +2801mbar,T-26709mdegC
1594725085:[PRESS ,0038]P  +2811mbar,T+26248mdegC
1594725087:[PRESS ,0038]P  +2821mbar,T+12347mdegC
1594725089:[PRESS ,0038]P  +2821mbar,T-26709mdegC
1594725151:[PRESS ,0038]P  +2911mbar,T  -229mdegC
1594725155:[PRESS ,0038]P  +2931mbar,T-26709mdegC
1594725157:[PRESS ,0038]P  +2921mbar,T  -229mdegC
1594725159:[PRESS ,0038]P  +2921mbar,T-26709mdegC
1594725162:[PRESS ,0038]P  +2921mbar,T  -229mdegC
1594725169:[PRESS ,0038]P  +2931mbar,T-26709mdegC
1594725173:[PRESS ,0038]P  +2931mbar,T  -229mdegC
1594725175:[PRESS ,0038]P  +2941mbar,T-26709mdegC
1594725176:[BUOY  ,0087]from +1mbar/s to +3mbar/s
1594725176:[BUOY  ,0090]need to transfer -12mL (valve during 2833ms)
1594725177:[VALVE ,0034]valve opening 2833ms
1594725179:[VALVE ,0234]battery 15106mV,  493612uA, P  +2941mbar
1594725237:[PRESS ,0038]P  +3061mbar,T  -229mdegC
1594725246:[PRESS ,0038]P  +3071mbar,T+12347mdegC
1594725248:[PRESS ,0038]P  +3061mbar,T  -229mdegC
1594725252:[PRESS ,0038]P  +3061mbar,T-26709mdegC
1594725323:[PRESS ,0038]P  +3231mbar,T-26709mdegC
1594725326:[PRESS ,0038]P  +3241mbar,T  -229mdegC
1594725328:[PRESS ,0038]P  +3251mbar,T-26709mdegC
1594725335:[PRESS ,0038]P  +3271mbar,T  -229mdegC
1594725337:[PRESS ,0038]P  +3271mbar,T-26709mdegC
1594725339:[PRESS ,0038]P  +3281mbar,T  -229mdegC
1594725341:[PRESS ,0038]P  +3261mbar,T-26709mdegC
1594725343:[PRESS ,0038]P  +3281mbar,T  -229mdegC
1594725346:[PRESS ,0038]P  +3281mbar,T-26709mdegC
1594725348:[PRESS ,0038]P  +3301mbar,T  -229mdegC
1594725409:[PRESS ,0038]P  +3471mbar,T-26709mdegC
1594725417:[PRESS ,0038]P  +3491mbar,T  -229mdegC
1594725419:[PRESS ,0038]P  +3501mbar,T+12347mdegC
1594725421:[PRESS ,0038]P  +3501mbar,T  -229mdegC
1594725423:[PRESS ,0038]P  +3501mbar,T-26709mdegC
1594725433:[PRESS ,0038]P  +3531mbar,T  -229mdegC
1594725494:[PRESS ,0038]P  +3701mbar,T-26709mdegC
1594725496:[PRESS ,0038]P  +3711mbar,T+12347mdegC
1594725500:[PRESS ,0038]P  +3721mbar,T-26709mdegC
1594725501:[PRESS ,0038]P  +3731mbar,T-14136mdegC
1594725503:[PRESS ,0038]P  +3731mbar,T-26709mdegC
1594725519:[PRESS ,0038]P  +3791mbar,T-26709mdegC
1594725580:[PRESS ,0038]P  +3981mbar,T-26709mdegC
1594725582:[PRESS ,0038]P  +3961mbar,T  -229mdegC
1594725583:[PRESS ,0038]P  +3981mbar,T+26248mdegC
1594725585:[PRESS ,0038]P  +3991mbar,T-26709mdegC
1594725589:[PRESS ,0038]P  +3991mbar,T  -229mdegC
1594725591:[PRESS ,0038]P  +3991mbar,T-14136mdegC
1594725592:[PRESS ,0038]P  +4001mbar,T-26709mdegC
1594725596:[PRESS ,0038]P  +4011mbar,T+12347mdegC
1594725598:[PRESS ,0038]P  +4021mbar,T-26709mdegC
1594725600:[PRESS ,0038]P  +4011mbar,T+12347mdegC
1594725601:[PRESS ,0038]P  +4031mbar,T-26709mdegC
1594725666:[PRESS ,0038]P  +4241mbar,T+12347mdegC
1594725667:[PRESS ,0038]P  +4241mbar,T-14136mdegC
1594725669:[PRESS ,0038]P  +4251mbar,T+12347mdegC
1594725671:[PRESS ,0038]P  +4261mbar,T-26709mdegC
1594725675:[PRESS ,0038]P  +4251mbar,T+12347mdegC
1594725678:[PRESS ,0038]P  +4281mbar,T-26709mdegC
1594725680:[PRESS ,0038]P  +4281mbar,T  -229mdegC
1594725682:[PRESS ,0038]P  +4291mbar,T+12347mdegC
1594725684:[PRESS ,0038]P  +4291mbar,T-26709mdegC
1594725687:[PRESS ,0038]P  +4291mbar,T-14136mdegC
1594725689:[PRESS ,0038]P  +4301mbar,T-26709mdegC
1594725751:[PRESS ,0038]P  +4421mbar,T+12347mdegC
1594725753:[PRESS ,0038]P  +4431mbar,T-26709mdegC
1594725755:[PRESS ,0038]P  +4421mbar,T+12347mdegC
1594725760:[PRESS ,0038]P  +4451mbar,T  -229mdegC
1594725762:[PRESS ,0038]P  +4451mbar,T+12347mdegC
1594725837:[PRESS ,0038]P  +4651mbar,T+12347mdegC
1594725841:[PRESS ,0038]P  +4661mbar,T-14136mdegC
1594725842:[PRESS ,0038]P  +4651mbar,T+12347mdegC
1594725848:[PRESS ,0038]P  +4681mbar,T-26709mdegC
1594725850:[PRESS ,0038]P  +4671mbar,T-14136mdegC
1594725851:[PRESS ,0038]P  +4681mbar,T+12347mdegC
1594725855:[PRESS ,0038]P  +4711mbar,T-26709mdegC
1594725857:[PRESS ,0038]P  +4711mbar,T+12347mdegC
1594725858:[PRESS ,0038]P  +4711mbar,T-14136mdegC
1594725860:[PRESS ,0038]P  +4721mbar,T-26709mdegC
1594725862:[PRESS ,0038]P  +4731mbar,T+12347mdegC
1594725862:[STAGE ,0213]4731mbar reached at 1594725862s, ref 5000mbar +/-500mbar
1594725862:[BUOY  ,0087]from +3mbar/s to +0mbar/s
1594725862:[BUOY  ,0089]need to transfer +14mL (pump during 16718ms)
1594725870:[PUMP  ,0207]battery 15506mV,   20252uA (warmup), P  +4731mbar
1594725870:[PUMP  ,0016]pump during 16718ms
1594725886:[PUMP  ,0212]battery 15228mV,  329644uA (steady state), P  +4731mbar
1594725926:[PRESS ,0038]P  +4941mbar,T-26709mdegC
1594725928:[PRESS ,0038]P  +4941mbar,T+12347mdegC
1594725939:[PRESS ,0038]P  +4961mbar,T-26709mdegC
1594725940:[PRESS ,0038]P  +4961mbar,T+12347mdegC
1594725944:[PRESS ,0038]P  +4961mbar,T-14136mdegC
1594725948:[PRESS ,0038]P  +4971mbar,T+12347mdegC
1594726012:[PRESS ,0038]P  +5131mbar,T+12347mdegC
1594726012:[BUOY  ,0087]from +2mbar/s to +0mbar/s
1594726012:[BUOY  ,0089]need to transfer +6mL (pump during 7165ms)
1594726020:[PUMP  ,0207]battery 15486mV,   20130uA (warmup), P  +5131mbar
1594726020:[PUMP  ,0016]pump during 7165ms
1594726027:[PUMP  ,0212]battery 15212mV,  336720uA (steady state), P  +5131mbar
1594726076:[PRESS ,0038]P  +5291mbar,T+24918mdegC
1594726078:[PRESS ,0038]P  +5301mbar,T+12347mdegC
1594726083:[PRESS ,0038]P  +5301mbar,T-26709mdegC
1594726085:[PRESS ,0038]P  +5301mbar,T+12347mdegC
1594726095:[PRESS ,0038]P  +5321mbar,T-14136mdegC
1594726097:[PRESS ,0038]P  +5331mbar,T+12347mdegC
1594726099:[PRESS ,0038]P  +5341mbar,T-26709mdegC
1594726101:[PRESS ,0038]P  +5341mbar,T+12347mdegC
1594726101:[BUOY  ,0087]from +2mbar/s to +0mbar/s
1594726101:[BUOY  ,0089]need to transfer +6mL (pump during 7165ms)
1594726109:[PUMP  ,0207]battery 15480mV,   20008uA (warmup), P  +5341mbar
1594726109:[PUMP  ,0016]pump during 7165ms
1594726116:[PUMP  ,0212]battery 15200mV,  343918uA (steady state), P  +5341mbar
1594726165:[PRESS ,0038]P  +5471mbar,T+12347mdegC
1594726169:[PRESS ,0038]P  +5491mbar,T-14136mdegC
1594726170:[PRESS ,0038]P  +5491mbar,T+12347mdegC
1594726177:[PRESS ,0038]P  +5501mbar,T-14136mdegC
1594726179:[PRESS ,0038]P  +5511mbar,T+12347mdegC
1594726181:[PRESS ,0038]P  +5501mbar,T-14136mdegC
1594726185:[PRESS ,0038]P  +5521mbar,T+12347mdegC
1594726190:<WARN>[BUOY  ,0094]stage[0] should ASCENT, stuck at 5531mbar for the #1 time
1594726190:[BUOY  ,0087]from +2mbar/s to -2mbar/s
1594726190:[BUOY  ,0089]need to transfer +12mL (pump during 14329ms)
1594726198:[PUMP  ,0207]battery 15473mV,   20008uA (warmup), P  +5531mbar
1594726198:[PUMP  ,0016]pump during 14329ms
1594726212:[PUMP  ,0212]battery 15201mV,  335134uA (steady state), P  +5531mbar
1594726256:[PRESS ,0038]P  +5581mbar,T-14136mdegC
1594726259:[PRESS ,0038]P  +5571mbar,T+12347mdegC
1594726263:[PRESS ,0038]P  +5571mbar,T-14136mdegC
1594726265:[PRESS ,0038]P  +5571mbar,T+12347mdegC
1594726267:[PRESS ,0038]P  +5581mbar,T-26709mdegC
1594726268:[PRESS ,0038]P  +5581mbar,T+12347mdegC
1594726270:[PRESS ,0038]P  +5581mbar,T-26709mdegC
1594726272:[PRESS ,0038]P  +5571mbar,T+12347mdegC
1594726277:[PRESS ,0038]P  +5571mbar,T-14136mdegC
1594726279:<WARN>[BUOY  ,0094]stage[0] should ASCENT, stuck at 5581mbar for the #2 time
1594726279:[BUOY  ,0087]from +0mbar/s to -2mbar/s
1594726279:[BUOY  ,0089]need to transfer +6mL (pump during 7165ms)
1594726287:[PUMP  ,0207]battery 15457mV,   20008uA (warmup), P  +5581mbar
1594726287:[PUMP  ,0016]pump during 7165ms
1594726294:[PUMP  ,0212]battery 15181mV,  343796uA (steady state), P  +5581mbar
1594726343:[PRESS ,0038]P  +5501mbar,T-14136mdegC
1594726345:[PRESS ,0038]P  +5501mbar,T+12347mdegC
1594726350:[PRESS ,0038]P  +5511mbar,T-14136mdegC
1594726356:[PRESS ,0038]P  +5491mbar,T+12347mdegC
1594726364:[PRESS ,0038]P  +5481mbar,T-14136mdegC
1594726368:[MAIN  ,0140]stage[0] complete 1883s after mission start
1594726368:[MAIN  ,0056]stage[1]
1594726370:[MAIN  ,0024]internal pressure 82396Pa
1594726372:[MRMAID,0002]acq started
1594726382:[PRESS ,0038]P  +5471mbar,T+24918mdegC
1594726382:[BUOY  ,0037]P  +5471mbar
1594726382:[STAGE ,0080]Stage [1] 5000mbar (+/-500mbar) 1800s (<1594728085s) MERMAID
1594726383:[PRESS ,0038]P  +5471mbar,T+12347mdegC
1594726384:[STAGE ,0213]5471mbar reached at 1594726384s, ref 5000mbar +/-500mbar
1594726444:[PRESS ,0038]P  +5391mbar,T-14136mdegC
1594726505:[PRESS ,0038]P  +5311mbar,T-14136mdegC
1594726524:[MRMAID,0027]53dbar, -14degC
1594726566:[PRESS ,0038]P  +5241mbar,T+24918mdegC
1594726626:[PRESS ,0038]P  +5151mbar,T-14136mdegC
1594726660:[MRMAID,0005]ascent request rejected
1594726748:[PRESS ,0038]P  +5061mbar,T-14136mdegC
1594726787:[MRMAID,0027]51dbar, -14degC
1594726808:[PRESS ,0038]P  +5001mbar,T-14136mdegC
1594726869:[PRESS ,0038]P  +4981mbar,T+24918mdegC
1594726869:[BUOY  ,0087]from -1mbar/s to +0mbar/s
1594726869:[BUOY  ,0090]need to transfer -2mL (valve during 364ms)
1594726870:[VALVE ,0034]valve opening 364ms
1594726881:[MRMAID,0184]acq already started
1594726940:[PRESS ,0038]P  +4951mbar,T+12347mdegC
1594726942:[PRESS ,0038]P  +4951mbar,T-14136mdegC
1594726944:[PRESS ,0038]P  +4961mbar,T+24918mdegC
1594726946:[PRESS ,0038]P  +4961mbar,T-14136mdegC
1594726947:[PRESS ,0038]P  +4961mbar,T+24918mdegC
1594726949:[PRESS ,0038]P  +4951mbar,T-14136mdegC
1594726951:[PRESS ,0038]P  +4971mbar,T+24918mdegC
1594726956:[PRESS ,0038]P  +4961mbar,T-14136mdegC
1594726958:[PRESS ,0038]P  +4971mbar,T+24918mdegC
1594726960:[PRESS ,0038]P  +4971mbar,T-14136mdegC
1594726964:[PRESS ,0038]P  +4971mbar,T+24918mdegC
1594726965:[PRESS ,0038]P  +4971mbar,T-14136mdegC
1594727026:[BUOY  ,0087]from +1mbar/s to +0mbar/s
1594727026:[BUOY  ,0089]need to transfer +2mL (pump during 2391ms)
1594727035:[PUMP  ,0207]battery 15492mV,   20862uA (warmup), P  +5001mbar
1594727035:[PUMP  ,0016]pump during 2391ms
1594727050:[MRMAID,0184]acq already started
1594727100:[PRESS ,0038]P  +5031mbar,T+24918mdegC
1594727102:[PRESS ,0038]P  +5031mbar,T+12347mdegC
1594727106:[PRESS ,0038]P  +5031mbar,T+24918mdegC
1594727108:[PRESS ,0038]P  +5031mbar,T+12347mdegC
1594727109:[PRESS ,0038]P  +5031mbar,T+24918mdegC
1594727111:[PRESS ,0038]P  +5041mbar,T-14136mdegC
1594727115:[PRESS ,0038]P  +5021mbar,T+24918mdegC
1594727117:[PRESS ,0038]P  +5021mbar,T-14136mdegC
1594727118:[PRESS ,0038]P  +5031mbar,T+24918mdegC
1594727120:[PRESS ,0038]P  +5031mbar,T-14136mdegC
1594727122:[PRESS ,0038]P  +5031mbar,T+24918mdegC
1594727124:[PRESS ,0038]P  +5021mbar,T-14136mdegC
1594727126:[PRESS ,0038]P  +5031mbar,T -1567mdegC
1594727186:[PRESS ,0038]P  +5001mbar,T+24918mdegC
1594727247:[PRESS ,0038]P  +4991mbar,T-14136mdegC
1594727308:[PRESS ,0038]P  +4971mbar,T+24918mdegC
1594727368:[PRESS ,0038]P  +4931mbar,T-14136mdegC
1594727429:[PRESS ,0038]P  +4891mbar,T+24918mdegC
1594727672:[PRESS ,0038]P  +4811mbar,T-14136mdegC
1594727732:[PRESS ,0038]P  +4861mbar,T+24918mdegC
1594727888:[MRMAID,0059]stop canceled
1594727903:[MRMAID,0005]ascent request rejected
1594727914:[PRESS ,0038]P  +4951mbar,T+24918mdegC
1594727975:[PRESS ,0038]P  +4971mbar,T -1567mdegC
1594727991:[MRMAID,0027]50dbar, -2degC
1594728036:[PRESS ,0038]P  +5041mbar,T+24918mdegC
1594728096:[PRESS ,0038]P  +5051mbar,T-14136mdegC
1594728096:[MAIN  ,0140]stage[1] complete 3611s after mission start
1594728700:<ERR>[MRMAID,0008]acq not stopped
1594729093:[MRMAID,0003]acq stopped
1594729093:[MRMAID,0052]Mermaid $MEASFS,106771,2668.353333,40.013816;
1594729114:[MRMAID,0005]ascent request rejected
1594729123:[MSSION,0192]mission stopped, 2 stage(s) done
1594729123:[MAIN  ,0065]surfacing
1594729125:[PRESS ,0038]P  +4961mbar,T -1567mdegC
1594729125:[SURFIN,0036]P  +4961mbar
1594729133:[PUMP  ,0207]battery 15506mV,   20862uA (warmup), P  +4961mbar
1594729133:[PUMP  ,0016]pump during 60000ms
1594729192:[PUMP  ,0212]battery 15183mV,  343186uA (steady state), P  +4961mbar
1594729250:[PRESS ,0038]P  +4651mbar,T+24918mdegC
1594729253:[PRESS ,0038]P  +4621mbar,T -1567mdegC
1594729255:[PRESS ,0038]P  +4621mbar,T+24918mdegC
1594729257:[PRESS ,0038]P  +4601mbar,T -1567mdegC
1594729260:[PRESS ,0038]P  +4591mbar,T+24918mdegC
1594729262:[PRESS ,0038]P  +4581mbar,T -1567mdegC
1594729266:[PRESS ,0038]P  +4581mbar,T+24918mdegC
1594729269:[PRESS ,0038]P  +4551mbar,T -1567mdegC
1594729275:[PRESS ,0038]P  +4531mbar,T+24918mdegC
1594729283:[PUMP  ,0207]battery 15417mV,   20252uA (warmup), P  +4531mbar
1594729283:[PUMP  ,0016]pump during 60000ms
1594729342:[PUMP  ,0212]battery 15137mV,  347456uA (steady state), P  +4531mbar
1594729400:[PRESS ,0038]P  +3911mbar,T+24918mdegC
1594729401:[PRESS ,0038]P  +3891mbar,T -1567mdegC
1594729403:[PRESS ,0038]P  +3881mbar,T+24918mdegC
1594729405:[PRESS ,0038]P  +3881mbar,T -1567mdegC
1594729414:[PRESS ,0038]P  +3831mbar,T+24918mdegC
1594729419:[PRESS ,0038]P  +3811mbar,T-28052mdegC
1594729421:[PRESS ,0038]P  +3801mbar,T -1567mdegC
1594729425:[PRESS ,0038]P  +3781mbar,T-28052mdegC
1594729433:[PUMP  ,0207]battery 15355mV,   20374uA (warmup), P  +3781mbar
1594729433:[PUMP  ,0016]pump during 60000ms
1594729492:[PUMP  ,0212]battery 15090mV,  333548uA (steady state), P  +3781mbar
1594729549:[PRESS ,0038]P  +2961mbar,T-28052mdegC
1594729551:[PRESS ,0038]P  +2941mbar,T -1567mdegC
1594729555:[PRESS ,0038]P  +2921mbar,T+24918mdegC
1594729560:[PRESS ,0038]P  +2871mbar,T -1567mdegC
1594729562:[PRESS ,0038]P  +2871mbar,T+24918mdegC
1594729564:[PRESS ,0038]P  +2861mbar,T -1567mdegC
1594729571:[PRESS ,0038]P  +2801mbar,T+24918mdegC
1594729573:[PRESS ,0038]P  +2791mbar,T -1567mdegC
1594729583:[PUMP  ,0207]battery 15317mV,   20374uA (warmup), P  +2781mbar
1594729583:[PUMP  ,0016]pump during 60000ms
1594729642:[PUMP  ,0212]battery 15055mV,  335378uA (steady state), P  +2781mbar
1594729699:[PRESS ,0038]P  +2201mbar,T -1567mdegC
1594729705:[PRESS ,0038]P  +2171mbar,T-14136mdegC
1594729706:[PRESS ,0038]P  +2161mbar,T -1567mdegC
1594729708:[PRESS ,0038]P  +2161mbar,T-28052mdegC
1594729710:[PRESS ,0038]P  +2151mbar,T -1567mdegC
1594729715:[PRESS ,0038]P  +2131mbar,T+24918mdegC
1594729717:[PRESS ,0038]P  +2141mbar,T -1567mdegC
1594729721:[PRESS ,0038]P  +2121mbar,T-28052mdegC
1594729723:[PRESS ,0038]P  +2141mbar,T+24918mdegC
1594729724:[PRESS ,0038]P  +2121mbar,T -1567mdegC
1594729733:[PUMP  ,0207]battery 15296mV,   20374uA (warmup), P  +2121mbar
1594729733:[PUMP  ,0016]pump during 60000ms
1594729792:[PUMP  ,0212]battery 15036mV,  333060uA (steady state), P  +2121mbar
1594729849:[PRESS ,0038]P  +1701mbar,T -1567mdegC
1594729853:[PRESS ,0038]P  +1661mbar,T+24918mdegC
1594729855:[PRESS ,0038]P  +1641mbar,T -1567mdegC
1594729860:[PRESS ,0038]P  +1621mbar,T-28052mdegC
1594729862:[PRESS ,0038]P  +1601mbar,T -1567mdegC
1594729864:[PRESS ,0038]P  +1591mbar,T+24918mdegC
1594729865:[PRESS ,0038]P  +1581mbar,T -1567mdegC
1594729867:[PRESS ,0038]P  +1561mbar,T-28052mdegC
1594729869:[PRESS ,0038]P  +1541mbar,T -1567mdegC
1594729874:[PRESS ,0038]P  +1521mbar,T+24918mdegC
1594729882:[PUMP  ,0207]battery 15283mV,   20374uA (warmup), P  +1521mbar
1594729883:[PUMP  ,0016]pump during 60000ms
1594729941:[PUMP  ,0212]battery 15025mV,  332572uA (steady state), P  +1521mbar
1594729999:[PRESS ,0038]P   +761mbar,T+24918mdegC
1594730001:[PRESS ,0038]P   +751mbar,T -1567mdegC
1594730003:[PRESS ,0038]P   +731mbar,T+24918mdegC
1594730010:[PRESS ,0038]P   +681mbar,T -1567mdegC
1594730012:[PRESS ,0038]P   +681mbar,T-28052mdegC
1594730013:[PRESS ,0038]P   +661mbar,T -1567mdegC
1594730017:[PRESS ,0038]P   +641mbar,T+24918mdegC
1594730019:[PRESS ,0038]P   +601mbar,T -1567mdegC
1594730022:[PRESS ,0038]P   +581mbar,T+24918mdegC
1594730024:[PRESS ,0038]P   +561mbar,T -1567mdegC
1594730146:[PRESS ,0038]P    -59mbar,T+24918mdegC
1594730148:[PRESS ,0038]P    -59mbar,T -1567mdegC
1594730149:[PRESS ,0038]P    -59mbar,T+24918mdegC
1594730149:[SURFIN,0020]filling external bladder
1594730158:[PUMP  ,0207]battery 15335mV,   20496uA (warmup), P    -59mbar
1594730158:[PUMP  ,0016]pump during 300000ms
1594730456:[PUMP  ,0212]battery 14756mV, 1095804uA (steady state), P    -59mbar
1594730467:[PUMP  ,0207]battery 14847mV,   19886uA (warmup), P    -59mbar
1594730467:[PUMP  ,0016]pump during 300000ms
1594730590:[PUMP  ,0212]battery 14468mV, 1038830uA (steady state), P    -59mbar
1594730592:[SURFIN,0019]external bladder full
1594730594:[PRESS ,0038]P   +190mbar,T+24918mdegC
1594730596:[PRESS ,0038]P   +200mbar,T-14136mdegC
1594730598:[PRESS ,0038]P   +190mbar,T+24918mdegC
1594730606:[PRESS ,0038]P   +210mbar,T-14136mdegC
1594730610:[PRESS ,0038]P   +200mbar,T+24918mdegC
1594730614:[PRESS ,0038]P   +200mbar,T -1567mdegC
1594730617:[PRESS ,0038]P   +210mbar,T+24918mdegC
1594730654:[MAIN  ,0272]Vbat 15065mV (min 15015mV)
1594730656:[MAIN  ,0024]internal pressure 79241Pa
1594730656:[MAIN  ,0043]Pext 199mbar (rng 20mbar)
1594730656:[MAIN  ,0064]surface
1594730671:[SURF  ,0022]GPS fix...
1594730691:[SURF  ,0015]10 PPS detected...
1594730692:[MRMAID,0052]Mermaid $GPSACK:+0,+0,+0,+0,+0,+0,-3784;
1594730702:[MRMAID,0052]Mermaid $GPSOFF:3686331;
1594730704:[GPSFIX,0179]+0s diff
1594730704:[SURF  ,0222]2020-07-14T12:45:04
1594730704:[SURF  ,0082]Latitude : N43deg40.942mn, Longitude :E007deg19.179mn
1594730704:[SURF  ,0223]fix3D,10satellites
1594730704:[SURF  ,0084]GPS fix GPGSA : hdop0.720,vdop1.240
1594730714:[SURF  ,0274]last almanac : 7193
1594730797:[MRMAID,0026]28597 bytes in 0071/5F0DA8DF.MER
1594730803:[MAIN  ,0320]New pressure offset: 199mbar
1594730803:[LOGBIN,0078]*** switching to 0071/5F0DA933 ***
