1594744931:[MAIN  ,0007]buoy 452.120-R-0071
1594744931:[MAIN  ,0055]soft pilotage 452.012.300_V2.21-20200701
1594744931:[MAIN  ,0010]cycle 4
1594744931:[SURF  ,0225]surface2
1594744949:[SURF  ,0022]GPS fix...
1594744970:[SURF  ,0015]10 PPS detected...
1594744971:[MRMAID,0052]Mermaid $GPSACK:+0,+0,+0,+0,+0,+0,+0;
1594744981:[MRMAID,0052]Mermaid $GPSOFF:3686332;
1594744982:[GPSFIX,0179]-1s diff
1594744983:[SURF  ,0222]2020-07-14T16:43:03
1594744983:[SURF  ,0082]Latitude : N43deg40.936mn, Longitude :E007deg19.180mn
1594744983:[SURF  ,0223]fix3D,8satellites
1594744983:[SURF  ,0084]GPS fix GPGSA : hdop0.730,vdop1.120
1594744993:[SURF  ,0025]Iridium...
1594745032:[SURF  ,0009]connected in 39s, signal quality 4
1594745093:[SURF  ,0218]prompt received, remote cmd end
1594745093:[SURF  ,0012]13 cmd(s) received
1594745116:[UPLOAD,0248]Upload data files...
1594745352:[UPLOAD,0231]"0071/5F0DE016.MER" uploaded at 113bytes/s
1594745388:[UPLOAD,0231]"0071/5F0DA933.BIN" uploaded at 117bytes/s
1594745511:[UPLOAD,0231]"0071/5F0DC4C4.BIN" uploaded at 104bytes/s
1594745531:[MAIN  ,0013]3 file(s) uploaded
1594745564:[SURF  ,0014]disconnected after 571s
1594745569:[SURFIN,0020]filling external bladder
1594745578:[PUMP  ,0207]battery 15126mV,   19276uA (warmup), P   +190mbar
1594745578:[PUMP  ,0016]pump during 300000ms
1594745585:[PUMP  ,0212]battery 14705mV, 1085068uA (steady state), P   +190mbar
1594745587:[SURFIN,0019]external bladder full
1594745587:[SURF  ,0227]1st complete transfer
1594745601:[SURF  ,0022]GPS fix...
1594745621:[SURF  ,0015]10 PPS detected...
1594745622:[MRMAID,0052]Mermaid $GPSACK:+0,+0,+0,+0,+0,+1,-999908;
1594745632:[MRMAID,0052]Mermaid $GPSOFF:3686331;
1594745634:[GPSFIX,0179]+0s diff
1594745634:[SURF  ,0222]2020-07-14T16:53:54
1594745634:[SURF  ,0082]Latitude : N43deg40.935mn, Longitude :E007deg19.181mn
1594745634:[SURF  ,0223]fix3D,9satellites
1594745634:[SURF  ,0084]GPS fix GPGSA : hdop0.690,vdop1.010
1594745644:[SURF  ,0025]Iridium...
1594745692:[SURF  ,0009]connected in 48s, signal quality 5
1594745764:[SURF  ,0218]prompt received, remote cmd end
1594745764:[SURF  ,0012]13 cmd(s) received
1594745804:[SURF  ,0014]disconnected after 160s
1594745809:[SURFIN,0020]filling external bladder
1594745812:[SURFIN,0019]external bladder full
1594745812:[SURF  ,0226]Go dive (Minimum surface delay expired and no more file to upload)
1594745826:[SURF  ,0022]GPS fix...
1594745846:[SURF  ,0015]10 PPS detected...
1594745847:[MRMAID,0052]Mermaid $GPSACK:+0,+0,+0,+0,+0,+0,+0;
1594745857:[MRMAID,0052]Mermaid $GPSOFF:3686331;
1594745858:[GPSFIX,0179]-1s diff
1594745859:[SURF  ,0222]2020-07-14T16:57:39
1594745859:[SURF  ,0082]Latitude : N43deg40.934mn, Longitude :E007deg19.180mn
1594745859:[SURF  ,0223]fix3D,9satellites
1594745859:[SURF  ,0084]GPS fix GPGSA : hdop0.680,vdop1.020
1594745876:[MAIN  ,0024]internal pressure 78868Pa
1594745877:[BYCMD ,0107]    FreeRTOS V8.2.3
1594745877:[BYCMD ,0108]    FatFS v11a
1594745877:[BYCMD ,0120]    bypass 10000ms 60000ms (20000ms 60000ms stored)
1594745877:[BYCMD ,0121]    valve 60000ms 12750 (60000ms 12750 stored)
1594745877:[BYCMD ,0122]    pump 60000ms 30% 10750 80% (60000ms 30% 10750 80% stored)
1594745877:[BYCMD ,0123]    rate 2mbar/s (2mbar/s stored)
1594745877:[BYCMD ,0124]    surface 500mbar (500mbar stored)
1594745877:[BYCMD ,0125]    near 1500mbar 3mbar/s (15000mbar 3mbar/s stored)
1594745877:[BYCMD ,0126]    far 2500mbar 4mbar/s (25000mbar 4mbar/s stored)
1594745877:[BYCMD ,0127]    ascent 8mbar/s (8mbar/s stored)
1594745877:[BYCMD ,0128]    dead 60s (300s stored)
1594745877:[BYCMD ,0129]    coeff 16/10 (16/10 stored)
1594745877:[BYCMD ,0130]    stab 10 (10 stored)
1594745877:[BYCMD ,0131]    delay 900s 3600s (900s 3600s stored)
1594745877:[BYCMD ,0132]    mmtime 2880min (2880min stored)
1594745877:[BYCMD ,0133]    dv_landing 100ml (100ml stored)
1594745877:[MKDCMD,0150]    p2t37: 15x2000ms, offset 195mbar
1594745877:[P2TCMD,0151]    p2t37: dp 50mbar, dt 5000mdegC
1594745878:[STAGE ,0080]Stage [0] 5000mbar (+/-500mbar) 1800s (<1800s) 
1594745878:[STAGE ,0080]Stage [1] 5000mbar (+/-500mbar) 1800s (<3600s) 
1594745878:[MAIN  ,0070]turn off bluetooth
1594745880:[PRESS ,0038]P     -5mbar,T+24918mdegC
1594745882:[PRESS ,0038]P    -15mbar,T-14136mdegC
1594745886:[PRESS ,0038]P    -15mbar,T -1567mdegC
1594745888:[PRESS ,0038]P    -15mbar,T-14136mdegC
1594745889:[PRESS ,0038]P    -15mbar,T+24918mdegC
1594745891:[PRESS ,0038]P     -5mbar,T-14136mdegC
1594745893:[PRESS ,0038]P    -15mbar,T -1567mdegC
1594745895:[PRESS ,0038]P    -15mbar,T+24918mdegC
1594745900:[PRESS ,0038]P     -5mbar,T -1567mdegC
1594745904:[PRESS ,0038]P    -15mbar,T-14136mdegC
1594745906:[PRESS ,0038]P    -15mbar,T+24918mdegC
1594745906:[DIVING,0141]diving from -15mbar, +0mbar/s
1594745906:[BYPASS,0035]bypass opening 60000ms
1594745911:[BYPASS,0104]battery 15091mV,  258274uA (bypass opening), P    -15mbar
1594745976:[BYPASS,0106]battery 15097mV,  296704uA (bypass closing), P    -15mbar
1594745977:[PRESS ,0038]P   -155mbar,T+24918mdegC
1594745985:[PRESS ,0038]P   -135mbar,T -1567mdegC
1594745988:[PRESS ,0038]P   -145mbar,T-14136mdegC
1594745990:[PRESS ,0038]P   -145mbar,T+24918mdegC
1594745995:[PRESS ,0038]P   -125mbar,T-14136mdegC
1594745997:[PRESS ,0038]P   -125mbar,T -1567mdegC
1594745999:[PRESS ,0038]P   -115mbar,T-14136mdegC
1594746001:[PRESS ,0038]P   -125mbar,T+24918mdegC
1594746002:[BYPASS,0035]bypass opening 10000ms
1594746008:[BYPASS,0104]battery 15122mV,  249368uA (bypass opening), P   -135mbar
1594746023:[BYPASS,0106]battery 15103mV,  295484uA (bypass closing), P   -135mbar
1594746024:[PRESS ,0038]P   -165mbar,T -1567mdegC
1594746026:[PRESS ,0038]P   -165mbar,T+24918mdegC
1594746037:[PRESS ,0038]P   -145mbar,T -1567mdegC
1594746039:[PRESS ,0038]P   -155mbar,T+24918mdegC
1594746044:[PRESS ,0038]P   -155mbar,T-14136mdegC
1594746046:[PRESS ,0038]P   -155mbar,T+24918mdegC
1594746048:[PRESS ,0038]P   -145mbar,T -1567mdegC
1594746049:[PRESS ,0038]P   -155mbar,T+24918mdegC
1594746049:[BYPASS,0035]bypass opening 10000ms
1594746054:[BYPASS,0104]battery 15130mV,  255102uA (bypass opening), P   -155mbar
1594746070:[BYPASS,0106]battery 15108mV,  294508uA (bypass closing), P   -155mbar
1594746075:[PRESS ,0038]P   -145mbar,T-14136mdegC
1594746077:[PRESS ,0038]P   -155mbar,T -1567mdegC
1594746078:[PRESS ,0038]P   -165mbar,T+24918mdegC
1594746080:[PRESS ,0038]P   -165mbar,T+12347mdegC
1594746082:[PRESS ,0038]P   -165mbar,T -1567mdegC
1594746084:[PRESS ,0038]P   -165mbar,T+24918mdegC
1594746093:[PRESS ,0038]P   -155mbar,T-14136mdegC
1594746095:[PRESS ,0038]P   -155mbar,T+24918mdegC
1594746096:[BYPASS,0035]bypass opening 10000ms
1594746101:[BYPASS,0104]battery 15132mV,  247538uA (bypass opening), P   -145mbar
1594746117:[BYPASS,0106]battery 15113mV,  293776uA (bypass closing), P   -145mbar
1594746118:[PRESS ,0038]P   -145mbar,T-14136mdegC
1594746120:[PRESS ,0038]P   -145mbar,T+24918mdegC
1594746124:[PRESS ,0038]P   -145mbar,T-14136mdegC
1594746125:[PRESS ,0038]P   -135mbar,T -1567mdegC
1594746129:[PRESS ,0038]P   -155mbar,T-14136mdegC
1594746131:[PRESS ,0038]P   -145mbar,T+24918mdegC
1594746138:[PRESS ,0038]P   -155mbar,T -1567mdegC
1594746140:[PRESS ,0038]P   -155mbar,T-14136mdegC
1594746142:[PRESS ,0038]P   -165mbar,T+24918mdegC
1594746143:[BYPASS,0035]bypass opening 10000ms
1594746148:[BYPASS,0104]battery 15136mV,  248148uA (bypass opening), P   -165mbar
1594746164:[BYPASS,0106]battery 15118mV,  293044uA (bypass closing), P   -165mbar
1594746165:[PRESS ,0038]P   -145mbar,T-14136mdegC
1594746167:[PRESS ,0038]P   -155mbar,T+24918mdegC
1594746169:[PRESS ,0038]P   -155mbar,T-14136mdegC
1594746174:[PRESS ,0038]P   -145mbar,T -1567mdegC
1594746176:[PRESS ,0038]P   -145mbar,T-14136mdegC
1594746178:[PRESS ,0038]P   -145mbar,T+24918mdegC
1594746180:[PRESS ,0038]P   -135mbar,T-14136mdegC
1594746181:[PRESS ,0038]P   -125mbar,T+24918mdegC
1594746183:[PRESS ,0038]P   -145mbar,T-14136mdegC
1594746187:[PRESS ,0038]P   -135mbar,T+24918mdegC
1594746190:[BYPASS,0035]bypass opening 10000ms
1594746196:[BYPASS,0104]battery 15138mV,  248514uA (bypass opening), P   -135mbar
1594746211:[BYPASS,0106]battery 15122mV,  292434uA (bypass closing), P   -135mbar
1594746212:[PRESS ,0038]P   -125mbar,T-14136mdegC
1594746214:[PRESS ,0038]P   -125mbar,T+24918mdegC
1594746216:[PRESS ,0038]P   -125mbar,T-14136mdegC
1594746220:[PRESS ,0038]P   -125mbar,T+24918mdegC
1594746230:[PRESS ,0038]P   -135mbar,T-14136mdegC
1594746236:[PRESS ,0038]P   -135mbar,T+24918mdegC
1594746237:[PRESS ,0038]P   -135mbar,T-14136mdegC
1594746237:[BYPASS,0035]bypass opening 10000ms
1594746242:[BYPASS,0104]battery 15143mV,  250710uA (bypass opening), P   -135mbar
1594746258:[BYPASS,0106]battery 15126mV,  291946uA (bypass closing), P   -135mbar
1594746261:[PRESS ,0038]P   -135mbar,T+24918mdegC
1594746266:[PRESS ,0038]P   -125mbar,T+12347mdegC
1594746268:[PRESS ,0038]P   -135mbar,T-14136mdegC
1594746270:[PRESS ,0038]P   -135mbar,T -1567mdegC
1594746272:[PRESS ,0038]P   -145mbar,T-14136mdegC
1594746274:[PRESS ,0038]P   -135mbar,T+24918mdegC
1594746284:[PRESS ,0038]P   -125mbar,T-14136mdegC
1594746284:[BYPASS,0035]bypass opening 10000ms
1594746289:[BYPASS,0104]battery 15148mV,  254858uA (bypass opening), P   -125mbar
1594746304:[BYPASS,0106]battery 15130mV,  291336uA (bypass closing), P   -125mbar
1594746306:[PRESS ,0038]P    -85mbar,T+24918mdegC
1594746308:[PRESS ,0038]P    -95mbar,T -1567mdegC
1594746312:[PRESS ,0038]P    -95mbar,T+24918mdegC
1594746313:[PRESS ,0038]P   -105mbar,T -1567mdegC
1594746315:[PRESS ,0038]P    -95mbar,T-14136mdegC
1594746317:[PRESS ,0038]P    -95mbar,T+24918mdegC
1594746326:[PRESS ,0038]P    -85mbar,T -1567mdegC
1594746329:[PRESS ,0038]P    -75mbar,T+24918mdegC
1594746331:[BYPASS,0035]bypass opening 10000ms
1594746336:[BYPASS,0104]battery 15148mV,  248148uA (bypass opening), P    -75mbar
1594746351:[BYPASS,0106]battery 15132mV,  290848uA (bypass closing), P    -75mbar
1594746353:[PRESS ,0038]P    -15mbar,T+24918mdegC
1594746355:[PRESS ,0038]P     +5mbar,T-14136mdegC
1594746357:[PRESS ,0038]P    +15mbar,T+24918mdegC
1594746359:[PRESS ,0038]P    +25mbar,T -1567mdegC
1594746360:[PRESS ,0038]P    +45mbar,T-14136mdegC
1594746364:[PRESS ,0038]P    +85mbar,T+24918mdegC
1594746366:[PRESS ,0038]P   +105mbar,T-14136mdegC
1594746368:[PRESS ,0038]P   +105mbar,T+24918mdegC
1594746369:[PRESS ,0038]P   +115mbar,T-14136mdegC
1594746371:[PRESS ,0038]P   +135mbar,T -1567mdegC
1594746373:[PRESS ,0038]P   +145mbar,T+24918mdegC
1594746375:[PRESS ,0038]P   +155mbar,T -1567mdegC
1594746378:[PRESS ,0038]P   +175mbar,T+24918mdegC
1594746384:[PRESS ,0038]P   +225mbar,T-14136mdegC
1594746387:[PRESS ,0038]P   +245mbar,T+24918mdegC
1594746398:[PRESS ,0038]P   +295mbar,T -1567mdegC
1594746401:[PRESS ,0038]P   +295mbar,T+24918mdegC
1594746403:[PRESS ,0038]P   +325mbar,T-14136mdegC
1594746406:[PRESS ,0038]P   +345mbar,T+24918mdegC
1594746409:[PRESS ,0038]P   +365mbar,T-14136mdegC
1594746412:[PRESS ,0038]P   +365mbar,T+24918mdegC
1594746415:[PRESS ,0038]P   +405mbar,T-14136mdegC
1594746418:[PRESS ,0038]P   +415mbar,T+24918mdegC
1594746420:[PRESS ,0038]P   +435mbar,T-14136mdegC
1594746429:[PRESS ,0038]P   +495mbar,T-14136mdegC
1594746433:[PRESS ,0038]P   +515mbar,T+24918mdegC
1594746433:[DIVING,0028]515mbar reached (+6mbar/s), 9 bypass done
1594746434:[MAIN  ,0056]stage[0]
1594746436:[MAIN  ,0024]internal pressure 82333Pa
1594746437:[PRESS ,0038]P   +535mbar,T -1567mdegC
1594746437:[BUOY  ,0037]P   +535mbar
1594746437:[STAGE ,0080]Stage [0] 5000mbar (+/-500mbar) 1800s (<1594748233s) 
1594746439:[PRESS ,0038]P   +555mbar,T-14136mdegC
1594746499:[PRESS ,0038]P   +945mbar,T-14136mdegC
1594746501:[PRESS ,0038]P   +955mbar,T -1567mdegC
1594746503:[PRESS ,0038]P   +975mbar,T+24918mdegC
1594746505:[PRESS ,0038]P   +975mbar,T-14136mdegC
1594746507:[PRESS ,0038]P   +985mbar,T+24918mdegC
1594746508:[PRESS ,0038]P  +1005mbar,T-14136mdegC
1594746512:[PRESS ,0038]P  +1025mbar,T+12347mdegC
1594746514:[PRESS ,0038]P  +1045mbar,T+24918mdegC
1594746516:[PRESS ,0038]P  +1055mbar,T-14136mdegC
1594746519:[PRESS ,0038]P  +1075mbar,T+24918mdegC
1594746521:[PRESS ,0038]P  +1085mbar,T-14136mdegC
1594746525:[PRESS ,0038]P  +1105mbar,T+24918mdegC
1594746585:[PRESS ,0038]P  +1515mbar,T+24918mdegC
1594746587:[PRESS ,0038]P  +1525mbar,T-14136mdegC
1594746589:[PRESS ,0038]P  +1545mbar,T+24918mdegC
1594746591:[PRESS ,0038]P  +1555mbar,T-14136mdegC
1594746592:[PRESS ,0038]P  +1565mbar,T+12347mdegC
1594746594:[PRESS ,0038]P  +1585mbar,T-14136mdegC
1594746598:[PRESS ,0038]P  +1605mbar,T+12347mdegC
1594746600:[PRESS ,0038]P  +1615mbar,T-14136mdegC
1594746603:[PRESS ,0038]P  +1645mbar,T+24918mdegC
1594746609:[PRESS ,0038]P  +1655mbar,T-14136mdegC
1594746671:[PRESS ,0038]P  +1985mbar,T-14136mdegC
1594746673:[PRESS ,0038]P  +2005mbar,T+24918mdegC
1594746675:[PRESS ,0038]P  +2015mbar,T-14136mdegC
1594746678:[PRESS ,0038]P  +2035mbar,T+12347mdegC
1594746680:[PRESS ,0038]P  +2055mbar,T-14136mdegC
1594746682:[PRESS ,0038]P  +2055mbar,T+24918mdegC
1594746685:[PRESS ,0038]P  +2065mbar,T-14136mdegC
1594746689:[PRESS ,0038]P  +2095mbar,T+24918mdegC
1594746691:[PRESS ,0038]P  +2105mbar,T-14136mdegC
1594746693:[PRESS ,0038]P  +2125mbar,T+24918mdegC
1594746694:[PRESS ,0038]P  +2135mbar,T-14136mdegC
1594746696:[PRESS ,0038]P  +2145mbar,T+24918mdegC
1594746757:[PRESS ,0038]P  +2395mbar,T+24918mdegC
1594746760:[PRESS ,0038]P  +2405mbar,T-14136mdegC
1594746762:[PRESS ,0038]P  +2415mbar,T+24918mdegC
1594746764:[PRESS ,0038]P  +2425mbar,T-14136mdegC
1594746766:[PRESS ,0038]P  +2425mbar,T+24918mdegC
1594746768:[PRESS ,0038]P  +2435mbar,T+12347mdegC
1594746769:[PRESS ,0038]P  +2435mbar,T+24918mdegC
1594746773:[PRESS ,0038]P  +2455mbar,T-14136mdegC
1594746775:[PRESS ,0038]P  +2455mbar,T+24918mdegC
1594746780:[PRESS ,0038]P  +2465mbar,T+12347mdegC
1594746843:[PRESS ,0038]P  +2685mbar,T-14136mdegC
1594746844:[PRESS ,0038]P  +2695mbar,T+24918mdegC
1594746846:[PRESS ,0038]P  +2695mbar,T-14136mdegC
1594746853:[PRESS ,0038]P  +2715mbar,T -1567mdegC
1594746855:[PRESS ,0038]P  +2725mbar,T-14136mdegC
1594746857:[PRESS ,0038]P  +2715mbar,T+24918mdegC
1594746864:[PRESS ,0038]P  +2735mbar,T-14136mdegC
1594746928:[PRESS ,0038]P  +2835mbar,T+24918mdegC
1594746930:[PRESS ,0038]P  +2835mbar,T-14136mdegC
1594746934:[PRESS ,0038]P  +2845mbar,T+24918mdegC
1594746939:[PRESS ,0038]P  +2845mbar,T-14136mdegC
1594746941:[PRESS ,0038]P  +2845mbar,T+24918mdegC
1594746943:[PRESS ,0038]P  +2855mbar,T-14136mdegC
1594746950:[PRESS ,0038]P  +2875mbar,T+24918mdegC
1594746953:[PRESS ,0038]P  +2875mbar,T-14136mdegC
1594747014:[PRESS ,0038]P  +2955mbar,T+24918mdegC
1594747018:[PRESS ,0038]P  +2955mbar,T+12347mdegC
1594747019:[PRESS ,0038]P  +2955mbar,T+24918mdegC
1594747021:[PRESS ,0038]P  +2965mbar,T-14136mdegC
1594747025:[PRESS ,0038]P  +2975mbar,T+24918mdegC
1594747027:[PRESS ,0038]P  +2965mbar,T+12347mdegC
1594747028:[PRESS ,0038]P  +2975mbar,T+24918mdegC
1594747039:[PRESS ,0038]P  +3005mbar,T-14136mdegC
1594747100:[PRESS ,0038]P  +3085mbar,T+12347mdegC
1594747101:[PRESS ,0038]P  +3085mbar,T+24918mdegC
1594747103:[PRESS ,0038]P  +3095mbar,T-14136mdegC
1594747105:[PRESS ,0038]P  +3095mbar,T+24918mdegC
1594747107:[PRESS ,0038]P  +3085mbar,T-14136mdegC
1594747114:[PRESS ,0038]P  +3105mbar,T+24918mdegC
1594747118:[PRESS ,0038]P  +3095mbar,T-14136mdegC
1594747125:[PRESS ,0038]P  +3105mbar,T+24918mdegC
1594747125:[BUOY  ,0087]from +1mbar/s to +3mbar/s
1594747125:[BUOY  ,0090]need to transfer -12mL (valve during 2782ms)
1594747125:[VALVE ,0034]valve opening 2782ms
1594747128:[VALVE ,0234]battery 15188mV,  505568uA, P  +3105mbar
1594747186:[PRESS ,0038]P  +3245mbar,T+24918mdegC
1594747189:[PRESS ,0038]P  +3245mbar,T-14136mdegC
1594747191:[PRESS ,0038]P  +3245mbar,T+24918mdegC
1594747195:[PRESS ,0038]P  +3265mbar,T-14136mdegC
1594747198:[PRESS ,0038]P  +3275mbar,T+24918mdegC
1594747200:[PRESS ,0038]P  +3275mbar,T-14136mdegC
1594747205:[PRESS ,0038]P  +3275mbar,T+24918mdegC
1594747207:[PRESS ,0038]P  +3285mbar,T-14136mdegC
1594747211:[PRESS ,0038]P  +3315mbar,T+24918mdegC
1594747271:[PRESS ,0038]P  +3455mbar,T-14136mdegC
1594747275:[PRESS ,0038]P  +3455mbar,T+24918mdegC
1594747277:[PRESS ,0038]P  +3455mbar,T-14136mdegC
1594747278:[PRESS ,0038]P  +3475mbar,T -1567mdegC
1594747282:[PRESS ,0038]P  +3475mbar,T+24918mdegC
1594747286:[PRESS ,0038]P  +3485mbar,T -1567mdegC
1594747287:[PRESS ,0038]P  +3495mbar,T+24918mdegC
1594747295:[PRESS ,0038]P  +3505mbar,T-14136mdegC
1594747296:[PRESS ,0038]P  +3515mbar,T+24918mdegC
1594747357:[PRESS ,0038]P  +3675mbar,T+24918mdegC
1594747361:[PRESS ,0038]P  +3675mbar,T-14136mdegC
1594747364:[PRESS ,0038]P  +3695mbar,T+24918mdegC
1594747366:[PRESS ,0038]P  +3695mbar,T -1567mdegC
1594747368:[PRESS ,0038]P  +3685mbar,T+24918mdegC
1594747378:[PRESS ,0038]P  +3725mbar,T -1567mdegC
1594747382:[PRESS ,0038]P  +3745mbar,T+24918mdegC
1594747443:[PRESS ,0038]P  +3895mbar,T-14136mdegC
1594747444:[PRESS ,0038]P  +3895mbar,T+24918mdegC
1594747448:[PRESS ,0038]P  +3895mbar,T -1567mdegC
1594747450:[PRESS ,0038]P  +3895mbar,T-14136mdegC
1594747452:[PRESS ,0038]P  +3905mbar,T+24918mdegC
1594747455:[PRESS ,0038]P  +3915mbar,T-14136mdegC
1594747457:[PRESS ,0038]P  +3915mbar,T+24918mdegC
1594747466:[PRESS ,0038]P  +3935mbar,T -1567mdegC
1594747528:[PRESS ,0038]P  +4075mbar,T+24918mdegC
1594747530:[PRESS ,0038]P  +4065mbar,T-14136mdegC
1594747532:[PRESS ,0038]P  +4065mbar,T+24918mdegC
1594747537:[PRESS ,0038]P  +4085mbar,T-14136mdegC
1594747539:[PRESS ,0038]P  +4075mbar,T+24918mdegC
1594747546:[PRESS ,0038]P  +4095mbar,T -1567mdegC
1594747550:[PRESS ,0038]P  +4105mbar,T+24918mdegC
1594747552:[PRESS ,0038]P  +4095mbar,T-14136mdegC
1594747553:[PRESS ,0038]P  +4105mbar,T -1567mdegC
1594747614:[PRESS ,0038]P  +4185mbar,T-14136mdegC
1594747616:[PRESS ,0038]P  +4185mbar,T+24918mdegC
1594747618:[PRESS ,0038]P  +4185mbar,T-28052mdegC
1594747620:[PRESS ,0038]P  +4195mbar,T -1567mdegC
1594747627:[PRESS ,0038]P  +4205mbar,T+24918mdegC
1594747630:[PRESS ,0038]P  +4205mbar,T -1567mdegC
1594747632:[PRESS ,0038]P  +4195mbar,T-14136mdegC
1594747634:[PRESS ,0038]P  +4215mbar,T+24918mdegC
1594747700:[PRESS ,0038]P  +4325mbar,T -1567mdegC
1594747705:[PRESS ,0038]P  +4335mbar,T+24918mdegC
1594747707:[PRESS ,0038]P  +4345mbar,T -1567mdegC
1594747710:[PRESS ,0038]P  +4355mbar,T+24918mdegC
1594747714:[PRESS ,0038]P  +4355mbar,T -1567mdegC
1594747716:[PRESS ,0038]P  +4365mbar,T+24918mdegC
1594747718:[PRESS ,0038]P  +4375mbar,T -1567mdegC
1594747721:[PRESS ,0038]P  +4375mbar,T+24918mdegC
1594747723:[PRESS ,0038]P  +4375mbar,T -1567mdegC
1594747786:[PRESS ,0038]P  +4565mbar,T+24918mdegC
1594747789:[PRESS ,0038]P  +4585mbar,T -1567mdegC
1594747793:[PRESS ,0038]P  +4595mbar,T+24918mdegC
1594747794:[PRESS ,0038]P  +4595mbar,T -1567mdegC
1594747802:[PRESS ,0038]P  +4615mbar,T+24918mdegC
1594747803:[PRESS ,0038]P  +4635mbar,T -1567mdegC
1594747805:[PRESS ,0038]P  +4635mbar,T+24918mdegC
1594747807:[PRESS ,0038]P  +4625mbar,T-14136mdegC
1594747809:[PRESS ,0038]P  +4645mbar,T -1567mdegC
1594747811:[STAGE ,0213]4655mbar reached at 1594747811s, ref 5000mbar +/-500mbar
1594747811:[BUOY  ,0087]from +3mbar/s to +0mbar/s
1594747811:[BUOY  ,0089]need to transfer +14mL (pump during 16764ms)
1594747819:[PUMP  ,0207]battery 15475mV,   19520uA (warmup), P  +4655mbar
1594747819:[PUMP  ,0016]pump during 16764ms
1594747835:[PUMP  ,0212]battery 15282mV,  346846uA (steady state), P  +4655mbar
1594747875:[PRESS ,0038]P  +4825mbar,T -1567mdegC
1594747878:[PRESS ,0038]P  +4825mbar,T+24918mdegC
1594747882:[PRESS ,0038]P  +4835mbar,T -1567mdegC
1594747884:[PRESS ,0038]P  +4835mbar,T+24918mdegC
1594747885:[PRESS ,0038]P  +4845mbar,T -1567mdegC
1594747889:[PRESS ,0038]P  +4855mbar,T+24918mdegC
1594747893:[PRESS ,0038]P  +4865mbar,T-28052mdegC
1594747894:[PRESS ,0038]P  +4845mbar,T+24918mdegC
1594747896:[PRESS ,0038]P  +4855mbar,T-28052mdegC
1594747898:[PRESS ,0038]P  +4855mbar,T -1567mdegC
1594747900:[PRESS ,0038]P  +4855mbar,T-28052mdegC
1594747960:[PRESS ,0038]P  +4965mbar,T+24918mdegC
1594748021:[PRESS ,0038]P  +5065mbar,T+24918mdegC
1594748021:[BUOY  ,0087]from +2mbar/s to +0mbar/s
1594748021:[BUOY  ,0089]need to transfer +6mL (pump during 7185ms)
1594748029:[PUMP  ,0207]battery 15460mV,   19398uA (warmup), P  +5065mbar
1594748029:[PUMP  ,0016]pump during 7185ms
1594748036:[PUMP  ,0212]battery 15266mV,  351116uA (steady state), P  +5065mbar
1594748085:[PRESS ,0038]P  +5155mbar,T -1567mdegC
1594748087:[PRESS ,0038]P  +5155mbar,T-28052mdegC
1594748089:[PRESS ,0038]P  +5155mbar,T -1567mdegC
1594748091:[PRESS ,0038]P  +5155mbar,T+24918mdegC
1594748092:[PRESS ,0038]P  +5155mbar,T-28052mdegC
1594748096:[PRESS ,0038]P  +5175mbar,T -1567mdegC
1594748108:[PRESS ,0038]P  +5175mbar,T+24918mdegC
1594748110:[PRESS ,0038]P  +5165mbar,T -1567mdegC
1594748110:[BUOY  ,0087]from +1mbar/s to +0mbar/s
1594748110:[BUOY  ,0089]need to transfer +2mL (pump during 2395ms)
1594748118:[PUMP  ,0207]battery 15453mV,   19276uA (warmup), P  +5165mbar
1594748118:[PUMP  ,0016]pump during 2395ms
1594748174:[PRESS ,0038]P  +5205mbar,T+24918mdegC
1594748176:[PRESS ,0038]P  +5215mbar,T-28052mdegC
1594748178:[PRESS ,0038]P  +5215mbar,T -1567mdegC
1594748180:[PRESS ,0038]P  +5205mbar,T+24918mdegC
1594748181:[PRESS ,0038]P  +5215mbar,T -1567mdegC
1594748183:[PRESS ,0038]P  +5195mbar,T-28052mdegC
1594748187:[PRESS ,0038]P  +5205mbar,T -1567mdegC
1594748190:[PRESS ,0038]P  +5215mbar,T+24918mdegC
1594748192:[PRESS ,0038]P  +5215mbar,T-28052mdegC
1594748196:[PRESS ,0038]P  +5215mbar,T+24918mdegC
1594748198:[PRESS ,0038]P  +5225mbar,T -1567mdegC
1594748199:[PRESS ,0038]P  +5215mbar,T-28052mdegC
1594748199:[BUOY  ,0087]from +1mbar/s to +0mbar/s
1594748199:[BUOY  ,0089]need to transfer +2mL (pump during 2395ms)
1594748208:[PUMP  ,0207]battery 15456mV,   19276uA (warmup), P  +5215mbar
1594748208:[PUMP  ,0016]pump during 2395ms
1594748263:[PRESS ,0038]P  +5205mbar,T -1567mdegC
1594748267:[PRESS ,0038]P  +5195mbar,T+24918mdegC
1594748269:[PRESS ,0038]P  +5205mbar,T -1567mdegC
1594748271:[PRESS ,0038]P  +5195mbar,T-28052mdegC
1594748272:[PRESS ,0038]P  +5185mbar,T+24918mdegC
1594748274:[PRESS ,0038]P  +5185mbar,T+10997mdegC
1594748276:[PRESS ,0038]P  +5185mbar,T -1567mdegC
1594748278:[PRESS ,0038]P  +5185mbar,T-28052mdegC
1594748281:[PRESS ,0038]P  +5175mbar,T -1567mdegC
1594748288:[PRESS ,0038]P  +5175mbar,T-28052mdegC
1594748288:[MAIN  ,0140]stage[0] complete 1855s after mission start
1594748289:[MAIN  ,0056]stage[1]
1594748291:[MAIN  ,0024]internal pressure 81292Pa
1594748292:[PRESS ,0038]P  +5165mbar,T -1567mdegC
1594748292:[BUOY  ,0037]P  +5165mbar
1594748292:[STAGE ,0080]Stage [1] 5000mbar (+/-500mbar) 1800s (<1594750033s) 
1594748293:[STAGE ,0213]5175mbar reached at 1594748293s, ref 5000mbar +/-500mbar
1594748354:[PRESS ,0038]P  +5115mbar,T-28052mdegC
1594748415:[PRESS ,0038]P  +5115mbar,T+24918mdegC
1594748475:[PRESS ,0038]P  +5085mbar,T -1567mdegC
1594748536:[PRESS ,0038]P  +5105mbar,T+24918mdegC
1594748597:[PRESS ,0038]P  +5105mbar,T -1567mdegC
1594748658:[PRESS ,0038]P  +5145mbar,T-28052mdegC
1594748718:[PRESS ,0038]P  +5195mbar,T -1567mdegC
1594748900:[PRESS ,0038]P  +5235mbar,T-28052mdegC
1594749022:[PRESS ,0038]P  +5255mbar,T -1567mdegC
1594749143:[PRESS ,0038]P  +5275mbar,T-28052mdegC
1594749204:[PRESS ,0038]P  +5315mbar,T -1567mdegC
1594749264:[PRESS ,0038]P  +5365mbar,T-28052mdegC
1594749446:[PRESS ,0038]P  +5415mbar,T -1567mdegC
1594749568:[PRESS ,0038]P  +5445mbar,T-28052mdegC
1594749689:[PRESS ,0038]P  +5545mbar,T-28052mdegC
1594749689:<WARN>[BUOY  ,0094]stage[1] should ASCENT, stuck at 5545mbar for the #1 time
1594749689:[BUOY  ,0087]from +0mbar/s to -2mbar/s
1594749689:[BUOY  ,0089]need to transfer +6mL (pump during 7171ms)
1594749697:[PUMP  ,0207]battery 15505mV,   19520uA (warmup), P  +5545mbar
1594749697:[PUMP  ,0016]pump during 7171ms
1594749704:[PUMP  ,0212]battery 15303mV,  354776uA (steady state), P  +5545mbar
1594749753:[PRESS ,0038]P  +5625mbar,T-28052mdegC
1594749756:[PRESS ,0038]P  +5625mbar,T -1567mdegC
1594749758:[PRESS ,0038]P  +5625mbar,T-28052mdegC
1594749760:[PRESS ,0038]P  +5615mbar,T+10997mdegC
1594749773:[PRESS ,0038]P  +5625mbar,T-28052mdegC
1594749774:[PRESS ,0038]P  +5635mbar,T+10997mdegC
1594749778:<WARN>[BUOY  ,0094]stage[1] should ASCENT, stuck at 5635mbar for the #2 time
1594749778:[BUOY  ,0087]from +1mbar/s to -2mbar/s
1594749778:[BUOY  ,0089]need to transfer +8mL (pump during 9561ms)
1594749786:[PUMP  ,0207]battery 15491mV,   19398uA (warmup), P  +5635mbar
1594749786:[PUMP  ,0016]pump during 9561ms
1594749795:[PUMP  ,0212]battery 15291mV,  354044uA (steady state), P  +5635mbar
1594749844:[PRESS ,0038]P  +5645mbar,T-28052mdegC
1594749849:[PRESS ,0038]P  +5635mbar,T+10997mdegC
1594749853:[PRESS ,0038]P  +5625mbar,T-28052mdegC
1594749854:[PRESS ,0038]P  +5625mbar,T+10997mdegC
1594749856:[PRESS ,0038]P  +5625mbar,T-28052mdegC
1594749862:[PRESS ,0038]P  +5605mbar,T+10997mdegC
1594749863:[PRESS ,0038]P  +5615mbar,T-28052mdegC
1594749865:[PRESS ,0038]P  +5595mbar,T+10997mdegC
1594749867:[PRESS ,0038]P  +5605mbar,T-15491mdegC
1594749928:[PRESS ,0038]P  +5505mbar,T+10997mdegC
1594749931:[PRESS ,0038]P  +5505mbar,T-28052mdegC
1594749935:[PRESS ,0038]P  +5485mbar,T -1567mdegC
1594749937:[PRESS ,0038]P  +5485mbar,T-28052mdegC
1594749938:[PRESS ,0038]P  +5485mbar,T+10997mdegC
1594749940:[PRESS ,0038]P  +5475mbar,T-28052mdegC
1594749944:[PRESS ,0038]P  +5455mbar,T+10997mdegC
1594749947:[PRESS ,0038]P  +5465mbar,T-28052mdegC
1594750013:[PRESS ,0038]P  +5305mbar,T -1567mdegC
1594750074:[PRESS ,0038]P  +5175mbar,T-28052mdegC
1594750074:[MAIN  ,0140]stage[1] complete 3641s after mission start
1594750074:[MRMAID,0188]acq already stopped
1594750134:[MSSION,0192]mission stopped, 2 stage(s) done
1594750135:[MAIN  ,0065]surfacing
1594750136:[PRESS ,0038]P  +5055mbar,T-28052mdegC
1594750136:[SURFIN,0036]P  +5055mbar
1594750145:[PUMP  ,0207]battery 15490mV,   19398uA (warmup), P  +5055mbar
1594750145:[PUMP  ,0016]pump during 60000ms
1594750204:[PUMP  ,0212]battery 15288mV,  353434uA (steady state), P  +5055mbar
1594750261:[PRESS ,0038]P  +4615mbar,T -1567mdegC
1594750263:[PRESS ,0038]P  +4595mbar,T-28052mdegC
1594750267:[PRESS ,0038]P  +4585mbar,T+10997mdegC
1594750268:[PRESS ,0038]P  +4575mbar,T-28052mdegC
1594750274:[PRESS ,0038]P  +4565mbar,T+10997mdegC
1594750277:[PRESS ,0038]P  +4555mbar,T-28052mdegC
1594750279:[PRESS ,0038]P  +4535mbar,T+10997mdegC
1594750281:[PRESS ,0038]P  +4545mbar,T -1567mdegC
1594750283:[PRESS ,0038]P  +4535mbar,T-28052mdegC
1594750285:[PRESS ,0038]P  +4535mbar,T-15491mdegC
1594750286:[PRESS ,0038]P  +4515mbar,T+10997mdegC
1594750295:[PUMP  ,0207]battery 15397mV,   19398uA (warmup), P  +4515mbar
1594750295:[PUMP  ,0016]pump during 60000ms
1594750354:[PUMP  ,0212]battery 15203mV,  345138uA (steady state), P  +4515mbar
1594750411:[PRESS ,0038]P  +3875mbar,T-28052mdegC
1594750415:[PRESS ,0038]P  +3845mbar,T+10997mdegC
1594750417:[PRESS ,0038]P  +3845mbar,T-28052mdegC
1594750418:[PRESS ,0038]P  +3835mbar,T+10997mdegC
1594750420:[PRESS ,0038]P  +3825mbar,T-28052mdegC
1594750422:[PRESS ,0038]P  +3815mbar,T+10997mdegC
1594750424:[PRESS ,0038]P  +3805mbar,T-28052mdegC
1594750427:[PRESS ,0038]P  +3785mbar,T+10997mdegC
1594750431:[PRESS ,0038]P  +3755mbar,T -1567mdegC
1594750433:[PRESS ,0038]P  +3755mbar,T+10997mdegC
1594750436:[PRESS ,0038]P  +3735mbar,T-28052mdegC
1594750444:[PUMP  ,0207]battery 15333mV,   19520uA (warmup), P  +3735mbar
1594750445:[PUMP  ,0016]pump during 60000ms
1594750503:[PUMP  ,0212]battery 15141mV,  345626uA (steady state), P  +3735mbar
1594750561:[PRESS ,0038]P  +2905mbar,T+10997mdegC
1594750567:[PRESS ,0038]P  +2895mbar,T -1567mdegC
1594750570:[PRESS ,0038]P  +2875mbar,T-28052mdegC
1594750574:[PRESS ,0038]P  +2865mbar,T+10997mdegC
1594750584:[PRESS ,0038]P  +2815mbar,T-15491mdegC
1594750594:[PUMP  ,0207]battery 15291mV,   19520uA (warmup), P  +2805mbar
1594750594:[PUMP  ,0016]pump during 60000ms
1594750653:[PUMP  ,0212]battery 15098mV,  345382uA (steady state), P  +2805mbar
1594750711:[PRESS ,0038]P  +2365mbar,T-28052mdegC
1594750714:[PRESS ,0038]P  +2345mbar,T -1567mdegC
1594750716:[PRESS ,0038]P  +2345mbar,T-28052mdegC
1594750718:[PRESS ,0038]P  +2325mbar,T -1567mdegC
1594750720:[PRESS ,0038]P  +2325mbar,T+10997mdegC
1594750725:[PRESS ,0038]P  +2295mbar,T-28052mdegC
1594750727:[PRESS ,0038]P  +2305mbar,T+10997mdegC
1594750734:[PRESS ,0038]P  +2275mbar,T-28052mdegC
1594750736:[PRESS ,0038]P  +2275mbar,T+10997mdegC
1594750744:[PUMP  ,0207]battery 15263mV,   19520uA (warmup), P  +2275mbar
1594750744:[PUMP  ,0016]pump during 60000ms
1594750803:[PUMP  ,0212]battery 15076mV,  335378uA (steady state), P  +2275mbar
1594750861:[PRESS ,0038]P  +1755mbar,T+10997mdegC
1594750863:[PRESS ,0038]P  +1745mbar,T-15491mdegC
1594750864:[PRESS ,0038]P  +1745mbar,T+10997mdegC
1594750866:[PRESS ,0038]P  +1745mbar,T-28052mdegC
1594750870:[PRESS ,0038]P  +1745mbar,T+10997mdegC
1594750872:[PRESS ,0038]P  +1745mbar,T-28052mdegC
1594750873:[PRESS ,0038]P  +1735mbar,T+10997mdegC
1594750879:[PRESS ,0038]P  +1735mbar,T-28052mdegC
1594750881:[PRESS ,0038]P  +1725mbar,T+10997mdegC
1594750886:[PRESS ,0038]P  +1725mbar,T-15491mdegC
1594750894:[PUMP  ,0207]battery 15247mV,   19642uA (warmup), P  +1725mbar
1594750894:[PUMP  ,0016]pump during 60000ms
1594750953:[PUMP  ,0212]battery 15057mV,  338794uA (steady state), P  +1725mbar
1594751011:[PRESS ,0038]P   +995mbar,T -1567mdegC
1594751013:[PRESS ,0038]P   +985mbar,T+10997mdegC
1594751014:[PRESS ,0038]P   +965mbar,T-28052mdegC
1594751021:[PRESS ,0038]P   +915mbar,T+10997mdegC
1594751023:[PRESS ,0038]P   +895mbar,T-28052mdegC
1594751027:[PRESS ,0038]P   +865mbar,T+10997mdegC
1594751029:[PRESS ,0038]P   +845mbar,T-28052mdegC
1594751030:[PRESS ,0038]P   +825mbar,T+10997mdegC
1594751032:[PRESS ,0038]P   +825mbar,T-28052mdegC
1594751036:[PRESS ,0038]P   +785mbar,T+10997mdegC
1594751157:[PRESS ,0038]P     -5mbar,T-28052mdegC
1594751161:[SURFIN,0020]filling external bladder
1594751169:[PUMP  ,0207]battery 15298mV,   19764uA (warmup), P    -25mbar
1594751169:[PUMP  ,0016]pump during 300000ms
1594751468:[PUMP  ,0212]battery 14791mV, 1224636uA (steady state), P    -25mbar
1594751479:[PUMP  ,0207]battery 14758mV,   19764uA (warmup), P    -25mbar
1594751479:[PUMP  ,0016]pump during 300000ms
1594751596:[PUMP  ,0212]battery 14413mV, 1035170uA (steady state), P    -25mbar
1594751598:[SURFIN,0019]external bladder full
1594751600:[PRESS ,0038]P   +190mbar,T+24918mdegC
1594751601:[PRESS ,0038]P   +180mbar,T-28052mdegC
1594751605:[PRESS ,0038]P   +190mbar,T -1567mdegC
1594751607:[PRESS ,0038]P   +180mbar,T-28052mdegC
1594751616:[PRESS ,0038]P   +190mbar,T -1567mdegC
1594751621:[PRESS ,0038]P   +200mbar,T+10997mdegC
1594751623:[PRESS ,0038]P   +190mbar,T-28052mdegC
1594751625:[PRESS ,0038]P   +190mbar,T -1567mdegC
1594751660:[MAIN  ,0272]Vbat 14980mV (min 14927mV)
1594751662:[MAIN  ,0024]internal pressure 78581Pa
1594751662:[MAIN  ,0043]Pext 190mbar (rng 20mbar)
1594751662:[MAIN  ,0064]surface
1594751676:[SURF  ,0022]GPS fix...
1594751696:[SURF  ,0015]10 PPS detected...
1594751697:[MRMAID,0052]Mermaid $GPSACK:+0,+0,+0,+0,+0,+0,-854;
1594751707:[MRMAID,0052]Mermaid $GPSOFF:3686332;
1594751709:[GPSFIX,0179]+0s diff
1594751709:[SURF  ,0222]2020-07-14T18:35:09
1594751709:[SURF  ,0082]Latitude : N43deg40.933mn, Longitude :E007deg19.181mn
1594751709:[SURF  ,0223]fix3D,10satellites
1594751709:[SURF  ,0084]GPS fix GPGSA : hdop0.630,vdop0.990
1594751719:[SURF  ,0274]last almanac : 28198
1594751732:[MRMAID,0026]1564 bytes in 0071/5F0DFAEC.MER
1594751737:[MAIN  ,0320]New pressure offset: 190mbar
1594751737:[LOGBIN,0078]*** switching to 0071/5F0DFAF9 ***
