1594961825:[MAIN  ,0007]buoy 452.120-R-0072
1594961825:[MAIN  ,0055]soft pilotage 452.012.300_V2.21-20200701
1594961825:[MAIN  ,0010]cycle 10
1594961825:[SURF  ,0225]surface2
1594961840:[SURF  ,0022]GPS fix...
1594961860:[SURF  ,0015]10 PPS detected...
1594961861:[MRMAID,0052]Mermaid $GPSACK:+0,+0,+0,+0,+0,+0,+0;
1594961871:[MRMAID,0052]Mermaid $GPSOFF:3686330;
1594961872:[GPSFIX,0179]-1s diff
1594961873:[SURF  ,0222]2020-07-17T04:57:53
1594961873:[SURF  ,0082]Latitude : N43deg40.936mn, Longitude :E007deg19.179mn
1594961873:[SURF  ,0223]fix3D,8satellites
1594961873:[SURF  ,0084]GPS fix GPGSA : hdop0.740,vdop1.140
1594961883:[SURF  ,0025]Iridium...
1594961919:[SURF  ,0009]connected in 36s, signal quality 4
1594961974:[SURF  ,0218]prompt received, remote cmd end
1594961974:[SURF  ,0012]16 cmd(s) received
1594961994:[UPLOAD,0248]Upload data files...
1594962295:[UPLOAD,0231]"0072/5F112F54.MER" uploaded at 88bytes/s
1594962400:[UPLOAD,0231]"0072/5F11125C.BIN" uploaded at 133bytes/s
1594962415:[MAIN  ,0013]2 file(s) uploaded
1594962446:[SURF  ,0014]disconnected after 563s
1594962451:[SURFIN,0020]filling external bladder
1594962459:[PUMP  ,0207]battery 15103mV,   18666uA (warmup), P    +50mbar
1594962459:[PUMP  ,0016]pump during 300000ms
1594962468:[PUMP  ,0212]battery 14731mV,  917074uA (steady state), P    +50mbar
1594962470:[SURFIN,0019]external bladder full
1594962470:[SURF  ,0227]1st complete transfer
1594962483:[SURF  ,0022]GPS fix...
1594962504:[SURF  ,0015]10 PPS detected...
1594962505:[MRMAID,0052]Mermaid $GPSACK:+0,+0,+0,+0,+0,+1,-999938;
1594962515:[MRMAID,0052]Mermaid $GPSOFF:3686329;
1594962517:[GPSFIX,0179]+0s diff
1594962517:[SURF  ,0222]2020-07-17T05:08:37
1594962517:[SURF  ,0082]Latitude : N43deg40.936mn, Longitude :E007deg19.179mn
1594962517:[SURF  ,0223]fix3D,8satellites
1594962517:[SURF  ,0084]GPS fix GPGSA : hdop0.650,vdop1.070
1594962534:[MAIN  ,0024]internal pressure 79353Pa
1594962535:[BYCMD ,0107]    FreeRTOS V8.2.3
1594962535:[BYCMD ,0108]    FatFS v11a
1594962535:[BYCMD ,0120]    bypass 10000ms 60000ms (20000ms 60000ms stored)
1594962535:[BYCMD ,0121]    valve 60000ms 12750 (60000ms 12750 stored)
1594962535:[BYCMD ,0122]    pump 60000ms 30% 10750 80% (60000ms 30% 10750 80% stored)
1594962535:[BYCMD ,0123]    rate 2mbar/s (2mbar/s stored)
1594962535:[BYCMD ,0124]    surface 500mbar (500mbar stored)
1594962535:[BYCMD ,0125]    near 1500mbar 3mbar/s (15000mbar 3mbar/s stored)
1594962535:[BYCMD ,0126]    far 2500mbar 4mbar/s (25000mbar 4mbar/s stored)
1594962535:[BYCMD ,0127]    ascent 8mbar/s (8mbar/s stored)
1594962535:[BYCMD ,0128]    dead 60s (300s stored)
1594962535:[BYCMD ,0129]    coeff 16/10 (16/10 stored)
1594962535:[BYCMD ,0130]    stab 10 (10 stored)
1594962535:[BYCMD ,0131]    delay 900s 3600s (900s 3600s stored)
1594962535:[BYCMD ,0132]    mmtime 2880min (2880min stored)
1594962535:[BYCMD ,0133]    dv_landing 100ml (100ml stored)
1594962535:[MKDCMD,0150]    p2t37: 15x2000ms, offset 50mbar
1594962535:[P2TCMD,0151]    p2t37: dp 50mbar, dt 5000mdegC
1594962536:[STAGE ,0080]Stage [0] 5000mbar (+/-500mbar) 1800s (<1800s) 
1594962536:[STAGE ,0080]Stage [1] 5000mbar (+/-500mbar) 1800s (<3600s) MERMAID
1594962536:[MAIN  ,0070]turn off bluetooth
1594962538:[PRESS ,0038]P    -20mbar,T-23135mdegC
1594962540:[PRESS ,0038]P     +0mbar,T +3618mdegC
1594962542:[PRESS ,0038]P     +0mbar,T-23135mdegC
1594962546:[PRESS ,0038]P    -10mbar,T+15646mdegC
1594962547:[PRESS ,0038]P    -10mbar,T +3618mdegC
1594962549:[PRESS ,0038]P     +0mbar,T-23135mdegC
1594962551:[PRESS ,0038]P    -10mbar,T+15646mdegC
1594962553:[PRESS ,0038]P    -10mbar,T-23135mdegC
1594962556:[PRESS ,0038]P    -10mbar,T+15646mdegC
1594962558:[PRESS ,0038]P    -20mbar,T-23135mdegC
1594962560:[PRESS ,0038]P    -20mbar,T +3618mdegC
1594962562:[PRESS ,0038]P    -10mbar,T-23135mdegC
1594962564:[PRESS ,0038]P    -20mbar,T+15646mdegC
1594962564:[DIVING,0141]diving from -20mbar, +0mbar/s
1594962564:[BYPASS,0035]bypass opening 60000ms
1594962569:[BYPASS,0104]battery 15012mV,  255102uA (bypass opening), P    -20mbar
1594962634:[BYPASS,0106]battery 15040mV,  295118uA (bypass closing), P    -20mbar
1594962635:[PRESS ,0038]P   -110mbar,T +3618mdegC
1594962637:[PRESS ,0038]P   -110mbar,T-23135mdegC
1594962650:[PRESS ,0038]P   -100mbar,T+15646mdegC
1594962652:[PRESS ,0038]P   -100mbar,T-23135mdegC
1594962659:[PRESS ,0038]P   -110mbar,T +3618mdegC
1594962660:[PRESS ,0038]P   -110mbar,T-11109mdegC
1594962660:[BYPASS,0035]bypass opening 10000ms
1594962666:[BYPASS,0104]battery 15065mV,  255468uA (bypass opening), P   -110mbar
1594962681:[BYPASS,0106]battery 15053mV,  293898uA (bypass closing), P   -110mbar
1594962682:[PRESS ,0038]P   -110mbar,T-23135mdegC
1594962689:[PRESS ,0038]P   -110mbar,T +3618mdegC
1594962691:[PRESS ,0038]P   -120mbar,T-23135mdegC
1594962697:[PRESS ,0038]P   -120mbar,T+15646mdegC
1594962698:[PRESS ,0038]P   -120mbar,T-23135mdegC
1594962702:[PRESS ,0038]P   -110mbar,T+15646mdegC
1594962704:[PRESS ,0038]P   -120mbar,T-23135mdegC
1594962707:[BYPASS,0035]bypass opening 10000ms
1594962712:[BYPASS,0104]battery 15080mV,  260592uA (bypass opening), P   -110mbar
1594962727:[BYPASS,0106]battery 15065mV,  293044uA (bypass closing), P   -110mbar
1594962731:[PRESS ,0038]P   -110mbar,T +3618mdegC
1594962733:[PRESS ,0038]P   -110mbar,T-23135mdegC
1594962742:[PRESS ,0038]P   -100mbar,T +3618mdegC
1594962744:[PRESS ,0038]P   -100mbar,T-23135mdegC
1594962747:[PRESS ,0038]P   -110mbar,T +3618mdegC
1594962749:[PRESS ,0038]P   -120mbar,T-23135mdegC
1594962751:[PRESS ,0038]P   -120mbar,T+15646mdegC
1594962753:[PRESS ,0038]P   -110mbar,T-23135mdegC
1594962754:[PRESS ,0038]P   -110mbar,T+15646mdegC
1594962754:[BYPASS,0035]bypass opening 10000ms
1594962759:[BYPASS,0104]battery 15090mV,  258152uA (bypass opening), P   -110mbar
1594962775:[BYPASS,0106]battery 15075mV,  292434uA (bypass closing), P   -110mbar
1594962776:[PRESS ,0038]P    -90mbar,T +3618mdegC
1594962778:[PRESS ,0038]P   -100mbar,T-23135mdegC
1594962782:[PRESS ,0038]P   -110mbar,T +3618mdegC
1594962783:[PRESS ,0038]P   -100mbar,T-23135mdegC
1594962785:[PRESS ,0038]P   -100mbar,T+15646mdegC
1594962787:[PRESS ,0038]P   -100mbar,T-23135mdegC
1594962791:[PRESS ,0038]P   -100mbar,T+15646mdegC
1594962794:[PRESS ,0038]P   -110mbar,T-23135mdegC
1594962796:[PRESS ,0038]P   -110mbar,T+15646mdegC
1594962800:[PRESS ,0038]P   -110mbar,T-23135mdegC
1594962801:[PRESS ,0038]P   -100mbar,T+15646mdegC
1594962801:[BYPASS,0035]bypass opening 10000ms
1594962807:[BYPASS,0104]battery 15098mV,  258884uA (bypass opening), P   -100mbar
1594962822:[BYPASS,0106]battery 15083mV,  291824uA (bypass closing), P   -100mbar
1594962823:[PRESS ,0038]P   -100mbar,T-23135mdegC
1594962832:[PRESS ,0038]P    -90mbar,T+15646mdegC
1594962834:[PRESS ,0038]P   -110mbar,T-23135mdegC
1594962839:[PRESS ,0038]P   -100mbar,T +3618mdegC
1594962841:[PRESS ,0038]P   -100mbar,T-23135mdegC
1594962848:[BYPASS,0035]bypass opening 10000ms
1594962853:[BYPASS,0104]battery 15105mV,  256810uA (bypass opening), P   -110mbar
1594962868:[BYPASS,0106]battery 15091mV,  291214uA (bypass closing), P   -110mbar
1594962876:[PRESS ,0038]P   -100mbar,T+15646mdegC
1594962877:[PRESS ,0038]P    -90mbar,T-23135mdegC
1594962879:[PRESS ,0038]P    -90mbar,T +3618mdegC
1594962881:[PRESS ,0038]P    -90mbar,T-23135mdegC
1594962885:[PRESS ,0038]P    -90mbar,T+15646mdegC
1594962886:[PRESS ,0038]P   -100mbar,T-23135mdegC
1594962895:[BYPASS,0035]bypass opening 10000ms
1594962900:[BYPASS,0104]battery 15111mV,  254614uA (bypass opening), P    -90mbar
1594962915:[BYPASS,0106]battery 15097mV,  290726uA (bypass closing), P    -90mbar
1594962917:[PRESS ,0038]P    -80mbar,T+15646mdegC
1594962921:[PRESS ,0038]P    -90mbar,T-23135mdegC
1594962931:[PRESS ,0038]P    -90mbar,T +3618mdegC
1594962933:[PRESS ,0038]P    -90mbar,T-23135mdegC
1594962938:[PRESS ,0038]P   -100mbar,T+15646mdegC
1594962940:[PRESS ,0038]P    -80mbar,T-23135mdegC
1594962942:[PRESS ,0038]P    -90mbar,T+15646mdegC
1594962942:[BYPASS,0035]bypass opening 10000ms
1594962947:[BYPASS,0104]battery 15117mV,  259860uA (bypass opening), P    -90mbar
1594962962:[BYPASS,0106]battery 15103mV,  290238uA (bypass closing), P    -90mbar
1594962964:[PRESS ,0038]P    -60mbar,T-23135mdegC
1594962969:[PRESS ,0038]P    -40mbar,T +3618mdegC
1594962973:[PRESS ,0038]P    -40mbar,T-23135mdegC
1594962975:[PRESS ,0038]P    -50mbar,T+15646mdegC
1594962977:[PRESS ,0038]P    -40mbar,T-23135mdegC
1594962989:[PRESS ,0038]P    -10mbar,T +3618mdegC
1594962992:[PRESS ,0038]P    -10mbar,T-23135mdegC
1594963011:[PRESS ,0038]P    +40mbar,T +3618mdegC
1594963014:[PRESS ,0038]P    +50mbar,T-23135mdegC
1594963017:[PRESS ,0038]P    +50mbar,T+15646mdegC
1594963020:[PRESS ,0038]P    +50mbar,T-23135mdegC
1594963022:[PRESS ,0038]P    +70mbar,T+15646mdegC
1594963025:[PRESS ,0038]P    +70mbar,T +3618mdegC
1594963034:[PRESS ,0038]P    +80mbar,T+15646mdegC
1594963036:[PRESS ,0038]P    +80mbar,T-23135mdegC
1594963042:[PRESS ,0038]P    +80mbar,T +3618mdegC
1594963045:[PRESS ,0038]P    +80mbar,T-23135mdegC
1594963048:[PRESS ,0038]P    +80mbar,T+15646mdegC
1594963048:[BYPASS,0035]bypass opening 10000ms
1594963053:[BYPASS,0104]battery 15146mV,  254858uA (bypass opening), P    +80mbar
1594963068:[BYPASS,0106]battery 15131mV,  290970uA (bypass closing), P    +80mbar
1594963069:[PRESS ,0038]P   +130mbar,T-23135mdegC
1594963073:[PRESS ,0038]P   +160mbar,T +3618mdegC
1594963075:[PRESS ,0038]P   +170mbar,T-23135mdegC
1594963078:[PRESS ,0038]P   +200mbar,T+30370mdegC
1594963080:[PRESS ,0038]P   +210mbar,T-23135mdegC
1594963086:[PRESS ,0038]P   +250mbar,T+15646mdegC
1594963087:[PRESS ,0038]P   +270mbar,T-23135mdegC
1594963089:[PRESS ,0038]P   +280mbar,T +3618mdegC
1594963091:[PRESS ,0038]P   +300mbar,T-23135mdegC
1594963097:[PRESS ,0038]P   +350mbar,T+30370mdegC
1594963100:[PRESS ,0038]P   +370mbar,T-23135mdegC
1594963108:[PRESS ,0038]P   +430mbar,T-23135mdegC
1594963117:[PRESS ,0038]P   +500mbar,T-23135mdegC
1594963119:[DIVING,0028]510mbar reached (+8mbar/s), 9 bypass done
1594963119:[MAIN  ,0056]stage[0]
1594963121:[MAIN  ,0024]internal pressure 82646Pa
1594963122:[PRESS ,0038]P   +540mbar,T +3618mdegC
1594963122:[BUOY  ,0037]P   +540mbar
1594963122:[STAGE ,0080]Stage [0] 5000mbar (+/-500mbar) 1800s (<1594964919s) 
1594963124:[PRESS ,0038]P   +550mbar,T-23135mdegC
1594963185:[PRESS ,0038]P   +960mbar,T-23135mdegC
1594963190:[PRESS ,0038]P   +980mbar,T +3618mdegC
1594963194:[PRESS ,0038]P  +1010mbar,T-23135mdegC
1594963195:[PRESS ,0038]P  +1030mbar,T +3618mdegC
1594963197:[PRESS ,0038]P  +1030mbar,T-23135mdegC
1594963201:[PRESS ,0038]P  +1070mbar,T+30370mdegC
1594963203:[PRESS ,0038]P  +1070mbar,T +3618mdegC
1594963210:[PRESS ,0038]P  +1130mbar,T +3618mdegC
1594963270:[PRESS ,0038]P  +1560mbar,T +3618mdegC
1594963272:[PRESS ,0038]P  +1570mbar,T+30370mdegC
1594963274:[PRESS ,0038]P  +1590mbar,T-23135mdegC
1594963276:[PRESS ,0038]P  +1600mbar,T +3618mdegC
1594963279:[PRESS ,0038]P  +1610mbar,T-23135mdegC
1594963281:[PRESS ,0038]P  +1620mbar,T +3618mdegC
1594963285:[PRESS ,0038]P  +1630mbar,T-23135mdegC
1594963287:[PRESS ,0038]P  +1650mbar,T+15646mdegC
1594963288:[PRESS ,0038]P  +1640mbar,T-23135mdegC
1594963290:[PRESS ,0038]P  +1650mbar,T +3618mdegC
1594963294:[PRESS ,0038]P  +1670mbar,T-23135mdegC
1594963356:[PRESS ,0038]P  +1940mbar,T+30370mdegC
1594963358:[PRESS ,0038]P  +1940mbar,T-23135mdegC
1594963360:[PRESS ,0038]P  +1970mbar,T +3618mdegC
1594963363:[PRESS ,0038]P  +1980mbar,T-23135mdegC
1594963367:[PRESS ,0038]P  +2000mbar,T +3618mdegC
1594963371:[PRESS ,0038]P  +2010mbar,T-23135mdegC
1594963372:[PRESS ,0038]P  +2020mbar,T +3618mdegC
1594963379:[PRESS ,0038]P  +2060mbar,T-23135mdegC
1594963381:[PRESS ,0038]P  +2060mbar,T +3618mdegC
1594963442:[PRESS ,0038]P  +2270mbar,T-23135mdegC
1594963444:[PRESS ,0038]P  +2260mbar,T +3618mdegC
1594963446:[PRESS ,0038]P  +2280mbar,T-23135mdegC
1594963447:[PRESS ,0038]P  +2280mbar,T +3618mdegC
1594963454:[PRESS ,0038]P  +2320mbar,T-23135mdegC
1594963460:[PRESS ,0038]P  +2340mbar,T +3618mdegC
1594963462:[PRESS ,0038]P  +2340mbar,T-23135mdegC
1594963467:[PRESS ,0038]P  +2350mbar,T +3618mdegC
1594963528:[PRESS ,0038]P  +2570mbar,T-23135mdegC
1594963533:[PRESS ,0038]P  +2580mbar,T+30370mdegC
1594963535:[PRESS ,0038]P  +2580mbar,T +3618mdegC
1594963537:[PRESS ,0038]P  +2600mbar,T+30370mdegC
1594963538:[PRESS ,0038]P  +2600mbar,T +3618mdegC
1594963544:[PRESS ,0038]P  +2620mbar,T-23135mdegC
1594963546:[PRESS ,0038]P  +2640mbar,T +3618mdegC
1594963547:[PRESS ,0038]P  +2630mbar,T+30370mdegC
1594963549:[PRESS ,0038]P  +2640mbar,T-23135mdegC
1594963551:[PRESS ,0038]P  +2650mbar,T +3618mdegC
1594963613:[PRESS ,0038]P  +2880mbar,T +3618mdegC
1594963615:[PRESS ,0038]P  +2870mbar,T-23135mdegC
1594963619:[PRESS ,0038]P  +2890mbar,T +3618mdegC
1594963624:[PRESS ,0038]P  +2900mbar,T+30370mdegC
1594963626:[PRESS ,0038]P  +2900mbar,T +3618mdegC
1594963628:[PRESS ,0038]P  +2910mbar,T-23135mdegC
1594963630:[PRESS ,0038]P  +2920mbar,T+30370mdegC
1594963631:[PRESS ,0038]P  +2910mbar,T +3618mdegC
1594963633:[PRESS ,0038]P  +2940mbar,T-23135mdegC
1594963637:[PRESS ,0038]P  +2950mbar,T +3618mdegC
1594963639:[PRESS ,0038]P  +2950mbar,T+30370mdegC
1594963699:[PRESS ,0038]P  +3120mbar,T-23135mdegC
1594963701:[PRESS ,0038]P  +3130mbar,T +3618mdegC
1594963703:[PRESS ,0038]P  +3140mbar,T+30370mdegC
1594963705:[PRESS ,0038]P  +3140mbar,T-23135mdegC
1594963706:[PRESS ,0038]P  +3150mbar,T +3618mdegC
1594963708:[PRESS ,0038]P  +3150mbar,T-23135mdegC
1594963710:[PRESS ,0038]P  +3170mbar,T +3618mdegC
1594963714:[PRESS ,0038]P  +3170mbar,T-23135mdegC
1594963721:[PRESS ,0038]P  +3190mbar,T +3618mdegC
1594963724:[PRESS ,0038]P  +3200mbar,T-23135mdegC
1594963785:[PRESS ,0038]P  +3410mbar,T-23135mdegC
1594963787:[PRESS ,0038]P  +3410mbar,T+30370mdegC
1594963789:[PRESS ,0038]P  +3420mbar,T-23135mdegC
1594963792:[PRESS ,0038]P  +3430mbar,T +3618mdegC
1594963796:[PRESS ,0038]P  +3450mbar,T-23135mdegC
1594963798:[PRESS ,0038]P  +3440mbar,T +3618mdegC
1594963799:[PRESS ,0038]P  +3460mbar,T+15646mdegC
1594963801:[PRESS ,0038]P  +3460mbar,T-23135mdegC
1594963805:[PRESS ,0038]P  +3460mbar,T +3618mdegC
1594963808:[PRESS ,0038]P  +3480mbar,T-23135mdegC
1594963871:[PRESS ,0038]P  +3680mbar,T +3618mdegC
1594963873:[PRESS ,0038]P  +3680mbar,T-23135mdegC
1594963876:[PRESS ,0038]P  +3690mbar,T +3618mdegC
1594963880:[PRESS ,0038]P  +3700mbar,T-23135mdegC
1594963882:[PRESS ,0038]P  +3700mbar,T +3618mdegC
1594963883:[PRESS ,0038]P  +3710mbar,T-23135mdegC
1594963885:[PRESS ,0038]P  +3710mbar,T +3618mdegC
1594963887:[PRESS ,0038]P  +3720mbar,T-23135mdegC
1594963889:[PRESS ,0038]P  +3710mbar,T +3618mdegC
1594963891:[PRESS ,0038]P  +3730mbar,T-23135mdegC
1594963892:[PRESS ,0038]P  +3730mbar,T +3618mdegC
1594963894:[PRESS ,0038]P  +3740mbar,T-23135mdegC
1594963896:[PRESS ,0038]P  +3740mbar,T +3618mdegC
1594963957:[PRESS ,0038]P  +3920mbar,T +3618mdegC
1594963958:[PRESS ,0038]P  +3920mbar,T-23135mdegC
1594963962:[PRESS ,0038]P  +3920mbar,T +3618mdegC
1594963967:[PRESS ,0038]P  +3950mbar,T-23135mdegC
1594963971:[PRESS ,0038]P  +3950mbar,T +3618mdegC
1594963973:[PRESS ,0038]P  +3960mbar,T-23135mdegC
1594963978:[PRESS ,0038]P  +3970mbar,T+15646mdegC
1594963980:[PRESS ,0038]P  +3980mbar,T +3618mdegC
1594963982:[PRESS ,0038]P  +3980mbar,T-23135mdegC
1594964042:[PRESS ,0038]P  +4170mbar,T +3618mdegC
1594964044:[PRESS ,0038]P  +4180mbar,T-23135mdegC
1594964048:[PRESS ,0038]P  +4190mbar,T +3618mdegC
1594964050:[PRESS ,0038]P  +4200mbar,T-23135mdegC
1594964051:[PRESS ,0038]P  +4200mbar,T +3618mdegC
1594964053:[PRESS ,0038]P  +4220mbar,T-23135mdegC
1594964055:[PRESS ,0038]P  +4210mbar,T +3618mdegC
1594964057:[PRESS ,0038]P  +4220mbar,T-23135mdegC
1594964062:[PRESS ,0038]P  +4240mbar,T +3618mdegC
1594964064:[PRESS ,0038]P  +4240mbar,T-23135mdegC
1594964128:[PRESS ,0038]P  +4470mbar,T-23135mdegC
1594964132:[PRESS ,0038]P  +4470mbar,T+15646mdegC
1594964135:[PRESS ,0038]P  +4490mbar,T-23135mdegC
1594964149:[PRESS ,0038]P  +4530mbar,T+15646mdegC
1594964151:[PRESS ,0038]P  +4540mbar,T-23135mdegC
1594964153:[STAGE ,0213]4540mbar reached at 1594964153s, ref 5000mbar +/-500mbar
1594964153:[BUOY  ,0087]from +3mbar/s to +0mbar/s
1594964153:[BUOY  ,0089]need to transfer +14mL (pump during 16819ms)
1594964161:[PUMP  ,0207]battery 15456mV,   18910uA (warmup), P  +4540mbar
1594964161:[PUMP  ,0016]pump during 16819ms
1594964177:[PUMP  ,0212]battery 15285mV,  307806uA (steady state), P  +4540mbar
1594964217:[PRESS ,0038]P  +4730mbar,T-23135mdegC
1594964226:[PRESS ,0038]P  +4770mbar,T+15646mdegC
1594964228:[PRESS ,0038]P  +4770mbar,T-23135mdegC
1594964233:[PRESS ,0038]P  +4790mbar,T+15646mdegC
1594964235:[PRESS ,0038]P  +4800mbar,T-23135mdegC
1594964242:[PRESS ,0038]P  +4820mbar,T+15646mdegC
1594964242:[BUOY  ,0087]from +4mbar/s to +0mbar/s
1594964242:[BUOY  ,0089]need to transfer +26mL (pump during 31234ms)
1594964250:[PUMP  ,0207]battery 15435mV,   18788uA (warmup), P  +4820mbar
1594964250:[PUMP  ,0016]pump during 31234ms
1594964281:[PUMP  ,0212]battery 15263mV,  308050uA (steady state), P  +4820mbar
1594964306:[PRESS ,0038]P  +4950mbar,T-23135mdegC
1594964308:[PRESS ,0038]P  +4940mbar,T+15646mdegC
1594964310:[PRESS ,0038]P  +4940mbar,T-23135mdegC
1594964317:[PRESS ,0038]P  +4960mbar,T+15646mdegC
1594964322:[PRESS ,0038]P  +4950mbar,T-23135mdegC
1594964324:[PRESS ,0038]P  +4940mbar,T+15646mdegC
1594964326:[PRESS ,0038]P  +4950mbar,T-23135mdegC
1594964328:[PRESS ,0038]P  +4950mbar,T+15646mdegC
1594964329:[PRESS ,0038]P  +4940mbar,T-23135mdegC
1594964513:[PRESS ,0038]P  +4930mbar,T+15646mdegC
1594964574:[PRESS ,0038]P  +4900mbar,T +3618mdegC
1594964635:[PRESS ,0038]P  +4910mbar,T+15646mdegC
1594964695:[PRESS ,0038]P  +4930mbar,T-23135mdegC
1594964756:[PRESS ,0038]P  +4940mbar,T+15646mdegC
1594964817:[PRESS ,0038]P  +4910mbar,T-23135mdegC
1594964938:[PRESS ,0038]P  +4900mbar,T+15646mdegC
1594964938:[MAIN  ,0140]stage[0] complete 1819s after mission start
1594964938:[MAIN  ,0056]stage[1]
1594964940:[MAIN  ,0024]internal pressure 81501Pa
1594964941:[MRMAID,0002]acq started
1594964951:[PRESS ,0038]P  +4900mbar,T-23135mdegC
1594964952:[BUOY  ,0037]P  +4900mbar
1594964952:[STAGE ,0080]Stage [1] 5000mbar (+/-500mbar) 1800s (<1594966719s) MERMAID
1594964953:[PRESS ,0038]P  +4900mbar,T+15646mdegC
1594964953:[STAGE ,0213]4900mbar reached at 1594964953s, ref 5000mbar +/-500mbar
1594965094:[MRMAID,0027]49dbar, 16degC
1594965135:[PRESS ,0038]P  +4920mbar,T-11109mdegC
1594965196:[PRESS ,0038]P  +4940mbar,T+15646mdegC
1594965317:[PRESS ,0038]P  +4960mbar,T-23135mdegC
1594965378:[PRESS ,0038]P  +4970mbar,T+15646mdegC
1594965439:[PRESS ,0038]P  +4970mbar,T-11109mdegC
1594965560:[PRESS ,0038]P  +5040mbar,T+15646mdegC
1594965681:[PRESS ,0038]P  +5140mbar,T+15646mdegC
1594965803:[PRESS ,0038]P  +5230mbar,T-23135mdegC
1594965863:[PRESS ,0038]P  +5260mbar,T-11109mdegC
1594965924:[PRESS ,0038]P  +5240mbar,T+15646mdegC
1594965985:[PRESS ,0038]P  +5250mbar,T-11109mdegC
1594966167:[PRESS ,0038]P  +5260mbar,T+15646mdegC
1594966210:[MRMAID,0005]ascent request rejected
1594966295:[MRMAID,0027]52dbar, 16degC
1594966349:[PRESS ,0038]P  +5270mbar,T-11109mdegC
1594966409:[PRESS ,0038]P  +5330mbar,T-11109mdegC
1594966470:[PRESS ,0038]P  +5370mbar,T+15646mdegC
1594966531:[PRESS ,0038]P  +5390mbar,T-23135mdegC
1594966591:[PRESS ,0038]P  +5390mbar,T+27670mdegC
1594966652:[PRESS ,0038]P  +5420mbar,T+15646mdegC
1594966773:[MAIN  ,0140]stage[1] complete 3654s after mission start
1594967377:<ERR>[MRMAID,0008]acq not stopped
1594967397:[MRMAID,0003]acq stopped
1594967397:[MRMAID,0052]Mermaid $MEASFS,96134,2402.476379,40.014545;
1594967412:[MRMAID,0005]ascent request rejected
1594967438:[MSSION,0192]mission stopped, 2 stage(s) done
1594967438:[MAIN  ,0065]surfacing
1594967439:[PRESS ,0038]P  +5610mbar,T-11109mdegC
1594967440:[SURFIN,0036]P  +5610mbar
1594967448:[PUMP  ,0207]battery 15508mV,   18910uA (warmup), P  +5610mbar
1594967448:[PUMP  ,0016]pump during 60000ms
1594967507:[PUMP  ,0212]battery 15328mV,  319274uA (steady state), P  +5610mbar
1594967564:[PRESS ,0038]P  +5410mbar,T+15646mdegC
1594967573:[PRESS ,0038]P  +5380mbar,T-11109mdegC
1594967579:[PRESS ,0038]P  +5360mbar,T+27670mdegC
1594967580:[PRESS ,0038]P  +5340mbar,T-11109mdegC
1594967584:[PRESS ,0038]P  +5330mbar,T+15646mdegC
1594967588:[PRESS ,0038]P  +5310mbar,T-11109mdegC
1594967597:[PUMP  ,0207]battery 15420mV,   18788uA (warmup), P  +5320mbar
1594967598:[PUMP  ,0016]pump during 60000ms
1594967656:[PUMP  ,0212]battery 15243mV,  314394uA (steady state), P  +5320mbar
1594967714:[PRESS ,0038]P  +4680mbar,T-11109mdegC
1594967716:[PRESS ,0038]P  +4670mbar,T+15646mdegC
1594967721:[PRESS ,0038]P  +4640mbar,T-23135mdegC
1594967723:[PRESS ,0038]P  +4640mbar,T+27670mdegC
1594967725:[PRESS ,0038]P  +4620mbar,T-11109mdegC
1594967730:[PRESS ,0038]P  +4600mbar,T+15646mdegC
1594967734:[PRESS ,0038]P  +4570mbar,T-11109mdegC
1594967747:[PUMP  ,0207]battery 15353mV,   18910uA (warmup), P  +4550mbar
1594967747:[PUMP  ,0016]pump during 60000ms
1594967806:[PUMP  ,0212]battery 15176mV,  319030uA (steady state), P  +4550mbar
1594967864:[PRESS ,0038]P  +3690mbar,T-11109mdegC
1594967869:[PRESS ,0038]P  +3660mbar,T+15646mdegC
1594967871:[PRESS ,0038]P  +3650mbar,T-11109mdegC
1594967876:[PRESS ,0038]P  +3600mbar,T+27670mdegC
1594967878:[PRESS ,0038]P  +3590mbar,T-11109mdegC
1594967885:[PRESS ,0038]P  +3530mbar,T+27670mdegC
1594967887:[PRESS ,0038]P  +3510mbar,T-11109mdegC
1594968011:[PRESS ,0038]P  +2660mbar,T+15646mdegC
1594968019:[PUMP  ,0207]battery 15347mV,   18910uA (warmup), P  +2660mbar
1594968019:[PUMP  ,0016]pump during 60000ms
1594968078:[PUMP  ,0212]battery 15176mV,  300974uA (steady state), P  +2660mbar
1594968135:[PRESS ,0038]P  +1830mbar,T-11109mdegC
1594968137:[PRESS ,0038]P  +1820mbar,T+15646mdegC
1594968139:[PRESS ,0038]P  +1800mbar,T-11109mdegC
1594968144:[PRESS ,0038]P  +1780mbar,T+15646mdegC
1594968146:[PRESS ,0038]P  +1760mbar,T-11109mdegC
1594968148:[PRESS ,0038]P  +1760mbar,T+27670mdegC
1594968152:[PRESS ,0038]P  +1730mbar,T+15646mdegC
1594968153:[PRESS ,0038]P  +1720mbar,T-11109mdegC
1594968169:[PUMP  ,0207]battery 15302mV,   18910uA (warmup), P  +1690mbar
1594968169:[PUMP  ,0016]pump during 60000ms
1594968228:[PUMP  ,0212]battery 15132mV,  299388uA (steady state), P  +1690mbar
1594968285:[PRESS ,0038]P  +1080mbar,T+15646mdegC
1594968287:[PRESS ,0038]P  +1080mbar,T-11109mdegC
1594968291:[PRESS ,0038]P  +1060mbar,T+15646mdegC
1594968292:[PRESS ,0038]P  +1060mbar,T-11109mdegC
1594968294:[PRESS ,0038]P  +1060mbar,T+15646mdegC
1594968296:[PRESS ,0038]P  +1050mbar,T-11109mdegC
1594968303:[PRESS ,0038]P  +1010mbar,T+27670mdegC
1594968305:[PRESS ,0038]P  +1020mbar,T-11109mdegC
1594968307:[PRESS ,0038]P  +1010mbar,T+27670mdegC
1594968309:[PRESS ,0038]P  +1000mbar,T-11109mdegC
1594968318:[PUMP  ,0207]battery 15272mV,   19032uA (warmup), P  +1000mbar
1594968319:[PUMP  ,0016]pump during 60000ms
1594968377:[PUMP  ,0212]battery 15106mV,  291824uA (steady state), P  +1000mbar
1594968435:[PRESS ,0038]P    +50mbar,T+15646mdegC
1594968437:[PRESS ,0038]P    +40mbar,T-11109mdegC
1594968439:[PRESS ,0038]P    +30mbar,T-23135mdegC
1594968441:[PRESS ,0038]P    +10mbar,T+15646mdegC
1594968448:[PRESS ,0038]P    -40mbar,T-11109mdegC
1594968449:[PRESS ,0038]P    -50mbar,T+15646mdegC
1594968451:[PRESS ,0038]P    -70mbar,T-11109mdegC
1594968464:[PRESS ,0038]P   -100mbar,T+15646mdegC
1594968464:[SURFIN,0020]filling external bladder
1594968472:[PUMP  ,0207]battery 15257mV,   18910uA (warmup), P   -100mbar
1594968472:[PUMP  ,0016]pump during 300000ms
1594968770:[PUMP  ,0212]battery 14852mV,  934032uA (steady state), P   -100mbar
1594968782:[PUMP  ,0207]battery 14762mV,   19154uA (warmup), P   -100mbar
1594968782:[PUMP  ,0016]pump during 300000ms
1594968841:[PUMP  ,0212]battery 14438mV,  909266uA (steady state), P   -100mbar
1594968843:[SURFIN,0019]external bladder full
1594968844:[PRESS ,0038]P    +60mbar,T-23135mdegC
1594968846:[PRESS ,0038]P    +50mbar,T+15646mdegC
1594968850:[PRESS ,0038]P    +60mbar,T-11109mdegC
1594968857:[PRESS ,0038]P    +50mbar,T+15646mdegC
1594968859:[PRESS ,0038]P    +50mbar,T-11109mdegC
1594968860:[PRESS ,0038]P    +50mbar,T-23135mdegC
1594968864:[PRESS ,0038]P    +40mbar,T-11109mdegC
1594968869:[PRESS ,0038]P    +40mbar,T+15646mdegC
1594968905:[MAIN  ,0272]Vbat 14976mV (min 14898mV)
1594968908:[MAIN  ,0024]internal pressure 79003Pa
1594968908:[MAIN  ,0043]Pext 51mbar (rng 20mbar)
1594968908:[MAIN  ,0064]surface
1594968920:[SURF  ,0022]GPS fix...
1594968940:[SURF  ,0015]10 PPS detected...
1594968941:[MRMAID,0052]Mermaid $GPSACK:+0,+0,+0,+0,+0,+0,-1312;
1594968951:[MRMAID,0052]Mermaid $GPSOFF:3686330;
1594968952:[GPSFIX,0179]-1s diff
1594968953:[SURF  ,0222]2020-07-17T06:55:53
1594968953:[SURF  ,0082]Latitude : N43deg40.938mn, Longitude :E007deg19.179mn
1594968953:[SURF  ,0223]fix3D,8satellites
1594968953:[SURF  ,0084]GPS fix GPGSA : hdop0.720,vdop1.020
1594968963:[SURF  ,0274]last almanac : 72502
1594969039:[MRMAID,0026]26042 bytes in 0072/5F114B88.MER
1594969045:[MAIN  ,0320]New pressure offset: 51mbar
1594969045:[LOGBIN,0078]*** switching to 0072/5F114BD5 ***
