1594903363:[MAIN  ,0007]buoy 452.120-R-0072
1594903363:[MAIN  ,0055]soft pilotage 452.012.300_V2.21-20200701
1594903363:[MAIN  ,0010]cycle 2
1594903363:[SURF  ,0225]surface2
1594903382:[SURF  ,0022]GPS fix...
1594903402:[SURF  ,0015]10 PPS detected...
1594903403:[MRMAID,0052]Mermaid $GPSACK:+0,+0,+0,+0,+0,+0,-30;
1594903413:[MRMAID,0052]Mermaid $GPSOFF:3686329;
1594903414:[GPSFIX,0179]-1s diff
1594903415:[SURF  ,0222]2020-07-16T12:43:35
1594903415:[SURF  ,0082]Latitude : N43deg40.940mn, Longitude :E007deg19.178mn
1594903415:[SURF  ,0223]fix3D,10satellites
1594903415:[SURF  ,0084]GPS fix GPGSA : hdop0.640,vdop1.130
1594903425:[SURF  ,0025]Iridium...
1594903458:[SURF  ,0009]connected in 33s, signal quality 5
1594903547:[SURF  ,0218]prompt received, remote cmd end
1594903547:[SURF  ,0012]16 cmd(s) received
1594903573:[UPLOAD,0248]Upload data files...
1594904134:[SURF  ,0014]disconnected after 709s
1594904139:[SURFIN,0020]filling external bladder
1594904147:[PUMP  ,0207]battery 15315mV,   18910uA (warmup), P    +50mbar
1594904147:[PUMP  ,0016]pump during 300000ms
1594904155:[PUMP  ,0212]battery 14857mV,  915366uA (steady state), P    +50mbar
1594904158:[SURFIN,0019]external bladder full
1594904158:[SURF  ,0319]transfer interrupted
1594904177:[SURF  ,0022]GPS fix...
1594904198:[SURF  ,0015]10 PPS detected...
1594904199:[MRMAID,0052]Mermaid $GPSACK:+0,+0,+0,+0,+0,+0,+0;
1594904209:[MRMAID,0052]Mermaid $GPSOFF:3686329;
1594904210:[GPSFIX,0179]-1s diff
1594904211:[SURF  ,0222]2020-07-16T12:56:51
1594904211:[SURF  ,0082]Latitude : N43deg40.940mn, Longitude :E007deg19.177mn
1594904211:[SURF  ,0223]fix3D,10satellites
1594904211:[SURF  ,0084]GPS fix GPGSA : hdop0.620,vdop1.070
1594904228:[MAIN  ,0024]internal pressure 79956Pa
1594904229:[BYCMD ,0107]    FreeRTOS V8.2.3
1594904229:[BYCMD ,0108]    FatFS v11a
1594904229:[BYCMD ,0120]    bypass 10000ms 60000ms (20000ms 60000ms stored)
1594904229:[BYCMD ,0121]    valve 60000ms 12750 (60000ms 12750 stored)
1594904229:[BYCMD ,0122]    pump 60000ms 30% 10750 80% (60000ms 30% 10750 80% stored)
1594904229:[BYCMD ,0123]    rate 2mbar/s (2mbar/s stored)
1594904229:[BYCMD ,0124]    surface 500mbar (500mbar stored)
1594904229:[BYCMD ,0125]    near 1500mbar 3mbar/s (15000mbar 3mbar/s stored)
1594904229:[BYCMD ,0126]    far 2500mbar 4mbar/s (25000mbar 4mbar/s stored)
1594904229:[BYCMD ,0127]    ascent 8mbar/s (8mbar/s stored)
1594904229:[BYCMD ,0128]    dead 60s (300s stored)
1594904229:[BYCMD ,0129]    coeff 16/10 (16/10 stored)
1594904229:[BYCMD ,0130]    stab 10 (10 stored)
1594904229:[BYCMD ,0131]    delay 900s 3600s (900s 3600s stored)
1594904229:[BYCMD ,0132]    mmtime 2880min (2880min stored)
1594904229:[BYCMD ,0133]    dv_landing 100ml (100ml stored)
1594904229:[MKDCMD,0150]    p2t37: 15x2000ms, offset 61mbar
1594904229:[P2TCMD,0151]    p2t37: dp 50mbar, dt 5000mdegC
1594904230:[STAGE ,0080]Stage [0] 5000mbar (+/-500mbar) 1800s (<1800s) 
1594904230:[STAGE ,0080]Stage [1] 5000mbar (+/-500mbar) 1800s (<3600s) MERMAID
1594904230:[MAIN  ,0070]turn off bluetooth
1594904232:[PRESS ,0038]P    -11mbar,T +3618mdegC
1594904236:[PRESS ,0038]P    -11mbar,T+30370mdegC
1594904238:[PRESS ,0038]P    -11mbar,T +3618mdegC
1594904240:[PRESS ,0038]P     +9mbar,T+30370mdegC
1594904241:[PRESS ,0038]P    -11mbar,T +3618mdegC
1594904245:[PRESS ,0038]P    -11mbar,T+30370mdegC
1594904247:[PRESS ,0038]P     -1mbar,T-23135mdegC
1594904249:[PRESS ,0038]P     -1mbar,T +3618mdegC
1594904252:[PRESS ,0038]P    -11mbar,T-23135mdegC
1594904257:[PRESS ,0038]P    -11mbar,T +3618mdegC
1594904258:[DIVING,0141]diving from -11mbar, +0mbar/s
1594904258:[BYPASS,0035]bypass opening 60000ms
1594904263:[BYPASS,0104]battery 15131mV,  256688uA (bypass opening), P    -11mbar
1594904328:[BYPASS,0106]battery 15127mV,  294874uA (bypass closing), P    -11mbar
1594904329:[PRESS ,0038]P   -121mbar,T+30370mdegC
1594904338:[PRESS ,0038]P   -121mbar,T +3618mdegC
1594904340:[PRESS ,0038]P   -121mbar,T+30370mdegC
1594904344:[PRESS ,0038]P   -111mbar,T +3618mdegC
1594904345:[PRESS ,0038]P   -121mbar,T+30370mdegC
1594904347:[PRESS ,0038]P   -101mbar,T +3618mdegC
1594904354:[BYPASS,0035]bypass opening 10000ms
1594904359:[BYPASS,0104]battery 15151mV,  258396uA (bypass opening), P   -101mbar
1594904374:[BYPASS,0106]battery 15128mV,  293410uA (bypass closing), P   -101mbar
1594904378:[PRESS ,0038]P   -121mbar,T+30370mdegC
1594904383:[PRESS ,0038]P   -121mbar,T +3618mdegC
1594904385:[PRESS ,0038]P   -131mbar,T+30370mdegC
1594904387:[PRESS ,0038]P   -121mbar,T +3618mdegC
1594904389:[PRESS ,0038]P   -141mbar,T+30370mdegC
1594904391:[PRESS ,0038]P   -141mbar,T +3618mdegC
1594904394:[PRESS ,0038]P   -131mbar,T+30370mdegC
1594904396:[PRESS ,0038]P   -141mbar,T +3618mdegC
1594904400:[PRESS ,0038]P   -121mbar,T-23135mdegC
1594904401:[PRESS ,0038]P   -121mbar,T +3618mdegC
1594904401:[BYPASS,0035]bypass opening 10000ms
1594904406:[BYPASS,0104]battery 15148mV,  254126uA (bypass opening), P   -121mbar
1594904421:[BYPASS,0106]battery 15130mV,  292434uA (bypass closing), P   -121mbar
1594904423:[PRESS ,0038]P   -111mbar,T+30370mdegC
1594904425:[PRESS ,0038]P   -101mbar,T +3618mdegC
1594904427:[PRESS ,0038]P   -101mbar,T+30370mdegC
1594904430:[PRESS ,0038]P   -111mbar,T +3618mdegC
1594904434:[PRESS ,0038]P   -111mbar,T+30370mdegC
1594904436:[PRESS ,0038]P   -111mbar,T +3618mdegC
1594904446:[PRESS ,0038]P   -101mbar,T+30370mdegC
1594904448:[PRESS ,0038]P   -121mbar,T +3618mdegC
1594904448:[BYPASS,0035]bypass opening 10000ms
1594904453:[BYPASS,0104]battery 15148mV,  255956uA (bypass opening), P   -121mbar
1594904468:[BYPASS,0106]battery 15130mV,  291580uA (bypass closing), P   -121mbar
1594904472:[PRESS ,0038]P   -101mbar,T+30370mdegC
1594904476:[PRESS ,0038]P   -121mbar,T +3618mdegC
1594904481:[PRESS ,0038]P   -111mbar,T+30370mdegC
1594904483:[PRESS ,0038]P   -101mbar,T +3618mdegC
1594904485:[PRESS ,0038]P   -111mbar,T+30370mdegC
1594904488:[PRESS ,0038]P   -121mbar,T-23135mdegC
1594904490:[PRESS ,0038]P   -121mbar,T+30370mdegC
1594904492:[PRESS ,0038]P   -121mbar,T +3618mdegC
1594904495:[PRESS ,0038]P   -121mbar,T+30370mdegC
1594904495:[BYPASS,0035]bypass opening 10000ms
1594904500:[BYPASS,0104]battery 15150mV,  254980uA (bypass opening), P   -121mbar
1594904515:[BYPASS,0106]battery 15131mV,  290970uA (bypass closing), P   -121mbar
1594904521:[PRESS ,0038]P   -101mbar,T +3618mdegC
1594904523:[PRESS ,0038]P    -91mbar,T+30370mdegC
1594904524:[PRESS ,0038]P   -101mbar,T-23135mdegC
1594904526:[PRESS ,0038]P   -101mbar,T+30370mdegC
1594904528:[PRESS ,0038]P    -91mbar,T -8416mdegC
1594904530:[PRESS ,0038]P    -91mbar,T +3618mdegC
1594904532:[PRESS ,0038]P    -91mbar,T -8416mdegC
1594904533:[PRESS ,0038]P    -91mbar,T+30370mdegC
1594904539:[PRESS ,0038]P   -101mbar,T +3618mdegC
1594904541:[PRESS ,0038]P    -91mbar,T+30370mdegC
1594904542:[PRESS ,0038]P    -81mbar,T +3618mdegC
1594904542:[BYPASS,0035]bypass opening 10000ms
1594904547:[BYPASS,0104]battery 15150mV,  255102uA (bypass opening), P    -81mbar
1594904563:[BYPASS,0106]battery 15132mV,  290238uA (bypass closing), P    -81mbar
1594904564:[PRESS ,0038]P    -91mbar,T+30370mdegC
1594904571:[PRESS ,0038]P   -101mbar,T +3618mdegC
1594904580:[PRESS ,0038]P    -91mbar,T+30370mdegC
1594904582:[PRESS ,0038]P   -101mbar,T +3618mdegC
1594904587:[PRESS ,0038]P    -91mbar,T+30370mdegC
1594904589:[BYPASS,0035]bypass opening 10000ms
1594904594:[BYPASS,0104]battery 15152mV,  257420uA (bypass opening), P   -101mbar
1594904609:[BYPASS,0106]battery 15132mV,  289628uA (bypass closing), P   -101mbar
1594904611:[PRESS ,0038]P    -91mbar,T +3618mdegC
1594904613:[PRESS ,0038]P    -91mbar,T+30370mdegC
1594904617:[PRESS ,0038]P    -91mbar,T +3618mdegC
1594904622:[PRESS ,0038]P   -101mbar,T+30370mdegC
1594904624:[PRESS ,0038]P   -101mbar,T +3618mdegC
1594904626:[PRESS ,0038]P   -101mbar,T -8416mdegC
1594904627:[PRESS ,0038]P   -101mbar,T+30370mdegC
1594904631:[PRESS ,0038]P    -91mbar,T +3618mdegC
1594904633:[PRESS ,0038]P    -91mbar,T+30370mdegC
1594904635:[PRESS ,0038]P   -101mbar,T +3618mdegC
1594904636:[BYPASS,0035]bypass opening 10000ms
1594904641:[BYPASS,0104]battery 15151mV,  256444uA (bypass opening), P    -91mbar
1594904656:[BYPASS,0106]battery 15133mV,  289018uA (bypass closing), P    -91mbar
1594904658:[PRESS ,0038]P    -91mbar,T+30370mdegC
1594904664:[PRESS ,0038]P    -81mbar,T +3618mdegC
1594904671:[PRESS ,0038]P    -91mbar,T+30370mdegC
1594904676:[PRESS ,0038]P   -101mbar,T +3618mdegC
1594904678:[PRESS ,0038]P    -71mbar,T+30370mdegC
1594904680:[PRESS ,0038]P    -91mbar,T +3618mdegC
1594904683:[BYPASS,0035]bypass opening 10000ms
1594904688:[BYPASS,0104]battery 15153mV,  258152uA (bypass opening), P    -71mbar
1594904703:[BYPASS,0106]battery 15135mV,  288408uA (bypass closing), P    -71mbar
1594904705:[PRESS ,0038]P     +9mbar,T+30370mdegC
1594904714:[PRESS ,0038]P    +59mbar,T +3618mdegC
1594904716:[PRESS ,0038]P    +69mbar,T+30370mdegC
1594904718:[PRESS ,0038]P    +79mbar,T +3618mdegC
1594904723:[PRESS ,0038]P   +109mbar,T+30370mdegC
1594904725:[PRESS ,0038]P   +129mbar,T +3618mdegC
1594904727:[PRESS ,0038]P   +129mbar,T+30370mdegC
1594904736:[PRESS ,0038]P   +189mbar,T +3618mdegC
1594904738:[PRESS ,0038]P   +209mbar,T+30370mdegC
1594904750:[PRESS ,0038]P   +279mbar,T -8416mdegC
1594904752:[PRESS ,0038]P   +299mbar,T+30370mdegC
1594904755:[PRESS ,0038]P   +309mbar,T +3618mdegC
1594904758:[PRESS ,0038]P   +329mbar,T+30370mdegC
1594904761:[PRESS ,0038]P   +349mbar,T +3618mdegC
1594904769:[PRESS ,0038]P   +399mbar,T+30370mdegC
1594904772:[PRESS ,0038]P   +409mbar,T +3618mdegC
1594904780:[PRESS ,0038]P   +469mbar,T +3618mdegC
1594904783:[PRESS ,0038]P   +479mbar,T+30370mdegC
1594904786:[PRESS ,0038]P   +499mbar,T +3618mdegC
1594904789:[PRESS ,0038]P   +519mbar,T+30370mdegC
1594904790:[PRESS ,0038]P   +529mbar,T +3618mdegC
1594904791:[DIVING,0028]529mbar reached (+6mbar/s), 9 bypass done
1594904791:[MAIN  ,0056]stage[0]
1594904793:[MAIN  ,0024]internal pressure 83130Pa
1594904794:[PRESS ,0038]P   +559mbar,T+30370mdegC
1594904794:[BUOY  ,0037]P   +559mbar
1594904794:[STAGE ,0080]Stage [0] 5000mbar (+/-500mbar) 1800s (<1594906591s) 
1594904796:[PRESS ,0038]P   +569mbar,T +3618mdegC
1594904857:[PRESS ,0038]P   +939mbar,T +3618mdegC
1594904858:[PRESS ,0038]P   +949mbar,T+30370mdegC
1594904867:[PRESS ,0038]P  +1019mbar,T +3618mdegC
1594904869:[PRESS ,0038]P  +1019mbar,T+30370mdegC
1594904871:[PRESS ,0038]P  +1029mbar,T +3618mdegC
1594904878:[PRESS ,0038]P  +1089mbar,T+30370mdegC
1594904880:[PRESS ,0038]P  +1099mbar,T +3618mdegC
1594904882:[PRESS ,0038]P  +1109mbar,T+30370mdegC
1594904942:[PRESS ,0038]P  +1379mbar,T +3618mdegC
1594904944:[PRESS ,0038]P  +1399mbar,T -8416mdegC
1594904946:[PRESS ,0038]P  +1409mbar,T +3618mdegC
1594904948:[PRESS ,0038]P  +1409mbar,T -8416mdegC
1594904950:[PRESS ,0038]P  +1419mbar,T+30370mdegC
1594904955:[PRESS ,0038]P  +1459mbar,T +3618mdegC
1594904957:[PRESS ,0038]P  +1469mbar,T+30370mdegC
1594904959:[PRESS ,0038]P  +1479mbar,T -8416mdegC
1594904960:[PRESS ,0038]P  +1479mbar,T+30370mdegC
1594904964:[PRESS ,0038]P  +1499mbar,T +3618mdegC
1594904966:[PRESS ,0038]P  +1499mbar,T+30370mdegC
1594904968:[PRESS ,0038]P  +1509mbar,T +3618mdegC
1594905028:[PRESS ,0038]P  +1799mbar,T+30370mdegC
1594905032:[PRESS ,0038]P  +1809mbar,T +3618mdegC
1594905034:[PRESS ,0038]P  +1809mbar,T+30370mdegC
1594905042:[PRESS ,0038]P  +1839mbar,T +3618mdegC
1594905044:[PRESS ,0038]P  +1849mbar,T+30370mdegC
1594905046:[PRESS ,0038]P  +1849mbar,T +3618mdegC
1594905048:[PRESS ,0038]P  +1859mbar,T+30370mdegC
1594905050:[PRESS ,0038]P  +1869mbar,T +3618mdegC
1594905051:[PRESS ,0038]P  +1879mbar,T+30370mdegC
1594905114:[PRESS ,0038]P  +2029mbar,T+30370mdegC
1594905116:[PRESS ,0038]P  +2039mbar,T +3618mdegC
1594905118:[PRESS ,0038]P  +2039mbar,T -8416mdegC
1594905119:[PRESS ,0038]P  +2049mbar,T+30370mdegC
1594905121:[PRESS ,0038]P  +2049mbar,T +3618mdegC
1594905123:[PRESS ,0038]P  +2049mbar,T+30370mdegC
1594905125:[PRESS ,0038]P  +2059mbar,T -8416mdegC
1594905127:[PRESS ,0038]P  +2059mbar,T+30370mdegC
1594905128:[PRESS ,0038]P  +2069mbar,T +3618mdegC
1594905130:[PRESS ,0038]P  +2069mbar,T+30370mdegC
1594905139:[BUOY  ,0087]from +2mbar/s to +4mbar/s
1594905139:[BUOY  ,0090]need to transfer -20mL (valve during 5667ms)
1594905139:[VALVE ,0034]valve opening 5667ms
1594905145:[VALVE ,0234]battery 15123mV,  477386uA, P  +2089mbar
1594905200:[PRESS ,0038]P  +2229mbar,T+30370mdegC
1594905202:[PRESS ,0038]P  +2249mbar,T -8416mdegC
1594905203:[PRESS ,0038]P  +2239mbar,T +3618mdegC
1594905205:[PRESS ,0038]P  +2249mbar,T+30370mdegC
1594905209:[PRESS ,0038]P  +2259mbar,T +3618mdegC
1594905212:[PRESS ,0038]P  +2269mbar,T -8416mdegC
1594905214:[PRESS ,0038]P  +2279mbar,T+30370mdegC
1594905286:[PRESS ,0038]P  +2469mbar,T+30370mdegC
1594905293:[PRESS ,0038]P  +2489mbar,T +3618mdegC
1594905294:[PRESS ,0038]P  +2489mbar,T+30370mdegC
1594905296:[PRESS ,0038]P  +2499mbar,T +3618mdegC
1594905298:[PRESS ,0038]P  +2509mbar,T+30370mdegC
1594905303:[PRESS ,0038]P  +2519mbar,T +3618mdegC
1594905309:[PRESS ,0038]P  +2529mbar,T+30370mdegC
1594905311:[PRESS ,0038]P  +2529mbar,T +3618mdegC
1594905371:[PRESS ,0038]P  +2649mbar,T+30370mdegC
1594905377:[PRESS ,0038]P  +2659mbar,T-23135mdegC
1594905378:[PRESS ,0038]P  +2649mbar,T +3618mdegC
1594905382:[PRESS ,0038]P  +2659mbar,T+30370mdegC
1594905384:[PRESS ,0038]P  +2659mbar,T +3618mdegC
1594905387:[PRESS ,0038]P  +2669mbar,T+30370mdegC
1594905389:[PRESS ,0038]P  +2679mbar,T +3618mdegC
1594905391:[PRESS ,0038]P  +2679mbar,T+30370mdegC
1594905396:[PRESS ,0038]P  +2679mbar,T +3618mdegC
1594905457:[PRESS ,0038]P  +2829mbar,T-23135mdegC
1594905459:[PRESS ,0038]P  +2839mbar,T +3618mdegC
1594905464:[PRESS ,0038]P  +2839mbar,T -8416mdegC
1594905466:[PRESS ,0038]P  +2839mbar,T +3618mdegC
1594905468:[PRESS ,0038]P  +2859mbar,T+30370mdegC
1594905470:[PRESS ,0038]P  +2859mbar,T +3618mdegC
1594905471:[PRESS ,0038]P  +2869mbar,T+30370mdegC
1594905473:[PRESS ,0038]P  +2859mbar,T +3618mdegC
1594905477:[PRESS ,0038]P  +2879mbar,T+30370mdegC
1594905480:[PRESS ,0038]P  +2889mbar,T +3618mdegC
1594905543:[PRESS ,0038]P  +3039mbar,T +3618mdegC
1594905546:[PRESS ,0038]P  +3039mbar,T+30370mdegC
1594905548:[PRESS ,0038]P  +3059mbar,T +3618mdegC
1594905550:[PRESS ,0038]P  +3049mbar,T+30370mdegC
1594905552:[PRESS ,0038]P  +3049mbar,T +3618mdegC
1594905557:[PRESS ,0038]P  +3069mbar,T+30370mdegC
1594905561:[PRESS ,0038]P  +3079mbar,T +3618mdegC
1594905566:[PRESS ,0038]P  +3079mbar,T-23135mdegC
1594905628:[PRESS ,0038]P  +3269mbar,T +3618mdegC
1594905646:[PRESS ,0038]P  +3319mbar,T+30370mdegC
1594905650:[PRESS ,0038]P  +3319mbar,T +3618mdegC
1594905714:[PRESS ,0038]P  +3499mbar,T +3618mdegC
1594905719:[PRESS ,0038]P  +3519mbar,T+30370mdegC
1594905721:[PRESS ,0038]P  +3519mbar,T +3618mdegC
1594905732:[PRESS ,0038]P  +3549mbar,T+30370mdegC
1594905734:[PRESS ,0038]P  +3559mbar,T +3618mdegC
1594905735:[PRESS ,0038]P  +3559mbar,T+30370mdegC
1594905737:[PRESS ,0038]P  +3559mbar,T +3618mdegC
1594905800:[PRESS ,0038]P  +3729mbar,T +3618mdegC
1594905803:[PRESS ,0038]P  +3729mbar,T-23135mdegC
1594905805:[PRESS ,0038]P  +3729mbar,T+30370mdegC
1594905807:[PRESS ,0038]P  +3739mbar,T +3618mdegC
1594905809:[PRESS ,0038]P  +3749mbar,T+30370mdegC
1594905810:[PRESS ,0038]P  +3759mbar,T +3618mdegC
1594905816:[PRESS ,0038]P  +3779mbar,T-23135mdegC
1594905819:[PRESS ,0038]P  +3789mbar,T +3618mdegC
1594905885:[PRESS ,0038]P  +3959mbar,T +3618mdegC
1594905892:[PRESS ,0038]P  +3969mbar,T+30370mdegC
1594905894:[PRESS ,0038]P  +3979mbar,T +3618mdegC
1594905896:[PRESS ,0038]P  +3979mbar,T-23135mdegC
1594905898:[PRESS ,0038]P  +3989mbar,T +3618mdegC
1594905900:[PRESS ,0038]P  +3989mbar,T-23135mdegC
1594905903:[PRESS ,0038]P  +3999mbar,T +3618mdegC
1594905971:[PRESS ,0038]P  +4149mbar,T-23135mdegC
1594905973:[PRESS ,0038]P  +4149mbar,T +3618mdegC
1594905975:[PRESS ,0038]P  +4159mbar,T-23135mdegC
1594905976:[PRESS ,0038]P  +4159mbar,T +3618mdegC
1594905978:[PRESS ,0038]P  +4169mbar,T-23135mdegC
1594905980:[PRESS ,0038]P  +4179mbar,T +3618mdegC
1594905984:[PRESS ,0038]P  +4189mbar,T-23135mdegC
1594905985:[PRESS ,0038]P  +4199mbar,T+30370mdegC
1594905987:[PRESS ,0038]P  +4199mbar,T +3618mdegC
1594905989:[PRESS ,0038]P  +4209mbar,T-23135mdegC
1594905991:[PRESS ,0038]P  +4209mbar,T +3618mdegC
1594905994:[PRESS ,0038]P  +4219mbar,T-23135mdegC
1594905996:[PRESS ,0038]P  +4229mbar,T +3618mdegC
1594906057:[PRESS ,0038]P  +4369mbar,T +3618mdegC
1594906059:[PRESS ,0038]P  +4379mbar,T+15646mdegC
1594906060:[PRESS ,0038]P  +4369mbar,T +3618mdegC
1594906064:[PRESS ,0038]P  +4379mbar,T-23135mdegC
1594906066:[PRESS ,0038]P  +4389mbar,T +3618mdegC
1594906068:[PRESS ,0038]P  +4389mbar,T-23135mdegC
1594906069:[PRESS ,0038]P  +4399mbar,T +3618mdegC
1594906071:[PRESS ,0038]P  +4409mbar,T-23135mdegC
1594906075:[PRESS ,0038]P  +4419mbar,T +3618mdegC
1594906077:[PRESS ,0038]P  +4409mbar,T-23135mdegC
1594906082:[PRESS ,0038]P  +4429mbar,T +3618mdegC
1594906143:[PRESS ,0038]P  +4559mbar,T +3618mdegC
1594906153:[PRESS ,0038]P  +4579mbar,T+30370mdegC
1594906155:[PRESS ,0038]P  +4579mbar,T-23135mdegC
1594906159:[PRESS ,0038]P  +4589mbar,T +3618mdegC
1594906160:[PRESS ,0038]P  +4609mbar,T-23135mdegC
1594906162:[PRESS ,0038]P  +4599mbar,T+30370mdegC
1594906164:[PRESS ,0038]P  +4599mbar,T +3618mdegC
1594906166:[PRESS ,0038]P  +4609mbar,T-23135mdegC
1594906168:[STAGE ,0213]4599mbar reached at 1594906168s, ref 5000mbar +/-500mbar
1594906228:[PRESS ,0038]P  +4739mbar,T +3618mdegC
1594906289:[PRESS ,0038]P  +4859mbar,T-23135mdegC
1594906350:[PRESS ,0038]P  +4969mbar,T +3618mdegC
1594906410:[PRESS ,0038]P  +5089mbar,T +3618mdegC
1594906410:[BUOY  ,0087]from +2mbar/s to +0mbar/s
1594906410:[BUOY  ,0089]need to transfer +6mL (pump during 7179ms)
1594906419:[PUMP  ,0207]battery 15491mV,   19398uA (warmup), P  +5089mbar
1594906419:[PUMP  ,0016]pump during 7179ms
1594906426:[PUMP  ,0212]battery 15267mV,  312442uA (steady state), P  +5089mbar
1594906474:[PRESS ,0038]P  +5189mbar,T-23135mdegC
1594906476:[PRESS ,0038]P  +5209mbar,T +3618mdegC
1594906478:[PRESS ,0038]P  +5199mbar,T-23135mdegC
1594906480:[PRESS ,0038]P  +5209mbar,T+30370mdegC
1594906482:[PRESS ,0038]P  +5209mbar,T-23135mdegC
1594906487:[PRESS ,0038]P  +5209mbar,T +3618mdegC
1594906489:[PRESS ,0038]P  +5219mbar,T-23135mdegC
1594906498:[PRESS ,0038]P  +5229mbar,T+15646mdegC
1594906499:[PRESS ,0038]P  +5229mbar,T-23135mdegC
1594906500:[BUOY  ,0087]from +1mbar/s to +0mbar/s
1594906500:[BUOY  ,0089]need to transfer +2mL (pump during 2393ms)
1594906508:[PUMP  ,0207]battery 15481mV,   19154uA (warmup), P  +5229mbar
1594906508:[PUMP  ,0016]pump during 2393ms
1594906563:[PRESS ,0038]P  +5319mbar,T +3618mdegC
1594906565:[PRESS ,0038]P  +5309mbar,T-23135mdegC
1594906579:[PRESS ,0038]P  +5329mbar,T-11109mdegC
1594906581:[PRESS ,0038]P  +5329mbar,T+15646mdegC
1594906583:[PRESS ,0038]P  +5319mbar,T-23135mdegC
1594906588:[BUOY  ,0087]from +1mbar/s to +0mbar/s
1594906588:[BUOY  ,0089]need to transfer +2mL (pump during 2393ms)
1594906597:[PUMP  ,0207]battery 15480mV,   19154uA (warmup), P  +5329mbar
1594906597:[PUMP  ,0016]pump during 2393ms
1594906652:[PRESS ,0038]P  +5379mbar,T-23135mdegC
1594906656:[PRESS ,0038]P  +5389mbar,T +3618mdegC
1594906658:[PRESS ,0038]P  +5389mbar,T+15646mdegC
1594906660:[PRESS ,0038]P  +5399mbar,T-23135mdegC
1594906661:[PRESS ,0038]P  +5389mbar,T+15646mdegC
1594906665:[PRESS ,0038]P  +5389mbar,T-23135mdegC
1594906667:[PRESS ,0038]P  +5399mbar,T +3618mdegC
1594906669:[PRESS ,0038]P  +5399mbar,T-23135mdegC
1594906670:[PRESS ,0038]P  +5399mbar,T+15646mdegC
1594906672:[PRESS ,0038]P  +5399mbar,T-23135mdegC
1594906674:[PRESS ,0038]P  +5399mbar,T +3618mdegC
1594906676:[PRESS ,0038]P  +5399mbar,T-23135mdegC
1594906678:[PRESS ,0038]P  +5409mbar,T+15646mdegC
1594906678:[MAIN  ,0140]stage[0] complete 1887s after mission start
1594906678:[MAIN  ,0056]stage[1]
1594906680:[MAIN  ,0024]internal pressure 81959Pa
1594906681:[MRMAID,0002]acq started
1594906691:[BUOY  ,0037]P  +5419mbar
1594906691:[STAGE ,0080]Stage [1] 5000mbar (+/-500mbar) 1800s (<1594908391s) MERMAID
1594906693:[STAGE ,0213]5419mbar reached at 1594906693s, ref 5000mbar +/-500mbar
1594906693:[BUOY  ,0087]from +1mbar/s to +0mbar/s
1594906693:[BUOY  ,0089]need to transfer +2mL (pump during 2393ms)
1594906702:[PUMP  ,0207]battery 15480mV,   19276uA (warmup), P  +5419mbar
1594906702:[PUMP  ,0016]pump during 2393ms
1594906717:[MRMAID,0184]acq already started
1594906734:[MRMAID,0059]stop canceled
1594906767:[PRESS ,0038]P  +5499mbar,T+15646mdegC
1594906769:[PRESS ,0038]P  +5499mbar,T +3618mdegC
1594906771:[PRESS ,0038]P  +5499mbar,T-23135mdegC
1594906773:[PRESS ,0038]P  +5509mbar,T +3618mdegC
1594906775:[PRESS ,0038]P  +5509mbar,T-23135mdegC
1594906782:[PRESS ,0038]P  +5509mbar,T +3618mdegC
1594906784:[PRESS ,0038]P  +5519mbar,T+15646mdegC
1594906788:[PRESS ,0038]P  +5519mbar,T-23135mdegC
1594906789:[PRESS ,0038]P  +5529mbar,T +3618mdegC
1594906793:[PRESS ,0038]P  +5539mbar,T-23135mdegC
1594906793:<WARN>[BUOY  ,0094]stage[1] should ASCENT, stuck at 5539mbar for the #1 time
1594906793:[BUOY  ,0087]from +1mbar/s to -2mbar/s
1594906793:[BUOY  ,0089]need to transfer +8mL (pump during 9574ms)
1594906793:[MRMAID,0003]acq stopped
1594906802:[PUMP  ,0207]battery 15480mV,   19032uA (warmup), P  +5539mbar
1594906802:[PUMP  ,0016]pump during 9574ms
1594906811:[PUMP  ,0212]battery 15255mV,  318176uA (steady state), P  +5539mbar
1594906815:[MRMAID,0002]acq started
1594906869:[PRESS ,0038]P  +5579mbar,T +3618mdegC
1594906871:[PRESS ,0038]P  +5579mbar,T-23135mdegC
1594906874:[PRESS ,0038]P  +5579mbar,T+15646mdegC
1594906878:[PRESS ,0038]P  +5579mbar,T-23135mdegC
1594906880:[PRESS ,0038]P  +5569mbar,T+15646mdegC
1594906881:[PRESS ,0038]P  +5579mbar,T-11109mdegC
1594906883:[PRESS ,0038]P  +5569mbar,T+15646mdegC
1594906888:[PRESS ,0038]P  +5569mbar,T-23135mdegC
1594906890:[PRESS ,0038]P  +5569mbar,T+15646mdegC
1594906892:[PRESS ,0038]P  +5579mbar,T-23135mdegC
1594906892:<WARN>[BUOY  ,0094]stage[1] should ASCENT, stuck at 5579mbar for the #2 time
1594906892:[BUOY  ,0087]from +0mbar/s to -2mbar/s
1594906892:[BUOY  ,0089]need to transfer +6mL (pump during 7180ms)
1594906892:[MRMAID,0052]Mermaid $STOPACK:+
1594906893:[MRMAID,0183]dropping spurious '0x31'
1594906893:[MRMAID,0183]dropping spurious '0x3B'
1594906893:[MRMAID,0185]2 spurious byte(s) received
1594906901:[PUMP  ,0207]battery 15470mV,   19032uA (warmup), P  +5579mbar
1594906901:[PUMP  ,0016]pump during 7180ms
1594906908:[PUMP  ,0212]battery 15245mV,  314028uA (steady state), P  +5579mbar
1594906911:[MRMAID,0002]acq started
1594906966:[PRESS ,0038]P  +5489mbar,T-23135mdegC
1594906975:[PRESS ,0038]P  +5469mbar,T+15646mdegC
1594906977:[PRESS ,0038]P  +5469mbar,T-23135mdegC
1594906979:[PRESS ,0038]P  +5469mbar,T+15646mdegC
1594906980:[PRESS ,0038]P  +5469mbar,T-23135mdegC
1594906984:[PRESS ,0038]P  +5459mbar,T+15646mdegC
1594906986:[PRESS ,0038]P  +5459mbar,T-11109mdegC
1594906989:[PRESS ,0038]P  +5449mbar,T+15646mdegC
1594907052:[PRESS ,0038]P  +5359mbar,T+15646mdegC
1594907089:[MRMAID,0027]54dbar, 16degC
1594907113:[PRESS ,0038]P  +5259mbar,T-23135mdegC
1594907234:[PRESS ,0038]P  +5139mbar,T-23135mdegC
1594907355:[PRESS ,0038]P  +5069mbar,T+15646mdegC
1594907476:[PRESS ,0038]P  +5039mbar,T-23135mdegC
1594907537:[PRESS ,0038]P  +5029mbar,T+15646mdegC
1594907598:[PRESS ,0038]P  +5009mbar,T-23135mdegC
1594907659:[PRESS ,0038]P  +4979mbar,T+15646mdegC
1594907659:[BUOY  ,0087]from -1mbar/s to +0mbar/s
1594907659:[BUOY  ,0090]need to transfer -2mL (valve during 364ms)
1594907659:[VALVE ,0034]valve opening 364ms
1594907670:[MRMAID,0184]acq already started
1594907730:[PRESS ,0038]P  +4949mbar,T-23135mdegC
1594907732:[PRESS ,0038]P  +4959mbar,T-11109mdegC
1594907733:[PRESS ,0038]P  +4959mbar,T+15646mdegC
1594907735:[PRESS ,0038]P  +4939mbar,T-23135mdegC
1594907737:[PRESS ,0038]P  +4959mbar,T+15646mdegC
1594907739:[PRESS ,0038]P  +4949mbar,T-23135mdegC
1594907741:[PRESS ,0038]P  +4959mbar,T+15646mdegC
1594907746:[PRESS ,0038]P  +4959mbar,T-23135mdegC
1594907748:[PRESS ,0038]P  +4949mbar,T+15646mdegC
1594907753:[PRESS ,0038]P  +4959mbar,T-23135mdegC
1594907755:[PRESS ,0038]P  +4959mbar,T+15646mdegC
1594907876:[PRESS ,0038]P  +5009mbar,T-23135mdegC
1594908058:[PRESS ,0038]P  +5049mbar,T+15646mdegC
1594908190:[MRMAID,0059]stop canceled
1594908204:[MRMAID,0005]ascent request rejected
1594908240:[PRESS ,0038]P  +5109mbar,T+15646mdegC
1594908295:[MRMAID,0027]51dbar, 16degC
1594908301:[PRESS ,0038]P  +5109mbar,T-23135mdegC
1594908422:[MAIN  ,0140]stage[1] complete 3631s after mission start
1594909026:<ERR>[MRMAID,0008]acq not stopped
1594909395:[MRMAID,0003]acq stopped
1594909395:[MRMAID,0052]Mermaid $MEASFS,97298,2431.566650,40.014531;
1594909411:[MRMAID,0005]ascent request rejected
1594909449:[MSSION,0192]mission stopped, 2 stage(s) done
1594909449:[MAIN  ,0065]surfacing
1594909450:[PRESS ,0038]P  +5349mbar,T+27670mdegC
1594909451:[SURFIN,0036]P  +5349mbar
1594909459:[PUMP  ,0207]battery 15507mV,   19520uA (warmup), P  +5349mbar
1594909459:[PUMP  ,0016]pump during 60000ms
1594909518:[PUMP  ,0212]battery 15267mV,  313784uA (steady state), P  +5349mbar
1594909575:[PRESS ,0038]P  +4929mbar,T+15646mdegC
1594909577:[PRESS ,0038]P  +4929mbar,T-11109mdegC
1594909583:[PRESS ,0038]P  +4899mbar,T+15646mdegC
1594909586:[PRESS ,0038]P  +4889mbar,T-11109mdegC
1594909590:[PRESS ,0038]P  +4869mbar,T+15646mdegC
1594909591:[PRESS ,0038]P  +4849mbar,T-11109mdegC
1594909593:[PRESS ,0038]P  +4829mbar,T+15646mdegC
1594909597:[PRESS ,0038]P  +4819mbar,T-11109mdegC
1594909599:[PRESS ,0038]P  +4809mbar,T+15646mdegC
1594909600:[PRESS ,0038]P  +4809mbar,T-11109mdegC
1594909609:[PUMP  ,0207]battery 15418mV,   19398uA (warmup), P  +4809mbar
1594909609:[PUMP  ,0016]pump during 60000ms
1594909668:[PUMP  ,0212]battery 15188mV,  311954uA (steady state), P  +4809mbar
1594909725:[PRESS ,0038]P  +4079mbar,T+15646mdegC
1594909732:[PRESS ,0038]P  +4049mbar,T-11109mdegC
1594909740:[PRESS ,0038]P  +3989mbar,T-11109mdegC
1594909750:[PRESS ,0038]P  +3929mbar,T+15646mdegC
1594909758:[PUMP  ,0207]battery 15355mV,   19398uA (warmup), P  +3929mbar
1594909758:[PUMP  ,0016]pump during 60000ms
1594909817:[PUMP  ,0212]battery 15130mV,  305488uA (steady state), P  +3929mbar
1594909875:[PRESS ,0038]P  +3149mbar,T-11109mdegC
1594909877:[PRESS ,0038]P  +3139mbar,T-23135mdegC
1594909879:[PRESS ,0038]P  +3129mbar,T-11109mdegC
1594909880:[PRESS ,0038]P  +3119mbar,T+15646mdegC
1594909884:[PRESS ,0038]P  +3109mbar,T-11109mdegC
1594909888:[PRESS ,0038]P  +3079mbar,T+15646mdegC
1594909891:[PRESS ,0038]P  +3059mbar,T+27670mdegC
1594909893:[PRESS ,0038]P  +3049mbar,T-11109mdegC
1594909900:[PRESS ,0038]P  +3009mbar,T+15646mdegC
1594909908:[PUMP  ,0207]battery 15312mV,   19520uA (warmup), P  +3009mbar
1594909908:[PUMP  ,0016]pump during 60000ms
1594909967:[PUMP  ,0212]battery 15090mV,  302804uA (steady state), P  +3009mbar
1594910025:[PRESS ,0038]P  +2119mbar,T-11109mdegC
1594910028:[PRESS ,0038]P  +2099mbar,T+15646mdegC
1594910039:[PRESS ,0038]P  +2039mbar,T+15646mdegC
1594910041:[PRESS ,0038]P  +2029mbar,T-23135mdegC
1594910043:[PRESS ,0038]P  +2029mbar,T+15646mdegC
1594910050:[PRESS ,0038]P  +1969mbar,T+15646mdegC
1594910058:[PUMP  ,0207]battery 15285mV,   19520uA (warmup), P  +1969mbar
1594910058:[PUMP  ,0016]pump during 60000ms
1594910117:[PUMP  ,0212]battery 15063mV,  300120uA (steady state), P  +1969mbar
1594910175:[PRESS ,0038]P  +1259mbar,T-11109mdegC
1594910178:[PRESS ,0038]P  +1249mbar,T+15646mdegC
1594910180:[PRESS ,0038]P  +1239mbar,T-23135mdegC
1594910182:[PRESS ,0038]P  +1229mbar,T+15646mdegC
1594910189:[PRESS ,0038]P  +1179mbar,T-11109mdegC
1594910198:[PRESS ,0038]P  +1119mbar,T+15646mdegC
1594910208:[PUMP  ,0207]battery 15268mV,   19520uA (warmup), P  +1109mbar
1594910208:[PUMP  ,0016]pump during 60000ms
1594910267:[PUMP  ,0212]battery 15050mV,  296948uA (steady state), P  +1109mbar
1594910324:[PRESS ,0038]P   +209mbar,T+15646mdegC
1594910333:[PRESS ,0038]P   +149mbar,T+15646mdegC
1594910339:[PRESS ,0038]P   +119mbar,T-11109mdegC
1594910344:[PRESS ,0038]P    +89mbar,T+15646mdegC
1594910346:[PRESS ,0038]P    +79mbar,T-11109mdegC
1594910348:[PRESS ,0038]P    +69mbar,T+15646mdegC
1594910349:[PRESS ,0038]P    +49mbar,T-11109mdegC
1594910351:[PRESS ,0038]P    +49mbar,T+15646mdegC
1594910353:[SURFIN,0020]filling external bladder
1594910361:[PUMP  ,0207]battery 15260mV,   19520uA (warmup), P    +39mbar
1594910361:[PUMP  ,0016]pump during 300000ms
1594910660:[PUMP  ,0212]battery 14750mV,  935008uA (steady state), P    +39mbar
1594910671:[PUMP  ,0207]battery 14813mV,   19154uA (warmup), P    +39mbar
1594910671:[PUMP  ,0016]pump during 300000ms
1594910729:[PUMP  ,0212]battery 14465mV,  893406uA (steady state), P    +39mbar
1594910731:[SURFIN,0019]external bladder full
1594910738:[PRESS ,0038]P    +60mbar,T-11109mdegC
1594910742:[PRESS ,0038]P    +70mbar,T+15646mdegC
1594910747:[PRESS ,0038]P    +50mbar,T+27670mdegC
1594910749:[PRESS ,0038]P    +50mbar,T-11109mdegC
1594910751:[PRESS ,0038]P    +50mbar,T+15646mdegC
1594910752:[PRESS ,0038]P    +60mbar,T-23135mdegC
1594910754:[PRESS ,0038]P    +60mbar,T+15646mdegC
1594910756:[PRESS ,0038]P    +50mbar,T-23135mdegC
1594910794:[MAIN  ,0272]Vbat 15029mV (min 14977mV)
1594910796:[MAIN  ,0024]internal pressure 79269Pa
1594910796:[MAIN  ,0043]Pext 55mbar (rng 20mbar)
1594910796:[MAIN  ,0064]surface
1594910806:[SURF  ,0022]GPS fix...
1594910807:<WARN>[GPSFIX,0123]GPRMC ms=30 #1
1594910827:[SURF  ,0015]10 PPS detected...
1594910828:[MRMAID,0052]Mermaid $GPSACK:+0,+0,+0,+0,+0,+0,-640;
1594910838:[MRMAID,0052]Mermaid $GPSOFF:3686330;
1594910838:[GPSFIX,0179]-1s diff
1594910839:[SURF  ,0222]2020-07-16T14:47:19
1594910839:[SURF  ,0082]Latitude : N43deg40.940mn, Longitude :E007deg19.178mn
1594910839:[SURF  ,0223]fix3D,8satellites
1594910839:[SURF  ,0084]GPS fix GPGSA : hdop0.800,vdop1.170
1594910849:[SURF  ,0274]last almanac : 14388
1594910925:[MRMAID,0026]25996 bytes in 0072/5F106886.MER
1594910931:[MAIN  ,0320]New pressure offset: 55mbar
1594910931:[LOGBIN,0078]*** switching to 0072/5F1068D3 ***
