1595237070:[MONITR,0197]reboot code 0x0000, src/monitor.c@520
1595237070:[MAIN  ,0007]buoy 452.120-R-0073
1595237070:[MAIN  ,0055]soft pilotage 452.012.300_V2.22-20200709
1595237070:[MAIN  ,0011]date 2020-07-20T09:24:30
1595237076:[MAIN  ,0006]battery 15491mV,    8296uA
1595237079:[MAIN  ,0024]internal pressure 81831Pa
1595237080:[PRESS ,0038]P    +50mbar,T+30706mdegC
1595237080:[MRMAID,0182]thread started
1595237082:[MRMAID,0186]no wake-up
1595237083:[MRMAID,0188]acq already stopped
1595237083:[MRMAID,0052]Mermaid $BOARD:452116600-73;
1595237084:[MRMAID,0052]Mermaid $SOFT:2.1344;
1595237084:[TESTMD,0053]Enter in test mode? yes/no
1595237084:[TESTMD,0252]0073>
1595237102:[TESTMD,0050]"yes"
1595237103:[TESTMD,0249]
Command list
pext    : Get external pressure
pint    : Get internal vacuum
ui      : Get voltage/current
act     : Test actuators
fillb   : Pump until filling the bladder
bpopen  : Open bypass
bpclose : Close bypass
date    : Get date
gps     : GPS synchronization
iridium : Iridium transfer
mstart  : Start mermaid acq
mstop   : Stop mermaid acq
mdata   : Get mermaid datas
mchecksd  : Start mermaid acq
mdump  : Send data REQUEST command with date and duration
s41dumpa : Get averaged CTD datas
s41dumpr : Get raw CTD datas
ls      : List files
cp      : Copy file or directory content on the desktop
rm      : Remove a file
h       : Print command list
q       : Quit

Advanced
pumps X : pompe Xs (lent)
pumpf X : pompe Xs (rapide)
evh     : ouvre l'electrovalve 30s
bypass  : ouvre le bypass 30s
dvmine  : deverminage de la carte
nominal : mode nominal pour mesure de conso
cychydr : test du circuit hydraulique
mkdir   : creer un repertoire
mv      : deplacer un fichier
ps      : liste les processus

Set params
stage   : Stage settings
buoy    : Buoy settings
p2t     : Pressure sensor settings
log     : Verb cfg
mermaid : Mermaid cfg
upload  : On/Off Irid transfer
sys  : system param settings


1595237103:[TESTMD,0252]0073>
1595237106:[TESTMD,0050]"act"
1595237107:[SURFIN,0020]filling external bladder
1595237110:[SURFIN,0019]external bladder full
1595237115:[VALVE ,0034]valve opening 30000ms
1595237150:[SURFIN,0020]filling external bladder
1595237158:[PUMP  ,0016]pump during 300000ms
1595237166:[SURFIN,0019]external bladder full
1595237166:[TESTMD,0045]pump run 6s
1595237171:[BYPASS,0035]bypass opening 30000ms
1595237216:[SURFIN,0020]filling external bladder
1595237224:[PUMP  ,0016]pump during 300000ms
1595237314:[SURFIN,0019]external bladder full
1595237314:[TESTMD,0045]pump run 88s
1595237319:[TESTMD,0066]test done
1595237319:[TESTMD,0252]0073>
1595237325:[TESTMD,0050]"gps"
1595237333:[SURF  ,0022]GPS fix...
1595237333:<WARN>[GPSFIX,0123]GPRMC ms=440 #1
1595237377:[SURF  ,0015]10 PPS detected...
1595237379:[MRMAID,0052]Mermaid $GPSACK:+50,+6,+19,+9,+23,+9,-198608;
1595237389:[MRMAID,0052]Mermaid $GPSOFF:3686295;
1595237390:[GPSFIX,0179]-1s diff
1595237391:[SURF  ,0222]2020-07-20T09:29:51
1595237391:[SURF  ,0082]Latitude : N43deg41.965mn, Longitude :E007deg18.502mn
1595237391:[SURF  ,0223]fix3D,8satellites
1595237391:[SURF  ,0084]GPS fix GPGSA : hdop1.010,vdop1.370
1595237406:[TESTMD,0252]0073>
1595237420:[TESTMD,0050]"gps"
1595237431:[SURF  ,0022]GPS fix...
1595237452:[SURF  ,0015]10 PPS detected...
1595237453:[MRMAID,0052]Mermaid $GPSACK:+0,+0,+0,+0,+0,+0,+0;
1595237463:[MRMAID,0052]Mermaid $GPSOFF:3686295;
1595237465:[GPSFIX,0179]-1s diff
1595237466:[SURF  ,0222]2020-07-20T09:31:06
1595237466:[SURF  ,0082]Latitude : N43deg41.966mn, Longitude :E007deg18.504mn
1595237466:[SURF  ,0223]fix3D,8satellites
1595237466:[SURF  ,0084]GPS fix GPGSA : hdop1.010,vdop1.380
1595237481:[TESTMD,0252]0073>
1595237482:[TESTMD,0050]"iridium"
1595237493:[SURF  ,0025]Iridium...
1595237537:[SURF  ,0009]connected in 44s, signal quality 5
1595237606:[SURF  ,0218]prompt received, remote cmd end
1595237606:[SURF  ,0012]16 cmd(s) received
1595237627:[UPLOAD,0248]Upload data files...
1595237650:[UPLOAD,0231]"0073/5F115FA8.BIN" uploaded at 113bytes/s
1595237669:[MAIN  ,0013]1 file(s) uploaded
1595237701:[SURF  ,0014]disconnected after 208s
1595237706:[TESTMD,0252]0073>
