1595399001:[MAIN  ,0007]buoy 452.120-R-0073
1595399001:[MAIN  ,0055]soft pilotage 452.012.300_V2.22-20200709
1595399001:[MAIN  ,0010]cycle 11
1595399001:[SURF  ,0225]surface2
1595399012:[SURF  ,0022]GPS fix...
1595399032:[SURF  ,0015]10 PPS detected...
1595399033:[MRMAID,0052]Mermaid $GPSACK:+0,+0,+0,+0,+0,+0,-30;
1595399043:[MRMAID,0052]Mermaid $GPSOFF:3686297;
1595399044:[GPSFIX,0179]-1s diff
1595399045:[SURF  ,0222]2020-07-22T06:24:05
1595399045:[SURF  ,0082]Latitude : N43deg40.942mn, Longitude :E007deg19.180mn
1595399045:[SURF  ,0223]fix3D,8satellites
1595399045:[SURF  ,0084]GPS fix GPGSA : hdop0.730,vdop1.040
1595399055:[SURF  ,0025]Iridium...
1595399098:[SURF  ,0009]connected in 43s, signal quality 5
1595399187:[SURF  ,0218]prompt received, remote cmd end
1595399187:[SURF  ,0012]16 cmd(s) received
1595399208:[UPLOAD,0248]Upload data files...
1595399383:[UPLOAD,0231]"0073/5F17DB0C.MER" uploaded at 154bytes/s
1595399440:[UPLOAD,0231]"0073/5F17BDEB.BIN" uploaded at 127bytes/s
1595399456:[MAIN  ,0013]2 file(s) uploaded
1595399489:[SURF  ,0014]disconnected after 434s
1595399494:[SURFIN,0020]filling external bladder
1595399502:[PUMP  ,0207]battery 15060mV,   18544uA (warmup), P   +130mbar
1595399502:[PUMP  ,0016]pump during 300000ms
1595399510:[PUMP  ,0212]battery 14590mV,  865346uA (steady state), P   +130mbar
1595399512:[SURFIN,0019]external bladder full
1595399512:[SURF  ,0227]1st complete transfer
1595399524:[SURF  ,0022]GPS fix...
1595399544:[SURF  ,0015]10 PPS detected...
1595399545:[MRMAID,0052]Mermaid $GPSACK:+0,+0,+0,+0,+0,+0,-30;
1595399555:[MRMAID,0052]Mermaid $GPSOFF:3686297;
1595399556:[GPSFIX,0179]-1s diff
1595399557:[SURF  ,0222]2020-07-22T06:32:37
1595399557:[SURF  ,0082]Latitude : N43deg40.941mn, Longitude :E007deg19.180mn
1595399557:[SURF  ,0223]fix3D,8satellites
1595399557:[SURF  ,0084]GPS fix GPGSA : hdop0.730,vdop1.030
1595399574:[MAIN  ,0024]internal pressure 80707Pa
1595399575:[BYCMD ,0107]    FreeRTOS V8.2.3
1595399575:[BYCMD ,0108]    FatFS v11a
1595399575:[BYCMD ,0120]    bypass 10000ms 60000ms (20000ms 60000ms stored)
1595399575:[BYCMD ,0121]    valve 60000ms 12750 (60000ms 12750 stored)
1595399575:[BYCMD ,0122]    pump 60000ms 30% 10750 80% (60000ms 30% 10750 80% stored)
1595399575:[BYCMD ,0123]    rate 2mbar/s (2mbar/s stored)
1595399575:[BYCMD ,0124]    surface 500mbar (500mbar stored)
1595399575:[BYCMD ,0125]    near 1500mbar 3mbar/s (15000mbar 3mbar/s stored)
1595399575:[BYCMD ,0126]    far 2500mbar 4mbar/s (25000mbar 4mbar/s stored)
1595399575:[BYCMD ,0127]    ascent 8mbar/s (8mbar/s stored)
1595399575:[BYCMD ,0128]    dead 60s (300s stored)
1595399575:[BYCMD ,0129]    coeff 16/10 (16/10 stored)
1595399575:[BYCMD ,0130]    stab 10 (10 stored)
1595399575:[BYCMD ,0131]    delay 900s 3600s (900s 3600s stored)
1595399575:[BYCMD ,0132]    mmtime 2880min (2880min stored)
1595399575:[BYCMD ,0133]    dv_landing 100ml (100ml stored)
1595399575:[MKDCMD,0150]    p2t37: 15x2000ms, offset 130mbar
1595399575:[P2TCMD,0151]    p2t37: dp 50mbar, dt 5000mdegC
1595399576:[STAGE ,0080]Stage [0] 5000mbar (+/-500mbar) 1800s (<1800s) 
1595399576:[STAGE ,0080]Stage [1] 5000mbar (+/-500mbar) 1800s (<3600s) MERMAID
1595399576:[MAIN  ,0070]turn off bluetooth
1595399578:[PRESS ,0038]P    -10mbar,T+27074mdegC
1595399603:[DIVING,0141]diving from -20mbar, +0mbar/s
1595399603:[BYPASS,0035]bypass opening 60000ms
1595399608:[BYPASS,0104]battery 14933mV,  246440uA (bypass opening), P    -20mbar
1595399673:[BYPASS,0106]battery 14945mV,  294264uA (bypass closing), P    -20mbar
1595399675:[PRESS ,0038]P   -110mbar,T+26166mdegC
1595399700:[BYPASS,0035]bypass opening 10000ms
1595399705:[BYPASS,0104]battery 14983mV,  248148uA (bypass opening), P   -100mbar
1595399720:[BYPASS,0106]battery 14956mV,  293166uA (bypass closing), P   -100mbar
1595399746:[BYPASS,0035]bypass opening 10000ms
1595399752:[BYPASS,0104]battery 14993mV,  247050uA (bypass opening), P   -110mbar
1595399767:[BYPASS,0106]battery 14967mV,  292312uA (bypass closing), P   -110mbar
1595399793:[BYPASS,0035]bypass opening 10000ms
1595399798:[BYPASS,0104]battery 15002mV,  243634uA (bypass opening), P   -120mbar
1595399813:[BYPASS,0106]battery 14976mV,  291702uA (bypass closing), P   -120mbar
1595399840:[BYPASS,0035]bypass opening 10000ms
1595399845:[BYPASS,0104]battery 15010mV,  244122uA (bypass opening), P   -100mbar
1595399860:[BYPASS,0106]battery 14985mV,  291092uA (bypass closing), P   -100mbar
1595399886:[BYPASS,0035]bypass opening 10000ms
1595399891:[BYPASS,0104]battery 15017mV,  242048uA (bypass opening), P   -100mbar
1595399907:[BYPASS,0106]battery 14991mV,  290482uA (bypass closing), P   -100mbar
1595399933:[BYPASS,0035]bypass opening 10000ms
1595399938:[BYPASS,0104]battery 15023mV,  244122uA (bypass opening), P   -100mbar
1595399953:[BYPASS,0106]battery 14997mV,  289994uA (bypass closing), P   -100mbar
1595399980:[BYPASS,0035]bypass opening 10000ms
1595399985:[BYPASS,0104]battery 15030mV,  243512uA (bypass opening), P   -110mbar
1595400000:[BYPASS,0106]battery 15003mV,  289506uA (bypass closing), P   -110mbar
1595400026:[BYPASS,0035]bypass opening 10000ms
1595400031:[BYPASS,0104]battery 15035mV,  245342uA (bypass opening), P   -100mbar
1595400047:[BYPASS,0106]battery 15008mV,  288896uA (bypass closing), P   -100mbar
1595400054:[PRESS ,0038]P    -50mbar,T+27074mdegC
1595400071:[PRESS ,0038]P    +20mbar,T+26166mdegC
1595400098:[PRESS ,0038]P    +80mbar,T+27982mdegC
1595400123:[BYPASS,0035]bypass opening 10000ms
1595400128:[BYPASS,0104]battery 15058mV,  246196uA (bypass opening), P   +100mbar
1595400143:[BYPASS,0106]battery 15030mV,  289506uA (bypass closing), P   +100mbar
1595400145:[PRESS ,0038]P   +180mbar,T+27074mdegC
1595400154:[PRESS ,0038]P   +250mbar,T+27074mdegC
1595400164:[PRESS ,0038]P   +320mbar,T+27074mdegC
1595400172:[PRESS ,0038]P   +380mbar,T+26166mdegC
1595400181:[PRESS ,0038]P   +440mbar,T+27074mdegC
1595400186:[PRESS ,0038]P   +500mbar,T+27074mdegC
1595400188:[DIVING,0028]520mbar reached (+8mbar/s), 10 bypass done
1595400189:[MAIN  ,0056]stage[0]
1595400191:[MAIN  ,0024]internal pressure 84342Pa
1595400192:[BUOY  ,0037]P   +540mbar
1595400192:[STAGE ,0080]Stage [0] 5000mbar (+/-500mbar) 1800s (<1595401988s) 
1595400194:[PRESS ,0038]P   +570mbar,T+27074mdegC
1595400254:[PRESS ,0038]P  +1070mbar,T+27074mdegC
1595400263:[PRESS ,0038]P  +1140mbar,T+27074mdegC
1595400274:[PRESS ,0038]P  +1210mbar,T+27982mdegC
1595400340:[PRESS ,0038]P  +1570mbar,T+27982mdegC
1595400350:[PRESS ,0038]P  +1630mbar,T+27982mdegC
1595400363:[PRESS ,0038]P  +1690mbar,T+27074mdegC
1595400425:[PRESS ,0038]P  +1920mbar,T+27982mdegC
1595400450:[BUOY  ,0087]from +2mbar/s to +4mbar/s
1595400450:[BUOY  ,0090]need to transfer -20mL (valve during 5795ms)
1595400450:[VALVE ,0034]valve opening 5795ms
1595400456:[VALVE ,0234]battery 14985mV,  498980uA, P  +1970mbar
1595400511:[PRESS ,0038]P  +2140mbar,T+27982mdegC
1595400536:[BUOY  ,0087]from +2mbar/s to +4mbar/s
1595400536:[BUOY  ,0090]need to transfer -20mL (valve during 5543ms)
1595400536:[VALVE ,0034]valve opening 5543ms
1595400541:[VALVE ,0234]battery 14988mV,  496418uA, P  +2190mbar
1595400596:[PRESS ,0038]P  +2390mbar,T+27982mdegC
1595400614:[PRESS ,0038]P  +2460mbar,T+27074mdegC
1595400682:[PRESS ,0038]P  +2850mbar,T+27982mdegC
1595400691:[PRESS ,0038]P  +2910mbar,T+26166mdegC
1595400700:[PRESS ,0038]P  +2970mbar,T+27074mdegC
1595400707:[PRESS ,0038]P  +3030mbar,T+27074mdegC
1595400707:[BUOY  ,0087]from +7mbar/s to +3mbar/s
1595400707:[BUOY  ,0089]need to transfer +64mL (pump during 77859ms)
1595400715:[PUMP  ,0207]battery 15338mV,   19154uA (warmup), P  +3030mbar
1595400715:[PUMP  ,0016]pump during 60000ms
1595400774:[PUMP  ,0212]battery 15123mV,  282064uA (steady state), P  +3030mbar
1595400779:[PRESS ,0038]P  +3520mbar,T+27074mdegC
1595400788:[PRESS ,0038]P  +3580mbar,T+27074mdegC
1595400800:[PRESS ,0038]P  +3640mbar,T+27074mdegC
1595400804:[BUOY  ,0087]from +5mbar/s to +2mbar/s
1595400804:[BUOY  ,0089]need to transfer +34mL (pump during 41343ms)
1595400812:[PUMP  ,0207]battery 15268mV,   18910uA (warmup), P  +3660mbar
1595400812:[PUMP  ,0016]pump during 41343ms
1595400853:[PUMP  ,0212]battery 15053mV,  290116uA (steady state), P  +3660mbar
1595400868:[PRESS ,0038]P  +3930mbar,T+26166mdegC
1595400884:[PRESS ,0038]P  +3990mbar,T+25257mdegC
1595400893:[BUOY  ,0087]from +4mbar/s to +2mbar/s
1595400893:[BUOY  ,0089]need to transfer +20mL (pump during 24320ms)
1595400901:[PUMP  ,0207]battery 15240mV,   19032uA (warmup), P  +4030mbar
1595400901:[PUMP  ,0016]pump during 24320ms
1595400925:[PUMP  ,0212]battery 15026mV,  289994uA (steady state), P  +4030mbar
1595400957:[PRESS ,0038]P  +4140mbar,T+26166mdegC
1595400981:<WARN>[BUOY  ,0094]stage[0] should DESCENT, stuck at 4150mbar for the #1 time
1595400982:[BUOY  ,0087]from +0mbar/s to +2mbar/s
1595400982:[BUOY  ,0090]need to transfer -6mL (valve during 1195ms)
1595400982:[VALVE ,0034]valve opening 1195ms
1595400983:[VALVE ,0234]battery 14912mV,  496906uA, P  +4150mbar
1595401042:[PRESS ,0038]P  +4200mbar,T+26166mdegC
1595401128:[PRESS ,0038]P  +4340mbar,T+26166mdegC
1595401213:[PRESS ,0038]P  +4540mbar,T+26166mdegC
1595401238:[STAGE ,0213]4580mbar reached at 1595401238s, ref 5000mbar +/-500mbar
1595401299:[PRESS ,0038]P  +4720mbar,T+25257mdegC
1595401359:[PRESS ,0038]P  +4850mbar,T+25257mdegC
1595401420:[PRESS ,0038]P  +5020mbar,T+25257mdegC
1595401420:[BUOY  ,0087]from +2mbar/s to +0mbar/s
1595401420:[BUOY  ,0089]need to transfer +6mL (pump during 7244ms)
1595401428:[PUMP  ,0207]battery 15350mV,   19032uA (warmup), P  +5020mbar
1595401428:[PUMP  ,0016]pump during 7244ms
1595401435:[PUMP  ,0212]battery 15123mV,  293654uA (steady state), P  +5020mbar
1595401484:[PRESS ,0038]P  +5140mbar,T+24350mdegC
1595401509:[PRESS ,0038]P  +5200mbar,T+24350mdegC
1595401509:[BUOY  ,0087]from +2mbar/s to +0mbar/s
1595401509:[BUOY  ,0089]need to transfer +6mL (pump during 7244ms)
1595401517:[PUMP  ,0207]battery 15350mV,   18910uA (warmup), P  +5200mbar
1595401517:[PUMP  ,0016]pump during 7244ms
1595401524:[PUMP  ,0212]battery 15122mV,  296704uA (steady state), P  +5200mbar
1595401573:[PRESS ,0038]P  +5280mbar,T+24350mdegC
1595401598:[BUOY  ,0087]from +1mbar/s to +0mbar/s
1595401598:[BUOY  ,0089]need to transfer +2mL (pump during 2415ms)
1595401606:[PUMP  ,0207]battery 15351mV,   18910uA (warmup), P  +5300mbar
1595401606:[PUMP  ,0016]pump during 2415ms
1595401662:[PRESS ,0038]P  +5340mbar,T+25257mdegC
1595401990:[PRESS ,0038]P  +5430mbar,T+23442mdegC
1595401990:[MAIN  ,0140]stage[0] complete 1802s after mission start
1595401990:[MAIN  ,0056]stage[1]
1595401992:[MAIN  ,0024]internal pressure 82994Pa
1595401993:[MRMAID,0002]acq started
1595402003:[BUOY  ,0037]P  +5460mbar
1595402003:[STAGE ,0080]Stage [1] 5000mbar (+/-500mbar) 1800s (<1595403788s) MERMAID
1595402005:[STAGE ,0213]5450mbar reached at 1595402005s, ref 5000mbar +/-500mbar
1595402066:[PRESS ,0038]P  +5490mbar,T+23442mdegC
1595402126:[PRESS ,0038]P  +5570mbar,T+24350mdegC
1595402126:<WARN>[BUOY  ,0094]stage[1] should ASCENT, stuck at 5570mbar for the #1 time
1595402126:[BUOY  ,0087]from +0mbar/s to -2mbar/s
1595402126:[BUOY  ,0089]need to transfer +6mL (pump during 7222ms)
1595402127:[MRMAID,0003]acq stopped
1595402135:[PUMP  ,0207]battery 15397mV,   18910uA (warmup), P  +5570mbar
1595402135:[PUMP  ,0016]pump during 7222ms
1595402142:[PUMP  ,0212]battery 15157mV,  303780uA (steady state), P  +5570mbar
1595402146:[MRMAID,0002]acq started
1595402200:[PRESS ,0038]P  +5630mbar,T+24350mdegC
1595402225:<WARN>[BUOY  ,0094]stage[1] should ASCENT, stuck at 5630mbar for the #2 time
1595402225:[BUOY  ,0087]from +0mbar/s to -2mbar/s
1595402225:[BUOY  ,0089]need to transfer +6mL (pump during 7222ms)
1595402225:[MRMAID,0003]acq stopped
1595402234:[PUMP  ,0207]battery 15392mV,   18788uA (warmup), P  +5630mbar
1595402234:[PUMP  ,0016]pump during 7222ms
1595402241:[PUMP  ,0212]battery 15153mV,  303414uA (steady state), P  +5630mbar
1595402244:[MRMAID,0002]acq started
1595402308:[PRESS ,0038]P  +5570mbar,T+23442mdegC
1595402385:[PRESS ,0038]P  +5470mbar,T+23442mdegC
1595402398:[MRMAID,0027]54dbar, 23degC
1595402470:[PRESS ,0038]P  +5340mbar,T+23442mdegC
1595402531:[PRESS ,0038]P  +5280mbar,T+23442mdegC
1595402773:[PRESS ,0038]P  +5190mbar,T+22534mdegC
1595402895:[PRESS ,0038]P  +5130mbar,T+24350mdegC
1595403077:[PRESS ,0038]P  +5050mbar,T+23442mdegC
1595403441:[PRESS ,0038]P  +5120mbar,T+23442mdegC
1595403513:[MRMAID,0005]ascent request rejected
1595403598:[MRMAID,0027]52dbar, 23degC
1595403623:[PRESS ,0038]P  +5210mbar,T+22534mdegC
1595403683:[PRESS ,0038]P  +5270mbar,T+22534mdegC
1595403805:[MAIN  ,0140]stage[1] complete 3617s after mission start
1595404408:<ERR>[MRMAID,0008]acq not stopped
1595404700:[MRMAID,0003]acq stopped
1595404700:[MRMAID,0052]Mermaid $MEASFS,96146,2402.810577,40.013974;
1595404710:[MSSION,0192]mission stopped, 2 stage(s) done
1595404710:[MAIN  ,0065]surfacing
1595404712:[PRESS ,0038]P  +5450mbar,T+21626mdegC
1595404712:[SURFIN,0036]P  +5450mbar
1595404715:<WARN>[MERCMD,0006]ascent request while not in mission
1595404715:[MRMAID,0003]acq stopped
1595404720:[PUMP  ,0207]battery 15437mV,   20984uA (warmup), P  +5450mbar
1595404720:[PUMP  ,0016]pump during 60000ms
1595404779:[PUMP  ,0212]battery 15168mV,  315736uA (steady state), P  +5450mbar
1595404837:[PRESS ,0038]P  +5180mbar,T+22534mdegC
1595404855:[PRESS ,0038]P  +5120mbar,T+21626mdegC
1595404870:[PUMP  ,0207]battery 15360mV,   19276uA (warmup), P  +5100mbar
1595404870:[PUMP  ,0016]pump during 60000ms
1595404929:[PUMP  ,0212]battery 15102mV,  304512uA (steady state), P  +5100mbar
1595404987:[PRESS ,0038]P  +4440mbar,T+21626mdegC
1595404997:[PRESS ,0038]P  +4380mbar,T+20718mdegC
1595405011:[PRESS ,0038]P  +4320mbar,T+21626mdegC
1595405020:[PUMP  ,0207]battery 15301mV,   19276uA (warmup), P  +4320mbar
1595405020:[PUMP  ,0016]pump during 60000ms
1595405079:[PUMP  ,0212]battery 15053mV,  294752uA (steady state), P  +4320mbar
1595405136:[PRESS ,0038]P  +3440mbar,T+21626mdegC
1595405145:[PRESS ,0038]P  +3380mbar,T+22534mdegC
1595405152:[PRESS ,0038]P  +3320mbar,T+21626mdegC
1595405169:[PUMP  ,0207]battery 15262mV,   19398uA (warmup), P  +3270mbar
1595405169:[PUMP  ,0016]pump during 60000ms
1595405228:[PUMP  ,0212]battery 15011mV,  299632uA (steady state), P  +3270mbar
1595405286:[PRESS ,0038]P  +2270mbar,T+21626mdegC
1595405297:[PRESS ,0038]P  +2210mbar,T+21626mdegC
1595405304:[PRESS ,0038]P  +2150mbar,T+20718mdegC
1595405319:[PUMP  ,0207]battery 15236mV,   19398uA (warmup), P  +2120mbar
1595405319:[PUMP  ,0016]pump during 60000ms
1595405378:[PUMP  ,0212]battery 14996mV,  283894uA (steady state), P  +2120mbar
1595405436:[PRESS ,0038]P  +1450mbar,T+22534mdegC
1595405453:[PRESS ,0038]P  +1390mbar,T+22534mdegC
1595405468:[PUMP  ,0207]battery 15218mV,   19398uA (warmup), P  +1370mbar
1595405469:[PUMP  ,0016]pump during 60000ms
1595405527:[PUMP  ,0212]battery 14983mV,  276330uA (steady state), P  +1370mbar
1595405585:[PRESS ,0038]P   +500mbar,T+22534mdegC
1595405592:[PRESS ,0038]P   +430mbar,T+21626mdegC
1595405601:[PRESS ,0038]P   +370mbar,T+21626mdegC
1595405608:[PRESS ,0038]P   +310mbar,T+22534mdegC
1595405614:[SURFIN,0020]filling external bladder
1595405622:[PUMP  ,0207]battery 15210mV,   19398uA (warmup), P   +280mbar
1595405622:[PUMP  ,0016]pump during 300000ms
1595405920:[PUMP  ,0212]battery 14633mV,  891210uA (steady state), P   +280mbar
1595405931:[PUMP  ,0207]battery 14718mV,   19032uA (warmup), P   +280mbar
1595405931:[PUMP  ,0016]pump during 300000ms
1595406004:[PUMP  ,0212]battery 14348mV,  844484uA (steady state), P   +280mbar
1595406006:[SURFIN,0019]external bladder full
1595406008:[PRESS ,0038]P   +140mbar,T+24350mdegC
1595406068:[MAIN  ,0272]Vbat 14916mV (min 14795mV)
1595406070:[MAIN  ,0024]internal pressure 80280Pa
1595406070:[MAIN  ,0043]Pext 131mbar (rng 30mbar)
1595406070:[MAIN  ,0064]surface
1595406080:[SURF  ,0022]GPS fix...
1595406081:<WARN>[GPSFIX,0123]GPRMC ms=20 #1
1595406101:[SURF  ,0015]10 PPS detected...
1595406103:[MRMAID,0052]Mermaid $GPSACK:+0,+0,+0,+0,+0,+0,-366;
1595406112:[MRMAID,0052]Mermaid $GPSOFF:3686297;
1595406113:[GPSFIX,0179]+0s diff
1595406113:[SURF  ,0222]2020-07-22T08:21:53
1595406113:[SURF  ,0082]Latitude : N43deg40.939mn, Longitude :E007deg19.180mn
1595406113:[SURF  ,0223]fix3D,9satellites
1595406113:[SURF  ,0084]GPS fix GPGSA : hdop0.710,vdop0.950
1595406123:[SURF  ,0274]last almanac : 1118181
1595406199:[MRMAID,0026]26015 bytes in 0073/5F17F730.MER
1595406205:[MAIN  ,0320]New pressure offset: 131mbar
1595406205:[LOGBIN,0078]*** switching to 0073/5F17F77D ***
