1595384427:[MAIN  ,0007]buoy 452.120-R-0073
1595384427:[MAIN  ,0055]soft pilotage 452.012.300_V2.22-20200709
1595384427:[MAIN  ,0010]cycle 9
1595384427:[SURF  ,0225]surface2
1595384446:[SURF  ,0022]GPS fix...
1595384466:[SURF  ,0015]10 PPS detected...
1595384467:[MRMAID,0052]Mermaid $GPSACK:+0,+0,+0,+0,+0,+0,-30;
1595384477:[MRMAID,0052]Mermaid $GPSOFF:3686297;
1595384477:[GPSFIX,0179]-1s diff
1595384478:[SURF  ,0222]2020-07-22T02:21:18
1595384478:[SURF  ,0082]Latitude : N43deg40.936mn, Longitude :E007deg19.180mn
1595384478:[SURF  ,0223]fix3D,9satellites
1595384478:[SURF  ,0084]GPS fix GPGSA : hdop0.630,vdop1.040
1595384488:[SURF  ,0025]Iridium...
1595384523:[SURF  ,0009]connected in 35s, signal quality 5
1595384595:[SURF  ,0218]prompt received, remote cmd end
1595384595:[SURF  ,0012]17 cmd(s) received
1595384618:[UPLOAD,0248]Upload data files...
1595384665:[UPLOAD,0231]"0073/5F178840.MER" uploaded at 125bytes/s
1595384734:[UPLOAD,0231]"0073/5F176ED7.BIN" uploaded at 128bytes/s
1595384791:[UPLOAD,0231]"0073/5F17886F.BIN" uploaded at 126bytes/s
1595384911:[UPLOAD,0231]"0073/5F17A234.MER" uploaded at 149bytes/s
1595384927:[MAIN  ,0013]4 file(s) uploaded
1595384958:[SURF  ,0014]disconnected after 470s
1595384964:[SURFIN,0020]filling external bladder
1595384972:[PUMP  ,0207]battery 15060mV,   18544uA (warmup), P   +130mbar
1595384972:[PUMP  ,0016]pump during 300000ms
1595384980:[PUMP  ,0212]battery 14585mV,  859734uA (steady state), P   +130mbar
1595384982:[SURFIN,0019]external bladder full
1595384982:[SURF  ,0227]1st complete transfer
1595384995:[SURF  ,0022]GPS fix...
1595385015:[SURF  ,0015]10 PPS detected...
1595385016:[MRMAID,0052]Mermaid $GPSACK:+0,+0,+0,+0,+0,+0,+0;
1595385026:[MRMAID,0052]Mermaid $GPSOFF:3686297;
1595385028:[GPSFIX,0179]+0s diff
1595385028:[SURF  ,0222]2020-07-22T02:30:28
1595385028:[SURF  ,0082]Latitude : N43deg40.936mn, Longitude :E007deg19.180mn
1595385028:[SURF  ,0223]fix3D,10satellites
1595385028:[SURF  ,0084]GPS fix GPGSA : hdop0.600,vdop0.990
1595385045:[MAIN  ,0024]internal pressure 80740Pa
1595385046:[BYCMD ,0107]    FreeRTOS V8.2.3
1595385046:[BYCMD ,0108]    FatFS v11a
1595385046:[BYCMD ,0120]    bypass 10000ms 60000ms (20000ms 60000ms stored)
1595385046:[BYCMD ,0121]    valve 60000ms 12750 (60000ms 12750 stored)
1595385046:[BYCMD ,0122]    pump 60000ms 30% 10750 80% (60000ms 30% 10750 80% stored)
1595385046:[BYCMD ,0123]    rate 2mbar/s (2mbar/s stored)
1595385046:[BYCMD ,0124]    surface 500mbar (500mbar stored)
1595385046:[BYCMD ,0125]    near 1500mbar 3mbar/s (15000mbar 3mbar/s stored)
1595385046:[BYCMD ,0126]    far 2500mbar 4mbar/s (25000mbar 4mbar/s stored)
1595385046:[BYCMD ,0127]    ascent 8mbar/s (8mbar/s stored)
1595385046:[BYCMD ,0128]    dead 60s (300s stored)
1595385046:[BYCMD ,0129]    coeff 16/10 (16/10 stored)
1595385046:[BYCMD ,0130]    stab 10 (10 stored)
1595385046:[BYCMD ,0131]    delay 900s 3600s (900s 3600s stored)
1595385046:[BYCMD ,0132]    mmtime 2880min (2880min stored)
1595385046:[BYCMD ,0133]    dv_landing 100ml (100ml stored)
1595385046:[MKDCMD,0150]    p2t37: 15x2000ms, offset 132mbar
1595385046:[P2TCMD,0151]    p2t37: dp 50mbar, dt 5000mdegC
1595385047:[STAGE ,0080]Stage [0] 5000mbar (+/-500mbar) 1800s (<1800s) 
1595385047:[STAGE ,0080]Stage [1] 5000mbar (+/-500mbar) 1800s (<3600s) MERMAID
1595385047:[MAIN  ,0070]turn off bluetooth
1595385049:[PRESS ,0038]P    -12mbar,T+26166mdegC
1595385074:[DIVING,0141]diving from -22mbar, -1mbar/s
1595385074:[BYPASS,0035]bypass opening 60000ms
1595385079:[BYPASS,0104]battery 14932mV,  246684uA (bypass opening), P    -22mbar
1595385144:[BYPASS,0106]battery 14943mV,  293898uA (bypass closing), P    -22mbar
1595385146:[PRESS ,0038]P   -102mbar,T+27074mdegC
1595385171:[BYPASS,0035]bypass opening 10000ms
1595385176:[BYPASS,0104]battery 14985mV,  252906uA (bypass opening), P   -112mbar
1595385191:[BYPASS,0106]battery 14957mV,  292800uA (bypass closing), P   -112mbar
1595385217:[BYPASS,0035]bypass opening 10000ms
1595385223:[BYPASS,0104]battery 14993mV,  250344uA (bypass opening), P   -112mbar
1595385238:[BYPASS,0106]battery 14967mV,  291946uA (bypass closing), P   -112mbar
1595385264:[BYPASS,0035]bypass opening 10000ms
1595385269:[BYPASS,0104]battery 15003mV,  245098uA (bypass opening), P   -122mbar
1595385284:[BYPASS,0106]battery 14977mV,  291336uA (bypass closing), P   -122mbar
1595385311:[BYPASS,0035]bypass opening 10000ms
1595385316:[BYPASS,0104]battery 15011mV,  243634uA (bypass opening), P   -112mbar
1595385331:[BYPASS,0106]battery 14985mV,  290604uA (bypass closing), P   -112mbar
1595385357:[BYPASS,0035]bypass opening 10000ms
1595385362:[BYPASS,0104]battery 15017mV,  243634uA (bypass opening), P   -112mbar
1595385378:[BYPASS,0106]battery 14992mV,  290116uA (bypass closing), P   -112mbar
1595385404:[BYPASS,0035]bypass opening 10000ms
1595385409:[BYPASS,0104]battery 15023mV,  242780uA (bypass opening), P   -102mbar
1595385424:[BYPASS,0106]battery 14998mV,  289628uA (bypass closing), P   -102mbar
1595385451:[BYPASS,0035]bypass opening 10000ms
1595385456:[BYPASS,0104]battery 15028mV,  244000uA (bypass opening), P   -102mbar
1595385471:[BYPASS,0106]battery 15003mV,  288896uA (bypass closing), P   -102mbar
1595385497:[BYPASS,0035]bypass opening 10000ms
1595385502:[BYPASS,0104]battery 15033mV,  246440uA (bypass opening), P    -82mbar
1595385517:[BYPASS,0106]battery 15008mV,  288408uA (bypass closing), P    -82mbar
1595385525:[PRESS ,0038]P    -42mbar,T+27074mdegC
1595385537:[PRESS ,0038]P    +18mbar,T+27074mdegC
1595385561:[PRESS ,0038]P    +78mbar,T+27074mdegC
1595385583:[BYPASS,0035]bypass opening 10000ms
1595385588:[BYPASS,0104]battery 15055mV,  245952uA (bypass opening), P    +88mbar
1595385603:[BYPASS,0106]battery 15026mV,  288774uA (bypass closing), P    +88mbar
1595385605:[PRESS ,0038]P   +188mbar,T+27074mdegC
1595385614:[PRESS ,0038]P   +258mbar,T+27982mdegC
1595385623:[PRESS ,0038]P   +318mbar,T+27074mdegC
1595385632:[PRESS ,0038]P   +398mbar,T+26166mdegC
1595385641:[PRESS ,0038]P   +468mbar,T+27074mdegC
1595385648:[PRESS ,0038]P   +528mbar,T+27074mdegC
1595385648:[DIVING,0028]528mbar reached (+8mbar/s), 10 bypass done
1595385649:[MAIN  ,0056]stage[0]
1595385651:[MAIN  ,0024]internal pressure 84456Pa
1595385652:[BUOY  ,0037]P   +548mbar
1595385652:[STAGE ,0080]Stage [0] 5000mbar (+/-500mbar) 1800s (<1595387448s) 
1595385714:[PRESS ,0038]P   +998mbar,T+27074mdegC
1595385723:[PRESS ,0038]P  +1068mbar,T+27074mdegC
1595385734:[PRESS ,0038]P  +1128mbar,T+27074mdegC
1595385800:[PRESS ,0038]P  +1438mbar,T+26166mdegC
1595385814:[PRESS ,0038]P  +1498mbar,T+27982mdegC
1595385885:[PRESS ,0038]P  +1878mbar,T+27982mdegC
1595385910:[BUOY  ,0087]from +1mbar/s to +4mbar/s
1595385910:[BUOY  ,0090]need to transfer -24mL (valve during 7116ms)
1595385910:[VALVE ,0034]valve opening 7116ms
1595385917:[VALVE ,0234]battery 14981mV,  498248uA, P  +1908mbar
1595385971:[PRESS ,0038]P  +2098mbar,T+27074mdegC
1595385983:[PRESS ,0038]P  +2158mbar,T+27982mdegC
1595386056:[PRESS ,0038]P  +2518mbar,T+27074mdegC
1595386065:[PRESS ,0038]P  +2578mbar,T+27982mdegC
1595386074:[PRESS ,0038]P  +2648mbar,T+27074mdegC
1595386081:[BUOY  ,0087]from +7mbar/s to +3mbar/s
1595386081:[BUOY  ,0089]need to transfer +64mL (pump during 77764ms)
1595386089:[PUMP  ,0207]battery 15335mV,   19032uA (warmup), P  +2688mbar
1595386089:[PUMP  ,0016]pump during 60000ms
1595386148:[PUMP  ,0212]battery 15116mV,  283162uA (steady state), P  +2688mbar
1595386153:[PRESS ,0038]P  +3078mbar,T+27074mdegC
1595386172:[PRESS ,0038]P  +3138mbar,T+27982mdegC
1595386238:[PRESS ,0038]P  +3368mbar,T+27074mdegC
1595386253:[PRESS ,0038]P  +3428mbar,T+27074mdegC
1595386324:[PRESS ,0038]P  +3778mbar,T+26166mdegC
1595386338:[PRESS ,0038]P  +3838mbar,T+27074mdegC
1595386349:[BUOY  ,0087]from +4mbar/s to +2mbar/s
1595386349:[BUOY  ,0089]need to transfer +20mL (pump during 24246ms)
1595386357:[PUMP  ,0207]battery 15318mV,   18910uA (warmup), P  +3878mbar
1595386357:[PUMP  ,0016]pump during 24246ms
1595386381:[PUMP  ,0212]battery 15093mV,  291092uA (steady state), P  +3878mbar
1595386413:[PRESS ,0038]P  +4118mbar,T+26166mdegC
1595386430:[PRESS ,0038]P  +4188mbar,T+26166mdegC
1595386498:[PRESS ,0038]P  +4438mbar,T+25257mdegC
1595386512:[PRESS ,0038]P  +4498mbar,T+26166mdegC
1595386523:[STAGE ,0213]4528mbar reached at 1595386523s, ref 5000mbar +/-500mbar
1595386523:[BUOY  ,0087]from +4mbar/s to +0mbar/s
1595386523:[BUOY  ,0089]need to transfer +26mL (pump during 31520ms)
1595386531:[PUMP  ,0207]battery 15322mV,   18910uA (warmup), P  +4528mbar
1595386531:[PUMP  ,0016]pump during 31520ms
1595386562:[PUMP  ,0212]battery 15093mV,  299022uA (steady state), P  +4528mbar
1595386587:[PRESS ,0038]P  +4688mbar,T+25257mdegC
1595386672:[PRESS ,0038]P  +4778mbar,T+24350mdegC
1595386733:[PRESS ,0038]P  +4898mbar,T+26166mdegC
1595386794:[PRESS ,0038]P  +5018mbar,T+26166mdegC
1595386794:[BUOY  ,0087]from +2mbar/s to +0mbar/s
1595386794:[BUOY  ,0089]need to transfer +6mL (pump during 7274ms)
1595386802:[PUMP  ,0207]battery 15337mV,   18910uA (warmup), P  +5018mbar
1595386802:[PUMP  ,0016]pump during 7274ms
1595386809:[PUMP  ,0212]battery 15105mV,  300364uA (steady state), P  +5018mbar
1595386858:[PRESS ,0038]P  +5148mbar,T+25257mdegC
1595386883:[BUOY  ,0087]from +2mbar/s to +0mbar/s
1595386883:[BUOY  ,0089]need to transfer +6mL (pump during 7247ms)
1595386891:[PUMP  ,0207]battery 15341mV,   18788uA (warmup), P  +5198mbar
1595386891:[PUMP  ,0016]pump during 7247ms
1595386898:[PUMP  ,0212]battery 15107mV,  297558uA (steady state), P  +5198mbar
1595386947:[PRESS ,0038]P  +5308mbar,T+25257mdegC
1595386971:[BUOY  ,0087]from +1mbar/s to +0mbar/s
1595386971:[BUOY  ,0089]need to transfer +2mL (pump during 2416ms)
1595386980:[PUMP  ,0207]battery 15343mV,   18788uA (warmup), P  +5328mbar
1595386980:[PUMP  ,0016]pump during 2416ms
1595387035:[PRESS ,0038]P  +5388mbar,T+25257mdegC
1595387060:[BUOY  ,0087]from +1mbar/s to +0mbar/s
1595387060:[BUOY  ,0089]need to transfer +2mL (pump during 2416ms)
1595387068:[PUMP  ,0207]battery 15352mV,   18788uA (warmup), P  +5408mbar
1595387068:[PUMP  ,0016]pump during 2416ms
1595387124:[PRESS ,0038]P  +5448mbar,T+25257mdegC
1595387452:[MAIN  ,0140]stage[0] complete 1804s after mission start
1595387452:[MAIN  ,0056]stage[1]
1595387454:[MAIN  ,0024]internal pressure 82968Pa
1595387455:[MRMAID,0002]acq started
1595387466:[BUOY  ,0037]P  +5458mbar
1595387466:[STAGE ,0080]Stage [1] 5000mbar (+/-500mbar) 1800s (<1595389248s) MERMAID
1595387467:[STAGE ,0213]5458mbar reached at 1595387467s, ref 5000mbar +/-500mbar
1595387608:[MRMAID,0027]55dbar, 24degC
1595387771:[PRESS ,0038]P  +5508mbar,T+23442mdegC
1595387771:<WARN>[BUOY  ,0094]stage[1] should ASCENT, stuck at 5508mbar for the #1 time
1595387771:[BUOY  ,0087]from +0mbar/s to -2mbar/s
1595387771:[BUOY  ,0089]need to transfer +6mL (pump during 7220ms)
1595387779:[PUMP  ,0207]battery 15407mV,   19520uA (warmup), P  +5508mbar
1595387779:[PUMP  ,0016]pump during 7220ms
1595387787:[PUMP  ,0212]battery 15166mV,  297802uA (steady state), P  +5508mbar
1595387799:[MRMAID,0184]acq already started
1595387856:[PRESS ,0038]P  +5448mbar,T+23442mdegC
1595387991:[PRESS ,0038]P  +5378mbar,T+24350mdegC
1595388173:[PRESS ,0038]P  +5318mbar,T+22534mdegC
1595388295:[PRESS ,0038]P  +5248mbar,T+22534mdegC
1595388658:[PRESS ,0038]P  +5348mbar,T+23442mdegC
1595388710:[MRMAID,0059]stop canceled
1595388724:[MRMAID,0005]ascent request rejected
1595388810:[MRMAID,0027]54dbar, 23degC
1595388901:[PRESS ,0038]P  +5408mbar,T+22534mdegC
1595389022:[PRESS ,0038]P  +5478mbar,T+22534mdegC
1595389144:<WARN>[BUOY  ,0094]stage[1] should ASCENT, stuck at 5528mbar for the #2 time
1595389144:[BUOY  ,0087]from +0mbar/s to -2mbar/s
1595389144:[BUOY  ,0089]need to transfer +6mL (pump during 7203ms)
1595389153:[PUMP  ,0207]battery 15435mV,   19642uA (warmup), P  +5528mbar
1595389153:[PUMP  ,0016]pump during 7203ms
1595389160:[PUMP  ,0212]battery 15176mV,  303902uA (steady state), P  +5528mbar
1595389172:[MRMAID,0184]acq already started
1595389304:[PRESS ,0038]P  +5418mbar,T+22534mdegC
1595389304:[MAIN  ,0140]stage[1] complete 3656s after mission start
1595389907:<ERR>[MRMAID,0008]acq not stopped
1595389911:[MRMAID,0003]acq stopped
1595389911:[MRMAID,0052]Mermaid $MEASFS,96154,2403.010529,40.013974;
1595389926:[MRMAID,0005]ascent request rejected
1595389968:[MSSION,0192]mission stopped, 2 stage(s) done
1595389968:[MAIN  ,0065]surfacing
1595389970:[PRESS ,0038]P  +4858mbar,T+21626mdegC
1595389970:[SURFIN,0036]P  +4858mbar
1595389978:[PUMP  ,0207]battery 15437mV,   19276uA (warmup), P  +4858mbar
1595389978:[PUMP  ,0016]pump during 60000ms
1595390037:[PUMP  ,0212]battery 15175mV,  299388uA (steady state), P  +4858mbar
1595390095:[PRESS ,0038]P  +4488mbar,T+22534mdegC
1595390107:[PRESS ,0038]P  +4428mbar,T+21626mdegC
1595390128:[PUMP  ,0207]battery 15358mV,   19276uA (warmup), P  +4378mbar
1595390128:[PUMP  ,0016]pump during 60000ms
1595390187:[PUMP  ,0212]battery 15106mV,  291092uA (steady state), P  +4378mbar
1595390244:[PRESS ,0038]P  +3688mbar,T+22534mdegC
1595390258:[PRESS ,0038]P  +3628mbar,T+21626mdegC
1595390269:[PRESS ,0038]P  +3568mbar,T+21626mdegC
1595390277:[PUMP  ,0207]battery 15303mV,   19398uA (warmup), P  +3568mbar
1595390277:[PUMP  ,0016]pump during 60000ms
1595390336:[PUMP  ,0212]battery 15058mV,  285480uA (steady state), P  +3568mbar
1595390394:[PRESS ,0038]P  +2828mbar,T+21626mdegC
1595390403:[PRESS ,0038]P  +2758mbar,T+22534mdegC
1595390412:[PRESS ,0038]P  +2698mbar,T+21626mdegC
1595390427:[PUMP  ,0207]battery 15266mV,   19398uA (warmup), P  +2658mbar
1595390427:[PUMP  ,0016]pump during 60000ms
1595390486:[PUMP  ,0212]battery 15021mV,  284260uA (steady state), P  +2658mbar
1595390544:[PRESS ,0038]P  +1708mbar,T+22534mdegC
1595390552:[PRESS ,0038]P  +1648mbar,T+21626mdegC
1595390561:[PRESS ,0038]P  +1578mbar,T+22534mdegC
1595390577:[PUMP  ,0207]battery 15241mV,   19398uA (warmup), P  +1548mbar
1595390577:[PUMP  ,0016]pump during 60000ms
1595390636:[PUMP  ,0212]battery 15002mV,  277428uA (steady state), P  +1548mbar
1595390693:[PRESS ,0038]P  +1008mbar,T+22534mdegC
1595390709:[PRESS ,0038]P   +938mbar,T+20718mdegC
1595390726:[PUMP  ,0207]battery 15223mV,   19520uA (warmup), P   +888mbar
1595390726:[PUMP  ,0016]pump during 60000ms
1595390785:[PUMP  ,0212]battery 14988mV,  272304uA (steady state), P   +888mbar
1595390843:[PRESS ,0038]P    +28mbar,T+22534mdegC
1595390850:[PRESS ,0038]P    -32mbar,T+21626mdegC
1595390861:[PRESS ,0038]P    -92mbar,T+22534mdegC
1595390871:[SURFIN,0020]filling external bladder
1595390879:[PUMP  ,0207]battery 15215mV,   19520uA (warmup), P   -112mbar
1595390879:[PUMP  ,0016]pump during 300000ms
1595391178:[PUMP  ,0212]battery 14627mV,  895114uA (steady state), P   -112mbar
1595391189:[PUMP  ,0207]battery 14721mV,   19032uA (warmup), P   -112mbar
1595391189:[PUMP  ,0016]pump during 300000ms
1595391262:[PUMP  ,0212]battery 14348mV,  845460uA (steady state), P   -112mbar
1595391264:[SURFIN,0019]external bladder full
1595391266:[PRESS ,0038]P   +150mbar,T+22534mdegC
1595391327:[MAIN  ,0272]Vbat 14920mV (min 14820mV)
1595391329:[MAIN  ,0024]internal pressure 80315Pa
1595391329:[MAIN  ,0043]Pext 132mbar (rng 30mbar)
1595391329:[MAIN  ,0064]surface
1595391342:[SURF  ,0022]GPS fix...
1595391362:[SURF  ,0015]10 PPS detected...
1595391363:[MRMAID,0052]Mermaid $GPSACK:+0,+0,+0,+0,+0,+0,-305;
1595391373:[MRMAID,0052]Mermaid $GPSOFF:3686297;
1595391375:[GPSFIX,0179]+0s diff
1595391375:[SURF  ,0222]2020-07-22T04:16:15
1595391375:[SURF  ,0082]Latitude : N43deg40.937mn, Longitude :E007deg19.179mn
1595391375:[SURF  ,0223]fix3D,7satellites
1595391375:[SURF  ,0084]GPS fix GPGSA : hdop0.720,vdop1.180
1595391385:[SURF  ,0274]last almanac : 1103443
1595391461:[MRMAID,0026]25997 bytes in 0073/5F17BD9E.MER
1595391467:[MAIN  ,0320]New pressure offset: 132mbar
1595391467:[LOGBIN,0078]*** switching to 0073/5F17BDEB ***
