1595391467:[MAIN  ,0007]buoy 452.120-R-0073
1595391467:[MAIN  ,0055]soft pilotage 452.012.300_V2.22-20200709
1595391467:[MAIN  ,0010]cycle 10
1595391467:[SURF  ,0225]surface2
1595391482:[SURF  ,0022]GPS fix...
1595391502:[SURF  ,0015]10 PPS detected...
1595391503:[MRMAID,0052]Mermaid $GPSACK:+0,+0,+0,+0,+0,+0,-30;
1595391513:[MRMAID,0052]Mermaid $GPSOFF:3686297;
1595391514:[GPSFIX,0179]-1s diff
1595391515:[SURF  ,0222]2020-07-22T04:18:35
1595391515:[SURF  ,0082]Latitude : N43deg40.938mn, Longitude :E007deg19.179mn
1595391515:[SURF  ,0223]fix3D,8satellites
1595391515:[SURF  ,0084]GPS fix GPGSA : hdop0.700,vdop1.150
1595391525:[SURF  ,0025]Iridium...
1595391561:[SURF  ,0009]connected in 36s, signal quality 5
1595391634:[SURF  ,0218]prompt received, remote cmd end
1595391634:[SURF  ,0012]16 cmd(s) received
1595391654:[UPLOAD,0248]Upload data files...
1595392043:[UPLOAD,0231]"0073/5F17BD9E.MER" uploaded at 68bytes/s
1595392096:[UPLOAD,0231]"0073/5F17A26B.BIN" uploaded at 125bytes/s
1595392112:[MAIN  ,0013]2 file(s) uploaded
1595392143:[SURF  ,0014]disconnected after 618s
1595392148:[SURFIN,0020]filling external bladder
1595392156:[PUMP  ,0207]battery 15040mV,   18666uA (warmup), P   +120mbar
1595392156:[PUMP  ,0016]pump during 300000ms
1595392164:[PUMP  ,0212]battery 14567mV,  862174uA (steady state), P   +120mbar
1595392166:[SURFIN,0019]external bladder full
1595392167:[SURF  ,0227]1st complete transfer
1595392181:[SURF  ,0022]GPS fix...
1595392202:[SURF  ,0015]10 PPS detected...
1595392203:[MRMAID,0052]Mermaid $GPSACK:+0,+0,+0,+0,+0,+0,+0;
1595392213:[MRMAID,0052]Mermaid $GPSOFF:3686297;
1595392215:[GPSFIX,0179]+0s diff
1595392215:[SURF  ,0222]2020-07-22T04:30:15
1595392215:[SURF  ,0082]Latitude : N43deg40.938mn, Longitude :E007deg19.179mn
1595392215:[SURF  ,0223]fix3D,9satellites
1595392215:[SURF  ,0084]GPS fix GPGSA : hdop0.690,vdop1.040
1595392232:[MAIN  ,0024]internal pressure 80704Pa
1595392233:[BYCMD ,0107]    FreeRTOS V8.2.3
1595392233:[BYCMD ,0108]    FatFS v11a
1595392233:[BYCMD ,0120]    bypass 10000ms 60000ms (20000ms 60000ms stored)
1595392233:[BYCMD ,0121]    valve 60000ms 12750 (60000ms 12750 stored)
1595392233:[BYCMD ,0122]    pump 60000ms 30% 10750 80% (60000ms 30% 10750 80% stored)
1595392233:[BYCMD ,0123]    rate 2mbar/s (2mbar/s stored)
1595392233:[BYCMD ,0124]    surface 500mbar (500mbar stored)
1595392233:[BYCMD ,0125]    near 1500mbar 3mbar/s (15000mbar 3mbar/s stored)
1595392233:[BYCMD ,0126]    far 2500mbar 4mbar/s (25000mbar 4mbar/s stored)
1595392233:[BYCMD ,0127]    ascent 8mbar/s (8mbar/s stored)
1595392233:[BYCMD ,0128]    dead 60s (300s stored)
1595392233:[BYCMD ,0129]    coeff 16/10 (16/10 stored)
1595392233:[BYCMD ,0130]    stab 10 (10 stored)
1595392233:[BYCMD ,0131]    delay 900s 3600s (900s 3600s stored)
1595392233:[BYCMD ,0132]    mmtime 2880min (2880min stored)
1595392233:[BYCMD ,0133]    dv_landing 100ml (100ml stored)
1595392233:[MKDCMD,0150]    p2t37: 15x2000ms, offset 132mbar
1595392233:[P2TCMD,0151]    p2t37: dp 50mbar, dt 5000mdegC
1595392234:[STAGE ,0080]Stage [0] 5000mbar (+/-500mbar) 1800s (<1800s) 
1595392234:[STAGE ,0080]Stage [1] 5000mbar (+/-500mbar) 1800s (<3600s) MERMAID
1595392234:[MAIN  ,0070]turn off bluetooth
1595392236:[PRESS ,0038]P    -12mbar,T+27074mdegC
1595392261:[DIVING,0141]diving from -12mbar, +0mbar/s
1595392261:[BYPASS,0035]bypass opening 60000ms
1595392266:[BYPASS,0104]battery 14925mV,  253028uA (bypass opening), P    -12mbar
1595392331:[BYPASS,0106]battery 14935mV,  294020uA (bypass closing), P    -12mbar
1595392333:[PRESS ,0038]P   -122mbar,T+26166mdegC
1595392358:[BYPASS,0035]bypass opening 10000ms
1595392363:[BYPASS,0104]battery 14976mV,  251320uA (bypass opening), P   -122mbar
1595392378:[BYPASS,0106]battery 14948mV,  292922uA (bypass closing), P   -122mbar
1595392404:[BYPASS,0035]bypass opening 10000ms
1595392410:[BYPASS,0104]battery 14987mV,  248636uA (bypass opening), P   -122mbar
1595392425:[BYPASS,0106]battery 14960mV,  292068uA (bypass closing), P   -122mbar
1595392451:[BYPASS,0035]bypass opening 10000ms
1595392456:[BYPASS,0104]battery 14996mV,  245952uA (bypass opening), P   -122mbar
1595392471:[BYPASS,0106]battery 14970mV,  291336uA (bypass closing), P   -122mbar
1595392498:[BYPASS,0035]bypass opening 10000ms
1595392503:[BYPASS,0104]battery 15003mV,  242902uA (bypass opening), P   -122mbar
1595392518:[BYPASS,0106]battery 14978mV,  290848uA (bypass closing), P   -122mbar
1595392544:[BYPASS,0035]bypass opening 10000ms
1595392549:[BYPASS,0104]battery 15011mV,  242780uA (bypass opening), P   -112mbar
1595392565:[BYPASS,0106]battery 14986mV,  290238uA (bypass closing), P   -112mbar
1595392591:[BYPASS,0035]bypass opening 10000ms
1595392596:[BYPASS,0104]battery 15017mV,  244122uA (bypass opening), P   -112mbar
1595392611:[BYPASS,0106]battery 14992mV,  289750uA (bypass closing), P   -112mbar
1595392638:[BYPASS,0035]bypass opening 10000ms
1595392643:[BYPASS,0104]battery 15022mV,  244366uA (bypass opening), P   -112mbar
1595392658:[BYPASS,0106]battery 14998mV,  289140uA (bypass closing), P   -112mbar
1595392684:[BYPASS,0035]bypass opening 10000ms
1595392689:[BYPASS,0104]battery 15028mV,  243756uA (bypass opening), P    -92mbar
1595392704:[BYPASS,0106]battery 15003mV,  288652uA (bypass closing), P    -92mbar
1595392706:[PRESS ,0038]P    -62mbar,T+27982mdegC
1595392717:[PRESS ,0038]P     +8mbar,T+27074mdegC
1595392728:[PRESS ,0038]P    +68mbar,T+27074mdegC
1595392745:[PRESS ,0038]P   +138mbar,T+27074mdegC
1595392767:[PRESS ,0038]P   +208mbar,T+27074mdegC
1595392784:[PRESS ,0038]P   +278mbar,T+27074mdegC
1595392798:[PRESS ,0038]P   +338mbar,T+27982mdegC
1595392809:[PRESS ,0038]P   +398mbar,T+27074mdegC
1595392828:[PRESS ,0038]P   +458mbar,T+26166mdegC
1595392841:[DIVING,0028]508mbar reached (+3mbar/s), 9 bypass done
1595392841:[MAIN  ,0056]stage[0]
1595392844:[MAIN  ,0024]internal pressure 84068Pa
1595392845:[PRESS ,0038]P   +518mbar,T+27074mdegC
1595392845:[BUOY  ,0037]P   +518mbar
1595392845:[STAGE ,0080]Stage [0] 5000mbar (+/-500mbar) 1800s (<1595394641s) 
1595392907:[PRESS ,0038]P   +708mbar,T+27982mdegC
1595392928:[PRESS ,0038]P   +768mbar,T+27074mdegC
1595392992:[PRESS ,0038]P   +958mbar,T+27074mdegC
1595393010:[PRESS ,0038]P  +1018mbar,T+27982mdegC
1595393078:[PRESS ,0038]P  +1218mbar,T+27074mdegC
1595393103:[BUOY  ,0087]from +2mbar/s to +4mbar/s
1595393103:[BUOY  ,0090]need to transfer -20mL (valve during 7286ms)
1595393103:[VALVE ,0034]valve opening 7286ms
1595393110:[VALVE ,0234]battery 14985mV,  498980uA, P  +1248mbar
1595393164:[PRESS ,0038]P  +1318mbar,T+27982mdegC
1595393188:[BUOY  ,0087]from +1mbar/s to +4mbar/s
1595393188:[BUOY  ,0090]need to transfer -24mL (valve during 8500ms)
1595393188:[VALVE ,0034]valve opening 8500ms
1595393197:[VALVE ,0234]battery 14986mV,  495686uA, P  +1358mbar
1595393249:[PRESS ,0038]P  +1488mbar,T+27982mdegC
1595393267:[PRESS ,0038]P  +1548mbar,T+27074mdegC
1595393335:[PRESS ,0038]P  +1698mbar,T+27074mdegC
1595393359:[BUOY  ,0087]from +1mbar/s to +4mbar/s
1595393359:[BUOY  ,0090]need to transfer -24mL (valve during 7463ms)
1595393359:[VALVE ,0034]valve opening 7463ms
1595393367:[VALVE ,0234]battery 14996mV,  497150uA, P  +1718mbar
1595393420:[PRESS ,0038]P  +1848mbar,T+27074mdegC
1595393445:[BUOY  ,0087]from +1mbar/s to +4mbar/s
1595393445:[BUOY  ,0090]need to transfer -24mL (valve during 7116ms)
1595393445:[VALVE ,0034]valve opening 7116ms
1595393452:[VALVE ,0234]battery 14995mV,  494954uA, P  +1868mbar
1595393506:[PRESS ,0038]P  +1988mbar,T+27074mdegC
1595393531:[BUOY  ,0087]from +1mbar/s to +4mbar/s
1595393531:[BUOY  ,0090]need to transfer -24mL (valve during 6955ms)
1595393531:[VALVE ,0034]valve opening 6955ms
1595393538:[VALVE ,0234]battery 14993mV,  494222uA, P  +2008mbar
1595393591:[PRESS ,0038]P  +2118mbar,T+26166mdegC
1595393616:[BUOY  ,0087]from +2mbar/s to +4mbar/s
1595393616:[BUOY  ,0090]need to transfer -20mL (valve during 5543ms)
1595393616:[VALVE ,0034]valve opening 5543ms
1595393622:[VALVE ,0234]battery 14993mV,  494100uA, P  +2168mbar
1595393677:[PRESS ,0038]P  +2408mbar,T+26166mdegC
1595393686:[PRESS ,0038]P  +2468mbar,T+27074mdegC
1595393697:[PRESS ,0038]P  +2528mbar,T+27074mdegC
1595393702:[BUOY  ,0087]from +5mbar/s to +3mbar/s
1595393702:[BUOY  ,0089]need to transfer +26mL (pump during 31445ms)
1595393710:[PUMP  ,0207]battery 15331mV,   19154uA (warmup), P  +2548mbar
1595393710:[PUMP  ,0016]pump during 31445ms
1595393741:[PUMP  ,0212]battery 15115mV,  282186uA (steady state), P  +2548mbar
1595393766:[PRESS ,0038]P  +2878mbar,T+26166mdegC
1595393777:[PRESS ,0038]P  +2938mbar,T+26166mdegC
1595393789:[PRESS ,0038]P  +2998mbar,T+27074mdegC
1595393791:[BUOY  ,0087]from +5mbar/s to +3mbar/s
1595393791:[BUOY  ,0089]need to transfer +26mL (pump during 31445ms)
1595393799:[PUMP  ,0207]battery 15305mV,   18910uA (warmup), P  +3008mbar
1595393799:[PUMP  ,0016]pump during 31445ms
1595393830:[PUMP  ,0212]battery 15088mV,  282430uA (steady state), P  +3008mbar
1595393855:[PRESS ,0038]P  +3278mbar,T+27074mdegC
1595393874:[PRESS ,0038]P  +3338mbar,T+26166mdegC
1595393940:[PRESS ,0038]P  +3508mbar,T+26166mdegC
1595393960:[PRESS ,0038]P  +3568mbar,T+27074mdegC
1595394026:[PRESS ,0038]P  +3748mbar,T+26166mdegC
1595394050:[PRESS ,0038]P  +3808mbar,T+25257mdegC
1595394111:[PRESS ,0038]P  +3958mbar,T+26166mdegC
1595394197:[PRESS ,0038]P  +4118mbar,T+25257mdegC
1595394282:[PRESS ,0038]P  +4268mbar,T+25257mdegC
1595394367:[PRESS ,0038]P  +4408mbar,T+25257mdegC
1595394390:[PRESS ,0038]P  +4468mbar,T+25257mdegC
1595394453:[PRESS ,0038]P  +4618mbar,T+26166mdegC
1595394471:[PRESS ,0038]P  +4678mbar,T+25257mdegC
1595394478:[STAGE ,0213]4688mbar reached at 1595394478s, ref 5000mbar +/-500mbar
1595394478:[BUOY  ,0087]from +3mbar/s to +0mbar/s
1595394478:[BUOY  ,0089]need to transfer +14mL (pump during 16935ms)
1595394486:[PUMP  ,0207]battery 15383mV,   19032uA (warmup), P  +4688mbar
1595394486:[PUMP  ,0016]pump during 16935ms
1595394502:[PUMP  ,0212]battery 15152mV,  292800uA (steady state), P  +4688mbar
1595394542:[PRESS ,0038]P  +4808mbar,T+24350mdegC
1595394627:[PRESS ,0038]P  +4988mbar,T+25257mdegC
1595394688:[PRESS ,0038]P  +5088mbar,T+23442mdegC
1595394688:[MAIN  ,0140]stage[0] complete 1847s after mission start
1595394688:[MAIN  ,0056]stage[1]
1595394690:[MAIN  ,0024]internal pressure 83126Pa
1595394691:[MRMAID,0002]acq started
1595394701:[BUOY  ,0037]P  +5118mbar
1595394701:[STAGE ,0080]Stage [1] 5000mbar (+/-500mbar) 1800s (<1595396441s) MERMAID
1595394703:[STAGE ,0213]5118mbar reached at 1595394703s, ref 5000mbar +/-500mbar
1595394703:[BUOY  ,0087]from +2mbar/s to +0mbar/s
1595394703:[BUOY  ,0089]need to transfer +6mL (pump during 7230ms)
1595394712:[PUMP  ,0207]battery 15381mV,   19154uA (warmup), P  +5118mbar
1595394712:[PUMP  ,0016]pump during 7230ms
1595394719:[PUMP  ,0212]battery 15145mV,  299876uA (steady state), P  +5118mbar
1595394732:[MRMAID,0184]acq already started
1595394744:[MRMAID,0059]stop canceled
1595394846:[MRMAID,0027]51dbar, 23degC
1595394924:[PRESS ,0038]P  +5168mbar,T+24350mdegC
1595395288:[PRESS ,0038]P  +5258mbar,T+22534mdegC
1595395409:[PRESS ,0038]P  +5318mbar,T+25257mdegC
1595395591:[PRESS ,0038]P  +5388mbar,T+23442mdegC
1595395712:[PRESS ,0038]P  +5448mbar,T+23442mdegC
1595395962:[MRMAID,0005]ascent request rejected
1595396016:[PRESS ,0038]P  +5508mbar,T+23442mdegC
1595396016:<WARN>[BUOY  ,0094]stage[1] should ASCENT, stuck at 5508mbar for the #1 time
1595396016:[BUOY  ,0087]from +0mbar/s to -2mbar/s
1595396016:[BUOY  ,0089]need to transfer +6mL (pump during 7206ms)
1595396016:[MRMAID,0003]acq stopped
1595396016:[MRMAID,0183]dropping spurious '0x37'
1595396016:[MRMAID,0183]dropping spurious '0x31'
1595396016:[MRMAID,0183]dropping spurious '0x2E'
1595396016:[MRMAID,0183]dropping spurious '0x36'
1595396016:[MRMAID,0183]dropping spurious '0x38'
1595396016:[MRMAID,0183]dropping spurious '0x30'
1595396016:[MRMAID,0183]dropping spurious '0x38'
1595396016:[MRMAID,0183]dropping spurious '0x34'
1595396016:[MRMAID,0183]dropping spurious '0x37'
1595396016:[MRMAID,0183]dropping spurious '0x2C'
1595396016:[MRMAID,0183]dropping spurious '0x34'
1595396016:[MRMAID,0183]dropping spurious '0x30'
1595396016:[MRMAID,0183]dropping spurious '0x2E'
1595396016:[MRMAID,0183]dropping spurious '0x30'
1595396016:[MRMAID,0183]dropping spurious '0x31'
1595396016:[MRMAID,0183]dropping spurious '0x33'
1595396016:[MRMAID,0183]dropping spurious '0x39'
1595396016:[MRMAID,0183]dropping spurious '0x37'
1595396016:[MRMAID,0183]dropping spurious '0x31'
1595396016:[MRMAID,0183]dropping spurious '0x3B'
1595396017:[MRMAID,0185]20 spurious byte(s) received
1595396024:[PUMP  ,0207]battery 15431mV,   19032uA (warmup), P  +5508mbar
1595396024:[PUMP  ,0016]pump during 7206ms
1595396031:[PUMP  ,0212]battery 15182mV,  302560uA (steady state), P  +5508mbar
1595396035:[MRMAID,0002]acq started
1595396227:[MRMAID,0027]55dbar, 23degC
1595396236:[PRESS ,0038]P  +5438mbar,T+23442mdegC
1595396418:[PRESS ,0038]P  +5378mbar,T+23442mdegC
1595396478:[MAIN  ,0140]stage[1] complete 3637s after mission start
1595397082:<ERR>[MRMAID,0008]acq not stopped
1595397328:[MRMAID,0003]acq stopped
1595397328:[MRMAID,0183]dropping spurious '0x34'
1595397328:[MRMAID,0183]dropping spurious '0x39'
1595397328:[MRMAID,0183]dropping spurious '0x36'
1595397328:[MRMAID,0183]dropping spurious '0x31'
1595397328:[MRMAID,0183]dropping spurious '0x35'
1595397328:[MRMAID,0183]dropping spurious '0x2C'
1595397328:[MRMAID,0183]dropping spurious '0x31'
1595397328:[MRMAID,0183]dropping spurious '0x32'
1595397328:[MRMAID,0183]dropping spurious '0x33'
1595397328:[MRMAID,0183]dropping spurious '0x39'
1595397328:[MRMAID,0183]dropping spurious '0x2E'
1595397328:[MRMAID,0183]dropping spurious '0x39'
1595397328:[MRMAID,0183]dropping spurious '0x34'
1595397328:[MRMAID,0183]dropping spurious '0x31'
1595397328:[MRMAID,0183]dropping spurious '0x38'
1595397328:[MRMAID,0183]dropping spurious '0x30'
1595397328:[MRMAID,0183]dropping spurious '0x33'
1595397328:[MRMAID,0183]dropping spurious '0x2C'
1595397328:[MRMAID,0183]dropping spurious '0x34'
1595397328:[MRMAID,0183]dropping spurious '0x30'
1595397328:[MRMAID,0183]dropping spurious '0x2E'
1595397328:[MRMAID,0183]dropping spurious '0x30'
1595397328:[MRMAID,0183]dropping spurious '0x31'
1595397328:[MRMAID,0183]dropping spurious '0x33'
1595397328:[MRMAID,0183]dropping spurious '0x39'
1595397328:[MRMAID,0183]dropping spurious '0x37'
1595397329:[MRMAID,0183]dropping spurious '0x35'
1595397329:[MRMAID,0183]dropping spurious '0x3B'
1595397329:[MRMAID,0185]28 spurious byte(s) received
1595397343:[MRMAID,0005]ascent request rejected
1595397384:[MSSION,0192]mission stopped, 2 stage(s) done
1595397384:[MAIN  ,0065]surfacing
1595397386:[PRESS ,0038]P  +5558mbar,T+23442mdegC
1595397386:[SURFIN,0036]P  +5558mbar
1595397394:[PUMP  ,0207]battery 15440mV,   19276uA (warmup), P  +5558mbar
1595397394:[PUMP  ,0016]pump during 60000ms
1595397453:[PUMP  ,0212]battery 15180mV,  299998uA (steady state), P  +5558mbar
1595397511:[PRESS ,0038]P  +5238mbar,T+23442mdegC
1595397521:[PRESS ,0038]P  +5178mbar,T+22534mdegC
1595397544:[PUMP  ,0207]battery 15360mV,   19154uA (warmup), P  +5128mbar
1595397544:[PUMP  ,0016]pump during 60000ms
1595397603:[PUMP  ,0212]battery 15108mV,  296216uA (steady state), P  +5128mbar
1595397660:[PRESS ,0038]P  +4508mbar,T+22534mdegC
1595397671:[PRESS ,0038]P  +4438mbar,T+22534mdegC
1595397682:[PRESS ,0038]P  +4378mbar,T+21626mdegC
1595397693:[PUMP  ,0207]battery 15303mV,   19276uA (warmup), P  +4358mbar
1595397693:[PUMP  ,0016]pump during 60000ms
1595397752:[PUMP  ,0212]battery 15058mV,  289506uA (steady state), P  +4358mbar
1595397810:[PRESS ,0038]P  +3458mbar,T+21626mdegC
1595397821:[PRESS ,0038]P  +3388mbar,T+21626mdegC
1595397831:[PRESS ,0038]P  +3328mbar,T+22534mdegC
1595397843:[PUMP  ,0207]battery 15266mV,   19276uA (warmup), P  +3318mbar
1595397843:[PUMP  ,0016]pump during 60000ms
1595397902:[PUMP  ,0212]battery 15026mV,  281942uA (steady state), P  +3318mbar
1595397960:[PRESS ,0038]P  +2388mbar,T+22534mdegC
1595397967:[PRESS ,0038]P  +2328mbar,T+22534mdegC
1595397976:[PRESS ,0038]P  +2268mbar,T+20718mdegC
1595397993:[PUMP  ,0207]battery 15241mV,   19398uA (warmup), P  +2218mbar
1595397993:[PUMP  ,0016]pump during 60000ms
1595398052:[PUMP  ,0212]battery 15005mV,  278404uA (steady state), P  +2218mbar
1595398109:[PRESS ,0038]P  +1618mbar,T+21626mdegC
1595398129:[PRESS ,0038]P  +1558mbar,T+21626mdegC
1595398142:[PUMP  ,0207]battery 15225mV,   19398uA (warmup), P  +1558mbar
1595398142:[PUMP  ,0016]pump during 60000ms
1595398201:[PUMP  ,0212]battery 14986mV,  281088uA (steady state), P  +1558mbar
1595398259:[PRESS ,0038]P   +758mbar,T+21626mdegC
1595398264:[PRESS ,0038]P   +698mbar,T+21626mdegC
1595398275:[PRESS ,0038]P   +638mbar,T+21626mdegC
1595398282:[PRESS ,0038]P   +578mbar,T+21626mdegC
1595398405:[PRESS ,0038]P   -102mbar,T+22534mdegC
1595398409:[SURFIN,0020]filling external bladder
1595398417:[PUMP  ,0207]battery 15263mV,   19398uA (warmup), P   -112mbar
1595398417:[PUMP  ,0016]pump during 300000ms
1595398716:[PUMP  ,0212]battery 14670mV,  888770uA (steady state), P   -112mbar
1595398727:[PUMP  ,0207]battery 14726mV,   19032uA (warmup), P   -112mbar
1595398727:[PUMP  ,0016]pump during 300000ms
1595398801:[PUMP  ,0212]battery 14350mV,  859368uA (steady state), P   -112mbar
1595398803:[SURFIN,0019]external bladder full
1595398805:[PRESS ,0038]P   +130mbar,T+24350mdegC
1595398864:[MAIN  ,0272]Vbat 14921mV (min 14795mV)
1595398866:[MAIN  ,0024]internal pressure 80374Pa
1595398866:[MAIN  ,0043]Pext 130mbar (rng 20mbar)
1595398867:[MAIN  ,0064]surface
1595398877:[SURF  ,0022]GPS fix...
1595398897:[SURF  ,0015]10 PPS detected...
1595398898:[MRMAID,0052]Mermaid $GPSACK:+0,+0,+0,+0,+0,+0,-244;
1595398908:[MRMAID,0052]Mermaid $GPSOFF:3686297;
1595398909:[GPSFIX,0179]+0s diff
1595398909:[SURF  ,0222]2020-07-22T06:21:49
1595398909:[SURF  ,0082]Latitude : N43deg40.941mn, Longitude :E007deg19.179mn
1595398909:[SURF  ,0223]fix3D,7satellites
1595398909:[SURF  ,0084]GPS fix GPGSA : hdop0.810,vdop1.100
1595398919:[SURF  ,0274]last almanac : 1110977
1595398995:[MRMAID,0026]25999 bytes in 0073/5F17DB0C.MER
1595399001:[MAIN  ,0320]New pressure offset: 130mbar
1595399001:[LOGBIN,0078]*** switching to 0073/5F17DB59 ***
