1595328443:[MONITR,0197]reboot code 0x0000, src/monitor.c@520
1595328443:[MAIN  ,0007]buoy 452.120-R-0073
1595328443:[MAIN  ,0055]soft pilotage 452.012.300_V2.22-20200709
1595328443:[MAIN  ,0011]date 2020-07-21T10:47:23
1595328449:[MAIN  ,0006]battery 15531mV,    2074uA
1595328452:[MAIN  ,0024]internal pressure 82604Pa
1595328453:[PRESS ,0038]P    +80mbar,T-31197mdegC
1595328453:[MRMAID,0182]thread started
1595328455:[MRMAID,0186]no wake-up
1595328456:[MRMAID,0188]acq already stopped
1595328456:[MRMAID,0052]Mermaid $BOARD:452116600-73;
1595328457:[MRMAID,0052]Mermaid $SOFT:2.1344;
1595328457:[TESTMD,0053]Enter in test mode? yes/no
1595328457:[TESTMD,0252]0073>
1595328487:[BYCMD ,0107]    FreeRTOS V8.2.3
1595328487:[BYCMD ,0108]    FatFS v11a
1595328487:[BYCMD ,0117]    valve is running
1595328487:[BYCMD ,0120]    bypass 20000ms 60000ms (20000ms 60000ms stored)
1595328487:[BYCMD ,0121]    valve 60000ms 12750 (60000ms 12750 stored)
1595328487:[BYCMD ,0122]    pump 60000ms 30% 10750 80% (60000ms 30% 10750 80% stored)
1595328487:[BYCMD ,0123]    rate 2mbar/s (2mbar/s stored)
1595328487:[BYCMD ,0124]    surface 500mbar (500mbar stored)
1595328487:[BYCMD ,0125]    near 15000mbar 3mbar/s (15000mbar 3mbar/s stored)
1595328487:[BYCMD ,0126]    far 25000mbar 4mbar/s (25000mbar 4mbar/s stored)
1595328487:[BYCMD ,0127]    ascent 8mbar/s (8mbar/s stored)
1595328487:[BYCMD ,0128]    dead 300s (300s stored)
1595328487:[BYCMD ,0129]    coeff 16/10 (16/10 stored)
1595328487:[BYCMD ,0130]    stab 10 (10 stored)
1595328488:[BYCMD ,0131]    delay 900s 3600s (900s 3600s stored)
1595328488:[BYCMD ,0132]    mmtime 2880min (2880min stored)
1595328488:[BYCMD ,0133]    dv_landing 100ml (100ml stored)
1595328488:[MKDCMD,0150]    p2t37: 15x2000ms, offset 0mbar
1595328488:[P2TCMD,0151]    p2t37: dp 5000mbar, dt 5000mdegC
1595328488:[STAGE ,0080]Stage [0] 5000mbar (+/-500mbar) 1800s (<1800s) 
1595328488:[STAGE ,0080]Stage [1] 5000mbar (+/-500mbar) 1800s (<3600s) MERMAID
1595328488:[MAIN  ,0065]surfacing
1595328500:[PRESS ,0038]P    +80mbar,T+32522mdegC
1595328502:[PRESS ,0038]P    +80mbar,T-32105mdegC
1595328511:[PRESS ,0038]P    +80mbar,T+32522mdegC
1595328513:[PRESS ,0038]P    +70mbar,T-32105mdegC
1595328513:[SURFIN,0036]P    +70mbar
1595328516:[SURFIN,0020]filling external bladder
1595328519:[SURFIN,0019]external bladder full
1595328528:[PRESS ,0038]P    +90mbar,T+32522mdegC
1595328530:[PRESS ,0038]P    +80mbar,T-32105mdegC
1595328534:[PRESS ,0038]P    +80mbar,T+32522mdegC
1595328535:[PRESS ,0038]P    +80mbar,T-32105mdegC
1595328582:[MAIN  ,0272]Vbat 15522mV (min 15500mV)
1595328584:[MAIN  ,0024]internal pressure 82710Pa
1595328584:[MAIN  ,0043]Pext 81mbar (rng 10mbar)
1595328584:[MAIN  ,0064]surface
1595328584:[CMD   ,0276]0073>
1595328593:[SURF  ,0022]GPS fix...
1595328594:<WARN>[GPSFIX,0123]GPRMC ms=470 #1
1595328617:<WARN>[GPSFIX,0123]GPRMC ms=500 #1
1595328638:[SURF  ,0015]10 PPS detected...
1595328640:[MRMAID,0052]Mermaid $GPSACK:+50,+6,+20,+10,+43,+34,-449981;
1595328650:[MRMAID,0052]Mermaid $GPSOFF:3686294;
1595328651:[GPSFIX,0179]-1s diff
1595328652:[SURF  ,0222]2020-07-21T10:50:52
1595328652:[SURF  ,0082]Latitude : N43deg40.973mn, Longitude :E007deg19.163mn
1595328652:[SURF  ,0223]fix3D,7satellites
1595328652:[SURF  ,0084]GPS fix GPGSA : hdop0.990,vdop1.740
1595328662:[SURF  ,0274]last almanac : 1040720
1595328673:[MRMAID,0026]1264 bytes in 0073/5F16C89B.MER
1595328679:[MAIN  ,0320]New pressure offset: 81mbar
1595328679:[LOGBIN,0078]*** switching to 0073/5F16C8A7 ***
