1595335873:[MAIN  ,0007]buoy 452.120-R-0073
1595335873:[MAIN  ,0055]soft pilotage 452.012.300_V2.22-20200709
1595335873:[MAIN  ,0010]cycle 2
1595335873:[SURF  ,0225]surface2
1595335888:[SURF  ,0022]GPS fix...
1595335908:[SURF  ,0015]10 PPS detected...
1595335909:[MRMAID,0052]Mermaid $GPSACK:+0,+0,+0,+0,+0,+0,+0;
1595335919:[MRMAID,0052]Mermaid $GPSOFF:3686297;
1595335920:[GPSFIX,0179]-1s diff
1595335921:[SURF  ,0222]2020-07-21T12:52:01
1595335921:[SURF  ,0082]Latitude : N43deg40.942mn, Longitude :E007deg19.179mn
1595335921:[SURF  ,0223]fix3D,10satellites
1595335921:[SURF  ,0084]GPS fix GPGSA : hdop0.620,vdop1.010
1595335931:[SURF  ,0025]Iridium...
1595335961:[SURF  ,0009]connected in 30s, signal quality 5
1595336018:[SURF  ,0218]prompt received, remote cmd end
1595336018:[SURF  ,0012]16 cmd(s) received
1595336039:[UPLOAD,0248]Upload data files...
1595336227:[UPLOAD,0231]"0073/5F16E474.MER" uploaded at 142bytes/s
1595336242:[UPLOAD,0231]"0073/5F16C89B.MER" uploaded at 90bytes/s
1595336311:[UPLOAD,0231]"0073/5F16C8A7.BIN" uploaded at 110bytes/s
1595336329:[MAIN  ,0013]3 file(s) uploaded
1595336360:[SURF  ,0014]disconnected after 429s
1595336365:[SURFIN,0020]filling external bladder
1595336373:[PUMP  ,0207]battery 15117mV,   19276uA (warmup), P   +140mbar
1595336373:[PUMP  ,0016]pump during 300000ms
1595336381:[PUMP  ,0212]battery 14592mV,  827526uA (steady state), P   +140mbar
1595336383:[SURFIN,0019]external bladder full
1595336383:[SURF  ,0227]1st complete transfer
1595336401:[SURF  ,0022]GPS fix...
1595336421:[SURF  ,0015]10 PPS detected...
1595336422:[MRMAID,0052]Mermaid $GPSACK:+0,+0,+0,+0,+0,+1,-999908;
1595336432:[MRMAID,0052]Mermaid $GPSOFF:3686296;
1595336434:[GPSFIX,0179]+0s diff
1595336434:[SURF  ,0222]2020-07-21T13:00:34
1595336434:[SURF  ,0082]Latitude : N43deg40.941mn, Longitude :E007deg19.180mn
1595336434:[SURF  ,0223]fix3D,11satellites
1595336434:[SURF  ,0084]GPS fix GPGSA : hdop0.610,vdop1.000
1595336451:[MAIN  ,0024]internal pressure 81501Pa
1595336452:[BYCMD ,0107]    FreeRTOS V8.2.3
1595336452:[BYCMD ,0108]    FatFS v11a
1595336452:[BYCMD ,0117]    valve is running
1595336452:[BYCMD ,0120]    bypass 10000ms 60000ms (20000ms 60000ms stored)
1595336452:[BYCMD ,0121]    valve 60000ms 12750 (60000ms 12750 stored)
1595336452:[BYCMD ,0122]    pump 60000ms 30% 10750 80% (60000ms 30% 10750 80% stored)
1595336452:[BYCMD ,0123]    rate 2mbar/s (2mbar/s stored)
1595336452:[BYCMD ,0124]    surface 500mbar (500mbar stored)
1595336452:[BYCMD ,0125]    near 1500mbar 3mbar/s (15000mbar 3mbar/s stored)
1595336452:[BYCMD ,0126]    far 2500mbar 4mbar/s (25000mbar 4mbar/s stored)
1595336452:[BYCMD ,0127]    ascent 8mbar/s (8mbar/s stored)
1595336452:[BYCMD ,0128]    dead 60s (300s stored)
1595336452:[BYCMD ,0129]    coeff 16/10 (16/10 stored)
1595336452:[BYCMD ,0130]    stab 10 (10 stored)
1595336452:[BYCMD ,0131]    delay 900s 3600s (900s 3600s stored)
1595336452:[BYCMD ,0132]    mmtime 2880min (2880min stored)
1595336452:[BYCMD ,0133]    dv_landing 100ml (100ml stored)
1595336452:[MKDCMD,0150]    p2t37: 15x2000ms, offset 143mbar
1595336453:[P2TCMD,0151]    p2t37: dp 50mbar, dt 5000mdegC
1595336453:[STAGE ,0080]Stage [0] 5000mbar (+/-500mbar) 1800s (<1800s) 
1595336453:[STAGE ,0080]Stage [1] 5000mbar (+/-500mbar) 1800s (<3600s) MERMAID
1595336453:[MAIN  ,0070]turn off bluetooth
1595336455:[PRESS ,0038]P     -3mbar,T+29798mdegC
1595336480:[DIVING,0141]diving from -13mbar, +0mbar/s
1595336480:[BYPASS,0035]bypass opening 60000ms
1595336485:[BYPASS,0104]battery 14947mV,  249490uA (bypass opening), P    -13mbar
1595336550:[BYPASS,0106]battery 14950mV,  292312uA (bypass closing), P    -13mbar
1595336552:[PRESS ,0038]P   -113mbar,T+29798mdegC
1595336577:[BYPASS,0035]bypass opening 10000ms
1595336582:[BYPASS,0104]battery 14988mV,  252418uA (bypass opening), P   -103mbar
1595336597:[BYPASS,0106]battery 14960mV,  291214uA (bypass closing), P   -103mbar
1595336623:[BYPASS,0035]bypass opening 10000ms
1595336629:[BYPASS,0104]battery 15000mV,  253028uA (bypass opening), P   -133mbar
1595336644:[BYPASS,0106]battery 14967mV,  290360uA (bypass closing), P   -133mbar
1595336670:[BYPASS,0035]bypass opening 10000ms
1595336675:[BYPASS,0104]battery 15005mV,  250710uA (bypass opening), P   -133mbar
1595336690:[BYPASS,0106]battery 14973mV,  289628uA (bypass closing), P   -133mbar
1595336717:[BYPASS,0035]bypass opening 10000ms
1595336722:[BYPASS,0104]battery 15011mV,  254248uA (bypass opening), P   -113mbar
1595336737:[BYPASS,0106]battery 14980mV,  288896uA (bypass closing), P   -113mbar
1595336763:[BYPASS,0035]bypass opening 10000ms
1595336769:[BYPASS,0104]battery 15015mV,  249002uA (bypass opening), P   -103mbar
1595336784:[BYPASS,0106]battery 14985mV,  288286uA (bypass closing), P   -103mbar
1595336810:[BYPASS,0035]bypass opening 10000ms
1595336815:[BYPASS,0104]battery 15018mV,  252540uA (bypass opening), P   -103mbar
1595336830:[BYPASS,0106]battery 14988mV,  287798uA (bypass closing), P   -103mbar
1595336857:[BYPASS,0035]bypass opening 10000ms
1595336862:[BYPASS,0104]battery 15023mV,  251930uA (bypass opening), P    -93mbar
1595336877:[BYPASS,0106]battery 14992mV,  287310uA (bypass closing), P    -93mbar
1595336903:[BYPASS,0035]bypass opening 10000ms
1595336908:[BYPASS,0104]battery 15026mV,  253028uA (bypass opening), P    -63mbar
1595336924:[BYPASS,0106]battery 14996mV,  286700uA (bypass closing), P    -63mbar
1595336925:[PRESS ,0038]P    -23mbar,T+29798mdegC
1595336938:[PRESS ,0038]P    +47mbar,T+28889mdegC
1595336947:[PRESS ,0038]P   +107mbar,T+29798mdegC
1595336958:[PRESS ,0038]P   +177mbar,T+28889mdegC
1595336970:[PRESS ,0038]P   +237mbar,T+29798mdegC
1595336978:[PRESS ,0038]P   +297mbar,T+31614mdegC
1595336989:[PRESS ,0038]P   +357mbar,T+30706mdegC
1595337003:[PRESS ,0038]P   +417mbar,T+29798mdegC
1595337014:[PRESS ,0038]P   +477mbar,T+30706mdegC
1595337024:[DIVING,0028]527mbar reached (+5mbar/s), 9 bypass done
1595337025:[MAIN  ,0056]stage[0]
1595337027:[MAIN  ,0024]internal pressure 84816Pa
1595337028:[PRESS ,0038]P   +537mbar,T+29798mdegC
1595337028:[BUOY  ,0037]P   +537mbar
1595337028:[STAGE ,0080]Stage [0] 5000mbar (+/-500mbar) 1800s (<1595338824s) 
1595337090:[PRESS ,0038]P   +777mbar,T+29798mdegC
1595337106:[PRESS ,0038]P   +837mbar,T+29798mdegC
1595337176:[PRESS ,0038]P  +1057mbar,T+30706mdegC
1595337190:[PRESS ,0038]P  +1117mbar,T+30706mdegC
1595337261:[PRESS ,0038]P  +1317mbar,T+30706mdegC
1595337286:[BUOY  ,0087]from +2mbar/s to +4mbar/s
1595337286:[BUOY  ,0090]need to transfer -20mL (valve during 7083ms)
1595337286:[VALVE ,0034]valve opening 7083ms
1595337293:[VALVE ,0234]battery 14912mV,  492758uA, P  +1367mbar
1595337347:[PRESS ,0038]P  +1527mbar,T+29798mdegC
1595337371:[PRESS ,0038]P  +1587mbar,T+29798mdegC
1595337371:[BUOY  ,0087]from +2mbar/s to +4mbar/s
1595337372:[BUOY  ,0090]need to transfer -20mL (valve during 6538ms)
1595337372:[VALVE ,0034]valve opening 6538ms
1595337378:[VALVE ,0234]battery 14923mV,  490074uA, P  +1587mbar
1595337432:[PRESS ,0038]P  +1707mbar,T+29798mdegC
1595337457:[BUOY  ,0087]from +2mbar/s to +4mbar/s
1595337457:[BUOY  ,0090]need to transfer -20mL (valve during 6220ms)
1595337457:[VALVE ,0034]valve opening 6220ms
1595337463:[VALVE ,0234]battery 14927mV,  489220uA, P  +1747mbar
1595337518:[PRESS ,0038]P  +1887mbar,T+30706mdegC
1595337543:[BUOY  ,0087]from +2mbar/s to +4mbar/s
1595337543:[BUOY  ,0090]need to transfer -20mL (valve during 5930ms)
1595337543:[VALVE ,0034]valve opening 5930ms
1595337549:[VALVE ,0234]battery 14928mV,  488976uA, P  +1927mbar
1595337604:[PRESS ,0038]P  +2057mbar,T+29798mdegC
1595337628:[PRESS ,0038]P  +2117mbar,T+28889mdegC
1595337628:[BUOY  ,0087]from +2mbar/s to +4mbar/s
1595337628:[BUOY  ,0090]need to transfer -20mL (valve during 5543ms)
1595337628:[VALVE ,0034]valve opening 5543ms
1595337634:[VALVE ,0234]battery 14931mV,  489098uA, P  +2117mbar
1595337689:[PRESS ,0038]P  +2387mbar,T+28889mdegC
1595337698:[PRESS ,0038]P  +2447mbar,T+29798mdegC
1595337710:[PRESS ,0038]P  +2507mbar,T+28889mdegC
1595337714:[BUOY  ,0087]from +5mbar/s to +3mbar/s
1595337714:[BUOY  ,0089]need to transfer +26mL (pump during 31383ms)
1595337722:[PUMP  ,0207]battery 15357mV,   19886uA (warmup), P  +2527mbar
1595337722:[PUMP  ,0016]pump during 31383ms
1595337753:[PUMP  ,0212]battery 15096mV,  269742uA (steady state), P  +2527mbar
1595337778:[PRESS ,0038]P  +2777mbar,T+29798mdegC
1595337799:[PRESS ,0038]P  +2837mbar,T+28889mdegC
1595337863:[PRESS ,0038]P  +2967mbar,T+28889mdegC
1595337888:[BUOY  ,0087]from +1mbar/s to +3mbar/s
1595337888:[BUOY  ,0090]need to transfer -12mL (valve during 2833ms)
1595337888:[VALVE ,0034]valve opening 2833ms
1595337891:[VALVE ,0234]battery 14918mV,  492514uA, P  +2997mbar
1595337949:[PRESS ,0038]P  +3157mbar,T+28889mdegC
1595338035:[PRESS ,0038]P  +3417mbar,T+27982mdegC
1595338047:[PRESS ,0038]P  +3477mbar,T+27982mdegC
1595338059:[BUOY  ,0087]from +4mbar/s to +2mbar/s
1595338059:[BUOY  ,0089]need to transfer +20mL (pump during 24141ms)
1595338068:[PUMP  ,0207]battery 15373mV,   20008uA (warmup), P  +3507mbar
1595338068:[PUMP  ,0016]pump during 24141ms
1595338092:[PUMP  ,0212]battery 15092mV,  283040uA (steady state), P  +3507mbar
1595338123:[PRESS ,0038]P  +3727mbar,T+27982mdegC
1595338146:[PRESS ,0038]P  +3787mbar,T+28889mdegC
1595338209:[PRESS ,0038]P  +3947mbar,T+28889mdegC
1595338294:[PRESS ,0038]P  +4167mbar,T+27982mdegC
1595338315:[PRESS ,0038]P  +4227mbar,T+27982mdegC
1595338380:[PRESS ,0038]P  +4417mbar,T+27074mdegC
1595338401:[PRESS ,0038]P  +4477mbar,T+27982mdegC
1595338465:[PRESS ,0038]P  +4657mbar,T+27982mdegC
1595338486:[PRESS ,0038]P  +4717mbar,T+26166mdegC
1595338490:[STAGE ,0213]4707mbar reached at 1595338490s, ref 5000mbar +/-500mbar
1595338551:[PRESS ,0038]P  +4847mbar,T+27074mdegC
1595338611:[PRESS ,0038]P  +4967mbar,T+27074mdegC
1595338672:[PRESS ,0038]P  +5097mbar,T+26166mdegC
1595338672:[BUOY  ,0087]from +2mbar/s to +0mbar/s
1595338672:[BUOY  ,0089]need to transfer +6mL (pump during 7227ms)
1595338680:[PUMP  ,0207]battery 15411mV,   20130uA (warmup), P  +5097mbar
1595338680:[PUMP  ,0016]pump during 7227ms
1595338687:[PUMP  ,0212]battery 15112mV,  288042uA (steady state), P  +5097mbar
1595338736:[PRESS ,0038]P  +5197mbar,T+27982mdegC
1595338761:[BUOY  ,0087]from +2mbar/s to +0mbar/s
1595338761:[BUOY  ,0089]need to transfer +6mL (pump during 7227ms)
1595338769:[PUMP  ,0207]battery 15405mV,   19886uA (warmup), P  +5237mbar
1595338769:[PUMP  ,0016]pump during 7227ms
1595338776:[PUMP  ,0212]battery 15110mV,  285846uA (steady state), P  +5237mbar
1595338825:[PRESS ,0038]P  +5297mbar,T+27074mdegC
1595338850:[MAIN  ,0140]stage[0] complete 1826s after mission start
1595338850:[MAIN  ,0056]stage[1]
1595338852:[MAIN  ,0024]internal pressure 83649Pa
1595338853:[MRMAID,0002]acq started
1595338863:[BUOY  ,0037]P  +5307mbar
1595338863:[STAGE ,0080]Stage [1] 5000mbar (+/-500mbar) 1800s (<1595340624s) MERMAID
1595338865:[STAGE ,0213]5307mbar reached at 1595338865s, ref 5000mbar +/-500mbar
1595339008:[MRMAID,0027]53dbar, 26degC
1595339047:[PRESS ,0038]P  +5357mbar,T+25257mdegC
1595339108:[PRESS ,0038]P  +5447mbar,T+25257mdegC
1595339168:[PRESS ,0038]P  +5557mbar,T+26166mdegC
1595339168:<WARN>[BUOY  ,0094]stage[1] should ASCENT, stuck at 5557mbar for the #1 time
1595339168:[BUOY  ,0087]from +1mbar/s to -2mbar/s
1595339168:[BUOY  ,0089]need to transfer +8mL (pump during 9623ms)
1595339177:[PUMP  ,0207]battery 15421mV,   20252uA (warmup), P  +5557mbar
1595339177:[PUMP  ,0016]pump during 9623ms
1595339186:[PUMP  ,0212]battery 15112mV,  292434uA (steady state), P  +5557mbar
1595339199:[MRMAID,0184]acq already started
1595339243:[PRESS ,0038]P  +5617mbar,T+25257mdegC
1595339268:<WARN>[BUOY  ,0094]stage[1] should ASCENT, stuck at 5607mbar for the #2 time
1595339268:[BUOY  ,0087]from +0mbar/s to -2mbar/s
1595339268:[BUOY  ,0089]need to transfer +6mL (pump during 7217ms)
1595339270:[MRMAID,0003]acq stopped
1595339276:[PUMP  ,0207]battery 15401mV,   24400uA (warmup), P  +5607mbar
1595339276:[PUMP  ,0016]pump during 7217ms
1595339276:[MRMAID,0005]ascent request rejected
1595339283:[PUMP  ,0212]battery 15103mV,  290604uA (steady state), P  +5607mbar
1595339287:[MRMAID,0002]acq started
1595339342:[PRESS ,0038]P  +5557mbar,T+26166mdegC
1595339427:[PRESS ,0038]P  +5417mbar,T+25257mdegC
1595339459:[MRMAID,0027]54dbar, 25degC
1595339512:[PRESS ,0038]P  +5287mbar,T+25257mdegC
1595339573:[PRESS ,0038]P  +5187mbar,T+25257mdegC
1595339634:[PRESS ,0038]P  +5117mbar,T+24350mdegC
1595339937:[PRESS ,0038]P  +5047mbar,T+25257mdegC
1595340362:[PRESS ,0038]P  +4987mbar,T+24350mdegC
1595340575:[MRMAID,0005]ascent request rejected
1595340661:[MRMAID,0027]50dbar, 24degC
1595340665:[MAIN  ,0140]stage[1] complete 3641s after mission start
1595341269:<ERR>[MRMAID,0008]acq not stopped
1595341763:[MRMAID,0003]acq stopped
1595341763:[MRMAID,0052]Mermaid $MEASFS,96983,2423.729340,40.013956;
1595341778:[MRMAID,0005]ascent request rejected
1595341812:[MSSION,0192]mission stopped, 2 stage(s) done
1595341812:[MAIN  ,0065]surfacing
1595341814:[PRESS ,0038]P  +5147mbar,T+23442mdegC
1595341814:[SURFIN,0036]P  +5147mbar
1595341822:[PUMP  ,0207]battery 15443mV,   20862uA (warmup), P  +5147mbar
1595341822:[PUMP  ,0016]pump during 60000ms
1595341881:[PUMP  ,0212]battery 15096mV,  290604uA (steady state), P  +5147mbar
1595341939:[PRESS ,0038]P  +4797mbar,T+24350mdegC
1595341955:[PRESS ,0038]P  +4737mbar,T+24350mdegC
1595341972:[PUMP  ,0207]battery 15367mV,   20496uA (warmup), P  +4727mbar
1595341972:[PUMP  ,0016]pump during 60000ms
1595342031:[PUMP  ,0212]battery 15046mV,  287920uA (steady state), P  +4727mbar
1595342088:[PRESS ,0038]P  +4167mbar,T+23442mdegC
1595342099:[PRESS ,0038]P  +4107mbar,T+23442mdegC
1595342110:[PRESS ,0038]P  +4037mbar,T+24350mdegC
1595342121:[PUMP  ,0207]battery 15316mV,   20374uA (warmup), P  +4027mbar
1595342121:[PUMP  ,0016]pump during 60000ms
1595342180:[PUMP  ,0212]battery 15006mV,  286334uA (steady state), P  +4027mbar
1595342238:[PRESS ,0038]P  +3217mbar,T+23442mdegC
1595342247:[PRESS ,0038]P  +3157mbar,T+24350mdegC
1595342254:[PRESS ,0038]P  +3097mbar,T+22534mdegC
1595342263:[PRESS ,0038]P  +3037mbar,T+23442mdegC
1595342271:[PUMP  ,0207]battery 15281mV,   20374uA (warmup), P  +3037mbar
1595342271:[PUMP  ,0016]pump during 60000ms
1595342330:[PUMP  ,0212]battery 14978mV,  280966uA (steady state), P  +3037mbar
1595342388:[PRESS ,0038]P  +2167mbar,T+23442mdegC
1595342397:[PRESS ,0038]P  +2107mbar,T+23442mdegC
1595342406:[PRESS ,0038]P  +2037mbar,T+21626mdegC
1595342421:[PUMP  ,0207]battery 15258mV,   20374uA (warmup), P  +1987mbar
1595342421:[PUMP  ,0016]pump during 60000ms
1595342480:[PUMP  ,0212]battery 14962mV,  275598uA (steady state), P  +1987mbar
1595342537:[PRESS ,0038]P  +1077mbar,T+23442mdegC
1595342548:[PRESS ,0038]P  +1017mbar,T+23442mdegC
1595342559:[PRESS ,0038]P   +957mbar,T+23442mdegC
1595342570:[PUMP  ,0207]battery 15243mV,   20374uA (warmup), P   +937mbar
1595342570:[PUMP  ,0016]pump during 60000ms
1595342629:[PUMP  ,0212]battery 14956mV,  268278uA (steady state), P   +937mbar
1595342687:[PRESS ,0038]P   +257mbar,T+23442mdegC
1595342694:[PRESS ,0038]P   +197mbar,T+23442mdegC
1595342707:[PRESS ,0038]P   +137mbar,T+23442mdegC
1595342715:[SURFIN,0020]filling external bladder
1595342724:[PUMP  ,0207]battery 15236mV,   20374uA (warmup), P    +97mbar
1595342724:[PUMP  ,0016]pump during 300000ms
1595343022:[PUMP  ,0212]battery 14610mV,  853146uA (steady state), P    +97mbar
1595343033:[PUMP  ,0207]battery 14773mV,   19032uA (warmup), P    +97mbar
1595343033:[PUMP  ,0016]pump during 300000ms
1595343107:[PUMP  ,0212]battery 14373mV,  834724uA (steady state), P    +97mbar
1595343109:[SURFIN,0019]external bladder full
1595343172:[MAIN  ,0272]Vbat 14974mV (min 14847mV)
1595343174:[MAIN  ,0024]internal pressure 80696Pa
1595343174:[MAIN  ,0043]Pext 140mbar (rng 20mbar)
1595343174:[MAIN  ,0064]surface
1595343185:[SURF  ,0022]GPS fix...
1595343205:[SURF  ,0015]10 PPS detected...
1595343206:[MRMAID,0052]Mermaid $GPSACK:+0,+0,+0,+0,+0,+0,-1068;
1595343216:[MRMAID,0052]Mermaid $GPSOFF:3686297;
1595343217:[GPSFIX,0179]+0s diff
1595343217:[SURF  ,0222]2020-07-21T14:53:37
1595343217:[SURF  ,0082]Latitude : N43deg40.941mn, Longitude :E007deg19.181mn
1595343217:[SURF  ,0223]fix3D,9satellites
1595343217:[SURF  ,0084]GPS fix GPGSA : hdop0.930,vdop1.130
1595343227:[SURF  ,0274]last almanac : 1055285
1595343313:[MRMAID,0026]29901 bytes in 0073/5F170180.MER
1595343318:[MAIN  ,0320]New pressure offset: 140mbar
1595343319:[LOGBIN,0078]*** switching to 0073/5F1701D7 ***
