1595357294:[MAIN  ,0007]buoy 452.120-R-0073
1595357294:[MAIN  ,0055]soft pilotage 452.012.300_V2.22-20200709
1595357294:[MAIN  ,0010]cycle 5
1595357294:[SURF  ,0225]surface2
1595357309:[SURF  ,0022]GPS fix...
1595357329:[SURF  ,0015]10 PPS detected...
1595357330:[MRMAID,0052]Mermaid $GPSACK:+0,+0,+0,+0,+0,+0,-30;
1595357340:[MRMAID,0052]Mermaid $GPSOFF:3686297;
1595357341:[GPSFIX,0179]-1s diff
1595357342:[SURF  ,0222]2020-07-21T18:49:02
1595357342:[SURF  ,0082]Latitude : N43deg40.943mn, Longitude :E007deg19.187mn
1595357342:[SURF  ,0223]fix3D,9satellites
1595357342:[SURF  ,0084]GPS fix GPGSA : hdop0.780,vdop1.280
1595357352:[SURF  ,0025]Iridium...
1595357394:[SURF  ,0009]connected in 42s, signal quality 5
1595357474:[SURF  ,0218]prompt received, remote cmd end
1595357474:[SURF  ,0012]16 cmd(s) received
1595357497:[UPLOAD,0248]Upload data files...
1595357687:[UPLOAD,0231]"0073/5F173821.MER" uploaded at 143bytes/s
1595357781:[ZIO   ,0236]5 consecutive CAN received, aborting
1595357807:[SURF  ,0014]disconnected after 455s
1595357812:[SURFIN,0020]filling external bladder
1595357821:[PUMP  ,0207]battery 15037mV,   18788uA (warmup), P   +130mbar
1595357821:[PUMP  ,0016]pump during 300000ms
1595357829:[PUMP  ,0212]battery 14548mV,  863394uA (steady state), P   +130mbar
1595357831:[SURFIN,0019]external bladder full
1595357831:[SURF  ,0319]transfer interrupted
1595357846:[SURF  ,0022]GPS fix...
1595357866:[SURF  ,0015]10 PPS detected...
1595357867:[MRMAID,0052]Mermaid $GPSACK:+0,+0,+0,+0,+0,+0,+0;
1595357877:[MRMAID,0052]Mermaid $GPSOFF:3686297;
1595357878:[GPSFIX,0179]-1s diff
1595357879:[SURF  ,0222]2020-07-21T18:57:59
1595357879:[SURF  ,0082]Latitude : N43deg40.943mn, Longitude :E007deg19.188mn
1595357879:[SURF  ,0223]fix3D,8satellites
1595357879:[SURF  ,0084]GPS fix GPGSA : hdop0.780,vdop1.370
1595357896:[MAIN  ,0024]internal pressure 80789Pa
1595357897:[BYCMD ,0107]    FreeRTOS V8.2.3
1595357897:[BYCMD ,0108]    FatFS v11a
1595357897:[BYCMD ,0120]    bypass 10000ms 60000ms (20000ms 60000ms stored)
1595357897:[BYCMD ,0121]    valve 60000ms 12750 (60000ms 12750 stored)
1595357897:[BYCMD ,0122]    pump 60000ms 30% 10750 80% (60000ms 30% 10750 80% stored)
1595357897:[BYCMD ,0123]    rate 2mbar/s (2mbar/s stored)
1595357897:[BYCMD ,0124]    surface 500mbar (500mbar stored)
1595357897:[BYCMD ,0125]    near 1500mbar 3mbar/s (15000mbar 3mbar/s stored)
1595357897:[BYCMD ,0126]    far 2500mbar 4mbar/s (25000mbar 4mbar/s stored)
1595357897:[BYCMD ,0127]    ascent 8mbar/s (8mbar/s stored)
1595357897:[BYCMD ,0128]    dead 60s (300s stored)
1595357897:[BYCMD ,0129]    coeff 16/10 (16/10 stored)
1595357897:[BYCMD ,0130]    stab 10 (10 stored)
1595357897:[BYCMD ,0131]    delay 900s 3600s (900s 3600s stored)
1595357897:[BYCMD ,0132]    mmtime 2880min (2880min stored)
1595357897:[BYCMD ,0133]    dv_landing 100ml (100ml stored)
1595357897:[MKDCMD,0150]    p2t37: 15x2000ms, offset 133mbar
1595357898:[P2TCMD,0151]    p2t37: dp 50mbar, dt 5000mdegC
1595357898:[STAGE ,0080]Stage [0] 5000mbar (+/-500mbar) 1800s (<1800s) 
1595357898:[STAGE ,0080]Stage [1] 5000mbar (+/-500mbar) 1800s (<3600s) MERMAID
1595357898:[MAIN  ,0070]turn off bluetooth
1595357900:[PRESS ,0038]P    -13mbar,T+26166mdegC
1595357925:[DIVING,0141]diving from -23mbar, +0mbar/s
1595357925:[BYPASS,0035]bypass opening 60000ms
1595357930:[BYPASS,0104]battery 14911mV,  248026uA (bypass opening), P    -23mbar
1595357995:[BYPASS,0106]battery 14925mV,  293776uA (bypass closing), P    -23mbar
1595357997:[PRESS ,0038]P   -113mbar,T+26166mdegC
1595358022:[BYPASS,0035]bypass opening 10000ms
1595358027:[BYPASS,0104]battery 14962mV,  251198uA (bypass opening), P   -113mbar
1595358042:[BYPASS,0106]battery 14938mV,  292556uA (bypass closing), P   -113mbar
1595358068:[BYPASS,0035]bypass opening 10000ms
1595358074:[BYPASS,0104]battery 14971mV,  246318uA (bypass opening), P   -113mbar
1595358089:[BYPASS,0106]battery 14948mV,  291824uA (bypass closing), P   -113mbar
1595358115:[BYPASS,0035]bypass opening 10000ms
1595358120:[BYPASS,0104]battery 14983mV,  246440uA (bypass opening), P   -123mbar
1595358135:[BYPASS,0106]battery 14958mV,  291092uA (bypass closing), P   -123mbar
1595358162:[BYPASS,0035]bypass opening 10000ms
1595358167:[BYPASS,0104]battery 14996mV,  252662uA (bypass opening), P   -113mbar
1595358182:[BYPASS,0106]battery 14967mV,  290482uA (bypass closing), P   -113mbar
1595358208:[BYPASS,0035]bypass opening 10000ms
1595358214:[BYPASS,0104]battery 15002mV,  254248uA (bypass opening), P   -103mbar
1595358229:[BYPASS,0106]battery 14975mV,  289994uA (bypass closing), P   -103mbar
1595358255:[BYPASS,0035]bypass opening 10000ms
1595358260:[BYPASS,0104]battery 15010mV,  253150uA (bypass opening), P   -103mbar
1595358275:[BYPASS,0106]battery 14981mV,  289384uA (bypass closing), P   -103mbar
1595358302:[BYPASS,0035]bypass opening 10000ms
1595358307:[BYPASS,0104]battery 15015mV,  253516uA (bypass opening), P   -103mbar
1595358322:[BYPASS,0106]battery 14986mV,  288774uA (bypass closing), P   -103mbar
1595358348:[BYPASS,0035]bypass opening 10000ms
1595358353:[BYPASS,0104]battery 15020mV,  251564uA (bypass opening), P    -93mbar
1595358369:[BYPASS,0106]battery 14991mV,  288286uA (bypass closing), P    -93mbar
1595358372:[PRESS ,0038]P    -53mbar,T+27982mdegC
1595358390:[PRESS ,0038]P     +7mbar,T+27982mdegC
1595358406:[PRESS ,0038]P    +67mbar,T+27982mdegC
1595358417:[PRESS ,0038]P   +127mbar,T+27982mdegC
1595358434:[PRESS ,0038]P   +187mbar,T+27074mdegC
1595358453:[PRESS ,0038]P   +247mbar,T+27982mdegC
1595358470:[PRESS ,0038]P   +307mbar,T+27982mdegC
1595358484:[PRESS ,0038]P   +367mbar,T+27982mdegC
1595358503:[PRESS ,0038]P   +427mbar,T+27982mdegC
1595358528:[PRESS ,0038]P   +497mbar,T+27074mdegC
1595358533:[DIVING,0028]507mbar reached (+3mbar/s), 9 bypass done
1595358533:[MAIN  ,0056]stage[0]
1595358535:[MAIN  ,0024]internal pressure 84027Pa
1595358536:[BUOY  ,0037]P   +517mbar
1595358536:[STAGE ,0080]Stage [0] 5000mbar (+/-500mbar) 1800s (<1595360333s) 
1595358599:[PRESS ,0038]P   +607mbar,T+29798mdegC
1595358623:<WARN>[BUOY  ,0094]stage[0] should DESCENT, stuck at 617mbar for the #1 time
1595358624:[BUOY  ,0087]from +0mbar/s to +4mbar/s
1595358624:[BUOY  ,0090]need to transfer -26mL (valve during 13813ms)
1595358624:[VALVE ,0034]valve opening 13813ms
1595358637:[VALVE ,0234]battery 14933mV,  496906uA, P   +617mbar
1595358684:[PRESS ,0038]P   +677mbar,T+28889mdegC
1595358709:[BUOY  ,0087]from +1mbar/s to +4mbar/s
1595358709:[BUOY  ,0090]need to transfer -24mL (valve during 11769ms)
1595358709:[VALVE ,0034]valve opening 11769ms
1595358721:[VALVE ,0234]battery 14931mV,  490440uA, P   +707mbar
1595358770:[PRESS ,0038]P   +897mbar,T+28889mdegC
1595358786:[PRESS ,0038]P   +957mbar,T+27982mdegC
1595358855:[PRESS ,0038]P  +1137mbar,T+27074mdegC
1595358877:[PRESS ,0038]P  +1197mbar,T+27982mdegC
1595358941:[PRESS ,0038]P  +1357mbar,T+27074mdegC
1595358966:[BUOY  ,0087]from +2mbar/s to +4mbar/s
1595358966:[BUOY  ,0090]need to transfer -20mL (valve during 6892ms)
1595358966:[VALVE ,0034]valve opening 6892ms
1595358973:[VALVE ,0234]battery 14958mV,  496296uA, P  +1397mbar
1595359026:[PRESS ,0038]P  +1437mbar,T+27074mdegC
1595359051:<WARN>[BUOY  ,0094]stage[0] should DESCENT, stuck at 1437mbar for the #1 time
1595359051:[BUOY  ,0087]from +0mbar/s to +4mbar/s
1595359051:[BUOY  ,0090]need to transfer -26mL (valve during 8959ms)
1595359051:[VALVE ,0034]valve opening 8959ms
1595359060:[VALVE ,0234]battery 14961mV,  493856uA, P  +1437mbar
1595359112:[PRESS ,0038]P  +1527mbar,T+27982mdegC
1595359128:[PRESS ,0038]P  +1587mbar,T+27982mdegC
1595359198:[PRESS ,0038]P  +1697mbar,T+27982mdegC
1595359222:[BUOY  ,0087]from +1mbar/s to +4mbar/s
1595359222:[BUOY  ,0090]need to transfer -24mL (valve during 7463ms)
1595359222:[VALVE ,0034]valve opening 7463ms
1595359230:[VALVE ,0234]battery 14970mV,  495564uA, P  +1717mbar
1595359283:[PRESS ,0038]P  +1817mbar,T+27982mdegC
1595359297:[PRESS ,0038]P  +1887mbar,T+27982mdegC
1595359369:[PRESS ,0038]P  +1957mbar,T+27074mdegC
1595359393:[BUOY  ,0087]from +2mbar/s to +4mbar/s
1595359393:[BUOY  ,0090]need to transfer -20mL (valve during 5795ms)
1595359393:[VALVE ,0034]valve opening 5795ms
1595359399:[VALVE ,0234]battery 14978mV,  496418uA, P  +1997mbar
1595359454:[PRESS ,0038]P  +2187mbar,T+27982mdegC
1595359475:[PRESS ,0038]P  +2247mbar,T+27074mdegC
1595359540:[PRESS ,0038]P  +2417mbar,T+26166mdegC
1595359561:[PRESS ,0038]P  +2477mbar,T+27074mdegC
1595359625:[PRESS ,0038]P  +2687mbar,T+27074mdegC
1595359643:[PRESS ,0038]P  +2747mbar,T+27074mdegC
1595359711:[PRESS ,0038]P  +2987mbar,T+26166mdegC
1595359727:[PRESS ,0038]P  +3047mbar,T+27074mdegC
1595359796:[PRESS ,0038]P  +3307mbar,T+27074mdegC
1595359817:[PRESS ,0038]P  +3367mbar,T+26166mdegC
1595359881:[PRESS ,0038]P  +3537mbar,T+26166mdegC
1595359967:[PRESS ,0038]P  +3707mbar,T+26166mdegC
1595359992:[PRESS ,0038]P  +3777mbar,T+26166mdegC
1595360052:[PRESS ,0038]P  +3917mbar,T+26166mdegC
1595360070:[PRESS ,0038]P  +3977mbar,T+27074mdegC
1595360138:[PRESS ,0038]P  +4197mbar,T+25257mdegC
1595360159:[PRESS ,0038]P  +4257mbar,T+25257mdegC
1595360223:[PRESS ,0038]P  +4467mbar,T+25257mdegC
1595360243:[PRESS ,0038]P  +4527mbar,T+25257mdegC
1595360248:[STAGE ,0213]4537mbar reached at 1595360248s, ref 5000mbar +/-500mbar
1595360248:[BUOY  ,0087]from +3mbar/s to +0mbar/s
1595360248:[BUOY  ,0089]need to transfer +14mL (pump during 16866ms)
1595360256:[PUMP  ,0207]battery 15411mV,   19398uA (warmup), P  +4537mbar
1595360256:[PUMP  ,0016]pump during 16866ms
1595360272:[PUMP  ,0212]battery 15163mV,  286334uA (steady state), P  +4537mbar
1595360312:[PRESS ,0038]P  +4697mbar,T+26166mdegC
1595360337:[MAIN  ,0140]stage[0] complete 1804s after mission start
1595360337:[MAIN  ,0056]stage[1]
1595360339:[MAIN  ,0024]internal pressure 83281Pa
1595360340:[MRMAID,0002]acq started
1595360350:[PRESS ,0038]P  +4757mbar,T+24350mdegC
1595360350:[BUOY  ,0037]P  +4757mbar
1595360351:[STAGE ,0080]Stage [1] 5000mbar (+/-500mbar) 1800s (<1595362133s) MERMAID
1595360352:[STAGE ,0213]4757mbar reached at 1595360352s, ref 5000mbar +/-500mbar
1595360413:[PRESS ,0038]P  +4857mbar,T+25257mdegC
1595360534:[PRESS ,0038]P  +4937mbar,T+25257mdegC
1595360550:[MRMAID,0027]49dbar, 25degC
1595360656:[PRESS ,0038]P  +5017mbar,T+24350mdegC
1595360656:[BUOY  ,0087]from +1mbar/s to +0mbar/s
1595360656:[BUOY  ,0089]need to transfer +2mL (pump during 2408ms)
1595360664:[PUMP  ,0207]battery 15411mV,   19764uA (warmup), P  +5017mbar
1595360664:[PUMP  ,0016]pump during 2408ms
1595360679:[MRMAID,0184]acq already started
1595360815:[PRESS ,0038]P  +5077mbar,T+24350mdegC
1595360876:[PRESS ,0038]P  +5157mbar,T+25257mdegC
1595360876:[BUOY  ,0087]from +1mbar/s to +0mbar/s
1595360876:[BUOY  ,0089]need to transfer +2mL (pump during 2408ms)
1595360885:[PUMP  ,0207]battery 15416mV,   19764uA (warmup), P  +5157mbar
1595360885:[PUMP  ,0016]pump during 2408ms
1595360900:[MRMAID,0184]acq already started
1595360951:[PRESS ,0038]P  +5227mbar,T+24350mdegC
1595360975:[BUOY  ,0087]from +1mbar/s to +0mbar/s
1595360975:[BUOY  ,0089]need to transfer +2mL (pump during 2408ms)
1595360984:[PUMP  ,0207]battery 15416mV,   19642uA (warmup), P  +5257mbar
1595360984:[PUMP  ,0016]pump during 2408ms
1595360999:[MRMAID,0184]acq already started
1595361050:[PRESS ,0038]P  +5307mbar,T+23442mdegC
1595361256:[PRESS ,0038]P  +5367mbar,T+23442mdegC
1595361438:[PRESS ,0038]P  +5447mbar,T+24350mdegC
1595361499:[PRESS ,0038]P  +5517mbar,T+24350mdegC
1595361499:<WARN>[BUOY  ,0094]stage[1] should ASCENT, stuck at 5517mbar for the #1 time
1595361499:[BUOY  ,0087]from +0mbar/s to -2mbar/s
1595361499:[BUOY  ,0089]need to transfer +6mL (pump during 7203ms)
1595361508:[PUMP  ,0207]battery 15427mV,   20374uA (warmup), P  +5517mbar
1595361508:[PUMP  ,0016]pump during 7203ms
1595361515:[PUMP  ,0212]battery 15165mV,  294508uA (steady state), P  +5517mbar
1595361528:[MRMAID,0184]acq already started
1595361651:[MRMAID,0059]stop canceled
1595361666:[MRMAID,0005]ascent request rejected
1595361684:<WARN>[BUOY  ,0094]stage[1] should ASCENT, stuck at 5527mbar for the #1 time
1595361684:[BUOY  ,0087]from +0mbar/s to -2mbar/s
1595361684:[BUOY  ,0089]need to transfer +6mL (pump during 7203ms)
1595361684:[MRMAID,0003]acq stopped
1595361684:[MRMAID,0052]Mermaid $MEASFS,51652,1290.849182,40.013970;
1595361693:[PUMP  ,0207]battery 15423mV,   19276uA (warmup), P  +5527mbar
1595361693:[PUMP  ,0016]pump during 7203ms
1595361700:[PUMP  ,0212]battery 15153mV,  300120uA (steady state), P  +5527mbar
1595361703:[MRMAID,0002]acq started
1595361758:[PRESS ,0038]P  +5447mbar,T+23442mdegC
1595361843:[PRESS ,0038]P  +5337mbar,T+23442mdegC
1595361887:[MRMAID,0027]53dbar, 23degC
1595361904:[PRESS ,0038]P  +5247mbar,T+24350mdegC
1595361965:[PRESS ,0038]P  +5187mbar,T+23442mdegC
1595362086:[PRESS ,0038]P  +5087mbar,T+23442mdegC
1595362147:[PRESS ,0038]P  +4997mbar,T+23442mdegC
1595362147:[MAIN  ,0140]stage[1] complete 3614s after mission start
1595362750:<ERR>[MRMAID,0008]acq not stopped
1595362766:[MRMAID,0003]acq stopped
1595362766:[MRMAID,0183]dropping spurious '0x30'
1595362766:[MRMAID,0183]dropping spurious '0x39'
1595362766:[MRMAID,0183]dropping spurious '0x2E'
1595362766:[MRMAID,0183]dropping spurious '0x39'
1595362766:[MRMAID,0183]dropping spurious '0x39'
1595362766:[MRMAID,0183]dropping spurious '0x37'
1595362766:[MRMAID,0183]dropping spurious '0x31'
1595362766:[MRMAID,0183]dropping spurious '0x39'
1595362766:[MRMAID,0183]dropping spurious '0x33'
1595362766:[MRMAID,0183]dropping spurious '0x2C'
1595362766:[MRMAID,0183]dropping spurious '0x34'
1595362766:[MRMAID,0183]dropping spurious '0x30'
1595362766:[MRMAID,0183]dropping spurious '0x2E'
1595362766:[MRMAID,0183]dropping spurious '0x30'
1595362766:[MRMAID,0183]dropping spurious '0x31'
1595362766:[MRMAID,0183]dropping spurious '0x33'
1595362766:[MRMAID,0183]dropping spurious '0x39'
1595362766:[MRMAID,0183]dropping spurious '0x37'
1595362767:[MRMAID,0183]dropping spurious '0x33'
1595362767:[MRMAID,0183]dropping spurious '0x3B'
1595362767:[MRMAID,0185]20 spurious byte(s) received
1595362779:[MRMAID,0005]ascent request rejected
1595362811:[MSSION,0192]mission stopped, 2 stage(s) done
1595362811:[MAIN  ,0065]surfacing
1595362813:[PRESS ,0038]P  +4857mbar,T+21626mdegC
1595362813:[SURFIN,0036]P  +4857mbar
1595362821:[PUMP  ,0207]battery 15438mV,   19642uA (warmup), P  +4857mbar
1595362821:[PUMP  ,0016]pump during 60000ms
1595362880:[PUMP  ,0212]battery 15157mV,  299266uA (steady state), P  +4857mbar
1595362938:[PRESS ,0038]P  +4427mbar,T+23442mdegC
1595362952:[PRESS ,0038]P  +4367mbar,T+21626mdegC
1595362971:[PUMP  ,0207]battery 15361mV,   19520uA (warmup), P  +4327mbar
1595362971:[PUMP  ,0016]pump during 60000ms
1595363030:[PUMP  ,0212]battery 15093mV,  289018uA (steady state), P  +4327mbar
1595363087:[PRESS ,0038]P  +3777mbar,T+22534mdegC
1595363096:[PRESS ,0038]P  +3717mbar,T+21626mdegC
1595363105:[PRESS ,0038]P  +3657mbar,T+22534mdegC
1595363120:[PUMP  ,0207]battery 15307mV,   19520uA (warmup), P  +3617mbar
1595363120:[PUMP  ,0016]pump during 60000ms
1595363179:[PUMP  ,0212]battery 15043mV,  286212uA (steady state), P  +3617mbar
1595363237:[PRESS ,0038]P  +2867mbar,T+22534mdegC
1595363248:[PRESS ,0038]P  +2797mbar,T+21626mdegC
1595363256:[PRESS ,0038]P  +2737mbar,T+22534mdegC
1595363270:[PUMP  ,0207]battery 15270mV,   19642uA (warmup), P  +2707mbar
1595363270:[PUMP  ,0016]pump during 60000ms
1595363329:[PUMP  ,0212]battery 15015mV,  279868uA (steady state), P  +2707mbar
1595363387:[PRESS ,0038]P  +1837mbar,T+22534mdegC
1595363397:[PRESS ,0038]P  +1777mbar,T+22534mdegC
1595363408:[PRESS ,0038]P  +1717mbar,T+21626mdegC
1595363420:[PUMP  ,0207]battery 15246mV,   19642uA (warmup), P  +1697mbar
1595363420:[PUMP  ,0016]pump during 60000ms
1595363479:[PUMP  ,0212]battery 14987mV,  282918uA (steady state), P  +1697mbar
1595363536:[PRESS ,0038]P  +1007mbar,T+22534mdegC
1595363547:[PRESS ,0038]P   +947mbar,T+21626mdegC
1595363557:[PRESS ,0038]P   +887mbar,T+21626mdegC
1595363569:[PUMP  ,0207]battery 15230mV,   19642uA (warmup), P   +857mbar
1595363569:[PUMP  ,0016]pump during 60000ms
1595363628:[PUMP  ,0212]battery 14980mV,  269986uA (steady state), P   +857mbar
1595363686:[PRESS ,0038]P   +187mbar,T+22534mdegC
1595363696:[PRESS ,0038]P   +117mbar,T+22534mdegC
1595363712:[PRESS ,0038]P    +47mbar,T+22534mdegC
1595363714:[SURFIN,0020]filling external bladder
1595363722:[PUMP  ,0207]battery 15221mV,   19642uA (warmup), P    +47mbar
1595363722:[PUMP  ,0016]pump during 300000ms
1595364021:[PUMP  ,0212]battery 14622mV,  882914uA (steady state), P    +47mbar
1595364032:[PUMP  ,0207]battery 14735mV,   19032uA (warmup), P    +47mbar
1595364032:[PUMP  ,0016]pump during 300000ms
1595364104:[PUMP  ,0212]battery 14352mV,  854976uA (steady state), P    +47mbar
1595364106:[SURFIN,0019]external bladder full
1595364108:[PRESS ,0038]P   +130mbar,T+25257mdegC
1595364168:[MAIN  ,0272]Vbat 14934mV (min 14820mV)
1595364170:[MAIN  ,0024]internal pressure 80483Pa
1595364170:[MAIN  ,0043]Pext 137mbar (rng 20mbar)
1595364170:[MAIN  ,0064]surface
1595364182:[SURF  ,0022]GPS fix...
1595364202:[SURF  ,0015]10 PPS detected...
1595364203:[MRMAID,0052]Mermaid $GPSACK:+0,+0,+0,+0,+0,+0,+0;
1595364213:[MRMAID,0052]Mermaid $GPSOFF:3686297;
1595364215:[GPSFIX,0179]+0s diff
1595364215:[SURF  ,0222]2020-07-21T20:43:35
1595364215:[SURF  ,0082]Latitude : N43deg40.940mn, Longitude :E007deg19.180mn
1595364215:[SURF  ,0223]fix3D,9satellites
1595364215:[SURF  ,0084]GPS fix GPGSA : hdop0.690,vdop0.990
1595364225:[SURF  ,0274]last almanac : 1076283
1595364296:[MRMAID,0026]23769 bytes in 0073/5F175386.MER
1595364302:[MAIN  ,0320]New pressure offset: 137mbar
1595364302:[LOGBIN,0078]*** switching to 0073/5F1753CE ***
