1595328679:[MAIN  ,0007]buoy 452.120-R-0073
1595328679:[MAIN  ,0055]soft pilotage 452.012.300_V2.22-20200709
1595328679:[MAIN  ,0010]cycle 1
1595328679:[SURF  ,0225]surface2
1595328692:[SURF  ,0022]GPS fix...
1595328712:[SURF  ,0015]10 PPS detected...
1595328713:[MRMAID,0052]Mermaid $GPSACK:+0,+0,+0,+0,+0,+0,-30;
1595328723:[MRMAID,0052]Mermaid $GPSOFF:3686294;
1595328725:[GPSFIX,0179]+0s diff
1595328725:[SURF  ,0222]2020-07-21T10:52:05
1595328725:[SURF  ,0082]Latitude : N43deg40.936mn, Longitude :E007deg19.179mn
1595328725:[SURF  ,0223]fix3D,7satellites
1595328725:[SURF  ,0084]GPS fix GPGSA : hdop0.900,vdop1.720
1595328735:[SURF  ,0025]Iridium...
1595328793:[SURF  ,0009]connected in 58s, signal quality 5
1595328864:[SURF  ,0218]prompt received, remote cmd end
1595328864:[SURF  ,0012]16 cmd(s) received
1595328885:[UPLOAD,0248]Upload data files...
1595328914:[UPLOAD,0231]"0073/5F16C7BB.BIN" uploaded at 108bytes/s
1595328928:[UPLOAD,0231]"0073/5F1562CE.BIN" uploaded at 115bytes/s
1595328950:[ZIO   ,0240]"NO CARRIER" received, aborting
1595328970:[SURF  ,0014]disconnected after 235s
1595328976:[SURFIN,0020]filling external bladder
1595328984:[PUMP  ,0207]battery 15307mV,   20862uA (warmup), P    +80mbar
1595328984:[PUMP  ,0016]pump during 300000ms
1595328990:[PUMP  ,0212]battery 14548mV,  793732uA (steady state), P    +80mbar
1595328992:[SURFIN,0019]external bladder full
1595328992:[SURF  ,0319]transfer interrupted
1595329008:[SURF  ,0022]GPS fix...
1595329029:[SURF  ,0015]10 PPS detected...
1595329030:[MRMAID,0052]Mermaid $GPSACK:+0,+0,+0,+0,+0,+0,-30;
1595329040:[MRMAID,0052]Mermaid $GPSOFF:3686294;
1595329041:[GPSFIX,0179]-1s diff
1595329042:[SURF  ,0222]2020-07-21T10:57:22
1595329042:[SURF  ,0082]Latitude : N43deg40.938mn, Longitude :E007deg19.180mn
1595329042:[SURF  ,0223]fix3D,10satellites
1595329042:[SURF  ,0084]GPS fix GPGSA : hdop0.670,vdop0.950
1595329059:[MAIN  ,0024]internal pressure 82608Pa
1595329060:[BYCMD ,0107]    FreeRTOS V8.2.3
1595329060:[BYCMD ,0108]    FatFS v11a
1595329060:[BYCMD ,0117]    valve is running
1595329060:[BYCMD ,0120]    bypass 10000ms 60000ms (20000ms 60000ms stored)
1595329060:[BYCMD ,0121]    valve 60000ms 12750 (60000ms 12750 stored)
1595329060:[BYCMD ,0122]    pump 60000ms 30% 10750 80% (60000ms 30% 10750 80% stored)
1595329060:[BYCMD ,0123]    rate 2mbar/s (2mbar/s stored)
1595329060:[BYCMD ,0124]    surface 500mbar (500mbar stored)
1595329060:[BYCMD ,0125]    near 1500mbar 3mbar/s (15000mbar 3mbar/s stored)
1595329060:[BYCMD ,0126]    far 2500mbar 4mbar/s (25000mbar 4mbar/s stored)
1595329060:[BYCMD ,0127]    ascent 8mbar/s (8mbar/s stored)
1595329060:[BYCMD ,0128]    dead 60s (300s stored)
1595329060:[BYCMD ,0129]    coeff 16/10 (16/10 stored)
1595329060:[BYCMD ,0130]    stab 10 (10 stored)
1595329060:[BYCMD ,0131]    delay 900s 3600s (900s 3600s stored)
1595329061:[BYCMD ,0132]    mmtime 2880min (2880min stored)
1595329061:[BYCMD ,0133]    dv_landing 100ml (100ml stored)
1595329061:[MKDCMD,0150]    p2t37: 15x2000ms, offset 81mbar
1595329061:[P2TCMD,0151]    p2t37: dp 50mbar, dt 5000mdegC
1595329061:[STAGE ,0080]Stage [0] 5000mbar (+/-500mbar) 1800s (<1800s) 
1595329061:[STAGE ,0080]Stage [1] 5000mbar (+/-500mbar) 1800s (<3600s) MERMAID
1595329061:[MAIN  ,0070]turn off bluetooth
1595329078:[PRESS ,0038]P    +59mbar,T+32522mdegC
1595329079:[PRESS ,0038]P    +69mbar,T-32105mdegC
1595329088:[DIVING,0141]diving from 69mbar, +0mbar/s
1595329088:[BYPASS,0035]bypass opening 60000ms
1595329093:[BYPASS,0104]battery 15042mV,  249246uA (bypass opening), P    +69mbar
1595329158:[BYPASS,0106]battery 15018mV,  287676uA (bypass closing), P    +69mbar
1595329160:[PRESS ,0038]P    -41mbar,T-31197mdegC
1595329167:[PRESS ,0038]P    -41mbar,T+32522mdegC
1595329169:[PRESS ,0038]P    -41mbar,T-32105mdegC
1595329185:[BYPASS,0035]bypass opening 10000ms
1595329190:[BYPASS,0104]battery 15061mV,  246928uA (bypass opening), P    -41mbar
1595329205:[BYPASS,0106]battery 15018mV,  286456uA (bypass closing), P    -41mbar
1595329232:[BYPASS,0035]bypass opening 10000ms
1595329237:[BYPASS,0104]battery 15063mV,  244732uA (bypass opening), P    -51mbar
1595329252:[BYPASS,0106]battery 15018mV,  285602uA (bypass closing), P    -51mbar
1595329257:[PRESS ,0038]P    -41mbar,T+32522mdegC
1595329259:[PRESS ,0038]P    -51mbar,T-32105mdegC
1595329278:[BYPASS,0035]bypass opening 10000ms
1595329284:[BYPASS,0104]battery 15061mV,  247660uA (bypass opening), P    -41mbar
1595329299:[BYPASS,0106]battery 15020mV,  284992uA (bypass closing), P    -41mbar
1595329325:[BYPASS,0035]bypass opening 10000ms
1595329330:[BYPASS,0104]battery 15062mV,  244976uA (bypass opening), P    -21mbar
1595329345:[BYPASS,0106]battery 15020mV,  284382uA (bypass closing), P    -21mbar
1595329372:[BYPASS,0035]bypass opening 10000ms
1595329377:[BYPASS,0104]battery 15063mV,  244488uA (bypass opening), P    -21mbar
1595329392:[BYPASS,0106]battery 15021mV,  283772uA (bypass closing), P    -21mbar
1595329418:[BYPASS,0035]bypass opening 10000ms
1595329423:[BYPASS,0104]battery 15062mV,  245952uA (bypass opening), P    -31mbar
1595329439:[BYPASS,0106]battery 15021mV,  283284uA (bypass closing), P    -31mbar
1595329453:[PRESS ,0038]P    -21mbar,T+32522mdegC
1595329456:[PRESS ,0038]P    -21mbar,T-31197mdegC
1595329465:[BYPASS,0035]bypass opening 10000ms
1595329470:[BYPASS,0104]battery 15062mV,  245220uA (bypass opening), P    -11mbar
1595329485:[BYPASS,0106]battery 15022mV,  282796uA (bypass closing), P    -11mbar
1595329492:[PRESS ,0038]P    -21mbar,T+32522mdegC
1595329494:[PRESS ,0038]P    -21mbar,T-32105mdegC
1595329510:[PRESS ,0038]P    -11mbar,T+32522mdegC
1595329512:[PRESS ,0038]P    -11mbar,T-32105mdegC
1595329512:[BYPASS,0035]bypass opening 10000ms
1595329517:[BYPASS,0104]battery 15060mV,  248514uA (bypass opening), P    -11mbar
1595329532:[BYPASS,0106]battery 15022mV,  282430uA (bypass closing), P    -11mbar
1595329553:[PRESS ,0038]P    +29mbar,T+32522mdegC
1595329555:[PRESS ,0038]P    +29mbar,T-31197mdegC
1595329559:[BYPASS,0035]bypass opening 10000ms
1595329564:[BYPASS,0104]battery 15062mV,  245952uA (bypass opening), P    +29mbar
1595329579:[BYPASS,0106]battery 15023mV,  282064uA (bypass closing), P    +29mbar
1595329582:[PRESS ,0038]P    +89mbar,T-32105mdegC
1595329589:[PRESS ,0038]P   +139mbar,T+32522mdegC
1595329591:[PRESS ,0038]P   +149mbar,T-32105mdegC
1595329600:[PRESS ,0038]P   +209mbar,T-31197mdegC
1595329611:[PRESS ,0038]P   +279mbar,T-31197mdegC
1595329622:[PRESS ,0038]P   +339mbar,T-32105mdegC
1595329630:[PRESS ,0038]P   +379mbar,T+32522mdegC
1595329633:[PRESS ,0038]P   +399mbar,T-32105mdegC
1595329644:[PRESS ,0038]P   +459mbar,T-32105mdegC
1595329650:[PRESS ,0038]P   +499mbar,T+32522mdegC
1595329653:[PRESS ,0038]P   +509mbar,T-30289mdegC
1595329655:[PRESS ,0038]P   +519mbar,T+32522mdegC
1595329655:[DIVING,0028]519mbar reached (+6mbar/s), 10 bypass done
1595329655:[MAIN  ,0056]stage[0]
1595329657:[MAIN  ,0024]internal pressure 85964Pa
1595329658:[PRESS ,0038]P   +549mbar,T-32105mdegC
1595329658:[BUOY  ,0037]P   +549mbar
1595329658:[STAGE ,0080]Stage [0] 5000mbar (+/-500mbar) 1800s (<1595331455s) 
1595329721:[PRESS ,0038]P   +939mbar,T-31197mdegC
1595329733:[PRESS ,0038]P  +1009mbar,T-32105mdegC
1595329742:[PRESS ,0038]P  +1069mbar,T-31197mdegC
1595329744:[PRESS ,0038]P  +1069mbar,T+32522mdegC
1595329746:[PRESS ,0038]P  +1079mbar,T-32105mdegC
1595329806:[PRESS ,0038]P  +1439mbar,T-32105mdegC
1595329819:[PRESS ,0038]P  +1499mbar,T-32105mdegC
1595329829:[PRESS ,0038]P  +1559mbar,T-32105mdegC
1595329892:[PRESS ,0038]P  +1829mbar,T-32105mdegC
1595329911:[PRESS ,0038]P  +1899mbar,T-30289mdegC
1595329977:[PRESS ,0038]P  +2089mbar,T+32522mdegC
1595329979:[PRESS ,0038]P  +2089mbar,T-32105mdegC
1595329984:[PRESS ,0038]P  +2109mbar,T+32522mdegC
1595329986:[PRESS ,0038]P  +2109mbar,T-32105mdegC
1595329999:[PRESS ,0038]P  +2139mbar,T+32522mdegC
1595330000:[PRESS ,0038]P  +2149mbar,T-31197mdegC
1595330002:[PRESS ,0038]P  +2159mbar,T+32522mdegC
1595330063:[PRESS ,0038]P  +2389mbar,T+32522mdegC
1595330065:[PRESS ,0038]P  +2389mbar,T-32105mdegC
1595330077:[PRESS ,0038]P  +2439mbar,T+32522mdegC
1595330082:[PRESS ,0038]P  +2449mbar,T-32105mdegC
1595330084:[PRESS ,0038]P  +2459mbar,T+32522mdegC
1595330148:[PRESS ,0038]P  +2729mbar,T-32105mdegC
1595330150:[PRESS ,0038]P  +2739mbar,T+32522mdegC
1595330152:[PRESS ,0038]P  +2739mbar,T-32105mdegC
1595330157:[PRESS ,0038]P  +2759mbar,T+32522mdegC
1595330166:[PRESS ,0038]P  +2789mbar,T-31197mdegC
1595330168:[PRESS ,0038]P  +2799mbar,T+32522mdegC
1595330170:[PRESS ,0038]P  +2809mbar,T-32105mdegC
1595330172:[PRESS ,0038]P  +2809mbar,T+32522mdegC
1595330234:[PRESS ,0038]P  +3089mbar,T+32522mdegC
1595330238:[PRESS ,0038]P  +3109mbar,T-32105mdegC
1595330239:[PRESS ,0038]P  +3119mbar,T+32522mdegC
1595330252:[PRESS ,0038]P  +3179mbar,T+31614mdegC
1595330259:[BUOY  ,0087]from +5mbar/s to +3mbar/s
1595330259:[BUOY  ,0089]need to transfer +26mL (pump during 31194ms)
1595330267:[PUMP  ,0207]battery 15438mV,   20740uA (warmup), P  +3199mbar
1595330267:[PUMP  ,0016]pump during 31194ms
1595330298:[PUMP  ,0212]battery 15110mV,  275476uA (steady state), P  +3199mbar
1595330323:[PRESS ,0038]P  +3459mbar,T+31614mdegC
1595330335:[PRESS ,0038]P  +3519mbar,T+32522mdegC
1595330348:[BUOY  ,0087]from +4mbar/s to +2mbar/s
1595330348:[BUOY  ,0089]need to transfer +20mL (pump during 23996ms)
1595330356:[PUMP  ,0207]battery 15400mV,   20374uA (warmup), P  +3569mbar
1595330356:[PUMP  ,0016]pump during 23996ms
1595330379:[PUMP  ,0212]battery 15075mV,  279502uA (steady state), P  +3569mbar
1595330412:[PRESS ,0038]P  +3779mbar,T+31614mdegC
1595330428:[PRESS ,0038]P  +3849mbar,T+31614mdegC
1595330497:[PRESS ,0038]P  +4029mbar,T+31614mdegC
1595330513:[PRESS ,0038]P  +4089mbar,T+31614mdegC
1595330583:[PRESS ,0038]P  +4299mbar,T+30706mdegC
1595330599:[PRESS ,0038]P  +4359mbar,T+31614mdegC
1595330668:[PRESS ,0038]P  +4579mbar,T+30706mdegC
1595330681:[PRESS ,0038]P  +4639mbar,T+30706mdegC
1595330693:[STAGE ,0213]4679mbar reached at 1595330693s, ref 5000mbar +/-500mbar
1595330693:[BUOY  ,0087]from +4mbar/s to +0mbar/s
1595330693:[BUOY  ,0089]need to transfer +26mL (pump during 31194ms)
1595330701:[PUMP  ,0207]battery 15422mV,   20496uA (warmup), P  +4679mbar
1595330701:[PUMP  ,0016]pump during 31194ms
1595330732:[PUMP  ,0212]battery 15086mV,  285480uA (steady state), P  +4679mbar
1595330757:[PRESS ,0038]P  +4819mbar,T+30706mdegC
1595330842:[PRESS ,0038]P  +4879mbar,T+30706mdegC
1595330903:[PRESS ,0038]P  +4939mbar,T+30706mdegC
1595330964:[PRESS ,0038]P  +5009mbar,T+28889mdegC
1595330964:[BUOY  ,0087]from +1mbar/s to +0mbar/s
1595330964:[BUOY  ,0089]need to transfer +2mL (pump during 2403ms)
1595330972:[PUMP  ,0207]battery 15416mV,   20496uA (warmup), P  +5009mbar
1595330972:[PUMP  ,0016]pump during 2403ms
1595331295:[PRESS ,0038]P  +5089mbar,T+28889mdegC
1595331356:[PRESS ,0038]P  +5149mbar,T+28889mdegC
1595331416:[PRESS ,0038]P  +5209mbar,T+28889mdegC
1595331477:[PRESS ,0038]P  +5319mbar,T+28889mdegC
1595331477:[MAIN  ,0140]stage[0] complete 1822s after mission start
1595331477:[MAIN  ,0056]stage[1]
1595331479:[MAIN  ,0024]internal pressure 84111Pa
1595331481:[MRMAID,0002]acq started
1595331491:[BUOY  ,0037]P  +5339mbar
1595331491:[STAGE ,0080]Stage [1] 5000mbar (+/-500mbar) 1800s (<1595333255s) MERMAID
1595331493:[STAGE ,0213]5339mbar reached at 1595331493s, ref 5000mbar +/-500mbar
1595331493:[BUOY  ,0087]from +1mbar/s to +0mbar/s
1595331493:[BUOY  ,0089]need to transfer +2mL (pump during 2396ms)
1595331501:[PUMP  ,0207]battery 15443mV,   20984uA (warmup), P  +5339mbar
1595331501:[PUMP  ,0016]pump during 2396ms
1595331516:[MRMAID,0184]acq already started
1595331535:[MRMAID,0059]stop canceled
1595331567:[PRESS ,0038]P  +5399mbar,T+28889mdegC
1595331592:[BUOY  ,0087]from +1mbar/s to +0mbar/s
1595331592:[BUOY  ,0089]need to transfer +2mL (pump during 2396ms)
1595331592:[MRMAID,0003]acq stopped
1595331600:[PUMP  ,0207]battery 15423mV,   29402uA (warmup), P  +5419mbar
1595331601:[PUMP  ,0016]pump during 2396ms
1595331606:[MRMAID,0002]acq started
1595331675:[PRESS ,0038]P  +5459mbar,T+28889mdegC
1595331751:[BUOY  ,0087]from +1mbar/s to +0mbar/s
1595331751:[BUOY  ,0089]need to transfer +2mL (pump during 2396ms)
1595331751:[MRMAID,0003]acq stopped
1595331760:[PUMP  ,0207]battery 15443mV,   20740uA (warmup), P  +5499mbar
1595331760:[PUMP  ,0016]pump during 2396ms
1595331765:[MRMAID,0002]acq started
1595331825:[PRESS ,0038]P  +5549mbar,T+27982mdegC
1595331850:<WARN>[BUOY  ,0094]stage[1] should ASCENT, stuck at 5559mbar for the #1 time
1595331850:[BUOY  ,0087]from +0mbar/s to -2mbar/s
1595331850:[BUOY  ,0089]need to transfer +6mL (pump during 7188ms)
1595331850:[MRMAID,0003]acq stopped
1595331859:[PUMP  ,0207]battery 15442mV,   20618uA (warmup), P  +5559mbar
1595331859:[PUMP  ,0016]pump during 7188ms
1595331866:[PUMP  ,0212]battery 15083mV,  289872uA (steady state), P  +5559mbar
1595331869:[MRMAID,0002]acq started
1595332022:[MRMAID,0027]55dbar, 27degC
1595332034:<WARN>[BUOY  ,0094]stage[1] should ASCENT, stuck at 5519mbar for the #1 time
1595332034:[BUOY  ,0087]from +0mbar/s to -2mbar/s
1595332034:[BUOY  ,0089]need to transfer +6mL (pump during 7188ms)
1595332043:[PUMP  ,0207]battery 15437mV,   21228uA (warmup), P  +5519mbar
1595332043:[PUMP  ,0016]pump during 7188ms
1595332050:[PUMP  ,0212]battery 15077mV,  291702uA (steady state), P  +5519mbar
1595332063:[MRMAID,0184]acq already started
1595332108:[PRESS ,0038]P  +5469mbar,T+27074mdegC
1595332194:[PRESS ,0038]P  +5369mbar,T+27074mdegC
1595332436:[PRESS ,0038]P  +5309mbar,T+27074mdegC
1595332558:[PRESS ,0038]P  +5249mbar,T+27982mdegC
1595332679:[PRESS ,0038]P  +5119mbar,T+27074mdegC
1595333043:[PRESS ,0038]P  +5059mbar,T+27074mdegC
1595333123:[MRMAID,0059]stop canceled
1595333138:[MRMAID,0005]ascent request rejected
1595333223:[MRMAID,0027]51dbar, 25degC
1595333286:[MAIN  ,0140]stage[1] complete 3631s after mission start
1595333889:<ERR>[MRMAID,0008]acq not stopped
1595334325:[MRMAID,0003]acq stopped
1595334325:[MRMAID,0052]Mermaid $MEASFS,96165,2403.288300,40.013926;
1595334340:[MRMAID,0005]ascent request rejected
1595334372:[MSSION,0192]mission stopped, 2 stage(s) done
1595334373:[MAIN  ,0065]surfacing
1595334374:[PRESS ,0038]P  +4989mbar,T+26166mdegC
1595334374:[SURFIN,0036]P  +4989mbar
1595334383:[PUMP  ,0207]battery 15448mV,   21716uA (warmup), P  +4989mbar
1595334383:[PUMP  ,0016]pump during 60000ms
1595334442:[PUMP  ,0212]battery 15050mV,  290604uA (steady state), P  +4989mbar
1595334499:[PRESS ,0038]P  +4649mbar,T+27074mdegC
1595334513:[PRESS ,0038]P  +4589mbar,T+26166mdegC
1595334532:[PUMP  ,0207]battery 15372mV,   21350uA (warmup), P  +4559mbar
1595334532:[PUMP  ,0016]pump during 60000ms
1595334591:[PUMP  ,0212]battery 15003mV,  285236uA (steady state), P  +4559mbar
1595334649:[PRESS ,0038]P  +3959mbar,T+24350mdegC
1595334663:[PRESS ,0038]P  +3889mbar,T+25257mdegC
1595334672:[PRESS ,0038]P  +3819mbar,T+25257mdegC
1595334682:[PUMP  ,0207]battery 15322mV,   21228uA (warmup), P  +3819mbar
1595334682:[PUMP  ,0016]pump during 60000ms
1595334741:[PUMP  ,0212]battery 14963mV,  282674uA (steady state), P  +3819mbar
1595334798:[PRESS ,0038]P  +3019mbar,T+26166mdegC
1595334807:[PRESS ,0038]P  +2959mbar,T+25257mdegC
1595334818:[PRESS ,0038]P  +2899mbar,T+25257mdegC
1595334831:[PUMP  ,0207]battery 15291mV,   21228uA (warmup), P  +2859mbar
1595334832:[PUMP  ,0016]pump during 60000ms
1595334890:[PUMP  ,0212]battery 14940mV,  279258uA (steady state), P  +2859mbar
1595334948:[PRESS ,0038]P  +2079mbar,T+25257mdegC
1595334957:[PRESS ,0038]P  +2019mbar,T+24350mdegC
1595334966:[PRESS ,0038]P  +1949mbar,T+24350mdegC
1595334981:[PUMP  ,0207]battery 15270mV,   21228uA (warmup), P  +1909mbar
1595334981:[PUMP  ,0016]pump during 60000ms
1595335040:[PUMP  ,0212]battery 14927mV,  274256uA (steady state), P  +1909mbar
1595335098:[PRESS ,0038]P  +1089mbar,T+25257mdegC
1595335105:[PRESS ,0038]P  +1029mbar,T+24350mdegC
1595335117:[PRESS ,0038]P   +969mbar,T+25257mdegC
1595335131:[PUMP  ,0207]battery 15257mV,   21228uA (warmup), P   +939mbar
1595335131:[PUMP  ,0016]pump during 60000ms
1595335190:[PUMP  ,0212]battery 14926mV,  265594uA (steady state), P   +939mbar
1595335247:[PRESS ,0038]P    +99mbar,T+26166mdegC
1595335274:[PRESS ,0038]P    +39mbar,T+23442mdegC
1595335276:[SURFIN,0020]filling external bladder
1595335284:[PUMP  ,0207]battery 15252mV,   21228uA (warmup), P    +29mbar
1595335284:[PUMP  ,0016]pump during 300000ms
1595335582:[PUMP  ,0212]battery 14466mV,  856318uA (steady state), P    +29mbar
1595335594:[PUMP  ,0207]battery 14817mV,   19154uA (warmup), P    +29mbar
1595335594:[PUMP  ,0016]pump during 300000ms
1595335670:[PUMP  ,0212]battery 14393mV,  838628uA (steady state), P    +29mbar
1595335672:[SURFIN,0019]external bladder full
1595335673:[PRESS ,0038]P   +150mbar,T+26166mdegC
1595335734:[MAIN  ,0272]Vbat 15021mV (min 14977mV)
1595335736:[MAIN  ,0024]internal pressure 81106Pa
1595335736:[MAIN  ,0043]Pext 143mbar (rng 30mbar)
1595335736:[MAIN  ,0064]surface
1595335748:[SURF  ,0022]GPS fix...
1595335768:[SURF  ,0015]10 PPS detected...
1595335769:[MRMAID,0052]Mermaid $GPSACK:+0,+0,+0,+0,+0,+0,-3204;
1595335779:[MRMAID,0052]Mermaid $GPSOFF:3686297;
1595335781:[GPSFIX,0179]+0s diff
1595335781:[SURF  ,0222]2020-07-21T12:49:41
1595335781:[SURF  ,0082]Latitude : N43deg40.941mn, Longitude :E007deg19.179mn
1595335781:[SURF  ,0223]fix3D,9satellites
1595335781:[SURF  ,0084]GPS fix GPGSA : hdop0.670,vdop1.060
1595335791:[SURF  ,0274]last almanac : 1047849
1595335867:[MRMAID,0026]26016 bytes in 0073/5F16E474.MER
1595335873:[MAIN  ,0320]New pressure offset: 143mbar
1595335873:[LOGBIN,0078]*** switching to 0073/5F16E4C1 ***
