1594387437:[MONITR,0197]reboot code 0x0000, src/monitor.c@520
1594387437:[MAIN  ,0007]buoy 452.120-R-0073
1594387437:[MAIN  ,0055]soft pilotage 452.012.300_V2.21M-20200708
1594387437:[MAIN  ,0011]date 2020-07-10T13:23:57
1594387443:[MAIN  ,0006]battery 15548mV,    8174uA
1594387446:[MAIN  ,0024]internal pressure 80116Pa
1594387447:[PRESS ,0038]P    +30mbar,T+31614mdegC
1594387447:[MRMAID,0182]thread started
1594387449:[MRMAID,0186]no wake-up
1594387450:[MRMAID,0188]acq already stopped
1594387450:[MRMAID,0052]Mermaid $BOARD:452116600-73;
1594387451:[MRMAID,0052]Mermaid $SOFT:2.1344;
1594387451:[TESTMD,0053]Enter in test mode? yes/no
1594387451:[TESTMD,0252]0073>
1594387452:[TESTMD,0050]"yes"
1594387452:[TESTMD,0249]
Command list
pext    : Get external pressure
pint    : Get internal vacuum
ui      : Get voltage/current
act     : Test actuators
fillb   : Pump until filling the bladder
bpopen  : Open bypass
bpclose : Close bypass
date    : Get date
gps     : GPS synchronization
iridium : Iridium transfer
mstart  : Start mermaid acq
mstop   : Stop mermaid acq
mdata   : Get mermaid datas
mchecksd  : Start mermaid acq
mdump  : Send data REQUEST command with date and duration
s41dumpa : Get averaged CTD datas
s41dumpr : Get raw CTD datas
ls      : List files
cp      : Copy file or directory content on the desktop
rm      : Remove a file
h       : Print command list
q       : Quit

Advanced
pumps X : pompe Xs (lent)
pumpf X : pompe Xs (rapide)
evh     : ouvre l'electrovalve 30s
bypass  : ouvre le bypass 30s
dvmine  : deverminage de la carte
nominal : mode nominal pour mesure de conso
cychydr : test du circuit hydraulique
mkdir   : creer un repertoire
mv      : deplacer un fichier
ps      : liste les processus

Set params
stage   : Stage settings
buoy    : Buoy settings
p2t     : Pressure sensor settings
log     : Verb cfg
mermaid : Mermaid cfg
upload  : On/Off Irid transfer
sys  : system param settings


1594387452:[TESTMD,0252]0073>
1594387464:[TESTMD,0050]"cp0p"
1594387464:[TESTMD,0252]0073>
1594387478:[TESTMD,0050]"cp0073"
1594387495:[TESTMD,0252]0073>
1594387744:[TESTMD,0050]"cp0073"
