1581587313:[MAIN  ,0007]buoy 452.020-P-0051
1581587313:[MAIN  ,0055]soft pilotage 452.012.300_V2.12-20200211
1581587313:[MAIN  ,0010]cycle 15
1581587313:[SURF  ,0225]surface2
1581587325:[SURF  ,0022]GPS fix...
1581587345:[SURF  ,0015]10 PPS detected...
1581587346:[MRMAID,0052]Mermaid $GPSACK:+0,+0,+0,+0,+0,+0,-30;
1581587356:[MRMAID,0052]Mermaid $GPSOFF:3686321;
1581587357:[GPSFIX,0179]-1s diff
1581587358:[SURF  ,0222]2020-02-13T09:49:18
1581587358:[SURF  ,0082]Latitude : N43deg40.940mn, Longitude :E007deg19.171mn
1581587358:[SURF  ,0223]fix3D,6satellites
1581587358:[SURF  ,0084]GPS fix GPGSA : hdop0.950,vdop1.200
1581587368:[SURF  ,0025]Iridium...
1581587379:[SBE41 ,0339]newoffset=-0.88db received after 63s
1581587414:[SURF  ,0009]connected in 46s, signal quality 4
1581587442:[BYCMD ,0120]    bypass 10000ms 120000ms (20000ms 60000ms stored)
1581587444:[BYCMD ,0125]    near 1500mbar 3mbar/s (15000mbar 3mbar/s stored)
1581587446:[BYCMD ,0126]    far 2500mbar 4mbar/s (25000mbar 4mbar/s stored)
1581587448:[BYCMD ,0128]    dead 60s (300s stored)
1581587451:[P2TCMD,0155]p2t log dp > 50mbar
1581587453:[MSSION,0190]4 stage(s) deleted
1581587453:[STACMD,0168]stage del 4
1581587455:[STACMD,0170]stage store 0
1581587467:[SURF  ,0218]prompt received, remote cmd end
1581587467:[SURF  ,0012]7 cmd(s) received
1581587493:[UPLOAD,0248]Upload data files...
1581587539:[UPLOAD,0231]"0051/5E451607.S41" uploaded at 78bytes/s
1581587555:[UPLOAD,0231]"0051/5E451B64.MER" uploaded at 103bytes/s
1581587616:[UPLOAD,0231]"0051/5E450537.BIN" uploaded at 128bytes/s
1581587632:[MAIN  ,0013]3 file(s) uploaded
1581587666:[SURF  ,0014]disconnected after 298s
1581587671:[SURF  ,0227]1st complete transfer
1581587940:[SURF  ,0022]GPS fix...
1581587960:[SURF  ,0015]10 PPS detected...
1581587961:[MRMAID,0052]Mermaid $GPSACK:+0,+0,+0,+0,+0,+0,-91;
1581587971:[MRMAID,0052]Mermaid $GPSOFF:3686321;
1581587972:[GPSFIX,0179]-1s diff
1581587973:[SURF  ,0222]2020-02-13T09:59:33
1581587973:[SURF  ,0082]Latitude : N43deg40.940mn, Longitude :E007deg19.171mn
1581587973:[SURF  ,0223]fix3D,7satellites
1581587973:[SURF  ,0084]GPS fix GPGSA : hdop0.900,vdop1.120
1581587983:[SURF  ,0025]Iridium...
1581588020:[SURF  ,0009]connected in 37s, signal quality 3
1581588048:[BYCMD ,0120]    bypass 10000ms 120000ms (20000ms 60000ms stored)
1581588050:[BYCMD ,0125]    near 1500mbar 3mbar/s (15000mbar 3mbar/s stored)
1581588052:[BYCMD ,0126]    far 2500mbar 4mbar/s (25000mbar 4mbar/s stored)
1581588054:[BYCMD ,0128]    dead 60s (300s stored)
1581588056:[P2TCMD,0155]p2t log dp > 50mbar
1581588058:[STACMD,0168]stage del 0
1581588060:[STACMD,0170]stage store 0
1581588070:[SURF  ,0218]prompt received, remote cmd end
1581588070:[SURF  ,0012]7 cmd(s) received
1581588109:[SURF  ,0014]disconnected after 126s
1581588114:[SURF  ,0226]Go dive (Minimum surface delay expired and no more file to upload)
1581588128:[SURF  ,0022]GPS fix...
1581588148:[SURF  ,0015]10 PPS detected...
1581588149:[MRMAID,0052]Mermaid $GPSACK:+0,+0,+0,+0,+0,+0,-30;
1581588159:[MRMAID,0052]Mermaid $GPSOFF:3686321;
1581588160:[GPSFIX,0179]-1s diff
1581588161:[SURF  ,0222]2020-02-13T10:02:41
1581588161:[SURF  ,0082]Latitude : N43deg40.940mn, Longitude :E007deg19.170mn
1581588161:[SURF  ,0223]fix3D,7satellites
1581588161:[SURF  ,0084]GPS fix GPGSA : hdop0.890,vdop1.100
1581588178:[MAIN  ,0024]internal pressure 78340Pa
1581588179:<WARN>[MAIN  ,0041]mission empty
1581588179:[MAIN  ,0065]surfacing
1581588181:[PRESS ,0038]P    -17mbar,T+14433mdegC
1581588205:[SURFIN,0036]P    -17mbar
1581588209:[SURFIN,0020]filling external bladder
1581588217:[PUMP  ,0207]pump warmup 14953mV/40870uA
1581588217:[PUMP  ,0016]pump during 300000ms
1581588227:[PUMP  ,0212]pump stopped, 14282mV/1468392uA
1581588227:[PUMP  ,0210]aborted, 29100ticks remain
1581588229:[SURFIN,0019]external bladder full
1581588231:[PRESS ,0038]P   +190mbar,T+14432mdegC
1581588291:[MAIN  ,0272]Vbat 15048mV (min 14518mV)
1581588293:[MAIN  ,0024]internal pressure 78339Pa
1581588293:[MAIN  ,0043]Pext 184mbar (rng 20mbar)
1581588294:[MAIN  ,0064]surface
1581588294:[SURF  ,0224]surface1
1581588306:[SURF  ,0022]GPS fix...
1581588326:[SURF  ,0015]10 PPS detected...
1581588327:[MRMAID,0052]Mermaid $GPSACK:+0,+0,+0,+0,+0,+0,-30;
1581588337:[MRMAID,0052]Mermaid $GPSOFF:3686321;
1581588338:[GPSFIX,0179]-1s diff
1581588339:[SURF  ,0222]2020-02-13T10:05:39
1581588339:[SURF  ,0082]Latitude : N43deg40.940mn, Longitude :E007deg19.171mn
1581588339:[SURF  ,0223]fix3D,7satellites
1581588339:[SURF  ,0084]GPS fix GPGSA : hdop0.890,vdop1.080
1581588349:[SURF  ,0274]last almanac : 523790
1581588362:[MRMAID,0026]1558 bytes in 0051/5E451F82.MER
1581588367:[MAIN  ,0320]New pressure offset: 184mbar
1581588367:[SURF  ,0225]surface2
1581588378:[SURF  ,0022]GPS fix...
1581588398:[SURF  ,0015]10 PPS detected...
1581588399:[MRMAID,0052]Mermaid $GPSACK:+0,+0,+0,+0,+0,+0,-30;
1581588409:[MRMAID,0052]Mermaid $GPSOFF:3686321;
1581588410:[GPSFIX,0179]-1s diff
1581588411:[SURF  ,0222]2020-02-13T10:06:51
1581588411:[SURF  ,0082]Latitude : N43deg40.940mn, Longitude :E007deg19.171mn
1581588411:[SURF  ,0223]fix3D,7satellites
1581588411:[SURF  ,0084]GPS fix GPGSA : hdop0.880,vdop1.070
1581588421:[SURF  ,0025]Iridium...
1581588432:[SBE41 ,0339]newoffset=-0.88db received after 63s
1581588462:[SURF  ,0009]connected in 41s, signal quality 5
1581588485:[BYCMD ,0120]    bypass 10000ms 120000ms (20000ms 60000ms stored)
1581588494:[BYCMD ,0125]    near 1500mbar 3mbar/s (15000mbar 3mbar/s stored)
1581588499:[BYCMD ,0126]    far 2500mbar 4mbar/s (25000mbar 4mbar/s stored)
1581588501:[BYCMD ,0128]    dead 60s (300s stored)
1581588505:[P2TCMD,0155]p2t log dp > 50mbar
1581588507:[STACMD,0168]stage del 0
1581588509:[STACMD,0170]stage store 0
1581588519:[SURF  ,0218]prompt received, remote cmd end
1581588519:[SURF  ,0012]7 cmd(s) received
1581588541:[UPLOAD,0248]Upload data files...
1581588559:[UPLOAD,0231]"0051/5E451F82.MER" uploaded at 130bytes/s
1581588575:[MAIN  ,0013]1 file(s) uploaded
1581588608:[SURF  ,0014]disconnected after 187s
1581588613:[SURF  ,0227]1st complete transfer
1581588993:[SURF  ,0022]GPS fix...
1581589013:[SURF  ,0015]10 PPS detected...
1581589014:[MRMAID,0052]Mermaid $GPSACK:+0,+0,+0,+0,+0,+0,-61;
1581589024:[MRMAID,0052]Mermaid $GPSOFF:3686321;
1581589025:[GPSFIX,0179]-1s diff
1581589026:[SURF  ,0222]2020-02-13T10:17:06
1581589026:[SURF  ,0082]Latitude : N43deg40.939mn, Longitude :E007deg19.171mn
1581589026:[SURF  ,0223]fix3D,6satellites
1581589026:[SURF  ,0084]GPS fix GPGSA : hdop0.900,vdop1.120
1581589036:[SURF  ,0025]Iridium...
1581589078:[SURF  ,0009]connected in 42s, signal quality 5
1581589105:[BYCMD ,0120]    bypass 10000ms 120000ms (20000ms 60000ms stored)
1581589107:[BYCMD ,0125]    near 1500mbar 3mbar/s (15000mbar 3mbar/s stored)
1581589109:[BYCMD ,0126]    far 2500mbar 4mbar/s (25000mbar 4mbar/s stored)
1581589111:[BYCMD ,0128]    dead 60s (300s stored)
1581589113:[P2TCMD,0155]p2t log dp > 50mbar
1581589115:[STACMD,0168]stage del 0
1581589117:[STACMD,0170]stage store 0
1581589127:[SURF  ,0218]prompt received, remote cmd end
1581589127:[SURF  ,0012]7 cmd(s) received
1581589166:[SURF  ,0014]disconnected after 130s
1581589171:[SURF  ,0226]Go dive (Minimum surface delay expired and no more file to upload)
1581589189:[SURF  ,0022]GPS fix...
1581589209:[SURF  ,0015]10 PPS detected...
1581589210:[MRMAID,0052]Mermaid $GPSACK:+0,+0,+0,+0,+0,+0,-30;
1581589220:[MRMAID,0052]Mermaid $GPSOFF:3686321;
1581589222:[GPSFIX,0179]+0s diff
1581589222:[SURF  ,0222]2020-02-13T10:20:22
1581589222:[SURF  ,0082]Latitude : N43deg40.939mn, Longitude :E007deg19.171mn
1581589222:[SURF  ,0223]fix3D,6satellites
1581589222:[SURF  ,0084]GPS fix GPGSA : hdop0.910,vdop1.120
1581589239:[MAIN  ,0024]internal pressure 78380Pa
1581589240:<WARN>[MAIN  ,0041]mission empty
1581589240:[MAIN  ,0065]surfacing
1581589242:[PRESS ,0038]P    -14mbar,T+14385mdegC
1581589266:[SURFIN,0036]P    -24mbar
1581589270:[SURFIN,0020]filling external bladder
1581589278:[PUMP  ,0207]pump warmup 14987mV/40626uA
1581589278:[PUMP  ,0016]pump during 300000ms
1581589287:[PUMP  ,0212]pump stopped, 14277mV/1459259uA
1581589287:[PUMP  ,0210]aborted, 29200ticks remain
1581589289:[SURFIN,0019]external bladder full
1581589290:[PRESS ,0038]P   +180mbar,T+14383mdegC
1581589350:[MAIN  ,0272]Vbat 15085mV (min 14518mV)
1581589352:[MAIN  ,0024]internal pressure 78370Pa
1581589352:[MAIN  ,0043]Pext 183mbar (rng 10mbar)
1581589352:[MAIN  ,0064]surface
1581589353:[SURF  ,0224]surface1
1581589368:[SURF  ,0022]GPS fix...
1581589388:[SURF  ,0015]10 PPS detected...
1581589389:[MRMAID,0052]Mermaid $GPSACK:+0,+0,+0,+0,+0,+0,-30;
1581589399:[MRMAID,0052]Mermaid $GPSOFF:3686321;
1581589400:[GPSFIX,0179]-1s diff
1581589401:[SURF  ,0222]2020-02-13T10:23:21
1581589401:[SURF  ,0082]Latitude : N43deg40.939mn, Longitude :E007deg19.171mn
1581589401:[SURF  ,0223]fix3D,6satellites
1581589401:[SURF  ,0084]GPS fix GPGSA : hdop0.920,vdop1.120
1581589411:[SURF  ,0274]last almanac : 524852
1581589424:[MRMAID,0026]1558 bytes in 0051/5E4523A8.MER
1581589429:[MAIN  ,0320]New pressure offset: 183mbar
1581589429:[SURF  ,0225]surface2
1581589445:[SURF  ,0022]GPS fix...
1581589465:[SURF  ,0015]10 PPS detected...
1581589466:[MRMAID,0052]Mermaid $GPSACK:+0,+0,+0,+0,+0,+0,+0;
1581589476:[MRMAID,0052]Mermaid $GPSOFF:3686321;
1581589477:[GPSFIX,0179]-1s diff
1581589478:[SURF  ,0222]2020-02-13T10:24:38
1581589478:[SURF  ,0082]Latitude : N43deg40.939mn, Longitude :E007deg19.170mn
1581589478:[SURF  ,0223]fix3D,6satellites
1581589478:[SURF  ,0084]GPS fix GPGSA : hdop0.930,vdop1.120
1581589488:[SURF  ,0025]Iridium...
1581589495:[SBE41 ,0339]newoffset=-0.85db received after 63s
1581589525:[SURF  ,0009]connected in 37s, signal quality 5
1581589550:[BYCMD ,0120]    bypass 10000ms 120000ms (20000ms 60000ms stored)
1581589552:[BYCMD ,0125]    near 1500mbar 3mbar/s (15000mbar 3mbar/s stored)
1581589554:[BYCMD ,0126]    far 2500mbar 4mbar/s (25000mbar 4mbar/s stored)
1581589557:[BYCMD ,0128]    dead 60s (300s stored)
1581589559:[P2TCMD,0155]p2t log dp > 50mbar
1581589561:[STACMD,0168]stage del 0
1581589563:[STACMD,0170]stage store 0
1581589573:[SURF  ,0218]prompt received, remote cmd end
1581589573:[SURF  ,0012]7 cmd(s) received
1581589596:[UPLOAD,0248]Upload data files...
1581589614:[UPLOAD,0231]"0051/5E4523A8.MER" uploaded at 130bytes/s
1581589630:[MAIN  ,0013]1 file(s) uploaded
1581589662:[SURF  ,0014]disconnected after 174s
1581589667:[SURF  ,0227]1st complete transfer
1581590061:[SURF  ,0022]GPS fix...
1581590081:[SURF  ,0015]10 PPS detected...
1581590082:[MRMAID,0052]Mermaid $GPSACK:+0,+0,+0,+0,+0,+0,-30;
1581590092:[MRMAID,0052]Mermaid $GPSOFF:3686321;
1581590093:[GPSFIX,0179]-1s diff
1581590094:[SURF  ,0222]2020-02-13T10:34:54
1581590094:[SURF  ,0082]Latitude : N43deg40.940mn, Longitude :E007deg19.170mn
1581590094:[SURF  ,0223]fix3D,8satellites
1581590094:[SURF  ,0084]GPS fix GPGSA : hdop0.790,vdop0.890
1581590104:[SURF  ,0025]Iridium...
1581590158:[SURF  ,0009]connected in 54s, signal quality 5
1581590185:[BYCMD ,0120]    bypass 10000ms 120000ms (20000ms 60000ms stored)
1581590187:[BYCMD ,0125]    near 1500mbar 3mbar/s (15000mbar 3mbar/s stored)
1581590189:[BYCMD ,0126]    far 2500mbar 4mbar/s (25000mbar 4mbar/s stored)
1581590191:[BYCMD ,0128]    dead 60s (300s stored)
1581590193:[P2TCMD,0155]p2t log dp > 50mbar
1581590195:[STACMD,0168]stage del 0
1581590198:[STACMD,0170]stage store 0
1581590208:[SURF  ,0218]prompt received, remote cmd end
1581590208:[SURF  ,0012]7 cmd(s) received
1581590247:[SURF  ,0014]disconnected after 143s
1581590252:[SURF  ,0226]Go dive (Minimum surface delay expired and no more file to upload)
1581590265:[SURF  ,0022]GPS fix...
1581590286:[SURF  ,0015]10 PPS detected...
1581590287:[MRMAID,0052]Mermaid $GPSACK:+0,+0,+0,+0,+0,+0,-30;
1581590297:[MRMAID,0052]Mermaid $GPSOFF:3686321;
1581590297:[GPSFIX,0179]-1s diff
1581590298:[SURF  ,0222]2020-02-13T10:38:18
1581590298:[SURF  ,0082]Latitude : N43deg40.941mn, Longitude :E007deg19.171mn
1581590298:[SURF  ,0223]fix3D,7satellites
1581590298:[SURF  ,0084]GPS fix GPGSA : hdop0.790,vdop0.910
1581590315:[MAIN  ,0024]internal pressure 78322Pa
1581590316:<WARN>[MAIN  ,0041]mission empty
1581590316:[MAIN  ,0065]surfacing
1581590318:[PRESS ,0038]P     +7mbar,T+14366mdegC
1581590342:[SURFIN,0036]P     -3mbar
1581590346:[SURFIN,0020]filling external bladder
1581590354:[PUMP  ,0207]pump warmup 14988mV/40992uA
1581590354:[PUMP  ,0016]pump during 300000ms
1581590363:[PUMP  ,0212]pump stopped, 14275mV/1457848uA
1581590363:[PUMP  ,0210]aborted, 29200ticks remain
1581590365:[SURFIN,0019]external bladder full
1581590366:[PRESS ,0038]P   +190mbar,T+14369mdegC
1581590426:[MAIN  ,0272]Vbat 15089mV (min 14518mV)
1581590428:[MAIN  ,0024]internal pressure 78300Pa
1581590428:[MAIN  ,0043]Pext 195mbar (rng 10mbar)
1581590428:[MAIN  ,0064]surface
1581590429:[SURF  ,0224]surface1
1581590443:[SURF  ,0022]GPS fix...
1581590463:[SURF  ,0015]10 PPS detected...
1581590464:[MRMAID,0052]Mermaid $GPSACK:+0,+0,+0,+0,+0,+0,-30;
1581590474:[MRMAID,0052]Mermaid $GPSOFF:3686321;
1581590475:[GPSFIX,0179]-1s diff
1581590476:[SURF  ,0222]2020-02-13T10:41:16
1581590476:[SURF  ,0082]Latitude : N43deg40.941mn, Longitude :E007deg19.171mn
1581590476:[SURF  ,0223]fix3D,7satellites
1581590476:[SURF  ,0084]GPS fix GPGSA : hdop0.780,vdop0.930
1581590486:[SURF  ,0274]last almanac : 525927
1581590499:[MRMAID,0026]1556 bytes in 0051/5E4527DB.MER
1581590504:[MAIN  ,0320]New pressure offset: 195mbar
1581590504:[SURF  ,0225]surface2
1581590516:[SURF  ,0022]GPS fix...
1581590536:[SURF  ,0015]10 PPS detected...
1581590537:[MRMAID,0052]Mermaid $GPSACK:+0,+0,+0,+0,+0,+0,+0;
1581590547:[MRMAID,0052]Mermaid $GPSOFF:3686321;
1581590548:[GPSFIX,0179]-1s diff
1581590549:[SURF  ,0222]2020-02-13T10:42:29
1581590549:[SURF  ,0082]Latitude : N43deg40.941mn, Longitude :E007deg19.171mn
1581590549:[SURF  ,0223]fix3D,7satellites
1581590549:[SURF  ,0084]GPS fix GPGSA : hdop0.780,vdop0.940
1581590559:[SURF  ,0025]Iridium...
1581590569:[SBE41 ,0339]newoffset=-0.85db received after 63s
1581590593:[SURF  ,0009]connected in 34s, signal quality 4
1581590618:[BYCMD ,0120]    bypass 10000ms 120000ms (20000ms 60000ms stored)
1581590620:[BYCMD ,0125]    near 1500mbar 3mbar/s (15000mbar 3mbar/s stored)
1581590621:[BYCMD ,0126]    far 2500mbar 4mbar/s (25000mbar 4mbar/s stored)
1581590623:[BYCMD ,0128]    dead 60s (300s stored)
1581590624:[P2TCMD,0155]p2t log dp > 50mbar
1581590626:[STACMD,0168]stage del 0
1581590628:[STACMD,0170]stage store 0
1581590638:[SURF  ,0218]prompt received, remote cmd end
1581590638:[SURF  ,0012]7 cmd(s) received
1581590658:[UPLOAD,0248]Upload data files...
1581590676:[UPLOAD,0231]"0051/5E4527DB.MER" uploaded at 130bytes/s
1581590691:[MAIN  ,0013]1 file(s) uploaded
1581590725:[SURF  ,0014]disconnected after 166s
1581590730:[SURF  ,0227]1st complete transfer
1581591132:[SURF  ,0022]GPS fix...
1581591152:[SURF  ,0015]10 PPS detected...
1581591153:[MRMAID,0052]Mermaid $GPSACK:+0,+0,+0,+0,+0,+0,-30;
1581591163:[MRMAID,0052]Mermaid $GPSOFF:3686321;
1581591164:[GPSFIX,0179]-1s diff
1581591165:[SURF  ,0222]2020-02-13T10:52:45
1581591165:[SURF  ,0082]Latitude : N43deg40.940mn, Longitude :E007deg19.170mn
1581591165:[SURF  ,0223]fix3D,7satellites
1581591165:[SURF  ,0084]GPS fix GPGSA : hdop0.770,vdop1.000
1581591175:[SURF  ,0025]Iridium...
1581591256:[SURF  ,0009]connected in 81s, signal quality 5
1581591287:[BYCMD ,0120]    bypass 10000ms 120000ms (20000ms 60000ms stored)
1581591289:[BYCMD ,0125]    near 1500mbar 3mbar/s (15000mbar 3mbar/s stored)
1581591291:[BYCMD ,0126]    far 2500mbar 4mbar/s (25000mbar 4mbar/s stored)
1581591294:[BYCMD ,0128]    dead 60s (300s stored)
1581591296:[P2TCMD,0155]p2t log dp > 50mbar
1581591298:[STACMD,0168]stage del 0
1581591301:[STACMD,0170]stage store 0
1581591311:[SURF  ,0218]prompt received, remote cmd end
1581591311:[SURF  ,0012]7 cmd(s) received
1581591352:[SURF  ,0014]disconnected after 177s
1581591357:[SURF  ,0226]Go dive (Minimum surface delay expired and no more file to upload)
1581591374:[SURF  ,0022]GPS fix...
1581591394:[SURF  ,0015]10 PPS detected...
1581591395:[MRMAID,0052]Mermaid $GPSACK:+0,+0,+0,+0,+0,+0,-30;
1581591405:[MRMAID,0052]Mermaid $GPSOFF:3686321;
1581591406:[GPSFIX,0179]-1s diff
1581591407:[SURF  ,0222]2020-02-13T10:56:47
1581591407:[SURF  ,0082]Latitude : N43deg40.940mn, Longitude :E007deg19.170mn
1581591407:[SURF  ,0223]fix3D,7satellites
1581591407:[SURF  ,0084]GPS fix GPGSA : hdop0.770,vdop1.020
1581591424:[MAIN  ,0024]internal pressure 78309Pa
1581591425:<WARN>[MAIN  ,0041]mission empty
1581591425:[MAIN  ,0065]surfacing
1581591427:[PRESS ,0038]P    -15mbar,T+14366mdegC
1581591451:[SURFIN,0036]P    -15mbar
1581591455:[SURFIN,0020]filling external bladder
1581591463:[PUMP  ,0207]pump warmup 14983mV/40992uA
1581591463:[PUMP  ,0016]pump during 300000ms
1581591472:[PUMP  ,0212]pump stopped, 14273mV/1445944uA
1581591472:[PUMP  ,0210]aborted, 29200ticks remain
1581591474:[SURFIN,0019]external bladder full
1581591475:[PRESS ,0038]P   +190mbar,T+14369mdegC
1581591536:[MAIN  ,0272]Vbat 15086mV (min 14518mV)
1581591538:[MAIN  ,0024]internal pressure 78331Pa
1581591538:[MAIN  ,0043]Pext 179mbar (rng 20mbar)
1581591538:[MAIN  ,0064]surface
1581591539:[SURF  ,0224]surface1
1581591553:[SURF  ,0022]GPS fix...
1581591573:[SURF  ,0015]10 PPS detected...
1581591574:[MRMAID,0052]Mermaid $GPSACK:+0,+0,+0,+0,+0,+0,-30;
1581591584:[MRMAID,0052]Mermaid $GPSOFF:3686321;
1581591585:[GPSFIX,0179]-1s diff
1581591586:[SURF  ,0222]2020-02-13T10:59:46
1581591586:[SURF  ,0082]Latitude : N43deg40.940mn, Longitude :E007deg19.170mn
1581591586:[SURF  ,0223]fix3D,7satellites
1581591586:[SURF  ,0084]GPS fix GPGSA : hdop0.760,vdop1.040
1581591596:[SURF  ,0274]last almanac : 527037
1581591609:[MRMAID,0026]1556 bytes in 0051/5E452C31.MER
1581591614:[MAIN  ,0320]New pressure offset: 179mbar
1581591614:[SURF  ,0225]surface2
1581591629:[SURF  ,0022]GPS fix...
1581591649:[SURF  ,0015]10 PPS detected...
1581591650:[MRMAID,0052]Mermaid $GPSACK:+0,+0,+0,+0,+0,+0,+0;
1581591660:[MRMAID,0052]Mermaid $GPSOFF:3686321;
1581591661:[GPSFIX,0179]-1s diff
1581591662:[SURF  ,0222]2020-02-13T11:01:02
1581591662:[SURF  ,0082]Latitude : N43deg40.941mn, Longitude :E007deg19.169mn
1581591662:[SURF  ,0223]fix3D,7satellites
1581591662:[SURF  ,0084]GPS fix GPGSA : hdop0.760,vdop1.040
1581591672:[SURF  ,0025]Iridium...
1581591682:[SBE41 ,0339]newoffset=-0.82db received after 63s
1581591707:[SURF  ,0009]connected in 35s, signal quality 4
1581591737:[BYCMD ,0120]    bypass 10000ms 120000ms (20000ms 60000ms stored)
1581591739:[BYCMD ,0125]    near 1500mbar 3mbar/s (15000mbar 3mbar/s stored)
1581591741:[BYCMD ,0126]    far 2500mbar 4mbar/s (25000mbar 4mbar/s stored)
1581591743:[BYCMD ,0128]    dead 60s (300s stored)
1581591745:[P2TCMD,0155]p2t log dp > 50mbar
1581591747:[STACMD,0168]stage del 0
1581591749:[STACMD,0170]stage store 0
1581591759:[SURF  ,0218]prompt received, remote cmd end
1581591759:[SURF  ,0012]7 cmd(s) received
1581591784:[UPLOAD,0248]Upload data files...
1581591804:[UPLOAD,0231]"0051/5E452C31.MER" uploaded at 130bytes/s
1581591822:[MAIN  ,0013]1 file(s) uploaded
1581591855:[SURF  ,0014]disconnected after 183s
1581591860:[SURF  ,0227]1st complete transfer
1581592245:[SURF  ,0022]GPS fix...
1581592265:[SURF  ,0015]10 PPS detected...
1581592266:[MRMAID,0052]Mermaid $GPSACK:+0,+0,+0,+0,+0,+0,-30;
1581592276:[MRMAID,0052]Mermaid $GPSOFF:3686321;
1581592277:[GPSFIX,0179]-1s diff
1581592278:[SURF  ,0222]2020-02-13T11:11:18
1581592278:[SURF  ,0082]Latitude : N43deg40.942mn, Longitude :E007deg19.170mn
1581592278:[SURF  ,0223]fix3D,9satellites
1581592278:[SURF  ,0084]GPS fix GPGSA : hdop0.690,vdop0.980
1581592288:[SURF  ,0025]Iridium...
1581592324:[SURF  ,0009]connected in 36s, signal quality 5
1581592351:[BYCMD ,0120]    bypass 10000ms 120000ms (20000ms 60000ms stored)
1581592353:[BYCMD ,0125]    near 1500mbar 3mbar/s (15000mbar 3mbar/s stored)
1581592355:[BYCMD ,0126]    far 2500mbar 4mbar/s (25000mbar 4mbar/s stored)
1581592357:[BYCMD ,0128]    dead 60s (300s stored)
1581592360:[P2TCMD,0155]p2t log dp > 50mbar
1581592362:[STACMD,0168]stage del 0
1581592364:[STACMD,0170]stage store 0
1581592374:[SURF  ,0218]prompt received, remote cmd end
1581592374:[SURF  ,0012]7 cmd(s) received
1581592413:[SURF  ,0014]disconnected after 125s
1581592418:[SURF  ,0226]Go dive (Minimum surface delay expired and no more file to upload)
1581592431:[SURF  ,0022]GPS fix...
1581592451:[SURF  ,0015]10 PPS detected...
1581592452:[MRMAID,0052]Mermaid $GPSACK:+0,+0,+0,+0,+0,+0,-30;
1581592462:[MRMAID,0052]Mermaid $GPSOFF:3686321;
1581592463:[GPSFIX,0179]-1s diff
1581592464:[SURF  ,0222]2020-02-13T11:14:24
1581592464:[SURF  ,0082]Latitude : N43deg40.942mn, Longitude :E007deg19.170mn
1581592464:[SURF  ,0223]fix3D,9satellites
1581592464:[SURF  ,0084]GPS fix GPGSA : hdop0.690,vdop0.990
1581592481:[MAIN  ,0024]internal pressure 78274Pa
1581592482:<WARN>[MAIN  ,0041]mission empty
1581592482:[MAIN  ,0065]surfacing
1581592484:[PRESS ,0038]P     +1mbar,T+14386mdegC
1581592509:[SURFIN,0036]P     +1mbar
1581592512:[SURFIN,0020]filling external bladder
1581592515:[SURFIN,0019]external bladder full
1581592517:[PRESS ,0038]P   +180mbar,T+14386mdegC
1581592578:[MAIN  ,0272]Vbat 15138mV (min 14518mV)
1581592580:[MAIN  ,0024]internal pressure 78279Pa
1581592580:[MAIN  ,0043]Pext 185mbar (rng 10mbar)
1581592580:[MAIN  ,0064]surface
1581592580:[SURF  ,0224]surface1
1581592591:[SURF  ,0022]GPS fix...
1581592611:[SURF  ,0015]10 PPS detected...
1581592612:[MRMAID,0052]Mermaid $GPSACK:+0,+0,+0,+0,+0,+0,-30;
1581592622:[MRMAID,0052]Mermaid $GPSOFF:3686321;
1581592622:[GPSFIX,0179]-1s diff
1581592623:[SURF  ,0222]2020-02-13T11:17:03
1581592623:[SURF  ,0082]Latitude : N43deg40.941mn, Longitude :E007deg19.170mn
1581592623:[SURF  ,0223]fix3D,9satellites
1581592623:[SURF  ,0084]GPS fix GPGSA : hdop0.690,vdop1.000
1581592633:[SURF  ,0274]last almanac : 528074
1581592646:[MRMAID,0026]1556 bytes in 0051/5E45303E.MER
1581592651:[MAIN  ,0320]New pressure offset: 185mbar
1581592651:[SURF  ,0225]surface2
1581592665:[SURF  ,0022]GPS fix...
1581592685:[SURF  ,0015]10 PPS detected...
1581592686:[MRMAID,0052]Mermaid $GPSACK:+0,+0,+0,+0,+0,+0,+0;
1581592696:[MRMAID,0052]Mermaid $GPSOFF:3686321;
1581592697:[GPSFIX,0179]-1s diff
1581592698:[SURF  ,0222]2020-02-13T11:18:18
1581592698:[SURF  ,0082]Latitude : N43deg40.941mn, Longitude :E007deg19.170mn
1581592698:[SURF  ,0223]fix3D,9satellites
1581592698:[SURF  ,0084]GPS fix GPGSA : hdop0.690,vdop1.010
1581592708:[SURF  ,0025]Iridium...
1581592717:[SBE41 ,0339]newoffset=-0.81db received after 63s
1581592740:[SURF  ,0009]connected in 32s, signal quality 5
1581592767:[BYCMD ,0120]    bypass 10000ms 120000ms (20000ms 60000ms stored)
1581592770:[BYCMD ,0125]    near 1500mbar 3mbar/s (15000mbar 3mbar/s stored)
1581592772:[BYCMD ,0126]    far 2500mbar 4mbar/s (25000mbar 4mbar/s stored)
1581592774:[BYCMD ,0128]    dead 60s (300s stored)
1581592776:[P2TCMD,0155]p2t log dp > 50mbar
1581592778:[STACMD,0168]stage del 0
1581592780:[STACMD,0170]stage store 0
1581592790:[SURF  ,0218]prompt received, remote cmd end
1581592790:[SURF  ,0012]7 cmd(s) received
1581592811:[UPLOAD,0248]Upload data files...
1581592829:[UPLOAD,0231]"0051/5E45303E.MER" uploaded at 130bytes/s
1581592847:[MAIN  ,0013]1 file(s) uploaded
1581592882:[SURF  ,0014]disconnected after 174s
1581592887:[SURF  ,0227]1st complete transfer
1581593279:[SURF  ,0022]GPS fix...
1581593299:[SURF  ,0015]10 PPS detected...
1581593300:[MRMAID,0052]Mermaid $GPSACK:+0,+0,+0,+0,+0,+0,-30;
1581593310:[MRMAID,0052]Mermaid $GPSOFF:3686321;
1581593311:[GPSFIX,0179]-1s diff
1581593312:[SURF  ,0222]2020-02-13T11:28:32
1581593312:[SURF  ,0082]Latitude : N43deg40.941mn, Longitude :E007deg19.171mn
1581593312:[SURF  ,0223]fix3D,9satellites
1581593312:[SURF  ,0084]GPS fix GPGSA : hdop0.690,vdop1.040
1581593322:[SURF  ,0025]Iridium...
1581593372:[SURF  ,0009]connected in 50s, signal quality 5
1581593399:[BYCMD ,0120]    bypass 10000ms 120000ms (20000ms 60000ms stored)
1581593401:[BYCMD ,0125]    near 1500mbar 3mbar/s (15000mbar 3mbar/s stored)
1581593403:[BYCMD ,0126]    far 2500mbar 4mbar/s (25000mbar 4mbar/s stored)
1581593405:[BYCMD ,0128]    dead 60s (300s stored)
1581593407:[P2TCMD,0155]p2t log dp > 50mbar
1581593409:[STACMD,0168]stage del 0
1581593413:[STACMD,0170]stage store 0
1581593423:[SURF  ,0218]prompt received, remote cmd end
1581593423:[SURF  ,0012]7 cmd(s) received
1581593467:[SURF  ,0014]disconnected after 145s
1581593472:[SURF  ,0226]Go dive (Minimum surface delay expired and no more file to upload)
1581593489:[SURF  ,0022]GPS fix...
1581593510:[SURF  ,0015]10 PPS detected...
1581593511:[MRMAID,0052]Mermaid $GPSACK:+0,+0,+0,+0,+0,+0,-30;
1581593521:[MRMAID,0052]Mermaid $GPSOFF:3686321;
1581593523:[GPSFIX,0179]+0s diff
1581593523:[SURF  ,0222]2020-02-13T11:32:03
1581593523:[SURF  ,0082]Latitude : N43deg40.940mn, Longitude :E007deg19.171mn
1581593523:[SURF  ,0223]fix3D,9satellites
1581593523:[SURF  ,0084]GPS fix GPGSA : hdop0.700,vdop1.040
1581593540:[MAIN  ,0024]internal pressure 78292Pa
1581593541:<WARN>[MAIN  ,0041]mission empty
1581593541:[MAIN  ,0065]surfacing
1581593543:[PRESS ,0038]P    -15mbar,T+14380mdegC
1581593567:[SURFIN,0036]P    -25mbar
1581593571:[SURFIN,0020]filling external bladder
1581593579:[PUMP  ,0207]pump warmup 14993mV/40748uA
1581593579:[PUMP  ,0016]pump during 300000ms
1581593584:[PUMP  ,0212]pump stopped, 14239mV/1456314uA
1581593585:[PUMP  ,0210]aborted, 29500ticks remain
1581593587:[SURFIN,0019]external bladder full
1581593588:[PRESS ,0038]P   +180mbar,T+14382mdegC
1581593648:[MAIN  ,0272]Vbat 15113mV (min 14518mV)
1581593650:[MAIN  ,0024]internal pressure 78334Pa
1581593650:[MAIN  ,0043]Pext 166mbar (rng 20mbar)
1581593650:[MAIN  ,0064]surface
1581593650:[SURF  ,0224]surface1
1581593663:[SURF  ,0022]GPS fix...
1581593683:[SURF  ,0015]10 PPS detected...
1581593684:[MRMAID,0052]Mermaid $GPSACK:+0,+0,+0,+0,+0,+0,-30;
1581593694:[MRMAID,0052]Mermaid $GPSOFF:3686321;
1581593695:[GPSFIX,0179]-1s diff
1581593696:[SURF  ,0222]2020-02-13T11:34:56
1581593696:[SURF  ,0082]Latitude : N43deg40.940mn, Longitude :E007deg19.170mn
1581593696:[SURF  ,0223]fix3D,9satellites
1581593696:[SURF  ,0084]GPS fix GPGSA : hdop0.700,vdop1.050
1581593706:[SURF  ,0274]last almanac : 529147
1581593719:[MRMAID,0026]1556 bytes in 0051/5E45346F.MER
1581593724:[MAIN  ,0320]New pressure offset: 166mbar
1581593724:[SURF  ,0225]surface2
1581593739:[SURF  ,0022]GPS fix...
1581593759:[SURF  ,0015]10 PPS detected...
1581593760:[MRMAID,0052]Mermaid $GPSACK:+0,+0,+0,+0,+0,+0,+0;
1581593770:[MRMAID,0052]Mermaid $GPSOFF:3686321;
1581593772:[GPSFIX,0179]+0s diff
1581593772:[SURF  ,0222]2020-02-13T11:36:12
1581593772:[SURF  ,0082]Latitude : N43deg40.940mn, Longitude :E007deg19.171mn
1581593772:[SURF  ,0223]fix3D,9satellites
1581593772:[SURF  ,0084]GPS fix GPGSA : hdop0.700,vdop1.050
1581593782:[SURF  ,0025]Iridium...
1581593819:[SURF  ,0009]connected in 37s, signal quality 5
1581593846:[BYCMD ,0120]    bypass 10000ms 120000ms (20000ms 60000ms stored)
1581593848:[BYCMD ,0125]    near 1500mbar 3mbar/s (15000mbar 3mbar/s stored)
1581593850:[BYCMD ,0126]    far 2500mbar 4mbar/s (25000mbar 4mbar/s stored)
1581593852:[BYCMD ,0128]    dead 60s (300s stored)
1581593854:[P2TCMD,0155]p2t log dp > 50mbar
1581593856:[STACMD,0168]stage del 0
1581593858:[STACMD,0170]stage store 0
1581593868:[SURF  ,0218]prompt received, remote cmd end
1581593868:[SURF  ,0012]7 cmd(s) received
1581593889:[UPLOAD,0248]Upload data files...
1581593908:[UPLOAD,0231]"0051/5E45346F.MER" uploaded at 141bytes/s
1581593924:[MAIN  ,0013]1 file(s) uploaded
1581593958:[SURF  ,0014]disconnected after 176s
1581593963:[SURF  ,0227]1st complete transfer
1581594360:[SURF  ,0022]GPS fix...
1581594380:[SURF  ,0015]10 PPS detected...
1581594381:[MRMAID,0052]Mermaid $GPSACK:+0,+0,+0,+0,+0,+0,-30;
1581594391:[MRMAID,0052]Mermaid $GPSOFF:3686321;
1581594392:[GPSFIX,0179]-1s diff
1581594393:[SURF  ,0222]2020-02-13T11:46:33
1581594393:[SURF  ,0082]Latitude : N43deg40.939mn, Longitude :E007deg19.171mn
1581594393:[SURF  ,0223]fix3D,10satellites
1581594393:[SURF  ,0084]GPS fix GPGSA : hdop0.650,vdop0.890
1581594403:[SURF  ,0025]Iridium...
1581594443:[SURF  ,0009]connected in 40s, signal quality 5
1581594468:[BYCMD ,0120]    bypass 10000ms 120000ms (20000ms 60000ms stored)
1581594470:[BYCMD ,0125]    near 1500mbar 3mbar/s (15000mbar 3mbar/s stored)
1581594471:[BYCMD ,0126]    far 2500mbar 4mbar/s (25000mbar 4mbar/s stored)
1581594473:[BYCMD ,0128]    dead 60s (300s stored)
1581594474:[P2TCMD,0155]p2t log dp > 50mbar
1581594476:[STACMD,0168]stage del 0
1581594478:[STACMD,0170]stage store 0
1581594488:[SURF  ,0218]prompt received, remote cmd end
1581594488:[SURF  ,0012]7 cmd(s) received
1581594526:[SURF  ,0014]disconnected after 123s
1581594531:[SURF  ,0226]Go dive (Minimum surface delay expired and no more file to upload)
1581594546:[SURF  ,0022]GPS fix...
1581594567:[SURF  ,0015]10 PPS detected...
1581594568:[MRMAID,0052]Mermaid $GPSACK:+0,+0,+0,+0,+0,+0,-30;
1581594578:[MRMAID,0052]Mermaid $GPSOFF:3686321;
1581594579:[GPSFIX,0179]-1s diff
1581594580:[SURF  ,0222]2020-02-13T11:49:40
1581594580:[SURF  ,0082]Latitude : N43deg40.940mn, Longitude :E007deg19.171mn
1581594580:[SURF  ,0223]fix3D,10satellites
1581594580:[SURF  ,0084]GPS fix GPGSA : hdop0.650,vdop0.890
1581594597:[MAIN  ,0024]internal pressure 78305Pa
1581594598:<WARN>[MAIN  ,0041]mission empty
1581594598:[MAIN  ,0065]surfacing
1581594600:[PRESS ,0038]P     +4mbar,T+14379mdegC
1581594624:[SURFIN,0036]P     -6mbar
1581594628:[SURFIN,0020]filling external bladder
1581594631:[SURFIN,0019]external bladder full
1581594633:[PRESS ,0038]P   +170mbar,T+14379mdegC
1581594693:[MAIN  ,0272]Vbat 15141mV (min 14518mV)
1581594695:[MAIN  ,0024]internal pressure 78296Pa
1581594695:[MAIN  ,0043]Pext 166mbar (rng 20mbar)
1581594695:[MAIN  ,0064]surface
1581594695:[SURF  ,0224]surface1
1581594712:[SURF  ,0022]GPS fix...
1581594732:[SURF  ,0015]10 PPS detected...
1581594733:[MRMAID,0052]Mermaid $GPSACK:+0,+0,+0,+0,+0,+0,-30;
1581594743:[MRMAID,0052]Mermaid $GPSOFF:3686321;
1581594744:[GPSFIX,0179]-1s diff
1581594745:[SURF  ,0222]2020-02-13T11:52:25
1581594745:[SURF  ,0082]Latitude : N43deg40.939mn, Longitude :E007deg19.171mn
1581594745:[SURF  ,0223]fix3D,10satellites
1581594745:[SURF  ,0084]GPS fix GPGSA : hdop0.650,vdop0.890
1581594755:[SURF  ,0274]last almanac : 530196
1581594768:[MRMAID,0026]1556 bytes in 0051/5E453888.MER
1581594773:[MAIN  ,0320]New pressure offset: 166mbar
1581594773:[SURF  ,0225]surface2
1581594791:[SURF  ,0022]GPS fix...
1581594812:[SURF  ,0015]10 PPS detected...
1581594813:[MRMAID,0052]Mermaid $GPSACK:+0,+0,+0,+0,+0,+0,+0;
1581594823:[MRMAID,0052]Mermaid $GPSOFF:3686321;
1581594824:[GPSFIX,0179]-1s diff
1581594825:[SURF  ,0222]2020-02-13T11:53:45
1581594825:[SURF  ,0082]Latitude : N43deg40.939mn, Longitude :E007deg19.171mn
1581594825:[SURF  ,0223]fix3D,10satellites
1581594825:[SURF  ,0084]GPS fix GPGSA : hdop0.650,vdop0.880
1581594835:[SURF  ,0025]Iridium...
1581594842:[SBE41 ,0339]newoffset=-0.70db received after 63s
1581594875:[SURF  ,0009]connected in 40s, signal quality 3
1581594907:<WARN>[SURF  ,0071]timeout
1581594907:<WARN>[SURF  ,0056]peer mute
1581594913:[SURF  ,0014]disconnected after 78s
1581594918:[SURF  ,0069]transfer interrupted , retry
1581594935:[SURF  ,0022]GPS fix...
1581594956:[SURF  ,0015]10 PPS detected...
1581594957:[MRMAID,0052]Mermaid $GPSACK:+0,+0,+0,+0,+0,+0,-30;
1581594967:[MRMAID,0052]Mermaid $GPSOFF:3686321;
1581594968:[GPSFIX,0179]-1s diff
1581594969:[SURF  ,0222]2020-02-13T11:56:09
1581594969:[SURF  ,0082]Latitude : N43deg40.940mn, Longitude :E007deg19.171mn
1581594969:[SURF  ,0223]fix3D,9satellites
1581594969:[SURF  ,0084]GPS fix GPGSA : hdop0.670,vdop0.960
1581594979:[SURF  ,0025]Iridium...
1581595017:[SURF  ,0009]connected in 38s, signal quality 5
1581595044:[BYCMD ,0120]    bypass 10000ms 120000ms (20000ms 60000ms stored)
1581595046:[BYCMD ,0125]    near 1500mbar 3mbar/s (15000mbar 3mbar/s stored)
1581595053:[BYCMD ,0126]    far 2500mbar 4mbar/s (25000mbar 4mbar/s stored)
1581595055:[BYCMD ,0128]    dead 60s (300s stored)
1581595057:[P2TCMD,0155]p2t log dp > 50mbar
1581595059:[STACMD,0168]stage del 0
1581595061:[STACMD,0170]stage store 0
1581595071:[SURF  ,0218]prompt received, remote cmd end
1581595071:[SURF  ,0012]7 cmd(s) received
1581595092:[UPLOAD,0248]Upload data files...
1581595111:[UPLOAD,0231]"0051/5E453888.MER" uploaded at 130bytes/s
1581595127:[MAIN  ,0013]1 file(s) uploaded
1581595160:[SURF  ,0014]disconnected after 181s
1581595165:[SURF  ,0227]1st complete transfer
1581595551:[SURF  ,0022]GPS fix...
1581595571:[SURF  ,0015]10 PPS detected...
1581595572:[MRMAID,0052]Mermaid $GPSACK:+0,+0,+0,+0,+0,+0,-30;
1581595582:[MRMAID,0052]Mermaid $GPSOFF:3686321;
1581595583:[GPSFIX,0179]-1s diff
1581595584:[SURF  ,0222]2020-02-13T12:06:24
1581595584:[SURF  ,0082]Latitude : N43deg40.939mn, Longitude :E007deg19.172mn
1581595584:[SURF  ,0223]fix3D,9satellites
1581595584:[SURF  ,0084]GPS fix GPGSA : hdop0.700,vdop1.020
1581595594:[SURF  ,0025]Iridium...
1581595628:[SURF  ,0009]connected in 34s, signal quality 5
1581595654:[BYCMD ,0120]    bypass 10000ms 120000ms (20000ms 60000ms stored)
1581595656:[BYCMD ,0125]    near 1500mbar 3mbar/s (15000mbar 3mbar/s stored)
1581595658:[BYCMD ,0126]    far 2500mbar 4mbar/s (25000mbar 4mbar/s stored)
1581595660:[BYCMD ,0128]    dead 60s (300s stored)
1581595662:[P2TCMD,0155]p2t log dp > 50mbar
1581595664:[STACMD,0168]stage del 0
1581595666:[STACMD,0170]stage store 0
1581595676:[SURF  ,0218]prompt received, remote cmd end
1581595676:[SURF  ,0012]7 cmd(s) received
1581595715:[SURF  ,0014]disconnected after 121s
1581595721:[SURF  ,0226]Go dive (Minimum surface delay expired and no more file to upload)
1581595734:[SURF  ,0022]GPS fix...
1581595754:[SURF  ,0015]10 PPS detected...
1581595755:[MRMAID,0052]Mermaid $GPSACK:+0,+0,+0,+0,+0,+0,-30;
1581595765:[MRMAID,0052]Mermaid $GPSOFF:3686321;
1581595766:[GPSFIX,0179]-1s diff
1581595767:[SURF  ,0222]2020-02-13T12:09:27
1581595767:[SURF  ,0082]Latitude : N43deg40.939mn, Longitude :E007deg19.171mn
1581595767:[SURF  ,0223]fix3D,9satellites
1581595767:[SURF  ,0084]GPS fix GPGSA : hdop0.720,vdop1.100
1581595784:[MAIN  ,0024]internal pressure 78339Pa
1581595785:<WARN>[MAIN  ,0041]mission empty
1581595785:[MAIN  ,0065]surfacing
1581595787:[PRESS ,0038]P     +4mbar,T+14387mdegC
1581595811:[SURFIN,0036]P     +4mbar
1581595815:[SURFIN,0020]filling external bladder
1581595823:[PUMP  ,0207]pump warmup 14995mV/40870uA
1581595823:[PUMP  ,0016]pump during 300000ms
1581595827:[PUMP  ,0212]pump stopped, 14220mV/1442569uA
1581595827:[PUMP  ,0210]aborted, 29600ticks remain
1581595830:[SURFIN,0019]external bladder full
1581595831:[PRESS ,0038]P   +170mbar,T+14391mdegC
1581595891:[MAIN  ,0272]Vbat 15121mV (min 14518mV)
1581595893:[MAIN  ,0024]internal pressure 78273Pa
1581595893:[MAIN  ,0043]Pext 179mbar (rng 20mbar)
1581595893:[MAIN  ,0064]surface
1581595893:[SURF  ,0224]surface1
1581595910:[SURF  ,0022]GPS fix...
1581595930:[SURF  ,0015]10 PPS detected...
1581595931:[MRMAID,0052]Mermaid $GPSACK:+0,+0,+0,+0,+0,+0,-30;
1581595941:[MRMAID,0052]Mermaid $GPSOFF:3686321;
1581595942:[GPSFIX,0179]-1s diff
1581595943:[SURF  ,0222]2020-02-13T12:12:23
1581595943:[SURF  ,0082]Latitude : N43deg40.939mn, Longitude :E007deg19.172mn
1581595943:[SURF  ,0223]fix3D,9satellites
1581595943:[SURF  ,0084]GPS fix GPGSA : hdop0.720,vdop1.140
1581595953:[SURF  ,0274]last almanac : 531394
1581595966:[MRMAID,0026]1670 bytes in 0051/5E453D36.MER
1581595972:[MAIN  ,0320]New pressure offset: 179mbar
1581595972:[SURF  ,0225]surface2
1581595986:[SURF  ,0022]GPS fix...
1581596006:[SURF  ,0015]10 PPS detected...
1581596007:[MRMAID,0052]Mermaid $GPSACK:+0,+0,+0,+0,+0,+0,+0;
1581596017:[MRMAID,0052]Mermaid $GPSOFF:3686321;
1581596018:[GPSFIX,0179]-1s diff
1581596019:[SURF  ,0222]2020-02-13T12:13:39
1581596019:[SURF  ,0082]Latitude : N43deg40.939mn, Longitude :E007deg19.172mn
1581596019:[SURF  ,0223]fix3D,9satellites
1581596019:[SURF  ,0084]GPS fix GPGSA : hdop0.720,vdop1.160
1581596029:[SURF  ,0025]Iridium...
1581596037:[SBE41 ,0339]newoffset=-0.69db received after 63s
1581596064:[SURF  ,0009]connected in 35s, signal quality 5
1581596089:[BYCMD ,0120]    bypass 10000ms 120000ms (20000ms 60000ms stored)
1581596091:[BYCMD ,0125]    near 1500mbar 3mbar/s (15000mbar 3mbar/s stored)
1581596093:[BYCMD ,0126]    far 2500mbar 4mbar/s (25000mbar 4mbar/s stored)
1581596095:[BYCMD ,0128]    dead 60s (300s stored)
1581596097:[P2TCMD,0155]p2t log dp > 50mbar
1581596099:[STACMD,0168]stage del 0
1581596102:[STACMD,0170]stage store 0
1581596112:[SURF  ,0218]prompt received, remote cmd end
1581596112:[SURF  ,0012]7 cmd(s) received
1581596133:[UPLOAD,0248]Upload data files...
1581596152:[UPLOAD,0231]"0051/5E453D36.MER" uploaded at 139bytes/s
1581596168:[MAIN  ,0013]1 file(s) uploaded
1581596200:[SURF  ,0014]disconnected after 171s
1581596206:[SURF  ,0227]1st complete transfer
1581596604:[SURF  ,0022]GPS fix...
1581596624:[SURF  ,0015]10 PPS detected...
1581596625:[MRMAID,0052]Mermaid $GPSACK:+0,+0,+0,+0,+0,+0,-30;
1581596635:[MRMAID,0052]Mermaid $GPSOFF:3686321;
1581596636:[GPSFIX,0179]-1s diff
1581596637:[SURF  ,0222]2020-02-13T12:23:57
1581596637:[SURF  ,0082]Latitude : N43deg40.939mn, Longitude :E007deg19.172mn
1581596637:[SURF  ,0223]fix3D,9satellites
1581596637:[SURF  ,0084]GPS fix GPGSA : hdop0.720,vdop1.280
1581596647:[SURF  ,0025]Iridium...
1581596679:[SURF  ,0009]connected in 32s, signal quality 5
1581596707:[BYCMD ,0120]    bypass 10000ms 120000ms (20000ms 60000ms stored)
1581596709:[BYCMD ,0125]    near 1500mbar 3mbar/s (15000mbar 3mbar/s stored)
1581596712:[BYCMD ,0126]    far 2500mbar 4mbar/s (25000mbar 4mbar/s stored)
1581596714:[BYCMD ,0128]    dead 60s (300s stored)
1581596716:[P2TCMD,0155]p2t log dp > 50mbar
1581596718:[STACMD,0168]stage del 0
1581596720:[STACMD,0170]stage store 0
1581596730:[SURF  ,0218]prompt received, remote cmd end
1581596730:[SURF  ,0012]7 cmd(s) received
1581596770:[SURF  ,0014]disconnected after 123s
1581596775:[SURF  ,0226]Go dive (Minimum surface delay expired and no more file to upload)
1581596788:[SURF  ,0022]GPS fix...
1581596809:[SURF  ,0015]10 PPS detected...
1581596810:[MRMAID,0052]Mermaid $GPSACK:+0,+0,+0,+0,+0,+0,-30;
1581596820:[MRMAID,0052]Mermaid $GPSOFF:3686321;
1581596821:[GPSFIX,0179]-1s diff
1581596822:[SURF  ,0222]2020-02-13T12:27:02
1581596822:[SURF  ,0082]Latitude : N43deg40.939mn, Longitude :E007deg19.172mn
1581596822:[SURF  ,0223]fix3D,9satellites
1581596822:[SURF  ,0084]GPS fix GPGSA : hdop0.720,vdop1.310
1581596839:[MAIN  ,0024]internal pressure 78332Pa
1581596840:<WARN>[MAIN  ,0041]mission empty
1581596840:[MAIN  ,0065]surfacing
1581596842:[PRESS ,0038]P     +1mbar,T+14409mdegC
1581596866:[SURFIN,0036]P     +1mbar
1581596870:[SURFIN,0020]filling external bladder
1581596873:[SURFIN,0019]external bladder full
1581596875:[PRESS ,0038]P   +170mbar,T+14409mdegC
1581596935:[MAIN  ,0272]Vbat 15145mV (min 14518mV)
1581596937:[MAIN  ,0024]internal pressure 78329Pa
1581596937:[MAIN  ,0043]Pext 168mbar (rng 20mbar)
1581596937:[MAIN  ,0064]surface
1581596937:[SURF  ,0224]surface1
1581596951:[SURF  ,0022]GPS fix...
1581596971:[SURF  ,0015]10 PPS detected...
1581596972:[MRMAID,0052]Mermaid $GPSACK:+0,+0,+0,+0,+0,+0,-91;
1581596982:[MRMAID,0052]Mermaid $GPSOFF:3686321;
1581596983:[GPSFIX,0179]-1s diff
1581596984:[SURF  ,0222]2020-02-13T12:29:44
1581596984:[SURF  ,0082]Latitude : N43deg40.938mn, Longitude :E007deg19.171mn
1581596984:[SURF  ,0223]fix3D,9satellites
1581596984:[SURF  ,0084]GPS fix GPGSA : hdop0.670,vdop1.110
1581596994:[SURF  ,0274]last almanac : 532435
1581597007:[MRMAID,0026]1556 bytes in 0051/5E454147.MER
1581597012:[MAIN  ,0320]New pressure offset: 168mbar
1581597012:[SURF  ,0225]surface2
1581597027:[SURF  ,0022]GPS fix...
1581597048:[SURF  ,0015]10 PPS detected...
1581597049:[MRMAID,0052]Mermaid $GPSACK:+0,+0,+0,+0,+0,+0,+0;
1581597059:[MRMAID,0052]Mermaid $GPSOFF:3686321;
1581597060:[GPSFIX,0179]-1s diff
1581597061:[SURF  ,0222]2020-02-13T12:31:01
1581597061:[SURF  ,0082]Latitude : N43deg40.939mn, Longitude :E007deg19.171mn
1581597061:[SURF  ,0223]fix3D,9satellites
1581597061:[SURF  ,0084]GPS fix GPGSA : hdop0.670,vdop1.120
1581597071:[SURF  ,0025]Iridium...
1581597079:[SBE41 ,0339]newoffset=-0.69db received after 63s
1581597120:[SURF  ,0009]connected in 49s, signal quality 5
1581597147:[BYCMD ,0120]    bypass 10000ms 120000ms (20000ms 60000ms stored)
1581597149:[BYCMD ,0125]    near 1500mbar 3mbar/s (15000mbar 3mbar/s stored)
1581597151:[BYCMD ,0126]    far 2500mbar 4mbar/s (25000mbar 4mbar/s stored)
1581597154:[BYCMD ,0128]    dead 60s (300s stored)
1581597156:[P2TCMD,0155]p2t log dp > 50mbar
1581597158:[STACMD,0168]stage del 0
1581597160:[STACMD,0170]stage store 0
1581597170:[SURF  ,0218]prompt received, remote cmd end
1581597170:[SURF  ,0012]7 cmd(s) received
1581597191:[UPLOAD,0248]Upload data files...
1581597209:[UPLOAD,0231]"0051/5E454147.MER" uploaded at 141bytes/s
1581597228:[MAIN  ,0013]1 file(s) uploaded
1581597260:[SURF  ,0014]disconnected after 189s
1581597265:[SURF  ,0227]1st complete transfer
1581597641:[SURF  ,0022]GPS fix...
1581597662:[SURF  ,0015]10 PPS detected...
1581597663:[MRMAID,0052]Mermaid $GPSACK:+0,+0,+0,+0,+0,+0,-30;
1581597673:[MRMAID,0052]Mermaid $GPSOFF:3686321;
1581597674:[GPSFIX,0179]-1s diff
1581597675:[SURF  ,0222]2020-02-13T12:41:15
1581597675:[SURF  ,0082]Latitude : N43deg40.938mn, Longitude :E007deg19.172mn
1581597675:[SURF  ,0223]fix3D,9satellites
1581597675:[SURF  ,0084]GPS fix GPGSA : hdop0.630,vdop1.040
1581597685:[SURF  ,0025]Iridium...
1581597717:[SURF  ,0009]connected in 32s, signal quality 5
1581597742:[BYCMD ,0120]    bypass 10000ms 120000ms (20000ms 60000ms stored)
1581597744:[BYCMD ,0125]    near 1500mbar 3mbar/s (15000mbar 3mbar/s stored)
1581597746:[BYCMD ,0126]    far 2500mbar 4mbar/s (25000mbar 4mbar/s stored)
1581597748:[BYCMD ,0128]    dead 60s (300s stored)
1581597750:[P2TCMD,0155]p2t log dp > 50mbar
1581597752:[STACMD,0168]stage del 0
1581597754:[STACMD,0170]stage store 0
1581597764:[SURF  ,0218]prompt received, remote cmd end
1581597764:[SURF  ,0012]7 cmd(s) received
1581597805:[SURF  ,0014]disconnected after 120s
1581597810:[SURF  ,0226]Go dive (Minimum surface delay expired and no more file to upload)
1581597822:[SURF  ,0022]GPS fix...
1581597843:[SURF  ,0015]10 PPS detected...
1581597844:[MRMAID,0052]Mermaid $GPSACK:+0,+0,+0,+0,+0,+0,-30;
1581597854:[MRMAID,0052]Mermaid $GPSOFF:3686321;
1581597855:[GPSFIX,0179]-1s diff
1581597856:[SURF  ,0222]2020-02-13T12:44:16
1581597856:[SURF  ,0082]Latitude : N43deg40.938mn, Longitude :E007deg19.172mn
1581597856:[SURF  ,0223]fix3D,9satellites
1581597856:[SURF  ,0084]GPS fix GPGSA : hdop0.630,vdop1.060
1581597873:[MAIN  ,0024]internal pressure 78351Pa
1581597874:<WARN>[MAIN  ,0041]mission empty
1581597874:[MAIN  ,0065]surfacing
1581597876:[PRESS ,0038]P    -18mbar,T+14416mdegC
1581597900:[SURFIN,0036]P     -8mbar
1581597904:[SURFIN,0020]filling external bladder
1581597907:[SURFIN,0019]external bladder full
1581597909:[PRESS ,0038]P   +180mbar,T+14416mdegC
1581597970:[MAIN  ,0272]Vbat 15147mV (min 14518mV)
1581597972:[MAIN  ,0024]internal pressure 78359Pa
1581597972:[MAIN  ,0043]Pext 165mbar (rng 20mbar)
1581597972:[MAIN  ,0064]surface
1581597972:[SURF  ,0224]surface1
1581597983:[SURF  ,0022]GPS fix...
1581598004:[SURF  ,0015]10 PPS detected...
1581598005:[MRMAID,0052]Mermaid $GPSACK:+0,+0,+0,+0,+0,+0,+0;
1581598015:[MRMAID,0052]Mermaid $GPSOFF:3686321;
1581598016:[GPSFIX,0179]-1s diff
1581598017:[SURF  ,0222]2020-02-13T12:46:57
1581598017:[SURF  ,0082]Latitude : N43deg40.938mn, Longitude :E007deg19.172mn
1581598017:[SURF  ,0223]fix3D,9satellites
1581598017:[SURF  ,0084]GPS fix GPGSA : hdop0.620,vdop1.070
1581598027:[SURF  ,0274]last almanac : 533468
1581598040:[MRMAID,0026]1554 bytes in 0051/5E454550.MER
1581598045:[MAIN  ,0320]New pressure offset: 165mbar
1581598045:[SURF  ,0225]surface2
1581598060:[SURF  ,0022]GPS fix...
1581598081:[SURF  ,0015]10 PPS detected...
1581598082:[MRMAID,0052]Mermaid $GPSACK:+0,+0,+0,+0,+0,+0,+0;
1581598092:[MRMAID,0052]Mermaid $GPSOFF:3686321;
1581598093:[GPSFIX,0179]-1s diff
1581598094:[SURF  ,0222]2020-02-13T12:48:14
1581598094:[SURF  ,0082]Latitude : N43deg40.938mn, Longitude :E007deg19.172mn
1581598094:[SURF  ,0223]fix3D,9satellites
1581598094:[SURF  ,0084]GPS fix GPGSA : hdop0.620,vdop1.080
1581598104:[SURF  ,0025]Iridium...
1581598111:[SBE41 ,0339]newoffset=-0.69db received after 63s
1581598153:[SURF  ,0009]connected in 49s, signal quality 5
1581598184:[BYCMD ,0120]    bypass 10000ms 120000ms (20000ms 60000ms stored)
1581598186:[BYCMD ,0125]    near 1500mbar 3mbar/s (15000mbar 3mbar/s stored)
1581598207:[SURF  ,0218]prompt received, remote cmd end
1581598207:[SURF  ,0012]83 cmd(s) received
1581598260:[UPLOAD,0248]Upload data files...
1581598278:[UPLOAD,0231]"0051/5E454550.MER" uploaded at 141bytes/s
1581598295:[MAIN  ,0013]1 file(s) uploaded
1581598328:[SURF  ,0014]disconnected after 224s
1581598333:[SURF  ,0227]1st complete transfer
1581598677:[SURF  ,0022]GPS fix...
1581598697:[SURF  ,0015]10 PPS detected...
1581598698:[MRMAID,0052]Mermaid $GPSACK:+0,+0,+0,+0,+0,+0,-30;
1581598708:[MRMAID,0052]Mermaid $GPSOFF:3686321;
1581598708:[GPSFIX,0179]-1s diff
1581598709:[SURF  ,0222]2020-02-13T12:58:29
1581598709:[SURF  ,0082]Latitude : N43deg40.938mn, Longitude :E007deg19.172mn
1581598709:[SURF  ,0223]fix3D,9satellites
1581598709:[SURF  ,0084]GPS fix GPGSA : hdop0.620,vdop1.100
1581598719:[SURF  ,0025]Iridium...
1581598758:[SURF  ,0009]connected in 39s, signal quality 3
1581598782:[BYCMD ,0120]    bypass 10000ms 120000ms (20000ms 60000ms stored)
1581598783:[BYCMD ,0125]    near 1500mbar 3mbar/s (15000mbar 3mbar/s stored)
1581598785:[BYCMD ,0126]    far 2500mbar 4mbar/s (25000mbar 4mbar/s stored)
1581598786:[BYCMD ,0128]    dead 60s (300s stored)
1581598788:[P2TCMD,0155]p2t log dp > 50mbar
1581598789:[STACMD,0168]stage del 0
1581598791:[STACMD,0170]stage store 0
1581598801:[SURF  ,0218]prompt received, remote cmd end
1581598801:[SURF  ,0012]7 cmd(s) received
1581598839:[SURF  ,0014]disconnected after 120s
1581598844:[SURF  ,0226]Go dive (Minimum surface delay expired and no more file to upload)
1581598859:[SURF  ,0022]GPS fix...
1581598880:[SURF  ,0015]10 PPS detected...
1581598881:[MRMAID,0052]Mermaid $GPSACK:+0,+0,+0,+0,+0,+0,+0;
1581598891:[MRMAID,0052]Mermaid $GPSOFF:3686321;
1581598893:[GPSFIX,0179]+0s diff
1581598893:[SURF  ,0222]2020-02-13T13:01:33
1581598893:[SURF  ,0082]Latitude : N43deg40.938mn, Longitude :E007deg19.171mn
1581598893:[SURF  ,0223]fix3D,9satellites
1581598893:[SURF  ,0084]GPS fix GPGSA : hdop0.620,vdop1.090
1581598910:[MAIN  ,0024]internal pressure 78344Pa
1581598911:<WARN>[MAIN  ,0041]mission empty
1581598911:[MAIN  ,0065]surfacing
1581598913:[PRESS ,0038]P     -5mbar,T+14428mdegC
1581598937:[SURFIN,0036]P     -5mbar
1581598941:[SURFIN,0020]filling external bladder
1581598944:[SURFIN,0019]external bladder full
1581598946:[PRESS ,0038]P   +170mbar,T+14429mdegC
1581599006:[MAIN  ,0272]Vbat 15139mV (min 14518mV)
1581599008:[MAIN  ,0024]internal pressure 78378Pa
1581599008:[MAIN  ,0043]Pext 163mbar (rng 20mbar)
1581599008:[MAIN  ,0064]surface
1581599008:[SURF  ,0224]surface1
1581599024:[SURF  ,0022]GPS fix...
1581599045:[SURF  ,0015]10 PPS detected...
1581599046:[MRMAID,0052]Mermaid $GPSACK:+0,+0,+0,+0,+0,+0,+0;
1581599056:[MRMAID,0052]Mermaid $GPSOFF:3686321;
1581599057:[GPSFIX,0179]-1s diff
1581599058:[SURF  ,0222]2020-02-13T13:04:18
1581599058:[SURF  ,0082]Latitude : N43deg40.938mn, Longitude :E007deg19.171mn
1581599058:[SURF  ,0223]fix3D,9satellites
1581599058:[SURF  ,0084]GPS fix GPGSA : hdop0.620,vdop1.090
1581599068:[SURF  ,0274]last almanac : 534509
1581599081:[MRMAID,0026]1552 bytes in 0051/5E454961.MER
1581599086:[MAIN  ,0320]New pressure offset: 163mbar
1581599086:[SURF  ,0225]surface2
1581599101:[SURF  ,0022]GPS fix...
1581599121:[SURF  ,0015]10 PPS detected...
1581599122:[MRMAID,0052]Mermaid $GPSACK:+0,+0,+0,+0,+0,+0,+0;
1581599132:[MRMAID,0052]Mermaid $GPSOFF:3686321;
1581599133:[GPSFIX,0179]-1s diff
1581599134:[SURF  ,0222]2020-02-13T13:05:34
1581599134:[SURF  ,0082]Latitude : N43deg40.938mn, Longitude :E007deg19.171mn
1581599134:[SURF  ,0223]fix3D,10satellites
1581599134:[SURF  ,0084]GPS fix GPGSA : hdop0.600,vdop1.020
1581599144:[SURF  ,0025]Iridium...
1581599152:[SBE41 ,0339]newoffset=-0.68db received after 63s
1581599177:[SURF  ,0009]connected in 33s, signal quality 2
1581599205:[BYCMD ,0120]    bypass 10000ms 120000ms (20000ms 60000ms stored)
1581599207:[BYCMD ,0125]    near 1500mbar 3mbar/s (15000mbar 3mbar/s stored)
1581599209:[BYCMD ,0126]    far 2500mbar 4mbar/s (25000mbar 4mbar/s stored)
1581599211:[BYCMD ,0128]    dead 60s (300s stored)
1581599215:[P2TCMD,0155]p2t log dp > 50mbar
1581599219:[STACMD,0168]stage del 0
1581599223:[STACMD,0170]stage store 0
1581599233:[SURF  ,0218]prompt received, remote cmd end
1581599233:[SURF  ,0012]7 cmd(s) received
1581599253:[UPLOAD,0248]Upload data files...
1581599280:[UPLOAD,0231]"0051/5E454961.MER" uploaded at 119bytes/s
1581599301:[MAIN  ,0013]1 file(s) uploaded
1581599337:[SURF  ,0014]disconnected after 193s
1581599342:[SURF  ,0227]1st complete transfer
1581599716:[SURF  ,0022]GPS fix...
1581599737:[SURF  ,0015]10 PPS detected...
1581599738:[MRMAID,0052]Mermaid $GPSACK:+0,+0,+0,+0,+0,+0,-30;
1581599748:[MRMAID,0052]Mermaid $GPSOFF:3686321;
1581599749:[GPSFIX,0179]-1s diff
1581599750:[SURF  ,0222]2020-02-13T13:15:50
1581599750:[SURF  ,0082]Latitude : N43deg40.938mn, Longitude :E007deg19.172mn
1581599750:[SURF  ,0223]fix3D,10satellites
1581599750:[SURF  ,0084]GPS fix GPGSA : hdop0.610,vdop1.000
1581599760:[SURF  ,0025]Iridium...
1581599802:[SURF  ,0009]connected in 42s, signal quality 5
1581599829:[BYCMD ,0120]    bypass 10000ms 120000ms (20000ms 60000ms stored)
1581599831:[BYCMD ,0125]    near 1500mbar 3mbar/s (15000mbar 3mbar/s stored)
1581599841:[BYCMD ,0126]    far 2500mbar 4mbar/s (25000mbar 4mbar/s stored)
1581599843:[BYCMD ,0128]    dead 60s (300s stored)
1581599849:[P2TCMD,0155]p2t log dp > 50mbar
1581599856:[STACMD,0168]stage del 0
1581599858:[STACMD,0170]stage store 0
1581599868:[SURF  ,0218]prompt received, remote cmd end
1581599868:[SURF  ,0012]7 cmd(s) received
1581599907:[SURF  ,0014]disconnected after 147s
1581599912:[SURF  ,0226]Go dive (Minimum surface delay expired and no more file to upload)
1581599924:[SURF  ,0022]GPS fix...
1581599944:[SURF  ,0015]10 PPS detected...
1581599945:[MRMAID,0052]Mermaid $GPSACK:+0,+0,+0,+0,+0,+0,+0;
1581599955:[MRMAID,0052]Mermaid $GPSOFF:3686321;
1581599956:[GPSFIX,0179]-1s diff
1581599957:[SURF  ,0222]2020-02-13T13:19:17
1581599957:[SURF  ,0082]Latitude : N43deg40.937mn, Longitude :E007deg19.171mn
1581599957:[SURF  ,0223]fix3D,10satellites
1581599957:[SURF  ,0084]GPS fix GPGSA : hdop0.600,vdop1.000
1581599974:[MAIN  ,0024]internal pressure 78356Pa
1581599975:<WARN>[MAIN  ,0041]mission empty
1581599975:[MAIN  ,0065]surfacing
1581599977:[PRESS ,0038]P     -3mbar,T+14434mdegC
1581600001:[SURFIN,0036]P     +7mbar
1581600005:[SURFIN,0020]filling external bladder
1581600008:[SURFIN,0019]external bladder full
1581600010:[PRESS ,0038]P   +170mbar,T+14434mdegC
1581600071:[MAIN  ,0272]Vbat 15137mV (min 14518mV)
1581600073:[MAIN  ,0024]internal pressure 78399Pa
1581600073:[MAIN  ,0043]Pext 171mbar (rng 20mbar)
1581600073:[MAIN  ,0064]surface
1581600073:[SURF  ,0224]surface1
1581600089:[SURF  ,0022]GPS fix...
1581600110:[SURF  ,0015]10 PPS detected...
1581600111:[MRMAID,0052]Mermaid $GPSACK:+0,+0,+0,+0,+0,+0,+0;
1581600121:[MRMAID,0052]Mermaid $GPSOFF:3686321;
1581600123:[GPSFIX,0179]+0s diff
1581600123:[SURF  ,0222]2020-02-13T13:22:03
1581600123:[SURF  ,0082]Latitude : N43deg40.937mn, Longitude :E007deg19.171mn
1581600123:[SURF  ,0223]fix3D,10satellites
1581600123:[SURF  ,0084]GPS fix GPGSA : hdop0.600,vdop1.000
1581600133:[SURF  ,0274]last almanac : 535574
1581600146:[MRMAID,0026]1552 bytes in 0051/5E454D8A.MER
1581600151:[MAIN  ,0320]New pressure offset: 171mbar
1581600151:[SURF  ,0225]surface2
1581600166:[SURF  ,0022]GPS fix...
1581600186:[SURF  ,0015]10 PPS detected...
1581600187:[MRMAID,0052]Mermaid $GPSACK:+0,+0,+0,+0,+0,+0,+0;
1581600197:[MRMAID,0052]Mermaid $GPSOFF:3686321;
1581600197:[GPSFIX,0179]-1s diff
1581600198:[SURF  ,0222]2020-02-13T13:23:18
1581600198:[SURF  ,0082]Latitude : N43deg40.937mn, Longitude :E007deg19.171mn
1581600198:[SURF  ,0223]fix3D,10satellites
1581600198:[SURF  ,0084]GPS fix GPGSA : hdop0.600,vdop0.990
1581600208:[SURF  ,0025]Iridium...
1581600217:[SBE41 ,0339]newoffset=-0.67db received after 63s
1581600248:[SURF  ,0009]connected in 40s, signal quality 5
1581600271:[BYCMD ,0120]    bypass 10000ms 120000ms (20000ms 60000ms stored)
1581600273:[BYCMD ,0125]    near 1500mbar 3mbar/s (15000mbar 3mbar/s stored)
1581600274:[BYCMD ,0126]    far 2500mbar 4mbar/s (25000mbar 4mbar/s stored)
1581600276:[BYCMD ,0128]    dead 60s (300s stored)
1581600277:[P2TCMD,0155]p2t log dp > 50mbar
1581600279:[STACMD,0168]stage del 0
1581600281:[STACMD,0170]stage store 0
1581600291:[SURF  ,0218]prompt received, remote cmd end
1581600291:[SURF  ,0012]7 cmd(s) received
1581600311:[UPLOAD,0248]Upload data files...
1581600333:[UPLOAD,0231]"0051/5E454D8A.MER" uploaded at 141bytes/s
1581600349:[MAIN  ,0013]1 file(s) uploaded
1581600382:[SURF  ,0014]disconnected after 174s
1581600388:[SURF  ,0227]1st complete transfer
1581600784:[SURF  ,0022]GPS fix...
1581600805:[SURF  ,0015]10 PPS detected...
1581600806:[MRMAID,0052]Mermaid $GPSACK:+0,+0,+0,+0,+0,+0,-30;
1581600816:[MRMAID,0052]Mermaid $GPSOFF:3686321;
1581600817:[GPSFIX,0179]-1s diff
1581600818:[SURF  ,0222]2020-02-13T13:33:38
1581600818:[SURF  ,0082]Latitude : N43deg40.937mn, Longitude :E007deg19.172mn
1581600818:[SURF  ,0223]fix3D,10satellites
1581600818:[SURF  ,0084]GPS fix GPGSA : hdop0.590,vdop0.980
1581600828:[SURF  ,0025]Iridium...
1581600865:[SURF  ,0009]connected in 37s, signal quality 5
1581600894:[BYCMD ,0120]    bypass 10000ms 120000ms (20000ms 60000ms stored)
1581600896:[BYCMD ,0125]    near 1500mbar 3mbar/s (15000mbar 3mbar/s stored)
1581600920:<WARN>[SURF  ,0071]timeout
1581600920:<WARN>[SURF  ,0056]peer mute
1581600925:[SURF  ,0014]disconnected after 97s
1581600930:[SURF  ,0227]1st complete transfer
1581600930:[SURF  ,0226]Go dive (Minimum surface delay expired and no more file to upload)
1581600943:[SURF  ,0022]GPS fix...
1581600964:[SURF  ,0015]10 PPS detected...
1581600965:[MRMAID,0052]Mermaid $GPSACK:+0,+0,+0,+0,+0,+0,+0;
1581600975:[MRMAID,0052]Mermaid $GPSOFF:3686321;
1581600976:[GPSFIX,0179]-1s diff
1581600977:[SURF  ,0222]2020-02-13T13:36:17
1581600977:[SURF  ,0082]Latitude : N43deg40.937mn, Longitude :E007deg19.171mn
1581600977:[SURF  ,0223]fix3D,10satellites
1581600977:[SURF  ,0084]GPS fix GPGSA : hdop0.590,vdop0.980
1581600994:[MAIN  ,0024]internal pressure 78368Pa
1581600995:<WARN>[MAIN  ,0041]mission empty
1581600995:[MAIN  ,0065]surfacing
1581600997:[PRESS ,0038]P    -11mbar,T+14452mdegC
1581601021:[SURFIN,0036]P     +9mbar
1581601025:[SURFIN,0020]filling external bladder
1581601028:[SURFIN,0019]external bladder full
1581601030:[PRESS ,0038]P   +180mbar,T+14452mdegC
1581601090:[MAIN  ,0272]Vbat 15157mV (min 14518mV)
1581601092:[MAIN  ,0024]internal pressure 78346Pa
1581601092:[MAIN  ,0043]Pext 171mbar (rng 20mbar)
1581601092:[MAIN  ,0064]surface
1581601092:[SURF  ,0224]surface1
1581601107:[SURF  ,0022]GPS fix...
1581601128:[SURF  ,0015]10 PPS detected...
1581601129:[MRMAID,0052]Mermaid $GPSACK:+0,+0,+0,+0,+0,+0,+0;
1581601139:[MRMAID,0052]Mermaid $GPSOFF:3686321;
1581601140:[GPSFIX,0179]+0s diff
1581601140:[SURF  ,0222]2020-02-13T13:39:00
1581601140:[SURF  ,0082]Latitude : N43deg40.937mn, Longitude :E007deg19.172mn
1581601140:[SURF  ,0223]fix3D,10satellites
1581601140:[SURF  ,0084]GPS fix GPGSA : hdop0.560,vdop0.920
1581601150:[SURF  ,0274]last almanac : 536591
1581601163:[MRMAID,0026]1552 bytes in 0051/5E455183.MER
1581601168:[MAIN  ,0320]New pressure offset: 171mbar
1581601168:[SURF  ,0225]surface2
1581601183:[SURF  ,0022]GPS fix...
1581601204:[SURF  ,0015]10 PPS detected...
1581601205:[MRMAID,0052]Mermaid $GPSACK:+0,+0,+0,+0,+0,+0,+0;
1581601215:[MRMAID,0052]Mermaid $GPSOFF:3686321;
1581601216:[GPSFIX,0179]-1s diff
1581601217:[SURF  ,0222]2020-02-13T13:40:17
1581601217:[SURF  ,0082]Latitude : N43deg40.937mn, Longitude :E007deg19.172mn
1581601217:[SURF  ,0223]fix3D,10satellites
1581601217:[SURF  ,0084]GPS fix GPGSA : hdop0.560,vdop0.920
1581601227:[SURF  ,0025]Iridium...
1581601234:[SBE41 ,0339]newoffset=-0.69db received after 63s
1581601260:[SURF  ,0009]connected in 33s, signal quality 5
1581601289:[BYCMD ,0120]    bypass 10000ms 120000ms (20000ms 60000ms stored)
1581601291:[BYCMD ,0125]    near 1500mbar 3mbar/s (15000mbar 3mbar/s stored)
1581601293:[BYCMD ,0126]    far 2500mbar 4mbar/s (25000mbar 4mbar/s stored)
1581601295:[BYCMD ,0128]    dead 60s (300s stored)
1581601297:[P2TCMD,0155]p2t log dp > 50mbar
1581601299:[STACMD,0168]stage del 0
1581601302:[STACMD,0170]stage store 0
1581601312:[SURF  ,0218]prompt received, remote cmd end
1581601312:[SURF  ,0012]7 cmd(s) received
1581601333:[UPLOAD,0248]Upload data files...
1581601351:[UPLOAD,0231]"0051/5E455183.MER" uploaded at 129bytes/s
1581601367:[MAIN  ,0013]1 file(s) uploaded
1581601398:[SURF  ,0014]disconnected after 171s
1581601403:[SURF  ,0227]1st complete transfer
1581601805:[SURF  ,0022]GPS fix...
1581601826:[SURF  ,0015]10 PPS detected...
1581601827:[MRMAID,0052]Mermaid $GPSACK:+0,+0,+0,+0,+0,+0,-30;
1581601837:[MRMAID,0052]Mermaid $GPSOFF:3686321;
1581601838:[GPSFIX,0179]-1s diff
1581601839:[SURF  ,0222]2020-02-13T13:50:39
1581601839:[SURF  ,0082]Latitude : N43deg40.940mn, Longitude :E007deg19.173mn
1581601839:[SURF  ,0223]fix3D,9satellites
1581601839:[SURF  ,0084]GPS fix GPGSA : hdop0.570,vdop0.980
1581601849:[SURF  ,0025]Iridium...
1581601889:[SURF  ,0009]connected in 40s, signal quality 4
1581601920:[BYCMD ,0120]    bypass 10000ms 120000ms (20000ms 60000ms stored)
1581601922:[BYCMD ,0125]    near 1500mbar 3mbar/s (15000mbar 3mbar/s stored)
1581601924:[BYCMD ,0126]    far 2500mbar 4mbar/s (25000mbar 4mbar/s stored)
1581601926:[BYCMD ,0128]    dead 60s (300s stored)
1581601928:[P2TCMD,0155]p2t log dp > 50mbar
1581601930:[STACMD,0168]stage del 0
1581601932:[STACMD,0170]stage store 0
1581601942:[SURF  ,0218]prompt received, remote cmd end
1581601942:[SURF  ,0012]7 cmd(s) received
1581601982:[SURF  ,0014]disconnected after 133s
1581601987:[SURF  ,0226]Go dive (Minimum surface delay expired and no more file to upload)
1581602004:[SURF  ,0022]GPS fix...
1581602025:[SURF  ,0015]10 PPS detected...
1581602026:[MRMAID,0052]Mermaid $GPSACK:+0,+0,+0,+0,+0,+0,+0;
1581602036:[MRMAID,0052]Mermaid $GPSOFF:3686321;
1581602038:[GPSFIX,0179]+0s diff
1581602038:[SURF  ,0222]2020-02-13T13:53:58
1581602038:[SURF  ,0082]Latitude : N43deg40.940mn, Longitude :E007deg19.173mn
1581602038:[SURF  ,0223]fix3D,9satellites
1581602038:[SURF  ,0084]GPS fix GPGSA : hdop0.570,vdop0.980
1581602055:[MAIN  ,0024]internal pressure 78371Pa
1581602056:<WARN>[MAIN  ,0041]mission empty
1581602056:[MAIN  ,0065]surfacing
1581602058:[PRESS ,0038]P     -1mbar,T+14457mdegC
1581602082:[SURFIN,0036]P     -1mbar
1581602086:[SURFIN,0020]filling external bladder
1581602089:[SURFIN,0019]external bladder full
1581602091:[PRESS ,0038]P   +160mbar,T+14457mdegC
1581602151:[MAIN  ,0272]Vbat 15147mV (min 14518mV)
1581602153:[MAIN  ,0024]internal pressure 78371Pa
1581602153:[MAIN  ,0043]Pext 169mbar (rng 20mbar)
1581602153:[MAIN  ,0064]surface
1581602153:[SURF  ,0224]surface1
1581602167:[SURF  ,0022]GPS fix...
1581602187:[SURF  ,0015]10 PPS detected...
1581602188:[MRMAID,0052]Mermaid $GPSACK:+0,+0,+0,+0,+0,+0,+0;
1581602198:[MRMAID,0052]Mermaid $GPSOFF:3686321;
1581602199:[GPSFIX,0179]-1s diff
1581602200:[SURF  ,0222]2020-02-13T13:56:40
1581602200:[SURF  ,0082]Latitude : N43deg40.940mn, Longitude :E007deg19.174mn
1581602200:[SURF  ,0223]fix3D,9satellites
1581602200:[SURF  ,0084]GPS fix GPGSA : hdop0.570,vdop0.980
1581602210:[SURF  ,0274]last almanac : 537651
1581602223:[MRMAID,0026]1552 bytes in 0051/5E4555A7.MER
1581602228:[MAIN  ,0320]New pressure offset: 169mbar
1581602228:[SURF  ,0225]surface2
1581602243:[SURF  ,0022]GPS fix...
1581602263:[SURF  ,0015]10 PPS detected...
1581602264:[MRMAID,0052]Mermaid $GPSACK:+0,+0,+0,+0,+0,+0,+0;
1581602274:[MRMAID,0052]Mermaid $GPSOFF:3686321;
1581602275:[GPSFIX,0179]-1s diff
1581602276:[SURF  ,0222]2020-02-13T13:57:56
1581602276:[SURF  ,0082]Latitude : N43deg40.940mn, Longitude :E007deg19.174mn
1581602276:[SURF  ,0223]fix3D,9satellites
1581602276:[SURF  ,0084]GPS fix GPGSA : hdop0.570,vdop0.980
1581602286:[SURF  ,0025]Iridium...
1581602294:[SBE41 ,0339]newoffset=-0.68db received after 63s
1581602322:[SURF  ,0009]connected in 36s, signal quality 5
1581602355:<WARN>[SURF  ,0071]timeout
1581602355:<WARN>[SURF  ,0056]peer mute
1581602360:[SURF  ,0014]disconnected after 74s
1581602365:[SURF  ,0069]transfer interrupted , retry
1581602383:[SURF  ,0022]GPS fix...
1581602403:[SURF  ,0015]10 PPS detected...
1581602404:[MRMAID,0052]Mermaid $GPSACK:+0,+0,+0,+0,+0,+0,+0;
1581602414:[MRMAID,0052]Mermaid $GPSOFF:3686321;
1581602415:[GPSFIX,0179]-1s diff
1581602416:[SURF  ,0222]2020-02-13T14:00:16
1581602416:[SURF  ,0082]Latitude : N43deg40.940mn, Longitude :E007deg19.174mn
1581602416:[SURF  ,0223]fix3D,10satellites
1581602416:[SURF  ,0084]GPS fix GPGSA : hdop0.560,vdop0.930
1581602426:[SURF  ,0025]Iridium...
1581602466:[SURF  ,0009]connected in 40s, signal quality 4
1581602494:[BYCMD ,0120]    bypass 10000ms 120000ms (20000ms 60000ms stored)
1581602496:[BYCMD ,0125]    near 1500mbar 3mbar/s (15000mbar 3mbar/s stored)
1581602505:[BYCMD ,0126]    far 2500mbar 4mbar/s (25000mbar 4mbar/s stored)
1581602509:[BYCMD ,0128]    dead 60s (300s stored)
1581602514:[P2TCMD,0155]p2t log dp > 50mbar
1581602516:[STACMD,0168]stage del 0
1581602518:[STACMD,0170]stage store 0
1581602528:[SURF  ,0218]prompt received, remote cmd end
1581602528:[SURF  ,0012]7 cmd(s) received
1581602549:[UPLOAD,0248]Upload data files...
1581602568:[UPLOAD,0231]"0051/5E4555A7.MER" uploaded at 129bytes/s
1581602584:[MAIN  ,0013]1 file(s) uploaded
1581602614:[SURF  ,0014]disconnected after 188s
1581602619:[SURF  ,0227]1st complete transfer
1581603005:[SURF  ,0022]GPS fix...
1581603026:[SURF  ,0015]10 PPS detected...
1581603027:[MRMAID,0052]Mermaid $GPSACK:+0,+0,+0,+0,+0,+0,+0;
1581603037:[MRMAID,0052]Mermaid $GPSOFF:3686321;
1581603038:[GPSFIX,0179]-1s diff
1581603039:[SURF  ,0222]2020-02-13T14:10:39
1581603039:[SURF  ,0082]Latitude : N43deg40.941mn, Longitude :E007deg19.174mn
1581603039:[SURF  ,0223]fix3D,10satellites
1581603039:[SURF  ,0084]GPS fix GPGSA : hdop0.580,vdop0.970
1581603049:[SURF  ,0025]Iridium...
1581603119:[SURF  ,0009]connected in 70s, signal quality 5
1581603145:[BYCMD ,0120]    bypass 10000ms 120000ms (20000ms 60000ms stored)
1581603148:[BYCMD ,0125]    near 1500mbar 3mbar/s (15000mbar 3mbar/s stored)
1581603150:[BYCMD ,0126]    far 2500mbar 4mbar/s (25000mbar 4mbar/s stored)
1581603152:[BYCMD ,0128]    dead 60s (300s stored)
1581603154:[P2TCMD,0155]p2t log dp > 50mbar
1581603157:[STACMD,0168]stage del 0
1581603159:[STACMD,0170]stage store 0
1581603169:[SURF  ,0218]prompt received, remote cmd end
1581603169:[SURF  ,0012]7 cmd(s) received
1581603206:[SURF  ,0014]disconnected after 157s
1581603211:[SURF  ,0226]Go dive (Minimum surface delay expired and no more file to upload)
1581603228:[SURF  ,0022]GPS fix...
1581603249:[SURF  ,0015]10 PPS detected...
1581603250:[MRMAID,0052]Mermaid $GPSACK:+0,+0,+0,+0,+0,+0,+0;
1581603260:[MRMAID,0052]Mermaid $GPSOFF:3686321;
1581603261:[GPSFIX,0179]+0s diff
1581603261:[SURF  ,0222]2020-02-13T14:14:21
1581603261:[SURF  ,0082]Latitude : N43deg40.941mn, Longitude :E007deg19.174mn
1581603261:[SURF  ,0223]fix3D,10satellites
1581603261:[SURF  ,0084]GPS fix GPGSA : hdop0.570,vdop0.900
1581603278:[MAIN  ,0024]internal pressure 78326Pa
1581603279:<WARN>[MAIN  ,0041]mission empty
1581603279:[MAIN  ,0065]surfacing
1581603281:[PRESS ,0038]P     -9mbar,T+14440mdegC
1581603305:[SURFIN,0036]P     +1mbar
1581603309:[SURFIN,0020]filling external bladder
1581603312:[SURFIN,0019]external bladder full
1581603314:[PRESS ,0038]P   +180mbar,T+14440mdegC
1581603375:[MAIN  ,0272]Vbat 15133mV (min 14518mV)
1581603377:[MAIN  ,0024]internal pressure 78325Pa
1581603377:[MAIN  ,0043]Pext 169mbar (rng 20mbar)
1581603377:[MAIN  ,0064]surface
1581603377:[SURF  ,0224]surface1
1581603392:[SURF  ,0022]GPS fix...
1581603412:[SURF  ,0015]10 PPS detected...
1581603413:[MRMAID,0052]Mermaid $GPSACK:+0,+0,+0,+0,+0,+0,+0;
1581603423:[MRMAID,0052]Mermaid $GPSOFF:3686321;
1581603424:[GPSFIX,0179]-1s diff
1581603425:[SURF  ,0222]2020-02-13T14:17:05
1581603425:[SURF  ,0082]Latitude : N43deg40.941mn, Longitude :E007deg19.174mn
1581603425:[SURF  ,0223]fix3D,10satellites
1581603425:[SURF  ,0084]GPS fix GPGSA : hdop0.570,vdop0.900
1581603435:[SURF  ,0274]last almanac : 538876
1581603448:[MRMAID,0026]1662 bytes in 0051/5E455A70.MER
1581603454:[MAIN  ,0320]New pressure offset: 169mbar
1581603454:[SURF  ,0225]surface2
1581603469:[SURF  ,0022]GPS fix...
1581603489:[SURF  ,0015]10 PPS detected...
1581603490:[MRMAID,0052]Mermaid $GPSACK:+0,+0,+0,+0,+0,+0,+0;
1581603500:[MRMAID,0052]Mermaid $GPSOFF:3686321;
1581603501:[GPSFIX,0179]-1s diff
1581603502:[SURF  ,0222]2020-02-13T14:18:22
1581603502:[SURF  ,0082]Latitude : N43deg40.941mn, Longitude :E007deg19.175mn
1581603502:[SURF  ,0223]fix3D,11satellites
1581603502:[SURF  ,0084]GPS fix GPGSA : hdop0.550,vdop0.860
1581603512:[SURF  ,0025]Iridium...
1581603520:[SBE41 ,0339]newoffset=-0.68db received after 63s
1581603548:[SURF  ,0009]connected in 36s, signal quality 5
1581603580:[BYCMD ,0120]    bypass 10000ms 120000ms (20000ms 60000ms stored)
1581603582:[BYCMD ,0125]    near 1500mbar 3mbar/s (15000mbar 3mbar/s stored)
1581603584:[BYCMD ,0126]    far 2500mbar 4mbar/s (25000mbar 4mbar/s stored)
1581603588:[BYCMD ,0128]    dead 60s (300s stored)
1581603590:[P2TCMD,0155]p2t log dp > 50mbar
1581603592:[STACMD,0168]stage del 0
1581603594:[STACMD,0170]stage store 0
1581603604:[SURF  ,0218]prompt received, remote cmd end
1581603604:[SURF  ,0012]7 cmd(s) received
1581603625:[UPLOAD,0248]Upload data files...
1581603670:[UPLOAD,0231]"0051/5E455A70.MER" uploaded at 59bytes/s
1581603691:[MAIN  ,0013]1 file(s) uploaded
1581603722:[SURF  ,0014]disconnected after 210s
1581603727:[SURF  ,0227]1st complete transfer
1581604090:[SURF  ,0022]GPS fix...
1581604110:[SURF  ,0015]10 PPS detected...
1581604111:[MRMAID,0052]Mermaid $GPSACK:+0,+0,+0,+0,+0,+0,+0;
1581604121:[MRMAID,0052]Mermaid $GPSOFF:3686321;
1581604122:[GPSFIX,0179]+0s diff
1581604122:[SURF  ,0222]2020-02-13T14:28:42
1581604122:[SURF  ,0082]Latitude : N43deg40.941mn, Longitude :E007deg19.175mn
1581604122:[SURF  ,0223]fix3D,11satellites
1581604122:[SURF  ,0084]GPS fix GPGSA : hdop0.550,vdop0.860
1581604132:[SURF  ,0025]Iridium...
1581604174:[SURF  ,0009]connected in 42s, signal quality 4
1581604206:[BYCMD ,0120]    bypass 10000ms 120000ms (20000ms 60000ms stored)
1581604208:[BYCMD ,0125]    near 1500mbar 3mbar/s (15000mbar 3mbar/s stored)
1581604213:[BYCMD ,0126]    far 2500mbar 4mbar/s (25000mbar 4mbar/s stored)
1581604215:[BYCMD ,0128]    dead 60s (300s stored)
1581604217:[P2TCMD,0155]p2t log dp > 50mbar
1581604219:[STACMD,0168]stage del 0
1581604221:[STACMD,0170]stage store 0
1581604231:[SURF  ,0218]prompt received, remote cmd end
1581604231:[SURF  ,0012]7 cmd(s) received
1581604273:[SURF  ,0014]disconnected after 141s
1581604278:[SURF  ,0226]Go dive (Minimum surface delay expired and no more file to upload)
1581604294:[SURF  ,0022]GPS fix...
1581604314:[SURF  ,0015]10 PPS detected...
1581604315:[MRMAID,0052]Mermaid $GPSACK:+0,+0,+0,+0,+0,+0,+0;
1581604325:[MRMAID,0052]Mermaid $GPSOFF:3686321;
1581604326:[GPSFIX,0179]-1s diff
1581604327:[SURF  ,0222]2020-02-13T14:32:07
1581604327:[SURF  ,0082]Latitude : N43deg40.940mn, Longitude :E007deg19.177mn
1581604327:[SURF  ,0223]fix3D,11satellites
1581604327:[SURF  ,0084]GPS fix GPGSA : hdop0.530,vdop0.860
1581604344:[MAIN  ,0024]internal pressure 78345Pa
1581604345:<WARN>[MAIN  ,0041]mission empty
1581604345:[MAIN  ,0065]surfacing
1581604347:[PRESS ,0038]P    -19mbar,T+14420mdegC
1581604371:[SURFIN,0036]P     +1mbar
1581604375:[SURFIN,0020]filling external bladder
1581604378:[SURFIN,0019]external bladder full
1581604380:[PRESS ,0038]P   +170mbar,T+14421mdegC
1581604441:[MAIN  ,0272]Vbat 15136mV (min 14518mV)
1581604443:[MAIN  ,0024]internal pressure 78277Pa
1581604443:[MAIN  ,0043]Pext 169mbar (rng 10mbar)
1581604443:[MAIN  ,0064]surface
1581604443:[SURF  ,0224]surface1
1581604453:[SURF  ,0022]GPS fix...
1581604473:[SURF  ,0015]10 PPS detected...
1581604474:[MRMAID,0052]Mermaid $GPSACK:+0,+0,+0,+0,+0,+0,+0;
1581604484:[MRMAID,0052]Mermaid $GPSOFF:3686321;
1581604486:[GPSFIX,0179]+0s diff
1581604486:[SURF  ,0222]2020-02-13T14:34:46
1581604486:[SURF  ,0082]Latitude : N43deg40.940mn, Longitude :E007deg19.177mn
1581604486:[SURF  ,0223]fix3D,11satellites
1581604486:[SURF  ,0084]GPS fix GPGSA : hdop0.530,vdop0.860
1581604496:[SURF  ,0274]last almanac : 539937
1581604509:[MRMAID,0026]1550 bytes in 0051/5E455E95.MER
1581604514:[MAIN  ,0320]New pressure offset: 169mbar
1581604514:[SURF  ,0225]surface2
1581604529:[SURF  ,0022]GPS fix...
1581604550:[SURF  ,0015]10 PPS detected...
1581604551:[MRMAID,0052]Mermaid $GPSACK:+0,+0,+0,+0,+0,+0,+0;
1581604561:[MRMAID,0052]Mermaid $GPSOFF:3686321;
1581604561:[GPSFIX,0179]-1s diff
1581604562:[SURF  ,0222]2020-02-13T14:36:02
1581604562:[SURF  ,0082]Latitude : N43deg40.941mn, Longitude :E007deg19.176mn
1581604562:[SURF  ,0223]fix3D,11satellites
1581604562:[SURF  ,0084]GPS fix GPGSA : hdop0.530,vdop0.860
1581604572:[SURF  ,0025]Iridium...
1581604580:[SBE41 ,0339]newoffset=-0.69db received after 63s
1581604606:[SURF  ,0009]connected in 34s, signal quality 5
1581604631:[BYCMD ,0120]    bypass 10000ms 120000ms (20000ms 60000ms stored)
1581604633:[BYCMD ,0125]    near 1500mbar 3mbar/s (15000mbar 3mbar/s stored)
1581604635:[BYCMD ,0126]    far 2500mbar 4mbar/s (25000mbar 4mbar/s stored)
1581604638:[BYCMD ,0128]    dead 60s (300s stored)
1581604640:[P2TCMD,0155]p2t log dp > 50mbar
1581604644:[STACMD,0168]stage del 0
1581604646:[STACMD,0170]stage store 0
1581604656:[SURF  ,0218]prompt received, remote cmd end
1581604656:[SURF  ,0012]7 cmd(s) received
1581604683:[UPLOAD,0248]Upload data files...
1581604709:[UPLOAD,0231]"0051/5E455E95.MER" uploaded at 91bytes/s
1581604726:[MAIN  ,0013]1 file(s) uploaded
1581604761:[SURF  ,0014]disconnected after 189s
1581604766:[SURF  ,0227]1st complete transfer
1581605144:[SURF  ,0022]GPS fix...
1581605164:[SURF  ,0015]10 PPS detected...
1581605165:[MRMAID,0052]Mermaid $GPSACK:+0,+0,+0,+0,+0,+0,-30;
1581605175:[MRMAID,0052]Mermaid $GPSOFF:3686321;
1581605176:[GPSFIX,0179]-1s diff
1581605177:[SURF  ,0222]2020-02-13T14:46:17
1581605177:[SURF  ,0082]Latitude : N43deg40.940mn, Longitude :E007deg19.176mn
1581605177:[SURF  ,0223]fix3D,10satellites
1581605177:[SURF  ,0084]GPS fix GPGSA : hdop0.560,vdop0.890
1581605187:[SURF  ,0025]Iridium...
1581605230:[SURF  ,0009]connected in 43s, signal quality 5
1581605258:[BYCMD ,0120]    bypass 10000ms 120000ms (20000ms 60000ms stored)
1581605260:[BYCMD ,0125]    near 1500mbar 3mbar/s (15000mbar 3mbar/s stored)
1581605262:[BYCMD ,0126]    far 2500mbar 4mbar/s (25000mbar 4mbar/s stored)
1581605264:[BYCMD ,0128]    dead 60s (300s stored)
1581605266:[P2TCMD,0155]p2t log dp > 50mbar
1581605268:[STACMD,0168]stage del 0
1581605273:[STACMD,0170]stage store 0
1581605283:[SURF  ,0218]prompt received, remote cmd end
1581605283:[SURF  ,0012]8 cmd(s) received
1581605322:[SURF  ,0014]disconnected after 135s
1581605327:[SURF  ,0226]Go dive (Minimum surface delay expired and no more file to upload)
1581605343:[SURF  ,0022]GPS fix...
1581605363:[SURF  ,0015]10 PPS detected...
1581605364:[MRMAID,0052]Mermaid $GPSACK:+0,+0,+0,+0,+0,+0,+0;
1581605374:[MRMAID,0052]Mermaid $GPSOFF:3686321;
1581605376:[GPSFIX,0179]+0s diff
1581605376:[SURF  ,0222]2020-02-13T14:49:36
1581605376:[SURF  ,0082]Latitude : N43deg40.940mn, Longitude :E007deg19.178mn
1581605376:[SURF  ,0223]fix3D,10satellites
1581605376:[SURF  ,0084]GPS fix GPGSA : hdop0.590,vdop0.930
1581605393:[MAIN  ,0024]internal pressure 78321Pa
1581605394:<WARN>[MAIN  ,0041]mission empty
1581605394:[MAIN  ,0065]surfacing
1581605396:[PRESS ,0038]P    -19mbar,T+14407mdegC
1581605420:[SURFIN,0036]P     -9mbar
1581605424:[SURFIN,0020]filling external bladder
1581605427:[SURFIN,0019]external bladder full
1581605429:[PRESS ,0038]P   +170mbar,T+14408mdegC
1581605490:[MAIN  ,0272]Vbat 15143mV (min 14518mV)
1581605492:[MAIN  ,0024]internal pressure 78292Pa
1581605492:[MAIN  ,0043]Pext 159mbar (rng 40mbar)
1581605492:[MAIN  ,0064]surface
1581605492:[SURF  ,0224]surface1
1581605507:[SURF  ,0022]GPS fix...
1581605527:[SURF  ,0015]10 PPS detected...
1581605528:[MRMAID,0052]Mermaid $GPSACK:+0,+0,+0,+0,+0,+0,+0;
1581605538:[MRMAID,0052]Mermaid $GPSOFF:3686321;
1581605539:[GPSFIX,0179]-1s diff
1581605540:[SURF  ,0222]2020-02-13T14:52:20
1581605540:[SURF  ,0082]Latitude : N43deg40.940mn, Longitude :E007deg19.178mn
1581605540:[SURF  ,0223]fix3D,9satellites
1581605540:[SURF  ,0084]GPS fix GPGSA : hdop0.690,vdop1.130
1581605550:[SURF  ,0274]last almanac : 540991
1581605563:[MRMAID,0026]1552 bytes in 0051/5E4562B3.MER
1581605568:[MAIN  ,0320]New pressure offset: 159mbar
1581605568:[SURF  ,0225]surface2
1581605586:[SURF  ,0022]GPS fix...
1581605606:[SURF  ,0015]10 PPS detected...
1581605607:[MRMAID,0052]Mermaid $GPSACK:+0,+0,+0,+0,+0,+0,+0;
1581605617:[MRMAID,0052]Mermaid $GPSOFF:3686321;
1581605618:[GPSFIX,0179]-1s diff
1581605619:[SURF  ,0222]2020-02-13T14:53:39
1581605619:[SURF  ,0082]Latitude : N43deg40.941mn, Longitude :E007deg19.178mn
1581605619:[SURF  ,0223]fix3D,9satellites
1581605619:[SURF  ,0084]GPS fix GPGSA : hdop0.630,vdop1.030
1581605629:[SURF  ,0025]Iridium...
1581605637:[SBE41 ,0339]newoffset=-0.68db received after 63s
1581605670:[SURF  ,0009]connected in 41s, signal quality 5
1581605699:[BYCMD ,0120]    bypass 10000ms 120000ms (20000ms 60000ms stored)
1581605701:[BYCMD ,0125]    near 1500mbar 3mbar/s (15000mbar 3mbar/s stored)
1581605705:[BYCMD ,0126]    far 2500mbar 4mbar/s (25000mbar 4mbar/s stored)
1581605707:[BYCMD ,0128]    dead 60s (300s stored)
1581605711:[P2TCMD,0155]p2t log dp > 50mbar
1581605713:[STACMD,0168]stage del 0
1581605715:[STACMD,0170]stage store 0
1581605725:[SURF  ,0218]prompt received, remote cmd end
1581605726:[SURF  ,0012]7 cmd(s) received
1581605749:[UPLOAD,0248]Upload data files...
1581605769:[UPLOAD,0231]"0051/5E4562B3.MER" uploaded at 129bytes/s
1581605785:[MAIN  ,0013]1 file(s) uploaded
1581605820:[SURF  ,0014]disconnected after 191s
1581605825:[SURF  ,0227]1st complete transfer
1581606201:[SURF  ,0022]GPS fix...
1581606222:[SURF  ,0015]10 PPS detected...
1581606223:[MRMAID,0052]Mermaid $GPSACK:+0,+0,+0,+0,+0,+0,-30;
1581606233:[MRMAID,0052]Mermaid $GPSOFF:3686321;
1581606234:[GPSFIX,0179]-1s diff
1581606235:[SURF  ,0222]2020-02-13T15:03:55
1581606235:[SURF  ,0082]Latitude : N43deg40.943mn, Longitude :E007deg19.178mn
1581606235:[SURF  ,0223]fix3D,9satellites
1581606235:[SURF  ,0084]GPS fix GPGSA : hdop0.600,vdop0.990
1581606245:[SURF  ,0025]Iridium...
1581606287:[SURF  ,0009]connected in 42s, signal quality 5
1581606321:[BYCMD ,0120]    bypass 10000ms 120000ms (20000ms 60000ms stored)
1581606326:[BYCMD ,0125]    near 1500mbar 3mbar/s (15000mbar 3mbar/s stored)
1581606328:[BYCMD ,0126]    far 2500mbar 4mbar/s (25000mbar 4mbar/s stored)
1581606330:[BYCMD ,0128]    dead 60s (300s stored)
1581606332:[P2TCMD,0155]p2t log dp > 50mbar
1581606339:[STACMD,0168]stage del 0
1581606346:[STACMD,0170]stage store 0
1581606356:[SURF  ,0218]prompt received, remote cmd end
1581606356:[SURF  ,0012]7 cmd(s) received
1581606388:[SURF  ,0014]disconnected after 143s
1581606393:[SURF  ,0226]Go dive (Minimum surface delay expired and no more file to upload)
1581606409:[SURF  ,0022]GPS fix...
1581606429:[SURF  ,0015]10 PPS detected...
1581606430:[MRMAID,0052]Mermaid $GPSACK:+0,+0,+0,+0,+0,+0,-30;
1581606440:[MRMAID,0052]Mermaid $GPSOFF:3686321;
1581606440:[GPSFIX,0179]-1s diff
1581606441:[SURF  ,0222]2020-02-13T15:07:21
1581606441:[SURF  ,0082]Latitude : N43deg40.942mn, Longitude :E007deg19.178mn
1581606441:[SURF  ,0223]fix3D,9satellites
1581606441:[SURF  ,0084]GPS fix GPGSA : hdop0.600,vdop1.000
1581606458:[MAIN  ,0024]internal pressure 78297Pa
1581606459:<WARN>[MAIN  ,0041]mission empty
1581606459:[MAIN  ,0065]surfacing
1581606461:[PRESS ,0038]P    +11mbar,T+14397mdegC
1581606486:[SURFIN,0036]P     -9mbar
1581606489:[SURFIN,0020]filling external bladder
1581606497:[PUMP  ,0207]pump warmup 14986mV/40748uA
1581606497:[PUMP  ,0016]pump during 300000ms
1581606503:[PUMP  ,0212]pump stopped, 14260mV/1425113uA
1581606503:[PUMP  ,0210]aborted, 29500ticks remain
1581606505:[SURFIN,0019]external bladder full
1581606506:[PRESS ,0038]P   +180mbar,T+14399mdegC
1581606567:[MAIN  ,0272]Vbat 15112mV (min 14518mV)
1581606569:[MAIN  ,0024]internal pressure 78233Pa
1581606569:[MAIN  ,0043]Pext 165mbar (rng 30mbar)
1581606569:[MAIN  ,0064]surface
1581606569:[SURF  ,0224]surface1
1581606582:[SURF  ,0022]GPS fix...
1581606603:[SURF  ,0015]10 PPS detected...
1581606604:[MRMAID,0052]Mermaid $GPSACK:+0,+0,+0,+0,+0,+0,+0;
1581606614:[MRMAID,0052]Mermaid $GPSOFF:3686321;
1581606615:[GPSFIX,0179]-1s diff
1581606616:[SURF  ,0222]2020-02-13T15:10:16
1581606616:[SURF  ,0082]Latitude : N43deg40.942mn, Longitude :E007deg19.177mn
1581606616:[SURF  ,0223]fix3D,9satellites
1581606616:[SURF  ,0084]GPS fix GPGSA : hdop0.600,vdop1.010
1581606626:[SURF  ,0274]last almanac : 542067
1581606639:[MRMAID,0026]1554 bytes in 0051/5E4566E7.MER
1581606644:[MAIN  ,0320]New pressure offset: 165mbar
1581606644:[SURF  ,0225]surface2
1581606658:[SURF  ,0022]GPS fix...
1581606679:[SURF  ,0015]10 PPS detected...
1581606680:[MRMAID,0052]Mermaid $GPSACK:+0,+0,+0,+0,+0,+0,+0;
1581606690:[MRMAID,0052]Mermaid $GPSOFF:3686321;
1581606691:[GPSFIX,0179]-1s diff
1581606692:[SURF  ,0222]2020-02-13T15:11:32
1581606692:[SURF  ,0082]Latitude : N43deg40.941mn, Longitude :E007deg19.177mn
1581606692:[SURF  ,0223]fix3D,9satellites
1581606692:[SURF  ,0084]GPS fix GPGSA : hdop0.600,vdop1.020
1581606702:[SURF  ,0025]Iridium...
1581606709:[SBE41 ,0339]newoffset=-0.68db received after 63s
1581606738:[SURF  ,0009]connected in 36s, signal quality 5
1581606765:[BYCMD ,0120]    bypass 10000ms 120000ms (20000ms 60000ms stored)
1581606767:[BYCMD ,0125]    near 1500mbar 3mbar/s (15000mbar 3mbar/s stored)
1581606772:[BYCMD ,0126]    far 2500mbar 4mbar/s (25000mbar 4mbar/s stored)
1581606774:[BYCMD ,0128]    dead 60s (300s stored)
1581606776:[P2TCMD,0155]p2t log dp > 50mbar
1581606778:[STACMD,0168]stage del 0
1581606780:[STACMD,0170]stage store 0
1581606790:[SURF  ,0218]prompt received, remote cmd end
1581606790:[SURF  ,0012]7 cmd(s) received
1581606811:[UPLOAD,0248]Upload data files...
1581606835:[UPLOAD,0231]"0051/5E4566E7.MER" uploaded at 91bytes/s
1581606851:[MAIN  ,0013]1 file(s) uploaded
1581606886:[SURF  ,0014]disconnected after 184s
1581606891:[SURF  ,0227]1st complete transfer
1581607278:[SURF  ,0022]GPS fix...
1581607299:[SURF  ,0015]10 PPS detected...
1581607300:[MRMAID,0052]Mermaid $GPSACK:+0,+0,+0,+0,+0,+0,-30;
1581607310:[MRMAID,0052]Mermaid $GPSOFF:3686321;
1581607311:[GPSFIX,0179]-1s diff
1581607312:[SURF  ,0222]2020-02-13T15:21:52
1581607312:[SURF  ,0082]Latitude : N43deg40.941mn, Longitude :E007deg19.178mn
1581607312:[SURF  ,0223]fix3D,9satellites
1581607312:[SURF  ,0084]GPS fix GPGSA : hdop0.620,vdop1.030
1581607322:[SURF  ,0025]Iridium...
1581607367:[SURF  ,0009]connected in 45s, signal quality 5
1581607392:[BYCMD ,0120]    bypass 10000ms 120000ms (20000ms 60000ms stored)
1581607394:[BYCMD ,0125]    near 1500mbar 3mbar/s (15000mbar 3mbar/s stored)
1581607396:[BYCMD ,0126]    far 2500mbar 4mbar/s (25000mbar 4mbar/s stored)
1581607398:[BYCMD ,0128]    dead 60s (300s stored)
1581607400:[P2TCMD,0155]p2t log dp > 50mbar
1581607404:[STACMD,0168]stage del 0
1581607409:[STAGE ,0080]Stage [0] 2500mbar (+/-500mbar) 900s (<900s) 
1581607411:[STAGE ,0080]Stage [1] 2500mbar (+/-500mbar) 1800s (<2700s) MERMAID
1581607413:[STAGE ,0080]Stage [2] 5000mbar (+/-500mbar) 900s (<3600s) 
1581607415:[STAGE ,0091]Stage [3] surfacing 3600s (<7200s) SBE41
1581607415:[STAGE ,0340]Stage with SBE41: all parameters saved
1581607432:[STACMD,0170]stage store 104
1581607444:[SURF  ,0218]prompt received, remote cmd end
1581607444:[SURF  ,0012]19 cmd(s) received
1581607486:[SURF  ,0014]disconnected after 164s
1581607491:[SURF  ,0226]Go dive (Minimum surface delay expired and no more file to upload)
1581607505:[SURF  ,0022]GPS fix...
1581607526:[SURF  ,0015]10 PPS detected...
1581607527:[MRMAID,0052]Mermaid $GPSACK:+0,+0,+0,+0,+0,+0,-30;
1581607537:[MRMAID,0052]Mermaid $GPSOFF:3686321;
1581607539:[GPSFIX,0179]+0s diff
1581607539:[SURF  ,0222]2020-02-13T15:25:39
1581607539:[SURF  ,0082]Latitude : N43deg40.941mn, Longitude :E007deg19.177mn
1581607539:[SURF  ,0223]fix3D,9satellites
1581607539:[SURF  ,0084]GPS fix GPGSA : hdop0.600,vdop1.020
1581607556:[MAIN  ,0024]internal pressure 78234Pa
1581607557:[BYCMD ,0107]    FreeRTOS V8.2.3
1581607557:[BYCMD ,0108]    FatFS v11a
1581607557:[BYCMD ,0120]    bypass 10000ms 120000ms (20000ms 60000ms stored)
1581607557:[BYCMD ,0121]    valve 60000ms 12750 (60000ms 12750 stored)
1581607557:[BYCMD ,0122]    pump 60000ms 30 10750 80 (60000ms 30 10750 80tored)
1581607557:[BYCMD ,0123]    rate 2mbar/s (2mbar/s stored)
1581607557:[BYCMD ,0124]    surface 500mbar (500mbar stored)
1581607557:[BYCMD ,0125]    near 1500mbar 3mbar/s (15000mbar 3mbar/s stored)
1581607557:[BYCMD ,0126]    far 2500mbar 4mbar/s (25000mbar 4mbar/s stored)
1581607557:[BYCMD ,0127]    ascent 8mbar/s (8mbar/s stored)
1581607557:[BYCMD ,0128]    dead 60s (300s stored)
1581607557:[BYCMD ,0129]    coeff 16/10 (16/10 stored)
1581607557:[BYCMD ,0130]    stab 10 (10 stored)
1581607557:[BYCMD ,0131]    delay 900s 3600s (900s 3600s stored)
1581607557:[BYCMD ,0132]    mmtime 2880min (2880min stored)
1581607557:[BYCMD ,0133]    dv_landing 100ml (100ml stored)
1581607558:[MKDCMD,0150]    p2t37: 15x2000ms, offset 165mbar
1581607558:[P2TCMD,0151]    p2t37: dp 50mbar, dt 5000mdegC
1581607558:[STAGE ,0080]Stage [0] 2500mbar (+/-500mbar) 900s (<900s) 
1581607558:[STAGE ,0080]Stage [1] 2500mbar (+/-500mbar) 1800s (<2700s) MERMAID
1581607558:[STAGE ,0080]Stage [2] 5000mbar (+/-500mbar) 900s (<3600s) 
1581607558:[STAGE ,0091]Stage [3] surfacing 3600s (<7200s) SBE41
1581607558:[SBE41 ,0282]SBE41 parameters : 
      dsreplyformat=1 (webb(0)/standard(1))
      addtimingdelays=0 (n(0)/y(1))
      outputdensity=0 (n(0)/y(1))
      echocmd=0 (n(0)/y(1))
      outputrt=1 (n(0)/y(1))
      outputpts=0 (n(0)/y(1))
      outputsn=0 (n(0)/y(1))
      outputpressure=1 (n(0)/y(1))
      pcutoff=5dbar
      tswait=0s
      pumpfastpt=1 (n(0)/y(1))
      samplerate=0 ('fast':1Hz(1)/'slow':0.5Hz(0))
      top_bin_interval=10dbar
      top_bin_size=10dbar
      top_bin_max=100dbar
      middle_bin_interval=50dbar
      middle_bin_size=50dbar
      middle_bin_max=1000dbar
      bottom_bin_interval=100dbar
      bottom_bin_size=100dbar
      includetransitionbin=0
      includenbin=0 (n(0)/y(1))
      autobinavg=0 (n(0)/y(1))
1581607558:[SBE41 ,0283]SBE41 pilot policy : 
      continiousprofile=0 (n(0)/y(1)
      speeddetection=1 (n(0)/y(1)
      hexoutput=1 (n(0)/y(1)
      binaverageoutput=0 (n(0)/y(1)
      manualprofilerate=10s
      runningpumpbeforeprofile=0s
      speedstart=2mbar/s
      speedcontrol=6mbar/s
1581607558:[MAIN  ,0070]turn off bluetooth
1581607561:[PRESS ,0038]P     -5mbar,T+14397mdegC
1581607585:[DIVING,0141]diving from 5mbar, +0mbar/s
1581607585:[BYPASS,0035]bypass opening 120000ms
1581607591:[BYPASS,0104]bypass opening: 14636mV/349408uA
1581607715:[BYPASS,0106]bypass closing: 14523mV/395158uA
1581607717:[PRESS ,0038]P   -105mbar,T+14366mdegC
1581607747:[PRESS ,0038]P    -45mbar,T+14359mdegC
1581607748:[BYPASS,0035]bypass opening 10000ms
1581607753:[BYPASS,0104]bypass opening: 14608mV/349042uA
1581607768:[BYPASS,0106]bypass closing: 14603mV/395890uA
1581607769:[PRESS ,0038]P   +105mbar,T+14356mdegC
1581607775:[PRESS ,0038]P   +165mbar,T+14357mdegC
1581607782:[PRESS ,0038]P   +225mbar,T+14355mdegC
1581607787:[PRESS ,0038]P   +295mbar,T+14354mdegC
1581607793:[PRESS ,0038]P   +365mbar,T+14353mdegC
1581607797:[PRESS ,0038]P   +425mbar,T+14351mdegC
1581607803:[PRESS ,0038]P   +495mbar,T+14352mdegC
1581607807:[PRESS ,0038]P   +565mbar,T+14351mdegC
1581607807:[DIVING,0028]565mbar reached (+13mbar/s), 2 bypass done
1581607808:[MAIN  ,0056]stage[0]
1581607810:[MAIN  ,0024]internal pressure 79594Pa
1581607811:[BUOY  ,0037]P   +595mbar
1581607811:[STAGE ,0080]Stage [0] 2500mbar (+/-500mbar) 900s (<1581608707s) 
1581607813:[PRESS ,0038]P   +625mbar,T+14351mdegC
1581607813:[BUOY  ,0087]from +13mbar/s to +3mbar/s
1581607813:[BUOY  ,0089]need to transfer +256mL (pump during 315660ms)
1581607821:[PUMP  ,0207]pump warmup 15032mV/40626uA
1581607821:[PUMP  ,0016]pump during 60000ms
1581607883:[PUMP  ,0212]pump stopped, 14640mV/479163uA
1581607888:[PRESS ,0038]P  +1485mbar,T+14354mdegC
1581607893:[PRESS ,0038]P  +1545mbar,T+14355mdegC
1581607898:[PRESS ,0038]P  +1605mbar,T+14357mdegC
1581607905:[PRESS ,0038]P  +1685mbar,T+14359mdegC
1581607913:[PRESS ,0038]P  +1755mbar,T+14360mdegC
1581607913:[BUOY  ,0087]from +11mbar/s to +2mbar/s
1581607913:[BUOY  ,0089]need to transfer +188mL (pump during 231813ms)
1581607921:[PUMP  ,0207]pump warmup 14966mV/40870uA
1581607921:[PUMP  ,0016]pump during 60000ms
1581607983:[PUMP  ,0212]pump stopped, 14613mV/494769uA
1581607987:[PRESS ,0038]P  +2475mbar,T+14381mdegC
1581607995:[PRESS ,0038]P  +2535mbar,T+14385mdegC
1581608005:[PRESS ,0038]P  +2595mbar,T+14390mdegC
1581608012:[STAGE ,0213]2635mbar reached at 1581608012s, ref 2500mbar +/-500mbar
1581608012:[BUOY  ,0087]from +6mbar/s to +0mbar/s
1581608012:[BUOY  ,0089]need to transfer +58mL (pump during 71517ms)
1581608021:[PUMP  ,0207]pump warmup 14908mV/40748uA
1581608021:[PUMP  ,0016]pump during 60000ms
1581608082:[PUMP  ,0212]pump stopped, 14572mV/498606uA
1581608087:[PRESS ,0038]P  +3005mbar,T+14421mdegC
1581608105:[PRESS ,0038]P  +3065mbar,T+14430mdegC
1581608173:[PRESS ,0038]P  +3195mbar,T+14443mdegC
1581608258:[PRESS ,0038]P  +3355mbar,T+14438mdegC
1581608278:[PRESS ,0038]P  +3415mbar,T+14438mdegC
1581608344:[PRESS ,0038]P  +3635mbar,T+14432mdegC
1581608363:[PRESS ,0038]P  +3695mbar,T+14430mdegC
1581608429:[PRESS ,0038]P  +3935mbar,T+14425mdegC
1581608514:[PRESS ,0038]P  +4095mbar,T+14418mdegC
1581608536:[PRESS ,0038]P  +4155mbar,T+14417mdegC
1581608539:[BUOY  ,0087]from +3mbar/s to -3mbar/s
1581608539:[BUOY  ,0089]need to transfer +28mL (pump during 34721ms)
1581608547:[PUMP  ,0207]pump warmup 15043mV/40626uA
1581608547:[PUMP  ,0016]pump during 34721ms
1581608583:[PUMP  ,0212]pump stopped, 14646mV/505731uA
1581608605:[PRESS ,0038]P  +4285mbar,T+14427mdegC
1581608630:<WARN>[BUOY  ,0094]stage[0] should ASCENT, stuck at 4315mbar for the #1 time
1581608630:[BUOY  ,0087]from +1mbar/s to -3mbar/s
1581608630:[BUOY  ,0089]need to transfer +16mL (pump during 19840ms)
1581608638:[PUMP  ,0207]pump warmup 15018mV/40504uA
1581608638:[PUMP  ,0016]pump during 19840ms
1581608658:[PUMP  ,0212]pump stopped, 14652mV/502599uA
1581608719:[MAIN  ,0140]stage[0] complete 912s after mission start
1581608719:[MAIN  ,0056]stage[1]
1581608722:[MAIN  ,0024]internal pressure 79616Pa
1581608723:[MRMAID,0002]acq started
1581608733:[BUOY  ,0037]P  +4255mbar
1581608733:[STAGE ,0080]Stage [1] 2500mbar (+/-500mbar) 1800s (<1581610507s) MERMAID
1581608735:<WARN>[BUOY  ,0094]stage[1] should ASCENT, stuck at 4245mbar for the #1 time
1581608735:[BUOY  ,0087]from +0mbar/s to -3mbar/s
1581608735:[BUOY  ,0089]need to transfer +14mL (pump during 17360ms)
1581608743:[PUMP  ,0207]pump warmup 15011mV/41236uA
1581608743:[PUMP  ,0016]pump during 17360ms
1581608761:[PUMP  ,0212]pump stopped, 14647mV/500886uA
1581608774:[MRMAID,0184]acq already started
1581608776:[MRMAID,0059]stop canceled
1581608810:[PRESS ,0038]P  +4135mbar,T+14454mdegC
1581608895:[PRESS ,0038]P  +3985mbar,T+14449mdegC
1581608981:[PRESS ,0038]P  +3795mbar,T+14440mdegC
1581609066:[PRESS ,0038]P  +3675mbar,T+14432mdegC
1581609152:[PRESS ,0038]P  +3505mbar,T+14424mdegC
1581609239:[PRESS ,0038]P  +3445mbar,T+14416mdegC
1581609262:<WARN>[BUOY  ,0094]stage[1] should ASCENT, stuck at 3445mbar for the #1 time
1581609330:[PRESS ,0038]P  +3385mbar,T+14410mdegC
1581609347:<WARN>[BUOY  ,0094]stage[1] should ASCENT, stuck at 3395mbar for the #2 time
1581609422:[PRESS ,0038]P  +3325mbar,T+14405mdegC
1581609513:[PRESS ,0038]P  +3255mbar,T+14399mdegC
1581609586:[PRESS ,0038]P  +3195mbar,T+14393mdegC
1581609664:[PRESS ,0038]P  +3035mbar,T+14389mdegC
1581609750:[PRESS ,0038]P  +2935mbar,T+14383mdegC
1581609774:[STAGE ,0213]2915mbar reached at 1581609774s, ref 2500mbar +/-500mbar
1581609835:[PRESS ,0038]P  +2865mbar,T+14377mdegC
1581609956:[PRESS ,0038]P  +2785mbar,T+14370mdegC
1581610442:[PRESS ,0038]P  +2665mbar,T+14351mdegC
1581610563:[MAIN  ,0140]stage[1] complete 2756s after mission start
1581610563:[MRMAID,0052]Mermaid $STOPACK$MEASFS,71529,1787.597809,40.014034;
1581610565:[MRMAID,0183]dropping spurious '0x3A'
1581610565:[MRMAID,0183]dropping spurious '0x2B'
1581610565:[MRMAID,0183]dropping spurious '0x31'
1581610565:[MRMAID,0183]dropping spurious '0x3B'
1581610565:[MRMAID,0185]4 spurious byte(s) received
1581610623:[MRMAID,0188]acq already stopped
1581610684:[MAIN  ,0056]stage[2]
1581610686:[MAIN  ,0024]internal pressure 79469Pa
1581610687:[PRESS ,0038]P  +2725mbar,T+14344mdegC
1581610687:[BUOY  ,0037]P  +2725mbar
1581610687:[STAGE ,0080]Stage [2] 5000mbar (+/-500mbar) 900s (<1581611407s) 
1581610689:<WARN>[BUOY  ,0094]stage[2] should DESCENT, stuck at 2735mbar for the #1 time
1581610689:[BUOY  ,0087]from +0mbar/s to +3mbar/s
1581610689:[BUOY  ,0090]need to transfer -14mL (valve during 3433ms)
1581610689:[VALVE ,0034]valve opening 3433ms
1581610692:[VALVE ,0234]closed 14426mV/590724uA
1581610774:[BUOY  ,0087]from +1mbar/s to +3mbar/s
1581610774:[BUOY  ,0090]need to transfer -12mL (valve during 2942ms)
1581610774:[VALVE ,0034]valve opening 2942ms
1581610777:[VALVE ,0234]closed 14560mV/595848uA
1581610835:[PRESS ,0038]P  +2835mbar,T+14338mdegC
1581610855:[PRESS ,0038]P  +2895mbar,T+14338mdegC
1581610938:[PRESS ,0038]P  +2955mbar,T+14335mdegC
1581611006:[PRESS ,0038]P  +3075mbar,T+14333mdegC
1581611031:<WARN>[BUOY  ,0094]stage[2] should DESCENT, stuck at 3065mbar for the #1 time
1581611031:[BUOY  ,0087]from -1mbar/s to +3mbar/s
1581611031:[BUOY  ,0090]need to transfer -16mL (valve during 3709ms)
1581611031:[VALVE ,0034]valve opening 3709ms
1581611035:[VALVE ,0234]closed 14556mV/597190uA
1581611092:[PRESS ,0038]P  +3205mbar,T+14328mdegC
1581611116:[BUOY  ,0087]from +1mbar/s to +3mbar/s
1581611116:[BUOY  ,0090]need to transfer -12mL (valve during 2732ms)
1581611117:[VALVE ,0034]valve opening 2732ms
1581611119:[VALVE ,0234]closed 14586mV/597190uA
1581611177:[PRESS ,0038]P  +3345mbar,T+14324mdegC
1581611202:[BUOY  ,0087]from +1mbar/s to +3mbar/s
1581611202:[BUOY  ,0090]need to transfer -12mL (valve during 2638ms)
1581611202:[VALVE ,0034]valve opening 2638ms
1581611205:[VALVE ,0234]closed 14586mV/597190uA
1581611263:[PRESS ,0038]P  +3515mbar,T+14321mdegC
1581611282:[PRESS ,0038]P  +3575mbar,T+14320mdegC
1581611348:[PRESS ,0038]P  +3725mbar,T+14317mdegC
1581611363:[PRESS ,0038]P  +3785mbar,T+14317mdegC
1581611434:[PRESS ,0038]P  +3995mbar,T+14316mdegC
1581611450:[PRESS ,0038]P  +4065mbar,T+14316mdegC
1581611459:[MAIN  ,0140]stage[2] complete 3652s after mission start
1581611459:[MAIN  ,0056]stage[3]
1581611461:[MAIN  ,0024]internal pressure 79452Pa
1581611462:[BUOY  ,0037]P  +4095mbar
1581611462:[STAGE ,0091]Stage [3] surfacing 3600s (<1581615007s) SBE41
1581611462:[SBE41 ,0337]Speed start detected
1581611464:[BUOY  ,0087]from +4mbar/s to -6mbar/s
1581611464:[BUOY  ,0089]need to transfer +84mL (pump during 101818ms)
1581611472:[PUMP  ,0207]pump warmup 15142mV/61732uA
1581611472:[PUMP  ,0016]pump during 60000ms
1581611534:[PUMP  ,0212]pump stopped, 14768mV/522997uA
1581611538:[PRESS ,0038]P  +4285mbar,T+14326mdegC
1581611563:<WARN>[BUOY  ,0094]stage[3] should ASCENT, stuck at 4325mbar for the #1 time
1581611563:[BUOY  ,0087]from +1mbar/s to -6mbar/s
1581611563:[BUOY  ,0089]need to transfer +60mL (pump during 72727ms)
1581611571:[PUMP  ,0207]pump warmup 15076mV/60756uA
1581611571:[PUMP  ,0016]pump during 60000ms
1581611633:[PUMP  ,0212]pump stopped, 14721mV/529852uA
1581611663:[PRESS ,0038]P  +4215mbar,T+14367mdegC
1581611663:[BUOY  ,0087]from -3mbar/s to -6mbar/s
1581611663:[BUOY  ,0089]need to transfer +44mL (pump during 53333ms)
1581611671:[PUMP  ,0207]pump warmup 14976mV/61000uA
1581611671:[PUMP  ,0016]pump during 53333ms
1581611727:[PUMP  ,0212]pump stopped, 14648mV/527866uA
1581611731:[PRESS ,0038]P  +3985mbar,T+14391mdegC
1581611756:[BUOY  ,0087]from -2mbar/s to -6mbar/s
1581611756:[BUOY  ,0089]need to transfer +52mL (pump during 64677ms)
1581611764:[PUMP  ,0207]pump warmup 14910mV/61000uA
1581611764:[PUMP  ,0016]pump during 60000ms
1581611826:[PUMP  ,0212]pump stopped, 14590mV/529871uA
1581611830:[PRESS ,0038]P  +3535mbar,T+14432mdegC
1581611841:[PRESS ,0038]P  +3475mbar,T+14438mdegC
1581611850:[PRESS ,0038]P  +3415mbar,T+14442mdegC
1581611916:[PRESS ,0038]P  +2975mbar,T+14451mdegC
1581611923:[PRESS ,0038]P  +2915mbar,T+14452mdegC
1581611934:[PRESS ,0038]P  +2855mbar,T+14451mdegC
1581611941:[BUOY  ,0087]from -7mbar/s to -6mbar/s
1581611941:[BUOY  ,0090]need to transfer -20mL (valve during 4811ms)
1581611941:[VALVE ,0034]valve opening 4811ms
1581611946:[VALVE ,0234]closed 14447mV/629764uA
1581612002:[PRESS ,0038]P  +2465mbar,T+14446mdegC
1581612009:[PRESS ,0038]P  +2405mbar,T+14446mdegC
1581612018:[PRESS ,0038]P  +2345mbar,T+14445mdegC
1581612087:[PRESS ,0038]P  +2085mbar,T+14439mdegC
1581612108:[PRESS ,0038]P  +2025mbar,T+14438mdegC
1581612112:[BUOY  ,0087]from -2mbar/s to -6mbar/s
1581612112:[BUOY  ,0089]need to transfer +52mL (pump during 64677ms)
1581612120:[PUMP  ,0207]pump warmup 14940mV/61488uA
1581612120:[PUMP  ,0016]pump during 60000ms
1581612182:[PUMP  ,0212]pump stopped, 14564mV/516847uA
1581612187:[PRESS ,0038]P  +1645mbar,T+14453mdegC
1581612196:[PRESS ,0038]P  +1575mbar,T+14456mdegC
1581612208:[PRESS ,0038]P  +1495mbar,T+14460mdegC
1581612212:[BUOY  ,0087]from -7mbar/s to -6mbar/s
1581612212:[BUOY  ,0090]need to transfer -20mL (valve during 6711ms)
1581612212:[VALVE ,0034]valve opening 6711ms
1581612218:[VALVE ,0234]closed 14465mV/629764uA
1581612272:[PRESS ,0038]P  +1055mbar,T+14465mdegC
1581612281:[PRESS ,0038]P   +985mbar,T+14466mdegC
1581612290:[PRESS ,0038]P   +915mbar,T+14465mdegC
1581612297:[BUOY  ,0087]from -7mbar/s to -6mbar/s
1581612297:[BUOY  ,0090]need to transfer -20mL (valve during 8793ms)
1581612297:[VALVE ,0034]valve opening 8793ms
1581612306:[VALVE ,0234]closed 14455mV/626958uA
1581612358:[PRESS ,0038]P   +655mbar,T+14457mdegC
1581612383:[PRESS ,0038]P   +595mbar,T+14456mdegC
1581612383:[BUOY  ,0087]from -2mbar/s to -6mbar/s
1581612383:[BUOY  ,0089]need to transfer +52mL (pump during 64596ms)
1581612391:[PUMP  ,0207]pump warmup 14926mV/61366uA
1581612391:[PUMP  ,0016]pump during 60000ms
1581612453:[PUMP  ,0212]pump stopped, 14562mV/498292uA
1581612458:[PRESS ,0038]P   +285mbar,T+14465mdegC
1581612465:[PRESS ,0038]P   +215mbar,T+14469mdegC
1581612472:[PRESS ,0038]P   +155mbar,T+14470mdegC
1581612481:[PRESS ,0038]P    +95mbar,T+14473mdegC
1581612483:[STAGE ,0214]75mbar (500) reached at 1581612483s, ascending from 4095mbar
1581612483:[STAGE ,0342]The float reached the surface : OK
1581612483:[MAIN  ,0140]stage[3] complete 4676s after mission start
1581612501:[SBE41 ,0338]Dump finished
1581612501:[SBE41 ,0318]3516 bytes in 0051/5E4579C5.S41
1581612502:[MRMAID,0188]acq already stopped
1581612562:[MSSION,0192]mission stopped, 4 stage(s) done
1581612562:[MAIN  ,0065]surfacing
1581612564:[PRESS ,0038]P    -55mbar,T+14477mdegC
1581612564:[SURFIN,0036]P    -55mbar
1581612568:[SURFIN,0020]filling external bladder
1581612576:[PUMP  ,0207]pump warmup 14945mV/44042uA
1581612576:[PUMP  ,0016]pump during 300000ms
1581612646:[PUMP  ,0212]pump stopped, 14234mV/1505151uA
1581612646:[PUMP  ,0210]aborted, 23300ticks remain
1581612648:[SURFIN,0019]external bladder full
1581612650:[PRESS ,0038]P   +160mbar,T+14551mdegC
1581612711:[MAIN  ,0272]Vbat 14821mV (min 14518mV)
1581612713:[MAIN  ,0024]internal pressure 78724Pa
1581612713:[MAIN  ,0043]Pext 158mbar (rng 20mbar)
1581612713:[MAIN  ,0064]surface
1581612713:[SURF  ,0224]surface1
1581612728:[SURF  ,0022]GPS fix...
1581612748:[SURF  ,0015]10 PPS detected...
1581612749:[MRMAID,0052]Mermaid $GPSACK:+0,+0,+0,+0,+0,+0,-488;
1581612759:[MRMAID,0052]Mermaid $GPSOFF:3686321;
1581612760:[GPSFIX,0179]-1s diff
1581612761:[SURF  ,0222]2020-02-13T16:52:41
1581612761:[SURF  ,0082]Latitude : N43deg40.939mn, Longitude :E007deg19.179mn
1581612761:[SURF  ,0223]fix3D,7satellites
1581612761:[SURF  ,0084]GPS fix GPGSA : hdop1.260,vdop1.630
1581612771:[SURF  ,0274]last almanac : 548212
1581612784:[MRMAID,0026]1553 bytes in 0051/5E457EE8.MER
1581612789:[MAIN  ,0320]New pressure offset: 158mbar
