1590413808:[MAIN  ,0007]buoy 452.020-P-0051
1590413808:[MAIN  ,0055]soft pilotage 452.012.300_V2.18-20200518
1590413808:[MAIN  ,0010]cycle 33
1590413808:[SURF  ,0225]surface2
1590413818:[SURF  ,0022]GPS fix...
1590413838:[SURF  ,0015]10 PPS detected...
1590413839:[MRMAID,0052]Mermaid $GPSACK:+0,+0,+0,+0,+0,+0,-640;
1590413849:[MRMAID,0052]Mermaid $GPSOFF:3686320;
1590413850:[GPSFIX,0179]-1s diff
1590413851:[SURF  ,0222]2020-05-25T13:37:31
1590413851:[SURF  ,0082]Latitude : N43deg40.938mn, Longitude :E007deg19.170mn
1590413851:[SURF  ,0223]fix3D,5satellites
1590413851:[SURF  ,0084]GPS fix GPGSA : hdop2.460,vdop2.470
1590413861:[SURF  ,0025]Iridium...
1590413933:<WARN>[SURF  ,0023]failed to connect #1, code -5, net 4, qual -1, dial -1
1590414013:<WARN>[SURF  ,0023]failed to connect #2, code -5, net 4, qual -1, dial -1
1590414093:<WARN>[SURF  ,0023]failed to connect #3, code -5, net 4, qual -1, dial -1
1590414173:<WARN>[SURF  ,0023]failed to connect #4, code -5, net 4, qual -1, dial -1
1590414457:<WARN>[SURF  ,0023]failed to connect #5, code -8, net 1, qual 4, dial 1
1590414462:<ERR>[SURF  ,0117]no connection after 601s
1590414467:[SURFIN,0020]filling external bladder
1590414475:[PUMP  ,0207]battery 14951mV,   31720uA (warmup), P   +280mbar
1590414476:[PUMP  ,0016]pump during 300000ms
1590414486:[PUMP  ,0212]battery 14205mV, 1334436uA (steady state), P   +280mbar
1590414488:[SURFIN,0019]external bladder full
1590414488:[SURF  ,0069]transfer interrupted , retry
1590414502:[SURF  ,0022]GPS fix...
1590414522:[SURF  ,0015]10 PPS detected...
1590414523:[MRMAID,0052]Mermaid $GPSACK:+0,+0,+0,+0,+0,+1,-999969;
1590414533:[MRMAID,0052]Mermaid $GPSOFF:3686320;
1590414535:[GPSFIX,0179]+0s diff
1590414535:[SURF  ,0222]2020-05-25T13:48:55
1590414535:[SURF  ,0082]Latitude : N43deg40.936mn, Longitude :E007deg19.175mn
1590414535:[SURF  ,0223]fix3D,7satellites
1590414535:[SURF  ,0084]GPS fix GPGSA : hdop0.870,vdop1.230
1590414545:[SURF  ,0025]Iridium...
1590414617:<WARN>[SURF  ,0023]failed to connect #1, code -5, net 4, qual -1, dial -1
1590414737:[SURF  ,0009]connected in 192s, signal quality 2
1590414865:<WARN>[SURF  ,0071]timeout
1590414865:<WARN>[SURF  ,0056]peer mute
1590414870:[SURF  ,0014]disconnected after 325s
1590414875:[SURFIN,0020]filling external bladder
1590414883:[PUMP  ,0207]battery 14921mV,   30378uA (warmup), P   +280mbar
1590414883:[PUMP  ,0016]pump during 300000ms
1590414892:[PUMP  ,0212]battery 14192mV, 1332972uA (steady state), P   +280mbar
1590414894:[SURFIN,0019]external bladder full
1590414894:[SURF  ,0069]transfer interrupted , retry
1590414905:[SURF  ,0022]GPS fix...
1590414926:[SURF  ,0015]10 PPS detected...
1590414927:[MRMAID,0052]Mermaid $GPSACK:+0,+0,+0,+0,+0,+1,-999969;
1590414937:[MRMAID,0052]Mermaid $GPSOFF:3686319;
1590414938:[GPSFIX,0179]-1s diff
1590414939:[SURF  ,0222]2020-05-25T13:55:39
1590414939:[SURF  ,0082]Latitude : N43deg40.936mn, Longitude :E007deg19.174mn
1590414939:[SURF  ,0223]fix3D,7satellites
1590414939:[SURF  ,0084]GPS fix GPGSA : hdop0.880,vdop1.390
1590414949:[SURF  ,0025]Iridium...
1590415176:<WARN>[SURF  ,0023]failed to connect #1, code -8, net 1, qual 4, dial 1
1590415257:<WARN>[SURF  ,0023]failed to connect #2, code -5, net 4, qual -1, dial -1
1590415498:<WARN>[SURF  ,0023]failed to connect #3, code -8, net 1, qual 2, dial 1
1590415582:[SURF  ,0009]connected in 633s, signal quality 4
1590415670:[SURF  ,0218]prompt received, remote cmd end
1590415670:[SURF  ,0012]16 cmd(s) received
1590415688:[UPLOAD,0248]Upload data files...
1590415847:[UPLOAD,0231]"0051/5ECBC123.S41" uploaded at 78bytes/s
1590416203:[ZIO   ,0240]"NO CARRIER" received, aborting
1590416224:[SURF  ,0014]disconnected after 1275s
1590416229:[SURFIN,0020]filling external bladder
1590416237:[PUMP  ,0207]battery 14840mV,   28914uA (warmup), P   +280mbar
1590416237:[PUMP  ,0016]pump during 300000ms
1590416245:[PUMP  ,0212]battery 14201mV, 1306254uA (steady state), P   +280mbar
1590416247:[SURFIN,0019]external bladder full
1590416247:[SURF  ,0069]transfer interrupted , retry
1590416258:[SURF  ,0022]GPS fix...
1590416278:[SURF  ,0015]10 PPS detected...
1590416279:[MRMAID,0052]Mermaid $GPSACK:+0,+0,+0,+0,+0,+0,-91;
1590416289:[MRMAID,0052]Mermaid $GPSOFF:3686319;
1590416289:[GPSFIX,0179]-1s diff
1590416290:[SURF  ,0222]2020-05-25T14:18:10
1590416290:[SURF  ,0082]Latitude : N43deg40.935mn, Longitude :E007deg19.172mn
1590416290:[SURF  ,0223]fix3D,8satellites
1590416290:[SURF  ,0084]GPS fix GPGSA : hdop0.710,vdop1.250
1590416300:[SURF  ,0025]Iridium...
1590416341:[SURF  ,0009]connected in 41s, signal quality 3
1590416416:[SURF  ,0218]prompt received, remote cmd end
1590416416:[SURF  ,0012]17 cmd(s) received
1590416440:[UPLOAD,0248]Upload data files...
1590416974:[SURF  ,0014]disconnected after 674s
1590416979:[SURFIN,0020]filling external bladder
1590416988:[PUMP  ,0207]battery 14918mV,   30378uA (warmup), P   +280mbar
1590416988:[PUMP  ,0016]pump during 300000ms
1590416996:[PUMP  ,0212]battery 14197mV, 1319308uA (steady state), P   +280mbar
1590416998:[SURFIN,0019]external bladder full
1590416998:[SURF  ,0319]transfer interrupted
1590417010:[SURF  ,0022]GPS fix...
1590417031:[SURF  ,0015]10 PPS detected...
1590417032:[MRMAID,0052]Mermaid $GPSACK:+0,+0,+0,+0,+0,+1,-999969;
1590417042:[MRMAID,0052]Mermaid $GPSOFF:3686319;
1590417042:[GPSFIX,0179]-1s diff
1590417043:[SURF  ,0222]2020-05-25T14:30:43
1590417043:[SURF  ,0082]Latitude : N43deg40.935mn, Longitude :E007deg19.172mn
1590417043:[SURF  ,0223]fix3D,9satellites
1590417043:[SURF  ,0084]GPS fix GPGSA : hdop0.720,vdop1.280
1590417060:[MAIN  ,0024]internal pressure 79759Pa
1590417061:[BYCMD ,0107]    FreeRTOS V8.2.3
1590417061:[BYCMD ,0108]    FatFS v11a
1590417061:[BYCMD ,0120]    bypass 10000ms 60000ms (20000ms 60000ms stored)
1590417061:[BYCMD ,0121]    valve 60000ms 12750 (60000ms 12750 stored)
1590417061:[BYCMD ,0122]    pump 60000ms 30% 10750 80% (60000ms 30% 10750 80% stored)
1590417061:[BYCMD ,0123]    rate 2mbar/s (2mbar/s stored)
1590417061:[BYCMD ,0124]    surface 500mbar (500mbar stored)
1590417061:[BYCMD ,0125]    near 500mbar 3mbar/s (15000mbar 3mbar/s stored)
1590417061:[BYCMD ,0126]    far 1500mbar 4mbar/s (25000mbar 4mbar/s stored)
1590417061:[BYCMD ,0127]    ascent 8mbar/s (8mbar/s stored)
1590417061:[BYCMD ,0128]    dead 60s (300s stored)
1590417061:[BYCMD ,0129]    coeff 16/10 (16/10 stored)
1590417061:[BYCMD ,0130]    stab 10 (10 stored)
1590417062:[BYCMD ,0131]    delay 900s 3600s (900s 3600s stored)
1590417062:[BYCMD ,0132]    mmtime 2880min (2880min stored)
1590417062:[BYCMD ,0133]    dv_landing 100ml (100ml stored)
1590417062:[MKDCMD,0150]    p2t37: 15x2000ms, offset 205mbar
1590417062:[P2TCMD,0151]    p2t37: dp 50mbar, dt 1000000mdegC
1590417062:[STAGE ,0080]Stage [0] 5000mbar (+/-500mbar) 1800s (<1800s) 
1590417062:[STAGE ,0080]Stage [1] 5000mbar (+/-500mbar) 3600s (<5400s) MERMAID
1590417062:[STAGE ,0091]Stage [2] surfacing 3600s (<9000s) SBE41
1590417062:[SBE41 ,0282]SBE41 parameters : 
      dsreplyformat=1 (webb(0)/standard(1))
      addtimingdelays=0 (n(0)/y(1))
      outputdensity=0 (n(0)/y(1))
      echocmd=0 (n(0)/y(1))
      outputrt=0 (n(0)/y(1))
      outputpts=0 (n(0)/y(1))
      outputsn=0 (n(0)/y(1))
      outputpressure=1 (n(0)/y(1))
      pcutoff=2dbar
      tswait=0s
      pumpfastpt=1 (n(0)/y(1))
      samplerate=1 ('fast':1Hz(1)/'slow':0.5Hz(0))
      top_bin_interval=10dbar
      top_bin_size=10dbar
      top_bin_max=100dbar
      middle_bin_interval=50dbar
      middle_bin_size=50dbar
      middle_bin_max=1000dbar
      bottom_bin_interval=100dbar
      bottom_bin_size=100dbar
      includetransitionbin=0
      includenbin=0 (n(0)/y(1))
      autobinavg=0 (n(0)/y(1))
1590417062:[SBE41 ,0283]SBE41 pilot policy : 
      continiousprofile=0 (n(0)/y(1)
      speeddetection=1 (n(0)/y(1)
      hexoutput=1 (n(0)/y(1)
      binaverageoutput=0 (n(0)/y(1)
      manualprofilerate=10s
      runningpumpbeforeprofile=0s
      speedstart=2mbar/s
      speedcontrol=5mbar/s
1590417062:[MAIN  ,0070]turn off bluetooth
1590417065:[PRESS ,0038]P     -5mbar,T+20697mdegC
1590417090:[DIVING,0141]diving from -15mbar, +0mbar/s
1590417090:[BYPASS,0035]bypass opening 60000ms
1590417095:[BYPASS,0104]battery 14593mV,  305488uA (bypass opening), P    -15mbar
1590417160:[BYPASS,0106]battery 14526mV,  398696uA (bypass closing), P    -15mbar
1590417161:[PRESS ,0038]P    -75mbar,T+20804mdegC
1590417186:[BYPASS,0035]bypass opening 10000ms
1590417191:[BYPASS,0104]battery 14612mV,  308660uA (bypass opening), P    -75mbar
1590417206:[BYPASS,0106]battery 14550mV,  397598uA (bypass closing), P    -75mbar
1590417233:[BYPASS,0035]bypass opening 10000ms
1590417238:[BYPASS,0104]battery 14633mV,  318176uA (bypass opening), P    -65mbar
1590417253:[BYPASS,0106]battery 14555mV,  396378uA (bypass closing), P    -65mbar
1590417280:[BYPASS,0035]bypass opening 10000ms
1590417285:[BYPASS,0104]battery 14623mV,  302560uA (bypass opening), P    -25mbar
1590417300:[BYPASS,0106]battery 14558mV,  395402uA (bypass closing), P    -25mbar
1590417302:[PRESS ,0038]P    -15mbar,T+20873mdegC
1590417326:[BYPASS,0035]bypass opening 10000ms
1590417331:[BYPASS,0104]battery 14642mV,  316956uA (bypass opening), P    +15mbar
1590417346:[BYPASS,0106]battery 14563mV,  394670uA (bypass closing), P    +15mbar
1590417357:[PRESS ,0038]P    +45mbar,T+20863mdegC
1590417373:[BYPASS,0035]bypass opening 10000ms
1590417378:[BYPASS,0104]battery 14646mV,  314150uA (bypass opening), P    +25mbar
1590417393:[BYPASS,0106]battery 14567mV,  393938uA (bypass closing), P    +25mbar
1590417420:[BYPASS,0035]bypass opening 10000ms
1590417425:[BYPASS,0104]battery 14640mV,  303292uA (bypass opening), P    +45mbar
1590417440:[BYPASS,0106]battery 14573mV,  393206uA (bypass closing), P    +45mbar
1590417466:[BYPASS,0035]bypass opening 10000ms
1590417472:[BYPASS,0104]battery 14643mV,  305488uA (bypass opening), P    +75mbar
1590417487:[BYPASS,0106]battery 14580mV,  392718uA (bypass closing), P    +75mbar
1590417488:[PRESS ,0038]P   +105mbar,T+20767mdegC
1590417501:[PRESS ,0038]P   +165mbar,T+20754mdegC
1590417511:[PRESS ,0038]P   +225mbar,T+20744mdegC
1590417519:[PRESS ,0038]P   +285mbar,T+20738mdegC
1590417524:[PRESS ,0038]P   +345mbar,T+20732mdegC
1590417527:[PRESS ,0038]P   +405mbar,T+20729mdegC
1590417533:[PRESS ,0038]P   +475mbar,T+20725mdegC
1590417537:[PRESS ,0038]P   +545mbar,T+20721mdegC
1590417537:[DIVING,0028]545mbar reached (+11mbar/s), 8 bypass done
1590417538:[MAIN  ,0056]stage[0]
1590417540:[MAIN  ,0024]internal pressure 82792Pa
1590417541:[PRESS ,0038]P   +615mbar,T+20717mdegC
1590417541:[BUOY  ,0037]P   +615mbar
1590417541:[STAGE ,0080]Stage [0] 5000mbar (+/-500mbar) 1800s (<1590419337s) 
1590417604:[PRESS ,0038]P  +1935mbar,T+20640mdegC
1590417607:[PRESS ,0038]P  +2015mbar,T+20634mdegC
1590417611:[PRESS ,0038]P  +2085mbar,T+20628mdegC
1590417614:[PRESS ,0038]P  +2145mbar,T+20622mdegC
1590417618:[PRESS ,0038]P  +2215mbar,T+20614mdegC
1590417621:[PRESS ,0038]P  +2285mbar,T+20607mdegC
1590417625:[PRESS ,0038]P  +2365mbar,T+20599mdegC
1590417629:[PRESS ,0038]P  +2435mbar,T+20592mdegC
1590417689:[PRESS ,0038]P  +3665mbar,T+20423mdegC
1590417693:[PRESS ,0038]P  +3745mbar,T+20411mdegC
1590417696:[PRESS ,0038]P  +3815mbar,T+20400mdegC
1590417700:[PRESS ,0038]P  +3885mbar,T+20387mdegC
1590417704:[PRESS ,0038]P  +3975mbar,T+20374mdegC
1590417707:[PRESS ,0038]P  +4045mbar,T+20361mdegC
1590417709:[PRESS ,0038]P  +4105mbar,T+20354mdegC
1590417713:[PRESS ,0038]P  +4175mbar,T+20341mdegC
1590417714:[BUOY  ,0087]from +22mbar/s to +3mbar/s
1590417714:[BUOY  ,0089]need to transfer +760mL (pump during 930233ms)
1590417723:[PUMP  ,0207]battery 15090mV,   34648uA (warmup), P  +4205mbar
1590417723:[PUMP  ,0016]pump during 60000ms
1590417782:[PUMP  ,0212]battery 14472mV,  447008uA (steady state), P  +4205mbar
1590417786:[PRESS ,0038]P  +5565mbar,T+20053mdegC
1590417790:[PRESS ,0038]P  +5635mbar,T+20039mdegC
1590417794:[PRESS ,0038]P  +5695mbar,T+20026mdegC
1590417797:[PRESS ,0038]P  +5755mbar,T+20013mdegC
1590417801:[PRESS ,0038]P  +5815mbar,T+19998mdegC
1590417804:[PRESS ,0038]P  +5885mbar,T+19983mdegC
1590417810:[PRESS ,0038]P  +5955mbar,T+19959mdegC
1590417812:<WARN>[BUOY  ,0094]stage[0] should ASCENT, stuck at 5965mbar for the #1 time
1590417812:[BUOY  ,0087]from +16mbar/s to -3mbar/s
1590417812:[BUOY  ,0089]need to transfer +424mL (pump during 518972ms)
1590417820:[PUMP  ,0207]battery 15028mV,   30866uA (warmup), P  +5965mbar
1590417820:[PUMP  ,0016]pump during 60000ms
1590417879:[PUMP  ,0212]battery 14563mV,  493368uA (steady state), P  +5965mbar
1590417884:[PRESS ,0038]P  +7135mbar,T+19591mdegC
1590417887:[PRESS ,0038]P  +7205mbar,T+19573mdegC
1590417893:[PRESS ,0038]P  +7265mbar,T+19548mdegC
1590417903:[PRESS ,0038]P  +7325mbar,T+19493mdegC
1590417909:<WARN>[BUOY  ,0094]stage[0] should ASCENT, stuck at 7315mbar for the #2 time
1590417909:[BUOY  ,0087]from +7mbar/s to -4mbar/s
1590417909:[BUOY  ,0089]need to transfer +104mL (pump during 127295ms)
1590417917:[PUMP  ,0207]battery 14967mV,   30134uA (warmup), P  +7315mbar
1590417917:[PUMP  ,0016]pump during 60000ms
1590417976:[PUMP  ,0212]battery 14540mV,  497516uA (steady state), P  +7315mbar
1590418005:<WARN>[BUOY  ,0094]stage[0] should ASCENT, stuck at 7335mbar for the #3 time
1590418005:[BUOY  ,0087]from +0mbar/s to -4mbar/s
1590418006:[BUOY  ,0089]need to transfer +26mL (pump during 31831ms)
1590418014:[PUMP  ,0207]battery 14926mV,   29524uA (warmup), P  +7335mbar
1590418014:[PUMP  ,0016]pump during 31831ms
1590418045:[PUMP  ,0212]battery 14520mV,  496418uA (steady state), P  +7335mbar
1590418094:<WARN>[BUOY  ,0094]stage[0] should ASCENT, stuck at 7345mbar for the #4 time
1590418094:[BUOY  ,0087]from +0mbar/s to -4mbar/s
1590418094:[BUOY  ,0089]need to transfer +26mL (pump during 31831ms)
1590418103:[PUMP  ,0207]battery 14935mV,   30744uA (warmup), P  +7345mbar
1590418103:[PUMP  ,0016]pump during 31831ms
1590418134:[PUMP  ,0212]battery 14507mV,  494100uA (steady state), P  +7345mbar
1590418183:<WARN>[BUOY  ,0094]stage[0] should ASCENT, stuck at 7345mbar for the #5 time
1590418183:[BUOY  ,0087]from +0mbar/s to -4mbar/s
1590418183:[BUOY  ,0089]need to transfer +26mL (pump during 31831ms)
1590418191:[PUMP  ,0207]battery 14945mV,   30500uA (warmup), P  +7345mbar
1590418191:[PUMP  ,0016]pump during 31831ms
1590418222:[PUMP  ,0212]battery 14518mV,  496906uA (steady state), P  +7345mbar
1590418272:<WARN>[BUOY  ,0094]stage[0] should ASCENT, stuck at 7335mbar for the #6 time
1590418272:[BUOY  ,0087]from +0mbar/s to -4mbar/s
1590418272:[BUOY  ,0089]need to transfer +26mL (pump during 32205ms)
1590418280:[PUMP  ,0207]battery 14951mV,   30500uA (warmup), P  +7335mbar
1590418280:[PUMP  ,0016]pump during 32205ms
1590418312:[PUMP  ,0212]battery 14525mV,  501664uA (steady state), P  +7335mbar
1590418361:<WARN>[BUOY  ,0094]stage[0] should ASCENT, stuck at 7355mbar for the #7 time
1590418361:[BUOY  ,0087]from +0mbar/s to -4mbar/s
1590418361:[BUOY  ,0089]need to transfer +26mL (pump during 32205ms)
1590418369:[PUMP  ,0207]battery 14955mV,   30378uA (warmup), P  +7355mbar
1590418369:[PUMP  ,0016]pump during 32205ms
1590418401:[PUMP  ,0212]battery 14532mV,  495076uA (steady state), P  +7355mbar
1590418450:<WARN>[BUOY  ,0094]stage[0] should ASCENT, stuck at 7335mbar for the #8 time
1590418450:[BUOY  ,0087]from +0mbar/s to -4mbar/s
1590418450:[BUOY  ,0089]need to transfer +26mL (pump during 32205ms)
1590418458:[PUMP  ,0207]battery 14957mV,   30256uA (warmup), P  +7335mbar
1590418458:[PUMP  ,0016]pump during 32205ms
1590418490:[PUMP  ,0212]battery 14532mV,  504836uA (steady state), P  +7335mbar
1590418538:<WARN>[BUOY  ,0094]stage[0] should ASCENT, stuck at 7335mbar for the #9 time
1590418538:[BUOY  ,0087]from +0mbar/s to -4mbar/s
1590418539:[BUOY  ,0089]need to transfer +26mL (pump during 32205ms)
1590418547:[PUMP  ,0207]battery 14958mV,   30256uA (warmup), P  +7335mbar
1590418547:[PUMP  ,0016]pump during 32205ms
1590418579:[PUMP  ,0212]battery 14537mV,  500688uA (steady state), P  +7335mbar
1590418627:[BUOY  ,0087]from -1mbar/s to -4mbar/s
1590418627:[BUOY  ,0089]need to transfer +24mL (pump during 29727ms)
1590418636:[PUMP  ,0207]battery 14960mV,   30134uA (warmup), P  +7325mbar
1590418636:[PUMP  ,0016]pump during 29727ms
1590418665:[PUMP  ,0212]battery 14540mV,  501664uA (steady state), P  +7325mbar
1590418716:<WARN>[BUOY  ,0094]stage[0] should ASCENT, stuck at 7335mbar for the #10 time
1590418716:[BUOY  ,0087]from +1mbar/s to -4mbar/s
1590418716:[BUOY  ,0089]need to transfer +28mL (pump during 34682ms)
1590418724:[PUMP  ,0207]battery 14963mV,   30256uA (warmup), P  +7335mbar
1590418724:[PUMP  ,0016]pump during 34682ms
1590418758:[PUMP  ,0212]battery 14537mV,  506666uA (steady state), P  +7335mbar
1590418805:<WARN>[BUOY  ,0094]stage[0] should ASCENT, stuck at 7335mbar for the #11 time
1590418805:[BUOY  ,0087]from +0mbar/s to -4mbar/s
1590418805:[BUOY  ,0089]need to transfer +26mL (pump during 32205ms)
1590418813:[PUMP  ,0207]battery 14960mV,   29890uA (warmup), P  +7335mbar
1590418813:[PUMP  ,0016]pump during 32205ms
1590418845:[PUMP  ,0212]battery 14543mV,  503372uA (steady state), P  +7335mbar
1590418894:[BUOY  ,0087]from -1mbar/s to -4mbar/s
1590418894:[BUOY  ,0089]need to transfer +24mL (pump during 29741ms)
1590418902:[PUMP  ,0207]battery 14960mV,   30012uA (warmup), P  +7335mbar
1590418902:[PUMP  ,0016]pump during 29741ms
1590418931:[PUMP  ,0212]battery 14538mV,  507764uA (steady state), P  +7335mbar
1590418983:<WARN>[BUOY  ,0094]stage[0] should ASCENT, stuck at 7345mbar for the #12 time
1590418983:[BUOY  ,0087]from +0mbar/s to -4mbar/s
1590418983:[BUOY  ,0089]need to transfer +26mL (pump during 32219ms)
1590418991:[PUMP  ,0207]battery 14963mV,   30134uA (warmup), P  +7345mbar
1590418991:[PUMP  ,0016]pump during 32219ms
1590419023:[PUMP  ,0212]battery 14540mV,  506300uA (steady state), P  +7345mbar
1590419071:<WARN>[BUOY  ,0094]stage[0] should ASCENT, stuck at 7315mbar for the #13 time
1590419071:[BUOY  ,0087]from +1mbar/s to -4mbar/s
1590419071:[BUOY  ,0089]need to transfer +28mL (pump during 34698ms)
1590419080:[PUMP  ,0207]battery 14963mV,   29890uA (warmup), P  +7315mbar
1590419080:[PUMP  ,0016]pump during 34698ms
1590419114:[PUMP  ,0212]battery 14546mV,  501786uA (steady state), P  +7315mbar
1590419160:[BUOY  ,0087]from -1mbar/s to -4mbar/s
1590419160:[BUOY  ,0089]need to transfer +24mL (pump during 29741ms)
1590419168:[PUMP  ,0207]battery 14958mV,   29646uA (warmup), P  +7295mbar
1590419168:[PUMP  ,0016]pump during 29741ms
1590419198:[PUMP  ,0212]battery 14543mV,  507520uA (steady state), P  +7295mbar
1590419249:[BUOY  ,0087]from -1mbar/s to -4mbar/s
1590419249:[BUOY  ,0089]need to transfer +24mL (pump during 29741ms)
1590419257:[PUMP  ,0207]battery 14962mV,   30012uA (warmup), P  +7315mbar
1590419257:[PUMP  ,0016]pump during 29741ms
1590419286:[PUMP  ,0212]battery 14542mV,  500932uA (steady state), P  +7315mbar
1590419338:[MAIN  ,0140]stage[0] complete 1801s after mission start
1590419338:[MAIN  ,0056]stage[1]
1590419340:[MAIN  ,0024]internal pressure 81325Pa
1590419341:[MRMAID,0002]acq started
1590419351:[BUOY  ,0037]P  +7325mbar
1590419351:[STAGE ,0080]Stage [1] 5000mbar (+/-500mbar) 3600s (<1590422937s) MERMAID
1590419353:<WARN>[BUOY  ,0094]stage[1] should ASCENT, stuck at 7325mbar for the #1 time
1590419353:[BUOY  ,0087]from +0mbar/s to -4mbar/s
1590419353:[BUOY  ,0089]need to transfer +26mL (pump during 32219ms)
1590419362:[PUMP  ,0207]battery 14972mV,   30988uA (warmup), P  +7325mbar
1590419362:[PUMP  ,0016]pump during 32219ms
1590419394:[PUMP  ,0212]battery 14533mV,  500078uA (steady state), P  +7325mbar
1590419394:[MRMAID,0003]acq stopped
1590419397:[MRMAID,0002]acq started
1590419452:<WARN>[BUOY  ,0094]stage[1] should ASCENT, stuck at 7335mbar for the #2 time
1590419452:[BUOY  ,0087]from +0mbar/s to -4mbar/s
1590419452:[BUOY  ,0089]need to transfer +26mL (pump during 32219ms)
1590419452:[MRMAID,0003]acq stopped
1590419461:[PUMP  ,0207]battery 14977mV,   30256uA (warmup), P  +7335mbar
1590419461:[PUMP  ,0016]pump during 32219ms
1590419493:[PUMP  ,0212]battery 14531mV,  513010uA (steady state), P  +7335mbar
1590419496:[MRMAID,0002]acq started
1590419531:[PRESS ,0038]P  +7265mbar,T+16329mdegC
1590419542:[PRESS ,0038]P  +7325mbar,T+16324mdegC
1590419551:<WARN>[BUOY  ,0094]stage[1] should ASCENT, stuck at 7325mbar for the #3 time
1590419551:[BUOY  ,0087]from +3mbar/s to -4mbar/s
1590419551:[BUOY  ,0089]need to transfer +40mL (pump during 49444ms)
1590419551:[MRMAID,0003]acq stopped
1590419560:[PUMP  ,0207]battery 14977mV,   30256uA (warmup), P  +7325mbar
1590419560:[PUMP  ,0016]pump during 49444ms
1590419609:[PUMP  ,0212]battery 14538mV,  501542uA (steady state), P  +7325mbar
1590419612:[MRMAID,0002]acq started
1590419650:<WARN>[BUOY  ,0094]stage[1] should ASCENT, stuck at 7325mbar for the #4 time
1590419650:[BUOY  ,0087]from +0mbar/s to -4mbar/s
1590419650:[BUOY  ,0089]need to transfer +26mL (pump during 32148ms)
1590419659:[PUMP  ,0207]battery 14950mV,   29646uA (warmup), P  +7325mbar
1590419659:[PUMP  ,0016]pump during 32148ms
1590419666:[MRMAID,0003]acq stopped
1590419691:[PUMP  ,0212]battery 14541mV,  505324uA (steady state), P  +7325mbar
1590419694:[MRMAID,0002]acq started
1590419749:<WARN>[BUOY  ,0094]stage[1] should ASCENT, stuck at 7295mbar for the #5 time
1590419749:[BUOY  ,0087]from +0mbar/s to -4mbar/s
1590419749:[BUOY  ,0089]need to transfer +26mL (pump during 32148ms)
1590419749:[MRMAID,0003]acq stopped
1590419757:[PUMP  ,0207]battery 14957mV,   30256uA (warmup), P  +7295mbar
1590419757:[PUMP  ,0016]pump during 32148ms
1590419789:[PUMP  ,0212]battery 14521mV,  507398uA (steady state), P  +7295mbar
1590419793:[MRMAID,0002]acq started
1590419847:<WARN>[BUOY  ,0094]stage[1] should ASCENT, stuck at 7305mbar for the #6 time
1590419847:[BUOY  ,0087]from +0mbar/s to -4mbar/s
1590419847:[BUOY  ,0089]need to transfer +26mL (pump during 32148ms)
1590419848:[MRMAID,0052]Mermaid $STOPACK:+
1590419849:[MRMAID,0183]dropping spurious '0x31'
1590419849:[MRMAID,0183]dropping spurious '0x3B'
1590419849:[MRMAID,0185]2 spurious byte(s) received
1590419856:[PUMP  ,0207]battery 14965mV,   30134uA (warmup), P  +7305mbar
1590419856:[PUMP  ,0016]pump during 32148ms
1590419888:[PUMP  ,0212]battery 14531mV,  502640uA (steady state), P  +7305mbar
1590419892:[MRMAID,0002]acq started
1590419946:<WARN>[BUOY  ,0094]stage[1] should ASCENT, stuck at 7335mbar for the #7 time
1590419946:[BUOY  ,0087]from +0mbar/s to -4mbar/s
1590419946:[BUOY  ,0089]need to transfer +26mL (pump during 32148ms)
1590419946:[MRMAID,0052]Mermaid $STOPAC
1590419948:[MRMAID,0183]dropping spurious '0x4B'
1590419948:[MRMAID,0183]dropping spurious '0x3A'
1590419948:[MRMAID,0183]dropping spurious '0x2B'
1590419948:[MRMAID,0183]dropping spurious '0x31'
1590419948:[MRMAID,0183]dropping spurious '0x3B'
1590419948:[MRMAID,0185]5 spurious byte(s) received
1590419955:[PUMP  ,0207]battery 14970mV,   30134uA (warmup), P  +7335mbar
1590419955:[PUMP  ,0016]pump during 32148ms
1590419987:[PUMP  ,0212]battery 14536mV,  499712uA (steady state), P  +7335mbar
1590419990:[MRMAID,0002]acq started
1590420045:[PRESS ,0038]P  +7265mbar,T+16221mdegC
1590420045:[BUOY  ,0087]from -1mbar/s to -4mbar/s
1590420045:[BUOY  ,0089]need to transfer +24mL (pump during 29675ms)
1590420045:[MRMAID,0052]Mermaid $STO
1590420047:[MRMAID,0183]dropping spurious '0x50'
1590420047:[MRMAID,0183]dropping spurious '0x41'
1590420047:[MRMAID,0183]dropping spurious '0x43'
1590420047:[MRMAID,0183]dropping spurious '0x4B'
1590420047:[MRMAID,0183]dropping spurious '0x3A'
1590420047:[MRMAID,0183]dropping spurious '0x2B'
1590420047:[MRMAID,0183]dropping spurious '0x31'
1590420047:[MRMAID,0183]dropping spurious '0x3B'
1590420047:[MRMAID,0185]8 spurious byte(s) received
1590420054:[PUMP  ,0207]battery 14972mV,   30256uA (warmup), P  +7265mbar
1590420054:[PUMP  ,0016]pump during 29675ms
1590420083:[PUMP  ,0212]battery 14536mV,  503982uA (steady state), P  +7265mbar
1590420087:[MRMAID,0002]acq started
1590420144:[BUOY  ,0087]from -1mbar/s to -4mbar/s
1590420144:[BUOY  ,0089]need to transfer +24mL (pump during 29675ms)
1590420144:[MRMAID,0003]acq stopped
1590420153:[PUMP  ,0207]battery 14977mV,   30378uA (warmup), P  +7255mbar
1590420153:[PUMP  ,0016]pump during 29675ms
1590420182:[PUMP  ,0212]battery 14535mV,  506422uA (steady state), P  +7255mbar
1590420186:[MRMAID,0002]acq started
1590420220:[PRESS ,0038]P  +7205mbar,T+16188mdegC
1590420243:<WARN>[BUOY  ,0094]stage[1] should ASCENT, stuck at 7195mbar for the #8 time
1590420243:[BUOY  ,0087]from +0mbar/s to -4mbar/s
1590420243:[BUOY  ,0089]need to transfer +26mL (pump during 32148ms)
1590420243:[MRMAID,0003]acq stopped
1590420251:[PUMP  ,0207]battery 14982mV,   30378uA (warmup), P  +7195mbar
1590420251:[PUMP  ,0016]pump during 32148ms
1590420284:[PUMP  ,0212]battery 14538mV,  500810uA (steady state), P  +7195mbar
1590420287:[MRMAID,0002]acq started
1590420341:<WARN>[BUOY  ,0094]stage[1] should ASCENT, stuck at 7185mbar for the #9 time
1590420342:[BUOY  ,0087]from +0mbar/s to -4mbar/s
1590420342:[BUOY  ,0089]need to transfer +26mL (pump during 32148ms)
1590420342:[MRMAID,0003]acq stopped
1590420350:[PUMP  ,0207]battery 14981mV,   30256uA (warmup), P  +7185mbar
1590420350:[PUMP  ,0016]pump during 32148ms
1590420382:[PUMP  ,0212]battery 14542mV,  499712uA (steady state), P  +7185mbar
1590420386:[MRMAID,0002]acq started
1590420424:[PRESS ,0038]P  +7145mbar,T+16158mdegC
1590420440:<WARN>[BUOY  ,0094]stage[1] should ASCENT, stuck at 7145mbar for the #10 time
1590420440:[BUOY  ,0087]from +0mbar/s to -4mbar/s
1590420440:[BUOY  ,0089]need to transfer +26mL (pump during 32148ms)
1590420441:[MRMAID,0003]acq stopped
1590420449:[PUMP  ,0207]battery 14981mV,   30256uA (warmup), P  +7145mbar
1590420449:[PUMP  ,0016]pump during 32148ms
1590420481:[PUMP  ,0212]battery 14541mV,  503250uA (steady state), P  +7145mbar
1590420485:[MRMAID,0002]acq started
1590420514:[PRESS ,0038]P  +7065mbar,T+16150mdegC
1590420539:[BUOY  ,0087]from -1mbar/s to -4mbar/s
1590420539:[BUOY  ,0089]need to transfer +24mL (pump during 29675ms)
1590420539:[MRMAID,0003]acq stopped
1590420548:[PUMP  ,0207]battery 14980mV,   30256uA (warmup), P  +7045mbar
1590420548:[PUMP  ,0016]pump during 29675ms
1590420577:[PUMP  ,0212]battery 14536mV,  511058uA (steady state), P  +7045mbar
1590420581:[MRMAID,0002]acq started
1590420613:[PRESS ,0038]P  +6985mbar,T+16137mdegC
1590420638:[BUOY  ,0087]from -1mbar/s to -4mbar/s
1590420638:[BUOY  ,0089]need to transfer +24mL (pump during 29675ms)
1590420638:[MRMAID,0003]acq stopped
1590420647:[PUMP  ,0207]battery 14981mV,   30378uA (warmup), P  +6975mbar
1590420647:[PUMP  ,0016]pump during 29675ms
1590420676:[PUMP  ,0212]battery 14541mV,  497028uA (steady state), P  +6975mbar
1590420680:[MRMAID,0002]acq started
1590420737:<WARN>[BUOY  ,0094]stage[1] should ASCENT, stuck at 6975mbar for the #11 time
1590420737:[BUOY  ,0087]from +0mbar/s to -4mbar/s
1590420737:[BUOY  ,0089]need to transfer +26mL (pump during 32148ms)
1590420737:[MRMAID,0003]acq stopped
1590420746:[PUMP  ,0207]battery 14985mV,   30378uA (warmup), P  +6975mbar
1590420746:[PUMP  ,0016]pump during 32148ms
1590420778:[PUMP  ,0212]battery 14538mV,  506544uA (steady state), P  +6975mbar
1590420781:[MRMAID,0002]acq started
1590420813:[PRESS ,0038]P  +6925mbar,T+16103mdegC
1590420836:[BUOY  ,0087]from -1mbar/s to -4mbar/s
1590420836:[BUOY  ,0089]need to transfer +24mL (pump during 29675ms)
1590420836:[MRMAID,0003]acq stopped
1590420844:[PUMP  ,0207]battery 14982mV,   30256uA (warmup), P  +6915mbar
1590420844:[PUMP  ,0016]pump during 29675ms
1590420873:[PUMP  ,0212]battery 14545mV,  495686uA (steady state), P  +6915mbar
1590420877:[MRMAID,0002]acq started
1590420910:[PRESS ,0038]P  +6865mbar,T+16083mdegC
1590420934:[PRESS ,0038]P  +6805mbar,T+16070mdegC
1590420935:[BUOY  ,0087]from -2mbar/s to -4mbar/s
1590420935:[BUOY  ,0089]need to transfer +20mL (pump during 24729ms)
1590420935:[MRMAID,0003]acq stopped
1590420943:[PUMP  ,0207]battery 14983mV,   30378uA (warmup), P  +6805mbar
1590420943:[PUMP  ,0016]pump during 24729ms
1590420967:[PUMP  ,0212]battery 14538mV,  503372uA (steady state), P  +6805mbar
1590420971:[MRMAID,0002]acq started
1590421009:[PRESS ,0038]P  +6565mbar,T+16051mdegC
1590421021:[PRESS ,0038]P  +6505mbar,T+16045mdegC
1590421094:[PRESS ,0038]P  +6265mbar,T+15979mdegC
1590421114:[PRESS ,0038]P  +6205mbar,T+15960mdegC
1590421180:[PRESS ,0038]P  +5985mbar,T+15896mdegC
1590421204:[BUOY  ,0087]from -1mbar/s to -3mbar/s
1590421204:[BUOY  ,0089]need to transfer +12mL (pump during 14837ms)
1590421204:[MRMAID,0003]acq stopped
1590421213:[PUMP  ,0207]battery 15058mV,   32696uA (warmup), P  +5965mbar
1590421213:[PUMP  ,0016]pump during 14837ms
1590421227:[PUMP  ,0212]battery 14505mV,  484462uA (steady state), P  +5965mbar
1590421231:[MRMAID,0002]acq started
1590421278:[PRESS ,0038]P  +5685mbar,T+15850mdegC
1590421293:[PRESS ,0038]P  +5625mbar,T+15844mdegC
1590421303:[BUOY  ,0087]from -5mbar/s to -3mbar/s
1590421303:[BUOY  ,0090]need to transfer -26mL (valve during 4480ms)
1590421303:[MRMAID,0003]acq stopped
1590421304:[VALVE ,0034]valve opening 4480ms
1590421308:[VALVE ,0234]battery 14377mV,  637206uA, P  +5575mbar
1590421310:[MRMAID,0002]acq started
1590421374:[PRESS ,0038]P  +5245mbar,T+15802mdegC
1590421388:[PRESS ,0038]P  +5185mbar,T+15796mdegC
1590421399:[STAGE ,0213]5135mbar reached at 1590421399s, ref 5000mbar +/-500mbar
1590421399:[BUOY  ,0087]from -4mbar/s to +0mbar/s
1590421399:[BUOY  ,0090]need to transfer -26mL (valve during 4669ms)
1590421399:[MRMAID,0052]Mermaid $STOPACK:
1590421399:[VALVE ,0034]valve opening 4669ms
1590421401:[MRMAID,0183]dropping spurious '0x2B'
1590421401:[MRMAID,0183]dropping spurious '0x31'
1590421401:[MRMAID,0183]dropping spurious '0x3B'
1590421401:[MRMAID,0185]3 spurious byte(s) received
1590421404:[VALVE ,0234]battery 14368mV,  635132uA, P  +5135mbar
1590421405:[MRMAID,0002]acq started
1590421470:[PRESS ,0038]P  +4955mbar,T+15766mdegC
1590421495:[PRESS ,0038]P  +4895mbar,T+15764mdegC
1590421495:[BUOY  ,0087]from -2mbar/s to +0mbar/s
1590421495:[BUOY  ,0090]need to transfer -6mL (valve during 1109ms)
1590421495:[MRMAID,0003]acq stopped
1590421495:[VALVE ,0034]valve opening 1109ms
1590421496:[VALVE ,0234]battery 14372mV,  634888uA, P  +4895mbar
1590421508:[MRMAID,0002]acq started
1590421576:[PRESS ,0038]P  +4805mbar,T+15766mdegC
1590421601:[BUOY  ,0087]from -1mbar/s to +0mbar/s
1590421601:[BUOY  ,0090]need to transfer -2mL (valve during 370ms)
1590421601:[MRMAID,0003]acq stopped
1590421601:[VALVE ,0034]valve opening 370ms
1590421613:[MRMAID,0002]acq started
1590421767:[PRESS ,0038]P  +4735mbar,T+15887mdegC
1590421767:[BUOY  ,0087]from -1mbar/s to +0mbar/s
1590421767:[BUOY  ,0090]need to transfer -2mL (valve during 375ms)
1590421767:[MRMAID,0003]acq stopped
1590421768:[VALVE ,0034]valve opening 375ms
1590421780:[MRMAID,0002]acq started
1590421849:[PRESS ,0038]P  +4665mbar,T+15965mdegC
1590422116:[PRESS ,0038]P  +4605mbar,T+16213mdegC
1590422298:[PRESS ,0038]P  +4535mbar,T+16358mdegC
1590422420:<WARN>[BUOY  ,0094]stage[1] should DESCENT, stuck at 4495mbar for the #1 time
1590422420:[BUOY  ,0087]from +0mbar/s to +3mbar/s
1590422420:[BUOY  ,0090]need to transfer -14mL (valve during 2664ms)
1590422420:[MRMAID,0003]acq stopped
1590422420:[VALVE ,0034]valve opening 2664ms
1590422423:[VALVE ,0234]battery 14210mV,  631350uA, P  +4495mbar
1590422424:[MRMAID,0002]acq started
1590422758:[PRESS ,0038]P  +4475mbar,T+16627mdegC
1590422758:<WARN>[BUOY  ,0094]stage[1] should DESCENT, stuck at 4475mbar for the #2 time
1590422758:[BUOY  ,0087]from +0mbar/s to +3mbar/s
1590422758:[BUOY  ,0090]need to transfer -14mL (valve during 2705ms)
1590422758:[MRMAID,0003]acq stopped
1590422759:[VALVE ,0034]valve opening 2705ms
1590422761:[VALVE ,0234]battery 14296mV,  645502uA, P  +4475mbar
1590422763:[MRMAID,0002]acq started
1590422829:[PRESS ,0038]P  +4535mbar,T+16655mdegC
1590422914:[PRESS ,0038]P  +4595mbar,T+16684mdegC
1590422975:[MAIN  ,0140]stage[1] complete 5438s after mission start
1590422975:[MRMAID,0003]acq stopped
1590422977:[MRMAID,0183]dropping spurious '0x3B'
1590422977:[MRMAID,0185]1 spurious byte(s) received
1590423035:[MAIN  ,0056]stage[2]
1590423038:[MAIN  ,0024]internal pressure 80019Pa
1590423038:[BUOY  ,0037]P  +4635mbar
1590423039:[STAGE ,0091]Stage [2] surfacing 3600s (<1590426537s) SBE41
1590423040:<WARN>[BUOY  ,0094]stage[2] should ASCENT, stuck at 4625mbar for the #1 time
1590423040:[BUOY  ,0087]from +0mbar/s to -5mbar/s
1590423040:[BUOY  ,0089]need to transfer +40mL (pump during 48544ms)
1590423049:[PUMP  ,0207]battery 15212mV,   37088uA (warmup), P  +4625mbar
1590423049:[PUMP  ,0016]pump during 48544ms
1590423097:[PUMP  ,0212]battery 14595mV,  475678uA (steady state), P  +4625mbar
1590423120:[PRESS ,0038]P  +4535mbar,T+16759mdegC
1590423130:[SBE41 ,0337]Speed start detected
1590423190:[PRESS ,0038]P  +4385mbar,T+16784mdegC
1590423215:[BUOY  ,0087]from -1mbar/s to -5mbar/s
1590423215:[BUOY  ,0089]need to transfer +38mL (pump during 46061ms)
1590423223:[PUMP  ,0207]battery 15103mV,   56486uA (warmup), P  +4355mbar
1590423223:[PUMP  ,0016]pump during 46061ms
1590423269:[PUMP  ,0212]battery 14603mV,  507886uA (steady state), P  +4355mbar
1590423279:[PRESS ,0038]P  +4185mbar,T+16812mdegC
1590423291:[PRESS ,0038]P  +4115mbar,T+16820mdegC
1590423364:[PRESS ,0038]P  +3795mbar,T+16847mdegC
1590423380:[PRESS ,0038]P  +3735mbar,T+16850mdegC
1590423450:[PRESS ,0038]P  +3445mbar,T+16869mdegC
1590423464:[PRESS ,0038]P  +3385mbar,T+16873mdegC
1590423535:[PRESS ,0038]P  +3115mbar,T+16897mdegC
1590423551:[PRESS ,0038]P  +3055mbar,T+16903mdegC
1590423560:[BUOY  ,0087]from -3mbar/s to -5mbar/s
1590423560:[BUOY  ,0089]need to transfer +26mL (pump during 31533ms)
1590423568:[PUMP  ,0207]battery 15075mV,   54290uA (warmup), P  +3045mbar
1590423568:[PUMP  ,0016]pump during 31533ms
1590423599:[PUMP  ,0212]battery 14547mV,  489464uA (steady state), P  +3045mbar
1590423624:[PRESS ,0038]P  +2775mbar,T+16944mdegC
1590423633:[PRESS ,0038]P  +2715mbar,T+16952mdegC
1590423647:[PRESS ,0038]P  +2645mbar,T+16960mdegC
1590423710:[PRESS ,0038]P  +2415mbar,T+16999mdegC
1590423729:[PRESS ,0038]P  +2355mbar,T+17010mdegC
1590423734:[BUOY  ,0087]from -3mbar/s to -5mbar/s
1590423734:[BUOY  ,0089]need to transfer +26mL (pump during 32028ms)
1590423743:[PUMP  ,0207]battery 15056mV,   53924uA (warmup), P  +2335mbar
1590423743:[PUMP  ,0016]pump during 32028ms
1590423775:[PUMP  ,0212]battery 14546mV,  490806uA (steady state), P  +2335mbar
1590423798:[PRESS ,0038]P  +2055mbar,T+17062mdegC
1590423811:[PRESS ,0038]P  +1995mbar,T+17072mdegC
1590423823:[PRESS ,0038]P  +1925mbar,T+17081mdegC
1590423884:[PRESS ,0038]P  +1715mbar,T+17124mdegC
1590423907:[PRESS ,0038]P  +1645mbar,T+17141mdegC
1590423909:[BUOY  ,0087]from -3mbar/s to -5mbar/s
1590423909:[BUOY  ,0089]need to transfer +26mL (pump during 32028ms)
1590423917:[PUMP  ,0207]battery 15040mV,   53924uA (warmup), P  +1635mbar
1590423917:[PUMP  ,0016]pump during 32028ms
1590423949:[PUMP  ,0212]battery 14540mV,  474336uA (steady state), P  +1635mbar
1590423973:[PRESS ,0038]P  +1325mbar,T+17203mdegC
1590423985:[PRESS ,0038]P  +1265mbar,T+17216mdegC
1590423998:[PRESS ,0038]P  +1205mbar,T+17230mdegC
1590424058:[PRESS ,0038]P   +945mbar,T+17294mdegC
1590424069:[PRESS ,0038]P   +885mbar,T+17307mdegC
1590424076:[PRESS ,0038]P   +825mbar,T+17314mdegC
1590424083:[BUOY  ,0087]from -6mbar/s to -5mbar/s
1590424083:[BUOY  ,0090]need to transfer -18mL (valve during 8196ms)
1590424083:[VALVE ,0034]valve opening 8196ms
1590424092:[VALVE ,0234]battery 14331mV,  650748uA, P   +795mbar
1590424144:[PRESS ,0038]P   +505mbar,T+17402mdegC
1590424169:<WARN>[BUOY  ,0094]stage[2] should ASCENT, stuck at 515mbar for the #1 time
1590424169:[BUOY  ,0087]from +0mbar/s to -5mbar/s
1590424169:[BUOY  ,0089]need to transfer +40mL (pump during 49261ms)
1590424177:[PUMP  ,0207]battery 15036mV,   52094uA (warmup), P   +515mbar
1590424177:[PUMP  ,0016]pump during 49261ms
1590424226:[PUMP  ,0212]battery 14548mV,  470432uA (steady state), P   +515mbar
1590424258:[BUOY  ,0087]from -1mbar/s to -5mbar/s
1590424258:[BUOY  ,0089]need to transfer +38mL (pump during 47088ms)
1590424266:[PUMP  ,0207]battery 14983mV,   51484uA (warmup), P   +505mbar
1590424266:[PUMP  ,0016]pump during 47088ms
1590424313:[PUMP  ,0212]battery 14557mV,  473848uA (steady state), P   +505mbar
1590424347:[STAGE ,0214]485mbar (500) reached at 1590424347s, ascending from 4635mbar
1590424347:[STAGE ,0342]The float reached the surface : OK
1590424347:[MAIN  ,0140]stage[2] complete 6810s after mission start
1590424354:[SBE41 ,0343]SBE41 dump : 1213 stored samples in hexa format
1590424398:[SBE41 ,0338]Dump finished
1590424398:[SBE41 ,0318]10917 bytes in 0051/5ECBEDFE.S41
1590424398:[MRMAID,0188]acq already stopped
1590424459:[MSSION,0192]mission stopped, 3 stage(s) done
1590424459:[MAIN  ,0065]surfacing
1590424461:[SURFIN,0036]P   +455mbar
1590424464:[SURFIN,0020]filling external bladder
1590424472:[PUMP  ,0207]battery 15022mV,   35624uA (warmup), P   +455mbar
1590424472:[PUMP  ,0016]pump during 300000ms
1590424583:[PUMP  ,0212]battery 14250mV, 1397510uA (steady state), P   +455mbar
1590424585:[SURFIN,0019]external bladder full
1590424587:[PRESS ,0038]P   +580mbar,T+18197mdegC
1590424647:[MAIN  ,0272]Vbat 14811mV (min 14486mV)
1590424649:[MAIN  ,0024]internal pressure 79260Pa
1590424649:[MAIN  ,0043]Pext 561mbar (rng 30mbar)
1590424649:[MAIN  ,0064]surface
1590424660:[SURF  ,0022]GPS fix...
1590424840:<WARN>[GPSFIX,0046]no fix after 180s
1590424840:<WARN>[SURF  ,0028]GPS fix ret 0
1590425020:<WARN>[GPSFIX,0046]no fix after 180s
1590425020:<WARN>[SURF  ,0049]no MRMD GPS
1590425200:<WARN>[GPSFIX,0046]no fix after 180s
1590425200:<WARN>[SURF  ,0028]GPS fix ret 0
1590425210:[SURF  ,0274]last almanac : 289599
1590425223:[MRMAID,0026]1701 bytes in 0051/5ECBF67F.MER
1590425229:<WARN>[MAIN  ,0031]incomplete surface1
1590425229:[LOGBIN,0078]*** switching to 0051/5ECBF68D ***
