1593567164:[MAIN  ,0007]buoy 452.020-P-0051
1593567164:[MAIN  ,0055]soft pilotage 452.012.300_V2.20-20200612
1593567164:[MAIN  ,0010]cycle 1
1593567164:[SURF  ,0225]surface2
1593567177:[SURF  ,0022]GPS fix...
1593567197:[SURF  ,0015]10 PPS detected...
1593567198:[MRMAID,0052]Mermaid $GPSACK:+0,+0,+0,+0,+0,+1,-999969;
1593567208:[MRMAID,0052]Mermaid $GPSOFF:3686319;
1593567209:[GPSFIX,0179]-1s diff
1593567210:[SURF  ,0222]2020-07-01T01:33:30
1593567210:[SURF  ,0082]Latitude : N43deg24.104mn, Longitude :E007deg53.153mn
1593567210:[SURF  ,0223]fix3D,8satellites
1593567210:[SURF  ,0084]GPS fix GPGSA : hdop0.690,vdop0.920
1593567220:[SURF  ,0025]Iridium...
1593567227:[SBE41 ,0339]newoffset=-0.92db received after -57s
1593567254:[SURF  ,0009]connected in 34s, signal quality 5
1593567320:[SURF  ,0218]prompt received, remote cmd end
1593567320:[SURF  ,0012]85 cmd(s) received
1593567375:[UPLOAD,0248]Upload data files...
1593567395:[UPLOAD,0231]"0051/5EFBE07A.BIN" uploaded at 62bytes/s
1593568141:[ZIO   ,0238]5 consecutive 'U' received, aborting
1593568157:[SURF  ,0014]disconnected after 937s
1593568162:[SURFIN,0020]filling external bladder
1593568170:[PUMP  ,0016]pump during 300000ms
1593568180:[SURFIN,0019]external bladder full
1593568180:[SURF  ,0069]transfer interrupted , retry
1593568193:[SURF  ,0022]GPS fix...
1593568213:[SURF  ,0015]10 PPS detected...
1593568214:[MRMAID,0052]Mermaid $GPSACK:+0,+0,+0,+0,+0,+1,-999847;
1593568224:[MRMAID,0052]Mermaid $GPSOFF:3686318;
1593568225:[GPSFIX,0179]-1s diff
1593568226:[SURF  ,0222]2020-07-01T01:50:26
1593568226:[SURF  ,0082]Latitude : N43deg24.086mn, Longitude :E007deg53.399mn
1593568226:[SURF  ,0223]fix3D,9satellites
1593568226:[SURF  ,0084]GPS fix GPGSA : hdop0.660,vdop0.910
1593568236:[SURF  ,0025]Iridium...
1593568270:[SURF  ,0009]connected in 34s, signal quality 5
1593568309:[SURF  ,0218]prompt received, remote cmd end
1593568309:[SURF  ,0012]12 cmd(s) received
1593568330:[UPLOAD,0248]Upload data files...
1593569191:[ZIO   ,0239]25 consecutive 'a' received, aborting
1593569212:[SURF  ,0014]disconnected after 976s
1593569217:[SURFIN,0020]filling external bladder
1593569220:[SURFIN,0019]external bladder full
1593569220:[SURF  ,0069]transfer interrupted , retry
1593569238:[SURF  ,0022]GPS fix...
1593569258:[SURF  ,0015]10 PPS detected...
1593569259:[MRMAID,0052]Mermaid $GPSACK:+0,+0,+0,+0,+0,+1,-999938;
1593569269:[MRMAID,0052]Mermaid $GPSOFF:3686317;
1593569270:[GPSFIX,0179]-1s diff
1593569271:[SURF  ,0222]2020-07-01T02:07:51
1593569271:[SURF  ,0082]Latitude : N43deg24.049mn, Longitude :E007deg53.657mn
1593569271:[SURF  ,0223]fix3D,10satellites
1593569271:[SURF  ,0084]GPS fix GPGSA : hdop0.600,vdop0.830
1593569281:[SURF  ,0025]Iridium...
1593569316:[SURF  ,0009]connected in 35s, signal quality 5
1593569355:[SURF  ,0218]prompt received, remote cmd end
1593569355:[SURF  ,0012]12 cmd(s) received
1593569376:[UPLOAD,0248]Upload data files...
1593570209:<ERR>[ZIO   ,0085]grabber not running (-1)
1593570224:<ERR>[MODEM ,0344]error -1 while reading "H0" answer
1593570224:[SURF  ,0014]disconnected after 943s
1593570229:[SURFIN,0020]filling external bladder
1593570237:[PUMP  ,0016]pump during 300000ms
1593570243:[SURFIN,0019]external bladder full
1593570243:[SURF  ,0069]transfer interrupted , retry
1593570258:[SURF  ,0022]GPS fix...
1593570279:[SURF  ,0015]10 PPS detected...
1593570280:[MRMAID,0052]Mermaid $GPSACK:+0,+0,+0,+0,+0,+0,-152;
1593570290:[MRMAID,0052]Mermaid $GPSOFF:3686317;
1593570292:[GPSFIX,0179]+0s diff
1593570292:[SURF  ,0222]2020-07-01T02:24:52
1593570292:[SURF  ,0082]Latitude : N43deg24.002mn, Longitude :E007deg53.899mn
1593570292:[SURF  ,0223]fix3D,10satellites
1593570292:[SURF  ,0084]GPS fix GPGSA : hdop0.630,vdop0.900
1593570302:[SURF  ,0025]Iridium...
1593570334:[SURF  ,0009]connected in 32s, signal quality 5
1593570374:[SURF  ,0218]prompt received, remote cmd end
1593570374:[SURF  ,0012]12 cmd(s) received
1593570394:[UPLOAD,0248]Upload data files...
1593570576:[UPLOAD,0231]"0051/5EF86566.S41" uploaded at 131bytes/s
1593570707:[UPLOAD,0231]"0051/5EF5B19D.BIN" uploaded at 145bytes/s
1593571763:[SURF  ,0014]disconnected after 1461s
1593571768:[SURFIN,0020]filling external bladder
1593571771:[SURFIN,0019]external bladder full
1593571771:[SURF  ,0069]transfer interrupted , retry
1593571771:[SURF  ,0228]Go dive (Maximum surface delay expired)
1593571786:[SURF  ,0022]GPS fix...
1593571806:[SURF  ,0015]10 PPS detected...
1593571807:[MRMAID,0052]Mermaid $GPSACK:+0,+0,+0,+0,+0,+0,-91;
1593571817:[MRMAID,0052]Mermaid $GPSOFF:3686317;
1593571818:[GPSFIX,0179]-1s diff
1593571819:[SURF  ,0222]2020-07-01T02:50:19
1593571819:[SURF  ,0082]Latitude : N43deg23.887mn, Longitude :E007deg54.254mn
1593571819:[SURF  ,0223]fix3D,9satellites
1593571819:[SURF  ,0084]GPS fix GPGSA : hdop0.670,vdop1.050
1593571836:[MAIN  ,0024]internal pressure 80365Pa
1593571837:[BYCMD ,0107]    FreeRTOS V8.2.3
1593571837:[BYCMD ,0108]    FatFS v11a
1593571837:[BYCMD ,0117]    valve is running
1593571837:[BYCMD ,0120]    bypass 20000ms 120000ms (20000ms 60000ms stored)
1593571837:[BYCMD ,0121]    valve 60000ms 12750 (60000ms 12750 stored)
1593571837:[BYCMD ,0122]    pump 60000ms 30% 10750 80% (60000ms 30% 10750 80% stored)
1593571837:[BYCMD ,0123]    rate 2mbar/s (2mbar/s stored)
1593571837:[BYCMD ,0124]    surface 500mbar (500mbar stored)
1593571837:[BYCMD ,0125]    near 25000mbar 3mbar/s (15000mbar 3mbar/s stored)
1593571837:[BYCMD ,0126]    far 15000mbar 4mbar/s (25000mbar 4mbar/s stored)
1593571837:[BYCMD ,0127]    ascent 8mbar/s (8mbar/s stored)
1593571837:[BYCMD ,0128]    dead 300s (300s stored)
1593571837:[BYCMD ,0129]    coeff 16/10 (16/10 stored)
1593571837:[BYCMD ,0130]    stab 10 (10 stored)
1593571837:[BYCMD ,0131]    delay 900s 3600s (900s 3600s stored)
1593571837:[BYCMD ,0132]    mmtime 43200min (2880min stored)
1593571838:[BYCMD ,0133]    dv_landing 100ml (100ml stored)
1593571838:[MKDCMD,0150]    p2t37: 15x2000ms, offset 195mbar
1593571838:[P2TCMD,0151]    p2t37: dp 5000mbar, dt 5000mdegC
1593571838:[STAGE ,0080]Stage [0] 150000mbar (+/-2000mbar) 49980s (<49980s) 
1593571838:[STAGE ,0080]Stage [1] 150000mbar (+/-2000mbar) 190800s (<240780s) MERMAID
1593571838:[STAGE ,0091]Stage [2] surfacing 25020s (<265800s) SBE41
1593571838:[SBE41 ,0282]SBE41 parameters : 
      dsreplyformat=1 (webb(0)/standard(1))
      addtimingdelays=0 (n(0)/y(1))
      outputdensity=0 (n(0)/y(1))
      echocmd=0 (n(0)/y(1))
      outputrt=0 (n(0)/y(1))
      outputpts=0 (n(0)/y(1))
      outputsn=0 (n(0)/y(1))
      outputpressure=1 (n(0)/y(1))
      pcutoff=2dbar
      tswait=0s
      pumpfastpt=1 (n(0)/y(1))
      samplerate=1 ('fast':1Hz(1)/'slow':0.5Hz(0))
      top_bin_interval=10dbar
      top_bin_size=10dbar
      top_bin_max=100dbar
      middle_bin_interval=50dbar
      middle_bin_size=50dbar
      middle_bin_max=1000dbar
      bottom_bin_interval=100dbar
      bottom_bin_size=100dbar
      includetransitionbin=0
      includenbin=0 (n(0)/y(1))
      autobinavg=0 (n(0)/y(1))
1593571838:[SBE41 ,0283]SBE41 pilot policy : 
      continiousprofile=0 (n(0)/y(1)
      speeddetection=1 (n(0)/y(1)
      hexoutput=1 (n(0)/y(1)
      binaverageoutput=0 (n(0)/y(1)
      manualprofilerate=10s
      runningpumpbeforeprofile=0s
      speedstart=2mbar/s
      speedcontrol=9mbar/s
1593571838:[MAIN  ,0070]turn off bluetooth
1593571865:[DIVING,0141]diving from -15mbar, +0mbar/s
1593571865:[BYPASS,0035]bypass opening 120000ms
1593572022:[BYPASS,0035]bypass opening 20000ms
1593572078:[BYPASS,0035]bypass opening 20000ms
1593572203:[DIVING,0028]515mbar reached (+6mbar/s), 3 bypass done
1593572203:[MAIN  ,0056]stage[0]
1593572205:[MAIN  ,0024]internal pressure 82692Pa
1593572206:[BUOY  ,0037]P   +535mbar
1593572206:[STAGE ,0080]Stage [0] 150000mbar (+/-2000mbar) 49980s (<1593622183s) 
1593572533:[BUOY  ,0087]from +1mbar/s to +4mbar/s
1593572533:[BUOY  ,0090]need to transfer -24mL (valve during 9000ms)
1593572533:[VALVE ,0034]valve opening 9000ms
1593572858:[BUOY  ,0087]from +1mbar/s to +4mbar/s
1593572858:[BUOY  ,0090]need to transfer -24mL (valve during 7650ms)
1593572858:[VALVE ,0034]valve opening 7650ms
1593573483:[PRESS ,0038]P  +3905mbar,T+17537mdegC
1593574783:[PRESS ,0038]P  +9425mbar,T+14764mdegC
1593576082:[PRESS ,0038]P +14435mbar,T+14289mdegC
1593577707:[PRESS ,0038]P +20345mbar,T+14158mdegC
1593579331:[PRESS ,0038]P +25435mbar,T+14102mdegC
1593579356:[BUOY  ,0087]from +2mbar/s to +4mbar/s
1593579356:[BUOY  ,0090]need to transfer -20mL (valve during 1604ms)
1593579356:[VALVE ,0034]valve opening 1604ms
1593580631:[PRESS ,0038]P +30885mbar,T+14052mdegC
1593581930:[PRESS ,0038]P +36055mbar,T+13967mdegC
1593583233:[PRESS ,0038]P +41065mbar,T+13897mdegC
1593584854:[PRESS ,0038]P +46755mbar,T+13822mdegC
1593586479:[PRESS ,0038]P +52155mbar,T+13749mdegC
1593586503:[BUOY  ,0087]from +2mbar/s to +4mbar/s
1593586503:[BUOY  ,0090]need to transfer -20mL (valve during 1118ms)
1593586503:[VALVE ,0034]valve opening 1118ms
1593587778:[PRESS ,0038]P +57775mbar,T+13681mdegC
1593589078:[PRESS ,0038]P +63215mbar,T+13630mdegC
1593590377:[PRESS ,0038]P +68305mbar,T+13583mdegC
1593592002:[PRESS ,0038]P +74135mbar,T+13530mdegC
1593593626:[PRESS ,0038]P +79415mbar,T+13488mdegC
1593595575:[PRESS ,0038]P +85145mbar,T+13440mdegC
1593597525:[PRESS ,0038]P +90465mbar,T+13408mdegC
1593597874:[BUOY  ,0087]from +2mbar/s to +4mbar/s
1593597874:[BUOY  ,0090]need to transfer -20mL (valve during 844ms)
1593597874:[VALVE ,0034]valve opening 844ms
1593599149:[PRESS ,0038]P +96535mbar,T+13373mdegC
1593600774:[PRESS ,0038]P+102525mbar,T+13344mdegC
1593602398:[PRESS ,0038]P+107795mbar,T+13320mdegC
1593603722:[BUOY  ,0087]from +2mbar/s to +4mbar/s
1593603722:[BUOY  ,0090]need to transfer -20mL (valve during 763ms)
1593603722:[VALVE ,0034]valve opening 763ms
1593604023:[PRESS ,0038]P+113365mbar,T+13300mdegC
1593605322:[PRESS ,0038]P+119345mbar,T+13284mdegC
1593606622:[PRESS ,0038]P+124975mbar,T+13269mdegC
1593607921:[PRESS ,0038]P+130155mbar,T+13259mdegC
1593609245:[BUOY  ,0087]from +4mbar/s to +2mbar/s
1593609245:[BUOY  ,0089]need to transfer +20mL (pump during 24172ms)
1593609254:[PUMP  ,0016]pump during 24172ms
1593609549:[PRESS ,0038]P+135795mbar,T+13257mdegC
1593612148:[PRESS ,0038]P+141345mbar,T+13240mdegC
1593615397:[PRESS ,0038]P+146675mbar,T+13231mdegC
1593616721:[STAGE ,0213]148205mbar reached at 1593616721s, ref 150000mbar +/-2000mbar
1593619722:[BUOY  ,0087]from +1mbar/s to +0mbar/s
1593619722:[BUOY  ,0089]need to transfer +2mL (pump during 2417ms)
1593619730:[PUMP  ,0016]pump during 2417ms
1593620351:[BUOY  ,0087]from -1mbar/s to +0mbar/s
1593620351:[BUOY  ,0090]need to transfer -2mL (valve during 66ms)
1593620351:[VALVE ,0034]valve opening 66ms
1593620676:[BUOY  ,0087]from +1mbar/s to +0mbar/s
1593620676:[BUOY  ,0089]need to transfer +2mL (pump during 2417ms)
1593620684:[PUMP  ,0016]pump during 2417ms
1593621004:[BUOY  ,0087]from +1mbar/s to +0mbar/s
1593621004:[BUOY  ,0089]need to transfer +2mL (pump during 2417ms)
1593621012:[PUMP  ,0016]pump during 2417ms
1593621332:[BUOY  ,0087]from +1mbar/s to +0mbar/s
1593621332:[BUOY  ,0089]need to transfer +2mL (pump during 2417ms)
1593621340:[PUMP  ,0016]pump during 2417ms
1593621660:[BUOY  ,0087]from +1mbar/s to +0mbar/s
1593621660:[BUOY  ,0089]need to transfer +2mL (pump during 2418ms)
1593621668:[PUMP  ,0016]pump during 2418ms
1593622288:[MAIN  ,0140]stage[0] complete -15451s after mission start
1593622288:[MAIN  ,0056]stage[1]
1593622290:[MAIN  ,0024]internal pressure 80427Pa
1593622291:[MRMAID,0002]acq started
1593622302:[BUOY  ,0037]P+151085mbar
1593622302:[STAGE ,0080]Stage [1] 150000mbar (+/-2000mbar) 190800s (<1593812983s) MERMAID
1593622303:[STAGE ,0213]151075mbar reached at 1593622303s, ref 150000mbar +/-2000mbar
1593629507:[PRESS ,0038]P+151695mbar,T+13217mdegC
1593634009:<WARN>[BUOY  ,0094]stage[1] should ASCENT, stuck at 152005mbar for the #1 time
1593634009:[BUOY  ,0087]from +0mbar/s to -2mbar/s
1593634009:[BUOY  ,0089]need to transfer +6mL (pump during 7260ms)
1593634009:[MRMAID,0003]acq stopped
1593634010:[MRMAID,0052]Mermaid $MEASFS,460317,11503.896392,40.014008;
1593634018:[PUMP  ,0016]pump during 7260ms
1593634028:[MRMAID,0002]acq started
1593635848:[BUOY  ,0087]from -1mbar/s to +0mbar/s
1593635848:[BUOY  ,0090]need to transfer -2mL (valve during 66ms)
1593635848:[MRMAID,0003]acq stopped
1593635848:[MRMAID,0183]dropping spurious '0x37'
1593635848:[MRMAID,0183]dropping spurious '0x30'
1593635848:[MRMAID,0183]dropping spurious '0x37'
1593635848:[MRMAID,0183]dropping spurious '0x31'
1593635848:[MRMAID,0183]dropping spurious '0x37'
1593635848:[MRMAID,0183]dropping spurious '0x2C'
1593635848:[MRMAID,0183]dropping spurious '0x31'
1593635848:[MRMAID,0183]dropping spurious '0x37'
1593635848:[MRMAID,0183]dropping spurious '0x36'
1593635848:[MRMAID,0183]dropping spurious '0x37'
1593635848:[MRMAID,0183]dropping spurious '0x2E'
1593635849:[MRMAID,0183]dropping spurious '0x33'
1593635849:[VALVE ,0034]valve opening 66ms
1593635849:[MRMAID,0183]dropping spurious '0x30'
1593635849:[MRMAID,0183]dropping spurious '0x36'
1593635849:[MRMAID,0183]dropping spurious '0x30'
1593635849:[MRMAID,0183]dropping spurious '0x39'
1593635849:[MRMAID,0183]dropping spurious '0x32'
1593635849:[MRMAID,0183]dropping spurious '0x2C'
1593635849:[MRMAID,0183]dropping spurious '0x34'
1593635849:[MRMAID,0183]dropping spurious '0x30'
1593635849:[MRMAID,0183]dropping spurious '0x2E'
1593635849:[MRMAID,0183]dropping spurious '0x30'
1593635849:[MRMAID,0183]dropping spurious '0x31'
1593635849:[MRMAID,0183]dropping spurious '0x34'
1593635849:[MRMAID,0183]dropping spurious '0x30'
1593635849:[MRMAID,0183]dropping spurious '0x30'
1593635849:[MRMAID,0183]dropping spurious '0x38'
1593635849:[MRMAID,0183]dropping spurious '0x3B'
1593635849:[MRMAID,0185]28 spurious byte(s) received
1593635850:[MRMAID,0002]acq started
1593636483:[BUOY  ,0087]from +1mbar/s to +0mbar/s
1593636483:[BUOY  ,0089]need to transfer +2mL (pump during 2420ms)
1593636483:[MRMAID,0003]acq stopped
1593636492:[PUMP  ,0016]pump during 2420ms
1593636497:[MRMAID,0002]acq started
1593636821:[BUOY  ,0087]from +1mbar/s to +0mbar/s
1593636821:[BUOY  ,0089]need to transfer +2mL (pump during 2420ms)
1593636822:[MRMAID,0003]acq stopped
1593636830:[PUMP  ,0016]pump during 2420ms
1593636835:[MRMAID,0002]acq started
1593659970:<WARN>[BUOY  ,0094]stage[1] should ASCENT, stuck at 152005mbar for the #2 time
1593659970:[BUOY  ,0087]from +0mbar/s to -2mbar/s
1593659970:[BUOY  ,0089]need to transfer +6mL (pump during 7260ms)
1593659970:[MRMAID,0003]acq stopped
1593659971:[MRMAID,0052]Mermaid $MEASFS,923632,23082.716126,40.014009;
1593659979:[PUMP  ,0016]pump during 7260ms
1593659989:[MRMAID,0002]acq started
1593661809:[BUOY  ,0087]from -1mbar/s to +0mbar/s
1593661809:[BUOY  ,0090]need to transfer -2mL (valve during 66ms)
1593661809:[MRMAID,0003]acq stopped
1593661809:[MRMAID,0052]Mermaid $MEASFS,70708,1767.081116,40.014009;
1593661810:[VALVE ,0034]valve opening 66ms
1593661815:[MRMAID,0002]acq started
1593662444:[BUOY  ,0087]from +1mbar/s to +0mbar/s
1593662444:[BUOY  ,0089]need to transfer +2mL (pump during 2420ms)
1593662444:[MRMAID,0003]acq stopped
1593662453:[PUMP  ,0016]pump during 2420ms
1593662458:[MRMAID,0002]acq started
1593662782:[BUOY  ,0087]from +1mbar/s to +0mbar/s
1593662782:[BUOY  ,0089]need to transfer +2mL (pump during 2422ms)
1593662782:[MRMAID,0003]acq stopped
1593662791:[PUMP  ,0016]pump during 2422ms
1593662797:[MRMAID,0002]acq started
1593717147:<WARN>[BUOY  ,0094]stage[1] should ASCENT, stuck at 152015mbar for the #3 time
1593717147:[BUOY  ,0087]from +0mbar/s to -2mbar/s
1593717147:[BUOY  ,0089]need to transfer +6mL (pump during 7261ms)
1593717147:[MRMAID,0002]acq started
1593717148:[MRMAID,0052]Mermaid $MEASFS,2172691,54298.258606,40.014009;
1593717149:[MRMAID,0183]dropping spurious '0x54'
1593717149:[MRMAID,0183]dropping spurious '0x4F'
1593717149:[MRMAID,0183]dropping spurious '0x50'
1593717149:[MRMAID,0183]dropping spurious '0x41'
1593717149:[MRMAID,0183]dropping spurious '0x43'
1593717149:[MRMAID,0183]dropping spurious '0x4B'
1593717149:[MRMAID,0183]dropping spurious '0x3A'
1593717149:[MRMAID,0183]dropping spurious '0x2B'
1593717149:[MRMAID,0183]dropping spurious '0x31'
1593717149:[MRMAID,0183]dropping spurious '0x3B'
1593717149:[MRMAID,0185]10 spurious byte(s) received
1593717155:[PUMP  ,0016]pump during 7261ms
1593717166:[MRMAID,0002]acq started
1593719286:[BUOY  ,0087]from -1mbar/s to +0mbar/s
1593719286:[BUOY  ,0090]need to transfer -2mL (valve during 66ms)
1593719286:[MRMAID,0003]acq stopped
1593719286:[MRMAID,0052]Mermaid $MEASFS,82713,2067.101074,40.014009;
1593719286:[VALVE ,0034]valve opening 66ms
1593719298:[MRMAID,0002]acq started
1593719631:[BUOY  ,0087]from +1mbar/s to +0mbar/s
1593719631:[BUOY  ,0089]need to transfer +2mL (pump during 2424ms)
1593719631:[MRMAID,0003]acq stopped
1593719640:[PUMP  ,0016]pump during 2424ms
1593719645:[MRMAID,0002]acq started
1593719969:[BUOY  ,0087]from +1mbar/s to +0mbar/s
1593719969:[BUOY  ,0089]need to transfer +2mL (pump during 2424ms)
1593719969:[MRMAID,0003]acq stopped
1593719978:[PUMP  ,0016]pump during 2424ms
1593719983:[MRMAID,0002]acq started
1593764468:[MRMAID,0027]1513dbar, 13degC
1593764621:[MRMAID,0005]ascent request rejected
1593809150:<WARN>[BUOY  ,0094]stage[1] should ASCENT, stuck at 152015mbar for the #4 time
1593809150:[BUOY  ,0087]from +0mbar/s to -2mbar/s
1593809150:[BUOY  ,0089]need to transfer +6mL (pump during 7264ms)
1593809150:[MRMAID,0003]acq stopped
1593809152:[MRMAID,0052]Mermaid $MEASFS,3565871,89115.564453,40.014009;
1593809159:[PUMP  ,0016]pump during 7264ms
1593809169:[MRMAID,0002]acq started
1593810989:[BUOY  ,0087]from -1mbar/s to +0mbar/s
1593810989:[BUOY  ,0090]need to transfer -2mL (valve during 66ms)
1593810989:[MRMAID,0003]acq stopped
1593810989:[MRMAID,0052]Mermaid $MEASFS,70709,1767.106110,40.014009;
1593810990:[VALVE ,0034]valve opening 66ms
1593811001:[MRMAID,0002]acq started
1593811635:[BUOY  ,0087]from +1mbar/s to +0mbar/s
1593811635:[BUOY  ,0089]need to transfer +2mL (pump during 2420ms)
1593811635:[MRMAID,0003]acq stopped
1593811643:[PUMP  ,0016]pump during 2420ms
1593811649:[MRMAID,0002]acq started
1593812273:[BUOY  ,0087]from +1mbar/s to +0mbar/s
1593812273:[BUOY  ,0089]need to transfer +2mL (pump during 2420ms)
1593812273:[MRMAID,0003]acq stopped
1593812282:[PUMP  ,0016]pump during 2420ms
1593812287:[MRMAID,0002]acq started
1593813211:[MAIN  ,0140]stage[1] complete -21136s after mission start
1593813211:[MRMAID,0003]acq stopped
1593813211:[MRMAID,0183]dropping spurious '0x31'
1593813211:[MRMAID,0183]dropping spurious '0x2E'
1593813211:[MRMAID,0183]dropping spurious '0x35'
1593813211:[MRMAID,0183]dropping spurious '0x34'
1593813212:[MRMAID,0183]dropping spurious '0x34'
1593813212:[MRMAID,0183]dropping spurious '0x37'
1593813212:[MRMAID,0183]dropping spurious '0x36'
1593813212:[MRMAID,0183]dropping spurious '0x39'
1593813212:[MRMAID,0183]dropping spurious '0x2C'
1593813212:[MRMAID,0183]dropping spurious '0x34'
1593813212:[MRMAID,0183]dropping spurious '0x30'
1593813212:[MRMAID,0183]dropping spurious '0x2E'
1593813212:[MRMAID,0183]dropping spurious '0x30'
1593813212:[MRMAID,0183]dropping spurious '0x31'
1593813212:[MRMAID,0183]dropping spurious '0x34'
1593813212:[MRMAID,0183]dropping spurious '0x30'
1593813212:[MRMAID,0183]dropping spurious '0x30'
1593813212:[MRMAID,0183]dropping spurious '0x39'
1593813212:[MRMAID,0183]dropping spurious '0x3B'
1593813212:[MRMAID,0185]19 spurious byte(s) received
1593813272:[MAIN  ,0056]stage[2]
1593813274:[MAIN  ,0024]internal pressure 80343Pa
1593813279:[SBE41 ,0282]SBE41 parameters : 
      dsreplyformat=1 (webb(0)/standard(1))
      addtimingdelays=0 (n(0)/y(1))
      outputdensity=0 (n(0)/y(1))
      echocmd=0 (n(0)/y(1))
      outputrt=0 (n(0)/y(1))
      outputpts=0 (n(0)/y(1))
      outputsn=0 (n(0)/y(1))
      outputpressure=1 (n(0)/y(1))
      pcutoff=2dbar
      tswait=0s
      pumpfastpt=1 (n(0)/y(1))
      samplerate=1 ('fast':1Hz(1)/'slow':0.5Hz(0))
      top_bin_interval=10dbar
      top_bin_size=10dbar
      top_bin_max=100dbar
      middle_bin_interval=50dbar
      middle_bin_size=50dbar
      middle_bin_max=1000dbar
      bottom_bin_interval=100dbar
      bottom_bin_size=100dbar
      includetransitionbin=0
      includenbin=0 (n(0)/y(1))
      autobinavg=0 (n(0)/y(1))
1593813281:[BUOY  ,0037]P+150735mbar
1593813281:[STAGE ,0091]Stage [2] surfacing 25020s (<1593838003s) SBE41
1593813283:<WARN>[BUOY  ,0094]stage[2] should ASCENT, stuck at 150725mbar for the #1 time
1593813283:[BUOY  ,0087]from +0mbar/s to -9mbar/s
1593813283:[BUOY  ,0089]need to transfer +130mL (pump during 157385ms)
1593813291:[PUMP  ,0016]pump during 60000ms
1593813611:[BUOY  ,0087]from -4mbar/s to -9mbar/s
1593813611:[BUOY  ,0089]need to transfer +104mL (pump during 127764ms)
1593813611:[SBE41 ,0337]Speed start detected
1593813619:[PUMP  ,0016]pump during 60000ms
1593813939:[BUOY  ,0087]from -6mbar/s to -9mbar/s
1593813939:[BUOY  ,0089]need to transfer +72mL (pump during 88452ms)
1593813947:[PUMP  ,0016]pump during 60000ms
1593814242:[PRESS ,0038]P+145385mbar,T+13243mdegC
1593814267:[BUOY  ,0087]from -7mbar/s to -9mbar/s
1593814267:[BUOY  ,0089]need to transfer +52mL (pump during 65245ms)
1593814275:[PUMP  ,0016]pump during 60000ms
1593814895:[PRESS ,0038]P+139785mbar,T+13261mdegC
1593815545:[PRESS ,0038]P+134245mbar,T+13251mdegC
1593816195:[PRESS ,0038]P+128845mbar,T+13236mdegC
1593816844:[PRESS ,0038]P+123715mbar,T+13228mdegC
1593817494:[PRESS ,0038]P+118695mbar,T+13224mdegC
1593817519:[BUOY  ,0087]from -7mbar/s to -9mbar/s
1593817519:[BUOY  ,0089]need to transfer +52mL (pump during 64118ms)
1593817527:[PUMP  ,0016]pump during 60000ms
1593818147:[PRESS ,0038]P+113115mbar,T+13241mdegC
1593818797:[PRESS ,0038]P+107485mbar,T+13252mdegC
1593819447:[PRESS ,0038]P+101965mbar,T+13258mdegC
1593820097:[PRESS ,0038]P +96565mbar,T+13261mdegC
1593820746:[PRESS ,0038]P +91365mbar,T+13268mdegC
1593821396:[PRESS ,0038]P +86185mbar,T+13278mdegC
1593821746:[BUOY  ,0087]from -7mbar/s to -9mbar/s
1593821746:[BUOY  ,0089]need to transfer +52mL (pump during 64118ms)
1593821754:[PUMP  ,0016]pump during 60000ms
1593822049:[PRESS ,0038]P +80755mbar,T+13299mdegC
1593822699:[PRESS ,0038]P +74985mbar,T+13332mdegC
1593823349:[PRESS ,0038]P +69345mbar,T+13358mdegC
1593823998:[PRESS ,0038]P +63895mbar,T+13377mdegC
1593824648:[PRESS ,0038]P +58655mbar,T+13404mdegC
1593825298:[PRESS ,0038]P +53445mbar,T+13435mdegC
1593825948:[PRESS ,0038]P +48285mbar,T+13471mdegC
1593826598:[PRESS ,0038]P +43255mbar,T+13515mdegC
1593827267:[PRESS ,0038]P +38235mbar,T+13557mdegC
1593827272:[BUOY  ,0087]from -7mbar/s to -9mbar/s
1593827272:[BUOY  ,0089]need to transfer +52mL (pump during 64118ms)
1593827280:[PUMP  ,0016]pump during 60000ms
1593827900:[PRESS ,0038]P +32545mbar,T+13609mdegC
1593827925:[BUOY  ,0087]from -10mbar/s to -9mbar/s
1593827925:[BUOY  ,0090]need to transfer -30mL (valve during 2137ms)
1593827925:[VALVE ,0034]valve opening 2137ms
1593828550:[PRESS ,0038]P +26975mbar,T+13675mdegC
1593829200:[PRESS ,0038]P +21885mbar,T+13732mdegC
1593829875:[BUOY  ,0087]from -7mbar/s to -9mbar/s
1593829875:[BUOY  ,0089]need to transfer +52mL (pump during 64118ms)
1593829883:[PUMP  ,0016]pump during 60000ms
1593830178:[PRESS ,0038]P +14345mbar,T+13771mdegC
1593830828:[PRESS ,0038]P  +8685mbar,T+13758mdegC
1593831478:[PRESS ,0038]P  +3315mbar,T+13685mdegC
1593831827:[BUOY  ,0087]from -4mbar/s to -9mbar/s
1593831827:[BUOY  ,0089]need to transfer +104mL (pump during 128237ms)
1593831835:[PUMP  ,0016]pump during 60000ms
1593832155:[STAGE ,0214]155mbar (500) reached at 1593832155s, ascending from 150735mbar
1593832155:[STAGE ,0342]The float reached the surface : OK
1593832155:[MAIN  ,0140]stage[2] complete -2192s after mission start
1593832161:[SBE41 ,0343]SBE41 dump : 18540 stored samples in hexa format
1593832855:[SBE41 ,0338]Dump finished
1593832855:[SBE41 ,0318]166860 bytes in 0051/5EFFA920.S41
1593832855:[MRMAID,0188]acq already stopped
1593832916:[MSSION,0192]mission stopped, 3 stage(s) done
1593832916:[MAIN  ,0065]surfacing
1593832918:[PRESS ,0038]P    -95mbar,T+19416mdegC
1593832918:[SURFIN,0036]P    -95mbar
1593832921:[SURFIN,0020]filling external bladder
1593832929:[PUMP  ,0016]pump during 300000ms
1593833184:[SURFIN,0019]external bladder full
1593833245:[MAIN  ,0272]Vbat 14671mV (min 14565mV)
1593833247:[MAIN  ,0024]internal pressure 79257Pa
1593833248:[MAIN  ,0043]Pext 169mbar (rng 20mbar)
1593833248:[MAIN  ,0064]surface
1593833258:[SURF  ,0022]GPS fix...
1593833261:<WARN>[GPSFIX,0123]GPRMC ms=360 #1
1593833297:[SURF  ,0015]10 PPS detected...
1593833299:[MRMAID,0052]Mermaid $GPSACK:+0,+0,+0,+0,+0,+0,-332733;
1593833309:[MRMAID,0052]Mermaid $GPSOFF:3686321;
1593833310:[GPSFIX,0179]-3s diff
1593833313:[SURF  ,0222]2020-07-04T03:28:33
1593833313:[SURF  ,0082]Latitude : N43deg23.570mn, Longitude :E007deg53.667mn
1593833313:[SURF  ,0223]fix3D,8satellites
1593833313:[SURF  ,0084]GPS fix GPGSA : hdop0.740,vdop1.380
1593833323:[SURF  ,0274]last almanac : 3697712
1593833595:[MRMAID,0026]104680 bytes in 0051/5EFFF770.MER
1593833601:[MAIN  ,0320]New pressure offset: 169mbar
1593833601:[LOGBIN,0078]*** switching to 0051/5EFFF881 ***
