1590134463:[MONITR,0197]reboot code 0x0000, src/monitor.c@520
1590134463:[MAIN  ,0007]buoy 452.020-P-0051
1590134463:[MAIN  ,0055]soft pilotage 452.012.300_V2.18-20200518
1590134463:[MAIN  ,0011]date 2020-05-22T08:01:03
1590134469:[MAIN  ,0006]battery 15375mV,    7076uA
1590134472:[MAIN  ,0024]internal pressure 81577Pa
1590134473:[PRESS ,0038]P   -115mbar,T+24356mdegC
1590134473:[MRMAID,0182]thread started
1590134475:[MRMAID,0186]no wake-up
1590134476:[MRMAID,0188]acq already stopped
1590134476:[MRMAID,0052]Mermaid $BOARD:452116600-51;
1590134477:[MRMAID,0052]Mermaid $SOFT:2.1344;
1590134477:[TESTMD,0053]Enter in test mode? yes/no
1590134477:[TESTMD,0252]0051>
1590134507:[BYCMD ,0107]    FreeRTOS V8.2.3
1590134507:[BYCMD ,0108]    FatFS v11a
1590134507:[BYCMD ,0117]    valve is running
1590134507:[BYCMD ,0120]    bypass 20000ms 60000ms (20000ms 60000ms stored)
1590134507:[BYCMD ,0121]    valve 60000ms 12750 (60000ms 12750 stored)
1590134507:[BYCMD ,0122]    pump 60000ms 30% 10750 80% (60000ms 30% 10750 80% stored)
1590134507:[BYCMD ,0123]    rate 2mbar/s (2mbar/s stored)
1590134507:[BYCMD ,0124]    surface 500mbar (500mbar stored)
1590134507:[BYCMD ,0125]    near 15000mbar 3mbar/s (15000mbar 3mbar/s stored)
1590134507:[BYCMD ,0126]    far 25000mbar 4mbar/s (25000mbar 4mbar/s stored)
1590134507:[BYCMD ,0127]    ascent 8mbar/s (8mbar/s stored)
1590134507:[BYCMD ,0128]    dead 300s (300s stored)
1590134507:[BYCMD ,0129]    coeff 16/10 (16/10 stored)
1590134507:[BYCMD ,0130]    stab 10 (10 stored)
1590134508:[BYCMD ,0131]    delay 900s 3600s (900s 3600s stored)
1590134508:[BYCMD ,0132]    mmtime 2880min (2880min stored)
1590134508:[BYCMD ,0133]    dv_landing 100ml (100ml stored)
1590134508:[MKDCMD,0150]    p2t37: 15x2000ms, offset 175mbar
1590134508:[P2TCMD,0151]    p2t37: dp 5000mbar, dt 5000mdegC
1590134508:[STACMD,0077]    mission empty
1590134508:[MAIN  ,0065]surfacing
1590134533:[SURFIN,0036]P    -25mbar
1590134536:[SURFIN,0020]filling external bladder
1590134544:[PUMP  ,0016]pump during 300000ms
1590134555:[SURFIN,0019]external bladder full
1590134617:[MAIN  ,0272]Vbat 15332mV (min 15287mV)
1590134619:[MAIN  ,0024]internal pressure 81359Pa
1590134619:[MAIN  ,0043]Pext 156mbar (rng 40mbar)
1590134619:[MAIN  ,0064]surface
1590134619:[CMD   ,0276]0051>
1590134628:[SURF  ,0022]GPS fix...
1590134664:<WARN>[GPSFIX,0123]GPRMC ms=10 #1
1590134690:[SURF  ,0015]10 PPS detected...
1590134691:[MRMAID,0052]Mermaid $GPSACK:+50,+4,+21,+8,-3,+9,-734771;
1590134701:[MRMAID,0052]Mermaid $GPSOFF:3686316;
1590134702:[GPSFIX,0179]-1s diff
1590134703:[SURF  ,0222]2020-05-22T08:05:03
1590134703:[SURF  ,0082]Latitude : N43deg40.938mn, Longitude :E007deg19.173mn
1590134703:[SURF  ,0223]fix3D,7satellites
1590134703:[SURF  ,0084]GPS fix GPGSA : hdop1.020,vdop1.360
1590134713:[SURF  ,0274]last almanac : 9070154
1590135625:[MRMAID,0026]1262 bytes in 0051/5EC78B42.MER
1590135630:[MAIN  ,0320]New pressure offset: 156mbar
1590135630:[LOGBIN,0078]*** switching to 0051/5EC78B4E ***
