1581666457:[MAIN  ,0007]buoy 452.020-P-0051
1581666457:[MAIN  ,0055]soft pilotage 452.012.300_V2.12-20200211
1581666457:[MAIN  ,0010]cycle 23
1581666457:[SURF  ,0225]surface2
1581666475:[SURF  ,0022]GPS fix...
1581666495:[SURF  ,0015]10 PPS detected...
1581666496:[MRMAID,0052]Mermaid $GPSACK:+0,+0,+0,+0,+0,+0,-30;
1581666506:[MRMAID,0052]Mermaid $GPSOFF:3686321;
1581666507:[GPSFIX,0179]-1s diff
1581666508:[SURF  ,0222]2020-02-14T07:48:28
1581666508:[SURF  ,0082]Latitude : N43deg40.942mn, Longitude :E007deg19.166mn
1581666508:[SURF  ,0223]fix3D,8satellites
1581666508:[SURF  ,0084]GPS fix GPGSA : hdop0.700,vdop1.030
1581666518:[SURF  ,0025]Iridium...
1581666526:[SBE41 ,0339]newoffset=-0.76db received after 63s
1581666562:[SURF  ,0009]connected in 44s, signal quality 5
1581666591:[BYCMD ,0120]    bypass 10000ms 120000ms (20000ms 60000ms stored)
1581666593:[BYCMD ,0125]    near 1500mbar 3mbar/s (15000mbar 3mbar/s stored)
1581666595:[BYCMD ,0126]    far 2500mbar 4mbar/s (25000mbar 4mbar/s stored)
1581666599:[BYCMD ,0128]    dead 60s (300s stored)
1581666602:[P2TCMD,0155]p2t log dp > 50mbar
1581666604:[MSSION,0190]4 stage(s) deleted
1581666604:[STACMD,0168]stage del 4
1581666606:[STACMD,0170]stage store 0
1581666618:[SURF  ,0218]prompt received, remote cmd end
1581666618:[SURF  ,0012]7 cmd(s) received
1581666639:[UPLOAD,0248]Upload data files...
1581666664:[UPLOAD,0231]"0051/5E46478C.S41" uploaded at 88bytes/s
1581666680:[UPLOAD,0231]"0051/5E46508C.MER" uploaded at 130bytes/s
1581666930:[UPLOAD,0231]"0051/5E45FC4A.BIN" uploaded at 69bytes/s
1581666975:[UPLOAD,0231]"0051/5E461C4E.S41" uploaded at 122bytes/s
1581666993:[UPLOAD,0231]"0051/5E46225A.MER" uploaded at 111bytes/s
1581667208:[UPLOAD,0231]"0051/5E462268.BIN" uploaded at 43bytes/s
1581667272:[UPLOAD,0231]"0051/5E463A76.BIN" uploaded at 136bytes/s
1581667288:[MAIN  ,0013]7 file(s) uploaded
1581667321:[SURF  ,0014]disconnected after 803s
1581667326:[SURF  ,0227]1st complete transfer
1581667337:[SURF  ,0022]GPS fix...
1581667357:[SURF  ,0015]10 PPS detected...
1581667358:[MRMAID,0052]Mermaid $GPSACK:+0,+0,+0,+0,+0,+0,-61;
1581667368:[MRMAID,0052]Mermaid $GPSOFF:3686321;
1581667369:[GPSFIX,0179]-1s diff
1581667370:[SURF  ,0222]2020-02-14T08:02:50
1581667370:[SURF  ,0082]Latitude : N43deg40.942mn, Longitude :E007deg19.168mn
1581667370:[SURF  ,0223]fix3D,8satellites
1581667370:[SURF  ,0084]GPS fix GPGSA : hdop0.730,vdop1.020
1581667380:[SURF  ,0025]Iridium...
1581667417:[SURF  ,0009]connected in 37s, signal quality 5
1581667441:[BYCMD ,0120]    bypass 10000ms 120000ms (20000ms 60000ms stored)
1581667444:[BYCMD ,0125]    near 1500mbar 3mbar/s (15000mbar 3mbar/s stored)
1581667446:[BYCMD ,0126]    far 2500mbar 4mbar/s (25000mbar 4mbar/s stored)
1581667448:[BYCMD ,0128]    dead 60s (300s stored)
1581667450:[P2TCMD,0155]p2t log dp > 50mbar
1581667454:[STACMD,0168]stage del 0
1581667456:[STACMD,0170]stage store 0
1581667466:[SURF  ,0218]prompt received, remote cmd end
1581667466:[SURF  ,0012]7 cmd(s) received
1581667506:[SURF  ,0014]disconnected after 126s
1581667512:[SURF  ,0226]Go dive (Minimum surface delay expired and no more file to upload)
1581667523:[SURF  ,0022]GPS fix...
1581667543:[SURF  ,0015]10 PPS detected...
1581667544:[MRMAID,0052]Mermaid $GPSACK:+0,+0,+0,+0,+0,+0,+0;
1581667554:[MRMAID,0052]Mermaid $GPSOFF:3686321;
1581667556:[GPSFIX,0179]+0s diff
1581667556:[SURF  ,0222]2020-02-14T08:05:56
1581667556:[SURF  ,0082]Latitude : N43deg40.942mn, Longitude :E007deg19.168mn
1581667556:[SURF  ,0223]fix3D,8satellites
1581667556:[SURF  ,0084]GPS fix GPGSA : hdop0.730,vdop1.020
1581667573:[MAIN  ,0024]internal pressure 78426Pa
1581667574:<WARN>[MAIN  ,0041]mission empty
1581667574:[MAIN  ,0065]surfacing
1581667576:[PRESS ,0038]P    -27mbar,T+14307mdegC
1581667600:[SURFIN,0036]P    -47mbar
1581667604:[SURFIN,0020]filling external bladder
1581667612:[PUMP  ,0207]pump warmup 14901mV/40870uA
1581667612:[PUMP  ,0016]pump during 300000ms
1581667622:[PUMP  ,0212]pump stopped, 14249mV/1436962uA
1581667622:[PUMP  ,0210]aborted, 29100ticks remain
1581667624:[SURFIN,0019]external bladder full
1581667626:[PRESS ,0038]P   +160mbar,T+14307mdegC
1581667685:[MAIN  ,0272]Vbat 14999mV (min 14518mV)
1581667687:[MAIN  ,0024]internal pressure 78459Pa
1581667687:[MAIN  ,0043]Pext 153mbar (rng 20mbar)
1581667688:[MAIN  ,0064]surface
1581667688:[SURF  ,0224]surface1
1581667700:[SURF  ,0022]GPS fix...
1581667720:[SURF  ,0015]10 PPS detected...
1581667721:[MRMAID,0052]Mermaid $GPSACK:+0,+0,+0,+0,+0,+0,+0;
1581667731:[MRMAID,0052]Mermaid $GPSOFF:3686321;
1581667732:[GPSFIX,0179]-1s diff
1581667733:[SURF  ,0222]2020-02-14T08:08:53
1581667733:[SURF  ,0082]Latitude : N43deg40.941mn, Longitude :E007deg19.167mn
1581667733:[SURF  ,0223]fix3D,8satellites
1581667733:[SURF  ,0084]GPS fix GPGSA : hdop0.740,vdop1.010
1581667743:[SURF  ,0274]last almanac : 603184
1581667756:[MRMAID,0026]1554 bytes in 0051/5E4655A4.MER
1581667761:[MAIN  ,0320]New pressure offset: 153mbar
1581667761:[SURF  ,0225]surface2
1581667773:[SURF  ,0022]GPS fix...
1581667793:[SURF  ,0015]10 PPS detected...
1581667794:[MRMAID,0052]Mermaid $GPSACK:+0,+0,+0,+0,+0,+0,+0;
1581667804:[MRMAID,0052]Mermaid $GPSOFF:3686321;
1581667805:[GPSFIX,0179]-1s diff
1581667806:[SURF  ,0222]2020-02-14T08:10:06
1581667806:[SURF  ,0082]Latitude : N43deg40.942mn, Longitude :E007deg19.167mn
1581667806:[SURF  ,0223]fix3D,8satellites
1581667806:[SURF  ,0084]GPS fix GPGSA : hdop0.740,vdop1.000
1581667816:[SURF  ,0025]Iridium...
1581667826:[SBE41 ,0339]newoffset=-0.71db received after 63s
1581667869:[SURF  ,0009]connected in 53s, signal quality 5
1581667896:[BYCMD ,0120]    bypass 10000ms 120000ms (20000ms 60000ms stored)
1581667898:[BYCMD ,0125]    near 1500mbar 3mbar/s (15000mbar 3mbar/s stored)
1581667900:[BYCMD ,0126]    far 2500mbar 4mbar/s (25000mbar 4mbar/s stored)
1581667902:[BYCMD ,0128]    dead 60s (300s stored)
1581667904:[P2TCMD,0155]p2t log dp > 50mbar
1581667906:[STACMD,0168]stage del 0
1581667908:[STACMD,0170]stage store 0
1581667918:[SURF  ,0218]prompt received, remote cmd end
1581667918:[SURF  ,0012]7 cmd(s) received
1581667939:[UPLOAD,0248]Upload data files...
1581667959:[UPLOAD,0231]"0051/5E4655A4.MER" uploaded at 141bytes/s
1581667975:[MAIN  ,0013]1 file(s) uploaded
1581668007:[SURF  ,0014]disconnected after 191s
1581668012:[SURF  ,0227]1st complete transfer
1581668392:[SURF  ,0022]GPS fix...
1581668413:[SURF  ,0015]10 PPS detected...
1581668414:[MRMAID,0052]Mermaid $GPSACK:+0,+0,+0,+0,+0,+0,+0;
1581668424:[MRMAID,0052]Mermaid $GPSOFF:3686321;
1581668425:[GPSFIX,0179]-1s diff
1581668426:[SURF  ,0222]2020-02-14T08:20:26
1581668426:[SURF  ,0082]Latitude : N43deg40.943mn, Longitude :E007deg19.168mn
1581668426:[SURF  ,0223]fix3D,8satellites
1581668426:[SURF  ,0084]GPS fix GPGSA : hdop0.750,vdop0.970
1581668436:[SURF  ,0025]Iridium...
1581668469:[SURF  ,0009]connected in 33s, signal quality 5
1581668497:[BYCMD ,0120]    bypass 10000ms 120000ms (20000ms 60000ms stored)
1581668498:[BYCMD ,0125]    near 1500mbar 3mbar/s (15000mbar 3mbar/s stored)
1581668500:[BYCMD ,0126]    far 2500mbar 4mbar/s (25000mbar 4mbar/s stored)
1581668502:[BYCMD ,0128]    dead 60s (300s stored)
1581668503:[P2TCMD,0155]p2t log dp > 50mbar
1581668505:[STACMD,0168]stage del 0
1581668506:[STACMD,0170]stage store 0
1581668516:[SURF  ,0218]prompt received, remote cmd end
1581668516:[SURF  ,0012]7 cmd(s) received
1581668555:[SURF  ,0014]disconnected after 119s
1581668560:[SURF  ,0226]Go dive (Minimum surface delay expired and no more file to upload)
1581668575:[SURF  ,0022]GPS fix...
1581668596:[SURF  ,0015]10 PPS detected...
1581668597:[MRMAID,0052]Mermaid $GPSACK:+0,+0,+0,+0,+0,+0,+0;
1581668607:[MRMAID,0052]Mermaid $GPSOFF:3686321;
1581668608:[GPSFIX,0179]-1s diff
1581668609:[SURF  ,0222]2020-02-14T08:23:29
1581668609:[SURF  ,0082]Latitude : N43deg40.941mn, Longitude :E007deg19.168mn
1581668609:[SURF  ,0223]fix3D,8satellites
1581668609:[SURF  ,0084]GPS fix GPGSA : hdop0.760,vdop0.950
1581668626:[MAIN  ,0024]internal pressure 78435Pa
1581668627:<WARN>[MAIN  ,0041]mission empty
1581668627:[MAIN  ,0065]surfacing
1581668629:[PRESS ,0038]P     -3mbar,T+14259mdegC
1581668654:[SURFIN,0036]P     -3mbar
1581668657:[SURFIN,0020]filling external bladder
1581668665:[PUMP  ,0207]pump warmup 14996mV/40992uA
1581668665:[PUMP  ,0016]pump during 300000ms
1581668675:[PUMP  ,0212]pump stopped, 14298mV/1440103uA
1581668675:[PUMP  ,0210]aborted, 29100ticks remain
1581668677:[SURFIN,0019]external bladder full
1581668679:[PRESS ,0038]P   +160mbar,T+14259mdegC
1581668738:[MAIN  ,0272]Vbat 15085mV (min 14518mV)
1581668740:[MAIN  ,0024]internal pressure 78446Pa
1581668741:[MAIN  ,0043]Pext 156mbar (rng 20mbar)
1581668741:[MAIN  ,0064]surface
1581668741:[SURF  ,0224]surface1
1581668755:[SURF  ,0022]GPS fix...
1581668776:[SURF  ,0015]10 PPS detected...
1581668777:[MRMAID,0052]Mermaid $GPSACK:+0,+0,+0,+0,+0,+0,-30;
1581668787:[MRMAID,0052]Mermaid $GPSOFF:3686321;
1581668788:[GPSFIX,0179]-1s diff
1581668789:[SURF  ,0222]2020-02-14T08:26:29
1581668789:[SURF  ,0082]Latitude : N43deg40.942mn, Longitude :E007deg19.168mn
1581668789:[SURF  ,0223]fix3D,8satellites
1581668789:[SURF  ,0084]GPS fix GPGSA : hdop0.740,vdop0.930
1581668799:[SURF  ,0274]last almanac : 604240
1581668812:[MRMAID,0026]1552 bytes in 0051/5E4659C4.MER
1581668817:[MAIN  ,0320]New pressure offset: 156mbar
1581668817:[SURF  ,0225]surface2
1581668831:[SURF  ,0022]GPS fix...
1581668852:[SURF  ,0015]10 PPS detected...
1581668853:[MRMAID,0052]Mermaid $GPSACK:+0,+0,+0,+0,+0,+0,+0;
1581668863:[MRMAID,0052]Mermaid $GPSOFF:3686321;
1581668864:[GPSFIX,0179]-1s diff
1581668865:[SURF  ,0222]2020-02-14T08:27:45
1581668865:[SURF  ,0082]Latitude : N43deg40.942mn, Longitude :E007deg19.168mn
1581668865:[SURF  ,0223]fix3D,8satellites
1581668865:[SURF  ,0084]GPS fix GPGSA : hdop0.740,vdop0.930
1581668875:[SURF  ,0025]Iridium...
1581668882:[SBE41 ,0339]newoffset=-0.67db received after 63s
1581668912:[SURF  ,0009]connected in 37s, signal quality 5
1581668943:[BYCMD ,0120]    bypass 10000ms 120000ms (20000ms 60000ms stored)
1581668945:[BYCMD ,0125]    near 1500mbar 3mbar/s (15000mbar 3mbar/s stored)
1581668947:[BYCMD ,0126]    far 2500mbar 4mbar/s (25000mbar 4mbar/s stored)
1581668949:[BYCMD ,0128]    dead 60s (300s stored)
1581668951:[P2TCMD,0155]p2t log dp > 50mbar
1581668953:[STACMD,0168]stage del 0
1581668955:[STACMD,0170]stage store 0
1581668965:[SURF  ,0218]prompt received, remote cmd end
1581668965:[SURF  ,0012]7 cmd(s) received
1581668986:[UPLOAD,0248]Upload data files...
1581669004:[UPLOAD,0231]"0051/5E4659C4.MER" uploaded at 141bytes/s
1581669021:[MAIN  ,0013]1 file(s) uploaded
1581669054:[SURF  ,0014]disconnected after 179s
1581669059:[SURF  ,0227]1st complete transfer
1581669450:[SURF  ,0022]GPS fix...
1581669470:[SURF  ,0015]10 PPS detected...
1581669471:[MRMAID,0052]Mermaid $GPSACK:+0,+0,+0,+0,+0,+0,-30;
1581669481:[MRMAID,0052]Mermaid $GPSOFF:3686321;
1581669482:[GPSFIX,0179]-1s diff
1581669483:[SURF  ,0222]2020-02-14T08:38:03
1581669483:[SURF  ,0082]Latitude : N43deg40.942mn, Longitude :E007deg19.169mn
1581669483:[SURF  ,0223]fix3D,7satellites
1581669483:[SURF  ,0084]GPS fix GPGSA : hdop0.760,vdop0.980
1581669493:[SURF  ,0025]Iridium...
1581669531:[SURF  ,0009]connected in 38s, signal quality 5
1581669559:[BYCMD ,0120]    bypass 10000ms 120000ms (20000ms 60000ms stored)
1581669561:[BYCMD ,0125]    near 1500mbar 3mbar/s (15000mbar 3mbar/s stored)
1581669563:[BYCMD ,0126]    far 2500mbar 4mbar/s (25000mbar 4mbar/s stored)
1581669565:[BYCMD ,0128]    dead 60s (300s stored)
1581669567:[P2TCMD,0155]p2t log dp > 50mbar
1581669569:[STACMD,0168]stage del 0
1581669571:[STACMD,0170]stage store 0
1581669581:[SURF  ,0218]prompt received, remote cmd end
1581669581:[SURF  ,0012]7 cmd(s) received
1581669620:[SURF  ,0014]disconnected after 127s
1581669625:[SURF  ,0226]Go dive (Minimum surface delay expired and no more file to upload)
1581669638:[SURF  ,0022]GPS fix...
1581669659:[SURF  ,0015]10 PPS detected...
1581669660:[MRMAID,0052]Mermaid $GPSACK:+0,+0,+0,+0,+0,+0,-30;
1581669670:[MRMAID,0052]Mermaid $GPSOFF:3686321;
1581669671:[GPSFIX,0179]-1s diff
1581669672:[SURF  ,0222]2020-02-14T08:41:12
1581669672:[SURF  ,0082]Latitude : N43deg40.942mn, Longitude :E007deg19.168mn
1581669672:[SURF  ,0223]fix3D,8satellites
1581669672:[SURF  ,0084]GPS fix GPGSA : hdop0.750,vdop0.930
1581669689:[MAIN  ,0024]internal pressure 78361Pa
1581669690:<WARN>[MAIN  ,0041]mission empty
1581669690:[MAIN  ,0065]surfacing
1581669692:[PRESS ,0038]P     +4mbar,T+14249mdegC
1581669716:[SURFIN,0036]P    +14mbar
1581669720:[SURFIN,0020]filling external bladder
1581669728:[PUMP  ,0207]pump warmup 15002mV/40626uA
1581669728:[PUMP  ,0016]pump during 300000ms
1581669737:[PUMP  ,0212]pump stopped, 14285mV/1439879uA
1581669737:[PUMP  ,0210]aborted, 29200ticks remain
1581669739:[SURFIN,0019]external bladder full
1581669740:[PRESS ,0038]P   +170mbar,T+14251mdegC
1581669801:[MAIN  ,0272]Vbat 15098mV (min 14518mV)
1581669803:[MAIN  ,0024]internal pressure 78348Pa
1581669803:[MAIN  ,0043]Pext 163mbar (rng 20mbar)
1581669803:[MAIN  ,0064]surface
1581669804:[SURF  ,0224]surface1
1581669815:[SURF  ,0022]GPS fix...
1581669835:[SURF  ,0015]10 PPS detected...
1581669836:[MRMAID,0052]Mermaid $GPSACK:+0,+0,+0,+0,+0,+0,-30;
1581669846:[MRMAID,0052]Mermaid $GPSOFF:3686321;
1581669847:[GPSFIX,0179]-1s diff
1581669848:[SURF  ,0222]2020-02-14T08:44:08
1581669848:[SURF  ,0082]Latitude : N43deg40.942mn, Longitude :E007deg19.168mn
1581669848:[SURF  ,0223]fix3D,8satellites
1581669848:[SURF  ,0084]GPS fix GPGSA : hdop0.740,vdop0.930
1581669858:[SURF  ,0274]last almanac : 605299
1581669871:[MRMAID,0026]1556 bytes in 0051/5E465DE7.MER
1581669876:[MAIN  ,0320]New pressure offset: 163mbar
1581669876:[SURF  ,0225]surface2
1581669888:[SURF  ,0022]GPS fix...
1581669909:[SURF  ,0015]10 PPS detected...
1581669910:[MRMAID,0052]Mermaid $GPSACK:+0,+0,+0,+0,+0,+0,+0;
1581669920:[MRMAID,0052]Mermaid $GPSOFF:3686321;
1581669921:[GPSFIX,0179]-1s diff
1581669922:[SURF  ,0222]2020-02-14T08:45:22
1581669922:[SURF  ,0082]Latitude : N43deg40.942mn, Longitude :E007deg19.167mn
1581669922:[SURF  ,0223]fix3D,8satellites
1581669922:[SURF  ,0084]GPS fix GPGSA : hdop0.740,vdop0.930
1581669932:[SURF  ,0025]Iridium...
1581669941:[SBE41 ,0339]newoffset=-0.65db received after 63s
1581669979:[SURF  ,0009]connected in 47s, signal quality 5
1581670008:[BYCMD ,0120]    bypass 10000ms 120000ms (20000ms 60000ms stored)
1581670010:[BYCMD ,0125]    near 1500mbar 3mbar/s (15000mbar 3mbar/s stored)
1581670015:[BYCMD ,0126]    far 2500mbar 4mbar/s (25000mbar 4mbar/s stored)
1581670017:[BYCMD ,0128]    dead 60s (300s stored)
1581670019:[P2TCMD,0155]p2t log dp > 50mbar
1581670023:[STACMD,0168]stage del 0
1581670025:[STACMD,0170]stage store 0
1581670035:[SURF  ,0218]prompt received, remote cmd end
1581670035:[SURF  ,0012]7 cmd(s) received
1581670056:[UPLOAD,0248]Upload data files...
1581670075:[UPLOAD,0231]"0051/5E465DE7.MER" uploaded at 130bytes/s
1581670091:[MAIN  ,0013]1 file(s) uploaded
1581670127:[SURF  ,0014]disconnected after 195s
1581670132:[SURF  ,0227]1st complete transfer
1581670503:[SURF  ,0022]GPS fix...
1581670523:[SURF  ,0015]10 PPS detected...
1581670524:[MRMAID,0052]Mermaid $GPSACK:+0,+0,+0,+0,+0,+0,-30;
1581670534:[MRMAID,0052]Mermaid $GPSOFF:3686321;
1581670535:[GPSFIX,0179]-1s diff
1581670536:[SURF  ,0222]2020-02-14T08:55:36
1581670536:[SURF  ,0082]Latitude : N43deg40.942mn, Longitude :E007deg19.168mn
1581670536:[SURF  ,0223]fix3D,8satellites
1581670536:[SURF  ,0084]GPS fix GPGSA : hdop0.730,vdop0.920
1581670546:[SURF  ,0025]Iridium...
1581670593:[SURF  ,0009]connected in 47s, signal quality 5
1581670621:[BYCMD ,0120]    bypass 10000ms 120000ms (20000ms 60000ms stored)
1581670623:[BYCMD ,0125]    near 1500mbar 3mbar/s (15000mbar 3mbar/s stored)
1581670625:[BYCMD ,0126]    far 2500mbar 4mbar/s (25000mbar 4mbar/s stored)
1581670627:[BYCMD ,0128]    dead 60s (300s stored)
1581670629:[P2TCMD,0155]p2t log dp > 50mbar
1581670631:[STACMD,0168]stage del 0
1581670633:[STACMD,0170]stage store 0
1581670643:[SURF  ,0218]prompt received, remote cmd end
1581670643:[SURF  ,0012]7 cmd(s) received
1581670683:[SURF  ,0014]disconnected after 137s
1581670688:[SURF  ,0226]Go dive (Minimum surface delay expired and no more file to upload)
1581670701:[SURF  ,0022]GPS fix...
1581670721:[SURF  ,0015]10 PPS detected...
1581670722:[MRMAID,0052]Mermaid $GPSACK:+0,+0,+0,+0,+0,+0,-30;
1581670732:[MRMAID,0052]Mermaid $GPSOFF:3686321;
1581670733:[GPSFIX,0179]-1s diff
1581670734:[SURF  ,0222]2020-02-14T08:58:54
1581670734:[SURF  ,0082]Latitude : N43deg40.942mn, Longitude :E007deg19.167mn
1581670734:[SURF  ,0223]fix3D,8satellites
1581670734:[SURF  ,0084]GPS fix GPGSA : hdop0.670,vdop0.850
1581670751:[MAIN  ,0024]internal pressure 78369Pa
1581670752:<WARN>[MAIN  ,0041]mission empty
1581670752:[MAIN  ,0065]surfacing
1581670754:[PRESS ,0038]P     +7mbar,T+14246mdegC
1581670778:[SURFIN,0036]P     +7mbar
1581670782:[SURFIN,0020]filling external bladder
1581670790:[PUMP  ,0207]pump warmup 14998mV/40504uA
1581670790:[PUMP  ,0016]pump during 300000ms
1581670799:[PUMP  ,0212]pump stopped, 14281mV/1425657uA
1581670799:[PUMP  ,0210]aborted, 29200ticks remain
1581670801:[SURFIN,0019]external bladder full
1581670802:[PRESS ,0038]P   +160mbar,T+14248mdegC
1581670862:[MAIN  ,0272]Vbat 15096mV (min 14518mV)
1581670864:[MAIN  ,0024]internal pressure 78295Pa
1581670864:[MAIN  ,0043]Pext 163mbar (rng 10mbar)
1581670864:[MAIN  ,0064]surface
1581670865:[SURF  ,0224]surface1
1581670877:[SURF  ,0022]GPS fix...
1581670897:[SURF  ,0015]10 PPS detected...
1581670898:[MRMAID,0052]Mermaid $GPSACK:+0,+0,+0,+0,+0,+0,-30;
1581670908:[MRMAID,0052]Mermaid $GPSOFF:3686321;
1581670909:[GPSFIX,0179]-1s diff
1581670910:[SURF  ,0222]2020-02-14T09:01:50
1581670910:[SURF  ,0082]Latitude : N43deg40.942mn, Longitude :E007deg19.166mn
1581670910:[SURF  ,0223]fix3D,8satellites
1581670910:[SURF  ,0084]GPS fix GPGSA : hdop0.670,vdop0.840
1581670920:[SURF  ,0274]last almanac : 606361
1581670933:[MRMAID,0026]1556 bytes in 0051/5E46620D.MER
1581670938:[MAIN  ,0320]New pressure offset: 163mbar
1581670938:[SURF  ,0225]surface2
1581670949:[SURF  ,0022]GPS fix...
1581670969:[SURF  ,0015]10 PPS detected...
1581670970:[MRMAID,0052]Mermaid $GPSACK:+0,+0,+0,+0,+0,+0,+0;
1581670980:[MRMAID,0052]Mermaid $GPSOFF:3686321;
1581670981:[GPSFIX,0179]-1s diff
1581670982:[SURF  ,0222]2020-02-14T09:03:02
1581670982:[SURF  ,0082]Latitude : N43deg40.942mn, Longitude :E007deg19.167mn
1581670982:[SURF  ,0223]fix3D,8satellites
1581670982:[SURF  ,0084]GPS fix GPGSA : hdop0.670,vdop0.840
1581670992:[SURF  ,0025]Iridium...
1581671003:[SBE41 ,0339]newoffset=-0.68db received after 63s
1581671087:[SURF  ,0009]connected in 95s, signal quality 4
1581671114:[BYCMD ,0120]    bypass 10000ms 120000ms (20000ms 60000ms stored)
1581671119:[BYCMD ,0125]    near 1500mbar 3mbar/s (15000mbar 3mbar/s stored)
1581671121:[BYCMD ,0126]    far 2500mbar 4mbar/s (25000mbar 4mbar/s stored)
1581671123:[BYCMD ,0128]    dead 60s (300s stored)
1581671127:[P2TCMD,0155]p2t log dp > 50mbar
1581671129:[STACMD,0168]stage del 0
1581671132:[STACMD,0170]stage store 0
1581671142:[SURF  ,0218]prompt received, remote cmd end
1581671142:[SURF  ,0012]7 cmd(s) received
1581671163:[UPLOAD,0248]Upload data files...
1581671183:[UPLOAD,0231]"0051/5E46620D.MER" uploaded at 130bytes/s
1581671200:[MAIN  ,0013]1 file(s) uploaded
1581671233:[SURF  ,0014]disconnected after 241s
1581671238:[SURF  ,0227]1st complete transfer
1581671567:[SURF  ,0022]GPS fix...
1581671588:[SURF  ,0015]10 PPS detected...
1581671589:[MRMAID,0052]Mermaid $GPSACK:+0,+0,+0,+0,+0,+0,-30;
1581671599:[MRMAID,0052]Mermaid $GPSOFF:3686321;
1581671600:[GPSFIX,0179]-1s diff
1581671601:[SURF  ,0222]2020-02-14T09:13:21
1581671601:[SURF  ,0082]Latitude : N43deg40.942mn, Longitude :E007deg19.167mn
1581671601:[SURF  ,0223]fix3D,7satellites
1581671601:[SURF  ,0084]GPS fix GPGSA : hdop0.760,vdop1.010
1581671611:[SURF  ,0025]Iridium...
1581671655:[SURF  ,0009]connected in 44s, signal quality 4
1581671687:<WARN>[SURF  ,0071]timeout
1581671687:<WARN>[SURF  ,0056]peer mute
1581671697:[SURF  ,0014]disconnected after 86s
1581671702:[SURF  ,0227]1st complete transfer
1581671702:[SURF  ,0226]Go dive (Minimum surface delay expired and no more file to upload)
1581671714:[SURF  ,0022]GPS fix...
1581671734:[SURF  ,0015]10 PPS detected...
1581671735:[MRMAID,0052]Mermaid $GPSACK:+0,+0,+0,+0,+0,+0,-30;
1581671745:[MRMAID,0052]Mermaid $GPSOFF:3686321;
1581671746:[GPSFIX,0179]-1s diff
1581671747:[SURF  ,0222]2020-02-14T09:15:47
1581671747:[SURF  ,0082]Latitude : N43deg40.942mn, Longitude :E007deg19.167mn
1581671747:[SURF  ,0223]fix3D,6satellites
1581671747:[SURF  ,0084]GPS fix GPGSA : hdop0.830,vdop1.180
1581671764:[MAIN  ,0024]internal pressure 78312Pa
1581671765:<WARN>[MAIN  ,0041]mission empty
1581671765:[MAIN  ,0065]surfacing
1581671767:[PRESS ,0038]P     -3mbar,T+14248mdegC
1581671791:[SURFIN,0036]P     -3mbar
1581671795:[SURFIN,0020]filling external bladder
1581671803:[PUMP  ,0207]pump warmup 15005mV/40992uA
1581671803:[PUMP  ,0016]pump during 300000ms
1581671811:[PUMP  ,0212]pump stopped, 14272mV/1440515uA
1581671811:[PUMP  ,0210]aborted, 29300ticks remain
1581671813:[SURFIN,0019]external bladder full
1581671814:[PRESS ,0038]P   +170mbar,T+14251mdegC
1581671874:[MAIN  ,0272]Vbat 15109mV (min 14518mV)
1581671876:[MAIN  ,0024]internal pressure 78295Pa
1581671876:[MAIN  ,0043]Pext 173mbar (rng 30mbar)
1581671876:[MAIN  ,0064]surface
1581671876:[SURF  ,0224]surface1
1581671888:[SURF  ,0022]GPS fix...
1581671908:[SURF  ,0015]10 PPS detected...
1581671909:[MRMAID,0052]Mermaid $GPSACK:+0,+0,+0,+0,+0,+0,-30;
1581671919:[MRMAID,0052]Mermaid $GPSOFF:3686321;
1581671920:[GPSFIX,0179]-1s diff
1581671921:[SURF  ,0222]2020-02-14T09:18:41
1581671921:[SURF  ,0082]Latitude : N43deg40.942mn, Longitude :E007deg19.167mn
1581671921:[SURF  ,0223]fix3D,6satellites
1581671921:[SURF  ,0084]GPS fix GPGSA : hdop0.830,vdop1.190
1581671931:[SURF  ,0274]last almanac : 607372
1581671944:[MRMAID,0026]1556 bytes in 0051/5E466600.MER
1581671949:[MAIN  ,0320]New pressure offset: 173mbar
1581671949:[SURF  ,0225]surface2
1581671960:[SURF  ,0022]GPS fix...
1581671980:[SURF  ,0015]10 PPS detected...
1581671981:[MRMAID,0052]Mermaid $GPSACK:+0,+0,+0,+0,+0,+0,+0;
1581671991:[MRMAID,0052]Mermaid $GPSOFF:3686321;
1581671992:[GPSFIX,0179]-1s diff
1581671993:[SURF  ,0222]2020-02-14T09:19:53
1581671993:[SURF  ,0082]Latitude : N43deg40.942mn, Longitude :E007deg19.167mn
1581671993:[SURF  ,0223]fix3D,6satellites
1581671993:[SURF  ,0084]GPS fix GPGSA : hdop0.830,vdop1.190
1581672003:[SURF  ,0025]Iridium...
1581672014:[SBE41 ,0339]newoffset=-0.66db received after 63s
1581672038:[SURF  ,0009]connected in 35s, signal quality 5
1581672070:[SURF  ,0218]prompt received, remote cmd end
1581672070:[SURF  ,0012]0 cmd(s) received
1581672086:[UPLOAD,0248]Upload data files...
1581672126:<ERR>[UPLOAD,0131]opening upload
1581672126:<ERR>[UPLOAD,0132]opening upload "0051"
1581672142:[SURF  ,0014]disconnected after 139s
1581672147:[SURF  ,0069]transfer interrupted , retry
1581672159:[SURF  ,0022]GPS fix...
1581672179:[SURF  ,0015]10 PPS detected...
1581672180:[MRMAID,0052]Mermaid $GPSACK:+0,+0,+0,+0,+0,+0,-30;
1581672190:[MRMAID,0052]Mermaid $GPSOFF:3686321;
1581672191:[GPSFIX,0179]-1s diff
1581672192:[SURF  ,0222]2020-02-14T09:23:12
1581672192:[SURF  ,0082]Latitude : N43deg40.942mn, Longitude :E007deg19.168mn
1581672192:[SURF  ,0223]fix3D,7satellites
1581672192:[SURF  ,0084]GPS fix GPGSA : hdop0.830,vdop1.110
1581672202:[SURF  ,0025]Iridium...
1581672248:[SURF  ,0009]connected in 46s, signal quality 5
1581672284:[BYCMD ,0120]    bypass 10000ms 120000ms (20000ms 60000ms stored)
1581672286:[BYCMD ,0125]    near 1500mbar 3mbar/s (15000mbar 3mbar/s stored)
1581672288:[BYCMD ,0126]    far 2500mbar 4mbar/s (25000mbar 4mbar/s stored)
1581672290:[BYCMD ,0128]    dead 60s (300s stored)
1581672292:[P2TCMD,0155]p2t log dp > 50mbar
1581672296:[STACMD,0168]stage del 0
1581672298:[STACMD,0170]stage store 0
1581672308:[SURF  ,0218]prompt received, remote cmd end
1581672308:[SURF  ,0012]7 cmd(s) received
1581672328:[UPLOAD,0248]Upload data files...
1581672349:[UPLOAD,0231]"0051/5E466600.MER" uploaded at 130bytes/s
1581672365:[MAIN  ,0013]1 file(s) uploaded
1581672398:[SURF  ,0014]disconnected after 196s
1581672403:[SURF  ,0227]1st complete transfer
1581672498:<WARN>[MONITR,0007]battery  7833mV, -2147483648uA
1581672501:<WARN>[MONITR,0007]battery  7447mV,       0uA
1581672504:<WARN>[MONITR,0007]battery  6848mV,       0uA
1581672506:<WARN>[MONITR,0007]battery  6418mV,       0uA
1581672509:<WARN>[MONITR,0007]battery  5966mV,       0uA
1581672510:<WARN>[MONITR,0007]battery  5713mV,       0uA
1581672511:<WARN>[MONITR,0007]battery  5453mV,       0uA
1581672512:<WARN>[MONITR,0007]battery  5185mV,       0uA
1581672513:<WARN>[MONITR,0007]battery  4902mV,       0uA
1581672515:<WARN>[MONITR,0007]battery  4606mV,       0uA
1581672516:<WARN>[MONITR,0007]battery  4293mV,       0uA
1581672517:<WARN>[MONITR,0007]battery  3951mV,       0uA
