1590195357:[MAIN  ,0007]buoy 452.020-P-0051
1590195357:[MAIN  ,0055]soft pilotage 452.012.300_V2.18-20200518
1590195357:[MAIN  ,0010]cycle 7
1590195357:[SURF  ,0225]surface2
1590195373:[SURF  ,0022]GPS fix...
1590195393:[SURF  ,0015]10 PPS detected...
1590195394:[MRMAID,0052]Mermaid $GPSACK:+0,+0,+0,+0,+0,+0,+0;
1590195404:[MRMAID,0052]Mermaid $GPSOFF:3686321;
1590195405:[GPSFIX,0179]+0s diff
1590195405:[SURF  ,0222]2020-05-23T00:56:45
1590195405:[SURF  ,0082]Latitude : N43deg40.937mn, Longitude :E007deg19.175mn
1590195405:[SURF  ,0223]fix3D,7satellites
1590195405:[SURF  ,0084]GPS fix GPGSA : hdop0.700,vdop1.170
1590195415:[SURF  ,0025]Iridium...
1590195425:[SBE41 ,0339]newoffset=-0.48db received after -57s
1590195452:[SURF  ,0009]connected in 37s, signal quality 5
1590195510:[SURF  ,0218]prompt received, remote cmd end
1590195510:[SURF  ,0012]17 cmd(s) received
1590195531:[UPLOAD,0248]Upload data files...
1590195631:[UPLOAD,0231]"0051/5EC86DAB.S41" uploaded at 131bytes/s
1590195643:[UPLOAD,0231]"0051/5EC87490.MER" uploaded at 144bytes/s
1590195695:[UPLOAD,0231]"0051/5EC85538.BIN" uploaded at 131bytes/s
1590195711:[MAIN  ,0013]3 file(s) uploaded
1590195742:[SURF  ,0014]disconnected after 327s
1590195747:[SURFIN,0020]filling external bladder
1590195755:[PUMP  ,0207]battery 14832mV,   30256uA (warmup), P   +180mbar
1590195755:[PUMP  ,0016]pump during 300000ms
1590195764:[PUMP  ,0212]battery 14121mV, 1413126uA (steady state), P   +180mbar
1590195766:[SURFIN,0019]external bladder full
1590195766:[SURF  ,0227]1st complete transfer
1590195783:[SURF  ,0022]GPS fix...
1590195803:[SURF  ,0015]10 PPS detected...
1590195804:[MRMAID,0052]Mermaid $GPSACK:+0,+0,+0,+0,+0,+1,-999938;
1590195814:[MRMAID,0052]Mermaid $GPSOFF:3686320;
1590195815:[GPSFIX,0179]-1s diff
1590195816:[SURF  ,0222]2020-05-23T01:03:36
1590195816:[SURF  ,0082]Latitude : N43deg40.938mn, Longitude :E007deg19.175mn
1590195816:[SURF  ,0223]fix3D,7satellites
1590195816:[SURF  ,0084]GPS fix GPGSA : hdop0.710,vdop1.220
1590195833:[MAIN  ,0024]internal pressure 79201Pa
1590195834:[BYCMD ,0107]    FreeRTOS V8.2.3
1590195834:[BYCMD ,0108]    FatFS v11a
1590195834:[BYCMD ,0120]    bypass 10000ms 60000ms (20000ms 60000ms stored)
1590195834:[BYCMD ,0121]    valve 60000ms 12750 (60000ms 12750 stored)
1590195834:[BYCMD ,0122]    pump 60000ms 30% 10750 80% (60000ms 30% 10750 80% stored)
1590195834:[BYCMD ,0123]    rate 2mbar/s (2mbar/s stored)
1590195834:[BYCMD ,0124]    surface 500mbar (500mbar stored)
1590195834:[BYCMD ,0125]    near 500mbar 3mbar/s (15000mbar 3mbar/s stored)
1590195834:[BYCMD ,0126]    far 1500mbar 4mbar/s (25000mbar 4mbar/s stored)
1590195834:[BYCMD ,0127]    ascent 8mbar/s (8mbar/s stored)
1590195834:[BYCMD ,0128]    dead 60s (300s stored)
1590195834:[BYCMD ,0129]    coeff 16/10 (16/10 stored)
1590195834:[BYCMD ,0130]    stab 10 (10 stored)
1590195834:[BYCMD ,0131]    delay 900s 3600s (900s 3600s stored)
1590195834:[BYCMD ,0132]    mmtime 2880min (2880min stored)
1590195834:[BYCMD ,0133]    dv_landing 100ml (100ml stored)
1590195834:[MKDCMD,0150]    p2t37: 15x2000ms, offset 191mbar
1590195834:[P2TCMD,0151]    p2t37: dp 50mbar, dt 1000000mdegC
1590195835:[STAGE ,0080]Stage [0] 5000mbar (+/-500mbar) 1800s (<1800s) 
1590195835:[STAGE ,0080]Stage [1] 5000mbar (+/-500mbar) 3600s (<5400s) MERMAID
1590195835:[STAGE ,0091]Stage [2] surfacing 3600s (<9000s) SBE41
1590195835:[SBE41 ,0282]SBE41 parameters : 
      dsreplyformat=1 (webb(0)/standard(1))
      addtimingdelays=0 (n(0)/y(1))
      outputdensity=0 (n(0)/y(1))
      echocmd=0 (n(0)/y(1))
      outputrt=0 (n(0)/y(1))
      outputpts=0 (n(0)/y(1))
      outputsn=0 (n(0)/y(1))
      outputpressure=1 (n(0)/y(1))
      pcutoff=2dbar
      tswait=0s
      pumpfastpt=1 (n(0)/y(1))
      samplerate=1 ('fast':1Hz(1)/'slow':0.5Hz(0))
      top_bin_interval=10dbar
      top_bin_size=10dbar
      top_bin_max=100dbar
      middle_bin_interval=50dbar
      middle_bin_size=50dbar
      middle_bin_max=1000dbar
      bottom_bin_interval=100dbar
      bottom_bin_size=100dbar
      includetransitionbin=0
      includenbin=0 (n(0)/y(1))
      autobinavg=0 (n(0)/y(1))
1590195835:[SBE41 ,0283]SBE41 pilot policy : 
      continiousprofile=0 (n(0)/y(1)
      speeddetection=1 (n(0)/y(1)
      hexoutput=1 (n(0)/y(1)
      binaverageoutput=0 (n(0)/y(1)
      manualprofilerate=10s
      runningpumpbeforeprofile=0s
      speedstart=2mbar/s
      speedcontrol=5mbar/s
1590195835:[MAIN  ,0070]turn off bluetooth
1590195837:[PRESS ,0038]P     -1mbar,T+19058mdegC
1590195862:[DIVING,0141]diving from -21mbar, -1mbar/s
1590195862:[BYPASS,0035]bypass opening 60000ms
1590195867:[BYPASS,0104]battery 14506mV,  318420uA (bypass opening), P    -21mbar
1590195932:[BYPASS,0106]battery 14437mV,  400160uA (bypass closing), P    -21mbar
1590195934:[PRESS ,0038]P   -111mbar,T+19308mdegC
1590195967:[BYPASS,0035]bypass opening 10000ms
1590195972:[BYPASS,0104]battery 14545mV,  326594uA (bypass opening), P    -61mbar
1590195987:[BYPASS,0106]battery 14478mV,  399306uA (bypass closing), P    -61mbar
1590195989:[PRESS ,0038]P    +19mbar,T+19421mdegC
1590196000:[PRESS ,0038]P    +79mbar,T+19438mdegC
1590196010:[PRESS ,0038]P   +139mbar,T+19451mdegC
1590196019:[PRESS ,0038]P   +199mbar,T+19460mdegC
1590196036:[PRESS ,0038]P   +259mbar,T+19488mdegC
1590196047:[PRESS ,0038]P   +319mbar,T+19509mdegC
1590196061:[PRESS ,0038]P   +379mbar,T+19528mdegC
1590196075:[PRESS ,0038]P   +439mbar,T+19545mdegC
1590196092:[PRESS ,0038]P   +499mbar,T+19559mdegC
1590196096:[DIVING,0028]519mbar reached (+4mbar/s), 2 bypass done
1590196097:[MAIN  ,0056]stage[0]
1590196099:[MAIN  ,0024]internal pressure 80149Pa
1590196100:[BUOY  ,0037]P   +529mbar
1590196100:[STAGE ,0080]Stage [0] 5000mbar (+/-500mbar) 1800s (<1590197896s) 
1590196162:[PRESS ,0038]P   +829mbar,T+19609mdegC
1590196173:[PRESS ,0038]P   +899mbar,T+19610mdegC
1590196185:[PRESS ,0038]P   +959mbar,T+19611mdegC
1590196248:[PRESS ,0038]P  +1299mbar,T+19584mdegC
1590196258:[PRESS ,0038]P  +1359mbar,T+19576mdegC
1590196271:[PRESS ,0038]P  +1419mbar,T+19566mdegC
1590196333:[PRESS ,0038]P  +1619mbar,T+19487mdegC
1590196344:[PRESS ,0038]P  +1679mbar,T+19471mdegC
1590196356:[PRESS ,0038]P  +1739mbar,T+19451mdegC
1590196419:[PRESS ,0038]P  +2079mbar,T+19337mdegC
1590196428:[PRESS ,0038]P  +2149mbar,T+19319mdegC
1590196436:[PRESS ,0038]P  +2209mbar,T+19304mdegC
1590196504:[PRESS ,0038]P  +2619mbar,T+19176mdegC
1590196515:[PRESS ,0038]P  +2679mbar,T+19156mdegC
1590196527:[PRESS ,0038]P  +2749mbar,T+19132mdegC
1590196590:[PRESS ,0038]P  +3069mbar,T+19009mdegC
1590196606:[PRESS ,0038]P  +3139mbar,T+18976mdegC
1590196675:[PRESS ,0038]P  +3439mbar,T+18833mdegC
1590196687:[PRESS ,0038]P  +3499mbar,T+18808mdegC
1590196700:[PRESS ,0038]P  +3559mbar,T+18783mdegC
1590196700:[BUOY  ,0087]from +5mbar/s to +3mbar/s
1590196700:[BUOY  ,0089]need to transfer +26mL (pump during 31859ms)
1590196708:[PUMP  ,0207]battery 15092mV,   38186uA (warmup), P  +3559mbar
1590196708:[PUMP  ,0016]pump during 31859ms
1590196739:[PUMP  ,0212]battery 14440mV,  465552uA (steady state), P  +3559mbar
1590196764:[PRESS ,0038]P  +3829mbar,T+18666mdegC
1590196782:[PRESS ,0038]P  +3889mbar,T+18634mdegC
1590196849:[PRESS ,0038]P  +3999mbar,T+18506mdegC
1590196874:[BUOY  ,0087]from +1mbar/s to +3mbar/s
1590196874:[BUOY  ,0090]need to transfer -12mL (valve during 2429ms)
1590196874:[VALVE ,0034]valve opening 2429ms
1590196877:[VALVE ,0234]battery 14318mV,  630618uA, P  +4009mbar
1590196935:[PRESS ,0038]P  +4119mbar,T+18336mdegC
1590196953:[PRESS ,0038]P  +4179mbar,T+18303mdegC
1590197020:[PRESS ,0038]P  +4299mbar,T+18174mdegC
1590197045:[BUOY  ,0087]from +1mbar/s to +3mbar/s
1590197045:[BUOY  ,0090]need to transfer -12mL (valve during 2354ms)
1590197045:[VALVE ,0034]valve opening 2354ms
1590197048:[VALVE ,0234]battery 14297mV,  632936uA, P  +4319mbar
1590197108:[PRESS ,0038]P  +4369mbar,T+18016mdegC
1590197191:[PRESS ,0038]P  +4559mbar,T+17875mdegC
1590197214:[PRESS ,0038]P  +4619mbar,T+17839mdegC
1590197216:[STAGE ,0213]4629mbar reached at 1590197216s, ref 5000mbar +/-500mbar
1590197277:[PRESS ,0038]P  +4839mbar,T+17742mdegC
1590197277:[BUOY  ,0087]from +3mbar/s to +0mbar/s
1590197277:[BUOY  ,0089]need to transfer +14mL (pump during 17106ms)
1590197285:[PUMP  ,0207]battery 15122mV,   38064uA (warmup), P  +4839mbar
1590197285:[PUMP  ,0016]pump during 17106ms
1590197302:[PUMP  ,0212]battery 14550mV,  488122uA (steady state), P  +4839mbar
1590197341:[PRESS ,0038]P  +5069mbar,T+17653mdegC
1590197353:[PRESS ,0038]P  +5129mbar,T+17633mdegC
1590197366:[BUOY  ,0087]from +4mbar/s to +0mbar/s
1590197366:[BUOY  ,0089]need to transfer +26mL (pump during 31768ms)
1590197374:[PUMP  ,0207]battery 15123mV,   35746uA (warmup), P  +5179mbar
1590197374:[PUMP  ,0016]pump during 31768ms
1590197405:[PUMP  ,0212]battery 14580mV,  481656uA (steady state), P  +5179mbar
1590197430:[PRESS ,0038]P  +5379mbar,T+17513mdegC
1590197455:[BUOY  ,0087]from +1mbar/s to +0mbar/s
1590197455:[BUOY  ,0089]need to transfer +2mL (pump during 2444ms)
1590197463:[PUMP  ,0207]battery 15092mV,   33794uA (warmup), P  +5399mbar
1590197463:[PUMP  ,0016]pump during 2444ms
1590197520:[PRESS ,0038]P  +5439mbar,T+17346mdegC
1590197604:[BUOY  ,0087]from +1mbar/s to +0mbar/s
1590197604:[BUOY  ,0089]need to transfer +2mL (pump during 2444ms)
1590197612:[PUMP  ,0207]battery 15103mV,   36234uA (warmup), P  +5489mbar
1590197612:[PUMP  ,0016]pump during 2444ms
1590197668:[PRESS ,0038]P  +5509mbar,T+17060mdegC
1590197753:<WARN>[BUOY  ,0094]stage[0] should ASCENT, stuck at 5519mbar for the #1 time
1590197753:[BUOY  ,0087]from +0mbar/s to -3mbar/s
1590197753:[BUOY  ,0089]need to transfer +14mL (pump during 17098ms)
1590197762:[PUMP  ,0207]battery 15117mV,   36966uA (warmup), P  +5519mbar
1590197762:[PUMP  ,0016]pump during 17098ms
1590197779:[PUMP  ,0212]battery 14532mV,  477874uA (steady state), P  +5519mbar
1590197835:[PRESS ,0038]P  +5449mbar,T+16815mdegC
1590197903:[MAIN  ,0140]stage[0] complete 1807s after mission start
1590197903:[MAIN  ,0056]stage[1]
1590197905:[MAIN  ,0024]internal pressure 79689Pa
1590197906:[MRMAID,0002]acq started
1590197916:[BUOY  ,0037]P  +5399mbar
1590197916:[STAGE ,0080]Stage [1] 5000mbar (+/-500mbar) 3600s (<1590201496s) MERMAID
1590197918:[STAGE ,0213]5399mbar reached at 1590197918s, ref 5000mbar +/-500mbar
1590197979:[PRESS ,0038]P  +5389mbar,T+16624mdegC
1590198464:[PRESS ,0038]P  +5329mbar,T+16209mdegC
1590198828:[PRESS ,0038]P  +5399mbar,T+16049mdegC
1590199010:[PRESS ,0038]P  +5339mbar,T+15985mdegC
1590199859:[PRESS ,0038]P  +5259mbar,T+15789mdegC
1590201496:[MAIN  ,0140]stage[1] complete 5400s after mission start
1590201496:[MRMAID,0003]acq stopped
1590201497:[MRMAID,0052]Mermaid $MEASFS,141552,3537.561127,40.014008;
1590201557:[MAIN  ,0056]stage[2]
1590201559:[MAIN  ,0024]internal pressure 79412Pa
1590201560:[BUOY  ,0037]P  +5239mbar
1590201560:[STAGE ,0091]Stage [2] surfacing 3600s (<1590205096s) SBE41
1590201562:<WARN>[BUOY  ,0094]stage[2] should ASCENT, stuck at 5259mbar for the #1 time
1590201562:[BUOY  ,0087]from +0mbar/s to -5mbar/s
1590201562:[BUOY  ,0089]need to transfer +40mL (pump during 48368ms)
1590201570:[PUMP  ,0207]battery 15171mV,   40992uA (warmup), P  +5259mbar
1590201570:[PUMP  ,0016]pump during 48368ms
1590201618:[PUMP  ,0212]battery 14432mV,  462136uA (steady state), P  +5259mbar
1590201626:[PRESS ,0038]P  +5199mbar,T+15518mdegC
1590201650:[BUOY  ,0087]from -2mbar/s to -5mbar/s
1590201651:[BUOY  ,0089]need to transfer +34mL (pump during 41111ms)
1590201651:[SBE41 ,0337]Speed start detected
1590201659:[PUMP  ,0207]battery 14995mV,  103456uA (warmup), P  +5149mbar
1590201659:[PUMP  ,0016]pump during 41111ms
1590201700:[PUMP  ,0212]battery 14713mV,  507154uA (steady state), P  +5149mbar
1590201715:[PRESS ,0038]P  +4959mbar,T+15562mdegC
1590201727:[PRESS ,0038]P  +4899mbar,T+15570mdegC
1590201800:[PRESS ,0038]P  +4599mbar,T+15586mdegC
1590201825:[BUOY  ,0087]from -1mbar/s to -5mbar/s
1590201825:[BUOY  ,0089]need to transfer +38mL (pump during 46740ms)
1590201833:[PUMP  ,0207]battery 15010mV,   59292uA (warmup), P  +4579mbar
1590201833:[PUMP  ,0016]pump during 46740ms
1590201879:[PUMP  ,0212]battery 14551mV,  494588uA (steady state), P  +4579mbar
1590201889:[PRESS ,0038]P  +4449mbar,T+15615mdegC
1590201901:[PRESS ,0038]P  +4389mbar,T+15626mdegC
1590201974:[PRESS ,0038]P  +4039mbar,T+15662mdegC
1590201990:[PRESS ,0038]P  +3979mbar,T+15670mdegC
1590202060:[PRESS ,0038]P  +3559mbar,T+15708mdegC
1590202070:[PRESS ,0038]P  +3489mbar,T+15715mdegC
1590202081:[PRESS ,0038]P  +3429mbar,T+15723mdegC
1590202084:[BUOY  ,0087]from -6mbar/s to -5mbar/s
1590202085:[BUOY  ,0090]need to transfer -18mL (valve during 3957ms)
1590202085:[VALVE ,0034]valve opening 3957ms
1590202089:[VALVE ,0234]battery 14301mV,  653066uA, P  +3409mbar
1590202145:[PRESS ,0038]P  +3109mbar,T+15778mdegC
1590202161:[PRESS ,0038]P  +3049mbar,T+15791mdegC
1590202170:[BUOY  ,0087]from -3mbar/s to -5mbar/s
1590202170:[BUOY  ,0089]need to transfer +26mL (pump during 31999ms)
1590202178:[PUMP  ,0207]battery 14991mV,   59414uA (warmup), P  +3029mbar
1590202178:[PUMP  ,0016]pump during 31999ms
1590202209:[PUMP  ,0212]battery 14516mV,  498858uA (steady state), P  +3029mbar
1590202234:[PRESS ,0038]P  +2769mbar,T+15876mdegC
1590202245:[PRESS ,0038]P  +2709mbar,T+15889mdegC
1590202254:[PRESS ,0038]P  +2649mbar,T+15901mdegC
1590202259:[BUOY  ,0087]from -6mbar/s to -5mbar/s
1590202259:[BUOY  ,0090]need to transfer -18mL (valve during 4500ms)
1590202259:[VALVE ,0034]valve opening 4500ms
1590202264:[VALVE ,0234]battery 14360mV,  658068uA, P  +2629mbar
1590202320:[PRESS ,0038]P  +2359mbar,T+15989mdegC
1590202330:[PRESS ,0038]P  +2299mbar,T+16004mdegC
1590202405:[PRESS ,0038]P  +2039mbar,T+16105mdegC
1590202421:[PRESS ,0038]P  +1979mbar,T+16128mdegC
1590202491:[PRESS ,0038]P  +1749mbar,T+16223mdegC
1590202507:[PRESS ,0038]P  +1689mbar,T+16245mdegC
1590202516:[BUOY  ,0087]from -3mbar/s to -5mbar/s
1590202516:[BUOY  ,0089]need to transfer +26mL (pump during 32091ms)
1590202524:[PUMP  ,0207]battery 14990mV,   59048uA (warmup), P  +1659mbar
1590202524:[PUMP  ,0016]pump during 32091ms
1590202556:[PUMP  ,0212]battery 14501mV,  476898uA (steady state), P  +1659mbar
1590202580:[PRESS ,0038]P  +1419mbar,T+16348mdegC
1590202594:[PRESS ,0038]P  +1359mbar,T+16369mdegC
1590202665:[PRESS ,0038]P  +1139mbar,T+16478mdegC
1590202684:[PRESS ,0038]P  +1079mbar,T+16511mdegC
1590202690:[BUOY  ,0087]from -3mbar/s to -5mbar/s
1590202690:[BUOY  ,0089]need to transfer +26mL (pump during 32091ms)
1590202698:[PUMP  ,0207]battery 14993mV,   55144uA (warmup), P  +1069mbar
1590202698:[PUMP  ,0016]pump during 32091ms
1590202730:[PUMP  ,0212]battery 14491mV,  475922uA (steady state), P  +1069mbar
1590202754:[PRESS ,0038]P   +769mbar,T+16624mdegC
1590202766:[PRESS ,0038]P   +699mbar,T+16645mdegC
1590202775:[PRESS ,0038]P   +639mbar,T+16659mdegC
1590202779:[BUOY  ,0087]from -6mbar/s to -5mbar/s
1590202779:[BUOY  ,0090]need to transfer -18mL (valve during 9563ms)
1590202779:[VALVE ,0034]valve opening 9563ms
1590202788:[VALVE ,0234]battery 14338mV,  652578uA, P   +619mbar
1590202840:[PRESS ,0038]P   +379mbar,T+16790mdegC
1590202864:[PRESS ,0038]P   +319mbar,T+16835mdegC
1590202864:[STAGE ,0214]319mbar (500) reached at 1590202864s, ascending from 5239mbar
1590202864:[STAGE ,0342]The float reached the surface : OK
1590202864:[MAIN  ,0140]stage[2] complete 6768s after mission start
1590202871:[SBE41 ,0343]SBE41 dump : 1209 stored samples in hexa format
1590202915:[SBE41 ,0338]Dump finished
1590202915:[SBE41 ,0318]10881 bytes in 0051/5EC88CD7.S41
1590202916:[MRMAID,0188]acq already stopped
1590202976:[MSSION,0192]mission stopped, 3 stage(s) done
1590202976:[MAIN  ,0065]surfacing
1590202978:[PRESS ,0038]P    +99mbar,T+17068mdegC
1590202978:[SURFIN,0036]P    +99mbar
1590202982:[SURFIN,0020]filling external bladder
1590202990:[PUMP  ,0207]battery 15035mV,   39650uA (warmup), P    +79mbar
1590202990:[PUMP  ,0016]pump during 300000ms
1590203132:[PUMP  ,0212]battery 14201mV, 1451434uA (steady state), P    +79mbar
1590203134:[SURFIN,0019]external bladder full
1590203136:[PRESS ,0038]P   +200mbar,T+17475mdegC
1590203195:[MAIN  ,0272]Vbat 14755mV (min 14496mV)
1590203198:[MAIN  ,0024]internal pressure 79074Pa
1590203198:[MAIN  ,0043]Pext 195mbar (rng 10mbar)
1590203198:[MAIN  ,0064]surface
1590203209:[SURF  ,0022]GPS fix...
1590203229:[SURF  ,0015]10 PPS detected...
1590203230:[MRMAID,0052]Mermaid $GPSACK:+0,+0,+0,+0,+0,+0,-823;
1590203240:[MRMAID,0052]Mermaid $GPSOFF:3686321;
1590203240:[GPSFIX,0179]-1s diff
1590203241:[SURF  ,0222]2020-05-23T03:07:21
1590203241:[SURF  ,0082]Latitude : N43deg40.938mn, Longitude :E007deg19.173mn
1590203241:[SURF  ,0223]fix3D,7satellites
1590203241:[SURF  ,0084]GPS fix GPGSA : hdop1.000,vdop1.460
1590203251:[SURF  ,0274]last almanac : 67640
1590203263:[MRMAID,0026]1449 bytes in 0051/5EC89378.MER
1590203269:[MAIN  ,0320]New pressure offset: 195mbar
1590203269:[LOGBIN,0078]*** switching to 0051/5EC89385 ***
