1578993144:[MONITR,0197]reboot code 0x0000, src/monitor.c@516
1578993144:[MAIN  ,0007]buoy 452.020-P-0051
1578993144:[MAIN  ,0055]soft pilotage 452.012.300_V2.9-20200113
1578993145:[MAIN  ,0011]date 2020-01-14T09:12:25
1578993151:[MAIN  ,0006]battery 15350mV,   10736uA
1578993153:[MAIN  ,0024]internal pressure 78830Pa
1578993155:[PRESS ,0038]P-65535945mbar,T+13684mdegC
1578993155:[MRMAID,0182]thread started
1578993156:[MRMAID,0186]no wake-up
1578993157:[MRMAID,0188]acq already stopped
1578993157:[MRMAID,0052]Mermaid $BOARD:452116600-51;
1578993158:[MRMAID,0052]Mermaid $SOFT:2.1344;
1578993158:[TESTMD,0053]Enter in test mode? yes/no
1578993158:[TESTMD,0252]0051>
1578993163:[TESTMD,0050]"no"
1578993163:[BYCMD ,0107]    FreeRTOS V8.2.3
1578993163:[BYCMD ,0108]    FatFS v11a
1578993163:[BYCMD ,0117]    valve is running
1578993163:[BYCMD ,0120]    bypass 20000ms 60000ms (20000ms 60000ms stored)
1578993163:[BYCMD ,0121]    valve 60000ms 12750 (60000ms 12750 stored)
1578993163:[BYCMD ,0122]    pump 60000ms 30 10750 80 (60000ms 30 10750 80tored)
1578993163:[BYCMD ,0123]    rate 2mbar/s (2mbar/s stored)
1578993163:[BYCMD ,0124]    surface 500mbar (500mbar stored)
1578993163:[BYCMD ,0125]    near 15000mbar 3mbar/s (15000mbar 3mbar/s stored)
1578993163:[BYCMD ,0126]    far 25000mbar 4mbar/s (25000mbar 4mbar/s stored)
1578993164:[BYCMD ,0127]    ascent 8mbar/s (8mbar/s stored)
1578993164:[BYCMD ,0128]    dead 300s (300s stored)
1578993164:[BYCMD ,0129]    coeff 16/10 (16/10 stored)
1578993164:[BYCMD ,0130]    stab 10 (10 stored)
1578993164:[BYCMD ,0131]    delay 900s 3600s (900s 3600s stored)
1578993164:[BYCMD ,0132]    mmtime 2880min (2880min stored)
1578993164:[BYCMD ,0133]    dv_landing 100ml (100ml stored)
1578993164:[MKDCMD,0150]    p2t37: 15x2000ms, offset 65536015mbar
1578993164:[P2TCMD,0151]    p2t37: dp 5000mbar, dt 5000mdegC
1578993164:[STACMD,0077]    mission empty
1578993164:[MAIN  ,0065]surfacing
1578993189:[SURFIN,0036]P-65535915mbar
1578993193:[SURFIN,0020]filling external bladder
1578993201:[PUMP  ,0016]pump during 300000ms
1578993208:[PUMP  ,0210]aborted, 29300ticks remain
1578993210:[SURFIN,0019]external bladder full
1578993212:[PRESS ,0038]P    +70mbar,T+13643mdegC
1578993273:[MAIN  ,0272]Vbat 15315mV (min 14025mV)
1578993275:[MAIN  ,0024]internal pressure 78840Pa
1578993275:[MAIN  ,0043]Pext 91mbar (rng 30mbar)
1578993275:[MAIN  ,0064]surface
1578993276:[SURF  ,0224]surface1
1578993284:[SURF  ,0022]GPS fix...
1578993285:<WARN>[GPSFIX,0123]GPRMC ms=490 #1
1578993286:<WARN>[GPSFIX,0122]GPRMC no fix #0
1578993329:[SURF  ,0015]10 PPS detected...
1578993331:[MRMAID,0052]Mermaid $GPSACK:+50,+0,+13,+9,+10,+21,-515045;
1578993341:[MRMAID,0052]Mermaid $GPSOFF:3686321;
1578993343:[GPSFIX,0179]-1s diff
1578993344:[SURF  ,0222]2020-01-14T09:15:44
1578993344:[SURF  ,0082]Latitude : N43deg05.161mn, Longitude :E006deg00.159mn
1578993344:[SURF  ,0223]fix3D,8satellites
1578993344:[SURF  ,0084]GPS fix GPGSA : hdop0.890,vdop1.570
1578993354:[SURF  ,0274]last almanac : 1578337994
1578994267:[MRMAID,0026]1255 bytes in 0051/5E1D8A54.MER
1578994272:[MAIN  ,0320]New pressure offset: 91mbar
