1592347360:[MAIN  ,0007]buoy 452.020-P-0051
1592347360:[MAIN  ,0055]soft pilotage 452.012.300_V2.20-20200612
1592347360:[MAIN  ,0010]cycle 5
1592347360:[SURF  ,0225]surface2
1592347374:[SURF  ,0022]GPS fix...
1592347394:[SURF  ,0015]10 PPS detected...
1592347395:[MRMAID,0052]Mermaid $GPSACK:+0,+0,+0,+0,+0,+0,-30;
1592347405:[MRMAID,0052]Mermaid $GPSOFF:3686320;
1592347407:[GPSFIX,0179]+0s diff
1592347407:[SURF  ,0222]2020-06-16T22:43:27
1592347407:[SURF  ,0082]Latitude : N43deg40.939mn, Longitude :E007deg19.176mn
1592347407:[SURF  ,0223]fix3D,8satellites
1592347407:[SURF  ,0084]GPS fix GPGSA : hdop0.660,vdop1.030
1592347417:[SURF  ,0025]Iridium...
1592347426:[SBE41 ,0339]newoffset=0.33db received after -57s
1592347447:[SURF  ,0009]connected in 30s, signal quality 5
1592347504:[SURF  ,0218]prompt received, remote cmd end
1592347504:[SURF  ,0012]16 cmd(s) received
1592347525:[UPLOAD,0248]Upload data files...
1592347585:[UPLOAD,0231]"0051/5EE94548.S41" uploaded at 133bytes/s
1592347597:[UPLOAD,0231]"0051/5EE94AD3.MER" uploaded at 144bytes/s
1592347773:[UPLOAD,0231]"0051/5EE92302.BIN" uploaded at 133bytes/s
1592347788:[MAIN  ,0013]3 file(s) uploaded
1592347819:[SURF  ,0014]disconnected after 402s
1592347824:[SURFIN,0020]filling external bladder
1592347832:[PUMP  ,0016]pump during 300000ms
1592347842:[SURFIN,0019]external bladder full
1592347842:[SURF  ,0227]1st complete transfer
1592347854:[SURF  ,0022]GPS fix...
1592347875:[SURF  ,0015]10 PPS detected...
1592347876:[MRMAID,0052]Mermaid $GPSACK:+0,+0,+0,+0,+0,+0,+0;
1592347886:[MRMAID,0052]Mermaid $GPSOFF:3686320;
1592347887:[GPSFIX,0179]-1s diff
1592347888:[SURF  ,0222]2020-06-16T22:51:28
1592347888:[SURF  ,0082]Latitude : N43deg40.939mn, Longitude :E007deg19.177mn
1592347888:[SURF  ,0223]fix3D,9satellites
1592347888:[SURF  ,0084]GPS fix GPGSA : hdop0.640,vdop0.960
1592347905:[MAIN  ,0024]internal pressure 79513Pa
1592347906:[BYCMD ,0107]    FreeRTOS V8.2.3
1592347906:[BYCMD ,0108]    FatFS v11a
1592347906:[BYCMD ,0120]    bypass 10000ms 60000ms (20000ms 60000ms stored)
1592347906:[BYCMD ,0121]    valve 60000ms 12750 (60000ms 12750 stored)
1592347906:[BYCMD ,0122]    pump 60000ms 30% 10750 80% (60000ms 30% 10750 80% stored)
1592347906:[BYCMD ,0123]    rate 2mbar/s (2mbar/s stored)
1592347906:[BYCMD ,0124]    surface 500mbar (500mbar stored)
1592347906:[BYCMD ,0125]    near 500mbar 3mbar/s (15000mbar 3mbar/s stored)
1592347906:[BYCMD ,0126]    far 1500mbar 4mbar/s (25000mbar 4mbar/s stored)
1592347906:[BYCMD ,0127]    ascent 8mbar/s (8mbar/s stored)
1592347906:[BYCMD ,0128]    dead 60s (300s stored)
1592347906:[BYCMD ,0129]    coeff 16/10 (16/10 stored)
1592347906:[BYCMD ,0130]    stab 10 (10 stored)
1592347906:[BYCMD ,0131]    delay 900s 3600s (900s 3600s stored)
1592347906:[BYCMD ,0132]    mmtime 2880min (2880min stored)
1592347906:[BYCMD ,0133]    dv_landing 100ml (100ml stored)
1592347906:[MKDCMD,0150]    p2t37: 15x2000ms, offset 160mbar
1592347906:[P2TCMD,0151]    p2t37: dp -1mbar, dt 1000000mdegC
1592347907:[STAGE ,0080]Stage [0] 5000mbar (+/-500mbar) 1800s (<1800s) 
1592347907:[STAGE ,0080]Stage [1] 5000mbar (+/-500mbar) 7200s (<7200s) MERMAID
1592347907:[STAGE ,0091]Stage [2] surfacing 3600s (<10800s) SBE41
1592347907:[SBE41 ,0282]SBE41 parameters : 
      dsreplyformat=1 (webb(0)/standard(1))
      addtimingdelays=0 (n(0)/y(1))
      outputdensity=0 (n(0)/y(1))
      echocmd=0 (n(0)/y(1))
      outputrt=0 (n(0)/y(1))
      outputpts=0 (n(0)/y(1))
      outputsn=0 (n(0)/y(1))
      outputpressure=1 (n(0)/y(1))
      pcutoff=2dbar
      tswait=0s
      pumpfastpt=1 (n(0)/y(1))
      samplerate=1 ('fast':1Hz(1)/'slow':0.5Hz(0))
      top_bin_interval=10dbar
      top_bin_size=10dbar
      top_bin_max=100dbar
      middle_bin_interval=50dbar
      middle_bin_size=50dbar
      middle_bin_max=1000dbar
      bottom_bin_interval=100dbar
      bottom_bin_size=100dbar
      includetransitionbin=0
      includenbin=0 (n(0)/y(1))
      autobinavg=0 (n(0)/y(1))
1592347907:[SBE41 ,0283]SBE41 pilot policy : 
      continiousprofile=0 (n(0)/y(1)
      speeddetection=1 (n(0)/y(1)
      hexoutput=1 (n(0)/y(1)
      binaverageoutput=0 (n(0)/y(1)
      manualprofilerate=10s
      runningpumpbeforeprofile=0s
      speedstart=2mbar/s
      speedcontrol=9mbar/s
1592347907:[MAIN  ,0070]turn off bluetooth
1592347909:[PRESS ,0038]P    -10mbar,T+20676mdegC
1592347911:[PRESS ,0038]P    -20mbar,T+20681mdegC
1592347913:[PRESS ,0038]P    -10mbar,T+20685mdegC
1592347915:[PRESS ,0038]P    -30mbar,T+20687mdegC
1592347917:[PRESS ,0038]P    -20mbar,T+20690mdegC
1592347919:[PRESS ,0038]P    -10mbar,T+20691mdegC
1592347920:[PRESS ,0038]P    -20mbar,T+20694mdegC
1592347922:[PRESS ,0038]P    -10mbar,T+20697mdegC
1592347924:[PRESS ,0038]P    -20mbar,T+20698mdegC
1592347926:[PRESS ,0038]P    -20mbar,T+20701mdegC
1592347928:[PRESS ,0038]P    -10mbar,T+20701mdegC
1592347929:[PRESS ,0038]P    -10mbar,T+20702mdegC
1592347931:[PRESS ,0038]P    -10mbar,T+20704mdegC
1592347933:[PRESS ,0038]P    -20mbar,T+20706mdegC
1592347935:[PRESS ,0038]P     +0mbar,T+20710mdegC
1592347935:[DIVING,0141]diving from 0mbar, +0mbar/s
1592347935:[BYPASS,0035]bypass opening 60000ms
1592348007:[PRESS ,0038]P   -120mbar,T+20913mdegC
1592348008:[PRESS ,0038]P   -120mbar,T+20916mdegC
1592348010:[PRESS ,0038]P   -130mbar,T+20919mdegC
1592348012:[PRESS ,0038]P   -120mbar,T+20923mdegC
1592348014:[PRESS ,0038]P   -120mbar,T+20925mdegC
1592348016:[PRESS ,0038]P   -120mbar,T+20928mdegC
1592348017:[PRESS ,0038]P   -120mbar,T+20931mdegC
1592348019:[PRESS ,0038]P   -120mbar,T+20934mdegC
1592348021:[PRESS ,0038]P   -120mbar,T+20938mdegC
1592348023:[PRESS ,0038]P   -110mbar,T+20941mdegC
1592348025:[PRESS ,0038]P   -110mbar,T+20945mdegC
1592348026:[PRESS ,0038]P   -120mbar,T+20951mdegC
1592348028:[PRESS ,0038]P   -110mbar,T+20956mdegC
1592348030:[PRESS ,0038]P   -110mbar,T+20958mdegC
1592348032:[PRESS ,0038]P   -110mbar,T+20962mdegC
1592348032:[BYPASS,0035]bypass opening 10000ms
1592348054:[PRESS ,0038]P   -130mbar,T+21008mdegC
1592348055:[PRESS ,0038]P   -110mbar,T+21009mdegC
1592348057:[PRESS ,0038]P   -110mbar,T+21012mdegC
1592348059:[PRESS ,0038]P   -120mbar,T+21012mdegC
1592348061:[PRESS ,0038]P   -120mbar,T+21013mdegC
1592348063:[PRESS ,0038]P   -130mbar,T+21017mdegC
1592348064:[PRESS ,0038]P   -120mbar,T+21020mdegC
1592348066:[PRESS ,0038]P   -120mbar,T+21023mdegC
1592348068:[PRESS ,0038]P   -130mbar,T+21027mdegC
1592348070:[PRESS ,0038]P   -120mbar,T+21029mdegC
1592348072:[PRESS ,0038]P   -110mbar,T+21030mdegC
1592348073:[PRESS ,0038]P   -130mbar,T+21034mdegC
1592348075:[PRESS ,0038]P   -130mbar,T+21034mdegC
1592348077:[PRESS ,0038]P   -130mbar,T+21036mdegC
1592348079:[PRESS ,0038]P   -120mbar,T+21038mdegC
1592348079:[BYPASS,0035]bypass opening 10000ms
1592348101:[PRESS ,0038]P   -130mbar,T+21082mdegC
1592348102:[PRESS ,0038]P   -130mbar,T+21086mdegC
1592348104:[PRESS ,0038]P   -120mbar,T+21087mdegC
1592348106:[PRESS ,0038]P   -110mbar,T+21089mdegC
1592348108:[PRESS ,0038]P   -110mbar,T+21091mdegC
1592348110:[PRESS ,0038]P   -110mbar,T+21093mdegC
1592348111:[PRESS ,0038]P   -110mbar,T+21096mdegC
1592348113:[PRESS ,0038]P   -110mbar,T+21096mdegC
1592348115:[PRESS ,0038]P   -110mbar,T+21099mdegC
1592348117:[PRESS ,0038]P   -120mbar,T+21102mdegC
1592348119:[PRESS ,0038]P   -110mbar,T+21103mdegC
1592348121:[PRESS ,0038]P   -110mbar,T+21106mdegC
1592348122:[PRESS ,0038]P   -120mbar,T+21106mdegC
1592348124:[PRESS ,0038]P   -120mbar,T+21106mdegC
1592348126:[PRESS ,0038]P   -120mbar,T+21106mdegC
1592348126:[BYPASS,0035]bypass opening 10000ms
1592348148:[PRESS ,0038]P   -110mbar,T+21142mdegC
1592348150:[PRESS ,0038]P   -110mbar,T+21143mdegC
1592348151:[PRESS ,0038]P   -110mbar,T+21145mdegC
1592348153:[PRESS ,0038]P   -120mbar,T+21149mdegC
1592348155:[PRESS ,0038]P   -120mbar,T+21151mdegC
1592348157:[PRESS ,0038]P   -120mbar,T+21154mdegC
1592348159:[PRESS ,0038]P   -120mbar,T+21157mdegC
1592348160:[PRESS ,0038]P   -110mbar,T+21160mdegC
1592348162:[PRESS ,0038]P   -120mbar,T+21162mdegC
1592348164:[PRESS ,0038]P   -120mbar,T+21164mdegC
1592348166:[PRESS ,0038]P   -110mbar,T+21165mdegC
1592348168:[PRESS ,0038]P   -120mbar,T+21167mdegC
1592348169:[PRESS ,0038]P   -110mbar,T+21170mdegC
1592348171:[PRESS ,0038]P   -120mbar,T+21173mdegC
1592348173:[PRESS ,0038]P   -100mbar,T+21174mdegC
1592348173:[BYPASS,0035]bypass opening 10000ms
1592348195:[PRESS ,0038]P   -110mbar,T+21203mdegC
1592348197:[PRESS ,0038]P   -110mbar,T+21203mdegC
1592348198:[PRESS ,0038]P   -110mbar,T+21205mdegC
1592348200:[PRESS ,0038]P   -110mbar,T+21208mdegC
1592348202:[PRESS ,0038]P   -110mbar,T+21211mdegC
1592348204:[PRESS ,0038]P   -110mbar,T+21213mdegC
1592348206:[PRESS ,0038]P   -110mbar,T+21215mdegC
1592348207:[PRESS ,0038]P   -100mbar,T+21218mdegC
1592348209:[PRESS ,0038]P   -110mbar,T+21220mdegC
1592348211:[PRESS ,0038]P   -100mbar,T+21220mdegC
1592348213:[PRESS ,0038]P   -110mbar,T+21222mdegC
1592348215:[PRESS ,0038]P   -110mbar,T+21223mdegC
1592348216:[PRESS ,0038]P   -110mbar,T+21226mdegC
1592348218:[PRESS ,0038]P   -100mbar,T+21227mdegC
1592348220:[PRESS ,0038]P   -100mbar,T+21230mdegC
1592348220:[BYPASS,0035]bypass opening 10000ms
1592348242:[PRESS ,0038]P   -110mbar,T+21243mdegC
1592348244:[PRESS ,0038]P   -110mbar,T+21246mdegC
1592348246:[PRESS ,0038]P   -110mbar,T+21247mdegC
1592348247:[PRESS ,0038]P   -110mbar,T+21250mdegC
1592348249:[PRESS ,0038]P   -110mbar,T+21253mdegC
1592348251:[PRESS ,0038]P   -110mbar,T+21256mdegC
1592348253:[PRESS ,0038]P   -110mbar,T+21257mdegC
1592348255:[PRESS ,0038]P   -100mbar,T+21260mdegC
1592348256:[PRESS ,0038]P   -100mbar,T+21260mdegC
1592348258:[PRESS ,0038]P   -110mbar,T+21263mdegC
1592348260:[PRESS ,0038]P   -100mbar,T+21263mdegC
1592348262:[PRESS ,0038]P   -120mbar,T+21264mdegC
1592348264:[PRESS ,0038]P   -110mbar,T+21266mdegC
1592348265:[PRESS ,0038]P   -110mbar,T+21266mdegC
1592348267:[PRESS ,0038]P   -110mbar,T+21269mdegC
1592348267:[BYPASS,0035]bypass opening 10000ms
1592348289:[PRESS ,0038]P    -90mbar,T+21284mdegC
1592348291:[PRESS ,0038]P    -90mbar,T+21284mdegC
1592348293:[PRESS ,0038]P    -90mbar,T+21286mdegC
1592348294:[PRESS ,0038]P    -80mbar,T+21288mdegC
1592348296:[PRESS ,0038]P    -80mbar,T+21290mdegC
1592348298:[PRESS ,0038]P    -80mbar,T+21291mdegC
1592348300:[PRESS ,0038]P    -80mbar,T+21292mdegC
1592348302:[PRESS ,0038]P    -70mbar,T+21293mdegC
1592348303:[PRESS ,0038]P    -70mbar,T+21294mdegC
1592348305:[PRESS ,0038]P    -60mbar,T+21296mdegC
1592348307:[PRESS ,0038]P    -60mbar,T+21296mdegC
1592348309:[PRESS ,0038]P    -60mbar,T+21298mdegC
1592348311:[PRESS ,0038]P    -60mbar,T+21298mdegC
1592348312:[PRESS ,0038]P    -60mbar,T+21299mdegC
1592348314:[PRESS ,0038]P    -50mbar,T+21301mdegC
1592348317:[PRESS ,0038]P    -30mbar,T+21301mdegC
1592348320:[PRESS ,0038]P    -30mbar,T+21303mdegC
1592348323:[PRESS ,0038]P    -30mbar,T+21305mdegC
1592348325:[PRESS ,0038]P    -10mbar,T+21307mdegC
1592348328:[PRESS ,0038]P    -10mbar,T+21309mdegC
1592348331:[PRESS ,0038]P    -10mbar,T+21311mdegC
1592348334:[PRESS ,0038]P     +0mbar,T+21313mdegC
1592348337:[PRESS ,0038]P     +0mbar,T+21315mdegC
1592348340:[PRESS ,0038]P    +10mbar,T+21317mdegC
1592348342:[PRESS ,0038]P    +20mbar,T+21320mdegC
1592348345:[PRESS ,0038]P    +30mbar,T+21321mdegC
1592348348:[PRESS ,0038]P    +40mbar,T+21322mdegC
1592348351:[PRESS ,0038]P    +40mbar,T+21323mdegC
1592348354:[PRESS ,0038]P    +50mbar,T+21323mdegC
1592348356:[PRESS ,0038]P    +60mbar,T+21324mdegC
1592348359:[PRESS ,0038]P    +80mbar,T+21325mdegC
1592348362:[PRESS ,0038]P    +80mbar,T+21326mdegC
1592348365:[PRESS ,0038]P    +90mbar,T+21329mdegC
1592348368:[PRESS ,0038]P   +100mbar,T+21330mdegC
1592348370:[PRESS ,0038]P   +120mbar,T+21330mdegC
1592348373:[PRESS ,0038]P   +120mbar,T+21333mdegC
1592348376:[PRESS ,0038]P   +140mbar,T+21334mdegC
1592348379:[PRESS ,0038]P   +140mbar,T+21336mdegC
1592348382:[PRESS ,0038]P   +150mbar,T+21338mdegC
1592348384:[PRESS ,0038]P   +150mbar,T+21339mdegC
1592348387:[PRESS ,0038]P   +160mbar,T+21340mdegC
1592348390:[PRESS ,0038]P   +140mbar,T+21343mdegC
1592348393:[PRESS ,0038]P   +150mbar,T+21344mdegC
1592348396:[PRESS ,0038]P   +160mbar,T+21345mdegC
1592348398:[PRESS ,0038]P   +160mbar,T+21347mdegC
1592348401:[PRESS ,0038]P   +170mbar,T+21347mdegC
1592348404:[PRESS ,0038]P   +160mbar,T+21350mdegC
1592348407:[PRESS ,0038]P   +160mbar,T+21352mdegC
1592348407:[BYPASS,0035]bypass opening 10000ms
1592348429:[PRESS ,0038]P   +200mbar,T+21352mdegC
1592348430:[PRESS ,0038]P   +190mbar,T+21351mdegC
1592348432:[PRESS ,0038]P   +210mbar,T+21353mdegC
1592348434:[PRESS ,0038]P   +210mbar,T+21353mdegC
1592348436:[PRESS ,0038]P   +220mbar,T+21355mdegC
1592348438:[PRESS ,0038]P   +220mbar,T+21356mdegC
1592348439:[PRESS ,0038]P   +220mbar,T+21357mdegC
1592348441:[PRESS ,0038]P   +220mbar,T+21359mdegC
1592348443:[PRESS ,0038]P   +220mbar,T+21360mdegC
1592348445:[PRESS ,0038]P   +240mbar,T+21362mdegC
1592348447:[PRESS ,0038]P   +240mbar,T+21363mdegC
1592348448:[PRESS ,0038]P   +250mbar,T+21363mdegC
1592348450:[PRESS ,0038]P   +250mbar,T+21363mdegC
1592348452:[PRESS ,0038]P   +250mbar,T+21363mdegC
1592348454:[PRESS ,0038]P   +250mbar,T+21363mdegC
1592348457:[PRESS ,0038]P   +270mbar,T+21365mdegC
1592348460:[PRESS ,0038]P   +270mbar,T+21365mdegC
1592348462:[PRESS ,0038]P   +280mbar,T+21365mdegC
1592348465:[PRESS ,0038]P   +280mbar,T+21365mdegC
1592348468:[PRESS ,0038]P   +290mbar,T+21366mdegC
1592348471:[PRESS ,0038]P   +290mbar,T+21368mdegC
1592348474:[PRESS ,0038]P   +300mbar,T+21369mdegC
1592348476:[PRESS ,0038]P   +300mbar,T+21370mdegC
1592348479:[PRESS ,0038]P   +310mbar,T+21371mdegC
1592348482:[PRESS ,0038]P   +310mbar,T+21372mdegC
1592348485:[PRESS ,0038]P   +330mbar,T+21373mdegC
1592348488:[PRESS ,0038]P   +330mbar,T+21373mdegC
1592348490:[PRESS ,0038]P   +340mbar,T+21375mdegC
1592348493:[PRESS ,0038]P   +340mbar,T+21375mdegC
1592348496:[PRESS ,0038]P   +350mbar,T+21376mdegC
1592348499:[PRESS ,0038]P   +360mbar,T+21376mdegC
1592348502:[PRESS ,0038]P   +360mbar,T+21376mdegC
1592348504:[PRESS ,0038]P   +360mbar,T+21377mdegC
1592348507:[PRESS ,0038]P   +370mbar,T+21378mdegC
1592348510:[PRESS ,0038]P   +370mbar,T+21378mdegC
1592348513:[PRESS ,0038]P   +370mbar,T+21379mdegC
1592348516:[PRESS ,0038]P   +380mbar,T+21379mdegC
1592348518:[PRESS ,0038]P   +370mbar,T+21379mdegC
1592348521:[PRESS ,0038]P   +380mbar,T+21379mdegC
1592348524:[PRESS ,0038]P   +390mbar,T+21378mdegC
1592348524:[BYPASS,0035]bypass opening 10000ms
1592348546:[PRESS ,0038]P   +400mbar,T+21369mdegC
1592348548:[PRESS ,0038]P   +410mbar,T+21369mdegC
1592348549:[PRESS ,0038]P   +420mbar,T+21369mdegC
1592348551:[PRESS ,0038]P   +420mbar,T+21369mdegC
1592348553:[PRESS ,0038]P   +420mbar,T+21369mdegC
1592348555:[PRESS ,0038]P   +420mbar,T+21369mdegC
1592348557:[PRESS ,0038]P   +420mbar,T+21369mdegC
1592348558:[PRESS ,0038]P   +420mbar,T+21369mdegC
1592348560:[PRESS ,0038]P   +430mbar,T+21369mdegC
1592348562:[PRESS ,0038]P   +430mbar,T+21370mdegC
1592348564:[PRESS ,0038]P   +430mbar,T+21370mdegC
1592348566:[PRESS ,0038]P   +440mbar,T+21370mdegC
1592348567:[PRESS ,0038]P   +440mbar,T+21370mdegC
1592348569:[PRESS ,0038]P   +440mbar,T+21371mdegC
1592348571:[PRESS ,0038]P   +450mbar,T+21371mdegC
1592348574:[PRESS ,0038]P   +450mbar,T+21371mdegC
1592348574:[BYPASS,0035]bypass opening 10000ms
1592348596:[PRESS ,0038]P   +500mbar,T+21363mdegC
1592348598:[PRESS ,0038]P   +500mbar,T+21362mdegC
1592348599:[PRESS ,0038]P   +510mbar,T+21363mdegC
1592348601:[PRESS ,0038]P   +500mbar,T+21363mdegC
1592348603:[PRESS ,0038]P   +500mbar,T+21363mdegC
1592348605:[PRESS ,0038]P   +510mbar,T+21363mdegC
1592348607:[PRESS ,0038]P   +510mbar,T+21365mdegC
1592348608:[PRESS ,0038]P   +510mbar,T+21363mdegC
1592348610:[PRESS ,0038]P   +520mbar,T+21365mdegC
1592348612:[PRESS ,0038]P   +530mbar,T+21365mdegC
1592348614:[PRESS ,0038]P   +520mbar,T+21365mdegC
1592348616:[PRESS ,0038]P   +530mbar,T+21365mdegC
1592348617:[PRESS ,0038]P   +530mbar,T+21366mdegC
1592348619:[PRESS ,0038]P   +530mbar,T+21366mdegC
1592348621:[PRESS ,0038]P   +540mbar,T+21365mdegC
1592348623:[PRESS ,0038]P   +540mbar,T+21366mdegC
1592348623:[DIVING,0028]540mbar reached (+2mbar/s), 10 bypass done
1592348623:[MAIN  ,0056]stage[0]
1592348626:[MAIN  ,0024]internal pressure 81513Pa
1592348626:[PRESS ,0038]P   +550mbar,T+21365mdegC
1592348626:[BUOY  ,0037]P   +550mbar
1592348626:[STAGE ,0080]Stage [0] 5000mbar (+/-500mbar) 1800s (<1592350423s) 
1592348628:[PRESS ,0038]P   +560mbar,T+21366mdegC
1592348628:[BUOY  ,0087]from +2mbar/s to +4mbar/s
1592348628:[BUOY  ,0090]need to transfer -20mL (valve during 11087ms)
1592348628:[VALVE ,0034]valve opening 11087ms
1592348689:[PRESS ,0038]P   +720mbar,T+21359mdegC
1592348691:[PRESS ,0038]P   +730mbar,T+21359mdegC
1592348693:[PRESS ,0038]P   +750mbar,T+21358mdegC
1592348694:[PRESS ,0038]P   +740mbar,T+21358mdegC
1592348696:[PRESS ,0038]P   +740mbar,T+21357mdegC
1592348698:[PRESS ,0038]P   +750mbar,T+21357mdegC
1592348700:[PRESS ,0038]P   +750mbar,T+21357mdegC
1592348702:[PRESS ,0038]P   +760mbar,T+21356mdegC
1592348704:[PRESS ,0038]P   +760mbar,T+21356mdegC
1592348705:[PRESS ,0038]P   +760mbar,T+21355mdegC
1592348707:[PRESS ,0038]P   +750mbar,T+21355mdegC
1592348709:[PRESS ,0038]P   +770mbar,T+21355mdegC
1592348711:[PRESS ,0038]P   +770mbar,T+21353mdegC
1592348713:[PRESS ,0038]P   +770mbar,T+21353mdegC
1592348714:[PRESS ,0038]P   +780mbar,T+21353mdegC
1592348714:[BUOY  ,0087]from +2mbar/s to +4mbar/s
1592348714:[BUOY  ,0090]need to transfer -20mL (valve during 9444ms)
1592348714:[VALVE ,0034]valve opening 9444ms
1592348775:[PRESS ,0038]P  +1010mbar,T+21336mdegC
1592348777:[PRESS ,0038]P  +1000mbar,T+21335mdegC
1592348779:[PRESS ,0038]P  +1010mbar,T+21335mdegC
1592348781:[PRESS ,0038]P  +1020mbar,T+21335mdegC
1592348782:[PRESS ,0038]P  +1020mbar,T+21335mdegC
1592348784:[PRESS ,0038]P  +1030mbar,T+21335mdegC
1592348786:[PRESS ,0038]P  +1040mbar,T+21335mdegC
1592348788:[PRESS ,0038]P  +1040mbar,T+21335mdegC
1592348790:[PRESS ,0038]P  +1050mbar,T+21335mdegC
1592348791:[PRESS ,0038]P  +1070mbar,T+21334mdegC
1592348793:[PRESS ,0038]P  +1060mbar,T+21334mdegC
1592348795:[PRESS ,0038]P  +1070mbar,T+21332mdegC
1592348797:[PRESS ,0038]P  +1070mbar,T+21330mdegC
1592348799:[PRESS ,0038]P  +1080mbar,T+21330mdegC
1592348800:[PRESS ,0038]P  +1100mbar,T+21329mdegC
1592348861:[PRESS ,0038]P  +1330mbar,T+21302mdegC
1592348863:[PRESS ,0038]P  +1330mbar,T+21301mdegC
1592348865:[PRESS ,0038]P  +1340mbar,T+21301mdegC
1592348867:[PRESS ,0038]P  +1360mbar,T+21300mdegC
1592348868:[PRESS ,0038]P  +1360mbar,T+21298mdegC
1592348870:[PRESS ,0038]P  +1370mbar,T+21298mdegC
1592348872:[PRESS ,0038]P  +1380mbar,T+21296mdegC
1592348874:[PRESS ,0038]P  +1380mbar,T+21296mdegC
1592348876:[PRESS ,0038]P  +1390mbar,T+21294mdegC
1592348877:[PRESS ,0038]P  +1410mbar,T+21294mdegC
1592348879:[PRESS ,0038]P  +1400mbar,T+21293mdegC
1592348881:[PRESS ,0038]P  +1430mbar,T+21291mdegC
1592348883:[PRESS ,0038]P  +1430mbar,T+21292mdegC
1592348885:[PRESS ,0038]P  +1440mbar,T+21290mdegC
1592348886:[PRESS ,0038]P  +1450mbar,T+21290mdegC
1592348947:[PRESS ,0038]P  +1700mbar,T+21246mdegC
1592348949:[PRESS ,0038]P  +1710mbar,T+21245mdegC
1592348951:[PRESS ,0038]P  +1720mbar,T+21243mdegC
1592348953:[PRESS ,0038]P  +1720mbar,T+21241mdegC
1592348954:[PRESS ,0038]P  +1720mbar,T+21240mdegC
1592348956:[PRESS ,0038]P  +1730mbar,T+21238mdegC
1592348958:[PRESS ,0038]P  +1740mbar,T+21236mdegC
1592348960:[PRESS ,0038]P  +1750mbar,T+21235mdegC
1592348962:[PRESS ,0038]P  +1750mbar,T+21233mdegC
1592348963:[PRESS ,0038]P  +1760mbar,T+21231mdegC
1592348965:[PRESS ,0038]P  +1770mbar,T+21230mdegC
1592348967:[PRESS ,0038]P  +1770mbar,T+21228mdegC
1592348969:[PRESS ,0038]P  +1790mbar,T+21226mdegC
1592348971:[PRESS ,0038]P  +1790mbar,T+21225mdegC
1592348972:[PRESS ,0038]P  +1800mbar,T+21223mdegC
1592349033:[PRESS ,0038]P  +2030mbar,T+21159mdegC
1592349035:[PRESS ,0038]P  +2030mbar,T+21157mdegC
1592349037:[PRESS ,0038]P  +2040mbar,T+21155mdegC
1592349038:[PRESS ,0038]P  +2040mbar,T+21153mdegC
1592349040:[PRESS ,0038]P  +2060mbar,T+21151mdegC
1592349042:[PRESS ,0038]P  +2060mbar,T+21149mdegC
1592349044:[PRESS ,0038]P  +2050mbar,T+21146mdegC
1592349046:[PRESS ,0038]P  +2060mbar,T+21145mdegC
1592349048:[PRESS ,0038]P  +2060mbar,T+21142mdegC
1592349049:[PRESS ,0038]P  +2070mbar,T+21140mdegC
1592349051:[PRESS ,0038]P  +2090mbar,T+21139mdegC
1592349053:[PRESS ,0038]P  +2090mbar,T+21137mdegC
1592349055:[PRESS ,0038]P  +2100mbar,T+21134mdegC
1592349057:[PRESS ,0038]P  +2110mbar,T+21133mdegC
1592349058:[PRESS ,0038]P  +2120mbar,T+21130mdegC
1592349119:[PRESS ,0038]P  +2320mbar,T+21061mdegC
1592349121:[PRESS ,0038]P  +2320mbar,T+21059mdegC
1592349123:[PRESS ,0038]P  +2330mbar,T+21056mdegC
1592349124:[PRESS ,0038]P  +2340mbar,T+21055mdegC
1592349126:[PRESS ,0038]P  +2350mbar,T+21053mdegC
1592349128:[PRESS ,0038]P  +2350mbar,T+21051mdegC
1592349130:[PRESS ,0038]P  +2350mbar,T+21048mdegC
1592349132:[PRESS ,0038]P  +2360mbar,T+21046mdegC
1592349133:[PRESS ,0038]P  +2370mbar,T+21045mdegC
1592349135:[PRESS ,0038]P  +2370mbar,T+21042mdegC
1592349137:[PRESS ,0038]P  +2380mbar,T+21039mdegC
1592349139:[PRESS ,0038]P  +2390mbar,T+21038mdegC
1592349141:[PRESS ,0038]P  +2400mbar,T+21036mdegC
1592349143:[PRESS ,0038]P  +2410mbar,T+21033mdegC
1592349144:[PRESS ,0038]P  +2400mbar,T+21031mdegC
1592349205:[PRESS ,0038]P  +2600mbar,T+20962mdegC
1592349207:[PRESS ,0038]P  +2610mbar,T+20959mdegC
1592349209:[PRESS ,0038]P  +2610mbar,T+20958mdegC
1592349210:[PRESS ,0038]P  +2610mbar,T+20956mdegC
1592349212:[PRESS ,0038]P  +2630mbar,T+20954mdegC
1592349214:[PRESS ,0038]P  +2620mbar,T+20952mdegC
1592349216:[PRESS ,0038]P  +2620mbar,T+20949mdegC
1592349218:[PRESS ,0038]P  +2620mbar,T+20948mdegC
1592349219:[PRESS ,0038]P  +2620mbar,T+20945mdegC
1592349221:[PRESS ,0038]P  +2630mbar,T+20944mdegC
1592349223:[PRESS ,0038]P  +2630mbar,T+20942mdegC
1592349225:[PRESS ,0038]P  +2640mbar,T+20939mdegC
1592349227:[PRESS ,0038]P  +2640mbar,T+20938mdegC
1592349228:[PRESS ,0038]P  +2650mbar,T+20936mdegC
1592349230:[PRESS ,0038]P  +2650mbar,T+20934mdegC
1592349230:[BUOY  ,0087]from +2mbar/s to +4mbar/s
1592349230:[BUOY  ,0090]need to transfer -20mL (valve during 5000ms)
1592349230:[VALVE ,0034]valve opening 5000ms
1592349291:[PRESS ,0038]P  +2730mbar,T+20864mdegC
1592349293:[PRESS ,0038]P  +2720mbar,T+20863mdegC
1592349295:[PRESS ,0038]P  +2730mbar,T+20860mdegC
1592349297:[PRESS ,0038]P  +2720mbar,T+20859mdegC
1592349298:[PRESS ,0038]P  +2720mbar,T+20857mdegC
1592349300:[PRESS ,0038]P  +2720mbar,T+20855mdegC
1592349302:[PRESS ,0038]P  +2730mbar,T+20853mdegC
1592349304:[PRESS ,0038]P  +2740mbar,T+20851mdegC
1592349306:[PRESS ,0038]P  +2730mbar,T+20850mdegC
1592349307:[PRESS ,0038]P  +2740mbar,T+20848mdegC
1592349309:[PRESS ,0038]P  +2740mbar,T+20846mdegC
1592349311:[PRESS ,0038]P  +2740mbar,T+20843mdegC
1592349313:[PRESS ,0038]P  +2740mbar,T+20842mdegC
1592349315:[PRESS ,0038]P  +2740mbar,T+20840mdegC
1592349316:[PRESS ,0038]P  +2740mbar,T+20837mdegC
1592349316:[BUOY  ,0087]from +1mbar/s to +4mbar/s
1592349316:[BUOY  ,0090]need to transfer -24mL (valve during 5885ms)
1592349316:[VALVE ,0034]valve opening 5885ms
1592349377:[PRESS ,0038]P  +2830mbar,T+20758mdegC
1592349379:[PRESS ,0038]P  +2840mbar,T+20756mdegC
1592349381:[PRESS ,0038]P  +2850mbar,T+20754mdegC
1592349383:[PRESS ,0038]P  +2830mbar,T+20751mdegC
1592349384:[PRESS ,0038]P  +2840mbar,T+20748mdegC
1592349386:[PRESS ,0038]P  +2840mbar,T+20745mdegC
1592349388:[PRESS ,0038]P  +2840mbar,T+20743mdegC
1592349390:[PRESS ,0038]P  +2850mbar,T+20741mdegC
1592349392:[PRESS ,0038]P  +2850mbar,T+20739mdegC
1592349393:[PRESS ,0038]P  +2850mbar,T+20736mdegC
1592349395:[PRESS ,0038]P  +2860mbar,T+20734mdegC
1592349397:[PRESS ,0038]P  +2860mbar,T+20732mdegC
1592349399:[PRESS ,0038]P  +2860mbar,T+20728mdegC
1592349401:[PRESS ,0038]P  +2850mbar,T+20726mdegC
1592349402:[PRESS ,0038]P  +2860mbar,T+20725mdegC
1592349403:[BUOY  ,0087]from +1mbar/s to +4mbar/s
1592349403:[BUOY  ,0090]need to transfer -24mL (valve during 5774ms)
1592349403:[VALVE ,0034]valve opening 5774ms
1592349463:[PRESS ,0038]P  +2930mbar,T+20629mdegC
1592349465:[PRESS ,0038]P  +2920mbar,T+20626mdegC
1592349467:[PRESS ,0038]P  +2920mbar,T+20624mdegC
1592349469:[PRESS ,0038]P  +2920mbar,T+20620mdegC
1592349470:[PRESS ,0038]P  +2920mbar,T+20618mdegC
1592349472:[PRESS ,0038]P  +2930mbar,T+20615mdegC
1592349474:[PRESS ,0038]P  +2910mbar,T+20612mdegC
1592349476:[PRESS ,0038]P  +2920mbar,T+20609mdegC
1592349478:[PRESS ,0038]P  +2930mbar,T+20606mdegC
1592349480:[PRESS ,0038]P  +2920mbar,T+20604mdegC
1592349481:[PRESS ,0038]P  +2920mbar,T+20602mdegC
1592349483:[PRESS ,0038]P  +2920mbar,T+20599mdegC
1592349485:[PRESS ,0038]P  +2930mbar,T+20595mdegC
1592349487:[PRESS ,0038]P  +2920mbar,T+20592mdegC
1592349489:[PRESS ,0038]P  +2930mbar,T+20590mdegC
1592349489:<WARN>[BUOY  ,0094]stage[0] should DESCENT, stuck at 2930mbar for the #1 time
1592349489:[BUOY  ,0087]from +0mbar/s to +4mbar/s
1592349489:[BUOY  ,0090]need to transfer -26mL (valve during 6139ms)
1592349489:[VALVE ,0034]valve opening 6139ms
1592349549:[PRESS ,0038]P  +3060mbar,T+20489mdegC
1592349551:[PRESS ,0038]P  +3050mbar,T+20486mdegC
1592349553:[PRESS ,0038]P  +3060mbar,T+20483mdegC
1592349555:[PRESS ,0038]P  +3070mbar,T+20480mdegC
1592349557:[PRESS ,0038]P  +3070mbar,T+20477mdegC
1592349558:[PRESS ,0038]P  +3070mbar,T+20475mdegC
1592349560:[PRESS ,0038]P  +3070mbar,T+20472mdegC
1592349562:[PRESS ,0038]P  +3080mbar,T+20468mdegC
1592349564:[PRESS ,0038]P  +3080mbar,T+20465mdegC
1592349566:[PRESS ,0038]P  +3080mbar,T+20462mdegC
1592349567:[PRESS ,0038]P  +3080mbar,T+20460mdegC
1592349569:[PRESS ,0038]P  +3090mbar,T+20458mdegC
1592349571:[PRESS ,0038]P  +3080mbar,T+20455mdegC
1592349573:[PRESS ,0038]P  +3080mbar,T+20452mdegC
1592349575:[PRESS ,0038]P  +3100mbar,T+20448mdegC
1592349575:[BUOY  ,0087]from +1mbar/s to +4mbar/s
1592349575:[BUOY  ,0090]need to transfer -24mL (valve during 5564ms)
1592349575:[VALVE ,0034]valve opening 5564ms
1592349635:[PRESS ,0038]P  +3250mbar,T+20346mdegC
1592349637:[PRESS ,0038]P  +3260mbar,T+20343mdegC
1592349639:[PRESS ,0038]P  +3270mbar,T+20341mdegC
1592349641:[PRESS ,0038]P  +3270mbar,T+20338mdegC
1592349643:[PRESS ,0038]P  +3290mbar,T+20335mdegC
1592349644:[PRESS ,0038]P  +3300mbar,T+20333mdegC
1592349646:[PRESS ,0038]P  +3300mbar,T+20330mdegC
1592349648:[PRESS ,0038]P  +3310mbar,T+20326mdegC
1592349650:[PRESS ,0038]P  +3310mbar,T+20324mdegC
1592349652:[PRESS ,0038]P  +3330mbar,T+20321mdegC
1592349654:[PRESS ,0038]P  +3330mbar,T+20318mdegC
1592349655:[PRESS ,0038]P  +3340mbar,T+20314mdegC
1592349657:[PRESS ,0038]P  +3350mbar,T+20311mdegC
1592349659:[PRESS ,0038]P  +3350mbar,T+20309mdegC
1592349661:[PRESS ,0038]P  +3370mbar,T+20306mdegC
1592349721:[PRESS ,0038]P  +3670mbar,T+20204mdegC
1592349723:[PRESS ,0038]P  +3680mbar,T+20201mdegC
1592349725:[PRESS ,0038]P  +3690mbar,T+20197mdegC
1592349727:[PRESS ,0038]P  +3700mbar,T+20195mdegC
1592349729:[PRESS ,0038]P  +3710mbar,T+20192mdegC
1592349730:[PRESS ,0038]P  +3720mbar,T+20189mdegC
1592349732:[PRESS ,0038]P  +3720mbar,T+20184mdegC
1592349734:[PRESS ,0038]P  +3730mbar,T+20182mdegC
1592349736:[PRESS ,0038]P  +3750mbar,T+20178mdegC
1592349738:[PRESS ,0038]P  +3750mbar,T+20174mdegC
1592349739:[PRESS ,0038]P  +3760mbar,T+20170mdegC
1592349741:[PRESS ,0038]P  +3770mbar,T+20168mdegC
1592349743:[PRESS ,0038]P  +3780mbar,T+20165mdegC
1592349745:[PRESS ,0038]P  +3780mbar,T+20161mdegC
1592349747:[PRESS ,0038]P  +3790mbar,T+20158mdegC
1592349747:[BUOY  ,0087]from +5mbar/s to +3mbar/s
1592349747:[BUOY  ,0089]need to transfer +26mL (pump during 31657ms)
1592349755:[PUMP  ,0016]pump during 31657ms
1592349811:[PRESS ,0038]P  +4120mbar,T+20037mdegC
1592349812:[PRESS ,0038]P  +4120mbar,T+20033mdegC
1592349814:[PRESS ,0038]P  +4140mbar,T+20029mdegC
1592349816:[PRESS ,0038]P  +4140mbar,T+20025mdegC
1592349818:[PRESS ,0038]P  +4150mbar,T+20021mdegC
1592349820:[PRESS ,0038]P  +4180mbar,T+20017mdegC
1592349821:[PRESS ,0038]P  +4170mbar,T+20013mdegC
1592349823:[PRESS ,0038]P  +4190mbar,T+20008mdegC
1592349825:[PRESS ,0038]P  +4200mbar,T+20005mdegC
1592349827:[PRESS ,0038]P  +4210mbar,T+20001mdegC
1592349829:[PRESS ,0038]P  +4210mbar,T+19997mdegC
1592349830:[PRESS ,0038]P  +4220mbar,T+19991mdegC
1592349832:[PRESS ,0038]P  +4230mbar,T+19988mdegC
1592349834:[PRESS ,0038]P  +4240mbar,T+19983mdegC
1592349836:[PRESS ,0038]P  +4250mbar,T+19979mdegC
1592349836:[BUOY  ,0087]from +5mbar/s to +3mbar/s
1592349836:[BUOY  ,0089]need to transfer +26mL (pump during 31657ms)
1592349844:[PUMP  ,0016]pump during 31657ms
1592349900:[PRESS ,0038]P  +4360mbar,T+19819mdegC
1592349902:[PRESS ,0038]P  +4360mbar,T+19814mdegC
1592349903:[PRESS ,0038]P  +4370mbar,T+19809mdegC
1592349905:[PRESS ,0038]P  +4370mbar,T+19804mdegC
1592349907:[PRESS ,0038]P  +4360mbar,T+19800mdegC
1592349909:[PRESS ,0038]P  +4380mbar,T+19794mdegC
1592349911:[PRESS ,0038]P  +4380mbar,T+19789mdegC
1592349912:[PRESS ,0038]P  +4370mbar,T+19785mdegC
1592349914:[PRESS ,0038]P  +4370mbar,T+19779mdegC
1592349916:[PRESS ,0038]P  +4370mbar,T+19773mdegC
1592349918:[PRESS ,0038]P  +4370mbar,T+19767mdegC
1592349920:[PRESS ,0038]P  +4390mbar,T+19762mdegC
1592349921:[PRESS ,0038]P  +4380mbar,T+19758mdegC
1592349923:[PRESS ,0038]P  +4390mbar,T+19751mdegC
1592349925:[PRESS ,0038]P  +4390mbar,T+19745mdegC
1592349925:[BUOY  ,0087]from +1mbar/s to +3mbar/s
1592349925:[BUOY  ,0090]need to transfer -12mL (valve during 2318ms)
1592349925:[VALVE ,0034]valve opening 2318ms
1592349986:[PRESS ,0038]P  +4470mbar,T+19534mdegC
1592349988:[PRESS ,0038]P  +4480mbar,T+19528mdegC
1592349989:[PRESS ,0038]P  +4480mbar,T+19521mdegC
1592349991:[PRESS ,0038]P  +4470mbar,T+19516mdegC
1592349993:[PRESS ,0038]P  +4480mbar,T+19509mdegC
1592349995:[PRESS ,0038]P  +4480mbar,T+19502mdegC
1592349997:[PRESS ,0038]P  +4480mbar,T+19495mdegC
1592349999:[PRESS ,0038]P  +4490mbar,T+19488mdegC
1592350000:[PRESS ,0038]P  +4500mbar,T+19483mdegC
1592350002:[PRESS ,0038]P  +4500mbar,T+19476mdegC
1592350004:[PRESS ,0038]P  +4510mbar,T+19469mdegC
1592350006:[PRESS ,0038]P  +4490mbar,T+19463mdegC
1592350008:[PRESS ,0038]P  +4500mbar,T+19456mdegC
1592350009:[PRESS ,0038]P  +4500mbar,T+19449mdegC
1592350011:[PRESS ,0038]P  +4500mbar,T+19442mdegC
1592350011:[BUOY  ,0087]from +1mbar/s to +3mbar/s
1592350011:[BUOY  ,0090]need to transfer -12mL (valve during 2284ms)
1592350011:[VALVE ,0034]valve opening 2284ms
1592350072:[PRESS ,0038]P  +4630mbar,T+19206mdegC
1592350074:[PRESS ,0038]P  +4630mbar,T+19199mdegC
1592350076:[PRESS ,0038]P  +4630mbar,T+19192mdegC
1592350077:[PRESS ,0038]P  +4640mbar,T+19186mdegC
1592350079:[PRESS ,0038]P  +4640mbar,T+19178mdegC
1592350081:[PRESS ,0038]P  +4640mbar,T+19171mdegC
1592350083:[PRESS ,0038]P  +4660mbar,T+19165mdegC
1592350085:[PRESS ,0038]P  +4650mbar,T+19159mdegC
1592350086:[PRESS ,0038]P  +4650mbar,T+19151mdegC
1592350088:[PRESS ,0038]P  +4660mbar,T+19145mdegC
1592350090:[PRESS ,0038]P  +4670mbar,T+19137mdegC
1592350092:[PRESS ,0038]P  +4670mbar,T+19130mdegC
1592350094:[PRESS ,0038]P  +4680mbar,T+19123mdegC
1592350095:[PRESS ,0038]P  +4680mbar,T+19118mdegC
1592350097:[PRESS ,0038]P  +4680mbar,T+19110mdegC
1592350097:[STAGE ,0213]4680mbar reached at 1592350097s, ref 5000mbar +/-500mbar
1592350158:[PRESS ,0038]P  +4810mbar,T+18884mdegC
1592350219:[PRESS ,0038]P  +4900mbar,T+18665mdegC
1592350279:[PRESS ,0038]P  +5010mbar,T+18456mdegC
1592350279:[BUOY  ,0087]from +2mbar/s to +0mbar/s
1592350279:[BUOY  ,0089]need to transfer +6mL (pump during 7305ms)
1592350288:[PUMP  ,0016]pump during 7305ms
1592350343:[PRESS ,0038]P  +5180mbar,T+18269mdegC
1592350345:[PRESS ,0038]P  +5200mbar,T+18264mdegC
1592350347:[PRESS ,0038]P  +5200mbar,T+18258mdegC
1592350349:[PRESS ,0038]P  +5200mbar,T+18253mdegC
1592350350:[PRESS ,0038]P  +5210mbar,T+18249mdegC
1592350352:[PRESS ,0038]P  +5210mbar,T+18242mdegC
1592350354:[PRESS ,0038]P  +5220mbar,T+18238mdegC
1592350356:[PRESS ,0038]P  +5230mbar,T+18232mdegC
1592350358:[PRESS ,0038]P  +5230mbar,T+18227mdegC
1592350359:[PRESS ,0038]P  +5230mbar,T+18222mdegC
1592350361:[PRESS ,0038]P  +5250mbar,T+18216mdegC
1592350363:[PRESS ,0038]P  +5250mbar,T+18211mdegC
1592350365:[PRESS ,0038]P  +5250mbar,T+18207mdegC
1592350367:[PRESS ,0038]P  +5250mbar,T+18201mdegC
1592350369:[PRESS ,0038]P  +5250mbar,T+18196mdegC
1592350369:[BUOY  ,0087]from +3mbar/s to +0mbar/s
1592350369:[BUOY  ,0089]need to transfer +14mL (pump during 17046ms)
1592350377:[PUMP  ,0016]pump during 17046ms
1592350432:[PRESS ,0038]P  +5360mbar,T+18042mdegC
1592350434:[PRESS ,0038]P  +5360mbar,T+18038mdegC
1592350436:[PRESS ,0038]P  +5360mbar,T+18034mdegC
1592350438:[PRESS ,0038]P  +5360mbar,T+18029mdegC
1592350440:[PRESS ,0038]P  +5360mbar,T+18025mdegC
1592350441:[PRESS ,0038]P  +5370mbar,T+18020mdegC
1592350443:[PRESS ,0038]P  +5370mbar,T+18016mdegC
1592350445:[PRESS ,0038]P  +5370mbar,T+18011mdegC
1592350447:[PRESS ,0038]P  +5380mbar,T+18007mdegC
1592350449:[PRESS ,0038]P  +5380mbar,T+18001mdegC
1592350450:[PRESS ,0038]P  +5380mbar,T+17996mdegC
1592350452:[PRESS ,0038]P  +5390mbar,T+17992mdegC
1592350454:[PRESS ,0038]P  +5400mbar,T+17988mdegC
1592350456:[PRESS ,0038]P  +5390mbar,T+17983mdegC
1592350458:[PRESS ,0038]P  +5400mbar,T+17977mdegC
1592350458:[MAIN  ,0140]stage[0] complete 1835s after mission start
1592350458:[MAIN  ,0056]stage[1]
1592350460:[MAIN  ,0024]internal pressure 81533Pa
1592350461:[MRMAID,0002]acq started
1592350471:[PRESS ,0038]P  +5420mbar,T+17941mdegC
1592350471:[BUOY  ,0037]P  +5420mbar
1592350471:[STAGE ,0080]Stage [1] 5000mbar (+/-500mbar) 7200s (<1592355823s) MERMAID
1592350473:[PRESS ,0038]P  +5430mbar,T+17937mdegC
1592350473:[STAGE ,0213]5430mbar reached at 1592350473s, ref 5000mbar +/-500mbar
1592350473:[BUOY  ,0087]from +2mbar/s to +0mbar/s
1592350473:[BUOY  ,0089]need to transfer +6mL (pump during 7305ms)
1592350482:[PUMP  ,0016]pump during 7305ms
1592350502:[MRMAID,0184]acq already started
1592350514:[MRMAID,0059]stop canceled
1592350548:[PRESS ,0038]P  +5590mbar,T+17749mdegC
1592350549:[PRESS ,0038]P  +5610mbar,T+17744mdegC
1592350551:[PRESS ,0038]P  +5600mbar,T+17739mdegC
1592350553:[PRESS ,0038]P  +5600mbar,T+17735mdegC
1592350555:[PRESS ,0038]P  +5610mbar,T+17729mdegC
1592350557:[PRESS ,0038]P  +5610mbar,T+17725mdegC
1592350558:[PRESS ,0038]P  +5610mbar,T+17720mdegC
1592350560:[PRESS ,0038]P  +5630mbar,T+17715mdegC
1592350562:[PRESS ,0038]P  +5640mbar,T+17709mdegC
1592350564:[PRESS ,0038]P  +5640mbar,T+17705mdegC
1592350566:[PRESS ,0038]P  +5650mbar,T+17698mdegC
1592350567:[PRESS ,0038]P  +5660mbar,T+17695mdegC
1592350569:[PRESS ,0038]P  +5670mbar,T+17690mdegC
1592350571:[PRESS ,0038]P  +5670mbar,T+17685mdegC
1592350573:[PRESS ,0038]P  +5670mbar,T+17680mdegC
1592350573:<WARN>[BUOY  ,0094]stage[1] should ASCENT, stuck at 5670mbar for the #1 time
1592350573:[BUOY  ,0087]from +3mbar/s to -3mbar/s
1592350573:[BUOY  ,0089]need to transfer +28mL (pump during 34092ms)
1592350573:[MRMAID,0059]stop canceled
1592350574:[MRMAID,0183]dropping spurious '0x53'
1592350574:[MRMAID,0183]dropping spurious '0x54'
1592350574:[MRMAID,0183]dropping spurious '0x4F'
1592350574:[MRMAID,0183]dropping spurious '0x50'
1592350574:[MRMAID,0183]dropping spurious '0x41'
1592350574:[MRMAID,0183]dropping spurious '0x43'
1592350574:[MRMAID,0183]dropping spurious '0x4B'
1592350574:[MRMAID,0183]dropping spurious '0x3A'
1592350574:[MRMAID,0183]dropping spurious '0x2B'
1592350574:[MRMAID,0183]dropping spurious '0x31'
1592350574:[MRMAID,0183]dropping spurious '0x3B'
1592350574:[MRMAID,0185]11 spurious byte(s) received
1592350582:[PUMP  ,0016]pump during 34092ms
1592350619:[MRMAID,0002]acq started
1592350647:[PRESS ,0038]P  +5860mbar,T+17531mdegC
1592350649:[PRESS ,0038]P  +5860mbar,T+17527mdegC
1592350650:[PRESS ,0038]P  +5860mbar,T+17523mdegC
1592350652:[PRESS ,0038]P  +5870mbar,T+17520mdegC
1592350654:[PRESS ,0038]P  +5880mbar,T+17517mdegC
1592350656:[PRESS ,0038]P  +5880mbar,T+17512mdegC
1592350658:[PRESS ,0038]P  +5900mbar,T+17508mdegC
1592350659:[PRESS ,0038]P  +5890mbar,T+17503mdegC
1592350661:[PRESS ,0038]P  +5900mbar,T+17500mdegC
1592350663:[PRESS ,0038]P  +5900mbar,T+17496mdegC
1592350665:[PRESS ,0038]P  +5900mbar,T+17492mdegC
1592350667:[PRESS ,0038]P  +5910mbar,T+17487mdegC
1592350668:[PRESS ,0038]P  +5900mbar,T+17483mdegC
1592350670:[PRESS ,0038]P  +5910mbar,T+17478mdegC
1592350672:[PRESS ,0038]P  +5910mbar,T+17474mdegC
1592350672:<WARN>[BUOY  ,0094]stage[1] should ASCENT, stuck at 5910mbar for the #2 time
1592350672:[BUOY  ,0087]from +2mbar/s to -3mbar/s
1592350672:[BUOY  ,0089]need to transfer +20mL (pump during 24352ms)
1592350672:[MRMAID,0003]acq stopped
1592350681:[PUMP  ,0016]pump during 24352ms
1592350708:[MRMAID,0002]acq started
1592350746:[PRESS ,0038]P  +6050mbar,T+17324mdegC
1592350748:[PRESS ,0038]P  +6050mbar,T+17321mdegC
1592350750:[PRESS ,0038]P  +6050mbar,T+17316mdegC
1592350751:[PRESS ,0038]P  +6040mbar,T+17312mdegC
1592350753:[PRESS ,0038]P  +6050mbar,T+17309mdegC
1592350755:[PRESS ,0038]P  +6040mbar,T+17304mdegC
1592350757:[PRESS ,0038]P  +6050mbar,T+17299mdegC
1592350759:[PRESS ,0038]P  +6050mbar,T+17295mdegC
1592350760:[PRESS ,0038]P  +6050mbar,T+17291mdegC
1592350762:[PRESS ,0038]P  +6050mbar,T+17287mdegC
1592350764:[PRESS ,0038]P  +6050mbar,T+17283mdegC
1592350766:[PRESS ,0038]P  +6050mbar,T+17278mdegC
1592350768:[PRESS ,0038]P  +6040mbar,T+17273mdegC
1592350769:[PRESS ,0038]P  +6040mbar,T+17269mdegC
1592350771:[PRESS ,0038]P  +6040mbar,T+17264mdegC
1592350771:<WARN>[BUOY  ,0094]stage[1] should ASCENT, stuck at 6040mbar for the #3 time
1592350771:[BUOY  ,0087]from +0mbar/s to -3mbar/s
1592350771:[BUOY  ,0089]need to transfer +14mL (pump during 17046ms)
1592350771:[MRMAID,0002]acq started
1592350773:[MRMAID,0183]dropping spurious '0x53'
1592350773:[MRMAID,0183]dropping spurious '0x54'
1592350773:[MRMAID,0183]dropping spurious '0x4F'
1592350773:[MRMAID,0183]dropping spurious '0x50'
1592350773:[MRMAID,0183]dropping spurious '0x41'
1592350773:[MRMAID,0183]dropping spurious '0x43'
1592350773:[MRMAID,0183]dropping spurious '0x4B'
1592350773:[MRMAID,0183]dropping spurious '0x3A'
1592350773:[MRMAID,0183]dropping spurious '0x2B'
1592350773:[MRMAID,0183]dropping spurious '0x31'
1592350773:[MRMAID,0183]dropping spurious '0x3B'
1592350773:[MRMAID,0185]11 spurious byte(s) received
1592350780:[PUMP  ,0016]pump during 17046ms
1592350800:[MRMAID,0002]acq started
1592350845:[PRESS ,0038]P  +6030mbar,T+17113mdegC
1592350847:[PRESS ,0038]P  +6020mbar,T+17109mdegC
1592350849:[PRESS ,0038]P  +6020mbar,T+17105mdegC
1592350851:[PRESS ,0038]P  +6020mbar,T+17101mdegC
1592350852:[PRESS ,0038]P  +6020mbar,T+17097mdegC
1592350854:[PRESS ,0038]P  +6020mbar,T+17093mdegC
1592350856:[PRESS ,0038]P  +6020mbar,T+17089mdegC
1592350858:[PRESS ,0038]P  +6020mbar,T+17085mdegC
1592350860:[PRESS ,0038]P  +6020mbar,T+17080mdegC
1592350861:[PRESS ,0038]P  +6020mbar,T+17076mdegC
1592350863:[PRESS ,0038]P  +6020mbar,T+17072mdegC
1592350865:[PRESS ,0038]P  +6020mbar,T+17068mdegC
1592350867:[PRESS ,0038]P  +6010mbar,T+17063mdegC
1592350869:[PRESS ,0038]P  +6010mbar,T+17060mdegC
1592350870:[PRESS ,0038]P  +6010mbar,T+17056mdegC
1592350870:<WARN>[BUOY  ,0094]stage[1] should ASCENT, stuck at 6010mbar for the #4 time
1592350870:[BUOY  ,0087]from +0mbar/s to -3mbar/s
1592350870:[BUOY  ,0089]need to transfer +14mL (pump during 17046ms)
1592350871:[MRMAID,0003]acq stopped
1592350879:[PUMP  ,0016]pump during 17046ms
1592350899:[MRMAID,0002]acq started
1592350944:[PRESS ,0038]P  +5960mbar,T+16918mdegC
1592350946:[PRESS ,0038]P  +5950mbar,T+16913mdegC
1592350948:[PRESS ,0038]P  +5950mbar,T+16910mdegC
1592350950:[PRESS ,0038]P  +5950mbar,T+16905mdegC
1592350951:[PRESS ,0038]P  +5940mbar,T+16902mdegC
1592350953:[PRESS ,0038]P  +5940mbar,T+16898mdegC
1592350955:[PRESS ,0038]P  +5930mbar,T+16895mdegC
1592350957:[PRESS ,0038]P  +5940mbar,T+16891mdegC
1592350959:[PRESS ,0038]P  +5940mbar,T+16888mdegC
1592350961:[PRESS ,0038]P  +5930mbar,T+16883mdegC
1592350962:[PRESS ,0038]P  +5920mbar,T+16879mdegC
1592350964:[PRESS ,0038]P  +5900mbar,T+16875mdegC
1592350966:[PRESS ,0038]P  +5910mbar,T+16872mdegC
1592350968:[PRESS ,0038]P  +5900mbar,T+16869mdegC
1592350970:[PRESS ,0038]P  +5900mbar,T+16865mdegC
1592351030:[PRESS ,0038]P  +5750mbar,T+16729mdegC
1592351032:[PRESS ,0038]P  +5750mbar,T+16725mdegC
1592351034:[PRESS ,0038]P  +5740mbar,T+16722mdegC
1592351036:[PRESS ,0038]P  +5740mbar,T+16717mdegC
1592351037:[PRESS ,0038]P  +5730mbar,T+16713mdegC
1592351039:[PRESS ,0038]P  +5730mbar,T+16709mdegC
1592351041:[PRESS ,0038]P  +5730mbar,T+16706mdegC
1592351043:[PRESS ,0038]P  +5720mbar,T+16701mdegC
1592351045:[PRESS ,0038]P  +5710mbar,T+16698mdegC
1592351046:[PRESS ,0038]P  +5710mbar,T+16693mdegC
1592351048:[PRESS ,0038]P  +5700mbar,T+16690mdegC
1592351050:[PRESS ,0038]P  +5700mbar,T+16687mdegC
1592351052:[PRESS ,0038]P  +5690mbar,T+16683mdegC
1592351054:[PRESS ,0038]P  +5700mbar,T+16679mdegC
1592351056:[PRESS ,0038]P  +5690mbar,T+16675mdegC
1592351116:[PRESS ,0038]P  +5530mbar,T+16550mdegC
1592351118:[PRESS ,0038]P  +5540mbar,T+16547mdegC
1592351120:[PRESS ,0038]P  +5540mbar,T+16543mdegC
1592351122:[PRESS ,0038]P  +5520mbar,T+16540mdegC
1592351123:[PRESS ,0038]P  +5520mbar,T+16537mdegC
1592351125:[PRESS ,0038]P  +5520mbar,T+16534mdegC
1592351127:[PRESS ,0038]P  +5510mbar,T+16530mdegC
1592351129:[PRESS ,0038]P  +5500mbar,T+16526mdegC
1592351131:[PRESS ,0038]P  +5500mbar,T+16523mdegC
1592351132:[PRESS ,0038]P  +5490mbar,T+16519mdegC
1592351134:[PRESS ,0038]P  +5490mbar,T+16516mdegC
1592351136:[PRESS ,0038]P  +5490mbar,T+16513mdegC
1592351138:[PRESS ,0038]P  +5480mbar,T+16509mdegC
1592351140:[PRESS ,0038]P  +5480mbar,T+16506mdegC
1592351141:[PRESS ,0038]P  +5470mbar,T+16503mdegC
1592351142:[BUOY  ,0087]from -3mbar/s to +0mbar/s
1592351142:[BUOY  ,0090]need to transfer -14mL (valve during 2445ms)
1592351142:[MRMAID,0003]acq stopped
1592351142:[VALVE ,0034]valve opening 2445ms
1592351146:[MRMAID,0002]acq started
1592351212:[PRESS ,0038]P  +5410mbar,T+16388mdegC
1592351214:[PRESS ,0038]P  +5410mbar,T+16386mdegC
1592351216:[PRESS ,0038]P  +5410mbar,T+16383mdegC
1592351218:[PRESS ,0038]P  +5400mbar,T+16379mdegC
1592351220:[PRESS ,0038]P  +5400mbar,T+16378mdegC
1592351221:[PRESS ,0038]P  +5390mbar,T+16374mdegC
1592351223:[PRESS ,0038]P  +5410mbar,T+16371mdegC
1592351225:[PRESS ,0038]P  +5400mbar,T+16369mdegC
1592351227:[PRESS ,0038]P  +5410mbar,T+16366mdegC
1592351229:[PRESS ,0038]P  +5410mbar,T+16363mdegC
1592351230:[PRESS ,0038]P  +5390mbar,T+16361mdegC
1592351232:[PRESS ,0038]P  +5390mbar,T+16357mdegC
1592351234:[PRESS ,0038]P  +5390mbar,T+16355mdegC
1592351236:[PRESS ,0038]P  +5390mbar,T+16353mdegC
1592351238:[PRESS ,0038]P  +5380mbar,T+16350mdegC
1592351298:[PRESS ,0038]P  +5340mbar,T+16266mdegC
1592351359:[PRESS ,0038]P  +5320mbar,T+16191mdegC
1592351420:[PRESS ,0038]P  +5320mbar,T+16127mdegC
1592351480:[PRESS ,0038]P  +5310mbar,T+16072mdegC
1592351541:[PRESS ,0038]P  +5350mbar,T+16025mdegC
1592351602:[PRESS ,0038]P  +5390mbar,T+15984mdegC
1592351662:[PRESS ,0038]P  +5440mbar,T+15949mdegC
1592351723:[PRESS ,0038]P  +5450mbar,T+15916mdegC
1592351784:[PRESS ,0038]P  +5470mbar,T+15886mdegC
1592351844:[PRESS ,0038]P  +5480mbar,T+15858mdegC
1592351905:[PRESS ,0038]P  +5460mbar,T+15833mdegC
1592351966:[PRESS ,0038]P  +5440mbar,T+15810mdegC
1592352026:[PRESS ,0038]P  +5410mbar,T+15787mdegC
1592352087:[PRESS ,0038]P  +5410mbar,T+15767mdegC
1592352148:[PRESS ,0038]P  +5390mbar,T+15748mdegC
1592352209:[PRESS ,0038]P  +5370mbar,T+15732mdegC
1592352269:[PRESS ,0038]P  +5340mbar,T+15716mdegC
1592352330:[PRESS ,0038]P  +5320mbar,T+15702mdegC
1592352391:[PRESS ,0038]P  +5310mbar,T+15688mdegC
1592352451:[PRESS ,0038]P  +5310mbar,T+15675mdegC
1592352512:[PRESS ,0038]P  +5300mbar,T+15662mdegC
1592352573:[PRESS ,0038]P  +5350mbar,T+15651mdegC
1592352633:[PRESS ,0038]P  +5400mbar,T+15640mdegC
1592352694:[PRESS ,0038]P  +5420mbar,T+15631mdegC
1592352755:[PRESS ,0038]P  +5420mbar,T+15621mdegC
1592352815:[PRESS ,0038]P  +5420mbar,T+15614mdegC
1592352876:[PRESS ,0038]P  +5410mbar,T+15604mdegC
1592352937:[PRESS ,0038]P  +5400mbar,T+15595mdegC
1592352997:[PRESS ,0038]P  +5420mbar,T+15586mdegC
1592353058:[PRESS ,0038]P  +5430mbar,T+15577mdegC
1592353119:[PRESS ,0038]P  +5420mbar,T+15567mdegC
1592353179:[PRESS ,0038]P  +5400mbar,T+15559mdegC
1592353240:[PRESS ,0038]P  +5400mbar,T+15549mdegC
1592353301:[PRESS ,0038]P  +5420mbar,T+15538mdegC
1592353362:[PRESS ,0038]P  +5450mbar,T+15526mdegC
1592353422:[PRESS ,0038]P  +5460mbar,T+15512mdegC
1592353483:[PRESS ,0038]P  +5480mbar,T+15500mdegC
1592353544:[PRESS ,0038]P  +5500mbar,T+15488mdegC
1592353544:<WARN>[BUOY  ,0094]stage[1] should ASCENT, stuck at 5500mbar for the #1 time
1592353544:[BUOY  ,0087]from +0mbar/s to -3mbar/s
1592353544:[BUOY  ,0089]need to transfer +14mL (pump during 16939ms)
1592353544:[MRMAID,0003]acq stopped
1592353544:[MRMAID,0052]Mermaid $MEASFS,93850,2345.429077,40.014000;
1592353552:[PUMP  ,0016]pump during 16939ms
1592353572:[MRMAID,0002]acq started
1592353617:[PRESS ,0038]P  +5470mbar,T+15493mdegC
1592353619:[PRESS ,0038]P  +5470mbar,T+15493mdegC
1592353621:[PRESS ,0038]P  +5480mbar,T+15493mdegC
1592353623:[PRESS ,0038]P  +5460mbar,T+15492mdegC
1592353625:[PRESS ,0038]P  +5470mbar,T+15493mdegC
1592353626:[PRESS ,0038]P  +5470mbar,T+15493mdegC
1592353628:[PRESS ,0038]P  +5470mbar,T+15493mdegC
1592353630:[PRESS ,0038]P  +5470mbar,T+15493mdegC
1592353632:[PRESS ,0038]P  +5450mbar,T+15493mdegC
1592353634:[PRESS ,0038]P  +5460mbar,T+15492mdegC
1592353636:[PRESS ,0038]P  +5460mbar,T+15492mdegC
1592353637:[PRESS ,0038]P  +5450mbar,T+15492mdegC
1592353639:[PRESS ,0038]P  +5460mbar,T+15491mdegC
1592353641:[PRESS ,0038]P  +5450mbar,T+15490mdegC
1592353643:[PRESS ,0038]P  +5450mbar,T+15490mdegC
1592353703:[PRESS ,0038]P  +5410mbar,T+15482mdegC
1592353764:[PRESS ,0038]P  +5390mbar,T+15470mdegC
1592353825:[PRESS ,0038]P  +5400mbar,T+15460mdegC
1592353885:[PRESS ,0038]P  +5370mbar,T+15454mdegC
1592353946:[PRESS ,0038]P  +5340mbar,T+15448mdegC
1592354007:[PRESS ,0038]P  +5330mbar,T+15446mdegC
1592354068:[PRESS ,0038]P  +5330mbar,T+15444mdegC
1592354128:[PRESS ,0038]P  +5320mbar,T+15445mdegC
1592354189:[PRESS ,0038]P  +5290mbar,T+15446mdegC
1592354250:[PRESS ,0038]P  +5280mbar,T+15447mdegC
1592354310:[PRESS ,0038]P  +5290mbar,T+15450mdegC
1592354371:[PRESS ,0038]P  +5290mbar,T+15451mdegC
1592354432:[PRESS ,0038]P  +5300mbar,T+15453mdegC
1592354492:[PRESS ,0038]P  +5250mbar,T+15458mdegC
1592354553:[PRESS ,0038]P  +5250mbar,T+15467mdegC
1592354614:[PRESS ,0038]P  +5240mbar,T+15479mdegC
1592354674:[PRESS ,0038]P  +5210mbar,T+15493mdegC
1592354735:[PRESS ,0038]P  +5170mbar,T+15510mdegC
1592354796:[PRESS ,0038]P  +5160mbar,T+15526mdegC
1592354856:[PRESS ,0038]P  +5160mbar,T+15542mdegC
1592354917:[PRESS ,0038]P  +5120mbar,T+15559mdegC
1592354978:[PRESS ,0038]P  +5100mbar,T+15574mdegC
1592355038:[PRESS ,0038]P  +5130mbar,T+15588mdegC
1592355099:[PRESS ,0038]P  +5120mbar,T+15601mdegC
1592355160:[PRESS ,0038]P  +5110mbar,T+15614mdegC
1592355221:[PRESS ,0038]P  +5100mbar,T+15626mdegC
1592355281:[PRESS ,0038]P  +5140mbar,T+15636mdegC
1592355342:[PRESS ,0038]P  +5100mbar,T+15642mdegC
1592355403:[PRESS ,0038]P  +5080mbar,T+15648mdegC
1592355463:[PRESS ,0038]P  +5070mbar,T+15653mdegC
1592355524:[PRESS ,0038]P  +5060mbar,T+15657mdegC
1592355585:[PRESS ,0038]P  +5070mbar,T+15661mdegC
1592355645:[PRESS ,0038]P  +5030mbar,T+15667mdegC
1592355706:[PRESS ,0038]P  +4990mbar,T+15674mdegC
1592355767:[PRESS ,0038]P  +5000mbar,T+15679mdegC
1592355827:[PRESS ,0038]P  +4950mbar,T+15686mdegC
1592355827:[MAIN  ,0140]stage[1] complete 7204s after mission start
1592355827:[MRMAID,0003]acq stopped
1592355828:[MRMAID,0052]Mermaid $MEASFS,88124,2202.328949,40.014004;
1592355888:[MAIN  ,0056]stage[2]
1592355890:[MAIN  ,0024]internal pressure 80927Pa
1592355894:[SBE41 ,0282]SBE41 parameters : 
      dsreplyformat=1 (webb(0)/standard(1))
      addtimingdelays=0 (n(0)/y(1))
      outputdensity=0 (n(0)/y(1))
      echocmd=0 (n(0)/y(1))
      outputrt=0 (n(0)/y(1))
      outputpts=0 (n(0)/y(1))
      outputsn=0 (n(0)/y(1))
      outputpressure=1 (n(0)/y(1))
      pcutoff=2dbar
      tswait=0s
      pumpfastpt=1 (n(0)/y(1))
      samplerate=1 ('fast':1Hz(1)/'slow':0.5Hz(0))
      top_bin_interval=10dbar
      top_bin_size=10dbar
      top_bin_max=100dbar
      middle_bin_interval=50dbar
      middle_bin_size=50dbar
      middle_bin_max=1000dbar
      bottom_bin_interval=100dbar
      bottom_bin_size=100dbar
      includetransitionbin=0
      includenbin=0 (n(0)/y(1))
      autobinavg=0 (n(0)/y(1))
1592355896:[PRESS ,0038]P  +4960mbar,T+15693mdegC
1592355896:[BUOY  ,0037]P  +4960mbar
1592355896:[STAGE ,0091]Stage [2] surfacing 3600s (<1592359423s) SBE41
1592355898:[PRESS ,0038]P  +4950mbar,T+15693mdegC
1592355898:<WARN>[BUOY  ,0094]stage[2] should ASCENT, stuck at 4950mbar for the #1 time
1592355898:[BUOY  ,0087]from +0mbar/s to -9mbar/s
1592355898:[BUOY  ,0089]need to transfer +130mL (pump during 157005ms)
1592355906:[PUMP  ,0016]pump during 60000ms
1592355970:[PRESS ,0038]P  +4860mbar,T+15724mdegC
1592355971:[PRESS ,0038]P  +4850mbar,T+15726mdegC
1592355973:[PRESS ,0038]P  +4850mbar,T+15728mdegC
1592355975:[PRESS ,0038]P  +4840mbar,T+15729mdegC
1592355977:[PRESS ,0038]P  +4830mbar,T+15731mdegC
1592355979:[PRESS ,0038]P  +4830mbar,T+15733mdegC
1592355980:[PRESS ,0038]P  +4830mbar,T+15733mdegC
1592355982:[PRESS ,0038]P  +4830mbar,T+15735mdegC
1592355984:[PRESS ,0038]P  +4820mbar,T+15737mdegC
1592355986:[PRESS ,0038]P  +4810mbar,T+15737mdegC
1592355988:[PRESS ,0038]P  +4810mbar,T+15739mdegC
1592355989:[PRESS ,0038]P  +4810mbar,T+15740mdegC
1592355991:[PRESS ,0038]P  +4790mbar,T+15742mdegC
1592355993:[PRESS ,0038]P  +4790mbar,T+15743mdegC
1592355995:[PRESS ,0038]P  +4780mbar,T+15744mdegC
1592355995:[BUOY  ,0087]from -3mbar/s to -9mbar/s
1592355995:[BUOY  ,0089]need to transfer +116mL (pump during 140097ms)
1592355995:[SBE41 ,0337]Speed start detected
1592356003:[PUMP  ,0016]pump during 60000ms
1592356067:[PRESS ,0038]P  +4450mbar,T+15796mdegC
1592356069:[PRESS ,0038]P  +4450mbar,T+15798mdegC
1592356070:[PRESS ,0038]P  +4440mbar,T+15799mdegC
1592356072:[PRESS ,0038]P  +4430mbar,T+15802mdegC
1592356074:[PRESS ,0038]P  +4410mbar,T+15803mdegC
1592356076:[PRESS ,0038]P  +4400mbar,T+15807mdegC
1592356078:[PRESS ,0038]P  +4400mbar,T+15807mdegC
1592356079:[PRESS ,0038]P  +4370mbar,T+15810mdegC
1592356081:[PRESS ,0038]P  +4360mbar,T+15811mdegC
1592356083:[PRESS ,0038]P  +4360mbar,T+15813mdegC
1592356085:[PRESS ,0038]P  +4350mbar,T+15814mdegC
1592356087:[PRESS ,0038]P  +4330mbar,T+15816mdegC
1592356088:[PRESS ,0038]P  +4320mbar,T+15818mdegC
1592356090:[PRESS ,0038]P  +4310mbar,T+15819mdegC
1592356092:[PRESS ,0038]P  +4300mbar,T+15819mdegC
1592356092:[BUOY  ,0087]from -6mbar/s to -9mbar/s
1592356092:[BUOY  ,0089]need to transfer +72mL (pump during 86957ms)
1592356100:[PUMP  ,0016]pump during 60000ms
1592356164:[PRESS ,0038]P  +3840mbar,T+15878mdegC
1592356166:[PRESS ,0038]P  +3840mbar,T+15880mdegC
1592356168:[PRESS ,0038]P  +3830mbar,T+15882mdegC
1592356169:[PRESS ,0038]P  +3820mbar,T+15884mdegC
1592356171:[PRESS ,0038]P  +3810mbar,T+15887mdegC
1592356173:[PRESS ,0038]P  +3790mbar,T+15888mdegC
1592356175:[PRESS ,0038]P  +3780mbar,T+15890mdegC
1592356177:[PRESS ,0038]P  +3770mbar,T+15892mdegC
1592356178:[PRESS ,0038]P  +3760mbar,T+15894mdegC
1592356180:[PRESS ,0038]P  +3750mbar,T+15896mdegC
1592356182:[PRESS ,0038]P  +3730mbar,T+15898mdegC
1592356184:[PRESS ,0038]P  +3730mbar,T+15899mdegC
1592356186:[PRESS ,0038]P  +3710mbar,T+15900mdegC
1592356187:[PRESS ,0038]P  +3710mbar,T+15902mdegC
1592356189:[PRESS ,0038]P  +3700mbar,T+15903mdegC
1592356189:[BUOY  ,0087]from -6mbar/s to -9mbar/s
1592356189:[BUOY  ,0089]need to transfer +72mL (pump during 86957ms)
1592356197:[PUMP  ,0016]pump during 60000ms
1592356261:[PRESS ,0038]P  +3330mbar,T+15973mdegC
1592356263:[PRESS ,0038]P  +3320mbar,T+15976mdegC
1592356265:[PRESS ,0038]P  +3310mbar,T+15978mdegC
1592356266:[PRESS ,0038]P  +3300mbar,T+15980mdegC
1592356268:[PRESS ,0038]P  +3290mbar,T+15983mdegC
1592356270:[PRESS ,0038]P  +3270mbar,T+15985mdegC
1592356272:[PRESS ,0038]P  +3270mbar,T+15988mdegC
1592356274:[PRESS ,0038]P  +3270mbar,T+15990mdegC
1592356276:[PRESS ,0038]P  +3260mbar,T+15994mdegC
1592356277:[PRESS ,0038]P  +3240mbar,T+15996mdegC
1592356279:[PRESS ,0038]P  +3230mbar,T+15997mdegC
1592356281:[PRESS ,0038]P  +3230mbar,T+16001mdegC
1592356283:[PRESS ,0038]P  +3210mbar,T+16002mdegC
1592356285:[PRESS ,0038]P  +3200mbar,T+16005mdegC
1592356286:[PRESS ,0038]P  +3180mbar,T+16007mdegC
1592356286:[BUOY  ,0087]from -5mbar/s to -9mbar/s
1592356286:[BUOY  ,0089]need to transfer +90mL (pump during 112080ms)
1592356295:[PUMP  ,0016]pump during 60000ms
1592356358:[PRESS ,0038]P  +2740mbar,T+16139mdegC
1592356360:[PRESS ,0038]P  +2730mbar,T+16143mdegC
1592356362:[PRESS ,0038]P  +2710mbar,T+16147mdegC
1592356364:[PRESS ,0038]P  +2700mbar,T+16151mdegC
1592356365:[PRESS ,0038]P  +2690mbar,T+16156mdegC
1592356367:[PRESS ,0038]P  +2690mbar,T+16160mdegC
1592356369:[PRESS ,0038]P  +2680mbar,T+16165mdegC
1592356371:[PRESS ,0038]P  +2660mbar,T+16169mdegC
1592356373:[PRESS ,0038]P  +2640mbar,T+16174mdegC
1592356374:[PRESS ,0038]P  +2620mbar,T+16178mdegC
1592356376:[PRESS ,0038]P  +2620mbar,T+16182mdegC
1592356378:[PRESS ,0038]P  +2610mbar,T+16187mdegC
1592356380:[PRESS ,0038]P  +2600mbar,T+16191mdegC
1592356382:[PRESS ,0038]P  +2570mbar,T+16195mdegC
1592356384:[PRESS ,0038]P  +2570mbar,T+16200mdegC
1592356384:[BUOY  ,0087]from -7mbar/s to -9mbar/s
1592356384:[BUOY  ,0089]need to transfer +52mL (pump during 64757ms)
1592356392:[PUMP  ,0016]pump during 60000ms
1592356455:[PRESS ,0038]P  +2000mbar,T+16396mdegC
1592356457:[PRESS ,0038]P  +1970mbar,T+16401mdegC
1592356459:[PRESS ,0038]P  +1960mbar,T+16408mdegC
1592356461:[PRESS ,0038]P  +1940mbar,T+16413mdegC
1592356463:[PRESS ,0038]P  +1940mbar,T+16418mdegC
1592356464:[PRESS ,0038]P  +1920mbar,T+16424mdegC
1592356466:[PRESS ,0038]P  +1910mbar,T+16429mdegC
1592356468:[PRESS ,0038]P  +1880mbar,T+16435mdegC
1592356470:[PRESS ,0038]P  +1880mbar,T+16440mdegC
1592356472:[PRESS ,0038]P  +1860mbar,T+16447mdegC
1592356473:[PRESS ,0038]P  +1840mbar,T+16453mdegC
1592356475:[PRESS ,0038]P  +1820mbar,T+16457mdegC
1592356477:[PRESS ,0038]P  +1810mbar,T+16463mdegC
1592356479:[PRESS ,0038]P  +1810mbar,T+16469mdegC
1592356481:[PRESS ,0038]P  +1790mbar,T+16475mdegC
1592356541:[PRESS ,0038]P  +1270mbar,T+16675mdegC
1592356543:[PRESS ,0038]P  +1250mbar,T+16682mdegC
1592356545:[PRESS ,0038]P  +1240mbar,T+16688mdegC
1592356547:[PRESS ,0038]P  +1220mbar,T+16695mdegC
1592356549:[PRESS ,0038]P  +1220mbar,T+16701mdegC
1592356550:[PRESS ,0038]P  +1200mbar,T+16707mdegC
1592356552:[PRESS ,0038]P  +1180mbar,T+16714mdegC
1592356554:[PRESS ,0038]P  +1170mbar,T+16721mdegC
1592356556:[PRESS ,0038]P  +1160mbar,T+16728mdegC
1592356558:[PRESS ,0038]P  +1140mbar,T+16734mdegC
1592356559:[PRESS ,0038]P  +1130mbar,T+16740mdegC
1592356561:[PRESS ,0038]P  +1120mbar,T+16747mdegC
1592356563:[PRESS ,0038]P  +1100mbar,T+16752mdegC
1592356565:[PRESS ,0038]P  +1090mbar,T+16760mdegC
1592356567:[PRESS ,0038]P  +1070mbar,T+16767mdegC
1592356627:[PRESS ,0038]P   +560mbar,T+17004mdegC
1592356629:[PRESS ,0038]P   +540mbar,T+17011mdegC
1592356631:[PRESS ,0038]P   +530mbar,T+17018mdegC
1592356633:[PRESS ,0038]P   +510mbar,T+17026mdegC
1592356635:[PRESS ,0038]P   +490mbar,T+17033mdegC
1592356636:[PRESS ,0038]P   +470mbar,T+17041mdegC
1592356638:[PRESS ,0038]P   +450mbar,T+17048mdegC
1592356640:[PRESS ,0038]P   +430mbar,T+17056mdegC
1592356642:[PRESS ,0038]P   +420mbar,T+17063mdegC
1592356644:[PRESS ,0038]P   +400mbar,T+17071mdegC
1592356645:[PRESS ,0038]P   +380mbar,T+17078mdegC
1592356647:[PRESS ,0038]P   +360mbar,T+17085mdegC
1592356649:[PRESS ,0038]P   +340mbar,T+17093mdegC
1592356651:[PRESS ,0038]P   +320mbar,T+17101mdegC
1592356653:[PRESS ,0038]P   +310mbar,T+17108mdegC
1592356653:[STAGE ,0214]310mbar (500) reached at 1592356653s, ascending from 4960mbar
1592356653:[STAGE ,0342]The float reached the surface : OK
1592356653:[MAIN  ,0140]stage[2] complete 8030s after mission start
1592356659:[SBE41 ,0343]SBE41 dump : 654 stored samples in hexa format
1592356683:[SBE41 ,0338]Dump finished
1592356683:[SBE41 ,0318]5886 bytes in 0051/5EE96C37.S41
1592356684:[MRMAID,0188]acq already stopped
1592356744:[MSSION,0192]mission stopped, 3 stage(s) done
1592356744:[MAIN  ,0065]surfacing
1592356746:[PRESS ,0038]P   -110mbar,T+17505mdegC
1592356746:[SURFIN,0036]P   -110mbar
1592356748:[PRESS ,0038]P   -110mbar,T+17514mdegC
1592356750:[PRESS ,0038]P   -110mbar,T+17521mdegC
1592356750:[SURFIN,0020]filling external bladder
1592356758:[PUMP  ,0016]pump during 300000ms
1592357036:[SURFIN,0019]external bladder full
1592357038:[PRESS ,0038]P   +150mbar,T+18807mdegC
1592357040:[PRESS ,0038]P   +150mbar,T+18811mdegC
1592357042:[PRESS ,0038]P   +160mbar,T+18817mdegC
1592357043:[PRESS ,0038]P   +160mbar,T+18823mdegC
1592357045:[PRESS ,0038]P   +150mbar,T+18828mdegC
1592357047:[PRESS ,0038]P   +160mbar,T+18834mdegC
1592357049:[PRESS ,0038]P   +150mbar,T+18840mdegC
1592357051:[PRESS ,0038]P   +150mbar,T+18846mdegC
1592357052:[PRESS ,0038]P   +150mbar,T+18851mdegC
1592357054:[PRESS ,0038]P   +150mbar,T+18858mdegC
1592357056:[PRESS ,0038]P   +140mbar,T+18865mdegC
1592357058:[PRESS ,0038]P   +150mbar,T+18871mdegC
1592357060:[PRESS ,0038]P   +150mbar,T+18879mdegC
1592357062:[PRESS ,0038]P   +160mbar,T+18886mdegC
1592357063:[PRESS ,0038]P   +150mbar,T+18892mdegC
1592357098:[MAIN  ,0272]Vbat 14740mV (min 14493mV)
1592357101:[MAIN  ,0024]internal pressure 79447Pa
1592357101:[MAIN  ,0043]Pext 152mbar (rng 20mbar)
1592357101:[MAIN  ,0064]surface
1592357111:[SURF  ,0022]GPS fix...
1592357131:[SURF  ,0015]10 PPS detected...
1592357132:[MRMAID,0052]Mermaid $GPSACK:+0,+0,+0,+0,+0,+0,+0;
1592357142:[MRMAID,0052]Mermaid $GPSOFF:3686320;
1592357142:[GPSFIX,0179]-1s diff
1592357143:[SURF  ,0222]2020-06-17T01:25:43
1592357143:[SURF  ,0082]Latitude : N43deg40.939mn, Longitude :E007deg19.175mn
1592357143:[SURF  ,0223]fix3D,6satellites
1592357143:[SURF  ,0084]GPS fix GPGSA : hdop0.910,vdop1.230
1592357153:[SURF  ,0274]last almanac : 2221542
1592357165:[MRMAID,0026]1435 bytes in 0051/5EE97126.MER
1592357171:[MAIN  ,0320]New pressure offset: 152mbar
1592357171:[LOGBIN,0078]*** switching to 0051/5EE97133 ***
