1590673772:[MAIN  ,0007]buoy 452.020-P-0051
1590673772:[MAIN  ,0055]soft pilotage 452.012.300_V2.18-20200518
1590673772:[MAIN  ,0010]cycle 2
1590673772:[SURF  ,0225]surface2
1590673788:[SURF  ,0022]GPS fix...
1590673809:[SURF  ,0015]10 PPS detected...
1590673810:[MRMAID,0052]Mermaid $GPSACK:+0,+0,+0,+0,+0,+0,+0;
1590673820:[MRMAID,0052]Mermaid $GPSOFF:3686321;
1590673821:[GPSFIX,0179]-1s diff
1590673822:[SURF  ,0222]2020-05-28T13:50:22
1590673822:[SURF  ,0082]Latitude : N43deg40.938mn, Longitude :E007deg19.174mn
1590673822:[SURF  ,0223]fix3D,7satellites
1590673822:[SURF  ,0084]GPS fix GPGSA : hdop0.700,vdop1.170
1590673832:[SURF  ,0025]Iridium...
1590673839:[SBE41 ,0339]newoffset=-0.42db received after -57s
1590673874:[SURF  ,0009]connected in 42s, signal quality 5
1590673961:[SURF  ,0218]prompt received, remote cmd end
1590673961:[SURF  ,0012]18 cmd(s) received
1590673982:[UPLOAD,0248]Upload data files...
1590674109:[UPLOAD,0231]"0051/5ECFB8B1.S41" uploaded at 70bytes/s
1590674122:[UPLOAD,0231]"0051/5ECFC15F.MER" uploaded at 141bytes/s
1590674181:[UPLOAD,0231]"0051/5ECF902F.BIN" uploaded at 129bytes/s
1590674197:[MAIN  ,0013]3 file(s) uploaded
1590674229:[SURF  ,0014]disconnected after 397s
1590674234:[SURFIN,0020]filling external bladder
1590674242:[PUMP  ,0016]pump during 300000ms
1590674255:[SURFIN,0019]external bladder full
1590674255:[SURF  ,0227]1st complete transfer
1590674425:[SURF  ,0022]GPS fix...
1590674446:[SURF  ,0015]10 PPS detected...
1590674447:[MRMAID,0052]Mermaid $GPSACK:+0,+0,+0,+0,+0,+1,-999908;
1590674457:[MRMAID,0052]Mermaid $GPSOFF:3686320;
1590674458:[GPSFIX,0179]+0s diff
1590674458:[SURF  ,0222]2020-05-28T14:00:58
1590674458:[SURF  ,0082]Latitude : N43deg40.939mn, Longitude :E007deg19.174mn
1590674458:[SURF  ,0223]fix3D,8satellites
1590674458:[SURF  ,0084]GPS fix GPGSA : hdop0.640,vdop1.020
1590674468:[SURF  ,0025]Iridium...
1590674502:[SURF  ,0009]connected in 34s, signal quality 5
1590674580:[SURF  ,0218]prompt received, remote cmd end
1590674580:[SURF  ,0012]18 cmd(s) received
1590674620:[SURF  ,0014]disconnected after 152s
1590674625:[SURFIN,0020]filling external bladder
1590674633:[PUMP  ,0016]pump during 300000ms
1590674644:[SURFIN,0019]external bladder full
1590674644:[SURF  ,0226]Go dive (Minimum surface delay expired and no more file to upload)
1590674660:[SURF  ,0022]GPS fix...
1590674680:[SURF  ,0015]10 PPS detected...
1590674681:[MRMAID,0052]Mermaid $GPSACK:+0,+0,+0,+0,+0,+0,-30;
1590674691:[MRMAID,0052]Mermaid $GPSOFF:3686320;
1590674692:[GPSFIX,0179]-1s diff
1590674693:[SURF  ,0222]2020-05-28T14:04:53
1590674693:[SURF  ,0082]Latitude : N43deg40.939mn, Longitude :E007deg19.173mn
1590674693:[SURF  ,0223]fix3D,9satellites
1590674693:[SURF  ,0084]GPS fix GPGSA : hdop0.620,vdop0.990
1590674710:[MAIN  ,0024]internal pressure 79259Pa
1590674711:[BYCMD ,0107]    FreeRTOS V8.2.3
1590674711:[BYCMD ,0108]    FatFS v11a
1590674711:[BYCMD ,0120]    bypass 10000ms 60000ms (20000ms 60000ms stored)
1590674711:[BYCMD ,0121]    valve 60000ms 12750 (60000ms 12750 stored)
1590674711:[BYCMD ,0122]    pump 60000ms 30% 10750 80% (60000ms 30% 10750 80% stored)
1590674711:[BYCMD ,0123]    rate 2mbar/s (2mbar/s stored)
1590674711:[BYCMD ,0124]    surface 500mbar (500mbar stored)
1590674711:[BYCMD ,0125]    near 500mbar 3mbar/s (15000mbar 3mbar/s stored)
1590674711:[BYCMD ,0126]    far 1500mbar 4mbar/s (25000mbar 4mbar/s stored)
1590674711:[BYCMD ,0127]    ascent 8mbar/s (8mbar/s stored)
1590674711:[BYCMD ,0128]    dead 60s (300s stored)
1590674711:[BYCMD ,0129]    coeff 16/10 (16/10 stored)
1590674711:[BYCMD ,0130]    stab 10 (10 stored)
1590674711:[BYCMD ,0131]    delay 900s 3600s (900s 3600s stored)
1590674711:[BYCMD ,0132]    mmtime 2880min (2880min stored)
1590674711:[BYCMD ,0133]    dv_landing 100ml (100ml stored)
1590674711:[MKDCMD,0150]    p2t37: 15x2000ms, offset 197mbar
1590674711:[P2TCMD,0151]    p2t37: dp 50mbar, dt 1000000mdegC
1590674712:[STAGE ,0080]Stage [0] 5000mbar (+/-500mbar) 1800s (<1800s) 
1590674712:[STAGE ,0080]Stage [1] 5000mbar (+/-500mbar) 7200s (<9000s) MERMAID
1590674712:[STAGE ,0091]Stage [2] surfacing 3600s (<12600s) SBE41
1590674712:[SBE41 ,0282]SBE41 parameters : 
      dsreplyformat=1 (webb(0)/standard(1))
      addtimingdelays=0 (n(0)/y(1))
      outputdensity=0 (n(0)/y(1))
      echocmd=0 (n(0)/y(1))
      outputrt=0 (n(0)/y(1))
      outputpts=0 (n(0)/y(1))
      outputsn=0 (n(0)/y(1))
      outputpressure=1 (n(0)/y(1))
      pcutoff=2dbar
      tswait=0s
      pumpfastpt=1 (n(0)/y(1))
      samplerate=0 ('fast':1Hz(1)/'slow':0.5Hz(0))
      top_bin_interval=10dbar
      top_bin_size=10dbar
      top_bin_max=100dbar
      middle_bin_interval=50dbar
      middle_bin_size=50dbar
      middle_bin_max=1000dbar
      bottom_bin_interval=100dbar
      bottom_bin_size=100dbar
      includetransitionbin=0
      includenbin=0 (n(0)/y(1))
      autobinavg=0 (n(0)/y(1))
1590674712:[SBE41 ,0283]SBE41 pilot policy : 
      continiousprofile=0 (n(0)/y(1)
      speeddetection=1 (n(0)/y(1)
      hexoutput=1 (n(0)/y(1)
      binaverageoutput=0 (n(0)/y(1)
      manualprofilerate=10s
      runningpumpbeforeprofile=0s
      speedstart=2mbar/s
      speedcontrol=4mbar/s
1590674712:[MAIN  ,0070]turn off bluetooth
1590674714:[PRESS ,0038]P     -7mbar,T+19595mdegC
1590674739:[DIVING,0141]diving from -17mbar, +0mbar/s
1590674739:[BYPASS,0035]bypass opening 60000ms
1590674811:[PRESS ,0038]P    -87mbar,T+19797mdegC
1590674829:[PRESS ,0038]P    -27mbar,T+19829mdegC
1590674850:[PRESS ,0038]P    +33mbar,T+19850mdegC
1590674863:[PRESS ,0038]P    +93mbar,T+19864mdegC
1590674875:[PRESS ,0038]P   +153mbar,T+19876mdegC
1590674908:[BYPASS,0035]bypass opening 10000ms
1590674954:[BYPASS,0035]bypass opening 10000ms
1590675001:[BYPASS,0035]bypass opening 10000ms
1590675044:[PRESS ,0038]P   +213mbar,T+19979mdegC
1590675047:[BYPASS,0035]bypass opening 10000ms
1590675094:[BYPASS,0035]bypass opening 10000ms
1590675116:[PRESS ,0038]P   +143mbar,T+19972mdegC
1590675140:[BYPASS,0035]bypass opening 10000ms
1590675195:[PRESS ,0038]P   +203mbar,T+19949mdegC
1590675212:[BYPASS,0035]bypass opening 10000ms
1590675258:[BYPASS,0035]bypass opening 10000ms
1590675305:[BYPASS,0035]bypass opening 10000ms
1590675351:[BYPASS,0035]bypass opening 10000ms
1590675398:[BYPASS,0035]bypass opening 10000ms
1590675421:[PRESS ,0038]P   +263mbar,T+19819mdegC
1590675444:[BYPASS,0035]bypass opening 10000ms
1590675491:[BYPASS,0035]bypass opening 10000ms
1590675537:[BYPASS,0035]bypass opening 10000ms
1590675584:[BYPASS,0035]bypass opening 10000ms
1590675605:[PRESS ,0038]P   +173mbar,T+19720mdegC
1590675630:[BYPASS,0035]bypass opening 10000ms
1590675677:[BYPASS,0035]bypass opening 10000ms
1590675716:[PRESS ,0038]P   +233mbar,T+19678mdegC
1590675723:[BYPASS,0035]bypass opening 10000ms
1590675770:[BYPASS,0035]bypass opening 10000ms
1590675816:[BYPASS,0035]bypass opening 10000ms
1590675863:[BYPASS,0035]bypass opening 10000ms
1590675909:[BYPASS,0035]bypass opening 10000ms
1590675961:[BYPASS,0035]bypass opening 10000ms
1590676008:[BYPASS,0035]bypass opening 10000ms
1590676054:[BYPASS,0035]bypass opening 10000ms
1590676101:[BYPASS,0035]bypass opening 10000ms
1590676147:[BYPASS,0035]bypass opening 10000ms
1590676194:[BYPASS,0035]bypass opening 10000ms
1590676240:[BYPASS,0035]bypass opening 10000ms
1590676287:[BYPASS,0035]bypass opening 10000ms
1590676308:[PRESS ,0038]P   +173mbar,T+19553mdegC
1590676333:[BYPASS,0035]bypass opening 10000ms
1590676380:[BYPASS,0035]bypass opening 10000ms
1590676426:[BYPASS,0035]bypass opening 10000ms
1590676473:[BYPASS,0035]bypass opening 10000ms
1590676519:[BYPASS,0035]bypass opening 10000ms
1590676552:[PRESS ,0038]P   +233mbar,T+19545mdegC
1590676566:[BYPASS,0035]bypass opening 10000ms
1590676612:[BYPASS,0035]bypass opening 10000ms
1590676659:[BYPASS,0035]bypass opening 10000ms
1590676705:[BYPASS,0035]bypass opening 10000ms
1590676752:[BYPASS,0035]bypass opening 10000ms
1590676798:[BYPASS,0035]bypass opening 10000ms
1590676841:[PRESS ,0038]P   +293mbar,T+19533mdegC
1590676845:[BYPASS,0035]bypass opening 10000ms
1590676891:[BYPASS,0035]bypass opening 10000ms
1590676913:[PRESS ,0038]P   +223mbar,T+19526mdegC
1590676938:[BYPASS,0035]bypass opening 10000ms
1590676990:[BYPASS,0035]bypass opening 10000ms
1590677036:[BYPASS,0035]bypass opening 10000ms
1590677083:[BYPASS,0035]bypass opening 10000ms
1590677129:[BYPASS,0035]bypass opening 10000ms
1590677176:[BYPASS,0035]bypass opening 10000ms
1590677222:[BYPASS,0035]bypass opening 10000ms
1590677269:[BYPASS,0035]bypass opening 10000ms
1590677315:[BYPASS,0035]bypass opening 10000ms
1590677358:[PRESS ,0038]P   +283mbar,T+19504mdegC
1590677370:[BYPASS,0035]bypass opening 10000ms
1590677408:[PRESS ,0038]P   +223mbar,T+19503mdegC
1590677417:[BYPASS,0035]bypass opening 10000ms
1590677463:[BYPASS,0035]bypass opening 10000ms
1590677510:[BYPASS,0035]bypass opening 10000ms
1590677556:[BYPASS,0035]bypass opening 10000ms
1590677603:[BYPASS,0035]bypass opening 10000ms
1590677649:[BYPASS,0035]bypass opening 10000ms
1590677696:[BYPASS,0035]bypass opening 10000ms
1590677742:[BYPASS,0035]bypass opening 10000ms
1590677789:[BYPASS,0035]bypass opening 10000ms
1590677835:[BYPASS,0035]bypass opening 10000ms
1590677882:[BYPASS,0035]bypass opening 10000ms
1590677928:[BYPASS,0035]bypass opening 10000ms
1590677975:[BYPASS,0035]bypass opening 10000ms
1590678021:[BYPASS,0035]bypass opening 10000ms
1590678068:[BYPASS,0035]bypass opening 10000ms
1590678114:[BYPASS,0035]bypass opening 10000ms
1590678161:[BYPASS,0035]bypass opening 10000ms
1590678207:[BYPASS,0035]bypass opening 10000ms
1590678253:[BYPASS,0035]bypass opening 10000ms
1590678300:[BYPASS,0035]bypass opening 10000ms
1590678346:[BYPASS,0035]bypass opening 10000ms
1590678393:[BYPASS,0035]bypass opening 10000ms
1590678439:[BYPASS,0035]bypass opening 10000ms
1590678486:[BYPASS,0035]bypass opening 10000ms
1590678532:[BYPASS,0035]bypass opening 10000ms
1590678579:[BYPASS,0035]bypass opening 10000ms
1590678625:[BYPASS,0035]bypass opening 10000ms
1590678672:[BYPASS,0035]bypass opening 10000ms
1590678718:[BYPASS,0035]bypass opening 10000ms
1590678765:[BYPASS,0035]bypass opening 10000ms
1590678811:[BYPASS,0035]bypass opening 10000ms
1590678858:[BYPASS,0035]bypass opening 10000ms
1590678904:[BYPASS,0035]bypass opening 10000ms
1590678951:<ERR>[DIVING,0229]still at 263mbar (+0mbar/s) after 87 bypass done in 128 loop rounds
1590678951:<ERR>[SOS   ,0199]TRIGGERED BY src/diving.c@111
1590678951:<ERR>[SOS   ,0153]REBOOT
