1593853695:[MAIN  ,0007]buoy 452.020-P-0051
1593853695:[MAIN  ,0055]soft pilotage 452.012.300_V2.20-20200612
1593853695:[MAIN  ,0010]cycle 4
1593853695:[SURF  ,0225]surface2
1593853710:[SURF  ,0022]GPS fix...
1593853730:[SURF  ,0015]10 PPS detected...
1593853731:[MRMAID,0052]Mermaid $GPSACK:+0,+0,+0,+0,+0,+0,+0;
1593853741:[MRMAID,0052]Mermaid $GPSOFF:3686320;
1593853742:[GPSFIX,0179]-1s diff
1593853743:[SURF  ,0222]2020-07-04T09:09:03
1593853743:[SURF  ,0082]Latitude : N43deg23.310mn, Longitude :E007deg55.058mn
1593853743:[SURF  ,0223]fix3D,9satellites
1593853743:[SURF  ,0084]GPS fix GPGSA : hdop0.750,vdop1.100
1593853753:[SURF  ,0025]Iridium...
1593853761:[SBE41 ,0339]newoffset=0.19db received after -57s
1593853800:[SURF  ,0009]connected in 47s, signal quality 5
1593853839:<WARN>[SURF  ,0071]timeout
1593853839:<WARN>[SURF  ,0056]peer mute
1593853844:[SURF  ,0014]disconnected after 91s
1593853849:[SURFIN,0020]filling external bladder
1593853857:[PUMP  ,0207]battery 15016mV,   30622uA (warmup), P   +200mbar
1593853857:[PUMP  ,0016]pump during 300000ms
1593853867:[PUMP  ,0212]battery 14221mV, 1411418uA (steady state), P   +200mbar
1593853869:[SURFIN,0019]external bladder full
1593853869:[SURF  ,0069]transfer interrupted , retry
1593853884:[SURF  ,0022]GPS fix...
1593853904:[SURF  ,0015]10 PPS detected...
1593853905:[MRMAID,0052]Mermaid $GPSACK:+0,+0,+0,+0,+0,+0,+0;
1593853915:[MRMAID,0052]Mermaid $GPSOFF:3686320;
1593853917:[GPSFIX,0179]+0s diff
1593853917:[SURF  ,0222]2020-07-04T09:11:57
1593853917:[SURF  ,0082]Latitude : N43deg23.285mn, Longitude :E007deg55.083mn
1593853917:[SURF  ,0223]fix3D,9satellites
1593853917:[SURF  ,0084]GPS fix GPGSA : hdop0.660,vdop1.070
1593853927:[SURF  ,0025]Iridium...
1593854126:<WARN>[SURF  ,0023]failed to connect #1, code -8, net 1, qual 5, dial 1
1593854190:[SURF  ,0009]connected in 263s, signal quality 5
1593854244:[SURF  ,0218]prompt received, remote cmd end
1593854244:[SURF  ,0012]12 cmd(s) received
1593854265:[UPLOAD,0248]Upload data files...
1593854586:[SURF  ,0014]disconnected after 659s
1593854592:[SURFIN,0020]filling external bladder
1593854600:[PUMP  ,0207]battery 14880mV,   29280uA (warmup), P   +200mbar
1593854600:[PUMP  ,0016]pump during 300000ms
1593854608:[PUMP  ,0212]battery 14145mV, 1394094uA (steady state), P   +200mbar
1593854610:[SURFIN,0019]external bladder full
1593854610:[SURF  ,0069]transfer interrupted , retry
1593854625:[SURF  ,0022]GPS fix...
1593854646:[SURF  ,0015]10 PPS detected...
1593854647:[MRMAID,0052]Mermaid $GPSACK:+0,+0,+0,+0,+0,+1,-999877;
1593854657:[MRMAID,0052]Mermaid $GPSOFF:3686319;
1593854657:[GPSFIX,0179]-1s diff
1593854658:[SURF  ,0222]2020-07-04T09:24:18
1593854658:[SURF  ,0082]Latitude : N43deg23.181mn, Longitude :E007deg55.180mn
1593854658:[SURF  ,0223]fix3D,10satellites
1593854658:[SURF  ,0084]GPS fix GPGSA : hdop0.620,vdop0.990
1593854668:[SURF  ,0025]Iridium...
1593854706:[SURF  ,0009]connected in 38s, signal quality 5
1593854766:[SURF  ,0218]prompt received, remote cmd end
1593854766:[SURF  ,0012]11 cmd(s) received
1593854787:[UPLOAD,0248]Upload data files...
1593855934:[SURF  ,0014]disconnected after 1266s
1593855939:[SURFIN,0020]filling external bladder
1593855947:[PUMP  ,0207]battery 14993mV,   31598uA (warmup), P   +200mbar
1593855947:[PUMP  ,0016]pump during 300000ms
1593855956:[PUMP  ,0212]battery 14153mV, 1370304uA (steady state), P   +200mbar
1593855958:[SURFIN,0019]external bladder full
1593855958:[SURF  ,0069]transfer interrupted , retry
1593855971:[SURF  ,0022]GPS fix...
1593855991:[SURF  ,0015]10 PPS detected...
1593855992:[MRMAID,0052]Mermaid $GPSACK:+0,+0,+0,+0,+0,+1,-999816;
1593856002:[MRMAID,0052]Mermaid $GPSOFF:3686318;
1593856003:[GPSFIX,0179]+0s diff
1593856003:[SURF  ,0222]2020-07-04T09:46:43
1593856003:[SURF  ,0082]Latitude : N43deg22.991mn, Longitude :E007deg55.357mn
1593856003:[SURF  ,0223]fix3D,10satellites
1593856003:[SURF  ,0084]GPS fix GPGSA : hdop0.630,vdop0.920
1593856013:[SURF  ,0025]Iridium...
1593856219:<WARN>[SURF  ,0023]failed to connect #1, code -8, net 1, qual 5, dial 1
1593856278:[SURF  ,0009]connected in 265s, signal quality 5
1593856315:<WARN>[SURF  ,0071]timeout
1593856315:<WARN>[SURF  ,0056]peer mute
1593856320:[SURF  ,0014]disconnected after 307s
1593856325:[SURFIN,0020]filling external bladder
1593856333:[PUMP  ,0207]battery 14986mV,   30866uA (warmup), P   +200mbar
1593856333:[PUMP  ,0016]pump during 300000ms
1593856341:[PUMP  ,0212]battery 14187mV, 1373232uA (steady state), P   +200mbar
1593856343:[SURFIN,0019]external bladder full
1593856343:[SURF  ,0069]transfer interrupted , retry
1593856360:[SURF  ,0022]GPS fix...
1593856380:[SURF  ,0015]10 PPS detected...
1593856381:[MRMAID,0052]Mermaid $GPSACK:+0,+0,+0,+0,+0,+0,-30;
1593856391:[MRMAID,0052]Mermaid $GPSOFF:3686318;
1593856392:[GPSFIX,0179]-1s diff
1593856393:[SURF  ,0222]2020-07-04T09:53:13
1593856393:[SURF  ,0082]Latitude : N43deg22.932mn, Longitude :E007deg55.406mn
1593856393:[SURF  ,0223]fix3D,10satellites
1593856393:[SURF  ,0084]GPS fix GPGSA : hdop0.640,vdop0.920
1593856403:[SURF  ,0025]Iridium...
1593856434:[SURF  ,0009]connected in 31s, signal quality 5
1593856483:[SURF  ,0218]prompt received, remote cmd end
1593856483:[SURF  ,0012]11 cmd(s) received
1593856504:[UPLOAD,0248]Upload data files...
1593856816:[SURF  ,0014]disconnected after 413s
1593856821:[SURFIN,0020]filling external bladder
1593856829:[PUMP  ,0207]battery 14901mV,   29524uA (warmup), P   +200mbar
1593856829:[PUMP  ,0016]pump during 300000ms
1593856837:[PUMP  ,0212]battery 14147mV, 1368108uA (steady state), P   +200mbar
1593856839:[SURFIN,0019]external bladder full
1593856839:[SURF  ,0069]transfer interrupted , retry
1593856852:[SURF  ,0022]GPS fix...
1593856872:[SURF  ,0015]10 PPS detected...
1593856873:[MRMAID,0052]Mermaid $GPSACK:+0,+0,+0,+0,+0,+0,-30;
1593856883:[MRMAID,0052]Mermaid $GPSOFF:3686318;
1593856884:[GPSFIX,0179]-1s diff
1593856885:[SURF  ,0222]2020-07-04T10:01:25
1593856885:[SURF  ,0082]Latitude : N43deg22.862mn, Longitude :E007deg55.453mn
1593856885:[SURF  ,0223]fix3D,9satellites
1593856885:[SURF  ,0084]GPS fix GPGSA : hdop0.660,vdop0.930
1593856895:[SURF  ,0025]Iridium...
1593856931:[SURF  ,0009]connected in 36s, signal quality 5
1593856995:[SURF  ,0218]prompt received, remote cmd end
1593856995:[SURF  ,0012]11 cmd(s) received
1593857016:[UPLOAD,0248]Upload data files...
1593857453:[SURF  ,0014]disconnected after 558s
1593857458:[SURFIN,0020]filling external bladder
1593857466:[PUMP  ,0207]battery 14893mV,   29158uA (warmup), P   +200mbar
1593857466:[PUMP  ,0016]pump during 300000ms
1593857473:[PUMP  ,0212]battery 14155mV, 1351272uA (steady state), P   +200mbar
1593857475:[SURFIN,0019]external bladder full
1593857475:[SURF  ,0069]transfer interrupted , retry
1593857492:[SURF  ,0022]GPS fix...
1593857513:[SURF  ,0015]10 PPS detected...
1593857514:[MRMAID,0052]Mermaid $GPSACK:+0,+0,+0,+0,+0,+0,+0;
1593857524:[MRMAID,0052]Mermaid $GPSOFF:3686318;
1593857526:[GPSFIX,0179]+0s diff
1593857526:[SURF  ,0222]2020-07-04T10:12:06
1593857526:[SURF  ,0082]Latitude : N43deg22.772mn, Longitude :E007deg55.500mn
1593857526:[SURF  ,0223]fix3D,9satellites
1593857526:[SURF  ,0084]GPS fix GPGSA : hdop0.710,vdop0.990
1593857536:[SURF  ,0025]Iridium...
1593857579:[SURF  ,0009]connected in 43s, signal quality 5
1593857639:[SURF  ,0218]prompt received, remote cmd end
1593857639:[SURF  ,0012]11 cmd(s) received
1593857660:[UPLOAD,0248]Upload data files...
1593857969:[SURF  ,0014]disconnected after 433s
1593857974:[SURFIN,0020]filling external bladder
1593857977:[SURFIN,0019]external bladder full
1593857977:[SURF  ,0069]transfer interrupted , retry
1593857977:[SURF  ,0228]Go dive (Maximum surface delay expired)
1593857992:[SURF  ,0022]GPS fix...
1593858013:[SURF  ,0015]10 PPS detected...
1593858014:[MRMAID,0052]Mermaid $GPSACK:+0,+0,+0,+0,+0,+1,-999969;
1593858024:[MRMAID,0052]Mermaid $GPSOFF:3686317;
1593858025:[GPSFIX,0179]-1s diff
1593858026:[SURF  ,0222]2020-07-04T10:20:26
1593858026:[SURF  ,0082]Latitude : N43deg22.703mn, Longitude :E007deg55.532mn
1593858026:[SURF  ,0223]fix3D,9satellites
1593858026:[SURF  ,0084]GPS fix GPGSA : hdop0.720,vdop0.990
1593858043:[MAIN  ,0024]internal pressure 80322Pa
1593858044:[BYCMD ,0107]    FreeRTOS V8.2.3
1593858044:[BYCMD ,0108]    FatFS v11a
1593858044:[BYCMD ,0120]    bypass 20000ms 120000ms (20000ms 60000ms stored)
1593858044:[BYCMD ,0121]    valve 60000ms 12750 (60000ms 12750 stored)
1593858044:[BYCMD ,0122]    pump 60000ms 30% 10750 80% (60000ms 30% 10750 80% stored)
1593858044:[BYCMD ,0123]    rate 2mbar/s (2mbar/s stored)
1593858044:[BYCMD ,0124]    surface 500mbar (500mbar stored)
1593858044:[BYCMD ,0125]    near 1500mbar 3mbar/s (15000mbar 3mbar/s stored)
1593858044:[BYCMD ,0126]    far 2500mbar 4mbar/s (25000mbar 4mbar/s stored)
1593858044:[BYCMD ,0127]    ascent 8mbar/s (8mbar/s stored)
1593858044:[BYCMD ,0128]    dead 300s (300s stored)
1593858044:[BYCMD ,0129]    coeff 16/10 (16/10 stored)
1593858044:[BYCMD ,0130]    stab 10 (10 stored)
1593858044:[BYCMD ,0131]    delay 900s 3600s (900s 3600s stored)
1593858044:[BYCMD ,0132]    mmtime 43200min (2880min stored)
1593858044:[BYCMD ,0133]    dv_landing 100ml (100ml stored)
1593858044:[MKDCMD,0150]    p2t37: 15x2000ms, offset 195mbar
1593858044:[P2TCMD,0151]    p2t37: dp 500mbar, dt 1000000mdegC
1593858045:[STAGE ,0080]Stage [0] 5000mbar (+/-500mbar) 1800s (<1800s) 
1593858045:[STAGE ,0080]Stage [1] 5000mbar (+/-500mbar) 1800s (<3600s) 
1593858045:[MAIN  ,0070]turn off bluetooth
1593858072:[DIVING,0141]diving from -5mbar, +0mbar/s
1593858072:[BYPASS,0035]bypass opening 120000ms
1593858077:[BYPASS,0104]battery 14592mV,  319152uA (bypass opening), P     -5mbar
1593858202:[BYPASS,0106]battery 14530mV,  395646uA (bypass closing), P     -5mbar
1593858229:[BYPASS,0035]bypass opening 20000ms
1593858234:[BYPASS,0104]battery 14632mV,  320616uA (bypass opening), P   -115mbar
1593858259:[BYPASS,0106]battery 14551mV,  394670uA (bypass closing), P   -115mbar
1593858285:[BYPASS,0035]bypass opening 20000ms
1593858290:[BYPASS,0104]battery 14645mV,  319030uA (bypass opening), P    -95mbar
1593858315:[BYPASS,0106]battery 14558mV,  393694uA (bypass closing), P    -95mbar
1593858403:[PRESS ,0038]P   +425mbar,T+22538mdegC
1593858418:[DIVING,0028]505mbar reached (+6mbar/s), 3 bypass done
1593858419:[MAIN  ,0056]stage[0]
1593858421:[MAIN  ,0024]internal pressure 82550Pa
1593858422:[BUOY  ,0037]P   +535mbar
1593858422:[STAGE ,0080]Stage [0] 5000mbar (+/-500mbar) 1800s (<1593860218s) 
1593858724:[PRESS ,0038]P   +975mbar,T+22206mdegC
1593858749:<WARN>[BUOY  ,0094]stage[0] should DESCENT, stuck at 985mbar for the #1 time
1593858749:[BUOY  ,0087]from +0mbar/s to +4mbar/s
1593858749:[BUOY  ,0090]need to transfer -26mL (valve during 10694ms)
1593858749:[VALVE ,0034]valve opening 10694ms
1593858759:[VALVE ,0234]battery 14285mV,  612318uA, P   +985mbar
1593859060:[PRESS ,0038]P  +1485mbar,T+20654mdegC
1593859377:[PRESS ,0038]P  +1995mbar,T+19180mdegC
1593859399:[BUOY  ,0087]from +1mbar/s to +4mbar/s
1593859399:[BUOY  ,0090]need to transfer -24mL (valve during 6955ms)
1593859399:[VALVE ,0034]valve opening 6955ms
1593859406:[VALVE ,0234]battery 14237mV,  610610uA, P  +2015mbar
1593859699:[PRESS ,0038]P  +2815mbar,T+17927mdegC
1593860024:[PRESS ,0038]P  +3725mbar,T+16798mdegC
1593860349:[PRESS ,0038]P  +4745mbar,T+15897mdegC
1593860374:[STAGE ,0213]4805mbar reached at 1593860374s, ref 5000mbar +/-500mbar
1593860374:[MAIN  ,0140]stage[0] complete 1956s after mission start
1593860374:[MAIN  ,0056]stage[1]
1593860376:[MAIN  ,0024]internal pressure 81589Pa
1593860377:[BUOY  ,0037]P  +4815mbar
1593860377:[STAGE ,0080]Stage [1] 5000mbar (+/-500mbar) 1800s (<1593862018s) 
1593860379:[STAGE ,0213]4815mbar reached at 1593860379s, ref 5000mbar +/-500mbar
1593860379:[BUOY  ,0087]from +3mbar/s to +0mbar/s
1593860379:[BUOY  ,0089]need to transfer +14mL (pump during 16946ms)
1593860387:[PUMP  ,0207]battery 15246mV,   37088uA (warmup), P  +4815mbar
1593860387:[PUMP  ,0016]pump during 16946ms
1593860403:[PUMP  ,0212]battery 14425mV,  461404uA (steady state), P  +4815mbar
1593860682:[PRESS ,0038]P  +5545mbar,T+15319mdegC
1593860707:<WARN>[BUOY  ,0094]stage[1] should ASCENT, stuck at 5595mbar for the #1 time
1593860707:[BUOY  ,0087]from +2mbar/s to -2mbar/s
1593860707:[BUOY  ,0089]need to transfer +12mL (pump during 14532ms)
1593860715:[PUMP  ,0207]battery 15233mV,   36966uA (warmup), P  +5595mbar
1593860715:[PUMP  ,0016]pump during 14532ms
1593860729:[PUMP  ,0212]battery 14532mV,  481046uA (steady state), P  +5595mbar
1593861035:<WARN>[BUOY  ,0094]stage[1] should ASCENT, stuck at 5795mbar for the #2 time
1593861035:[BUOY  ,0087]from +0mbar/s to -2mbar/s
1593861035:[BUOY  ,0089]need to transfer +6mL (pump during 7266ms)
1593861043:[PUMP  ,0207]battery 15230mV,   36966uA (warmup), P  +5795mbar
1593861043:[PUMP  ,0016]pump during 7266ms
1593861051:[PUMP  ,0212]battery 14547mV,  479948uA (steady state), P  +5795mbar
1593861964:[PRESS ,0038]P  +4895mbar,T+14497mdegC
1593861964:[BUOY  ,0087]from -1mbar/s to +0mbar/s
1593861964:[BUOY  ,0090]need to transfer -2mL (valve during 370ms)
1593861964:[VALVE ,0034]valve opening 370ms
1593862289:[MAIN  ,0140]stage[1] complete 3871s after mission start
1593862289:[MRMAID,0188]acq already stopped
1593862349:[MSSION,0192]mission stopped, 2 stage(s) done
1593862349:[MAIN  ,0065]surfacing
1593862351:[SURFIN,0036]P  +5115mbar
1593862359:[PUMP  ,0207]battery 15241mV,   38674uA (warmup), P  +5115mbar
1593862359:[PUMP  ,0016]pump during 60000ms
1593862418:[PUMP  ,0212]battery 14417mV,  475556uA (steady state), P  +5115mbar
1593862509:[PUMP  ,0207]battery 15166mV,   36234uA (warmup), P  +4645mbar
1593862509:[PUMP  ,0016]pump during 60000ms
1593862568:[PUMP  ,0212]battery 14568mV,  486536uA (steady state), P  +4645mbar
1593862625:[PRESS ,0038]P  +3835mbar,T+14624mdegC
1593862658:[PUMP  ,0207]battery 15101mV,   35136uA (warmup), P  +3665mbar
1593862658:[PUMP  ,0016]pump during 60000ms
1593862717:[PUMP  ,0212]battery 14517mV,  480924uA (steady state), P  +3665mbar
1593862775:[PRESS ,0038]P  +2615mbar,T+14753mdegC
1593862921:[PRESS ,0038]P  +1405mbar,T+14688mdegC
1593863043:[PRESS ,0038]P   +865mbar,T+14650mdegC
1593863051:[PUMP  ,0207]battery 15117mV,   36478uA (warmup), P   +865mbar
1593863051:[PUMP  ,0016]pump during 60000ms
1593863110:[PUMP  ,0212]battery 14438mV,  447374uA (steady state), P   +865mbar
1593863196:[SURFIN,0020]filling external bladder
1593863204:[PUMP  ,0207]battery 15075mV,   34526uA (warmup), P   +375mbar
1593863204:[PUMP  ,0016]pump during 300000ms
1593863432:[PUMP  ,0212]battery 14197mV, 1435208uA (steady state), P   +375mbar
1593863434:[SURFIN,0019]external bladder full
1593863436:[PRESS ,0038]P   +140mbar,T+17911mdegC
1593863495:[MAIN  ,0272]Vbat 14808mV (min 14413mV)
1593863497:[MAIN  ,0024]internal pressure 80321Pa
1593863498:[MAIN  ,0043]Pext 145mbar (rng 20mbar)
1593863498:[MAIN  ,0064]surface
1593863513:[SURF  ,0022]GPS fix...
1593863534:[SURF  ,0015]10 PPS detected...
1593863535:[MRMAID,0052]Mermaid $GPSACK:+0,+0,+0,+0,+0,+0,-2838;
1593863545:[MRMAID,0052]Mermaid $GPSOFF:3686320;
1593863546:[GPSFIX,0179]-1s diff
1593863547:[SURF  ,0222]2020-07-04T11:52:27
1593863547:[SURF  ,0082]Latitude : N43deg22.510mn, Longitude :E007deg55.536mn
1593863547:[SURF  ,0223]fix3D,11satellites
1593863547:[SURF  ,0084]GPS fix GPGSA : hdop0.660,vdop0.940
1593863557:[SURF  ,0274]last almanac : 3727946
1593863831:[MRMAID,0026]105108 bytes in 0051/5F006D8A.MER
1593863837:[MAIN  ,0320]New pressure offset: 145mbar
1593863837:[LOGBIN,0078]*** switching to 0051/5F006E9D ***
