1590512440:[MAIN  ,0007]buoy 452.020-P-0051
1590512440:[MAIN  ,0055]soft pilotage 452.012.300_V2.18-20200518
1590512440:[MAIN  ,0010]cycle 2
1590512440:[SURF  ,0225]surface2
1590512455:[SURF  ,0022]GPS fix...
1590512476:[SURF  ,0015]10 PPS detected...
1590512477:[MRMAID,0052]Mermaid $GPSACK:+0,+0,+0,+0,+0,+0,+0;
1590512487:[MRMAID,0052]Mermaid $GPSOFF:3686321;
1590512488:[GPSFIX,0179]-1s diff
1590512489:[SURF  ,0222]2020-05-26T17:01:29
1590512489:[SURF  ,0082]Latitude : N43deg40.938mn, Longitude :E007deg19.171mn
1590512489:[SURF  ,0223]fix3D,9satellites
1590512489:[SURF  ,0084]GPS fix GPGSA : hdop0.720,vdop1.100
1590512499:[SURF  ,0025]Iridium...
1590512506:[SBE41 ,0339]newoffset=-0.19db received after -57s
1590512537:[SURF  ,0009]connected in 38s, signal quality 5
1590512599:[SURF  ,0218]prompt received, remote cmd end
1590512599:[SURF  ,0012]11 cmd(s) received
1590512620:[UPLOAD,0248]Upload data files...
1590512725:[UPLOAD,0231]"0051/5ECD442C.S41" uploaded at 126bytes/s
1590512739:[UPLOAD,0231]"0051/5ECD4B2B.MER" uploaded at 130bytes/s
1590512787:[UPLOAD,0231]"0051/5ECD0BDE.BIN" uploaded at 125bytes/s
1590512803:[MAIN  ,0013]3 file(s) uploaded
1590512836:[SURF  ,0014]disconnected after 337s
1590512841:[SURFIN,0020]filling external bladder
1590512849:[PUMP  ,0207]battery 14842mV,   30988uA (warmup), P   +210mbar
1590512849:[PUMP  ,0016]pump during 300000ms
1590512858:[PUMP  ,0212]battery 14120mV, 1408612uA (steady state), P   +210mbar
1590512860:[SURFIN,0019]external bladder full
1590512860:[SURF  ,0227]1st complete transfer
1590513093:[SURF  ,0022]GPS fix...
1590513113:[SURF  ,0015]10 PPS detected...
1590513114:[MRMAID,0052]Mermaid $GPSACK:+0,+0,+0,+0,+0,+1,-999908;
1590513124:[MRMAID,0052]Mermaid $GPSOFF:3686320;
1590513126:[GPSFIX,0179]+0s diff
1590513126:[SURF  ,0222]2020-05-26T17:12:06
1590513126:[SURF  ,0082]Latitude : N43deg40.937mn, Longitude :E007deg19.171mn
1590513126:[SURF  ,0223]fix3D,9satellites
1590513126:[SURF  ,0084]GPS fix GPGSA : hdop0.670,vdop0.990
1590513136:[SURF  ,0025]Iridium...
1590513178:[SURF  ,0009]connected in 42s, signal quality 5
1590513237:[SURF  ,0218]prompt received, remote cmd end
1590513237:[SURF  ,0012]11 cmd(s) received
1590513278:[SURF  ,0014]disconnected after 142s
1590513283:[SURFIN,0020]filling external bladder
1590513291:[PUMP  ,0207]battery 14945mV,   32330uA (warmup), P   +210mbar
1590513291:[PUMP  ,0016]pump during 300000ms
1590513299:[PUMP  ,0212]battery 14162mV, 1407026uA (steady state), P   +210mbar
1590513301:[SURFIN,0019]external bladder full
1590513301:[SURF  ,0226]Go dive (Minimum surface delay expired and no more file to upload)
1590513313:[SURF  ,0022]GPS fix...
1590513334:[SURF  ,0015]10 PPS detected...
1590513335:[MRMAID,0052]Mermaid $GPSACK:+0,+0,+0,+0,+0,+0,-30;
1590513345:[MRMAID,0052]Mermaid $GPSOFF:3686320;
1590513346:[GPSFIX,0179]-1s diff
1590513347:[SURF  ,0222]2020-05-26T17:15:47
1590513347:[SURF  ,0082]Latitude : N43deg40.937mn, Longitude :E007deg19.171mn
1590513347:[SURF  ,0223]fix3D,9satellites
1590513347:[SURF  ,0084]GPS fix GPGSA : hdop0.670,vdop1.000
1590513364:[MAIN  ,0024]internal pressure 79301Pa
1590513365:<WARN>[MAIN  ,0041]mission empty
1590513365:[MAIN  ,0065]surfacing
1590513391:[SURFIN,0036]P    -28mbar
1590513395:[SURFIN,0020]filling external bladder
1590513398:[SURFIN,0019]external bladder full
1590513400:[PRESS ,0038]P   +180mbar,T+20428mdegC
1590513461:[MAIN  ,0272]Vbat 15078mV (min 14506mV)
1590513463:[MAIN  ,0024]internal pressure 79290Pa
1590513463:[MAIN  ,0043]Pext 187mbar (rng 10mbar)
1590513463:[MAIN  ,0064]surface
1590513480:[SURF  ,0022]GPS fix...
1590513500:[SURF  ,0015]10 PPS detected...
1590513501:[MRMAID,0052]Mermaid $GPSACK:+0,+0,+0,+0,+0,+0,+0;
1590513511:[MRMAID,0052]Mermaid $GPSOFF:3686320;
1590513512:[GPSFIX,0179]-1s diff
1590513513:[SURF  ,0222]2020-05-26T17:18:33
1590513513:[SURF  ,0082]Latitude : N43deg40.937mn, Longitude :E007deg19.171mn
1590513513:[SURF  ,0223]fix3D,9satellites
1590513513:[SURF  ,0084]GPS fix GPGSA : hdop0.670,vdop1.010
1590513523:[SURF  ,0274]last almanac : 377912
1590513536:[MRMAID,0026]1564 bytes in 0051/5ECD4F78.MER
1590513541:[MAIN  ,0320]New pressure offset: 187mbar
1590513541:[SURF  ,0225]surface2
1590513554:[SURF  ,0022]GPS fix...
1590513575:[SURF  ,0015]10 PPS detected...
1590513576:[MRMAID,0052]Mermaid $GPSACK:+0,+0,+0,+0,+0,+0,+0;
1590513586:[MRMAID,0052]Mermaid $GPSOFF:3686320;
1590513588:[GPSFIX,0179]+0s diff
1590513588:[SURF  ,0222]2020-05-26T17:19:48
1590513588:[SURF  ,0082]Latitude : N43deg40.938mn, Longitude :E007deg19.171mn
1590513588:[SURF  ,0223]fix3D,9satellites
1590513588:[SURF  ,0084]GPS fix GPGSA : hdop0.620,vdop0.860
1590513598:[SURF  ,0025]Iridium...
1590513606:[SBE41 ,0339]newoffset=-0.48db received after -57s
1590513795:<WARN>[SURF  ,0023]failed to connect #1, code -8, net 1, qual 5, dial 1
1590513853:[SURF  ,0009]connected in 255s, signal quality 5
1590513910:[SURF  ,0218]prompt received, remote cmd end
1590513910:[SURF  ,0012]11 cmd(s) received
1590513931:[UPLOAD,0248]Upload data files...
1590513949:[UPLOAD,0231]"0051/5ECD4F78.MER" uploaded at 130bytes/s
1590513965:[MAIN  ,0013]1 file(s) uploaded
1590513997:[SURF  ,0014]disconnected after 399s
1590514002:[SURFIN,0020]filling external bladder
1590514005:[SURFIN,0019]external bladder full
1590514005:[SURF  ,0227]1st complete transfer
1590514177:[SURF  ,0022]GPS fix...
1590514197:[SURF  ,0015]10 PPS detected...
1590514198:[MRMAID,0052]Mermaid $GPSACK:+0,+0,+0,+0,+0,+1,-999969;
1590514208:[MRMAID,0052]Mermaid $GPSOFF:3686320;
1590514208:[GPSFIX,0179]-1s diff
1590514209:[SURF  ,0222]2020-05-26T17:30:09
1590514209:[SURF  ,0082]Latitude : N43deg40.938mn, Longitude :E007deg19.173mn
1590514209:[SURF  ,0223]fix3D,9satellites
1590514209:[SURF  ,0084]GPS fix GPGSA : hdop0.620,vdop0.860
1590514219:[SURF  ,0025]Iridium...
1590514415:<WARN>[SURF  ,0023]failed to connect #1, code -8, net 1, qual 5, dial 1
1590514470:[SURF  ,0009]connected in 251s, signal quality 5
1590514537:[SURF  ,0218]prompt received, remote cmd end
1590514537:[SURF  ,0012]11 cmd(s) received
1590514577:[SURF  ,0014]disconnected after 358s
1590514582:[SURFIN,0020]filling external bladder
1590514585:[SURFIN,0019]external bladder full
1590514585:[SURF  ,0226]Go dive (Minimum surface delay expired and no more file to upload)
1590514596:[SURF  ,0022]GPS fix...
1590514617:[SURF  ,0015]10 PPS detected...
1590514618:[MRMAID,0052]Mermaid $GPSACK:+0,+0,+0,+0,+0,+1,-999969;
1590514628:[MRMAID,0052]Mermaid $GPSOFF:3686319;
1590514629:[GPSFIX,0179]-1s diff
1590514630:[SURF  ,0222]2020-05-26T17:37:10
1590514630:[SURF  ,0082]Latitude : N43deg40.937mn, Longitude :E007deg19.172mn
1590514630:[SURF  ,0223]fix3D,9satellites
1590514630:[SURF  ,0084]GPS fix GPGSA : hdop0.660,vdop0.980
1590514647:[MAIN  ,0024]internal pressure 79524Pa
1590514648:<WARN>[MAIN  ,0041]mission empty
1590514648:[MAIN  ,0065]surfacing
1590514650:[PRESS ,0038]P     -7mbar,T+21139mdegC
1590514674:[SURFIN,0036]P     +3mbar
1590514678:[SURFIN,0020]filling external bladder
1590514681:[SURFIN,0019]external bladder full
1590514683:[PRESS ,0038]P   +190mbar,T+21142mdegC
1590514743:[MAIN  ,0272]Vbat 15113mV (min 14506mV)
1590514745:[MAIN  ,0024]internal pressure 79515Pa
1590514745:[MAIN  ,0043]Pext 189mbar (rng 20mbar)
1590514745:[MAIN  ,0064]surface
1590514762:[SURF  ,0022]GPS fix...
1590514782:[SURF  ,0015]10 PPS detected...
1590514783:[MRMAID,0052]Mermaid $GPSACK:+0,+0,+0,+0,+0,+0,-30;
1590514793:[MRMAID,0052]Mermaid $GPSOFF:3686319;
1590514794:[GPSFIX,0179]-1s diff
1590514795:[SURF  ,0222]2020-05-26T17:39:55
1590514795:[SURF  ,0082]Latitude : N43deg40.937mn, Longitude :E007deg19.173mn
1590514795:[SURF  ,0223]fix3D,9satellites
1590514795:[SURF  ,0084]GPS fix GPGSA : hdop0.660,vdop0.980
1590514805:[SURF  ,0274]last almanac : 379194
1590514818:[MRMAID,0026]1576 bytes in 0051/5ECD547A.MER
1590514824:[MAIN  ,0320]New pressure offset: 189mbar
1590514824:[SURF  ,0225]surface2
1590514841:[SURF  ,0022]GPS fix...
1590514861:[SURF  ,0015]10 PPS detected...
1590514862:[MRMAID,0052]Mermaid $GPSACK:+0,+0,+0,+0,+0,+0,-30;
1590514872:[MRMAID,0052]Mermaid $GPSOFF:3686319;
1590514873:[GPSFIX,0179]-1s diff
1590514874:[SURF  ,0222]2020-05-26T17:41:14
1590514874:[SURF  ,0082]Latitude : N43deg40.937mn, Longitude :E007deg19.173mn
1590514874:[SURF  ,0223]fix3D,9satellites
1590514874:[SURF  ,0084]GPS fix GPGSA : hdop0.700,vdop1.070
1590514884:[SURF  ,0025]Iridium...
1590514892:[SBE41 ,0339]newoffset=-0.89db received after -57s
1590514923:[SURF  ,0009]connected in 39s, signal quality 5
1590514979:[SURF  ,0218]prompt received, remote cmd end
1590514979:[SURF  ,0012]11 cmd(s) received
1590515000:[UPLOAD,0248]Upload data files...
1590515018:[UPLOAD,0231]"0051/5ECD547A.MER" uploaded at 143bytes/s
1590515034:[MAIN  ,0013]1 file(s) uploaded
1590515067:[SURF  ,0014]disconnected after 183s
1590515072:[SURFIN,0020]filling external bladder
1590515075:[SURFIN,0019]external bladder full
1590515075:[SURF  ,0227]1st complete transfer
1590515461:[SURF  ,0022]GPS fix...
1590515481:[SURF  ,0015]10 PPS detected...
1590515482:[MRMAID,0052]Mermaid $GPSACK:+0,+0,+0,+0,+0,+0,-91;
1590515492:[MRMAID,0052]Mermaid $GPSOFF:3686319;
1590515493:[GPSFIX,0179]-1s diff
1590515494:[SURF  ,0222]2020-05-26T17:51:34
1590515494:[SURF  ,0082]Latitude : N43deg40.937mn, Longitude :E007deg19.173mn
1590515494:[SURF  ,0223]fix3D,9satellites
1590515494:[SURF  ,0084]GPS fix GPGSA : hdop0.690,vdop1.040
1590515504:[SURF  ,0025]Iridium...
1590515704:<WARN>[SURF  ,0023]failed to connect #1, code -8, net 1, qual 5, dial 1
1590515757:[SURF  ,0009]connected in 253s, signal quality 5
1590515805:[SURF  ,0218]prompt received, remote cmd end
1590515805:[SURF  ,0012]11 cmd(s) received
1590515843:[SURF  ,0014]disconnected after 339s
1590515848:[SURFIN,0020]filling external bladder
1590515851:[SURFIN,0019]external bladder full
1590515851:[SURF  ,0226]Go dive (Minimum surface delay expired and no more file to upload)
1590515864:[SURF  ,0022]GPS fix...
1590515885:[SURF  ,0015]10 PPS detected...
1590515886:[MRMAID,0052]Mermaid $GPSACK:+0,+0,+0,+0,+0,+0,-61;
1590515896:[MRMAID,0052]Mermaid $GPSOFF:3686319;
1590515897:[GPSFIX,0179]-1s diff
1590515898:[SURF  ,0222]2020-05-26T17:58:18
1590515898:[SURF  ,0082]Latitude : N43deg40.937mn, Longitude :E007deg19.173mn
1590515898:[SURF  ,0223]fix3D,9satellites
1590515898:[SURF  ,0084]GPS fix GPGSA : hdop0.690,vdop1.010
1590515915:[MAIN  ,0024]internal pressure 79619Pa
1590515916:<WARN>[MAIN  ,0041]mission empty
1590515916:[MAIN  ,0065]surfacing
1590515918:[PRESS ,0038]P     +1mbar,T+21376mdegC
1590515942:[SURFIN,0036]P     +1mbar
1590515946:[SURFIN,0020]filling external bladder
1590515949:[SURFIN,0019]external bladder full
1590515951:[PRESS ,0038]P   +180mbar,T+21387mdegC
1590516011:[MAIN  ,0272]Vbat 15142mV (min 14506mV)
1590516013:[MAIN  ,0024]internal pressure 79650Pa
1590516013:[MAIN  ,0043]Pext 189mbar (rng 10mbar)
1590516013:[MAIN  ,0064]surface
1590516029:[SURF  ,0022]GPS fix...
1590516050:[SURF  ,0015]10 PPS detected...
1590516051:[MRMAID,0052]Mermaid $GPSACK:+0,+0,+0,+0,+0,+0,-30;
1590516061:[MRMAID,0052]Mermaid $GPSOFF:3686319;
1590516062:[GPSFIX,0179]-1s diff
1590516063:[SURF  ,0222]2020-05-26T18:01:03
1590516063:[SURF  ,0082]Latitude : N43deg40.937mn, Longitude :E007deg19.173mn
1590516063:[SURF  ,0223]fix3D,9satellites
1590516063:[SURF  ,0084]GPS fix GPGSA : hdop0.670,vdop0.940
1590516073:[SURF  ,0274]last almanac : 380462
1590516086:[MRMAID,0026]1558 bytes in 0051/5ECD596E.MER
1590516091:[MAIN  ,0320]New pressure offset: 189mbar
1590516091:[SURF  ,0225]surface2
1590516104:[SURF  ,0022]GPS fix...
1590516124:[SURF  ,0015]10 PPS detected...
1590516125:[MRMAID,0052]Mermaid $GPSACK:+0,+0,+0,+0,+0,+0,-30;
1590516135:[MRMAID,0052]Mermaid $GPSOFF:3686319;
1590516136:[GPSFIX,0179]-1s diff
1590516137:[SURF  ,0222]2020-05-26T18:02:17
1590516137:[SURF  ,0082]Latitude : N43deg40.937mn, Longitude :E007deg19.173mn
1590516137:[SURF  ,0223]fix3D,9satellites
1590516137:[SURF  ,0084]GPS fix GPGSA : hdop0.670,vdop0.930
1590516147:[SURF  ,0025]Iridium...
1590516157:[SBE41 ,0339]newoffset=-0.99db received after -57s
1590516344:<WARN>[SURF  ,0023]failed to connect #1, code -8, net 1, qual 5, dial 1
1590516562:<WARN>[SURF  ,0023]failed to connect #2, code -8, net 1, qual 4, dial 1
1590516623:[SURF  ,0009]connected in 476s, signal quality 5
1590516680:[SURF  ,0218]prompt received, remote cmd end
1590516680:[SURF  ,0012]11 cmd(s) received
1590516701:[UPLOAD,0248]Upload data files...
1590516720:[UPLOAD,0231]"0051/5ECD596E.MER" uploaded at 142bytes/s
1590516736:[MAIN  ,0013]1 file(s) uploaded
1590516772:[SURF  ,0014]disconnected after 625s
1590516777:[SURFIN,0020]filling external bladder
1590516780:[SURFIN,0019]external bladder full
1590516780:[SURF  ,0227]1st complete transfer
1590516792:[SURF  ,0022]GPS fix...
1590516812:[SURF  ,0015]10 PPS detected...
1590516813:[MRMAID,0052]Mermaid $GPSACK:+0,+0,+0,+0,+0,+0,-30;
1590516823:[MRMAID,0052]Mermaid $GPSOFF:3686319;
1590516824:[GPSFIX,0179]-1s diff
1590516825:[SURF  ,0222]2020-05-26T18:13:45
1590516825:[SURF  ,0082]Latitude : N43deg40.937mn, Longitude :E007deg19.173mn
1590516825:[SURF  ,0223]fix3D,9satellites
1590516825:[SURF  ,0084]GPS fix GPGSA : hdop0.730,vdop0.980
1590516835:[SURF  ,0025]Iridium...
1590516869:[SURF  ,0009]connected in 34s, signal quality 5
1590516927:[SURF  ,0218]prompt received, remote cmd end
1590516927:[SURF  ,0012]11 cmd(s) received
1590516967:[SURF  ,0014]disconnected after 132s
1590516972:[SURFIN,0020]filling external bladder
1590516975:[SURFIN,0019]external bladder full
1590516975:[SURF  ,0226]Go dive (Minimum surface delay expired and no more file to upload)
1590516988:[SURF  ,0022]GPS fix...
1590517009:[SURF  ,0015]10 PPS detected...
1590517010:[MRMAID,0052]Mermaid $GPSACK:+0,+0,+0,+0,+0,+0,+0;
1590517020:[MRMAID,0052]Mermaid $GPSOFF:3686319;
1590517021:[GPSFIX,0179]-1s diff
1590517022:[SURF  ,0222]2020-05-26T18:17:02
1590517022:[SURF  ,0082]Latitude : N43deg40.937mn, Longitude :E007deg19.173mn
1590517022:[SURF  ,0223]fix3D,9satellites
1590517022:[SURF  ,0084]GPS fix GPGSA : hdop0.720,vdop0.970
1590517039:[MAIN  ,0024]internal pressure 79734Pa
1590517040:<WARN>[MAIN  ,0041]mission empty
1590517040:[MAIN  ,0065]surfacing
1590517042:[PRESS ,0038]P     -9mbar,T+21455mdegC
1590517066:[SURFIN,0036]P     +1mbar
1590517070:[SURFIN,0020]filling external bladder
1590517073:[SURFIN,0019]external bladder full
1590517075:[PRESS ,0038]P   +190mbar,T+21459mdegC
1590517135:[MAIN  ,0272]Vbat 15115mV (min 14506mV)
1590517137:[MAIN  ,0024]internal pressure 79743Pa
1590517137:[MAIN  ,0043]Pext 195mbar (rng 20mbar)
1590517137:[MAIN  ,0064]surface
1590517151:[SURF  ,0022]GPS fix...
1590517172:[SURF  ,0015]10 PPS detected...
1590517173:[MRMAID,0052]Mermaid $GPSACK:+0,+0,+0,+0,+0,+0,+0;
1590517183:[MRMAID,0052]Mermaid $GPSOFF:3686319;
1590517184:[GPSFIX,0179]-1s diff
1590517185:[SURF  ,0222]2020-05-26T18:19:45
1590517185:[SURF  ,0082]Latitude : N43deg40.937mn, Longitude :E007deg19.173mn
1590517185:[SURF  ,0223]fix3D,9satellites
1590517185:[SURF  ,0084]GPS fix GPGSA : hdop0.720,vdop0.960
1590517195:[SURF  ,0274]last almanac : 381584
1590517208:[MRMAID,0026]1554 bytes in 0051/5ECD5DD0.MER
1590517213:[MAIN  ,0320]New pressure offset: 195mbar
1590517213:[SURF  ,0225]surface2
1590517227:[SURF  ,0022]GPS fix...
1590517247:[SURF  ,0015]10 PPS detected...
1590517248:[MRMAID,0052]Mermaid $GPSACK:+0,+0,+0,+0,+0,+0,+0;
1590517258:[MRMAID,0052]Mermaid $GPSOFF:3686319;
1590517260:[GPSFIX,0179]+0s diff
1590517260:[SURF  ,0222]2020-05-26T18:21:00
1590517260:[SURF  ,0082]Latitude : N43deg40.937mn, Longitude :E007deg19.173mn
1590517260:[SURF  ,0223]fix3D,9satellites
1590517260:[SURF  ,0084]GPS fix GPGSA : hdop0.720,vdop0.950
1590517270:[SURF  ,0025]Iridium...
1590517279:[SBE41 ,0339]newoffset=-1.02db received after -57s
1590517468:<WARN>[SURF  ,0023]failed to connect #1, code -8, net 1, qual 5, dial 1
1590517536:[SURF  ,0009]connected in 266s, signal quality 5
1590517597:[SURF  ,0218]prompt received, remote cmd end
1590517597:[SURF  ,0012]11 cmd(s) received
1590517620:[UPLOAD,0248]Upload data files...
1590517639:[UPLOAD,0231]"0051/5ECD5DD0.MER" uploaded at 141bytes/s
1590517655:[MAIN  ,0013]1 file(s) uploaded
1590517688:[SURF  ,0014]disconnected after 418s
1590517693:[SURFIN,0020]filling external bladder
1590517696:[SURFIN,0019]external bladder full
1590517696:[SURF  ,0227]1st complete transfer
1590517851:[SURF  ,0022]GPS fix...
1590517871:[SURF  ,0015]10 PPS detected...
1590517872:[MRMAID,0052]Mermaid $GPSACK:+0,+0,+0,+0,+0,+1,-999908;
1590517882:[MRMAID,0052]Mermaid $GPSOFF:3686319;
1590517883:[GPSFIX,0179]-1s diff
1590517884:[SURF  ,0222]2020-05-26T18:31:24
1590517884:[SURF  ,0082]Latitude : N43deg40.937mn, Longitude :E007deg19.173mn
1590517884:[SURF  ,0223]fix3D,10satellites
1590517884:[SURF  ,0084]GPS fix GPGSA : hdop0.700,vdop0.910
1590517894:[SURF  ,0025]Iridium...
1590517945:[SURF  ,0009]connected in 51s, signal quality 3
1590518013:[SURF  ,0218]prompt received, remote cmd end
1590518013:[SURF  ,0012]11 cmd(s) received
1590518053:[SURF  ,0014]disconnected after 159s
1590518058:[SURFIN,0020]filling external bladder
1590518062:[SURFIN,0019]external bladder full
1590518062:[SURF  ,0226]Go dive (Minimum surface delay expired and no more file to upload)
1590518074:[SURF  ,0022]GPS fix...
1590518094:[SURF  ,0015]10 PPS detected...
1590518095:[MRMAID,0052]Mermaid $GPSACK:+0,+0,+0,+0,+0,+0,+0;
1590518105:[MRMAID,0052]Mermaid $GPSOFF:3686319;
1590518106:[GPSFIX,0179]+0s diff
1590518106:[SURF  ,0222]2020-05-26T18:35:06
1590518106:[SURF  ,0082]Latitude : N43deg40.937mn, Longitude :E007deg19.173mn
1590518106:[SURF  ,0223]fix3D,10satellites
1590518106:[SURF  ,0084]GPS fix GPGSA : hdop0.690,vdop0.910
1590518123:[MAIN  ,0024]internal pressure 79795Pa
1590518124:<WARN>[MAIN  ,0041]mission empty
1590518124:[MAIN  ,0065]surfacing
1590518126:[PRESS ,0038]P    -15mbar,T+21462mdegC
1590518150:[SURFIN,0036]P    -15mbar
1590518154:[SURFIN,0020]filling external bladder
1590518157:[SURFIN,0019]external bladder full
1590518159:[PRESS ,0038]P   +180mbar,T+21464mdegC
1590518219:[MAIN  ,0272]Vbat 15141mV (min 14506mV)
1590518221:[MAIN  ,0024]internal pressure 79785Pa
1590518221:[MAIN  ,0043]Pext 187mbar (rng 10mbar)
1590518221:[MAIN  ,0064]surface
1590518231:[SURF  ,0022]GPS fix...
1590518252:[SURF  ,0015]10 PPS detected...
1590518253:[MRMAID,0052]Mermaid $GPSACK:+0,+0,+0,+0,+0,+0,+0;
1590518263:[MRMAID,0052]Mermaid $GPSOFF:3686319;
1590518264:[GPSFIX,0179]-1s diff
1590518265:[SURF  ,0222]2020-05-26T18:37:45
1590518265:[SURF  ,0082]Latitude : N43deg40.937mn, Longitude :E007deg19.173mn
1590518265:[SURF  ,0223]fix3D,10satellites
1590518265:[SURF  ,0084]GPS fix GPGSA : hdop0.690,vdop0.900
1590518275:[SURF  ,0274]last almanac : 382664
1590518288:[MRMAID,0026]1562 bytes in 0051/5ECD6208.MER
1590518294:[MAIN  ,0320]New pressure offset: 187mbar
1590518294:[SURF  ,0225]surface2
1590518309:[SURF  ,0022]GPS fix...
1590518329:[SURF  ,0015]10 PPS detected...
1590518330:[MRMAID,0052]Mermaid $GPSACK:+0,+0,+0,+0,+0,+0,+0;
1590518340:[MRMAID,0052]Mermaid $GPSOFF:3686319;
1590518341:[GPSFIX,0179]-1s diff
1590518342:[SURF  ,0222]2020-05-26T18:39:02
1590518342:[SURF  ,0082]Latitude : N43deg40.937mn, Longitude :E007deg19.173mn
1590518342:[SURF  ,0223]fix3D,9satellites
1590518342:[SURF  ,0084]GPS fix GPGSA : hdop0.720,vdop1.000
1590518352:[SURF  ,0025]Iridium...
1590518360:[SBE41 ,0339]newoffset=-1.05db received after -57s
1590518400:[SURF  ,0009]connected in 48s, signal quality 5
1590518460:[SURF  ,0218]prompt received, remote cmd end
1590518460:[SURF  ,0012]11 cmd(s) received
1590518481:[UPLOAD,0248]Upload data files...
1590518501:[UPLOAD,0231]"0051/5ECD6208.MER" uploaded at 112bytes/s
1590518524:[MAIN  ,0013]1 file(s) uploaded
1590518556:[SURF  ,0014]disconnected after 204s
1590518561:[SURFIN,0020]filling external bladder
1590518564:[SURFIN,0019]external bladder full
1590518564:[SURF  ,0227]1st complete transfer
1590518926:[SURF  ,0022]GPS fix...
1590518947:[SURF  ,0015]10 PPS detected...
1590518948:[MRMAID,0052]Mermaid $GPSACK:+0,+0,+0,+0,+0,+1,-999969;
1590518958:[MRMAID,0052]Mermaid $GPSOFF:3686319;
1590518959:[GPSFIX,0179]-1s diff
1590518960:[SURF  ,0222]2020-05-26T18:49:20
1590518960:[SURF  ,0082]Latitude : N43deg40.936mn, Longitude :E007deg19.173mn
1590518960:[SURF  ,0223]fix3D,9satellites
1590518960:[SURF  ,0084]GPS fix GPGSA : hdop0.710,vdop0.980
1590518970:[SURF  ,0025]Iridium...
1590519007:[SURF  ,0009]connected in 37s, signal quality 5
1590519059:[SURF  ,0218]prompt received, remote cmd end
1590519059:[SURF  ,0012]11 cmd(s) received
1590519089:[SURF  ,0014]disconnected after 119s
1590519094:[SURFIN,0020]filling external bladder
1590519097:[SURFIN,0019]external bladder full
1590519097:[SURF  ,0226]Go dive (Minimum surface delay expired and no more file to upload)
1590519112:[SURF  ,0022]GPS fix...
1590519133:[SURF  ,0015]10 PPS detected...
1590519134:[MRMAID,0052]Mermaid $GPSACK:+0,+0,+0,+0,+0,+0,+0;
1590519144:[MRMAID,0052]Mermaid $GPSOFF:3686319;
1590519144:[GPSFIX,0179]-1s diff
1590519145:[SURF  ,0222]2020-05-26T18:52:25
1590519145:[SURF  ,0082]Latitude : N43deg40.936mn, Longitude :E007deg19.173mn
1590519145:[SURF  ,0223]fix3D,9satellites
1590519145:[SURF  ,0084]GPS fix GPGSA : hdop0.710,vdop0.970
1590519162:[MAIN  ,0024]internal pressure 79844Pa
1590519163:<WARN>[MAIN  ,0041]mission empty
1590519163:[MAIN  ,0065]surfacing
1590519165:[PRESS ,0038]P     -7mbar,T+21493mdegC
1590519189:[SURFIN,0036]P     +3mbar
1590519193:[SURFIN,0020]filling external bladder
1590519196:[SURFIN,0019]external bladder full
1590519198:[PRESS ,0038]P   +180mbar,T+21492mdegC
1590519259:[MAIN  ,0272]Vbat 15182mV (min 14506mV)
1590519261:[MAIN  ,0024]internal pressure 79863Pa
1590519261:[MAIN  ,0043]Pext 182mbar (rng 10mbar)
1590519261:[MAIN  ,0064]surface
1590519276:[SURF  ,0022]GPS fix...
1590519296:[SURF  ,0015]10 PPS detected...
1590519297:[MRMAID,0052]Mermaid $GPSACK:+0,+0,+0,+0,+0,+0,+0;
1590519307:[MRMAID,0052]Mermaid $GPSOFF:3686319;
1590519308:[GPSFIX,0179]-1s diff
1590519309:[SURF  ,0222]2020-05-26T18:55:09
1590519309:[SURF  ,0082]Latitude : N43deg40.936mn, Longitude :E007deg19.173mn
1590519309:[SURF  ,0223]fix3D,9satellites
1590519309:[SURF  ,0084]GPS fix GPGSA : hdop0.710,vdop0.960
1590519319:[SURF  ,0274]last almanac : 383708
1590519332:[MRMAID,0026]1562 bytes in 0051/5ECD661C.MER
1590519337:[MAIN  ,0320]New pressure offset: 182mbar
1590519337:[SURF  ,0225]surface2
1590519352:[SURF  ,0022]GPS fix...
1590519372:[SURF  ,0015]10 PPS detected...
1590519373:[MRMAID,0052]Mermaid $GPSACK:+0,+0,+0,+0,+0,+0,+0;
1590519383:[MRMAID,0052]Mermaid $GPSOFF:3686319;
1590519384:[GPSFIX,0179]-1s diff
1590519385:[SURF  ,0222]2020-05-26T18:56:25
1590519385:[SURF  ,0082]Latitude : N43deg40.936mn, Longitude :E007deg19.173mn
1590519385:[SURF  ,0223]fix3D,9satellites
1590519385:[SURF  ,0084]GPS fix GPGSA : hdop0.710,vdop0.950
1590519395:[SURF  ,0025]Iridium...
1590519403:[SBE41 ,0339]newoffset=-1.06db received after -57s
1590519432:[SURF  ,0009]connected in 37s, signal quality 5
1590519489:[SURF  ,0218]prompt received, remote cmd end
1590519489:[SURF  ,0012]16 cmd(s) received
1590519510:[UPLOAD,0248]Upload data files...
1590519527:[UPLOAD,0231]"0051/5ECD661C.MER" uploaded at 142bytes/s
1590519542:[MAIN  ,0013]1 file(s) uploaded
1590519573:[SURF  ,0014]disconnected after 178s
1590519578:[SURFIN,0020]filling external bladder
1590519581:[SURFIN,0019]external bladder full
1590519581:[SURF  ,0227]1st complete transfer
1590519597:[SURF  ,0022]GPS fix...
1590519618:[SURF  ,0015]10 PPS detected...
1590519619:[MRMAID,0052]Mermaid $GPSACK:+0,+0,+0,+0,+0,+0,+0;
1590519629:[MRMAID,0052]Mermaid $GPSOFF:3686319;
1590519630:[GPSFIX,0179]+0s diff
1590519630:[SURF  ,0222]2020-05-26T19:00:30
1590519630:[SURF  ,0082]Latitude : N43deg40.937mn, Longitude :E007deg19.173mn
1590519630:[SURF  ,0223]fix3D,10satellites
1590519630:[SURF  ,0084]GPS fix GPGSA : hdop0.680,vdop0.850
1590519647:[MAIN  ,0024]internal pressure 79883Pa
1590519648:[BYCMD ,0107]    FreeRTOS V8.2.3
1590519648:[BYCMD ,0108]    FatFS v11a
1590519648:[BYCMD ,0120]    bypass 10000ms 60000ms (20000ms 60000ms stored)
1590519648:[BYCMD ,0121]    valve 60000ms 12750 (60000ms 12750 stored)
1590519648:[BYCMD ,0122]    pump 60000ms 30% 10750 80% (60000ms 30% 10750 80% stored)
1590519648:[BYCMD ,0123]    rate 2mbar/s (2mbar/s stored)
1590519648:[BYCMD ,0124]    surface 500mbar (500mbar stored)
1590519648:[BYCMD ,0125]    near 500mbar 3mbar/s (15000mbar 3mbar/s stored)
1590519648:[BYCMD ,0126]    far 1500mbar 4mbar/s (25000mbar 4mbar/s stored)
1590519648:[BYCMD ,0127]    ascent 8mbar/s (8mbar/s stored)
1590519648:[BYCMD ,0128]    dead 60s (300s stored)
1590519648:[BYCMD ,0129]    coeff 16/10 (16/10 stored)
1590519648:[BYCMD ,0130]    stab 10 (10 stored)
1590519648:[BYCMD ,0131]    delay 900s 3600s (900s 3600s stored)
1590519648:[BYCMD ,0132]    mmtime 2880min (2880min stored)
1590519648:[BYCMD ,0133]    dv_landing 100ml (100ml stored)
1590519648:[MKDCMD,0150]    p2t37: 15x2000ms, offset 182mbar
1590519648:[P2TCMD,0151]    p2t37: dp 50mbar, dt 1000000mdegC
1590519649:[STAGE ,0080]Stage [0] 5000mbar (+/-500mbar) 1800s (<1800s) 
1590519649:[STAGE ,0080]Stage [1] 5000mbar (+/-500mbar) 41400s (<43200s) MERMAID
1590519649:[STAGE ,0091]Stage [2] surfacing 3600s (<46800s) SBE41
1590519649:[SBE41 ,0282]SBE41 parameters : 
      dsreplyformat=1 (webb(0)/standard(1))
      addtimingdelays=0 (n(0)/y(1))
      outputdensity=0 (n(0)/y(1))
      echocmd=0 (n(0)/y(1))
      outputrt=0 (n(0)/y(1))
      outputpts=0 (n(0)/y(1))
      outputsn=0 (n(0)/y(1))
      outputpressure=1 (n(0)/y(1))
      pcutoff=2dbar
      tswait=0s
      pumpfastpt=1 (n(0)/y(1))
      samplerate=1 ('fast':1Hz(1)/'slow':0.5Hz(0))
      top_bin_interval=10dbar
      top_bin_size=10dbar
      top_bin_max=100dbar
      middle_bin_interval=50dbar
      middle_bin_size=50dbar
      middle_bin_max=1000dbar
      bottom_bin_interval=100dbar
      bottom_bin_size=100dbar
      includetransitionbin=0
      includenbin=0 (n(0)/y(1))
      autobinavg=0 (n(0)/y(1))
1590519649:[SBE41 ,0283]SBE41 pilot policy : 
      continiousprofile=0 (n(0)/y(1)
      speeddetection=1 (n(0)/y(1)
      hexoutput=1 (n(0)/y(1)
      binaverageoutput=0 (n(0)/y(1)
      manualprofilerate=10s
      runningpumpbeforeprofile=0s
      speedstart=2mbar/s
      speedcontrol=5mbar/s
1590519649:[MAIN  ,0070]turn off bluetooth
1590519651:[PRESS ,0038]P     +8mbar,T+21447mdegC
1590519676:[DIVING,0141]diving from 8mbar, +0mbar/s
1590519676:[BYPASS,0035]bypass opening 60000ms
1590519681:[BYPASS,0104]battery 14661mV,  317932uA (bypass opening), P     +8mbar
1590519746:[BYPASS,0106]battery 14520mV,  398086uA (bypass closing), P     +8mbar
1590519748:[PRESS ,0038]P    -62mbar,T+21469mdegC
1590519781:[BYPASS,0035]bypass opening 10000ms
1590519786:[BYPASS,0104]battery 14625mV,  318542uA (bypass opening), P    -12mbar
1590519801:[BYPASS,0106]battery 14573mV,  397354uA (bypass closing), P    -12mbar
1590519803:[PRESS ,0038]P    +28mbar,T+21479mdegC
1590519816:[PRESS ,0038]P    +98mbar,T+21479mdegC
1590519828:[PRESS ,0038]P   +158mbar,T+21479mdegC
1590519839:[PRESS ,0038]P   +218mbar,T+21479mdegC
1590519853:[PRESS ,0038]P   +278mbar,T+21476mdegC
1590519867:[PRESS ,0038]P   +348mbar,T+21469mdegC
1590519883:[PRESS ,0038]P   +418mbar,T+21462mdegC
1590519894:[PRESS ,0038]P   +478mbar,T+21456mdegC
1590519905:[DIVING,0028]528mbar reached (+5mbar/s), 2 bypass done
1590519905:[MAIN  ,0056]stage[0]
1590519907:[MAIN  ,0024]internal pressure 80915Pa
1590519908:[BUOY  ,0037]P   +528mbar
1590519908:[STAGE ,0080]Stage [0] 5000mbar (+/-500mbar) 1800s (<1590521705s) 
1590519910:[PRESS ,0038]P   +548mbar,T+21443mdegC
1590519971:[PRESS ,0038]P   +848mbar,T+21353mdegC
1590519983:[PRESS ,0038]P   +908mbar,T+21327mdegC
1590520056:[PRESS ,0038]P  +1268mbar,T+21143mdegC
1590520068:[PRESS ,0038]P  +1328mbar,T+21107mdegC
1590520142:[PRESS ,0038]P  +1588mbar,T+20880mdegC
1590520154:[PRESS ,0038]P  +1648mbar,T+20840mdegC
1590520165:[PRESS ,0038]P  +1708mbar,T+20805mdegC
1590520227:[PRESS ,0038]P  +2038mbar,T+20598mdegC
1590520239:[PRESS ,0038]P  +2098mbar,T+20557mdegC
1590520312:[PRESS ,0038]P  +2418mbar,T+20314mdegC
1590520328:[PRESS ,0038]P  +2478mbar,T+20262mdegC
1590520398:[PRESS ,0038]P  +2848mbar,T+20032mdegC
1590520409:[PRESS ,0038]P  +2908mbar,T+19997mdegC
1590520419:[PRESS ,0038]P  +2968mbar,T+19963mdegC
1590520483:[PRESS ,0038]P  +3288mbar,T+19761mdegC
1590520494:[PRESS ,0038]P  +3348mbar,T+19728mdegC
1590520505:[PRESS ,0038]P  +3408mbar,T+19697mdegC
1590520569:[PRESS ,0038]P  +3698mbar,T+19515mdegC
1590520585:[PRESS ,0038]P  +3758mbar,T+19471mdegC
1590520654:[PRESS ,0038]P  +4048mbar,T+19278mdegC
1590520669:[PRESS ,0038]P  +4108mbar,T+19238mdegC
1590520740:[PRESS ,0038]P  +4368mbar,T+19041mdegC
1590520749:[PRESS ,0038]P  +4428mbar,T+19016mdegC
1590520765:[PRESS ,0038]P  +4488mbar,T+18972mdegC
1590520765:[BUOY  ,0087]from +5mbar/s to +3mbar/s
1590520765:[BUOY  ,0089]need to transfer +26mL (pump during 31705ms)
1590520773:[PUMP  ,0207]battery 15172mV,   38918uA (warmup), P  +4488mbar
1590520773:[PUMP  ,0016]pump during 31705ms
1590520804:[PUMP  ,0212]battery 14438mV,  449570uA (steady state), P  +4488mbar
1590520829:[PRESS ,0038]P  +4728mbar,T+18840mdegC
1590520848:[PRESS ,0038]P  +4788mbar,T+18800mdegC
1590520854:[STAGE ,0213]4798mbar reached at 1590520854s, ref 5000mbar +/-500mbar
1590520854:[BUOY  ,0087]from +3mbar/s to +0mbar/s
1590520854:[BUOY  ,0089]need to transfer +14mL (pump during 17057ms)
1590520862:[PUMP  ,0207]battery 15152mV,   36112uA (warmup), P  +4798mbar
1590520862:[PUMP  ,0016]pump during 17057ms
1590520879:[PUMP  ,0212]battery 14620mV,  466650uA (steady state), P  +4798mbar
1590520918:[PRESS ,0038]P  +4868mbar,T+18643mdegC
1590520942:[BUOY  ,0087]from -1mbar/s to +0mbar/s
1590520942:[BUOY  ,0090]need to transfer -2mL (valve during 370ms)
1590520942:[VALVE ,0034]valve opening 370ms
1590521756:[MAIN  ,0140]stage[0] complete 1851s after mission start
1590521756:[MAIN  ,0056]stage[1]
1590521758:[MAIN  ,0024]internal pressure 80223Pa
1590521759:[MRMAID,0002]acq started
1590521769:[BUOY  ,0037]P  +4888mbar
1590521769:[STAGE ,0080]Stage [1] 5000mbar (+/-500mbar) 41400s (<1590563105s) MERMAID
1590521771:[STAGE ,0213]4888mbar reached at 1590521771s, ref 5000mbar +/-500mbar
1590521973:[MRMAID,0027]49dbar, 17degC
1590522112:[MRMAID,0005]ascent request rejected
1590522821:[MRMAID,0027]49dbar, 16degC
1590522973:[MRMAID,0005]ascent request rejected
1590525368:[MRMAID,0027]49dbar, 16degC
1590525509:[MRMAID,0005]ascent request rejected
1590526000:[MRMAID,0027]49dbar, 16degC
1590528260:[PRESS ,0038]P  +4928mbar,T+15697mdegC
1590528563:[PRESS ,0038]P  +4868mbar,T+15681mdegC
1590529655:[PRESS ,0038]P  +4928mbar,T+15636mdegC
1590531838:[PRESS ,0038]P  +4998mbar,T+15471mdegC
1590532909:[MRMAID,0027]50dbar, 15degC
1590533042:[MRMAID,0005]ascent request rejected
1590533112:[PRESS ,0038]P  +5058mbar,T+15414mdegC
1590533718:[PRESS ,0038]P  +5118mbar,T+15387mdegC
1590534021:[PRESS ,0038]P  +5188mbar,T+15375mdegC
1590534385:[PRESS ,0038]P  +5248mbar,T+15365mdegC
1590534446:[PRESS ,0038]P  +5188mbar,T+15364mdegC
1590534688:[PRESS ,0038]P  +5258mbar,T+15359mdegC
1590535538:[PRESS ,0038]P  +5198mbar,T+15342mdegC
1590536083:[PRESS ,0038]P  +5258mbar,T+15332mdegC
1590538873:[PRESS ,0038]P  +5188mbar,T+15370mdegC
1590539176:[PRESS ,0038]P  +5248mbar,T+15373mdegC
1590539358:[PRESS ,0038]P  +5188mbar,T+15356mdegC
1590539540:[PRESS ,0038]P  +5248mbar,T+15323mdegC
1590540450:[PRESS ,0038]P  +5178mbar,T+15215mdegC
1590541056:[PRESS ,0038]P  +5238mbar,T+15233mdegC
1590541299:[PRESS ,0038]P  +5178mbar,T+15259mdegC
1590541966:[PRESS ,0038]P  +5238mbar,T+15309mdegC
1590542148:[PRESS ,0038]P  +5178mbar,T+15319mdegC
1590543482:[PRESS ,0038]P  +5248mbar,T+15219mdegC
1590543543:[PRESS ,0038]P  +5168mbar,T+15219mdegC
1590543846:[PRESS ,0038]P  +5228mbar,T+15214mdegC
1590543907:[PRESS ,0038]P  +5148mbar,T+15212mdegC
1590543968:[PRESS ,0038]P  +5248mbar,T+15210mdegC
1590544028:[PRESS ,0038]P  +5168mbar,T+15209mdegC
1590544514:[PRESS ,0038]P  +5228mbar,T+15181mdegC
1590545423:[PRESS ,0038]P  +5168mbar,T+15145mdegC
1590546394:[PRESS ,0038]P  +5228mbar,T+15146mdegC
1590546576:[PRESS ,0038]P  +5168mbar,T+15144mdegC
1590547061:[PRESS ,0038]P  +5228mbar,T+15137mdegC
1590554459:[PRESS ,0038]P  +5288mbar,T+15661mdegC
1590554945:[PRESS ,0038]P  +5198mbar,T+15650mdegC
1590555794:[PRESS ,0038]P  +5138mbar,T+15536mdegC
1590558159:[PRESS ,0038]P  +5078mbar,T+15675mdegC
1590559311:[PRESS ,0038]P  +5138mbar,T+15716mdegC
1590559736:[PRESS ,0038]P  +5078mbar,T+15735mdegC
1590559917:[PRESS ,0038]P  +5138mbar,T+15746mdegC
1590560039:[PRESS ,0038]P  +5248mbar,T+15753mdegC
1590560100:[PRESS ,0038]P  +5318mbar,T+15756mdegC
1590560160:[PRESS ,0038]P  +5428mbar,T+15761mdegC
1590560221:[PRESS ,0038]P  +5508mbar,T+15761mdegC
1590560221:<WARN>[BUOY  ,0094]stage[1] should ASCENT, stuck at 5508mbar for the #1 time
1590560221:[BUOY  ,0087]from +1mbar/s to +1mbar/s
1590560221:[BUOY  ,0089]need to transfer +14mL (pump during 16928ms)
1590560221:[MRMAID,0052]Mermaid $STO
1590560222:[MRMAID,0052]Mermaid $MEASFS,1536934,38409.902222,40.014004;
1590560223:[MRMAID,0183]dropping spurious '0x50'
1590560223:[MRMAID,0183]dropping spurious '0x41'
1590560223:[MRMAID,0183]dropping spurious '0x43'
1590560223:[MRMAID,0183]dropping spurious '0x4B'
1590560223:[MRMAID,0183]dropping spurious '0x3A'
1590560223:[MRMAID,0183]dropping spurious '0x2B'
1590560223:[MRMAID,0183]dropping spurious '0x31'
1590560223:[MRMAID,0183]dropping spurious '0x3B'
1590560223:[MRMAID,0185]8 spurious byte(s) received
1590560230:[PUMP  ,0207]battery 15095mV,   40016uA (warmup), P  +5508mbar
1590560230:[PUMP  ,0016]pump during 16928ms
1590560246:[PUMP  ,0212]battery 13652mV,  467504uA (steady state), P  +5508mbar
1590560250:[MRMAID,0002]acq started
1590560320:<WARN>[BUOY  ,0094]stage[1] should ASCENT, stuck at 5518mbar for the #2 time
1590560320:[BUOY  ,0087]from +2mbar/s to +2mbar/s
1590560320:[BUOY  ,0089]need to transfer +14mL (pump during 16928ms)
1590560320:[MRMAID,0003]acq stopped
1590560328:[PUMP  ,0207]battery 15117mV,   45750uA (warmup), P  +5518mbar
1590560328:[PUMP  ,0016]pump during 16928ms
1590560344:[PUMP  ,0212]battery 14451mV,  487756uA (steady state), P  +5518mbar
1590560349:[MRMAID,0002]acq started
1590560661:<WARN>[BUOY  ,0094]stage[1] should ASCENT, stuck at 5508mbar for the #3 time
1590560661:[BUOY  ,0087]from +3mbar/s to +3mbar/s
1590560661:[BUOY  ,0089]need to transfer +14mL (pump during 16928ms)
1590560661:[MRMAID,0003]acq stopped
1590560670:[PUMP  ,0207]battery 15097mV,   40748uA (warmup), P  +5508mbar
1590560670:[PUMP  ,0016]pump during 16928ms
1590560686:[PUMP  ,0212]battery 14488mV,  487146uA (steady state), P  +5508mbar
1590560690:[MRMAID,0002]acq started
1590560820:[PRESS ,0038]P  +5428mbar,T+15717mdegC
1590560942:[PRESS ,0038]P  +5368mbar,T+15714mdegC
1590561245:[PRESS ,0038]P  +5278mbar,T+15717mdegC
1590561366:[PRESS ,0038]P  +5218mbar,T+15725mdegC
1590561609:[PRESS ,0038]P  +5138mbar,T+15747mdegC
1590561791:[PRESS ,0038]P  +5028mbar,T+15767mdegC
1590561912:[PRESS ,0038]P  +4958mbar,T+15788mdegC
1590562034:[PRESS ,0038]P  +4868mbar,T+15811mdegC
1590562034:[BUOY  ,0087]from -1mbar/s to +0mbar/s
1590562034:[BUOY  ,0090]need to transfer -2mL (valve during 370ms)
1590562034:[MRMAID,0052]Mermaid $$MEASFS,51666,1291.197784,40.014009;
1590562034:[VALVE ,0034]valve opening 370ms
1590562035:[MRMAID,0183]dropping spurious '0x53'
1590562035:[MRMAID,0183]dropping spurious '0x54'
1590562035:[MRMAID,0183]dropping spurious '0x4F'
1590562035:[MRMAID,0183]dropping spurious '0x50'
1590562035:[MRMAID,0183]dropping spurious '0x41'
1590562035:[MRMAID,0183]dropping spurious '0x43'
1590562035:[MRMAID,0183]dropping spurious '0x4B'
1590562035:[MRMAID,0183]dropping spurious '0x3A'
1590562035:[MRMAID,0183]dropping spurious '0x2B'
1590562035:[MRMAID,0183]dropping spurious '0x31'
1590562035:[MRMAID,0183]dropping spurious '0x3B'
1590562035:[MRMAID,0185]11 spurious byte(s) received
1590562046:[MRMAID,0002]acq started
1590562261:[PRESS ,0038]P  +4808mbar,T+15855mdegC
1590562867:[PRESS ,0038]P  +4708mbar,T+15938mdegC
1590563110:[MAIN  ,0140]stage[1] complete -22331s after mission start
1590563110:[MRMAID,0003]acq stopped
1590563110:[MRMAID,0183]dropping spurious '0x36'
1590563110:[MRMAID,0183]dropping spurious '0x2C'
1590563110:[MRMAID,0183]dropping spurious '0x34'
1590563110:[MRMAID,0183]dropping spurious '0x30'
1590563110:[MRMAID,0183]dropping spurious '0x2E'
1590563110:[MRMAID,0183]dropping spurious '0x30'
1590563110:[MRMAID,0183]dropping spurious '0x31'
1590563110:[MRMAID,0183]dropping spurious '0x34'
1590563110:[MRMAID,0183]dropping spurious '0x30'
1590563110:[MRMAID,0183]dropping spurious '0x31'
1590563110:[MRMAID,0183]dropping spurious '0x31'
1590563110:[MRMAID,0183]dropping spurious '0x3B'
1590563110:[MRMAID,0185]12 spurious byte(s) received
1590563170:[MAIN  ,0056]stage[2]
1590563173:[MAIN  ,0024]internal pressure 79210Pa
1590563173:[BUOY  ,0037]P  +4688mbar
1590563173:[STAGE ,0091]Stage [2] surfacing 3600s (<1590566705s) SBE41
1590563175:<WARN>[BUOY  ,0094]stage[2] should ASCENT, stuck at 4688mbar for the #1 time
1590563175:[BUOY  ,0087]from +1mbar/s to +1mbar/s
1590563175:[BUOY  ,0089]need to transfer +40mL (pump during 48426ms)
1590563183:[PUMP  ,0207]battery 15110mV,   40260uA (warmup), P  +4688mbar
1590563183:[PUMP  ,0016]pump during 48426ms
1590563231:[PUMP  ,0212]battery 14500mV,  472750uA (steady state), P  +4688mbar
1590563239:[PRESS ,0038]P  +4598mbar,T+15966mdegC
1590563259:[PRESS ,0038]P  +4538mbar,T+15965mdegC
1590563264:[BUOY  ,0087]from +15965mbar/s to +15965mbar/s
1590563264:[BUOY  ,0089]need to transfer +26mL (pump during 31458ms)
1590563265:[SBE41 ,0337]Speed start detected
1590563272:[PUMP  ,0207]battery 14913mV,  106506uA (warmup), P  +4528mbar
1590563272:[PUMP  ,0016]pump during 31458ms
1590563303:[PUMP  ,0212]battery 14627mV,  512888uA (steady state), P  +4528mbar
1590563328:[PRESS ,0038]P  +4378mbar,T+15966mdegC
1590563344:[PRESS ,0038]P  +4318mbar,T+15967mdegC
1590563353:[BUOY  ,0087]from +15967mbar/s to +15967mbar/s
1590563353:[BUOY  ,0089]need to transfer +26mL (pump during 31957ms)
1590563361:[PUMP  ,0207]battery 14967mV,   62098uA (warmup), P  +4298mbar
1590563361:[PUMP  ,0016]pump during 31957ms
1590563392:[PUMP  ,0212]battery 14525mV,  509716uA (steady state), P  +4298mbar
1590563417:[PRESS ,0038]P  +4088mbar,T+15970mdegC
1590563429:[PRESS ,0038]P  +4028mbar,T+15971mdegC
1590563502:[PRESS ,0038]P  +3708mbar,T+15980mdegC
1590563515:[PRESS ,0038]P  +3638mbar,T+15983mdegC
1590563588:[PRESS ,0038]P  +3368mbar,T+15999mdegC
1590563606:[PRESS ,0038]P  +3298mbar,T+16005mdegC
1590563613:[BUOY  ,0087]from +16005mbar/s to +16005mbar/s
1590563613:[BUOY  ,0089]need to transfer +26mL (pump during 31957ms)
1590563621:[PUMP  ,0207]battery 14912mV,   61244uA (warmup), P  +3278mbar
1590563621:[PUMP  ,0016]pump during 31957ms
1590563652:[PUMP  ,0212]battery 14440mV,  499224uA (steady state), P  +3278mbar
1590563677:[PRESS ,0038]P  +2958mbar,T+16025mdegC
1590563686:[PRESS ,0038]P  +2898mbar,T+16029mdegC
1590563698:[PRESS ,0038]P  +2828mbar,T+16034mdegC
1590563701:[BUOY  ,0087]from +16034mbar/s to +16034mbar/s
1590563702:[BUOY  ,0090]need to transfer -18mL (valve during 4330ms)
1590563702:[VALVE ,0034]valve opening 4330ms
1590563706:[VALVE ,0234]battery 14306mV,  658190uA, P  +2818mbar
1590563762:[PRESS ,0038]P  +2618mbar,T+16070mdegC
1590563787:[BUOY  ,0087]from +16070mbar/s to +16070mbar/s
1590563787:[BUOY  ,0089]need to transfer +34mL (pump during 41790ms)
1590563795:[PUMP  ,0207]battery 14906mV,   61854uA (warmup), P  +2568mbar
1590563795:[PUMP  ,0016]pump during 41790ms
1590563836:[PUMP  ,0212]battery 14416mV,  495930uA (steady state), P  +2568mbar
1590563851:[PRESS ,0038]P  +2438mbar,T+16123mdegC
1590563871:[PRESS ,0038]P  +2378mbar,T+16137mdegC
1590563876:[BUOY  ,0087]from +16137mbar/s to +16137mbar/s
1590563876:[BUOY  ,0089]need to transfer +26mL (pump during 31957ms)
1590563884:[PUMP  ,0207]battery 14903mV,   58560uA (warmup), P  +2358mbar
1590563884:[PUMP  ,0016]pump during 31957ms
1590563915:[PUMP  ,0212]battery 14460mV,  504470uA (steady state), P  +2358mbar
1590563940:[PRESS ,0038]P  +2198mbar,T+16198mdegC
1590563959:[PRESS ,0038]P  +2138mbar,T+16219mdegC
1590563965:[BUOY  ,0087]from +16219mbar/s to +16219mbar/s
1590563965:[BUOY  ,0089]need to transfer +26mL (pump during 32320ms)
1590563973:[PUMP  ,0207]battery 14880mV,   57340uA (warmup), P  +2118mbar
1590563973:[PUMP  ,0016]pump during 32320ms
1590564005:[PUMP  ,0212]battery 14446mV,  506178uA (steady state), P  +2118mbar
1590564029:[PRESS ,0038]P  +1918mbar,T+16304mdegC
1590564043:[PRESS ,0038]P  +1848mbar,T+16323mdegC
1590564114:[PRESS ,0038]P  +1488mbar,T+16437mdegC
1590564123:[PRESS ,0038]P  +1428mbar,T+16451mdegC
1590564135:[PRESS ,0038]P  +1368mbar,T+16472mdegC
1590564200:[PRESS ,0038]P   +988mbar,T+16581mdegC
1590564207:[PRESS ,0038]P   +928mbar,T+16594mdegC
1590564214:[PRESS ,0038]P   +868mbar,T+16603mdegC
1590564225:[PRESS ,0038]P   +808mbar,T+16623mdegC
1590564225:[BUOY  ,0087]from +16623mbar/s to +16623mbar/s
1590564225:[BUOY  ,0090]need to transfer -38mL (valve during 17304ms)
1590564225:[VALVE ,0034]valve opening 17304ms
1590564242:[VALVE ,0234]battery 14183mV,  652090uA, P   +808mbar
1590564285:[PRESS ,0038]P   +618mbar,T+16778mdegC
1590564307:[PRESS ,0038]P   +548mbar,T+16831mdegC
1590564310:[BUOY  ,0087]from +16831mbar/s to +16831mbar/s
1590564310:[BUOY  ,0089]need to transfer +26mL (pump during 32320ms)
1590564318:[PUMP  ,0207]battery 14893mV,   58560uA (warmup), P   +558mbar
1590564318:[PUMP  ,0016]pump during 32320ms
1590564350:[PUMP  ,0212]battery 14408mV,  474824uA (steady state), P   +558mbar
1590564374:[PRESS ,0038]P   +368mbar,T+16952mdegC
1590564395:[PRESS ,0038]P   +308mbar,T+16988mdegC
1590564399:[STAGE ,0214]298mbar (500) reached at 1590564399s, ascending from 4688mbar
1590564399:[STAGE ,0342]The float reached the surface : OK
1590564399:[MAIN  ,0140]stage[2] complete -21042s after mission start
1590564405:[SBE41 ,0343]SBE41 dump : 1130 stored samples in hexa format
1590564446:[SBE41 ,0338]Dump finished
1590564446:[SBE41 ,0318]10170 bytes in 0051/5ECE1165.S41
1590564447:[MRMAID,0188]acq already stopped
1590564507:[MSSION,0192]mission stopped, 3 stage(s) done
1590564507:[MAIN  ,0065]surfacing
1590564509:[PRESS ,0038]P    -52mbar,T+17234mdegC
1590564509:[SURFIN,0036]P    -52mbar
1590564513:[SURFIN,0020]filling external bladder
1590564521:[PUMP  ,0207]battery 14952mV,   41968uA (warmup), P    -52mbar
1590564521:[PUMP  ,0016]pump during 300000ms
1590564650:[PUMP  ,0212]battery 14050mV, 1508530uA (steady state), P    -52mbar
1590564652:[SURFIN,0019]external bladder full
1590564653:[PRESS ,0038]P   +210mbar,T+17416mdegC
1590564714:[MAIN  ,0272]Vbat 14748mV (min 14506mV)
1590564716:[MAIN  ,0024]internal pressure 78788Pa
1590564716:[MAIN  ,0043]Pext 202mbar (rng 20mbar)
1590564716:[MAIN  ,0064]surface
1590564728:[SURF  ,0022]GPS fix...
1590564769:[SURF  ,0015]10 PPS detected...
1590564771:[MRMAID,0052]Mermaid $GPSACK:+0,+0,+0,+0,+0,+0,-21057;
1590564781:[MRMAID,0052]Mermaid $GPSOFF:3686321;
1590564782:[GPSFIX,0179]-1s diff
1590564783:[SURF  ,0222]2020-05-27T07:33:03
1590564783:[SURF  ,0082]Latitude : N43deg40.936mn, Longitude :E007deg19.176mn
1590564783:[SURF  ,0223]fix3D,9satellites
1590564783:[SURF  ,0084]GPS fix GPGSA : hdop0.690,vdop1.050
1590564793:[SURF  ,0274]last almanac : 429182
1590564998:[MRMAID,0026]77953 bytes in 0051/5ECE17BE.MER
1590565004:[MAIN  ,0320]New pressure offset: 202mbar
1590565004:[LOGBIN,0078]*** switching to 0051/5ECE188C ***
