1592467929:[MAIN  ,0007]buoy 452.020-P-0051
1592467929:[MAIN  ,0055]soft pilotage 452.012.300_V2.20-20200612
1592467929:[MAIN  ,0010]cycle 17
1592467929:[SURF  ,0225]surface2
1592467944:[SURF  ,0022]GPS fix...
1592467965:[SURF  ,0015]10 PPS detected...
1592467966:[MRMAID,0052]Mermaid $GPSACK:+0,+0,+0,+0,+0,+0,-30;
1592467976:[MRMAID,0052]Mermaid $GPSOFF:3686320;
1592467977:[GPSFIX,0179]-1s diff
1592467978:[SURF  ,0222]2020-06-18T08:12:58
1592467978:[SURF  ,0082]Latitude : N43deg40.939mn, Longitude :E007deg19.175mn
1592467978:[SURF  ,0223]fix3D,10satellites
1592467978:[SURF  ,0084]GPS fix GPGSA : hdop0.740,vdop0.970
1592467988:[SURF  ,0025]Iridium...
1592467995:[SBE41 ,0339]newoffset=0.28db received after -57s
1592468030:[SURF  ,0009]connected in 42s, signal quality 5
1592468108:[SURF  ,0218]prompt received, remote cmd end
1592468108:[SURF  ,0012]16 cmd(s) received
1592468129:[UPLOAD,0248]Upload data files...
1592468205:[UPLOAD,0231]"0051/5EEB1B48.S41" uploaded at 136bytes/s
1592468219:[UPLOAD,0231]"0051/5EEB21CC.MER" uploaded at 141bytes/s
1592468357:[UPLOAD,0231]"0051/5EEAF9A5.BIN" uploaded at 139bytes/s
1592468374:[MAIN  ,0013]3 file(s) uploaded
1592468406:[SURF  ,0014]disconnected after 418s
1592468411:[SURFIN,0020]filling external bladder
1592468419:[PUMP  ,0016]pump during 300000ms
1592468430:[SURFIN,0019]external bladder full
1592468430:[SURF  ,0227]1st complete transfer
1592468579:[SURF  ,0022]GPS fix...
1592468600:[SURF  ,0015]10 PPS detected...
1592468601:[MRMAID,0052]Mermaid $GPSACK:+0,+0,+0,+0,+0,+0,+0;
1592468611:[MRMAID,0052]Mermaid $GPSOFF:3686320;
1592468612:[GPSFIX,0179]-1s diff
1592468613:[SURF  ,0222]2020-06-18T08:23:33
1592468613:[SURF  ,0082]Latitude : N43deg40.939mn, Longitude :E007deg19.175mn
1592468613:[SURF  ,0223]fix3D,10satellites
1592468613:[SURF  ,0084]GPS fix GPGSA : hdop0.700,vdop0.890
1592468623:[SURF  ,0025]Iridium...
1592468661:[SURF  ,0009]connected in 38s, signal quality 3
1592468747:[SURF  ,0218]prompt received, remote cmd end
1592468747:[SURF  ,0012]19 cmd(s) received
1592468784:[SURF  ,0014]disconnected after 161s
1592468790:[SURFIN,0020]filling external bladder
1592468798:[PUMP  ,0016]pump during 300000ms
1592468808:[SURFIN,0019]external bladder full
1592468808:[SURF  ,0226]Go dive (Minimum surface delay expired and no more file to upload)
1592468824:[SURF  ,0022]GPS fix...
1592468844:[SURF  ,0015]10 PPS detected...
1592468845:[MRMAID,0052]Mermaid $GPSACK:+0,+0,+0,+0,+0,+0,+0;
1592468855:[MRMAID,0052]Mermaid $GPSOFF:3686319;
1592468856:[GPSFIX,0179]-1s diff
1592468857:[SURF  ,0222]2020-06-18T08:27:37
1592468857:[SURF  ,0082]Latitude : N43deg40.939mn, Longitude :E007deg19.175mn
1592468857:[SURF  ,0223]fix3D,9satellites
1592468857:[SURF  ,0084]GPS fix GPGSA : hdop0.710,vdop0.930
1592468874:[MAIN  ,0024]internal pressure 79628Pa
1592468875:[BYCMD ,0107]    FreeRTOS V8.2.3
1592468875:[BYCMD ,0108]    FatFS v11a
1592468875:[BYCMD ,0120]    bypass 10000ms 110000ms (20000ms 60000ms stored)
1592468875:[BYCMD ,0121]    valve 60000ms 12750 (60000ms 12750 stored)
1592468875:[BYCMD ,0122]    pump 60000ms 30% 10750 80% (60000ms 30% 10750 80% stored)
1592468875:[BYCMD ,0123]    rate 2mbar/s (2mbar/s stored)
1592468875:[BYCMD ,0124]    surface 500mbar (500mbar stored)
1592468875:[BYCMD ,0125]    near 500mbar 3mbar/s (15000mbar 3mbar/s stored)
1592468875:[BYCMD ,0126]    far 1500mbar 4mbar/s (25000mbar 4mbar/s stored)
1592468875:[BYCMD ,0127]    ascent 8mbar/s (8mbar/s stored)
1592468875:[BYCMD ,0128]    dead 60s (300s stored)
1592468875:[BYCMD ,0129]    coeff 16/10 (16/10 stored)
1592468875:[BYCMD ,0130]    stab 10 (10 stored)
1592468875:[BYCMD ,0131]    delay 900s 3600s (900s 3600s stored)
1592468875:[BYCMD ,0132]    mmtime 2880min (2880min stored)
1592468875:[BYCMD ,0133]    dv_landing 100ml (100ml stored)
1592468875:[MKDCMD,0150]    p2t37: 15x2000ms, offset 165mbar
1592468875:[P2TCMD,0151]    p2t37: dp -1mbar, dt 1000000mdegC
1592468876:[STAGE ,0080]Stage [0] 5000mbar (+/-500mbar) 1800s (<1800s) 
1592468876:[STAGE ,0080]Stage [1] 5000mbar (+/-500mbar) 7200s (<7200s) 
1592468876:[STAGE ,0091]Stage [2] surfacing 3600s (<10800s) SBE41
1592468876:[SBE41 ,0282]SBE41 parameters : 
      dsreplyformat=1 (webb(0)/standard(1))
      addtimingdelays=0 (n(0)/y(1))
      outputdensity=0 (n(0)/y(1))
      echocmd=0 (n(0)/y(1))
      outputrt=0 (n(0)/y(1))
      outputpts=0 (n(0)/y(1))
      outputsn=0 (n(0)/y(1))
      outputpressure=1 (n(0)/y(1))
      pcutoff=2dbar
      tswait=0s
      pumpfastpt=1 (n(0)/y(1))
      samplerate=1 ('fast':1Hz(1)/'slow':0.5Hz(0))
      top_bin_interval=10dbar
      top_bin_size=10dbar
      top_bin_max=100dbar
      middle_bin_interval=50dbar
      middle_bin_size=50dbar
      middle_bin_max=1000dbar
      bottom_bin_interval=100dbar
      bottom_bin_size=100dbar
      includetransitionbin=0
      includenbin=0 (n(0)/y(1))
      autobinavg=0 (n(0)/y(1))
1592468876:[SBE41 ,0283]SBE41 pilot policy : 
      continiousprofile=0 (n(0)/y(1)
      speeddetection=1 (n(0)/y(1)
      hexoutput=1 (n(0)/y(1)
      binaverageoutput=0 (n(0)/y(1)
      manualprofilerate=10s
      runningpumpbeforeprofile=10s
      speedstart=2mbar/s
      speedcontrol=7mbar/s
1592468876:[MAIN  ,0070]turn off bluetooth
1592468878:[PRESS ,0038]P     -5mbar,T+20975mdegC
1592468880:[PRESS ,0038]P    -15mbar,T+20977mdegC
1592468882:[PRESS ,0038]P    -15mbar,T+20977mdegC
1592468884:[PRESS ,0038]P     -5mbar,T+20975mdegC
1592468886:[PRESS ,0038]P     +5mbar,T+20975mdegC
1592468888:[PRESS ,0038]P     -5mbar,T+20976mdegC
1592468889:[PRESS ,0038]P     -5mbar,T+20977mdegC
1592468891:[PRESS ,0038]P     -5mbar,T+20978mdegC
1592468893:[PRESS ,0038]P    -15mbar,T+20979mdegC
1592468895:[PRESS ,0038]P    -15mbar,T+20982mdegC
1592468897:[PRESS ,0038]P    -15mbar,T+20984mdegC
1592468898:[PRESS ,0038]P    -15mbar,T+20986mdegC
1592468900:[PRESS ,0038]P    -25mbar,T+20989mdegC
1592468902:[PRESS ,0038]P    -25mbar,T+20990mdegC
1592468904:[PRESS ,0038]P    -15mbar,T+20992mdegC
1592468904:[DIVING,0141]diving from -15mbar, -1mbar/s
1592468904:[BYPASS,0035]bypass opening 110000ms
1592469025:[PRESS ,0038]P   -125mbar,T+21230mdegC
1592469027:[PRESS ,0038]P   -125mbar,T+21233mdegC
1592469029:[PRESS ,0038]P   -125mbar,T+21235mdegC
1592469031:[PRESS ,0038]P   -115mbar,T+21235mdegC
1592469033:[PRESS ,0038]P   -115mbar,T+21237mdegC
1592469034:[PRESS ,0038]P   -105mbar,T+21240mdegC
1592469036:[PRESS ,0038]P   -115mbar,T+21244mdegC
1592469038:[PRESS ,0038]P   -115mbar,T+21248mdegC
1592469040:[PRESS ,0038]P   -105mbar,T+21250mdegC
1592469042:[PRESS ,0038]P   -105mbar,T+21253mdegC
1592469043:[PRESS ,0038]P   -115mbar,T+21254mdegC
1592469045:[PRESS ,0038]P   -115mbar,T+21256mdegC
1592469047:[PRESS ,0038]P   -115mbar,T+21256mdegC
1592469049:[PRESS ,0038]P   -105mbar,T+21255mdegC
1592469051:[PRESS ,0038]P   -115mbar,T+21257mdegC
1592469051:[BYPASS,0035]bypass opening 10000ms
1592469072:[PRESS ,0038]P   -115mbar,T+21282mdegC
1592469074:[PRESS ,0038]P   -135mbar,T+21284mdegC
1592469076:[PRESS ,0038]P   -125mbar,T+21286mdegC
1592469078:[PRESS ,0038]P   -115mbar,T+21289mdegC
1592469080:[PRESS ,0038]P   -125mbar,T+21292mdegC
1592469082:[PRESS ,0038]P   -115mbar,T+21295mdegC
1592469083:[PRESS ,0038]P   -115mbar,T+21296mdegC
1592469085:[PRESS ,0038]P   -115mbar,T+21296mdegC
1592469087:[PRESS ,0038]P   -115mbar,T+21296mdegC
1592469089:[PRESS ,0038]P   -115mbar,T+21295mdegC
1592469091:[PRESS ,0038]P   -115mbar,T+21296mdegC
1592469092:[PRESS ,0038]P   -115mbar,T+21298mdegC
1592469094:[PRESS ,0038]P   -115mbar,T+21299mdegC
1592469096:[PRESS ,0038]P   -125mbar,T+21300mdegC
1592469098:[PRESS ,0038]P   -105mbar,T+21300mdegC
1592469098:[BYPASS,0035]bypass opening 10000ms
1592469120:[PRESS ,0038]P    -95mbar,T+21314mdegC
1592469121:[PRESS ,0038]P   -105mbar,T+21314mdegC
1592469123:[PRESS ,0038]P   -105mbar,T+21317mdegC
1592469125:[PRESS ,0038]P   -105mbar,T+21317mdegC
1592469127:[PRESS ,0038]P   -105mbar,T+21321mdegC
1592469129:[PRESS ,0038]P   -115mbar,T+21324mdegC
1592469130:[PRESS ,0038]P   -115mbar,T+21327mdegC
1592469132:[PRESS ,0038]P   -105mbar,T+21330mdegC
1592469134:[PRESS ,0038]P   -115mbar,T+21332mdegC
1592469136:[PRESS ,0038]P   -125mbar,T+21334mdegC
1592469138:[PRESS ,0038]P   -115mbar,T+21336mdegC
1592469139:[PRESS ,0038]P   -115mbar,T+21339mdegC
1592469141:[PRESS ,0038]P   -115mbar,T+21338mdegC
1592469143:[PRESS ,0038]P   -105mbar,T+21339mdegC
1592469145:[PRESS ,0038]P   -115mbar,T+21340mdegC
1592469145:[BYPASS,0035]bypass opening 10000ms
1592469167:[PRESS ,0038]P    -95mbar,T+21355mdegC
1592469168:[PRESS ,0038]P    -95mbar,T+21356mdegC
1592469170:[PRESS ,0038]P    -95mbar,T+21357mdegC
1592469172:[PRESS ,0038]P    -85mbar,T+21359mdegC
1592469174:[PRESS ,0038]P    -95mbar,T+21360mdegC
1592469176:[PRESS ,0038]P    -95mbar,T+21362mdegC
1592469177:[PRESS ,0038]P    -85mbar,T+21363mdegC
1592469179:[PRESS ,0038]P    -85mbar,T+21363mdegC
1592469181:[PRESS ,0038]P    -85mbar,T+21365mdegC
1592469183:[PRESS ,0038]P    -85mbar,T+21366mdegC
1592469185:[PRESS ,0038]P    -85mbar,T+21366mdegC
1592469187:[PRESS ,0038]P    -85mbar,T+21366mdegC
1592469188:[PRESS ,0038]P    -85mbar,T+21366mdegC
1592469190:[PRESS ,0038]P    -75mbar,T+21363mdegC
1592469192:[PRESS ,0038]P    -75mbar,T+21365mdegC
1592469192:[BYPASS,0035]bypass opening 10000ms
1592469214:[PRESS ,0038]P     +5mbar,T+21374mdegC
1592469216:[PRESS ,0038]P    +25mbar,T+21373mdegC
1592469217:[PRESS ,0038]P    +35mbar,T+21373mdegC
1592469219:[PRESS ,0038]P    +45mbar,T+21373mdegC
1592469221:[PRESS ,0038]P    +65mbar,T+21376mdegC
1592469223:[PRESS ,0038]P    +65mbar,T+21376mdegC
1592469225:[PRESS ,0038]P    +85mbar,T+21378mdegC
1592469226:[PRESS ,0038]P    +95mbar,T+21378mdegC
1592469228:[PRESS ,0038]P   +105mbar,T+21380mdegC
1592469230:[PRESS ,0038]P   +105mbar,T+21379mdegC
1592469232:[PRESS ,0038]P   +125mbar,T+21380mdegC
1592469234:[PRESS ,0038]P   +135mbar,T+21379mdegC
1592469235:[PRESS ,0038]P   +155mbar,T+21379mdegC
1592469237:[PRESS ,0038]P   +165mbar,T+21380mdegC
1592469239:[PRESS ,0038]P   +175mbar,T+21380mdegC
1592469242:[PRESS ,0038]P   +205mbar,T+21382mdegC
1592469245:[PRESS ,0038]P   +215mbar,T+21383mdegC
1592469247:[PRESS ,0038]P   +215mbar,T+21386mdegC
1592469250:[PRESS ,0038]P   +245mbar,T+21386mdegC
1592469253:[PRESS ,0038]P   +265mbar,T+21387mdegC
1592469256:[PRESS ,0038]P   +285mbar,T+21389mdegC
1592469259:[PRESS ,0038]P   +295mbar,T+21390mdegC
1592469261:[PRESS ,0038]P   +325mbar,T+21392mdegC
1592469264:[PRESS ,0038]P   +335mbar,T+21392mdegC
1592469267:[PRESS ,0038]P   +345mbar,T+21393mdegC
1592469270:[PRESS ,0038]P   +345mbar,T+21393mdegC
1592469273:[PRESS ,0038]P   +375mbar,T+21395mdegC
1592469275:[PRESS ,0038]P   +385mbar,T+21396mdegC
1592469278:[PRESS ,0038]P   +395mbar,T+21396mdegC
1592469281:[PRESS ,0038]P   +415mbar,T+21397mdegC
1592469284:[PRESS ,0038]P   +425mbar,T+21397mdegC
1592469287:[PRESS ,0038]P   +455mbar,T+21397mdegC
1592469290:[PRESS ,0038]P   +475mbar,T+21398mdegC
1592469292:[PRESS ,0038]P   +475mbar,T+21398mdegC
1592469295:[PRESS ,0038]P   +505mbar,T+21398mdegC
1592469297:[PRESS ,0038]P   +515mbar,T+21399mdegC
1592469297:[DIVING,0028]515mbar reached (+5mbar/s), 5 bypass done
1592469298:[MAIN  ,0056]stage[0]
1592469300:[MAIN  ,0024]internal pressure 81827Pa
1592469301:[PRESS ,0038]P   +525mbar,T+21399mdegC
1592469301:[BUOY  ,0037]P   +525mbar
1592469301:[STAGE ,0080]Stage [0] 5000mbar (+/-500mbar) 1800s (<1592471097s) 
1592469302:[PRESS ,0038]P   +545mbar,T+21400mdegC
1592469363:[PRESS ,0038]P   +915mbar,T+21399mdegC
1592469365:[PRESS ,0038]P   +925mbar,T+21399mdegC
1592469367:[PRESS ,0038]P   +925mbar,T+21400mdegC
1592469369:[PRESS ,0038]P   +945mbar,T+21400mdegC
1592469370:[PRESS ,0038]P   +945mbar,T+21399mdegC
1592469372:[PRESS ,0038]P   +965mbar,T+21399mdegC
1592469374:[PRESS ,0038]P   +975mbar,T+21399mdegC
1592469376:[PRESS ,0038]P   +985mbar,T+21399mdegC
1592469378:[PRESS ,0038]P   +995mbar,T+21399mdegC
1592469379:[PRESS ,0038]P  +1005mbar,T+21399mdegC
1592469381:[PRESS ,0038]P  +1015mbar,T+21399mdegC
1592469383:[PRESS ,0038]P  +1035mbar,T+21399mdegC
1592469385:[PRESS ,0038]P  +1045mbar,T+21399mdegC
1592469387:[PRESS ,0038]P  +1055mbar,T+21399mdegC
1592469388:[PRESS ,0038]P  +1055mbar,T+21400mdegC
1592469449:[PRESS ,0038]P  +1425mbar,T+21393mdegC
1592469451:[PRESS ,0038]P  +1435mbar,T+21392mdegC
1592469453:[PRESS ,0038]P  +1455mbar,T+21392mdegC
1592469454:[PRESS ,0038]P  +1455mbar,T+21392mdegC
1592469456:[PRESS ,0038]P  +1485mbar,T+21392mdegC
1592469458:[PRESS ,0038]P  +1495mbar,T+21392mdegC
1592469460:[PRESS ,0038]P  +1505mbar,T+21390mdegC
1592469462:[PRESS ,0038]P  +1515mbar,T+21390mdegC
1592469464:[PRESS ,0038]P  +1525mbar,T+21389mdegC
1592469465:[PRESS ,0038]P  +1545mbar,T+21389mdegC
1592469467:[PRESS ,0038]P  +1555mbar,T+21389mdegC
1592469469:[PRESS ,0038]P  +1565mbar,T+21387mdegC
1592469471:[PRESS ,0038]P  +1585mbar,T+21387mdegC
1592469473:[PRESS ,0038]P  +1595mbar,T+21386mdegC
1592469474:[PRESS ,0038]P  +1605mbar,T+21386mdegC
1592469535:[PRESS ,0038]P  +2005mbar,T+21363mdegC
1592469537:[PRESS ,0038]P  +2015mbar,T+21362mdegC
1592469539:[PRESS ,0038]P  +2035mbar,T+21360mdegC
1592469540:[PRESS ,0038]P  +2035mbar,T+21360mdegC
1592469542:[PRESS ,0038]P  +2055mbar,T+21358mdegC
1592469544:[PRESS ,0038]P  +2065mbar,T+21356mdegC
1592469546:[PRESS ,0038]P  +2085mbar,T+21355mdegC
1592469548:[PRESS ,0038]P  +2085mbar,T+21354mdegC
1592469549:[PRESS ,0038]P  +2105mbar,T+21353mdegC
1592469551:[PRESS ,0038]P  +2135mbar,T+21351mdegC
1592469553:[PRESS ,0038]P  +2135mbar,T+21350mdegC
1592469555:[PRESS ,0038]P  +2155mbar,T+21350mdegC
1592469557:[PRESS ,0038]P  +2165mbar,T+21348mdegC
1592469559:[PRESS ,0038]P  +2175mbar,T+21347mdegC
1592469560:[PRESS ,0038]P  +2195mbar,T+21346mdegC
1592469621:[PRESS ,0038]P  +2435mbar,T+21305mdegC
1592469623:[PRESS ,0038]P  +2435mbar,T+21304mdegC
1592469625:[PRESS ,0038]P  +2455mbar,T+21302mdegC
1592469626:[PRESS ,0038]P  +2455mbar,T+21301mdegC
1592469628:[PRESS ,0038]P  +2455mbar,T+21300mdegC
1592469630:[PRESS ,0038]P  +2465mbar,T+21299mdegC
1592469632:[PRESS ,0038]P  +2465mbar,T+21298mdegC
1592469634:[PRESS ,0038]P  +2475mbar,T+21296mdegC
1592469635:[PRESS ,0038]P  +2465mbar,T+21294mdegC
1592469637:[PRESS ,0038]P  +2485mbar,T+21292mdegC
1592469639:[PRESS ,0038]P  +2475mbar,T+21290mdegC
1592469641:[PRESS ,0038]P  +2485mbar,T+21290mdegC
1592469643:[PRESS ,0038]P  +2485mbar,T+21288mdegC
1592469645:[PRESS ,0038]P  +2475mbar,T+21287mdegC
1592469646:[PRESS ,0038]P  +2485mbar,T+21286mdegC
1592469646:[BUOY  ,0087]from +2mbar/s to +4mbar/s
1592469646:[BUOY  ,0090]need to transfer -20mL (valve during 5204ms)
1592469646:[VALVE ,0034]valve opening 5204ms
1592469707:[PRESS ,0038]P  +2565mbar,T+21230mdegC
1592469709:[PRESS ,0038]P  +2565mbar,T+21228mdegC
1592469711:[PRESS ,0038]P  +2555mbar,T+21227mdegC
1592469713:[PRESS ,0038]P  +2575mbar,T+21226mdegC
1592469714:[PRESS ,0038]P  +2575mbar,T+21223mdegC
1592469716:[PRESS ,0038]P  +2575mbar,T+21221mdegC
1592469718:[PRESS ,0038]P  +2575mbar,T+21218mdegC
1592469720:[PRESS ,0038]P  +2585mbar,T+21217mdegC
1592469722:[PRESS ,0038]P  +2585mbar,T+21216mdegC
1592469723:[PRESS ,0038]P  +2585mbar,T+21214mdegC
1592469725:[PRESS ,0038]P  +2585mbar,T+21213mdegC
1592469727:[PRESS ,0038]P  +2595mbar,T+21210mdegC
1592469729:[PRESS ,0038]P  +2605mbar,T+21208mdegC
1592469731:[PRESS ,0038]P  +2615mbar,T+21206mdegC
1592469732:[PRESS ,0038]P  +2605mbar,T+21203mdegC
1592469732:[BUOY  ,0087]from +2mbar/s to +4mbar/s
1592469732:[BUOY  ,0090]need to transfer -20mL (valve during 5000ms)
1592469732:[VALVE ,0034]valve opening 5000ms
1592469793:[PRESS ,0038]P  +2825mbar,T+21129mdegC
1592469795:[PRESS ,0038]P  +2835mbar,T+21126mdegC
1592469797:[PRESS ,0038]P  +2855mbar,T+21126mdegC
1592469799:[PRESS ,0038]P  +2855mbar,T+21123mdegC
1592469800:[PRESS ,0038]P  +2865mbar,T+21120mdegC
1592469802:[PRESS ,0038]P  +2895mbar,T+21117mdegC
1592469804:[PRESS ,0038]P  +2895mbar,T+21116mdegC
1592469806:[PRESS ,0038]P  +2905mbar,T+21113mdegC
1592469808:[PRESS ,0038]P  +2925mbar,T+21110mdegC
1592469809:[PRESS ,0038]P  +2915mbar,T+21108mdegC
1592469811:[PRESS ,0038]P  +2945mbar,T+21106mdegC
1592469813:[PRESS ,0038]P  +2955mbar,T+21104mdegC
1592469815:[PRESS ,0038]P  +2965mbar,T+21102mdegC
1592469817:[PRESS ,0038]P  +2975mbar,T+21099mdegC
1592469818:[PRESS ,0038]P  +2975mbar,T+21096mdegC
1592469879:[PRESS ,0038]P  +3375mbar,T+21009mdegC
1592469881:[PRESS ,0038]P  +3395mbar,T+21005mdegC
1592469883:[PRESS ,0038]P  +3415mbar,T+21002mdegC
1592469885:[PRESS ,0038]P  +3405mbar,T+21000mdegC
1592469886:[PRESS ,0038]P  +3425mbar,T+20997mdegC
1592469888:[PRESS ,0038]P  +3435mbar,T+20995mdegC
1592469890:[PRESS ,0038]P  +3465mbar,T+20992mdegC
1592469892:[PRESS ,0038]P  +3465mbar,T+20988mdegC
1592469894:[PRESS ,0038]P  +3465mbar,T+20985mdegC
1592469895:[PRESS ,0038]P  +3475mbar,T+20982mdegC
1592469897:[PRESS ,0038]P  +3495mbar,T+20979mdegC
1592469899:[PRESS ,0038]P  +3505mbar,T+20977mdegC
1592469901:[PRESS ,0038]P  +3505mbar,T+20974mdegC
1592469903:[PRESS ,0038]P  +3525mbar,T+20972mdegC
1592469904:[PRESS ,0038]P  +3535mbar,T+20968mdegC
1592469904:[BUOY  ,0087]from +6mbar/s to +3mbar/s
1592469905:[BUOY  ,0089]need to transfer +44mL (pump during 53856ms)
1592469913:[PUMP  ,0016]pump during 53856ms
1592469970:[PRESS ,0038]P  +3705mbar,T+20847mdegC
1592469972:[PRESS ,0038]P  +3705mbar,T+20843mdegC
1592469974:[PRESS ,0038]P  +3715mbar,T+20840mdegC
1592469976:[PRESS ,0038]P  +3715mbar,T+20836mdegC
1592469977:[PRESS ,0038]P  +3705mbar,T+20832mdegC
1592469979:[PRESS ,0038]P  +3705mbar,T+20828mdegC
1592469981:[PRESS ,0038]P  +3725mbar,T+20824mdegC
1592469983:[PRESS ,0038]P  +3715mbar,T+20820mdegC
1592469985:[PRESS ,0038]P  +3715mbar,T+20815mdegC
1592469986:[PRESS ,0038]P  +3715mbar,T+20812mdegC
1592469988:[PRESS ,0038]P  +3735mbar,T+20808mdegC
1592469990:[PRESS ,0038]P  +3715mbar,T+20804mdegC
1592469992:[PRESS ,0038]P  +3725mbar,T+20800mdegC
1592469994:[PRESS ,0038]P  +3715mbar,T+20795mdegC
1592469995:[PRESS ,0038]P  +3715mbar,T+20792mdegC
1592469996:[BUOY  ,0087]from +1mbar/s to +3mbar/s
1592469996:[BUOY  ,0090]need to transfer -12mL (valve during 2550ms)
1592469996:[VALVE ,0034]valve opening 2550ms
1592470056:[PRESS ,0038]P  +3865mbar,T+20612mdegC
1592470058:[PRESS ,0038]P  +3875mbar,T+20605mdegC
1592470060:[PRESS ,0038]P  +3865mbar,T+20599mdegC
1592470062:[PRESS ,0038]P  +3875mbar,T+20594mdegC
1592470063:[PRESS ,0038]P  +3885mbar,T+20588mdegC
1592470065:[PRESS ,0038]P  +3895mbar,T+20581mdegC
1592470067:[PRESS ,0038]P  +3895mbar,T+20575mdegC
1592470069:[PRESS ,0038]P  +3905mbar,T+20568mdegC
1592470071:[PRESS ,0038]P  +3905mbar,T+20562mdegC
1592470073:[PRESS ,0038]P  +3905mbar,T+20556mdegC
1592470074:[PRESS ,0038]P  +3915mbar,T+20549mdegC
1592470076:[PRESS ,0038]P  +3925mbar,T+20543mdegC
1592470078:[PRESS ,0038]P  +3915mbar,T+20537mdegC
1592470080:[PRESS ,0038]P  +3935mbar,T+20529mdegC
1592470082:[PRESS ,0038]P  +3935mbar,T+20523mdegC
1592470142:[PRESS ,0038]P  +4085mbar,T+20278mdegC
1592470144:[PRESS ,0038]P  +4085mbar,T+20269mdegC
1592470146:[PRESS ,0038]P  +4085mbar,T+20262mdegC
1592470148:[PRESS ,0038]P  +4095mbar,T+20254mdegC
1592470149:[PRESS ,0038]P  +4105mbar,T+20245mdegC
1592470151:[PRESS ,0038]P  +4115mbar,T+20237mdegC
1592470153:[PRESS ,0038]P  +4105mbar,T+20229mdegC
1592470155:[PRESS ,0038]P  +4105mbar,T+20221mdegC
1592470157:[PRESS ,0038]P  +4115mbar,T+20214mdegC
1592470158:[PRESS ,0038]P  +4125mbar,T+20205mdegC
1592470160:[PRESS ,0038]P  +4125mbar,T+20197mdegC
1592470162:[PRESS ,0038]P  +4135mbar,T+20189mdegC
1592470164:[PRESS ,0038]P  +4135mbar,T+20181mdegC
1592470166:[PRESS ,0038]P  +4135mbar,T+20174mdegC
1592470168:[PRESS ,0038]P  +4135mbar,T+20165mdegC
1592470228:[PRESS ,0038]P  +4275mbar,T+19879mdegC
1592470230:[PRESS ,0038]P  +4275mbar,T+19871mdegC
1592470232:[PRESS ,0038]P  +4275mbar,T+19862mdegC
1592470234:[PRESS ,0038]P  +4265mbar,T+19853mdegC
1592470235:[PRESS ,0038]P  +4285mbar,T+19845mdegC
1592470237:[PRESS ,0038]P  +4285mbar,T+19836mdegC
1592470239:[PRESS ,0038]P  +4295mbar,T+19826mdegC
1592470241:[PRESS ,0038]P  +4295mbar,T+19818mdegC
1592470243:[PRESS ,0038]P  +4295mbar,T+19810mdegC
1592470244:[PRESS ,0038]P  +4305mbar,T+19800mdegC
1592470246:[PRESS ,0038]P  +4305mbar,T+19791mdegC
1592470248:[PRESS ,0038]P  +4325mbar,T+19783mdegC
1592470250:[PRESS ,0038]P  +4305mbar,T+19774mdegC
1592470252:[PRESS ,0038]P  +4315mbar,T+19765mdegC
1592470253:[PRESS ,0038]P  +4335mbar,T+19756mdegC
1592470314:[PRESS ,0038]P  +4495mbar,T+19459mdegC
1592470316:[PRESS ,0038]P  +4495mbar,T+19450mdegC
1592470318:[PRESS ,0038]P  +4505mbar,T+19442mdegC
1592470320:[PRESS ,0038]P  +4515mbar,T+19432mdegC
1592470321:[PRESS ,0038]P  +4525mbar,T+19423mdegC
1592470323:[PRESS ,0038]P  +4525mbar,T+19415mdegC
1592470325:[PRESS ,0038]P  +4525mbar,T+19407mdegC
1592470327:[PRESS ,0038]P  +4535mbar,T+19398mdegC
1592470329:[PRESS ,0038]P  +4545mbar,T+19389mdegC
1592470330:[PRESS ,0038]P  +4555mbar,T+19380mdegC
1592470332:[PRESS ,0038]P  +4545mbar,T+19372mdegC
1592470334:[PRESS ,0038]P  +4565mbar,T+19362mdegC
1592470336:[PRESS ,0038]P  +4565mbar,T+19355mdegC
1592470338:[PRESS ,0038]P  +4575mbar,T+19344mdegC
1592470339:[PRESS ,0038]P  +4575mbar,T+19337mdegC
1592470339:[STAGE ,0213]4575mbar reached at 1592470339s, ref 5000mbar +/-500mbar
1592470340:[BUOY  ,0087]from +3mbar/s to +0mbar/s
1592470340:[BUOY  ,0089]need to transfer +14mL (pump during 17147ms)
1592470348:[PUMP  ,0016]pump during 17147ms
1592470403:[PRESS ,0038]P  +4745mbar,T+19057mdegC
1592470405:[PRESS ,0038]P  +4745mbar,T+19048mdegC
1592470407:[PRESS ,0038]P  +4745mbar,T+19041mdegC
1592470409:[PRESS ,0038]P  +4755mbar,T+19032mdegC
1592470411:[PRESS ,0038]P  +4755mbar,T+19024mdegC
1592470412:[PRESS ,0038]P  +4765mbar,T+19016mdegC
1592470414:[PRESS ,0038]P  +4755mbar,T+19008mdegC
1592470416:[PRESS ,0038]P  +4765mbar,T+19000mdegC
1592470418:[PRESS ,0038]P  +4775mbar,T+18992mdegC
1592470420:[PRESS ,0038]P  +4775mbar,T+18984mdegC
1592470421:[PRESS ,0038]P  +4785mbar,T+18976mdegC
1592470423:[PRESS ,0038]P  +4795mbar,T+18967mdegC
1592470425:[PRESS ,0038]P  +4785mbar,T+18960mdegC
1592470427:[PRESS ,0038]P  +4795mbar,T+18951mdegC
1592470429:[PRESS ,0038]P  +4805mbar,T+18943mdegC
1592470489:[PRESS ,0038]P  +4925mbar,T+18665mdegC
1592470550:[PRESS ,0038]P  +5075mbar,T+18398mdegC
1592470550:[BUOY  ,0087]from +2mbar/s to +0mbar/s
1592470550:[BUOY  ,0089]need to transfer +6mL (pump during 7349ms)
1592470558:[PUMP  ,0016]pump during 7349ms
1592470614:[PRESS ,0038]P  +5195mbar,T+18157mdegC
1592470616:[PRESS ,0038]P  +5205mbar,T+18149mdegC
1592470618:[PRESS ,0038]P  +5195mbar,T+18143mdegC
1592470619:[PRESS ,0038]P  +5205mbar,T+18135mdegC
1592470621:[PRESS ,0038]P  +5205mbar,T+18127mdegC
1592470623:[PRESS ,0038]P  +5195mbar,T+18122mdegC
1592470625:[PRESS ,0038]P  +5205mbar,T+18115mdegC
1592470627:[PRESS ,0038]P  +5225mbar,T+18108mdegC
1592470628:[PRESS ,0038]P  +5215mbar,T+18102mdegC
1592470630:[PRESS ,0038]P  +5235mbar,T+18095mdegC
1592470632:[PRESS ,0038]P  +5225mbar,T+18088mdegC
1592470634:[PRESS ,0038]P  +5225mbar,T+18081mdegC
1592470636:[PRESS ,0038]P  +5235mbar,T+18075mdegC
1592470637:[PRESS ,0038]P  +5225mbar,T+18069mdegC
1592470639:[PRESS ,0038]P  +5245mbar,T+18061mdegC
1592470639:[BUOY  ,0087]from +2mbar/s to +0mbar/s
1592470639:[BUOY  ,0089]need to transfer +6mL (pump during 7349ms)
1592470647:[PUMP  ,0016]pump during 7349ms
1592470703:[PRESS ,0038]P  +5325mbar,T+17848mdegC
1592470705:[PRESS ,0038]P  +5335mbar,T+17842mdegC
1592470707:[PRESS ,0038]P  +5335mbar,T+17836mdegC
1592470708:[PRESS ,0038]P  +5335mbar,T+17830mdegC
1592470710:[PRESS ,0038]P  +5335mbar,T+17824mdegC
1592470712:[PRESS ,0038]P  +5325mbar,T+17818mdegC
1592470714:[PRESS ,0038]P  +5335mbar,T+17812mdegC
1592470716:[PRESS ,0038]P  +5335mbar,T+17806mdegC
1592470718:[PRESS ,0038]P  +5345mbar,T+17800mdegC
1592470719:[PRESS ,0038]P  +5345mbar,T+17793mdegC
1592470721:[PRESS ,0038]P  +5345mbar,T+17788mdegC
1592470723:[PRESS ,0038]P  +5345mbar,T+17781mdegC
1592470725:[PRESS ,0038]P  +5355mbar,T+17776mdegC
1592470727:[PRESS ,0038]P  +5355mbar,T+17769mdegC
1592470728:[PRESS ,0038]P  +5345mbar,T+17763mdegC
1592470728:[BUOY  ,0087]from +1mbar/s to +0mbar/s
1592470728:[BUOY  ,0089]need to transfer +2mL (pump during 2439ms)
1592470737:[PUMP  ,0016]pump during 2439ms
1592470792:[PRESS ,0038]P  +5375mbar,T+17567mdegC
1592470794:[PRESS ,0038]P  +5385mbar,T+17562mdegC
1592470796:[PRESS ,0038]P  +5375mbar,T+17556mdegC
1592470798:[PRESS ,0038]P  +5375mbar,T+17551mdegC
1592470799:[PRESS ,0038]P  +5375mbar,T+17545mdegC
1592470801:[PRESS ,0038]P  +5375mbar,T+17539mdegC
1592470803:[PRESS ,0038]P  +5375mbar,T+17535mdegC
1592470805:[PRESS ,0038]P  +5385mbar,T+17529mdegC
1592470807:[PRESS ,0038]P  +5375mbar,T+17523mdegC
1592470808:[PRESS ,0038]P  +5375mbar,T+17518mdegC
1592470810:[PRESS ,0038]P  +5385mbar,T+17513mdegC
1592470812:[PRESS ,0038]P  +5385mbar,T+17507mdegC
1592470814:[PRESS ,0038]P  +5375mbar,T+17502mdegC
1592470816:[PRESS ,0038]P  +5375mbar,T+17497mdegC
1592470818:[PRESS ,0038]P  +5375mbar,T+17491mdegC
1592470878:[PRESS ,0038]P  +5405mbar,T+17314mdegC
1592470939:[PRESS ,0038]P  +5455mbar,T+17151mdegC
1592470939:[BUOY  ,0087]from +1mbar/s to +0mbar/s
1592470939:[BUOY  ,0089]need to transfer +2mL (pump during 2439ms)
1592470947:[PUMP  ,0016]pump during 2439ms
1592471003:[PRESS ,0038]P  +5465mbar,T+17014mdegC
1592471005:[PRESS ,0038]P  +5455mbar,T+17011mdegC
1592471006:[PRESS ,0038]P  +5475mbar,T+17006mdegC
1592471008:[PRESS ,0038]P  +5475mbar,T+17003mdegC
1592471010:[PRESS ,0038]P  +5475mbar,T+16999mdegC
1592471012:[PRESS ,0038]P  +5475mbar,T+16995mdegC
1592471014:[PRESS ,0038]P  +5475mbar,T+16992mdegC
1592471015:[PRESS ,0038]P  +5475mbar,T+16989mdegC
1592471017:[PRESS ,0038]P  +5475mbar,T+16985mdegC
1592471019:[PRESS ,0038]P  +5465mbar,T+16982mdegC
1592471021:[PRESS ,0038]P  +5465mbar,T+16977mdegC
1592471023:[PRESS ,0038]P  +5475mbar,T+16973mdegC
1592471024:[PRESS ,0038]P  +5475mbar,T+16970mdegC
1592471026:[PRESS ,0038]P  +5485mbar,T+16967mdegC
1592471028:[PRESS ,0038]P  +5475mbar,T+16962mdegC
1592471089:[PRESS ,0038]P  +5495mbar,T+16842mdegC
1592471149:[PRESS ,0038]P  +5515mbar,T+16731mdegC
1592471149:[MAIN  ,0140]stage[0] complete 1852s after mission start
1592471150:[MAIN  ,0056]stage[1]
1592471152:[MAIN  ,0024]internal pressure 81169Pa
1592471153:[PRESS ,0038]P  +5515mbar,T+16726mdegC
1592471153:[BUOY  ,0037]P  +5515mbar
1592471153:[STAGE ,0080]Stage [1] 5000mbar (+/-500mbar) 7200s (<1592476497s) 
1592471154:[PRESS ,0038]P  +5515mbar,T+16722mdegC
1592471154:<WARN>[BUOY  ,0094]stage[1] should ASCENT, stuck at 5515mbar for the #1 time
1592471154:[BUOY  ,0087]from +0mbar/s to -3mbar/s
1592471155:[BUOY  ,0089]need to transfer +14mL (pump during 17072ms)
1592471163:[PUMP  ,0016]pump during 17072ms
1592471218:[PRESS ,0038]P  +5465mbar,T+16651mdegC
1592471220:[PRESS ,0038]P  +5465mbar,T+16649mdegC
1592471222:[PRESS ,0038]P  +5465mbar,T+16646mdegC
1592471224:[PRESS ,0038]P  +5455mbar,T+16645mdegC
1592471226:[PRESS ,0038]P  +5455mbar,T+16643mdegC
1592471227:[PRESS ,0038]P  +5455mbar,T+16641mdegC
1592471229:[PRESS ,0038]P  +5445mbar,T+16639mdegC
1592471231:[PRESS ,0038]P  +5435mbar,T+16637mdegC
1592471233:[PRESS ,0038]P  +5445mbar,T+16633mdegC
1592471235:[PRESS ,0038]P  +5435mbar,T+16632mdegC
1592471236:[PRESS ,0038]P  +5425mbar,T+16629mdegC
1592471238:[PRESS ,0038]P  +5435mbar,T+16628mdegC
1592471240:[PRESS ,0038]P  +5425mbar,T+16625mdegC
1592471242:[PRESS ,0038]P  +5425mbar,T+16622mdegC
1592471244:[PRESS ,0038]P  +5415mbar,T+16620mdegC
1592471244:[STAGE ,0213]5415mbar reached at 1592471244s, ref 5000mbar +/-500mbar
1592471304:[PRESS ,0038]P  +5305mbar,T+16535mdegC
1592471365:[PRESS ,0038]P  +5245mbar,T+16447mdegC
1592471426:[PRESS ,0038]P  +5165mbar,T+16363mdegC
1592471486:[PRESS ,0038]P  +5105mbar,T+16285mdegC
1592471547:[PRESS ,0038]P  +5035mbar,T+16213mdegC
1592471608:[PRESS ,0038]P  +4965mbar,T+16147mdegC
1592471608:[BUOY  ,0087]from -1mbar/s to +0mbar/s
1592471608:[BUOY  ,0090]need to transfer -2mL (valve during 364ms)
1592471608:[VALVE ,0034]valve opening 364ms
1592471669:[PRESS ,0038]P  +4925mbar,T+16090mdegC
1592471670:[PRESS ,0038]P  +4915mbar,T+16089mdegC
1592471672:[PRESS ,0038]P  +4935mbar,T+16087mdegC
1592471674:[PRESS ,0038]P  +4925mbar,T+16085mdegC
1592471676:[PRESS ,0038]P  +4925mbar,T+16084mdegC
1592471678:[PRESS ,0038]P  +4925mbar,T+16082mdegC
1592471679:[PRESS ,0038]P  +4925mbar,T+16081mdegC
1592471681:[PRESS ,0038]P  +4915mbar,T+16079mdegC
1592471683:[PRESS ,0038]P  +4925mbar,T+16078mdegC
1592471685:[PRESS ,0038]P  +4925mbar,T+16076mdegC
1592471687:[PRESS ,0038]P  +4925mbar,T+16074mdegC
1592471688:[PRESS ,0038]P  +4925mbar,T+16073mdegC
1592471690:[PRESS ,0038]P  +4925mbar,T+16072mdegC
1592471692:[PRESS ,0038]P  +4925mbar,T+16070mdegC
1592471694:[PRESS ,0038]P  +4925mbar,T+16068mdegC
1592471755:[PRESS ,0038]P  +4895mbar,T+16017mdegC
1592471815:[PRESS ,0038]P  +4895mbar,T+15971mdegC
1592471876:[PRESS ,0038]P  +4855mbar,T+15927mdegC
1592471937:[PRESS ,0038]P  +4835mbar,T+15887mdegC
1592471997:[PRESS ,0038]P  +4835mbar,T+15848mdegC
1592472058:[PRESS ,0038]P  +4815mbar,T+15814mdegC
1592472119:[PRESS ,0038]P  +4815mbar,T+15781mdegC
1592472179:[PRESS ,0038]P  +4795mbar,T+15752mdegC
1592472240:[PRESS ,0038]P  +4815mbar,T+15724mdegC
1592472301:[PRESS ,0038]P  +4825mbar,T+15699mdegC
1592472361:[PRESS ,0038]P  +4895mbar,T+15677mdegC
1592472422:[PRESS ,0038]P  +4925mbar,T+15655mdegC
1592472483:[PRESS ,0038]P  +4985mbar,T+15635mdegC
1592472543:[PRESS ,0038]P  +5045mbar,T+15616mdegC
1592472604:[PRESS ,0038]P  +5115mbar,T+15595mdegC
1592472665:[PRESS ,0038]P  +5165mbar,T+15575mdegC
1592472725:[PRESS ,0038]P  +5215mbar,T+15555mdegC
1592472786:[PRESS ,0038]P  +5245mbar,T+15536mdegC
1592472786:[BUOY  ,0087]from +1mbar/s to +0mbar/s
1592472786:[BUOY  ,0089]need to transfer +2mL (pump during 2420ms)
1592472794:[PUMP  ,0016]pump during 2420ms
1592472850:[PRESS ,0038]P  +5255mbar,T+15520mdegC
1592472852:[PRESS ,0038]P  +5265mbar,T+15520mdegC
1592472854:[PRESS ,0038]P  +5265mbar,T+15520mdegC
1592472855:[PRESS ,0038]P  +5255mbar,T+15518mdegC
1592472857:[PRESS ,0038]P  +5265mbar,T+15518mdegC
1592472859:[PRESS ,0038]P  +5255mbar,T+15518mdegC
1592472861:[PRESS ,0038]P  +5255mbar,T+15518mdegC
1592472863:[PRESS ,0038]P  +5275mbar,T+15517mdegC
1592472864:[PRESS ,0038]P  +5265mbar,T+15517mdegC
1592472866:[PRESS ,0038]P  +5265mbar,T+15516mdegC
1592472868:[PRESS ,0038]P  +5265mbar,T+15515mdegC
1592472870:[PRESS ,0038]P  +5255mbar,T+15515mdegC
1592472872:[PRESS ,0038]P  +5265mbar,T+15515mdegC
1592472874:[PRESS ,0038]P  +5265mbar,T+15515mdegC
1592472875:[PRESS ,0038]P  +5265mbar,T+15514mdegC
1592472936:[PRESS ,0038]P  +5295mbar,T+15495mdegC
1592472997:[PRESS ,0038]P  +5305mbar,T+15474mdegC
1592473057:[PRESS ,0038]P  +5265mbar,T+15455mdegC
1592473118:[PRESS ,0038]P  +5225mbar,T+15436mdegC
1592473179:[PRESS ,0038]P  +5185mbar,T+15419mdegC
1592473239:[PRESS ,0038]P  +5135mbar,T+15403mdegC
1592473300:[PRESS ,0038]P  +5115mbar,T+15389mdegC
1592473361:[PRESS ,0038]P  +5085mbar,T+15376mdegC
1592473421:[PRESS ,0038]P  +5085mbar,T+15363mdegC
1592473482:[PRESS ,0038]P  +5125mbar,T+15350mdegC
1592473543:[PRESS ,0038]P  +5165mbar,T+15339mdegC
1592473604:[PRESS ,0038]P  +5195mbar,T+15328mdegC
1592473664:[PRESS ,0038]P  +5215mbar,T+15319mdegC
1592473725:[PRESS ,0038]P  +5245mbar,T+15309mdegC
1592473786:[PRESS ,0038]P  +5275mbar,T+15300mdegC
1592473846:[PRESS ,0038]P  +5315mbar,T+15290mdegC
1592473907:[PRESS ,0038]P  +5315mbar,T+15282mdegC
1592473968:[PRESS ,0038]P  +5315mbar,T+15272mdegC
1592474028:[PRESS ,0038]P  +5315mbar,T+15262mdegC
1592474089:[PRESS ,0038]P  +5325mbar,T+15253mdegC
1592474150:[PRESS ,0038]P  +5315mbar,T+15243mdegC
1592474210:[PRESS ,0038]P  +5325mbar,T+15232mdegC
1592474271:[PRESS ,0038]P  +5325mbar,T+15221mdegC
1592474332:[PRESS ,0038]P  +5335mbar,T+15211mdegC
1592474392:[PRESS ,0038]P  +5355mbar,T+15201mdegC
1592474453:[PRESS ,0038]P  +5355mbar,T+15191mdegC
1592474514:[PRESS ,0038]P  +5365mbar,T+15181mdegC
1592474574:[PRESS ,0038]P  +5355mbar,T+15171mdegC
1592474635:[PRESS ,0038]P  +5375mbar,T+15162mdegC
1592474696:[PRESS ,0038]P  +5375mbar,T+15153mdegC
1592474757:[PRESS ,0038]P  +5365mbar,T+15143mdegC
1592474817:[PRESS ,0038]P  +5375mbar,T+15134mdegC
1592474878:[PRESS ,0038]P  +5355mbar,T+15127mdegC
1592474939:[PRESS ,0038]P  +5375mbar,T+15119mdegC
1592474999:[PRESS ,0038]P  +5375mbar,T+15112mdegC
1592475060:[PRESS ,0038]P  +5405mbar,T+15105mdegC
1592475121:[PRESS ,0038]P  +5415mbar,T+15098mdegC
1592475181:[PRESS ,0038]P  +5425mbar,T+15090mdegC
1592475242:[PRESS ,0038]P  +5415mbar,T+15084mdegC
1592475303:[PRESS ,0038]P  +5395mbar,T+15075mdegC
1592475363:[PRESS ,0038]P  +5365mbar,T+15067mdegC
1592475424:[PRESS ,0038]P  +5335mbar,T+15058mdegC
1592475485:[PRESS ,0038]P  +5295mbar,T+15049mdegC
1592475545:[PRESS ,0038]P  +5225mbar,T+15040mdegC
1592475606:[PRESS ,0038]P  +5215mbar,T+15030mdegC
1592475667:[PRESS ,0038]P  +5195mbar,T+15021mdegC
1592475727:[PRESS ,0038]P  +5185mbar,T+15015mdegC
1592475788:[PRESS ,0038]P  +5185mbar,T+15007mdegC
1592475849:[PRESS ,0038]P  +5235mbar,T+15001mdegC
1592475910:[PRESS ,0038]P  +5245mbar,T+14995mdegC
1592475970:[PRESS ,0038]P  +5255mbar,T+14991mdegC
1592476031:[PRESS ,0038]P  +5265mbar,T+14986mdegC
1592476092:[PRESS ,0038]P  +5265mbar,T+14981mdegC
1592476152:[PRESS ,0038]P  +5245mbar,T+14977mdegC
1592476213:[PRESS ,0038]P  +5215mbar,T+14972mdegC
1592476274:[PRESS ,0038]P  +5235mbar,T+14967mdegC
1592476334:[PRESS ,0038]P  +5255mbar,T+14963mdegC
1592476395:[PRESS ,0038]P  +5265mbar,T+14957mdegC
1592476456:[PRESS ,0038]P  +5255mbar,T+14953mdegC
1592476516:[PRESS ,0038]P  +5215mbar,T+14950mdegC
1592476516:[MAIN  ,0140]stage[1] complete 7219s after mission start
1592476516:[MAIN  ,0056]stage[2]
1592476519:[MAIN  ,0024]internal pressure 80614Pa
1592476524:[SBE41 ,0282]SBE41 parameters : 
      dsreplyformat=1 (webb(0)/standard(1))
      addtimingdelays=0 (n(0)/y(1))
      outputdensity=0 (n(0)/y(1))
      echocmd=0 (n(0)/y(1))
      outputrt=0 (n(0)/y(1))
      outputpts=0 (n(0)/y(1))
      outputsn=0 (n(0)/y(1))
      outputpressure=1 (n(0)/y(1))
      pcutoff=2dbar
      tswait=0s
      pumpfastpt=1 (n(0)/y(1))
      samplerate=1 ('fast':1Hz(1)/'slow':0.5Hz(0))
      top_bin_interval=10dbar
      top_bin_size=10dbar
      top_bin_max=100dbar
      middle_bin_interval=50dbar
      middle_bin_size=50dbar
      middle_bin_max=1000dbar
      bottom_bin_interval=100dbar
      bottom_bin_size=100dbar
      includetransitionbin=0
      includenbin=0 (n(0)/y(1))
      autobinavg=0 (n(0)/y(1))
1592476525:[PRESS ,0038]P  +5205mbar,T+14950mdegC
1592476525:[BUOY  ,0037]P  +5205mbar
1592476526:[STAGE ,0091]Stage [2] surfacing 3600s (<1592480097s) SBE41
1592476527:[PRESS ,0038]P  +5205mbar,T+14949mdegC
1592476527:<WARN>[BUOY  ,0094]stage[2] should ASCENT, stuck at 5205mbar for the #1 time
1592476527:[BUOY  ,0087]from +0mbar/s to -7mbar/s
1592476527:[BUOY  ,0089]need to transfer +78mL (pump during 94089ms)
1592476536:[PUMP  ,0016]pump during 60000ms
1592476599:[PRESS ,0038]P  +5085mbar,T+14976mdegC
1592476601:[PRESS ,0038]P  +5085mbar,T+14978mdegC
1592476603:[PRESS ,0038]P  +5075mbar,T+14980mdegC
1592476605:[PRESS ,0038]P  +5065mbar,T+14981mdegC
1592476606:[PRESS ,0038]P  +5055mbar,T+14982mdegC
1592476608:[PRESS ,0038]P  +5045mbar,T+14985mdegC
1592476610:[PRESS ,0038]P  +5035mbar,T+14986mdegC
1592476612:[PRESS ,0038]P  +5035mbar,T+14987mdegC
1592476614:[PRESS ,0038]P  +5005mbar,T+14989mdegC
1592476615:[PRESS ,0038]P  +5005mbar,T+14991mdegC
1592476617:[PRESS ,0038]P  +4995mbar,T+14992mdegC
1592476619:[PRESS ,0038]P  +4995mbar,T+14993mdegC
1592476621:[PRESS ,0038]P  +4985mbar,T+14995mdegC
1592476623:[PRESS ,0038]P  +4985mbar,T+14996mdegC
1592476625:[PRESS ,0038]P  +4975mbar,T+14996mdegC
1592476625:[BUOY  ,0087]from -5mbar/s to -7mbar/s
1592476625:[BUOY  ,0089]need to transfer +38mL (pump during 45838ms)
1592476625:[SBE41 ,0337]Speed start detected
1592476633:[PUMP  ,0016]pump during 45838ms
1592476688:[PRESS ,0038]P  +4685mbar,T+15043mdegC
1592476690:[PRESS ,0038]P  +4665mbar,T+15044mdegC
1592476692:[PRESS ,0038]P  +4665mbar,T+15048mdegC
1592476694:[PRESS ,0038]P  +4655mbar,T+15048mdegC
1592476696:[PRESS ,0038]P  +4635mbar,T+15050mdegC
1592476697:[PRESS ,0038]P  +4635mbar,T+15051mdegC
1592476699:[PRESS ,0038]P  +4625mbar,T+15053mdegC
1592476701:[PRESS ,0038]P  +4615mbar,T+15055mdegC
1592476703:[PRESS ,0038]P  +4615mbar,T+15056mdegC
1592476705:[PRESS ,0038]P  +4595mbar,T+15057mdegC
1592476706:[PRESS ,0038]P  +4585mbar,T+15059mdegC
1592476708:[PRESS ,0038]P  +4565mbar,T+15060mdegC
1592476710:[PRESS ,0038]P  +4555mbar,T+15061mdegC
1592476712:[PRESS ,0038]P  +4555mbar,T+15064mdegC
1592476714:[PRESS ,0038]P  +4555mbar,T+15063mdegC
1592476714:[BUOY  ,0087]from -5mbar/s to -7mbar/s
1592476714:[BUOY  ,0089]need to transfer +38mL (pump during 45838ms)
1592476722:[PUMP  ,0016]pump during 45838ms
1592476778:[PRESS ,0038]P  +4165mbar,T+15111mdegC
1592476779:[PRESS ,0038]P  +4165mbar,T+15113mdegC
1592476781:[PRESS ,0038]P  +4145mbar,T+15115mdegC
1592476783:[PRESS ,0038]P  +4145mbar,T+15117mdegC
1592476785:[PRESS ,0038]P  +4125mbar,T+15118mdegC
1592476787:[PRESS ,0038]P  +4115mbar,T+15120mdegC
1592476788:[PRESS ,0038]P  +4105mbar,T+15121mdegC
1592476790:[PRESS ,0038]P  +4095mbar,T+15123mdegC
1592476792:[PRESS ,0038]P  +4075mbar,T+15124mdegC
1592476794:[PRESS ,0038]P  +4065mbar,T+15126mdegC
1592476796:[PRESS ,0038]P  +4055mbar,T+15128mdegC
1592476797:[PRESS ,0038]P  +4045mbar,T+15128mdegC
1592476799:[PRESS ,0038]P  +4035mbar,T+15130mdegC
1592476801:[PRESS ,0038]P  +4025mbar,T+15131mdegC
1592476803:[PRESS ,0038]P  +4025mbar,T+15132mdegC
1592476864:[PRESS ,0038]P  +3665mbar,T+15149mdegC
1592476865:[PRESS ,0038]P  +3665mbar,T+15149mdegC
1592476867:[PRESS ,0038]P  +3665mbar,T+15149mdegC
1592476869:[PRESS ,0038]P  +3655mbar,T+15150mdegC
1592476871:[PRESS ,0038]P  +3645mbar,T+15150mdegC
1592476873:[PRESS ,0038]P  +3655mbar,T+15150mdegC
1592476874:[PRESS ,0038]P  +3655mbar,T+15151mdegC
1592476876:[PRESS ,0038]P  +3645mbar,T+15150mdegC
1592476878:[PRESS ,0038]P  +3645mbar,T+15151mdegC
1592476880:[PRESS ,0038]P  +3635mbar,T+15151mdegC
1592476882:[PRESS ,0038]P  +3645mbar,T+15151mdegC
1592476883:[PRESS ,0038]P  +3645mbar,T+15151mdegC
1592476885:[PRESS ,0038]P  +3635mbar,T+15151mdegC
1592476887:[PRESS ,0038]P  +3645mbar,T+15151mdegC
1592476889:[PRESS ,0038]P  +3645mbar,T+15152mdegC
1592476889:[BUOY  ,0087]from -1mbar/s to -7mbar/s
1592476889:[BUOY  ,0089]need to transfer +76mL (pump during 91677ms)
1592476897:[PUMP  ,0016]pump during 60000ms
1592476961:[PRESS ,0038]P  +3555mbar,T+15210mdegC
1592476962:[PRESS ,0038]P  +3555mbar,T+15214mdegC
1592476964:[PRESS ,0038]P  +3555mbar,T+15216mdegC
1592476966:[PRESS ,0038]P  +3555mbar,T+15220mdegC
1592476968:[PRESS ,0038]P  +3535mbar,T+15222mdegC
1592476970:[PRESS ,0038]P  +3535mbar,T+15227mdegC
1592476972:[PRESS ,0038]P  +3535mbar,T+15229mdegC
1592476973:[PRESS ,0038]P  +3525mbar,T+15233mdegC
1592476975:[PRESS ,0038]P  +3535mbar,T+15236mdegC
1592476977:[PRESS ,0038]P  +3505mbar,T+15239mdegC
1592476979:[PRESS ,0038]P  +3495mbar,T+15243mdegC
1592476981:[PRESS ,0038]P  +3505mbar,T+15245mdegC
1592476982:[PRESS ,0038]P  +3485mbar,T+15248mdegC
1592476984:[PRESS ,0038]P  +3475mbar,T+15252mdegC
1592476986:[PRESS ,0038]P  +3465mbar,T+15256mdegC
1592476986:[BUOY  ,0087]from -4mbar/s to -7mbar/s
1592476986:[BUOY  ,0089]need to transfer +52mL (pump during 62726ms)
1592476994:[PUMP  ,0016]pump during 60000ms
1592477058:[PRESS ,0038]P  +3075mbar,T+15431mdegC
1592477060:[PRESS ,0038]P  +3065mbar,T+15437mdegC
1592477061:[PRESS ,0038]P  +3065mbar,T+15443mdegC
1592477063:[PRESS ,0038]P  +3035mbar,T+15450mdegC
1592477065:[PRESS ,0038]P  +3025mbar,T+15455mdegC
1592477067:[PRESS ,0038]P  +3015mbar,T+15461mdegC
1592477069:[PRESS ,0038]P  +2985mbar,T+15466mdegC
1592477070:[PRESS ,0038]P  +2985mbar,T+15472mdegC
1592477072:[PRESS ,0038]P  +2965mbar,T+15479mdegC
1592477074:[PRESS ,0038]P  +2955mbar,T+15484mdegC
1592477076:[PRESS ,0038]P  +2935mbar,T+15489mdegC
1592477078:[PRESS ,0038]P  +2925mbar,T+15496mdegC
1592477080:[PRESS ,0038]P  +2915mbar,T+15502mdegC
1592477081:[PRESS ,0038]P  +2895mbar,T+15508mdegC
1592477083:[PRESS ,0038]P  +2885mbar,T+15514mdegC
1592477083:[BUOY  ,0087]from -8mbar/s to -7mbar/s
1592477083:[BUOY  ,0090]need to transfer -24mL (valve during 5774ms)
1592477083:[VALVE ,0034]valve opening 5774ms
1592477144:[PRESS ,0038]P  +2595mbar,T+15744mdegC
1592477146:[PRESS ,0038]P  +2575mbar,T+15751mdegC
1592477148:[PRESS ,0038]P  +2575mbar,T+15757mdegC
1592477149:[PRESS ,0038]P  +2575mbar,T+15765mdegC
1592477151:[PRESS ,0038]P  +2575mbar,T+15771mdegC
1592477153:[PRESS ,0038]P  +2565mbar,T+15778mdegC
1592477155:[PRESS ,0038]P  +2565mbar,T+15784mdegC
1592477157:[PRESS ,0038]P  +2565mbar,T+15791mdegC
1592477158:[PRESS ,0038]P  +2555mbar,T+15798mdegC
1592477160:[PRESS ,0038]P  +2555mbar,T+15804mdegC
1592477162:[PRESS ,0038]P  +2545mbar,T+15811mdegC
1592477164:[PRESS ,0038]P  +2555mbar,T+15817mdegC
1592477166:[PRESS ,0038]P  +2545mbar,T+15825mdegC
1592477167:[PRESS ,0038]P  +2525mbar,T+15831mdegC
1592477169:[PRESS ,0038]P  +2535mbar,T+15838mdegC
1592477169:[BUOY  ,0087]from -2mbar/s to -7mbar/s
1592477169:[BUOY  ,0089]need to transfer +72mL (pump during 86852ms)
1592477177:[PUMP  ,0016]pump during 60000ms
1592477241:[PRESS ,0038]P  +2255mbar,T+16140mdegC
1592477243:[PRESS ,0038]P  +2245mbar,T+16147mdegC
1592477245:[PRESS ,0038]P  +2235mbar,T+16156mdegC
1592477246:[PRESS ,0038]P  +2225mbar,T+16165mdegC
1592477248:[PRESS ,0038]P  +2215mbar,T+16173mdegC
1592477250:[PRESS ,0038]P  +2205mbar,T+16182mdegC
1592477252:[PRESS ,0038]P  +2195mbar,T+16190mdegC
1592477254:[PRESS ,0038]P  +2195mbar,T+16198mdegC
1592477256:[PRESS ,0038]P  +2175mbar,T+16208mdegC
1592477257:[PRESS ,0038]P  +2155mbar,T+16216mdegC
1592477259:[PRESS ,0038]P  +2155mbar,T+16225mdegC
1592477261:[PRESS ,0038]P  +2155mbar,T+16232mdegC
1592477263:[PRESS ,0038]P  +2135mbar,T+16241mdegC
1592477265:[PRESS ,0038]P  +2135mbar,T+16250mdegC
1592477266:[PRESS ,0038]P  +2115mbar,T+16258mdegC
1592477266:[BUOY  ,0087]from -5mbar/s to -7mbar/s
1592477266:[BUOY  ,0089]need to transfer +38mL (pump during 47382ms)
1592477275:[PUMP  ,0016]pump during 47382ms
1592477330:[PRESS ,0038]P  +1725mbar,T+16576mdegC
1592477332:[PRESS ,0038]P  +1705mbar,T+16586mdegC
1592477334:[PRESS ,0038]P  +1695mbar,T+16596mdegC
1592477336:[PRESS ,0038]P  +1685mbar,T+16606mdegC
1592477337:[PRESS ,0038]P  +1675mbar,T+16615mdegC
1592477339:[PRESS ,0038]P  +1655mbar,T+16624mdegC
1592477341:[PRESS ,0038]P  +1645mbar,T+16634mdegC
1592477343:[PRESS ,0038]P  +1625mbar,T+16645mdegC
1592477345:[PRESS ,0038]P  +1615mbar,T+16653mdegC
1592477346:[PRESS ,0038]P  +1595mbar,T+16662mdegC
1592477348:[PRESS ,0038]P  +1585mbar,T+16671mdegC
1592477350:[PRESS ,0038]P  +1565mbar,T+16682mdegC
1592477352:[PRESS ,0038]P  +1555mbar,T+16691mdegC
1592477354:[PRESS ,0038]P  +1545mbar,T+16701mdegC
1592477356:[PRESS ,0038]P  +1515mbar,T+16711mdegC
1592477356:[BUOY  ,0087]from -8mbar/s to -7mbar/s
1592477356:[BUOY  ,0090]need to transfer -24mL (valve during 8053ms)
1592477356:[VALVE ,0034]valve opening 8053ms
1592477416:[PRESS ,0038]P  +1005mbar,T+17091mdegC
1592477418:[PRESS ,0038]P   +975mbar,T+17101mdegC
1592477420:[PRESS ,0038]P   +965mbar,T+17111mdegC
1592477422:[PRESS ,0038]P   +945mbar,T+17121mdegC
1592477424:[PRESS ,0038]P   +935mbar,T+17130mdegC
1592477425:[PRESS ,0038]P   +915mbar,T+17141mdegC
1592477427:[PRESS ,0038]P   +895mbar,T+17149mdegC
1592477429:[PRESS ,0038]P   +885mbar,T+17159mdegC
1592477431:[PRESS ,0038]P   +875mbar,T+17168mdegC
1592477433:[PRESS ,0038]P   +855mbar,T+17177mdegC
1592477434:[PRESS ,0038]P   +845mbar,T+17187mdegC
1592477436:[PRESS ,0038]P   +835mbar,T+17196mdegC
1592477438:[PRESS ,0038]P   +825mbar,T+17207mdegC
1592477440:[PRESS ,0038]P   +815mbar,T+17219mdegC
1592477442:[PRESS ,0038]P   +785mbar,T+17229mdegC
1592477442:[BUOY  ,0087]from -8mbar/s to -7mbar/s
1592477442:[BUOY  ,0090]need to transfer -24mL (valve during 10929ms)
1592477442:[VALVE ,0034]valve opening 10929ms
1592477502:[PRESS ,0038]P   +315mbar,T+17607mdegC
1592477504:[PRESS ,0038]P   +305mbar,T+17618mdegC
1592477506:[PRESS ,0038]P   +305mbar,T+17628mdegC
1592477508:[PRESS ,0038]P   +295mbar,T+17638mdegC
1592477510:[PRESS ,0038]P   +275mbar,T+17647mdegC
1592477511:[PRESS ,0038]P   +265mbar,T+17656mdegC
1592477513:[PRESS ,0038]P   +265mbar,T+17666mdegC
1592477515:[PRESS ,0038]P   +245mbar,T+17675mdegC
1592477517:[PRESS ,0038]P   +235mbar,T+17685mdegC
1592477519:[PRESS ,0038]P   +215mbar,T+17694mdegC
1592477520:[PRESS ,0038]P   +225mbar,T+17704mdegC
1592477522:[PRESS ,0038]P   +215mbar,T+17713mdegC
1592477524:[PRESS ,0038]P   +205mbar,T+17723mdegC
1592477526:[PRESS ,0038]P   +195mbar,T+17733mdegC
1592477528:[PRESS ,0038]P   +195mbar,T+17741mdegC
1592477528:[STAGE ,0214]195mbar (500) reached at 1592477528s, ascending from 5205mbar
1592477528:[STAGE ,0342]The float reached the surface : OK
1592477528:[MAIN  ,0140]stage[2] complete 8231s after mission start
1592477534:[SBE41 ,0343]SBE41 dump : 890 stored samples in hexa format
1592477567:[SBE41 ,0338]Dump finished
1592477567:[SBE41 ,0318]8010 bytes in 0051/5EEB436D.S41
1592477567:[MRMAID,0188]acq already stopped
1592477628:[MSSION,0192]mission stopped, 3 stage(s) done
1592477628:[MAIN  ,0065]surfacing
1592477629:[PRESS ,0038]P   -105mbar,T+18192mdegC
1592477629:[SURFIN,0036]P   -105mbar
1592477631:[PRESS ,0038]P   -105mbar,T+18201mdegC
1592477633:[PRESS ,0038]P   -105mbar,T+18211mdegC
1592477633:[SURFIN,0020]filling external bladder
1592477641:[PUMP  ,0016]pump during 300000ms
1592477951:[PUMP  ,0016]pump during 300000ms
1592477966:[SURFIN,0019]external bladder full
1592477967:[PRESS ,0038]P   +170mbar,T+19253mdegC
1592477969:[PRESS ,0038]P   +170mbar,T+19256mdegC
1592477971:[PRESS ,0038]P   +160mbar,T+19259mdegC
1592477973:[PRESS ,0038]P   +170mbar,T+19264mdegC
1592477975:[PRESS ,0038]P   +170mbar,T+19268mdegC
1592477976:[PRESS ,0038]P   +160mbar,T+19273mdegC
1592477978:[PRESS ,0038]P   +180mbar,T+19280mdegC
1592477980:[PRESS ,0038]P   +170mbar,T+19284mdegC
1592477982:[PRESS ,0038]P   +170mbar,T+19290mdegC
1592477984:[PRESS ,0038]P   +160mbar,T+19296mdegC
1592477985:[PRESS ,0038]P   +160mbar,T+19301mdegC
1592477987:[PRESS ,0038]P   +160mbar,T+19307mdegC
1592477989:[PRESS ,0038]P   +160mbar,T+19312mdegC
1592477991:[PRESS ,0038]P   +160mbar,T+19319mdegC
1592477993:[PRESS ,0038]P   +170mbar,T+19324mdegC
1592478029:[MAIN  ,0272]Vbat 14767mV (min 14465mV)
1592478031:[MAIN  ,0024]internal pressure 79471Pa
1592478031:[MAIN  ,0043]Pext 166mbar (rng 20mbar)
1592478031:[MAIN  ,0064]surface
1592478041:[SURF  ,0022]GPS fix...
1592478061:[SURF  ,0015]10 PPS detected...
1592478062:[MRMAID,0052]Mermaid $GPSACK:+0,+0,+0,+0,+0,+0,-2777;
1592478072:[MRMAID,0052]Mermaid $GPSOFF:3686320;
1592478072:[GPSFIX,0179]-1s diff
1592478073:[SURF  ,0222]2020-06-18T11:01:13
1592478073:[SURF  ,0082]Latitude : N43deg40.940mn, Longitude :E007deg19.176mn
1592478073:[SURF  ,0223]fix3D,8satellites
1592478073:[SURF  ,0084]GPS fix GPGSA : hdop0.720,vdop1.030
1592478083:[SURF  ,0274]last almanac : 2342472
1592478096:[MRMAID,0026]1556 bytes in 0051/5EEB4988.MER
1592478101:[MAIN  ,0320]New pressure offset: 166mbar
1592478101:[LOGBIN,0078]*** switching to 0051/5EEB4995 ***
