1590142979:[MAIN  ,0007]buoy 452.020-P-0051
1590142979:[MAIN  ,0055]soft pilotage 452.012.300_V2.18-20200518
1590142979:[MAIN  ,0010]cycle 2
1590142979:[SURF  ,0225]surface2
1590142994:[SURF  ,0022]GPS fix...
1590143014:[SURF  ,0015]10 PPS detected...
1590143015:[MRMAID,0052]Mermaid $GPSACK:+0,+0,+0,+0,+0,+0,-30;
1590143025:[MRMAID,0052]Mermaid $GPSOFF:3686319;
1590143026:[GPSFIX,0179]-1s diff
1590143027:[SURF  ,0222]2020-05-22T10:23:47
1590143027:[SURF  ,0082]Latitude : N43deg40.940mn, Longitude :E007deg19.172mn
1590143027:[SURF  ,0223]fix3D,10satellites
1590143027:[SURF  ,0084]GPS fix GPGSA : hdop0.680,vdop1.140
1590143037:[SURF  ,0025]Iridium...
1590143043:[SBE41 ,0339]newoffset=-0.54db received after -57s
1590143085:[SURF  ,0009]connected in 48s, signal quality 4
1590143146:[SURF  ,0218]prompt received, remote cmd end
1590143146:[SURF  ,0012]12 cmd(s) received
1590143167:[UPLOAD,0248]Upload data files...
1590143232:[UPLOAD,0231]"0051/5EC7A302.S41" uploaded at 135bytes/s
1590143245:[UPLOAD,0231]"0051/5EC7A7F6.MER" uploaded at 131bytes/s
1590143304:[UPLOAD,0231]"0051/5EC78B4E.BIN" uploaded at 129bytes/s
1590143320:[MAIN  ,0013]3 file(s) uploaded
1590143353:[SURF  ,0014]disconnected after 316s
1590143358:[SURFIN,0020]filling external bladder
1590143366:[PUMP  ,0207]battery 14888mV,   31598uA (warmup), P   +190mbar
1590143366:[PUMP  ,0016]pump during 300000ms
1590143375:[PUMP  ,0212]battery 14102mV, 1392020uA (steady state), P   +190mbar
1590143377:[SURFIN,0019]external bladder full
1590143377:[SURF  ,0227]1st complete transfer
1590143389:[SURF  ,0022]GPS fix...
1590143409:[SURF  ,0015]10 PPS detected...
1590143410:[MRMAID,0052]Mermaid $GPSACK:+0,+0,+0,+0,+0,+0,-61;
1590143420:[MRMAID,0052]Mermaid $GPSOFF:3686319;
1590143421:[GPSFIX,0179]-1s diff
1590143422:[SURF  ,0222]2020-05-22T10:30:22
1590143422:[SURF  ,0082]Latitude : N43deg40.940mn, Longitude :E007deg19.173mn
1590143422:[SURF  ,0223]fix3D,10satellites
1590143422:[SURF  ,0084]GPS fix GPGSA : hdop0.630,vdop1.020
1590143439:[MAIN  ,0024]internal pressure 79712Pa
1590143440:<WARN>[MAIN  ,0041]mission empty
1590143440:[MAIN  ,0065]surfacing
1590143442:[PRESS ,0038]P    -13mbar,T+19053mdegC
1590143466:[SURFIN,0036]P     -3mbar
1590143470:[SURFIN,0020]filling external bladder
1590143478:[PUMP  ,0207]battery 14915mV,   34160uA (warmup), P    -13mbar
1590143478:[PUMP  ,0016]pump during 300000ms
1590143486:[PUMP  ,0212]battery 14095mV, 1415200uA (steady state), P    -13mbar
1590143488:[SURFIN,0019]external bladder full
1590143490:[PRESS ,0038]P   +190mbar,T+19110mdegC
1590143551:[MAIN  ,0272]Vbat 15037mV (min 14542mV)
1590143553:[MAIN  ,0024]internal pressure 79717Pa
1590143553:[MAIN  ,0043]Pext 181mbar (rng 30mbar)
1590143553:[MAIN  ,0064]surface
1590143568:[SURF  ,0022]GPS fix...
1590143589:[SURF  ,0015]10 PPS detected...
1590143590:[MRMAID,0052]Mermaid $GPSACK:+0,+0,+0,+0,+0,+0,-30;
1590143600:[MRMAID,0052]Mermaid $GPSOFF:3686319;
1590143601:[GPSFIX,0179]-1s diff
1590143602:[SURF  ,0222]2020-05-22T10:33:22
1590143602:[SURF  ,0082]Latitude : N43deg40.940mn, Longitude :E007deg19.173mn
1590143602:[SURF  ,0223]fix3D,10satellites
1590143602:[SURF  ,0084]GPS fix GPGSA : hdop0.630,vdop1.020
1590143612:[SURF  ,0274]last almanac : 8001
1590143624:[MRMAID,0026]1443 bytes in 0051/5EC7AA81.MER
1590143630:[MAIN  ,0320]New pressure offset: 181mbar
1590143630:[SURF  ,0225]surface2
1590143642:[SURF  ,0022]GPS fix...
1590143662:[SURF  ,0015]10 PPS detected...
1590143663:[MRMAID,0052]Mermaid $GPSACK:+0,+0,+0,+0,+0,+0,+0;
1590143673:[MRMAID,0052]Mermaid $GPSOFF:3686319;
1590143674:[GPSFIX,0179]-1s diff
1590143675:[SURF  ,0222]2020-05-22T10:34:35
1590143675:[SURF  ,0082]Latitude : N43deg40.940mn, Longitude :E007deg19.173mn
1590143675:[SURF  ,0223]fix3D,10satellites
1590143675:[SURF  ,0084]GPS fix GPGSA : hdop0.630,vdop1.020
1590143685:[SURF  ,0025]Iridium...
1590143695:[SBE41 ,0339]newoffset=-0.49db received after -57s
1590143731:[SURF  ,0009]connected in 46s, signal quality 4
1590143791:[SURF  ,0218]prompt received, remote cmd end
1590143791:[SURF  ,0012]12 cmd(s) received
1590143812:[UPLOAD,0248]Upload data files...
1590143829:[UPLOAD,0231]"0051/5EC7AA81.MER" uploaded at 144bytes/s
1590143845:[MAIN  ,0013]1 file(s) uploaded
1590143879:[SURF  ,0014]disconnected after 194s
1590143884:[SURFIN,0020]filling external bladder
1590143892:[PUMP  ,0207]battery 14951mV,   32086uA (warmup), P   +180mbar
1590143892:[PUMP  ,0016]pump during 300000ms
1590143897:[PUMP  ,0212]battery 14136mV, 1382992uA (steady state), P   +180mbar
1590143899:[SURFIN,0019]external bladder full
1590143899:[SURF  ,0227]1st complete transfer
1590143913:[SURF  ,0022]GPS fix...
1590143934:[SURF  ,0015]10 PPS detected...
1590143935:[MRMAID,0052]Mermaid $GPSACK:+0,+0,+0,+0,+0,+0,+0;
1590143945:[MRMAID,0052]Mermaid $GPSOFF:3686319;
1590143946:[GPSFIX,0179]-1s diff
1590143947:[SURF  ,0222]2020-05-22T10:39:07
1590143947:[SURF  ,0082]Latitude : N43deg40.940mn, Longitude :E007deg19.173mn
1590143947:[SURF  ,0223]fix3D,10satellites
1590143947:[SURF  ,0084]GPS fix GPGSA : hdop0.630,vdop1.010
1590143964:[MAIN  ,0024]internal pressure 79745Pa
1590143965:<WARN>[MAIN  ,0041]mission empty
1590143965:[MAIN  ,0065]surfacing
1590143967:[PRESS ,0038]P     -1mbar,T+19437mdegC
1590143991:[SURFIN,0036]P     -1mbar
1590143995:[SURFIN,0020]filling external bladder
1590143998:[SURFIN,0019]external bladder full
1590144000:[PRESS ,0038]P   +170mbar,T+19455mdegC
1590144060:[MAIN  ,0272]Vbat 15112mV (min 14542mV)
1590144062:[MAIN  ,0024]internal pressure 79743Pa
1590144062:[MAIN  ,0043]Pext 178mbar (rng 20mbar)
1590144062:[MAIN  ,0064]surface
1590144078:[SURF  ,0022]GPS fix...
1590144098:[SURF  ,0015]10 PPS detected...
1590144099:[MRMAID,0052]Mermaid $GPSACK:+0,+0,+0,+0,+0,+0,+0;
1590144109:[MRMAID,0052]Mermaid $GPSOFF:3686319;
1590144110:[GPSFIX,0179]-1s diff
1590144111:[SURF  ,0222]2020-05-22T10:41:51
1590144111:[SURF  ,0082]Latitude : N43deg40.941mn, Longitude :E007deg19.173mn
1590144111:[SURF  ,0223]fix3D,10satellites
1590144111:[SURF  ,0084]GPS fix GPGSA : hdop0.630,vdop1.000
1590144121:[SURF  ,0274]last almanac : 8510
1590144133:[MRMAID,0026]1437 bytes in 0051/5EC7AC7E.MER
1590144139:[MAIN  ,0320]New pressure offset: 178mbar
1590144139:[SURF  ,0225]surface2
1590144152:[SURF  ,0022]GPS fix...
1590144172:[SURF  ,0015]10 PPS detected...
1590144173:[MRMAID,0052]Mermaid $GPSACK:+0,+0,+0,+0,+0,+0,+0;
1590144183:[MRMAID,0052]Mermaid $GPSOFF:3686319;
1590144184:[GPSFIX,0179]-1s diff
1590144185:[SURF  ,0222]2020-05-22T10:43:05
1590144185:[SURF  ,0082]Latitude : N43deg40.941mn, Longitude :E007deg19.173mn
1590144185:[SURF  ,0223]fix3D,10satellites
1590144185:[SURF  ,0084]GPS fix GPGSA : hdop0.620,vdop1.000
1590144195:[SURF  ,0025]Iridium...
1590144204:[SBE41 ,0339]newoffset=-0.65db received after -57s
1590144229:[SURF  ,0009]connected in 34s, signal quality 5
1590144280:[SURF  ,0218]prompt received, remote cmd end
1590144280:[SURF  ,0012]12 cmd(s) received
1590144300:[UPLOAD,0248]Upload data files...
1590144316:[UPLOAD,0231]"0051/5EC7AC7E.MER" uploaded at 144bytes/s
1590144332:[MAIN  ,0013]1 file(s) uploaded
1590144365:[SURF  ,0014]disconnected after 170s
1590144370:[SURFIN,0020]filling external bladder
1590144373:[SURFIN,0019]external bladder full
1590144373:[SURF  ,0227]1st complete transfer
1590144386:[SURF  ,0022]GPS fix...
1590144406:[SURF  ,0015]10 PPS detected...
1590144407:[MRMAID,0052]Mermaid $GPSACK:+0,+0,+0,+0,+0,+0,+0;
1590144417:[MRMAID,0052]Mermaid $GPSOFF:3686319;
1590144418:[GPSFIX,0179]-1s diff
1590144419:[SURF  ,0222]2020-05-22T10:46:59
1590144419:[SURF  ,0082]Latitude : N43deg40.941mn, Longitude :E007deg19.174mn
1590144419:[SURF  ,0223]fix3D,10satellites
1590144419:[SURF  ,0084]GPS fix GPGSA : hdop0.620,vdop0.980
1590144436:[MAIN  ,0024]internal pressure 79816Pa
1590144437:<WARN>[MAIN  ,0041]mission empty
1590144437:[MAIN  ,0065]surfacing
1590144439:[PRESS ,0038]P     +2mbar,T+19641mdegC
1590144463:[SURFIN,0036]P    +12mbar
1590144467:[SURFIN,0020]filling external bladder
1590144470:[SURFIN,0019]external bladder full
1590144472:[PRESS ,0038]P   +170mbar,T+19641mdegC
1590144533:[MAIN  ,0272]Vbat 15139mV (min 14542mV)
1590144535:[MAIN  ,0024]internal pressure 79789Pa
1590144535:[MAIN  ,0043]Pext 181mbar (rng 20mbar)
1590144535:[MAIN  ,0064]surface
1590144549:[SURF  ,0022]GPS fix...
1590144569:[SURF  ,0015]10 PPS detected...
1590144570:[MRMAID,0052]Mermaid $GPSACK:+0,+0,+0,+0,+0,+0,+0;
1590144580:[MRMAID,0052]Mermaid $GPSOFF:3686319;
1590144581:[GPSFIX,0179]-1s diff
1590144582:[SURF  ,0222]2020-05-22T10:49:42
1590144582:[SURF  ,0082]Latitude : N43deg40.941mn, Longitude :E007deg19.173mn
1590144582:[SURF  ,0223]fix3D,10satellites
1590144582:[SURF  ,0084]GPS fix GPGSA : hdop0.620,vdop0.960
1590144592:[SURF  ,0274]last almanac : 8981
1590144604:[MRMAID,0026]1437 bytes in 0051/5EC7AE55.MER
1590144610:[MAIN  ,0320]New pressure offset: 181mbar
1590144610:[SURF  ,0225]surface2
1590144624:[SURF  ,0022]GPS fix...
1590144644:[SURF  ,0015]10 PPS detected...
1590144645:[MRMAID,0052]Mermaid $GPSACK:+0,+0,+0,+0,+0,+0,+0;
1590144655:[MRMAID,0052]Mermaid $GPSOFF:3686319;
1590144656:[GPSFIX,0179]-1s diff
1590144657:[SURF  ,0222]2020-05-22T10:50:57
1590144657:[SURF  ,0082]Latitude : N43deg40.941mn, Longitude :E007deg19.173mn
1590144657:[SURF  ,0223]fix3D,10satellites
1590144657:[SURF  ,0084]GPS fix GPGSA : hdop0.660,vdop1.050
1590144667:[SURF  ,0025]Iridium...
1590144676:[SBE41 ,0339]newoffset=-0.77db received after -57s
1590144883:<WARN>[SURF  ,0023]failed to connect #1, code -8, net 1, qual 4, dial 1
1590145106:<WARN>[SURF  ,0023]failed to connect #2, code -8, net 1, qual 5, dial 1
1590145164:[SURF  ,0009]connected in 497s, signal quality 5
1590145213:[SURF  ,0218]prompt received, remote cmd end
1590145213:[SURF  ,0012]12 cmd(s) received
1590145233:[UPLOAD,0248]Upload data files...
1590145249:[UPLOAD,0231]"0051/5EC7AE55.MER" uploaded at 144bytes/s
1590145265:[MAIN  ,0013]1 file(s) uploaded
1590145295:[SURF  ,0014]disconnected after 628s
1590145300:[SURFIN,0020]filling external bladder
1590145303:[SURFIN,0019]external bladder full
1590145303:[SURF  ,0227]1st complete transfer
1590145315:[SURF  ,0022]GPS fix...
1590145335:[SURF  ,0015]10 PPS detected...
1590145336:[MRMAID,0052]Mermaid $GPSACK:+0,+0,+0,+0,+0,+1,-999938;
1590145346:[MRMAID,0052]Mermaid $GPSOFF:3686318;
1590145347:[GPSFIX,0179]-1s diff
1590145348:[SURF  ,0222]2020-05-22T11:02:28
1590145348:[SURF  ,0082]Latitude : N43deg40.941mn, Longitude :E007deg19.173mn
1590145348:[SURF  ,0223]fix3D,9satellites
1590145348:[SURF  ,0084]GPS fix GPGSA : hdop0.690,vdop1.100
1590145365:[MAIN  ,0024]internal pressure 79832Pa
1590145366:<WARN>[MAIN  ,0041]mission empty
1590145366:[MAIN  ,0065]surfacing
1590145368:[PRESS ,0038]P     +9mbar,T+19609mdegC
1590145392:[SURFIN,0036]P     -1mbar
1590145396:[SURFIN,0020]filling external bladder
1590145399:[SURFIN,0019]external bladder full
1590145401:[PRESS ,0038]P   +180mbar,T+19604mdegC
1590145462:[MAIN  ,0272]Vbat 15137mV (min 14542mV)
1590145464:[MAIN  ,0024]internal pressure 79816Pa
1590145464:[MAIN  ,0043]Pext 185mbar (rng 20mbar)
1590145464:[MAIN  ,0064]surface
1590145477:[SURF  ,0022]GPS fix...
1590145497:[SURF  ,0015]10 PPS detected...
1590145498:[MRMAID,0052]Mermaid $GPSACK:+0,+0,+0,+0,+0,+0,-30;
1590145508:[MRMAID,0052]Mermaid $GPSOFF:3686319;
1590145509:[GPSFIX,0179]+0s diff
1590145509:[SURF  ,0222]2020-05-22T11:05:09
1590145509:[SURF  ,0082]Latitude : N43deg40.941mn, Longitude :E007deg19.172mn
1590145509:[SURF  ,0223]fix3D,9satellites
1590145509:[SURF  ,0084]GPS fix GPGSA : hdop0.690,vdop0.990
1590145519:[SURF  ,0274]last almanac : 9908
1590145531:[MRMAID,0026]1451 bytes in 0051/5EC7B1F4.MER
1590145537:[MAIN  ,0320]New pressure offset: 185mbar
1590145537:[SURF  ,0225]surface2
1590145552:[SURF  ,0022]GPS fix...
1590145572:[SURF  ,0015]10 PPS detected...
1590145573:[MRMAID,0052]Mermaid $GPSACK:+0,+0,+0,+0,+0,+0,+0;
1590145583:[MRMAID,0052]Mermaid $GPSOFF:3686319;
1590145585:[GPSFIX,0179]+0s diff
1590145585:[SURF  ,0222]2020-05-22T11:06:25
1590145585:[SURF  ,0082]Latitude : N43deg40.941mn, Longitude :E007deg19.173mn
1590145585:[SURF  ,0223]fix3D,9satellites
1590145585:[SURF  ,0084]GPS fix GPGSA : hdop0.690,vdop0.990
1590145595:[SURF  ,0025]Iridium...
1590145603:[SBE41 ,0339]newoffset=-0.91db received after -57s
1590145787:<WARN>[SURF  ,0023]failed to connect #1, code -8, net 1, qual 5, dial 1
1590145901:[SURF  ,0009]connected in 306s, signal quality 3
1590145954:[SURF  ,0218]prompt received, remote cmd end
1590145954:[SURF  ,0012]12 cmd(s) received
1590145975:[UPLOAD,0248]Upload data files...
1590145992:[UPLOAD,0231]"0051/5EC7B1F4.MER" uploaded at 145bytes/s
1590146008:[MAIN  ,0013]1 file(s) uploaded
1590146039:[SURF  ,0014]disconnected after 444s
1590146044:[SURFIN,0020]filling external bladder
1590146047:[SURFIN,0019]external bladder full
1590146047:[SURF  ,0227]1st complete transfer
1590146060:[SURF  ,0022]GPS fix...
1590146081:[SURF  ,0015]10 PPS detected...
1590146082:[MRMAID,0052]Mermaid $GPSACK:+0,+0,+0,+0,+0,+1,-999969;
1590146092:[MRMAID,0052]Mermaid $GPSOFF:3686318;
1590146093:[GPSFIX,0179]-1s diff
1590146094:[SURF  ,0222]2020-05-22T11:14:54
1590146094:[SURF  ,0082]Latitude : N43deg40.941mn, Longitude :E007deg19.173mn
1590146094:[SURF  ,0223]fix3D,9satellites
1590146094:[SURF  ,0084]GPS fix GPGSA : hdop0.700,vdop0.940
1590146111:[MAIN  ,0024]internal pressure 79814Pa
1590146112:<WARN>[MAIN  ,0041]mission empty
1590146112:[MAIN  ,0065]surfacing
1590146114:[PRESS ,0038]P     -5mbar,T+19525mdegC
1590146138:[SURFIN,0036]P     -5mbar
1590146142:[SURFIN,0020]filling external bladder
1590146145:[SURFIN,0019]external bladder full
1590146147:[PRESS ,0038]P   +160mbar,T+19523mdegC
1590146208:[MAIN  ,0272]Vbat 15137mV (min 14542mV)
1590146210:[MAIN  ,0024]internal pressure 79841Pa
1590146210:[MAIN  ,0043]Pext 173mbar (rng 20mbar)
1590146210:[MAIN  ,0064]surface
1590146229:[SURF  ,0022]GPS fix...
1590146250:[SURF  ,0015]10 PPS detected...
1590146251:[MRMAID,0052]Mermaid $GPSACK:+0,+0,+0,+0,+0,+0,-30;
1590146261:[MRMAID,0052]Mermaid $GPSOFF:3686318;
1590146261:[GPSFIX,0179]-1s diff
1590146262:[SURF  ,0222]2020-05-22T11:17:42
1590146262:[SURF  ,0082]Latitude : N43deg40.941mn, Longitude :E007deg19.173mn
1590146262:[SURF  ,0223]fix3D,8satellites
1590146262:[SURF  ,0084]GPS fix GPGSA : hdop0.760,vdop1.010
1590146272:[SURF  ,0274]last almanac : 10661
1590146284:[MRMAID,0026]1451 bytes in 0051/5EC7B4E5.MER
1590146290:[MAIN  ,0320]New pressure offset: 173mbar
1590146290:[SURF  ,0225]surface2
1590146305:[SURF  ,0022]GPS fix...
1590146325:[SURF  ,0015]10 PPS detected...
1590146326:[MRMAID,0052]Mermaid $GPSACK:+0,+0,+0,+0,+0,+0,-30;
1590146336:[MRMAID,0052]Mermaid $GPSOFF:3686318;
1590146337:[GPSFIX,0179]-1s diff
1590146338:[SURF  ,0222]2020-05-22T11:18:58
1590146338:[SURF  ,0082]Latitude : N43deg40.941mn, Longitude :E007deg19.174mn
1590146338:[SURF  ,0223]fix3D,8satellites
1590146338:[SURF  ,0084]GPS fix GPGSA : hdop0.730,vdop0.910
1590146348:[SURF  ,0025]Iridium...
1590146356:[SBE41 ,0339]newoffset=-0.95db received after -57s
1590146380:[SURF  ,0009]connected in 32s, signal quality 5
1590146442:[SURF  ,0218]prompt received, remote cmd end
1590146442:[SURF  ,0012]13 cmd(s) received
1590146461:[UPLOAD,0248]Upload data files...
1590146471:[ZIO   ,0240]"NO CARRIER" received, aborting
1590146471:<ERR>[UPLOAD,0131]opening upload
1590146471:<ERR>[UPLOAD,0132]opening upload "0051"
1590146487:[SURF  ,0014]disconnected after 139s
1590146492:[SURFIN,0020]filling external bladder
1590146495:[SURFIN,0019]external bladder full
1590146495:[SURF  ,0319]transfer interrupted
1590146507:[SURF  ,0022]GPS fix...
1590146527:[SURF  ,0015]10 PPS detected...
1590146528:[MRMAID,0052]Mermaid $GPSACK:+0,+0,+0,+0,+0,+0,-30;
1590146538:[MRMAID,0052]Mermaid $GPSOFF:3686318;
1590146540:[GPSFIX,0179]+0s diff
1590146540:[SURF  ,0222]2020-05-22T11:22:20
1590146540:[SURF  ,0082]Latitude : N43deg40.941mn, Longitude :E007deg19.174mn
1590146540:[SURF  ,0223]fix3D,9satellites
1590146540:[SURF  ,0084]GPS fix GPGSA : hdop0.690,vdop0.840
1590146557:[MAIN  ,0024]internal pressure 79822Pa
1590146558:<WARN>[MAIN  ,0041]mission empty
1590146558:[MAIN  ,0065]surfacing
1590146560:[PRESS ,0038]P     +7mbar,T+19515mdegC
1590146584:[SURFIN,0036]P    +17mbar
1590146588:[SURFIN,0020]filling external bladder
1590146591:[SURFIN,0019]external bladder full
1590146593:[PRESS ,0038]P   +180mbar,T+19515mdegC
1590146654:[MAIN  ,0272]Vbat 15149mV (min 14542mV)
1590146656:[MAIN  ,0024]internal pressure 79835Pa
1590146656:[MAIN  ,0043]Pext 186mbar (rng 20mbar)
1590146656:[MAIN  ,0064]surface
1590146671:[SURF  ,0022]GPS fix...
1590146691:[SURF  ,0015]10 PPS detected...
1590146692:[MRMAID,0052]Mermaid $GPSACK:+0,+0,+0,+0,+0,+0,-30;
1590146702:[MRMAID,0052]Mermaid $GPSOFF:3686319;
1590146704:[GPSFIX,0179]+0s diff
1590146704:[SURF  ,0222]2020-05-22T11:25:04
1590146704:[SURF  ,0082]Latitude : N43deg40.941mn, Longitude :E007deg19.174mn
1590146704:[SURF  ,0223]fix3D,9satellites
1590146704:[SURF  ,0084]GPS fix GPGSA : hdop0.690,vdop0.840
1590146714:[SURF  ,0274]last almanac : 11103
1590146726:[MRMAID,0026]1443 bytes in 0051/5EC7B69F.MER
1590146732:[MAIN  ,0320]New pressure offset: 186mbar
1590146732:[SURF  ,0225]surface2
1590146747:[SURF  ,0022]GPS fix...
1590146767:[SURF  ,0015]10 PPS detected...
1590146768:[MRMAID,0052]Mermaid $GPSACK:+0,+0,+0,+0,+0,+0,+0;
1590146778:[MRMAID,0052]Mermaid $GPSOFF:3686318;
1590146779:[GPSFIX,0179]-1s diff
1590146780:[SURF  ,0222]2020-05-22T11:26:20
1590146780:[SURF  ,0082]Latitude : N43deg40.941mn, Longitude :E007deg19.174mn
1590146780:[SURF  ,0223]fix3D,10satellites
1590146780:[SURF  ,0084]GPS fix GPGSA : hdop0.640,vdop0.760
1590146790:[SURF  ,0025]Iridium...
1590146798:[SBE41 ,0339]newoffset=-0.93db received after -57s
1590146821:[SURF  ,0009]connected in 31s, signal quality 5
1590146872:[SURF  ,0218]prompt received, remote cmd end
1590146872:[SURF  ,0012]12 cmd(s) received
1590146893:[UPLOAD,0248]Upload data files...
1590146911:[UPLOAD,0231]"0051/5EC7B4E5.MER" uploaded at 145bytes/s
1590146924:[UPLOAD,0231]"0051/5EC7B69F.MER" uploaded at 131bytes/s
1590146942:[MAIN  ,0013]2 file(s) uploaded
1590146973:[SURF  ,0014]disconnected after 183s
1590146978:[SURFIN,0020]filling external bladder
1590146986:[PUMP  ,0207]battery 14980mV,   32330uA (warmup), P   +180mbar
1590146986:[PUMP  ,0016]pump during 300000ms
1590146990:[PUMP  ,0212]battery 14201mV, 1323822uA (steady state), P   +180mbar
1590146992:[SURFIN,0019]external bladder full
1590146992:[SURF  ,0227]1st complete transfer
1590147008:[SURF  ,0022]GPS fix...
1590147029:[SURF  ,0015]10 PPS detected...
1590147030:[MRMAID,0052]Mermaid $GPSACK:+0,+0,+0,+0,+0,+0,-61;
1590147040:[MRMAID,0052]Mermaid $GPSOFF:3686319;
1590147041:[GPSFIX,0179]-1s diff
1590147042:[SURF  ,0222]2020-05-22T11:30:42
1590147042:[SURF  ,0082]Latitude : N43deg40.940mn, Longitude :E007deg19.173mn
1590147042:[SURF  ,0223]fix3D,10satellites
1590147042:[SURF  ,0084]GPS fix GPGSA : hdop0.600,vdop0.710
1590147059:[MAIN  ,0024]internal pressure 79850Pa
1590147060:<WARN>[MAIN  ,0041]mission empty
1590147060:[MAIN  ,0065]surfacing
1590147062:[PRESS ,0038]P     -6mbar,T+19534mdegC
1590147086:[SURFIN,0036]P     -6mbar
1590147090:[SURFIN,0020]filling external bladder
1590147093:[SURFIN,0019]external bladder full
1590147095:[PRESS ,0038]P   +180mbar,T+19534mdegC
1590147155:[MAIN  ,0272]Vbat 15134mV (min 14542mV)
1590147157:[MAIN  ,0024]internal pressure 79856Pa
1590147157:[MAIN  ,0043]Pext 179mbar (rng 20mbar)
1590147157:[MAIN  ,0064]surface
1590147172:[SURF  ,0022]GPS fix...
1590147193:[SURF  ,0015]10 PPS detected...
1590147194:[MRMAID,0052]Mermaid $GPSACK:+0,+0,+0,+0,+0,+0,+0;
1590147204:[MRMAID,0052]Mermaid $GPSOFF:3686318;
1590147205:[GPSFIX,0179]-1s diff
1590147206:[SURF  ,0222]2020-05-22T11:33:26
1590147206:[SURF  ,0082]Latitude : N43deg40.940mn, Longitude :E007deg19.173mn
1590147206:[SURF  ,0223]fix3D,9satellites
1590147206:[SURF  ,0084]GPS fix GPGSA : hdop0.640,vdop0.760
1590147216:[SURF  ,0274]last almanac : 11605
1590147228:[MRMAID,0026]1439 bytes in 0051/5EC7B895.MER
1590147234:[MAIN  ,0320]New pressure offset: 179mbar
1590147234:[SURF  ,0225]surface2
1590147249:[SURF  ,0022]GPS fix...
1590147269:[SURF  ,0015]10 PPS detected...
1590147270:[MRMAID,0052]Mermaid $GPSACK:+0,+0,+0,+0,+0,+0,-30;
1590147280:[MRMAID,0052]Mermaid $GPSOFF:3686318;
1590147281:[GPSFIX,0179]-1s diff
1590147282:[SURF  ,0222]2020-05-22T11:34:42
1590147282:[SURF  ,0082]Latitude : N43deg40.940mn, Longitude :E007deg19.173mn
1590147282:[SURF  ,0223]fix3D,9satellites
1590147282:[SURF  ,0084]GPS fix GPGSA : hdop0.640,vdop0.770
1590147292:[SURF  ,0025]Iridium...
1590147300:[SBE41 ,0339]newoffset=-0.90db received after -57s
1590147499:<WARN>[SURF  ,0023]failed to connect #1, code -8, net 1, qual 4, dial 1
1590147559:[SURF  ,0009]connected in 267s, signal quality 5
1590147612:[SURF  ,0218]prompt received, remote cmd end
1590147612:[SURF  ,0012]12 cmd(s) received
1590147633:[UPLOAD,0248]Upload data files...
1590147657:[UPLOAD,0231]"0051/5EC7B895.MER" uploaded at 120bytes/s
1590147685:[MAIN  ,0013]1 file(s) uploaded
1590147720:[SURF  ,0014]disconnected after 428s
1590147725:[SURFIN,0020]filling external bladder
1590147728:[SURFIN,0019]external bladder full
1590147728:[SURF  ,0227]1st complete transfer
1590147742:[SURF  ,0022]GPS fix...
1590147763:[SURF  ,0015]10 PPS detected...
1590147764:[MRMAID,0052]Mermaid $GPSACK:+0,+0,+0,+0,+0,+0,-91;
1590147774:[MRMAID,0052]Mermaid $GPSOFF:3686318;
1590147775:[GPSFIX,0179]-1s diff
1590147776:[SURF  ,0222]2020-05-22T11:42:56
1590147776:[SURF  ,0082]Latitude : N43deg40.940mn, Longitude :E007deg19.173mn
1590147776:[SURF  ,0223]fix3D,8satellites
1590147776:[SURF  ,0084]GPS fix GPGSA : hdop0.720,vdop0.860
1590147793:[MAIN  ,0024]internal pressure 79881Pa
1590147794:<WARN>[MAIN  ,0041]mission empty
1590147794:[MAIN  ,0065]surfacing
1590147796:[PRESS ,0038]P     -9mbar,T+19529mdegC
1590147820:[SURFIN,0036]P     +1mbar
1590147824:[SURFIN,0020]filling external bladder
1590147827:[SURFIN,0019]external bladder full
1590147829:[PRESS ,0038]P   +180mbar,T+19530mdegC
1590147890:[MAIN  ,0272]Vbat 15138mV (min 14542mV)
1590147892:[MAIN  ,0024]internal pressure 79882Pa
1590147892:[MAIN  ,0043]Pext 171mbar (rng 20mbar)
1590147892:[MAIN  ,0064]surface
1590147911:[SURF  ,0022]GPS fix...
1590147932:[SURF  ,0015]10 PPS detected...
1590147933:[MRMAID,0052]Mermaid $GPSACK:+0,+0,+0,+0,+0,+0,-30;
1590147943:[MRMAID,0052]Mermaid $GPSOFF:3686318;
1590147943:[GPSFIX,0179]-1s diff
1590147944:[SURF  ,0222]2020-05-22T11:45:44
1590147944:[SURF  ,0082]Latitude : N43deg40.940mn, Longitude :E007deg19.173mn
1590147944:[SURF  ,0223]fix3D,8satellites
1590147944:[SURF  ,0084]GPS fix GPGSA : hdop0.780,vdop1.040
1590147954:[SURF  ,0274]last almanac : 12343
1590147966:[MRMAID,0026]1443 bytes in 0051/5EC7BB77.MER
1590147972:[MAIN  ,0320]New pressure offset: 171mbar
1590147972:[SURF  ,0225]surface2
1590147987:[SURF  ,0022]GPS fix...
1590148007:[SURF  ,0015]10 PPS detected...
1590148008:[MRMAID,0052]Mermaid $GPSACK:+0,+0,+0,+0,+0,+0,-30;
1590148018:[MRMAID,0052]Mermaid $GPSOFF:3686318;
1590148020:[GPSFIX,0179]+0s diff
1590148020:[SURF  ,0222]2020-05-22T11:47:00
1590148020:[SURF  ,0082]Latitude : N43deg40.940mn, Longitude :E007deg19.173mn
1590148020:[SURF  ,0223]fix3D,8satellites
1590148020:[SURF  ,0084]GPS fix GPGSA : hdop0.780,vdop1.050
1590148030:[SURF  ,0025]Iridium...
1590148038:[SBE41 ,0339]newoffset=-0.91db received after -57s
1590148229:<WARN>[SURF  ,0023]failed to connect #1, code -8, net 1, qual 5, dial 1
1590148301:[SURF  ,0009]connected in 271s, signal quality 4
1590148333:<WARN>[SURF  ,0071]timeout
1590148333:<WARN>[SURF  ,0056]peer mute
1590148340:[SURF  ,0014]disconnected after 310s
1590148346:[SURFIN,0020]filling external bladder
1590148349:[SURFIN,0019]external bladder full
1590148349:[SURF  ,0069]transfer interrupted , retry
1590148363:[SURF  ,0022]GPS fix...
1590148384:[SURF  ,0015]10 PPS detected...
1590148385:[MRMAID,0052]Mermaid $GPSACK:+0,+0,+0,+0,+0,+0,-61;
1590148395:[MRMAID,0052]Mermaid $GPSOFF:3686318;
1590148396:[GPSFIX,0179]-1s diff
1590148397:[SURF  ,0222]2020-05-22T11:53:17
1590148397:[SURF  ,0082]Latitude : N43deg40.940mn, Longitude :E007deg19.173mn
1590148397:[SURF  ,0223]fix3D,8satellites
1590148397:[SURF  ,0084]GPS fix GPGSA : hdop0.780,vdop1.090
1590148407:[SURF  ,0025]Iridium...
1590148601:<WARN>[SURF  ,0023]failed to connect #1, code -8, net 1, qual 5, dial 1
1590148660:[SURF  ,0009]connected in 253s, signal quality 5
1590148721:[SURF  ,0218]prompt received, remote cmd end
1590148721:[SURF  ,0012]12 cmd(s) received
1590148743:[UPLOAD,0248]Upload data files...
1590148760:[UPLOAD,0231]"0051/5EC7BB77.MER" uploaded at 131bytes/s
1590148776:[MAIN  ,0013]1 file(s) uploaded
1590148807:[SURF  ,0014]disconnected after 400s
1590148812:[SURFIN,0020]filling external bladder
1590148815:[SURFIN,0019]external bladder full
1590148816:[SURF  ,0227]1st complete transfer
1590148816:[SURF  ,0226]Go dive (Minimum surface delay expired and no more file to upload)
1590148828:[SURF  ,0022]GPS fix...
1590148848:[SURF  ,0015]10 PPS detected...
1590148849:[MRMAID,0052]Mermaid $GPSACK:+0,+0,+0,+0,+0,+0,-61;
1590148859:[MRMAID,0052]Mermaid $GPSOFF:3686318;
1590148860:[GPSFIX,0179]-1s diff
1590148861:[SURF  ,0222]2020-05-22T12:01:01
1590148861:[SURF  ,0082]Latitude : N43deg40.940mn, Longitude :E007deg19.172mn
1590148861:[SURF  ,0223]fix3D,9satellites
1590148861:[SURF  ,0084]GPS fix GPGSA : hdop0.720,vdop0.930
1590148878:[MAIN  ,0024]internal pressure 79900Pa
1590148879:<WARN>[MAIN  ,0041]mission empty
1590148879:[MAIN  ,0065]surfacing
1590148881:[PRESS ,0038]P     +9mbar,T+19566mdegC
1590148905:[SURFIN,0036]P     +9mbar
1590148909:[SURFIN,0020]filling external bladder
1590148912:[SURFIN,0019]external bladder full
1590148914:[PRESS ,0038]P   +170mbar,T+19570mdegC
1590148974:[MAIN  ,0272]Vbat 15136mV (min 14542mV)
1590148976:[MAIN  ,0024]internal pressure 79909Pa
1590148976:[MAIN  ,0043]Pext 174mbar (rng 10mbar)
1590148976:[MAIN  ,0064]surface
1590148989:[SURF  ,0022]GPS fix...
1590149010:[SURF  ,0015]10 PPS detected...
1590149011:[MRMAID,0052]Mermaid $GPSACK:+0,+0,+0,+0,+0,+0,-30;
1590149021:[MRMAID,0052]Mermaid $GPSOFF:3686318;
1590149023:[GPSFIX,0179]+0s diff
1590149023:[SURF  ,0222]2020-05-22T12:03:43
1590149023:[SURF  ,0082]Latitude : N43deg40.940mn, Longitude :E007deg19.172mn
1590149023:[SURF  ,0223]fix3D,9satellites
1590149023:[SURF  ,0084]GPS fix GPGSA : hdop0.720,vdop0.950
1590149033:[SURF  ,0274]last almanac : 13422
1590149046:[MRMAID,0026]1558 bytes in 0051/5EC7BFAE.MER
1590149051:[MAIN  ,0320]New pressure offset: 174mbar
1590149051:[SURF  ,0225]surface2
1590149063:[SURF  ,0022]GPS fix...
1590149084:[SURF  ,0015]10 PPS detected...
1590149085:[MRMAID,0052]Mermaid $GPSACK:+0,+0,+0,+0,+0,+0,-30;
1590149095:[MRMAID,0052]Mermaid $GPSOFF:3686318;
1590149096:[GPSFIX,0179]-1s diff
1590149097:[SURF  ,0222]2020-05-22T12:04:57
1590149097:[SURF  ,0082]Latitude : N43deg40.940mn, Longitude :E007deg19.172mn
1590149097:[SURF  ,0223]fix3D,9satellites
1590149097:[SURF  ,0084]GPS fix GPGSA : hdop0.720,vdop0.960
1590149107:[SURF  ,0025]Iridium...
1590149116:[SBE41 ,0339]newoffset=-0.90db received after -57s
1590149299:<WARN>[SURF  ,0023]failed to connect #1, code -8, net 1, qual 5, dial 1
1590149357:[SURF  ,0009]connected in 250s, signal quality 5
1590149423:<WARN>[SURF  ,0071]timeout
1590149423:<WARN>[SURF  ,0056]peer mute
1590149433:[SURF  ,0014]disconnected after 326s
1590149438:[SURFIN,0020]filling external bladder
1590149441:[SURFIN,0019]external bladder full
1590149441:[SURF  ,0069]transfer interrupted , retry
1590149455:[SURF  ,0022]GPS fix...
1590149476:[SURF  ,0015]10 PPS detected...
1590149477:[MRMAID,0052]Mermaid $GPSACK:+0,+0,+0,+0,+0,+0,-61;
1590149487:[MRMAID,0052]Mermaid $GPSOFF:3686318;
1590149488:[GPSFIX,0179]-1s diff
1590149489:[SURF  ,0222]2020-05-22T12:11:29
1590149489:[SURF  ,0082]Latitude : N43deg40.941mn, Longitude :E007deg19.173mn
1590149489:[SURF  ,0223]fix3D,9satellites
1590149489:[SURF  ,0084]GPS fix GPGSA : hdop0.730,vdop0.990
1590149499:[SURF  ,0025]Iridium...
1590149532:[SURF  ,0009]connected in 33s, signal quality 5
1590149582:[SURF  ,0218]prompt received, remote cmd end
1590149582:[SURF  ,0012]12 cmd(s) received
1590149602:[UPLOAD,0248]Upload data files...
1590149618:[UPLOAD,0231]"0051/5EC7BFAE.MER" uploaded at 142bytes/s
1590149633:[MAIN  ,0013]1 file(s) uploaded
1590149664:[SURF  ,0014]disconnected after 165s
1590149669:[SURFIN,0020]filling external bladder
1590149672:[SURFIN,0019]external bladder full
1590149672:[SURF  ,0227]1st complete transfer
1590149672:[SURF  ,0226]Go dive (Minimum surface delay expired and no more file to upload)
1590149684:[SURF  ,0022]GPS fix...
1590149705:[SURF  ,0015]10 PPS detected...
1590149706:[MRMAID,0052]Mermaid $GPSACK:+0,+0,+0,+0,+0,+0,-30;
1590149716:[MRMAID,0052]Mermaid $GPSOFF:3686318;
1590149717:[GPSFIX,0179]-1s diff
1590149718:[SURF  ,0222]2020-05-22T12:15:18
1590149718:[SURF  ,0082]Latitude : N43deg40.941mn, Longitude :E007deg19.173mn
1590149718:[SURF  ,0223]fix3D,10satellites
1590149718:[SURF  ,0084]GPS fix GPGSA : hdop0.680,vdop0.880
1590149735:[MAIN  ,0024]internal pressure 79880Pa
1590149736:<WARN>[MAIN  ,0041]mission empty
1590149736:[MAIN  ,0065]surfacing
1590149738:[PRESS ,0038]P     +6mbar,T+19690mdegC
1590149762:[SURFIN,0036]P     +6mbar
1590149766:[SURFIN,0020]filling external bladder
1590149769:[SURFIN,0019]external bladder full
1590149771:[PRESS ,0038]P   +180mbar,T+19695mdegC
1590149831:[MAIN  ,0272]Vbat 15135mV (min 14542mV)
1590149833:[MAIN  ,0024]internal pressure 79937Pa
1590149833:[MAIN  ,0043]Pext 176mbar (rng 10mbar)
1590149833:[MAIN  ,0064]surface
1590149848:[SURF  ,0022]GPS fix...
1590149868:[SURF  ,0015]10 PPS detected...
1590149869:[MRMAID,0052]Mermaid $GPSACK:+0,+0,+0,+0,+0,+0,-30;
1590149879:[MRMAID,0052]Mermaid $GPSOFF:3686318;
1590149879:[GPSFIX,0179]-1s diff
1590149880:[SURF  ,0222]2020-05-22T12:18:00
1590149880:[SURF  ,0082]Latitude : N43deg40.941mn, Longitude :E007deg19.173mn
1590149880:[SURF  ,0223]fix3D,10satellites
1590149880:[SURF  ,0084]GPS fix GPGSA : hdop0.680,vdop0.890
1590149890:[SURF  ,0274]last almanac : 14279
1590149903:[MRMAID,0026]1558 bytes in 0051/5EC7C307.MER
1590149908:[MAIN  ,0320]New pressure offset: 176mbar
1590149908:[SURF  ,0225]surface2
1590149921:[SURF  ,0022]GPS fix...
1590149941:[SURF  ,0015]10 PPS detected...
1590149942:[MRMAID,0052]Mermaid $GPSACK:+0,+0,+0,+0,+0,+0,-30;
1590149952:[MRMAID,0052]Mermaid $GPSOFF:3686318;
1590149953:[GPSFIX,0179]-1s diff
1590149954:[SURF  ,0222]2020-05-22T12:19:14
1590149954:[SURF  ,0082]Latitude : N43deg40.941mn, Longitude :E007deg19.173mn
1590149954:[SURF  ,0223]fix3D,10satellites
1590149954:[SURF  ,0084]GPS fix GPGSA : hdop0.680,vdop0.890
1590149964:[SURF  ,0025]Iridium...
1590149974:[SBE41 ,0339]newoffset=-0.89db received after -57s
1590150003:[SURF  ,0009]connected in 39s, signal quality 5
1590150086:[SURF  ,0218]prompt received, remote cmd end
1590150087:[SURF  ,0012]18 cmd(s) received
1590150108:[UPLOAD,0248]Upload data files...
1590150126:[UPLOAD,0231]"0051/5EC7C307.MER" uploaded at 142bytes/s
1590150142:[MAIN  ,0013]1 file(s) uploaded
1590150174:[SURF  ,0014]disconnected after 210s
1590150179:[SURFIN,0020]filling external bladder
1590150182:[SURFIN,0019]external bladder full
1590150182:[SURF  ,0227]1st complete transfer
1590150194:[SURF  ,0022]GPS fix...
1590150215:[SURF  ,0015]10 PPS detected...
1590150216:[MRMAID,0052]Mermaid $GPSACK:+0,+0,+0,+0,+0,+0,-30;
1590150226:[MRMAID,0052]Mermaid $GPSOFF:3686318;
1590150227:[GPSFIX,0179]-1s diff
1590150228:[SURF  ,0222]2020-05-22T12:23:48
1590150228:[SURF  ,0082]Latitude : N43deg40.940mn, Longitude :E007deg19.172mn
1590150228:[SURF  ,0223]fix3D,10satellites
1590150228:[SURF  ,0084]GPS fix GPGSA : hdop0.680,vdop0.910
1590150245:[MAIN  ,0024]internal pressure 79946Pa
1590150246:[BYCMD ,0107]    FreeRTOS V8.2.3
1590150246:[BYCMD ,0108]    FatFS v11a
1590150246:[BYCMD ,0120]    bypass 10000ms 60000ms (20000ms 60000ms stored)
1590150246:[BYCMD ,0121]    valve 60000ms 12750 (60000ms 12750 stored)
1590150246:[BYCMD ,0122]    pump 60000ms 30% 10750 80% (60000ms 30% 10750 80% stored)
1590150246:[BYCMD ,0123]    rate 2mbar/s (2mbar/s stored)
1590150246:[BYCMD ,0124]    surface 500mbar (500mbar stored)
1590150246:[BYCMD ,0125]    near 500mbar 3mbar/s (15000mbar 3mbar/s stored)
1590150246:[BYCMD ,0126]    far 1500mbar 4mbar/s (25000mbar 4mbar/s stored)
1590150246:[BYCMD ,0127]    ascent 8mbar/s (8mbar/s stored)
1590150246:[BYCMD ,0128]    dead 60s (300s stored)
1590150246:[BYCMD ,0129]    coeff 16/10 (16/10 stored)
1590150246:[BYCMD ,0130]    stab 10 (10 stored)
1590150246:[BYCMD ,0131]    delay 900s 3600s (900s 3600s stored)
1590150246:[BYCMD ,0132]    mmtime 2880min (2880min stored)
1590150246:[BYCMD ,0133]    dv_landing 100ml (100ml stored)
1590150246:[MKDCMD,0150]    p2t37: 15x2000ms, offset 176mbar
1590150246:[P2TCMD,0151]    p2t37: dp 50mbar, dt 1000000mdegC
1590150247:[STAGE ,0080]Stage [0] 5000mbar (+/-500mbar) 1800s (<1800s) 
1590150247:[STAGE ,0080]Stage [1] 5000mbar (+/-500mbar) 3600s (<5400s) MERMAID
1590150247:[STAGE ,0091]Stage [2] surfacing 3600s (<9000s) SBE41
1590150247:[SBE41 ,0282]SBE41 parameters : 
      dsreplyformat=1 (webb(0)/standard(1))
      addtimingdelays=0 (n(0)/y(1))
      outputdensity=0 (n(0)/y(1))
      echocmd=0 (n(0)/y(1))
      outputrt=0 (n(0)/y(1))
      outputpts=0 (n(0)/y(1))
      outputsn=0 (n(0)/y(1))
      outputpressure=1 (n(0)/y(1))
      pcutoff=2dbar
      tswait=0s
      pumpfastpt=1 (n(0)/y(1))
      samplerate=1 ('fast':1Hz(1)/'slow':0.5Hz(0))
      top_bin_interval=10dbar
      top_bin_size=10dbar
      top_bin_max=100dbar
      middle_bin_interval=50dbar
      middle_bin_size=50dbar
      middle_bin_max=1000dbar
      bottom_bin_interval=100dbar
      bottom_bin_size=100dbar
      includetransitionbin=0
      includenbin=0 (n(0)/y(1))
      autobinavg=0 (n(0)/y(1))
1590150247:[SBE41 ,0283]SBE41 pilot policy : 
      continiousprofile=0 (n(0)/y(1)
      speeddetection=1 (n(0)/y(1)
      hexoutput=1 (n(0)/y(1)
      binaverageoutput=0 (n(0)/y(1)
      manualprofilerate=10s
      runningpumpbeforeprofile=0s
      speedstart=2mbar/s
      speedcontrol=7mbar/s
1590150247:[MAIN  ,0070]turn off bluetooth
1590150250:[PRESS ,0038]P     +4mbar,T+19754mdegC
1590150274:[DIVING,0141]diving from 4mbar, +0mbar/s
1590150274:[BYPASS,0035]bypass opening 60000ms
1590150279:[BYPASS,0104]battery 14663mV,  331962uA (bypass opening), P     +4mbar
1590150344:[BYPASS,0106]battery 14538mV,  398818uA (bypass closing), P     +4mbar
1590150346:[PRESS ,0038]P    -96mbar,T+19765mdegC
1590150371:[BYPASS,0035]bypass opening 10000ms
1590150376:[BYPASS,0104]battery 14635mV,  312808uA (bypass opening), P    -86mbar
1590150391:[BYPASS,0106]battery 14591mV,  397964uA (bypass closing), P    -86mbar
1590150407:[PRESS ,0038]P    -36mbar,T+19766mdegC
1590150437:[BYPASS,0035]bypass opening 10000ms
1590150442:[BYPASS,0104]battery 14656mV,  317078uA (bypass opening), P     -6mbar
1590150457:[BYPASS,0106]battery 14607mV,  397476uA (bypass closing), P     -6mbar
1590150459:[PRESS ,0038]P    +64mbar,T+19775mdegC
1590150468:[PRESS ,0038]P   +134mbar,T+19776mdegC
1590150478:[PRESS ,0038]P   +204mbar,T+19775mdegC
1590150489:[PRESS ,0038]P   +274mbar,T+19776mdegC
1590150498:[PRESS ,0038]P   +334mbar,T+19775mdegC
1590150506:[PRESS ,0038]P   +394mbar,T+19775mdegC
1590150514:[PRESS ,0038]P   +454mbar,T+19776mdegC
1590150520:[PRESS ,0038]P   +514mbar,T+19775mdegC
1590150522:[DIVING,0028]524mbar reached (+8mbar/s), 3 bypass done
1590150522:[MAIN  ,0056]stage[0]
1590150524:[MAIN  ,0024]internal pressure 81060Pa
1590150525:[BUOY  ,0037]P   +544mbar
1590150525:[STAGE ,0080]Stage [0] 5000mbar (+/-500mbar) 1800s (<1590152322s) 
1590150588:[PRESS ,0038]P   +944mbar,T+19760mdegC
1590150598:[PRESS ,0038]P  +1014mbar,T+19756mdegC
1590150607:[PRESS ,0038]P  +1074mbar,T+19752mdegC
1590150673:[PRESS ,0038]P  +1354mbar,T+19705mdegC
1590150684:[PRESS ,0038]P  +1414mbar,T+19694mdegC
1590150759:[PRESS ,0038]P  +1824mbar,T+19588mdegC
1590150767:[PRESS ,0038]P  +1884mbar,T+19572mdegC
1590150778:[PRESS ,0038]P  +1954mbar,T+19553mdegC
1590150844:[PRESS ,0038]P  +2434mbar,T+19414mdegC
1590150853:[PRESS ,0038]P  +2494mbar,T+19395mdegC
1590150862:[PRESS ,0038]P  +2564mbar,T+19375mdegC
1590150930:[PRESS ,0038]P  +2974mbar,T+19219mdegC
1590150938:[PRESS ,0038]P  +3034mbar,T+19199mdegC
1590150947:[PRESS ,0038]P  +3104mbar,T+19178mdegC
1590151015:[PRESS ,0038]P  +3544mbar,T+19017mdegC
1590151024:[PRESS ,0038]P  +3604mbar,T+18997mdegC
1590151033:[PRESS ,0038]P  +3664mbar,T+18976mdegC
1590151040:[BUOY  ,0087]from +7mbar/s to +3mbar/s
1590151040:[BUOY  ,0089]need to transfer +64mL (pump during 77954ms)
1590151048:[PUMP  ,0207]battery 15121mV,   39528uA (warmup), P  +3714mbar
1590151048:[PUMP  ,0016]pump during 60000ms
1590151107:[PUMP  ,0212]battery 14537mV,  441274uA (steady state), P  +3714mbar
1590151112:[PRESS ,0038]P  +4134mbar,T+18829mdegC
1590151123:[PRESS ,0038]P  +4194mbar,T+18818mdegC
1590151137:[BUOY  ,0087]from +5mbar/s to +3mbar/s
1590151137:[BUOY  ,0089]need to transfer +26mL (pump during 31678ms)
1590151145:[PUMP  ,0207]battery 15086mV,   33672uA (warmup), P  +4244mbar
1590151145:[PUMP  ,0016]pump during 31678ms
1590151176:[PUMP  ,0212]battery 14670mV,  469822uA (steady state), P  +4244mbar
1590151201:[PRESS ,0038]P  +4444mbar,T+18692mdegC
1590151222:[PRESS ,0038]P  +4504mbar,T+18649mdegC
1590151226:[STAGE ,0213]4514mbar reached at 1590151226s, ref 5000mbar +/-500mbar
1590151226:[BUOY  ,0087]from +3mbar/s to +0mbar/s
1590151226:[BUOY  ,0089]need to transfer +14mL (pump during 17057ms)
1590151234:[PUMP  ,0207]battery 15055mV,   34526uA (warmup), P  +4514mbar
1590151234:[PUMP  ,0016]pump during 17057ms
1590151251:[PUMP  ,0212]battery 14617mV,  484218uA (steady state), P  +4514mbar
1590151290:[PRESS ,0038]P  +4654mbar,T+18499mdegC
1590151375:[PRESS ,0038]P  +4814mbar,T+18268mdegC
1590151436:[PRESS ,0038]P  +4944mbar,T+18099mdegC
1590151496:[PRESS ,0038]P  +5094mbar,T+17940mdegC
1590151496:[BUOY  ,0087]from +2mbar/s to +0mbar/s
1590151496:[BUOY  ,0089]need to transfer +6mL (pump during 7331ms)
1590151505:[PUMP  ,0207]battery 15087mV,   37820uA (warmup), P  +5094mbar
1590151505:[PUMP  ,0016]pump during 7331ms
1590151512:[PUMP  ,0212]battery 14576mV,  469090uA (steady state), P  +5094mbar
1590151560:[PRESS ,0038]P  +5224mbar,T+17807mdegC
1590151585:[BUOY  ,0087]from +2mbar/s to +0mbar/s
1590151585:[BUOY  ,0089]need to transfer +6mL (pump during 7331ms)
1590151593:[PUMP  ,0207]battery 15108mV,   36600uA (warmup), P  +5274mbar
1590151593:[PUMP  ,0016]pump during 7331ms
1590151601:[PUMP  ,0212]battery 14595mV,  471164uA (steady state), P  +5274mbar
1590151649:[PRESS ,0038]P  +5364mbar,T+17638mdegC
1590151674:[BUOY  ,0087]from +1mbar/s to +0mbar/s
1590151674:[BUOY  ,0089]need to transfer +2mL (pump during 2444ms)
1590151682:[PUMP  ,0207]battery 15121mV,   36112uA (warmup), P  +5384mbar
1590151682:[PUMP  ,0016]pump during 2444ms
1590151738:[PRESS ,0038]P  +5444mbar,T+17477mdegC
1590151763:[BUOY  ,0087]from +1mbar/s to +0mbar/s
1590151763:[BUOY  ,0089]need to transfer +2mL (pump during 2444ms)
1590151771:[PUMP  ,0207]battery 15128mV,   36600uA (warmup), P  +5474mbar
1590151771:[PUMP  ,0016]pump during 2444ms
1590151827:[PRESS ,0038]P  +5534mbar,T+17330mdegC
1590151851:<WARN>[BUOY  ,0094]stage[0] should ASCENT, stuck at 5544mbar for the #1 time
1590151851:[BUOY  ,0087]from +1mbar/s to -3mbar/s
1590151851:[BUOY  ,0089]need to transfer +16mL (pump during 19550ms)
1590151860:[PUMP  ,0207]battery 15137mV,   36844uA (warmup), P  +5544mbar
1590151860:[PUMP  ,0016]pump during 19550ms
1590151879:[PUMP  ,0212]battery 14592mV,  480436uA (steady state), P  +5544mbar
1590151940:[BUOY  ,0087]from -1mbar/s to -3mbar/s
1590151940:[BUOY  ,0089]need to transfer +12mL (pump during 14662ms)
1590151948:[PUMP  ,0207]battery 15135mV,   35014uA (warmup), P  +5504mbar
1590151948:[PUMP  ,0016]pump during 14662ms
1590151962:[PUMP  ,0212]battery 14593mV,  479094uA (steady state), P  +5504mbar
1590152004:[PRESS ,0038]P  +5404mbar,T+17116mdegC
1590152090:[PRESS ,0038]P  +5264mbar,T+16994mdegC
1590152150:[PRESS ,0038]P  +5174mbar,T+16905mdegC
1590152211:[PRESS ,0038]P  +5064mbar,T+16824mdegC
1590152272:[PRESS ,0038]P  +4944mbar,T+16749mdegC
1590152272:[BUOY  ,0087]from -2mbar/s to +0mbar/s
1590152272:[BUOY  ,0090]need to transfer -6mL (valve during 1093ms)
1590152272:[VALVE ,0034]valve opening 1093ms
1590152273:[VALVE ,0234]battery 14281mV,  628788uA, P  +4944mbar
1590152333:[PRESS ,0038]P  +4854mbar,T+16688mdegC
1590152357:[MAIN  ,0140]stage[0] complete 1835s after mission start
1590152357:[MAIN  ,0056]stage[1]
1590152360:[MAIN  ,0024]internal pressure 80437Pa
1590152361:[MRMAID,0002]acq started
1590152371:[BUOY  ,0037]P  +4814mbar
1590152371:[STAGE ,0080]Stage [1] 5000mbar (+/-500mbar) 3600s (<1590155922s) MERMAID
1590152373:[PRESS ,0038]P  +4794mbar,T+16650mdegC
1590152373:[STAGE ,0213]4794mbar reached at 1590152373s, ref 5000mbar +/-500mbar
1590152373:[BUOY  ,0087]from -1mbar/s to +0mbar/s
1590152373:[BUOY  ,0090]need to transfer -2mL (valve during 370ms)
1590152373:[VALVE ,0034]valve opening 370ms
1590152384:[MRMAID,0184]acq already started
1590152414:[MRMAID,0059]stop canceled
1590152954:[PRESS ,0038]P  +4864mbar,T+16362mdegC
1590153197:[PRESS ,0038]P  +4764mbar,T+16331mdegC
1590153257:[PRESS ,0038]P  +4704mbar,T+16323mdegC
1590153379:[PRESS ,0038]P  +4644mbar,T+16309mdegC
1590153864:[PRESS ,0038]P  +4734mbar,T+16234mdegC
1590153985:[PRESS ,0038]P  +4794mbar,T+16215mdegC
1590154410:[PRESS ,0038]P  +4724mbar,T+16158mdegC
1590154592:[PRESS ,0038]P  +4664mbar,T+16139mdegC
1590154895:[PRESS ,0038]P  +4804mbar,T+16103mdegC
1590155016:[PRESS ,0038]P  +4904mbar,T+16088mdegC
1590155259:[PRESS ,0038]P  +4824mbar,T+16048mdegC
1590155501:[PRESS ,0038]P  +4884mbar,T+16006mdegC
1590155744:[PRESS ,0038]P  +4944mbar,T+15972mdegC
1590155865:[PRESS ,0038]P  +5004mbar,T+15956mdegC
1590155926:[MAIN  ,0140]stage[1] complete 5404s after mission start
1590155926:[MRMAID,0052]Mermaid $STOPACK:$MEASFS,140562,3512.823120,40.013970;
1590155927:[MRMAID,0183]dropping spurious '0x2B'
1590155927:[MRMAID,0183]dropping spurious '0x31'
1590155927:[MRMAID,0183]dropping spurious '0x3B'
1590155927:[MRMAID,0185]3 spurious byte(s) received
1590155987:[MRMAID,0188]acq already stopped
1590156047:[MAIN  ,0056]stage[2]
1590156049:[MAIN  ,0024]internal pressure 80069Pa
1590156050:[PRESS ,0038]P  +5074mbar,T+15934mdegC
1590156050:[BUOY  ,0037]P  +5074mbar
1590156050:[STAGE ,0091]Stage [2] surfacing 3600s (<1590159522s) SBE41
1590156052:<WARN>[BUOY  ,0094]stage[2] should ASCENT, stuck at 5064mbar for the #1 time
1590156052:[BUOY  ,0087]from +0mbar/s to -7mbar/s
1590156052:[BUOY  ,0089]need to transfer +78mL (pump during 94203ms)
1590156060:[PUMP  ,0207]battery 15161mV,   40748uA (warmup), P  +5064mbar
1590156060:[PUMP  ,0016]pump during 60000ms
1590156119:[PUMP  ,0212]battery 14407mV,  457500uA (steady state), P  +5064mbar
1590156124:[PRESS ,0038]P  +4964mbar,T+15966mdegC
1590156136:[PRESS ,0038]P  +4904mbar,T+15980mdegC
1590156149:[PRESS ,0038]P  +4834mbar,T+15991mdegC
1590156149:[BUOY  ,0087]from -5mbar/s to -7mbar/s
1590156149:[BUOY  ,0089]need to transfer +38mL (pump during 45894ms)
1590156149:[SBE41 ,0337]Speed start detected
1590156157:[PUMP  ,0207]battery 14987mV,  103578uA (warmup), P  +4834mbar
1590156157:[PUMP  ,0016]pump during 45894ms
1590156202:[PUMP  ,0212]battery 14708mV,  506422uA (steady state), P  +4834mbar
1590156213:[PRESS ,0038]P  +4514mbar,T+16047mdegC
1590156221:[PRESS ,0038]P  +4444mbar,T+16057mdegC
1590156232:[PRESS ,0038]P  +4384mbar,T+16067mdegC
1590156298:[PRESS ,0038]P  +3994mbar,T+16086mdegC
1590156309:[PRESS ,0038]P  +3934mbar,T+16086mdegC
1590156318:[PRESS ,0038]P  +3874mbar,T+16086mdegC
1590156384:[PRESS ,0038]P  +3574mbar,T+16076mdegC
1590156401:[PRESS ,0038]P  +3514mbar,T+16074mdegC
1590156408:[BUOY  ,0087]from -4mbar/s to -7mbar/s
1590156408:[BUOY  ,0089]need to transfer +52mL (pump during 63961ms)
1590156417:[PUMP  ,0207]battery 14993mV,   60390uA (warmup), P  +3474mbar
1590156417:[PUMP  ,0016]pump during 60000ms
1590156476:[PUMP  ,0212]battery 14557mV,  494100uA (steady state), P  +3474mbar
1590156480:[PRESS ,0038]P  +3224mbar,T+16115mdegC
1590156493:[PRESS ,0038]P  +3154mbar,T+16131mdegC
1590156503:[PRESS ,0038]P  +3084mbar,T+16144mdegC
1590156566:[PRESS ,0038]P  +2664mbar,T+16186mdegC
1590156575:[PRESS ,0038]P  +2594mbar,T+16191mdegC
1590156584:[PRESS ,0038]P  +2534mbar,T+16195mdegC
1590156591:[PRESS ,0038]P  +2474mbar,T+16198mdegC
1590156651:[PRESS ,0038]P  +2144mbar,T+16228mdegC
1590156662:[PRESS ,0038]P  +2084mbar,T+16235mdegC
1590156674:[PRESS ,0038]P  +2014mbar,T+16243mdegC
1590156737:[PRESS ,0038]P  +1664mbar,T+16290mdegC
1590156749:[PRESS ,0038]P  +1594mbar,T+16301mdegC
1590156762:[BUOY  ,0087]from -5mbar/s to -7mbar/s
1590156762:[BUOY  ,0089]need to transfer +38mL (pump during 46740ms)
1590156770:[PUMP  ,0207]battery 14967mV,   61854uA (warmup), P  +1544mbar
1590156770:[PUMP  ,0016]pump during 46740ms
1590156816:[PUMP  ,0212]battery 14542mV,  480924uA (steady state), P  +1544mbar
1590156826:[PRESS ,0038]P  +1244mbar,T+16411mdegC
1590156838:[PRESS ,0038]P  +1184mbar,T+16436mdegC
1590156851:[PRESS ,0038]P  +1124mbar,T+16461mdegC
1590156851:[BUOY  ,0087]from -5mbar/s to -7mbar/s
1590156851:[BUOY  ,0089]need to transfer +38mL (pump during 46972ms)
1590156859:[PUMP  ,0207]battery 14980mV,   56120uA (warmup), P  +1124mbar
1590156859:[PUMP  ,0016]pump during 46972ms
1590156905:[PUMP  ,0212]battery 14597mV,  485316uA (steady state), P  +1124mbar
1590156915:[PRESS ,0038]P   +814mbar,T+16602mdegC
1590156925:[PRESS ,0038]P   +754mbar,T+16626mdegC
1590156934:[PRESS ,0038]P   +674mbar,T+16649mdegC
1590157000:[PRESS ,0038]P   +224mbar,T+16790mdegC
1590157009:[PRESS ,0038]P   +164mbar,T+16809mdegC
1590157021:[PRESS ,0038]P    +94mbar,T+16835mdegC
1590157025:[STAGE ,0214]74mbar (500) reached at 1590157025s, ascending from 5074mbar
1590157025:[STAGE ,0342]The float reached the surface : OK
1590157025:[MAIN  ,0140]stage[2] complete 6503s after mission start
1590157030:[SBE41 ,0343]SBE41 dump : 860 stored samples in hexa format
1590157061:[SBE41 ,0338]Dump finished
1590157061:[SBE41 ,0318]7740 bytes in 0051/5EC7DB11.S41
1590157062:[MRMAID,0188]acq already stopped
1590157122:[MSSION,0192]mission stopped, 3 stage(s) done
1590157122:[MAIN  ,0065]surfacing
1590157124:[PRESS ,0038]P    -36mbar,T+17074mdegC
1590157124:[SURFIN,0036]P    -36mbar
1590157128:[SURFIN,0020]filling external bladder
1590157136:[PUMP  ,0207]battery 15007mV,   41602uA (warmup), P    -46mbar
1590157136:[PUMP  ,0016]pump during 300000ms
1590157262:[PUMP  ,0212]battery 14211mV, 1467660uA (steady state), P    -46mbar
1590157264:[SURFIN,0019]external bladder full
1590157266:[PRESS ,0038]P   +200mbar,T+17714mdegC
1590157326:[MAIN  ,0272]Vbat 14806mV (min 14542mV)
1590157328:[MAIN  ,0024]internal pressure 79329Pa
1590157328:[MAIN  ,0043]Pext 190mbar (rng 20mbar)
1590157329:[MAIN  ,0064]surface
1590157342:[SURF  ,0022]GPS fix...
1590157362:[SURF  ,0015]10 PPS detected...
1590157363:[MRMAID,0052]Mermaid $GPSACK:+0,+0,+0,+0,+0,+0,-2716;
1590157373:[MRMAID,0052]Mermaid $GPSOFF:3686320;
1590157374:[GPSFIX,0179]-1s diff
1590157375:[SURF  ,0222]2020-05-22T14:22:55
1590157375:[SURF  ,0082]Latitude : N43deg40.938mn, Longitude :E007deg19.171mn
1590157375:[SURF  ,0223]fix3D,7satellites
1590157375:[SURF  ,0084]GPS fix GPGSA : hdop0.680,vdop1.150
1590157385:[SURF  ,0274]last almanac : 21774
1590157397:[MRMAID,0026]1442 bytes in 0051/5EC7E04E.MER
1590157403:[MAIN  ,0320]New pressure offset: 190mbar
1590157403:[LOGBIN,0078]*** switching to 0051/5EC7E05B ***
