1583321127:[MONITR,0197]reboot code 0x0000, src/monitor.c@520
1583321127:[MAIN  ,0007]buoy 452.020-P-0051
1583321127:[MAIN  ,0055]soft pilotage 452.012.300_V2.14-20200303
1583321127:[MAIN  ,0011]date 2020-03-04T11:25:27
1583321133:[MAIN  ,0006]battery 15341mV,    6710uA
1583321136:[MAIN  ,0024]internal pressure 79575Pa
1583321137:[PRESS ,0038]P   -109mbar,T+17906mdegC
1583321138:[MRMAID,0182]thread started
1583321139:[MRMAID,0186]no wake-up
1583321140:[MRMAID,0188]acq already stopped
1583321140:[MRMAID,0052]Mermaid $BOARD:452116600-51;
1583321141:[MRMAID,0052]Mermaid $SOFT:2.1344;
1583321141:[TESTMD,0053]Enter in test mode? yes/no
1583321141:[TESTMD,0252]0051>
1583321171:[BYCMD ,0107]    FreeRTOS V8.2.3
1583321171:[BYCMD ,0108]    FatFS v11a
1583321171:[BYCMD ,0117]    valve is running
1583321171:[BYCMD ,0120]    bypass 20000ms 60000ms (20000ms 60000ms stored)
1583321171:[BYCMD ,0121]    valve 60000ms 12750 (60000ms 12750 stored)
1583321171:[BYCMD ,0122]    pump 60000ms 30% 10750 80% (60000ms 30% 10750 80% stored)
1583321171:[BYCMD ,0123]    rate 2mbar/s (2mbar/s stored)
1583321171:[BYCMD ,0124]    surface 500mbar (500mbar stored)
1583321171:[BYCMD ,0125]    near 15000mbar 3mbar/s (15000mbar 3mbar/s stored)
1583321171:[BYCMD ,0126]    far 25000mbar 4mbar/s (25000mbar 4mbar/s stored)
1583321171:[BYCMD ,0127]    ascent 8mbar/s (8mbar/s stored)
1583321172:[BYCMD ,0128]    dead 300s (300s stored)
1583321172:[BYCMD ,0129]    coeff 16/10 (16/10 stored)
1583321172:[BYCMD ,0130]    stab 10 (10 stored)
1583321172:[BYCMD ,0131]    delay 900s 3600s (900s 3600s stored)
1583321172:[BYCMD ,0132]    mmtime 2880min (2880min stored)
1583321172:[BYCMD ,0133]    dv_landing 100ml (100ml stored)
1583321172:[MKDCMD,0150]    p2t37: 15x2000ms, offset 179mbar
1583321172:[P2TCMD,0151]    p2t37: dp 5000mbar, dt 5000mdegC
1583321172:[STAGE ,0080]Stage [0] 2500mbar (+/-500mbar) 900s (<900s) 
1583321172:[STAGE ,0080]Stage [1] 2500mbar (+/-500mbar) 1800s (<2700s) MERMAID
1583321172:[STAGE ,0080]Stage [2] 5000mbar (+/-500mbar) 900s (<3600s) 
1583321172:[STAGE ,0091]Stage [3] surfacing 3600s (<7200s) SBE41
1583321172:[SBE41 ,0282]SBE41 parameters : 
      dsreplyformat=1 (webb(0)/standard(1))
      addtimingdelays=0 (n(0)/y(1))
      outputdensity=0 (n(0)/y(1))
      echocmd=0 (n(0)/y(1))
      outputrt=0 (n(0)/y(1))
      outputpts=0 (n(0)/y(1))
      outputsn=0 (n(0)/y(1))
      outputpressure=1 (n(0)/y(1))
      pcutoff=2dbar
      tswait=0s
      pumpfastpt=1 (n(0)/y(1))
      samplerate=1 ('fast':1Hz(1)/'slow':0.5Hz(0))
      top_bin_interval=10dbar
      top_bin_size=10dbar
      top_bin_max=100dbar
      middle_bin_interval=50dbar
      middle_bin_size=50dbar
      middle_bin_max=1000dbar
      bottom_bin_interval=100dbar
      bottom_bin_size=100dbar
      includetransitionbin=0
      includenbin=0 (n(0)/y(1))
      autobinavg=0 (n(0)/y(1))
1583321172:[SBE41 ,0283]SBE41 pilot policy : 
      continiousprofile=0 (n(0)/y(1)
      speeddetection=1 (n(0)/y(1)
      hexoutput=1 (n(0)/y(1)
      binaverageoutput=0 (n(0)/y(1)
      manualprofilerate=10s
      runningpumpbeforeprofile=0s
      speedstart=2mbar/s
      speedcontrol=9mbar/s
1583321172:[MAIN  ,0065]surfacing
1583321197:[SURFIN,0036]P   -109mbar
1583321200:[SURFIN,0020]filling external bladder
1583321209:[PUMP  ,0016]pump during 300000ms
1583321219:[SURFIN,0019]external bladder full
1583321281:[MAIN  ,0272]Vbat 15311mV (min 15286mV)
1583321283:[MAIN  ,0024]internal pressure 79539Pa
1583321283:[MAIN  ,0043]Pext 71mbar (rng 20mbar)
1583321283:[MAIN  ,0064]surface
1583321292:[SURF  ,0022]GPS fix...
1583321347:<WARN>[GPSFIX,0123]GPRMC ms=500 #1
1583321397:[SURF  ,0015]10 PPS detected...
1583321399:[MRMAID,0052]Mermaid $GPSACK:+50,+2,+3,+11,+22,-27,-89599;
1583321409:[MRMAID,0052]Mermaid $GPSOFF:3686320;
1583321411:[GPSFIX,0179]-1s diff
1583321412:[SURF  ,0222]2020-03-04T11:30:12
1583321412:[SURF  ,0082]Latitude : N43deg40.945mn, Longitude :E007deg19.176mn
1583321412:[SURF  ,0223]fix3D,3satellites
1583321412:[SURF  ,0084]GPS fix GPGSA : hdop1.220,vdop1.800
1583321422:[SURF  ,0274]last almanac : 2256863
1583321433:[MRMAID,0026]1263 bytes in 0051/5E5F9153.MER
1583321439:[MAIN  ,0320]New pressure offset: 71mbar
