1590647312:[MAIN  ,0007]buoy 452.020-P-0051
1590647312:[MAIN  ,0055]soft pilotage 452.012.300_V2.18-20200518
1590647312:[MAIN  ,0010]cycle 9
1590647312:[SURF  ,0225]surface2
1590647326:[SURF  ,0022]GPS fix...
1590647347:[SURF  ,0015]10 PPS detected...
1590647348:[MRMAID,0052]Mermaid $GPSACK:+0,+0,+0,+0,+0,+0,+0;
1590647358:[MRMAID,0052]Mermaid $GPSOFF:3686321;
1590647359:[GPSFIX,0179]-1s diff
1590647360:[SURF  ,0222]2020-05-28T06:29:20
1590647360:[SURF  ,0082]Latitude : N43deg40.935mn, Longitude :E007deg19.174mn
1590647360:[SURF  ,0223]fix3D,9satellites
1590647360:[SURF  ,0084]GPS fix GPGSA : hdop0.580,vdop0.970
1590647370:[SURF  ,0025]Iridium...
1590647409:[SURF  ,0009]connected in 39s, signal quality 5
1590647486:[SURF  ,0218]prompt received, remote cmd end
1590647486:[SURF  ,0012]18 cmd(s) received
1590647508:[UPLOAD,0248]Upload data files...
1590647629:[UPLOAD,0231]"0051/5ECF5A02.MER" uploaded at 15bytes/s
1590647691:[UPLOAD,0231]"0051/5ECF2823.BIN" uploaded at 133bytes/s
1590647707:[MAIN  ,0013]2 file(s) uploaded
1590647741:[SURF  ,0014]disconnected after 371s
1590647746:[SURFIN,0020]filling external bladder
1590647754:[PUMP  ,0207]battery 14843mV,   30866uA (warmup), P   +210mbar
1590647754:[PUMP  ,0016]pump during 300000ms
1590647762:[PUMP  ,0212]battery 14122mV, 1354200uA (steady state), P   +210mbar
1590647764:[SURFIN,0019]external bladder full
1590647764:[SURF  ,0227]1st complete transfer
1590647962:[SURF  ,0022]GPS fix...
1590647982:[SURF  ,0015]10 PPS detected...
1590647983:[MRMAID,0052]Mermaid $GPSACK:+0,+0,+0,+0,+0,+1,-999938;
1590647993:[MRMAID,0052]Mermaid $GPSOFF:3686320;
1590647993:[GPSFIX,0179]-1s diff
1590647994:[SURF  ,0222]2020-05-28T06:39:54
1590647994:[SURF  ,0082]Latitude : N43deg40.935mn, Longitude :E007deg19.174mn
1590647994:[SURF  ,0223]fix3D,9satellites
1590647994:[SURF  ,0084]GPS fix GPGSA : hdop0.610,vdop1.040
1590648004:[SURF  ,0025]Iridium...
1590648039:[SURF  ,0009]connected in 35s, signal quality 5
1590648068:[SURF  ,0218]prompt received, remote cmd end
1590648068:[SURF  ,0012]0 cmd(s) received
1590648095:[SURF  ,0014]disconnected after 91s
1590648100:[SURFIN,0020]filling external bladder
1590648108:[PUMP  ,0207]battery 14933mV,   31964uA (warmup), P   +210mbar
1590648108:[PUMP  ,0016]pump during 300000ms
1590648117:[PUMP  ,0212]battery 14143mV, 1363838uA (steady state), P   +210mbar
1590648119:[SURFIN,0019]external bladder full
1590648120:[SURF  ,0226]Go dive (Minimum surface delay expired and no more file to upload)
1590648136:[SURF  ,0022]GPS fix...
1590648156:[SURF  ,0015]10 PPS detected...
1590648157:[MRMAID,0052]Mermaid $GPSACK:+0,+0,+0,+0,+0,+0,-30;
1590648167:[MRMAID,0052]Mermaid $GPSOFF:3686320;
1590648168:[GPSFIX,0179]+0s diff
1590648168:[SURF  ,0222]2020-05-28T06:42:48
1590648168:[SURF  ,0082]Latitude : N43deg40.935mn, Longitude :E007deg19.174mn
1590648168:[SURF  ,0223]fix3D,9satellites
1590648168:[SURF  ,0084]GPS fix GPGSA : hdop0.610,vdop1.030
1590648185:[MAIN  ,0024]internal pressure 79020Pa
1590648186:[BYCMD ,0107]    FreeRTOS V8.2.3
1590648186:[BYCMD ,0108]    FatFS v11a
1590648186:[BYCMD ,0120]    bypass 10000ms 60000ms (20000ms 60000ms stored)
1590648186:[BYCMD ,0121]    valve 60000ms 12750 (60000ms 12750 stored)
1590648186:[BYCMD ,0122]    pump 60000ms 30% 10750 80% (60000ms 30% 10750 80% stored)
1590648186:[BYCMD ,0123]    rate 2mbar/s (2mbar/s stored)
1590648186:[BYCMD ,0124]    surface 500mbar (500mbar stored)
1590648186:[BYCMD ,0125]    near 500mbar 3mbar/s (15000mbar 3mbar/s stored)
1590648186:[BYCMD ,0126]    far 1500mbar 4mbar/s (25000mbar 4mbar/s stored)
1590648186:[BYCMD ,0127]    ascent 8mbar/s (8mbar/s stored)
1590648186:[BYCMD ,0128]    dead 60s (300s stored)
1590648186:[BYCMD ,0129]    coeff 16/10 (16/10 stored)
1590648186:[BYCMD ,0130]    stab 10 (10 stored)
1590648186:[BYCMD ,0131]    delay 900s 3600s (900s 3600s stored)
1590648186:[BYCMD ,0132]    mmtime 2880min (2880min stored)
1590648186:[BYCMD ,0133]    dv_landing 100ml (100ml stored)
1590648186:[MKDCMD,0150]    p2t37: 15x2000ms, offset 207mbar
1590648186:[P2TCMD,0151]    p2t37: dp 50mbar, dt 1000000mdegC
1590648187:[STAGE ,0080]Stage [0] 5000mbar (+/-500mbar) 1800s (<1800s) 
1590648187:[STAGE ,0080]Stage [1] 5000mbar (+/-500mbar) 7200s (<9000s) MERMAID
1590648187:[STAGE ,0091]Stage [2] surfacing 3600s (<12600s) SBE41
1590648187:[SBE41 ,0282]SBE41 parameters : 
      dsreplyformat=1 (webb(0)/standard(1))
      addtimingdelays=0 (n(0)/y(1))
      outputdensity=0 (n(0)/y(1))
      echocmd=0 (n(0)/y(1))
      outputrt=0 (n(0)/y(1))
      outputpts=0 (n(0)/y(1))
      outputsn=0 (n(0)/y(1))
      outputpressure=1 (n(0)/y(1))
      pcutoff=2dbar
      tswait=0s
      pumpfastpt=1 (n(0)/y(1))
      samplerate=0 ('fast':1Hz(1)/'slow':0.5Hz(0))
      top_bin_interval=10dbar
      top_bin_size=10dbar
      top_bin_max=100dbar
      middle_bin_interval=50dbar
      middle_bin_size=50dbar
      middle_bin_max=1000dbar
      bottom_bin_interval=100dbar
      bottom_bin_size=100dbar
      includetransitionbin=0
      includenbin=0 (n(0)/y(1))
      autobinavg=0 (n(0)/y(1))
1590648187:[SBE41 ,0283]SBE41 pilot policy : 
      continiousprofile=0 (n(0)/y(1)
      speeddetection=1 (n(0)/y(1)
      hexoutput=1 (n(0)/y(1)
      binaverageoutput=0 (n(0)/y(1)
      manualprofilerate=10s
      runningpumpbeforeprofile=15s
      speedstart=2mbar/s
      speedcontrol=4mbar/s
1590648187:[MAIN  ,0070]turn off bluetooth
1590648189:[PRESS ,0038]P    -17mbar,T+19072mdegC
1590648214:[DIVING,0141]diving from -7mbar, +0mbar/s
1590648214:[BYPASS,0035]bypass opening 60000ms
1590648219:[BYPASS,0104]battery 14541mV,  322080uA (bypass opening), P     -7mbar
1590648284:[BYPASS,0106]battery 14445mV,  400526uA (bypass closing), P     -7mbar
1590648286:[PRESS ,0038]P   -127mbar,T+19236mdegC
1590648311:[BYPASS,0035]bypass opening 10000ms
1590648316:[BYPASS,0104]battery 14551mV,  329278uA (bypass opening), P    -97mbar
1590648331:[BYPASS,0106]battery 14483mV,  399672uA (bypass closing), P    -97mbar
1590648335:[PRESS ,0038]P    -67mbar,T+19318mdegC
1590648347:[PRESS ,0038]P     -7mbar,T+19344mdegC
1590648358:[PRESS ,0038]P    +63mbar,T+19356mdegC
1590648371:[PRESS ,0038]P   +133mbar,T+19365mdegC
1590648385:[PRESS ,0038]P   +193mbar,T+19369mdegC
1590648399:[PRESS ,0038]P   +273mbar,T+19380mdegC
1590648419:[PRESS ,0038]P   +333mbar,T+19402mdegC
1590648432:[PRESS ,0038]P   +393mbar,T+19410mdegC
1590648449:[PRESS ,0038]P   +463mbar,T+19423mdegC
1590648463:[PRESS ,0038]P   +523mbar,T+19423mdegC
1590648465:[DIVING,0028]533mbar reached (+4mbar/s), 2 bypass done
1590648465:[MAIN  ,0056]stage[0]
1590648468:[MAIN  ,0024]internal pressure 79925Pa
1590648468:[BUOY  ,0037]P   +543mbar
1590648468:[STAGE ,0080]Stage [0] 5000mbar (+/-500mbar) 1800s (<1590650265s) 
1590648531:[PRESS ,0038]P   +813mbar,T+19448mdegC
1590648556:[BUOY  ,0087]from +1mbar/s to +4mbar/s
1590648556:[BUOY  ,0090]need to transfer -24mL (valve during 10552ms)
1590648556:[VALVE ,0034]valve opening 10552ms
1590648566:[VALVE ,0234]battery 14177mV,  628300uA, P   +843mbar
1590648616:[PRESS ,0038]P   +913mbar,T+19460mdegC
1590648641:[BUOY  ,0087]from +2mbar/s to +4mbar/s
1590648641:[BUOY  ,0090]need to transfer -20mL (valve during 8226ms)
1590648641:[VALVE ,0034]valve opening 8226ms
1590648650:[VALVE ,0234]battery 14253mV,  623664uA, P   +963mbar
1590648702:[PRESS ,0038]P  +1153mbar,T+19438mdegC
1590648714:[PRESS ,0038]P  +1223mbar,T+19436mdegC
1590648725:[PRESS ,0038]P  +1283mbar,T+19433mdegC
1590648788:[PRESS ,0038]P  +1703mbar,T+19410mdegC
1590648798:[PRESS ,0038]P  +1763mbar,T+19405mdegC
1590648811:[PRESS ,0038]P  +1823mbar,T+19395mdegC
1590648873:[PRESS ,0038]P  +2213mbar,T+19341mdegC
1590648885:[PRESS ,0038]P  +2273mbar,T+19329mdegC
1590648894:[PRESS ,0038]P  +2333mbar,T+19319mdegC
1590648958:[PRESS ,0038]P  +2733mbar,T+19243mdegC
1590648971:[PRESS ,0038]P  +2793mbar,T+19228mdegC
1590648982:[PRESS ,0038]P  +2863mbar,T+19214mdegC
1590649044:[PRESS ,0038]P  +3113mbar,T+19126mdegC
1590649060:[PRESS ,0038]P  +3183mbar,T+19101mdegC
1590649129:[PRESS ,0038]P  +3533mbar,T+18969mdegC
1590649142:[PRESS ,0038]P  +3593mbar,T+18942mdegC
1590649151:[PRESS ,0038]P  +3653mbar,T+18921mdegC
1590649154:[BUOY  ,0087]from +6mbar/s to +3mbar/s
1590649154:[BUOY  ,0089]need to transfer +44mL (pump during 53922ms)
1590649162:[PUMP  ,0207]battery 15108mV,   37576uA (warmup), P  +3663mbar
1590649163:[PUMP  ,0016]pump during 53922ms
1590649215:[PUMP  ,0212]battery 14450mV,  456280uA (steady state), P  +3663mbar
1590649220:[PRESS ,0038]P  +4013mbar,T+18754mdegC
1590649238:[PRESS ,0038]P  +4073mbar,T+18708mdegC
1590649306:[PRESS ,0038]P  +4283mbar,T+18511mdegC
1590649323:[PRESS ,0038]P  +4343mbar,T+18458mdegC
1590649391:[PRESS ,0038]P  +4433mbar,T+18253mdegC
1590649416:[BUOY  ,0087]from +1mbar/s to +3mbar/s
1590649416:[BUOY  ,0090]need to transfer -12mL (valve during 2318ms)
1590649416:[VALVE ,0034]valve opening 2318ms
1590649418:[VALVE ,0234]battery 14282mV,  630984uA, P  +4443mbar
1590649489:[PRESS ,0038]P  +4493mbar,T+17965mdegC
1590649501:<WARN>[BUOY  ,0094]stage[0] should DESCENT, stuck at 4483mbar for the #1 time
1590649502:[BUOY  ,0087]from +0mbar/s to +3mbar/s
1590649502:[BUOY  ,0090]need to transfer -14mL (valve during 2705ms)
1590649502:[VALVE ,0034]valve opening 2705ms
1590649504:[VALVE ,0234]battery 14273mV,  631716uA, P  +4483mbar
1590649587:<WARN>[BUOY  ,0094]stage[0] should DESCENT, stuck at 4493mbar for the #2 time
1590649587:[BUOY  ,0087]from +0mbar/s to +3mbar/s
1590649587:[BUOY  ,0090]need to transfer -14mL (valve during 2664ms)
1590649587:[VALVE ,0034]valve opening 2664ms
1590649590:[VALVE ,0234]battery 14282mV,  631106uA, P  +4493mbar
1590649650:[PRESS ,0038]P  +4553mbar,T+17515mdegC
1590649673:[STAGE ,0213]4553mbar reached at 1590649673s, ref 5000mbar +/-500mbar
1590650279:[MAIN  ,0140]stage[0] complete 1814s after mission start
1590650279:[MAIN  ,0056]stage[1]
1590650281:[MAIN  ,0024]internal pressure 79558Pa
1590650283:[MRMAID,0002]acq started
1590650293:[BUOY  ,0037]P  +4533mbar
1590650293:[STAGE ,0080]Stage [1] 5000mbar (+/-500mbar) 7200s (<1590657465s) MERMAID
1590650295:[STAGE ,0213]4553mbar reached at 1590650295s, ref 5000mbar +/-500mbar
1590651568:[PRESS ,0038]P  +4613mbar,T+15527mdegC
1590651811:[PRESS ,0038]P  +4743mbar,T+15433mdegC
1590651871:[PRESS ,0038]P  +4943mbar,T+15412mdegC
1590651932:[PRESS ,0038]P  +5193mbar,T+15391mdegC
1590651993:[PRESS ,0038]P  +5453mbar,T+15370mdegC
1590651993:[BUOY  ,0087]from +1mbar/s to +0mbar/s
1590651993:[BUOY  ,0089]need to transfer +2mL (pump during 2420ms)
1590651993:[MRMAID,0003]acq stopped
1590651993:[MRMAID,0052]Mermaid $MEASFS,66328,1657.619384,40.014011;
1590652002:[PUMP  ,0207]battery 15183mV,   40260uA (warmup), P  +5453mbar
1590652002:[PUMP  ,0016]pump during 2420ms
1590652007:[MRMAID,0002]acq started
1590652067:[PRESS ,0038]P  +5813mbar,T+15351mdegC
1590652076:[PRESS ,0038]P  +5873mbar,T+15348mdegC
1590652086:[PRESS ,0038]P  +5933mbar,T+15344mdegC
1590652092:<WARN>[BUOY  ,0094]stage[1] should ASCENT, stuck at 5963mbar for the #1 time
1590652092:[BUOY  ,0087]from +6mbar/s to -3mbar/s
1590652092:[BUOY  ,0089]need to transfer +72mL (pump during 87167ms)
1590652092:[MRMAID,0003]acq stopped
1590652100:[PUMP  ,0207]battery 15192mV,   39650uA (warmup), P  +5963mbar
1590652100:[PUMP  ,0016]pump during 60000ms
1590652159:[PUMP  ,0212]battery 14511mV,  484828uA (steady state), P  +5963mbar
1590652164:[MRMAID,0002]acq started
1590652175:[PRESS ,0038]P  +6343mbar,T+15355mdegC
1590652199:<WARN>[BUOY  ,0094]stage[1] should ASCENT, stuck at 6383mbar for the #2 time
1590652199:[BUOY  ,0087]from +2mbar/s to -3mbar/s
1590652199:[BUOY  ,0089]need to transfer +20mL (pump during 24198ms)
1590652208:[PUMP  ,0207]battery 15122mV,   36844uA (warmup), P  +6383mbar
1590652208:[PUMP  ,0016]pump during 24198ms
1590652217:[MRMAID,0003]acq stopped
1590652232:[PUMP  ,0212]battery 14651mV,  487390uA (steady state), P  +6383mbar
1590652236:[MRMAID,0002]acq started
1590652273:[PRESS ,0038]P  +6453mbar,T+15373mdegC
1590652298:[BUOY  ,0087]from -1mbar/s to -3mbar/s
1590652298:[BUOY  ,0089]need to transfer +12mL (pump during 14519ms)
1590652298:[MRMAID,0003]acq stopped
1590652307:[PUMP  ,0207]battery 15090mV,   36966uA (warmup), P  +6443mbar
1590652307:[PUMP  ,0016]pump during 14519ms
1590652321:[PUMP  ,0212]battery 14572mV,  491538uA (steady state), P  +6443mbar
1590652325:[MRMAID,0002]acq started
1590652372:[PRESS ,0038]P  +6323mbar,T+15366mdegC
1590652458:[PRESS ,0038]P  +6163mbar,T+15342mdegC
1590652482:<WARN>[BUOY  ,0094]stage[1] should ASCENT, stuck at 6153mbar for the #1 time
1590652482:[BUOY  ,0087]from +0mbar/s to -3mbar/s
1590652482:[BUOY  ,0089]need to transfer +14mL (pump during 17117ms)
1590652483:[MRMAID,0003]acq stopped
1590652491:[PUMP  ,0207]battery 15091mV,   37942uA (warmup), P  +6153mbar
1590652491:[PUMP  ,0016]pump during 17117ms
1590652508:[PUMP  ,0212]battery 14530mV,  483852uA (steady state), P  +6153mbar
1590652512:[MRMAID,0002]acq started
1590652556:[PRESS ,0038]P  +6053mbar,T+15328mdegC
1590652572:[PRESS ,0038]P  +5993mbar,T+15326mdegC
1590652642:[PRESS ,0038]P  +5883mbar,T+15308mdegC
1590652663:[PRESS ,0038]P  +5823mbar,T+15302mdegC
1590652727:[PRESS ,0038]P  +5623mbar,T+15281mdegC
1590652741:[PRESS ,0038]P  +5563mbar,T+15277mdegC
1590652813:[PRESS ,0038]P  +5413mbar,T+15258mdegC
1590652898:[PRESS ,0038]P  +5293mbar,T+15236mdegC
1590652959:[PRESS ,0038]P  +5193mbar,T+15223mdegC
1590653020:[PRESS ,0038]P  +5093mbar,T+15211mdegC
1590653080:[PRESS ,0038]P  +5023mbar,T+15201mdegC
1590653141:[PRESS ,0038]P  +4963mbar,T+15193mdegC
1590653141:[BUOY  ,0087]from -1mbar/s to +0mbar/s
1590653141:[BUOY  ,0090]need to transfer -2mL (valve during 364ms)
1590653141:[MRMAID,0003]acq stopped
1590653142:[VALVE ,0034]valve opening 364ms
1590653143:[MRMAID,0002]acq started
1590653297:[PRESS ,0038]P  +4893mbar,T+15176mdegC
1590653479:[PRESS ,0038]P  +4833mbar,T+15161mdegC
1590653722:[PRESS ,0038]P  +4763mbar,T+15147mdegC
1590653964:[PRESS ,0038]P  +4703mbar,T+15136mdegC
1590654449:[PRESS ,0038]P  +4633mbar,T+15117mdegC
1590655299:[PRESS ,0038]P  +4703mbar,T+15111mdegC
1590656633:[PRESS ,0038]P  +4633mbar,T+15155mdegC
1590657482:[MAIN  ,0140]stage[1] complete 9017s after mission start
1590657482:[MRMAID,0003]acq stopped
1590657482:[MRMAID,0052]Mermaid $MEASFS,171509,4286.223053,40.014017;
1590657542:[MAIN  ,0056]stage[2]
1590657544:[MAIN  ,0024]internal pressure 79174Pa
1590657544:<ERR>[SBE41 ,0357]MAX3100 not initialized [3]
1590657545:[BUOY  ,0037]P  +4623mbar
1590657545:[STAGE ,0091]Stage [2] surfacing 3600s (<1590661065s) SBE41
1590657547:<WARN>[BUOY  ,0094]stage[2] should ASCENT, stuck at 4623mbar for the #1 time
1590657547:[BUOY  ,0087]from +0mbar/s to -4mbar/s
1590657547:[BUOY  ,0089]need to transfer +26mL (pump during 31403ms)
1590657555:[PUMP  ,0207]battery 15170mV,   40626uA (warmup), P  +4623mbar
1590657555:[PUMP  ,0016]pump during 31403ms
1590657586:[PUMP  ,0212]battery 14383mV,  460916uA (steady state), P  +4623mbar
1590657611:[PRESS ,0038]P  +4573mbar,T+15118mdegC
1590657636:[BUOY  ,0087]from -1mbar/s to -4mbar/s
1590657636:[BUOY  ,0089]need to transfer +24mL (pump during 28988ms)
1590657644:[PUMP  ,0207]battery 15165mV,   39162uA (warmup), P  +4573mbar
1590657644:[PUMP  ,0016]pump during 28988ms
1590657672:[PUMP  ,0212]battery 14622mV,  485194uA (steady state), P  +4573mbar
1590657700:[PRESS ,0038]P  +4483mbar,T+15134mdegC
1590657725:[BUOY  ,0087]from -1mbar/s to -4mbar/s
1590657725:[BUOY  ,0089]need to transfer +24mL (pump during 28988ms)
1590657733:[PUMP  ,0207]battery 15140mV,   37942uA (warmup), P  +4463mbar
1590657733:[PUMP  ,0016]pump during 28988ms
1590657761:[PUMP  ,0212]battery 14646mV,  483120uA (steady state), P  +4463mbar
1590657789:[PRESS ,0038]P  +4293mbar,T+15153mdegC
1590657808:[PRESS ,0038]P  +4233mbar,T+15158mdegC
1590657874:[PRESS ,0038]P  +3923mbar,T+15164mdegC
1590657885:[PRESS ,0038]P  +3863mbar,T+15166mdegC
1590657899:[PRESS ,0038]P  +3803mbar,T+15168mdegC
1590657899:[BUOY  ,0087]from -5mbar/s to -4mbar/s
1590657899:[BUOY  ,0090]need to transfer -14mL (valve during 2926ms)
1590657899:[VALVE ,0034]valve opening 2926ms
1590657902:[VALVE ,0234]battery 14341mV,  633912uA, P  +3803mbar
1590657960:[PRESS ,0038]P  +3623mbar,T+15182mdegC
1590657976:[PRESS ,0038]P  +3563mbar,T+15189mdegC
1590658045:[PRESS ,0038]P  +3303mbar,T+15224mdegC
1590658070:[PRESS ,0038]P  +3233mbar,T+15242mdegC
1590658131:[PRESS ,0038]P  +3123mbar,T+15294mdegC
1590658152:[PRESS ,0038]P  +3063mbar,T+15315mdegC
1590658156:[BUOY  ,0087]from -2mbar/s to -4mbar/s
1590658156:[BUOY  ,0089]need to transfer +20mL (pump during 24157ms)
1590658164:[PUMP  ,0207]battery 15107mV,   39772uA (warmup), P  +3063mbar
1590658164:[PUMP  ,0016]pump during 24157ms
1590658188:[PUMP  ,0212]battery 14565mV,  455670uA (steady state), P  +3063mbar
1590658220:[PRESS ,0038]P  +2853mbar,T+15407mdegC
1590658234:[PRESS ,0038]P  +2793mbar,T+15430mdegC
1590658305:[PRESS ,0038]P  +2493mbar,T+15558mdegC
1590658321:[PRESS ,0038]P  +2433mbar,T+15591mdegC
1590658390:[PRESS ,0038]P  +2223mbar,T+15729mdegC
1590658412:[PRESS ,0038]P  +2143mbar,T+15771mdegC
1590658476:[PRESS ,0038]P  +2033mbar,T+15899mdegC
1590658501:[BUOY  ,0087]from -2mbar/s to -4mbar/s
1590658501:[BUOY  ,0089]need to transfer +20mL (pump during 24341ms)
1590658509:[PUMP  ,0207]battery 15112mV,   39650uA (warmup), P  +1993mbar
1590658509:[PUMP  ,0016]pump during 24341ms
1590658533:[PUMP  ,0212]battery 14561mV,  454084uA (steady state), P  +1993mbar
1590658565:[PRESS ,0038]P  +1933mbar,T+16076mdegC
1590658589:[BUOY  ,0087]from -1mbar/s to -4mbar/s
1590658590:[BUOY  ,0089]need to transfer +24mL (pump during 29209ms)
1590658598:[PUMP  ,0207]battery 15111mV,   37332uA (warmup), P  +1903mbar
1590658598:[PUMP  ,0016]pump during 29209ms
1590658627:[PUMP  ,0212]battery 14605mV,  459940uA (steady state), P  +1903mbar
1590658653:[PRESS ,0038]P  +1753mbar,T+16252mdegC
1590658666:[PRESS ,0038]P  +1693mbar,T+16279mdegC
1590658739:[PRESS ,0038]P  +1483mbar,T+16448mdegC
1590658758:[PRESS ,0038]P  +1423mbar,T+16495mdegC
1590658824:[PRESS ,0038]P  +1233mbar,T+16660mdegC
1590658849:[BUOY  ,0087]from -2mbar/s to -4mbar/s
1590658849:[BUOY  ,0089]need to transfer +20mL (pump during 24341ms)
1590658857:[PUMP  ,0207]battery 15087mV,   38796uA (warmup), P  +1183mbar
1590658857:[PUMP  ,0016]pump during 24341ms
1590658881:[PUMP  ,0212]battery 14537mV,  452132uA (steady state), P  +1183mbar
1590658913:[PRESS ,0038]P   +973mbar,T+16847mdegC
1590658927:[PRESS ,0038]P   +913mbar,T+16873mdegC
1590658999:[PRESS ,0038]P   +743mbar,T+17015mdegC
1590659023:[BUOY  ,0087]from -2mbar/s to -4mbar/s
1590659023:[BUOY  ,0089]need to transfer +20mL (pump during 24426ms)
1590659032:[PUMP  ,0207]battery 15083mV,   38064uA (warmup), P   +693mbar
1590659032:[PUMP  ,0016]pump during 24426ms
1590659056:[PUMP  ,0212]battery 14537mV,  451156uA (steady state), P   +693mbar
1590659087:[PRESS ,0038]P   +503mbar,T+17178mdegC
1590659102:[PRESS ,0038]P   +443mbar,T+17199mdegC
1590659112:[STAGE ,0214]413mbar (500) reached at 1590659112s, ascending from 4623mbar
1590659112:[STAGE ,0342]The float reached the surface : OK
1590659112:[MAIN  ,0140]stage[2] complete 10647s after mission start
1590659112:<ERR>[SBE41 ,0357]MAX3100 not initialized [2]
1590659112:[MRMAID,0188]acq already stopped
1590659173:[MSSION,0192]mission stopped, 3 stage(s) done
1590659173:[MAIN  ,0065]surfacing
1590659175:[PRESS ,0038]P   +163mbar,T+17362mdegC
1590659175:[SURFIN,0036]P   +163mbar
1590659178:[SURFIN,0020]filling external bladder
1590659186:[PUMP  ,0207]battery 15078mV,   37454uA (warmup), P   +163mbar
1590659186:[PUMP  ,0016]pump during 300000ms
1590659310:[PUMP  ,0212]battery 14263mV, 1389946uA (steady state), P   +163mbar
1590659312:[SURFIN,0019]external bladder full
1590659375:[MAIN  ,0272]Vbat 14802mV (min 14402mV)
1590659377:[MAIN  ,0024]internal pressure 78907Pa
1590659377:[MAIN  ,0043]Pext 201mbar (rng 20mbar)
1590659377:[MAIN  ,0064]surface
1590659387:[SURF  ,0022]GPS fix...
1590659410:[SURF  ,0015]10 PPS detected...
1590659411:[MRMAID,0052]Mermaid $GPSACK:+0,+0,+0,+0,+0,+0,-2075;
1590659421:[MRMAID,0052]Mermaid $GPSOFF:3686321;
1590659422:[GPSFIX,0179]-1s diff
1590659423:[SURF  ,0222]2020-05-28T09:50:23
1590659423:[SURF  ,0082]Latitude : N43deg40.935mn, Longitude :E007deg19.173mn
1590659423:[SURF  ,0223]fix3D,10satellites
1590659423:[SURF  ,0084]GPS fix GPGSA : hdop0.610,vdop0.840
1590659433:[SURF  ,0274]last almanac : 523822
1590659446:[MRMAID,0026]1566 bytes in 0051/5ECF896E.MER
1590659452:[MAIN  ,0320]New pressure offset: 201mbar
1590659452:[LOGBIN,0078]*** switching to 0051/5ECF897C ***
