1592396345:[MAIN  ,0007]buoy 452.020-P-0051
1592396345:[MAIN  ,0055]soft pilotage 452.012.300_V2.20-20200612
1592396345:[MAIN  ,0010]cycle 10
1592396345:[SURF  ,0225]surface2
1592396357:[SURF  ,0022]GPS fix...
1592396378:[SURF  ,0015]10 PPS detected...
1592396379:[MRMAID,0052]Mermaid $GPSACK:+0,+0,+0,+0,+0,+0,-30;
1592396389:[MRMAID,0052]Mermaid $GPSOFF:3686320;
1592396390:[GPSFIX,0179]-1s diff
1592396391:[SURF  ,0222]2020-06-17T12:19:51
1592396391:[SURF  ,0082]Latitude : N43deg40.944mn, Longitude :E007deg19.180mn
1592396391:[SURF  ,0223]fix3D,7satellites
1592396391:[SURF  ,0084]GPS fix GPGSA : hdop0.810,vdop1.230
1592396401:[SURF  ,0025]Iridium...
1592396409:[SBE41 ,0339]newoffset=0.46db received after -57s
1592396436:[SURF  ,0009]connected in 35s, signal quality 5
1592396509:[SURF  ,0218]prompt received, remote cmd end
1592396509:[SURF  ,0012]16 cmd(s) received
1592396530:[UPLOAD,0248]Upload data files...
1592396587:[UPLOAD,0231]"0051/5EEA04E4.S41" uploaded at 130bytes/s
1592396810:[UPLOAD,0231]"0051/5EEA09EC.MER" uploaded at 117bytes/s
1592396967:[UPLOAD,0231]"0051/5EE9E427.BIN" uploaded at 142bytes/s
1592397114:[UPLOAD,0231]"0051/5EE9BCFC.BIN" uploaded at 141bytes/s
1592397130:[MAIN  ,0013]4 file(s) uploaded
1592397163:[SURF  ,0014]disconnected after 762s
1592397168:[SURFIN,0020]filling external bladder
1592397177:[PUMP  ,0016]pump during 300000ms
1592397193:[SURFIN,0019]external bladder full
1592397193:[SURF  ,0227]1st complete transfer
1592397208:[SURF  ,0022]GPS fix...
1592397228:[SURF  ,0015]10 PPS detected...
1592397229:[MRMAID,0052]Mermaid $GPSACK:+0,+0,+0,+0,+0,+1,-999969;
1592397239:[MRMAID,0052]Mermaid $GPSOFF:3686319;
1592397240:[GPSFIX,0179]-1s diff
1592397241:[SURF  ,0222]2020-06-17T12:34:01
1592397241:[SURF  ,0082]Latitude : N43deg40.944mn, Longitude :E007deg19.179mn
1592397241:[SURF  ,0223]fix3D,8satellites
1592397241:[SURF  ,0084]GPS fix GPGSA : hdop0.690,vdop1.020
1592397251:[SURF  ,0025]Iridium...
1592397288:[SURF  ,0009]connected in 37s, signal quality 5
1592397356:[SURF  ,0218]prompt received, remote cmd end
1592397356:[SURF  ,0012]17 cmd(s) received
1592397395:[SURF  ,0014]disconnected after 144s
1592397400:[SURFIN,0020]filling external bladder
1592397408:[PUMP  ,0016]pump during 300000ms
1592397419:[SURFIN,0019]external bladder full
1592397419:[SURF  ,0226]Go dive (Minimum surface delay expired and no more file to upload)
1592397432:[SURF  ,0022]GPS fix...
1592397452:[SURF  ,0015]10 PPS detected...
1592397453:[MRMAID,0052]Mermaid $GPSACK:+0,+0,+0,+0,+0,+0,-30;
1592397463:[MRMAID,0052]Mermaid $GPSOFF:3686319;
1592397465:[GPSFIX,0179]+0s diff
1592397465:[SURF  ,0222]2020-06-17T12:37:45
1592397465:[SURF  ,0082]Latitude : N43deg40.944mn, Longitude :E007deg19.180mn
1592397465:[SURF  ,0223]fix3D,9satellites
1592397465:[SURF  ,0084]GPS fix GPGSA : hdop0.670,vdop1.000
1592397482:[MAIN  ,0024]internal pressure 79941Pa
1592397483:[BYCMD ,0107]    FreeRTOS V8.2.3
1592397483:[BYCMD ,0108]    FatFS v11a
1592397483:[BYCMD ,0120]    bypass 10000ms 110000ms (20000ms 60000ms stored)
1592397483:[BYCMD ,0121]    valve 60000ms 12750 (60000ms 12750 stored)
1592397483:[BYCMD ,0122]    pump 60000ms 30% 10750 80% (60000ms 30% 10750 80% stored)
1592397483:[BYCMD ,0123]    rate 2mbar/s (2mbar/s stored)
1592397483:[BYCMD ,0124]    surface 500mbar (500mbar stored)
1592397483:[BYCMD ,0125]    near 500mbar 3mbar/s (15000mbar 3mbar/s stored)
1592397483:[BYCMD ,0126]    far 1500mbar 4mbar/s (25000mbar 4mbar/s stored)
1592397483:[BYCMD ,0127]    ascent 8mbar/s (8mbar/s stored)
1592397483:[BYCMD ,0128]    dead 60s (300s stored)
1592397483:[BYCMD ,0129]    coeff 16/10 (16/10 stored)
1592397483:[BYCMD ,0130]    stab 10 (10 stored)
1592397483:[BYCMD ,0131]    delay 900s 3600s (900s 3600s stored)
1592397483:[BYCMD ,0132]    mmtime 2880min (2880min stored)
1592397483:[BYCMD ,0133]    dv_landing 100ml (100ml stored)
1592397483:[MKDCMD,0150]    p2t37: 15x2000ms, offset 149mbar
1592397483:[P2TCMD,0151]    p2t37: dp -1mbar, dt 1000000mdegC
1592397484:[STAGE ,0080]Stage [0] 5000mbar (+/-500mbar) 1800s (<1800s) 
1592397484:[STAGE ,0080]Stage [1] 5000mbar (+/-500mbar) 7200s (<7200s) 
1592397484:[STAGE ,0091]Stage [2] surfacing 3600s (<10800s) SBE41
1592397484:[SBE41 ,0282]SBE41 parameters : 
      dsreplyformat=1 (webb(0)/standard(1))
      addtimingdelays=0 (n(0)/y(1))
      outputdensity=0 (n(0)/y(1))
      echocmd=0 (n(0)/y(1))
      outputrt=0 (n(0)/y(1))
      outputpts=0 (n(0)/y(1))
      outputsn=0 (n(0)/y(1))
      outputpressure=1 (n(0)/y(1))
      pcutoff=2dbar
      tswait=0s
      pumpfastpt=1 (n(0)/y(1))
      samplerate=1 ('fast':1Hz(1)/'slow':0.5Hz(0))
      top_bin_interval=10dbar
      top_bin_size=10dbar
      top_bin_max=100dbar
      middle_bin_interval=50dbar
      middle_bin_size=50dbar
      middle_bin_max=1000dbar
      bottom_bin_interval=100dbar
      bottom_bin_size=100dbar
      includetransitionbin=0
      includenbin=0 (n(0)/y(1))
      autobinavg=0 (n(0)/y(1))
1592397484:[SBE41 ,0283]SBE41 pilot policy : 
      continiousprofile=0 (n(0)/y(1)
      speeddetection=1 (n(0)/y(1)
      hexoutput=1 (n(0)/y(1)
      binaverageoutput=0 (n(0)/y(1)
      manualprofilerate=10s
      runningpumpbeforeprofile=10s
      speedstart=2mbar/s
      speedcontrol=7mbar/s
1592397484:[MAIN  ,0070]turn off bluetooth
1592397486:[PRESS ,0038]P     +1mbar,T+21587mdegC
1592397488:[PRESS ,0038]P     -9mbar,T+21586mdegC
1592397490:[PRESS ,0038]P     -9mbar,T+21587mdegC
1592397492:[PRESS ,0038]P    +11mbar,T+21586mdegC
1592397494:[PRESS ,0038]P     +1mbar,T+21584mdegC
1592397496:[PRESS ,0038]P    -19mbar,T+21583mdegC
1592397497:[PRESS ,0038]P     -9mbar,T+21582mdegC
1592397499:[PRESS ,0038]P     -9mbar,T+21581mdegC
1592397501:[PRESS ,0038]P     -9mbar,T+21583mdegC
1592397503:[PRESS ,0038]P     +1mbar,T+21585mdegC
1592397505:[PRESS ,0038]P     +1mbar,T+21588mdegC
1592397506:[PRESS ,0038]P     -9mbar,T+21588mdegC
1592397508:[PRESS ,0038]P     +1mbar,T+21588mdegC
1592397510:[PRESS ,0038]P     -9mbar,T+21589mdegC
1592397512:[PRESS ,0038]P     -9mbar,T+21591mdegC
1592397512:[DIVING,0141]diving from -9mbar, +0mbar/s
1592397512:[BYPASS,0035]bypass opening 110000ms
1592397633:[PRESS ,0038]P    -99mbar,T+21856mdegC
1592397635:[PRESS ,0038]P    -99mbar,T+21859mdegC
1592397637:[PRESS ,0038]P    -99mbar,T+21863mdegC
1592397639:[PRESS ,0038]P   -109mbar,T+21867mdegC
1592397641:[PRESS ,0038]P    -99mbar,T+21870mdegC
1592397642:[PRESS ,0038]P    -99mbar,T+21876mdegC
1592397644:[PRESS ,0038]P    -99mbar,T+21880mdegC
1592397646:[PRESS ,0038]P   -119mbar,T+21883mdegC
1592397648:[PRESS ,0038]P   -109mbar,T+21885mdegC
1592397650:[PRESS ,0038]P    -99mbar,T+21888mdegC
1592397651:[PRESS ,0038]P    -99mbar,T+21890mdegC
1592397653:[PRESS ,0038]P   -109mbar,T+21890mdegC
1592397655:[PRESS ,0038]P   -109mbar,T+21892mdegC
1592397657:[PRESS ,0038]P   -109mbar,T+21893mdegC
1592397659:[PRESS ,0038]P    -99mbar,T+21894mdegC
1592397659:[BYPASS,0035]bypass opening 10000ms
1592397680:[PRESS ,0038]P    -99mbar,T+21919mdegC
1592397682:[PRESS ,0038]P    -99mbar,T+21917mdegC
1592397684:[PRESS ,0038]P    -79mbar,T+21917mdegC
1592397686:[PRESS ,0038]P    -89mbar,T+21919mdegC
1592397688:[PRESS ,0038]P    -89mbar,T+21920mdegC
1592397690:[PRESS ,0038]P    -89mbar,T+21922mdegC
1592397691:[PRESS ,0038]P    -99mbar,T+21926mdegC
1592397693:[PRESS ,0038]P    -99mbar,T+21929mdegC
1592397695:[PRESS ,0038]P    -99mbar,T+21931mdegC
1592397697:[PRESS ,0038]P    -99mbar,T+21933mdegC
1592397699:[PRESS ,0038]P   -109mbar,T+21933mdegC
1592397700:[PRESS ,0038]P   -109mbar,T+21932mdegC
1592397702:[PRESS ,0038]P   -109mbar,T+21933mdegC
1592397704:[PRESS ,0038]P    -99mbar,T+21933mdegC
1592397706:[PRESS ,0038]P   -109mbar,T+21933mdegC
1592397706:[BYPASS,0035]bypass opening 10000ms
1592397728:[PRESS ,0038]P    -99mbar,T+21965mdegC
1592397729:[PRESS ,0038]P    -89mbar,T+21962mdegC
1592397731:[PRESS ,0038]P    -89mbar,T+21964mdegC
1592397733:[PRESS ,0038]P    -89mbar,T+21966mdegC
1592397735:[PRESS ,0038]P    -79mbar,T+21969mdegC
1592397737:[PRESS ,0038]P    -89mbar,T+21973mdegC
1592397738:[PRESS ,0038]P    -79mbar,T+21975mdegC
1592397740:[PRESS ,0038]P    -79mbar,T+21977mdegC
1592397742:[PRESS ,0038]P    -79mbar,T+21979mdegC
1592397744:[PRESS ,0038]P    -89mbar,T+21980mdegC
1592397746:[PRESS ,0038]P    -89mbar,T+21981mdegC
1592397747:[PRESS ,0038]P    -89mbar,T+21981mdegC
1592397749:[PRESS ,0038]P    -89mbar,T+21981mdegC
1592397751:[PRESS ,0038]P    -89mbar,T+21979mdegC
1592397753:[PRESS ,0038]P    -89mbar,T+21981mdegC
1592397753:[BYPASS,0035]bypass opening 10000ms
1592397775:[PRESS ,0038]P    -49mbar,T+21999mdegC
1592397776:[PRESS ,0038]P    -49mbar,T+21996mdegC
1592397778:[PRESS ,0038]P    -49mbar,T+21995mdegC
1592397780:[PRESS ,0038]P    -29mbar,T+21998mdegC
1592397782:[PRESS ,0038]P    -29mbar,T+22001mdegC
1592397784:[PRESS ,0038]P    -29mbar,T+22004mdegC
1592397785:[PRESS ,0038]P    -19mbar,T+22008mdegC
1592397787:[PRESS ,0038]P    -19mbar,T+22011mdegC
1592397789:[PRESS ,0038]P     -9mbar,T+22013mdegC
1592397791:[PRESS ,0038]P     -9mbar,T+22016mdegC
1592397793:[PRESS ,0038]P     +1mbar,T+22017mdegC
1592397795:[PRESS ,0038]P    +11mbar,T+22017mdegC
1592397796:[PRESS ,0038]P    +11mbar,T+22017mdegC
1592397798:[PRESS ,0038]P    +21mbar,T+22019mdegC
1592397800:[PRESS ,0038]P    +31mbar,T+22019mdegC
1592397803:[PRESS ,0038]P    +51mbar,T+22023mdegC
1592397806:[PRESS ,0038]P    +61mbar,T+22026mdegC
1592397808:[PRESS ,0038]P    +61mbar,T+22028mdegC
1592397811:[PRESS ,0038]P    +71mbar,T+22031mdegC
1592397814:[PRESS ,0038]P    +81mbar,T+22033mdegC
1592397817:[PRESS ,0038]P    +81mbar,T+22035mdegC
1592397820:[PRESS ,0038]P    +91mbar,T+22032mdegC
1592397822:[PRESS ,0038]P   +101mbar,T+22033mdegC
1592397825:[PRESS ,0038]P   +111mbar,T+22035mdegC
1592397828:[PRESS ,0038]P   +121mbar,T+22037mdegC
1592397831:[PRESS ,0038]P   +121mbar,T+22040mdegC
1592397834:[PRESS ,0038]P   +131mbar,T+22043mdegC
1592397836:[PRESS ,0038]P   +131mbar,T+22044mdegC
1592397839:[PRESS ,0038]P   +151mbar,T+22044mdegC
1592397842:[PRESS ,0038]P   +151mbar,T+22043mdegC
1592397845:[PRESS ,0038]P   +161mbar,T+22044mdegC
1592397848:[PRESS ,0038]P   +161mbar,T+22046mdegC
1592397850:[PRESS ,0038]P   +181mbar,T+22048mdegC
1592397853:[PRESS ,0038]P   +171mbar,T+22049mdegC
1592397856:[PRESS ,0038]P   +181mbar,T+22049mdegC
1592397859:[PRESS ,0038]P   +181mbar,T+22049mdegC
1592397862:[PRESS ,0038]P   +191mbar,T+22050mdegC
1592397864:[PRESS ,0038]P   +201mbar,T+22050mdegC
1592397867:[PRESS ,0038]P   +201mbar,T+22052mdegC
1592397870:[PRESS ,0038]P   +211mbar,T+22054mdegC
1592397873:[PRESS ,0038]P   +221mbar,T+22056mdegC
1592397876:[PRESS ,0038]P   +231mbar,T+22059mdegC
1592397878:[PRESS ,0038]P   +231mbar,T+22060mdegC
1592397881:[PRESS ,0038]P   +241mbar,T+22062mdegC
1592397884:[PRESS ,0038]P   +251mbar,T+22062mdegC
1592397887:[PRESS ,0038]P   +251mbar,T+22064mdegC
1592397890:[PRESS ,0038]P   +261mbar,T+22065mdegC
1592397892:[PRESS ,0038]P   +261mbar,T+22065mdegC
1592397895:[PRESS ,0038]P   +281mbar,T+22065mdegC
1592397898:[PRESS ,0038]P   +281mbar,T+22066mdegC
1592397901:[PRESS ,0038]P   +301mbar,T+22066mdegC
1592397904:[PRESS ,0038]P   +291mbar,T+22067mdegC
1592397907:[PRESS ,0038]P   +301mbar,T+22067mdegC
1592397909:[PRESS ,0038]P   +311mbar,T+22068mdegC
1592397912:[PRESS ,0038]P   +311mbar,T+22068mdegC
1592397915:[PRESS ,0038]P   +311mbar,T+22067mdegC
1592397918:[PRESS ,0038]P   +321mbar,T+22068mdegC
1592397921:[PRESS ,0038]P   +321mbar,T+22068mdegC
1592397923:[PRESS ,0038]P   +331mbar,T+22068mdegC
1592397926:[PRESS ,0038]P   +331mbar,T+22068mdegC
1592397929:[PRESS ,0038]P   +341mbar,T+22069mdegC
1592397932:[PRESS ,0038]P   +341mbar,T+22068mdegC
1592397935:[PRESS ,0038]P   +351mbar,T+22069mdegC
1592397937:[PRESS ,0038]P   +361mbar,T+22070mdegC
1592397940:[PRESS ,0038]P   +371mbar,T+22072mdegC
1592397943:[PRESS ,0038]P   +371mbar,T+22072mdegC
1592397946:[PRESS ,0038]P   +371mbar,T+22073mdegC
1592397949:[PRESS ,0038]P   +391mbar,T+22073mdegC
1592397951:[PRESS ,0038]P   +391mbar,T+22074mdegC
1592397954:[PRESS ,0038]P   +401mbar,T+22073mdegC
1592397957:[PRESS ,0038]P   +401mbar,T+22074mdegC
1592397960:[PRESS ,0038]P   +411mbar,T+22074mdegC
1592397963:[PRESS ,0038]P   +411mbar,T+22075mdegC
1592397965:[PRESS ,0038]P   +421mbar,T+22075mdegC
1592397968:[PRESS ,0038]P   +421mbar,T+22075mdegC
1592397971:[PRESS ,0038]P   +431mbar,T+22075mdegC
1592397974:[PRESS ,0038]P   +431mbar,T+22075mdegC
1592397977:[PRESS ,0038]P   +441mbar,T+22075mdegC
1592397979:[PRESS ,0038]P   +451mbar,T+22073mdegC
1592397982:[PRESS ,0038]P   +461mbar,T+22073mdegC
1592397985:[PRESS ,0038]P   +451mbar,T+22072mdegC
1592397988:[PRESS ,0038]P   +461mbar,T+22071mdegC
1592397991:[PRESS ,0038]P   +471mbar,T+22071mdegC
1592397993:[PRESS ,0038]P   +481mbar,T+22071mdegC
1592397996:[PRESS ,0038]P   +471mbar,T+22071mdegC
1592397999:[PRESS ,0038]P   +491mbar,T+22072mdegC
1592398002:[PRESS ,0038]P   +481mbar,T+22071mdegC
1592398005:[PRESS ,0038]P   +491mbar,T+22071mdegC
1592398007:[PRESS ,0038]P   +501mbar,T+22071mdegC
1592398009:[PRESS ,0038]P   +511mbar,T+22072mdegC
1592398009:[DIVING,0028]511mbar reached (+2mbar/s), 4 bypass done
1592398010:[MAIN  ,0056]stage[0]
1592398012:[MAIN  ,0024]internal pressure 81820Pa
1592398013:[PRESS ,0038]P   +521mbar,T+22072mdegC
1592398013:[BUOY  ,0037]P   +521mbar
1592398013:[STAGE ,0080]Stage [0] 5000mbar (+/-500mbar) 1800s (<1592399809s) 
1592398015:[PRESS ,0038]P   +521mbar,T+22071mdegC
1592398015:[BUOY  ,0087]from +2mbar/s to +4mbar/s
1592398015:[BUOY  ,0090]need to transfer -20mL (valve during 11591ms)
1592398015:[VALVE ,0034]valve opening 11591ms
1592398076:[PRESS ,0038]P   +701mbar,T+22064mdegC
1592398077:[PRESS ,0038]P   +701mbar,T+22063mdegC
1592398079:[PRESS ,0038]P   +701mbar,T+22063mdegC
1592398081:[PRESS ,0038]P   +711mbar,T+22062mdegC
1592398083:[PRESS ,0038]P   +711mbar,T+22062mdegC
1592398085:[PRESS ,0038]P   +731mbar,T+22062mdegC
1592398086:[PRESS ,0038]P   +721mbar,T+22061mdegC
1592398088:[PRESS ,0038]P   +731mbar,T+22062mdegC
1592398090:[PRESS ,0038]P   +741mbar,T+22061mdegC
1592398092:[PRESS ,0038]P   +751mbar,T+22060mdegC
1592398094:[PRESS ,0038]P   +741mbar,T+22060mdegC
1592398095:[PRESS ,0038]P   +751mbar,T+22058mdegC
1592398097:[PRESS ,0038]P   +751mbar,T+22057mdegC
1592398099:[PRESS ,0038]P   +761mbar,T+22056mdegC
1592398101:[PRESS ,0038]P   +761mbar,T+22054mdegC
1592398162:[PRESS ,0038]P   +951mbar,T+22030mdegC
1592398163:[PRESS ,0038]P   +941mbar,T+22028mdegC
1592398165:[PRESS ,0038]P   +951mbar,T+22027mdegC
1592398167:[PRESS ,0038]P   +961mbar,T+22026mdegC
1592398169:[PRESS ,0038]P   +961mbar,T+22025mdegC
1592398171:[PRESS ,0038]P   +971mbar,T+22023mdegC
1592398172:[PRESS ,0038]P   +971mbar,T+22023mdegC
1592398174:[PRESS ,0038]P   +981mbar,T+22021mdegC
1592398176:[PRESS ,0038]P   +981mbar,T+22020mdegC
1592398178:[PRESS ,0038]P   +981mbar,T+22019mdegC
1592398180:[PRESS ,0038]P   +991mbar,T+22017mdegC
1592398181:[PRESS ,0038]P  +1001mbar,T+22017mdegC
1592398183:[PRESS ,0038]P  +1001mbar,T+22017mdegC
1592398185:[PRESS ,0038]P  +1001mbar,T+22014mdegC
1592398187:[PRESS ,0038]P  +1011mbar,T+22014mdegC
1592398247:[PRESS ,0038]P  +1181mbar,T+21965mdegC
1592398249:[PRESS ,0038]P  +1191mbar,T+21962mdegC
1592398251:[PRESS ,0038]P  +1191mbar,T+21960mdegC
1592398253:[PRESS ,0038]P  +1201mbar,T+21958mdegC
1592398255:[PRESS ,0038]P  +1211mbar,T+21956mdegC
1592398257:[PRESS ,0038]P  +1211mbar,T+21955mdegC
1592398258:[PRESS ,0038]P  +1211mbar,T+21953mdegC
1592398260:[PRESS ,0038]P  +1211mbar,T+21953mdegC
1592398262:[PRESS ,0038]P  +1221mbar,T+21951mdegC
1592398264:[PRESS ,0038]P  +1241mbar,T+21950mdegC
1592398266:[PRESS ,0038]P  +1241mbar,T+21948mdegC
1592398267:[PRESS ,0038]P  +1251mbar,T+21945mdegC
1592398269:[PRESS ,0038]P  +1251mbar,T+21945mdegC
1592398271:[PRESS ,0038]P  +1271mbar,T+21942mdegC
1592398273:[PRESS ,0038]P  +1271mbar,T+21941mdegC
1592398333:[PRESS ,0038]P  +1401mbar,T+21876mdegC
1592398335:[PRESS ,0038]P  +1411mbar,T+21873mdegC
1592398337:[PRESS ,0038]P  +1411mbar,T+21872mdegC
1592398339:[PRESS ,0038]P  +1411mbar,T+21869mdegC
1592398341:[PRESS ,0038]P  +1411mbar,T+21867mdegC
1592398342:[PRESS ,0038]P  +1421mbar,T+21864mdegC
1592398344:[PRESS ,0038]P  +1421mbar,T+21861mdegC
1592398346:[PRESS ,0038]P  +1421mbar,T+21859mdegC
1592398348:[PRESS ,0038]P  +1431mbar,T+21857mdegC
1592398350:[PRESS ,0038]P  +1431mbar,T+21854mdegC
1592398352:[PRESS ,0038]P  +1431mbar,T+21852mdegC
1592398353:[PRESS ,0038]P  +1421mbar,T+21850mdegC
1592398355:[PRESS ,0038]P  +1441mbar,T+21847mdegC
1592398357:[PRESS ,0038]P  +1441mbar,T+21844mdegC
1592398359:[PRESS ,0038]P  +1441mbar,T+21843mdegC
1592398359:[BUOY  ,0087]from +1mbar/s to +4mbar/s
1592398359:[BUOY  ,0090]need to transfer -24mL (valve during 8270ms)
1592398359:[VALVE ,0034]valve opening 8270ms
1592398420:[PRESS ,0038]P  +1661mbar,T+21746mdegC
1592398421:[PRESS ,0038]P  +1681mbar,T+21743mdegC
1592398423:[PRESS ,0038]P  +1681mbar,T+21741mdegC
1592398425:[PRESS ,0038]P  +1691mbar,T+21737mdegC
1592398427:[PRESS ,0038]P  +1681mbar,T+21734mdegC
1592398429:[PRESS ,0038]P  +1701mbar,T+21733mdegC
1592398430:[PRESS ,0038]P  +1711mbar,T+21729mdegC
1592398432:[PRESS ,0038]P  +1701mbar,T+21726mdegC
1592398434:[PRESS ,0038]P  +1711mbar,T+21723mdegC
1592398436:[PRESS ,0038]P  +1731mbar,T+21720mdegC
1592398438:[PRESS ,0038]P  +1731mbar,T+21717mdegC
1592398439:[PRESS ,0038]P  +1741mbar,T+21714mdegC
1592398441:[PRESS ,0038]P  +1731mbar,T+21711mdegC
1592398443:[PRESS ,0038]P  +1751mbar,T+21709mdegC
1592398445:[PRESS ,0038]P  +1751mbar,T+21706mdegC
1592398506:[PRESS ,0038]P  +2031mbar,T+21604mdegC
1592398507:[PRESS ,0038]P  +2031mbar,T+21601mdegC
1592398509:[PRESS ,0038]P  +2031mbar,T+21598mdegC
1592398511:[PRESS ,0038]P  +2051mbar,T+21595mdegC
1592398513:[PRESS ,0038]P  +2061mbar,T+21592mdegC
1592398515:[PRESS ,0038]P  +2051mbar,T+21588mdegC
1592398516:[PRESS ,0038]P  +2071mbar,T+21585mdegC
1592398518:[PRESS ,0038]P  +2071mbar,T+21583mdegC
1592398520:[PRESS ,0038]P  +2081mbar,T+21579mdegC
1592398522:[PRESS ,0038]P  +2091mbar,T+21576mdegC
1592398524:[PRESS ,0038]P  +2091mbar,T+21574mdegC
1592398525:[PRESS ,0038]P  +2101mbar,T+21569mdegC
1592398527:[PRESS ,0038]P  +2111mbar,T+21567mdegC
1592398529:[PRESS ,0038]P  +2121mbar,T+21564mdegC
1592398531:[PRESS ,0038]P  +2121mbar,T+21560mdegC
1592398591:[PRESS ,0038]P  +2391mbar,T+21457mdegC
1592398593:[PRESS ,0038]P  +2401mbar,T+21455mdegC
1592398595:[PRESS ,0038]P  +2421mbar,T+21452mdegC
1592398597:[PRESS ,0038]P  +2431mbar,T+21449mdegC
1592398599:[PRESS ,0038]P  +2441mbar,T+21446mdegC
1592398601:[PRESS ,0038]P  +2451mbar,T+21442mdegC
1592398602:[PRESS ,0038]P  +2451mbar,T+21439mdegC
1592398604:[PRESS ,0038]P  +2441mbar,T+21435mdegC
1592398606:[PRESS ,0038]P  +2451mbar,T+21433mdegC
1592398608:[PRESS ,0038]P  +2461mbar,T+21430mdegC
1592398610:[PRESS ,0038]P  +2471mbar,T+21427mdegC
1592398611:[PRESS ,0038]P  +2471mbar,T+21426mdegC
1592398613:[PRESS ,0038]P  +2471mbar,T+21421mdegC
1592398615:[PRESS ,0038]P  +2491mbar,T+21418mdegC
1592398617:[PRESS ,0038]P  +2491mbar,T+21416mdegC
1592398677:[PRESS ,0038]P  +2681mbar,T+21313mdegC
1592398679:[PRESS ,0038]P  +2691mbar,T+21311mdegC
1592398681:[PRESS ,0038]P  +2691mbar,T+21307mdegC
1592398683:[PRESS ,0038]P  +2691mbar,T+21306mdegC
1592398685:[PRESS ,0038]P  +2691mbar,T+21302mdegC
1592398686:[PRESS ,0038]P  +2691mbar,T+21299mdegC
1592398688:[PRESS ,0038]P  +2701mbar,T+21295mdegC
1592398690:[PRESS ,0038]P  +2701mbar,T+21293mdegC
1592398692:[PRESS ,0038]P  +2701mbar,T+21290mdegC
1592398694:[PRESS ,0038]P  +2701mbar,T+21286mdegC
1592398696:[PRESS ,0038]P  +2721mbar,T+21283mdegC
1592398697:[PRESS ,0038]P  +2721mbar,T+21280mdegC
1592398699:[PRESS ,0038]P  +2701mbar,T+21278mdegC
1592398701:[PRESS ,0038]P  +2711mbar,T+21275mdegC
1592398703:[PRESS ,0038]P  +2721mbar,T+21271mdegC
1592398703:[BUOY  ,0087]from +1mbar/s to +4mbar/s
1592398703:[BUOY  ,0090]need to transfer -24mL (valve during 5885ms)
1592398703:[VALVE ,0034]valve opening 5885ms
1592398764:[PRESS ,0038]P  +2831mbar,T+21163mdegC
1592398765:[PRESS ,0038]P  +2831mbar,T+21160mdegC
1592398767:[PRESS ,0038]P  +2831mbar,T+21157mdegC
1592398769:[PRESS ,0038]P  +2841mbar,T+21154mdegC
1592398771:[PRESS ,0038]P  +2851mbar,T+21151mdegC
1592398773:[PRESS ,0038]P  +2841mbar,T+21148mdegC
1592398774:[PRESS ,0038]P  +2841mbar,T+21146mdegC
1592398776:[PRESS ,0038]P  +2841mbar,T+21142mdegC
1592398778:[PRESS ,0038]P  +2851mbar,T+21139mdegC
1592398780:[PRESS ,0038]P  +2851mbar,T+21136mdegC
1592398782:[PRESS ,0038]P  +2851mbar,T+21133mdegC
1592398783:[PRESS ,0038]P  +2851mbar,T+21130mdegC
1592398785:[PRESS ,0038]P  +2851mbar,T+21126mdegC
1592398787:[PRESS ,0038]P  +2851mbar,T+21124mdegC
1592398789:[PRESS ,0038]P  +2841mbar,T+21121mdegC
1592398789:[BUOY  ,0087]from +1mbar/s to +4mbar/s
1592398789:[BUOY  ,0090]need to transfer -24mL (valve during 5774ms)
1592398789:[VALVE ,0034]valve opening 5774ms
1592398850:[PRESS ,0038]P  +2961mbar,T+20999mdegC
1592398851:[PRESS ,0038]P  +2961mbar,T+20996mdegC
1592398853:[PRESS ,0038]P  +2971mbar,T+20992mdegC
1592398855:[PRESS ,0038]P  +2971mbar,T+20988mdegC
1592398857:[PRESS ,0038]P  +2981mbar,T+20985mdegC
1592398859:[PRESS ,0038]P  +2981mbar,T+20980mdegC
1592398860:[PRESS ,0038]P  +2991mbar,T+20976mdegC
1592398862:[PRESS ,0038]P  +2991mbar,T+20971mdegC
1592398864:[PRESS ,0038]P  +2991mbar,T+20968mdegC
1592398866:[PRESS ,0038]P  +3001mbar,T+20963mdegC
1592398868:[PRESS ,0038]P  +3001mbar,T+20960mdegC
1592398869:[PRESS ,0038]P  +3011mbar,T+20955mdegC
1592398871:[PRESS ,0038]P  +3021mbar,T+20952mdegC
1592398873:[PRESS ,0038]P  +3021mbar,T+20948mdegC
1592398875:[PRESS ,0038]P  +3031mbar,T+20944mdegC
1592398936:[PRESS ,0038]P  +3221mbar,T+20791mdegC
1592398937:[PRESS ,0038]P  +3221mbar,T+20786mdegC
1592398939:[PRESS ,0038]P  +3241mbar,T+20780mdegC
1592398941:[PRESS ,0038]P  +3241mbar,T+20776mdegC
1592398943:[PRESS ,0038]P  +3241mbar,T+20771mdegC
1592398945:[PRESS ,0038]P  +3251mbar,T+20765mdegC
1592398946:[PRESS ,0038]P  +3251mbar,T+20760mdegC
1592398948:[PRESS ,0038]P  +3271mbar,T+20756mdegC
1592398950:[PRESS ,0038]P  +3271mbar,T+20750mdegC
1592398952:[PRESS ,0038]P  +3271mbar,T+20745mdegC
1592398954:[PRESS ,0038]P  +3291mbar,T+20739mdegC
1592398955:[PRESS ,0038]P  +3291mbar,T+20735mdegC
1592398957:[PRESS ,0038]P  +3291mbar,T+20730mdegC
1592398959:[PRESS ,0038]P  +3291mbar,T+20725mdegC
1592398961:[PRESS ,0038]P  +3301mbar,T+20720mdegC
1592399022:[PRESS ,0038]P  +3501mbar,T+20537mdegC
1592399023:[PRESS ,0038]P  +3501mbar,T+20531mdegC
1592399025:[PRESS ,0038]P  +3511mbar,T+20526mdegC
1592399027:[PRESS ,0038]P  +3521mbar,T+20520mdegC
1592399029:[PRESS ,0038]P  +3531mbar,T+20514mdegC
1592399031:[PRESS ,0038]P  +3531mbar,T+20509mdegC
1592399032:[PRESS ,0038]P  +3541mbar,T+20503mdegC
1592399034:[PRESS ,0038]P  +3551mbar,T+20496mdegC
1592399036:[PRESS ,0038]P  +3551mbar,T+20492mdegC
1592399038:[PRESS ,0038]P  +3561mbar,T+20486mdegC
1592399040:[PRESS ,0038]P  +3561mbar,T+20479mdegC
1592399041:[PRESS ,0038]P  +3571mbar,T+20473mdegC
1592399043:[PRESS ,0038]P  +3581mbar,T+20468mdegC
1592399045:[PRESS ,0038]P  +3581mbar,T+20462mdegC
1592399047:[PRESS ,0038]P  +3581mbar,T+20457mdegC
1592399108:[PRESS ,0038]P  +3761mbar,T+20245mdegC
1592399109:[PRESS ,0038]P  +3771mbar,T+20240mdegC
1592399111:[PRESS ,0038]P  +3771mbar,T+20234mdegC
1592399113:[PRESS ,0038]P  +3791mbar,T+20227mdegC
1592399115:[PRESS ,0038]P  +3791mbar,T+20220mdegC
1592399117:[PRESS ,0038]P  +3791mbar,T+20214mdegC
1592399118:[PRESS ,0038]P  +3811mbar,T+20207mdegC
1592399120:[PRESS ,0038]P  +3811mbar,T+20200mdegC
1592399122:[PRESS ,0038]P  +3831mbar,T+20193mdegC
1592399124:[PRESS ,0038]P  +3821mbar,T+20186mdegC
1592399126:[PRESS ,0038]P  +3821mbar,T+20179mdegC
1592399127:[PRESS ,0038]P  +3841mbar,T+20174mdegC
1592399129:[PRESS ,0038]P  +3841mbar,T+20166mdegC
1592399131:[PRESS ,0038]P  +3841mbar,T+20159mdegC
1592399133:[PRESS ,0038]P  +3851mbar,T+20152mdegC
1592399194:[PRESS ,0038]P  +4081mbar,T+19922mdegC
1592399195:[PRESS ,0038]P  +4071mbar,T+19915mdegC
1592399197:[PRESS ,0038]P  +4081mbar,T+19908mdegC
1592399199:[PRESS ,0038]P  +4081mbar,T+19900mdegC
1592399201:[PRESS ,0038]P  +4081mbar,T+19893mdegC
1592399203:[PRESS ,0038]P  +4101mbar,T+19886mdegC
1592399204:[PRESS ,0038]P  +4101mbar,T+19879mdegC
1592399206:[PRESS ,0038]P  +4121mbar,T+19871mdegC
1592399208:[PRESS ,0038]P  +4121mbar,T+19864mdegC
1592399210:[PRESS ,0038]P  +4131mbar,T+19858mdegC
1592399212:[PRESS ,0038]P  +4141mbar,T+19851mdegC
1592399213:[PRESS ,0038]P  +4141mbar,T+19844mdegC
1592399215:[PRESS ,0038]P  +4161mbar,T+19837mdegC
1592399217:[PRESS ,0038]P  +4151mbar,T+19829mdegC
1592399219:[PRESS ,0038]P  +4171mbar,T+19823mdegC
1592399279:[PRESS ,0038]P  +4401mbar,T+19581mdegC
1592399281:[PRESS ,0038]P  +4411mbar,T+19575mdegC
1592399283:[PRESS ,0038]P  +4411mbar,T+19568mdegC
1592399285:[PRESS ,0038]P  +4421mbar,T+19560mdegC
1592399287:[PRESS ,0038]P  +4431mbar,T+19553mdegC
1592399288:[PRESS ,0038]P  +4431mbar,T+19546mdegC
1592399290:[PRESS ,0038]P  +4431mbar,T+19539mdegC
1592399292:[PRESS ,0038]P  +4451mbar,T+19532mdegC
1592399294:[PRESS ,0038]P  +4461mbar,T+19525mdegC
1592399296:[PRESS ,0038]P  +4451mbar,T+19518mdegC
1592399298:[PRESS ,0038]P  +4461mbar,T+19511mdegC
1592399299:[PRESS ,0038]P  +4481mbar,T+19503mdegC
1592399301:[PRESS ,0038]P  +4471mbar,T+19496mdegC
1592399303:[PRESS ,0038]P  +4491mbar,T+19488mdegC
1592399305:[PRESS ,0038]P  +4491mbar,T+19481mdegC
1592399365:[PRESS ,0038]P  +4541mbar,T+19246mdegC
1592399367:[PRESS ,0038]P  +4541mbar,T+19239mdegC
1592399369:[PRESS ,0038]P  +4551mbar,T+19232mdegC
1592399371:[PRESS ,0038]P  +4551mbar,T+19225mdegC
1592399373:[PRESS ,0038]P  +4551mbar,T+19217mdegC
1592399374:[PRESS ,0038]P  +4561mbar,T+19211mdegC
1592399376:[PRESS ,0038]P  +4571mbar,T+19203mdegC
1592399378:[PRESS ,0038]P  +4571mbar,T+19197mdegC
1592399380:[PRESS ,0038]P  +4561mbar,T+19190mdegC
1592399382:[PRESS ,0038]P  +4581mbar,T+19181mdegC
1592399383:[PRESS ,0038]P  +4581mbar,T+19176mdegC
1592399385:[PRESS ,0038]P  +4581mbar,T+19168mdegC
1592399387:[PRESS ,0038]P  +4581mbar,T+19162mdegC
1592399389:[PRESS ,0038]P  +4591mbar,T+19156mdegC
1592399391:[PRESS ,0038]P  +4581mbar,T+19148mdegC
1592399391:[STAGE ,0213]4581mbar reached at 1592399391s, ref 5000mbar +/-500mbar
1592399451:[PRESS ,0038]P  +4751mbar,T+18910mdegC
1592399512:[PRESS ,0038]P  +4911mbar,T+18675mdegC
1592399512:[BUOY  ,0087]from +3mbar/s to +0mbar/s
1592399512:[BUOY  ,0089]need to transfer +14mL (pump during 16994ms)
1592399520:[PUMP  ,0016]pump during 16994ms
1592399576:[PRESS ,0038]P  +5071mbar,T+18466mdegC
1592399578:[PRESS ,0038]P  +5081mbar,T+18459mdegC
1592399580:[PRESS ,0038]P  +5081mbar,T+18454mdegC
1592399581:[PRESS ,0038]P  +5081mbar,T+18448mdegC
1592399583:[PRESS ,0038]P  +5091mbar,T+18442mdegC
1592399585:[PRESS ,0038]P  +5091mbar,T+18436mdegC
1592399587:[PRESS ,0038]P  +5101mbar,T+18429mdegC
1592399589:[PRESS ,0038]P  +5111mbar,T+18423mdegC
1592399590:[PRESS ,0038]P  +5101mbar,T+18417mdegC
1592399592:[PRESS ,0038]P  +5111mbar,T+18410mdegC
1592399594:[PRESS ,0038]P  +5121mbar,T+18404mdegC
1592399596:[PRESS ,0038]P  +5141mbar,T+18398mdegC
1592399598:[PRESS ,0038]P  +5131mbar,T+18391mdegC
1592399599:[PRESS ,0038]P  +5141mbar,T+18386mdegC
1592399601:[PRESS ,0038]P  +5141mbar,T+18379mdegC
1592399601:[BUOY  ,0087]from +3mbar/s to +0mbar/s
1592399601:[BUOY  ,0089]need to transfer +14mL (pump during 16994ms)
1592399609:[PUMP  ,0016]pump during 16994ms
1592399665:[PRESS ,0038]P  +5261mbar,T+18188mdegC
1592399667:[PRESS ,0038]P  +5261mbar,T+18183mdegC
1592399669:[PRESS ,0038]P  +5271mbar,T+18178mdegC
1592399671:[PRESS ,0038]P  +5261mbar,T+18172mdegC
1592399672:[PRESS ,0038]P  +5261mbar,T+18166mdegC
1592399674:[PRESS ,0038]P  +5251mbar,T+18161mdegC
1592399676:[PRESS ,0038]P  +5271mbar,T+18155mdegC
1592399678:[PRESS ,0038]P  +5271mbar,T+18150mdegC
1592399680:[PRESS ,0038]P  +5271mbar,T+18144mdegC
1592399681:[PRESS ,0038]P  +5281mbar,T+18138mdegC
1592399683:[PRESS ,0038]P  +5271mbar,T+18133mdegC
1592399685:[PRESS ,0038]P  +5271mbar,T+18127mdegC
1592399687:[PRESS ,0038]P  +5281mbar,T+18121mdegC
1592399689:[PRESS ,0038]P  +5281mbar,T+18115mdegC
1592399690:[PRESS ,0038]P  +5281mbar,T+18110mdegC
1592399690:[BUOY  ,0087]from +1mbar/s to +0mbar/s
1592399691:[BUOY  ,0089]need to transfer +2mL (pump during 2428ms)
1592399699:[PUMP  ,0016]pump during 2428ms
1592399754:[PRESS ,0038]P  +5361mbar,T+17917mdegC
1592399756:[PRESS ,0038]P  +5361mbar,T+17911mdegC
1592399758:[PRESS ,0038]P  +5371mbar,T+17906mdegC
1592399760:[PRESS ,0038]P  +5381mbar,T+17901mdegC
1592399762:[PRESS ,0038]P  +5371mbar,T+17896mdegC
1592399763:[PRESS ,0038]P  +5381mbar,T+17890mdegC
1592399765:[PRESS ,0038]P  +5381mbar,T+17884mdegC
1592399767:[PRESS ,0038]P  +5391mbar,T+17879mdegC
1592399769:[PRESS ,0038]P  +5391mbar,T+17874mdegC
1592399771:[PRESS ,0038]P  +5391mbar,T+17868mdegC
1592399772:[PRESS ,0038]P  +5391mbar,T+17863mdegC
1592399774:[PRESS ,0038]P  +5391mbar,T+17857mdegC
1592399776:[PRESS ,0038]P  +5401mbar,T+17851mdegC
1592399778:[PRESS ,0038]P  +5411mbar,T+17847mdegC
1592399780:[PRESS ,0038]P  +5401mbar,T+17840mdegC
1592399780:[BUOY  ,0087]from +2mbar/s to +0mbar/s
1592399780:[BUOY  ,0089]need to transfer +6mL (pump during 7283ms)
1592399788:[PUMP  ,0016]pump during 7283ms
1592399844:[PRESS ,0038]P  +5501mbar,T+17675mdegC
1592399845:[PRESS ,0038]P  +5501mbar,T+17670mdegC
1592399847:[PRESS ,0038]P  +5501mbar,T+17665mdegC
1592399849:[PRESS ,0038]P  +5511mbar,T+17661mdegC
1592399851:[PRESS ,0038]P  +5511mbar,T+17657mdegC
1592399853:[PRESS ,0038]P  +5521mbar,T+17652mdegC
1592399854:[PRESS ,0038]P  +5511mbar,T+17647mdegC
1592399856:[PRESS ,0038]P  +5521mbar,T+17642mdegC
1592399858:[PRESS ,0038]P  +5521mbar,T+17637mdegC
1592399860:[PRESS ,0038]P  +5511mbar,T+17632mdegC
1592399862:[PRESS ,0038]P  +5521mbar,T+17628mdegC
1592399863:[PRESS ,0038]P  +5521mbar,T+17623mdegC
1592399865:[PRESS ,0038]P  +5521mbar,T+17619mdegC
1592399867:[PRESS ,0038]P  +5521mbar,T+17613mdegC
1592399869:[PRESS ,0038]P  +5521mbar,T+17607mdegC
1592399869:[MAIN  ,0140]stage[0] complete 1860s after mission start
1592399869:[MAIN  ,0056]stage[1]
1592399871:[MAIN  ,0024]internal pressure 81481Pa
1592399872:[PRESS ,0038]P  +5521mbar,T+17600mdegC
1592399872:[BUOY  ,0037]P  +5521mbar
1592399872:[STAGE ,0080]Stage [1] 5000mbar (+/-500mbar) 7200s (<1592405209s) 
1592399874:[PRESS ,0038]P  +5531mbar,T+17595mdegC
1592399874:<WARN>[BUOY  ,0094]stage[1] should ASCENT, stuck at 5531mbar for the #1 time
1592399874:[BUOY  ,0087]from +1mbar/s to -3mbar/s
1592399874:[BUOY  ,0089]need to transfer +16mL (pump during 19469ms)
1592399882:[PUMP  ,0016]pump during 19469ms
1592399938:[PRESS ,0038]P  +5491mbar,T+17467mdegC
1592399940:[PRESS ,0038]P  +5491mbar,T+17464mdegC
1592399941:[PRESS ,0038]P  +5481mbar,T+17461mdegC
1592399943:[PRESS ,0038]P  +5481mbar,T+17457mdegC
1592399945:[PRESS ,0038]P  +5481mbar,T+17453mdegC
1592399947:[PRESS ,0038]P  +5481mbar,T+17449mdegC
1592399949:[PRESS ,0038]P  +5471mbar,T+17446mdegC
1592399950:[PRESS ,0038]P  +5471mbar,T+17442mdegC
1592399952:[PRESS ,0038]P  +5461mbar,T+17438mdegC
1592399954:[PRESS ,0038]P  +5441mbar,T+17434mdegC
1592399956:[PRESS ,0038]P  +5451mbar,T+17430mdegC
1592399958:[PRESS ,0038]P  +5451mbar,T+17425mdegC
1592399959:[PRESS ,0038]P  +5441mbar,T+17422mdegC
1592399961:[PRESS ,0038]P  +5441mbar,T+17418mdegC
1592399963:[PRESS ,0038]P  +5431mbar,T+17414mdegC
1592399963:[STAGE ,0213]5431mbar reached at 1592399963s, ref 5000mbar +/-500mbar
1592400024:[PRESS ,0038]P  +5271mbar,T+17271mdegC
1592400024:[BUOY  ,0087]from -3mbar/s to +0mbar/s
1592400024:[BUOY  ,0090]need to transfer -14mL (valve during 2479ms)
1592400024:[VALVE ,0034]valve opening 2479ms
1592400084:[PRESS ,0038]P  +5201mbar,T+17138mdegC
1592400086:[PRESS ,0038]P  +5191mbar,T+17134mdegC
1592400088:[PRESS ,0038]P  +5201mbar,T+17130mdegC
1592400090:[PRESS ,0038]P  +5191mbar,T+17126mdegC
1592400092:[PRESS ,0038]P  +5201mbar,T+17122mdegC
1592400094:[PRESS ,0038]P  +5191mbar,T+17118mdegC
1592400095:[PRESS ,0038]P  +5201mbar,T+17116mdegC
1592400097:[PRESS ,0038]P  +5201mbar,T+17111mdegC
1592400099:[PRESS ,0038]P  +5191mbar,T+17108mdegC
1592400101:[PRESS ,0038]P  +5201mbar,T+17103mdegC
1592400103:[PRESS ,0038]P  +5191mbar,T+17100mdegC
1592400104:[PRESS ,0038]P  +5191mbar,T+17097mdegC
1592400106:[PRESS ,0038]P  +5191mbar,T+17093mdegC
1592400108:[PRESS ,0038]P  +5191mbar,T+17088mdegC
1592400110:[PRESS ,0038]P  +5201mbar,T+17086mdegC
1592400170:[PRESS ,0038]P  +5211mbar,T+16962mdegC
1592400231:[PRESS ,0038]P  +5261mbar,T+16852mdegC
1592400292:[PRESS ,0038]P  +5311mbar,T+16750mdegC
1592400292:[BUOY  ,0087]from +1mbar/s to +0mbar/s
1592400292:[BUOY  ,0089]need to transfer +2mL (pump during 2434ms)
1592400300:[PUMP  ,0016]pump during 2434ms
1592400356:[PRESS ,0038]P  +5331mbar,T+16664mdegC
1592400358:[PRESS ,0038]P  +5341mbar,T+16662mdegC
1592400359:[PRESS ,0038]P  +5331mbar,T+16660mdegC
1592400361:[PRESS ,0038]P  +5341mbar,T+16658mdegC
1592400363:[PRESS ,0038]P  +5341mbar,T+16655mdegC
1592400365:[PRESS ,0038]P  +5341mbar,T+16653mdegC
1592400367:[PRESS ,0038]P  +5341mbar,T+16650mdegC
1592400368:[PRESS ,0038]P  +5341mbar,T+16648mdegC
1592400370:[PRESS ,0038]P  +5341mbar,T+16646mdegC
1592400372:[PRESS ,0038]P  +5351mbar,T+16643mdegC
1592400374:[PRESS ,0038]P  +5331mbar,T+16641mdegC
1592400376:[PRESS ,0038]P  +5331mbar,T+16639mdegC
1592400377:[PRESS ,0038]P  +5331mbar,T+16636mdegC
1592400379:[PRESS ,0038]P  +5351mbar,T+16634mdegC
1592400381:[PRESS ,0038]P  +5341mbar,T+16631mdegC
1592400442:[PRESS ,0038]P  +5341mbar,T+16546mdegC
1592400502:[PRESS ,0038]P  +5341mbar,T+16461mdegC
1592400563:[PRESS ,0038]P  +5361mbar,T+16378mdegC
1592400624:[PRESS ,0038]P  +5391mbar,T+16300mdegC
1592400684:[PRESS ,0038]P  +5421mbar,T+16226mdegC
1592400745:[PRESS ,0038]P  +5431mbar,T+16157mdegC
1592400806:[PRESS ,0038]P  +5431mbar,T+16092mdegC
1592400866:[PRESS ,0038]P  +5481mbar,T+16032mdegC
1592400927:[PRESS ,0038]P  +5491mbar,T+15977mdegC
1592400988:[PRESS ,0038]P  +5541mbar,T+15926mdegC
1592400988:<WARN>[BUOY  ,0094]stage[1] should ASCENT, stuck at 5541mbar for the #2 time
1592400988:[BUOY  ,0087]from +0mbar/s to -3mbar/s
1592400988:[BUOY  ,0089]need to transfer +14mL (pump during 16983ms)
1592400996:[PUMP  ,0016]pump during 16983ms
1592401052:[PRESS ,0038]P  +5541mbar,T+15905mdegC
1592401054:[PRESS ,0038]P  +5541mbar,T+15904mdegC
1592401055:[PRESS ,0038]P  +5551mbar,T+15905mdegC
1592401057:[PRESS ,0038]P  +5541mbar,T+15902mdegC
1592401059:[PRESS ,0038]P  +5541mbar,T+15902mdegC
1592401061:[PRESS ,0038]P  +5531mbar,T+15901mdegC
1592401063:[PRESS ,0038]P  +5541mbar,T+15900mdegC
1592401064:[PRESS ,0038]P  +5541mbar,T+15900mdegC
1592401066:[PRESS ,0038]P  +5531mbar,T+15899mdegC
1592401068:[PRESS ,0038]P  +5531mbar,T+15898mdegC
1592401070:[PRESS ,0038]P  +5531mbar,T+15897mdegC
1592401072:[PRESS ,0038]P  +5531mbar,T+15896mdegC
1592401073:[PRESS ,0038]P  +5531mbar,T+15896mdegC
1592401075:[PRESS ,0038]P  +5521mbar,T+15895mdegC
1592401077:[PRESS ,0038]P  +5531mbar,T+15893mdegC
1592401077:[BUOY  ,0087]from -1mbar/s to -3mbar/s
1592401077:[BUOY  ,0089]need to transfer +12mL (pump during 14566ms)
1592401085:[PUMP  ,0016]pump during 14566ms
1592401141:[PRESS ,0038]P  +5421mbar,T+15877mdegC
1592401143:[PRESS ,0038]P  +5431mbar,T+15877mdegC
1592401145:[PRESS ,0038]P  +5421mbar,T+15877mdegC
1592401146:[PRESS ,0038]P  +5411mbar,T+15876mdegC
1592401148:[PRESS ,0038]P  +5411mbar,T+15875mdegC
1592401150:[PRESS ,0038]P  +5401mbar,T+15874mdegC
1592401152:[PRESS ,0038]P  +5411mbar,T+15874mdegC
1592401154:[PRESS ,0038]P  +5401mbar,T+15873mdegC
1592401155:[PRESS ,0038]P  +5391mbar,T+15872mdegC
1592401157:[PRESS ,0038]P  +5401mbar,T+15871mdegC
1592401159:[PRESS ,0038]P  +5391mbar,T+15870mdegC
1592401161:[PRESS ,0038]P  +5391mbar,T+15870mdegC
1592401163:[PRESS ,0038]P  +5371mbar,T+15869mdegC
1592401164:[PRESS ,0038]P  +5371mbar,T+15868mdegC
1592401166:[PRESS ,0038]P  +5371mbar,T+15867mdegC
1592401227:[PRESS ,0038]P  +5231mbar,T+15829mdegC
1592401288:[PRESS ,0038]P  +5121mbar,T+15789mdegC
1592401348:[PRESS ,0038]P  +5011mbar,T+15753mdegC
1592401409:[PRESS ,0038]P  +4891mbar,T+15724mdegC
1592401409:[BUOY  ,0087]from -2mbar/s to +0mbar/s
1592401409:[BUOY  ,0090]need to transfer -6mL (valve during 1109ms)
1592401409:[VALVE ,0034]valve opening 1109ms
1592401470:[PRESS ,0038]P  +4861mbar,T+15706mdegC
1592401472:[PRESS ,0038]P  +4851mbar,T+15707mdegC
1592401473:[PRESS ,0038]P  +4861mbar,T+15706mdegC
1592401475:[PRESS ,0038]P  +4861mbar,T+15706mdegC
1592401477:[PRESS ,0038]P  +4851mbar,T+15705mdegC
1592401479:[PRESS ,0038]P  +4851mbar,T+15705mdegC
1592401481:[PRESS ,0038]P  +4841mbar,T+15704mdegC
1592401482:[PRESS ,0038]P  +4851mbar,T+15704mdegC
1592401484:[PRESS ,0038]P  +4851mbar,T+15704mdegC
1592401486:[PRESS ,0038]P  +4851mbar,T+15703mdegC
1592401488:[PRESS ,0038]P  +4841mbar,T+15703mdegC
1592401490:[PRESS ,0038]P  +4841mbar,T+15702mdegC
1592401491:[PRESS ,0038]P  +4821mbar,T+15702mdegC
1592401493:[PRESS ,0038]P  +4831mbar,T+15702mdegC
1592401495:[PRESS ,0038]P  +4821mbar,T+15701mdegC
1592401495:[BUOY  ,0087]from -1mbar/s to +0mbar/s
1592401495:[BUOY  ,0090]need to transfer -2mL (valve during 370ms)
1592401495:[VALVE ,0034]valve opening 370ms
1592401556:[PRESS ,0038]P  +4761mbar,T+15693mdegC
1592401558:[PRESS ,0038]P  +4751mbar,T+15693mdegC
1592401559:[PRESS ,0038]P  +4751mbar,T+15692mdegC
1592401561:[PRESS ,0038]P  +4751mbar,T+15693mdegC
1592401563:[PRESS ,0038]P  +4751mbar,T+15692mdegC
1592401565:[PRESS ,0038]P  +4741mbar,T+15692mdegC
1592401567:[PRESS ,0038]P  +4751mbar,T+15691mdegC
1592401568:[PRESS ,0038]P  +4741mbar,T+15692mdegC
1592401570:[PRESS ,0038]P  +4741mbar,T+15691mdegC
1592401572:[PRESS ,0038]P  +4741mbar,T+15691mdegC
1592401574:[PRESS ,0038]P  +4741mbar,T+15691mdegC
1592401576:[PRESS ,0038]P  +4741mbar,T+15691mdegC
1592401578:[PRESS ,0038]P  +4741mbar,T+15691mdegC
1592401579:[PRESS ,0038]P  +4741mbar,T+15691mdegC
1592401581:[PRESS ,0038]P  +4731mbar,T+15691mdegC
1592401581:[BUOY  ,0087]from -1mbar/s to +0mbar/s
1592401581:[BUOY  ,0090]need to transfer -2mL (valve during 375ms)
1592401581:[VALVE ,0034]valve opening 375ms
1592401642:[PRESS ,0038]P  +4761mbar,T+15687mdegC
1592401644:[PRESS ,0038]P  +4761mbar,T+15687mdegC
1592401646:[PRESS ,0038]P  +4751mbar,T+15688mdegC
1592401647:[PRESS ,0038]P  +4761mbar,T+15687mdegC
1592401649:[PRESS ,0038]P  +4761mbar,T+15687mdegC
1592401651:[PRESS ,0038]P  +4761mbar,T+15687mdegC
1592401653:[PRESS ,0038]P  +4761mbar,T+15687mdegC
1592401655:[PRESS ,0038]P  +4761mbar,T+15687mdegC
1592401656:[PRESS ,0038]P  +4771mbar,T+15687mdegC
1592401658:[PRESS ,0038]P  +4781mbar,T+15687mdegC
1592401660:[PRESS ,0038]P  +4761mbar,T+15687mdegC
1592401662:[PRESS ,0038]P  +4751mbar,T+15687mdegC
1592401664:[PRESS ,0038]P  +4761mbar,T+15687mdegC
1592401665:[PRESS ,0038]P  +4761mbar,T+15687mdegC
1592401667:[PRESS ,0038]P  +4761mbar,T+15686mdegC
1592401728:[PRESS ,0038]P  +4811mbar,T+15683mdegC
1592401789:[PRESS ,0038]P  +4841mbar,T+15680mdegC
1592401849:[PRESS ,0038]P  +4851mbar,T+15678mdegC
1592401910:[PRESS ,0038]P  +4841mbar,T+15676mdegC
1592401971:[PRESS ,0038]P  +4841mbar,T+15676mdegC
1592402031:[PRESS ,0038]P  +4841mbar,T+15675mdegC
1592402092:[PRESS ,0038]P  +4831mbar,T+15674mdegC
1592402153:[PRESS ,0038]P  +4821mbar,T+15674mdegC
1592402213:[PRESS ,0038]P  +4821mbar,T+15674mdegC
1592402274:[PRESS ,0038]P  +4871mbar,T+15673mdegC
1592402335:[PRESS ,0038]P  +4861mbar,T+15672mdegC
1592402395:[PRESS ,0038]P  +4831mbar,T+15671mdegC
1592402456:[PRESS ,0038]P  +4781mbar,T+15671mdegC
1592402517:[PRESS ,0038]P  +4781mbar,T+15670mdegC
1592402577:[PRESS ,0038]P  +4811mbar,T+15669mdegC
1592402638:[PRESS ,0038]P  +4841mbar,T+15669mdegC
1592402699:[PRESS ,0038]P  +4871mbar,T+15667mdegC
1592402760:[PRESS ,0038]P  +4861mbar,T+15666mdegC
1592402820:[PRESS ,0038]P  +4831mbar,T+15665mdegC
1592402881:[PRESS ,0038]P  +4791mbar,T+15664mdegC
1592402942:[PRESS ,0038]P  +4761mbar,T+15661mdegC
1592403002:[PRESS ,0038]P  +4761mbar,T+15660mdegC
1592403063:[PRESS ,0038]P  +4781mbar,T+15659mdegC
1592403124:[PRESS ,0038]P  +4801mbar,T+15656mdegC
1592403184:[PRESS ,0038]P  +4811mbar,T+15654mdegC
1592403245:[PRESS ,0038]P  +4791mbar,T+15651mdegC
1592403306:[PRESS ,0038]P  +4771mbar,T+15648mdegC
1592403366:[PRESS ,0038]P  +4751mbar,T+15646mdegC
1592403427:[PRESS ,0038]P  +4731mbar,T+15643mdegC
1592403488:[PRESS ,0038]P  +4711mbar,T+15640mdegC
1592403548:[PRESS ,0038]P  +4661mbar,T+15637mdegC
1592403609:[PRESS ,0038]P  +4631mbar,T+15633mdegC
1592403670:[PRESS ,0038]P  +4611mbar,T+15631mdegC
1592403730:[PRESS ,0038]P  +4591mbar,T+15628mdegC
1592403791:[PRESS ,0038]P  +4581mbar,T+15626mdegC
1592403852:[PRESS ,0038]P  +4571mbar,T+15623mdegC
1592403913:[PRESS ,0038]P  +4551mbar,T+15619mdegC
1592403973:[PRESS ,0038]P  +4551mbar,T+15617mdegC
1592404034:[PRESS ,0038]P  +4581mbar,T+15615mdegC
1592404095:[PRESS ,0038]P  +4591mbar,T+15614mdegC
1592404155:[PRESS ,0038]P  +4621mbar,T+15610mdegC
1592404216:[PRESS ,0038]P  +4631mbar,T+15609mdegC
1592404277:[PRESS ,0038]P  +4641mbar,T+15606mdegC
1592404337:[PRESS ,0038]P  +4641mbar,T+15604mdegC
1592404398:[PRESS ,0038]P  +4641mbar,T+15601mdegC
1592404459:[PRESS ,0038]P  +4651mbar,T+15600mdegC
1592404519:[PRESS ,0038]P  +4661mbar,T+15597mdegC
1592404580:[PRESS ,0038]P  +4701mbar,T+15596mdegC
1592404641:[PRESS ,0038]P  +4711mbar,T+15593mdegC
1592404701:[PRESS ,0038]P  +4711mbar,T+15592mdegC
1592404762:[PRESS ,0038]P  +4731mbar,T+15590mdegC
1592404823:[PRESS ,0038]P  +4741mbar,T+15588mdegC
1592404883:[PRESS ,0038]P  +4741mbar,T+15587mdegC
1592404944:[PRESS ,0038]P  +4731mbar,T+15585mdegC
1592405005:[PRESS ,0038]P  +4741mbar,T+15583mdegC
1592405066:[PRESS ,0038]P  +4751mbar,T+15581mdegC
1592405126:[PRESS ,0038]P  +4751mbar,T+15580mdegC
1592405187:[PRESS ,0038]P  +4741mbar,T+15577mdegC
1592405248:[PRESS ,0038]P  +4721mbar,T+15575mdegC
1592405248:[MAIN  ,0140]stage[1] complete 7239s after mission start
1592405248:[MAIN  ,0056]stage[2]
1592405250:[MAIN  ,0024]internal pressure 80873Pa
1592405254:[SBE41 ,0282]SBE41 parameters : 
      dsreplyformat=1 (webb(0)/standard(1))
      addtimingdelays=0 (n(0)/y(1))
      outputdensity=0 (n(0)/y(1))
      echocmd=0 (n(0)/y(1))
      outputrt=0 (n(0)/y(1))
      outputpts=0 (n(0)/y(1))
      outputsn=0 (n(0)/y(1))
      outputpressure=1 (n(0)/y(1))
      pcutoff=2dbar
      tswait=0s
      pumpfastpt=1 (n(0)/y(1))
      samplerate=1 ('fast':1Hz(1)/'slow':0.5Hz(0))
      top_bin_interval=10dbar
      top_bin_size=10dbar
      top_bin_max=100dbar
      middle_bin_interval=50dbar
      middle_bin_size=50dbar
      middle_bin_max=1000dbar
      bottom_bin_interval=100dbar
      bottom_bin_size=100dbar
      includetransitionbin=0
      includenbin=0 (n(0)/y(1))
      autobinavg=0 (n(0)/y(1))
1592405256:[PRESS ,0038]P  +4711mbar,T+15575mdegC
1592405256:[BUOY  ,0037]P  +4711mbar
1592405256:[STAGE ,0091]Stage [2] surfacing 3600s (<1592408809s) SBE41
1592405258:[PRESS ,0038]P  +4721mbar,T+15575mdegC
1592405258:<WARN>[BUOY  ,0094]stage[2] should ASCENT, stuck at 4721mbar for the #1 time
1592405258:[BUOY  ,0087]from +0mbar/s to -7mbar/s
1592405258:[BUOY  ,0089]need to transfer +78mL (pump during 94089ms)
1592405266:[PUMP  ,0016]pump during 60000ms
1592405329:[PRESS ,0038]P  +4581mbar,T+15601mdegC
1592405331:[PRESS ,0038]P  +4581mbar,T+15603mdegC
1592405333:[PRESS ,0038]P  +4581mbar,T+15604mdegC
1592405335:[PRESS ,0038]P  +4571mbar,T+15606mdegC
1592405337:[PRESS ,0038]P  +4551mbar,T+15608mdegC
1592405338:[PRESS ,0038]P  +4541mbar,T+15609mdegC
1592405340:[PRESS ,0038]P  +4531mbar,T+15610mdegC
1592405342:[PRESS ,0038]P  +4531mbar,T+15613mdegC
1592405344:[PRESS ,0038]P  +4511mbar,T+15614mdegC
1592405346:[PRESS ,0038]P  +4511mbar,T+15615mdegC
1592405347:[PRESS ,0038]P  +4501mbar,T+15617mdegC
1592405349:[PRESS ,0038]P  +4491mbar,T+15618mdegC
1592405351:[PRESS ,0038]P  +4491mbar,T+15618mdegC
1592405353:[PRESS ,0038]P  +4481mbar,T+15620mdegC
1592405355:[PRESS ,0038]P  +4471mbar,T+15621mdegC
1592405355:[BUOY  ,0087]from -5mbar/s to -7mbar/s
1592405355:[BUOY  ,0089]need to transfer +38mL (pump during 46005ms)
1592405355:[SBE41 ,0337]Speed start detected
1592405363:[PUMP  ,0016]pump during 46005ms
1592405419:[PRESS ,0038]P  +4231mbar,T+15666mdegC
1592405420:[PRESS ,0038]P  +4221mbar,T+15668mdegC
1592405422:[PRESS ,0038]P  +4211mbar,T+15670mdegC
1592405424:[PRESS ,0038]P  +4211mbar,T+15672mdegC
1592405426:[PRESS ,0038]P  +4191mbar,T+15674mdegC
1592405428:[PRESS ,0038]P  +4171mbar,T+15674mdegC
1592405429:[PRESS ,0038]P  +4171mbar,T+15676mdegC
1592405431:[PRESS ,0038]P  +4161mbar,T+15678mdegC
1592405433:[PRESS ,0038]P  +4141mbar,T+15679mdegC
1592405435:[PRESS ,0038]P  +4131mbar,T+15681mdegC
1592405437:[PRESS ,0038]P  +4131mbar,T+15682mdegC
1592405438:[PRESS ,0038]P  +4111mbar,T+15683mdegC
1592405440:[PRESS ,0038]P  +4091mbar,T+15684mdegC
1592405442:[PRESS ,0038]P  +4071mbar,T+15685mdegC
1592405444:[PRESS ,0038]P  +4071mbar,T+15687mdegC
1592405505:[PRESS ,0038]P  +3771mbar,T+15702mdegC
1592405506:[PRESS ,0038]P  +3751mbar,T+15702mdegC
1592405508:[PRESS ,0038]P  +3751mbar,T+15702mdegC
1592405510:[PRESS ,0038]P  +3731mbar,T+15702mdegC
1592405512:[PRESS ,0038]P  +3731mbar,T+15703mdegC
1592405514:[PRESS ,0038]P  +3721mbar,T+15703mdegC
1592405515:[PRESS ,0038]P  +3711mbar,T+15702mdegC
1592405517:[PRESS ,0038]P  +3701mbar,T+15703mdegC
1592405519:[PRESS ,0038]P  +3701mbar,T+15703mdegC
1592405521:[PRESS ,0038]P  +3691mbar,T+15703mdegC
1592405523:[PRESS ,0038]P  +3691mbar,T+15703mdegC
1592405524:[PRESS ,0038]P  +3671mbar,T+15703mdegC
1592405526:[PRESS ,0038]P  +3661mbar,T+15704mdegC
1592405528:[PRESS ,0038]P  +3641mbar,T+15704mdegC
1592405530:[PRESS ,0038]P  +3641mbar,T+15704mdegC
1592405530:[BUOY  ,0087]from -5mbar/s to -7mbar/s
1592405530:[BUOY  ,0089]need to transfer +38mL (pump during 46005ms)
1592405538:[PUMP  ,0016]pump during 46005ms
1592405594:[PRESS ,0038]P  +3401mbar,T+15737mdegC
1592405596:[PRESS ,0038]P  +3401mbar,T+15739mdegC
1592405597:[PRESS ,0038]P  +3391mbar,T+15741mdegC
1592405599:[PRESS ,0038]P  +3371mbar,T+15744mdegC
1592405601:[PRESS ,0038]P  +3391mbar,T+15746mdegC
1592405603:[PRESS ,0038]P  +3361mbar,T+15748mdegC
1592405605:[PRESS ,0038]P  +3371mbar,T+15749mdegC
1592405606:[PRESS ,0038]P  +3351mbar,T+15752mdegC
1592405608:[PRESS ,0038]P  +3341mbar,T+15752mdegC
1592405610:[PRESS ,0038]P  +3341mbar,T+15754mdegC
1592405612:[PRESS ,0038]P  +3331mbar,T+15756mdegC
1592405614:[PRESS ,0038]P  +3301mbar,T+15757mdegC
1592405615:[PRESS ,0038]P  +3311mbar,T+15760mdegC
1592405617:[PRESS ,0038]P  +3301mbar,T+15759mdegC
1592405619:[PRESS ,0038]P  +3291mbar,T+15762mdegC
1592405619:[BUOY  ,0087]from -5mbar/s to -7mbar/s
1592405619:[BUOY  ,0089]need to transfer +38mL (pump during 46005ms)
1592405627:[PUMP  ,0016]pump during 46005ms
1592405683:[PRESS ,0038]P  +2991mbar,T+15836mdegC
1592405685:[PRESS ,0038]P  +2981mbar,T+15838mdegC
1592405687:[PRESS ,0038]P  +2981mbar,T+15842mdegC
1592405688:[PRESS ,0038]P  +2961mbar,T+15844mdegC
1592405690:[PRESS ,0038]P  +2971mbar,T+15847mdegC
1592405692:[PRESS ,0038]P  +2941mbar,T+15851mdegC
1592405694:[PRESS ,0038]P  +2931mbar,T+15853mdegC
1592405696:[PRESS ,0038]P  +2911mbar,T+15856mdegC
1592405697:[PRESS ,0038]P  +2891mbar,T+15858mdegC
1592405699:[PRESS ,0038]P  +2901mbar,T+15861mdegC
1592405701:[PRESS ,0038]P  +2881mbar,T+15865mdegC
1592405703:[PRESS ,0038]P  +2871mbar,T+15866mdegC
1592405705:[PRESS ,0038]P  +2871mbar,T+15870mdegC
1592405706:[PRESS ,0038]P  +2851mbar,T+15873mdegC
1592405708:[PRESS ,0038]P  +2841mbar,T+15875mdegC
1592405769:[PRESS ,0038]P  +2541mbar,T+15962mdegC
1592405771:[PRESS ,0038]P  +2511mbar,T+15966mdegC
1592405773:[PRESS ,0038]P  +2501mbar,T+15969mdegC
1592405774:[PRESS ,0038]P  +2501mbar,T+15972mdegC
1592405776:[PRESS ,0038]P  +2491mbar,T+15974mdegC
1592405778:[PRESS ,0038]P  +2501mbar,T+15978mdegC
1592405780:[PRESS ,0038]P  +2481mbar,T+15980mdegC
1592405782:[PRESS ,0038]P  +2481mbar,T+15983mdegC
1592405783:[PRESS ,0038]P  +2471mbar,T+15986mdegC
1592405785:[PRESS ,0038]P  +2461mbar,T+15989mdegC
1592405787:[PRESS ,0038]P  +2451mbar,T+15992mdegC
1592405789:[PRESS ,0038]P  +2451mbar,T+15995mdegC
1592405791:[PRESS ,0038]P  +2451mbar,T+15999mdegC
1592405792:[PRESS ,0038]P  +2431mbar,T+16002mdegC
1592405794:[PRESS ,0038]P  +2431mbar,T+16005mdegC
1592405794:[BUOY  ,0087]from -4mbar/s to -7mbar/s
1592405794:[BUOY  ,0089]need to transfer +52mL (pump during 62954ms)
1592405802:[PUMP  ,0016]pump during 60000ms
1592405866:[PRESS ,0038]P  +2131mbar,T+16192mdegC
1592405868:[PRESS ,0038]P  +2111mbar,T+16199mdegC
1592405870:[PRESS ,0038]P  +2101mbar,T+16204mdegC
1592405872:[PRESS ,0038]P  +2091mbar,T+16209mdegC
1592405873:[PRESS ,0038]P  +2071mbar,T+16217mdegC
1592405875:[PRESS ,0038]P  +2061mbar,T+16222mdegC
1592405877:[PRESS ,0038]P  +2061mbar,T+16229mdegC
1592405879:[PRESS ,0038]P  +2051mbar,T+16235mdegC
1592405881:[PRESS ,0038]P  +2041mbar,T+16240mdegC
1592405882:[PRESS ,0038]P  +2031mbar,T+16248mdegC
1592405884:[PRESS ,0038]P  +2011mbar,T+16254mdegC
1592405886:[PRESS ,0038]P  +2011mbar,T+16260mdegC
1592405888:[PRESS ,0038]P  +2001mbar,T+16267mdegC
1592405890:[PRESS ,0038]P  +1981mbar,T+16273mdegC
1592405891:[PRESS ,0038]P  +1971mbar,T+16279mdegC
1592405952:[PRESS ,0038]P  +1601mbar,T+16519mdegC
1592405954:[PRESS ,0038]P  +1581mbar,T+16526mdegC
1592405956:[PRESS ,0038]P  +1581mbar,T+16534mdegC
1592405957:[PRESS ,0038]P  +1561mbar,T+16541mdegC
1592405959:[PRESS ,0038]P  +1541mbar,T+16547mdegC
1592405961:[PRESS ,0038]P  +1541mbar,T+16556mdegC
1592405963:[PRESS ,0038]P  +1521mbar,T+16563mdegC
1592405965:[PRESS ,0038]P  +1511mbar,T+16571mdegC
1592405967:[PRESS ,0038]P  +1501mbar,T+16577mdegC
1592405968:[PRESS ,0038]P  +1491mbar,T+16585mdegC
1592405970:[PRESS ,0038]P  +1481mbar,T+16594mdegC
1592405972:[PRESS ,0038]P  +1471mbar,T+16600mdegC
1592405974:[PRESS ,0038]P  +1451mbar,T+16608mdegC
1592405976:[PRESS ,0038]P  +1451mbar,T+16616mdegC
1592405977:[PRESS ,0038]P  +1441mbar,T+16623mdegC
1592406038:[PRESS ,0038]P  +1031mbar,T+16886mdegC
1592406040:[PRESS ,0038]P  +1021mbar,T+16894mdegC
1592406042:[PRESS ,0038]P  +1001mbar,T+16902mdegC
1592406043:[PRESS ,0038]P   +981mbar,T+16910mdegC
1592406045:[PRESS ,0038]P   +971mbar,T+16918mdegC
1592406047:[PRESS ,0038]P   +951mbar,T+16925mdegC
1592406049:[PRESS ,0038]P   +951mbar,T+16933mdegC
1592406051:[PRESS ,0038]P   +931mbar,T+16941mdegC
1592406052:[PRESS ,0038]P   +921mbar,T+16948mdegC
1592406054:[PRESS ,0038]P   +911mbar,T+16956mdegC
1592406056:[PRESS ,0038]P   +891mbar,T+16965mdegC
1592406058:[PRESS ,0038]P   +881mbar,T+16972mdegC
1592406060:[PRESS ,0038]P   +871mbar,T+16980mdegC
1592406062:[PRESS ,0038]P   +861mbar,T+16988mdegC
1592406063:[PRESS ,0038]P   +851mbar,T+16995mdegC
1592406124:[PRESS ,0038]P   +461mbar,T+17255mdegC
1592406126:[PRESS ,0038]P   +451mbar,T+17262mdegC
1592406128:[PRESS ,0038]P   +451mbar,T+17270mdegC
1592406129:[PRESS ,0038]P   +451mbar,T+17277mdegC
1592406131:[PRESS ,0038]P   +441mbar,T+17285mdegC
1592406133:[PRESS ,0038]P   +431mbar,T+17292mdegC
1592406135:[PRESS ,0038]P   +431mbar,T+17301mdegC
1592406137:[PRESS ,0038]P   +421mbar,T+17309mdegC
1592406138:[PRESS ,0038]P   +421mbar,T+17316mdegC
1592406140:[PRESS ,0038]P   +411mbar,T+17322mdegC
1592406142:[PRESS ,0038]P   +411mbar,T+17330mdegC
1592406144:[PRESS ,0038]P   +401mbar,T+17337mdegC
1592406146:[PRESS ,0038]P   +391mbar,T+17345mdegC
1592406147:[PRESS ,0038]P   +391mbar,T+17352mdegC
1592406149:[PRESS ,0038]P   +361mbar,T+17361mdegC
1592406149:[STAGE ,0214]361mbar (500) reached at 1592406149s, ascending from 4711mbar
1592406149:[STAGE ,0342]The float reached the surface : OK
1592406149:[MAIN  ,0140]stage[2] complete 8140s after mission start
1592406156:[SBE41 ,0343]SBE41 dump : 782 stored samples in hexa format
1592406185:[SBE41 ,0338]Dump finished
1592406185:[SBE41 ,0318]7038 bytes in 0051/5EEA2D07.S41
1592406185:[MRMAID,0188]acq already stopped
1592406246:[MSSION,0192]mission stopped, 3 stage(s) done
1592406246:[MAIN  ,0065]surfacing
1592406247:[PRESS ,0038]P    -69mbar,T+17773mdegC
1592406248:[SURFIN,0036]P    -69mbar
1592406249:[PRESS ,0038]P    -79mbar,T+17783mdegC
1592406251:[PRESS ,0038]P    -89mbar,T+17791mdegC
1592406251:[SURFIN,0020]filling external bladder
1592406259:[PUMP  ,0016]pump during 300000ms
1592406518:[SURFIN,0019]external bladder full
1592406520:[PRESS ,0038]P   +130mbar,T+19064mdegC
1592406521:[PRESS ,0038]P   +130mbar,T+19071mdegC
1592406523:[PRESS ,0038]P   +140mbar,T+19077mdegC
1592406525:[PRESS ,0038]P   +130mbar,T+19082mdegC
1592406527:[PRESS ,0038]P   +130mbar,T+19088mdegC
1592406529:[PRESS ,0038]P   +120mbar,T+19095mdegC
1592406530:[PRESS ,0038]P   +130mbar,T+19104mdegC
1592406532:[PRESS ,0038]P   +120mbar,T+19111mdegC
1592406534:[PRESS ,0038]P   +140mbar,T+19119mdegC
1592406536:[PRESS ,0038]P   +130mbar,T+19127mdegC
1592406538:[PRESS ,0038]P   +130mbar,T+19135mdegC
1592406539:[PRESS ,0038]P   +130mbar,T+19142mdegC
1592406541:[PRESS ,0038]P   +140mbar,T+19148mdegC
1592406543:[PRESS ,0038]P   +140mbar,T+19157mdegC
1592406545:[PRESS ,0038]P   +140mbar,T+19166mdegC
1592406581:[MAIN  ,0272]Vbat 14758mV (min 14493mV)
1592406583:[MAIN  ,0024]internal pressure 79862Pa
1592406583:[MAIN  ,0043]Pext 132mbar (rng 20mbar)
1592406583:[MAIN  ,0064]surface
1592406594:[SURF  ,0022]GPS fix...
1592406615:[SURF  ,0015]10 PPS detected...
1592406616:[MRMAID,0052]Mermaid $GPSACK:+0,+0,+0,+0,+0,+0,-2105;
1592406626:[MRMAID,0052]Mermaid $GPSOFF:3686320;
1592406626:[GPSFIX,0179]-1s diff
1592406627:[SURF  ,0222]2020-06-17T15:10:27
1592406627:[SURF  ,0082]Latitude : N43deg40.942mn, Longitude :E007deg19.170mn
1592406627:[SURF  ,0223]fix3D,10satellites
1592406627:[SURF  ,0084]GPS fix GPGSA : hdop0.620,vdop0.890
1592406637:[SURF  ,0274]last almanac : 2271026
1592406650:[MRMAID,0026]1570 bytes in 0051/5EEA3272.MER
1592406656:[MAIN  ,0320]New pressure offset: 132mbar
1592406656:[LOGBIN,0078]*** switching to 0051/5EEA3280 ***
