1581063453:[MONITR,0197]reboot code 0x0000, src/monitor.c@516
1581063453:[MAIN  ,0007]buoy 452.020-P-0051
1581063453:[MAIN  ,0055]soft pilotage 452.012.300_V2.10-20200130
1581063453:[MAIN  ,0011]date 2020-02-07T08:17:33
1581063459:[MAIN  ,0006]battery 15305mV,   14762uA
1581063462:[MAIN  ,0024]internal pressure 78466Pa
1581063463:[PRESS ,0038]P    +80mbar,T+13121mdegC
1581063464:[MRMAID,0182]thread started
1581063465:[MRMAID,0186]no wake-up
1581063466:[MRMAID,0188]acq already stopped
1581063466:[MRMAID,0052]Mermaid $BOARD:452116600-51;
1581063467:[MRMAID,0052]Mermaid $SOFT:2.1344;
1581063467:[TESTMD,0053]Enter in test mode? yes/no
1581063467:[TESTMD,0252]0051>
1581063470:[TESTMD,0050]"no"
1581063470:[BYCMD ,0107]    FreeRTOS V8.2.3
1581063470:[BYCMD ,0108]    FatFS v11a
1581063470:[BYCMD ,0117]    valve is running
1581063471:[BYCMD ,0120]    bypass 20000ms 60000ms (20000ms 60000ms stored)
1581063471:[BYCMD ,0121]    valve 60000ms 12750 (60000ms 12750 stored)
1581063471:[BYCMD ,0122]    pump 60000ms 30 10750 80 (60000ms 30 10750 80tored)
1581063471:[BYCMD ,0123]    rate 2mbar/s (2mbar/s stored)
1581063471:[BYCMD ,0124]    surface 500mbar (500mbar stored)
1581063471:[BYCMD ,0125]    near 15000mbar 3mbar/s (15000mbar 3mbar/s stored)
1581063471:[BYCMD ,0126]    far 25000mbar 4mbar/s (25000mbar 4mbar/s stored)
1581063471:[BYCMD ,0127]    ascent 8mbar/s (8mbar/s stored)
1581063471:[BYCMD ,0128]    dead 300s (300s stored)
1581063471:[BYCMD ,0129]    coeff 16/10 (16/10 stored)
1581063471:[BYCMD ,0130]    stab 10 (10 stored)
1581063471:[BYCMD ,0131]    delay 900s 3600s (900s 3600s stored)
1581063471:[BYCMD ,0132]    mmtime 2880min (2880min stored)
1581063471:[BYCMD ,0133]    dv_landing 100ml (100ml stored)
1581063471:[MKDCMD,0150]    p2t37: 15x2000ms, offset 0mbar
1581063471:[P2TCMD,0151]    p2t37: dp 5000mbar, dt 5000mdegC
1581063471:[STACMD,0077]    mission empty
1581063471:[MAIN  ,0065]surfacing
1581063496:[SURFIN,0036]P    +70mbar
1581063499:[SURFIN,0020]filling external bladder
1581063508:[PUMP  ,0207]pump warmup 15061mV/53070uA
1581063508:[PUMP  ,0016]pump during 300000ms
1581063516:[PUMP  ,0212]pump stopped, 13119mV/1462031uA
1581063516:[PUMP  ,0210]aborted, 29200ticks remain
1581063518:[SURFIN,0019]external bladder full
1581063580:[MAIN  ,0272]Vbat 15308mV (min 15290mV)
1581063582:[MAIN  ,0024]internal pressure 78482Pa
1581063582:[MAIN  ,0043]Pext 89mbar (rng 20mbar)
1581063582:[MAIN  ,0064]surface
1581063583:[SURF  ,0224]surface1
1581063591:[SURF  ,0022]GPS fix...
1581063591:<WARN>[GPSFIX,0123]GPRMC ms=730 #1
1581063592:<WARN>[GPSFIX,0122]GPRMC no fix #0
1581063638:[SURF  ,0015]10 PPS detected...
1581063640:[MRMAID,0052]Mermaid $GPSACK:+50,+1,+6,+8,+16,+20,-717803;
1581063650:[MRMAID,0052]Mermaid $GPSOFF:3686321;
1581063651:[GPSFIX,0179]+0s diff
1581063651:[SURF  ,0222]2020-02-07T08:20:51
1581063651:[SURF  ,0082]Latitude : N43deg05.237mn, Longitude :E006deg00.204mn
1581063651:[SURF  ,0223]fix3D,6satellites
1581063651:[SURF  ,0084]GPS fix GPGSA : hdop0.880,vdop1.520
1581063661:[SURF  ,0274]last almanac : 1580408301
1581064573:[MRMAID,0026]1262 bytes in 0051/5E3D2176.MER
1581064578:[MAIN  ,0320]New pressure offset: 89mbar
