1592543198:[MAIN  ,0007]buoy 452.020-P-0051
1592543198:[MAIN  ,0055]soft pilotage 452.012.300_V2.20-20200612
1592543198:[MAIN  ,0010]cycle 24
1592543198:[SURF  ,0225]surface2
1592543213:[SURF  ,0022]GPS fix...
1592543234:[SURF  ,0015]10 PPS detected...
1592543235:[MRMAID,0052]Mermaid $GPSACK:+0,+0,+0,+0,+0,+0,+0;
1592543245:[MRMAID,0052]Mermaid $GPSOFF:3686320;
1592543246:[GPSFIX,0179]-1s diff
1592543247:[SURF  ,0222]2020-06-19T05:07:27
1592543247:[SURF  ,0082]Latitude : N43deg40.937mn, Longitude :E007deg19.177mn
1592543247:[SURF  ,0223]fix3D,10satellites
1592543247:[SURF  ,0084]GPS fix GPGSA : hdop0.610,vdop0.930
1592543257:[SURF  ,0025]Iridium...
1592543264:[SBE41 ,0339]newoffset=0.17db received after -57s
1592543291:[SURF  ,0009]connected in 34s, signal quality 5
1592543364:[SURF  ,0218]prompt received, remote cmd end
1592543364:[SURF  ,0012]16 cmd(s) received
1592543385:[UPLOAD,0248]Upload data files...
1592543473:[UPLOAD,0231]"0051/5EEC3F54.S41" uploaded at 140bytes/s
1592543486:[UPLOAD,0231]"0051/5EEC47D1.MER" uploaded at 142bytes/s
1592543539:[UPLOAD,0231]"0051/5EEC171D.BIN" uploaded at 135bytes/s
1592543556:[MAIN  ,0013]3 file(s) uploaded
1592543589:[SURF  ,0014]disconnected after 332s
1592543594:[SURFIN,0020]filling external bladder
1592543602:[PUMP  ,0016]pump during 300000ms
1592543613:[SURFIN,0019]external bladder full
1592543613:[SURF  ,0227]1st complete transfer
1592543855:[SURF  ,0022]GPS fix...
1592543875:[SURF  ,0015]10 PPS detected...
1592543876:[MRMAID,0052]Mermaid $GPSACK:+0,+0,+0,+0,+0,+0,+0;
1592543886:[MRMAID,0052]Mermaid $GPSOFF:3686320;
1592543887:[GPSFIX,0179]-1s diff
1592543888:[SURF  ,0222]2020-06-19T05:18:08
1592543888:[SURF  ,0082]Latitude : N43deg40.937mn, Longitude :E007deg19.177mn
1592543888:[SURF  ,0223]fix3D,9satellites
1592543888:[SURF  ,0084]GPS fix GPGSA : hdop0.570,vdop0.960
1592543898:[SURF  ,0025]Iridium...
1592543932:[SURF  ,0009]connected in 34s, signal quality 5
1592544004:[SURF  ,0218]prompt received, remote cmd end
1592544004:[SURF  ,0012]16 cmd(s) received
1592544044:[SURF  ,0014]disconnected after 146s
1592544049:[SURFIN,0020]filling external bladder
1592544057:[PUMP  ,0016]pump during 300000ms
1592544068:[SURFIN,0019]external bladder full
1592544068:[SURF  ,0226]Go dive (Minimum surface delay expired and no more file to upload)
1592544082:[SURF  ,0022]GPS fix...
1592544103:[SURF  ,0015]10 PPS detected...
1592544104:[MRMAID,0052]Mermaid $GPSACK:+0,+0,+0,+0,+0,+0,+0;
1592544114:[MRMAID,0052]Mermaid $GPSOFF:3686319;
1592544115:[GPSFIX,0179]-1s diff
1592544116:[SURF  ,0222]2020-06-19T05:21:56
1592544116:[SURF  ,0082]Latitude : N43deg40.937mn, Longitude :E007deg19.176mn
1592544116:[SURF  ,0223]fix3D,10satellites
1592544116:[SURF  ,0084]GPS fix GPGSA : hdop0.560,vdop0.920
1592544133:[MAIN  ,0024]internal pressure 79807Pa
1592544134:[BYCMD ,0107]    FreeRTOS V8.2.3
1592544134:[BYCMD ,0108]    FatFS v11a
1592544134:[BYCMD ,0120]    bypass 10000ms 110000ms (20000ms 60000ms stored)
1592544134:[BYCMD ,0121]    valve 60000ms 12750 (60000ms 12750 stored)
1592544134:[BYCMD ,0122]    pump 60000ms 30% 10750 80% (60000ms 30% 10750 80% stored)
1592544134:[BYCMD ,0123]    rate 2mbar/s (2mbar/s stored)
1592544134:[BYCMD ,0124]    surface 500mbar (500mbar stored)
1592544134:[BYCMD ,0125]    near 500mbar 3mbar/s (15000mbar 3mbar/s stored)
1592544134:[BYCMD ,0126]    far 1500mbar 4mbar/s (25000mbar 4mbar/s stored)
1592544134:[BYCMD ,0127]    ascent 8mbar/s (8mbar/s stored)
1592544134:[BYCMD ,0128]    dead 60s (300s stored)
1592544134:[BYCMD ,0129]    coeff 16/10 (16/10 stored)
1592544134:[BYCMD ,0130]    stab 10 (10 stored)
1592544134:[BYCMD ,0131]    delay 900s 3600s (900s 3600s stored)
1592544134:[BYCMD ,0132]    mmtime 2880min (2880min stored)
1592544134:[BYCMD ,0133]    dv_landing 100ml (100ml stored)
1592544134:[MKDCMD,0150]    p2t37: 15x2000ms, offset 159mbar
1592544134:[P2TCMD,0151]    p2t37: dp -1mbar, dt 1000000mdegC
1592544135:[STAGE ,0080]Stage [0] 5000mbar (+/-500mbar) 1800s (<1800s) 
1592544135:[STAGE ,0080]Stage [1] 5000mbar (+/-500mbar) 7200s (<7200s) 
1592544135:[STAGE ,0091]Stage [2] surfacing 3600s (<10800s) SBE41
1592544135:[SBE41 ,0282]SBE41 parameters : 
      dsreplyformat=1 (webb(0)/standard(1))
      addtimingdelays=0 (n(0)/y(1))
      outputdensity=0 (n(0)/y(1))
      echocmd=0 (n(0)/y(1))
      outputrt=0 (n(0)/y(1))
      outputpts=0 (n(0)/y(1))
      outputsn=0 (n(0)/y(1))
      outputpressure=1 (n(0)/y(1))
      pcutoff=2dbar
      tswait=0s
      pumpfastpt=1 (n(0)/y(1))
      samplerate=1 ('fast':1Hz(1)/'slow':0.5Hz(0))
      top_bin_interval=10dbar
      top_bin_size=10dbar
      top_bin_max=100dbar
      middle_bin_interval=50dbar
      middle_bin_size=50dbar
      middle_bin_max=1000dbar
      bottom_bin_interval=100dbar
      bottom_bin_size=100dbar
      includetransitionbin=0
      includenbin=0 (n(0)/y(1))
      autobinavg=0 (n(0)/y(1))
1592544135:[SBE41 ,0283]SBE41 pilot policy : 
      continiousprofile=0 (n(0)/y(1)
      speeddetection=1 (n(0)/y(1)
      hexoutput=1 (n(0)/y(1)
      binaverageoutput=0 (n(0)/y(1)
      manualprofilerate=10s
      runningpumpbeforeprofile=10s
      speedstart=2mbar/s
      speedcontrol=7mbar/s
1592544135:[MAIN  ,0070]turn off bluetooth
1592544137:[PRESS ,0038]P    -19mbar,T+20953mdegC
1592544139:[PRESS ,0038]P     -9mbar,T+20953mdegC
1592544141:[PRESS ,0038]P    -19mbar,T+20953mdegC
1592544143:[PRESS ,0038]P     -9mbar,T+20952mdegC
1592544145:[PRESS ,0038]P     -9mbar,T+20952mdegC
1592544146:[PRESS ,0038]P    -19mbar,T+20952mdegC
1592544148:[PRESS ,0038]P     -9mbar,T+20955mdegC
1592544150:[PRESS ,0038]P    -29mbar,T+20956mdegC
1592544152:[PRESS ,0038]P     +1mbar,T+20958mdegC
1592544154:[PRESS ,0038]P    -19mbar,T+20960mdegC
1592544156:[PRESS ,0038]P    -19mbar,T+20962mdegC
1592544157:[PRESS ,0038]P    -19mbar,T+20965mdegC
1592544159:[PRESS ,0038]P    -19mbar,T+20965mdegC
1592544161:[PRESS ,0038]P     -9mbar,T+20965mdegC
1592544163:[PRESS ,0038]P     -9mbar,T+20966mdegC
1592544163:[DIVING,0141]diving from -9mbar, +0mbar/s
1592544163:[BYPASS,0035]bypass opening 110000ms
1592544284:[PRESS ,0038]P   -109mbar,T+21174mdegC
1592544286:[PRESS ,0038]P   -119mbar,T+21176mdegC
1592544288:[PRESS ,0038]P   -109mbar,T+21179mdegC
1592544290:[PRESS ,0038]P   -109mbar,T+21179mdegC
1592544292:[PRESS ,0038]P   -109mbar,T+21180mdegC
1592544293:[PRESS ,0038]P    -99mbar,T+21182mdegC
1592544295:[PRESS ,0038]P   -109mbar,T+21184mdegC
1592544297:[PRESS ,0038]P    -99mbar,T+21186mdegC
1592544299:[PRESS ,0038]P    -99mbar,T+21189mdegC
1592544301:[PRESS ,0038]P    -99mbar,T+21192mdegC
1592544302:[PRESS ,0038]P    -79mbar,T+21194mdegC
1592544304:[PRESS ,0038]P    -89mbar,T+21196mdegC
1592544306:[PRESS ,0038]P    -99mbar,T+21199mdegC
1592544308:[PRESS ,0038]P    -89mbar,T+21202mdegC
1592544310:[PRESS ,0038]P   -109mbar,T+21203mdegC
1592544310:[BYPASS,0035]bypass opening 10000ms
1592544331:[PRESS ,0038]P    -79mbar,T+21225mdegC
1592544333:[PRESS ,0038]P    -79mbar,T+21227mdegC
1592544335:[PRESS ,0038]P    -79mbar,T+21228mdegC
1592544337:[PRESS ,0038]P    -89mbar,T+21231mdegC
1592544339:[PRESS ,0038]P    -89mbar,T+21233mdegC
1592544340:[PRESS ,0038]P    -89mbar,T+21235mdegC
1592544342:[PRESS ,0038]P    -89mbar,T+21236mdegC
1592544344:[PRESS ,0038]P    -89mbar,T+21239mdegC
1592544346:[PRESS ,0038]P    -79mbar,T+21240mdegC
1592544348:[PRESS ,0038]P    -89mbar,T+21241mdegC
1592544350:[PRESS ,0038]P    -79mbar,T+21243mdegC
1592544351:[PRESS ,0038]P    -69mbar,T+21244mdegC
1592544353:[PRESS ,0038]P    -79mbar,T+21246mdegC
1592544355:[PRESS ,0038]P    -69mbar,T+21247mdegC
1592544357:[PRESS ,0038]P    -59mbar,T+21250mdegC
1592544357:[BYPASS,0035]bypass opening 10000ms
1592544379:[PRESS ,0038]P    -19mbar,T+21259mdegC
1592544380:[PRESS ,0038]P     -9mbar,T+21259mdegC
1592544382:[PRESS ,0038]P     -9mbar,T+21260mdegC
1592544384:[PRESS ,0038]P     -9mbar,T+21263mdegC
1592544386:[PRESS ,0038]P    +11mbar,T+21263mdegC
1592544388:[PRESS ,0038]P    +11mbar,T+21266mdegC
1592544389:[PRESS ,0038]P    +11mbar,T+21268mdegC
1592544391:[PRESS ,0038]P    +21mbar,T+21270mdegC
1592544393:[PRESS ,0038]P    +31mbar,T+21271mdegC
1592544395:[PRESS ,0038]P    +41mbar,T+21271mdegC
1592544397:[PRESS ,0038]P    +31mbar,T+21273mdegC
1592544398:[PRESS ,0038]P    +41mbar,T+21274mdegC
1592544400:[PRESS ,0038]P    +51mbar,T+21276mdegC
1592544402:[PRESS ,0038]P    +41mbar,T+21278mdegC
1592544404:[PRESS ,0038]P    +51mbar,T+21279mdegC
1592544407:[PRESS ,0038]P    +51mbar,T+21280mdegC
1592544409:[PRESS ,0038]P    +61mbar,T+21279mdegC
1592544412:[PRESS ,0038]P    +71mbar,T+21281mdegC
1592544415:[PRESS ,0038]P    +81mbar,T+21284mdegC
1592544418:[PRESS ,0038]P    +91mbar,T+21284mdegC
1592544421:[PRESS ,0038]P   +101mbar,T+21287mdegC
1592544423:[PRESS ,0038]P   +101mbar,T+21287mdegC
1592544426:[PRESS ,0038]P   +111mbar,T+21289mdegC
1592544429:[PRESS ,0038]P   +111mbar,T+21290mdegC
1592544432:[PRESS ,0038]P   +121mbar,T+21292mdegC
1592544435:[PRESS ,0038]P   +131mbar,T+21292mdegC
1592544437:[PRESS ,0038]P   +141mbar,T+21294mdegC
1592544440:[PRESS ,0038]P   +151mbar,T+21294mdegC
1592544443:[PRESS ,0038]P   +161mbar,T+21294mdegC
1592544446:[PRESS ,0038]P   +171mbar,T+21293mdegC
1592544449:[PRESS ,0038]P   +161mbar,T+21293mdegC
1592544452:[PRESS ,0038]P   +181mbar,T+21294mdegC
1592544454:[PRESS ,0038]P   +181mbar,T+21297mdegC
1592544457:[PRESS ,0038]P   +191mbar,T+21300mdegC
1592544460:[PRESS ,0038]P   +201mbar,T+21301mdegC
1592544463:[PRESS ,0038]P   +211mbar,T+21302mdegC
1592544466:[PRESS ,0038]P   +211mbar,T+21303mdegC
1592544468:[PRESS ,0038]P   +211mbar,T+21304mdegC
1592544471:[PRESS ,0038]P   +231mbar,T+21304mdegC
1592544474:[PRESS ,0038]P   +231mbar,T+21305mdegC
1592544477:[PRESS ,0038]P   +231mbar,T+21306mdegC
1592544480:[PRESS ,0038]P   +241mbar,T+21307mdegC
1592544482:[PRESS ,0038]P   +231mbar,T+21310mdegC
1592544485:[PRESS ,0038]P   +241mbar,T+21311mdegC
1592544488:[PRESS ,0038]P   +241mbar,T+21312mdegC
1592544491:[PRESS ,0038]P   +261mbar,T+21312mdegC
1592544494:[PRESS ,0038]P   +261mbar,T+21313mdegC
1592544496:[PRESS ,0038]P   +261mbar,T+21313mdegC
1592544499:[PRESS ,0038]P   +271mbar,T+21312mdegC
1592544502:[PRESS ,0038]P   +271mbar,T+21313mdegC
1592544505:[PRESS ,0038]P   +291mbar,T+21314mdegC
1592544508:[PRESS ,0038]P   +291mbar,T+21314mdegC
1592544510:[PRESS ,0038]P   +301mbar,T+21314mdegC
1592544513:[PRESS ,0038]P   +311mbar,T+21315mdegC
1592544516:[PRESS ,0038]P   +311mbar,T+21317mdegC
1592544519:[PRESS ,0038]P   +331mbar,T+21319mdegC
1592544522:[PRESS ,0038]P   +341mbar,T+21320mdegC
1592544524:[PRESS ,0038]P   +331mbar,T+21321mdegC
1592544527:[PRESS ,0038]P   +351mbar,T+21322mdegC
1592544530:[PRESS ,0038]P   +361mbar,T+21323mdegC
1592544533:[PRESS ,0038]P   +351mbar,T+21324mdegC
1592544536:[PRESS ,0038]P   +361mbar,T+21325mdegC
1592544538:[PRESS ,0038]P   +381mbar,T+21326mdegC
1592544541:[PRESS ,0038]P   +371mbar,T+21326mdegC
1592544544:[PRESS ,0038]P   +381mbar,T+21327mdegC
1592544547:[PRESS ,0038]P   +391mbar,T+21327mdegC
1592544550:[PRESS ,0038]P   +391mbar,T+21328mdegC
1592544552:[PRESS ,0038]P   +411mbar,T+21329mdegC
1592544555:[PRESS ,0038]P   +421mbar,T+21329mdegC
1592544558:[PRESS ,0038]P   +421mbar,T+21329mdegC
1592544561:[PRESS ,0038]P   +441mbar,T+21329mdegC
1592544564:[PRESS ,0038]P   +441mbar,T+21330mdegC
1592544566:[PRESS ,0038]P   +451mbar,T+21330mdegC
1592544569:[PRESS ,0038]P   +461mbar,T+21330mdegC
1592544572:[PRESS ,0038]P   +461mbar,T+21330mdegC
1592544575:[PRESS ,0038]P   +461mbar,T+21330mdegC
1592544578:[PRESS ,0038]P   +491mbar,T+21330mdegC
1592544580:[PRESS ,0038]P   +491mbar,T+21330mdegC
1592544583:[PRESS ,0038]P   +501mbar,T+21330mdegC
1592544585:[PRESS ,0038]P   +511mbar,T+21330mdegC
1592544585:[DIVING,0028]511mbar reached (+3mbar/s), 3 bypass done
1592544586:[MAIN  ,0056]stage[0]
1592544588:[MAIN  ,0024]internal pressure 81588Pa
1592544589:[PRESS ,0038]P   +511mbar,T+21330mdegC
1592544589:[BUOY  ,0037]P   +511mbar
1592544589:[STAGE ,0080]Stage [0] 5000mbar (+/-500mbar) 1800s (<1592546385s) 
1592544591:[PRESS ,0038]P   +521mbar,T+21330mdegC
1592544651:[PRESS ,0038]P   +701mbar,T+21330mdegC
1592544653:[PRESS ,0038]P   +701mbar,T+21330mdegC
1592544655:[PRESS ,0038]P   +701mbar,T+21330mdegC
1592544657:[PRESS ,0038]P   +711mbar,T+21330mdegC
1592544659:[PRESS ,0038]P   +701mbar,T+21330mdegC
1592544660:[PRESS ,0038]P   +711mbar,T+21330mdegC
1592544662:[PRESS ,0038]P   +721mbar,T+21330mdegC
1592544664:[PRESS ,0038]P   +731mbar,T+21330mdegC
1592544666:[PRESS ,0038]P   +711mbar,T+21330mdegC
1592544668:[PRESS ,0038]P   +731mbar,T+21330mdegC
1592544669:[PRESS ,0038]P   +741mbar,T+21330mdegC
1592544671:[PRESS ,0038]P   +751mbar,T+21329mdegC
1592544673:[PRESS ,0038]P   +751mbar,T+21328mdegC
1592544675:[PRESS ,0038]P   +751mbar,T+21328mdegC
1592544677:[PRESS ,0038]P   +761mbar,T+21326mdegC
1592544737:[PRESS ,0038]P   +851mbar,T+21315mdegC
1592544739:[PRESS ,0038]P   +841mbar,T+21314mdegC
1592544741:[PRESS ,0038]P   +841mbar,T+21313mdegC
1592544743:[PRESS ,0038]P   +851mbar,T+21313mdegC
1592544744:[PRESS ,0038]P   +841mbar,T+21312mdegC
1592544746:[PRESS ,0038]P   +851mbar,T+21311mdegC
1592544748:[PRESS ,0038]P   +841mbar,T+21311mdegC
1592544750:[PRESS ,0038]P   +861mbar,T+21311mdegC
1592544752:[PRESS ,0038]P   +861mbar,T+21310mdegC
1592544754:[PRESS ,0038]P   +861mbar,T+21309mdegC
1592544755:[PRESS ,0038]P   +871mbar,T+21307mdegC
1592544757:[PRESS ,0038]P   +881mbar,T+21306mdegC
1592544759:[PRESS ,0038]P   +881mbar,T+21306mdegC
1592544761:[PRESS ,0038]P   +881mbar,T+21306mdegC
1592544763:[PRESS ,0038]P   +881mbar,T+21305mdegC
1592544763:[BUOY  ,0087]from +2mbar/s to +4mbar/s
1592544763:[BUOY  ,0090]need to transfer -20mL (valve during 8793ms)
1592544763:[VALVE ,0034]valve opening 8793ms
1592544823:[PRESS ,0038]P  +1021mbar,T+21269mdegC
1592544825:[PRESS ,0038]P  +1031mbar,T+21268mdegC
1592544827:[PRESS ,0038]P  +1031mbar,T+21266mdegC
1592544829:[PRESS ,0038]P  +1041mbar,T+21266mdegC
1592544831:[PRESS ,0038]P  +1041mbar,T+21263mdegC
1592544832:[PRESS ,0038]P  +1051mbar,T+21262mdegC
1592544834:[PRESS ,0038]P  +1061mbar,T+21260mdegC
1592544836:[PRESS ,0038]P  +1061mbar,T+21259mdegC
1592544838:[PRESS ,0038]P  +1081mbar,T+21257mdegC
1592544840:[PRESS ,0038]P  +1081mbar,T+21256mdegC
1592544841:[PRESS ,0038]P  +1081mbar,T+21255mdegC
1592544843:[PRESS ,0038]P  +1081mbar,T+21253mdegC
1592544845:[PRESS ,0038]P  +1101mbar,T+21251mdegC
1592544847:[PRESS ,0038]P  +1111mbar,T+21249mdegC
1592544849:[PRESS ,0038]P  +1101mbar,T+21248mdegC
1592544909:[PRESS ,0038]P  +1251mbar,T+21184mdegC
1592544911:[PRESS ,0038]P  +1261mbar,T+21182mdegC
1592544913:[PRESS ,0038]P  +1261mbar,T+21180mdegC
1592544915:[PRESS ,0038]P  +1261mbar,T+21179mdegC
1592544917:[PRESS ,0038]P  +1271mbar,T+21176mdegC
1592544918:[PRESS ,0038]P  +1281mbar,T+21174mdegC
1592544920:[PRESS ,0038]P  +1271mbar,T+21172mdegC
1592544922:[PRESS ,0038]P  +1291mbar,T+21169mdegC
1592544924:[PRESS ,0038]P  +1281mbar,T+21167mdegC
1592544926:[PRESS ,0038]P  +1281mbar,T+21165mdegC
1592544927:[PRESS ,0038]P  +1281mbar,T+21163mdegC
1592544929:[PRESS ,0038]P  +1281mbar,T+21161mdegC
1592544931:[PRESS ,0038]P  +1281mbar,T+21159mdegC
1592544933:[PRESS ,0038]P  +1281mbar,T+21156mdegC
1592544935:[PRESS ,0038]P  +1271mbar,T+21155mdegC
1592544935:[BUOY  ,0087]from +1mbar/s to +4mbar/s
1592544935:[BUOY  ,0090]need to transfer -24mL (valve during 8743ms)
1592544935:[VALVE ,0034]valve opening 8743ms
1592544995:[PRESS ,0038]P  +1361mbar,T+21078mdegC
1592544997:[PRESS ,0038]P  +1371mbar,T+21076mdegC
1592544999:[PRESS ,0038]P  +1371mbar,T+21075mdegC
1592545001:[PRESS ,0038]P  +1381mbar,T+21072mdegC
1592545003:[PRESS ,0038]P  +1381mbar,T+21070mdegC
1592545004:[PRESS ,0038]P  +1391mbar,T+21068mdegC
1592545006:[PRESS ,0038]P  +1391mbar,T+21066mdegC
1592545008:[PRESS ,0038]P  +1401mbar,T+21064mdegC
1592545010:[PRESS ,0038]P  +1401mbar,T+21061mdegC
1592545012:[PRESS ,0038]P  +1401mbar,T+21059mdegC
1592545013:[PRESS ,0038]P  +1421mbar,T+21058mdegC
1592545015:[PRESS ,0038]P  +1411mbar,T+21056mdegC
1592545017:[PRESS ,0038]P  +1411mbar,T+21053mdegC
1592545019:[PRESS ,0038]P  +1411mbar,T+21052mdegC
1592545021:[PRESS ,0038]P  +1411mbar,T+21050mdegC
1592545021:[BUOY  ,0087]from +2mbar/s to +4mbar/s
1592545021:[BUOY  ,0090]need to transfer -20mL (valve during 6892ms)
1592545021:[VALVE ,0034]valve opening 6892ms
1592545081:[PRESS ,0038]P  +1531mbar,T+20979mdegC
1592545083:[PRESS ,0038]P  +1531mbar,T+20978mdegC
1592545085:[PRESS ,0038]P  +1541mbar,T+20977mdegC
1592545087:[PRESS ,0038]P  +1531mbar,T+20975mdegC
1592545089:[PRESS ,0038]P  +1541mbar,T+20972mdegC
1592545090:[PRESS ,0038]P  +1541mbar,T+20970mdegC
1592545092:[PRESS ,0038]P  +1551mbar,T+20968mdegC
1592545094:[PRESS ,0038]P  +1541mbar,T+20966mdegC
1592545096:[PRESS ,0038]P  +1551mbar,T+20965mdegC
1592545098:[PRESS ,0038]P  +1551mbar,T+20962mdegC
1592545100:[PRESS ,0038]P  +1561mbar,T+20961mdegC
1592545101:[PRESS ,0038]P  +1571mbar,T+20959mdegC
1592545103:[PRESS ,0038]P  +1561mbar,T+20957mdegC
1592545105:[PRESS ,0038]P  +1561mbar,T+20956mdegC
1592545107:[PRESS ,0038]P  +1561mbar,T+20954mdegC
1592545107:[BUOY  ,0087]from +1mbar/s to +4mbar/s
1592545107:[BUOY  ,0090]need to transfer -24mL (valve during 7846ms)
1592545107:[VALVE ,0034]valve opening 7846ms
1592545168:[PRESS ,0038]P  +1621mbar,T+20896mdegC
1592545169:[PRESS ,0038]P  +1621mbar,T+20894mdegC
1592545171:[PRESS ,0038]P  +1631mbar,T+20891mdegC
1592545173:[PRESS ,0038]P  +1621mbar,T+20891mdegC
1592545175:[PRESS ,0038]P  +1621mbar,T+20890mdegC
1592545177:[PRESS ,0038]P  +1631mbar,T+20887mdegC
1592545178:[PRESS ,0038]P  +1631mbar,T+20887mdegC
1592545180:[PRESS ,0038]P  +1631mbar,T+20885mdegC
1592545182:[PRESS ,0038]P  +1631mbar,T+20884mdegC
1592545184:[PRESS ,0038]P  +1641mbar,T+20882mdegC
1592545186:[PRESS ,0038]P  +1651mbar,T+20881mdegC
1592545187:[PRESS ,0038]P  +1651mbar,T+20880mdegC
1592545189:[PRESS ,0038]P  +1661mbar,T+20877mdegC
1592545191:[PRESS ,0038]P  +1661mbar,T+20876mdegC
1592545193:[PRESS ,0038]P  +1671mbar,T+20875mdegC
1592545193:[BUOY  ,0087]from +2mbar/s to +4mbar/s
1592545193:[BUOY  ,0090]need to transfer -20mL (valve during 6375ms)
1592545193:[VALVE ,0034]valve opening 6375ms
1592545254:[PRESS ,0038]P  +1811mbar,T+20826mdegC
1592545255:[PRESS ,0038]P  +1821mbar,T+20824mdegC
1592545257:[PRESS ,0038]P  +1811mbar,T+20824mdegC
1592545259:[PRESS ,0038]P  +1821mbar,T+20823mdegC
1592545261:[PRESS ,0038]P  +1821mbar,T+20821mdegC
1592545263:[PRESS ,0038]P  +1851mbar,T+20820mdegC
1592545264:[PRESS ,0038]P  +1841mbar,T+20820mdegC
1592545266:[PRESS ,0038]P  +1841mbar,T+20819mdegC
1592545268:[PRESS ,0038]P  +1851mbar,T+20816mdegC
1592545270:[PRESS ,0038]P  +1841mbar,T+20816mdegC
1592545272:[PRESS ,0038]P  +1841mbar,T+20815mdegC
1592545274:[PRESS ,0038]P  +1861mbar,T+20813mdegC
1592545275:[PRESS ,0038]P  +1851mbar,T+20812mdegC
1592545277:[PRESS ,0038]P  +1861mbar,T+20811mdegC
1592545279:[PRESS ,0038]P  +1871mbar,T+20810mdegC
1592545279:[BUOY  ,0087]from +2mbar/s to +4mbar/s
1592545279:[BUOY  ,0090]need to transfer -20mL (valve during 5930ms)
1592545279:[VALVE ,0034]valve opening 5930ms
1592545340:[PRESS ,0038]P  +2081mbar,T+20769mdegC
1592545342:[PRESS ,0038]P  +2091mbar,T+20769mdegC
1592545343:[PRESS ,0038]P  +2091mbar,T+20767mdegC
1592545345:[PRESS ,0038]P  +2101mbar,T+20766mdegC
1592545347:[PRESS ,0038]P  +2111mbar,T+20765mdegC
1592545349:[PRESS ,0038]P  +2121mbar,T+20763mdegC
1592545351:[PRESS ,0038]P  +2121mbar,T+20763mdegC
1592545352:[PRESS ,0038]P  +2131mbar,T+20762mdegC
1592545354:[PRESS ,0038]P  +2151mbar,T+20761mdegC
1592545356:[PRESS ,0038]P  +2151mbar,T+20759mdegC
1592545358:[PRESS ,0038]P  +2171mbar,T+20758mdegC
1592545360:[PRESS ,0038]P  +2171mbar,T+20757mdegC
1592545361:[PRESS ,0038]P  +2181mbar,T+20756mdegC
1592545363:[PRESS ,0038]P  +2181mbar,T+20756mdegC
1592545365:[PRESS ,0038]P  +2191mbar,T+20754mdegC
1592545426:[PRESS ,0038]P  +2381mbar,T+20714mdegC
1592545427:[PRESS ,0038]P  +2391mbar,T+20713mdegC
1592545429:[PRESS ,0038]P  +2381mbar,T+20711mdegC
1592545431:[PRESS ,0038]P  +2381mbar,T+20711mdegC
1592545433:[PRESS ,0038]P  +2381mbar,T+20708mdegC
1592545435:[PRESS ,0038]P  +2361mbar,T+20708mdegC
1592545437:[PRESS ,0038]P  +2371mbar,T+20706mdegC
1592545438:[PRESS ,0038]P  +2371mbar,T+20704mdegC
1592545440:[PRESS ,0038]P  +2371mbar,T+20704mdegC
1592545442:[PRESS ,0038]P  +2371mbar,T+20702mdegC
1592545444:[PRESS ,0038]P  +2371mbar,T+20700mdegC
1592545446:[PRESS ,0038]P  +2371mbar,T+20698mdegC
1592545447:[PRESS ,0038]P  +2371mbar,T+20697mdegC
1592545449:[PRESS ,0038]P  +2381mbar,T+20695mdegC
1592545451:[PRESS ,0038]P  +2391mbar,T+20694mdegC
1592545451:<WARN>[BUOY  ,0094]stage[0] should DESCENT, stuck at 2391mbar for the #1 time
1592545451:[BUOY  ,0087]from +0mbar/s to +4mbar/s
1592545451:[BUOY  ,0090]need to transfer -26mL (valve during 6906ms)
1592545451:[VALVE ,0034]valve opening 6906ms
1592545512:[PRESS ,0038]P  +2471mbar,T+20622mdegC
1592545514:[PRESS ,0038]P  +2461mbar,T+20619mdegC
1592545515:[PRESS ,0038]P  +2471mbar,T+20616mdegC
1592545517:[PRESS ,0038]P  +2471mbar,T+20613mdegC
1592545519:[PRESS ,0038]P  +2481mbar,T+20612mdegC
1592545521:[PRESS ,0038]P  +2491mbar,T+20609mdegC
1592545523:[PRESS ,0038]P  +2491mbar,T+20605mdegC
1592545524:[PRESS ,0038]P  +2501mbar,T+20602mdegC
1592545526:[PRESS ,0038]P  +2501mbar,T+20600mdegC
1592545528:[PRESS ,0038]P  +2501mbar,T+20597mdegC
1592545530:[PRESS ,0038]P  +2521mbar,T+20595mdegC
1592545532:[PRESS ,0038]P  +2521mbar,T+20592mdegC
1592545533:[PRESS ,0038]P  +2541mbar,T+20589mdegC
1592545535:[PRESS ,0038]P  +2551mbar,T+20585mdegC
1592545537:[PRESS ,0038]P  +2551mbar,T+20583mdegC
1592545598:[PRESS ,0038]P  +2931mbar,T+20458mdegC
1592545600:[PRESS ,0038]P  +2941mbar,T+20453mdegC
1592545601:[PRESS ,0038]P  +2941mbar,T+20449mdegC
1592545603:[PRESS ,0038]P  +2951mbar,T+20445mdegC
1592545605:[PRESS ,0038]P  +2971mbar,T+20440mdegC
1592545607:[PRESS ,0038]P  +2991mbar,T+20435mdegC
1592545609:[PRESS ,0038]P  +3001mbar,T+20430mdegC
1592545610:[PRESS ,0038]P  +3001mbar,T+20425mdegC
1592545612:[PRESS ,0038]P  +3021mbar,T+20420mdegC
1592545614:[PRESS ,0038]P  +3031mbar,T+20414mdegC
1592545616:[PRESS ,0038]P  +3041mbar,T+20411mdegC
1592545618:[PRESS ,0038]P  +3041mbar,T+20405mdegC
1592545619:[PRESS ,0038]P  +3061mbar,T+20400mdegC
1592545621:[PRESS ,0038]P  +3061mbar,T+20395mdegC
1592545623:[PRESS ,0038]P  +3081mbar,T+20389mdegC
1592545684:[PRESS ,0038]P  +3461mbar,T+20182mdegC
1592545686:[PRESS ,0038]P  +3461mbar,T+20175mdegC
1592545687:[PRESS ,0038]P  +3461mbar,T+20168mdegC
1592545689:[PRESS ,0038]P  +3481mbar,T+20161mdegC
1592545691:[PRESS ,0038]P  +3491mbar,T+20154mdegC
1592545693:[PRESS ,0038]P  +3501mbar,T+20148mdegC
1592545695:[PRESS ,0038]P  +3501mbar,T+20139mdegC
1592545696:[PRESS ,0038]P  +3521mbar,T+20133mdegC
1592545698:[PRESS ,0038]P  +3541mbar,T+20126mdegC
1592545700:[PRESS ,0038]P  +3541mbar,T+20119mdegC
1592545702:[PRESS ,0038]P  +3551mbar,T+20111mdegC
1592545704:[PRESS ,0038]P  +3561mbar,T+20104mdegC
1592545705:[PRESS ,0038]P  +3561mbar,T+20097mdegC
1592545707:[PRESS ,0038]P  +3581mbar,T+20089mdegC
1592545709:[PRESS ,0038]P  +3591mbar,T+20082mdegC
1592545709:[BUOY  ,0087]from +6mbar/s to +3mbar/s
1592545709:[BUOY  ,0089]need to transfer +44mL (pump during 53659ms)
1592545717:[PUMP  ,0016]pump during 53659ms
1592545775:[PRESS ,0038]P  +3861mbar,T+19829mdegC
1592545776:[PRESS ,0038]P  +3861mbar,T+19824mdegC
1592545778:[PRESS ,0038]P  +3881mbar,T+19818mdegC
1592545780:[PRESS ,0038]P  +3881mbar,T+19812mdegC
1592545782:[PRESS ,0038]P  +3891mbar,T+19806mdegC
1592545784:[PRESS ,0038]P  +3891mbar,T+19800mdegC
1592545785:[PRESS ,0038]P  +3901mbar,T+19793mdegC
1592545787:[PRESS ,0038]P  +3911mbar,T+19787mdegC
1592545789:[PRESS ,0038]P  +3911mbar,T+19780mdegC
1592545791:[PRESS ,0038]P  +3921mbar,T+19773mdegC
1592545793:[PRESS ,0038]P  +3931mbar,T+19766mdegC
1592545794:[PRESS ,0038]P  +3931mbar,T+19758mdegC
1592545796:[PRESS ,0038]P  +3931mbar,T+19752mdegC
1592545798:[PRESS ,0038]P  +3941mbar,T+19744mdegC
1592545800:[PRESS ,0038]P  +3951mbar,T+19737mdegC
1592545861:[PRESS ,0038]P  +4141mbar,T+19455mdegC
1592545862:[PRESS ,0038]P  +4151mbar,T+19446mdegC
1592545864:[PRESS ,0038]P  +4151mbar,T+19437mdegC
1592545866:[PRESS ,0038]P  +4161mbar,T+19428mdegC
1592545868:[PRESS ,0038]P  +4171mbar,T+19420mdegC
1592545870:[PRESS ,0038]P  +4181mbar,T+19410mdegC
1592545871:[PRESS ,0038]P  +4171mbar,T+19401mdegC
1592545873:[PRESS ,0038]P  +4191mbar,T+19393mdegC
1592545875:[PRESS ,0038]P  +4191mbar,T+19384mdegC
1592545877:[PRESS ,0038]P  +4201mbar,T+19374mdegC
1592545879:[PRESS ,0038]P  +4201mbar,T+19365mdegC
1592545880:[PRESS ,0038]P  +4211mbar,T+19356mdegC
1592545882:[PRESS ,0038]P  +4211mbar,T+19347mdegC
1592545884:[PRESS ,0038]P  +4221mbar,T+19337mdegC
1592545886:[PRESS ,0038]P  +4221mbar,T+19329mdegC
1592545947:[PRESS ,0038]P  +4451mbar,T+19016mdegC
1592545948:[PRESS ,0038]P  +4461mbar,T+19006mdegC
1592545950:[PRESS ,0038]P  +4481mbar,T+18997mdegC
1592545952:[PRESS ,0038]P  +4481mbar,T+18987mdegC
1592545954:[PRESS ,0038]P  +4481mbar,T+18979mdegC
1592545956:[PRESS ,0038]P  +4481mbar,T+18969mdegC
1592545957:[PRESS ,0038]P  +4481mbar,T+18959mdegC
1592545959:[PRESS ,0038]P  +4491mbar,T+18949mdegC
1592545961:[PRESS ,0038]P  +4501mbar,T+18941mdegC
1592545963:[PRESS ,0038]P  +4511mbar,T+18932mdegC
1592545965:[PRESS ,0038]P  +4521mbar,T+18921mdegC
1592545966:[PRESS ,0038]P  +4521mbar,T+18912mdegC
1592545968:[PRESS ,0038]P  +4521mbar,T+18902mdegC
1592545970:[PRESS ,0038]P  +4531mbar,T+18893mdegC
1592545972:[PRESS ,0038]P  +4541mbar,T+18884mdegC
1592545972:[STAGE ,0213]4541mbar reached at 1592545972s, ref 5000mbar +/-500mbar
1592545972:[BUOY  ,0087]from +3mbar/s to +0mbar/s
1592545972:[BUOY  ,0089]need to transfer +14mL (pump during 17080ms)
1592545980:[PUMP  ,0016]pump during 17080ms
1592546036:[PRESS ,0038]P  +4681mbar,T+18584mdegC
1592546038:[PRESS ,0038]P  +4691mbar,T+18576mdegC
1592546039:[PRESS ,0038]P  +4701mbar,T+18568mdegC
1592546041:[PRESS ,0038]P  +4701mbar,T+18559mdegC
1592546043:[PRESS ,0038]P  +4711mbar,T+18550mdegC
1592546045:[PRESS ,0038]P  +4711mbar,T+18542mdegC
1592546047:[PRESS ,0038]P  +4711mbar,T+18533mdegC
1592546048:[PRESS ,0038]P  +4721mbar,T+18524mdegC
1592546050:[PRESS ,0038]P  +4731mbar,T+18515mdegC
1592546052:[PRESS ,0038]P  +4731mbar,T+18506mdegC
1592546054:[PRESS ,0038]P  +4751mbar,T+18497mdegC
1592546056:[PRESS ,0038]P  +4741mbar,T+18487mdegC
1592546057:[PRESS ,0038]P  +4751mbar,T+18479mdegC
1592546059:[PRESS ,0038]P  +4761mbar,T+18470mdegC
1592546061:[PRESS ,0038]P  +4761mbar,T+18462mdegC
1592546061:[BUOY  ,0087]from +3mbar/s to +0mbar/s
1592546061:[BUOY  ,0089]need to transfer +14mL (pump during 17080ms)
1592546069:[PUMP  ,0016]pump during 17080ms
1592546125:[PRESS ,0038]P  +4871mbar,T+18177mdegC
1592546127:[PRESS ,0038]P  +4871mbar,T+18168mdegC
1592546128:[PRESS ,0038]P  +4881mbar,T+18160mdegC
1592546130:[PRESS ,0038]P  +4881mbar,T+18151mdegC
1592546132:[PRESS ,0038]P  +4871mbar,T+18144mdegC
1592546134:[PRESS ,0038]P  +4881mbar,T+18135mdegC
1592546136:[PRESS ,0038]P  +4881mbar,T+18127mdegC
1592546138:[PRESS ,0038]P  +4881mbar,T+18119mdegC
1592546139:[PRESS ,0038]P  +4881mbar,T+18111mdegC
1592546141:[PRESS ,0038]P  +4881mbar,T+18103mdegC
1592546143:[PRESS ,0038]P  +4901mbar,T+18095mdegC
1592546145:[PRESS ,0038]P  +4891mbar,T+18086mdegC
1592546147:[PRESS ,0038]P  +4891mbar,T+18077mdegC
1592546148:[PRESS ,0038]P  +4891mbar,T+18069mdegC
1592546150:[PRESS ,0038]P  +4901mbar,T+18061mdegC
1592546211:[PRESS ,0038]P  +5001mbar,T+17779mdegC
1592546211:[BUOY  ,0087]from +2mbar/s to +0mbar/s
1592546211:[BUOY  ,0089]need to transfer +6mL (pump during 7320ms)
1592546219:[PUMP  ,0016]pump during 7320ms
1592546275:[PRESS ,0038]P  +5111mbar,T+17527mdegC
1592546277:[PRESS ,0038]P  +5111mbar,T+17519mdegC
1592546278:[PRESS ,0038]P  +5111mbar,T+17513mdegC
1592546280:[PRESS ,0038]P  +5111mbar,T+17506mdegC
1592546282:[PRESS ,0038]P  +5111mbar,T+17499mdegC
1592546284:[PRESS ,0038]P  +5121mbar,T+17492mdegC
1592546286:[PRESS ,0038]P  +5111mbar,T+17486mdegC
1592546287:[PRESS ,0038]P  +5121mbar,T+17478mdegC
1592546289:[PRESS ,0038]P  +5131mbar,T+17472mdegC
1592546291:[PRESS ,0038]P  +5111mbar,T+17464mdegC
1592546293:[PRESS ,0038]P  +5131mbar,T+17458mdegC
1592546295:[PRESS ,0038]P  +5121mbar,T+17450mdegC
1592546296:[PRESS ,0038]P  +5121mbar,T+17444mdegC
1592546298:[PRESS ,0038]P  +5131mbar,T+17437mdegC
1592546300:[PRESS ,0038]P  +5131mbar,T+17430mdegC
1592546300:[BUOY  ,0087]from +1mbar/s to +0mbar/s
1592546300:[BUOY  ,0089]need to transfer +2mL (pump during 2440ms)
1592546308:[PUMP  ,0016]pump during 2440ms
1592546364:[PRESS ,0038]P  +5141mbar,T+17207mdegC
1592546366:[PRESS ,0038]P  +5151mbar,T+17200mdegC
1592546368:[PRESS ,0038]P  +5141mbar,T+17195mdegC
1592546369:[PRESS ,0038]P  +5161mbar,T+17189mdegC
1592546371:[PRESS ,0038]P  +5151mbar,T+17182mdegC
1592546373:[PRESS ,0038]P  +5151mbar,T+17176mdegC
1592546375:[PRESS ,0038]P  +5151mbar,T+17170mdegC
1592546377:[PRESS ,0038]P  +5141mbar,T+17164mdegC
1592546378:[PRESS ,0038]P  +5151mbar,T+17158mdegC
1592546380:[PRESS ,0038]P  +5141mbar,T+17151mdegC
1592546382:[PRESS ,0038]P  +5151mbar,T+17146mdegC
1592546384:[PRESS ,0038]P  +5151mbar,T+17140mdegC
1592546386:[PRESS ,0038]P  +5151mbar,T+17134mdegC
1592546387:[PRESS ,0038]P  +5141mbar,T+17126mdegC
1592546389:[PRESS ,0038]P  +5161mbar,T+17121mdegC
1592546389:[MAIN  ,0140]stage[0] complete 1804s after mission start
1592546389:[MAIN  ,0056]stage[1]
1592546391:[MAIN  ,0024]internal pressure 81361Pa
1592546392:[PRESS ,0038]P  +5161mbar,T+17110mdegC
1592546392:[BUOY  ,0037]P  +5161mbar
1592546392:[STAGE ,0080]Stage [1] 5000mbar (+/-500mbar) 7200s (<1592551785s) 
1592546394:[PRESS ,0038]P  +5161mbar,T+17104mdegC
1592546394:[STAGE ,0213]5161mbar reached at 1592546394s, ref 5000mbar +/-500mbar
1592546455:[PRESS ,0038]P  +5211mbar,T+16905mdegC
1592546455:[BUOY  ,0087]from +1mbar/s to +0mbar/s
1592546455:[BUOY  ,0089]need to transfer +2mL (pump during 2440ms)
1592546463:[PUMP  ,0016]pump during 2440ms
1592546519:[PRESS ,0038]P  +5261mbar,T+16731mdegC
1592546521:[PRESS ,0038]P  +5261mbar,T+16727mdegC
1592546522:[PRESS ,0038]P  +5261mbar,T+16722mdegC
1592546524:[PRESS ,0038]P  +5261mbar,T+16717mdegC
1592546526:[PRESS ,0038]P  +5261mbar,T+16713mdegC
1592546528:[PRESS ,0038]P  +5271mbar,T+16708mdegC
1592546530:[PRESS ,0038]P  +5271mbar,T+16703mdegC
1592546531:[PRESS ,0038]P  +5271mbar,T+16699mdegC
1592546533:[PRESS ,0038]P  +5281mbar,T+16693mdegC
1592546535:[PRESS ,0038]P  +5281mbar,T+16689mdegC
1592546537:[PRESS ,0038]P  +5271mbar,T+16684mdegC
1592546539:[PRESS ,0038]P  +5291mbar,T+16679mdegC
1592546540:[PRESS ,0038]P  +5281mbar,T+16675mdegC
1592546542:[PRESS ,0038]P  +5291mbar,T+16669mdegC
1592546544:[PRESS ,0038]P  +5291mbar,T+16665mdegC
1592546544:[BUOY  ,0087]from +1mbar/s to +0mbar/s
1592546544:[BUOY  ,0089]need to transfer +2mL (pump during 2437ms)
1592546552:[PUMP  ,0016]pump during 2437ms
1592546608:[PRESS ,0038]P  +5341mbar,T+16517mdegC
1592546610:[PRESS ,0038]P  +5341mbar,T+16513mdegC
1592546612:[PRESS ,0038]P  +5361mbar,T+16509mdegC
1592546613:[PRESS ,0038]P  +5341mbar,T+16505mdegC
1592546615:[PRESS ,0038]P  +5351mbar,T+16501mdegC
1592546617:[PRESS ,0038]P  +5351mbar,T+16496mdegC
1592546619:[PRESS ,0038]P  +5351mbar,T+16493mdegC
1592546621:[PRESS ,0038]P  +5361mbar,T+16488mdegC
1592546622:[PRESS ,0038]P  +5361mbar,T+16485mdegC
1592546624:[PRESS ,0038]P  +5371mbar,T+16481mdegC
1592546626:[PRESS ,0038]P  +5361mbar,T+16475mdegC
1592546628:[PRESS ,0038]P  +5361mbar,T+16473mdegC
1592546630:[PRESS ,0038]P  +5371mbar,T+16469mdegC
1592546631:[PRESS ,0038]P  +5361mbar,T+16464mdegC
1592546633:[PRESS ,0038]P  +5371mbar,T+16459mdegC
1592546633:[BUOY  ,0087]from +1mbar/s to +0mbar/s
1592546633:[BUOY  ,0089]need to transfer +2mL (pump during 2437ms)
1592546641:[PUMP  ,0016]pump during 2437ms
1592546697:[PRESS ,0038]P  +5411mbar,T+16332mdegC
1592546699:[PRESS ,0038]P  +5411mbar,T+16329mdegC
1592546701:[PRESS ,0038]P  +5411mbar,T+16326mdegC
1592546703:[PRESS ,0038]P  +5411mbar,T+16321mdegC
1592546704:[PRESS ,0038]P  +5411mbar,T+16318mdegC
1592546706:[PRESS ,0038]P  +5411mbar,T+16315mdegC
1592546708:[PRESS ,0038]P  +5421mbar,T+16311mdegC
1592546710:[PRESS ,0038]P  +5421mbar,T+16308mdegC
1592546712:[PRESS ,0038]P  +5421mbar,T+16303mdegC
1592546713:[PRESS ,0038]P  +5421mbar,T+16301mdegC
1592546715:[PRESS ,0038]P  +5431mbar,T+16297mdegC
1592546717:[PRESS ,0038]P  +5431mbar,T+16293mdegC
1592546719:[PRESS ,0038]P  +5431mbar,T+16290mdegC
1592546721:[PRESS ,0038]P  +5441mbar,T+16286mdegC
1592546722:[PRESS ,0038]P  +5451mbar,T+16283mdegC
1592546722:[BUOY  ,0087]from +1mbar/s to +0mbar/s
1592546722:[BUOY  ,0089]need to transfer +2mL (pump during 2437ms)
1592546731:[PUMP  ,0016]pump during 2437ms
1592546786:[PRESS ,0038]P  +5501mbar,T+16174mdegC
1592546788:[PRESS ,0038]P  +5511mbar,T+16171mdegC
1592546790:[PRESS ,0038]P  +5511mbar,T+16168mdegC
1592546792:[PRESS ,0038]P  +5511mbar,T+16165mdegC
1592546793:[PRESS ,0038]P  +5521mbar,T+16163mdegC
1592546795:[PRESS ,0038]P  +5511mbar,T+16158mdegC
1592546797:[PRESS ,0038]P  +5511mbar,T+16156mdegC
1592546799:[PRESS ,0038]P  +5511mbar,T+16152mdegC
1592546801:[PRESS ,0038]P  +5521mbar,T+16150mdegC
1592546803:[PRESS ,0038]P  +5501mbar,T+16145mdegC
1592546804:[PRESS ,0038]P  +5521mbar,T+16143mdegC
1592546806:[PRESS ,0038]P  +5511mbar,T+16140mdegC
1592546808:[PRESS ,0038]P  +5521mbar,T+16137mdegC
1592546810:[PRESS ,0038]P  +5511mbar,T+16134mdegC
1592546812:[PRESS ,0038]P  +5511mbar,T+16131mdegC
1592546812:<WARN>[BUOY  ,0094]stage[1] should ASCENT, stuck at 5511mbar for the #1 time
1592546812:[BUOY  ,0087]from +0mbar/s to -3mbar/s
1592546812:[BUOY  ,0089]need to transfer +14mL (pump during 17061ms)
1592546820:[PUMP  ,0016]pump during 17061ms
1592546875:[PRESS ,0038]P  +5401mbar,T+16059mdegC
1592546877:[PRESS ,0038]P  +5401mbar,T+16057mdegC
1592546879:[PRESS ,0038]P  +5401mbar,T+16055mdegC
1592546881:[PRESS ,0038]P  +5391mbar,T+16052mdegC
1592546883:[PRESS ,0038]P  +5391mbar,T+16051mdegC
1592546885:[PRESS ,0038]P  +5391mbar,T+16049mdegC
1592546886:[PRESS ,0038]P  +5371mbar,T+16047mdegC
1592546888:[PRESS ,0038]P  +5381mbar,T+16044mdegC
1592546890:[PRESS ,0038]P  +5371mbar,T+16041mdegC
1592546892:[PRESS ,0038]P  +5361mbar,T+16039mdegC
1592546894:[PRESS ,0038]P  +5371mbar,T+16036mdegC
1592546895:[PRESS ,0038]P  +5361mbar,T+16034mdegC
1592546897:[PRESS ,0038]P  +5341mbar,T+16032mdegC
1592546899:[PRESS ,0038]P  +5341mbar,T+16029mdegC
1592546901:[PRESS ,0038]P  +5351mbar,T+16027mdegC
1592546961:[PRESS ,0038]P  +5191mbar,T+15935mdegC
1592546961:[BUOY  ,0087]from -3mbar/s to +0mbar/s
1592546962:[BUOY  ,0090]need to transfer -14mL (valve during 2479ms)
1592546962:[VALVE ,0034]valve opening 2479ms
1592547022:[PRESS ,0038]P  +5181mbar,T+15856mdegC
1592547024:[PRESS ,0038]P  +5181mbar,T+15853mdegC
1592547026:[PRESS ,0038]P  +5181mbar,T+15852mdegC
1592547028:[PRESS ,0038]P  +5181mbar,T+15849mdegC
1592547029:[PRESS ,0038]P  +5181mbar,T+15847mdegC
1592547031:[PRESS ,0038]P  +5181mbar,T+15844mdegC
1592547033:[PRESS ,0038]P  +5191mbar,T+15843mdegC
1592547035:[PRESS ,0038]P  +5191mbar,T+15839mdegC
1592547037:[PRESS ,0038]P  +5191mbar,T+15836mdegC
1592547038:[PRESS ,0038]P  +5201mbar,T+15834mdegC
1592547040:[PRESS ,0038]P  +5191mbar,T+15832mdegC
1592547042:[PRESS ,0038]P  +5201mbar,T+15829mdegC
1592547044:[PRESS ,0038]P  +5201mbar,T+15827mdegC
1592547046:[PRESS ,0038]P  +5211mbar,T+15825mdegC
1592547048:[PRESS ,0038]P  +5201mbar,T+15822mdegC
1592547048:[BUOY  ,0087]from +1mbar/s to +0mbar/s
1592547048:[BUOY  ,0089]need to transfer +2mL (pump during 2437ms)
1592547056:[PUMP  ,0016]pump during 2437ms
1592547111:[PRESS ,0038]P  +5291mbar,T+15752mdegC
1592547113:[PRESS ,0038]P  +5281mbar,T+15750mdegC
1592547115:[PRESS ,0038]P  +5291mbar,T+15748mdegC
1592547117:[PRESS ,0038]P  +5291mbar,T+15747mdegC
1592547119:[PRESS ,0038]P  +5301mbar,T+15744mdegC
1592547120:[PRESS ,0038]P  +5301mbar,T+15743mdegC
1592547122:[PRESS ,0038]P  +5301mbar,T+15740mdegC
1592547124:[PRESS ,0038]P  +5311mbar,T+15738mdegC
1592547126:[PRESS ,0038]P  +5311mbar,T+15736mdegC
1592547128:[PRESS ,0038]P  +5301mbar,T+15734mdegC
1592547129:[PRESS ,0038]P  +5311mbar,T+15732mdegC
1592547131:[PRESS ,0038]P  +5311mbar,T+15730mdegC
1592547133:[PRESS ,0038]P  +5311mbar,T+15728mdegC
1592547135:[PRESS ,0038]P  +5311mbar,T+15725mdegC
1592547137:[PRESS ,0038]P  +5311mbar,T+15724mdegC
1592547137:[BUOY  ,0087]from +1mbar/s to +0mbar/s
1592547137:[BUOY  ,0089]need to transfer +2mL (pump during 2433ms)
1592547145:[PUMP  ,0016]pump during 2433ms
1592547201:[PRESS ,0038]P  +5401mbar,T+15660mdegC
1592547202:[PRESS ,0038]P  +5391mbar,T+15659mdegC
1592547204:[PRESS ,0038]P  +5391mbar,T+15656mdegC
1592547206:[PRESS ,0038]P  +5411mbar,T+15655mdegC
1592547208:[PRESS ,0038]P  +5391mbar,T+15653mdegC
1592547210:[PRESS ,0038]P  +5391mbar,T+15651mdegC
1592547211:[PRESS ,0038]P  +5381mbar,T+15649mdegC
1592547213:[PRESS ,0038]P  +5401mbar,T+15647mdegC
1592547215:[PRESS ,0038]P  +5401mbar,T+15646mdegC
1592547217:[PRESS ,0038]P  +5401mbar,T+15643mdegC
1592547219:[PRESS ,0038]P  +5391mbar,T+15642mdegC
1592547220:[PRESS ,0038]P  +5401mbar,T+15640mdegC
1592547222:[PRESS ,0038]P  +5401mbar,T+15638mdegC
1592547224:[PRESS ,0038]P  +5401mbar,T+15636mdegC
1592547226:[PRESS ,0038]P  +5401mbar,T+15634mdegC
1592547287:[PRESS ,0038]P  +5401mbar,T+15568mdegC
1592547347:[PRESS ,0038]P  +5371mbar,T+15503mdegC
1592547408:[PRESS ,0038]P  +5331mbar,T+15445mdegC
1592547469:[PRESS ,0038]P  +5311mbar,T+15391mdegC
1592547529:[PRESS ,0038]P  +5341mbar,T+15343mdegC
1592547590:[PRESS ,0038]P  +5381mbar,T+15297mdegC
1592547651:[PRESS ,0038]P  +5411mbar,T+15253mdegC
1592547711:[PRESS ,0038]P  +5451mbar,T+15211mdegC
1592547772:[PRESS ,0038]P  +5441mbar,T+15172mdegC
1592547833:[PRESS ,0038]P  +5421mbar,T+15136mdegC
1592547893:[PRESS ,0038]P  +5401mbar,T+15101mdegC
1592547954:[PRESS ,0038]P  +5401mbar,T+15070mdegC
1592548015:[PRESS ,0038]P  +5401mbar,T+15041mdegC
1592548075:[PRESS ,0038]P  +5451mbar,T+15012mdegC
1592548136:[PRESS ,0038]P  +5511mbar,T+14986mdegC
1592548136:<WARN>[BUOY  ,0094]stage[1] should ASCENT, stuck at 5511mbar for the #2 time
1592548136:[BUOY  ,0087]from +0mbar/s to -3mbar/s
1592548136:[BUOY  ,0089]need to transfer +14mL (pump during 16961ms)
1592548144:[PUMP  ,0016]pump during 16961ms
1592548200:[PRESS ,0038]P  +5481mbar,T+14983mdegC
1592548202:[PRESS ,0038]P  +5491mbar,T+14983mdegC
1592548204:[PRESS ,0038]P  +5471mbar,T+14982mdegC
1592548205:[PRESS ,0038]P  +5481mbar,T+14983mdegC
1592548207:[PRESS ,0038]P  +5481mbar,T+14982mdegC
1592548209:[PRESS ,0038]P  +5481mbar,T+14981mdegC
1592548211:[PRESS ,0038]P  +5481mbar,T+14982mdegC
1592548213:[PRESS ,0038]P  +5471mbar,T+14981mdegC
1592548214:[PRESS ,0038]P  +5461mbar,T+14981mdegC
1592548216:[PRESS ,0038]P  +5471mbar,T+14981mdegC
1592548218:[PRESS ,0038]P  +5461mbar,T+14979mdegC
1592548220:[PRESS ,0038]P  +5461mbar,T+14980mdegC
1592548222:[PRESS ,0038]P  +5461mbar,T+14979mdegC
1592548224:[PRESS ,0038]P  +5441mbar,T+14979mdegC
1592548225:[PRESS ,0038]P  +5451mbar,T+14978mdegC
1592548286:[PRESS ,0038]P  +5331mbar,T+14957mdegC
1592548347:[PRESS ,0038]P  +5211mbar,T+14930mdegC
1592548407:[PRESS ,0038]P  +5081mbar,T+14904mdegC
1592548468:[PRESS ,0038]P  +4981mbar,T+14879mdegC
1592548468:[BUOY  ,0087]from -2mbar/s to +0mbar/s
1592548468:[BUOY  ,0090]need to transfer -6mL (valve during 1093ms)
1592548468:[VALVE ,0034]valve opening 1093ms
1592548529:[PRESS ,0038]P  +4931mbar,T+14862mdegC
1592548531:[PRESS ,0038]P  +4931mbar,T+14859mdegC
1592548532:[PRESS ,0038]P  +4921mbar,T+14859mdegC
1592548534:[PRESS ,0038]P  +4921mbar,T+14859mdegC
1592548536:[PRESS ,0038]P  +4911mbar,T+14859mdegC
1592548538:[PRESS ,0038]P  +4921mbar,T+14858mdegC
1592548540:[PRESS ,0038]P  +4921mbar,T+14858mdegC
1592548542:[PRESS ,0038]P  +4911mbar,T+14858mdegC
1592548543:[PRESS ,0038]P  +4911mbar,T+14857mdegC
1592548545:[PRESS ,0038]P  +4911mbar,T+14856mdegC
1592548547:[PRESS ,0038]P  +4911mbar,T+14855mdegC
1592548549:[PRESS ,0038]P  +4921mbar,T+14855mdegC
1592548551:[PRESS ,0038]P  +4901mbar,T+14855mdegC
1592548552:[PRESS ,0038]P  +4911mbar,T+14854mdegC
1592548554:[PRESS ,0038]P  +4911mbar,T+14853mdegC
1592548554:[BUOY  ,0087]from -1mbar/s to +0mbar/s
1592548554:[BUOY  ,0090]need to transfer -2mL (valve during 364ms)
1592548554:[VALVE ,0034]valve opening 364ms
1592548615:[PRESS ,0038]P  +4901mbar,T+14838mdegC
1592548617:[PRESS ,0038]P  +4901mbar,T+14838mdegC
1592548619:[PRESS ,0038]P  +4921mbar,T+14837mdegC
1592548620:[PRESS ,0038]P  +4911mbar,T+14837mdegC
1592548622:[PRESS ,0038]P  +4921mbar,T+14836mdegC
1592548624:[PRESS ,0038]P  +4921mbar,T+14835mdegC
1592548626:[PRESS ,0038]P  +4911mbar,T+14835mdegC
1592548628:[PRESS ,0038]P  +4931mbar,T+14835mdegC
1592548629:[PRESS ,0038]P  +4931mbar,T+14834mdegC
1592548631:[PRESS ,0038]P  +4931mbar,T+14834mdegC
1592548633:[PRESS ,0038]P  +4921mbar,T+14833mdegC
1592548635:[PRESS ,0038]P  +4921mbar,T+14833mdegC
1592548637:[PRESS ,0038]P  +4931mbar,T+14833mdegC
1592548638:[PRESS ,0038]P  +4931mbar,T+14832mdegC
1592548640:[PRESS ,0038]P  +4931mbar,T+14831mdegC
1592548701:[PRESS ,0038]P  +5001mbar,T+14815mdegC
1592548701:[BUOY  ,0087]from +1mbar/s to +0mbar/s
1592548701:[BUOY  ,0089]need to transfer +2mL (pump during 2423ms)
1592548709:[PUMP  ,0016]pump during 2423ms
1592548765:[PRESS ,0038]P  +5041mbar,T+14806mdegC
1592548767:[PRESS ,0038]P  +5041mbar,T+14805mdegC
1592548768:[PRESS ,0038]P  +5041mbar,T+14805mdegC
1592548770:[PRESS ,0038]P  +5031mbar,T+14804mdegC
1592548772:[PRESS ,0038]P  +5041mbar,T+14804mdegC
1592548774:[PRESS ,0038]P  +5051mbar,T+14804mdegC
1592548776:[PRESS ,0038]P  +5041mbar,T+14804mdegC
1592548777:[PRESS ,0038]P  +5041mbar,T+14804mdegC
1592548779:[PRESS ,0038]P  +5051mbar,T+14804mdegC
1592548781:[PRESS ,0038]P  +5051mbar,T+14803mdegC
1592548783:[PRESS ,0038]P  +5051mbar,T+14803mdegC
1592548785:[PRESS ,0038]P  +5051mbar,T+14802mdegC
1592548786:[PRESS ,0038]P  +5061mbar,T+14802mdegC
1592548788:[PRESS ,0038]P  +5061mbar,T+14802mdegC
1592548790:[PRESS ,0038]P  +5051mbar,T+14801mdegC
1592548790:[BUOY  ,0087]from +1mbar/s to +0mbar/s
1592548790:[BUOY  ,0089]need to transfer +2mL (pump during 2423ms)
1592548798:[PUMP  ,0016]pump during 2423ms
1592548854:[PRESS ,0038]P  +5091mbar,T+14793mdegC
1592548856:[PRESS ,0038]P  +5091mbar,T+14793mdegC
1592548858:[PRESS ,0038]P  +5101mbar,T+14793mdegC
1592548859:[PRESS ,0038]P  +5101mbar,T+14792mdegC
1592548861:[PRESS ,0038]P  +5081mbar,T+14791mdegC
1592548863:[PRESS ,0038]P  +5091mbar,T+14792mdegC
1592548865:[PRESS ,0038]P  +5091mbar,T+14792mdegC
1592548867:[PRESS ,0038]P  +5091mbar,T+14790mdegC
1592548868:[PRESS ,0038]P  +5091mbar,T+14790mdegC
1592548870:[PRESS ,0038]P  +5091mbar,T+14790mdegC
1592548872:[PRESS ,0038]P  +5091mbar,T+14790mdegC
1592548874:[PRESS ,0038]P  +5091mbar,T+14789mdegC
1592548876:[PRESS ,0038]P  +5091mbar,T+14789mdegC
1592548877:[PRESS ,0038]P  +5091mbar,T+14789mdegC
1592548879:[PRESS ,0038]P  +5091mbar,T+14788mdegC
1592548940:[PRESS ,0038]P  +5101mbar,T+14773mdegC
1592549001:[PRESS ,0038]P  +5131mbar,T+14759mdegC
1592549061:[PRESS ,0038]P  +5151mbar,T+14744mdegC
1592549122:[PRESS ,0038]P  +5161mbar,T+14731mdegC
1592549183:[PRESS ,0038]P  +5181mbar,T+14720mdegC
1592549243:[PRESS ,0038]P  +5171mbar,T+14709mdegC
1592549304:[PRESS ,0038]P  +5161mbar,T+14699mdegC
1592549365:[PRESS ,0038]P  +5171mbar,T+14689mdegC
1592549425:[PRESS ,0038]P  +5191mbar,T+14681mdegC
1592549486:[PRESS ,0038]P  +5231mbar,T+14672mdegC
1592549547:[PRESS ,0038]P  +5291mbar,T+14664mdegC
1592549607:[PRESS ,0038]P  +5361mbar,T+14656mdegC
1592549668:[PRESS ,0038]P  +5451mbar,T+14649mdegC
1592549729:[PRESS ,0038]P  +5541mbar,T+14642mdegC
1592549729:<WARN>[BUOY  ,0094]stage[1] should ASCENT, stuck at 5541mbar for the #3 time
1592549729:[BUOY  ,0087]from +0mbar/s to -3mbar/s
1592549729:[BUOY  ,0089]need to transfer +14mL (pump during 16917ms)
1592549737:[PUMP  ,0016]pump during 16917ms
1592549793:[PRESS ,0038]P  +5581mbar,T+14652mdegC
1592549795:[PRESS ,0038]P  +5571mbar,T+14653mdegC
1592549796:[PRESS ,0038]P  +5581mbar,T+14653mdegC
1592549798:[PRESS ,0038]P  +5581mbar,T+14654mdegC
1592549800:[PRESS ,0038]P  +5571mbar,T+14654mdegC
1592549802:[PRESS ,0038]P  +5581mbar,T+14654mdegC
1592549804:[PRESS ,0038]P  +5571mbar,T+14654mdegC
1592549805:[PRESS ,0038]P  +5571mbar,T+14655mdegC
1592549807:[PRESS ,0038]P  +5571mbar,T+14655mdegC
1592549809:[PRESS ,0038]P  +5561mbar,T+14655mdegC
1592549811:[PRESS ,0038]P  +5561mbar,T+14655mdegC
1592549813:[PRESS ,0038]P  +5561mbar,T+14655mdegC
1592549814:[PRESS ,0038]P  +5561mbar,T+14655mdegC
1592549816:[PRESS ,0038]P  +5561mbar,T+14656mdegC
1592549818:[PRESS ,0038]P  +5561mbar,T+14655mdegC
1592549818:[BUOY  ,0087]from -1mbar/s to -3mbar/s
1592549818:[BUOY  ,0089]need to transfer +12mL (pump during 14500ms)
1592549826:[PUMP  ,0016]pump during 14500ms
1592549882:[PRESS ,0038]P  +5441mbar,T+14669mdegC
1592549884:[PRESS ,0038]P  +5431mbar,T+14670mdegC
1592549886:[PRESS ,0038]P  +5431mbar,T+14670mdegC
1592549887:[PRESS ,0038]P  +5421mbar,T+14670mdegC
1592549889:[PRESS ,0038]P  +5421mbar,T+14671mdegC
1592549891:[PRESS ,0038]P  +5421mbar,T+14671mdegC
1592549893:[PRESS ,0038]P  +5421mbar,T+14671mdegC
1592549895:[PRESS ,0038]P  +5421mbar,T+14672mdegC
1592549896:[PRESS ,0038]P  +5411mbar,T+14672mdegC
1592549898:[PRESS ,0038]P  +5401mbar,T+14672mdegC
1592549900:[PRESS ,0038]P  +5401mbar,T+14672mdegC
1592549902:[PRESS ,0038]P  +5401mbar,T+14672mdegC
1592549904:[PRESS ,0038]P  +5411mbar,T+14672mdegC
1592549905:[PRESS ,0038]P  +5391mbar,T+14672mdegC
1592549907:[PRESS ,0038]P  +5401mbar,T+14672mdegC
1592549968:[PRESS ,0038]P  +5351mbar,T+14669mdegC
1592550029:[PRESS ,0038]P  +5361mbar,T+14664mdegC
1592550089:[PRESS ,0038]P  +5281mbar,T+14659mdegC
1592550150:[PRESS ,0038]P  +5231mbar,T+14657mdegC
1592550211:[PRESS ,0038]P  +5171mbar,T+14656mdegC
1592550271:[PRESS ,0038]P  +5101mbar,T+14654mdegC
1592550332:[PRESS ,0038]P  +5061mbar,T+14653mdegC
1592550393:[PRESS ,0038]P  +5041mbar,T+14653mdegC
1592550453:[PRESS ,0038]P  +5131mbar,T+14652mdegC
1592550514:[PRESS ,0038]P  +5151mbar,T+14652mdegC
1592550575:[PRESS ,0038]P  +5141mbar,T+14652mdegC
1592550635:[PRESS ,0038]P  +5121mbar,T+14652mdegC
1592550696:[PRESS ,0038]P  +5121mbar,T+14652mdegC
1592550757:[PRESS ,0038]P  +5131mbar,T+14653mdegC
1592550817:[PRESS ,0038]P  +5151mbar,T+14658mdegC
1592550878:[PRESS ,0038]P  +5131mbar,T+14662mdegC
1592550939:[PRESS ,0038]P  +5071mbar,T+14668mdegC
1592550999:[PRESS ,0038]P  +5031mbar,T+14672mdegC
1592551060:[PRESS ,0038]P  +4961mbar,T+14674mdegC
1592551121:[PRESS ,0038]P  +4881mbar,T+14679mdegC
1592551182:[PRESS ,0038]P  +4781mbar,T+14681mdegC
1592551242:[PRESS ,0038]P  +4761mbar,T+14684mdegC
1592551303:[PRESS ,0038]P  +4691mbar,T+14689mdegC
1592551303:[BUOY  ,0087]from -1mbar/s to +0mbar/s
1592551303:[BUOY  ,0090]need to transfer -2mL (valve during 375ms)
1592551303:[VALVE ,0034]valve opening 375ms
1592551364:[PRESS ,0038]P  +4631mbar,T+14693mdegC
1592551366:[PRESS ,0038]P  +4621mbar,T+14692mdegC
1592551367:[PRESS ,0038]P  +4621mbar,T+14692mdegC
1592551369:[PRESS ,0038]P  +4621mbar,T+14692mdegC
1592551371:[PRESS ,0038]P  +4611mbar,T+14692mdegC
1592551373:[PRESS ,0038]P  +4621mbar,T+14692mdegC
1592551375:[PRESS ,0038]P  +4611mbar,T+14693mdegC
1592551376:[PRESS ,0038]P  +4611mbar,T+14693mdegC
1592551378:[PRESS ,0038]P  +4611mbar,T+14693mdegC
1592551380:[PRESS ,0038]P  +4601mbar,T+14693mdegC
1592551382:[PRESS ,0038]P  +4601mbar,T+14694mdegC
1592551384:[PRESS ,0038]P  +4601mbar,T+14693mdegC
1592551385:[PRESS ,0038]P  +4601mbar,T+14693mdegC
1592551387:[PRESS ,0038]P  +4591mbar,T+14694mdegC
1592551389:[PRESS ,0038]P  +4591mbar,T+14694mdegC
1592551389:[BUOY  ,0087]from -1mbar/s to +0mbar/s
1592551389:[BUOY  ,0090]need to transfer -2mL (valve during 381ms)
1592551389:[VALVE ,0034]valve opening 381ms
1592551450:[PRESS ,0038]P  +4521mbar,T+14698mdegC
1592551452:[PRESS ,0038]P  +4521mbar,T+14697mdegC
1592551453:[PRESS ,0038]P  +4531mbar,T+14698mdegC
1592551455:[PRESS ,0038]P  +4511mbar,T+14698mdegC
1592551457:[PRESS ,0038]P  +4511mbar,T+14698mdegC
1592551459:[PRESS ,0038]P  +4501mbar,T+14699mdegC
1592551461:[PRESS ,0038]P  +4501mbar,T+14699mdegC
1592551462:[PRESS ,0038]P  +4501mbar,T+14699mdegC
1592551464:[PRESS ,0038]P  +4491mbar,T+14699mdegC
1592551466:[PRESS ,0038]P  +4491mbar,T+14699mdegC
1592551468:[PRESS ,0038]P  +4501mbar,T+14699mdegC
1592551470:[PRESS ,0038]P  +4491mbar,T+14699mdegC
1592551472:[PRESS ,0038]P  +4491mbar,T+14699mdegC
1592551473:[PRESS ,0038]P  +4491mbar,T+14699mdegC
1592551475:[PRESS ,0038]P  +4481mbar,T+14700mdegC
1592551475:<WARN>[BUOY  ,0094]stage[1] should DESCENT, stuck at 4481mbar for the #1 time
1592551475:[BUOY  ,0087]from -2mbar/s to +3mbar/s
1592551475:[BUOY  ,0090]need to transfer -20mL (valve during 3864ms)
1592551475:[VALVE ,0034]valve opening 3864ms
1592551536:[PRESS ,0038]P  +4611mbar,T+14702mdegC
1592551538:[PRESS ,0038]P  +4601mbar,T+14703mdegC
1592551540:[PRESS ,0038]P  +4611mbar,T+14702mdegC
1592551541:[PRESS ,0038]P  +4611mbar,T+14703mdegC
1592551543:[PRESS ,0038]P  +4621mbar,T+14703mdegC
1592551545:[PRESS ,0038]P  +4631mbar,T+14703mdegC
1592551547:[PRESS ,0038]P  +4641mbar,T+14703mdegC
1592551549:[PRESS ,0038]P  +4641mbar,T+14703mdegC
1592551550:[PRESS ,0038]P  +4641mbar,T+14703mdegC
1592551552:[PRESS ,0038]P  +4651mbar,T+14704mdegC
1592551554:[PRESS ,0038]P  +4661mbar,T+14703mdegC
1592551556:[PRESS ,0038]P  +4661mbar,T+14704mdegC
1592551558:[PRESS ,0038]P  +4671mbar,T+14704mdegC
1592551559:[PRESS ,0038]P  +4671mbar,T+14705mdegC
1592551561:[PRESS ,0038]P  +4661mbar,T+14705mdegC
1592551561:[BUOY  ,0087]from +3mbar/s to +0mbar/s
1592551561:[BUOY  ,0089]need to transfer +14mL (pump during 16913ms)
1592551569:[PUMP  ,0016]pump during 16913ms
1592551625:[PRESS ,0038]P  +4701mbar,T+14721mdegC
1592551627:[PRESS ,0038]P  +4711mbar,T+14721mdegC
1592551629:[PRESS ,0038]P  +4711mbar,T+14721mdegC
1592551631:[PRESS ,0038]P  +4701mbar,T+14721mdegC
1592551632:[PRESS ,0038]P  +4691mbar,T+14721mdegC
1592551634:[PRESS ,0038]P  +4701mbar,T+14723mdegC
1592551636:[PRESS ,0038]P  +4691mbar,T+14723mdegC
1592551638:[PRESS ,0038]P  +4691mbar,T+14723mdegC
1592551640:[PRESS ,0038]P  +4701mbar,T+14723mdegC
1592551641:[PRESS ,0038]P  +4691mbar,T+14723mdegC
1592551643:[PRESS ,0038]P  +4701mbar,T+14724mdegC
1592551645:[PRESS ,0038]P  +4691mbar,T+14724mdegC
1592551647:[PRESS ,0038]P  +4671mbar,T+14726mdegC
1592551649:[PRESS ,0038]P  +4681mbar,T+14726mdegC
1592551650:[PRESS ,0038]P  +4691mbar,T+14725mdegC
1592551650:[BUOY  ,0087]from -1mbar/s to +0mbar/s
1592551650:[BUOY  ,0090]need to transfer -2mL (valve during 375ms)
1592551651:[VALVE ,0034]valve opening 375ms
1592551711:[PRESS ,0038]P  +4641mbar,T+14734mdegC
1592551713:[PRESS ,0038]P  +4641mbar,T+14734mdegC
1592551715:[PRESS ,0038]P  +4641mbar,T+14735mdegC
1592551717:[PRESS ,0038]P  +4641mbar,T+14735mdegC
1592551718:[PRESS ,0038]P  +4631mbar,T+14736mdegC
1592551720:[PRESS ,0038]P  +4641mbar,T+14735mdegC
1592551722:[PRESS ,0038]P  +4641mbar,T+14736mdegC
1592551724:[PRESS ,0038]P  +4641mbar,T+14737mdegC
1592551726:[PRESS ,0038]P  +4641mbar,T+14736mdegC
1592551727:[PRESS ,0038]P  +4631mbar,T+14737mdegC
1592551729:[PRESS ,0038]P  +4641mbar,T+14737mdegC
1592551731:[PRESS ,0038]P  +4631mbar,T+14737mdegC
1592551733:[PRESS ,0038]P  +4631mbar,T+14737mdegC
1592551735:[PRESS ,0038]P  +4631mbar,T+14737mdegC
1592551736:[PRESS ,0038]P  +4631mbar,T+14737mdegC
1592551797:[PRESS ,0038]P  +4661mbar,T+14744mdegC
1592551797:[MAIN  ,0140]stage[1] complete 7212s after mission start
1592551797:[MAIN  ,0056]stage[2]
1592551799:[MAIN  ,0024]internal pressure 80705Pa
1592551804:[SBE41 ,0282]SBE41 parameters : 
      dsreplyformat=1 (webb(0)/standard(1))
      addtimingdelays=0 (n(0)/y(1))
      outputdensity=0 (n(0)/y(1))
      echocmd=0 (n(0)/y(1))
      outputrt=0 (n(0)/y(1))
      outputpts=0 (n(0)/y(1))
      outputsn=0 (n(0)/y(1))
      outputpressure=1 (n(0)/y(1))
      pcutoff=2dbar
      tswait=0s
      pumpfastpt=1 (n(0)/y(1))
      samplerate=1 ('fast':1Hz(1)/'slow':0.5Hz(0))
      top_bin_interval=10dbar
      top_bin_size=10dbar
      top_bin_max=100dbar
      middle_bin_interval=50dbar
      middle_bin_size=50dbar
      middle_bin_max=1000dbar
      bottom_bin_interval=100dbar
      bottom_bin_size=100dbar
      includetransitionbin=0
      includenbin=0 (n(0)/y(1))
      autobinavg=0 (n(0)/y(1))
1592551805:[PRESS ,0038]P  +4671mbar,T+14744mdegC
1592551805:[BUOY  ,0037]P  +4671mbar
1592551805:[STAGE ,0091]Stage [2] surfacing 3600s (<1592555385s) SBE41
1592551807:[PRESS ,0038]P  +4671mbar,T+14744mdegC
1592551807:<WARN>[BUOY  ,0094]stage[2] should ASCENT, stuck at 4671mbar for the #1 time
1592551807:[BUOY  ,0087]from +0mbar/s to -7mbar/s
1592551807:[BUOY  ,0089]need to transfer +78mL (pump during 94203ms)
1592551815:[PUMP  ,0016]pump during 60000ms
1592551879:[PRESS ,0038]P  +4611mbar,T+14780mdegC
1592551881:[PRESS ,0038]P  +4601mbar,T+14781mdegC
1592551883:[PRESS ,0038]P  +4591mbar,T+14784mdegC
1592551884:[PRESS ,0038]P  +4581mbar,T+14785mdegC
1592551886:[PRESS ,0038]P  +4581mbar,T+14788mdegC
1592551888:[PRESS ,0038]P  +4571mbar,T+14789mdegC
1592551890:[PRESS ,0038]P  +4561mbar,T+14791mdegC
1592551892:[PRESS ,0038]P  +4561mbar,T+14793mdegC
1592551894:[PRESS ,0038]P  +4561mbar,T+14794mdegC
1592551895:[PRESS ,0038]P  +4551mbar,T+14796mdegC
1592551897:[PRESS ,0038]P  +4551mbar,T+14798mdegC
1592551899:[PRESS ,0038]P  +4531mbar,T+14799mdegC
1592551901:[PRESS ,0038]P  +4531mbar,T+14800mdegC
1592551903:[PRESS ,0038]P  +4511mbar,T+14802mdegC
1592551904:[PRESS ,0038]P  +4511mbar,T+14804mdegC
1592551904:[BUOY  ,0087]from -4mbar/s to -7mbar/s
1592551904:[BUOY  ,0089]need to transfer +52mL (pump during 62802ms)
1592551904:[SBE41 ,0337]Speed start detected
1592551913:[PUMP  ,0016]pump during 60000ms
1592551976:[PRESS ,0038]P  +4181mbar,T+14868mdegC
1592551978:[PRESS ,0038]P  +4171mbar,T+14870mdegC
1592551980:[PRESS ,0038]P  +4151mbar,T+14873mdegC
1592551982:[PRESS ,0038]P  +4151mbar,T+14875mdegC
1592551983:[PRESS ,0038]P  +4141mbar,T+14878mdegC
1592551985:[PRESS ,0038]P  +4121mbar,T+14880mdegC
1592551987:[PRESS ,0038]P  +4111mbar,T+14882mdegC
1592551989:[PRESS ,0038]P  +4101mbar,T+14884mdegC
1592551991:[PRESS ,0038]P  +4101mbar,T+14885mdegC
1592551992:[PRESS ,0038]P  +4091mbar,T+14888mdegC
1592551994:[PRESS ,0038]P  +4071mbar,T+14890mdegC
1592551996:[PRESS ,0038]P  +4071mbar,T+14892mdegC
1592551998:[PRESS ,0038]P  +4061mbar,T+14893mdegC
1592552000:[PRESS ,0038]P  +4051mbar,T+14894mdegC
1592552001:[PRESS ,0038]P  +4051mbar,T+14897mdegC
1592552002:[BUOY  ,0087]from -5mbar/s to -7mbar/s
1592552002:[BUOY  ,0089]need to transfer +38mL (pump during 45894ms)
1592552010:[PUMP  ,0016]pump during 45894ms
1592552065:[PRESS ,0038]P  +3801mbar,T+14959mdegC
1592552067:[PRESS ,0038]P  +3791mbar,T+14961mdegC
1592552069:[PRESS ,0038]P  +3781mbar,T+14963mdegC
1592552071:[PRESS ,0038]P  +3771mbar,T+14966mdegC
1592552073:[PRESS ,0038]P  +3771mbar,T+14967mdegC
1592552074:[PRESS ,0038]P  +3761mbar,T+14970mdegC
1592552076:[PRESS ,0038]P  +3741mbar,T+14972mdegC
1592552078:[PRESS ,0038]P  +3741mbar,T+14973mdegC
1592552080:[PRESS ,0038]P  +3721mbar,T+14975mdegC
1592552082:[PRESS ,0038]P  +3711mbar,T+14976mdegC
1592552083:[PRESS ,0038]P  +3711mbar,T+14979mdegC
1592552085:[PRESS ,0038]P  +3691mbar,T+14980mdegC
1592552087:[PRESS ,0038]P  +3691mbar,T+14981mdegC
1592552089:[PRESS ,0038]P  +3681mbar,T+14984mdegC
1592552091:[PRESS ,0038]P  +3671mbar,T+14985mdegC
1592552091:[BUOY  ,0087]from -5mbar/s to -7mbar/s
1592552091:[BUOY  ,0089]need to transfer +38mL (pump during 45894ms)
1592552099:[PUMP  ,0016]pump during 45894ms
1592552155:[PRESS ,0038]P  +3431mbar,T+15045mdegC
1592552156:[PRESS ,0038]P  +3421mbar,T+15048mdegC
1592552158:[PRESS ,0038]P  +3421mbar,T+15050mdegC
1592552160:[PRESS ,0038]P  +3401mbar,T+15053mdegC
1592552162:[PRESS ,0038]P  +3401mbar,T+15055mdegC
1592552164:[PRESS ,0038]P  +3391mbar,T+15056mdegC
1592552165:[PRESS ,0038]P  +3391mbar,T+15059mdegC
1592552167:[PRESS ,0038]P  +3381mbar,T+15061mdegC
1592552169:[PRESS ,0038]P  +3371mbar,T+15063mdegC
1592552171:[PRESS ,0038]P  +3361mbar,T+15064mdegC
1592552173:[PRESS ,0038]P  +3371mbar,T+15066mdegC
1592552174:[PRESS ,0038]P  +3361mbar,T+15068mdegC
1592552176:[PRESS ,0038]P  +3371mbar,T+15070mdegC
1592552178:[PRESS ,0038]P  +3371mbar,T+15070mdegC
1592552180:[PRESS ,0038]P  +3371mbar,T+15072mdegC
1592552180:[BUOY  ,0087]from -3mbar/s to -7mbar/s
1592552180:[BUOY  ,0089]need to transfer +64mL (pump during 77295ms)
1592552188:[PUMP  ,0016]pump during 60000ms
1592552252:[PRESS ,0038]P  +3271mbar,T+15150mdegC
1592552253:[PRESS ,0038]P  +3251mbar,T+15153mdegC
1592552255:[PRESS ,0038]P  +3251mbar,T+15156mdegC
1592552257:[PRESS ,0038]P  +3251mbar,T+15157mdegC
1592552259:[PRESS ,0038]P  +3241mbar,T+15161mdegC
1592552261:[PRESS ,0038]P  +3241mbar,T+15163mdegC
1592552263:[PRESS ,0038]P  +3231mbar,T+15166mdegC
1592552264:[PRESS ,0038]P  +3231mbar,T+15169mdegC
1592552266:[PRESS ,0038]P  +3221mbar,T+15171mdegC
1592552268:[PRESS ,0038]P  +3221mbar,T+15174mdegC
1592552270:[PRESS ,0038]P  +3211mbar,T+15176mdegC
1592552272:[PRESS ,0038]P  +3201mbar,T+15178mdegC
1592552273:[PRESS ,0038]P  +3201mbar,T+15180mdegC
1592552275:[PRESS ,0038]P  +3191mbar,T+15182mdegC
1592552277:[PRESS ,0038]P  +3171mbar,T+15185mdegC
1592552277:[BUOY  ,0087]from -3mbar/s to -7mbar/s
1592552277:[BUOY  ,0089]need to transfer +64mL (pump during 77295ms)
1592552285:[PUMP  ,0016]pump during 60000ms
1592552349:[PRESS ,0038]P  +2711mbar,T+15275mdegC
1592552351:[PRESS ,0038]P  +2681mbar,T+15278mdegC
1592552352:[PRESS ,0038]P  +2661mbar,T+15282mdegC
1592552354:[PRESS ,0038]P  +2651mbar,T+15285mdegC
1592552356:[PRESS ,0038]P  +2631mbar,T+15288mdegC
1592552358:[PRESS ,0038]P  +2611mbar,T+15291mdegC
1592552360:[PRESS ,0038]P  +2601mbar,T+15294mdegC
1592552361:[PRESS ,0038]P  +2581mbar,T+15297mdegC
1592552363:[PRESS ,0038]P  +2561mbar,T+15299mdegC
1592552365:[PRESS ,0038]P  +2551mbar,T+15302mdegC
1592552367:[PRESS ,0038]P  +2521mbar,T+15305mdegC
1592552369:[PRESS ,0038]P  +2511mbar,T+15307mdegC
1592552371:[PRESS ,0038]P  +2501mbar,T+15310mdegC
1592552372:[PRESS ,0038]P  +2481mbar,T+15311mdegC
1592552374:[PRESS ,0038]P  +2471mbar,T+15314mdegC
1592552374:[BUOY  ,0087]from -9mbar/s to -7mbar/s
1592552374:[BUOY  ,0090]need to transfer -52mL (valve during 13531ms)
1592552374:[VALVE ,0034]valve opening 13531ms
1592552435:[PRESS ,0038]P  +2281mbar,T+15373mdegC
1592552437:[PRESS ,0038]P  +2281mbar,T+15375mdegC
1592552439:[PRESS ,0038]P  +2281mbar,T+15377mdegC
1592552440:[PRESS ,0038]P  +2271mbar,T+15379mdegC
1592552442:[PRESS ,0038]P  +2271mbar,T+15381mdegC
1592552444:[PRESS ,0038]P  +2271mbar,T+15382mdegC
1592552446:[PRESS ,0038]P  +2261mbar,T+15384mdegC
1592552448:[PRESS ,0038]P  +2261mbar,T+15385mdegC
1592552449:[PRESS ,0038]P  +2261mbar,T+15386mdegC
1592552451:[PRESS ,0038]P  +2271mbar,T+15388mdegC
1592552453:[PRESS ,0038]P  +2271mbar,T+15389mdegC
1592552455:[PRESS ,0038]P  +2261mbar,T+15392mdegC
1592552457:[PRESS ,0038]P  +2271mbar,T+15393mdegC
1592552458:[PRESS ,0038]P  +2271mbar,T+15395mdegC
1592552460:[PRESS ,0038]P  +2271mbar,T+15397mdegC
1592552460:<WARN>[BUOY  ,0094]stage[2] should ASCENT, stuck at 2271mbar for the #1 time
1592552460:[BUOY  ,0087]from +0mbar/s to -7mbar/s
1592552460:[BUOY  ,0089]need to transfer +78mL (pump during 94203ms)
1592552468:[PUMP  ,0016]pump during 60000ms
1592552532:[PRESS ,0038]P  +2201mbar,T+15568mdegC
1592552534:[PRESS ,0038]P  +2191mbar,T+15575mdegC
1592552536:[PRESS ,0038]P  +2191mbar,T+15582mdegC
1592552538:[PRESS ,0038]P  +2171mbar,T+15588mdegC
1592552539:[PRESS ,0038]P  +2171mbar,T+15595mdegC
1592552541:[PRESS ,0038]P  +2161mbar,T+15601mdegC
1592552543:[PRESS ,0038]P  +2151mbar,T+15609mdegC
1592552545:[PRESS ,0038]P  +2151mbar,T+15615mdegC
1592552547:[PRESS ,0038]P  +2141mbar,T+15623mdegC
1592552548:[PRESS ,0038]P  +2151mbar,T+15629mdegC
1592552550:[PRESS ,0038]P  +2131mbar,T+15636mdegC
1592552552:[PRESS ,0038]P  +2131mbar,T+15643mdegC
1592552554:[PRESS ,0038]P  +2111mbar,T+15651mdegC
1592552556:[PRESS ,0038]P  +2111mbar,T+15658mdegC
1592552557:[PRESS ,0038]P  +2101mbar,T+15665mdegC
1592552557:[BUOY  ,0087]from -4mbar/s to -7mbar/s
1592552557:[BUOY  ,0089]need to transfer +52mL (pump during 62802ms)
1592552566:[PUMP  ,0016]pump during 60000ms
1592552629:[PRESS ,0038]P  +1681mbar,T+15991mdegC
1592552631:[PRESS ,0038]P  +1671mbar,T+15999mdegC
1592552633:[PRESS ,0038]P  +1661mbar,T+16007mdegC
1592552635:[PRESS ,0038]P  +1641mbar,T+16017mdegC
1592552636:[PRESS ,0038]P  +1621mbar,T+16025mdegC
1592552638:[PRESS ,0038]P  +1601mbar,T+16034mdegC
1592552640:[PRESS ,0038]P  +1581mbar,T+16044mdegC
1592552642:[PRESS ,0038]P  +1571mbar,T+16052mdegC
1592552644:[PRESS ,0038]P  +1561mbar,T+16062mdegC
1592552646:[PRESS ,0038]P  +1531mbar,T+16070mdegC
1592552647:[PRESS ,0038]P  +1511mbar,T+16079mdegC
1592552649:[PRESS ,0038]P  +1501mbar,T+16087mdegC
1592552651:[PRESS ,0038]P  +1501mbar,T+16095mdegC
1592552653:[PRESS ,0038]P  +1471mbar,T+16103mdegC
1592552655:[PRESS ,0038]P  +1451mbar,T+16112mdegC
1592552655:[BUOY  ,0087]from -9mbar/s to -7mbar/s
1592552655:[BUOY  ,0090]need to transfer -52mL (valve during 17447ms)
1592552655:[VALVE ,0034]valve opening 17447ms
1592552715:[PRESS ,0038]P   +911mbar,T+16478mdegC
1592552717:[PRESS ,0038]P   +891mbar,T+16488mdegC
1592552719:[PRESS ,0038]P   +871mbar,T+16497mdegC
1592552721:[PRESS ,0038]P   +861mbar,T+16508mdegC
1592552723:[PRESS ,0038]P   +831mbar,T+16517mdegC
1592552724:[PRESS ,0038]P   +821mbar,T+16526mdegC
1592552726:[PRESS ,0038]P   +811mbar,T+16535mdegC
1592552728:[PRESS ,0038]P   +791mbar,T+16544mdegC
1592552730:[PRESS ,0038]P   +771mbar,T+16553mdegC
1592552732:[PRESS ,0038]P   +761mbar,T+16562mdegC
1592552733:[PRESS ,0038]P   +741mbar,T+16571mdegC
1592552735:[PRESS ,0038]P   +711mbar,T+16581mdegC
1592552737:[PRESS ,0038]P   +701mbar,T+16588mdegC
1592552739:[PRESS ,0038]P   +701mbar,T+16597mdegC
1592552741:[PRESS ,0038]P   +681mbar,T+16606mdegC
1592552741:[BUOY  ,0087]from -9mbar/s to -7mbar/s
1592552741:[BUOY  ,0090]need to transfer -52mL (valve during 25500ms)
1592552741:[VALVE ,0034]valve opening 25500ms
1592552801:[PRESS ,0038]P   +321mbar,T+16980mdegC
1592552803:[PRESS ,0038]P   +311mbar,T+16989mdegC
1592552805:[PRESS ,0038]P   +301mbar,T+17000mdegC
1592552807:[PRESS ,0038]P   +301mbar,T+17009mdegC
1592552809:[PRESS ,0038]P   +291mbar,T+17018mdegC
1592552810:[PRESS ,0038]P   +261mbar,T+17028mdegC
1592552812:[PRESS ,0038]P   +251mbar,T+17038mdegC
1592552814:[PRESS ,0038]P   +251mbar,T+17046mdegC
1592552816:[PRESS ,0038]P   +231mbar,T+17055mdegC
1592552818:[PRESS ,0038]P   +221mbar,T+17064mdegC
1592552819:[PRESS ,0038]P   +221mbar,T+17073mdegC
1592552821:[PRESS ,0038]P   +211mbar,T+17083mdegC
1592552823:[PRESS ,0038]P   +201mbar,T+17091mdegC
1592552825:[PRESS ,0038]P   +191mbar,T+17101mdegC
1592552827:[PRESS ,0038]P   +181mbar,T+17110mdegC
1592552827:[STAGE ,0214]181mbar (500) reached at 1592552827s, ascending from 4671mbar
1592552827:[STAGE ,0342]The float reached the surface : OK
1592552827:[MAIN  ,0140]stage[2] complete 8242s after mission start
1592552832:[SBE41 ,0343]SBE41 dump : 909 stored samples in hexa format
1592552865:[SBE41 ,0338]Dump finished
1592552865:[SBE41 ,0318]8181 bytes in 0051/5EEC697D.S41
1592552866:[MRMAID,0188]acq already stopped
1592552926:[MSSION,0192]mission stopped, 3 stage(s) done
1592552926:[MAIN  ,0065]surfacing
1592552928:[PRESS ,0038]P    -89mbar,T+17582mdegC
1592552928:[SURFIN,0036]P    -89mbar
1592552930:[PRESS ,0038]P    -89mbar,T+17589mdegC
1592552932:[PRESS ,0038]P    -99mbar,T+17598mdegC
1592552932:[SURFIN,0020]filling external bladder
1592552940:[PUMP  ,0016]pump during 300000ms
1592553249:[PUMP  ,0016]pump during 300000ms
1592553265:[SURFIN,0019]external bladder full
1592553267:[PRESS ,0038]P   +160mbar,T+18876mdegC
1592553269:[PRESS ,0038]P   +160mbar,T+18879mdegC
1592553271:[PRESS ,0038]P   +150mbar,T+18884mdegC
1592553273:[PRESS ,0038]P   +150mbar,T+18888mdegC
1592553274:[PRESS ,0038]P   +170mbar,T+18893mdegC
1592553276:[PRESS ,0038]P   +160mbar,T+18899mdegC
1592553278:[PRESS ,0038]P   +150mbar,T+18904mdegC
1592553280:[PRESS ,0038]P   +160mbar,T+18909mdegC
1592553282:[PRESS ,0038]P   +150mbar,T+18914mdegC
1592553283:[PRESS ,0038]P   +160mbar,T+18919mdegC
1592553285:[PRESS ,0038]P   +160mbar,T+18925mdegC
1592553287:[PRESS ,0038]P   +160mbar,T+18932mdegC
1592553289:[PRESS ,0038]P   +170mbar,T+18937mdegC
1592553291:[PRESS ,0038]P   +160mbar,T+18943mdegC
1592553292:[PRESS ,0038]P   +160mbar,T+18949mdegC
1592553327:[MAIN  ,0272]Vbat 14770mV (min 14465mV)
1592553330:[MAIN  ,0024]internal pressure 79432Pa
1592553330:[MAIN  ,0043]Pext 159mbar (rng 20mbar)
1592553330:[MAIN  ,0064]surface
1592553342:[SURF  ,0022]GPS fix...
1592553362:[SURF  ,0015]10 PPS detected...
1592553363:[MRMAID,0052]Mermaid $GPSACK:+0,+0,+0,+0,+0,+0,-2716;
1592553373:[MRMAID,0052]Mermaid $GPSOFF:3686320;
1592553374:[GPSFIX,0179]-1s diff
1592553375:[SURF  ,0222]2020-06-19T07:56:15
1592553375:[SURF  ,0082]Latitude : N43deg40.940mn, Longitude :E007deg19.177mn
1592553375:[SURF  ,0223]fix3D,9satellites
1592553375:[SURF  ,0084]GPS fix GPGSA : hdop0.750,vdop1.000
1592553385:[SURF  ,0274]last almanac : 2417774
1592553398:[MRMAID,0026]1554 bytes in 0051/5EEC6FAE.MER
1592553403:[MAIN  ,0320]New pressure offset: 159mbar
1592553403:[LOGBIN,0078]*** switching to 0051/5EEC6FBB ***
