1592437290:[MAIN  ,0007]buoy 452.020-P-0051
1592437290:[MAIN  ,0055]soft pilotage 452.012.300_V2.20-20200612
1592437290:[MAIN  ,0010]cycle 14
1592437290:[SURF  ,0225]surface2
1592437305:[SURF  ,0022]GPS fix...
1592437325:[SURF  ,0015]10 PPS detected...
1592437326:[MRMAID,0052]Mermaid $GPSACK:+0,+0,+0,+0,+0,+0,-30;
1592437336:[MRMAID,0052]Mermaid $GPSOFF:3686320;
1592437337:[GPSFIX,0179]-1s diff
1592437338:[SURF  ,0222]2020-06-17T23:42:18
1592437338:[SURF  ,0082]Latitude : N43deg40.941mn, Longitude :E007deg19.179mn
1592437338:[SURF  ,0223]fix3D,8satellites
1592437338:[SURF  ,0084]GPS fix GPGSA : hdop0.690,vdop0.980
1592437348:[SURF  ,0025]Iridium...
1592437358:[SBE41 ,0339]newoffset=0.22db received after -57s
1592437380:[SURF  ,0009]connected in 32s, signal quality 5
1592437439:[SURF  ,0218]prompt received, remote cmd end
1592437439:[SURF  ,0012]16 cmd(s) received
1592437459:[UPLOAD,0248]Upload data files...
1592437523:[UPLOAD,0231]"0051/5EEAA479.S41" uploaded at 131bytes/s
1592437536:[UPLOAD,0231]"0051/5EEAAA1D.MER" uploaded at 141bytes/s
1592437693:[UPLOAD,0231]"0051/5EEA8274.BIN" uploaded at 129bytes/s
1592437708:[MAIN  ,0013]3 file(s) uploaded
1592437739:[SURF  ,0014]disconnected after 391s
1592437744:[SURFIN,0020]filling external bladder
1592437752:[PUMP  ,0016]pump during 300000ms
1592437763:[SURFIN,0019]external bladder full
1592437763:[SURF  ,0227]1st complete transfer
1592437944:[SURF  ,0022]GPS fix...
1592437964:[SURF  ,0015]10 PPS detected...
1592437965:[MRMAID,0052]Mermaid $GPSACK:+0,+0,+0,+0,+0,+0,+0;
1592437975:[MRMAID,0052]Mermaid $GPSOFF:3686320;
1592437977:[GPSFIX,0179]+0s diff
1592437977:[SURF  ,0222]2020-06-17T23:52:57
1592437977:[SURF  ,0082]Latitude : N43deg40.940mn, Longitude :E007deg19.179mn
1592437977:[SURF  ,0223]fix3D,8satellites
1592437977:[SURF  ,0084]GPS fix GPGSA : hdop0.690,vdop0.900
1592437987:[SURF  ,0025]Iridium...
1592438022:[SURF  ,0009]connected in 35s, signal quality 5
1592438106:[SURF  ,0218]prompt received, remote cmd end
1592438106:[SURF  ,0012]16 cmd(s) received
1592438148:[SURF  ,0014]disconnected after 161s
1592438153:[SURFIN,0020]filling external bladder
1592438161:[PUMP  ,0016]pump during 300000ms
1592438171:[SURFIN,0019]external bladder full
1592438171:[SURF  ,0226]Go dive (Minimum surface delay expired and no more file to upload)
1592438185:[SURF  ,0022]GPS fix...
1592438206:[SURF  ,0015]10 PPS detected...
1592438207:[MRMAID,0052]Mermaid $GPSACK:+0,+0,+0,+0,+0,+0,+0;
1592438217:[MRMAID,0052]Mermaid $GPSOFF:3686320;
1592438218:[GPSFIX,0179]-1s diff
1592438219:[SURF  ,0222]2020-06-17T23:56:59
1592438219:[SURF  ,0082]Latitude : N43deg40.940mn, Longitude :E007deg19.178mn
1592438219:[SURF  ,0223]fix3D,8satellites
1592438219:[SURF  ,0084]GPS fix GPGSA : hdop0.660,vdop0.850
1592438236:[MAIN  ,0024]internal pressure 79477Pa
1592438237:[BYCMD ,0107]    FreeRTOS V8.2.3
1592438237:[BYCMD ,0108]    FatFS v11a
1592438237:[BYCMD ,0120]    bypass 10000ms 110000ms (20000ms 60000ms stored)
1592438237:[BYCMD ,0121]    valve 60000ms 12750 (60000ms 12750 stored)
1592438237:[BYCMD ,0122]    pump 60000ms 30% 10750 80% (60000ms 30% 10750 80% stored)
1592438237:[BYCMD ,0123]    rate 2mbar/s (2mbar/s stored)
1592438237:[BYCMD ,0124]    surface 500mbar (500mbar stored)
1592438237:[BYCMD ,0125]    near 500mbar 3mbar/s (15000mbar 3mbar/s stored)
1592438237:[BYCMD ,0126]    far 1500mbar 4mbar/s (25000mbar 4mbar/s stored)
1592438237:[BYCMD ,0127]    ascent 8mbar/s (8mbar/s stored)
1592438237:[BYCMD ,0128]    dead 60s (300s stored)
1592438237:[BYCMD ,0129]    coeff 16/10 (16/10 stored)
1592438237:[BYCMD ,0130]    stab 10 (10 stored)
1592438237:[BYCMD ,0131]    delay 900s 3600s (900s 3600s stored)
1592438237:[BYCMD ,0132]    mmtime 2880min (2880min stored)
1592438237:[BYCMD ,0133]    dv_landing 100ml (100ml stored)
1592438237:[MKDCMD,0150]    p2t37: 15x2000ms, offset 160mbar
1592438237:[P2TCMD,0151]    p2t37: dp -1mbar, dt 1000000mdegC
1592438238:[STAGE ,0080]Stage [0] 5000mbar (+/-500mbar) 1800s (<1800s) 
1592438238:[STAGE ,0080]Stage [1] 5000mbar (+/-500mbar) 7200s (<7200s) 
1592438238:[STAGE ,0091]Stage [2] surfacing 3600s (<10800s) SBE41
1592438238:[SBE41 ,0282]SBE41 parameters : 
      dsreplyformat=1 (webb(0)/standard(1))
      addtimingdelays=0 (n(0)/y(1))
      outputdensity=0 (n(0)/y(1))
      echocmd=0 (n(0)/y(1))
      outputrt=0 (n(0)/y(1))
      outputpts=0 (n(0)/y(1))
      outputsn=0 (n(0)/y(1))
      outputpressure=1 (n(0)/y(1))
      pcutoff=2dbar
      tswait=0s
      pumpfastpt=1 (n(0)/y(1))
      samplerate=1 ('fast':1Hz(1)/'slow':0.5Hz(0))
      top_bin_interval=10dbar
      top_bin_size=10dbar
      top_bin_max=100dbar
      middle_bin_interval=50dbar
      middle_bin_size=50dbar
      middle_bin_max=1000dbar
      bottom_bin_interval=100dbar
      bottom_bin_size=100dbar
      includetransitionbin=0
      includenbin=0 (n(0)/y(1))
      autobinavg=0 (n(0)/y(1))
1592438238:[SBE41 ,0283]SBE41 pilot policy : 
      continiousprofile=0 (n(0)/y(1)
      speeddetection=1 (n(0)/y(1)
      hexoutput=1 (n(0)/y(1)
      binaverageoutput=0 (n(0)/y(1)
      manualprofilerate=10s
      runningpumpbeforeprofile=10s
      speedstart=2mbar/s
      speedcontrol=7mbar/s
1592438238:[MAIN  ,0070]turn off bluetooth
1592438240:[PRESS ,0038]P     +0mbar,T+20670mdegC
1592438242:[PRESS ,0038]P    -10mbar,T+20673mdegC
1592438244:[PRESS ,0038]P     +0mbar,T+20676mdegC
1592438246:[PRESS ,0038]P     +0mbar,T+20678mdegC
1592438248:[PRESS ,0038]P     +0mbar,T+20682mdegC
1592438250:[PRESS ,0038]P    +10mbar,T+20684mdegC
1592438251:[PRESS ,0038]P    -10mbar,T+20687mdegC
1592438253:[PRESS ,0038]P    -10mbar,T+20687mdegC
1592438255:[PRESS ,0038]P     +0mbar,T+20690mdegC
1592438257:[PRESS ,0038]P     +0mbar,T+20691mdegC
1592438259:[PRESS ,0038]P    -10mbar,T+20693mdegC
1592438260:[PRESS ,0038]P     +0mbar,T+20692mdegC
1592438262:[PRESS ,0038]P    -10mbar,T+20693mdegC
1592438264:[PRESS ,0038]P    -10mbar,T+20694mdegC
1592438266:[PRESS ,0038]P    -20mbar,T+20695mdegC
1592438266:[DIVING,0141]diving from -20mbar, +0mbar/s
1592438266:[BYPASS,0035]bypass opening 110000ms
1592438387:[PRESS ,0038]P   -110mbar,T+20921mdegC
1592438389:[PRESS ,0038]P   -120mbar,T+20919mdegC
1592438391:[PRESS ,0038]P   -110mbar,T+20918mdegC
1592438393:[PRESS ,0038]P   -120mbar,T+20918mdegC
1592438395:[PRESS ,0038]P   -120mbar,T+20919mdegC
1592438396:[PRESS ,0038]P   -110mbar,T+20921mdegC
1592438398:[PRESS ,0038]P   -110mbar,T+20924mdegC
1592438400:[PRESS ,0038]P   -110mbar,T+20926mdegC
1592438402:[PRESS ,0038]P   -120mbar,T+20928mdegC
1592438404:[PRESS ,0038]P   -120mbar,T+20931mdegC
1592438405:[PRESS ,0038]P   -100mbar,T+20931mdegC
1592438407:[PRESS ,0038]P   -110mbar,T+20933mdegC
1592438409:[PRESS ,0038]P   -110mbar,T+20936mdegC
1592438411:[PRESS ,0038]P   -110mbar,T+20936mdegC
1592438413:[PRESS ,0038]P   -110mbar,T+20937mdegC
1592438413:[BYPASS,0035]bypass opening 10000ms
1592438434:[PRESS ,0038]P   -110mbar,T+20970mdegC
1592438436:[PRESS ,0038]P   -120mbar,T+20971mdegC
1592438438:[PRESS ,0038]P   -120mbar,T+20974mdegC
1592438440:[PRESS ,0038]P   -110mbar,T+20975mdegC
1592438442:[PRESS ,0038]P   -110mbar,T+20978mdegC
1592438444:[PRESS ,0038]P   -110mbar,T+20980mdegC
1592438445:[PRESS ,0038]P   -120mbar,T+20982mdegC
1592438447:[PRESS ,0038]P   -110mbar,T+20982mdegC
1592438449:[PRESS ,0038]P   -100mbar,T+20984mdegC
1592438451:[PRESS ,0038]P   -110mbar,T+20985mdegC
1592438453:[PRESS ,0038]P   -100mbar,T+20987mdegC
1592438454:[PRESS ,0038]P   -110mbar,T+20989mdegC
1592438456:[PRESS ,0038]P   -120mbar,T+20988mdegC
1592438458:[PRESS ,0038]P   -130mbar,T+20990mdegC
1592438460:[PRESS ,0038]P   -130mbar,T+20992mdegC
1592438460:[BYPASS,0035]bypass opening 10000ms
1592438482:[PRESS ,0038]P   -110mbar,T+21010mdegC
1592438483:[PRESS ,0038]P   -100mbar,T+21009mdegC
1592438485:[PRESS ,0038]P   -110mbar,T+21010mdegC
1592438487:[PRESS ,0038]P    -90mbar,T+21012mdegC
1592438489:[PRESS ,0038]P   -100mbar,T+21013mdegC
1592438491:[PRESS ,0038]P   -110mbar,T+21015mdegC
1592438492:[PRESS ,0038]P   -100mbar,T+21017mdegC
1592438494:[PRESS ,0038]P   -100mbar,T+21019mdegC
1592438496:[PRESS ,0038]P   -100mbar,T+21020mdegC
1592438498:[PRESS ,0038]P   -100mbar,T+21021mdegC
1592438500:[PRESS ,0038]P   -100mbar,T+21022mdegC
1592438501:[PRESS ,0038]P   -100mbar,T+21022mdegC
1592438503:[PRESS ,0038]P   -100mbar,T+21023mdegC
1592438505:[PRESS ,0038]P    -90mbar,T+21025mdegC
1592438507:[PRESS ,0038]P    -90mbar,T+21026mdegC
1592438507:[BYPASS,0035]bypass opening 10000ms
1592438529:[PRESS ,0038]P    -90mbar,T+21042mdegC
1592438530:[PRESS ,0038]P    -90mbar,T+21040mdegC
1592438532:[PRESS ,0038]P    -90mbar,T+21039mdegC
1592438534:[PRESS ,0038]P    -90mbar,T+21042mdegC
1592438536:[PRESS ,0038]P    -80mbar,T+21045mdegC
1592438538:[PRESS ,0038]P    -90mbar,T+21046mdegC
1592438539:[PRESS ,0038]P    -90mbar,T+21049mdegC
1592438541:[PRESS ,0038]P    -80mbar,T+21050mdegC
1592438543:[PRESS ,0038]P    -80mbar,T+21052mdegC
1592438545:[PRESS ,0038]P    -80mbar,T+21053mdegC
1592438547:[PRESS ,0038]P    -70mbar,T+21055mdegC
1592438549:[PRESS ,0038]P    -70mbar,T+21055mdegC
1592438550:[PRESS ,0038]P    -70mbar,T+21056mdegC
1592438552:[PRESS ,0038]P    -70mbar,T+21053mdegC
1592438554:[PRESS ,0038]P    -70mbar,T+21055mdegC
1592438554:[BYPASS,0035]bypass opening 10000ms
1592438576:[PRESS ,0038]P    -20mbar,T+21068mdegC
1592438578:[PRESS ,0038]P     +0mbar,T+21070mdegC
1592438579:[PRESS ,0038]P     +0mbar,T+21071mdegC
1592438581:[PRESS ,0038]P    +20mbar,T+21071mdegC
1592438583:[PRESS ,0038]P    +30mbar,T+21072mdegC
1592438585:[PRESS ,0038]P    +30mbar,T+21073mdegC
1592438587:[PRESS ,0038]P    +50mbar,T+21075mdegC
1592438588:[PRESS ,0038]P    +60mbar,T+21076mdegC
1592438590:[PRESS ,0038]P    +60mbar,T+21076mdegC
1592438592:[PRESS ,0038]P    +80mbar,T+21078mdegC
1592438594:[PRESS ,0038]P    +90mbar,T+21077mdegC
1592438596:[PRESS ,0038]P   +100mbar,T+21079mdegC
1592438597:[PRESS ,0038]P   +100mbar,T+21080mdegC
1592438599:[PRESS ,0038]P   +110mbar,T+21081mdegC
1592438601:[PRESS ,0038]P   +120mbar,T+21081mdegC
1592438604:[PRESS ,0038]P   +140mbar,T+21083mdegC
1592438607:[PRESS ,0038]P   +150mbar,T+21084mdegC
1592438609:[PRESS ,0038]P   +170mbar,T+21086mdegC
1592438612:[PRESS ,0038]P   +180mbar,T+21086mdegC
1592438615:[PRESS ,0038]P   +200mbar,T+21088mdegC
1592438618:[PRESS ,0038]P   +210mbar,T+21089mdegC
1592438621:[PRESS ,0038]P   +240mbar,T+21089mdegC
1592438623:[PRESS ,0038]P   +250mbar,T+21091mdegC
1592438626:[PRESS ,0038]P   +260mbar,T+21092mdegC
1592438629:[PRESS ,0038]P   +280mbar,T+21093mdegC
1592438632:[PRESS ,0038]P   +290mbar,T+21096mdegC
1592438635:[PRESS ,0038]P   +300mbar,T+21094mdegC
1592438637:[PRESS ,0038]P   +320mbar,T+21094mdegC
1592438640:[PRESS ,0038]P   +340mbar,T+21096mdegC
1592438643:[PRESS ,0038]P   +340mbar,T+21098mdegC
1592438646:[PRESS ,0038]P   +360mbar,T+21098mdegC
1592438649:[PRESS ,0038]P   +390mbar,T+21100mdegC
1592438651:[PRESS ,0038]P   +400mbar,T+21102mdegC
1592438654:[PRESS ,0038]P   +420mbar,T+21103mdegC
1592438657:[PRESS ,0038]P   +440mbar,T+21104mdegC
1592438660:[PRESS ,0038]P   +450mbar,T+21106mdegC
1592438663:[PRESS ,0038]P   +470mbar,T+21108mdegC
1592438666:[PRESS ,0038]P   +480mbar,T+21109mdegC
1592438668:[PRESS ,0038]P   +490mbar,T+21110mdegC
1592438671:[PRESS ,0038]P   +510mbar,T+21111mdegC
1592438673:[PRESS ,0038]P   +510mbar,T+21112mdegC
1592438673:[DIVING,0028]510mbar reached (+6mbar/s), 5 bypass done
1592438673:[MAIN  ,0056]stage[0]
1592438676:[MAIN  ,0024]internal pressure 81650Pa
1592438677:[PRESS ,0038]P   +530mbar,T+21112mdegC
1592438677:[BUOY  ,0037]P   +530mbar
1592438677:[STAGE ,0080]Stage [0] 5000mbar (+/-500mbar) 1800s (<1592440473s) 
1592438678:[PRESS ,0038]P   +550mbar,T+21113mdegC
1592438739:[PRESS ,0038]P   +780mbar,T+21131mdegC
1592438741:[PRESS ,0038]P   +800mbar,T+21131mdegC
1592438743:[PRESS ,0038]P   +800mbar,T+21131mdegC
1592438745:[PRESS ,0038]P   +800mbar,T+21131mdegC
1592438746:[PRESS ,0038]P   +820mbar,T+21133mdegC
1592438748:[PRESS ,0038]P   +820mbar,T+21133mdegC
1592438750:[PRESS ,0038]P   +830mbar,T+21134mdegC
1592438752:[PRESS ,0038]P   +830mbar,T+21134mdegC
1592438754:[PRESS ,0038]P   +840mbar,T+21134mdegC
1592438755:[PRESS ,0038]P   +830mbar,T+21136mdegC
1592438757:[PRESS ,0038]P   +850mbar,T+21136mdegC
1592438759:[PRESS ,0038]P   +860mbar,T+21138mdegC
1592438761:[PRESS ,0038]P   +870mbar,T+21137mdegC
1592438763:[PRESS ,0038]P   +870mbar,T+21139mdegC
1592438764:[PRESS ,0038]P   +870mbar,T+21138mdegC
1592438825:[PRESS ,0038]P  +1000mbar,T+21149mdegC
1592438827:[PRESS ,0038]P  +1000mbar,T+21149mdegC
1592438829:[PRESS ,0038]P  +1010mbar,T+21148mdegC
1592438830:[PRESS ,0038]P  +1010mbar,T+21148mdegC
1592438832:[PRESS ,0038]P  +1020mbar,T+21149mdegC
1592438834:[PRESS ,0038]P  +1020mbar,T+21149mdegC
1592438836:[PRESS ,0038]P  +1030mbar,T+21150mdegC
1592438838:[PRESS ,0038]P  +1030mbar,T+21151mdegC
1592438840:[PRESS ,0038]P  +1040mbar,T+21150mdegC
1592438841:[PRESS ,0038]P  +1050mbar,T+21151mdegC
1592438843:[PRESS ,0038]P  +1050mbar,T+21151mdegC
1592438845:[PRESS ,0038]P  +1060mbar,T+21151mdegC
1592438847:[PRESS ,0038]P  +1060mbar,T+21152mdegC
1592438849:[PRESS ,0038]P  +1070mbar,T+21153mdegC
1592438850:[PRESS ,0038]P  +1070mbar,T+21154mdegC
1592438911:[PRESS ,0038]P  +1190mbar,T+21163mdegC
1592438913:[PRESS ,0038]P  +1190mbar,T+21163mdegC
1592438915:[PRESS ,0038]P  +1190mbar,T+21163mdegC
1592438916:[PRESS ,0038]P  +1200mbar,T+21164mdegC
1592438918:[PRESS ,0038]P  +1210mbar,T+21165mdegC
1592438920:[PRESS ,0038]P  +1210mbar,T+21165mdegC
1592438922:[PRESS ,0038]P  +1220mbar,T+21165mdegC
1592438924:[PRESS ,0038]P  +1230mbar,T+21166mdegC
1592438925:[PRESS ,0038]P  +1220mbar,T+21166mdegC
1592438927:[PRESS ,0038]P  +1230mbar,T+21165mdegC
1592438929:[PRESS ,0038]P  +1230mbar,T+21165mdegC
1592438931:[PRESS ,0038]P  +1230mbar,T+21166mdegC
1592438933:[PRESS ,0038]P  +1240mbar,T+21166mdegC
1592438935:[PRESS ,0038]P  +1250mbar,T+21168mdegC
1592438936:[PRESS ,0038]P  +1250mbar,T+21169mdegC
1592438936:[BUOY  ,0087]from +2mbar/s to +4mbar/s
1592438936:[BUOY  ,0090]need to transfer -20mL (valve during 7286ms)
1592438936:[VALVE ,0034]valve opening 7286ms
1592438997:[PRESS ,0038]P  +1410mbar,T+21184mdegC
1592438999:[PRESS ,0038]P  +1420mbar,T+21185mdegC
1592439001:[PRESS ,0038]P  +1420mbar,T+21186mdegC
1592439003:[PRESS ,0038]P  +1430mbar,T+21187mdegC
1592439004:[PRESS ,0038]P  +1430mbar,T+21187mdegC
1592439006:[PRESS ,0038]P  +1440mbar,T+21187mdegC
1592439008:[PRESS ,0038]P  +1440mbar,T+21187mdegC
1592439010:[PRESS ,0038]P  +1470mbar,T+21188mdegC
1592439012:[PRESS ,0038]P  +1460mbar,T+21188mdegC
1592439013:[PRESS ,0038]P  +1470mbar,T+21189mdegC
1592439015:[PRESS ,0038]P  +1470mbar,T+21190mdegC
1592439017:[PRESS ,0038]P  +1470mbar,T+21190mdegC
1592439019:[PRESS ,0038]P  +1470mbar,T+21190mdegC
1592439021:[PRESS ,0038]P  +1490mbar,T+21190mdegC
1592439022:[PRESS ,0038]P  +1490mbar,T+21192mdegC
1592439083:[PRESS ,0038]P  +1790mbar,T+21197mdegC
1592439085:[PRESS ,0038]P  +1790mbar,T+21197mdegC
1592439087:[PRESS ,0038]P  +1810mbar,T+21197mdegC
1592439089:[PRESS ,0038]P  +1820mbar,T+21199mdegC
1592439090:[PRESS ,0038]P  +1820mbar,T+21199mdegC
1592439092:[PRESS ,0038]P  +1820mbar,T+21199mdegC
1592439094:[PRESS ,0038]P  +1840mbar,T+21200mdegC
1592439096:[PRESS ,0038]P  +1840mbar,T+21201mdegC
1592439098:[PRESS ,0038]P  +1860mbar,T+21201mdegC
1592439099:[PRESS ,0038]P  +1870mbar,T+21202mdegC
1592439101:[PRESS ,0038]P  +1880mbar,T+21203mdegC
1592439103:[PRESS ,0038]P  +1880mbar,T+21203mdegC
1592439105:[PRESS ,0038]P  +1900mbar,T+21203mdegC
1592439107:[PRESS ,0038]P  +1900mbar,T+21203mdegC
1592439108:[PRESS ,0038]P  +1920mbar,T+21203mdegC
1592439169:[PRESS ,0038]P  +2290mbar,T+21203mdegC
1592439171:[PRESS ,0038]P  +2300mbar,T+21203mdegC
1592439173:[PRESS ,0038]P  +2310mbar,T+21203mdegC
1592439174:[PRESS ,0038]P  +2310mbar,T+21203mdegC
1592439176:[PRESS ,0038]P  +2330mbar,T+21203mdegC
1592439178:[PRESS ,0038]P  +2340mbar,T+21203mdegC
1592439180:[PRESS ,0038]P  +2360mbar,T+21203mdegC
1592439182:[PRESS ,0038]P  +2360mbar,T+21202mdegC
1592439184:[PRESS ,0038]P  +2380mbar,T+21203mdegC
1592439185:[PRESS ,0038]P  +2380mbar,T+21202mdegC
1592439187:[PRESS ,0038]P  +2400mbar,T+21202mdegC
1592439189:[PRESS ,0038]P  +2410mbar,T+21202mdegC
1592439191:[PRESS ,0038]P  +2420mbar,T+21202mdegC
1592439193:[PRESS ,0038]P  +2440mbar,T+21201mdegC
1592439194:[PRESS ,0038]P  +2450mbar,T+21200mdegC
1592439255:[PRESS ,0038]P  +2830mbar,T+21175mdegC
1592439257:[PRESS ,0038]P  +2840mbar,T+21174mdegC
1592439259:[PRESS ,0038]P  +2850mbar,T+21173mdegC
1592439260:[PRESS ,0038]P  +2850mbar,T+21172mdegC
1592439262:[PRESS ,0038]P  +2870mbar,T+21170mdegC
1592439264:[PRESS ,0038]P  +2890mbar,T+21169mdegC
1592439266:[PRESS ,0038]P  +2890mbar,T+21166mdegC
1592439268:[PRESS ,0038]P  +2900mbar,T+21166mdegC
1592439269:[PRESS ,0038]P  +2910mbar,T+21165mdegC
1592439271:[PRESS ,0038]P  +2920mbar,T+21163mdegC
1592439273:[PRESS ,0038]P  +2930mbar,T+21163mdegC
1592439275:[PRESS ,0038]P  +2930mbar,T+21161mdegC
1592439277:[PRESS ,0038]P  +2940mbar,T+21160mdegC
1592439279:[PRESS ,0038]P  +2950mbar,T+21159mdegC
1592439280:[PRESS ,0038]P  +2950mbar,T+21157mdegC
1592439341:[PRESS ,0038]P  +3190mbar,T+21092mdegC
1592439343:[PRESS ,0038]P  +3200mbar,T+21089mdegC
1592439345:[PRESS ,0038]P  +3210mbar,T+21087mdegC
1592439346:[PRESS ,0038]P  +3220mbar,T+21083mdegC
1592439348:[PRESS ,0038]P  +3220mbar,T+21081mdegC
1592439350:[PRESS ,0038]P  +3230mbar,T+21079mdegC
1592439352:[PRESS ,0038]P  +3240mbar,T+21076mdegC
1592439354:[PRESS ,0038]P  +3240mbar,T+21074mdegC
1592439355:[PRESS ,0038]P  +3240mbar,T+21070mdegC
1592439357:[PRESS ,0038]P  +3250mbar,T+21069mdegC
1592439359:[PRESS ,0038]P  +3260mbar,T+21066mdegC
1592439361:[PRESS ,0038]P  +3260mbar,T+21063mdegC
1592439363:[PRESS ,0038]P  +3280mbar,T+21060mdegC
1592439364:[PRESS ,0038]P  +3290mbar,T+21057mdegC
1592439366:[PRESS ,0038]P  +3290mbar,T+21055mdegC
1592439427:[PRESS ,0038]P  +3450mbar,T+20924mdegC
1592439429:[PRESS ,0038]P  +3450mbar,T+20918mdegC
1592439431:[PRESS ,0038]P  +3460mbar,T+20914mdegC
1592439432:[PRESS ,0038]P  +3460mbar,T+20908mdegC
1592439434:[PRESS ,0038]P  +3480mbar,T+20904mdegC
1592439436:[PRESS ,0038]P  +3490mbar,T+20898mdegC
1592439438:[PRESS ,0038]P  +3490mbar,T+20893mdegC
1592439440:[PRESS ,0038]P  +3490mbar,T+20887mdegC
1592439441:[PRESS ,0038]P  +3500mbar,T+20883mdegC
1592439443:[PRESS ,0038]P  +3490mbar,T+20878mdegC
1592439445:[PRESS ,0038]P  +3520mbar,T+20871mdegC
1592439447:[PRESS ,0038]P  +3520mbar,T+20867mdegC
1592439449:[PRESS ,0038]P  +3530mbar,T+20861mdegC
1592439450:[PRESS ,0038]P  +3550mbar,T+20856mdegC
1592439452:[PRESS ,0038]P  +3550mbar,T+20850mdegC
1592439513:[PRESS ,0038]P  +3760mbar,T+20638mdegC
1592439515:[PRESS ,0038]P  +3770mbar,T+20631mdegC
1592439517:[PRESS ,0038]P  +3770mbar,T+20624mdegC
1592439518:[PRESS ,0038]P  +3770mbar,T+20617mdegC
1592439520:[PRESS ,0038]P  +3770mbar,T+20609mdegC
1592439522:[PRESS ,0038]P  +3780mbar,T+20603mdegC
1592439524:[PRESS ,0038]P  +3790mbar,T+20596mdegC
1592439526:[PRESS ,0038]P  +3790mbar,T+20589mdegC
1592439527:[PRESS ,0038]P  +3790mbar,T+20581mdegC
1592439529:[PRESS ,0038]P  +3810mbar,T+20574mdegC
1592439531:[PRESS ,0038]P  +3810mbar,T+20568mdegC
1592439533:[PRESS ,0038]P  +3810mbar,T+20561mdegC
1592439535:[PRESS ,0038]P  +3820mbar,T+20553mdegC
1592439536:[PRESS ,0038]P  +3830mbar,T+20546mdegC
1592439538:[PRESS ,0038]P  +3840mbar,T+20538mdegC
1592439599:[PRESS ,0038]P  +4010mbar,T+20283mdegC
1592439601:[PRESS ,0038]P  +4010mbar,T+20275mdegC
1592439603:[PRESS ,0038]P  +4010mbar,T+20267mdegC
1592439604:[PRESS ,0038]P  +4030mbar,T+20260mdegC
1592439606:[PRESS ,0038]P  +4020mbar,T+20252mdegC
1592439608:[PRESS ,0038]P  +4030mbar,T+20244mdegC
1592439610:[PRESS ,0038]P  +4020mbar,T+20236mdegC
1592439612:[PRESS ,0038]P  +4040mbar,T+20227mdegC
1592439613:[PRESS ,0038]P  +4050mbar,T+20220mdegC
1592439615:[PRESS ,0038]P  +4040mbar,T+20212mdegC
1592439617:[PRESS ,0038]P  +4050mbar,T+20205mdegC
1592439619:[PRESS ,0038]P  +4050mbar,T+20197mdegC
1592439621:[PRESS ,0038]P  +4050mbar,T+20189mdegC
1592439622:[PRESS ,0038]P  +4070mbar,T+20181mdegC
1592439624:[PRESS ,0038]P  +4060mbar,T+20174mdegC
1592439685:[PRESS ,0038]P  +4230mbar,T+19912mdegC
1592439687:[PRESS ,0038]P  +4230mbar,T+19904mdegC
1592439689:[PRESS ,0038]P  +4240mbar,T+19896mdegC
1592439690:[PRESS ,0038]P  +4230mbar,T+19889mdegC
1592439692:[PRESS ,0038]P  +4240mbar,T+19881mdegC
1592439694:[PRESS ,0038]P  +4240mbar,T+19874mdegC
1592439696:[PRESS ,0038]P  +4240mbar,T+19864mdegC
1592439698:[PRESS ,0038]P  +4240mbar,T+19858mdegC
1592439699:[PRESS ,0038]P  +4240mbar,T+19850mdegC
1592439701:[PRESS ,0038]P  +4240mbar,T+19842mdegC
1592439703:[PRESS ,0038]P  +4240mbar,T+19834mdegC
1592439705:[PRESS ,0038]P  +4240mbar,T+19826mdegC
1592439707:[PRESS ,0038]P  +4250mbar,T+19818mdegC
1592439708:[PRESS ,0038]P  +4250mbar,T+19811mdegC
1592439710:[PRESS ,0038]P  +4250mbar,T+19803mdegC
1592439710:[BUOY  ,0087]from +1mbar/s to +3mbar/s
1592439710:[BUOY  ,0090]need to transfer -12mL (valve during 2354ms)
1592439710:[VALVE ,0034]valve opening 2354ms
1592439771:[PRESS ,0038]P  +4360mbar,T+19526mdegC
1592439773:[PRESS ,0038]P  +4360mbar,T+19518mdegC
1592439775:[PRESS ,0038]P  +4360mbar,T+19510mdegC
1592439776:[PRESS ,0038]P  +4360mbar,T+19502mdegC
1592439778:[PRESS ,0038]P  +4360mbar,T+19495mdegC
1592439780:[PRESS ,0038]P  +4370mbar,T+19485mdegC
1592439782:[PRESS ,0038]P  +4370mbar,T+19478mdegC
1592439784:[PRESS ,0038]P  +4370mbar,T+19470mdegC
1592439785:[PRESS ,0038]P  +4370mbar,T+19461mdegC
1592439787:[PRESS ,0038]P  +4370mbar,T+19453mdegC
1592439789:[PRESS ,0038]P  +4380mbar,T+19445mdegC
1592439791:[PRESS ,0038]P  +4380mbar,T+19437mdegC
1592439793:[PRESS ,0038]P  +4390mbar,T+19428mdegC
1592439794:[PRESS ,0038]P  +4380mbar,T+19420mdegC
1592439796:[PRESS ,0038]P  +4390mbar,T+19412mdegC
1592439796:[BUOY  ,0087]from +1mbar/s to +3mbar/s
1592439796:[BUOY  ,0090]need to transfer -12mL (valve during 2318ms)
1592439796:[VALVE ,0034]valve opening 2318ms
1592439857:[PRESS ,0038]P  +4590mbar,T+19127mdegC
1592439859:[PRESS ,0038]P  +4600mbar,T+19119mdegC
1592439861:[PRESS ,0038]P  +4610mbar,T+19110mdegC
1592439862:[PRESS ,0038]P  +4620mbar,T+19102mdegC
1592439864:[PRESS ,0038]P  +4620mbar,T+19095mdegC
1592439866:[PRESS ,0038]P  +4630mbar,T+19086mdegC
1592439868:[PRESS ,0038]P  +4630mbar,T+19078mdegC
1592439870:[PRESS ,0038]P  +4640mbar,T+19071mdegC
1592439872:[PRESS ,0038]P  +4650mbar,T+19062mdegC
1592439873:[PRESS ,0038]P  +4660mbar,T+19054mdegC
1592439875:[PRESS ,0038]P  +4670mbar,T+19046mdegC
1592439877:[PRESS ,0038]P  +4670mbar,T+19037mdegC
1592439879:[PRESS ,0038]P  +4680mbar,T+19030mdegC
1592439881:[PRESS ,0038]P  +4700mbar,T+19020mdegC
1592439882:[PRESS ,0038]P  +4690mbar,T+19013mdegC
1592439882:[STAGE ,0213]4690mbar reached at 1592439882s, ref 5000mbar +/-500mbar
1592439882:[BUOY  ,0087]from +4mbar/s to +0mbar/s
1592439882:[BUOY  ,0089]need to transfer +26mL (pump during 31664ms)
1592439891:[PUMP  ,0016]pump during 31664ms
1592439946:[PRESS ,0038]P  +4900mbar,T+18769mdegC
1592439948:[PRESS ,0038]P  +4910mbar,T+18762mdegC
1592439950:[PRESS ,0038]P  +4900mbar,T+18755mdegC
1592439952:[PRESS ,0038]P  +4920mbar,T+18750mdegC
1592439953:[PRESS ,0038]P  +4910mbar,T+18743mdegC
1592439955:[PRESS ,0038]P  +4920mbar,T+18736mdegC
1592439957:[PRESS ,0038]P  +4930mbar,T+18730mdegC
1592439959:[PRESS ,0038]P  +4920mbar,T+18722mdegC
1592439961:[PRESS ,0038]P  +4940mbar,T+18715mdegC
1592439963:[PRESS ,0038]P  +4940mbar,T+18709mdegC
1592439964:[PRESS ,0038]P  +4950mbar,T+18702mdegC
1592439966:[PRESS ,0038]P  +4940mbar,T+18693mdegC
1592439968:[PRESS ,0038]P  +4950mbar,T+18687mdegC
1592439970:[PRESS ,0038]P  +4960mbar,T+18680mdegC
1592439972:[PRESS ,0038]P  +4960mbar,T+18672mdegC
1592440032:[PRESS ,0038]P  +5120mbar,T+18416mdegC
1592440032:[BUOY  ,0087]from +3mbar/s to +0mbar/s
1592440032:[BUOY  ,0089]need to transfer +14mL (pump during 17039ms)
1592440040:[PUMP  ,0016]pump during 17039ms
1592440096:[PRESS ,0038]P  +5270mbar,T+18185mdegC
1592440098:[PRESS ,0038]P  +5270mbar,T+18180mdegC
1592440100:[PRESS ,0038]P  +5280mbar,T+18174mdegC
1592440102:[PRESS ,0038]P  +5270mbar,T+18168mdegC
1592440103:[PRESS ,0038]P  +5290mbar,T+18161mdegC
1592440105:[PRESS ,0038]P  +5280mbar,T+18155mdegC
1592440107:[PRESS ,0038]P  +5280mbar,T+18148mdegC
1592440109:[PRESS ,0038]P  +5290mbar,T+18141mdegC
1592440111:[PRESS ,0038]P  +5280mbar,T+18135mdegC
1592440112:[PRESS ,0038]P  +5290mbar,T+18129mdegC
1592440114:[PRESS ,0038]P  +5290mbar,T+18122mdegC
1592440116:[PRESS ,0038]P  +5290mbar,T+18115mdegC
1592440118:[PRESS ,0038]P  +5290mbar,T+18108mdegC
1592440120:[PRESS ,0038]P  +5290mbar,T+18102mdegC
1592440121:[PRESS ,0038]P  +5290mbar,T+18095mdegC
1592440121:[BUOY  ,0087]from +1mbar/s to +0mbar/s
1592440121:[BUOY  ,0089]need to transfer +2mL (pump during 2434ms)
1592440130:[PUMP  ,0016]pump during 2434ms
1592440185:[PRESS ,0038]P  +5350mbar,T+17878mdegC
1592440187:[PRESS ,0038]P  +5350mbar,T+17871mdegC
1592440189:[PRESS ,0038]P  +5350mbar,T+17866mdegC
1592440191:[PRESS ,0038]P  +5360mbar,T+17860mdegC
1592440192:[PRESS ,0038]P  +5350mbar,T+17854mdegC
1592440194:[PRESS ,0038]P  +5360mbar,T+17847mdegC
1592440196:[PRESS ,0038]P  +5360mbar,T+17841mdegC
1592440198:[PRESS ,0038]P  +5370mbar,T+17835mdegC
1592440200:[PRESS ,0038]P  +5370mbar,T+17830mdegC
1592440202:[PRESS ,0038]P  +5370mbar,T+17824mdegC
1592440203:[PRESS ,0038]P  +5370mbar,T+17817mdegC
1592440205:[PRESS ,0038]P  +5370mbar,T+17812mdegC
1592440207:[PRESS ,0038]P  +5370mbar,T+17806mdegC
1592440209:[PRESS ,0038]P  +5370mbar,T+17800mdegC
1592440211:[PRESS ,0038]P  +5380mbar,T+17793mdegC
1592440211:[BUOY  ,0087]from +1mbar/s to +0mbar/s
1592440211:[BUOY  ,0089]need to transfer +2mL (pump during 2434ms)
1592440219:[PUMP  ,0016]pump during 2434ms
1592440274:[PRESS ,0038]P  +5440mbar,T+17603mdegC
1592440276:[PRESS ,0038]P  +5450mbar,T+17598mdegC
1592440278:[PRESS ,0038]P  +5430mbar,T+17593mdegC
1592440280:[PRESS ,0038]P  +5440mbar,T+17587mdegC
1592440282:[PRESS ,0038]P  +5450mbar,T+17582mdegC
1592440283:[PRESS ,0038]P  +5440mbar,T+17576mdegC
1592440285:[PRESS ,0038]P  +5440mbar,T+17571mdegC
1592440287:[PRESS ,0038]P  +5440mbar,T+17566mdegC
1592440289:[PRESS ,0038]P  +5450mbar,T+17561mdegC
1592440291:[PRESS ,0038]P  +5460mbar,T+17555mdegC
1592440292:[PRESS ,0038]P  +5460mbar,T+17551mdegC
1592440294:[PRESS ,0038]P  +5460mbar,T+17545mdegC
1592440296:[PRESS ,0038]P  +5460mbar,T+17540mdegC
1592440298:[PRESS ,0038]P  +5460mbar,T+17535mdegC
1592440300:[PRESS ,0038]P  +5460mbar,T+17530mdegC
1592440300:[BUOY  ,0087]from +1mbar/s to +0mbar/s
1592440300:[BUOY  ,0089]need to transfer +2mL (pump during 2434ms)
1592440308:[PUMP  ,0016]pump during 2434ms
1592440364:[PRESS ,0038]P  +5480mbar,T+17366mdegC
1592440365:[PRESS ,0038]P  +5480mbar,T+17362mdegC
1592440367:[PRESS ,0038]P  +5480mbar,T+17357mdegC
1592440369:[PRESS ,0038]P  +5490mbar,T+17352mdegC
1592440371:[PRESS ,0038]P  +5480mbar,T+17348mdegC
1592440373:[PRESS ,0038]P  +5480mbar,T+17343mdegC
1592440374:[PRESS ,0038]P  +5490mbar,T+17338mdegC
1592440376:[PRESS ,0038]P  +5490mbar,T+17334mdegC
1592440378:[PRESS ,0038]P  +5480mbar,T+17330mdegC
1592440380:[PRESS ,0038]P  +5490mbar,T+17325mdegC
1592440382:[PRESS ,0038]P  +5490mbar,T+17321mdegC
1592440384:[PRESS ,0038]P  +5500mbar,T+17317mdegC
1592440385:[PRESS ,0038]P  +5490mbar,T+17312mdegC
1592440387:[PRESS ,0038]P  +5490mbar,T+17307mdegC
1592440389:[PRESS ,0038]P  +5490mbar,T+17303mdegC
1592440389:[BUOY  ,0087]from +1mbar/s to +0mbar/s
1592440389:[BUOY  ,0089]need to transfer +2mL (pump during 2434ms)
1592440397:[PUMP  ,0016]pump during 2434ms
1592440453:[PRESS ,0038]P  +5520mbar,T+17166mdegC
1592440455:[PRESS ,0038]P  +5520mbar,T+17162mdegC
1592440456:[PRESS ,0038]P  +5520mbar,T+17158mdegC
1592440458:[PRESS ,0038]P  +5510mbar,T+17154mdegC
1592440460:[PRESS ,0038]P  +5520mbar,T+17150mdegC
1592440462:[PRESS ,0038]P  +5510mbar,T+17146mdegC
1592440464:[PRESS ,0038]P  +5510mbar,T+17142mdegC
1592440465:[PRESS ,0038]P  +5510mbar,T+17138mdegC
1592440467:[PRESS ,0038]P  +5500mbar,T+17136mdegC
1592440469:[PRESS ,0038]P  +5500mbar,T+17131mdegC
1592440471:[PRESS ,0038]P  +5510mbar,T+17127mdegC
1592440473:[PRESS ,0038]P  +5510mbar,T+17124mdegC
1592440474:[PRESS ,0038]P  +5510mbar,T+17120mdegC
1592440476:[PRESS ,0038]P  +5500mbar,T+17116mdegC
1592440478:[PRESS ,0038]P  +5510mbar,T+17113mdegC
1592440478:[MAIN  ,0140]stage[0] complete 1805s after mission start
1592440478:[MAIN  ,0056]stage[1]
1592440480:[MAIN  ,0024]internal pressure 81213Pa
1592440481:[PRESS ,0038]P  +5520mbar,T+17106mdegC
1592440481:[BUOY  ,0037]P  +5520mbar
1592440481:[STAGE ,0080]Stage [1] 5000mbar (+/-500mbar) 7200s (<1592445873s) 
1592440483:[PRESS ,0038]P  +5520mbar,T+17101mdegC
1592440483:<WARN>[BUOY  ,0094]stage[1] should ASCENT, stuck at 5520mbar for the #1 time
1592440483:[BUOY  ,0087]from +1mbar/s to +1mbar/s
1592440483:[BUOY  ,0089]need to transfer +14mL (pump during 17039ms)
1592440491:[PUMP  ,0016]pump during 17039ms
1592440547:[PRESS ,0038]P  +5460mbar,T+17006mdegC
1592440549:[PRESS ,0038]P  +5450mbar,T+17005mdegC
1592440551:[PRESS ,0038]P  +5460mbar,T+17002mdegC
1592440552:[PRESS ,0038]P  +5450mbar,T+16998mdegC
1592440554:[PRESS ,0038]P  +5440mbar,T+16995mdegC
1592440556:[PRESS ,0038]P  +5440mbar,T+16993mdegC
1592440558:[PRESS ,0038]P  +5440mbar,T+16990mdegC
1592440560:[PRESS ,0038]P  +5430mbar,T+16987mdegC
1592440561:[PRESS ,0038]P  +5430mbar,T+16985mdegC
1592440563:[PRESS ,0038]P  +5430mbar,T+16982mdegC
1592440565:[PRESS ,0038]P  +5420mbar,T+16979mdegC
1592440567:[PRESS ,0038]P  +5420mbar,T+16976mdegC
1592440569:[PRESS ,0038]P  +5410mbar,T+16973mdegC
1592440570:[PRESS ,0038]P  +5400mbar,T+16970mdegC
1592440572:[PRESS ,0038]P  +5400mbar,T+16967mdegC
1592440572:[STAGE ,0213]5400mbar reached at 1592440572s, ref 5000mbar +/-500mbar
1592440633:[PRESS ,0038]P  +5270mbar,T+16865mdegC
1592440694:[PRESS ,0038]P  +5160mbar,T+16764mdegC
1592440754:[PRESS ,0038]P  +5100mbar,T+16670mdegC
1592440815:[PRESS ,0038]P  +5060mbar,T+16584mdegC
1592440876:[PRESS ,0038]P  +5040mbar,T+16504mdegC
1592440936:[PRESS ,0038]P  +5000mbar,T+16428mdegC
1592440936:[BUOY  ,0087]from -1mbar/s to +0mbar/s
1592440937:[BUOY  ,0090]need to transfer -2mL (valve during 364ms)
1592440937:[VALVE ,0034]valve opening 364ms
1592440997:[PRESS ,0038]P  +4990mbar,T+16359mdegC
1592440999:[PRESS ,0038]P  +4990mbar,T+16357mdegC
1592441001:[PRESS ,0038]P  +4990mbar,T+16355mdegC
1592441003:[PRESS ,0038]P  +5000mbar,T+16353mdegC
1592441004:[PRESS ,0038]P  +4990mbar,T+16351mdegC
1592441006:[PRESS ,0038]P  +4990mbar,T+16349mdegC
1592441008:[PRESS ,0038]P  +5000mbar,T+16348mdegC
1592441010:[PRESS ,0038]P  +4990mbar,T+16345mdegC
1592441012:[PRESS ,0038]P  +4990mbar,T+16343mdegC
1592441013:[PRESS ,0038]P  +4990mbar,T+16341mdegC
1592441015:[PRESS ,0038]P  +4990mbar,T+16340mdegC
1592441017:[PRESS ,0038]P  +4990mbar,T+16337mdegC
1592441019:[PRESS ,0038]P  +4990mbar,T+16336mdegC
1592441021:[PRESS ,0038]P  +5000mbar,T+16334mdegC
1592441023:[PRESS ,0038]P  +4990mbar,T+16331mdegC
1592441083:[PRESS ,0038]P  +5010mbar,T+16268mdegC
1592441144:[PRESS ,0038]P  +5010mbar,T+16212mdegC
1592441205:[PRESS ,0038]P  +5020mbar,T+16161mdegC
1592441265:[PRESS ,0038]P  +5030mbar,T+16115mdegC
1592441326:[PRESS ,0038]P  +5050mbar,T+16074mdegC
1592441387:[PRESS ,0038]P  +5060mbar,T+16034mdegC
1592441447:[PRESS ,0038]P  +5010mbar,T+16001mdegC
1592441508:[PRESS ,0038]P  +5000mbar,T+15968mdegC
1592441569:[PRESS ,0038]P  +5000mbar,T+15939mdegC
1592441629:[PRESS ,0038]P  +5040mbar,T+15912mdegC
1592441690:[PRESS ,0038]P  +5090mbar,T+15886mdegC
1592441751:[PRESS ,0038]P  +5110mbar,T+15861mdegC
1592441811:[PRESS ,0038]P  +5130mbar,T+15838mdegC
1592441872:[PRESS ,0038]P  +5130mbar,T+15815mdegC
1592441933:[PRESS ,0038]P  +5160mbar,T+15793mdegC
1592441993:[PRESS ,0038]P  +5190mbar,T+15775mdegC
1592442054:[PRESS ,0038]P  +5200mbar,T+15757mdegC
1592442115:[PRESS ,0038]P  +5220mbar,T+15739mdegC
1592442176:[PRESS ,0038]P  +5200mbar,T+15723mdegC
1592442236:[PRESS ,0038]P  +5190mbar,T+15705mdegC
1592442297:[PRESS ,0038]P  +5220mbar,T+15687mdegC
1592442358:[PRESS ,0038]P  +5210mbar,T+15668mdegC
1592442418:[PRESS ,0038]P  +5240mbar,T+15647mdegC
1592442479:[PRESS ,0038]P  +5290mbar,T+15627mdegC
1592442540:[PRESS ,0038]P  +5320mbar,T+15609mdegC
1592442600:[PRESS ,0038]P  +5330mbar,T+15592mdegC
1592442661:[PRESS ,0038]P  +5330mbar,T+15575mdegC
1592442722:[PRESS ,0038]P  +5320mbar,T+15562mdegC
1592442782:[PRESS ,0038]P  +5320mbar,T+15548mdegC
1592442843:[PRESS ,0038]P  +5330mbar,T+15537mdegC
1592442904:[PRESS ,0038]P  +5340mbar,T+15526mdegC
1592442964:[PRESS ,0038]P  +5340mbar,T+15515mdegC
1592443025:[PRESS ,0038]P  +5310mbar,T+15505mdegC
1592443086:[PRESS ,0038]P  +5300mbar,T+15493mdegC
1592443146:[PRESS ,0038]P  +5300mbar,T+15484mdegC
1592443207:[PRESS ,0038]P  +5300mbar,T+15474mdegC
1592443268:[PRESS ,0038]P  +5310mbar,T+15465mdegC
1592443329:[PRESS ,0038]P  +5320mbar,T+15457mdegC
1592443389:[PRESS ,0038]P  +5360mbar,T+15447mdegC
1592443450:[PRESS ,0038]P  +5390mbar,T+15439mdegC
1592443511:[PRESS ,0038]P  +5410mbar,T+15431mdegC
1592443571:[PRESS ,0038]P  +5420mbar,T+15422mdegC
1592443632:[PRESS ,0038]P  +5440mbar,T+15414mdegC
1592443693:[PRESS ,0038]P  +5400mbar,T+15405mdegC
1592443753:[PRESS ,0038]P  +5370mbar,T+15399mdegC
1592443814:[PRESS ,0038]P  +5350mbar,T+15391mdegC
1592443875:[PRESS ,0038]P  +5330mbar,T+15385mdegC
1592443935:[PRESS ,0038]P  +5320mbar,T+15378mdegC
1592443996:[PRESS ,0038]P  +5350mbar,T+15371mdegC
1592444057:[PRESS ,0038]P  +5360mbar,T+15365mdegC
1592444117:[PRESS ,0038]P  +5380mbar,T+15357mdegC
1592444178:[PRESS ,0038]P  +5400mbar,T+15352mdegC
1592444239:[PRESS ,0038]P  +5410mbar,T+15344mdegC
1592444299:[PRESS ,0038]P  +5430mbar,T+15338mdegC
1592444360:[PRESS ,0038]P  +5460mbar,T+15332mdegC
1592444421:[PRESS ,0038]P  +5480mbar,T+15326mdegC
1592444481:[PRESS ,0038]P  +5500mbar,T+15320mdegC
1592444482:<WARN>[BUOY  ,0094]stage[1] should ASCENT, stuck at 5500mbar for the #2 time
1592444482:[BUOY  ,0087]from +2mbar/s to +2mbar/s
1592444482:[BUOY  ,0089]need to transfer +14mL (pump during 16895ms)
1592444490:[PUMP  ,0016]pump during 16895ms
1592444545:[PRESS ,0038]P  +5440mbar,T+15326mdegC
1592444547:[PRESS ,0038]P  +5440mbar,T+15325mdegC
1592444549:[PRESS ,0038]P  +5450mbar,T+15326mdegC
1592444551:[PRESS ,0038]P  +5440mbar,T+15327mdegC
1592444553:[PRESS ,0038]P  +5430mbar,T+15326mdegC
1592444554:[PRESS ,0038]P  +5440mbar,T+15327mdegC
1592444556:[PRESS ,0038]P  +5430mbar,T+15326mdegC
1592444558:[PRESS ,0038]P  +5430mbar,T+15327mdegC
1592444560:[PRESS ,0038]P  +5420mbar,T+15326mdegC
1592444562:[PRESS ,0038]P  +5420mbar,T+15326mdegC
1592444563:[PRESS ,0038]P  +5410mbar,T+15328mdegC
1592444565:[PRESS ,0038]P  +5420mbar,T+15327mdegC
1592444567:[PRESS ,0038]P  +5400mbar,T+15326mdegC
1592444569:[PRESS ,0038]P  +5400mbar,T+15327mdegC
1592444571:[PRESS ,0038]P  +5400mbar,T+15326mdegC
1592444631:[PRESS ,0038]P  +5270mbar,T+15321mdegC
1592444692:[PRESS ,0038]P  +5210mbar,T+15314mdegC
1592444753:[PRESS ,0038]P  +5170mbar,T+15306mdegC
1592444813:[PRESS ,0038]P  +5130mbar,T+15297mdegC
1592444874:[PRESS ,0038]P  +5040mbar,T+15292mdegC
1592444935:[PRESS ,0038]P  +4920mbar,T+15290mdegC
1592444935:[BUOY  ,0087]from -1mbar/s to +0mbar/s
1592444935:[BUOY  ,0090]need to transfer -2mL (valve during 364ms)
1592444935:[VALVE ,0034]valve opening 364ms
1592444996:[PRESS ,0038]P  +4830mbar,T+15288mdegC
1592444997:[PRESS ,0038]P  +4830mbar,T+15289mdegC
1592444999:[PRESS ,0038]P  +4830mbar,T+15288mdegC
1592445001:[PRESS ,0038]P  +4810mbar,T+15289mdegC
1592445003:[PRESS ,0038]P  +4810mbar,T+15289mdegC
1592445005:[PRESS ,0038]P  +4810mbar,T+15289mdegC
1592445006:[PRESS ,0038]P  +4820mbar,T+15289mdegC
1592445008:[PRESS ,0038]P  +4810mbar,T+15289mdegC
1592445010:[PRESS ,0038]P  +4820mbar,T+15290mdegC
1592445012:[PRESS ,0038]P  +4810mbar,T+15288mdegC
1592445014:[PRESS ,0038]P  +4810mbar,T+15289mdegC
1592445015:[PRESS ,0038]P  +4810mbar,T+15289mdegC
1592445017:[PRESS ,0038]P  +4820mbar,T+15289mdegC
1592445019:[PRESS ,0038]P  +4820mbar,T+15289mdegC
1592445021:[PRESS ,0038]P  +4810mbar,T+15289mdegC
1592445021:[BUOY  ,0087]from -1mbar/s to +0mbar/s
1592445021:[BUOY  ,0090]need to transfer -2mL (valve during 370ms)
1592445021:[VALVE ,0034]valve opening 370ms
1592445082:[PRESS ,0038]P  +4800mbar,T+15291mdegC
1592445083:[PRESS ,0038]P  +4800mbar,T+15291mdegC
1592445085:[PRESS ,0038]P  +4790mbar,T+15291mdegC
1592445087:[PRESS ,0038]P  +4800mbar,T+15291mdegC
1592445089:[PRESS ,0038]P  +4790mbar,T+15291mdegC
1592445091:[PRESS ,0038]P  +4800mbar,T+15291mdegC
1592445093:[PRESS ,0038]P  +4790mbar,T+15291mdegC
1592445094:[PRESS ,0038]P  +4800mbar,T+15291mdegC
1592445096:[PRESS ,0038]P  +4790mbar,T+15291mdegC
1592445098:[PRESS ,0038]P  +4790mbar,T+15291mdegC
1592445100:[PRESS ,0038]P  +4780mbar,T+15291mdegC
1592445102:[PRESS ,0038]P  +4790mbar,T+15291mdegC
1592445103:[PRESS ,0038]P  +4780mbar,T+15291mdegC
1592445105:[PRESS ,0038]P  +4790mbar,T+15292mdegC
1592445107:[PRESS ,0038]P  +4790mbar,T+15291mdegC
1592445107:[BUOY  ,0087]from -1mbar/s to +0mbar/s
1592445107:[BUOY  ,0090]need to transfer -2mL (valve during 370ms)
1592445107:[VALVE ,0034]valve opening 370ms
1592445168:[PRESS ,0038]P  +4790mbar,T+15295mdegC
1592445170:[PRESS ,0038]P  +4800mbar,T+15294mdegC
1592445171:[PRESS ,0038]P  +4800mbar,T+15294mdegC
1592445173:[PRESS ,0038]P  +4800mbar,T+15294mdegC
1592445175:[PRESS ,0038]P  +4800mbar,T+15294mdegC
1592445177:[PRESS ,0038]P  +4800mbar,T+15295mdegC
1592445179:[PRESS ,0038]P  +4800mbar,T+15296mdegC
1592445180:[PRESS ,0038]P  +4810mbar,T+15295mdegC
1592445182:[PRESS ,0038]P  +4800mbar,T+15296mdegC
1592445184:[PRESS ,0038]P  +4810mbar,T+15295mdegC
1592445186:[PRESS ,0038]P  +4800mbar,T+15296mdegC
1592445188:[PRESS ,0038]P  +4800mbar,T+15296mdegC
1592445189:[PRESS ,0038]P  +4810mbar,T+15296mdegC
1592445191:[PRESS ,0038]P  +4810mbar,T+15296mdegC
1592445193:[PRESS ,0038]P  +4810mbar,T+15296mdegC
1592445254:[PRESS ,0038]P  +4800mbar,T+15299mdegC
1592445314:[PRESS ,0038]P  +4810mbar,T+15304mdegC
1592445375:[PRESS ,0038]P  +4830mbar,T+15310mdegC
1592445436:[PRESS ,0038]P  +4820mbar,T+15314mdegC
1592445496:[PRESS ,0038]P  +4790mbar,T+15318mdegC
1592445557:[PRESS ,0038]P  +4760mbar,T+15323mdegC
1592445618:[PRESS ,0038]P  +4760mbar,T+15328mdegC
1592445679:[PRESS ,0038]P  +4770mbar,T+15332mdegC
1592445739:[PRESS ,0038]P  +4760mbar,T+15336mdegC
1592445800:[PRESS ,0038]P  +4760mbar,T+15340mdegC
1592445861:[PRESS ,0038]P  +4750mbar,T+15344mdegC
1592445921:[PRESS ,0038]P  +4740mbar,T+15348mdegC
1592445921:[MAIN  ,0140]stage[1] complete 7248s after mission start
1592445921:[MAIN  ,0056]stage[2]
1592445924:[MAIN  ,0024]internal pressure 80698Pa
1592445928:[SBE41 ,0282]SBE41 parameters : 
      dsreplyformat=1 (webb(0)/standard(1))
      addtimingdelays=0 (n(0)/y(1))
      outputdensity=0 (n(0)/y(1))
      echocmd=0 (n(0)/y(1))
      outputrt=0 (n(0)/y(1))
      outputpts=0 (n(0)/y(1))
      outputsn=0 (n(0)/y(1))
      outputpressure=1 (n(0)/y(1))
      pcutoff=2dbar
      tswait=0s
      pumpfastpt=1 (n(0)/y(1))
      samplerate=1 ('fast':1Hz(1)/'slow':0.5Hz(0))
      top_bin_interval=10dbar
      top_bin_size=10dbar
      top_bin_max=100dbar
      middle_bin_interval=50dbar
      middle_bin_size=50dbar
      middle_bin_max=1000dbar
      bottom_bin_interval=100dbar
      bottom_bin_size=100dbar
      includetransitionbin=0
      includenbin=0 (n(0)/y(1))
      autobinavg=0 (n(0)/y(1))
1592445929:[PRESS ,0038]P  +4750mbar,T+15349mdegC
1592445929:[BUOY  ,0037]P  +4750mbar
1592445929:[STAGE ,0091]Stage [2] surfacing 3600s (<1592449473s) SBE41
1592445931:[PRESS ,0038]P  +4740mbar,T+15349mdegC
1592445931:<WARN>[BUOY  ,0094]stage[2] should ASCENT, stuck at 4740mbar for the #1 time
1592445931:[BUOY  ,0087]from +1mbar/s to +1mbar/s
1592445931:[BUOY  ,0089]need to transfer +78mL (pump during 94203ms)
1592445939:[PUMP  ,0016]pump during 60000ms
1592446003:[PRESS ,0038]P  +4650mbar,T+15378mdegC
1592446005:[PRESS ,0038]P  +4630mbar,T+15379mdegC
1592446007:[PRESS ,0038]P  +4620mbar,T+15381mdegC
1592446009:[PRESS ,0038]P  +4610mbar,T+15384mdegC
1592446010:[PRESS ,0038]P  +4600mbar,T+15385mdegC
1592446012:[PRESS ,0038]P  +4590mbar,T+15385mdegC
1592446014:[PRESS ,0038]P  +4590mbar,T+15387mdegC
1592446016:[PRESS ,0038]P  +4590mbar,T+15389mdegC
1592446018:[PRESS ,0038]P  +4580mbar,T+15390mdegC
1592446019:[PRESS ,0038]P  +4570mbar,T+15392mdegC
1592446021:[PRESS ,0038]P  +4560mbar,T+15393mdegC
1592446023:[PRESS ,0038]P  +4560mbar,T+15395mdegC
1592446025:[PRESS ,0038]P  +4540mbar,T+15396mdegC
1592446027:[PRESS ,0038]P  +4530mbar,T+15396mdegC
1592446028:[PRESS ,0038]P  +4530mbar,T+15397mdegC
1592446028:[BUOY  ,0087]from +15397mbar/s to +15397mbar/s
1592446028:[BUOY  ,0089]need to transfer +52mL (pump during 63415ms)
1592446029:[SBE41 ,0337]Speed start detected
1592446037:[PUMP  ,0016]pump during 60000ms
1592446100:[PRESS ,0038]P  +4180mbar,T+15451mdegC
1592446102:[PRESS ,0038]P  +4160mbar,T+15455mdegC
1592446104:[PRESS ,0038]P  +4150mbar,T+15456mdegC
1592446106:[PRESS ,0038]P  +4140mbar,T+15458mdegC
1592446108:[PRESS ,0038]P  +4120mbar,T+15460mdegC
1592446109:[PRESS ,0038]P  +4110mbar,T+15461mdegC
1592446111:[PRESS ,0038]P  +4100mbar,T+15463mdegC
1592446113:[PRESS ,0038]P  +4090mbar,T+15465mdegC
1592446115:[PRESS ,0038]P  +4070mbar,T+15467mdegC
1592446117:[PRESS ,0038]P  +4070mbar,T+15468mdegC
1592446118:[PRESS ,0038]P  +4070mbar,T+15470mdegC
1592446120:[PRESS ,0038]P  +4050mbar,T+15471mdegC
1592446122:[PRESS ,0038]P  +4040mbar,T+15473mdegC
1592446124:[PRESS ,0038]P  +4030mbar,T+15474mdegC
1592446126:[PRESS ,0038]P  +4010mbar,T+15476mdegC
1592446186:[PRESS ,0038]P  +3660mbar,T+15499mdegC
1592446188:[PRESS ,0038]P  +3650mbar,T+15499mdegC
1592446190:[PRESS ,0038]P  +3640mbar,T+15500mdegC
1592446192:[PRESS ,0038]P  +3640mbar,T+15499mdegC
1592446193:[PRESS ,0038]P  +3630mbar,T+15499mdegC
1592446195:[PRESS ,0038]P  +3620mbar,T+15501mdegC
1592446197:[PRESS ,0038]P  +3610mbar,T+15501mdegC
1592446199:[PRESS ,0038]P  +3590mbar,T+15501mdegC
1592446201:[PRESS ,0038]P  +3590mbar,T+15502mdegC
1592446203:[PRESS ,0038]P  +3580mbar,T+15501mdegC
1592446204:[PRESS ,0038]P  +3570mbar,T+15502mdegC
1592446206:[PRESS ,0038]P  +3550mbar,T+15502mdegC
1592446208:[PRESS ,0038]P  +3550mbar,T+15502mdegC
1592446210:[PRESS ,0038]P  +3540mbar,T+15502mdegC
1592446212:[PRESS ,0038]P  +3530mbar,T+15502mdegC
1592446212:[BUOY  ,0087]from +15502mbar/s to +15502mbar/s
1592446212:[BUOY  ,0089]need to transfer +38mL (pump during 46341ms)
1592446220:[PUMP  ,0016]pump during 46341ms
1592446275:[PRESS ,0038]P  +3180mbar,T+15537mdegC
1592446277:[PRESS ,0038]P  +3160mbar,T+15539mdegC
1592446279:[PRESS ,0038]P  +3150mbar,T+15541mdegC
1592446281:[PRESS ,0038]P  +3150mbar,T+15543mdegC
1592446283:[PRESS ,0038]P  +3140mbar,T+15544mdegC
1592446284:[PRESS ,0038]P  +3140mbar,T+15546mdegC
1592446286:[PRESS ,0038]P  +3130mbar,T+15548mdegC
1592446288:[PRESS ,0038]P  +3130mbar,T+15550mdegC
1592446290:[PRESS ,0038]P  +3110mbar,T+15552mdegC
1592446292:[PRESS ,0038]P  +3100mbar,T+15553mdegC
1592446293:[PRESS ,0038]P  +3100mbar,T+15554mdegC
1592446295:[PRESS ,0038]P  +3080mbar,T+15556mdegC
1592446297:[PRESS ,0038]P  +3070mbar,T+15558mdegC
1592446299:[PRESS ,0038]P  +3070mbar,T+15559mdegC
1592446301:[PRESS ,0038]P  +3060mbar,T+15561mdegC
1592446301:[BUOY  ,0087]from +15561mbar/s to +15561mbar/s
1592446301:[BUOY  ,0089]need to transfer +38mL (pump during 46341ms)
1592446309:[PUMP  ,0016]pump during 46341ms
1592446365:[PRESS ,0038]P  +2760mbar,T+15631mdegC
1592446366:[PRESS ,0038]P  +2760mbar,T+15634mdegC
1592446368:[PRESS ,0038]P  +2750mbar,T+15637mdegC
1592446370:[PRESS ,0038]P  +2750mbar,T+15640mdegC
1592446372:[PRESS ,0038]P  +2750mbar,T+15643mdegC
1592446374:[PRESS ,0038]P  +2760mbar,T+15646mdegC
1592446375:[PRESS ,0038]P  +2750mbar,T+15648mdegC
1592446377:[PRESS ,0038]P  +2760mbar,T+15652mdegC
1592446379:[PRESS ,0038]P  +2750mbar,T+15655mdegC
1592446381:[PRESS ,0038]P  +2770mbar,T+15657mdegC
1592446383:[PRESS ,0038]P  +2760mbar,T+15659mdegC
1592446384:[PRESS ,0038]P  +2750mbar,T+15662mdegC
1592446386:[PRESS ,0038]P  +2750mbar,T+15665mdegC
1592446388:[PRESS ,0038]P  +2750mbar,T+15667mdegC
1592446390:[PRESS ,0038]P  +2750mbar,T+15670mdegC
1592446390:<WARN>[BUOY  ,0094]stage[2] should ASCENT, stuck at 2750mbar for the #1 time
1592446390:[BUOY  ,0087]from +1mbar/s to +1mbar/s
1592446390:[BUOY  ,0089]need to transfer +78mL (pump during 95122ms)
1592446398:[PUMP  ,0016]pump during 60000ms
1592446462:[PRESS ,0038]P  +2690mbar,T+15843mdegC
1592446464:[PRESS ,0038]P  +2670mbar,T+15848mdegC
1592446465:[PRESS ,0038]P  +2670mbar,T+15856mdegC
1592446467:[PRESS ,0038]P  +2660mbar,T+15862mdegC
1592446469:[PRESS ,0038]P  +2660mbar,T+15867mdegC
1592446471:[PRESS ,0038]P  +2660mbar,T+15874mdegC
1592446473:[PRESS ,0038]P  +2650mbar,T+15880mdegC
1592446474:[PRESS ,0038]P  +2650mbar,T+15887mdegC
1592446476:[PRESS ,0038]P  +2640mbar,T+15894mdegC
1592446478:[PRESS ,0038]P  +2630mbar,T+15901mdegC
1592446480:[PRESS ,0038]P  +2630mbar,T+15907mdegC
1592446482:[PRESS ,0038]P  +2620mbar,T+15913mdegC
1592446483:[PRESS ,0038]P  +2620mbar,T+15920mdegC
1592446485:[PRESS ,0038]P  +2610mbar,T+15927mdegC
1592446487:[PRESS ,0038]P  +2610mbar,T+15934mdegC
1592446487:[BUOY  ,0087]from +15934mbar/s to +15934mbar/s
1592446487:[BUOY  ,0089]need to transfer +64mL (pump during 78049ms)
1592446495:[PUMP  ,0016]pump during 60000ms
1592446559:[PRESS ,0038]P  +2230mbar,T+16258mdegC
1592446561:[PRESS ,0038]P  +2220mbar,T+16268mdegC
1592446563:[PRESS ,0038]P  +2210mbar,T+16276mdegC
1592446564:[PRESS ,0038]P  +2180mbar,T+16285mdegC
1592446566:[PRESS ,0038]P  +2170mbar,T+16293mdegC
1592446568:[PRESS ,0038]P  +2160mbar,T+16302mdegC
1592446570:[PRESS ,0038]P  +2150mbar,T+16310mdegC
1592446572:[PRESS ,0038]P  +2130mbar,T+16319mdegC
1592446573:[PRESS ,0038]P  +2110mbar,T+16327mdegC
1592446575:[PRESS ,0038]P  +2090mbar,T+16336mdegC
1592446577:[PRESS ,0038]P  +2080mbar,T+16345mdegC
1592446579:[PRESS ,0038]P  +2070mbar,T+16355mdegC
1592446581:[PRESS ,0038]P  +2060mbar,T+16364mdegC
1592446582:[PRESS ,0038]P  +2040mbar,T+16374mdegC
1592446584:[PRESS ,0038]P  +2020mbar,T+16384mdegC
1592446584:[BUOY  ,0087]from +16384mbar/s to +16384mbar/s
1592446584:[BUOY  ,0090]need to transfer -24mL (valve during 6955ms)
1592446584:[VALVE ,0034]valve opening 6955ms
1592446645:[PRESS ,0038]P  +1510mbar,T+16743mdegC
1592446647:[PRESS ,0038]P  +1500mbar,T+16754mdegC
1592446649:[PRESS ,0038]P  +1480mbar,T+16763mdegC
1592446650:[PRESS ,0038]P  +1490mbar,T+16773mdegC
1592446652:[PRESS ,0038]P  +1460mbar,T+16782mdegC
1592446654:[PRESS ,0038]P  +1440mbar,T+16793mdegC
1592446656:[PRESS ,0038]P  +1430mbar,T+16802mdegC
1592446658:[PRESS ,0038]P  +1420mbar,T+16812mdegC
1592446659:[PRESS ,0038]P  +1410mbar,T+16822mdegC
1592446661:[PRESS ,0038]P  +1390mbar,T+16831mdegC
1592446663:[PRESS ,0038]P  +1380mbar,T+16840mdegC
1592446665:[PRESS ,0038]P  +1370mbar,T+16850mdegC
1592446667:[PRESS ,0038]P  +1360mbar,T+16860mdegC
1592446668:[PRESS ,0038]P  +1350mbar,T+16870mdegC
1592446670:[PRESS ,0038]P  +1340mbar,T+16880mdegC
1592446731:[PRESS ,0038]P   +980mbar,T+17205mdegC
1592446733:[PRESS ,0038]P   +970mbar,T+17214mdegC
1592446735:[PRESS ,0038]P   +960mbar,T+17224mdegC
1592446736:[PRESS ,0038]P   +940mbar,T+17233mdegC
1592446738:[PRESS ,0038]P   +930mbar,T+17244mdegC
1592446740:[PRESS ,0038]P   +920mbar,T+17253mdegC
1592446742:[PRESS ,0038]P   +900mbar,T+17264mdegC
1592446744:[PRESS ,0038]P   +880mbar,T+17273mdegC
1592446745:[PRESS ,0038]P   +870mbar,T+17283mdegC
1592446747:[PRESS ,0038]P   +850mbar,T+17292mdegC
1592446749:[PRESS ,0038]P   +840mbar,T+17302mdegC
1592446751:[PRESS ,0038]P   +820mbar,T+17311mdegC
1592446753:[PRESS ,0038]P   +810mbar,T+17320mdegC
1592446754:[PRESS ,0038]P   +800mbar,T+17330mdegC
1592446756:[PRESS ,0038]P   +780mbar,T+17340mdegC
1592446756:[BUOY  ,0087]from +17340mbar/s to +17340mbar/s
1592446756:[BUOY  ,0090]need to transfer -24mL (valve during 11333ms)
1592446756:[VALVE ,0034]valve opening 11333ms
1592446817:[PRESS ,0038]P   +380mbar,T+17729mdegC
1592446819:[PRESS ,0038]P   +350mbar,T+17739mdegC
1592446821:[PRESS ,0038]P   +350mbar,T+17748mdegC
1592446822:[PRESS ,0038]P   +340mbar,T+17758mdegC
1592446824:[PRESS ,0038]P   +330mbar,T+17768mdegC
1592446826:[PRESS ,0038]P   +310mbar,T+17777mdegC
1592446828:[PRESS ,0038]P   +310mbar,T+17788mdegC
1592446830:[PRESS ,0038]P   +290mbar,T+17796mdegC
1592446832:[PRESS ,0038]P   +280mbar,T+17805mdegC
1592446833:[PRESS ,0038]P   +270mbar,T+17814mdegC
1592446835:[PRESS ,0038]P   +250mbar,T+17823mdegC
1592446837:[PRESS ,0038]P   +250mbar,T+17830mdegC
1592446839:[PRESS ,0038]P   +230mbar,T+17840mdegC
1592446841:[PRESS ,0038]P   +220mbar,T+17848mdegC
1592446842:[PRESS ,0038]P   +210mbar,T+17857mdegC
1592446842:[STAGE ,0214]210mbar (500) reached at 1592446842s, ascending from 4750mbar
1592446842:[STAGE ,0342]The float reached the surface : OK
1592446842:[MAIN  ,0140]stage[2] complete 8169s after mission start
1592446849:[SBE41 ,0343]SBE41 dump : 800 stored samples in hexa format
1592446878:[SBE41 ,0338]Dump finished
1592446878:[SBE41 ,0318]7200 bytes in 0051/5EEACBE9.S41
1592446878:[MRMAID,0188]acq already stopped
1592446938:[MSSION,0192]mission stopped, 3 stage(s) done
1592446938:[MAIN  ,0065]surfacing
1592446940:[PRESS ,0038]P   -110mbar,T+18330mdegC
1592446940:[SURFIN,0036]P   -110mbar
1592446942:[PRESS ,0038]P   -110mbar,T+18338mdegC
1592446944:[PRESS ,0038]P   -110mbar,T+18346mdegC
1592446944:[SURFIN,0020]filling external bladder
1592446952:[PUMP  ,0016]pump during 300000ms
1592447226:[SURFIN,0019]external bladder full
1592447227:[PRESS ,0038]P   +150mbar,T+19075mdegC
1592447229:[PRESS ,0038]P   +160mbar,T+19078mdegC
1592447231:[PRESS ,0038]P   +150mbar,T+19079mdegC
1592447233:[PRESS ,0038]P   +150mbar,T+19082mdegC
1592447235:[PRESS ,0038]P   +160mbar,T+19083mdegC
1592447236:[PRESS ,0038]P   +150mbar,T+19085mdegC
1592447238:[PRESS ,0038]P   +150mbar,T+19087mdegC
1592447240:[PRESS ,0038]P   +160mbar,T+19090mdegC
1592447242:[PRESS ,0038]P   +150mbar,T+19093mdegC
1592447244:[PRESS ,0038]P   +140mbar,T+19095mdegC
1592447245:[PRESS ,0038]P   +150mbar,T+19100mdegC
1592447247:[PRESS ,0038]P   +150mbar,T+19103mdegC
1592447249:[PRESS ,0038]P   +140mbar,T+19107mdegC
1592447251:[PRESS ,0038]P   +130mbar,T+19111mdegC
1592447253:[PRESS ,0038]P   +140mbar,T+19115mdegC
1592447289:[MAIN  ,0272]Vbat 14750mV (min 14465mV)
1592447291:[MAIN  ,0024]internal pressure 79612Pa
1592447291:[MAIN  ,0043]Pext 149mbar (rng 30mbar)
1592447291:[MAIN  ,0064]surface
1592447301:[SURF  ,0022]GPS fix...
1592447318:<WARN>[GPSFIX,0123]GPRMC ms=500 #1
1592447338:[SURF  ,0015]10 PPS detected...
1592447339:[MRMAID,0052]Mermaid $GPSACK:+0,+0,+0,+0,+0,+0,-274;
1592447349:[MRMAID,0052]Mermaid $GPSOFF:3686320;
1592447350:[GPSFIX,0179]-1s diff
1592447351:[SURF  ,0222]2020-06-18T02:29:11
1592447351:[SURF  ,0082]Latitude : N43deg40.940mn, Longitude :E007deg19.176mn
1592447351:[SURF  ,0223]fix3D,7satellites
1592447351:[SURF  ,0084]GPS fix GPGSA : hdop0.770,vdop0.960
1592447361:[SURF  ,0274]last almanac : 2311750
1592447374:[MRMAID,0026]1555 bytes in 0051/5EEAD186.MER
1592447379:[MAIN  ,0320]New pressure offset: 149mbar
1592447379:[LOGBIN,0078]*** switching to 0051/5EEAD193 ***
