1592499064:[MAIN  ,0007]buoy 452.020-P-0051
1592499064:[MAIN  ,0055]soft pilotage 452.012.300_V2.20-20200612
1592499064:[MAIN  ,0010]cycle 20
1592499064:[SURF  ,0225]surface2
1592499077:[SURF  ,0022]GPS fix...
1592499097:[SURF  ,0015]10 PPS detected...
1592499098:[MRMAID,0052]Mermaid $GPSACK:+0,+0,+0,+0,+0,+0,-30;
1592499108:[MRMAID,0052]Mermaid $GPSOFF:3686320;
1592499110:[GPSFIX,0179]+0s diff
1592499110:[SURF  ,0222]2020-06-18T16:51:50
1592499110:[SURF  ,0082]Latitude : N43deg40.948mn, Longitude :E007deg19.180mn
1592499110:[SURF  ,0223]fix3D,8satellites
1592499110:[SURF  ,0084]GPS fix GPGSA : hdop1.390,vdop2.120
1592499120:[SURF  ,0025]Iridium...
1592499130:[SBE41 ,0339]newoffset=0.53db received after -57s
1592499156:[SURF  ,0009]connected in 36s, signal quality 5
1592499223:[SURF  ,0218]prompt received, remote cmd end
1592499223:[SURF  ,0012]16 cmd(s) received
1592499243:[UPLOAD,0248]Upload data files...
1592499500:[SURF  ,0014]disconnected after 380s
1592499505:[SURFIN,0020]filling external bladder
1592499513:[PUMP  ,0016]pump during 300000ms
1592499558:[SURFIN,0019]external bladder full
1592499558:[SURF  ,0069]transfer interrupted , retry
1592499572:[SURF  ,0022]GPS fix...
1592499593:[SURF  ,0015]10 PPS detected...
1592499594:[MRMAID,0052]Mermaid $GPSACK:+0,+0,+0,+0,+0,+0,-30;
1592499604:[MRMAID,0052]Mermaid $GPSOFF:3686320;
1592499606:[GPSFIX,0179]+0s diff
1592499606:[SURF  ,0222]2020-06-18T17:00:06
1592499606:[SURF  ,0082]Latitude : N43deg40.947mn, Longitude :E007deg19.181mn
1592499606:[SURF  ,0223]fix3D,8satellites
1592499606:[SURF  ,0084]GPS fix GPGSA : hdop0.920,vdop1.290
1592499616:[SURF  ,0025]Iridium...
1592499660:[SURF  ,0009]connected in 44s, signal quality 5
1592499728:[SURF  ,0218]prompt received, remote cmd end
1592499728:[SURF  ,0012]16 cmd(s) received
1592499751:[UPLOAD,0248]Upload data files...
1592499792:[UPLOAD,0231]"0051/5EEB950A.S41" uploaded at 114bytes/s
1592499805:[UPLOAD,0231]"0051/5EEB9B6A.MER" uploaded at 140bytes/s
1592499906:[ZIO   ,0239]25 consecutive 'a' received, aborting
1592499927:[SURF  ,0014]disconnected after 311s
1592499932:[SURFIN,0020]filling external bladder
1592499940:[PUMP  ,0016]pump during 300000ms
1592499952:[SURFIN,0019]external bladder full
1592499952:[SURF  ,0069]transfer interrupted , retry
1592499965:[SURF  ,0022]GPS fix...
1592499985:[SURF  ,0015]10 PPS detected...
1592499986:[MRMAID,0052]Mermaid $GPSACK:+0,+0,+0,+0,+0,+1,-999969;
1592499996:[MRMAID,0052]Mermaid $GPSOFF:3686319;
1592499997:[GPSFIX,0179]-1s diff
1592499998:[SURF  ,0222]2020-06-18T17:06:38
1592499998:[SURF  ,0082]Latitude : N43deg40.948mn, Longitude :E007deg19.181mn
1592499998:[SURF  ,0223]fix3D,8satellites
1592499998:[SURF  ,0084]GPS fix GPGSA : hdop0.910,vdop1.220
1592500008:[SURF  ,0025]Iridium...
1592500049:[SURF  ,0009]connected in 41s, signal quality 4
1592500077:[SURF  ,0218]prompt received, remote cmd end
1592500077:[SURF  ,0012]0 cmd(s) received
1592500093:[UPLOAD,0248]Upload data files...
1592500133:<ERR>[UPLOAD,0131]opening upload
1592500133:<ERR>[UPLOAD,0132]opening upload "0051"
1592500149:[SURF  ,0014]disconnected after 141s
1592500154:[SURFIN,0020]filling external bladder
1592500162:[PUMP  ,0016]pump during 300000ms
1592500179:[SURFIN,0019]external bladder full
1592500179:[SURF  ,0069]transfer interrupted , retry
1592500196:[SURF  ,0022]GPS fix...
1592500217:[SURF  ,0015]10 PPS detected...
1592500218:[MRMAID,0052]Mermaid $GPSACK:+0,+0,+0,+0,+0,+0,-30;
1592500228:[MRMAID,0052]Mermaid $GPSOFF:3686319;
1592500228:[GPSFIX,0179]-1s diff
1592500229:[SURF  ,0222]2020-06-18T17:10:29
1592500229:[SURF  ,0082]Latitude : N43deg40.947mn, Longitude :E007deg19.181mn
1592500229:[SURF  ,0223]fix3D,8satellites
1592500229:[SURF  ,0084]GPS fix GPGSA : hdop0.920,vdop1.250
1592500239:[SURF  ,0025]Iridium...
1592500278:[SURF  ,0009]connected in 39s, signal quality 5
1592500354:[SURF  ,0218]prompt received, remote cmd end
1592500354:[SURF  ,0012]16 cmd(s) received
1592500375:[UPLOAD,0248]Upload data files...
1592500676:[UPLOAD,0231]"0051/5EEB710F.BIN" uploaded at 76bytes/s
1592500692:[MAIN  ,0013]1 file(s) uploaded
1592500728:[SURF  ,0014]disconnected after 489s
1592500733:[SURFIN,0020]filling external bladder
1592500741:[PUMP  ,0016]pump during 300000ms
1592500752:[SURFIN,0019]external bladder full
1592500752:[SURF  ,0227]1st complete transfer
1592500752:[SURF  ,0226]Go dive (Minimum surface delay expired and no more file to upload)
1592500764:[SURF  ,0022]GPS fix...
1592500784:[SURF  ,0015]10 PPS detected...
1592500785:[MRMAID,0052]Mermaid $GPSACK:+0,+0,+0,+0,+0,+0,-30;
1592500795:[MRMAID,0052]Mermaid $GPSOFF:3686319;
1592500796:[GPSFIX,0179]-1s diff
1592500797:[SURF  ,0222]2020-06-18T17:19:57
1592500797:[SURF  ,0082]Latitude : N43deg40.946mn, Longitude :E007deg19.181mn
1592500797:[SURF  ,0223]fix3D,8satellites
1592500797:[SURF  ,0084]GPS fix GPGSA : hdop0.960,vdop1.300
1592500814:[MAIN  ,0024]internal pressure 79990Pa
1592500815:[BYCMD ,0107]    FreeRTOS V8.2.3
1592500815:[BYCMD ,0108]    FatFS v11a
1592500815:[BYCMD ,0120]    bypass 10000ms 110000ms (20000ms 60000ms stored)
1592500815:[BYCMD ,0121]    valve 60000ms 12750 (60000ms 12750 stored)
1592500815:[BYCMD ,0122]    pump 60000ms 30% 10750 80% (60000ms 30% 10750 80% stored)
1592500815:[BYCMD ,0123]    rate 2mbar/s (2mbar/s stored)
1592500815:[BYCMD ,0124]    surface 500mbar (500mbar stored)
1592500815:[BYCMD ,0125]    near 500mbar 3mbar/s (15000mbar 3mbar/s stored)
1592500815:[BYCMD ,0126]    far 1500mbar 4mbar/s (25000mbar 4mbar/s stored)
1592500815:[BYCMD ,0127]    ascent 8mbar/s (8mbar/s stored)
1592500815:[BYCMD ,0128]    dead 60s (300s stored)
1592500815:[BYCMD ,0129]    coeff 16/10 (16/10 stored)
1592500815:[BYCMD ,0130]    stab 10 (10 stored)
1592500815:[BYCMD ,0131]    delay 900s 3600s (900s 3600s stored)
1592500815:[BYCMD ,0132]    mmtime 2880min (2880min stored)
1592500815:[BYCMD ,0133]    dv_landing 100ml (100ml stored)
1592500815:[MKDCMD,0150]    p2t37: 15x2000ms, offset 118mbar
1592500815:[P2TCMD,0151]    p2t37: dp -1mbar, dt 1000000mdegC
1592500816:[STAGE ,0080]Stage [0] 5000mbar (+/-500mbar) 1800s (<1800s) 
1592500816:[STAGE ,0080]Stage [1] 5000mbar (+/-500mbar) 7200s (<7200s) 
1592500816:[STAGE ,0091]Stage [2] surfacing 3600s (<10800s) SBE41
1592500816:[SBE41 ,0282]SBE41 parameters : 
      dsreplyformat=1 (webb(0)/standard(1))
      addtimingdelays=0 (n(0)/y(1))
      outputdensity=0 (n(0)/y(1))
      echocmd=0 (n(0)/y(1))
      outputrt=0 (n(0)/y(1))
      outputpts=0 (n(0)/y(1))
      outputsn=0 (n(0)/y(1))
      outputpressure=1 (n(0)/y(1))
      pcutoff=2dbar
      tswait=0s
      pumpfastpt=1 (n(0)/y(1))
      samplerate=1 ('fast':1Hz(1)/'slow':0.5Hz(0))
      top_bin_interval=10dbar
      top_bin_size=10dbar
      top_bin_max=100dbar
      middle_bin_interval=50dbar
      middle_bin_size=50dbar
      middle_bin_max=1000dbar
      bottom_bin_interval=100dbar
      bottom_bin_size=100dbar
      includetransitionbin=0
      includenbin=0 (n(0)/y(1))
      autobinavg=0 (n(0)/y(1))
1592500816:[SBE41 ,0283]SBE41 pilot policy : 
      continiousprofile=0 (n(0)/y(1)
      speeddetection=1 (n(0)/y(1)
      hexoutput=1 (n(0)/y(1)
      binaverageoutput=0 (n(0)/y(1)
      manualprofilerate=10s
      runningpumpbeforeprofile=10s
      speedstart=2mbar/s
      speedcontrol=7mbar/s
1592500816:[MAIN  ,0070]turn off bluetooth
1592500818:[PRESS ,0038]P    +12mbar,T+21322mdegC
1592500820:[PRESS ,0038]P    +12mbar,T+21320mdegC
1592500822:[PRESS ,0038]P    +22mbar,T+21321mdegC
1592500824:[PRESS ,0038]P    +22mbar,T+21322mdegC
1592500826:[PRESS ,0038]P    +12mbar,T+21321mdegC
1592500828:[PRESS ,0038]P    +32mbar,T+21322mdegC
1592500829:[PRESS ,0038]P    +32mbar,T+21322mdegC
1592500831:[PRESS ,0038]P    +32mbar,T+21322mdegC
1592500833:[PRESS ,0038]P    +22mbar,T+21321mdegC
1592500835:[PRESS ,0038]P    +12mbar,T+21322mdegC
1592500837:[PRESS ,0038]P    +22mbar,T+21320mdegC
1592500838:[PRESS ,0038]P    +22mbar,T+21319mdegC
1592500840:[PRESS ,0038]P    +22mbar,T+21320mdegC
1592500842:[PRESS ,0038]P    +32mbar,T+21321mdegC
1592500844:[PRESS ,0038]P    +32mbar,T+21322mdegC
1592500844:[DIVING,0141]diving from 32mbar, +0mbar/s
1592500844:[BYPASS,0035]bypass opening 110000ms
1592500965:[PRESS ,0038]P    -78mbar,T+21455mdegC
1592500967:[PRESS ,0038]P    -78mbar,T+21455mdegC
1592500969:[PRESS ,0038]P    -68mbar,T+21457mdegC
1592500971:[PRESS ,0038]P    -48mbar,T+21459mdegC
1592500973:[PRESS ,0038]P    -58mbar,T+21460mdegC
1592500974:[PRESS ,0038]P    -48mbar,T+21462mdegC
1592500976:[PRESS ,0038]P    -48mbar,T+21462mdegC
1592500978:[PRESS ,0038]P    -58mbar,T+21464mdegC
1592500980:[PRESS ,0038]P    -58mbar,T+21465mdegC
1592500982:[PRESS ,0038]P    -58mbar,T+21465mdegC
1592500983:[PRESS ,0038]P    -58mbar,T+21466mdegC
1592500985:[PRESS ,0038]P    -68mbar,T+21466mdegC
1592500987:[PRESS ,0038]P    -68mbar,T+21469mdegC
1592500989:[PRESS ,0038]P    -78mbar,T+21470mdegC
1592500991:[PRESS ,0038]P    -68mbar,T+21472mdegC
1592500991:[BYPASS,0035]bypass opening 10000ms
1592501012:[PRESS ,0038]P    -58mbar,T+21487mdegC
1592501014:[PRESS ,0038]P    -48mbar,T+21489mdegC
1592501016:[PRESS ,0038]P    -58mbar,T+21490mdegC
1592501018:[PRESS ,0038]P    -48mbar,T+21492mdegC
1592501020:[PRESS ,0038]P    -48mbar,T+21493mdegC
1592501022:[PRESS ,0038]P    -58mbar,T+21495mdegC
1592501023:[PRESS ,0038]P    -48mbar,T+21497mdegC
1592501025:[PRESS ,0038]P    -58mbar,T+21498mdegC
1592501027:[PRESS ,0038]P    -78mbar,T+21498mdegC
1592501029:[PRESS ,0038]P    -88mbar,T+21499mdegC
1592501031:[PRESS ,0038]P    -68mbar,T+21500mdegC
1592501032:[PRESS ,0038]P    -68mbar,T+21502mdegC
1592501034:[PRESS ,0038]P    -58mbar,T+21502mdegC
1592501036:[PRESS ,0038]P    -58mbar,T+21503mdegC
1592501038:[PRESS ,0038]P    -58mbar,T+21505mdegC
1592501038:[BYPASS,0035]bypass opening 10000ms
1592501060:[PRESS ,0038]P    -18mbar,T+21517mdegC
1592501061:[PRESS ,0038]P    -18mbar,T+21519mdegC
1592501063:[PRESS ,0038]P     -8mbar,T+21520mdegC
1592501065:[PRESS ,0038]P     -8mbar,T+21522mdegC
1592501067:[PRESS ,0038]P    +12mbar,T+21522mdegC
1592501069:[PRESS ,0038]P     +2mbar,T+21524mdegC
1592501070:[PRESS ,0038]P    +12mbar,T+21526mdegC
1592501072:[PRESS ,0038]P    +12mbar,T+21526mdegC
1592501074:[PRESS ,0038]P    +22mbar,T+21527mdegC
1592501076:[PRESS ,0038]P    +22mbar,T+21528mdegC
1592501078:[PRESS ,0038]P    +32mbar,T+21529mdegC
1592501079:[PRESS ,0038]P    +52mbar,T+21529mdegC
1592501081:[PRESS ,0038]P    +62mbar,T+21530mdegC
1592501083:[PRESS ,0038]P    +72mbar,T+21531mdegC
1592501085:[PRESS ,0038]P    +72mbar,T+21532mdegC
1592501088:[PRESS ,0038]P    +82mbar,T+21533mdegC
1592501090:[PRESS ,0038]P    +82mbar,T+21535mdegC
1592501093:[PRESS ,0038]P    +92mbar,T+21535mdegC
1592501096:[PRESS ,0038]P    +92mbar,T+21536mdegC
1592501099:[PRESS ,0038]P   +102mbar,T+21537mdegC
1592501102:[PRESS ,0038]P   +112mbar,T+21537mdegC
1592501104:[PRESS ,0038]P   +112mbar,T+21538mdegC
1592501107:[PRESS ,0038]P   +122mbar,T+21540mdegC
1592501110:[PRESS ,0038]P   +152mbar,T+21542mdegC
1592501113:[PRESS ,0038]P   +162mbar,T+21544mdegC
1592501116:[PRESS ,0038]P   +162mbar,T+21545mdegC
1592501119:[PRESS ,0038]P   +182mbar,T+21547mdegC
1592501121:[PRESS ,0038]P   +182mbar,T+21549mdegC
1592501124:[PRESS ,0038]P   +202mbar,T+21548mdegC
1592501127:[PRESS ,0038]P   +202mbar,T+21549mdegC
1592501130:[PRESS ,0038]P   +202mbar,T+21548mdegC
1592501133:[PRESS ,0038]P   +222mbar,T+21549mdegC
1592501135:[PRESS ,0038]P   +222mbar,T+21550mdegC
1592501138:[PRESS ,0038]P   +222mbar,T+21551mdegC
1592501141:[PRESS ,0038]P   +222mbar,T+21552mdegC
1592501144:[PRESS ,0038]P   +232mbar,T+21554mdegC
1592501147:[PRESS ,0038]P   +222mbar,T+21555mdegC
1592501149:[PRESS ,0038]P   +232mbar,T+21557mdegC
1592501152:[PRESS ,0038]P   +232mbar,T+21558mdegC
1592501155:[PRESS ,0038]P   +252mbar,T+21558mdegC
1592501158:[PRESS ,0038]P   +272mbar,T+21561mdegC
1592501161:[PRESS ,0038]P   +262mbar,T+21562mdegC
1592501163:[PRESS ,0038]P   +262mbar,T+21563mdegC
1592501166:[PRESS ,0038]P   +282mbar,T+21564mdegC
1592501169:[PRESS ,0038]P   +292mbar,T+21565mdegC
1592501172:[PRESS ,0038]P   +302mbar,T+21566mdegC
1592501175:[PRESS ,0038]P   +312mbar,T+21565mdegC
1592501177:[PRESS ,0038]P   +332mbar,T+21564mdegC
1592501180:[PRESS ,0038]P   +362mbar,T+21564mdegC
1592501183:[PRESS ,0038]P   +372mbar,T+21565mdegC
1592501186:[PRESS ,0038]P   +382mbar,T+21566mdegC
1592501189:[PRESS ,0038]P   +382mbar,T+21567mdegC
1592501191:[PRESS ,0038]P   +392mbar,T+21568mdegC
1592501194:[PRESS ,0038]P   +402mbar,T+21570mdegC
1592501197:[PRESS ,0038]P   +402mbar,T+21571mdegC
1592501200:[PRESS ,0038]P   +392mbar,T+21572mdegC
1592501203:[PRESS ,0038]P   +392mbar,T+21574mdegC
1592501205:[PRESS ,0038]P   +392mbar,T+21573mdegC
1592501208:[PRESS ,0038]P   +392mbar,T+21576mdegC
1592501211:[PRESS ,0038]P   +402mbar,T+21574mdegC
1592501214:[PRESS ,0038]P   +392mbar,T+21575mdegC
1592501217:[PRESS ,0038]P   +382mbar,T+21576mdegC
1592501217:[BYPASS,0035]bypass opening 10000ms
1592501238:[PRESS ,0038]P   +352mbar,T+21574mdegC
1592501240:[PRESS ,0038]P   +352mbar,T+21571mdegC
1592501242:[PRESS ,0038]P   +342mbar,T+21569mdegC
1592501244:[PRESS ,0038]P   +332mbar,T+21568mdegC
1592501246:[PRESS ,0038]P   +332mbar,T+21568mdegC
1592501247:[PRESS ,0038]P   +342mbar,T+21569mdegC
1592501249:[PRESS ,0038]P   +342mbar,T+21571mdegC
1592501251:[PRESS ,0038]P   +352mbar,T+21574mdegC
1592501253:[PRESS ,0038]P   +362mbar,T+21576mdegC
1592501255:[PRESS ,0038]P   +362mbar,T+21577mdegC
1592501257:[PRESS ,0038]P   +362mbar,T+21579mdegC
1592501258:[PRESS ,0038]P   +362mbar,T+21581mdegC
1592501260:[PRESS ,0038]P   +372mbar,T+21581mdegC
1592501262:[PRESS ,0038]P   +372mbar,T+21582mdegC
1592501264:[PRESS ,0038]P   +372mbar,T+21583mdegC
1592501264:[BYPASS,0035]bypass opening 10000ms
1592501286:[PRESS ,0038]P   +462mbar,T+21585mdegC
1592501287:[PRESS ,0038]P   +462mbar,T+21584mdegC
1592501289:[PRESS ,0038]P   +482mbar,T+21584mdegC
1592501291:[PRESS ,0038]P   +492mbar,T+21585mdegC
1592501293:[PRESS ,0038]P   +492mbar,T+21585mdegC
1592501295:[PRESS ,0038]P   +512mbar,T+21586mdegC
1592501296:[PRESS ,0038]P   +512mbar,T+21588mdegC
1592501298:[PRESS ,0038]P   +522mbar,T+21588mdegC
1592501300:[PRESS ,0038]P   +542mbar,T+21588mdegC
1592501302:[PRESS ,0038]P   +552mbar,T+21589mdegC
1592501304:[PRESS ,0038]P   +572mbar,T+21589mdegC
1592501305:[PRESS ,0038]P   +572mbar,T+21591mdegC
1592501307:[PRESS ,0038]P   +582mbar,T+21591mdegC
1592501309:[PRESS ,0038]P   +582mbar,T+21591mdegC
1592501311:[PRESS ,0038]P   +602mbar,T+21592mdegC
1592501313:[PRESS ,0038]P   +602mbar,T+21593mdegC
1592501313:[DIVING,0028]602mbar reached (+6mbar/s), 5 bypass done
1592501313:[MAIN  ,0056]stage[0]
1592501315:[MAIN  ,0024]internal pressure 81654Pa
1592501316:[PRESS ,0038]P   +612mbar,T+21594mdegC
1592501316:[BUOY  ,0037]P   +612mbar
1592501316:[STAGE ,0080]Stage [0] 5000mbar (+/-500mbar) 1800s (<1592503113s) 
1592501318:[PRESS ,0038]P   +622mbar,T+21595mdegC
1592501379:[PRESS ,0038]P   +802mbar,T+21605mdegC
1592501381:[PRESS ,0038]P   +812mbar,T+21606mdegC
1592501382:[PRESS ,0038]P   +802mbar,T+21606mdegC
1592501384:[PRESS ,0038]P   +802mbar,T+21605mdegC
1592501386:[PRESS ,0038]P   +802mbar,T+21604mdegC
1592501388:[PRESS ,0038]P   +802mbar,T+21604mdegC
1592501390:[PRESS ,0038]P   +802mbar,T+21604mdegC
1592501391:[PRESS ,0038]P   +812mbar,T+21604mdegC
1592501393:[PRESS ,0038]P   +812mbar,T+21605mdegC
1592501395:[PRESS ,0038]P   +812mbar,T+21605mdegC
1592501397:[PRESS ,0038]P   +812mbar,T+21606mdegC
1592501399:[PRESS ,0038]P   +802mbar,T+21606mdegC
1592501400:[PRESS ,0038]P   +792mbar,T+21607mdegC
1592501402:[PRESS ,0038]P   +792mbar,T+21607mdegC
1592501404:[PRESS ,0038]P   +792mbar,T+21607mdegC
1592501404:<WARN>[BUOY  ,0094]stage[0] should DESCENT, stuck at 792mbar for the #1 time
1592501404:[BUOY  ,0087]from +0mbar/s to +4mbar/s
1592501404:[BUOY  ,0090]need to transfer -26mL (valve during 11839ms)
1592501404:[VALVE ,0034]valve opening 11839ms
1592501465:[PRESS ,0038]P   +932mbar,T+21619mdegC
1592501467:[PRESS ,0038]P   +922mbar,T+21620mdegC
1592501469:[PRESS ,0038]P   +932mbar,T+21619mdegC
1592501470:[PRESS ,0038]P   +932mbar,T+21621mdegC
1592501472:[PRESS ,0038]P   +942mbar,T+21620mdegC
1592501474:[PRESS ,0038]P   +952mbar,T+21619mdegC
1592501476:[PRESS ,0038]P   +952mbar,T+21618mdegC
1592501478:[PRESS ,0038]P   +972mbar,T+21618mdegC
1592501479:[PRESS ,0038]P   +972mbar,T+21618mdegC
1592501481:[PRESS ,0038]P   +972mbar,T+21618mdegC
1592501483:[PRESS ,0038]P   +972mbar,T+21619mdegC
1592501485:[PRESS ,0038]P   +982mbar,T+21621mdegC
1592501487:[PRESS ,0038]P   +992mbar,T+21621mdegC
1592501488:[PRESS ,0038]P   +992mbar,T+21621mdegC
1592501490:[PRESS ,0038]P   +992mbar,T+21621mdegC
1592501551:[PRESS ,0038]P  +1162mbar,T+21627mdegC
1592501553:[PRESS ,0038]P  +1152mbar,T+21628mdegC
1592501554:[PRESS ,0038]P  +1162mbar,T+21628mdegC
1592501556:[PRESS ,0038]P  +1162mbar,T+21630mdegC
1592501558:[PRESS ,0038]P  +1162mbar,T+21629mdegC
1592501560:[PRESS ,0038]P  +1182mbar,T+21630mdegC
1592501562:[PRESS ,0038]P  +1192mbar,T+21629mdegC
1592501564:[PRESS ,0038]P  +1182mbar,T+21629mdegC
1592501565:[PRESS ,0038]P  +1182mbar,T+21630mdegC
1592501567:[PRESS ,0038]P  +1182mbar,T+21629mdegC
1592501569:[PRESS ,0038]P  +1182mbar,T+21630mdegC
1592501571:[PRESS ,0038]P  +1202mbar,T+21630mdegC
1592501573:[PRESS ,0038]P  +1202mbar,T+21630mdegC
1592501574:[PRESS ,0038]P  +1212mbar,T+21630mdegC
1592501576:[PRESS ,0038]P  +1212mbar,T+21630mdegC
1592501576:[BUOY  ,0087]from +2mbar/s to +4mbar/s
1592501576:[BUOY  ,0090]need to transfer -20mL (valve during 7500ms)
1592501576:[VALVE ,0034]valve opening 7500ms
1592501637:[PRESS ,0038]P  +1482mbar,T+21640mdegC
1592501639:[PRESS ,0038]P  +1482mbar,T+21641mdegC
1592501641:[PRESS ,0038]P  +1492mbar,T+21640mdegC
1592501642:[PRESS ,0038]P  +1502mbar,T+21641mdegC
1592501644:[PRESS ,0038]P  +1502mbar,T+21640mdegC
1592501646:[PRESS ,0038]P  +1502mbar,T+21640mdegC
1592501648:[PRESS ,0038]P  +1512mbar,T+21640mdegC
1592501650:[PRESS ,0038]P  +1512mbar,T+21640mdegC
1592501651:[PRESS ,0038]P  +1522mbar,T+21641mdegC
1592501653:[PRESS ,0038]P  +1522mbar,T+21640mdegC
1592501655:[PRESS ,0038]P  +1542mbar,T+21640mdegC
1592501657:[PRESS ,0038]P  +1552mbar,T+21641mdegC
1592501659:[PRESS ,0038]P  +1552mbar,T+21641mdegC
1592501660:[PRESS ,0038]P  +1562mbar,T+21641mdegC
1592501662:[PRESS ,0038]P  +1582mbar,T+21641mdegC
1592501723:[PRESS ,0038]P  +1772mbar,T+21644mdegC
1592501725:[PRESS ,0038]P  +1782mbar,T+21645mdegC
1592501727:[PRESS ,0038]P  +1792mbar,T+21645mdegC
1592501728:[PRESS ,0038]P  +1792mbar,T+21647mdegC
1592501730:[PRESS ,0038]P  +1792mbar,T+21647mdegC
1592501732:[PRESS ,0038]P  +1812mbar,T+21647mdegC
1592501734:[PRESS ,0038]P  +1812mbar,T+21647mdegC
1592501736:[PRESS ,0038]P  +1812mbar,T+21647mdegC
1592501737:[PRESS ,0038]P  +1812mbar,T+21647mdegC
1592501739:[PRESS ,0038]P  +1822mbar,T+21647mdegC
1592501741:[PRESS ,0038]P  +1832mbar,T+21647mdegC
1592501743:[PRESS ,0038]P  +1832mbar,T+21647mdegC
1592501745:[PRESS ,0038]P  +1852mbar,T+21647mdegC
1592501746:[PRESS ,0038]P  +1852mbar,T+21647mdegC
1592501748:[PRESS ,0038]P  +1842mbar,T+21647mdegC
1592501809:[PRESS ,0038]P  +2102mbar,T+21651mdegC
1592501811:[PRESS ,0038]P  +2102mbar,T+21652mdegC
1592501813:[PRESS ,0038]P  +2122mbar,T+21651mdegC
1592501814:[PRESS ,0038]P  +2132mbar,T+21650mdegC
1592501816:[PRESS ,0038]P  +2132mbar,T+21652mdegC
1592501818:[PRESS ,0038]P  +2142mbar,T+21650mdegC
1592501820:[PRESS ,0038]P  +2152mbar,T+21651mdegC
1592501822:[PRESS ,0038]P  +2152mbar,T+21650mdegC
1592501823:[PRESS ,0038]P  +2162mbar,T+21650mdegC
1592501825:[PRESS ,0038]P  +2172mbar,T+21650mdegC
1592501827:[PRESS ,0038]P  +2172mbar,T+21650mdegC
1592501829:[PRESS ,0038]P  +2182mbar,T+21650mdegC
1592501831:[PRESS ,0038]P  +2182mbar,T+21650mdegC
1592501832:[PRESS ,0038]P  +2202mbar,T+21650mdegC
1592501834:[PRESS ,0038]P  +2202mbar,T+21651mdegC
1592501895:[PRESS ,0038]P  +2442mbar,T+21653mdegC
1592501897:[PRESS ,0038]P  +2442mbar,T+21653mdegC
1592501898:[PRESS ,0038]P  +2452mbar,T+21653mdegC
1592501900:[PRESS ,0038]P  +2462mbar,T+21654mdegC
1592501902:[PRESS ,0038]P  +2472mbar,T+21653mdegC
1592501904:[PRESS ,0038]P  +2482mbar,T+21652mdegC
1592501906:[PRESS ,0038]P  +2492mbar,T+21652mdegC
1592501908:[PRESS ,0038]P  +2502mbar,T+21653mdegC
1592501909:[PRESS ,0038]P  +2522mbar,T+21653mdegC
1592501911:[PRESS ,0038]P  +2522mbar,T+21653mdegC
1592501913:[PRESS ,0038]P  +2542mbar,T+21653mdegC
1592501915:[PRESS ,0038]P  +2552mbar,T+21652mdegC
1592501917:[PRESS ,0038]P  +2572mbar,T+21652mdegC
1592501918:[PRESS ,0038]P  +2572mbar,T+21653mdegC
1592501920:[PRESS ,0038]P  +2592mbar,T+21652mdegC
1592501981:[PRESS ,0038]P  +2962mbar,T+21643mdegC
1592501983:[PRESS ,0038]P  +2982mbar,T+21642mdegC
1592501984:[PRESS ,0038]P  +2992mbar,T+21642mdegC
1592501986:[PRESS ,0038]P  +3012mbar,T+21641mdegC
1592501988:[PRESS ,0038]P  +3022mbar,T+21641mdegC
1592501990:[PRESS ,0038]P  +3032mbar,T+21640mdegC
1592501992:[PRESS ,0038]P  +3032mbar,T+21639mdegC
1592501993:[PRESS ,0038]P  +3042mbar,T+21638mdegC
1592501995:[PRESS ,0038]P  +3052mbar,T+21637mdegC
1592501997:[PRESS ,0038]P  +3062mbar,T+21636mdegC
1592501999:[PRESS ,0038]P  +3062mbar,T+21634mdegC
1592502001:[PRESS ,0038]P  +3072mbar,T+21634mdegC
1592502003:[PRESS ,0038]P  +3082mbar,T+21632mdegC
1592502004:[PRESS ,0038]P  +3082mbar,T+21631mdegC
1592502006:[PRESS ,0038]P  +3082mbar,T+21630mdegC
1592502067:[PRESS ,0038]P  +3122mbar,T+21554mdegC
1592502069:[PRESS ,0038]P  +3122mbar,T+21551mdegC
1592502070:[PRESS ,0038]P  +3132mbar,T+21548mdegC
1592502072:[PRESS ,0038]P  +3132mbar,T+21545mdegC
1592502074:[PRESS ,0038]P  +3132mbar,T+21542mdegC
1592502076:[PRESS ,0038]P  +3132mbar,T+21538mdegC
1592502078:[PRESS ,0038]P  +3142mbar,T+21535mdegC
1592502079:[PRESS ,0038]P  +3142mbar,T+21532mdegC
1592502081:[PRESS ,0038]P  +3132mbar,T+21528mdegC
1592502083:[PRESS ,0038]P  +3142mbar,T+21525mdegC
1592502085:[PRESS ,0038]P  +3132mbar,T+21520mdegC
1592502087:[PRESS ,0038]P  +3132mbar,T+21517mdegC
1592502088:[PRESS ,0038]P  +3132mbar,T+21512mdegC
1592502090:[PRESS ,0038]P  +3132mbar,T+21509mdegC
1592502092:[PRESS ,0038]P  +3122mbar,T+21505mdegC
1592502092:<WARN>[BUOY  ,0094]stage[0] should DESCENT, stuck at 3122mbar for the #1 time
1592502092:[BUOY  ,0087]from +0mbar/s to +4mbar/s
1592502092:[BUOY  ,0090]need to transfer -26mL (valve during 6027ms)
1592502092:[VALVE ,0034]valve opening 6027ms
1592502153:[PRESS ,0038]P  +3152mbar,T+21339mdegC
1592502155:[PRESS ,0038]P  +3152mbar,T+21334mdegC
1592502157:[PRESS ,0038]P  +3142mbar,T+21328mdegC
1592502158:[PRESS ,0038]P  +3142mbar,T+21323mdegC
1592502160:[PRESS ,0038]P  +3142mbar,T+21317mdegC
1592502162:[PRESS ,0038]P  +3142mbar,T+21312mdegC
1592502164:[PRESS ,0038]P  +3152mbar,T+21306mdegC
1592502166:[PRESS ,0038]P  +3152mbar,T+21301mdegC
1592502167:[PRESS ,0038]P  +3142mbar,T+21294mdegC
1592502169:[PRESS ,0038]P  +3132mbar,T+21289mdegC
1592502171:[PRESS ,0038]P  +3152mbar,T+21283mdegC
1592502173:[PRESS ,0038]P  +3132mbar,T+21278mdegC
1592502175:[PRESS ,0038]P  +3142mbar,T+21272mdegC
1592502176:[PRESS ,0038]P  +3142mbar,T+21266mdegC
1592502178:[PRESS ,0038]P  +3142mbar,T+21260mdegC
1592502178:<WARN>[BUOY  ,0094]stage[0] should DESCENT, stuck at 3142mbar for the #2 time
1592502178:[BUOY  ,0087]from +0mbar/s to +4mbar/s
1592502178:[BUOY  ,0090]need to transfer -26mL (valve during 5920ms)
1592502178:[VALVE ,0034]valve opening 5920ms
1592502239:[PRESS ,0038]P  +3262mbar,T+21030mdegC
1592502241:[PRESS ,0038]P  +3272mbar,T+21023mdegC
1592502243:[PRESS ,0038]P  +3282mbar,T+21016mdegC
1592502244:[PRESS ,0038]P  +3292mbar,T+21008mdegC
1592502246:[PRESS ,0038]P  +3292mbar,T+21002mdegC
1592502248:[PRESS ,0038]P  +3292mbar,T+20995mdegC
1592502250:[PRESS ,0038]P  +3302mbar,T+20988mdegC
1592502252:[PRESS ,0038]P  +3302mbar,T+20981mdegC
1592502254:[PRESS ,0038]P  +3302mbar,T+20974mdegC
1592502255:[PRESS ,0038]P  +3302mbar,T+20966mdegC
1592502257:[PRESS ,0038]P  +3322mbar,T+20959mdegC
1592502259:[PRESS ,0038]P  +3332mbar,T+20952mdegC
1592502261:[PRESS ,0038]P  +3332mbar,T+20944mdegC
1592502263:[PRESS ,0038]P  +3342mbar,T+20938mdegC
1592502264:[PRESS ,0038]P  +3332mbar,T+20931mdegC
1592502325:[PRESS ,0038]P  +3352mbar,T+20677mdegC
1592502327:[PRESS ,0038]P  +3362mbar,T+20671mdegC
1592502329:[PRESS ,0038]P  +3362mbar,T+20663mdegC
1592502330:[PRESS ,0038]P  +3362mbar,T+20655mdegC
1592502332:[PRESS ,0038]P  +3352mbar,T+20647mdegC
1592502334:[PRESS ,0038]P  +3352mbar,T+20639mdegC
1592502336:[PRESS ,0038]P  +3352mbar,T+20630mdegC
1592502338:[PRESS ,0038]P  +3342mbar,T+20623mdegC
1592502339:[PRESS ,0038]P  +3352mbar,T+20615mdegC
1592502341:[PRESS ,0038]P  +3352mbar,T+20607mdegC
1592502343:[PRESS ,0038]P  +3342mbar,T+20599mdegC
1592502345:[PRESS ,0038]P  +3342mbar,T+20591mdegC
1592502347:[PRESS ,0038]P  +3342mbar,T+20584mdegC
1592502349:[PRESS ,0038]P  +3342mbar,T+20575mdegC
1592502350:[PRESS ,0038]P  +3352mbar,T+20566mdegC
1592502350:<WARN>[BUOY  ,0094]stage[0] should DESCENT, stuck at 3352mbar for the #1 time
1592502350:[BUOY  ,0087]from -1mbar/s to +4mbar/s
1592502350:[BUOY  ,0090]need to transfer -28mL (valve during 6263ms)
1592502350:[VALVE ,0034]valve opening 6263ms
1592502411:[PRESS ,0038]P  +3442mbar,T+20266mdegC
1592502413:[PRESS ,0038]P  +3442mbar,T+20258mdegC
1592502415:[PRESS ,0038]P  +3432mbar,T+20250mdegC
1592502417:[PRESS ,0038]P  +3432mbar,T+20241mdegC
1592502418:[PRESS ,0038]P  +3422mbar,T+20231mdegC
1592502420:[PRESS ,0038]P  +3432mbar,T+20222mdegC
1592502422:[PRESS ,0038]P  +3432mbar,T+20212mdegC
1592502424:[PRESS ,0038]P  +3432mbar,T+20205mdegC
1592502426:[PRESS ,0038]P  +3422mbar,T+20196mdegC
1592502427:[PRESS ,0038]P  +3422mbar,T+20187mdegC
1592502429:[PRESS ,0038]P  +3422mbar,T+20178mdegC
1592502431:[PRESS ,0038]P  +3422mbar,T+20169mdegC
1592502433:[PRESS ,0038]P  +3432mbar,T+20160mdegC
1592502435:[PRESS ,0038]P  +3422mbar,T+20150mdegC
1592502436:[PRESS ,0038]P  +3422mbar,T+20141mdegC
1592502436:<WARN>[BUOY  ,0094]stage[0] should DESCENT, stuck at 3422mbar for the #2 time
1592502436:[BUOY  ,0087]from -1mbar/s to +4mbar/s
1592502437:[BUOY  ,0090]need to transfer -28mL (valve during 6155ms)
1592502437:[VALVE ,0034]valve opening 6155ms
1592502497:[PRESS ,0038]P  +3482mbar,T+19832mdegC
1592502499:[PRESS ,0038]P  +3482mbar,T+19823mdegC
1592502501:[PRESS ,0038]P  +3472mbar,T+19814mdegC
1592502503:[PRESS ,0038]P  +3482mbar,T+19807mdegC
1592502504:[PRESS ,0038]P  +3482mbar,T+19797mdegC
1592502506:[PRESS ,0038]P  +3482mbar,T+19788mdegC
1592502508:[PRESS ,0038]P  +3492mbar,T+19779mdegC
1592502510:[PRESS ,0038]P  +3482mbar,T+19770mdegC
1592502512:[PRESS ,0038]P  +3492mbar,T+19762mdegC
1592502514:[PRESS ,0038]P  +3482mbar,T+19754mdegC
1592502515:[PRESS ,0038]P  +3492mbar,T+19745mdegC
1592502517:[PRESS ,0038]P  +3492mbar,T+19737mdegC
1592502519:[PRESS ,0038]P  +3492mbar,T+19727mdegC
1592502521:[PRESS ,0038]P  +3502mbar,T+19719mdegC
1592502523:[PRESS ,0038]P  +3492mbar,T+19711mdegC
1592502523:[BUOY  ,0087]from +1mbar/s to +4mbar/s
1592502523:[BUOY  ,0090]need to transfer -24mL (valve during 5186ms)
1592502523:[VALVE ,0034]valve opening 5186ms
1592502583:[PRESS ,0038]P  +3642mbar,T+19430mdegC
1592502585:[PRESS ,0038]P  +3652mbar,T+19422mdegC
1592502587:[PRESS ,0038]P  +3662mbar,T+19414mdegC
1592502589:[PRESS ,0038]P  +3652mbar,T+19407mdegC
1592502591:[PRESS ,0038]P  +3662mbar,T+19400mdegC
1592502592:[PRESS ,0038]P  +3662mbar,T+19393mdegC
1592502594:[PRESS ,0038]P  +3672mbar,T+19384mdegC
1592502596:[PRESS ,0038]P  +3672mbar,T+19377mdegC
1592502598:[PRESS ,0038]P  +3682mbar,T+19369mdegC
1592502600:[PRESS ,0038]P  +3682mbar,T+19362mdegC
1592502601:[PRESS ,0038]P  +3702mbar,T+19355mdegC
1592502603:[PRESS ,0038]P  +3712mbar,T+19347mdegC
1592502605:[PRESS ,0038]P  +3702mbar,T+19340mdegC
1592502607:[PRESS ,0038]P  +3712mbar,T+19332mdegC
1592502609:[PRESS ,0038]P  +3722mbar,T+19325mdegC
1592502669:[PRESS ,0038]P  +4022mbar,T+19083mdegC
1592502671:[PRESS ,0038]P  +4022mbar,T+19077mdegC
1592502673:[PRESS ,0038]P  +4022mbar,T+19071mdegC
1592502675:[PRESS ,0038]P  +4022mbar,T+19064mdegC
1592502677:[PRESS ,0038]P  +4032mbar,T+19057mdegC
1592502678:[PRESS ,0038]P  +4032mbar,T+19050mdegC
1592502680:[PRESS ,0038]P  +4042mbar,T+19043mdegC
1592502682:[PRESS ,0038]P  +4042mbar,T+19035mdegC
1592502684:[PRESS ,0038]P  +4042mbar,T+19030mdegC
1592502686:[PRESS ,0038]P  +4042mbar,T+19022mdegC
1592502687:[PRESS ,0038]P  +4042mbar,T+19016mdegC
1592502689:[PRESS ,0038]P  +4042mbar,T+19009mdegC
1592502691:[PRESS ,0038]P  +4052mbar,T+19001mdegC
1592502693:[PRESS ,0038]P  +4042mbar,T+18994mdegC
1592502695:[PRESS ,0038]P  +4052mbar,T+18987mdegC
1592502695:[BUOY  ,0087]from +1mbar/s to +3mbar/s
1592502695:[BUOY  ,0090]need to transfer -12mL (valve during 2429ms)
1592502695:[VALVE ,0034]valve opening 2429ms
1592502755:[PRESS ,0038]P  +4142mbar,T+18760mdegC
1592502757:[PRESS ,0038]P  +4152mbar,T+18753mdegC
1592502759:[PRESS ,0038]P  +4152mbar,T+18746mdegC
1592502761:[PRESS ,0038]P  +4152mbar,T+18739mdegC
1592502763:[PRESS ,0038]P  +4142mbar,T+18732mdegC
1592502764:[PRESS ,0038]P  +4142mbar,T+18726mdegC
1592502766:[PRESS ,0038]P  +4152mbar,T+18718mdegC
1592502768:[PRESS ,0038]P  +4152mbar,T+18712mdegC
1592502770:[PRESS ,0038]P  +4162mbar,T+18706mdegC
1592502772:[PRESS ,0038]P  +4162mbar,T+18699mdegC
1592502773:[PRESS ,0038]P  +4152mbar,T+18691mdegC
1592502775:[PRESS ,0038]P  +4162mbar,T+18684mdegC
1592502777:[PRESS ,0038]P  +4162mbar,T+18677mdegC
1592502779:[PRESS ,0038]P  +4172mbar,T+18671mdegC
1592502781:[PRESS ,0038]P  +4162mbar,T+18663mdegC
1592502781:[BUOY  ,0087]from +1mbar/s to +3mbar/s
1592502781:[BUOY  ,0090]need to transfer -12mL (valve during 2391ms)
1592502781:[VALVE ,0034]valve opening 2391ms
1592502841:[PRESS ,0038]P  +4302mbar,T+18428mdegC
1592502843:[PRESS ,0038]P  +4312mbar,T+18421mdegC
1592502845:[PRESS ,0038]P  +4312mbar,T+18414mdegC
1592502847:[PRESS ,0038]P  +4312mbar,T+18407mdegC
1592502849:[PRESS ,0038]P  +4312mbar,T+18399mdegC
1592502851:[PRESS ,0038]P  +4322mbar,T+18393mdegC
1592502852:[PRESS ,0038]P  +4322mbar,T+18386mdegC
1592502854:[PRESS ,0038]P  +4302mbar,T+18379mdegC
1592502856:[PRESS ,0038]P  +4322mbar,T+18371mdegC
1592502858:[PRESS ,0038]P  +4312mbar,T+18364mdegC
1592502860:[PRESS ,0038]P  +4302mbar,T+18357mdegC
1592502861:[PRESS ,0038]P  +4322mbar,T+18350mdegC
1592502863:[PRESS ,0038]P  +4322mbar,T+18344mdegC
1592502865:[PRESS ,0038]P  +4322mbar,T+18337mdegC
1592502867:[PRESS ,0038]P  +4332mbar,T+18330mdegC
1592502867:[BUOY  ,0087]from +1mbar/s to +3mbar/s
1592502867:[BUOY  ,0090]need to transfer -12mL (valve during 2354ms)
1592502867:[VALVE ,0034]valve opening 2354ms
1592502928:[PRESS ,0038]P  +4482mbar,T+18104mdegC
1592502929:[PRESS ,0038]P  +4502mbar,T+18097mdegC
1592502931:[PRESS ,0038]P  +4492mbar,T+18090mdegC
1592502933:[PRESS ,0038]P  +4502mbar,T+18084mdegC
1592502935:[PRESS ,0038]P  +4502mbar,T+18079mdegC
1592502937:[PRESS ,0038]P  +4512mbar,T+18072mdegC
1592502938:[PRESS ,0038]P  +4512mbar,T+18065mdegC
1592502940:[PRESS ,0038]P  +4532mbar,T+18059mdegC
1592502942:[PRESS ,0038]P  +4532mbar,T+18052mdegC
1592502944:[PRESS ,0038]P  +4542mbar,T+18046mdegC
1592502946:[PRESS ,0038]P  +4552mbar,T+18040mdegC
1592502947:[PRESS ,0038]P  +4552mbar,T+18033mdegC
1592502949:[PRESS ,0038]P  +4562mbar,T+18027mdegC
1592502951:[PRESS ,0038]P  +4562mbar,T+18022mdegC
1592502953:[PRESS ,0038]P  +4572mbar,T+18015mdegC
1592502953:[STAGE ,0213]4572mbar reached at 1592502953s, ref 5000mbar +/-500mbar
1592502953:[BUOY  ,0087]from +3mbar/s to +0mbar/s
1592502953:[BUOY  ,0089]need to transfer +14mL (pump during 17042ms)
1592502961:[PUMP  ,0016]pump during 17042ms
1592503017:[PRESS ,0038]P  +4842mbar,T+17836mdegC
1592503019:[PRESS ,0038]P  +4852mbar,T+17831mdegC
1592503020:[PRESS ,0038]P  +4862mbar,T+17827mdegC
1592503022:[PRESS ,0038]P  +4882mbar,T+17822mdegC
1592503024:[PRESS ,0038]P  +4882mbar,T+17817mdegC
1592503026:[PRESS ,0038]P  +4892mbar,T+17813mdegC
1592503028:[PRESS ,0038]P  +4892mbar,T+17808mdegC
1592503029:[PRESS ,0038]P  +4912mbar,T+17801mdegC
1592503031:[PRESS ,0038]P  +4922mbar,T+17797mdegC
1592503033:[PRESS ,0038]P  +4932mbar,T+17792mdegC
1592503035:[PRESS ,0038]P  +4942mbar,T+17786mdegC
1592503037:[PRESS ,0038]P  +4942mbar,T+17781mdegC
1592503038:[PRESS ,0038]P  +4952mbar,T+17776mdegC
1592503040:[PRESS ,0038]P  +4972mbar,T+17771mdegC
1592503042:[PRESS ,0038]P  +4972mbar,T+17765mdegC
1592503042:[BUOY  ,0087]from +5mbar/s to +0mbar/s
1592503042:[BUOY  ,0089]need to transfer +40mL (pump during 48721ms)
1592503050:[PUMP  ,0016]pump during 48721ms
1592503106:[PRESS ,0038]P  +5192mbar,T+17638mdegC
1592503108:[PRESS ,0038]P  +5182mbar,T+17635mdegC
1592503110:[PRESS ,0038]P  +5192mbar,T+17634mdegC
1592503111:[PRESS ,0038]P  +5222mbar,T+17631mdegC
1592503113:[PRESS ,0038]P  +5212mbar,T+17628mdegC
1592503115:[PRESS ,0038]P  +5222mbar,T+17626mdegC
1592503117:[PRESS ,0038]P  +5232mbar,T+17624mdegC
1592503119:[PRESS ,0038]P  +5242mbar,T+17623mdegC
1592503120:[PRESS ,0038]P  +5252mbar,T+17620mdegC
1592503122:[PRESS ,0038]P  +5252mbar,T+17617mdegC
1592503124:[PRESS ,0038]P  +5272mbar,T+17614mdegC
1592503126:[PRESS ,0038]P  +5272mbar,T+17611mdegC
1592503128:[PRESS ,0038]P  +5272mbar,T+17607mdegC
1592503129:[PRESS ,0038]P  +5282mbar,T+17605mdegC
1592503131:[PRESS ,0038]P  +5272mbar,T+17602mdegC
1592503131:[MAIN  ,0140]stage[0] complete 1818s after mission start
1592503131:[MAIN  ,0056]stage[1]
1592503134:[MAIN  ,0024]internal pressure 81678Pa
1592503134:[PRESS ,0038]P  +5272mbar,T+17596mdegC
1592503134:[BUOY  ,0037]P  +5272mbar
1592503134:[STAGE ,0080]Stage [1] 5000mbar (+/-500mbar) 7200s (<1592508513s) 
1592503136:[PRESS ,0038]P  +5282mbar,T+17593mdegC
1592503136:[STAGE ,0213]5282mbar reached at 1592503136s, ref 5000mbar +/-500mbar
1592503136:[BUOY  ,0087]from +3mbar/s to +0mbar/s
1592503136:[BUOY  ,0089]need to transfer +14mL (pump during 17042ms)
1592503144:[PUMP  ,0016]pump during 17042ms
1592503200:[PRESS ,0038]P  +5372mbar,T+17466mdegC
1592503202:[PRESS ,0038]P  +5382mbar,T+17462mdegC
1592503204:[PRESS ,0038]P  +5382mbar,T+17457mdegC
1592503206:[PRESS ,0038]P  +5382mbar,T+17452mdegC
1592503207:[PRESS ,0038]P  +5392mbar,T+17448mdegC
1592503209:[PRESS ,0038]P  +5382mbar,T+17443mdegC
1592503211:[PRESS ,0038]P  +5372mbar,T+17440mdegC
1592503213:[PRESS ,0038]P  +5382mbar,T+17436mdegC
1592503215:[PRESS ,0038]P  +5372mbar,T+17431mdegC
1592503216:[PRESS ,0038]P  +5382mbar,T+17427mdegC
1592503218:[PRESS ,0038]P  +5382mbar,T+17422mdegC
1592503220:[PRESS ,0038]P  +5382mbar,T+17417mdegC
1592503222:[PRESS ,0038]P  +5382mbar,T+17413mdegC
1592503224:[PRESS ,0038]P  +5382mbar,T+17407mdegC
1592503225:[PRESS ,0038]P  +5382mbar,T+17403mdegC
1592503286:[PRESS ,0038]P  +5492mbar,T+17233mdegC
1592503286:[BUOY  ,0087]from +1mbar/s to +0mbar/s
1592503286:[BUOY  ,0089]need to transfer +2mL (pump during 2448ms)
1592503294:[PUMP  ,0016]pump during 2448ms
1592503350:[PRESS ,0038]P  +5632mbar,T+17075mdegC
1592503352:[PRESS ,0038]P  +5622mbar,T+17071mdegC
1592503354:[PRESS ,0038]P  +5642mbar,T+17066mdegC
1592503355:[PRESS ,0038]P  +5642mbar,T+17061mdegC
1592503357:[PRESS ,0038]P  +5642mbar,T+17057mdegC
1592503359:[PRESS ,0038]P  +5642mbar,T+17052mdegC
1592503361:[PRESS ,0038]P  +5662mbar,T+17048mdegC
1592503363:[PRESS ,0038]P  +5662mbar,T+17044mdegC
1592503364:[PRESS ,0038]P  +5672mbar,T+17039mdegC
1592503366:[PRESS ,0038]P  +5672mbar,T+17035mdegC
1592503368:[PRESS ,0038]P  +5682mbar,T+17030mdegC
1592503370:[PRESS ,0038]P  +5692mbar,T+17025mdegC
1592503372:[PRESS ,0038]P  +5692mbar,T+17020mdegC
1592503373:[PRESS ,0038]P  +5702mbar,T+17017mdegC
1592503375:[PRESS ,0038]P  +5702mbar,T+17013mdegC
1592503375:<WARN>[BUOY  ,0094]stage[1] should ASCENT, stuck at 5702mbar for the #1 time
1592503375:[BUOY  ,0087]from +3mbar/s to -3mbar/s
1592503375:[BUOY  ,0089]need to transfer +28mL (pump during 34272ms)
1592503383:[PUMP  ,0016]pump during 34272ms
1592503439:[PRESS ,0038]P  +5882mbar,T+16918mdegC
1592503441:[PRESS ,0038]P  +5882mbar,T+16915mdegC
1592503443:[PRESS ,0038]P  +5892mbar,T+16913mdegC
1592503445:[PRESS ,0038]P  +5882mbar,T+16911mdegC
1592503446:[PRESS ,0038]P  +5882mbar,T+16908mdegC
1592503448:[PRESS ,0038]P  +5882mbar,T+16907mdegC
1592503450:[PRESS ,0038]P  +5872mbar,T+16905mdegC
1592503452:[PRESS ,0038]P  +5882mbar,T+16902mdegC
1592503454:[PRESS ,0038]P  +5862mbar,T+16899mdegC
1592503455:[PRESS ,0038]P  +5852mbar,T+16895mdegC
1592503457:[PRESS ,0038]P  +5862mbar,T+16894mdegC
1592503459:[PRESS ,0038]P  +5862mbar,T+16890mdegC
1592503461:[PRESS ,0038]P  +5842mbar,T+16888mdegC
1592503463:[PRESS ,0038]P  +5852mbar,T+16885mdegC
1592503464:[PRESS ,0038]P  +5852mbar,T+16882mdegC
1592503525:[PRESS ,0038]P  +5842mbar,T+16757mdegC
1592503527:[PRESS ,0038]P  +5832mbar,T+16754mdegC
1592503529:[PRESS ,0038]P  +5842mbar,T+16750mdegC
1592503531:[PRESS ,0038]P  +5832mbar,T+16746mdegC
1592503532:[PRESS ,0038]P  +5842mbar,T+16742mdegC
1592503534:[PRESS ,0038]P  +5842mbar,T+16737mdegC
1592503536:[PRESS ,0038]P  +5852mbar,T+16734mdegC
1592503538:[PRESS ,0038]P  +5862mbar,T+16729mdegC
1592503540:[PRESS ,0038]P  +5862mbar,T+16724mdegC
1592503541:[PRESS ,0038]P  +5862mbar,T+16720mdegC
1592503543:[PRESS ,0038]P  +5872mbar,T+16717mdegC
1592503545:[PRESS ,0038]P  +5872mbar,T+16713mdegC
1592503547:[PRESS ,0038]P  +5862mbar,T+16709mdegC
1592503549:[PRESS ,0038]P  +5882mbar,T+16705mdegC
1592503550:[PRESS ,0038]P  +5872mbar,T+16701mdegC
1592503550:<WARN>[BUOY  ,0094]stage[1] should ASCENT, stuck at 5872mbar for the #1 time
1592503551:[BUOY  ,0087]from +2mbar/s to -3mbar/s
1592503551:[BUOY  ,0089]need to transfer +20mL (pump during 24480ms)
1592503559:[PUMP  ,0016]pump during 24480ms
1592503614:[PRESS ,0038]P  +6032mbar,T+16617mdegC
1592503616:[PRESS ,0038]P  +6032mbar,T+16616mdegC
1592503618:[PRESS ,0038]P  +6032mbar,T+16614mdegC
1592503620:[PRESS ,0038]P  +6032mbar,T+16612mdegC
1592503622:[PRESS ,0038]P  +6042mbar,T+16610mdegC
1592503623:[PRESS ,0038]P  +6032mbar,T+16607mdegC
1592503625:[PRESS ,0038]P  +6042mbar,T+16606mdegC
1592503627:[PRESS ,0038]P  +6052mbar,T+16603mdegC
1592503629:[PRESS ,0038]P  +6062mbar,T+16601mdegC
1592503631:[PRESS ,0038]P  +6062mbar,T+16597mdegC
1592503632:[PRESS ,0038]P  +6062mbar,T+16594mdegC
1592503634:[PRESS ,0038]P  +6082mbar,T+16592mdegC
1592503636:[PRESS ,0038]P  +6082mbar,T+16589mdegC
1592503638:[PRESS ,0038]P  +6082mbar,T+16586mdegC
1592503640:[PRESS ,0038]P  +6092mbar,T+16584mdegC
1592503640:<WARN>[BUOY  ,0094]stage[1] should ASCENT, stuck at 6092mbar for the #2 time
1592503640:[BUOY  ,0087]from +3mbar/s to -3mbar/s
1592503640:[BUOY  ,0089]need to transfer +28mL (pump during 34272ms)
1592503648:[PUMP  ,0016]pump during 34272ms
1592503704:[PRESS ,0038]P  +6362mbar,T+16529mdegC
1592503705:[PRESS ,0038]P  +6362mbar,T+16528mdegC
1592503707:[PRESS ,0038]P  +6362mbar,T+16526mdegC
1592503709:[PRESS ,0038]P  +6372mbar,T+16526mdegC
1592503711:[PRESS ,0038]P  +6382mbar,T+16524mdegC
1592503713:[PRESS ,0038]P  +6372mbar,T+16523mdegC
1592503714:[PRESS ,0038]P  +6392mbar,T+16522mdegC
1592503716:[PRESS ,0038]P  +6392mbar,T+16521mdegC
1592503718:[PRESS ,0038]P  +6402mbar,T+16519mdegC
1592503720:[PRESS ,0038]P  +6412mbar,T+16517mdegC
1592503722:[PRESS ,0038]P  +6412mbar,T+16514mdegC
1592503723:[PRESS ,0038]P  +6412mbar,T+16513mdegC
1592503725:[PRESS ,0038]P  +6422mbar,T+16511mdegC
1592503727:[PRESS ,0038]P  +6422mbar,T+16508mdegC
1592503729:[PRESS ,0038]P  +6442mbar,T+16506mdegC
1592503729:<WARN>[BUOY  ,0094]stage[1] should ASCENT, stuck at 6442mbar for the #3 time
1592503729:[BUOY  ,0087]from +3mbar/s to -3mbar/s
1592503729:[BUOY  ,0089]need to transfer +28mL (pump during 34272ms)
1592503737:[PUMP  ,0016]pump during 34272ms
1592503793:[PRESS ,0038]P  +6512mbar,T+16459mdegC
1592503795:[PRESS ,0038]P  +6522mbar,T+16457mdegC
1592503796:[PRESS ,0038]P  +6522mbar,T+16456mdegC
1592503798:[PRESS ,0038]P  +6522mbar,T+16454mdegC
1592503800:[PRESS ,0038]P  +6512mbar,T+16454mdegC
1592503802:[PRESS ,0038]P  +6512mbar,T+16453mdegC
1592503804:[PRESS ,0038]P  +6512mbar,T+16450mdegC
1592503805:[PRESS ,0038]P  +6512mbar,T+16448mdegC
1592503807:[PRESS ,0038]P  +6512mbar,T+16446mdegC
1592503809:[PRESS ,0038]P  +6512mbar,T+16444mdegC
1592503811:[PRESS ,0038]P  +6502mbar,T+16442mdegC
1592503813:[PRESS ,0038]P  +6502mbar,T+16441mdegC
1592503814:[PRESS ,0038]P  +6502mbar,T+16439mdegC
1592503816:[PRESS ,0038]P  +6512mbar,T+16436mdegC
1592503818:[PRESS ,0038]P  +6502mbar,T+16435mdegC
1592503818:[BUOY  ,0087]from -1mbar/s to -4mbar/s
1592503818:[BUOY  ,0089]need to transfer +24mL (pump during 29525ms)
1592503826:[PUMP  ,0016]pump during 29525ms
1592503882:[PRESS ,0038]P  +6402mbar,T+16383mdegC
1592503884:[PRESS ,0038]P  +6392mbar,T+16381mdegC
1592503886:[PRESS ,0038]P  +6382mbar,T+16380mdegC
1592503887:[PRESS ,0038]P  +6392mbar,T+16378mdegC
1592503889:[PRESS ,0038]P  +6392mbar,T+16376mdegC
1592503891:[PRESS ,0038]P  +6382mbar,T+16375mdegC
1592503893:[PRESS ,0038]P  +6362mbar,T+16373mdegC
1592503895:[PRESS ,0038]P  +6362mbar,T+16371mdegC
1592503896:[PRESS ,0038]P  +6352mbar,T+16370mdegC
1592503898:[PRESS ,0038]P  +6362mbar,T+16367mdegC
1592503900:[PRESS ,0038]P  +6342mbar,T+16365mdegC
1592503902:[PRESS ,0038]P  +6332mbar,T+16363mdegC
1592503904:[PRESS ,0038]P  +6322mbar,T+16361mdegC
1592503905:[PRESS ,0038]P  +6322mbar,T+16358mdegC
1592503907:[PRESS ,0038]P  +6322mbar,T+16355mdegC
1592503968:[PRESS ,0038]P  +6252mbar,T+16251mdegC
1592503970:[PRESS ,0038]P  +6242mbar,T+16248mdegC
1592503972:[PRESS ,0038]P  +6242mbar,T+16245mdegC
1592503973:[PRESS ,0038]P  +6242mbar,T+16242mdegC
1592503975:[PRESS ,0038]P  +6232mbar,T+16239mdegC
1592503977:[PRESS ,0038]P  +6232mbar,T+16235mdegC
1592503979:[PRESS ,0038]P  +6232mbar,T+16232mdegC
1592503981:[PRESS ,0038]P  +6232mbar,T+16229mdegC
1592503982:[PRESS ,0038]P  +6232mbar,T+16225mdegC
1592503984:[PRESS ,0038]P  +6232mbar,T+16221mdegC
1592503986:[PRESS ,0038]P  +6232mbar,T+16218mdegC
1592503988:[PRESS ,0038]P  +6232mbar,T+16215mdegC
1592503990:[PRESS ,0038]P  +6232mbar,T+16211mdegC
1592503991:[PRESS ,0038]P  +6232mbar,T+16208mdegC
1592503993:[PRESS ,0038]P  +6222mbar,T+16205mdegC
1592503993:[BUOY  ,0087]from -1mbar/s to -3mbar/s
1592503993:[BUOY  ,0089]need to transfer +12mL (pump during 14762ms)
1592504001:[PUMP  ,0016]pump during 14762ms
1592504057:[PRESS ,0038]P  +6102mbar,T+16126mdegC
1592504059:[PRESS ,0038]P  +6102mbar,T+16125mdegC
1592504061:[PRESS ,0038]P  +6112mbar,T+16122mdegC
1592504063:[PRESS ,0038]P  +6112mbar,T+16120mdegC
1592504064:[PRESS ,0038]P  +6092mbar,T+16118mdegC
1592504066:[PRESS ,0038]P  +6092mbar,T+16116mdegC
1592504068:[PRESS ,0038]P  +6102mbar,T+16113mdegC
1592504070:[PRESS ,0038]P  +6092mbar,T+16110mdegC
1592504072:[PRESS ,0038]P  +6092mbar,T+16107mdegC
1592504073:[PRESS ,0038]P  +6082mbar,T+16105mdegC
1592504075:[PRESS ,0038]P  +6082mbar,T+16103mdegC
1592504077:[PRESS ,0038]P  +6092mbar,T+16100mdegC
1592504079:[PRESS ,0038]P  +6082mbar,T+16097mdegC
1592504081:[PRESS ,0038]P  +6072mbar,T+16094mdegC
1592504082:[PRESS ,0038]P  +6072mbar,T+16091mdegC
1592504082:[BUOY  ,0087]from -1mbar/s to -3mbar/s
1592504082:[BUOY  ,0089]need to transfer +12mL (pump during 14762ms)
1592504091:[PUMP  ,0016]pump during 14762ms
1592504146:[PRESS ,0038]P  +5972mbar,T+16031mdegC
1592504148:[PRESS ,0038]P  +5972mbar,T+16029mdegC
1592504150:[PRESS ,0038]P  +5982mbar,T+16027mdegC
1592504152:[PRESS ,0038]P  +5972mbar,T+16025mdegC
1592504153:[PRESS ,0038]P  +5962mbar,T+16022mdegC
1592504155:[PRESS ,0038]P  +5962mbar,T+16020mdegC
1592504157:[PRESS ,0038]P  +5972mbar,T+16018mdegC
1592504159:[PRESS ,0038]P  +5962mbar,T+16017mdegC
1592504161:[PRESS ,0038]P  +5962mbar,T+16014mdegC
1592504163:[PRESS ,0038]P  +5972mbar,T+16012mdegC
1592504164:[PRESS ,0038]P  +5962mbar,T+16011mdegC
1592504166:[PRESS ,0038]P  +5972mbar,T+16008mdegC
1592504168:[PRESS ,0038]P  +5962mbar,T+16006mdegC
1592504170:[PRESS ,0038]P  +5962mbar,T+16004mdegC
1592504172:[PRESS ,0038]P  +5962mbar,T+16002mdegC
1592504172:<WARN>[BUOY  ,0094]stage[1] should ASCENT, stuck at 5962mbar for the #1 time
1592504172:[BUOY  ,0087]from +0mbar/s to -3mbar/s
1592504172:[BUOY  ,0089]need to transfer +14mL (pump during 17223ms)
1592504180:[PUMP  ,0016]pump during 17223ms
1592504235:[PRESS ,0038]P  +5882mbar,T+15956mdegC
1592504237:[PRESS ,0038]P  +5872mbar,T+15954mdegC
1592504239:[PRESS ,0038]P  +5872mbar,T+15953mdegC
1592504241:[PRESS ,0038]P  +5872mbar,T+15951mdegC
1592504243:[PRESS ,0038]P  +5862mbar,T+15950mdegC
1592504245:[PRESS ,0038]P  +5862mbar,T+15949mdegC
1592504246:[PRESS ,0038]P  +5852mbar,T+15947mdegC
1592504248:[PRESS ,0038]P  +5842mbar,T+15946mdegC
1592504250:[PRESS ,0038]P  +5842mbar,T+15944mdegC
1592504252:[PRESS ,0038]P  +5842mbar,T+15942mdegC
1592504254:[PRESS ,0038]P  +5842mbar,T+15941mdegC
1592504255:[PRESS ,0038]P  +5832mbar,T+15939mdegC
1592504257:[PRESS ,0038]P  +5832mbar,T+15938mdegC
1592504259:[PRESS ,0038]P  +5842mbar,T+15936mdegC
1592504261:[PRESS ,0038]P  +5832mbar,T+15934mdegC
1592504321:[PRESS ,0038]P  +5782mbar,T+15868mdegC
1592504323:[PRESS ,0038]P  +5772mbar,T+15866mdegC
1592504325:[PRESS ,0038]P  +5782mbar,T+15864mdegC
1592504327:[PRESS ,0038]P  +5782mbar,T+15862mdegC
1592504329:[PRESS ,0038]P  +5782mbar,T+15860mdegC
1592504330:[PRESS ,0038]P  +5792mbar,T+15857mdegC
1592504332:[PRESS ,0038]P  +5792mbar,T+15857mdegC
1592504334:[PRESS ,0038]P  +5782mbar,T+15855mdegC
1592504336:[PRESS ,0038]P  +5802mbar,T+15852mdegC
1592504338:[PRESS ,0038]P  +5782mbar,T+15851mdegC
1592504340:[PRESS ,0038]P  +5792mbar,T+15848mdegC
1592504341:[PRESS ,0038]P  +5792mbar,T+15847mdegC
1592504343:[PRESS ,0038]P  +5782mbar,T+15845mdegC
1592504345:[PRESS ,0038]P  +5782mbar,T+15843mdegC
1592504347:[PRESS ,0038]P  +5782mbar,T+15842mdegC
1592504347:<WARN>[BUOY  ,0094]stage[1] should ASCENT, stuck at 5782mbar for the #1 time
1592504347:[BUOY  ,0087]from +0mbar/s to -3mbar/s
1592504347:[BUOY  ,0089]need to transfer +14mL (pump during 17223ms)
1592504355:[PUMP  ,0016]pump during 17223ms
1592504411:[PRESS ,0038]P  +5672mbar,T+15818mdegC
1592504412:[PRESS ,0038]P  +5672mbar,T+15818mdegC
1592504414:[PRESS ,0038]P  +5662mbar,T+15818mdegC
1592504416:[PRESS ,0038]P  +5662mbar,T+15817mdegC
1592504418:[PRESS ,0038]P  +5652mbar,T+15816mdegC
1592504420:[PRESS ,0038]P  +5642mbar,T+15816mdegC
1592504421:[PRESS ,0038]P  +5632mbar,T+15815mdegC
1592504423:[PRESS ,0038]P  +5622mbar,T+15814mdegC
1592504425:[PRESS ,0038]P  +5622mbar,T+15814mdegC
1592504427:[PRESS ,0038]P  +5612mbar,T+15813mdegC
1592504429:[PRESS ,0038]P  +5602mbar,T+15813mdegC
1592504431:[PRESS ,0038]P  +5602mbar,T+15811mdegC
1592504432:[PRESS ,0038]P  +5592mbar,T+15810mdegC
1592504434:[PRESS ,0038]P  +5572mbar,T+15809mdegC
1592504436:[PRESS ,0038]P  +5562mbar,T+15808mdegC
1592504497:[PRESS ,0038]P  +5362mbar,T+15769mdegC
1592504498:[PRESS ,0038]P  +5342mbar,T+15766mdegC
1592504500:[PRESS ,0038]P  +5352mbar,T+15765mdegC
1592504502:[PRESS ,0038]P  +5332mbar,T+15765mdegC
1592504504:[PRESS ,0038]P  +5332mbar,T+15763mdegC
1592504506:[PRESS ,0038]P  +5322mbar,T+15762mdegC
1592504507:[PRESS ,0038]P  +5312mbar,T+15761mdegC
1592504509:[PRESS ,0038]P  +5302mbar,T+15760mdegC
1592504511:[PRESS ,0038]P  +5302mbar,T+15757mdegC
1592504513:[PRESS ,0038]P  +5292mbar,T+15756mdegC
1592504515:[PRESS ,0038]P  +5292mbar,T+15756mdegC
1592504516:[PRESS ,0038]P  +5282mbar,T+15754mdegC
1592504518:[PRESS ,0038]P  +5282mbar,T+15753mdegC
1592504520:[PRESS ,0038]P  +5282mbar,T+15752mdegC
1592504522:[PRESS ,0038]P  +5272mbar,T+15751mdegC
1592504522:[BUOY  ,0087]from -3mbar/s to +0mbar/s
1592504522:[BUOY  ,0090]need to transfer -14mL (valve during 2479ms)
1592504522:[VALVE ,0034]valve opening 2479ms
1592504583:[PRESS ,0038]P  +5052mbar,T+15714mdegC
1592504585:[PRESS ,0038]P  +5062mbar,T+15714mdegC
1592504586:[PRESS ,0038]P  +5042mbar,T+15713mdegC
1592504588:[PRESS ,0038]P  +5042mbar,T+15712mdegC
1592504590:[PRESS ,0038]P  +5032mbar,T+15711mdegC
1592504592:[PRESS ,0038]P  +5022mbar,T+15709mdegC
1592504594:[PRESS ,0038]P  +5012mbar,T+15709mdegC
1592504595:[PRESS ,0038]P  +5002mbar,T+15708mdegC
1592504597:[PRESS ,0038]P  +5002mbar,T+15706mdegC
1592504599:[PRESS ,0038]P  +4992mbar,T+15706mdegC
1592504601:[PRESS ,0038]P  +4982mbar,T+15705mdegC
1592504603:[PRESS ,0038]P  +4972mbar,T+15704mdegC
1592504604:[PRESS ,0038]P  +4962mbar,T+15703mdegC
1592504606:[PRESS ,0038]P  +4952mbar,T+15702mdegC
1592504608:[PRESS ,0038]P  +4942mbar,T+15701mdegC
1592504608:[BUOY  ,0087]from -5mbar/s to +0mbar/s
1592504608:[BUOY  ,0090]need to transfer -40mL (valve during 7286ms)
1592504608:[VALVE ,0034]valve opening 7286ms
1592504669:[PRESS ,0038]P  +4792mbar,T+15675mdegC
1592504671:[PRESS ,0038]P  +4782mbar,T+15674mdegC
1592504672:[PRESS ,0038]P  +4782mbar,T+15674mdegC
1592504674:[PRESS ,0038]P  +4772mbar,T+15672mdegC
1592504676:[PRESS ,0038]P  +4762mbar,T+15672mdegC
1592504678:[PRESS ,0038]P  +4772mbar,T+15670mdegC
1592504680:[PRESS ,0038]P  +4752mbar,T+15670mdegC
1592504681:[PRESS ,0038]P  +4752mbar,T+15669mdegC
1592504683:[PRESS ,0038]P  +4742mbar,T+15669mdegC
1592504685:[PRESS ,0038]P  +4742mbar,T+15669mdegC
1592504687:[PRESS ,0038]P  +4722mbar,T+15667mdegC
1592504689:[PRESS ,0038]P  +4722mbar,T+15666mdegC
1592504690:[PRESS ,0038]P  +4722mbar,T+15666mdegC
1592504692:[PRESS ,0038]P  +4722mbar,T+15665mdegC
1592504694:[PRESS ,0038]P  +4712mbar,T+15665mdegC
1592504694:[BUOY  ,0087]from -3mbar/s to +0mbar/s
1592504694:[BUOY  ,0090]need to transfer -14mL (valve during 2625ms)
1592504694:[VALVE ,0034]valve opening 2625ms
1592504755:[PRESS ,0038]P  +4672mbar,T+15643mdegC
1592504757:[PRESS ,0038]P  +4672mbar,T+15642mdegC
1592504758:[PRESS ,0038]P  +4662mbar,T+15642mdegC
1592504760:[PRESS ,0038]P  +4662mbar,T+15642mdegC
1592504762:[PRESS ,0038]P  +4662mbar,T+15642mdegC
1592504764:[PRESS ,0038]P  +4672mbar,T+15641mdegC
1592504766:[PRESS ,0038]P  +4672mbar,T+15640mdegC
1592504768:[PRESS ,0038]P  +4672mbar,T+15640mdegC
1592504769:[PRESS ,0038]P  +4682mbar,T+15640mdegC
1592504771:[PRESS ,0038]P  +4682mbar,T+15638mdegC
1592504773:[PRESS ,0038]P  +4672mbar,T+15638mdegC
1592504775:[PRESS ,0038]P  +4682mbar,T+15637mdegC
1592504777:[PRESS ,0038]P  +4672mbar,T+15637mdegC
1592504778:[PRESS ,0038]P  +4672mbar,T+15637mdegC
1592504780:[PRESS ,0038]P  +4672mbar,T+15636mdegC
1592504841:[PRESS ,0038]P  +4682mbar,T+15617mdegC
1592504902:[PRESS ,0038]P  +4652mbar,T+15605mdegC
1592504962:[PRESS ,0038]P  +4612mbar,T+15597mdegC
1592505023:[PRESS ,0038]P  +4552mbar,T+15594mdegC
1592505084:[PRESS ,0038]P  +4492mbar,T+15593mdegC
1592505084:<WARN>[BUOY  ,0094]stage[1] should DESCENT, stuck at 4492mbar for the #1 time
1592505084:[BUOY  ,0087]from +0mbar/s to +3mbar/s
1592505084:[BUOY  ,0090]need to transfer -14mL (valve during 2664ms)
1592505084:[VALVE ,0034]valve opening 2664ms
1592505144:[PRESS ,0038]P  +4462mbar,T+15596mdegC
1592505146:[PRESS ,0038]P  +4472mbar,T+15597mdegC
1592505148:[PRESS ,0038]P  +4482mbar,T+15597mdegC
1592505150:[PRESS ,0038]P  +4472mbar,T+15597mdegC
1592505152:[PRESS ,0038]P  +4482mbar,T+15597mdegC
1592505153:[PRESS ,0038]P  +4472mbar,T+15597mdegC
1592505155:[PRESS ,0038]P  +4472mbar,T+15597mdegC
1592505157:[PRESS ,0038]P  +4472mbar,T+15597mdegC
1592505159:[PRESS ,0038]P  +4482mbar,T+15597mdegC
1592505161:[PRESS ,0038]P  +4482mbar,T+15598mdegC
1592505162:[PRESS ,0038]P  +4482mbar,T+15597mdegC
1592505164:[PRESS ,0038]P  +4472mbar,T+15597mdegC
1592505166:[PRESS ,0038]P  +4482mbar,T+15597mdegC
1592505168:[PRESS ,0038]P  +4482mbar,T+15598mdegC
1592505170:[PRESS ,0038]P  +4492mbar,T+15597mdegC
1592505170:[BUOY  ,0087]from +1mbar/s to +3mbar/s
1592505170:[BUOY  ,0090]need to transfer -12mL (valve during 2284ms)
1592505170:[VALVE ,0034]valve opening 2284ms
1592505230:[PRESS ,0038]P  +4552mbar,T+15601mdegC
1592505232:[PRESS ,0038]P  +4542mbar,T+15601mdegC
1592505234:[PRESS ,0038]P  +4542mbar,T+15601mdegC
1592505236:[PRESS ,0038]P  +4562mbar,T+15601mdegC
1592505238:[PRESS ,0038]P  +4552mbar,T+15601mdegC
1592505240:[PRESS ,0038]P  +4562mbar,T+15601mdegC
1592505241:[PRESS ,0038]P  +4562mbar,T+15601mdegC
1592505243:[PRESS ,0038]P  +4562mbar,T+15601mdegC
1592505245:[PRESS ,0038]P  +4562mbar,T+15601mdegC
1592505247:[PRESS ,0038]P  +4552mbar,T+15601mdegC
1592505249:[PRESS ,0038]P  +4562mbar,T+15601mdegC
1592505250:[PRESS ,0038]P  +4562mbar,T+15601mdegC
1592505252:[PRESS ,0038]P  +4562mbar,T+15601mdegC
1592505254:[PRESS ,0038]P  +4562mbar,T+15601mdegC
1592505256:[PRESS ,0038]P  +4572mbar,T+15601mdegC
1592505316:[PRESS ,0038]P  +4612mbar,T+15601mdegC
1592505377:[PRESS ,0038]P  +4732mbar,T+15598mdegC
1592505438:[PRESS ,0038]P  +4812mbar,T+15595mdegC
1592505499:[PRESS ,0038]P  +4992mbar,T+15591mdegC
1592505559:[PRESS ,0038]P  +5112mbar,T+15586mdegC
1592505559:[BUOY  ,0087]from +2mbar/s to +0mbar/s
1592505559:[BUOY  ,0089]need to transfer +6mL (pump during 7297ms)
1592505567:[PUMP  ,0016]pump during 7297ms
1592505623:[PRESS ,0038]P  +5252mbar,T+15588mdegC
1592505625:[PRESS ,0038]P  +5262mbar,T+15588mdegC
1592505627:[PRESS ,0038]P  +5262mbar,T+15588mdegC
1592505628:[PRESS ,0038]P  +5262mbar,T+15588mdegC
1592505630:[PRESS ,0038]P  +5282mbar,T+15588mdegC
1592505632:[PRESS ,0038]P  +5282mbar,T+15588mdegC
1592505634:[PRESS ,0038]P  +5282mbar,T+15588mdegC
1592505636:[PRESS ,0038]P  +5292mbar,T+15588mdegC
1592505638:[PRESS ,0038]P  +5292mbar,T+15588mdegC
1592505639:[PRESS ,0038]P  +5282mbar,T+15588mdegC
1592505641:[PRESS ,0038]P  +5292mbar,T+15587mdegC
1592505643:[PRESS ,0038]P  +5302mbar,T+15587mdegC
1592505645:[PRESS ,0038]P  +5292mbar,T+15588mdegC
1592505647:[PRESS ,0038]P  +5292mbar,T+15588mdegC
1592505648:[PRESS ,0038]P  +5292mbar,T+15587mdegC
1592505648:[BUOY  ,0087]from +2mbar/s to +0mbar/s
1592505648:[BUOY  ,0089]need to transfer +6mL (pump during 7280ms)
1592505657:[PUMP  ,0016]pump during 7280ms
1592505712:[PRESS ,0038]P  +5322mbar,T+15585mdegC
1592505714:[PRESS ,0038]P  +5332mbar,T+15583mdegC
1592505716:[PRESS ,0038]P  +5342mbar,T+15585mdegC
1592505718:[PRESS ,0038]P  +5342mbar,T+15583mdegC
1592505719:[PRESS ,0038]P  +5342mbar,T+15585mdegC
1592505721:[PRESS ,0038]P  +5352mbar,T+15583mdegC
1592505723:[PRESS ,0038]P  +5362mbar,T+15582mdegC
1592505725:[PRESS ,0038]P  +5362mbar,T+15583mdegC
1592505727:[PRESS ,0038]P  +5372mbar,T+15582mdegC
1592505728:[PRESS ,0038]P  +5362mbar,T+15582mdegC
1592505730:[PRESS ,0038]P  +5372mbar,T+15583mdegC
1592505732:[PRESS ,0038]P  +5362mbar,T+15582mdegC
1592505734:[PRESS ,0038]P  +5382mbar,T+15581mdegC
1592505736:[PRESS ,0038]P  +5372mbar,T+15581mdegC
1592505738:[PRESS ,0038]P  +5382mbar,T+15580mdegC
1592505738:[BUOY  ,0087]from +2mbar/s to +0mbar/s
1592505738:[BUOY  ,0089]need to transfer +6mL (pump during 7280ms)
1592505746:[PUMP  ,0016]pump during 7280ms
1592505801:[PRESS ,0038]P  +5392mbar,T+15573mdegC
1592505803:[PRESS ,0038]P  +5392mbar,T+15572mdegC
1592505805:[PRESS ,0038]P  +5392mbar,T+15573mdegC
1592505807:[PRESS ,0038]P  +5392mbar,T+15571mdegC
1592505809:[PRESS ,0038]P  +5382mbar,T+15571mdegC
1592505810:[PRESS ,0038]P  +5382mbar,T+15571mdegC
1592505812:[PRESS ,0038]P  +5382mbar,T+15571mdegC
1592505814:[PRESS ,0038]P  +5362mbar,T+15570mdegC
1592505816:[PRESS ,0038]P  +5372mbar,T+15570mdegC
1592505818:[PRESS ,0038]P  +5362mbar,T+15570mdegC
1592505819:[PRESS ,0038]P  +5362mbar,T+15569mdegC
1592505821:[PRESS ,0038]P  +5362mbar,T+15568mdegC
1592505823:[PRESS ,0038]P  +5352mbar,T+15568mdegC
1592505825:[PRESS ,0038]P  +5362mbar,T+15567mdegC
1592505827:[PRESS ,0038]P  +5352mbar,T+15566mdegC
1592505887:[PRESS ,0038]P  +5312mbar,T+15545mdegC
1592505948:[PRESS ,0038]P  +5352mbar,T+15521mdegC
1592506009:[PRESS ,0038]P  +5432mbar,T+15499mdegC
1592506069:[PRESS ,0038]P  +5412mbar,T+15477mdegC
1592506130:[PRESS ,0038]P  +5522mbar,T+15455mdegC
1592506130:<WARN>[BUOY  ,0094]stage[1] should ASCENT, stuck at 5522mbar for the #1 time
1592506130:[BUOY  ,0087]from +0mbar/s to -3mbar/s
1592506130:[BUOY  ,0089]need to transfer +14mL (pump during 16987ms)
1592506138:[PUMP  ,0016]pump during 16987ms
1592506194:[PRESS ,0038]P  +5472mbar,T+15450mdegC
1592506196:[PRESS ,0038]P  +5472mbar,T+15450mdegC
1592506198:[PRESS ,0038]P  +5482mbar,T+15450mdegC
1592506199:[PRESS ,0038]P  +5472mbar,T+15449mdegC
1592506201:[PRESS ,0038]P  +5472mbar,T+15449mdegC
1592506203:[PRESS ,0038]P  +5472mbar,T+15449mdegC
1592506205:[PRESS ,0038]P  +5472mbar,T+15447mdegC
1592506207:[PRESS ,0038]P  +5472mbar,T+15447mdegC
1592506208:[PRESS ,0038]P  +5462mbar,T+15447mdegC
1592506210:[PRESS ,0038]P  +5472mbar,T+15447mdegC
1592506212:[PRESS ,0038]P  +5462mbar,T+15446mdegC
1592506214:[PRESS ,0038]P  +5462mbar,T+15446mdegC
1592506216:[PRESS ,0038]P  +5472mbar,T+15446mdegC
1592506218:[PRESS ,0038]P  +5472mbar,T+15446mdegC
1592506219:[PRESS ,0038]P  +5472mbar,T+15445mdegC
1592506280:[PRESS ,0038]P  +5432mbar,T+15425mdegC
1592506341:[PRESS ,0038]P  +5302mbar,T+15403mdegC
1592506401:[PRESS ,0038]P  +5262mbar,T+15384mdegC
1592506462:[PRESS ,0038]P  +5222mbar,T+15366mdegC
1592506523:[PRESS ,0038]P  +5192mbar,T+15354mdegC
1592506583:[PRESS ,0038]P  +5192mbar,T+15343mdegC
1592506644:[PRESS ,0038]P  +5162mbar,T+15335mdegC
1592506705:[PRESS ,0038]P  +5182mbar,T+15329mdegC
1592506765:[PRESS ,0038]P  +5092mbar,T+15323mdegC
1592506826:[PRESS ,0038]P  +5092mbar,T+15319mdegC
1592506887:[PRESS ,0038]P  +5062mbar,T+15314mdegC
1592506948:[PRESS ,0038]P  +5112mbar,T+15311mdegC
1592507008:[PRESS ,0038]P  +5072mbar,T+15307mdegC
1592507069:[PRESS ,0038]P  +5062mbar,T+15302mdegC
1592507130:[PRESS ,0038]P  +5042mbar,T+15299mdegC
1592507190:[PRESS ,0038]P  +5042mbar,T+15296mdegC
1592507251:[PRESS ,0038]P  +5052mbar,T+15292mdegC
1592507312:[PRESS ,0038]P  +5082mbar,T+15290mdegC
1592507372:[PRESS ,0038]P  +5082mbar,T+15286mdegC
1592507433:[PRESS ,0038]P  +5082mbar,T+15281mdegC
1592507494:[PRESS ,0038]P  +4992mbar,T+15274mdegC
1592507554:[PRESS ,0038]P  +4892mbar,T+15264mdegC
1592507615:[PRESS ,0038]P  +4902mbar,T+15257mdegC
1592507676:[PRESS ,0038]P  +4812mbar,T+15253mdegC
1592507736:[PRESS ,0038]P  +4722mbar,T+15248mdegC
1592507797:[PRESS ,0038]P  +4682mbar,T+15248mdegC
1592507858:[PRESS ,0038]P  +4632mbar,T+15248mdegC
1592507858:[BUOY  ,0087]from -1mbar/s to +0mbar/s
1592507858:[BUOY  ,0090]need to transfer -2mL (valve during 375ms)
1592507858:[VALVE ,0034]valve opening 375ms
1592507919:[PRESS ,0038]P  +4572mbar,T+15246mdegC
1592507920:[PRESS ,0038]P  +4572mbar,T+15247mdegC
1592507922:[PRESS ,0038]P  +4572mbar,T+15247mdegC
1592507924:[PRESS ,0038]P  +4572mbar,T+15247mdegC
1592507926:[PRESS ,0038]P  +4572mbar,T+15246mdegC
1592507928:[PRESS ,0038]P  +4572mbar,T+15246mdegC
1592507929:[PRESS ,0038]P  +4582mbar,T+15247mdegC
1592507931:[PRESS ,0038]P  +4572mbar,T+15247mdegC
1592507933:[PRESS ,0038]P  +4572mbar,T+15247mdegC
1592507935:[PRESS ,0038]P  +4572mbar,T+15246mdegC
1592507937:[PRESS ,0038]P  +4582mbar,T+15247mdegC
1592507938:[PRESS ,0038]P  +4562mbar,T+15246mdegC
1592507940:[PRESS ,0038]P  +4562mbar,T+15247mdegC
1592507942:[PRESS ,0038]P  +4572mbar,T+15247mdegC
1592507944:[PRESS ,0038]P  +4562mbar,T+15247mdegC
1592508005:[PRESS ,0038]P  +4512mbar,T+15246mdegC
1592508005:[BUOY  ,0087]from -1mbar/s to +0mbar/s
1592508005:[BUOY  ,0090]need to transfer -2mL (valve during 381ms)
1592508005:[VALVE ,0034]valve opening 381ms
1592508065:[PRESS ,0038]P  +4462mbar,T+15245mdegC
1592508067:[PRESS ,0038]P  +4462mbar,T+15244mdegC
1592508069:[PRESS ,0038]P  +4462mbar,T+15245mdegC
1592508071:[PRESS ,0038]P  +4462mbar,T+15244mdegC
1592508073:[PRESS ,0038]P  +4462mbar,T+15246mdegC
1592508074:[PRESS ,0038]P  +4472mbar,T+15245mdegC
1592508076:[PRESS ,0038]P  +4462mbar,T+15245mdegC
1592508078:[PRESS ,0038]P  +4472mbar,T+15246mdegC
1592508080:[PRESS ,0038]P  +4462mbar,T+15245mdegC
1592508082:[PRESS ,0038]P  +4462mbar,T+15245mdegC
1592508083:[PRESS ,0038]P  +4472mbar,T+15245mdegC
1592508085:[PRESS ,0038]P  +4472mbar,T+15245mdegC
1592508087:[PRESS ,0038]P  +4472mbar,T+15245mdegC
1592508089:[PRESS ,0038]P  +4472mbar,T+15246mdegC
1592508091:[PRESS ,0038]P  +4482mbar,T+15246mdegC
1592508091:[BUOY  ,0087]from +1mbar/s to +3mbar/s
1592508091:[BUOY  ,0090]need to transfer -12mL (valve during 2318ms)
1592508091:[VALVE ,0034]valve opening 2318ms
1592508151:[PRESS ,0038]P  +4552mbar,T+15244mdegC
1592508153:[PRESS ,0038]P  +4542mbar,T+15244mdegC
1592508155:[PRESS ,0038]P  +4542mbar,T+15243mdegC
1592508157:[PRESS ,0038]P  +4552mbar,T+15244mdegC
1592508159:[PRESS ,0038]P  +4552mbar,T+15243mdegC
1592508160:[PRESS ,0038]P  +4562mbar,T+15244mdegC
1592508162:[PRESS ,0038]P  +4542mbar,T+15244mdegC
1592508164:[PRESS ,0038]P  +4552mbar,T+15244mdegC
1592508166:[PRESS ,0038]P  +4542mbar,T+15244mdegC
1592508168:[PRESS ,0038]P  +4552mbar,T+15243mdegC
1592508169:[PRESS ,0038]P  +4552mbar,T+15244mdegC
1592508171:[PRESS ,0038]P  +4562mbar,T+15244mdegC
1592508173:[PRESS ,0038]P  +4562mbar,T+15243mdegC
1592508175:[PRESS ,0038]P  +4552mbar,T+15244mdegC
1592508177:[PRESS ,0038]P  +4552mbar,T+15244mdegC
1592508237:[PRESS ,0038]P  +4562mbar,T+15243mdegC
1592508298:[PRESS ,0038]P  +4532mbar,T+15243mdegC
1592508359:[PRESS ,0038]P  +4502mbar,T+15243mdegC
1592508419:[PRESS ,0038]P  +4532mbar,T+15243mdegC
1592508480:[PRESS ,0038]P  +4492mbar,T+15242mdegC
1592508480:<WARN>[BUOY  ,0094]stage[1] should DESCENT, stuck at 4492mbar for the #1 time
1592508480:[BUOY  ,0087]from +0mbar/s to +3mbar/s
1592508480:[BUOY  ,0090]need to transfer -14mL (valve during 2664ms)
1592508480:[VALVE ,0034]valve opening 2664ms
1592508541:[PRESS ,0038]P  +4552mbar,T+15241mdegC
1592508543:[PRESS ,0038]P  +4552mbar,T+15241mdegC
1592508545:[PRESS ,0038]P  +4562mbar,T+15239mdegC
1592508546:[PRESS ,0038]P  +4562mbar,T+15241mdegC
1592508548:[PRESS ,0038]P  +4562mbar,T+15239mdegC
1592508550:[PRESS ,0038]P  +4562mbar,T+15241mdegC
1592508552:[PRESS ,0038]P  +4562mbar,T+15241mdegC
1592508554:[PRESS ,0038]P  +4562mbar,T+15241mdegC
1592508555:[PRESS ,0038]P  +4562mbar,T+15241mdegC
1592508557:[PRESS ,0038]P  +4562mbar,T+15241mdegC
1592508559:[PRESS ,0038]P  +4562mbar,T+15241mdegC
1592508561:[PRESS ,0038]P  +4572mbar,T+15239mdegC
1592508563:[PRESS ,0038]P  +4562mbar,T+15241mdegC
1592508564:[PRESS ,0038]P  +4572mbar,T+15239mdegC
1592508566:[PRESS ,0038]P  +4572mbar,T+15241mdegC
1592508566:[MAIN  ,0140]stage[1] complete 7253s after mission start
1592508566:[MAIN  ,0056]stage[2]
1592508569:[MAIN  ,0024]internal pressure 80962Pa
1592508573:[SBE41 ,0282]SBE41 parameters : 
      dsreplyformat=1 (webb(0)/standard(1))
      addtimingdelays=0 (n(0)/y(1))
      outputdensity=0 (n(0)/y(1))
      echocmd=0 (n(0)/y(1))
      outputrt=0 (n(0)/y(1))
      outputpts=0 (n(0)/y(1))
      outputsn=0 (n(0)/y(1))
      outputpressure=1 (n(0)/y(1))
      pcutoff=2dbar
      tswait=0s
      pumpfastpt=1 (n(0)/y(1))
      samplerate=1 ('fast':1Hz(1)/'slow':0.5Hz(0))
      top_bin_interval=10dbar
      top_bin_size=10dbar
      top_bin_max=100dbar
      middle_bin_interval=50dbar
      middle_bin_size=50dbar
      middle_bin_max=1000dbar
      bottom_bin_interval=100dbar
      bottom_bin_size=100dbar
      includetransitionbin=0
      includenbin=0 (n(0)/y(1))
      autobinavg=0 (n(0)/y(1))
1592508573:[PRESS ,0038]P  +4592mbar,T+15239mdegC
1592508573:[BUOY  ,0037]P  +4592mbar
1592508573:[STAGE ,0091]Stage [2] surfacing 3600s (<1592512113s) SBE41
1592508575:[PRESS ,0038]P  +4592mbar,T+15239mdegC
1592508575:<WARN>[BUOY  ,0094]stage[2] should ASCENT, stuck at 4592mbar for the #1 time
1592508575:[BUOY  ,0087]from +1mbar/s to -7mbar/s
1592508575:[BUOY  ,0089]need to transfer +80mL (pump during 96618ms)
1592508583:[PUMP  ,0016]pump during 60000ms
1592508647:[PRESS ,0038]P  +4532mbar,T+15264mdegC
1592508649:[PRESS ,0038]P  +4542mbar,T+15267mdegC
1592508651:[PRESS ,0038]P  +4532mbar,T+15269mdegC
1592508653:[PRESS ,0038]P  +4522mbar,T+15270mdegC
1592508654:[PRESS ,0038]P  +4522mbar,T+15272mdegC
1592508656:[PRESS ,0038]P  +4522mbar,T+15274mdegC
1592508658:[PRESS ,0038]P  +4522mbar,T+15274mdegC
1592508660:[PRESS ,0038]P  +4502mbar,T+15276mdegC
1592508662:[PRESS ,0038]P  +4512mbar,T+15277mdegC
1592508663:[PRESS ,0038]P  +4502mbar,T+15279mdegC
1592508665:[PRESS ,0038]P  +4502mbar,T+15280mdegC
1592508667:[PRESS ,0038]P  +4492mbar,T+15281mdegC
1592508669:[PRESS ,0038]P  +4502mbar,T+15282mdegC
1592508671:[PRESS ,0038]P  +4482mbar,T+15284mdegC
1592508672:[PRESS ,0038]P  +4482mbar,T+15285mdegC
1592508672:[BUOY  ,0087]from -2mbar/s to -7mbar/s
1592508672:[BUOY  ,0089]need to transfer +72mL (pump during 86957ms)
1592508673:[SBE41 ,0337]Speed start detected
1592508681:[PUMP  ,0016]pump during 60000ms
1592508744:[PRESS ,0038]P  +4232mbar,T+15340mdegC
1592508746:[PRESS ,0038]P  +4212mbar,T+15342mdegC
1592508748:[PRESS ,0038]P  +4212mbar,T+15343mdegC
1592508750:[PRESS ,0038]P  +4202mbar,T+15346mdegC
1592508752:[PRESS ,0038]P  +4192mbar,T+15348mdegC
1592508753:[PRESS ,0038]P  +4202mbar,T+15349mdegC
1592508755:[PRESS ,0038]P  +4172mbar,T+15352mdegC
1592508757:[PRESS ,0038]P  +4172mbar,T+15353mdegC
1592508759:[PRESS ,0038]P  +4162mbar,T+15355mdegC
1592508761:[PRESS ,0038]P  +4162mbar,T+15357mdegC
1592508762:[PRESS ,0038]P  +4142mbar,T+15359mdegC
1592508764:[PRESS ,0038]P  +4142mbar,T+15361mdegC
1592508766:[PRESS ,0038]P  +4142mbar,T+15362mdegC
1592508768:[PRESS ,0038]P  +4122mbar,T+15363mdegC
1592508770:[PRESS ,0038]P  +4122mbar,T+15365mdegC
1592508770:[BUOY  ,0087]from -4mbar/s to -7mbar/s
1592508770:[BUOY  ,0089]need to transfer +52mL (pump during 62802ms)
1592508778:[PUMP  ,0016]pump during 60000ms
1592508841:[PRESS ,0038]P  +3772mbar,T+15430mdegC
1592508843:[PRESS ,0038]P  +3752mbar,T+15431mdegC
1592508845:[PRESS ,0038]P  +3742mbar,T+15434mdegC
1592508847:[PRESS ,0038]P  +3732mbar,T+15437mdegC
1592508849:[PRESS ,0038]P  +3702mbar,T+15438mdegC
1592508850:[PRESS ,0038]P  +3702mbar,T+15440mdegC
1592508852:[PRESS ,0038]P  +3692mbar,T+15443mdegC
1592508854:[PRESS ,0038]P  +3682mbar,T+15445mdegC
1592508856:[PRESS ,0038]P  +3672mbar,T+15447mdegC
1592508858:[PRESS ,0038]P  +3662mbar,T+15449mdegC
1592508859:[PRESS ,0038]P  +3632mbar,T+15451mdegC
1592508861:[PRESS ,0038]P  +3622mbar,T+15452mdegC
1592508863:[PRESS ,0038]P  +3622mbar,T+15455mdegC
1592508865:[PRESS ,0038]P  +3602mbar,T+15456mdegC
1592508867:[PRESS ,0038]P  +3592mbar,T+15457mdegC
1592508927:[PRESS ,0038]P  +3182mbar,T+15484mdegC
1592508929:[PRESS ,0038]P  +3172mbar,T+15485mdegC
1592508931:[PRESS ,0038]P  +3172mbar,T+15485mdegC
1592508933:[PRESS ,0038]P  +3152mbar,T+15486mdegC
1592508935:[PRESS ,0038]P  +3172mbar,T+15487mdegC
1592508936:[PRESS ,0038]P  +3152mbar,T+15487mdegC
1592508938:[PRESS ,0038]P  +3152mbar,T+15486mdegC
1592508940:[PRESS ,0038]P  +3142mbar,T+15486mdegC
1592508942:[PRESS ,0038]P  +3132mbar,T+15488mdegC
1592508944:[PRESS ,0038]P  +3122mbar,T+15488mdegC
1592508945:[PRESS ,0038]P  +3122mbar,T+15488mdegC
1592508947:[PRESS ,0038]P  +3112mbar,T+15488mdegC
1592508949:[PRESS ,0038]P  +3092mbar,T+15489mdegC
1592508951:[PRESS ,0038]P  +3092mbar,T+15488mdegC
1592508953:[PRESS ,0038]P  +3092mbar,T+15489mdegC
1592508953:[BUOY  ,0087]from -4mbar/s to -7mbar/s
1592508953:[BUOY  ,0089]need to transfer +52mL (pump during 62802ms)
1592508961:[PUMP  ,0016]pump during 60000ms
1592509025:[PRESS ,0038]P  +2672mbar,T+15542mdegC
1592509026:[PRESS ,0038]P  +2652mbar,T+15545mdegC
1592509028:[PRESS ,0038]P  +2652mbar,T+15548mdegC
1592509030:[PRESS ,0038]P  +2622mbar,T+15550mdegC
1592509032:[PRESS ,0038]P  +2622mbar,T+15553mdegC
1592509034:[PRESS ,0038]P  +2602mbar,T+15555mdegC
1592509035:[PRESS ,0038]P  +2592mbar,T+15558mdegC
1592509037:[PRESS ,0038]P  +2582mbar,T+15560mdegC
1592509039:[PRESS ,0038]P  +2562mbar,T+15563mdegC
1592509041:[PRESS ,0038]P  +2552mbar,T+15565mdegC
1592509043:[PRESS ,0038]P  +2542mbar,T+15567mdegC
1592509044:[PRESS ,0038]P  +2532mbar,T+15570mdegC
1592509046:[PRESS ,0038]P  +2512mbar,T+15573mdegC
1592509048:[PRESS ,0038]P  +2492mbar,T+15574mdegC
1592509050:[PRESS ,0038]P  +2492mbar,T+15576mdegC
1592509111:[PRESS ,0038]P  +2322mbar,T+15638mdegC
1592509112:[PRESS ,0038]P  +2312mbar,T+15641mdegC
1592509114:[PRESS ,0038]P  +2322mbar,T+15643mdegC
1592509116:[PRESS ,0038]P  +2322mbar,T+15646mdegC
1592509118:[PRESS ,0038]P  +2322mbar,T+15648mdegC
1592509120:[PRESS ,0038]P  +2312mbar,T+15651mdegC
1592509121:[PRESS ,0038]P  +2332mbar,T+15653mdegC
1592509123:[PRESS ,0038]P  +2332mbar,T+15656mdegC
1592509125:[PRESS ,0038]P  +2332mbar,T+15659mdegC
1592509127:[PRESS ,0038]P  +2332mbar,T+15661mdegC
1592509129:[PRESS ,0038]P  +2342mbar,T+15665mdegC
1592509130:[PRESS ,0038]P  +2322mbar,T+15668mdegC
1592509132:[PRESS ,0038]P  +2332mbar,T+15670mdegC
1592509134:[PRESS ,0038]P  +2332mbar,T+15674mdegC
1592509136:[PRESS ,0038]P  +2332mbar,T+15678mdegC
1592509136:<WARN>[BUOY  ,0094]stage[2] should ASCENT, stuck at 2332mbar for the #1 time
1592509136:[BUOY  ,0087]from +1mbar/s to -7mbar/s
1592509136:[BUOY  ,0089]need to transfer +80mL (pump during 96618ms)
1592509144:[PUMP  ,0016]pump during 60000ms
1592509208:[PRESS ,0038]P  +2312mbar,T+15910mdegC
1592509210:[PRESS ,0038]P  +2302mbar,T+15918mdegC
1592509211:[PRESS ,0038]P  +2292mbar,T+15925mdegC
1592509213:[PRESS ,0038]P  +2282mbar,T+15933mdegC
1592509215:[PRESS ,0038]P  +2282mbar,T+15941mdegC
1592509217:[PRESS ,0038]P  +2272mbar,T+15949mdegC
1592509219:[PRESS ,0038]P  +2282mbar,T+15957mdegC
1592509220:[PRESS ,0038]P  +2272mbar,T+15965mdegC
1592509222:[PRESS ,0038]P  +2292mbar,T+15973mdegC
1592509224:[PRESS ,0038]P  +2292mbar,T+15982mdegC
1592509226:[PRESS ,0038]P  +2282mbar,T+15989mdegC
1592509228:[PRESS ,0038]P  +2292mbar,T+15997mdegC
1592509229:[PRESS ,0038]P  +2282mbar,T+16006mdegC
1592509231:[PRESS ,0038]P  +2282mbar,T+16014mdegC
1592509233:[PRESS ,0038]P  +2272mbar,T+16023mdegC
1592509233:[BUOY  ,0087]from -1mbar/s to -7mbar/s
1592509233:[BUOY  ,0089]need to transfer +76mL (pump during 91787ms)
1592509241:[PUMP  ,0016]pump during 60000ms
1592509305:[PRESS ,0038]P  +2242mbar,T+16388mdegC
1592509307:[PRESS ,0038]P  +2252mbar,T+16397mdegC
1592509308:[PRESS ,0038]P  +2252mbar,T+16406mdegC
1592509310:[PRESS ,0038]P  +2262mbar,T+16417mdegC
1592509312:[PRESS ,0038]P  +2262mbar,T+16426mdegC
1592509314:[PRESS ,0038]P  +2252mbar,T+16435mdegC
1592509316:[PRESS ,0038]P  +2242mbar,T+16446mdegC
1592509317:[PRESS ,0038]P  +2232mbar,T+16456mdegC
1592509319:[PRESS ,0038]P  +2222mbar,T+16466mdegC
1592509321:[PRESS ,0038]P  +2232mbar,T+16476mdegC
1592509323:[PRESS ,0038]P  +2222mbar,T+16486mdegC
1592509325:[PRESS ,0038]P  +2242mbar,T+16496mdegC
1592509327:[PRESS ,0038]P  +2242mbar,T+16505mdegC
1592509328:[PRESS ,0038]P  +2242mbar,T+16516mdegC
1592509330:[PRESS ,0038]P  +2242mbar,T+16526mdegC
1592509330:[BUOY  ,0087]from -1mbar/s to -7mbar/s
1592509330:[BUOY  ,0089]need to transfer +76mL (pump during 91787ms)
1592509338:[PUMP  ,0016]pump during 60000ms
1592509402:[PRESS ,0038]P  +2202mbar,T+16918mdegC
1592509404:[PRESS ,0038]P  +2202mbar,T+16927mdegC
1592509406:[PRESS ,0038]P  +2182mbar,T+16938mdegC
1592509407:[PRESS ,0038]P  +2182mbar,T+16947mdegC
1592509409:[PRESS ,0038]P  +2162mbar,T+16956mdegC
1592509411:[PRESS ,0038]P  +2162mbar,T+16966mdegC
1592509413:[PRESS ,0038]P  +2152mbar,T+16976mdegC
1592509415:[PRESS ,0038]P  +2152mbar,T+16985mdegC
1592509416:[PRESS ,0038]P  +2142mbar,T+16994mdegC
1592509418:[PRESS ,0038]P  +2142mbar,T+17004mdegC
1592509420:[PRESS ,0038]P  +2132mbar,T+17013mdegC
1592509422:[PRESS ,0038]P  +2132mbar,T+17024mdegC
1592509424:[PRESS ,0038]P  +2122mbar,T+17033mdegC
1592509425:[PRESS ,0038]P  +2142mbar,T+17043mdegC
1592509427:[PRESS ,0038]P  +2112mbar,T+17053mdegC
1592509427:[BUOY  ,0087]from -3mbar/s to -7mbar/s
1592509427:[BUOY  ,0089]need to transfer +64mL (pump during 77295ms)
1592509435:[PUMP  ,0016]pump during 60000ms
1592509499:[PRESS ,0038]P  +1462mbar,T+17416mdegC
1592509501:[PRESS ,0038]P  +1432mbar,T+17425mdegC
1592509503:[PRESS ,0038]P  +1422mbar,T+17433mdegC
1592509505:[PRESS ,0038]P  +1402mbar,T+17442mdegC
1592509506:[PRESS ,0038]P  +1372mbar,T+17450mdegC
1592509508:[PRESS ,0038]P  +1352mbar,T+17459mdegC
1592509510:[PRESS ,0038]P  +1332mbar,T+17466mdegC
1592509512:[PRESS ,0038]P  +1312mbar,T+17475mdegC
1592509514:[PRESS ,0038]P  +1292mbar,T+17483mdegC
1592509515:[PRESS ,0038]P  +1282mbar,T+17493mdegC
1592509517:[PRESS ,0038]P  +1272mbar,T+17502mdegC
1592509519:[PRESS ,0038]P  +1242mbar,T+17512mdegC
1592509521:[PRESS ,0038]P  +1212mbar,T+17522mdegC
1592509523:[PRESS ,0038]P  +1202mbar,T+17531mdegC
1592509524:[PRESS ,0038]P  +1182mbar,T+17539mdegC
1592509524:[BUOY  ,0087]from -11mbar/s to -7mbar/s
1592509525:[BUOY  ,0090]need to transfer -116mL (valve during 43500ms)
1592509525:[VALVE ,0034]valve opening 43500ms
1592509585:[PRESS ,0038]P   +512mbar,T+18017mdegC
1592509587:[PRESS ,0038]P   +502mbar,T+18030mdegC
1592509589:[PRESS ,0038]P   +502mbar,T+18042mdegC
1592509591:[PRESS ,0038]P   +472mbar,T+18055mdegC
1592509592:[PRESS ,0038]P   +462mbar,T+18069mdegC
1592509594:[PRESS ,0038]P   +452mbar,T+18081mdegC
1592509596:[PRESS ,0038]P   +442mbar,T+18095mdegC
1592509598:[PRESS ,0038]P   +442mbar,T+18107mdegC
1592509600:[PRESS ,0038]P   +422mbar,T+18119mdegC
1592509601:[PRESS ,0038]P   +402mbar,T+18131mdegC
1592509603:[PRESS ,0038]P   +392mbar,T+18144mdegC
1592509605:[PRESS ,0038]P   +382mbar,T+18155mdegC
1592509607:[PRESS ,0038]P   +362mbar,T+18168mdegC
1592509609:[PRESS ,0038]P   +352mbar,T+18180mdegC
1592509611:[PRESS ,0038]P   +342mbar,T+18192mdegC
1592509611:[STAGE ,0214]342mbar (500) reached at 1592509611s, ascending from 4592mbar
1592509611:[STAGE ,0342]The float reached the surface : OK
1592509611:[MAIN  ,0140]stage[2] complete 8298s after mission start
1592509617:[SBE41 ,0343]SBE41 dump : 924 stored samples in hexa format
1592509650:[SBE41 ,0338]Dump finished
1592509650:[SBE41 ,0318]8316 bytes in 0051/5EEBC09D.S41
1592509651:[MRMAID,0188]acq already stopped
1592509712:[MSSION,0192]mission stopped, 3 stage(s) done
1592509712:[MAIN  ,0065]surfacing
1592509713:[PRESS ,0038]P    -58mbar,T+18747mdegC
1592509713:[SURFIN,0036]P    -58mbar
1592509715:[PRESS ,0038]P    -68mbar,T+18757mdegC
1592509717:[PRESS ,0038]P    -58mbar,T+18766mdegC
1592509717:[SURFIN,0020]filling external bladder
1592509725:[PUMP  ,0016]pump during 300000ms
1592509961:[SURFIN,0019]external bladder full
1592509963:[PRESS ,0038]P   +140mbar,T+19424mdegC
1592509964:[PRESS ,0038]P   +140mbar,T+19426mdegC
1592509966:[PRESS ,0038]P   +140mbar,T+19428mdegC
1592509968:[PRESS ,0038]P   +150mbar,T+19430mdegC
1592509970:[PRESS ,0038]P   +140mbar,T+19434mdegC
1592509972:[PRESS ,0038]P   +140mbar,T+19437mdegC
1592509973:[PRESS ,0038]P   +140mbar,T+19440mdegC
1592509975:[PRESS ,0038]P   +140mbar,T+19444mdegC
1592509977:[PRESS ,0038]P   +140mbar,T+19448mdegC
1592509979:[PRESS ,0038]P   +130mbar,T+19449mdegC
1592509981:[PRESS ,0038]P   +120mbar,T+19452mdegC
1592509982:[PRESS ,0038]P   +140mbar,T+19455mdegC
1592509984:[PRESS ,0038]P   +140mbar,T+19459mdegC
1592509986:[PRESS ,0038]P   +140mbar,T+19461mdegC
1592509988:[PRESS ,0038]P   +130mbar,T+19466mdegC
1592510024:[MAIN  ,0272]Vbat 14760mV (min 14465mV)
1592510026:[MAIN  ,0024]internal pressure 79813Pa
1592510026:[MAIN  ,0043]Pext 138mbar (rng 30mbar)
1592510026:[MAIN  ,0064]surface
1592510037:[SURF  ,0022]GPS fix...
1592510069:[SURF  ,0015]10 PPS detected...
1592510070:[MRMAID,0052]Mermaid $GPSACK:+0,+0,+0,+0,+0,+0,-2227;
1592510080:[MRMAID,0052]Mermaid $GPSOFF:3686320;
1592510081:[GPSFIX,0179]-1s diff
1592510082:[SURF  ,0222]2020-06-18T19:54:42
1592510082:[SURF  ,0082]Latitude : N43deg40.944mn, Longitude :E007deg19.181mn
1592510082:[SURF  ,0223]fix3D,8satellites
1592510082:[SURF  ,0084]GPS fix GPGSA : hdop0.970,vdop1.620
1592510092:[SURF  ,0274]last almanac : 2374481
1592510105:[MRMAID,0026]1684 bytes in 0051/5EEBC691.MER
1592510111:[MAIN  ,0320]New pressure offset: 138mbar
1592510111:[LOGBIN,0078]*** switching to 0051/5EEBC69F ***
