1592327433:[MAIN  ,0007]buoy 452.020-P-0051
1592327433:[MAIN  ,0055]soft pilotage 452.012.300_V2.20-20200612
1592327433:[MAIN  ,0010]cycle 3
1592327433:[SURF  ,0225]surface2
1592327446:[SURF  ,0022]GPS fix...
1592327466:[SURF  ,0015]10 PPS detected...
1592327467:[MRMAID,0052]Mermaid $GPSACK:+0,+0,+0,+0,+0,+0,+0;
1592327477:[MRMAID,0052]Mermaid $GPSOFF:3686320;
1592327478:[GPSFIX,0179]-1s diff
1592327479:[SURF  ,0222]2020-06-16T17:11:19
1592327479:[SURF  ,0082]Latitude : N43deg40.943mn, Longitude :E007deg19.175mn
1592327479:[SURF  ,0223]fix3D,11satellites
1592327479:[SURF  ,0084]GPS fix GPGSA : hdop0.680,vdop0.890
1592327489:[SURF  ,0025]Iridium...
1592327497:[SBE41 ,0339]newoffset=0.36db received after -57s
1592327525:[SURF  ,0009]connected in 36s, signal quality 3
1592327581:[SURF  ,0218]prompt received, remote cmd end
1592327581:[SURF  ,0012]16 cmd(s) received
1592327602:[UPLOAD,0248]Upload data files...
1592327663:[UPLOAD,0231]"0051/5EE8F7A4.S41" uploaded at 131bytes/s
1592327675:[UPLOAD,0231]"0051/5EE8FCFC.MER" uploaded at 131bytes/s
1592327823:[UPLOAD,0231]"0051/5EE8D681.BIN" uploaded at 143bytes/s
1592327841:[MAIN  ,0013]3 file(s) uploaded
1592327872:[SURF  ,0014]disconnected after 383s
1592327877:[SURFIN,0020]filling external bladder
1592327886:[PUMP  ,0016]pump during 300000ms
1592327897:[SURFIN,0019]external bladder full
1592327897:[SURF  ,0227]1st complete transfer
1592327909:[SURF  ,0022]GPS fix...
1592327931:[SURF  ,0015]10 PPS detected...
1592327932:[MRMAID,0052]Mermaid $GPSACK:+0,+0,+0,+0,+0,+0,+0;
1592327942:[MRMAID,0052]Mermaid $GPSOFF:3686320;
1592327943:[GPSFIX,0179]-1s diff
1592327944:[SURF  ,0222]2020-06-16T17:19:04
1592327944:[SURF  ,0082]Latitude : N43deg40.941mn, Longitude :E007deg19.178mn
1592327944:[SURF  ,0223]fix3D,10satellites
1592327944:[SURF  ,0084]GPS fix GPGSA : hdop0.700,vdop0.960
1592327961:[MAIN  ,0024]internal pressure 79737Pa
1592327962:[BYCMD ,0107]    FreeRTOS V8.2.3
1592327962:[BYCMD ,0108]    FatFS v11a
1592327962:[BYCMD ,0120]    bypass 10000ms 60000ms (20000ms 60000ms stored)
1592327962:[BYCMD ,0121]    valve 60000ms 12750 (60000ms 12750 stored)
1592327962:[BYCMD ,0122]    pump 60000ms 30% 10750 80% (60000ms 30% 10750 80% stored)
1592327962:[BYCMD ,0123]    rate 2mbar/s (2mbar/s stored)
1592327962:[BYCMD ,0124]    surface 500mbar (500mbar stored)
1592327962:[BYCMD ,0125]    near 500mbar 3mbar/s (15000mbar 3mbar/s stored)
1592327962:[BYCMD ,0126]    far 1500mbar 4mbar/s (25000mbar 4mbar/s stored)
1592327962:[BYCMD ,0127]    ascent 8mbar/s (8mbar/s stored)
1592327962:[BYCMD ,0128]    dead 60s (300s stored)
1592327962:[BYCMD ,0129]    coeff 16/10 (16/10 stored)
1592327962:[BYCMD ,0130]    stab 10 (10 stored)
1592327962:[BYCMD ,0131]    delay 900s 3600s (900s 3600s stored)
1592327962:[BYCMD ,0132]    mmtime 2880min (2880min stored)
1592327962:[BYCMD ,0133]    dv_landing 100ml (100ml stored)
1592327962:[MKDCMD,0150]    p2t37: 15x2000ms, offset 156mbar
1592327962:[P2TCMD,0151]    p2t37: dp -1mbar, dt 1000000mdegC
1592327963:[STAGE ,0080]Stage [0] 5000mbar (+/-500mbar) 1800s (<1800s) 
1592327963:[STAGE ,0080]Stage [1] 5000mbar (+/-500mbar) 7200s (<7200s) MERMAID
1592327963:[STAGE ,0091]Stage [2] surfacing 3600s (<10800s) SBE41
1592327963:[SBE41 ,0282]SBE41 parameters : 
      dsreplyformat=1 (webb(0)/standard(1))
      addtimingdelays=0 (n(0)/y(1))
      outputdensity=0 (n(0)/y(1))
      echocmd=0 (n(0)/y(1))
      outputrt=0 (n(0)/y(1))
      outputpts=0 (n(0)/y(1))
      outputsn=0 (n(0)/y(1))
      outputpressure=1 (n(0)/y(1))
      pcutoff=2dbar
      tswait=0s
      pumpfastpt=1 (n(0)/y(1))
      samplerate=1 ('fast':1Hz(1)/'slow':0.5Hz(0))
      top_bin_interval=10dbar
      top_bin_size=10dbar
      top_bin_max=100dbar
      middle_bin_interval=50dbar
      middle_bin_size=50dbar
      middle_bin_max=1000dbar
      bottom_bin_interval=100dbar
      bottom_bin_size=100dbar
      includetransitionbin=0
      includenbin=0 (n(0)/y(1))
      autobinavg=0 (n(0)/y(1))
1592327963:[SBE41 ,0283]SBE41 pilot policy : 
      continiousprofile=0 (n(0)/y(1)
      speeddetection=1 (n(0)/y(1)
      hexoutput=1 (n(0)/y(1)
      binaverageoutput=0 (n(0)/y(1)
      manualprofilerate=10s
      runningpumpbeforeprofile=0s
      speedstart=2mbar/s
      speedcontrol=9mbar/s
1592327963:[MAIN  ,0070]turn off bluetooth
1592327965:[PRESS ,0038]P     -6mbar,T+20952mdegC
1592327967:[PRESS ,0038]P    -26mbar,T+20953mdegC
1592327969:[PRESS ,0038]P     -6mbar,T+20955mdegC
1592327971:[PRESS ,0038]P    -26mbar,T+20957mdegC
1592327973:[PRESS ,0038]P     -6mbar,T+20958mdegC
1592327975:[PRESS ,0038]P    -16mbar,T+20960mdegC
1592327976:[PRESS ,0038]P     -6mbar,T+20962mdegC
1592327978:[PRESS ,0038]P     -6mbar,T+20964mdegC
1592327980:[PRESS ,0038]P    -16mbar,T+20966mdegC
1592327982:[PRESS ,0038]P    -16mbar,T+20968mdegC
1592327984:[PRESS ,0038]P     -6mbar,T+20970mdegC
1592327985:[PRESS ,0038]P     -6mbar,T+20970mdegC
1592327987:[PRESS ,0038]P     -6mbar,T+20972mdegC
1592327989:[PRESS ,0038]P    -16mbar,T+20972mdegC
1592327991:[PRESS ,0038]P     -6mbar,T+20975mdegC
1592327991:[DIVING,0141]diving from -6mbar, +0mbar/s
1592327991:[BYPASS,0035]bypass opening 60000ms
1592328063:[PRESS ,0038]P    -96mbar,T+21176mdegC
1592328064:[PRESS ,0038]P    -96mbar,T+21183mdegC
1592328066:[PRESS ,0038]P   -106mbar,T+21187mdegC
1592328068:[PRESS ,0038]P   -106mbar,T+21189mdegC
1592328070:[PRESS ,0038]P   -106mbar,T+21192mdegC
1592328072:[PRESS ,0038]P   -106mbar,T+21195mdegC
1592328073:[PRESS ,0038]P   -106mbar,T+21198mdegC
1592328075:[PRESS ,0038]P   -116mbar,T+21203mdegC
1592328077:[PRESS ,0038]P   -116mbar,T+21208mdegC
1592328079:[PRESS ,0038]P   -106mbar,T+21212mdegC
1592328081:[PRESS ,0038]P   -116mbar,T+21215mdegC
1592328082:[PRESS ,0038]P   -106mbar,T+21218mdegC
1592328084:[PRESS ,0038]P   -106mbar,T+21220mdegC
1592328086:[PRESS ,0038]P   -106mbar,T+21223mdegC
1592328088:[PRESS ,0038]P   -106mbar,T+21226mdegC
1592328088:[BYPASS,0035]bypass opening 10000ms
1592328110:[PRESS ,0038]P   -116mbar,T+21274mdegC
1592328111:[PRESS ,0038]P   -116mbar,T+21277mdegC
1592328113:[PRESS ,0038]P   -116mbar,T+21279mdegC
1592328115:[PRESS ,0038]P   -116mbar,T+21280mdegC
1592328117:[PRESS ,0038]P   -106mbar,T+21283mdegC
1592328119:[PRESS ,0038]P   -116mbar,T+21287mdegC
1592328120:[PRESS ,0038]P   -106mbar,T+21290mdegC
1592328122:[PRESS ,0038]P   -106mbar,T+21295mdegC
1592328124:[PRESS ,0038]P   -116mbar,T+21300mdegC
1592328126:[PRESS ,0038]P   -116mbar,T+21303mdegC
1592328128:[PRESS ,0038]P   -116mbar,T+21306mdegC
1592328129:[PRESS ,0038]P   -116mbar,T+21307mdegC
1592328131:[PRESS ,0038]P   -116mbar,T+21309mdegC
1592328133:[PRESS ,0038]P   -116mbar,T+21311mdegC
1592328135:[PRESS ,0038]P   -116mbar,T+21313mdegC
1592328135:[BYPASS,0035]bypass opening 10000ms
1592328157:[PRESS ,0038]P   -116mbar,T+21350mdegC
1592328158:[PRESS ,0038]P   -106mbar,T+21353mdegC
1592328160:[PRESS ,0038]P   -126mbar,T+21355mdegC
1592328162:[PRESS ,0038]P   -126mbar,T+21359mdegC
1592328164:[PRESS ,0038]P   -126mbar,T+21362mdegC
1592328166:[PRESS ,0038]P   -126mbar,T+21366mdegC
1592328168:[PRESS ,0038]P   -116mbar,T+21370mdegC
1592328169:[PRESS ,0038]P   -116mbar,T+21373mdegC
1592328171:[PRESS ,0038]P   -126mbar,T+21375mdegC
1592328173:[PRESS ,0038]P   -136mbar,T+21376mdegC
1592328175:[PRESS ,0038]P   -126mbar,T+21377mdegC
1592328177:[PRESS ,0038]P   -126mbar,T+21378mdegC
1592328178:[PRESS ,0038]P   -106mbar,T+21377mdegC
1592328180:[PRESS ,0038]P   -106mbar,T+21378mdegC
1592328182:[PRESS ,0038]P   -106mbar,T+21380mdegC
1592328182:[BYPASS,0035]bypass opening 10000ms
1592328204:[PRESS ,0038]P    -96mbar,T+21415mdegC
1592328206:[PRESS ,0038]P   -106mbar,T+21416mdegC
1592328207:[PRESS ,0038]P    -96mbar,T+21419mdegC
1592328209:[PRESS ,0038]P   -106mbar,T+21423mdegC
1592328211:[PRESS ,0038]P   -106mbar,T+21426mdegC
1592328213:[PRESS ,0038]P    -96mbar,T+21429mdegC
1592328215:[PRESS ,0038]P   -106mbar,T+21433mdegC
1592328216:[PRESS ,0038]P   -106mbar,T+21436mdegC
1592328218:[PRESS ,0038]P    -96mbar,T+21439mdegC
1592328220:[PRESS ,0038]P   -116mbar,T+21442mdegC
1592328222:[PRESS ,0038]P   -106mbar,T+21444mdegC
1592328224:[PRESS ,0038]P   -106mbar,T+21446mdegC
1592328225:[PRESS ,0038]P   -116mbar,T+21447mdegC
1592328227:[PRESS ,0038]P   -116mbar,T+21449mdegC
1592328229:[PRESS ,0038]P   -106mbar,T+21451mdegC
1592328229:[BYPASS,0035]bypass opening 10000ms
1592328251:[PRESS ,0038]P   -106mbar,T+21476mdegC
1592328253:[PRESS ,0038]P   -116mbar,T+21477mdegC
1592328254:[PRESS ,0038]P   -116mbar,T+21479mdegC
1592328256:[PRESS ,0038]P   -106mbar,T+21482mdegC
1592328258:[PRESS ,0038]P   -116mbar,T+21483mdegC
1592328260:[PRESS ,0038]P   -116mbar,T+21485mdegC
1592328262:[PRESS ,0038]P   -116mbar,T+21487mdegC
1592328263:[PRESS ,0038]P   -106mbar,T+21489mdegC
1592328265:[PRESS ,0038]P   -106mbar,T+21491mdegC
1592328267:[PRESS ,0038]P   -116mbar,T+21493mdegC
1592328269:[PRESS ,0038]P   -116mbar,T+21495mdegC
1592328271:[PRESS ,0038]P   -116mbar,T+21497mdegC
1592328273:[PRESS ,0038]P   -106mbar,T+21497mdegC
1592328274:[PRESS ,0038]P   -106mbar,T+21500mdegC
1592328276:[PRESS ,0038]P   -106mbar,T+21502mdegC
1592328276:[BYPASS,0035]bypass opening 10000ms
1592328298:[PRESS ,0038]P   -116mbar,T+21524mdegC
1592328300:[PRESS ,0038]P   -106mbar,T+21526mdegC
1592328302:[PRESS ,0038]P   -106mbar,T+21528mdegC
1592328303:[PRESS ,0038]P   -106mbar,T+21529mdegC
1592328305:[PRESS ,0038]P   -106mbar,T+21531mdegC
1592328307:[PRESS ,0038]P   -106mbar,T+21532mdegC
1592328309:[PRESS ,0038]P    -96mbar,T+21533mdegC
1592328311:[PRESS ,0038]P    -96mbar,T+21535mdegC
1592328312:[PRESS ,0038]P    -96mbar,T+21537mdegC
1592328314:[PRESS ,0038]P    -86mbar,T+21538mdegC
1592328316:[PRESS ,0038]P    -96mbar,T+21539mdegC
1592328318:[PRESS ,0038]P    -96mbar,T+21540mdegC
1592328320:[PRESS ,0038]P    -96mbar,T+21542mdegC
1592328321:[PRESS ,0038]P    -96mbar,T+21543mdegC
1592328323:[PRESS ,0038]P    -86mbar,T+21545mdegC
1592328323:[BYPASS,0035]bypass opening 10000ms
1592328345:[PRESS ,0038]P    -86mbar,T+21564mdegC
1592328347:[PRESS ,0038]P    -86mbar,T+21566mdegC
1592328349:[PRESS ,0038]P    -86mbar,T+21567mdegC
1592328350:[PRESS ,0038]P    -76mbar,T+21568mdegC
1592328352:[PRESS ,0038]P    -96mbar,T+21571mdegC
1592328354:[PRESS ,0038]P    -86mbar,T+21572mdegC
1592328356:[PRESS ,0038]P    -76mbar,T+21574mdegC
1592328358:[PRESS ,0038]P    -76mbar,T+21576mdegC
1592328359:[PRESS ,0038]P    -86mbar,T+21576mdegC
1592328361:[PRESS ,0038]P    -76mbar,T+21577mdegC
1592328363:[PRESS ,0038]P    -76mbar,T+21578mdegC
1592328365:[PRESS ,0038]P    -66mbar,T+21579mdegC
1592328367:[PRESS ,0038]P    -66mbar,T+21580mdegC
1592328368:[PRESS ,0038]P    -66mbar,T+21581mdegC
1592328370:[PRESS ,0038]P    -56mbar,T+21583mdegC
1592328370:[BYPASS,0035]bypass opening 10000ms
1592328392:[PRESS ,0038]P    +14mbar,T+21600mdegC
1592328394:[PRESS ,0038]P    +24mbar,T+21601mdegC
1592328396:[PRESS ,0038]P    +24mbar,T+21604mdegC
1592328398:[PRESS ,0038]P    +54mbar,T+21605mdegC
1592328399:[PRESS ,0038]P    +64mbar,T+21607mdegC
1592328401:[PRESS ,0038]P    +74mbar,T+21608mdegC
1592328403:[PRESS ,0038]P    +84mbar,T+21608mdegC
1592328405:[PRESS ,0038]P   +104mbar,T+21609mdegC
1592328407:[PRESS ,0038]P   +114mbar,T+21610mdegC
1592328408:[PRESS ,0038]P   +124mbar,T+21610mdegC
1592328410:[PRESS ,0038]P   +134mbar,T+21611mdegC
1592328412:[PRESS ,0038]P   +134mbar,T+21612mdegC
1592328414:[PRESS ,0038]P   +154mbar,T+21612mdegC
1592328416:[PRESS ,0038]P   +164mbar,T+21614mdegC
1592328417:[PRESS ,0038]P   +184mbar,T+21614mdegC
1592328420:[PRESS ,0038]P   +184mbar,T+21616mdegC
1592328423:[PRESS ,0038]P   +224mbar,T+21618mdegC
1592328426:[PRESS ,0038]P   +224mbar,T+21619mdegC
1592328429:[PRESS ,0038]P   +254mbar,T+21621mdegC
1592328431:[PRESS ,0038]P   +264mbar,T+21621mdegC
1592328434:[PRESS ,0038]P   +274mbar,T+21623mdegC
1592328437:[PRESS ,0038]P   +294mbar,T+21625mdegC
1592328440:[PRESS ,0038]P   +314mbar,T+21626mdegC
1592328443:[PRESS ,0038]P   +334mbar,T+21628mdegC
1592328445:[PRESS ,0038]P   +354mbar,T+21630mdegC
1592328448:[PRESS ,0038]P   +374mbar,T+21632mdegC
1592328451:[PRESS ,0038]P   +394mbar,T+21634mdegC
1592328454:[PRESS ,0038]P   +414mbar,T+21637mdegC
1592328457:[PRESS ,0038]P   +434mbar,T+21638mdegC
1592328459:[PRESS ,0038]P   +444mbar,T+21640mdegC
1592328462:[PRESS ,0038]P   +464mbar,T+21641mdegC
1592328465:[PRESS ,0038]P   +464mbar,T+21643mdegC
1592328468:[PRESS ,0038]P   +484mbar,T+21644mdegC
1592328471:[PRESS ,0038]P   +494mbar,T+21645mdegC
1592328473:[PRESS ,0038]P   +514mbar,T+21647mdegC
1592328475:[PRESS ,0038]P   +514mbar,T+21647mdegC
1592328475:[DIVING,0028]514mbar reached (+6mbar/s), 8 bypass done
1592328476:[MAIN  ,0056]stage[0]
1592328478:[MAIN  ,0024]internal pressure 81909Pa
1592328479:[PRESS ,0038]P   +534mbar,T+21647mdegC
1592328479:[BUOY  ,0037]P   +534mbar
1592328479:[STAGE ,0080]Stage [0] 5000mbar (+/-500mbar) 1800s (<1592330275s) 
1592328481:[PRESS ,0038]P   +534mbar,T+21647mdegC
1592328541:[PRESS ,0038]P   +734mbar,T+21674mdegC
1592328543:[PRESS ,0038]P   +744mbar,T+21674mdegC
1592328545:[PRESS ,0038]P   +744mbar,T+21674mdegC
1592328547:[PRESS ,0038]P   +754mbar,T+21675mdegC
1592328549:[PRESS ,0038]P   +764mbar,T+21675mdegC
1592328550:[PRESS ,0038]P   +764mbar,T+21676mdegC
1592328552:[PRESS ,0038]P   +764mbar,T+21677mdegC
1592328554:[PRESS ,0038]P   +774mbar,T+21677mdegC
1592328556:[PRESS ,0038]P   +764mbar,T+21678mdegC
1592328558:[PRESS ,0038]P   +774mbar,T+21678mdegC
1592328560:[PRESS ,0038]P   +784mbar,T+21679mdegC
1592328561:[PRESS ,0038]P   +784mbar,T+21680mdegC
1592328563:[PRESS ,0038]P   +774mbar,T+21680mdegC
1592328565:[PRESS ,0038]P   +794mbar,T+21680mdegC
1592328567:[PRESS ,0038]P   +804mbar,T+21680mdegC
1592328567:[BUOY  ,0087]from +2mbar/s to +4mbar/s
1592328567:[BUOY  ,0090]need to transfer -20mL (valve during 9107ms)
1592328567:[VALVE ,0034]valve opening 9107ms
1592328628:[PRESS ,0038]P  +1174mbar,T+21690mdegC
1592328629:[PRESS ,0038]P  +1184mbar,T+21688mdegC
1592328631:[PRESS ,0038]P  +1194mbar,T+21689mdegC
1592328633:[PRESS ,0038]P  +1214mbar,T+21688mdegC
1592328635:[PRESS ,0038]P  +1224mbar,T+21688mdegC
1592328637:[PRESS ,0038]P  +1234mbar,T+21688mdegC
1592328638:[PRESS ,0038]P  +1244mbar,T+21688mdegC
1592328640:[PRESS ,0038]P  +1264mbar,T+21688mdegC
1592328642:[PRESS ,0038]P  +1274mbar,T+21688mdegC
1592328644:[PRESS ,0038]P  +1274mbar,T+21688mdegC
1592328646:[PRESS ,0038]P  +1294mbar,T+21687mdegC
1592328647:[PRESS ,0038]P  +1294mbar,T+21686mdegC
1592328649:[PRESS ,0038]P  +1324mbar,T+21686mdegC
1592328651:[PRESS ,0038]P  +1324mbar,T+21686mdegC
1592328653:[PRESS ,0038]P  +1344mbar,T+21684mdegC
1592328713:[PRESS ,0038]P  +1704mbar,T+21667mdegC
1592328715:[PRESS ,0038]P  +1724mbar,T+21665mdegC
1592328717:[PRESS ,0038]P  +1724mbar,T+21665mdegC
1592328719:[PRESS ,0038]P  +1754mbar,T+21664mdegC
1592328721:[PRESS ,0038]P  +1764mbar,T+21664mdegC
1592328723:[PRESS ,0038]P  +1774mbar,T+21663mdegC
1592328724:[PRESS ,0038]P  +1784mbar,T+21661mdegC
1592328726:[PRESS ,0038]P  +1794mbar,T+21660mdegC
1592328728:[PRESS ,0038]P  +1804mbar,T+21659mdegC
1592328730:[PRESS ,0038]P  +1804mbar,T+21657mdegC
1592328732:[PRESS ,0038]P  +1824mbar,T+21657mdegC
1592328733:[PRESS ,0038]P  +1834mbar,T+21656mdegC
1592328735:[PRESS ,0038]P  +1844mbar,T+21655mdegC
1592328737:[PRESS ,0038]P  +1854mbar,T+21654mdegC
1592328739:[PRESS ,0038]P  +1864mbar,T+21653mdegC
1592328799:[PRESS ,0038]P  +2264mbar,T+21593mdegC
1592328801:[PRESS ,0038]P  +2264mbar,T+21591mdegC
1592328803:[PRESS ,0038]P  +2274mbar,T+21591mdegC
1592328805:[PRESS ,0038]P  +2294mbar,T+21587mdegC
1592328807:[PRESS ,0038]P  +2304mbar,T+21585mdegC
1592328808:[PRESS ,0038]P  +2314mbar,T+21583mdegC
1592328810:[PRESS ,0038]P  +2324mbar,T+21581mdegC
1592328812:[PRESS ,0038]P  +2344mbar,T+21578mdegC
1592328814:[PRESS ,0038]P  +2344mbar,T+21576mdegC
1592328816:[PRESS ,0038]P  +2344mbar,T+21574mdegC
1592328818:[PRESS ,0038]P  +2364mbar,T+21571mdegC
1592328819:[PRESS ,0038]P  +2374mbar,T+21568mdegC
1592328821:[PRESS ,0038]P  +2394mbar,T+21566mdegC
1592328823:[PRESS ,0038]P  +2394mbar,T+21564mdegC
1592328825:[PRESS ,0038]P  +2404mbar,T+21562mdegC
1592328885:[PRESS ,0038]P  +2784mbar,T+21475mdegC
1592328887:[PRESS ,0038]P  +2784mbar,T+21472mdegC
1592328889:[PRESS ,0038]P  +2794mbar,T+21469mdegC
1592328891:[PRESS ,0038]P  +2814mbar,T+21465mdegC
1592328893:[PRESS ,0038]P  +2814mbar,T+21462mdegC
1592328894:[PRESS ,0038]P  +2814mbar,T+21459mdegC
1592328896:[PRESS ,0038]P  +2834mbar,T+21455mdegC
1592328898:[PRESS ,0038]P  +2854mbar,T+21454mdegC
1592328900:[PRESS ,0038]P  +2854mbar,T+21451mdegC
1592328902:[PRESS ,0038]P  +2854mbar,T+21449mdegC
1592328903:[PRESS ,0038]P  +2874mbar,T+21445mdegC
1592328905:[PRESS ,0038]P  +2874mbar,T+21442mdegC
1592328907:[PRESS ,0038]P  +2894mbar,T+21439mdegC
1592328909:[PRESS ,0038]P  +2894mbar,T+21436mdegC
1592328911:[PRESS ,0038]P  +2914mbar,T+21434mdegC
1592328971:[PRESS ,0038]P  +3184mbar,T+21327mdegC
1592328973:[PRESS ,0038]P  +3194mbar,T+21324mdegC
1592328975:[PRESS ,0038]P  +3194mbar,T+21320mdegC
1592328977:[PRESS ,0038]P  +3204mbar,T+21317mdegC
1592328979:[PRESS ,0038]P  +3204mbar,T+21313mdegC
1592328980:[PRESS ,0038]P  +3214mbar,T+21310mdegC
1592328982:[PRESS ,0038]P  +3214mbar,T+21307mdegC
1592328984:[PRESS ,0038]P  +3214mbar,T+21303mdegC
1592328986:[PRESS ,0038]P  +3234mbar,T+21300mdegC
1592328988:[PRESS ,0038]P  +3224mbar,T+21296mdegC
1592328989:[PRESS ,0038]P  +3224mbar,T+21292mdegC
1592328991:[PRESS ,0038]P  +3234mbar,T+21288mdegC
1592328993:[PRESS ,0038]P  +3244mbar,T+21284mdegC
1592328995:[PRESS ,0038]P  +3244mbar,T+21281mdegC
1592328997:[PRESS ,0038]P  +3254mbar,T+21276mdegC
1592328997:[BUOY  ,0087]from +2mbar/s to +4mbar/s
1592328997:[BUOY  ,0090]need to transfer -20mL (valve during 4474ms)
1592328997:[VALVE ,0034]valve opening 4474ms
1592329057:[PRESS ,0038]P  +3424mbar,T+21116mdegC
1592329059:[PRESS ,0038]P  +3424mbar,T+21112mdegC
1592329061:[PRESS ,0038]P  +3424mbar,T+21106mdegC
1592329063:[PRESS ,0038]P  +3424mbar,T+21100mdegC
1592329065:[PRESS ,0038]P  +3424mbar,T+21096mdegC
1592329067:[PRESS ,0038]P  +3444mbar,T+21091mdegC
1592329068:[PRESS ,0038]P  +3444mbar,T+21084mdegC
1592329070:[PRESS ,0038]P  +3444mbar,T+21079mdegC
1592329072:[PRESS ,0038]P  +3444mbar,T+21073mdegC
1592329074:[PRESS ,0038]P  +3454mbar,T+21068mdegC
1592329076:[PRESS ,0038]P  +3464mbar,T+21063mdegC
1592329077:[PRESS ,0038]P  +3464mbar,T+21057mdegC
1592329079:[PRESS ,0038]P  +3464mbar,T+21051mdegC
1592329081:[PRESS ,0038]P  +3464mbar,T+21045mdegC
1592329083:[PRESS ,0038]P  +3474mbar,T+21039mdegC
1592329083:[BUOY  ,0087]from +2mbar/s to +4mbar/s
1592329083:[BUOY  ,0090]need to transfer -20mL (valve during 4397ms)
1592329083:[VALVE ,0034]valve opening 4397ms
1592329144:[PRESS ,0038]P  +3734mbar,T+20811mdegC
1592329145:[PRESS ,0038]P  +3734mbar,T+20804mdegC
1592329147:[PRESS ,0038]P  +3754mbar,T+20796mdegC
1592329149:[PRESS ,0038]P  +3754mbar,T+20789mdegC
1592329151:[PRESS ,0038]P  +3764mbar,T+20782mdegC
1592329153:[PRESS ,0038]P  +3764mbar,T+20775mdegC
1592329154:[PRESS ,0038]P  +3774mbar,T+20767mdegC
1592329156:[PRESS ,0038]P  +3774mbar,T+20760mdegC
1592329158:[PRESS ,0038]P  +3784mbar,T+20753mdegC
1592329160:[PRESS ,0038]P  +3794mbar,T+20745mdegC
1592329162:[PRESS ,0038]P  +3804mbar,T+20738mdegC
1592329163:[PRESS ,0038]P  +3814mbar,T+20731mdegC
1592329165:[PRESS ,0038]P  +3804mbar,T+20723mdegC
1592329167:[PRESS ,0038]P  +3814mbar,T+20715mdegC
1592329169:[PRESS ,0038]P  +3824mbar,T+20708mdegC
1592329230:[PRESS ,0038]P  +4014mbar,T+20430mdegC
1592329231:[PRESS ,0038]P  +4024mbar,T+20421mdegC
1592329233:[PRESS ,0038]P  +4034mbar,T+20412mdegC
1592329235:[PRESS ,0038]P  +4044mbar,T+20403mdegC
1592329237:[PRESS ,0038]P  +4044mbar,T+20394mdegC
1592329239:[PRESS ,0038]P  +4044mbar,T+20385mdegC
1592329240:[PRESS ,0038]P  +4054mbar,T+20376mdegC
1592329242:[PRESS ,0038]P  +4074mbar,T+20366mdegC
1592329244:[PRESS ,0038]P  +4074mbar,T+20357mdegC
1592329246:[PRESS ,0038]P  +4094mbar,T+20348mdegC
1592329248:[PRESS ,0038]P  +4084mbar,T+20339mdegC
1592329249:[PRESS ,0038]P  +4094mbar,T+20330mdegC
1592329251:[PRESS ,0038]P  +4114mbar,T+20320mdegC
1592329253:[PRESS ,0038]P  +4124mbar,T+20310mdegC
1592329255:[PRESS ,0038]P  +4114mbar,T+20301mdegC
1592329316:[PRESS ,0038]P  +4344mbar,T+19974mdegC
1592329317:[PRESS ,0038]P  +4344mbar,T+19964mdegC
1592329319:[PRESS ,0038]P  +4354mbar,T+19954mdegC
1592329321:[PRESS ,0038]P  +4364mbar,T+19944mdegC
1592329323:[PRESS ,0038]P  +4374mbar,T+19933mdegC
1592329325:[PRESS ,0038]P  +4384mbar,T+19923mdegC
1592329326:[PRESS ,0038]P  +4384mbar,T+19913mdegC
1592329328:[PRESS ,0038]P  +4394mbar,T+19903mdegC
1592329330:[PRESS ,0038]P  +4404mbar,T+19892mdegC
1592329332:[PRESS ,0038]P  +4414mbar,T+19882mdegC
1592329334:[PRESS ,0038]P  +4414mbar,T+19872mdegC
1592329335:[PRESS ,0038]P  +4424mbar,T+19861mdegC
1592329337:[PRESS ,0038]P  +4434mbar,T+19851mdegC
1592329339:[PRESS ,0038]P  +4444mbar,T+19841mdegC
1592329341:[PRESS ,0038]P  +4454mbar,T+19832mdegC
1592329401:[PRESS ,0038]P  +4694mbar,T+19487mdegC
1592329403:[PRESS ,0038]P  +4694mbar,T+19478mdegC
1592329405:[PRESS ,0038]P  +4704mbar,T+19467mdegC
1592329407:[PRESS ,0038]P  +4724mbar,T+19456mdegC
1592329409:[PRESS ,0038]P  +4724mbar,T+19447mdegC
1592329411:[PRESS ,0038]P  +4724mbar,T+19436mdegC
1592329412:[PRESS ,0038]P  +4734mbar,T+19426mdegC
1592329414:[PRESS ,0038]P  +4744mbar,T+19417mdegC
1592329416:[PRESS ,0038]P  +4744mbar,T+19407mdegC
1592329418:[PRESS ,0038]P  +4754mbar,T+19396mdegC
1592329420:[PRESS ,0038]P  +4764mbar,T+19385mdegC
1592329421:[PRESS ,0038]P  +4764mbar,T+19376mdegC
1592329423:[PRESS ,0038]P  +4774mbar,T+19365mdegC
1592329425:[PRESS ,0038]P  +4784mbar,T+19355mdegC
1592329427:[PRESS ,0038]P  +4784mbar,T+19345mdegC
1592329427:[STAGE ,0213]4784mbar reached at 1592329427s, ref 5000mbar +/-500mbar
1592329427:[BUOY  ,0087]from +4mbar/s to +0mbar/s
1592329427:[BUOY  ,0089]need to transfer +26mL (pump during 31705ms)
1592329435:[PUMP  ,0016]pump during 31705ms
1592329491:[PRESS ,0038]P  +4974mbar,T+19050mdegC
1592329492:[PRESS ,0038]P  +4984mbar,T+19043mdegC
1592329494:[PRESS ,0038]P  +4994mbar,T+19034mdegC
1592329496:[PRESS ,0038]P  +4984mbar,T+19026mdegC
1592329498:[PRESS ,0038]P  +4994mbar,T+19017mdegC
1592329500:[PRESS ,0038]P  +5004mbar,T+19010mdegC
1592329502:[PRESS ,0038]P  +5004mbar,T+19002mdegC
1592329503:[PRESS ,0038]P  +5004mbar,T+18994mdegC
1592329505:[PRESS ,0038]P  +5014mbar,T+18986mdegC
1592329507:[PRESS ,0038]P  +5014mbar,T+18977mdegC
1592329509:[PRESS ,0038]P  +5024mbar,T+18971mdegC
1592329511:[PRESS ,0038]P  +5034mbar,T+18962mdegC
1592329512:[PRESS ,0038]P  +5034mbar,T+18954mdegC
1592329514:[PRESS ,0038]P  +5034mbar,T+18945mdegC
1592329516:[PRESS ,0038]P  +5034mbar,T+18937mdegC
1592329516:[BUOY  ,0087]from +2mbar/s to +0mbar/s
1592329516:[BUOY  ,0089]need to transfer +6mL (pump during 7317ms)
1592329524:[PUMP  ,0016]pump during 7317ms
1592329580:[PRESS ,0038]P  +5154mbar,T+18654mdegC
1592329582:[PRESS ,0038]P  +5164mbar,T+18646mdegC
1592329583:[PRESS ,0038]P  +5164mbar,T+18638mdegC
1592329585:[PRESS ,0038]P  +5174mbar,T+18630mdegC
1592329587:[PRESS ,0038]P  +5174mbar,T+18621mdegC
1592329589:[PRESS ,0038]P  +5184mbar,T+18614mdegC
1592329591:[PRESS ,0038]P  +5174mbar,T+18605mdegC
1592329593:[PRESS ,0038]P  +5184mbar,T+18598mdegC
1592329594:[PRESS ,0038]P  +5184mbar,T+18589mdegC
1592329596:[PRESS ,0038]P  +5184mbar,T+18580mdegC
1592329598:[PRESS ,0038]P  +5194mbar,T+18573mdegC
1592329600:[PRESS ,0038]P  +5194mbar,T+18564mdegC
1592329602:[PRESS ,0038]P  +5194mbar,T+18556mdegC
1592329603:[PRESS ,0038]P  +5194mbar,T+18549mdegC
1592329605:[PRESS ,0038]P  +5194mbar,T+18540mdegC
1592329605:[BUOY  ,0087]from +2mbar/s to +0mbar/s
1592329605:[BUOY  ,0089]need to transfer +6mL (pump during 7317ms)
1592329613:[PUMP  ,0016]pump during 7317ms
1592329669:[PRESS ,0038]P  +5274mbar,T+18280mdegC
1592329671:[PRESS ,0038]P  +5264mbar,T+18273mdegC
1592329673:[PRESS ,0038]P  +5284mbar,T+18266mdegC
1592329674:[PRESS ,0038]P  +5284mbar,T+18258mdegC
1592329676:[PRESS ,0038]P  +5284mbar,T+18250mdegC
1592329678:[PRESS ,0038]P  +5284mbar,T+18244mdegC
1592329680:[PRESS ,0038]P  +5284mbar,T+18236mdegC
1592329682:[PRESS ,0038]P  +5284mbar,T+18228mdegC
1592329683:[PRESS ,0038]P  +5294mbar,T+18221mdegC
1592329685:[PRESS ,0038]P  +5294mbar,T+18215mdegC
1592329687:[PRESS ,0038]P  +5294mbar,T+18207mdegC
1592329689:[PRESS ,0038]P  +5294mbar,T+18200mdegC
1592329691:[PRESS ,0038]P  +5304mbar,T+18192mdegC
1592329693:[PRESS ,0038]P  +5304mbar,T+18184mdegC
1592329694:[PRESS ,0038]P  +5304mbar,T+18177mdegC
1592329694:[BUOY  ,0087]from +1mbar/s to +0mbar/s
1592329694:[BUOY  ,0089]need to transfer +2mL (pump during 2439ms)
1592329702:[PUMP  ,0016]pump during 2439ms
1592329758:[PRESS ,0038]P  +5424mbar,T+17940mdegC
1592329760:[PRESS ,0038]P  +5424mbar,T+17934mdegC
1592329762:[PRESS ,0038]P  +5414mbar,T+17928mdegC
1592329764:[PRESS ,0038]P  +5424mbar,T+17922mdegC
1592329765:[PRESS ,0038]P  +5424mbar,T+17915mdegC
1592329767:[PRESS ,0038]P  +5424mbar,T+17907mdegC
1592329769:[PRESS ,0038]P  +5434mbar,T+17903mdegC
1592329771:[PRESS ,0038]P  +5434mbar,T+17896mdegC
1592329773:[PRESS ,0038]P  +5424mbar,T+17890mdegC
1592329774:[PRESS ,0038]P  +5434mbar,T+17882mdegC
1592329776:[PRESS ,0038]P  +5444mbar,T+17876mdegC
1592329778:[PRESS ,0038]P  +5434mbar,T+17869mdegC
1592329780:[PRESS ,0038]P  +5454mbar,T+17863mdegC
1592329782:[PRESS ,0038]P  +5454mbar,T+17856mdegC
1592329783:[PRESS ,0038]P  +5454mbar,T+17850mdegC
1592329784:[BUOY  ,0087]from +1mbar/s to +0mbar/s
1592329784:[BUOY  ,0089]need to transfer +2mL (pump during 2437ms)
1592329792:[PUMP  ,0016]pump during 2437ms
1592329847:[PRESS ,0038]P  +5454mbar,T+17642mdegC
1592329849:[PRESS ,0038]P  +5454mbar,T+17636mdegC
1592329851:[PRESS ,0038]P  +5434mbar,T+17630mdegC
1592329853:[PRESS ,0038]P  +5444mbar,T+17625mdegC
1592329855:[PRESS ,0038]P  +5454mbar,T+17620mdegC
1592329856:[PRESS ,0038]P  +5454mbar,T+17614mdegC
1592329858:[PRESS ,0038]P  +5454mbar,T+17608mdegC
1592329860:[PRESS ,0038]P  +5464mbar,T+17603mdegC
1592329862:[PRESS ,0038]P  +5454mbar,T+17597mdegC
1592329864:[PRESS ,0038]P  +5464mbar,T+17591mdegC
1592329865:[PRESS ,0038]P  +5454mbar,T+17585mdegC
1592329867:[PRESS ,0038]P  +5454mbar,T+17579mdegC
1592329869:[PRESS ,0038]P  +5454mbar,T+17574mdegC
1592329871:[PRESS ,0038]P  +5464mbar,T+17567mdegC
1592329873:[PRESS ,0038]P  +5464mbar,T+17562mdegC
1592329873:[BUOY  ,0087]from +1mbar/s to +0mbar/s
1592329873:[BUOY  ,0089]need to transfer +2mL (pump during 2437ms)
1592329881:[PUMP  ,0016]pump during 2437ms
1592329937:[PRESS ,0038]P  +5484mbar,T+17380mdegC
1592329938:[PRESS ,0038]P  +5484mbar,T+17375mdegC
1592329940:[PRESS ,0038]P  +5484mbar,T+17370mdegC
1592329942:[PRESS ,0038]P  +5484mbar,T+17365mdegC
1592329944:[PRESS ,0038]P  +5484mbar,T+17360mdegC
1592329946:[PRESS ,0038]P  +5494mbar,T+17354mdegC
1592329947:[PRESS ,0038]P  +5504mbar,T+17350mdegC
1592329949:[PRESS ,0038]P  +5504mbar,T+17344mdegC
1592329951:[PRESS ,0038]P  +5514mbar,T+17340mdegC
1592329953:[PRESS ,0038]P  +5504mbar,T+17334mdegC
1592329955:[PRESS ,0038]P  +5514mbar,T+17329mdegC
1592329956:[PRESS ,0038]P  +5524mbar,T+17324mdegC
1592329958:[PRESS ,0038]P  +5514mbar,T+17319mdegC
1592329960:[PRESS ,0038]P  +5514mbar,T+17314mdegC
1592329962:[PRESS ,0038]P  +5524mbar,T+17309mdegC
1592329962:<WARN>[BUOY  ,0094]stage[0] should ASCENT, stuck at 5524mbar for the #1 time
1592329962:[BUOY  ,0087]from +2mbar/s to -3mbar/s
1592329962:[BUOY  ,0089]need to transfer +20mL (pump during 24367ms)
1592329970:[PUMP  ,0016]pump during 24367ms
1592330026:[PRESS ,0038]P  +5554mbar,T+17185mdegC
1592330028:[PRESS ,0038]P  +5544mbar,T+17183mdegC
1592330029:[PRESS ,0038]P  +5554mbar,T+17179mdegC
1592330031:[PRESS ,0038]P  +5554mbar,T+17175mdegC
1592330033:[PRESS ,0038]P  +5554mbar,T+17172mdegC
1592330035:[PRESS ,0038]P  +5554mbar,T+17169mdegC
1592330037:[PRESS ,0038]P  +5554mbar,T+17166mdegC
1592330038:[PRESS ,0038]P  +5564mbar,T+17162mdegC
1592330040:[PRESS ,0038]P  +5574mbar,T+17158mdegC
1592330042:[PRESS ,0038]P  +5554mbar,T+17154mdegC
1592330044:[PRESS ,0038]P  +5574mbar,T+17151mdegC
1592330046:[PRESS ,0038]P  +5574mbar,T+17146mdegC
1592330047:[PRESS ,0038]P  +5564mbar,T+17142mdegC
1592330049:[PRESS ,0038]P  +5574mbar,T+17138mdegC
1592330051:[PRESS ,0038]P  +5564mbar,T+17135mdegC
1592330051:<WARN>[BUOY  ,0094]stage[0] should ASCENT, stuck at 5564mbar for the #2 time
1592330051:[BUOY  ,0087]from +1mbar/s to -3mbar/s
1592330051:[BUOY  ,0089]need to transfer +16mL (pump during 19494ms)
1592330059:[PUMP  ,0016]pump during 19494ms
1592330115:[PRESS ,0038]P  +5564mbar,T+17028mdegC
1592330117:[PRESS ,0038]P  +5554mbar,T+17026mdegC
1592330119:[PRESS ,0038]P  +5564mbar,T+17023mdegC
1592330120:[PRESS ,0038]P  +5564mbar,T+17020mdegC
1592330122:[PRESS ,0038]P  +5564mbar,T+17016mdegC
1592330124:[PRESS ,0038]P  +5564mbar,T+17013mdegC
1592330126:[PRESS ,0038]P  +5564mbar,T+17010mdegC
1592330128:[PRESS ,0038]P  +5554mbar,T+17006mdegC
1592330129:[PRESS ,0038]P  +5564mbar,T+17002mdegC
1592330131:[PRESS ,0038]P  +5554mbar,T+17000mdegC
1592330133:[PRESS ,0038]P  +5554mbar,T+16995mdegC
1592330135:[PRESS ,0038]P  +5554mbar,T+16993mdegC
1592330137:[PRESS ,0038]P  +5564mbar,T+16989mdegC
1592330138:[PRESS ,0038]P  +5554mbar,T+16985mdegC
1592330140:[PRESS ,0038]P  +5554mbar,T+16982mdegC
1592330140:<WARN>[BUOY  ,0094]stage[0] should ASCENT, stuck at 5554mbar for the #3 time
1592330140:[BUOY  ,0087]from +0mbar/s to -3mbar/s
1592330140:[BUOY  ,0089]need to transfer +14mL (pump during 17057ms)
1592330148:[PUMP  ,0016]pump during 17057ms
1592330204:[PRESS ,0038]P  +5544mbar,T+16885mdegC
1592330206:[PRESS ,0038]P  +5534mbar,T+16882mdegC
1592330208:[PRESS ,0038]P  +5534mbar,T+16879mdegC
1592330210:[PRESS ,0038]P  +5524mbar,T+16876mdegC
1592330211:[PRESS ,0038]P  +5524mbar,T+16873mdegC
1592330213:[PRESS ,0038]P  +5524mbar,T+16870mdegC
1592330215:[PRESS ,0038]P  +5534mbar,T+16866mdegC
1592330217:[PRESS ,0038]P  +5524mbar,T+16863mdegC
1592330219:[PRESS ,0038]P  +5514mbar,T+16860mdegC
1592330220:[PRESS ,0038]P  +5524mbar,T+16857mdegC
1592330222:[PRESS ,0038]P  +5504mbar,T+16854mdegC
1592330224:[PRESS ,0038]P  +5504mbar,T+16850mdegC
1592330226:[PRESS ,0038]P  +5514mbar,T+16847mdegC
1592330228:[PRESS ,0038]P  +5514mbar,T+16844mdegC
1592330229:[PRESS ,0038]P  +5504mbar,T+16841mdegC
1592330229:[BUOY  ,0087]from -1mbar/s to -3mbar/s
1592330230:[BUOY  ,0089]need to transfer +12mL (pump during 14620ms)
1592330238:[PUMP  ,0016]pump during 14620ms
1592330293:[PRESS ,0038]P  +5444mbar,T+16752mdegC
1592330295:[PRESS ,0038]P  +5444mbar,T+16749mdegC
1592330297:[PRESS ,0038]P  +5454mbar,T+16747mdegC
1592330299:[PRESS ,0038]P  +5434mbar,T+16744mdegC
1592330301:[PRESS ,0038]P  +5444mbar,T+16741mdegC
1592330302:[PRESS ,0038]P  +5444mbar,T+16738mdegC
1592330304:[PRESS ,0038]P  +5424mbar,T+16735mdegC
1592330306:[PRESS ,0038]P  +5434mbar,T+16733mdegC
1592330308:[PRESS ,0038]P  +5424mbar,T+16730mdegC
1592330310:[PRESS ,0038]P  +5424mbar,T+16727mdegC
1592330311:[PRESS ,0038]P  +5424mbar,T+16724mdegC
1592330313:[PRESS ,0038]P  +5414mbar,T+16722mdegC
1592330315:[PRESS ,0038]P  +5424mbar,T+16718mdegC
1592330317:[PRESS ,0038]P  +5424mbar,T+16716mdegC
1592330319:[PRESS ,0038]P  +5434mbar,T+16713mdegC
1592330319:[MAIN  ,0140]stage[0] complete 1844s after mission start
1592330319:[MAIN  ,0056]stage[1]
1592330321:[MAIN  ,0024]internal pressure 81360Pa
1592330322:[MRMAID,0002]acq started
1592330332:[PRESS ,0038]P  +5414mbar,T+16689mdegC
1592330332:[BUOY  ,0037]P  +5414mbar
1592330332:[STAGE ,0080]Stage [1] 5000mbar (+/-500mbar) 7200s (<1592335675s) MERMAID
1592330334:[PRESS ,0038]P  +5414mbar,T+16686mdegC
1592330334:[STAGE ,0213]5414mbar reached at 1592330334s, ref 5000mbar +/-500mbar
1592330395:[PRESS ,0038]P  +5374mbar,T+16577mdegC
1592330455:[PRESS ,0038]P  +5374mbar,T+16475mdegC
1592330516:[PRESS ,0038]P  +5324mbar,T+16381mdegC
1592330577:[PRESS ,0038]P  +5304mbar,T+16295mdegC
1592330638:[PRESS ,0038]P  +5284mbar,T+16218mdegC
1592330698:[PRESS ,0038]P  +5244mbar,T+16147mdegC
1592330759:[PRESS ,0038]P  +5234mbar,T+16085mdegC
1592330820:[PRESS ,0038]P  +5194mbar,T+16029mdegC
1592330880:[PRESS ,0038]P  +5184mbar,T+15979mdegC
1592330941:[PRESS ,0038]P  +5154mbar,T+15934mdegC
1592331002:[PRESS ,0038]P  +5144mbar,T+15894mdegC
1592331062:[PRESS ,0038]P  +5124mbar,T+15857mdegC
1592331123:[PRESS ,0038]P  +5114mbar,T+15823mdegC
1592331184:[PRESS ,0038]P  +5084mbar,T+15791mdegC
1592331244:[PRESS ,0038]P  +5064mbar,T+15762mdegC
1592331305:[PRESS ,0038]P  +5044mbar,T+15733mdegC
1592331366:[PRESS ,0038]P  +4994mbar,T+15709mdegC
1592331426:[PRESS ,0038]P  +4964mbar,T+15684mdegC
1592331487:[PRESS ,0038]P  +4974mbar,T+15662mdegC
1592331548:[PRESS ,0038]P  +4954mbar,T+15642mdegC
1592331608:[PRESS ,0038]P  +4934mbar,T+15623mdegC
1592331669:[PRESS ,0038]P  +4924mbar,T+15606mdegC
1592331730:[PRESS ,0038]P  +4924mbar,T+15588mdegC
1592331791:[PRESS ,0038]P  +4904mbar,T+15573mdegC
1592331851:[PRESS ,0038]P  +4914mbar,T+15559mdegC
1592331912:[PRESS ,0038]P  +4904mbar,T+15545mdegC
1592331973:[PRESS ,0038]P  +4884mbar,T+15532mdegC
1592332033:[PRESS ,0038]P  +4854mbar,T+15520mdegC
1592332094:[PRESS ,0038]P  +4864mbar,T+15508mdegC
1592332155:[PRESS ,0038]P  +4864mbar,T+15498mdegC
1592332215:[PRESS ,0038]P  +4874mbar,T+15487mdegC
1592332276:[PRESS ,0038]P  +4874mbar,T+15477mdegC
1592332337:[PRESS ,0038]P  +4874mbar,T+15470mdegC
1592332397:[PRESS ,0038]P  +4814mbar,T+15461mdegC
1592332458:[PRESS ,0038]P  +4834mbar,T+15455mdegC
1592332519:[PRESS ,0038]P  +4834mbar,T+15450mdegC
1592332579:[PRESS ,0038]P  +4824mbar,T+15445mdegC
1592332640:[PRESS ,0038]P  +4824mbar,T+15441mdegC
1592332701:[PRESS ,0038]P  +4814mbar,T+15437mdegC
1592332761:[PRESS ,0038]P  +4824mbar,T+15433mdegC
1592332822:[PRESS ,0038]P  +4794mbar,T+15430mdegC
1592332883:[PRESS ,0038]P  +4784mbar,T+15427mdegC
1592332944:[PRESS ,0038]P  +4784mbar,T+15423mdegC
1592333004:[PRESS ,0038]P  +4794mbar,T+15420mdegC
1592333065:[PRESS ,0038]P  +4784mbar,T+15418mdegC
1592333126:[PRESS ,0038]P  +4784mbar,T+15414mdegC
1592333186:[PRESS ,0038]P  +4794mbar,T+15413mdegC
1592333247:[PRESS ,0038]P  +4774mbar,T+15409mdegC
1592333308:[PRESS ,0038]P  +4744mbar,T+15408mdegC
1592333368:[PRESS ,0038]P  +4714mbar,T+15405mdegC
1592333429:[PRESS ,0038]P  +4704mbar,T+15405mdegC
1592333490:[PRESS ,0038]P  +4664mbar,T+15404mdegC
1592333550:[PRESS ,0038]P  +4684mbar,T+15408mdegC
1592333611:[PRESS ,0038]P  +4674mbar,T+15412mdegC
1592333672:[PRESS ,0038]P  +4684mbar,T+15419mdegC
1592333732:[PRESS ,0038]P  +4664mbar,T+15430mdegC
1592333793:[PRESS ,0038]P  +4644mbar,T+15444mdegC
1592333854:[PRESS ,0038]P  +4634mbar,T+15460mdegC
1592333914:[PRESS ,0038]P  +4604mbar,T+15476mdegC
1592333975:[PRESS ,0038]P  +4624mbar,T+15492mdegC
1592334033:[MRMAID,0027]46dbar, 15degC
1592334036:[PRESS ,0038]P  +4634mbar,T+15508mdegC
1592334097:[PRESS ,0038]P  +4624mbar,T+15525mdegC
1592334157:[PRESS ,0038]P  +4594mbar,T+15546mdegC
1592334197:[MRMAID,0005]ascent request rejected
1592334218:[PRESS ,0038]P  +4594mbar,T+15570mdegC
1592334279:[PRESS ,0038]P  +4614mbar,T+15595mdegC
1592334339:[PRESS ,0038]P  +4614mbar,T+15623mdegC
1592334400:[PRESS ,0038]P  +4614mbar,T+15650mdegC
1592334461:[PRESS ,0038]P  +4614mbar,T+15674mdegC
1592334521:[PRESS ,0038]P  +4624mbar,T+15695mdegC
1592334582:[PRESS ,0038]P  +4654mbar,T+15711mdegC
1592334643:[PRESS ,0038]P  +4684mbar,T+15726mdegC
1592334703:[PRESS ,0038]P  +4684mbar,T+15744mdegC
1592334764:[PRESS ,0038]P  +4674mbar,T+15765mdegC
1592334825:[PRESS ,0038]P  +4674mbar,T+15787mdegC
1592334885:[PRESS ,0038]P  +4664mbar,T+15807mdegC
1592334946:[PRESS ,0038]P  +4664mbar,T+15826mdegC
1592335007:[PRESS ,0038]P  +4664mbar,T+15841mdegC
1592335067:[PRESS ,0038]P  +4674mbar,T+15854mdegC
1592335128:[PRESS ,0038]P  +4644mbar,T+15870mdegC
1592335189:[PRESS ,0038]P  +4664mbar,T+15885mdegC
1592335250:[PRESS ,0038]P  +4664mbar,T+15898mdegC
1592335310:[PRESS ,0038]P  +4694mbar,T+15910mdegC
1592335371:[PRESS ,0038]P  +4684mbar,T+15922mdegC
1592335432:[PRESS ,0038]P  +4694mbar,T+15934mdegC
1592335492:[PRESS ,0038]P  +4694mbar,T+15944mdegC
1592335553:[PRESS ,0038]P  +4694mbar,T+15953mdegC
1592335614:[PRESS ,0038]P  +4664mbar,T+15960mdegC
1592335674:[PRESS ,0038]P  +4634mbar,T+15968mdegC
1592335735:[PRESS ,0038]P  +4624mbar,T+15976mdegC
1592335735:[MAIN  ,0140]stage[1] complete 7260s after mission start
1592335735:[MRMAID,0003]acq stopped
1592335735:[MRMAID,0052]Mermaid $MEASFS,214489,5360.348633,40.014002;
1592335795:[MAIN  ,0056]stage[2]
1592335798:[MAIN  ,0024]internal pressure 80954Pa
1592335803:[SBE41 ,0282]SBE41 parameters : 
      dsreplyformat=1 (webb(0)/standard(1))
      addtimingdelays=0 (n(0)/y(1))
      outputdensity=0 (n(0)/y(1))
      echocmd=0 (n(0)/y(1))
      outputrt=0 (n(0)/y(1))
      outputpts=0 (n(0)/y(1))
      outputsn=0 (n(0)/y(1))
      outputpressure=1 (n(0)/y(1))
      pcutoff=2dbar
      tswait=0s
      pumpfastpt=1 (n(0)/y(1))
      samplerate=1 ('fast':1Hz(1)/'slow':0.5Hz(0))
      top_bin_interval=10dbar
      top_bin_size=10dbar
      top_bin_max=100dbar
      middle_bin_interval=50dbar
      middle_bin_size=50dbar
      middle_bin_max=1000dbar
      bottom_bin_interval=100dbar
      bottom_bin_size=100dbar
      includetransitionbin=0
      includenbin=0 (n(0)/y(1))
      autobinavg=0 (n(0)/y(1))
1592335804:[PRESS ,0038]P  +4604mbar,T+15985mdegC
1592335804:[BUOY  ,0037]P  +4604mbar
1592335805:[STAGE ,0091]Stage [2] surfacing 3600s (<1592339275s) SBE41
1592335806:[PRESS ,0038]P  +4594mbar,T+15985mdegC
1592335806:<WARN>[BUOY  ,0094]stage[2] should ASCENT, stuck at 4594mbar for the #1 time
1592335806:[BUOY  ,0087]from +0mbar/s to -9mbar/s
1592335806:[BUOY  ,0089]need to transfer +130mL (pump during 157959ms)
1592335815:[PUMP  ,0016]pump during 60000ms
1592335878:[PRESS ,0038]P  +4484mbar,T+16014mdegC
1592335880:[PRESS ,0038]P  +4484mbar,T+16015mdegC
1592335882:[PRESS ,0038]P  +4464mbar,T+16017mdegC
1592335884:[PRESS ,0038]P  +4474mbar,T+16018mdegC
1592335885:[PRESS ,0038]P  +4464mbar,T+16020mdegC
1592335887:[PRESS ,0038]P  +4464mbar,T+16022mdegC
1592335889:[PRESS ,0038]P  +4454mbar,T+16022mdegC
1592335891:[PRESS ,0038]P  +4444mbar,T+16023mdegC
1592335893:[PRESS ,0038]P  +4444mbar,T+16025mdegC
1592335894:[PRESS ,0038]P  +4434mbar,T+16026mdegC
1592335896:[PRESS ,0038]P  +4424mbar,T+16027mdegC
1592335898:[PRESS ,0038]P  +4424mbar,T+16029mdegC
1592335900:[PRESS ,0038]P  +4404mbar,T+16029mdegC
1592335902:[PRESS ,0038]P  +4404mbar,T+16031mdegC
1592335904:[PRESS ,0038]P  +4394mbar,T+16032mdegC
1592335904:[BUOY  ,0087]from -4mbar/s to -9mbar/s
1592335904:[BUOY  ,0089]need to transfer +104mL (pump during 126367ms)
1592335904:[SBE41 ,0337]Speed start detected
1592335912:[PUMP  ,0016]pump during 60000ms
1592335975:[PRESS ,0038]P  +4044mbar,T+16083mdegC
1592335977:[PRESS ,0038]P  +4034mbar,T+16086mdegC
1592335979:[PRESS ,0038]P  +4024mbar,T+16087mdegC
1592335981:[PRESS ,0038]P  +4014mbar,T+16089mdegC
1592335983:[PRESS ,0038]P  +4004mbar,T+16092mdegC
1592335984:[PRESS ,0038]P  +3984mbar,T+16092mdegC
1592335986:[PRESS ,0038]P  +3974mbar,T+16094mdegC
1592335988:[PRESS ,0038]P  +3974mbar,T+16095mdegC
1592335990:[PRESS ,0038]P  +3954mbar,T+16098mdegC
1592335992:[PRESS ,0038]P  +3944mbar,T+16099mdegC
1592335993:[PRESS ,0038]P  +3934mbar,T+16100mdegC
1592335995:[PRESS ,0038]P  +3924mbar,T+16102mdegC
1592335997:[PRESS ,0038]P  +3914mbar,T+16103mdegC
1592335999:[PRESS ,0038]P  +3894mbar,T+16105mdegC
1592336001:[PRESS ,0038]P  +3894mbar,T+16106mdegC
1592336001:[BUOY  ,0087]from -6mbar/s to -9mbar/s
1592336001:[BUOY  ,0089]need to transfer +72mL (pump during 87485ms)
1592336009:[PUMP  ,0016]pump during 60000ms
1592336073:[PRESS ,0038]P  +3454mbar,T+16168mdegC
1592336074:[PRESS ,0038]P  +3444mbar,T+16170mdegC
1592336076:[PRESS ,0038]P  +3434mbar,T+16173mdegC
1592336078:[PRESS ,0038]P  +3424mbar,T+16174mdegC
1592336080:[PRESS ,0038]P  +3424mbar,T+16176mdegC
1592336082:[PRESS ,0038]P  +3404mbar,T+16178mdegC
1592336083:[PRESS ,0038]P  +3394mbar,T+16180mdegC
1592336085:[PRESS ,0038]P  +3384mbar,T+16182mdegC
1592336087:[PRESS ,0038]P  +3364mbar,T+16184mdegC
1592336089:[PRESS ,0038]P  +3364mbar,T+16186mdegC
1592336091:[PRESS ,0038]P  +3354mbar,T+16187mdegC
1592336092:[PRESS ,0038]P  +3334mbar,T+16190mdegC
1592336094:[PRESS ,0038]P  +3334mbar,T+16192mdegC
1592336096:[PRESS ,0038]P  +3324mbar,T+16193mdegC
1592336098:[PRESS ,0038]P  +3314mbar,T+16195mdegC
1592336098:[BUOY  ,0087]from -6mbar/s to -9mbar/s
1592336098:[BUOY  ,0089]need to transfer +72mL (pump during 87485ms)
1592336106:[PUMP  ,0016]pump during 60000ms
1592336170:[PRESS ,0038]P  +2954mbar,T+16275mdegC
1592336171:[PRESS ,0038]P  +2944mbar,T+16277mdegC
1592336173:[PRESS ,0038]P  +2944mbar,T+16279mdegC
1592336175:[PRESS ,0038]P  +2924mbar,T+16282mdegC
1592336177:[PRESS ,0038]P  +2904mbar,T+16285mdegC
1592336179:[PRESS ,0038]P  +2904mbar,T+16288mdegC
1592336181:[PRESS ,0038]P  +2894mbar,T+16290mdegC
1592336182:[PRESS ,0038]P  +2894mbar,T+16293mdegC
1592336184:[PRESS ,0038]P  +2884mbar,T+16296mdegC
1592336186:[PRESS ,0038]P  +2864mbar,T+16300mdegC
1592336188:[PRESS ,0038]P  +2864mbar,T+16302mdegC
1592336190:[PRESS ,0038]P  +2844mbar,T+16305mdegC
1592336191:[PRESS ,0038]P  +2834mbar,T+16307mdegC
1592336193:[PRESS ,0038]P  +2814mbar,T+16310mdegC
1592336195:[PRESS ,0038]P  +2804mbar,T+16313mdegC
1592336195:[BUOY  ,0087]from -6mbar/s to -9mbar/s
1592336195:[BUOY  ,0089]need to transfer +72mL (pump during 87485ms)
1592336203:[PUMP  ,0016]pump during 60000ms
1592336267:[PRESS ,0038]P  +2264mbar,T+16470mdegC
1592336269:[PRESS ,0038]P  +2244mbar,T+16476mdegC
1592336270:[PRESS ,0038]P  +2244mbar,T+16481mdegC
1592336272:[PRESS ,0038]P  +2214mbar,T+16485mdegC
1592336274:[PRESS ,0038]P  +2194mbar,T+16491mdegC
1592336276:[PRESS ,0038]P  +2184mbar,T+16495mdegC
1592336278:[PRESS ,0038]P  +2184mbar,T+16501mdegC
1592336279:[PRESS ,0038]P  +2144mbar,T+16507mdegC
1592336281:[PRESS ,0038]P  +2124mbar,T+16512mdegC
1592336283:[PRESS ,0038]P  +2114mbar,T+16517mdegC
1592336285:[PRESS ,0038]P  +2094mbar,T+16522mdegC
1592336287:[PRESS ,0038]P  +2064mbar,T+16529mdegC
1592336289:[PRESS ,0038]P  +2064mbar,T+16534mdegC
1592336291:[PRESS ,0038]P  +2044mbar,T+16539mdegC
1592336292:[PRESS ,0038]P  +2024mbar,T+16544mdegC
1592336293:[BUOY  ,0087]from -10mbar/s to -9mbar/s
1592336293:[BUOY  ,0090]need to transfer -30mL (valve during 8693ms)
1592336293:[VALVE ,0034]valve opening 8693ms
1592336353:[PRESS ,0038]P  +1544mbar,T+16762mdegC
1592336355:[PRESS ,0038]P  +1534mbar,T+16767mdegC
1592336357:[PRESS ,0038]P  +1514mbar,T+16774mdegC
1592336359:[PRESS ,0038]P  +1504mbar,T+16780mdegC
1592336361:[PRESS ,0038]P  +1484mbar,T+16786mdegC
1592336362:[PRESS ,0038]P  +1464mbar,T+16793mdegC
1592336364:[PRESS ,0038]P  +1444mbar,T+16799mdegC
1592336366:[PRESS ,0038]P  +1434mbar,T+16806mdegC
1592336368:[PRESS ,0038]P  +1434mbar,T+16812mdegC
1592336370:[PRESS ,0038]P  +1414mbar,T+16818mdegC
1592336371:[PRESS ,0038]P  +1404mbar,T+16825mdegC
1592336373:[PRESS ,0038]P  +1374mbar,T+16831mdegC
1592336375:[PRESS ,0038]P  +1374mbar,T+16837mdegC
1592336377:[PRESS ,0038]P  +1344mbar,T+16844mdegC
1592336379:[PRESS ,0038]P  +1334mbar,T+16851mdegC
1592336439:[PRESS ,0038]P   +884mbar,T+17073mdegC
1592336441:[PRESS ,0038]P   +864mbar,T+17080mdegC
1592336443:[PRESS ,0038]P   +854mbar,T+17088mdegC
1592336445:[PRESS ,0038]P   +854mbar,T+17093mdegC
1592336446:[PRESS ,0038]P   +834mbar,T+17101mdegC
1592336448:[PRESS ,0038]P   +824mbar,T+17108mdegC
1592336450:[PRESS ,0038]P   +814mbar,T+17115mdegC
1592336452:[PRESS ,0038]P   +804mbar,T+17121mdegC
1592336454:[PRESS ,0038]P   +794mbar,T+17127mdegC
1592336456:[PRESS ,0038]P   +774mbar,T+17134mdegC
1592336457:[PRESS ,0038]P   +764mbar,T+17142mdegC
1592336459:[PRESS ,0038]P   +754mbar,T+17149mdegC
1592336461:[PRESS ,0038]P   +734mbar,T+17155mdegC
1592336463:[PRESS ,0038]P   +724mbar,T+17162mdegC
1592336465:[PRESS ,0038]P   +704mbar,T+17168mdegC
1592336465:[BUOY  ,0087]from -7mbar/s to -9mbar/s
1592336465:[BUOY  ,0089]need to transfer +52mL (pump during 64838ms)
1592336473:[PUMP  ,0016]pump during 60000ms
1592336536:[PRESS ,0038]P   +264mbar,T+17425mdegC
1592336538:[PRESS ,0038]P   +254mbar,T+17431mdegC
1592336540:[PRESS ,0038]P   +234mbar,T+17437mdegC
1592336542:[PRESS ,0038]P   +224mbar,T+17444mdegC
1592336544:[PRESS ,0038]P   +214mbar,T+17450mdegC
1592336545:[PRESS ,0038]P   +204mbar,T+17456mdegC
1592336547:[PRESS ,0038]P   +204mbar,T+17462mdegC
1592336549:[PRESS ,0038]P   +184mbar,T+17467mdegC
1592336551:[PRESS ,0038]P   +174mbar,T+17474mdegC
1592336553:[PRESS ,0038]P   +154mbar,T+17480mdegC
1592336554:[PRESS ,0038]P   +144mbar,T+17487mdegC
1592336556:[PRESS ,0038]P   +134mbar,T+17493mdegC
1592336558:[PRESS ,0038]P   +114mbar,T+17500mdegC
1592336560:[PRESS ,0038]P   +124mbar,T+17507mdegC
1592336562:[PRESS ,0038]P   +114mbar,T+17514mdegC
1592336562:[STAGE ,0214]114mbar (500) reached at 1592336562s, ascending from 4604mbar
1592336562:[STAGE ,0342]The float reached the surface : OK
1592336562:[MAIN  ,0140]stage[2] complete 8087s after mission start
1592336568:[SBE41 ,0343]SBE41 dump : 655 stored samples in hexa format
1592336592:[SBE41 ,0338]Dump finished
1592336592:[SBE41 ,0318]5895 bytes in 0051/5EE91DBC.S41
1592336592:[MRMAID,0188]acq already stopped
1592336653:[MSSION,0192]mission stopped, 3 stage(s) done
1592336653:[MAIN  ,0065]surfacing
1592336655:[PRESS ,0038]P   -106mbar,T+17895mdegC
1592336655:[SURFIN,0036]P   -106mbar
1592336656:[PRESS ,0038]P   -106mbar,T+17903mdegC
1592336658:[PRESS ,0038]P   -106mbar,T+17912mdegC
1592336658:[SURFIN,0020]filling external bladder
1592336666:[PUMP  ,0016]pump during 300000ms
1592336963:[SURFIN,0019]external bladder full
1592336965:[PRESS ,0038]P   +160mbar,T+19170mdegC
1592336966:[PRESS ,0038]P   +150mbar,T+19173mdegC
1592336968:[PRESS ,0038]P   +160mbar,T+19176mdegC
1592336970:[PRESS ,0038]P   +150mbar,T+19181mdegC
1592336972:[PRESS ,0038]P   +160mbar,T+19185mdegC
1592336974:[PRESS ,0038]P   +160mbar,T+19190mdegC
1592336975:[PRESS ,0038]P   +150mbar,T+19196mdegC
1592336977:[PRESS ,0038]P   +150mbar,T+19201mdegC
1592336979:[PRESS ,0038]P   +160mbar,T+19207mdegC
1592336981:[PRESS ,0038]P   +150mbar,T+19214mdegC
1592336983:[PRESS ,0038]P   +160mbar,T+19218mdegC
1592336984:[PRESS ,0038]P   +150mbar,T+19224mdegC
1592336986:[PRESS ,0038]P   +150mbar,T+19229mdegC
1592336988:[PRESS ,0038]P   +140mbar,T+19235mdegC
1592336990:[PRESS ,0038]P   +150mbar,T+19242mdegC
1592337025:[MAIN  ,0272]Vbat 14739mV (min 14493mV)
1592337027:[MAIN  ,0024]internal pressure 79520Pa
1592337027:[MAIN  ,0043]Pext 153mbar (rng 20mbar)
1592337027:[MAIN  ,0064]surface
1592337037:[SURF  ,0022]GPS fix...
1592337038:<WARN>[GPSFIX,0123]GPRMC ms=20 #1
1592337058:[SURF  ,0015]10 PPS detected...
1592337059:[MRMAID,0052]Mermaid $GPSACK:+0,+0,+0,+0,+1,-59,-999877;
1592337069:[MRMAID,0052]Mermaid $GPSOFF:3686320;
1592337070:[GPSFIX,0179]-1s diff
1592337071:[SURF  ,0222]2020-06-16T19:51:11
1592337071:[SURF  ,0082]Latitude : N43deg40.942mn, Longitude :E007deg19.175mn
1592337071:[SURF  ,0223]fix3D,8satellites
1592337071:[SURF  ,0084]GPS fix GPGSA : hdop0.870,vdop1.400
1592337081:[SURF  ,0274]last almanac : 2201470
1592337148:[MRMAID,0026]22344 bytes in 0051/5EE922BE.MER
1592337154:[MAIN  ,0320]New pressure offset: 153mbar
1592337154:[LOGBIN,0078]*** switching to 0051/5EE92302 ***
